# zsim stats
===
root: # Stats
 contention: # Contention simulation stats
  domain-0: # Domain stats
   time: 12439603364 # Weave simulation time
 time: # Simulator time breakdown
  init: 3055382748
  bound: 1075083533554
  weave: 20475495604
  ff: 3862553
 trigger: 20000 # Reason for this stats dump
 phase: 278054 # Simulated phases
 reqCycles: 0 # Requeue Cycles
 skylake: # Core stats
  skylake-0: # Core stats
   cycles: 278054376 # Simulated unhalted cycles
   cCycles: 1446573 # Cycles due to contention stalls
   instrs: 413042565 # Simulated instructions
   uops: 277420311 # issued micro-ops
   bbls: 137078984 # Basic blocks
   approxInstrs: 1044711 # Instrs with approx uop decoding
   mispredBranches: 151953 # Mispredicted branches
   IdqNotDelivered: 276607803 # Stalls no uop delivered when no Bkend Stall
   IntMiscRecoveryCycles: 1226796 # Stalls waiting machine clears
   uops executed: 278116437 # Executed microoperations
  skylake-1: # Core stats
   cycles: 278030114 # Simulated unhalted cycles
   cCycles: 1446586 # Cycles due to contention stalls
   instrs: 413041397 # Simulated instructions
   uops: 277419001 # issued micro-ops
   bbls: 137078767 # Basic blocks
   approxInstrs: 1044707 # Instrs with approx uop decoding
   mispredBranches: 151924 # Mispredicted branches
   IdqNotDelivered: 276583528 # Stalls no uop delivered when no Bkend Stall
   IntMiscRecoveryCycles: 1221624 # Stalls waiting machine clears
   uops executed: 278115115 # Executed microoperations
  skylake-2: # Core stats
   cycles: 278027523 # Simulated unhalted cycles
   cCycles: 1446585 # Cycles due to contention stalls
   instrs: 413039154 # Simulated instructions
   uops: 277417231 # issued micro-ops
   bbls: 137078093 # Basic blocks
   approxInstrs: 1044701 # Instrs with approx uop decoding
   mispredBranches: 151918 # Mispredicted branches
   IdqNotDelivered: 276580938 # Stalls no uop delivered when no Bkend Stall
   IntMiscRecoveryCycles: 1222689 # Stalls waiting machine clears
   uops executed: 278113410 # Executed microoperations
  skylake-3: # Core stats
   cycles: 278028717 # Simulated unhalted cycles
   cCycles: 1446584 # Cycles due to contention stalls
   instrs: 413041136 # Simulated instructions
   uops: 277418694 # issued micro-ops
   bbls: 137078711 # Basic blocks
   approxInstrs: 1044705 # Instrs with approx uop decoding
   mispredBranches: 151919 # Mispredicted branches
   IdqNotDelivered: 276582133 # Stalls no uop delivered when no Bkend Stall
   IntMiscRecoveryCycles: 1222175 # Stalls waiting machine clears
   uops executed: 278114814 # Executed microoperations
  skylake-4: # Core stats
   cycles: 278027377 # Simulated unhalted cycles
   cCycles: 1446586 # Cycles due to contention stalls
   instrs: 413041167 # Simulated instructions
   uops: 277418731 # issued micro-ops
   bbls: 137078720 # Basic blocks
   approxInstrs: 1044705 # Instrs with approx uop decoding
   mispredBranches: 151920 # Mispredicted branches
   IdqNotDelivered: 276580791 # Stalls no uop delivered when no Bkend Stall
   IntMiscRecoveryCycles: 1221972 # Stalls waiting machine clears
   uops executed: 278114845 # Executed microoperations
  skylake-5: # Core stats
   cycles: 278026012 # Simulated unhalted cycles
   cCycles: 1446584 # Cycles due to contention stalls
   instrs: 413040949 # Simulated instructions
   uops: 277418557 # issued micro-ops
   bbls: 137078650 # Basic blocks
   approxInstrs: 1044703 # Instrs with approx uop decoding
   mispredBranches: 151916 # Mispredicted branches
   IdqNotDelivered: 276579428 # Stalls no uop delivered when no Bkend Stall
   IntMiscRecoveryCycles: 1221121 # Stalls waiting machine clears
   uops executed: 278114691 # Executed microoperations
  skylake-6: # Core stats
   cycles: 278026016 # Simulated unhalted cycles
   cCycles: 1446596 # Cycles due to contention stalls
   instrs: 413040567 # Simulated instructions
   uops: 277418011 # issued micro-ops
   bbls: 137078586 # Basic blocks
   approxInstrs: 1044699 # Instrs with approx uop decoding
   mispredBranches: 151915 # Mispredicted branches
   IdqNotDelivered: 276579420 # Stalls no uop delivered when no Bkend Stall
   IntMiscRecoveryCycles: 1223612 # Stalls waiting machine clears
   uops executed: 278114105 # Executed microoperations
  skylake-7: # Core stats
   cycles: 278025226 # Simulated unhalted cycles
   cCycles: 1446576 # Cycles due to contention stalls
   instrs: 413040499 # Simulated instructions
   uops: 277417935 # issued micro-ops
   bbls: 137078575 # Basic blocks
   approxInstrs: 1044699 # Instrs with approx uop decoding
   mispredBranches: 151913 # Mispredicted branches
   IdqNotDelivered: 276578650 # Stalls no uop delivered when no Bkend Stall
   IntMiscRecoveryCycles: 1222000 # Stalls waiting machine clears
   uops executed: 278114059 # Executed microoperations
  skylake-8: # Core stats
   cycles: 278025002 # Simulated unhalted cycles
   cCycles: 1446566 # Cycles due to contention stalls
   instrs: 413039704 # Simulated instructions
   uops: 277417727 # issued micro-ops
   bbls: 137078235 # Basic blocks
   approxInstrs: 1044703 # Instrs with approx uop decoding
   mispredBranches: 151916 # Mispredicted branches
   IdqNotDelivered: 276578436 # Stalls no uop delivered when no Bkend Stall
   IntMiscRecoveryCycles: 1221232 # Stalls waiting machine clears
   uops executed: 278113861 # Executed microoperations
  skylake-9: # Core stats
   cycles: 278024707 # Simulated unhalted cycles
   cCycles: 1446568 # Cycles due to contention stalls
   instrs: 413040530 # Simulated instructions
   uops: 277417972 # issued micro-ops
   bbls: 137078584 # Basic blocks
   approxInstrs: 1044699 # Instrs with approx uop decoding
   mispredBranches: 151914 # Mispredicted branches
   IdqNotDelivered: 276578139 # Stalls no uop delivered when no Bkend Stall
   IntMiscRecoveryCycles: 1222186 # Stalls waiting machine clears
   uops executed: 278114090 # Executed microoperations
  skylake-10: # Core stats
   cycles: 278024715 # Simulated unhalted cycles
   cCycles: 1446568 # Cycles due to contention stalls
   instrs: 413040504 # Simulated instructions
   uops: 277417941 # issued micro-ops
   bbls: 137078576 # Basic blocks
   approxInstrs: 1044699 # Instrs with approx uop decoding
   mispredBranches: 151913 # Mispredicted branches
   IdqNotDelivered: 276578147 # Stalls no uop delivered when no Bkend Stall
   IntMiscRecoveryCycles: 1221998 # Stalls waiting machine clears
   uops executed: 278114066 # Executed microoperations
  skylake-11: # Core stats
   cycles: 278024012 # Simulated unhalted cycles
   cCycles: 1446574 # Cycles due to contention stalls
   instrs: 413041237 # Simulated instructions
   uops: 277418659 # issued micro-ops
   bbls: 137078723 # Basic blocks
   approxInstrs: 1044708 # Instrs with approx uop decoding
   mispredBranches: 151914 # Mispredicted branches
   IdqNotDelivered: 276577438 # Stalls no uop delivered when no Bkend Stall
   IntMiscRecoveryCycles: 1221490 # Stalls waiting machine clears
   uops executed: 278114892 # Executed microoperations
  skylake-12: # Core stats
   cycles: 278024039 # Simulated unhalted cycles
   cCycles: 1446566 # Cycles due to contention stalls
   instrs: 413040542 # Simulated instructions
   uops: 277417985 # issued micro-ops
   bbls: 137078585 # Basic blocks
   approxInstrs: 1044699 # Instrs with approx uop decoding
   mispredBranches: 151914 # Mispredicted branches
   IdqNotDelivered: 276577473 # Stalls no uop delivered when no Bkend Stall
   IntMiscRecoveryCycles: 1222241 # Stalls waiting machine clears
   uops executed: 278114105 # Executed microoperations
  skylake-13: # Core stats
   cycles: 278024020 # Simulated unhalted cycles
   cCycles: 1446587 # Cycles due to contention stalls
   instrs: 413040573 # Simulated instructions
   uops: 277418017 # issued micro-ops
   bbls: 137078587 # Basic blocks
   approxInstrs: 1044699 # Instrs with approx uop decoding
   mispredBranches: 151915 # Mispredicted branches
   IdqNotDelivered: 276577433 # Stalls no uop delivered when no Bkend Stall
   IntMiscRecoveryCycles: 1222296 # Stalls waiting machine clears
   uops executed: 278114112 # Executed microoperations
  skylake-14: # Core stats
   cycles: 278023013 # Simulated unhalted cycles
   cCycles: 1446577 # Cycles due to contention stalls
   instrs: 413040527 # Simulated instructions
   uops: 277417968 # issued micro-ops
   bbls: 137078583 # Basic blocks
   approxInstrs: 1044699 # Instrs with approx uop decoding
   mispredBranches: 151914 # Mispredicted branches
   IdqNotDelivered: 276576436 # Stalls no uop delivered when no Bkend Stall
   IntMiscRecoveryCycles: 1221789 # Stalls waiting machine clears
   uops executed: 278114086 # Executed microoperations
  skylake-15: # Core stats
   cycles: 278023442 # Simulated unhalted cycles
   cCycles: 1446579 # Cycles due to contention stalls
   instrs: 413040573 # Simulated instructions
   uops: 277418017 # issued micro-ops
   bbls: 137078587 # Basic blocks
   approxInstrs: 1044699 # Instrs with approx uop decoding
   mispredBranches: 151915 # Mispredicted branches
   IdqNotDelivered: 276576863 # Stalls no uop delivered when no Bkend Stall
   IntMiscRecoveryCycles: 1221883 # Stalls waiting machine clears
   uops executed: 278114112 # Executed microoperations
  skylake-16: # Core stats
   cycles: 278023050 # Simulated unhalted cycles
   cCycles: 1446568 # Cycles due to contention stalls
   instrs: 413040542 # Simulated instructions
   uops: 277417985 # issued micro-ops
   bbls: 137078585 # Basic blocks
   approxInstrs: 1044699 # Instrs with approx uop decoding
   mispredBranches: 151914 # Mispredicted branches
   IdqNotDelivered: 276576482 # Stalls no uop delivered when no Bkend Stall
   IntMiscRecoveryCycles: 1221684 # Stalls waiting machine clears
   uops executed: 278114105 # Executed microoperations
  skylake-17: # Core stats
   cycles: 278023022 # Simulated unhalted cycles
   cCycles: 1446572 # Cycles due to contention stalls
   instrs: 413040530 # Simulated instructions
   uops: 277417972 # issued micro-ops
   bbls: 137078584 # Basic blocks
   approxInstrs: 1044699 # Instrs with approx uop decoding
   mispredBranches: 151914 # Mispredicted branches
   IdqNotDelivered: 276576450 # Stalls no uop delivered when no Bkend Stall
   IntMiscRecoveryCycles: 1221836 # Stalls waiting machine clears
   uops executed: 278114090 # Executed microoperations
  skylake-18: # Core stats
   cycles: 278022025 # Simulated unhalted cycles
   cCycles: 1446577 # Cycles due to contention stalls
   instrs: 413040498 # Simulated instructions
   uops: 277417934 # issued micro-ops
   bbls: 137078574 # Basic blocks
   approxInstrs: 1044699 # Instrs with approx uop decoding
   mispredBranches: 151913 # Mispredicted branches
   IdqNotDelivered: 276575448 # Stalls no uop delivered when no Bkend Stall
   IntMiscRecoveryCycles: 1221407 # Stalls waiting machine clears
   uops executed: 278114058 # Executed microoperations
  skylake-19: # Core stats
   cycles: 278022011 # Simulated unhalted cycles
   cCycles: 1446578 # Cycles due to contention stalls
   instrs: 413039829 # Simulated instructions
   uops: 277417476 # issued micro-ops
   bbls: 137078353 # Basic blocks
   approxInstrs: 1044697 # Instrs with approx uop decoding
   mispredBranches: 151910 # Mispredicted branches
   IdqNotDelivered: 276575433 # Stalls no uop delivered when no Bkend Stall
   IntMiscRecoveryCycles: 1221579 # Stalls waiting machine clears
   uops executed: 278113614 # Executed microoperations
  skylake-20: # Core stats
   cycles: 278022001 # Simulated unhalted cycles
   cCycles: 1446575 # Cycles due to contention stalls
   instrs: 413021496 # Simulated instructions
   uops: 277406634 # issued micro-ops
   bbls: 137071732 # Basic blocks
   approxInstrs: 1044647 # Instrs with approx uop decoding
   mispredBranches: 151987 # Mispredicted branches
   IdqNotDelivered: 276575426 # Stalls no uop delivered when no Bkend Stall
   IntMiscRecoveryCycles: 1224222 # Stalls waiting machine clears
   uops executed: 278102821 # Executed microoperations
  skylake-21: # Core stats
   cycles: 278022012 # Simulated unhalted cycles
   cCycles: 1446576 # Cycles due to contention stalls
   instrs: 413040102 # Simulated instructions
   uops: 277417658 # issued micro-ops
   bbls: 137078444 # Basic blocks
   approxInstrs: 1044697 # Instrs with approx uop decoding
   mispredBranches: 151910 # Mispredicted branches
   IdqNotDelivered: 276575436 # Stalls no uop delivered when no Bkend Stall
   IntMiscRecoveryCycles: 1221579 # Stalls waiting machine clears
   uops executed: 278113796 # Executed microoperations
  skylake-22: # Core stats
   cycles: 278020703 # Simulated unhalted cycles
   cCycles: 1446577 # Cycles due to contention stalls
   instrs: 413037420 # Simulated instructions
   uops: 277415899 # issued micro-ops
   bbls: 137077550 # Basic blocks
   approxInstrs: 1044691 # Instrs with approx uop decoding
   mispredBranches: 151907 # Mispredicted branches
   IdqNotDelivered: 276574126 # Stalls no uop delivered when no Bkend Stall
   IntMiscRecoveryCycles: 1221277 # Stalls waiting machine clears
   uops executed: 278112055 # Executed microoperations
  skylake-23: # Core stats
   cycles: 0 # Simulated unhalted cycles
   cCycles: 0 # Cycles due to contention stalls
   instrs: 0 # Simulated instructions
   uops: 0 # issued micro-ops
   bbls: 0 # Basic blocks
   approxInstrs: 0 # Instrs with approx uop decoding
   mispredBranches: 0 # Mispredicted branches
   IdqNotDelivered: 0 # Stalls no uop delivered when no Bkend Stall
   IntMiscRecoveryCycles: 0 # Stalls waiting machine clears
   uops executed: 0 # Executed microoperations
 l1d: # Cache stats
  l1d-0: # Filter cache stats
   fhGETS: 960444 # Filtered GETS hits
   fhGETX: 597682 # Filtered GETX hits
   hGETS: 201577 # GETS hits
   hGETX: 206539 # GETX hits
   mGETS: 250268 # GETS misses
   mGETXIM: 196550 # GETX I->M misses
   mGETXSM: 6 # GETX S->M misses (upgrade misses)
   PUTS: 0 # Clean evictions (from lower level)
   PUTX: 0 # Dirty evictions (from lower level)
   INV: 123 # Invalidates (from upper level)
   INVX: 97 # Downgrades (from upper level)
   FWD: 0 # Forwards (from upper level)
   latGETnl: 79957962 # GET request latency on next level
   latGETnet: 0 # GET request latency on network to next level
  l1d-1: # Filter cache stats
   fhGETS: 960173 # Filtered GETS hits
   fhGETX: 597507 # Filtered GETX hits
   hGETS: 201499 # GETS hits
   hGETX: 206509 # GETX hits
   mGETS: 250231 # GETS misses
   mGETXIM: 196512 # GETX I->M misses
   mGETXSM: 10 # GETX S->M misses (upgrade misses)
   PUTS: 0 # Clean evictions (from lower level)
   PUTX: 0 # Dirty evictions (from lower level)
   INV: 109 # Invalidates (from upper level)
   INVX: 28 # Downgrades (from upper level)
   FWD: 0 # Forwards (from upper level)
   latGETnl: 79939425 # GET request latency on next level
   latGETnet: 0 # GET request latency on network to next level
  l1d-2: # Filter cache stats
   fhGETS: 960040 # Filtered GETS hits
   fhGETX: 597995 # Filtered GETX hits
   hGETS: 201474 # GETS hits
   hGETX: 205933 # GETX hits
   mGETS: 250215 # GETS misses
   mGETXIM: 196504 # GETX I->M misses
   mGETXSM: 5 # GETX S->M misses (upgrade misses)
   PUTS: 0 # Clean evictions (from lower level)
   PUTX: 0 # Dirty evictions (from lower level)
   INV: 85 # Invalidates (from upper level)
   INVX: 5 # Downgrades (from upper level)
   FWD: 0 # Forwards (from upper level)
   latGETnl: 79935968 # GET request latency on next level
   latGETnet: 0 # GET request latency on network to next level
  l1d-3: # Filter cache stats
   fhGETS: 960106 # Filtered GETS hits
   fhGETX: 597472 # Filtered GETX hits
   hGETS: 201506 # GETS hits
   hGETX: 206499 # GETX hits
   mGETS: 250214 # GETS misses
   mGETXIM: 196515 # GETX I->M misses
   mGETXSM: 8 # GETX S->M misses (upgrade misses)
   PUTS: 0 # Clean evictions (from lower level)
   PUTX: 0 # Dirty evictions (from lower level)
   INV: 99 # Invalidates (from upper level)
   INVX: 35 # Downgrades (from upper level)
   FWD: 0 # Forwards (from upper level)
   latGETnl: 79938659 # GET request latency on next level
   latGETnet: 0 # GET request latency on network to next level
  l1d-4: # Filter cache stats
   fhGETS: 960101 # Filtered GETS hits
   fhGETX: 597460 # Filtered GETX hits
   hGETS: 201507 # GETS hits
   hGETX: 206523 # GETX hits
   mGETS: 250229 # GETS misses
   mGETXIM: 196506 # GETX I->M misses
   mGETXSM: 9 # GETX S->M misses (upgrade misses)
   PUTS: 0 # Clean evictions (from lower level)
   PUTX: 0 # Dirty evictions (from lower level)
   INV: 101 # Invalidates (from upper level)
   INVX: 23 # Downgrades (from upper level)
   FWD: 0 # Forwards (from upper level)
   latGETnl: 79937986 # GET request latency on next level
   latGETnet: 0 # GET request latency on network to next level
  l1d-5: # Filter cache stats
   fhGETS: 960103 # Filtered GETS hits
   fhGETX: 597473 # Filtered GETX hits
   hGETS: 201491 # GETS hits
   hGETX: 206506 # GETX hits
   mGETS: 250222 # GETS misses
   mGETXIM: 196505 # GETX I->M misses
   mGETXSM: 9 # GETX S->M misses (upgrade misses)
   PUTS: 0 # Clean evictions (from lower level)
   PUTX: 0 # Dirty evictions (from lower level)
   INV: 101 # Invalidates (from upper level)
   INVX: 20 # Downgrades (from upper level)
   FWD: 0 # Forwards (from upper level)
   latGETnl: 79937068 # GET request latency on next level
   latGETnet: 0 # GET request latency on network to next level
  l1d-6: # Filter cache stats
   fhGETS: 959963 # Filtered GETS hits
   fhGETX: 597956 # Filtered GETX hits
   hGETS: 201480 # GETS hits
   hGETX: 205929 # GETX hits
   mGETS: 250212 # GETS misses
   mGETXIM: 196506 # GETX I->M misses
   mGETXSM: 5 # GETX S->M misses (upgrade misses)
   PUTS: 0 # Clean evictions (from lower level)
   PUTX: 0 # Dirty evictions (from lower level)
   INV: 85 # Invalidates (from upper level)
   INVX: 8 # Downgrades (from upper level)
   FWD: 0 # Forwards (from upper level)
   latGETnl: 79935833 # GET request latency on next level
   latGETnet: 0 # GET request latency on network to next level
  l1d-7: # Filter cache stats
   fhGETS: 959949 # Filtered GETS hits
   fhGETX: 597952 # Filtered GETX hits
   hGETS: 201482 # GETS hits
   hGETX: 205921 # GETX hits
   mGETS: 250202 # GETS misses
   mGETXIM: 196498 # GETX I->M misses
   mGETXSM: 7 # GETX S->M misses (upgrade misses)
   PUTS: 0 # Clean evictions (from lower level)
   PUTX: 0 # Dirty evictions (from lower level)
   INV: 82 # Invalidates (from upper level)
   INVX: 11 # Downgrades (from upper level)
   FWD: 0 # Forwards (from upper level)
   latGETnl: 79934685 # GET request latency on next level
   latGETnet: 0 # GET request latency on network to next level
  l1d-8: # Filter cache stats
   fhGETS: 960092 # Filtered GETS hits
   fhGETX: 597474 # Filtered GETX hits
   hGETS: 201503 # GETS hits
   hGETX: 206500 # GETX hits
   mGETS: 250221 # GETS misses
   mGETXIM: 196510 # GETX I->M misses
   mGETXSM: 9 # GETX S->M misses (upgrade misses)
   PUTS: 0 # Clean evictions (from lower level)
   PUTX: 0 # Dirty evictions (from lower level)
   INV: 105 # Invalidates (from upper level)
   INVX: 19 # Downgrades (from upper level)
   FWD: 0 # Forwards (from upper level)
   latGETnl: 79936950 # GET request latency on next level
   latGETnet: 0 # GET request latency on network to next level
  l1d-9: # Filter cache stats
   fhGETS: 959971 # Filtered GETS hits
   fhGETX: 597951 # Filtered GETX hits
   hGETS: 201470 # GETS hits
   hGETX: 205919 # GETX hits
   mGETS: 250203 # GETS misses
   mGETXIM: 196507 # GETX I->M misses
   mGETXSM: 5 # GETX S->M misses (upgrade misses)
   PUTS: 0 # Clean evictions (from lower level)
   PUTX: 0 # Dirty evictions (from lower level)
   INV: 87 # Invalidates (from upper level)
   INVX: 18 # Downgrades (from upper level)
   FWD: 0 # Forwards (from upper level)
   latGETnl: 79935471 # GET request latency on next level
   latGETnet: 0 # GET request latency on network to next level
  l1d-10: # Filter cache stats
   fhGETS: 959946 # Filtered GETS hits
   fhGETX: 597938 # Filtered GETX hits
   hGETS: 201484 # GETS hits
   hGETX: 205939 # GETX hits
   mGETS: 250204 # GETS misses
   mGETXIM: 196497 # GETX I->M misses
   mGETXSM: 5 # GETX S->M misses (upgrade misses)
   PUTS: 0 # Clean evictions (from lower level)
   PUTX: 0 # Dirty evictions (from lower level)
   INV: 85 # Invalidates (from upper level)
   INVX: 33 # Downgrades (from upper level)
   FWD: 0 # Forwards (from upper level)
   latGETnl: 79937728 # GET request latency on next level
   latGETnet: 0 # GET request latency on network to next level
  l1d-11: # Filter cache stats
   fhGETS: 960104 # Filtered GETS hits
   fhGETX: 597476 # Filtered GETX hits
   hGETS: 201514 # GETS hits
   hGETX: 206491 # GETX hits
   mGETS: 250215 # GETS misses
   mGETXIM: 196520 # GETX I->M misses
   mGETXSM: 10 # GETX S->M misses (upgrade misses)
   PUTS: 0 # Clean evictions (from lower level)
   PUTX: 0 # Dirty evictions (from lower level)
   INV: 87 # Invalidates (from upper level)
   INVX: 13 # Downgrades (from upper level)
   FWD: 0 # Forwards (from upper level)
   latGETnl: 79938839 # GET request latency on next level
   latGETnet: 0 # GET request latency on network to next level
  l1d-12: # Filter cache stats
   fhGETS: 813186 # Filtered GETS hits
   fhGETX: 446150 # Filtered GETX hits
   hGETS: 348252 # GETS hits
   hGETX: 357723 # GETX hits
   mGETS: 250209 # GETS misses
   mGETXIM: 196505 # GETX I->M misses
   mGETXSM: 6 # GETX S->M misses (upgrade misses)
   PUTS: 0 # Clean evictions (from lower level)
   PUTX: 0 # Dirty evictions (from lower level)
   INV: 86 # Invalidates (from upper level)
   INVX: 7 # Downgrades (from upper level)
   FWD: 0 # Forwards (from upper level)
   latGETnl: 79934238 # GET request latency on next level
   latGETnet: 0 # GET request latency on network to next level
  l1d-13: # Filter cache stats
   fhGETS: 959971 # Filtered GETS hits
   fhGETX: 597401 # Filtered GETX hits
   hGETS: 201475 # GETS hits
   hGETX: 206483 # GETX hits
   mGETS: 250211 # GETS misses
   mGETXIM: 196508 # GETX I->M misses
   mGETXSM: 5 # GETX S->M misses (upgrade misses)
   PUTS: 0 # Clean evictions (from lower level)
   PUTX: 0 # Dirty evictions (from lower level)
   INV: 84 # Invalidates (from upper level)
   INVX: 5 # Downgrades (from upper level)
   FWD: 0 # Forwards (from upper level)
   latGETnl: 79934766 # GET request latency on next level
   latGETnet: 0 # GET request latency on network to next level
  l1d-14: # Filter cache stats
   fhGETS: 959968 # Filtered GETS hits
   fhGETX: 597392 # Filtered GETX hits
   hGETS: 201471 # GETS hits
   hGETX: 206475 # GETX hits
   mGETS: 250203 # GETS misses
   mGETXIM: 196509 # GETX I->M misses
   mGETXSM: 6 # GETX S->M misses (upgrade misses)
   PUTS: 0 # Clean evictions (from lower level)
   PUTX: 0 # Dirty evictions (from lower level)
   INV: 88 # Invalidates (from upper level)
   INVX: 2 # Downgrades (from upper level)
   FWD: 0 # Forwards (from upper level)
   latGETnl: 79933164 # GET request latency on next level
   latGETnet: 0 # GET request latency on network to next level
  l1d-15: # Filter cache stats
   fhGETS: 959973 # Filtered GETS hits
   fhGETX: 597960 # Filtered GETX hits
   hGETS: 201469 # GETS hits
   hGETX: 205922 # GETX hits
   mGETS: 250215 # GETS misses
   mGETXIM: 196509 # GETX I->M misses
   mGETXSM: 6 # GETX S->M misses (upgrade misses)
   PUTS: 0 # Clean evictions (from lower level)
   PUTX: 0 # Dirty evictions (from lower level)
   INV: 89 # Invalidates (from upper level)
   INVX: 2 # Downgrades (from upper level)
   FWD: 0 # Forwards (from upper level)
   latGETnl: 79934798 # GET request latency on next level
   latGETnet: 0 # GET request latency on network to next level
  l1d-16: # Filter cache stats
   fhGETS: 813183 # Filtered GETS hits
   fhGETX: 446145 # Filtered GETX hits
   hGETS: 348255 # GETS hits
   hGETX: 357729 # GETX hits
   mGETS: 250209 # GETS misses
   mGETXIM: 196504 # GETX I->M misses
   mGETXSM: 6 # GETX S->M misses (upgrade misses)
   PUTS: 0 # Clean evictions (from lower level)
   PUTX: 0 # Dirty evictions (from lower level)
   INV: 86 # Invalidates (from upper level)
   INVX: 2 # Downgrades (from upper level)
   FWD: 0 # Forwards (from upper level)
   latGETnl: 79933343 # GET request latency on next level
   latGETnet: 0 # GET request latency on network to next level
  l1d-17: # Filter cache stats
   fhGETS: 959975 # Filtered GETS hits
   fhGETX: 597956 # Filtered GETX hits
   hGETS: 201464 # GETS hits
   hGETX: 205914 # GETX hits
   mGETS: 250205 # GETS misses
   mGETXIM: 196506 # GETX I->M misses
   mGETXSM: 6 # GETX S->M misses (upgrade misses)
   PUTS: 0 # Clean evictions (from lower level)
   PUTX: 0 # Dirty evictions (from lower level)
   INV: 87 # Invalidates (from upper level)
   INVX: 2 # Downgrades (from upper level)
   FWD: 0 # Forwards (from upper level)
   latGETnl: 79933117 # GET request latency on next level
   latGETnet: 0 # GET request latency on network to next level
  l1d-18: # Filter cache stats
   fhGETS: 959966 # Filtered GETS hits
   fhGETX: 597951 # Filtered GETX hits
   hGETS: 201468 # GETS hits
   hGETX: 205918 # GETX hits
   mGETS: 250199 # GETS misses
   mGETXIM: 196503 # GETX I->M misses
   mGETXSM: 6 # GETX S->M misses (upgrade misses)
   PUTS: 0 # Clean evictions (from lower level)
   PUTX: 0 # Dirty evictions (from lower level)
   INV: 85 # Invalidates (from upper level)
   INVX: 2 # Downgrades (from upper level)
   FWD: 0 # Forwards (from upper level)
   latGETnl: 79932694 # GET request latency on next level
   latGETnet: 0 # GET request latency on network to next level
  l1d-19: # Filter cache stats
   fhGETS: 959934 # Filtered GETS hits
   fhGETX: 597377 # Filtered GETX hits
   hGETS: 201492 # GETS hits
   hGETX: 206490 # GETX hits
   mGETS: 250197 # GETS misses
   mGETXIM: 196504 # GETX I->M misses
   mGETXSM: 6 # GETX S->M misses (upgrade misses)
   PUTS: 0 # Clean evictions (from lower level)
   PUTX: 0 # Dirty evictions (from lower level)
   INV: 85 # Invalidates (from upper level)
   INVX: 2 # Downgrades (from upper level)
   FWD: 0 # Forwards (from upper level)
   latGETnl: 79932647 # GET request latency on next level
   latGETnet: 0 # GET request latency on network to next level
  l1d-20: # Filter cache stats
   fhGETS: 960914 # Filtered GETS hits
   fhGETX: 598344 # Filtered GETX hits
   hGETS: 201707 # GETS hits
   hGETX: 205972 # GETX hits
   mGETS: 250244 # GETS misses
   mGETXIM: 196501 # GETX I->M misses
   mGETXSM: 10 # GETX S->M misses (upgrade misses)
   PUTS: 0 # Clean evictions (from lower level)
   PUTX: 0 # Dirty evictions (from lower level)
   INV: 83 # Invalidates (from upper level)
   INVX: 3 # Downgrades (from upper level)
   FWD: 0 # Forwards (from upper level)
   latGETnl: 79938261 # GET request latency on next level
   latGETnet: 0 # GET request latency on network to next level
  l1d-21: # Filter cache stats
   fhGETS: 959956 # Filtered GETS hits
   fhGETX: 597387 # Filtered GETX hits
   hGETS: 201469 # GETS hits
   hGETX: 206483 # GETX hits
   mGETS: 250198 # GETS misses
   mGETXIM: 196501 # GETX I->M misses
   mGETXSM: 6 # GETX S->M misses (upgrade misses)
   PUTS: 0 # Clean evictions (from lower level)
   PUTX: 0 # Dirty evictions (from lower level)
   INV: 83 # Invalidates (from upper level)
   INVX: 2 # Downgrades (from upper level)
   FWD: 0 # Forwards (from upper level)
   latGETnl: 79932553 # GET request latency on next level
   latGETnet: 0 # GET request latency on network to next level
  l1d-22: # Filter cache stats
   fhGETS: 959964 # Filtered GETS hits
   fhGETX: 597391 # Filtered GETX hits
   hGETS: 201466 # GETS hits
   hGETX: 206479 # GETX hits
   mGETS: 250201 # GETS misses
   mGETXIM: 196505 # GETX I->M misses
   mGETXSM: 8 # GETX S->M misses (upgrade misses)
   PUTS: 0 # Clean evictions (from lower level)
   PUTX: 0 # Dirty evictions (from lower level)
   INV: 89 # Invalidates (from upper level)
   INVX: 7 # Downgrades (from upper level)
   FWD: 0 # Forwards (from upper level)
   latGETnl: 79933296 # GET request latency on next level
   latGETnet: 0 # GET request latency on network to next level
  l1d-23: # Filter cache stats
   fhGETS: 0 # Filtered GETS hits
   fhGETX: 0 # Filtered GETX hits
   hGETS: 0 # GETS hits
   hGETX: 0 # GETX hits
   mGETS: 0 # GETS misses
   mGETXIM: 0 # GETX I->M misses
   mGETXSM: 0 # GETX S->M misses (upgrade misses)
   PUTS: 0 # Clean evictions (from lower level)
   PUTX: 0 # Dirty evictions (from lower level)
   INV: 0 # Invalidates (from upper level)
   INVX: 0 # Downgrades (from upper level)
   FWD: 0 # Forwards (from upper level)
   latGETnl: 0 # GET request latency on next level
   latGETnet: 0 # GET request latency on network to next level
 l1i: # Cache stats
  l1i-0: # Filter cache stats
   fhGETS: 137962365 # Filtered GETS hits
   fhGETX: 0 # Filtered GETX hits
   hGETS: 51 # GETS hits
   hGETX: 0 # GETX hits
   mGETS: 923 # GETS misses
   mGETXIM: 0 # GETX I->M misses
   mGETXSM: 0 # GETX S->M misses (upgrade misses)
   PUTS: 0 # Clean evictions (from lower level)
   PUTX: 0 # Dirty evictions (from lower level)
   INV: 894 # Invalidates (from upper level)
   INVX: 0 # Downgrades (from upper level)
   FWD: 0 # Forwards (from upper level)
   latGETnl: 68065 # GET request latency on next level
   latGETnet: 0 # GET request latency on network to next level
  l1i-1: # Filter cache stats
   fhGETS: 137962243 # Filtered GETS hits
   fhGETX: 0 # Filtered GETX hits
   hGETS: 38 # GETS hits
   hGETX: 0 # GETX hits
   mGETS: 836 # GETS misses
   mGETXIM: 0 # GETX I->M misses
   mGETXSM: 0 # GETX S->M misses (upgrade misses)
   PUTS: 0 # Clean evictions (from lower level)
   PUTX: 0 # Dirty evictions (from lower level)
   INV: 804 # Invalidates (from upper level)
   INVX: 0 # Downgrades (from upper level)
   FWD: 0 # Forwards (from upper level)
   latGETnl: 43252 # GET request latency on next level
   latGETnet: 0 # GET request latency on network to next level
  l1i-2: # Filter cache stats
   fhGETS: 137961510 # Filtered GETS hits
   fhGETX: 0 # Filtered GETX hits
   hGETS: 32 # GETS hits
   hGETX: 0 # GETX hits
   mGETS: 852 # GETS misses
   mGETXIM: 0 # GETX I->M misses
   mGETXSM: 0 # GETX S->M misses (upgrade misses)
   PUTS: 0 # Clean evictions (from lower level)
   PUTX: 0 # Dirty evictions (from lower level)
   INV: 828 # Invalidates (from upper level)
   INVX: 0 # Downgrades (from upper level)
   FWD: 0 # Forwards (from upper level)
   latGETnl: 45720 # GET request latency on next level
   latGETnet: 0 # GET request latency on network to next level
  l1i-3: # Filter cache stats
   fhGETS: 137962159 # Filtered GETS hits
   fhGETX: 0 # Filtered GETX hits
   hGETS: 30 # GETS hits
   hGETX: 0 # GETX hits
   mGETS: 840 # GETS misses
   mGETXIM: 0 # GETX I->M misses
   mGETXSM: 0 # GETX S->M misses (upgrade misses)
   PUTS: 0 # Clean evictions (from lower level)
   PUTX: 0 # Dirty evictions (from lower level)
   INV: 810 # Invalidates (from upper level)
   INVX: 0 # Downgrades (from upper level)
   FWD: 0 # Forwards (from upper level)
   latGETnl: 43044 # GET request latency on next level
   latGETnet: 0 # GET request latency on network to next level
  l1i-4: # Filter cache stats
   fhGETS: 137962182 # Filtered GETS hits
   fhGETX: 0 # Filtered GETX hits
   hGETS: 31 # GETS hits
   hGETX: 0 # GETX hits
   mGETS: 849 # GETS misses
   mGETXIM: 0 # GETX I->M misses
   mGETXSM: 0 # GETX S->M misses (upgrade misses)
   PUTS: 0 # Clean evictions (from lower level)
   PUTX: 0 # Dirty evictions (from lower level)
   INV: 810 # Invalidates (from upper level)
   INVX: 0 # Downgrades (from upper level)
   FWD: 0 # Forwards (from upper level)
   latGETnl: 40827 # GET request latency on next level
   latGETnet: 0 # GET request latency on network to next level
  l1i-5: # Filter cache stats
   fhGETS: 137962103 # Filtered GETS hits
   fhGETX: 0 # Filtered GETX hits
   hGETS: 31 # GETS hits
   hGETX: 0 # GETX hits
   mGETS: 835 # GETS misses
   mGETXIM: 0 # GETX I->M misses
   mGETXSM: 0 # GETX S->M misses (upgrade misses)
   PUTS: 0 # Clean evictions (from lower level)
   PUTX: 0 # Dirty evictions (from lower level)
   INV: 811 # Invalidates (from upper level)
   INVX: 0 # Downgrades (from upper level)
   FWD: 0 # Forwards (from upper level)
   latGETnl: 39377 # GET request latency on next level
   latGETnet: 0 # GET request latency on network to next level
  l1i-6: # Filter cache stats
   fhGETS: 137962023 # Filtered GETS hits
   fhGETX: 0 # Filtered GETX hits
   hGETS: 29 # GETS hits
   hGETX: 0 # GETX hits
   mGETS: 839 # GETS misses
   mGETXIM: 0 # GETX I->M misses
   mGETXSM: 0 # GETX S->M misses (upgrade misses)
   PUTS: 0 # Clean evictions (from lower level)
   PUTX: 0 # Dirty evictions (from lower level)
   INV: 793 # Invalidates (from upper level)
   INVX: 0 # Downgrades (from upper level)
   FWD: 0 # Forwards (from upper level)
   latGETnl: 44185 # GET request latency on next level
   latGETnet: 0 # GET request latency on network to next level
  l1i-7: # Filter cache stats
   fhGETS: 137962029 # Filtered GETS hits
   fhGETX: 0 # Filtered GETX hits
   hGETS: 29 # GETS hits
   hGETX: 0 # GETX hits
   mGETS: 822 # GETS misses
   mGETXIM: 0 # GETX I->M misses
   mGETXSM: 0 # GETX S->M misses (upgrade misses)
   PUTS: 0 # Clean evictions (from lower level)
   PUTX: 0 # Dirty evictions (from lower level)
   INV: 792 # Invalidates (from upper level)
   INVX: 0 # Downgrades (from upper level)
   FWD: 0 # Forwards (from upper level)
   latGETnl: 41274 # GET request latency on next level
   latGETnet: 0 # GET request latency on network to next level
  l1i-8: # Filter cache stats
   fhGETS: 137961696 # Filtered GETS hits
   fhGETX: 0 # Filtered GETX hits
   hGETS: 31 # GETS hits
   hGETX: 0 # GETX hits
   mGETS: 834 # GETS misses
   mGETXIM: 0 # GETX I->M misses
   mGETXSM: 0 # GETX S->M misses (upgrade misses)
   PUTS: 0 # Clean evictions (from lower level)
   PUTX: 0 # Dirty evictions (from lower level)
   INV: 810 # Invalidates (from upper level)
   INVX: 0 # Downgrades (from upper level)
   FWD: 0 # Forwards (from upper level)
   latGETnl: 39198 # GET request latency on next level
   latGETnet: 0 # GET request latency on network to next level
  l1i-9: # Filter cache stats
   fhGETS: 137962032 # Filtered GETS hits
   fhGETX: 0 # Filtered GETX hits
   hGETS: 29 # GETS hits
   hGETX: 0 # GETX hits
   mGETS: 833 # GETS misses
   mGETXIM: 0 # GETX I->M misses
   mGETXSM: 0 # GETX S->M misses (upgrade misses)
   PUTS: 0 # Clean evictions (from lower level)
   PUTX: 0 # Dirty evictions (from lower level)
   INV: 794 # Invalidates (from upper level)
   INVX: 0 # Downgrades (from upper level)
   FWD: 0 # Forwards (from upper level)
   latGETnl: 40339 # GET request latency on next level
   latGETnet: 0 # GET request latency on network to next level
  l1i-10: # Filter cache stats
   fhGETS: 137962017 # Filtered GETS hits
   fhGETX: 0 # Filtered GETX hits
   hGETS: 29 # GETS hits
   hGETX: 0 # GETX hits
   mGETS: 823 # GETS misses
   mGETXIM: 0 # GETX I->M misses
   mGETXSM: 0 # GETX S->M misses (upgrade misses)
   PUTS: 0 # Clean evictions (from lower level)
   PUTX: 0 # Dirty evictions (from lower level)
   INV: 792 # Invalidates (from upper level)
   INVX: 0 # Downgrades (from upper level)
   FWD: 0 # Forwards (from upper level)
   latGETnl: 40925 # GET request latency on next level
   latGETnet: 0 # GET request latency on network to next level
  l1i-11: # Filter cache stats
   fhGETS: 137962125 # Filtered GETS hits
   fhGETX: 0 # Filtered GETX hits
   hGETS: 113 # GETS hits
   hGETX: 0 # GETX hits
   mGETS: 810 # GETS misses
   mGETXIM: 0 # GETX I->M misses
   mGETXSM: 0 # GETX S->M misses (upgrade misses)
   PUTS: 0 # Clean evictions (from lower level)
   PUTX: 0 # Dirty evictions (from lower level)
   INV: 786 # Invalidates (from upper level)
   INVX: 0 # Downgrades (from upper level)
   FWD: 0 # Forwards (from upper level)
   latGETnl: 38598 # GET request latency on next level
   latGETnet: 0 # GET request latency on network to next level
  l1i-12: # Filter cache stats
   fhGETS: 137962035 # Filtered GETS hits
   fhGETX: 0 # Filtered GETX hits
   hGETS: 29 # GETS hits
   hGETX: 0 # GETX hits
   mGETS: 836 # GETS misses
   mGETXIM: 0 # GETX I->M misses
   mGETXSM: 0 # GETX S->M misses (upgrade misses)
   PUTS: 0 # Clean evictions (from lower level)
   PUTX: 0 # Dirty evictions (from lower level)
   INV: 795 # Invalidates (from upper level)
   INVX: 0 # Downgrades (from upper level)
   FWD: 0 # Forwards (from upper level)
   latGETnl: 40216 # GET request latency on next level
   latGETnet: 0 # GET request latency on network to next level
  l1i-13: # Filter cache stats
   fhGETS: 137962035 # Filtered GETS hits
   fhGETX: 0 # Filtered GETX hits
   hGETS: 29 # GETS hits
   hGETX: 0 # GETX hits
   mGETS: 843 # GETS misses
   mGETXIM: 0 # GETX I->M misses
   mGETXSM: 0 # GETX S->M misses (upgrade misses)
   PUTS: 0 # Clean evictions (from lower level)
   PUTX: 0 # Dirty evictions (from lower level)
   INV: 796 # Invalidates (from upper level)
   INVX: 0 # Downgrades (from upper level)
   FWD: 0 # Forwards (from upper level)
   latGETnl: 40545 # GET request latency on next level
   latGETnet: 0 # GET request latency on network to next level
  l1i-14: # Filter cache stats
   fhGETS: 137962036 # Filtered GETS hits
   fhGETX: 0 # Filtered GETX hits
   hGETS: 29 # GETS hits
   hGETX: 0 # GETX hits
   mGETS: 832 # GETS misses
   mGETXIM: 0 # GETX I->M misses
   mGETXSM: 0 # GETX S->M misses (upgrade misses)
   PUTS: 0 # Clean evictions (from lower level)
   PUTX: 0 # Dirty evictions (from lower level)
   INV: 794 # Invalidates (from upper level)
   INVX: 0 # Downgrades (from upper level)
   FWD: 0 # Forwards (from upper level)
   latGETnl: 39104 # GET request latency on next level
   latGETnet: 0 # GET request latency on network to next level
  l1i-15: # Filter cache stats
   fhGETS: 137962036 # Filtered GETS hits
   fhGETX: 0 # Filtered GETX hits
   hGETS: 29 # GETS hits
   hGETX: 0 # GETX hits
   mGETS: 838 # GETS misses
   mGETXIM: 0 # GETX I->M misses
   mGETXSM: 0 # GETX S->M misses (upgrade misses)
   PUTS: 0 # Clean evictions (from lower level)
   PUTX: 0 # Dirty evictions (from lower level)
   INV: 791 # Invalidates (from upper level)
   INVX: 0 # Downgrades (from upper level)
   FWD: 0 # Forwards (from upper level)
   latGETnl: 39386 # GET request latency on next level
   latGETnet: 0 # GET request latency on network to next level
  l1i-16: # Filter cache stats
   fhGETS: 137962038 # Filtered GETS hits
   fhGETX: 0 # Filtered GETX hits
   hGETS: 29 # GETS hits
   hGETX: 0 # GETX hits
   mGETS: 832 # GETS misses
   mGETXIM: 0 # GETX I->M misses
   mGETXSM: 0 # GETX S->M misses (upgrade misses)
   PUTS: 0 # Clean evictions (from lower level)
   PUTX: 0 # Dirty evictions (from lower level)
   INV: 791 # Invalidates (from upper level)
   INVX: 0 # Downgrades (from upper level)
   FWD: 0 # Forwards (from upper level)
   latGETnl: 39236 # GET request latency on next level
   latGETnet: 0 # GET request latency on network to next level
  l1i-17: # Filter cache stats
   fhGETS: 137962036 # Filtered GETS hits
   fhGETX: 0 # Filtered GETX hits
   hGETS: 29 # GETS hits
   hGETX: 0 # GETX hits
   mGETS: 833 # GETS misses
   mGETXIM: 0 # GETX I->M misses
   mGETXSM: 0 # GETX S->M misses (upgrade misses)
   PUTS: 0 # Clean evictions (from lower level)
   PUTX: 0 # Dirty evictions (from lower level)
   INV: 794 # Invalidates (from upper level)
   INVX: 0 # Downgrades (from upper level)
   FWD: 0 # Forwards (from upper level)
   latGETnl: 39151 # GET request latency on next level
   latGETnet: 0 # GET request latency on network to next level
  l1i-18: # Filter cache stats
   fhGETS: 137962042 # Filtered GETS hits
   fhGETX: 0 # Filtered GETX hits
   hGETS: 29 # GETS hits
   hGETX: 0 # GETX hits
   mGETS: 813 # GETS misses
   mGETXIM: 0 # GETX I->M misses
   mGETXSM: 0 # GETX S->M misses (upgrade misses)
   PUTS: 0 # Clean evictions (from lower level)
   PUTX: 0 # Dirty evictions (from lower level)
   INV: 784 # Invalidates (from upper level)
   INVX: 0 # Downgrades (from upper level)
   FWD: 0 # Forwards (from upper level)
   latGETnl: 38211 # GET request latency on next level
   latGETnet: 0 # GET request latency on network to next level
  l1i-19: # Filter cache stats
   fhGETS: 137961803 # Filtered GETS hits
   fhGETX: 0 # Filtered GETX hits
   hGETS: 29 # GETS hits
   hGETX: 0 # GETX hits
   mGETS: 820 # GETS misses
   mGETXIM: 0 # GETX I->M misses
   mGETXSM: 0 # GETX S->M misses (upgrade misses)
   PUTS: 0 # Clean evictions (from lower level)
   PUTX: 0 # Dirty evictions (from lower level)
   INV: 796 # Invalidates (from upper level)
   INVX: 0 # Downgrades (from upper level)
   FWD: 0 # Forwards (from upper level)
   latGETnl: 38540 # GET request latency on next level
   latGETnet: 0 # GET request latency on network to next level
  l1i-20: # Filter cache stats
   fhGETS: 137955350 # Filtered GETS hits
   fhGETX: 0 # Filtered GETX hits
   hGETS: 115 # GETS hits
   hGETX: 0 # GETX hits
   mGETS: 882 # GETS misses
   mGETXIM: 0 # GETX I->M misses
   mGETXSM: 0 # GETX S->M misses (upgrade misses)
   PUTS: 0 # Clean evictions (from lower level)
   PUTX: 0 # Dirty evictions (from lower level)
   INV: 858 # Invalidates (from upper level)
   INVX: 0 # Downgrades (from upper level)
   FWD: 0 # Forwards (from upper level)
   latGETnl: 48714 # GET request latency on next level
   latGETnet: 0 # GET request latency on network to next level
  l1i-21: # Filter cache stats
   fhGETS: 137961898 # Filtered GETS hits
   fhGETX: 0 # Filtered GETX hits
   hGETS: 29 # GETS hits
   hGETX: 0 # GETX hits
   mGETS: 816 # GETS misses
   mGETXIM: 0 # GETX I->M misses
   mGETXSM: 0 # GETX S->M misses (upgrade misses)
   PUTS: 0 # Clean evictions (from lower level)
   PUTX: 0 # Dirty evictions (from lower level)
   INV: 792 # Invalidates (from upper level)
   INVX: 0 # Downgrades (from upper level)
   FWD: 0 # Forwards (from upper level)
   latGETnl: 38352 # GET request latency on next level
   latGETnet: 0 # GET request latency on network to next level
  l1i-22: # Filter cache stats
   fhGETS: 137960976 # Filtered GETS hits
   fhGETX: 0 # Filtered GETX hits
   hGETS: 43 # GETS hits
   hGETX: 0 # GETX hits
   mGETS: 820 # GETS misses
   mGETXIM: 0 # GETX I->M misses
   mGETXSM: 0 # GETX S->M misses (upgrade misses)
   PUTS: 0 # Clean evictions (from lower level)
   PUTX: 0 # Dirty evictions (from lower level)
   INV: 796 # Invalidates (from upper level)
   INVX: 0 # Downgrades (from upper level)
   FWD: 0 # Forwards (from upper level)
   latGETnl: 38672 # GET request latency on next level
   latGETnet: 0 # GET request latency on network to next level
  l1i-23: # Filter cache stats
   fhGETS: 0 # Filtered GETS hits
   fhGETX: 0 # Filtered GETX hits
   hGETS: 0 # GETS hits
   hGETX: 0 # GETX hits
   mGETS: 0 # GETS misses
   mGETXIM: 0 # GETX I->M misses
   mGETXSM: 0 # GETX S->M misses (upgrade misses)
   PUTS: 0 # Clean evictions (from lower level)
   PUTX: 0 # Dirty evictions (from lower level)
   INV: 0 # Invalidates (from upper level)
   INVX: 0 # Downgrades (from upper level)
   FWD: 0 # Forwards (from upper level)
   latGETnl: 0 # GET request latency on next level
   latGETnet: 0 # GET request latency on network to next level
 l2: # Cache stats
  l2-0: # Cache stats
   hGETS: 0 # GETS hits
   hGETX: 0 # GETX hits
   mGETS: 251191 # GETS misses
   mGETXIM: 196550 # GETX I->M misses
   mGETXSM: 6 # GETX S->M misses (upgrade misses)
   PUTS: 249925 # Clean evictions (from lower level)
   PUTX: 196259 # Dirty evictions (from lower level)
   INV: 65893 # Invalidates (from upper level)
   INVX: 97 # Downgrades (from upper level)
   FWD: 0 # Forwards (from upper level)
   latGETnl: 75548557 # GET request latency on next level
   latGETnet: 0 # GET request latency on network to next level
  l2-1: # Cache stats
   hGETS: 0 # GETS hits
   hGETX: 0 # GETX hits
   mGETS: 251067 # GETS misses
   mGETXIM: 196512 # GETX I->M misses
   mGETXSM: 10 # GETX S->M misses (upgrade misses)
   PUTS: 249887 # Clean evictions (from lower level)
   PUTX: 196235 # Dirty evictions (from lower level)
   INV: 36114 # Invalidates (from upper level)
   INVX: 28 # Downgrades (from upper level)
   FWD: 0 # Forwards (from upper level)
   latGETnl: 75506787 # GET request latency on next level
   latGETnet: 0 # GET request latency on network to next level
  l2-2: # Cache stats
   hGETS: 0 # GETS hits
   hGETX: 0 # GETX hits
   mGETS: 251067 # GETS misses
   mGETXIM: 196504 # GETX I->M misses
   mGETXSM: 5 # GETX S->M misses (upgrade misses)
   PUTS: 249885 # Clean evictions (from lower level)
   PUTX: 196237 # Dirty evictions (from lower level)
   INV: 93323 # Invalidates (from upper level)
   INVX: 5 # Downgrades (from upper level)
   FWD: 0 # Forwards (from upper level)
   latGETnl: 75505928 # GET request latency on next level
   latGETnet: 0 # GET request latency on network to next level
  l2-3: # Cache stats
   hGETS: 0 # GETS hits
   hGETX: 0 # GETX hits
   mGETS: 251054 # GETS misses
   mGETXIM: 196515 # GETX I->M misses
   mGETXSM: 8 # GETX S->M misses (upgrade misses)
   PUTS: 249882 # Clean evictions (from lower level)
   PUTX: 196236 # Dirty evictions (from lower level)
   INV: 30998 # Invalidates (from upper level)
   INVX: 35 # Downgrades (from upper level)
   FWD: 0 # Forwards (from upper level)
   latGETnl: 75505933 # GET request latency on next level
   latGETnet: 0 # GET request latency on network to next level
  l2-4: # Cache stats
   hGETS: 0 # GETS hits
   hGETX: 0 # GETX hits
   mGETS: 251078 # GETS misses
   mGETXIM: 196506 # GETX I->M misses
   mGETXSM: 9 # GETX S->M misses (upgrade misses)
   PUTS: 249886 # Clean evictions (from lower level)
   PUTX: 196236 # Dirty evictions (from lower level)
   INV: 30606 # Invalidates (from upper level)
   INVX: 23 # Downgrades (from upper level)
   FWD: 0 # Forwards (from upper level)
   latGETnl: 75502883 # GET request latency on next level
   latGETnet: 0 # GET request latency on network to next level
  l2-5: # Cache stats
   hGETS: 0 # GETS hits
   hGETX: 0 # GETX hits
   mGETS: 251057 # GETS misses
   mGETXIM: 196505 # GETX I->M misses
   mGETXSM: 9 # GETX S->M misses (upgrade misses)
   PUTS: 249883 # Clean evictions (from lower level)
   PUTX: 196231 # Dirty evictions (from lower level)
   INV: 35169 # Invalidates (from upper level)
   INVX: 20 # Downgrades (from upper level)
   FWD: 0 # Forwards (from upper level)
   latGETnl: 75500735 # GET request latency on next level
   latGETnet: 0 # GET request latency on network to next level
  l2-6: # Cache stats
   hGETS: 0 # GETS hits
   hGETX: 0 # GETX hits
   mGETS: 251051 # GETS misses
   mGETXIM: 196506 # GETX I->M misses
   mGETXSM: 5 # GETX S->M misses (upgrade misses)
   PUTS: 249879 # Clean evictions (from lower level)
   PUTX: 196242 # Dirty evictions (from lower level)
   INV: 34674 # Invalidates (from upper level)
   INVX: 8 # Downgrades (from upper level)
   FWD: 0 # Forwards (from upper level)
   latGETnl: 75504398 # GET request latency on next level
   latGETnet: 0 # GET request latency on network to next level
  l2-7: # Cache stats
   hGETS: 0 # GETS hits
   hGETX: 0 # GETX hits
   mGETS: 251024 # GETS misses
   mGETXIM: 196498 # GETX I->M misses
   mGETXSM: 7 # GETX S->M misses (upgrade misses)
   PUTS: 249871 # Clean evictions (from lower level)
   PUTX: 196235 # Dirty evictions (from lower level)
   INV: 47548 # Invalidates (from upper level)
   INVX: 11 # Downgrades (from upper level)
   FWD: 0 # Forwards (from upper level)
   latGETnl: 75500669 # GET request latency on next level
   latGETnet: 0 # GET request latency on network to next level
  l2-8: # Cache stats
   hGETS: 0 # GETS hits
   hGETX: 0 # GETX hits
   mGETS: 251055 # GETS misses
   mGETXIM: 196510 # GETX I->M misses
   mGETXSM: 9 # GETX S->M misses (upgrade misses)
   PUTS: 249882 # Clean evictions (from lower level)
   PUTX: 196232 # Dirty evictions (from lower level)
   INV: 72238 # Invalidates (from upper level)
   INVX: 19 # Downgrades (from upper level)
   FWD: 0 # Forwards (from upper level)
   latGETnl: 75500408 # GET request latency on next level
   latGETnet: 0 # GET request latency on network to next level
  l2-9: # Cache stats
   hGETS: 0 # GETS hits
   hGETX: 0 # GETX hits
   mGETS: 251036 # GETS misses
   mGETXIM: 196507 # GETX I->M misses
   mGETXSM: 5 # GETX S->M misses (upgrade misses)
   PUTS: 249874 # Clean evictions (from lower level)
   PUTX: 196237 # Dirty evictions (from lower level)
   INV: 72608 # Invalidates (from upper level)
   INVX: 18 # Downgrades (from upper level)
   FWD: 0 # Forwards (from upper level)
   latGETnl: 75500330 # GET request latency on next level
   latGETnet: 0 # GET request latency on network to next level
  l2-10: # Cache stats
   hGETS: 0 # GETS hits
   hGETX: 0 # GETX hits
   mGETS: 251027 # GETS misses
   mGETXIM: 196497 # GETX I->M misses
   mGETXSM: 5 # GETX S->M misses (upgrade misses)
   PUTS: 249871 # Clean evictions (from lower level)
   PUTX: 196233 # Dirty evictions (from lower level)
   INV: 31861 # Invalidates (from upper level)
   INVX: 33 # Downgrades (from upper level)
   FWD: 0 # Forwards (from upper level)
   latGETnl: 75503363 # GET request latency on next level
   latGETnet: 0 # GET request latency on network to next level
  l2-11: # Cache stats
   hGETS: 0 # GETS hits
   hGETX: 0 # GETX hits
   mGETS: 251025 # GETS misses
   mGETXIM: 196520 # GETX I->M misses
   mGETXSM: 10 # GETX S->M misses (upgrade misses)
   PUTS: 249885 # Clean evictions (from lower level)
   PUTX: 196251 # Dirty evictions (from lower level)
   INV: 96255 # Invalidates (from upper level)
   INVX: 13 # Downgrades (from upper level)
   FWD: 0 # Forwards (from upper level)
   latGETnl: 75501887 # GET request latency on next level
   latGETnet: 0 # GET request latency on network to next level
  l2-12: # Cache stats
   hGETS: 0 # GETS hits
   hGETX: 0 # GETX hits
   mGETS: 251045 # GETS misses
   mGETXIM: 196505 # GETX I->M misses
   mGETXSM: 6 # GETX S->M misses (upgrade misses)
   PUTS: 249879 # Clean evictions (from lower level)
   PUTX: 196237 # Dirty evictions (from lower level)
   INV: 30001 # Invalidates (from upper level)
   INVX: 7 # Downgrades (from upper level)
   FWD: 0 # Forwards (from upper level)
   latGETnl: 75498894 # GET request latency on next level
   latGETnet: 0 # GET request latency on network to next level
  l2-13: # Cache stats
   hGETS: 0 # GETS hits
   hGETX: 0 # GETX hits
   mGETS: 251054 # GETS misses
   mGETXIM: 196508 # GETX I->M misses
   mGETXSM: 5 # GETX S->M misses (upgrade misses)
   PUTS: 249884 # Clean evictions (from lower level)
   PUTX: 196239 # Dirty evictions (from lower level)
   INV: 30943 # Invalidates (from upper level)
   INVX: 5 # Downgrades (from upper level)
   FWD: 0 # Forwards (from upper level)
   latGETnl: 75499641 # GET request latency on next level
   latGETnet: 0 # GET request latency on network to next level
  l2-14: # Cache stats
   hGETS: 0 # GETS hits
   hGETX: 0 # GETX hits
   mGETS: 251035 # GETS misses
   mGETXIM: 196509 # GETX I->M misses
   mGETXSM: 6 # GETX S->M misses (upgrade misses)
   PUTS: 249874 # Clean evictions (from lower level)
   PUTX: 196238 # Dirty evictions (from lower level)
   INV: 63115 # Invalidates (from upper level)
   INVX: 2 # Downgrades (from upper level)
   FWD: 0 # Forwards (from upper level)
   latGETnl: 75496768 # GET request latency on next level
   latGETnet: 0 # GET request latency on network to next level
  l2-15: # Cache stats
   hGETS: 0 # GETS hits
   hGETX: 0 # GETX hits
   mGETS: 251053 # GETS misses
   mGETXIM: 196509 # GETX I->M misses
   mGETXSM: 6 # GETX S->M misses (upgrade misses)
   PUTS: 249883 # Clean evictions (from lower level)
   PUTX: 196240 # Dirty evictions (from lower level)
   INV: 52138 # Invalidates (from upper level)
   INVX: 2 # Downgrades (from upper level)
   FWD: 0 # Forwards (from upper level)
   latGETnl: 75498504 # GET request latency on next level
   latGETnet: 0 # GET request latency on network to next level
  l2-16: # Cache stats
   hGETS: 0 # GETS hits
   hGETX: 0 # GETX hits
   mGETS: 251041 # GETS misses
   mGETXIM: 196504 # GETX I->M misses
   mGETXSM: 6 # GETX S->M misses (upgrade misses)
   PUTS: 249876 # Clean evictions (from lower level)
   PUTX: 196239 # Dirty evictions (from lower level)
   INV: 30458 # Invalidates (from upper level)
   INVX: 2 # Downgrades (from upper level)
   FWD: 0 # Forwards (from upper level)
   latGETnl: 75497069 # GET request latency on next level
   latGETnet: 0 # GET request latency on network to next level
  l2-17: # Cache stats
   hGETS: 0 # GETS hits
   hGETX: 0 # GETX hits
   mGETS: 251038 # GETS misses
   mGETXIM: 196506 # GETX I->M misses
   mGETXSM: 6 # GETX S->M misses (upgrade misses)
   PUTS: 249875 # Clean evictions (from lower level)
   PUTX: 196237 # Dirty evictions (from lower level)
   INV: 31403 # Invalidates (from upper level)
   INVX: 2 # Downgrades (from upper level)
   FWD: 0 # Forwards (from upper level)
   latGETnl: 75496768 # GET request latency on next level
   latGETnet: 0 # GET request latency on network to next level
  l2-18: # Cache stats
   hGETS: 0 # GETS hits
   hGETX: 0 # GETX hits
   mGETS: 251012 # GETS misses
   mGETXIM: 196503 # GETX I->M misses
   mGETXSM: 6 # GETX S->M misses (upgrade misses)
   PUTS: 249871 # Clean evictions (from lower level)
   PUTX: 196234 # Dirty evictions (from lower level)
   INV: 30596 # Invalidates (from upper level)
   INVX: 2 # Downgrades (from upper level)
   FWD: 0 # Forwards (from upper level)
   latGETnl: 75495695 # GET request latency on next level
   latGETnet: 0 # GET request latency on network to next level
  l2-19: # Cache stats
   hGETS: 0 # GETS hits
   hGETX: 0 # GETX hits
   mGETS: 251017 # GETS misses
   mGETXIM: 196504 # GETX I->M misses
   mGETXSM: 6 # GETX S->M misses (upgrade misses)
   PUTS: 249872 # Clean evictions (from lower level)
   PUTX: 196232 # Dirty evictions (from lower level)
   INV: 29609 # Invalidates (from upper level)
   INVX: 2 # Downgrades (from upper level)
   FWD: 0 # Forwards (from upper level)
   latGETnl: 75495917 # GET request latency on next level
   latGETnet: 0 # GET request latency on network to next level
  l2-20: # Cache stats
   hGETS: 0 # GETS hits
   hGETX: 0 # GETX hits
   mGETS: 251126 # GETS misses
   mGETXIM: 196501 # GETX I->M misses
   mGETXSM: 10 # GETX S->M misses (upgrade misses)
   PUTS: 249920 # Clean evictions (from lower level)
   PUTX: 196230 # Dirty evictions (from lower level)
   INV: 50112 # Invalidates (from upper level)
   INVX: 3 # Downgrades (from upper level)
   FWD: 0 # Forwards (from upper level)
   latGETnl: 75510605 # GET request latency on next level
   latGETnet: 0 # GET request latency on network to next level
  l2-21: # Cache stats
   hGETS: 0 # GETS hits
   hGETX: 0 # GETX hits
   mGETS: 251014 # GETS misses
   mGETXIM: 196501 # GETX I->M misses
   mGETXSM: 6 # GETX S->M misses (upgrade misses)
   PUTS: 249872 # Clean evictions (from lower level)
   PUTX: 196232 # Dirty evictions (from lower level)
   INV: 50415 # Invalidates (from upper level)
   INVX: 2 # Downgrades (from upper level)
   FWD: 0 # Forwards (from upper level)
   latGETnl: 75495695 # GET request latency on next level
   latGETnet: 0 # GET request latency on network to next level
  l2-22: # Cache stats
   hGETS: 0 # GETS hits
   hGETX: 0 # GETX hits
   mGETS: 251021 # GETS misses
   mGETXIM: 196505 # GETX I->M misses
   mGETXSM: 8 # GETX S->M misses (upgrade misses)
   PUTS: 249873 # Clean evictions (from lower level)
   PUTX: 196232 # Dirty evictions (from lower level)
   INV: 35821 # Invalidates (from upper level)
   INVX: 7 # Downgrades (from upper level)
   FWD: 0 # Forwards (from upper level)
   latGETnl: 75496628 # GET request latency on next level
   latGETnet: 0 # GET request latency on network to next level
  l2-23: # Cache stats
   hGETS: 0 # GETS hits
   hGETX: 0 # GETX hits
   mGETS: 0 # GETS misses
   mGETXIM: 0 # GETX I->M misses
   mGETXSM: 0 # GETX S->M misses (upgrade misses)
   PUTS: 0 # Clean evictions (from lower level)
   PUTX: 0 # Dirty evictions (from lower level)
   INV: 0 # Invalidates (from upper level)
   INVX: 0 # Downgrades (from upper level)
   FWD: 0 # Forwards (from upper level)
   latGETnl: 0 # GET request latency on next level
   latGETnet: 0 # GET request latency on network to next level
 l3: # Cache stats
  l3-0b0: # Cache stats
   hGETS: 247 # GETS hits
   hGETX: 15 # GETX hits
   mGETS: 239672 # GETS misses
   mGETXIM: 188222 # GETX I->M misses
   mGETXSM: 0 # GETX S->M misses (upgrade misses)
   PUTS: 206610 # Clean evictions (from lower level)
   PUTX: 161338 # Dirty evictions (from lower level)
   INV: 0 # Invalidates (from upper level)
   INVX: 0 # Downgrades (from upper level)
   FWD: 0 # Forwards (from upper level)
   latGETnl: 56482008 # GET request latency on next level
   latGETnet: 0 # GET request latency on network to next level
  l3-0b1: # Cache stats
   hGETS: 290 # GETS hits
   hGETX: 29 # GETX hits
   mGETS: 239680 # GETS misses
   mGETXIM: 188370 # GETX I->M misses
   mGETXSM: 0 # GETX S->M misses (upgrade misses)
   PUTS: 206855 # Clean evictions (from lower level)
   PUTX: 161537 # Dirty evictions (from lower level)
   INV: 0 # Invalidates (from upper level)
   INVX: 0 # Downgrades (from upper level)
   FWD: 0 # Forwards (from upper level)
   latGETnl: 56502600 # GET request latency on next level
   latGETnet: 0 # GET request latency on network to next level
  l3-0b2: # Cache stats
   hGETS: 229 # GETS hits
   hGETX: 41 # GETX hits
   mGETS: 239673 # GETS misses
   mGETXIM: 188335 # GETX I->M misses
   mGETXSM: 0 # GETX S->M misses (upgrade misses)
   PUTS: 206698 # Clean evictions (from lower level)
   PUTX: 161395 # Dirty evictions (from lower level)
   INV: 0 # Invalidates (from upper level)
   INVX: 0 # Downgrades (from upper level)
   FWD: 0 # Forwards (from upper level)
   latGETnl: 56497056 # GET request latency on next level
   latGETnet: 0 # GET request latency on network to next level
  l3-0b3: # Cache stats
   hGETS: 325 # GETS hits
   hGETX: 26 # GETX hits
   mGETS: 239672 # GETS misses
   mGETXIM: 188251 # GETX I->M misses
   mGETXSM: 0 # GETX S->M misses (upgrade misses)
   PUTS: 206562 # Clean evictions (from lower level)
   PUTX: 161287 # Dirty evictions (from lower level)
   INV: 0 # Invalidates (from upper level)
   INVX: 0 # Downgrades (from upper level)
   FWD: 0 # Forwards (from upper level)
   latGETnl: 56485836 # GET request latency on next level
   latGETnet: 0 # GET request latency on network to next level
  l3-0b4: # Cache stats
   hGETS: 862 # GETS hits
   hGETX: 19 # GETX hits
   mGETS: 239670 # GETS misses
   mGETXIM: 188320 # GETX I->M misses
   mGETXSM: 0 # GETX S->M misses (upgrade misses)
   PUTS: 207194 # Clean evictions (from lower level)
   PUTX: 161459 # Dirty evictions (from lower level)
   INV: 0 # Invalidates (from upper level)
   INVX: 0 # Downgrades (from upper level)
   FWD: 0 # Forwards (from upper level)
   latGETnl: 56494680 # GET request latency on next level
   latGETnet: 0 # GET request latency on network to next level
  l3-0b5: # Cache stats
   hGETS: 947 # GETS hits
   hGETX: 33 # GETX hits
   mGETS: 239680 # GETS misses
   mGETXIM: 188259 # GETX I->M misses
   mGETXSM: 0 # GETX S->M misses (upgrade misses)
   PUTS: 207228 # Clean evictions (from lower level)
   PUTX: 161450 # Dirty evictions (from lower level)
   INV: 0 # Invalidates (from upper level)
   INVX: 0 # Downgrades (from upper level)
   FWD: 0 # Forwards (from upper level)
   latGETnl: 56487948 # GET request latency on next level
   latGETnet: 0 # GET request latency on network to next level
  l3-0b6: # Cache stats
   hGETS: 831 # GETS hits
   hGETX: 32 # GETX hits
   mGETS: 239666 # GETS misses
   mGETXIM: 188390 # GETX I->M misses
   mGETXSM: 0 # GETX S->M misses (upgrade misses)
   PUTS: 207317 # Clean evictions (from lower level)
   PUTX: 161650 # Dirty evictions (from lower level)
   INV: 0 # Invalidates (from upper level)
   INVX: 0 # Downgrades (from upper level)
   FWD: 0 # Forwards (from upper level)
   latGETnl: 56503392 # GET request latency on next level
   latGETnet: 0 # GET request latency on network to next level
  l3-0b7: # Cache stats
   hGETS: 834 # GETS hits
   hGETX: 25 # GETX hits
   mGETS: 239667 # GETS misses
   mGETXIM: 188257 # GETX I->M misses
   mGETXSM: 0 # GETX S->M misses (upgrade misses)
   PUTS: 207056 # Clean evictions (from lower level)
   PUTX: 161346 # Dirty evictions (from lower level)
   INV: 0 # Invalidates (from upper level)
   INVX: 0 # Downgrades (from upper level)
   FWD: 0 # Forwards (from upper level)
   latGETnl: 56485968 # GET request latency on next level
   latGETnet: 0 # GET request latency on network to next level
  l3-0b8: # Cache stats
   hGETS: 841 # GETS hits
   hGETX: 0 # GETX hits
   mGETS: 239659 # GETS misses
   mGETXIM: 188290 # GETX I->M misses
   mGETXSM: 0 # GETX S->M misses (upgrade misses)
   PUTS: 207144 # Clean evictions (from lower level)
   PUTX: 161439 # Dirty evictions (from lower level)
   INV: 0 # Invalidates (from upper level)
   INVX: 0 # Downgrades (from upper level)
   FWD: 0 # Forwards (from upper level)
   latGETnl: 56489268 # GET request latency on next level
   latGETnet: 0 # GET request latency on network to next level
  l3-0b9: # Cache stats
   hGETS: 794 # GETS hits
   hGETX: 4 # GETX hits
   mGETS: 239666 # GETS misses
   mGETXIM: 188365 # GETX I->M misses
   mGETXSM: 0 # GETX S->M misses (upgrade misses)
   PUTS: 207169 # Clean evictions (from lower level)
   PUTX: 161681 # Dirty evictions (from lower level)
   INV: 0 # Invalidates (from upper level)
   INVX: 0 # Downgrades (from upper level)
   FWD: 0 # Forwards (from upper level)
   latGETnl: 56500092 # GET request latency on next level
   latGETnet: 0 # GET request latency on network to next level
  l3-0b10: # Cache stats
   hGETS: 2114 # GETS hits
   hGETX: 84 # GETX hits
   mGETS: 239692 # GETS misses
   mGETXIM: 188311 # GETX I->M misses
   mGETXSM: 0 # GETX S->M misses (upgrade misses)
   PUTS: 208575 # Clean evictions (from lower level)
   PUTX: 161551 # Dirty evictions (from lower level)
   INV: 0 # Invalidates (from upper level)
   INVX: 0 # Downgrades (from upper level)
   FWD: 0 # Forwards (from upper level)
   latGETnl: 56496396 # GET request latency on next level
   latGETnet: 0 # GET request latency on network to next level
  l3-0b11: # Cache stats
   hGETS: 907 # GETS hits
   hGETX: 85 # GETX hits
   mGETS: 239692 # GETS misses
   mGETXIM: 188282 # GETX I->M misses
   mGETXSM: 0 # GETX S->M misses (upgrade misses)
   PUTS: 207196 # Clean evictions (from lower level)
   PUTX: 161431 # Dirty evictions (from lower level)
   INV: 0 # Invalidates (from upper level)
   INVX: 0 # Downgrades (from upper level)
   FWD: 0 # Forwards (from upper level)
   latGETnl: 56492568 # GET request latency on next level
   latGETnet: 0 # GET request latency on network to next level
  l3-0b12: # Cache stats
   hGETS: 1647 # GETS hits
   hGETX: 65 # GETX hits
   mGETS: 239686 # GETS misses
   mGETXIM: 188084 # GETX I->M misses
   mGETXSM: 0 # GETX S->M misses (upgrade misses)
   PUTS: 207956 # Clean evictions (from lower level)
   PUTX: 161178 # Dirty evictions (from lower level)
   INV: 0 # Invalidates (from upper level)
   INVX: 0 # Downgrades (from upper level)
   FWD: 0 # Forwards (from upper level)
   latGETnl: 56465640 # GET request latency on next level
   latGETnet: 0 # GET request latency on network to next level
  l3-0b13: # Cache stats
   hGETS: 1445 # GETS hits
   hGETX: 72 # GETX hits
   mGETS: 239688 # GETS misses
   mGETXIM: 188519 # GETX I->M misses
   mGETXSM: 0 # GETX S->M misses (upgrade misses)
   PUTS: 208047 # Clean evictions (from lower level)
   PUTX: 161524 # Dirty evictions (from lower level)
   INV: 0 # Invalidates (from upper level)
   INVX: 0 # Downgrades (from upper level)
   FWD: 0 # Forwards (from upper level)
   latGETnl: 56523324 # GET request latency on next level
   latGETnet: 0 # GET request latency on network to next level
  l3-0b14: # Cache stats
   hGETS: 1481 # GETS hits
   hGETX: 69 # GETX hits
   mGETS: 239674 # GETS misses
   mGETXIM: 188526 # GETX I->M misses
   mGETXSM: 0 # GETX S->M misses (upgrade misses)
   PUTS: 207718 # Clean evictions (from lower level)
   PUTX: 161720 # Dirty evictions (from lower level)
   INV: 0 # Invalidates (from upper level)
   INVX: 0 # Downgrades (from upper level)
   FWD: 0 # Forwards (from upper level)
   latGETnl: 56522400 # GET request latency on next level
   latGETnet: 0 # GET request latency on network to next level
  l3-0b15: # Cache stats
   hGETS: 1545 # GETS hits
   hGETX: 41 # GETX hits
   mGETS: 239678 # GETS misses
   mGETXIM: 188193 # GETX I->M misses
   mGETXSM: 0 # GETX S->M misses (upgrade misses)
   PUTS: 207960 # Clean evictions (from lower level)
   PUTX: 161378 # Dirty evictions (from lower level)
   INV: 0 # Invalidates (from upper level)
   INVX: 0 # Downgrades (from upper level)
   FWD: 0 # Forwards (from upper level)
   latGETnl: 56478972 # GET request latency on next level
   latGETnet: 0 # GET request latency on network to next level
  l3-0b16: # Cache stats
   hGETS: 1009 # GETS hits
   hGETX: 66 # GETX hits
   mGETS: 239605 # GETS misses
   mGETXIM: 188165 # GETX I->M misses
   mGETXSM: 0 # GETX S->M misses (upgrade misses)
   PUTS: 207234 # Clean evictions (from lower level)
   PUTX: 161301 # Dirty evictions (from lower level)
   INV: 0 # Invalidates (from upper level)
   INVX: 0 # Downgrades (from upper level)
   FWD: 0 # Forwards (from upper level)
   latGETnl: 56465640 # GET request latency on next level
   latGETnet: 0 # GET request latency on network to next level
  l3-0b17: # Cache stats
   hGETS: 936 # GETS hits
   hGETX: 70 # GETX hits
   mGETS: 239602 # GETS misses
   mGETXIM: 188249 # GETX I->M misses
   mGETXSM: 0 # GETX S->M misses (upgrade misses)
   PUTS: 207065 # Clean evictions (from lower level)
   PUTX: 161475 # Dirty evictions (from lower level)
   INV: 0 # Invalidates (from upper level)
   INVX: 0 # Downgrades (from upper level)
   FWD: 0 # Forwards (from upper level)
   latGETnl: 56476332 # GET request latency on next level
   latGETnet: 0 # GET request latency on network to next level
  l3-0b18: # Cache stats
   hGETS: 926 # GETS hits
   hGETX: 51 # GETX hits
   mGETS: 239592 # GETS misses
   mGETXIM: 188334 # GETX I->M misses
   mGETXSM: 0 # GETX S->M misses (upgrade misses)
   PUTS: 207264 # Clean evictions (from lower level)
   PUTX: 161521 # Dirty evictions (from lower level)
   INV: 0 # Invalidates (from upper level)
   INVX: 0 # Downgrades (from upper level)
   FWD: 0 # Forwards (from upper level)
   latGETnl: 56486232 # GET request latency on next level
   latGETnet: 0 # GET request latency on network to next level
  l3-0b19: # Cache stats
   hGETS: 965 # GETS hits
   hGETX: 70 # GETX hits
   mGETS: 239591 # GETS misses
   mGETXIM: 188152 # GETX I->M misses
   mGETXSM: 0 # GETX S->M misses (upgrade misses)
   PUTS: 207212 # Clean evictions (from lower level)
   PUTX: 161323 # Dirty evictions (from lower level)
   INV: 0 # Invalidates (from upper level)
   INVX: 0 # Downgrades (from upper level)
   FWD: 0 # Forwards (from upper level)
   latGETnl: 56462076 # GET request latency on next level
   latGETnet: 0 # GET request latency on network to next level
  l3-0b20: # Cache stats
   hGETS: 970 # GETS hits
   hGETX: 48 # GETX hits
   mGETS: 239591 # GETS misses
   mGETXIM: 188275 # GETX I->M misses
   mGETXSM: 0 # GETX S->M misses (upgrade misses)
   PUTS: 207276 # Clean evictions (from lower level)
   PUTX: 161366 # Dirty evictions (from lower level)
   INV: 0 # Invalidates (from upper level)
   INVX: 0 # Downgrades (from upper level)
   FWD: 0 # Forwards (from upper level)
   latGETnl: 56478312 # GET request latency on next level
   latGETnet: 0 # GET request latency on network to next level
  l3-0b21: # Cache stats
   hGETS: 966 # GETS hits
   hGETX: 50 # GETX hits
   mGETS: 239598 # GETS misses
   mGETXIM: 188215 # GETX I->M misses
   mGETXSM: 0 # GETX S->M misses (upgrade misses)
   PUTS: 207387 # Clean evictions (from lower level)
   PUTX: 161588 # Dirty evictions (from lower level)
   INV: 0 # Invalidates (from upper level)
   INVX: 0 # Downgrades (from upper level)
   FWD: 0 # Forwards (from upper level)
   latGETnl: 56471316 # GET request latency on next level
   latGETnet: 0 # GET request latency on network to next level
  l3-0b22: # Cache stats
   hGETS: 401 # GETS hits
   hGETX: 98 # GETX hits
   mGETS: 239614 # GETS misses
   mGETXIM: 188073 # GETX I->M misses
   mGETXSM: 0 # GETX S->M misses (upgrade misses)
   PUTS: 206790 # Clean evictions (from lower level)
   PUTX: 161386 # Dirty evictions (from lower level)
   INV: 0 # Invalidates (from upper level)
   INVX: 0 # Downgrades (from upper level)
   FWD: 0 # Forwards (from upper level)
   latGETnl: 56454684 # GET request latency on next level
   latGETnet: 0 # GET request latency on network to next level
  l3-0b23: # Cache stats
   hGETS: 1056 # GETS hits
   hGETX: 92 # GETX hits
   mGETS: 239612 # GETS misses
   mGETXIM: 188222 # GETX I->M misses
   mGETXSM: 0 # GETX S->M misses (upgrade misses)
   PUTS: 207142 # Clean evictions (from lower level)
   PUTX: 161422 # Dirty evictions (from lower level)
   INV: 0 # Invalidates (from upper level)
   INVX: 0 # Downgrades (from upper level)
   FWD: 0 # Forwards (from upper level)
   latGETnl: 56474088 # GET request latency on next level
   latGETnet: 0 # GET request latency on network to next level
 mem: # Memory controller stats
  mem-0: # Memory controller stats
   rd: 10270279 # Read requests
   wr: 4278504 # Write requests
   rdlat: 1453536452 # Total latency experienced by read requests
   wrlat: 607050744 # Total latency experienced by write requests
 sched: # Scheduler stats
  thCr: 25 # Threads created
  thFn: 25 # Threads finished
  schedEvs: 28 # Schedule events
  waitEvs: 2 # Wait events
  handoffEvs: 1 # Handoff events
  sleepEvs: 1 # Sleep events
  idlePhases: 0 # Phases with no thread active
  idlePeriods: 0 # Periods with no thread active
  occHist: # Occupancy histogram
   0: 0
   1: 24
   2: 0
   3: 1
   4: 2
   5: 1
   6: 0
   7: 1
   8: 0
   9: 0
   10: 0
   11: 1
   12: 0
   13: 1
   14: 0
   15: 0
   16: 0
   17: 1
   18: 0
   19: 0
   20: 0
   21: 1
   22: 0
   23: 278021
   24: 0
  rqSzHist: # Run queue size histogram
   0: 278031
   1: 23
   2: 0
   3: 0
   4: 0
   5: 0
   6: 0
   7: 0
   8: 0
   9: 0
   10: 0
   11: 0
   12: 0
   13: 0
   14: 0
   15: 0
   16: 0
   17: 0
   18: 0
   19: 0
   20: 0
   21: 0
   22: 0
   23: 0
   24: 0
 procCycles: # Per-process unhalted core cycles
  0: 6394593135
  1: 0
  2: 0
  3: 0
  4: 0
  5: 0
  6: 0
  7: 0
  8: 0
  9: 0
  10: 0
  11: 0
  12: 0
  13: 0
  14: 0
  15: 0
  16: 0
  17: 0
  18: 0
  19: 0
  20: 0
  21: 0
  22: 0
  23: 0
  24: 0
  25: 0
  26: 0
  27: 0
  28: 0
  29: 0
  30: 0
  31: 0
  32: 0
  33: 0
  34: 0
  35: 0
  36: 0
  37: 0
  38: 0
  39: 0
  40: 0
  41: 0
  42: 0
  43: 0
  44: 0
  45: 0
  46: 0
  47: 0
  48: 0
  49: 0
  50: 0
  51: 0
  52: 0
  53: 0
  54: 0
  55: 0
  56: 0
  57: 0
  58: 0
  59: 0
  60: 0
  61: 0
  62: 0
  63: 0
 procInstrs: # Per-process instructions
  0: 9499912041
  1: 0
  2: 0
  3: 0
  4: 0
  5: 0
  6: 0
  7: 0
  8: 0
  9: 0
  10: 0
  11: 0
  12: 0
  13: 0
  14: 0
  15: 0
  16: 0
  17: 0
  18: 0
  19: 0
  20: 0
  21: 0
  22: 0
  23: 0
  24: 0
  25: 0
  26: 0
  27: 0
  28: 0
  29: 0
  30: 0
  31: 0
  32: 0
  33: 0
  34: 0
  35: 0
  36: 0
  37: 0
  38: 0
  39: 0
  40: 0
  41: 0
  42: 0
  43: 0
  44: 0
  45: 0
  46: 0
  47: 0
  48: 0
  49: 0
  50: 0
  51: 0
  52: 0
  53: 0
  54: 0
  55: 0
  56: 0
  57: 0
  58: 0
  59: 0
  60: 0
  61: 0
  62: 0
  63: 0
 heartbeats: # Per-process heartbeats
  0: 0
  1: 0
  2: 0
  3: 0
  4: 0
  5: 0
  6: 0
  7: 0
  8: 0
  9: 0
  10: 0
  11: 0
  12: 0
  13: 0
  14: 0
  15: 0
  16: 0
  17: 0
  18: 0
  19: 0
  20: 0
  21: 0
  22: 0
  23: 0
  24: 0
  25: 0
  26: 0
  27: 0
  28: 0
  29: 0
  30: 0
  31: 0
  32: 0
  33: 0
  34: 0
  35: 0
  36: 0
  37: 0
  38: 0
  39: 0
  40: 0
  41: 0
  42: 0
  43: 0
  44: 0
  45: 0
  46: 0
  47: 0
  48: 0
  49: 0
  50: 0
  51: 0
  52: 0
  53: 0
  54: 0
  55: 0
  56: 0
  57: 0
  58: 0
  59: 0
  60: 0
  61: 0
  62: 0
  63: 0
===
