# zsim stats
===
root: # Stats
 contention: # Contention simulation stats
  domain-0: # Domain stats
   time: 13046099466 # Weave simulation time
 time: # Simulator time breakdown
  init: 3180139975
  bound: 126648725197
  weave: 21311625993
  ff: 367464
 trigger: 20000 # Reason for this stats dump
 phase: 163320 # Simulated phases
 reqCycles: 0 # Requeue Cycles
 skylake: # Core stats
  skylake-0: # Core stats
   cycles: 163320009 # Simulated unhalted cycles
   cCycles: 960589 # Cycles due to contention stalls
   instrs: 241866259 # Simulated instructions
   uops: 162983097 # issued micro-ops
   bbls: 80095393 # Basic blocks
   approxInstrs: 914087 # Instrs with approx uop decoding
   mispredBranches: 132973 # Mispredicted branches
   IdqNotDelivered: 162359420 # Stalls no uop delivered when no Bkend Stall
   IntMiscRecoveryCycles: 1079082 # Stalls waiting machine clears
   uops executed: 163529631 # Executed microoperations
  skylake-1: # Core stats
   cycles: 163284009 # Simulated unhalted cycles
   cCycles: 960596 # Cycles due to contention stalls
   instrs: 241866053 # Simulated instructions
   uops: 162982444 # issued micro-ops
   bbls: 80095489 # Basic blocks
   approxInstrs: 914092 # Instrs with approx uop decoding
   mispredBranches: 132937 # Mispredicted branches
   IdqNotDelivered: 162323413 # Stalls no uop delivered when no Bkend Stall
   IntMiscRecoveryCycles: 1069804 # Stalls waiting machine clears
   uops executed: 163529033 # Executed microoperations
  skylake-2: # Core stats
   cycles: 163282657 # Simulated unhalted cycles
   cCycles: 960706 # Cycles due to contention stalls
   instrs: 241871640 # Simulated instructions
   uops: 162985960 # issued micro-ops
   bbls: 80097412 # Basic blocks
   approxInstrs: 914110 # Instrs with approx uop decoding
   mispredBranches: 132946 # Mispredicted branches
   IdqNotDelivered: 162321951 # Stalls no uop delivered when no Bkend Stall
   IntMiscRecoveryCycles: 1070077 # Stalls waiting machine clears
   uops executed: 163532551 # Executed microoperations
  skylake-3: # Core stats
   cycles: 163282010 # Simulated unhalted cycles
   cCycles: 960594 # Cycles due to contention stalls
   instrs: 241864759 # Simulated instructions
   uops: 162981445 # issued micro-ops
   bbls: 80095093 # Basic blocks
   approxInstrs: 914082 # Instrs with approx uop decoding
   mispredBranches: 132937 # Mispredicted branches
   IdqNotDelivered: 162321416 # Stalls no uop delivered when no Bkend Stall
   IntMiscRecoveryCycles: 1070912 # Stalls waiting machine clears
   uops executed: 163528025 # Executed microoperations
  skylake-4: # Core stats
   cycles: 163280009 # Simulated unhalted cycles
   cCycles: 960597 # Cycles due to contention stalls
   instrs: 241866468 # Simulated instructions
   uops: 162982612 # issued micro-ops
   bbls: 80095657 # Basic blocks
   approxInstrs: 914091 # Instrs with approx uop decoding
   mispredBranches: 132938 # Mispredicted branches
   IdqNotDelivered: 162319412 # Stalls no uop delivered when no Bkend Stall
   IntMiscRecoveryCycles: 1070310 # Stalls waiting machine clears
   uops executed: 163529179 # Executed microoperations
  skylake-5: # Core stats
   cycles: 163279001 # Simulated unhalted cycles
   cCycles: 960597 # Cycles due to contention stalls
   instrs: 241865361 # Simulated instructions
   uops: 162981860 # issued micro-ops
   bbls: 80095292 # Basic blocks
   approxInstrs: 914084 # Instrs with approx uop decoding
   mispredBranches: 132937 # Mispredicted branches
   IdqNotDelivered: 162318404 # Stalls no uop delivered when no Bkend Stall
   IntMiscRecoveryCycles: 1070204 # Stalls waiting machine clears
   uops executed: 163528422 # Executed microoperations
  skylake-6: # Core stats
   cycles: 163278010 # Simulated unhalted cycles
   cCycles: 960647 # Cycles due to contention stalls
   instrs: 241876194 # Simulated instructions
   uops: 162988830 # issued micro-ops
   bbls: 80098952 # Basic blocks
   approxInstrs: 914125 # Instrs with approx uop decoding
   mispredBranches: 132938 # Mispredicted branches
   IdqNotDelivered: 162317363 # Stalls no uop delivered when no Bkend Stall
   IntMiscRecoveryCycles: 1069032 # Stalls waiting machine clears
   uops executed: 163535416 # Executed microoperations
  skylake-7: # Core stats
   cycles: 163278009 # Simulated unhalted cycles
   cCycles: 960684 # Cycles due to contention stalls
   instrs: 241858717 # Simulated instructions
   uops: 162977380 # issued micro-ops
   bbls: 80093091 # Basic blocks
   approxInstrs: 914062 # Instrs with approx uop decoding
   mispredBranches: 132935 # Mispredicted branches
   IdqNotDelivered: 162317325 # Stalls no uop delivered when no Bkend Stall
   IntMiscRecoveryCycles: 1070057 # Stalls waiting machine clears
   uops executed: 163523923 # Executed microoperations
  skylake-8: # Core stats
   cycles: 163276795 # Simulated unhalted cycles
   cCycles: 960607 # Cycles due to contention stalls
   instrs: 241864946 # Simulated instructions
   uops: 162981263 # issued micro-ops
   bbls: 80095226 # Basic blocks
   approxInstrs: 914085 # Instrs with approx uop decoding
   mispredBranches: 132932 # Mispredicted branches
   IdqNotDelivered: 162316188 # Stalls no uop delivered when no Bkend Stall
   IntMiscRecoveryCycles: 1070777 # Stalls waiting machine clears
   uops executed: 163527834 # Executed microoperations
  skylake-9: # Core stats
   cycles: 163277310 # Simulated unhalted cycles
   cCycles: 960656 # Cycles due to contention stalls
   instrs: 241877671 # Simulated instructions
   uops: 162989827 # issued micro-ops
   bbls: 80099443 # Basic blocks
   approxInstrs: 914127 # Instrs with approx uop decoding
   mispredBranches: 132941 # Mispredicted branches
   IdqNotDelivered: 162316654 # Stalls no uop delivered when no Bkend Stall
   IntMiscRecoveryCycles: 1069858 # Stalls waiting machine clears
   uops executed: 163536399 # Executed microoperations
  skylake-10: # Core stats
   cycles: 163276795 # Simulated unhalted cycles
   cCycles: 960695 # Cycles due to contention stalls
   instrs: 241874918 # Simulated instructions
   uops: 162987969 # issued micro-ops
   bbls: 80098530 # Basic blocks
   approxInstrs: 914120 # Instrs with approx uop decoding
   mispredBranches: 132937 # Mispredicted branches
   IdqNotDelivered: 162316100 # Stalls no uop delivered when no Bkend Stall
   IntMiscRecoveryCycles: 1069034 # Stalls waiting machine clears
   uops executed: 163534553 # Executed microoperations
  skylake-11: # Core stats
   cycles: 163277009 # Simulated unhalted cycles
   cCycles: 960649 # Cycles due to contention stalls
   instrs: 241877502 # Simulated instructions
   uops: 162990014 # issued micro-ops
   bbls: 80099231 # Basic blocks
   approxInstrs: 914128 # Instrs with approx uop decoding
   mispredBranches: 132945 # Mispredicted branches
   IdqNotDelivered: 162316360 # Stalls no uop delivered when no Bkend Stall
   IntMiscRecoveryCycles: 1068788 # Stalls waiting machine clears
   uops executed: 163536635 # Executed microoperations
  skylake-12: # Core stats
   cycles: 163275795 # Simulated unhalted cycles
   cCycles: 960652 # Cycles due to contention stalls
   instrs: 241873295 # Simulated instructions
   uops: 162986876 # issued micro-ops
   bbls: 80097993 # Basic blocks
   approxInstrs: 914113 # Instrs with approx uop decoding
   mispredBranches: 132936 # Mispredicted branches
   IdqNotDelivered: 162315143 # Stalls no uop delivered when no Bkend Stall
   IntMiscRecoveryCycles: 1068047 # Stalls waiting machine clears
   uops executed: 163533458 # Executed microoperations
  skylake-13: # Core stats
   cycles: 163276010 # Simulated unhalted cycles
   cCycles: 960599 # Cycles due to contention stalls
   instrs: 241865415 # Simulated instructions
   uops: 162981559 # issued micro-ops
   bbls: 80095384 # Basic blocks
   approxInstrs: 914084 # Instrs with approx uop decoding
   mispredBranches: 132926 # Mispredicted branches
   IdqNotDelivered: 162315411 # Stalls no uop delivered when no Bkend Stall
   IntMiscRecoveryCycles: 1070304 # Stalls waiting machine clears
   uops executed: 163528164 # Executed microoperations
  skylake-14: # Core stats
   cycles: 163274794 # Simulated unhalted cycles
   cCycles: 960621 # Cycles due to contention stalls
   instrs: 241865018 # Simulated instructions
   uops: 162981311 # issued micro-ops
   bbls: 80095250 # Basic blocks
   approxInstrs: 914085 # Instrs with approx uop decoding
   mispredBranches: 132932 # Mispredicted branches
   IdqNotDelivered: 162314173 # Stalls no uop delivered when no Bkend Stall
   IntMiscRecoveryCycles: 1070236 # Stalls waiting machine clears
   uops executed: 163527882 # Executed microoperations
  skylake-15: # Core stats
   cycles: 163274794 # Simulated unhalted cycles
   cCycles: 960598 # Cycles due to contention stalls
   instrs: 241865000 # Simulated instructions
   uops: 162981299 # issued micro-ops
   bbls: 80095244 # Basic blocks
   approxInstrs: 914085 # Instrs with approx uop decoding
   mispredBranches: 132932 # Mispredicted branches
   IdqNotDelivered: 162314196 # Stalls no uop delivered when no Bkend Stall
   IntMiscRecoveryCycles: 1070240 # Stalls waiting machine clears
   uops executed: 163527870 # Executed microoperations
  skylake-16: # Core stats
   cycles: 163274794 # Simulated unhalted cycles
   cCycles: 960641 # Cycles due to contention stalls
   instrs: 241848207 # Simulated instructions
   uops: 162972026 # issued micro-ops
   bbls: 80088944 # Basic blocks
   approxInstrs: 914000 # Instrs with approx uop decoding
   mispredBranches: 133025 # Mispredicted branches
   IdqNotDelivered: 162314153 # Stalls no uop delivered when no Bkend Stall
   IntMiscRecoveryCycles: 1071831 # Stalls waiting machine clears
   uops executed: 163518702 # Executed microoperations
  skylake-17: # Core stats
   cycles: 163275009 # Simulated unhalted cycles
   cCycles: 960657 # Cycles due to contention stalls
   instrs: 241876477 # Simulated instructions
   uops: 162989002 # issued micro-ops
   bbls: 80099048 # Basic blocks
   approxInstrs: 914124 # Instrs with approx uop decoding
   mispredBranches: 132932 # Mispredicted branches
   IdqNotDelivered: 162314352 # Stalls no uop delivered when no Bkend Stall
   IntMiscRecoveryCycles: 1067714 # Stalls waiting machine clears
   uops executed: 163535622 # Executed microoperations
  skylake-18: # Core stats
   cycles: 163273795 # Simulated unhalted cycles
   cCycles: 960645 # Cycles due to contention stalls
   instrs: 241877205 # Simulated instructions
   uops: 162989504 # issued micro-ops
   bbls: 80099289 # Basic blocks
   approxInstrs: 914125 # Instrs with approx uop decoding
   mispredBranches: 132938 # Mispredicted branches
   IdqNotDelivered: 162313150 # Stalls no uop delivered when no Bkend Stall
   IntMiscRecoveryCycles: 1067844 # Stalls waiting machine clears
   uops executed: 163536090 # Executed microoperations
  skylake-19: # Core stats
   cycles: 163273786 # Simulated unhalted cycles
   cCycles: 960592 # Cycles due to contention stalls
   instrs: 241864892 # Simulated instructions
   uops: 162981213 # issued micro-ops
   bbls: 80095212 # Basic blocks
   approxInstrs: 914078 # Instrs with approx uop decoding
   mispredBranches: 132931 # Mispredicted branches
   IdqNotDelivered: 162313194 # Stalls no uop delivered when no Bkend Stall
   IntMiscRecoveryCycles: 1070232 # Stalls waiting machine clears
   uops executed: 163527779 # Executed microoperations
  skylake-20: # Core stats
   cycles: 163273795 # Simulated unhalted cycles
   cCycles: 960642 # Cycles due to contention stalls
   instrs: 241873448 # Simulated instructions
   uops: 162986978 # issued micro-ops
   bbls: 80098044 # Basic blocks
   approxInstrs: 914113 # Instrs with approx uop decoding
   mispredBranches: 132936 # Mispredicted branches
   IdqNotDelivered: 162313153 # Stalls no uop delivered when no Bkend Stall
   IntMiscRecoveryCycles: 1067975 # Stalls waiting machine clears
   uops executed: 163533560 # Executed microoperations
  skylake-21: # Core stats
   cycles: 163272794 # Simulated unhalted cycles
   cCycles: 960621 # Cycles due to contention stalls
   instrs: 241862054 # Simulated instructions
   uops: 162979307 # issued micro-ops
   bbls: 80094270 # Basic blocks
   approxInstrs: 914071 # Instrs with approx uop decoding
   mispredBranches: 132928 # Mispredicted branches
   IdqNotDelivered: 162312173 # Stalls no uop delivered when no Bkend Stall
   IntMiscRecoveryCycles: 1070177 # Stalls waiting machine clears
   uops executed: 163525875 # Executed microoperations
  skylake-22: # Core stats
   cycles: 163272795 # Simulated unhalted cycles
   cCycles: 960636 # Cycles due to contention stalls
   instrs: 241872311 # Simulated instructions
   uops: 162986220 # issued micro-ops
   bbls: 80097665 # Basic blocks
   approxInstrs: 914113 # Instrs with approx uop decoding
   mispredBranches: 132936 # Mispredicted branches
   IdqNotDelivered: 162312159 # Stalls no uop delivered when no Bkend Stall
   IntMiscRecoveryCycles: 1067975 # Stalls waiting machine clears
   uops executed: 163532802 # Executed microoperations
  skylake-23: # Core stats
   cycles: 0 # Simulated unhalted cycles
   cCycles: 0 # Cycles due to contention stalls
   instrs: 0 # Simulated instructions
   uops: 0 # issued micro-ops
   bbls: 0 # Basic blocks
   approxInstrs: 0 # Instrs with approx uop decoding
   mispredBranches: 0 # Mispredicted branches
   IdqNotDelivered: 0 # Stalls no uop delivered when no Bkend Stall
   IntMiscRecoveryCycles: 0 # Stalls waiting machine clears
   uops executed: 0 # Executed microoperations
 l1d: # Cache stats
  l1d-0: # Filter cache stats
   fhGETS: 903456 # Filtered GETS hits
   fhGETX: 520082 # Filtered GETX hits
   hGETS: 144667 # GETS hits
   hGETX: 152407 # GETX hits
   mGETS: 250244 # GETS misses
   mGETXIM: 140739 # GETX I->M misses
   mGETXSM: 6 # GETX S->M misses (upgrade misses)
   PUTS: 0 # Clean evictions (from lower level)
   PUTX: 0 # Dirty evictions (from lower level)
   INV: 111 # Invalidates (from upper level)
   INVX: 90 # Downgrades (from upper level)
   FWD: 0 # Forwards (from upper level)
   latGETnl: 106312078 # GET request latency on next level
   latGETnet: 0 # GET request latency on network to next level
  l1d-1: # Filter cache stats
   fhGETS: 903202 # Filtered GETS hits
   fhGETX: 519917 # Filtered GETX hits
   hGETS: 144588 # GETS hits
   hGETX: 152372 # GETX hits
   mGETS: 250201 # GETS misses
   mGETXIM: 140710 # GETX I->M misses
   mGETXSM: 9 # GETX S->M misses (upgrade misses)
   PUTS: 0 # Clean evictions (from lower level)
   PUTX: 0 # Dirty evictions (from lower level)
   INV: 100 # Invalidates (from upper level)
   INVX: 27 # Downgrades (from upper level)
   FWD: 0 # Forwards (from upper level)
   latGETnl: 106282749 # GET request latency on next level
   latGETnet: 0 # GET request latency on network to next level
  l1d-2: # Filter cache stats
   fhGETS: 903102 # Filtered GETS hits
   fhGETX: 523765 # Filtered GETX hits
   hGETS: 144543 # GETS hits
   hGETX: 148491 # GETX hits
   mGETS: 250226 # GETS misses
   mGETXIM: 140668 # GETX I->M misses
   mGETXSM: 5 # GETX S->M misses (upgrade misses)
   PUTS: 0 # Clean evictions (from lower level)
   PUTX: 0 # Dirty evictions (from lower level)
   INV: 67 # Invalidates (from upper level)
   INVX: 6 # Downgrades (from upper level)
   FWD: 0 # Forwards (from upper level)
   latGETnl: 106284463 # GET request latency on next level
   latGETnet: 0 # GET request latency on network to next level
  l1d-3: # Filter cache stats
   fhGETS: 903127 # Filtered GETS hits
   fhGETX: 523785 # Filtered GETX hits
   hGETS: 144595 # GETS hits
   hGETX: 148456 # GETX hits
   mGETS: 250189 # GETS misses
   mGETXIM: 140709 # GETX I->M misses
   mGETXSM: 8 # GETX S->M misses (upgrade misses)
   PUTS: 0 # Clean evictions (from lower level)
   PUTX: 0 # Dirty evictions (from lower level)
   INV: 92 # Invalidates (from upper level)
   INVX: 26 # Downgrades (from upper level)
   FWD: 0 # Forwards (from upper level)
   latGETnl: 106282062 # GET request latency on next level
   latGETnet: 0 # GET request latency on network to next level
  l1d-4: # Filter cache stats
   fhGETS: 903140 # Filtered GETS hits
   fhGETX: 519880 # Filtered GETX hits
   hGETS: 144599 # GETS hits
   hGETX: 152355 # GETX hits
   mGETS: 250186 # GETS misses
   mGETXIM: 140724 # GETX I->M misses
   mGETXSM: 11 # GETX S->M misses (upgrade misses)
   PUTS: 0 # Clean evictions (from lower level)
   PUTX: 0 # Dirty evictions (from lower level)
   INV: 99 # Invalidates (from upper level)
   INVX: 24 # Downgrades (from upper level)
   FWD: 0 # Forwards (from upper level)
   latGETnl: 106279548 # GET request latency on next level
   latGETnet: 0 # GET request latency on network to next level
  l1d-5: # Filter cache stats
   fhGETS: 903144 # Filtered GETS hits
   fhGETX: 519890 # Filtered GETX hits
   hGETS: 144580 # GETS hits
   hGETX: 152353 # GETX hits
   mGETS: 250192 # GETS misses
   mGETXIM: 140711 # GETX I->M misses
   mGETXSM: 9 # GETX S->M misses (upgrade misses)
   PUTS: 0 # Clean evictions (from lower level)
   PUTX: 0 # Dirty evictions (from lower level)
   INV: 96 # Invalidates (from upper level)
   INVX: 18 # Downgrades (from upper level)
   FWD: 0 # Forwards (from upper level)
   latGETnl: 106278689 # GET request latency on next level
   latGETnet: 0 # GET request latency on network to next level
  l1d-6: # Filter cache stats
   fhGETS: 903021 # Filtered GETS hits
   fhGETX: 523716 # Filtered GETX hits
   hGETS: 144564 # GETS hits
   hGETX: 148488 # GETX hits
   mGETS: 250214 # GETS misses
   mGETXIM: 140673 # GETX I->M misses
   mGETXSM: 4 # GETX S->M misses (upgrade misses)
   PUTS: 0 # Clean evictions (from lower level)
   PUTX: 0 # Dirty evictions (from lower level)
   INV: 72 # Invalidates (from upper level)
   INVX: 10 # Downgrades (from upper level)
   FWD: 0 # Forwards (from upper level)
   latGETnl: 106282624 # GET request latency on next level
   latGETnet: 0 # GET request latency on network to next level
  l1d-7: # Filter cache stats
   fhGETS: 903093 # Filtered GETS hits
   fhGETX: 523754 # Filtered GETX hits
   hGETS: 144587 # GETS hits
   hGETX: 148507 # GETX hits
   mGETS: 250205 # GETS misses
   mGETXIM: 140669 # GETX I->M misses
   mGETXSM: 8 # GETX S->M misses (upgrade misses)
   PUTS: 0 # Clean evictions (from lower level)
   PUTX: 0 # Dirty evictions (from lower level)
   INV: 76 # Invalidates (from upper level)
   INVX: 19 # Downgrades (from upper level)
   FWD: 0 # Forwards (from upper level)
   latGETnl: 106281048 # GET request latency on next level
   latGETnet: 0 # GET request latency on network to next level
  l1d-8: # Filter cache stats
   fhGETS: 902994 # Filtered GETS hits
   fhGETX: 519803 # Filtered GETX hits
   hGETS: 144571 # GETS hits
   hGETX: 152333 # GETX hits
   mGETS: 250167 # GETS misses
   mGETXIM: 140714 # GETX I->M misses
   mGETXSM: 4 # GETX S->M misses (upgrade misses)
   PUTS: 0 # Clean evictions (from lower level)
   PUTX: 0 # Dirty evictions (from lower level)
   INV: 82 # Invalidates (from upper level)
   INVX: 18 # Downgrades (from upper level)
   FWD: 0 # Forwards (from upper level)
   latGETnl: 106276886 # GET request latency on next level
   latGETnet: 0 # GET request latency on network to next level
  l1d-9: # Filter cache stats
   fhGETS: 903057 # Filtered GETS hits
   fhGETX: 519832 # Filtered GETX hits
   hGETS: 144552 # GETS hits
   hGETX: 152329 # GETX hits
   mGETS: 250200 # GETS misses
   mGETXIM: 140715 # GETX I->M misses
   mGETXSM: 6 # GETX S->M misses (upgrade misses)
   PUTS: 0 # Clean evictions (from lower level)
   PUTX: 0 # Dirty evictions (from lower level)
   INV: 97 # Invalidates (from upper level)
   INVX: 22 # Downgrades (from upper level)
   FWD: 0 # Forwards (from upper level)
   latGETnl: 106283120 # GET request latency on next level
   latGETnet: 0 # GET request latency on network to next level
  l1d-10: # Filter cache stats
   fhGETS: 903022 # Filtered GETS hits
   fhGETX: 523716 # Filtered GETX hits
   hGETS: 144560 # GETS hits
   hGETX: 148481 # GETX hits
   mGETS: 250207 # GETS misses
   mGETXIM: 140674 # GETX I->M misses
   mGETXSM: 6 # GETX S->M misses (upgrade misses)
   PUTS: 0 # Clean evictions (from lower level)
   PUTX: 0 # Dirty evictions (from lower level)
   INV: 69 # Invalidates (from upper level)
   INVX: 9 # Downgrades (from upper level)
   FWD: 0 # Forwards (from upper level)
   latGETnl: 106281606 # GET request latency on next level
   latGETnet: 0 # GET request latency on network to next level
  l1d-11: # Filter cache stats
   fhGETS: 903219 # Filtered GETS hits
   fhGETX: 519944 # Filtered GETX hits
   hGETS: 144600 # GETS hits
   hGETX: 152333 # GETX hits
   mGETS: 250215 # GETS misses
   mGETXIM: 140737 # GETX I->M misses
   mGETXSM: 10 # GETX S->M misses (upgrade misses)
   PUTS: 0 # Clean evictions (from lower level)
   PUTX: 0 # Dirty evictions (from lower level)
   INV: 111 # Invalidates (from upper level)
   INVX: 13 # Downgrades (from upper level)
   FWD: 0 # Forwards (from upper level)
   latGETnl: 106287592 # GET request latency on next level
   latGETnet: 0 # GET request latency on network to next level
  l1d-12: # Filter cache stats
   fhGETS: 903008 # Filtered GETS hits
   fhGETX: 523700 # Filtered GETX hits
   hGETS: 144544 # GETS hits
   hGETX: 148508 # GETX hits
   mGETS: 250225 # GETS misses
   mGETXIM: 140660 # GETX I->M misses
   mGETXSM: 5 # GETX S->M misses (upgrade misses)
   PUTS: 0 # Clean evictions (from lower level)
   PUTX: 0 # Dirty evictions (from lower level)
   INV: 75 # Invalidates (from upper level)
   INVX: 5 # Downgrades (from upper level)
   FWD: 0 # Forwards (from upper level)
   latGETnl: 106284279 # GET request latency on next level
   latGETnet: 0 # GET request latency on network to next level
  l1d-13: # Filter cache stats
   fhGETS: 902996 # Filtered GETS hits
   fhGETX: 519807 # Filtered GETX hits
   hGETS: 144564 # GETS hits
   hGETX: 152323 # GETX hits
   mGETS: 250166 # GETS misses
   mGETXIM: 140714 # GETX I->M misses
   mGETXSM: 5 # GETX S->M misses (upgrade misses)
   PUTS: 0 # Clean evictions (from lower level)
   PUTX: 0 # Dirty evictions (from lower level)
   INV: 81 # Invalidates (from upper level)
   INVX: 11 # Downgrades (from upper level)
   FWD: 0 # Forwards (from upper level)
   latGETnl: 106275212 # GET request latency on next level
   latGETnet: 0 # GET request latency on network to next level
  l1d-14: # Filter cache stats
   fhGETS: 902987 # Filtered GETS hits
   fhGETX: 519796 # Filtered GETX hits
   hGETS: 144576 # GETS hits
   hGETX: 152342 # GETX hits
   mGETS: 250169 # GETS misses
   mGETXIM: 140710 # GETX I->M misses
   mGETXSM: 6 # GETX S->M misses (upgrade misses)
   PUTS: 0 # Clean evictions (from lower level)
   PUTX: 0 # Dirty evictions (from lower level)
   INV: 82 # Invalidates (from upper level)
   INVX: 2 # Downgrades (from upper level)
   FWD: 0 # Forwards (from upper level)
   latGETnl: 106273469 # GET request latency on next level
   latGETnet: 0 # GET request latency on network to next level
  l1d-15: # Filter cache stats
   fhGETS: 902982 # Filtered GETS hits
   fhGETX: 523694 # Filtered GETX hits
   hGETS: 144562 # GETS hits
   hGETX: 148473 # GETX hits
   mGETS: 250188 # GETS misses
   mGETXIM: 140681 # GETX I->M misses
   mGETXSM: 6 # GETX S->M misses (upgrade misses)
   PUTS: 0 # Clean evictions (from lower level)
   PUTX: 0 # Dirty evictions (from lower level)
   INV: 70 # Invalidates (from upper level)
   INVX: 4 # Downgrades (from upper level)
   FWD: 0 # Forwards (from upper level)
   latGETnl: 106277330 # GET request latency on next level
   latGETnet: 0 # GET request latency on network to next level
  l1d-16: # Filter cache stats
   fhGETS: 904398 # Filtered GETS hits
   fhGETX: 524246 # Filtered GETX hits
   hGETS: 144887 # GETS hits
   hGETX: 148505 # GETX hits
   mGETS: 250244 # GETS misses
   mGETXIM: 140682 # GETX I->M misses
   mGETXSM: 16 # GETX S->M misses (upgrade misses)
   PUTS: 0 # Clean evictions (from lower level)
   PUTX: 0 # Dirty evictions (from lower level)
   INV: 79 # Invalidates (from upper level)
   INVX: 2 # Downgrades (from upper level)
   FWD: 0 # Forwards (from upper level)
   latGETnl: 106280744 # GET request latency on next level
   latGETnet: 0 # GET request latency on network to next level
  l1d-17: # Filter cache stats
   fhGETS: 903043 # Filtered GETS hits
   fhGETX: 523727 # Filtered GETX hits
   hGETS: 144554 # GETS hits
   hGETX: 148466 # GETX hits
   mGETS: 250196 # GETS misses
   mGETXIM: 140678 # GETX I->M misses
   mGETXSM: 5 # GETX S->M misses (upgrade misses)
   PUTS: 0 # Clean evictions (from lower level)
   PUTX: 0 # Dirty evictions (from lower level)
   INV: 60 # Invalidates (from upper level)
   INVX: 9 # Downgrades (from upper level)
   FWD: 0 # Forwards (from upper level)
   latGETnl: 106279402 # GET request latency on next level
   latGETnet: 0 # GET request latency on network to next level
  l1d-18: # Filter cache stats
   fhGETS: 903053 # Filtered GETS hits
   fhGETX: 519828 # Filtered GETX hits
   hGETS: 144546 # GETS hits
   hGETX: 152335 # GETX hits
   mGETS: 250200 # GETS misses
   mGETXIM: 140712 # GETX I->M misses
   mGETXSM: 6 # GETX S->M misses (upgrade misses)
   PUTS: 0 # Clean evictions (from lower level)
   PUTX: 0 # Dirty evictions (from lower level)
   INV: 96 # Invalidates (from upper level)
   INVX: 2 # Downgrades (from upper level)
   FWD: 0 # Forwards (from upper level)
   latGETnl: 106278831 # GET request latency on next level
   latGETnet: 0 # GET request latency on network to next level
  l1d-19: # Filter cache stats
   fhGETS: 903001 # Filtered GETS hits
   fhGETX: 523716 # Filtered GETX hits
   hGETS: 144556 # GETS hits
   hGETX: 148416 # GETX hits
   mGETS: 250166 # GETS misses
   mGETXIM: 140709 # GETX I->M misses
   mGETXSM: 6 # GETX S->M misses (upgrade misses)
   PUTS: 0 # Clean evictions (from lower level)
   PUTX: 0 # Dirty evictions (from lower level)
   INV: 80 # Invalidates (from upper level)
   INVX: 2 # Downgrades (from upper level)
   FWD: 0 # Forwards (from upper level)
   latGETnl: 106271467 # GET request latency on next level
   latGETnet: 0 # GET request latency on network to next level
  l1d-20: # Filter cache stats
   fhGETS: 902985 # Filtered GETS hits
   fhGETX: 523692 # Filtered GETX hits
   hGETS: 144568 # GETS hits
   hGETX: 148515 # GETX hits
   mGETS: 250224 # GETS misses
   mGETXIM: 140661 # GETX I->M misses
   mGETXSM: 5 # GETX S->M misses (upgrade misses)
   PUTS: 0 # Clean evictions (from lower level)
   PUTX: 0 # Dirty evictions (from lower level)
   INV: 75 # Invalidates (from upper level)
   INVX: 2 # Downgrades (from upper level)
   FWD: 0 # Forwards (from upper level)
   latGETnl: 106282662 # GET request latency on next level
   latGETnet: 0 # GET request latency on network to next level
  l1d-21: # Filter cache stats
   fhGETS: 902980 # Filtered GETS hits
   fhGETX: 523697 # Filtered GETX hits
   hGETS: 144557 # GETS hits
   hGETX: 148467 # GETX hits
   mGETS: 250177 # GETS misses
   mGETXIM: 140670 # GETX I->M misses
   mGETXSM: 6 # GETX S->M misses (upgrade misses)
   PUTS: 0 # Clean evictions (from lower level)
   PUTX: 0 # Dirty evictions (from lower level)
   INV: 54 # Invalidates (from upper level)
   INVX: 2 # Downgrades (from upper level)
   FWD: 0 # Forwards (from upper level)
   latGETnl: 106272401 # GET request latency on next level
   latGETnet: 0 # GET request latency on network to next level
  l1d-22: # Filter cache stats
   fhGETS: 903019 # Filtered GETS hits
   fhGETX: 523711 # Filtered GETX hits
   hGETS: 144545 # GETS hits
   hGETX: 148477 # GETX hits
   mGETS: 250213 # GETS misses
   mGETXIM: 140679 # GETX I->M misses
   mGETXSM: 6 # GETX S->M misses (upgrade misses)
   PUTS: 0 # Clean evictions (from lower level)
   PUTX: 0 # Dirty evictions (from lower level)
   INV: 81 # Invalidates (from upper level)
   INVX: 2 # Downgrades (from upper level)
   FWD: 0 # Forwards (from upper level)
   latGETnl: 106280366 # GET request latency on next level
   latGETnet: 0 # GET request latency on network to next level
  l1d-23: # Filter cache stats
   fhGETS: 0 # Filtered GETS hits
   fhGETX: 0 # Filtered GETX hits
   hGETS: 0 # GETS hits
   hGETX: 0 # GETX hits
   mGETS: 0 # GETS misses
   mGETXIM: 0 # GETX I->M misses
   mGETXSM: 0 # GETX S->M misses (upgrade misses)
   PUTS: 0 # Clean evictions (from lower level)
   PUTX: 0 # Dirty evictions (from lower level)
   INV: 0 # Invalidates (from upper level)
   INVX: 0 # Downgrades (from upper level)
   FWD: 0 # Forwards (from upper level)
   latGETnl: 0 # GET request latency on next level
   latGETnet: 0 # GET request latency on network to next level
 l1i: # Cache stats
  l1i-0: # Filter cache stats
   fhGETS: 80868225 # Filtered GETS hits
   fhGETX: 0 # Filtered GETX hits
   hGETS: 45 # GETS hits
   hGETX: 0 # GETX hits
   mGETS: 966 # GETS misses
   mGETXIM: 0 # GETX I->M misses
   mGETXSM: 0 # GETX S->M misses (upgrade misses)
   PUTS: 0 # Clean evictions (from lower level)
   PUTX: 0 # Dirty evictions (from lower level)
   INV: 942 # Invalidates (from upper level)
   INVX: 0 # Downgrades (from upper level)
   FWD: 0 # Forwards (from upper level)
   latGETnl: 85002 # GET request latency on next level
   latGETnet: 0 # GET request latency on network to next level
  l1i-1: # Filter cache stats
   fhGETS: 80868368 # Filtered GETS hits
   fhGETX: 0 # Filtered GETX hits
   hGETS: 37 # GETS hits
   hGETX: 0 # GETX hits
   mGETS: 868 # GETS misses
   mGETXIM: 0 # GETX I->M misses
   mGETXSM: 0 # GETX S->M misses (upgrade misses)
   PUTS: 0 # Clean evictions (from lower level)
   PUTX: 0 # Dirty evictions (from lower level)
   INV: 844 # Invalidates (from upper level)
   INVX: 0 # Downgrades (from upper level)
   FWD: 0 # Forwards (from upper level)
   latGETnl: 46196 # GET request latency on next level
   latGETnet: 0 # GET request latency on network to next level
  l1i-2: # Filter cache stats
   fhGETS: 80870621 # Filtered GETS hits
   fhGETX: 0 # Filtered GETX hits
   hGETS: 33 # GETS hits
   hGETX: 0 # GETX hits
   mGETS: 663 # GETS misses
   mGETXIM: 0 # GETX I->M misses
   mGETXSM: 0 # GETX S->M misses (upgrade misses)
   PUTS: 0 # Clean evictions (from lower level)
   PUTX: 0 # Dirty evictions (from lower level)
   INV: 639 # Invalidates (from upper level)
   INVX: 0 # Downgrades (from upper level)
   FWD: 0 # Forwards (from upper level)
   latGETnl: 41061 # GET request latency on next level
   latGETnet: 0 # GET request latency on network to next level
  l1i-3: # Filter cache stats
   fhGETS: 80867918 # Filtered GETS hits
   fhGETX: 0 # Filtered GETX hits
   hGETS: 30 # GETS hits
   hGETX: 0 # GETX hits
   mGETS: 877 # GETS misses
   mGETXIM: 0 # GETX I->M misses
   mGETXSM: 0 # GETX S->M misses (upgrade misses)
   PUTS: 0 # Clean evictions (from lower level)
   PUTX: 0 # Dirty evictions (from lower level)
   INV: 853 # Invalidates (from upper level)
   INVX: 0 # Downgrades (from upper level)
   FWD: 0 # Forwards (from upper level)
   latGETnl: 46169 # GET request latency on next level
   latGETnet: 0 # GET request latency on network to next level
  l1i-4: # Filter cache stats
   fhGETS: 80868547 # Filtered GETS hits
   fhGETX: 0 # Filtered GETX hits
   hGETS: 31 # GETS hits
   hGETX: 0 # GETX hits
   mGETS: 877 # GETS misses
   mGETXIM: 0 # GETX I->M misses
   mGETXSM: 0 # GETX S->M misses (upgrade misses)
   PUTS: 0 # Clean evictions (from lower level)
   PUTX: 0 # Dirty evictions (from lower level)
   INV: 853 # Invalidates (from upper level)
   INVX: 0 # Downgrades (from upper level)
   FWD: 0 # Forwards (from upper level)
   latGETnl: 41894 # GET request latency on next level
   latGETnet: 0 # GET request latency on network to next level
  l1i-5: # Filter cache stats
   fhGETS: 80868170 # Filtered GETS hits
   fhGETX: 0 # Filtered GETX hits
   hGETS: 31 # GETS hits
   hGETX: 0 # GETX hits
   mGETS: 878 # GETS misses
   mGETXIM: 0 # GETX I->M misses
   mGETXSM: 0 # GETX S->M misses (upgrade misses)
   PUTS: 0 # Clean evictions (from lower level)
   PUTX: 0 # Dirty evictions (from lower level)
   INV: 854 # Invalidates (from upper level)
   INVX: 0 # Downgrades (from upper level)
   FWD: 0 # Forwards (from upper level)
   latGETnl: 41491 # GET request latency on next level
   latGETnet: 0 # GET request latency on network to next level
  l1i-6: # Filter cache stats
   fhGETS: 80872176 # Filtered GETS hits
   fhGETX: 0 # Filtered GETX hits
   hGETS: 29 # GETS hits
   hGETX: 0 # GETX hits
   mGETS: 615 # GETS misses
   mGETXIM: 0 # GETX I->M misses
   mGETXSM: 0 # GETX S->M misses (upgrade misses)
   PUTS: 0 # Clean evictions (from lower level)
   PUTX: 0 # Dirty evictions (from lower level)
   INV: 591 # Invalidates (from upper level)
   INVX: 0 # Downgrades (from upper level)
   FWD: 0 # Forwards (from upper level)
   latGETnl: 33855 # GET request latency on next level
   latGETnet: 0 # GET request latency on network to next level
  l1i-7: # Filter cache stats
   fhGETS: 80865963 # Filtered GETS hits
   fhGETX: 0 # Filtered GETX hits
   hGETS: 30 # GETS hits
   hGETX: 0 # GETX hits
   mGETS: 879 # GETS misses
   mGETXIM: 0 # GETX I->M misses
   mGETXSM: 0 # GETX S->M misses (upgrade misses)
   PUTS: 0 # Clean evictions (from lower level)
   PUTX: 0 # Dirty evictions (from lower level)
   INV: 855 # Invalidates (from upper level)
   INVX: 0 # Downgrades (from upper level)
   FWD: 0 # Forwards (from upper level)
   latGETnl: 41313 # GET request latency on next level
   latGETnet: 0 # GET request latency on network to next level
  l1i-8: # Filter cache stats
   fhGETS: 80868061 # Filtered GETS hits
   fhGETX: 0 # Filtered GETX hits
   hGETS: 30 # GETS hits
   hGETX: 0 # GETX hits
   mGETS: 859 # GETS misses
   mGETXIM: 0 # GETX I->M misses
   mGETXSM: 0 # GETX S->M misses (upgrade misses)
   PUTS: 0 # Clean evictions (from lower level)
   PUTX: 0 # Dirty evictions (from lower level)
   INV: 835 # Invalidates (from upper level)
   INVX: 0 # Downgrades (from upper level)
   FWD: 0 # Forwards (from upper level)
   latGETnl: 43298 # GET request latency on next level
   latGETnet: 0 # GET request latency on network to next level
  l1i-9: # Filter cache stats
   fhGETS: 80872690 # Filtered GETS hits
   fhGETX: 0 # Filtered GETX hits
   hGETS: 30 # GETS hits
   hGETX: 0 # GETX hits
   mGETS: 626 # GETS misses
   mGETXIM: 0 # GETX I->M misses
   mGETXSM: 0 # GETX S->M misses (upgrade misses)
   PUTS: 0 # Clean evictions (from lower level)
   PUTX: 0 # Dirty evictions (from lower level)
   INV: 598 # Invalidates (from upper level)
   INVX: 0 # Downgrades (from upper level)
   FWD: 0 # Forwards (from upper level)
   latGETnl: 33022 # GET request latency on next level
   latGETnet: 0 # GET request latency on network to next level
  l1i-10: # Filter cache stats
   fhGETS: 80871767 # Filtered GETS hits
   fhGETX: 0 # Filtered GETX hits
   hGETS: 30 # GETS hits
   hGETX: 0 # GETX hits
   mGETS: 623 # GETS misses
   mGETXIM: 0 # GETX I->M misses
   mGETXSM: 0 # GETX S->M misses (upgrade misses)
   PUTS: 0 # Clean evictions (from lower level)
   PUTX: 0 # Dirty evictions (from lower level)
   INV: 599 # Invalidates (from upper level)
   INVX: 0 # Downgrades (from upper level)
   FWD: 0 # Forwards (from upper level)
   latGETnl: 32656 # GET request latency on next level
   latGETnet: 0 # GET request latency on network to next level
  l1i-11: # Filter cache stats
   fhGETS: 80872414 # Filtered GETS hits
   fhGETX: 0 # Filtered GETX hits
   hGETS: 130 # GETS hits
   hGETX: 0 # GETX hits
   mGETS: 625 # GETS misses
   mGETXIM: 0 # GETX I->M misses
   mGETXSM: 0 # GETX S->M misses (upgrade misses)
   PUTS: 0 # Clean evictions (from lower level)
   PUTX: 0 # Dirty evictions (from lower level)
   INV: 601 # Invalidates (from upper level)
   INVX: 0 # Downgrades (from upper level)
   FWD: 0 # Forwards (from upper level)
   latGETnl: 31400 # GET request latency on next level
   latGETnet: 0 # GET request latency on network to next level
  l1i-12: # Filter cache stats
   fhGETS: 80871221 # Filtered GETS hits
   fhGETX: 0 # Filtered GETX hits
   hGETS: 30 # GETS hits
   hGETX: 0 # GETX hits
   mGETS: 624 # GETS misses
   mGETXIM: 0 # GETX I->M misses
   mGETXSM: 0 # GETX S->M misses (upgrade misses)
   PUTS: 0 # Clean evictions (from lower level)
   PUTX: 0 # Dirty evictions (from lower level)
   INV: 600 # Invalidates (from upper level)
   INVX: 0 # Downgrades (from upper level)
   FWD: 0 # Forwards (from upper level)
   latGETnl: 31578 # GET request latency on next level
   latGETnet: 0 # GET request latency on network to next level
  l1i-13: # Filter cache stats
   fhGETS: 80868244 # Filtered GETS hits
   fhGETX: 0 # Filtered GETX hits
   hGETS: 30 # GETS hits
   hGETX: 0 # GETX hits
   mGETS: 854 # GETS misses
   mGETXIM: 0 # GETX I->M misses
   mGETXSM: 0 # GETX S->M misses (upgrade misses)
   PUTS: 0 # Clean evictions (from lower level)
   PUTX: 0 # Dirty evictions (from lower level)
   INV: 830 # Invalidates (from upper level)
   INVX: 0 # Downgrades (from upper level)
   FWD: 0 # Forwards (from upper level)
   latGETnl: 43288 # GET request latency on next level
   latGETnet: 0 # GET request latency on network to next level
  l1i-14: # Filter cache stats
   fhGETS: 80868118 # Filtered GETS hits
   fhGETX: 0 # Filtered GETX hits
   hGETS: 30 # GETS hits
   hGETX: 0 # GETX hits
   mGETS: 860 # GETS misses
   mGETXIM: 0 # GETX I->M misses
   mGETXSM: 0 # GETX S->M misses (upgrade misses)
   PUTS: 0 # Clean evictions (from lower level)
   PUTX: 0 # Dirty evictions (from lower level)
   INV: 836 # Invalidates (from upper level)
   INVX: 0 # Downgrades (from upper level)
   FWD: 0 # Forwards (from upper level)
   latGETnl: 41320 # GET request latency on next level
   latGETnet: 0 # GET request latency on network to next level
  l1i-15: # Filter cache stats
   fhGETS: 80868121 # Filtered GETS hits
   fhGETX: 0 # Filtered GETX hits
   hGETS: 30 # GETS hits
   hGETX: 0 # GETX hits
   mGETS: 860 # GETS misses
   mGETXIM: 0 # GETX I->M misses
   mGETXSM: 0 # GETX S->M misses (upgrade misses)
   PUTS: 0 # Clean evictions (from lower level)
   PUTX: 0 # Dirty evictions (from lower level)
   INV: 836 # Invalidates (from upper level)
   INVX: 0 # Downgrades (from upper level)
   FWD: 0 # Forwards (from upper level)
   latGETnl: 40870 # GET request latency on next level
   latGETnet: 0 # GET request latency on network to next level
  l1i-16: # Filter cache stats
   fhGETS: 80862323 # Filtered GETS hits
   fhGETX: 0 # Filtered GETX hits
   hGETS: 198 # GETS hits
   hGETX: 0 # GETX hits
   mGETS: 692 # GETS misses
   mGETXIM: 0 # GETX I->M misses
   mGETXSM: 0 # GETX S->M misses (upgrade misses)
   PUTS: 0 # Clean evictions (from lower level)
   PUTX: 0 # Dirty evictions (from lower level)
   INV: 668 # Invalidates (from upper level)
   INVX: 0 # Downgrades (from upper level)
   FWD: 0 # Forwards (from upper level)
   latGETnl: 44899 # GET request latency on next level
   latGETnet: 0 # GET request latency on network to next level
  l1i-17: # Filter cache stats
   fhGETS: 80872274 # Filtered GETS hits
   fhGETX: 0 # Filtered GETX hits
   hGETS: 30 # GETS hits
   hGETX: 0 # GETX hits
   mGETS: 618 # GETS misses
   mGETXIM: 0 # GETX I->M misses
   mGETXSM: 0 # GETX S->M misses (upgrade misses)
   PUTS: 0 # Clean evictions (from lower level)
   PUTX: 0 # Dirty evictions (from lower level)
   INV: 594 # Invalidates (from upper level)
   INVX: 0 # Downgrades (from upper level)
   FWD: 0 # Forwards (from upper level)
   latGETnl: 30396 # GET request latency on next level
   latGETnet: 0 # GET request latency on network to next level
  l1i-18: # Filter cache stats
   fhGETS: 80872531 # Filtered GETS hits
   fhGETX: 0 # Filtered GETX hits
   hGETS: 30 # GETS hits
   hGETX: 0 # GETX hits
   mGETS: 624 # GETS misses
   mGETXIM: 0 # GETX I->M misses
   mGETXSM: 0 # GETX S->M misses (upgrade misses)
   PUTS: 0 # Clean evictions (from lower level)
   PUTX: 0 # Dirty evictions (from lower level)
   INV: 600 # Invalidates (from upper level)
   INVX: 0 # Downgrades (from upper level)
   FWD: 0 # Forwards (from upper level)
   latGETnl: 29328 # GET request latency on next level
   latGETnet: 0 # GET request latency on network to next level
  l1i-19: # Filter cache stats
   fhGETS: 80868083 # Filtered GETS hits
   fhGETX: 0 # Filtered GETX hits
   hGETS: 30 # GETS hits
   hGETX: 0 # GETX hits
   mGETS: 860 # GETS misses
   mGETXIM: 0 # GETX I->M misses
   mGETXSM: 0 # GETX S->M misses (upgrade misses)
   PUTS: 0 # Clean evictions (from lower level)
   PUTX: 0 # Dirty evictions (from lower level)
   INV: 836 # Invalidates (from upper level)
   INVX: 0 # Downgrades (from upper level)
   FWD: 0 # Forwards (from upper level)
   latGETnl: 40870 # GET request latency on next level
   latGETnet: 0 # GET request latency on network to next level
  l1i-20: # Filter cache stats
   fhGETS: 80871278 # Filtered GETS hits
   fhGETX: 0 # Filtered GETX hits
   hGETS: 30 # GETS hits
   hGETX: 0 # GETX hits
   mGETS: 624 # GETS misses
   mGETXIM: 0 # GETX I->M misses
   mGETXSM: 0 # GETX S->M misses (upgrade misses)
   PUTS: 0 # Clean evictions (from lower level)
   PUTX: 0 # Dirty evictions (from lower level)
   INV: 600 # Invalidates (from upper level)
   INVX: 0 # Downgrades (from upper level)
   FWD: 0 # Forwards (from upper level)
   latGETnl: 29328 # GET request latency on next level
   latGETnet: 0 # GET request latency on network to next level
  l1i-21: # Filter cache stats
   fhGETS: 80867134 # Filtered GETS hits
   fhGETX: 0 # Filtered GETX hits
   hGETS: 30 # GETS hits
   hGETX: 0 # GETX hits
   mGETS: 858 # GETS misses
   mGETXIM: 0 # GETX I->M misses
   mGETXSM: 0 # GETX S->M misses (upgrade misses)
   PUTS: 0 # Clean evictions (from lower level)
   PUTX: 0 # Dirty evictions (from lower level)
   INV: 834 # Invalidates (from upper level)
   INVX: 0 # Downgrades (from upper level)
   FWD: 0 # Forwards (from upper level)
   latGETnl: 40326 # GET request latency on next level
   latGETnet: 0 # GET request latency on network to next level
  l1i-22: # Filter cache stats
   fhGETS: 80870899 # Filtered GETS hits
   fhGETX: 0 # Filtered GETX hits
   hGETS: 30 # GETS hits
   hGETX: 0 # GETX hits
   mGETS: 624 # GETS misses
   mGETXIM: 0 # GETX I->M misses
   mGETXSM: 0 # GETX S->M misses (upgrade misses)
   PUTS: 0 # Clean evictions (from lower level)
   PUTX: 0 # Dirty evictions (from lower level)
   INV: 600 # Invalidates (from upper level)
   INVX: 0 # Downgrades (from upper level)
   FWD: 0 # Forwards (from upper level)
   latGETnl: 29328 # GET request latency on next level
   latGETnet: 0 # GET request latency on network to next level
  l1i-23: # Filter cache stats
   fhGETS: 0 # Filtered GETS hits
   fhGETX: 0 # Filtered GETX hits
   hGETS: 0 # GETS hits
   hGETX: 0 # GETX hits
   mGETS: 0 # GETS misses
   mGETXIM: 0 # GETX I->M misses
   mGETXSM: 0 # GETX S->M misses (upgrade misses)
   PUTS: 0 # Clean evictions (from lower level)
   PUTX: 0 # Dirty evictions (from lower level)
   INV: 0 # Invalidates (from upper level)
   INVX: 0 # Downgrades (from upper level)
   FWD: 0 # Forwards (from upper level)
   latGETnl: 0 # GET request latency on next level
   latGETnet: 0 # GET request latency on network to next level
 l2: # Cache stats
  l2-0: # Cache stats
   hGETS: 0 # GETS hits
   hGETX: 0 # GETX hits
   mGETS: 251210 # GETS misses
   mGETXIM: 140739 # GETX I->M misses
   mGETXSM: 6 # GETX S->M misses (upgrade misses)
   PUTS: 249818 # Clean evictions (from lower level)
   PUTX: 140542 # Dirty evictions (from lower level)
   INV: 50481 # Invalidates (from upper level)
   INVX: 90 # Downgrades (from upper level)
   FWD: 0 # Forwards (from upper level)
   latGETnl: 102477530 # GET request latency on next level
   latGETnet: 0 # GET request latency on network to next level
  l2-1: # Cache stats
   hGETS: 0 # GETS hits
   hGETX: 0 # GETX hits
   mGETS: 251069 # GETS misses
   mGETXIM: 140710 # GETX I->M misses
   mGETXSM: 9 # GETX S->M misses (upgrade misses)
   PUTS: 249779 # Clean evictions (from lower level)
   PUTX: 140521 # Dirty evictions (from lower level)
   INV: 23504 # Invalidates (from upper level)
   INVX: 27 # Downgrades (from upper level)
   FWD: 0 # Forwards (from upper level)
   latGETnl: 102411065 # GET request latency on next level
   latGETnet: 0 # GET request latency on network to next level
  l2-2: # Cache stats
   hGETS: 0 # GETS hits
   hGETX: 0 # GETX hits
   mGETS: 250889 # GETS misses
   mGETXIM: 140668 # GETX I->M misses
   mGETXSM: 5 # GETX S->M misses (upgrade misses)
   PUTS: 249787 # Clean evictions (from lower level)
   PUTX: 140528 # Dirty evictions (from lower level)
   INV: 23629 # Invalidates (from upper level)
   INVX: 6 # Downgrades (from upper level)
   FWD: 0 # Forwards (from upper level)
   latGETnl: 102409904 # GET request latency on next level
   latGETnet: 0 # GET request latency on network to next level
  l2-3: # Cache stats
   hGETS: 0 # GETS hits
   hGETX: 0 # GETX hits
   mGETS: 251066 # GETS misses
   mGETXIM: 140709 # GETX I->M misses
   mGETXSM: 8 # GETX S->M misses (upgrade misses)
   PUTS: 249775 # Clean evictions (from lower level)
   PUTX: 140519 # Dirty evictions (from lower level)
   INV: 23631 # Invalidates (from upper level)
   INVX: 26 # Downgrades (from upper level)
   FWD: 0 # Forwards (from upper level)
   latGETnl: 102410401 # GET request latency on next level
   latGETnet: 0 # GET request latency on network to next level
  l2-4: # Cache stats
   hGETS: 0 # GETS hits
   hGETX: 0 # GETX hits
   mGETS: 251063 # GETS misses
   mGETXIM: 140724 # GETX I->M misses
   mGETXSM: 11 # GETX S->M misses (upgrade misses)
   PUTS: 249777 # Clean evictions (from lower level)
   PUTX: 140522 # Dirty evictions (from lower level)
   INV: 23480 # Invalidates (from upper level)
   INVX: 24 # Downgrades (from upper level)
   FWD: 0 # Forwards (from upper level)
   latGETnl: 102403462 # GET request latency on next level
   latGETnet: 0 # GET request latency on network to next level
  l2-5: # Cache stats
   hGETS: 0 # GETS hits
   hGETX: 0 # GETX hits
   mGETS: 251070 # GETS misses
   mGETXIM: 140711 # GETX I->M misses
   mGETXSM: 9 # GETX S->M misses (upgrade misses)
   PUTS: 249775 # Clean evictions (from lower level)
   PUTX: 140520 # Dirty evictions (from lower level)
   INV: 23869 # Invalidates (from upper level)
   INVX: 18 # Downgrades (from upper level)
   FWD: 0 # Forwards (from upper level)
   latGETnl: 102402280 # GET request latency on next level
   latGETnet: 0 # GET request latency on network to next level
  l2-6: # Cache stats
   hGETS: 0 # GETS hits
   hGETX: 0 # GETX hits
   mGETS: 250829 # GETS misses
   mGETXIM: 140674 # GETX I->M misses
   mGETXSM: 3 # GETX S->M misses (upgrade misses)
   PUTS: 249782 # Clean evictions (from lower level)
   PUTX: 140522 # Dirty evictions (from lower level)
   INV: 23944 # Invalidates (from upper level)
   INVX: 10 # Downgrades (from upper level)
   FWD: 0 # Forwards (from upper level)
   latGETnl: 102401419 # GET request latency on next level
   latGETnet: 0 # GET request latency on network to next level
  l2-7: # Cache stats
   hGETS: 0 # GETS hits
   hGETX: 0 # GETX hits
   mGETS: 251084 # GETS misses
   mGETXIM: 140669 # GETX I->M misses
   mGETXSM: 8 # GETX S->M misses (upgrade misses)
   PUTS: 249771 # Clean evictions (from lower level)
   PUTX: 140515 # Dirty evictions (from lower level)
   INV: 78292 # Invalidates (from upper level)
   INVX: 19 # Downgrades (from upper level)
   FWD: 0 # Forwards (from upper level)
   latGETnl: 102404751 # GET request latency on next level
   latGETnet: 0 # GET request latency on network to next level
  l2-8: # Cache stats
   hGETS: 0 # GETS hits
   hGETX: 0 # GETX hits
   mGETS: 251026 # GETS misses
   mGETXIM: 140714 # GETX I->M misses
   mGETXSM: 4 # GETX S->M misses (upgrade misses)
   PUTS: 249766 # Clean evictions (from lower level)
   PUTX: 140521 # Dirty evictions (from lower level)
   INV: 23417 # Invalidates (from upper level)
   INVX: 18 # Downgrades (from upper level)
   FWD: 0 # Forwards (from upper level)
   latGETnl: 102402744 # GET request latency on next level
   latGETnet: 0 # GET request latency on network to next level
  l2-9: # Cache stats
   hGETS: 0 # GETS hits
   hGETX: 0 # GETX hits
   mGETS: 250826 # GETS misses
   mGETXIM: 140715 # GETX I->M misses
   mGETXSM: 6 # GETX S->M misses (upgrade misses)
   PUTS: 249784 # Clean evictions (from lower level)
   PUTX: 140522 # Dirty evictions (from lower level)
   INV: 80181 # Invalidates (from upper level)
   INVX: 22 # Downgrades (from upper level)
   FWD: 0 # Forwards (from upper level)
   latGETnl: 102400672 # GET request latency on next level
   latGETnet: 0 # GET request latency on network to next level
  l2-10: # Cache stats
   hGETS: 0 # GETS hits
   hGETX: 0 # GETX hits
   mGETS: 250830 # GETS misses
   mGETXIM: 140674 # GETX I->M misses
   mGETXSM: 6 # GETX S->M misses (upgrade misses)
   PUTS: 249780 # Clean evictions (from lower level)
   PUTX: 140521 # Dirty evictions (from lower level)
   INV: 23459 # Invalidates (from upper level)
   INVX: 9 # Downgrades (from upper level)
   FWD: 0 # Forwards (from upper level)
   latGETnl: 102399162 # GET request latency on next level
   latGETnet: 0 # GET request latency on network to next level
  l2-11: # Cache stats
   hGETS: 0 # GETS hits
   hGETX: 0 # GETX hits
   mGETS: 250840 # GETS misses
   mGETXIM: 140737 # GETX I->M misses
   mGETXSM: 10 # GETX S->M misses (upgrade misses)
   PUTS: 249791 # Clean evictions (from lower level)
   PUTX: 140539 # Dirty evictions (from lower level)
   INV: 116142 # Invalidates (from upper level)
   INVX: 13 # Downgrades (from upper level)
   FWD: 0 # Forwards (from upper level)
   latGETnl: 102403122 # GET request latency on next level
   latGETnet: 0 # GET request latency on network to next level
  l2-12: # Cache stats
   hGETS: 0 # GETS hits
   hGETX: 0 # GETX hits
   mGETS: 250849 # GETS misses
   mGETXIM: 140660 # GETX I->M misses
   mGETXSM: 5 # GETX S->M misses (upgrade misses)
   PUTS: 249777 # Clean evictions (from lower level)
   PUTX: 140521 # Dirty evictions (from lower level)
   INV: 23476 # Invalidates (from upper level)
   INVX: 5 # Downgrades (from upper level)
   FWD: 0 # Forwards (from upper level)
   latGETnl: 102400717 # GET request latency on next level
   latGETnet: 0 # GET request latency on network to next level
  l2-13: # Cache stats
   hGETS: 0 # GETS hits
   hGETX: 0 # GETX hits
   mGETS: 251020 # GETS misses
   mGETXIM: 140714 # GETX I->M misses
   mGETXSM: 5 # GETX S->M misses (upgrade misses)
   PUTS: 249766 # Clean evictions (from lower level)
   PUTX: 140521 # Dirty evictions (from lower level)
   INV: 27671 # Invalidates (from upper level)
   INVX: 11 # Downgrades (from upper level)
   FWD: 0 # Forwards (from upper level)
   latGETnl: 102401110 # GET request latency on next level
   latGETnet: 0 # GET request latency on network to next level
  l2-14: # Cache stats
   hGETS: 0 # GETS hits
   hGETX: 0 # GETX hits
   mGETS: 251029 # GETS misses
   mGETXIM: 140710 # GETX I->M misses
   mGETXSM: 6 # GETX S->M misses (upgrade misses)
   PUTS: 249766 # Clean evictions (from lower level)
   PUTX: 140521 # Dirty evictions (from lower level)
   INV: 23440 # Invalidates (from upper level)
   INVX: 2 # Downgrades (from upper level)
   FWD: 0 # Forwards (from upper level)
   latGETnl: 102397339 # GET request latency on next level
   latGETnet: 0 # GET request latency on network to next level
  l2-15: # Cache stats
   hGETS: 0 # GETS hits
   hGETX: 0 # GETX hits
   mGETS: 251048 # GETS misses
   mGETXIM: 140681 # GETX I->M misses
   mGETXSM: 6 # GETX S->M misses (upgrade misses)
   PUTS: 249766 # Clean evictions (from lower level)
   PUTX: 140521 # Dirty evictions (from lower level)
   INV: 47192 # Invalidates (from upper level)
   INVX: 4 # Downgrades (from upper level)
   FWD: 0 # Forwards (from upper level)
   latGETnl: 102400850 # GET request latency on next level
   latGETnet: 0 # GET request latency on network to next level
  l2-16: # Cache stats
   hGETS: 0 # GETS hits
   hGETX: 0 # GETX hits
   mGETS: 250936 # GETS misses
   mGETXIM: 140682 # GETX I->M misses
   mGETXSM: 16 # GETX S->M misses (upgrade misses)
   PUTS: 249807 # Clean evictions (from lower level)
   PUTX: 140529 # Dirty evictions (from lower level)
   INV: 26048 # Invalidates (from upper level)
   INVX: 2 # Downgrades (from upper level)
   FWD: 0 # Forwards (from upper level)
   latGETnl: 102409303 # GET request latency on next level
   latGETnet: 0 # GET request latency on network to next level
  l2-17: # Cache stats
   hGETS: 0 # GETS hits
   hGETX: 0 # GETX hits
   mGETS: 250814 # GETS misses
   mGETXIM: 140678 # GETX I->M misses
   mGETXSM: 5 # GETX S->M misses (upgrade misses)
   PUTS: 249782 # Clean evictions (from lower level)
   PUTX: 140522 # Dirty evictions (from lower level)
   INV: 23526 # Invalidates (from upper level)
   INVX: 9 # Downgrades (from upper level)
   FWD: 0 # Forwards (from upper level)
   latGETnl: 102394828 # GET request latency on next level
   latGETnet: 0 # GET request latency on network to next level
  l2-18: # Cache stats
   hGETS: 0 # GETS hits
   hGETX: 0 # GETX hits
   mGETS: 250824 # GETS misses
   mGETXIM: 140712 # GETX I->M misses
   mGETXSM: 6 # GETX S->M misses (upgrade misses)
   PUTS: 249782 # Clean evictions (from lower level)
   PUTX: 140522 # Dirty evictions (from lower level)
   INV: 54260 # Invalidates (from upper level)
   INVX: 2 # Downgrades (from upper level)
   FWD: 0 # Forwards (from upper level)
   latGETnl: 102392739 # GET request latency on next level
   latGETnet: 0 # GET request latency on network to next level
  l2-19: # Cache stats
   hGETS: 0 # GETS hits
   hGETX: 0 # GETX hits
   mGETS: 251026 # GETS misses
   mGETXIM: 140709 # GETX I->M misses
   mGETXSM: 6 # GETX S->M misses (upgrade misses)
   PUTS: 249764 # Clean evictions (from lower level)
   PUTX: 140519 # Dirty evictions (from lower level)
   INV: 23879 # Invalidates (from upper level)
   INVX: 2 # Downgrades (from upper level)
   FWD: 0 # Forwards (from upper level)
   latGETnl: 102394927 # GET request latency on next level
   latGETnet: 0 # GET request latency on network to next level
  l2-20: # Cache stats
   hGETS: 0 # GETS hits
   hGETX: 0 # GETX hits
   mGETS: 250848 # GETS misses
   mGETXIM: 140661 # GETX I->M misses
   mGETXSM: 5 # GETX S->M misses (upgrade misses)
   PUTS: 249777 # Clean evictions (from lower level)
   PUTX: 140522 # Dirty evictions (from lower level)
   INV: 23491 # Invalidates (from upper level)
   INVX: 2 # Downgrades (from upper level)
   FWD: 0 # Forwards (from upper level)
   latGETnl: 102396850 # GET request latency on next level
   latGETnet: 0 # GET request latency on network to next level
  l2-21: # Cache stats
   hGETS: 0 # GETS hits
   hGETX: 0 # GETX hits
   mGETS: 251035 # GETS misses
   mGETXIM: 140670 # GETX I->M misses
   mGETXSM: 6 # GETX S->M misses (upgrade misses)
   PUTS: 249763 # Clean evictions (from lower level)
   PUTX: 140518 # Dirty evictions (from lower level)
   INV: 115310 # Invalidates (from upper level)
   INVX: 2 # Downgrades (from upper level)
   FWD: 0 # Forwards (from upper level)
   latGETnl: 102395617 # GET request latency on next level
   latGETnet: 0 # GET request latency on network to next level
  l2-22: # Cache stats
   hGETS: 0 # GETS hits
   hGETX: 0 # GETX hits
   mGETS: 250837 # GETS misses
   mGETXIM: 140679 # GETX I->M misses
   mGETXSM: 6 # GETX S->M misses (upgrade misses)
   PUTS: 249777 # Clean evictions (from lower level)
   PUTX: 140522 # Dirty evictions (from lower level)
   INV: 53176 # Invalidates (from upper level)
   INVX: 2 # Downgrades (from upper level)
   FWD: 0 # Forwards (from upper level)
   latGETnl: 102394474 # GET request latency on next level
   latGETnet: 0 # GET request latency on network to next level
  l2-23: # Cache stats
   hGETS: 0 # GETS hits
   hGETX: 0 # GETX hits
   mGETS: 0 # GETS misses
   mGETXIM: 0 # GETX I->M misses
   mGETXSM: 0 # GETX S->M misses (upgrade misses)
   PUTS: 0 # Clean evictions (from lower level)
   PUTX: 0 # Dirty evictions (from lower level)
   INV: 0 # Invalidates (from upper level)
   INVX: 0 # Downgrades (from upper level)
   FWD: 0 # Forwards (from upper level)
   latGETnl: 0 # GET request latency on next level
   latGETnet: 0 # GET request latency on network to next level
 l3: # Cache stats
  l3-0b0: # Cache stats
   hGETS: 323 # GETS hits
   hGETX: 63 # GETX hits
   mGETS: 239665 # GETS misses
   mGETXIM: 134853 # GETX I->M misses
   mGETXSM: 0 # GETX S->M misses (upgrade misses)
   PUTS: 197912 # Clean evictions (from lower level)
   PUTX: 122352 # Dirty evictions (from lower level)
   INV: 0 # Invalidates (from upper level)
   INVX: 0 # Downgrades (from upper level)
   FWD: 0 # Forwards (from upper level)
   latGETnl: 84266550 # GET request latency on next level
   latGETnet: 0 # GET request latency on network to next level
  l3-0b1: # Cache stats
   hGETS: 847 # GETS hits
   hGETX: 30 # GETX hits
   mGETS: 239668 # GETS misses
   mGETXIM: 134672 # GETX I->M misses
   mGETXSM: 0 # GETX S->M misses (upgrade misses)
   PUTS: 197366 # Clean evictions (from lower level)
   PUTX: 122152 # Dirty evictions (from lower level)
   INV: 0 # Invalidates (from upper level)
   INVX: 0 # Downgrades (from upper level)
   FWD: 0 # Forwards (from upper level)
   latGETnl: 84226500 # GET request latency on next level
   latGETnet: 0 # GET request latency on network to next level
  l3-0b2: # Cache stats
   hGETS: 150 # GETS hits
   hGETX: 25 # GETX hits
   mGETS: 239657 # GETS misses
   mGETXIM: 134672 # GETX I->M misses
   mGETXSM: 0 # GETX S->M misses (upgrade misses)
   PUTS: 196846 # Clean evictions (from lower level)
   PUTX: 121732 # Dirty evictions (from lower level)
   INV: 0 # Invalidates (from upper level)
   INVX: 0 # Downgrades (from upper level)
   FWD: 0 # Forwards (from upper level)
   latGETnl: 84224025 # GET request latency on next level
   latGETnet: 0 # GET request latency on network to next level
  l3-0b3: # Cache stats
   hGETS: 264 # GETS hits
   hGETX: 34 # GETX hits
   mGETS: 239669 # GETS misses
   mGETXIM: 134847 # GETX I->M misses
   mGETXSM: 0 # GETX S->M misses (upgrade misses)
   PUTS: 198023 # Clean evictions (from lower level)
   PUTX: 122492 # Dirty evictions (from lower level)
   INV: 0 # Invalidates (from upper level)
   INVX: 0 # Downgrades (from upper level)
   FWD: 0 # Forwards (from upper level)
   latGETnl: 84266100 # GET request latency on next level
   latGETnet: 0 # GET request latency on network to next level
  l3-0b4: # Cache stats
   hGETS: 232 # GETS hits
   hGETX: 58 # GETX hits
   mGETS: 239657 # GETS misses
   mGETXIM: 134836 # GETX I->M misses
   mGETXSM: 0 # GETX S->M misses (upgrade misses)
   PUTS: 198032 # Clean evictions (from lower level)
   PUTX: 122402 # Dirty evictions (from lower level)
   INV: 0 # Invalidates (from upper level)
   INVX: 0 # Downgrades (from upper level)
   FWD: 0 # Forwards (from upper level)
   latGETnl: 84260925 # GET request latency on next level
   latGETnet: 0 # GET request latency on network to next level
  l3-0b5: # Cache stats
   hGETS: 326 # GETS hits
   hGETX: 48 # GETX hits
   mGETS: 239662 # GETS misses
   mGETXIM: 134845 # GETX I->M misses
   mGETXSM: 0 # GETX S->M misses (upgrade misses)
   PUTS: 197729 # Clean evictions (from lower level)
   PUTX: 122047 # Dirty evictions (from lower level)
   INV: 0 # Invalidates (from upper level)
   INVX: 0 # Downgrades (from upper level)
   FWD: 0 # Forwards (from upper level)
   latGETnl: 84264075 # GET request latency on next level
   latGETnet: 0 # GET request latency on network to next level
  l3-0b6: # Cache stats
   hGETS: 709 # GETS hits
   hGETX: 11 # GETX hits
   mGETS: 239685 # GETS misses
   mGETXIM: 134843 # GETX I->M misses
   mGETXSM: 0 # GETX S->M misses (upgrade misses)
   PUTS: 197963 # Clean evictions (from lower level)
   PUTX: 122203 # Dirty evictions (from lower level)
   INV: 0 # Invalidates (from upper level)
   INVX: 0 # Downgrades (from upper level)
   FWD: 0 # Forwards (from upper level)
   latGETnl: 84268800 # GET request latency on next level
   latGETnet: 0 # GET request latency on network to next level
  l3-0b7: # Cache stats
   hGETS: 1231 # GETS hits
   hGETX: 37 # GETX hits
   mGETS: 239693 # GETS misses
   mGETXIM: 134846 # GETX I->M misses
   mGETXSM: 0 # GETX S->M misses (upgrade misses)
   PUTS: 198881 # Clean evictions (from lower level)
   PUTX: 122029 # Dirty evictions (from lower level)
   INV: 0 # Invalidates (from upper level)
   INVX: 0 # Downgrades (from upper level)
   FWD: 0 # Forwards (from upper level)
   latGETnl: 84271275 # GET request latency on next level
   latGETnet: 0 # GET request latency on network to next level
  l3-0b8: # Cache stats
   hGETS: 995 # GETS hits
   hGETX: 98 # GETX hits
   mGETS: 239684 # GETS misses
   mGETXIM: 134866 # GETX I->M misses
   mGETXSM: 0 # GETX S->M misses (upgrade misses)
   PUTS: 198484 # Clean evictions (from lower level)
   PUTX: 122321 # Dirty evictions (from lower level)
   INV: 0 # Invalidates (from upper level)
   INVX: 0 # Downgrades (from upper level)
   FWD: 0 # Forwards (from upper level)
   latGETnl: 84273750 # GET request latency on next level
   latGETnet: 0 # GET request latency on network to next level
  l3-0b9: # Cache stats
   hGETS: 834 # GETS hits
   hGETX: 74 # GETX hits
   mGETS: 239693 # GETS misses
   mGETXIM: 134695 # GETX I->M misses
   mGETXSM: 0 # GETX S->M misses (upgrade misses)
   PUTS: 197644 # Clean evictions (from lower level)
   PUTX: 121896 # Dirty evictions (from lower level)
   INV: 0 # Invalidates (from upper level)
   INVX: 0 # Downgrades (from upper level)
   FWD: 0 # Forwards (from upper level)
   latGETnl: 84237300 # GET request latency on next level
   latGETnet: 0 # GET request latency on network to next level
  l3-0b10: # Cache stats
   hGETS: 1407 # GETS hits
   hGETX: 88 # GETX hits
   mGETS: 239669 # GETS misses
   mGETXIM: 134692 # GETX I->M misses
   mGETXSM: 0 # GETX S->M misses (upgrade misses)
   PUTS: 198225 # Clean evictions (from lower level)
   PUTX: 122423 # Dirty evictions (from lower level)
   INV: 0 # Invalidates (from upper level)
   INVX: 0 # Downgrades (from upper level)
   FWD: 0 # Forwards (from upper level)
   latGETnl: 84231225 # GET request latency on next level
   latGETnet: 0 # GET request latency on network to next level
  l3-0b11: # Cache stats
   hGETS: 1025 # GETS hits
   hGETX: 102 # GETX hits
   mGETS: 239674 # GETS misses
   mGETXIM: 134874 # GETX I->M misses
   mGETXSM: 0 # GETX S->M misses (upgrade misses)
   PUTS: 198687 # Clean evictions (from lower level)
   PUTX: 122100 # Dirty evictions (from lower level)
   INV: 0 # Invalidates (from upper level)
   INVX: 0 # Downgrades (from upper level)
   FWD: 0 # Forwards (from upper level)
   latGETnl: 84273300 # GET request latency on next level
   latGETnet: 0 # GET request latency on network to next level
  l3-0b12: # Cache stats
   hGETS: 1381 # GETS hits
   hGETX: 22 # GETX hits
   mGETS: 239662 # GETS misses
   mGETXIM: 134866 # GETX I->M misses
   mGETXSM: 0 # GETX S->M misses (upgrade misses)
   PUTS: 198872 # Clean evictions (from lower level)
   PUTX: 121901 # Dirty evictions (from lower level)
   INV: 0 # Invalidates (from upper level)
   INVX: 0 # Downgrades (from upper level)
   FWD: 0 # Forwards (from upper level)
   latGETnl: 84268800 # GET request latency on next level
   latGETnet: 0 # GET request latency on network to next level
  l3-0b13: # Cache stats
   hGETS: 1330 # GETS hits
   hGETX: 8 # GETX hits
   mGETS: 239664 # GETS misses
   mGETXIM: 134868 # GETX I->M misses
   mGETXSM: 0 # GETX S->M misses (upgrade misses)
   PUTS: 198460 # Clean evictions (from lower level)
   PUTX: 122230 # Dirty evictions (from lower level)
   INV: 0 # Invalidates (from upper level)
   INVX: 0 # Downgrades (from upper level)
   FWD: 0 # Forwards (from upper level)
   latGETnl: 84269700 # GET request latency on next level
   latGETnet: 0 # GET request latency on network to next level
  l3-0b14: # Cache stats
   hGETS: 1389 # GETS hits
   hGETX: 32 # GETX hits
   mGETS: 239697 # GETS misses
   mGETXIM: 134860 # GETX I->M misses
   mGETXSM: 0 # GETX S->M misses (upgrade misses)
   PUTS: 198796 # Clean evictions (from lower level)
   PUTX: 122166 # Dirty evictions (from lower level)
   INV: 0 # Invalidates (from upper level)
   INVX: 0 # Downgrades (from upper level)
   FWD: 0 # Forwards (from upper level)
   latGETnl: 84275325 # GET request latency on next level
   latGETnet: 0 # GET request latency on network to next level
  l3-0b15: # Cache stats
   hGETS: 1328 # GETS hits
   hGETX: 16 # GETX hits
   mGETS: 239712 # GETS misses
   mGETXIM: 134858 # GETX I->M misses
   mGETXSM: 0 # GETX S->M misses (upgrade misses)
   PUTS: 199128 # Clean evictions (from lower level)
   PUTX: 122279 # Dirty evictions (from lower level)
   INV: 0 # Invalidates (from upper level)
   INVX: 0 # Downgrades (from upper level)
   FWD: 0 # Forwards (from upper level)
   latGETnl: 84278250 # GET request latency on next level
   latGETnet: 0 # GET request latency on network to next level
  l3-0b16: # Cache stats
   hGETS: 863 # GETS hits
   hGETX: 16 # GETX hits
   mGETS: 239583 # GETS misses
   mGETXIM: 134813 # GETX I->M misses
   mGETXSM: 0 # GETX S->M misses (upgrade misses)
   PUTS: 198557 # Clean evictions (from lower level)
   PUTX: 122176 # Dirty evictions (from lower level)
   INV: 0 # Invalidates (from upper level)
   INVX: 0 # Downgrades (from upper level)
   FWD: 0 # Forwards (from upper level)
   latGETnl: 84239100 # GET request latency on next level
   latGETnet: 0 # GET request latency on network to next level
  l3-0b17: # Cache stats
   hGETS: 880 # GETS hits
   hGETX: 10 # GETX hits
   mGETS: 239579 # GETS misses
   mGETXIM: 134632 # GETX I->M misses
   mGETXSM: 0 # GETX S->M misses (upgrade misses)
   PUTS: 197696 # Clean evictions (from lower level)
   PUTX: 122061 # Dirty evictions (from lower level)
   INV: 0 # Invalidates (from upper level)
   INVX: 0 # Downgrades (from upper level)
   FWD: 0 # Forwards (from upper level)
   latGETnl: 84197475 # GET request latency on next level
   latGETnet: 0 # GET request latency on network to next level
  l3-0b18: # Cache stats
   hGETS: 820 # GETS hits
   hGETX: 58 # GETX hits
   mGETS: 239574 # GETS misses
   mGETXIM: 134635 # GETX I->M misses
   mGETXSM: 0 # GETX S->M misses (upgrade misses)
   PUTS: 197390 # Clean evictions (from lower level)
   PUTX: 122047 # Dirty evictions (from lower level)
   INV: 0 # Invalidates (from upper level)
   INVX: 0 # Downgrades (from upper level)
   FWD: 0 # Forwards (from upper level)
   latGETnl: 84197025 # GET request latency on next level
   latGETnet: 0 # GET request latency on network to next level
  l3-0b19: # Cache stats
   hGETS: 816 # GETS hits
   hGETX: 91 # GETX hits
   mGETS: 239575 # GETS misses
   mGETXIM: 134814 # GETX I->M misses
   mGETXSM: 0 # GETX S->M misses (upgrade misses)
   PUTS: 198126 # Clean evictions (from lower level)
   PUTX: 122384 # Dirty evictions (from lower level)
   INV: 0 # Invalidates (from upper level)
   INVX: 0 # Downgrades (from upper level)
   FWD: 0 # Forwards (from upper level)
   latGETnl: 84237525 # GET request latency on next level
   latGETnet: 0 # GET request latency on network to next level
  l3-0b20: # Cache stats
   hGETS: 816 # GETS hits
   hGETX: 25 # GETX hits
   mGETS: 239587 # GETS misses
   mGETXIM: 134816 # GETX I->M misses
   mGETXSM: 0 # GETX S->M misses (upgrade misses)
   PUTS: 198491 # Clean evictions (from lower level)
   PUTX: 122200 # Dirty evictions (from lower level)
   INV: 0 # Invalidates (from upper level)
   INVX: 0 # Downgrades (from upper level)
   FWD: 0 # Forwards (from upper level)
   latGETnl: 84240675 # GET request latency on next level
   latGETnet: 0 # GET request latency on network to next level
  l3-0b21: # Cache stats
   hGETS: 809 # GETS hits
   hGETX: 38 # GETX hits
   mGETS: 239578 # GETS misses
   mGETXIM: 134814 # GETX I->M misses
   mGETXSM: 0 # GETX S->M misses (upgrade misses)
   PUTS: 198172 # Clean evictions (from lower level)
   PUTX: 122224 # Dirty evictions (from lower level)
   INV: 0 # Invalidates (from upper level)
   INVX: 0 # Downgrades (from upper level)
   FWD: 0 # Forwards (from upper level)
   latGETnl: 84238200 # GET request latency on next level
   latGETnet: 0 # GET request latency on network to next level
  l3-0b22: # Cache stats
   hGETS: 939 # GETS hits
   hGETX: 6 # GETX hits
   mGETS: 239596 # GETS misses
   mGETXIM: 134820 # GETX I->M misses
   mGETXSM: 0 # GETX S->M misses (upgrade misses)
   PUTS: 198265 # Clean evictions (from lower level)
   PUTX: 122049 # Dirty evictions (from lower level)
   INV: 0 # Invalidates (from upper level)
   INVX: 0 # Downgrades (from upper level)
   FWD: 0 # Forwards (from upper level)
   latGETnl: 84243600 # GET request latency on next level
   latGETnet: 0 # GET request latency on network to next level
  l3-0b23: # Cache stats
   hGETS: 873 # GETS hits
   hGETX: 11 # GETX hits
   mGETS: 239598 # GETS misses
   mGETXIM: 134819 # GETX I->M misses
   mGETXSM: 0 # GETX S->M misses (upgrade misses)
   PUTS: 198508 # Clean evictions (from lower level)
   PUTX: 122115 # Dirty evictions (from lower level)
   INV: 0 # Invalidates (from upper level)
   INVX: 0 # Downgrades (from upper level)
   FWD: 0 # Forwards (from upper level)
   latGETnl: 84243825 # GET request latency on next level
   latGETnet: 0 # GET request latency on network to next level
 mem: # Memory controller stats
  mem-0: # Memory controller stats
   rd: 8979389 # Read requests
   wr: 3067383 # Write requests
   rdlat: 2081961861 # Total latency experienced by read requests
   wrlat: 712881488 # Total latency experienced by write requests
 sched: # Scheduler stats
  thCr: 25 # Threads created
  thFn: 25 # Threads finished
  schedEvs: 26 # Schedule events
  waitEvs: 2 # Wait events
  handoffEvs: 1 # Handoff events
  sleepEvs: 1 # Sleep events
  idlePhases: 0 # Phases with no thread active
  idlePeriods: 0 # Periods with no thread active
  occHist: # Occupancy histogram
   0: 0
   1: 36
   2: 0
   3: 2
   4: 2
   5: 1
   6: 1
   7: 0
   8: 1
   9: 0
   10: 0
   11: 0
   12: 1
   13: 0
   14: 1
   15: 0
   16: 0
   17: 1
   18: 0
   19: 0
   20: 1
   21: 0
   22: 0
   23: 163273
   24: 0
  rqSzHist: # Run queue size histogram
   0: 163291
   1: 29
   2: 0
   3: 0
   4: 0
   5: 0
   6: 0
   7: 0
   8: 0
   9: 0
   10: 0
   11: 0
   12: 0
   13: 0
   14: 0
   15: 0
   16: 0
   17: 0
   18: 0
   19: 0
   20: 0
   21: 0
   22: 0
   23: 0
   24: 0
 procCycles: # Per-process unhalted core cycles
  0: 3755409784
  1: 0
  2: 0
  3: 0
  4: 0
  5: 0
  6: 0
  7: 0
  8: 0
  9: 0
  10: 0
  11: 0
  12: 0
  13: 0
  14: 0
  15: 0
  16: 0
  17: 0
  18: 0
  19: 0
  20: 0
  21: 0
  22: 0
  23: 0
  24: 0
  25: 0
  26: 0
  27: 0
  28: 0
  29: 0
  30: 0
  31: 0
  32: 0
  33: 0
  34: 0
  35: 0
  36: 0
  37: 0
  38: 0
  39: 0
  40: 0
  41: 0
  42: 0
  43: 0
  44: 0
  45: 0
  46: 0
  47: 0
  48: 0
  49: 0
  50: 0
  51: 0
  52: 0
  53: 0
  54: 0
  55: 0
  56: 0
  57: 0
  58: 0
  59: 0
  60: 0
  61: 0
  62: 0
  63: 0
 procInstrs: # Per-process instructions
  0: 5562973810
  1: 0
  2: 0
  3: 0
  4: 0
  5: 0
  6: 0
  7: 0
  8: 0
  9: 0
  10: 0
  11: 0
  12: 0
  13: 0
  14: 0
  15: 0
  16: 0
  17: 0
  18: 0
  19: 0
  20: 0
  21: 0
  22: 0
  23: 0
  24: 0
  25: 0
  26: 0
  27: 0
  28: 0
  29: 0
  30: 0
  31: 0
  32: 0
  33: 0
  34: 0
  35: 0
  36: 0
  37: 0
  38: 0
  39: 0
  40: 0
  41: 0
  42: 0
  43: 0
  44: 0
  45: 0
  46: 0
  47: 0
  48: 0
  49: 0
  50: 0
  51: 0
  52: 0
  53: 0
  54: 0
  55: 0
  56: 0
  57: 0
  58: 0
  59: 0
  60: 0
  61: 0
  62: 0
  63: 0
 heartbeats: # Per-process heartbeats
  0: 0
  1: 0
  2: 0
  3: 0
  4: 0
  5: 0
  6: 0
  7: 0
  8: 0
  9: 0
  10: 0
  11: 0
  12: 0
  13: 0
  14: 0
  15: 0
  16: 0
  17: 0
  18: 0
  19: 0
  20: 0
  21: 0
  22: 0
  23: 0
  24: 0
  25: 0
  26: 0
  27: 0
  28: 0
  29: 0
  30: 0
  31: 0
  32: 0
  33: 0
  34: 0
  35: 0
  36: 0
  37: 0
  38: 0
  39: 0
  40: 0
  41: 0
  42: 0
  43: 0
  44: 0
  45: 0
  46: 0
  47: 0
  48: 0
  49: 0
  50: 0
  51: 0
  52: 0
  53: 0
  54: 0
  55: 0
  56: 0
  57: 0
  58: 0
  59: 0
  60: 0
  61: 0
  62: 0
  63: 0
===
