# zsim stats
===
root: # Stats
 contention: # Contention simulation stats
  domain-0: # Domain stats
   time: 12764317638 # Weave simulation time
 time: # Simulator time breakdown
  init: 3056667323
  bound: 155201579278
  weave: 13550524961
  ff: 1505924
 trigger: 20000 # Reason for this stats dump
 phase: 19306 # Simulated phases
 reqCycles: 0 # Requeue Cycles
 skylake: # Core stats
  skylake-0: # Core stats
   cycles: 19307069 # Simulated unhalted cycles
   cCycles: 13883475 # Cycles due to contention stalls
   instrs: 6998923 # Simulated instructions
   uops: 6668880 # issued micro-ops
   bbls: 1789772 # Basic blocks
   approxInstrs: 942769 # Instrs with approx uop decoding
   mispredBranches: 172 # Mispredicted branches
   IdqNotDelivered: 3697837 # Stalls no uop delivered when no Bkend Stall
   IntMiscRecoveryCycles: 7311 # Stalls waiting machine clears
   uops executed: 7716018 # Executed microoperations
  skylake-1: # Core stats
   cycles: 19283084 # Simulated unhalted cycles
   cCycles: 13880097 # Cycles due to contention stalls
   instrs: 7000544 # Simulated instructions
   uops: 6670229 # issued micro-ops
   bbls: 1790268 # Basic blocks
   approxInstrs: 943144 # Instrs with approx uop decoding
   mispredBranches: 143 # Mispredicted branches
   IdqNotDelivered: 3676936 # Stalls no uop delivered when no Bkend Stall
   IntMiscRecoveryCycles: 2304 # Stalls waiting machine clears
   uops executed: 7717779 # Executed microoperations
  skylake-2: # Core stats
   cycles: 19280051 # Simulated unhalted cycles
   cCycles: 13884779 # Cycles due to contention stalls
   instrs: 6990019 # Simulated instructions
   uops: 6660090 # issued micro-ops
   bbls: 1787609 # Basic blocks
   approxInstrs: 941790 # Instrs with approx uop decoding
   mispredBranches: 140 # Mispredicted branches
   IdqNotDelivered: 3669814 # Stalls no uop delivered when no Bkend Stall
   IntMiscRecoveryCycles: 3617 # Stalls waiting machine clears
   uops executed: 7706189 # Executed microoperations
  skylake-3: # Core stats
   cycles: 19281760 # Simulated unhalted cycles
   cCycles: 13882396 # Cycles due to contention stalls
   instrs: 7001707 # Simulated instructions
   uops: 6671273 # issued micro-ops
   bbls: 1790578 # Basic blocks
   approxInstrs: 943333 # Instrs with approx uop decoding
   mispredBranches: 139 # Mispredicted branches
   IdqNotDelivered: 3672898 # Stalls no uop delivered when no Bkend Stall
   IntMiscRecoveryCycles: 2813 # Stalls waiting machine clears
   uops executed: 7719034 # Executed microoperations
  skylake-4: # Core stats
   cycles: 19279542 # Simulated unhalted cycles
   cCycles: 13881910 # Cycles due to contention stalls
   instrs: 6999886 # Simulated instructions
   uops: 6669543 # issued micro-ops
   bbls: 1790112 # Basic blocks
   approxInstrs: 943086 # Instrs with approx uop decoding
   mispredBranches: 138 # Mispredicted branches
   IdqNotDelivered: 3670143 # Stalls no uop delivered when no Bkend Stall
   IntMiscRecoveryCycles: 2241 # Stalls waiting machine clears
   uops executed: 7717034 # Executed microoperations
  skylake-5: # Core stats
   cycles: 19278545 # Simulated unhalted cycles
   cCycles: 13884035 # Cycles due to contention stalls
   instrs: 6998456 # Simulated instructions
   uops: 6668181 # issued micro-ops
   bbls: 1789746 # Basic blocks
   approxInstrs: 942894 # Instrs with approx uop decoding
   mispredBranches: 138 # Mispredicted branches
   IdqNotDelivered: 3666726 # Stalls no uop delivered when no Bkend Stall
   IntMiscRecoveryCycles: 2143 # Stalls waiting machine clears
   uops executed: 7715458 # Executed microoperations
  skylake-6: # Core stats
   cycles: 19278754 # Simulated unhalted cycles
   cCycles: 13881209 # Cycles due to contention stalls
   instrs: 7002247 # Simulated instructions
   uops: 6671637 # issued micro-ops
   bbls: 1790743 # Basic blocks
   approxInstrs: 943480 # Instrs with approx uop decoding
   mispredBranches: 132 # Mispredicted branches
   IdqNotDelivered: 3668451 # Stalls no uop delivered when no Bkend Stall
   IntMiscRecoveryCycles: 3188 # Stalls waiting machine clears
   uops executed: 7719581 # Executed microoperations
  skylake-7: # Core stats
   cycles: 19277600 # Simulated unhalted cycles
   cCycles: 13882953 # Cycles due to contention stalls
   instrs: 6998789 # Simulated instructions
   uops: 6668351 # issued micro-ops
   bbls: 1789858 # Basic blocks
   approxInstrs: 943019 # Instrs with approx uop decoding
   mispredBranches: 132 # Mispredicted branches
   IdqNotDelivered: 3668582 # Stalls no uop delivered when no Bkend Stall
   IntMiscRecoveryCycles: 2989 # Stalls waiting machine clears
   uops executed: 7715782 # Executed microoperations
  skylake-8: # Core stats
   cycles: 19278061 # Simulated unhalted cycles
   cCycles: 13885161 # Cycles due to contention stalls
   instrs: 6993586 # Simulated instructions
   uops: 6663539 # issued micro-ops
   bbls: 1788501 # Basic blocks
   approxInstrs: 942232 # Instrs with approx uop decoding
   mispredBranches: 138 # Mispredicted branches
   IdqNotDelivered: 3667193 # Stalls no uop delivered when no Bkend Stall
   IntMiscRecoveryCycles: 2207 # Stalls waiting machine clears
   uops executed: 7710088 # Executed microoperations
  skylake-9: # Core stats
   cycles: 19277285 # Simulated unhalted cycles
   cCycles: 13879513 # Cycles due to contention stalls
   instrs: 7001291 # Simulated instructions
   uops: 6670730 # issued micro-ops
   bbls: 1790498 # Basic blocks
   approxInstrs: 943356 # Instrs with approx uop decoding
   mispredBranches: 132 # Mispredicted branches
   IdqNotDelivered: 3673760 # Stalls no uop delivered when no Bkend Stall
   IntMiscRecoveryCycles: 2537 # Stalls waiting machine clears
   uops executed: 7718531 # Executed microoperations
  skylake-10: # Core stats
   cycles: 19277427 # Simulated unhalted cycles
   cCycles: 13878562 # Cycles due to contention stalls
   instrs: 7003237 # Simulated instructions
   uops: 6672589 # issued micro-ops
   bbls: 1790997 # Basic blocks
   approxInstrs: 943611 # Instrs with approx uop decoding
   mispredBranches: 134 # Mispredicted branches
   IdqNotDelivered: 3670315 # Stalls no uop delivered when no Bkend Stall
   IntMiscRecoveryCycles: 3218 # Stalls waiting machine clears
   uops executed: 7720669 # Executed microoperations
  skylake-11: # Core stats
   cycles: 19276604 # Simulated unhalted cycles
   cCycles: 13883581 # Cycles due to contention stalls
   instrs: 6996809 # Simulated instructions
   uops: 6666526 # issued micro-ops
   bbls: 1789298 # Basic blocks
   approxInstrs: 942684 # Instrs with approx uop decoding
   mispredBranches: 136 # Mispredicted branches
   IdqNotDelivered: 3664558 # Stalls no uop delivered when no Bkend Stall
   IntMiscRecoveryCycles: 2693 # Stalls waiting machine clears
   uops executed: 7713648 # Executed microoperations
  skylake-12: # Core stats
   cycles: 19277060 # Simulated unhalted cycles
   cCycles: 13878111 # Cycles due to contention stalls
   instrs: 6998568 # Simulated instructions
   uops: 6668128 # issued micro-ops
   bbls: 1789802 # Basic blocks
   approxInstrs: 942984 # Instrs with approx uop decoding
   mispredBranches: 132 # Mispredicted branches
   IdqNotDelivered: 3672836 # Stalls no uop delivered when no Bkend Stall
   IntMiscRecoveryCycles: 2554 # Stalls waiting machine clears
   uops executed: 7715517 # Executed microoperations
  skylake-13: # Core stats
   cycles: 19276605 # Simulated unhalted cycles
   cCycles: 13884674 # Cycles due to contention stalls
   instrs: 6995095 # Simulated instructions
   uops: 6664816 # issued micro-ops
   bbls: 1788912 # Basic blocks
   approxInstrs: 942522 # Instrs with approx uop decoding
   mispredBranches: 126 # Mispredicted branches
   IdqNotDelivered: 3664852 # Stalls no uop delivered when no Bkend Stall
   IntMiscRecoveryCycles: 2454 # Stalls waiting machine clears
   uops executed: 7711726 # Executed microoperations
  skylake-14: # Core stats
   cycles: 19276060 # Simulated unhalted cycles
   cCycles: 13883749 # Cycles due to contention stalls
   instrs: 6999002 # Simulated instructions
   uops: 6668553 # issued micro-ops
   bbls: 1789912 # Basic blocks
   approxInstrs: 943045 # Instrs with approx uop decoding
   mispredBranches: 132 # Mispredicted branches
   IdqNotDelivered: 3664197 # Stalls no uop delivered when no Bkend Stall
   IntMiscRecoveryCycles: 2407 # Stalls waiting machine clears
   uops executed: 7716016 # Executed microoperations
  skylake-15: # Core stats
   cycles: 19275591 # Simulated unhalted cycles
   cCycles: 13883975 # Cycles due to contention stalls
   instrs: 6995967 # Simulated instructions
   uops: 6665649 # issued micro-ops
   bbls: 1789137 # Basic blocks
   approxInstrs: 942633 # Instrs with approx uop decoding
   mispredBranches: 132 # Mispredicted branches
   IdqNotDelivered: 3666109 # Stalls no uop delivered when no Bkend Stall
   IntMiscRecoveryCycles: 2211 # Stalls waiting machine clears
   uops executed: 7712648 # Executed microoperations
  skylake-16: # Core stats
   cycles: 19276060 # Simulated unhalted cycles
   cCycles: 13884456 # Cycles due to contention stalls
   instrs: 6989446 # Simulated instructions
   uops: 6659447 # issued micro-ops
   bbls: 1787469 # Basic blocks
   approxInstrs: 941758 # Instrs with approx uop decoding
   mispredBranches: 132 # Mispredicted branches
   IdqNotDelivered: 3666565 # Stalls no uop delivered when no Bkend Stall
   IntMiscRecoveryCycles: 2211 # Stalls waiting machine clears
   uops executed: 7705477 # Executed microoperations
  skylake-17: # Core stats
   cycles: 19276060 # Simulated unhalted cycles
   cCycles: 13884821 # Cycles due to contention stalls
   instrs: 6997081 # Simulated instructions
   uops: 6666720 # issued micro-ops
   bbls: 1789421 # Basic blocks
   approxInstrs: 942785 # Instrs with approx uop decoding
   mispredBranches: 132 # Mispredicted branches
   IdqNotDelivered: 3666064 # Stalls no uop delivered when no Bkend Stall
   IntMiscRecoveryCycles: 2407 # Stalls waiting machine clears
   uops executed: 7713894 # Executed microoperations
  skylake-18: # Core stats
   cycles: 19274613 # Simulated unhalted cycles
   cCycles: 13880472 # Cycles due to contention stalls
   instrs: 7000525 # Simulated instructions
   uops: 6670005 # issued micro-ops
   bbls: 1790302 # Basic blocks
   approxInstrs: 943253 # Instrs with approx uop decoding
   mispredBranches: 132 # Mispredicted branches
   IdqNotDelivered: 3664806 # Stalls no uop delivered when no Bkend Stall
   IntMiscRecoveryCycles: 2554 # Stalls waiting machine clears
   uops executed: 7717696 # Executed microoperations
  skylake-19: # Core stats
   cycles: 19274596 # Simulated unhalted cycles
   cCycles: 13884111 # Cycles due to contention stalls
   instrs: 6995011 # Simulated instructions
   uops: 6664745 # issued micro-ops
   bbls: 1788892 # Basic blocks
   approxInstrs: 942509 # Instrs with approx uop decoding
   mispredBranches: 132 # Mispredicted branches
   IdqNotDelivered: 3663096 # Stalls no uop delivered when no Bkend Stall
   IntMiscRecoveryCycles: 2554 # Stalls waiting machine clears
   uops executed: 7711604 # Executed microoperations
  skylake-20: # Core stats
   cycles: 19274592 # Simulated unhalted cycles
   cCycles: 13883381 # Cycles due to contention stalls
   instrs: 6992670 # Simulated instructions
   uops: 6662520 # issued micro-ops
   bbls: 1788292 # Basic blocks
   approxInstrs: 942193 # Instrs with approx uop decoding
   mispredBranches: 132 # Mispredicted branches
   IdqNotDelivered: 3666946 # Stalls no uop delivered when no Bkend Stall
   IntMiscRecoveryCycles: 2211 # Stalls waiting machine clears
   uops executed: 7709034 # Executed microoperations
  skylake-21: # Core stats
   cycles: 19274530 # Simulated unhalted cycles
   cCycles: 13884564 # Cycles due to contention stalls
   instrs: 6979475 # Simulated instructions
   uops: 6650147 # issued micro-ops
   bbls: 1784727 # Basic blocks
   approxInstrs: 939806 # Instrs with approx uop decoding
   mispredBranches: 224 # Mispredicted branches
   IdqNotDelivered: 3663310 # Stalls no uop delivered when no Bkend Stall
   IntMiscRecoveryCycles: 5200 # Stalls waiting machine clears
   uops executed: 7694072 # Executed microoperations
  skylake-22: # Core stats
   cycles: 19273284 # Simulated unhalted cycles
   cCycles: 13884763 # Cycles due to contention stalls
   instrs: 6991974 # Simulated instructions
   uops: 6661879 # issued micro-ops
   bbls: 1788116 # Basic blocks
   approxInstrs: 942087 # Instrs with approx uop decoding
   mispredBranches: 130 # Mispredicted branches
   IdqNotDelivered: 3657693 # Stalls no uop delivered when no Bkend Stall
   IntMiscRecoveryCycles: 2260 # Stalls waiting machine clears
   uops executed: 7708301 # Executed microoperations
  skylake-23: # Core stats
   cycles: 0 # Simulated unhalted cycles
   cCycles: 0 # Cycles due to contention stalls
   instrs: 0 # Simulated instructions
   uops: 0 # issued micro-ops
   bbls: 0 # Basic blocks
   approxInstrs: 0 # Instrs with approx uop decoding
   mispredBranches: 0 # Mispredicted branches
   IdqNotDelivered: 0 # Stalls no uop delivered when no Bkend Stall
   IntMiscRecoveryCycles: 0 # Stalls waiting machine clears
   uops executed: 0 # Executed microoperations
 l1d: # Cache stats
  l1d-0: # Filter cache stats
   fhGETS: 818357 # Filtered GETS hits
   fhGETX: 635852 # Filtered GETX hits
   hGETS: 157880 # GETS hits
   hGETX: 162464 # GETX hits
   mGETS: 153347 # GETS misses
   mGETXIM: 249899 # GETX I->M misses
   mGETXSM: 7 # GETX S->M misses (upgrade misses)
   PUTS: 0 # Clean evictions (from lower level)
   PUTX: 0 # Dirty evictions (from lower level)
   INV: 117 # Invalidates (from upper level)
   INVX: 87 # Downgrades (from upper level)
   FWD: 0 # Forwards (from upper level)
   latGETnl: 72159245 # GET request latency on next level
   latGETnet: 0 # GET request latency on network to next level
  l1d-1: # Filter cache stats
   fhGETS: 818409 # Filtered GETS hits
   fhGETX: 635932 # Filtered GETX hits
   hGETS: 157861 # GETS hits
   hGETX: 162506 # GETX hits
   mGETS: 153366 # GETS misses
   mGETXIM: 249959 # GETX I->M misses
   mGETXSM: 10 # GETX S->M misses (upgrade misses)
   PUTS: 0 # Clean evictions (from lower level)
   PUTX: 0 # Dirty evictions (from lower level)
   INV: 98 # Invalidates (from upper level)
   INVX: 25 # Downgrades (from upper level)
   FWD: 0 # Forwards (from upper level)
   latGETnl: 72169041 # GET request latency on next level
   latGETnet: 0 # GET request latency on network to next level
  l1d-2: # Filter cache stats
   fhGETS: 817115 # Filtered GETS hits
   fhGETX: 634950 # Filtered GETX hits
   hGETS: 157611 # GETS hits
   hGETX: 162257 # GETX hits
   mGETS: 153140 # GETS misses
   mGETXIM: 249593 # GETX I->M misses
   mGETXSM: 5 # GETX S->M misses (upgrade misses)
   PUTS: 0 # Clean evictions (from lower level)
   PUTX: 0 # Dirty evictions (from lower level)
   INV: 77 # Invalidates (from upper level)
   INVX: 3 # Downgrades (from upper level)
   FWD: 0 # Forwards (from upper level)
   latGETnl: 72063530 # GET request latency on next level
   latGETnet: 0 # GET request latency on network to next level
  l1d-3: # Filter cache stats
   fhGETS: 818506 # Filtered GETS hits
   fhGETX: 636015 # Filtered GETX hits
   hGETS: 157901 # GETS hits
   hGETX: 162541 # GETX hits
   mGETS: 153389 # GETS misses
   mGETXIM: 250006 # GETX I->M misses
   mGETXSM: 6 # GETX S->M misses (upgrade misses)
   PUTS: 0 # Clean evictions (from lower level)
   PUTX: 0 # Dirty evictions (from lower level)
   INV: 88 # Invalidates (from upper level)
   INVX: 31 # Downgrades (from upper level)
   FWD: 0 # Forwards (from upper level)
   latGETnl: 72183787 # GET request latency on next level
   latGETnet: 0 # GET request latency on network to next level
  l1d-4: # Filter cache stats
   fhGETS: 818279 # Filtered GETS hits
   fhGETX: 635831 # Filtered GETX hits
   hGETS: 157862 # GETS hits
   hGETX: 162525 # GETX hits
   mGETS: 153361 # GETS misses
   mGETXIM: 249933 # GETX I->M misses
   mGETXSM: 9 # GETX S->M misses (upgrade misses)
   PUTS: 0 # Clean evictions (from lower level)
   PUTX: 0 # Dirty evictions (from lower level)
   INV: 94 # Invalidates (from upper level)
   INVX: 20 # Downgrades (from upper level)
   FWD: 0 # Forwards (from upper level)
   latGETnl: 72163985 # GET request latency on next level
   latGETnet: 0 # GET request latency on network to next level
  l1d-5: # Filter cache stats
   fhGETS: 818137 # Filtered GETS hits
   fhGETX: 635729 # Filtered GETX hits
   hGETS: 157814 # GETS hits
   hGETX: 162455 # GETX hits
   mGETS: 153321 # GETS misses
   mGETXIM: 249891 # GETX I->M misses
   mGETXSM: 9 # GETX S->M misses (upgrade misses)
   PUTS: 0 # Clean evictions (from lower level)
   PUTX: 0 # Dirty evictions (from lower level)
   INV: 94 # Invalidates (from upper level)
   INVX: 20 # Downgrades (from upper level)
   FWD: 0 # Forwards (from upper level)
   latGETnl: 72148279 # GET request latency on next level
   latGETnet: 0 # GET request latency on network to next level
  l1d-6: # Filter cache stats
   fhGETS: 818490 # Filtered GETS hits
   fhGETX: 636043 # Filtered GETX hits
   hGETS: 157904 # GETS hits
   hGETX: 162542 # GETX hits
   mGETS: 153395 # GETS misses
   mGETXIM: 250041 # GETX I->M misses
   mGETXSM: 5 # GETX S->M misses (upgrade misses)
   PUTS: 0 # Clean evictions (from lower level)
   PUTX: 0 # Dirty evictions (from lower level)
   INV: 76 # Invalidates (from upper level)
   INVX: 19 # Downgrades (from upper level)
   FWD: 0 # Forwards (from upper level)
   latGETnl: 72192009 # GET request latency on next level
   latGETnet: 0 # GET request latency on network to next level
  l1d-7: # Filter cache stats
   fhGETS: 818082 # Filtered GETS hits
   fhGETX: 635734 # Filtered GETX hits
   hGETS: 157829 # GETS hits
   hGETX: 162458 # GETX hits
   mGETS: 153320 # GETS misses
   mGETXIM: 249920 # GETX I->M misses
   mGETXSM: 6 # GETX S->M misses (upgrade misses)
   PUTS: 0 # Clean evictions (from lower level)
   PUTX: 0 # Dirty evictions (from lower level)
   INV: 76 # Invalidates (from upper level)
   INVX: 15 # Downgrades (from upper level)
   FWD: 0 # Forwards (from upper level)
   latGETnl: 72156408 # GET request latency on next level
   latGETnet: 0 # GET request latency on network to next level
  l1d-8: # Filter cache stats
   fhGETS: 817555 # Filtered GETS hits
   fhGETX: 635287 # Filtered GETX hits
   hGETS: 157713 # GETS hits
   hGETX: 162342 # GETX hits
   mGETS: 153213 # GETS misses
   mGETXIM: 249718 # GETX I->M misses
   mGETXSM: 9 # GETX S->M misses (upgrade misses)
   PUTS: 0 # Clean evictions (from lower level)
   PUTX: 0 # Dirty evictions (from lower level)
   INV: 93 # Invalidates (from upper level)
   INVX: 16 # Downgrades (from upper level)
   FWD: 0 # Forwards (from upper level)
   latGETnl: 72097806 # GET request latency on next level
   latGETnet: 0 # GET request latency on network to next level
  l1d-9: # Filter cache stats
   fhGETS: 818383 # Filtered GETS hits
   fhGETX: 635947 # Filtered GETX hits
   hGETS: 157881 # GETS hits
   hGETX: 162529 # GETX hits
   mGETS: 153375 # GETS misses
   mGETXIM: 250007 # GETX I->M misses
   mGETXSM: 5 # GETX S->M misses (upgrade misses)
   PUTS: 0 # Clean evictions (from lower level)
   PUTX: 0 # Dirty evictions (from lower level)
   INV: 76 # Invalidates (from upper level)
   INVX: 16 # Downgrades (from upper level)
   FWD: 0 # Forwards (from upper level)
   latGETnl: 72182405 # GET request latency on next level
   latGETnet: 0 # GET request latency on network to next level
  l1d-10: # Filter cache stats
   fhGETS: 818624 # Filtered GETS hits
   fhGETX: 636134 # Filtered GETX hits
   hGETS: 157912 # GETS hits
   hGETX: 162564 # GETX hits
   mGETS: 153415 # GETS misses
   mGETXIM: 250077 # GETX I->M misses
   mGETXSM: 5 # GETX S->M misses (upgrade misses)
   PUTS: 0 # Clean evictions (from lower level)
   PUTX: 0 # Dirty evictions (from lower level)
   INV: 75 # Invalidates (from upper level)
   INVX: 22 # Downgrades (from upper level)
   FWD: 0 # Forwards (from upper level)
   latGETnl: 72202637 # GET request latency on next level
   latGETnet: 0 # GET request latency on network to next level
  l1d-11: # Filter cache stats
   fhGETS: 817952 # Filtered GETS hits
   fhGETX: 635572 # Filtered GETX hits
   hGETS: 157779 # GETS hits
   hGETX: 162425 # GETX hits
   mGETS: 153313 # GETS misses
   mGETXIM: 249831 # GETX I->M misses
   mGETXSM: 10 # GETX S->M misses (upgrade misses)
   PUTS: 0 # Clean evictions (from lower level)
   PUTX: 0 # Dirty evictions (from lower level)
   INV: 76 # Invalidates (from upper level)
   INVX: 4 # Downgrades (from upper level)
   FWD: 0 # Forwards (from upper level)
   latGETnl: 72133429 # GET request latency on next level
   latGETnet: 0 # GET request latency on network to next level
  l1d-12: # Filter cache stats
   fhGETS: 685708 # Filtered GETS hits
   fhGETX: 498680 # Filtered GETX hits
   hGETS: 290175 # GETS hits
   hGETX: 299483 # GETX hits
   mGETS: 153317 # GETS misses
   mGETXIM: 249907 # GETX I->M misses
   mGETXSM: 6 # GETX S->M misses (upgrade misses)
   PUTS: 0 # Clean evictions (from lower level)
   PUTX: 0 # Dirty evictions (from lower level)
   INV: 74 # Invalidates (from upper level)
   INVX: 4 # Downgrades (from upper level)
   FWD: 0 # Forwards (from upper level)
   latGETnl: 72152258 # GET request latency on next level
   latGETnet: 0 # GET request latency on network to next level
  l1d-13: # Filter cache stats
   fhGETS: 817661 # Filtered GETS hits
   fhGETX: 635380 # Filtered GETX hits
   hGETS: 157737 # GETS hits
   hGETX: 162396 # GETX hits
   mGETS: 153244 # GETS misses
   mGETXIM: 249777 # GETX I->M misses
   mGETXSM: 5 # GETX S->M misses (upgrade misses)
   PUTS: 0 # Clean evictions (from lower level)
   PUTX: 0 # Dirty evictions (from lower level)
   INV: 69 # Invalidates (from upper level)
   INVX: 11 # Downgrades (from upper level)
   FWD: 0 # Forwards (from upper level)
   latGETnl: 72117966 # GET request latency on next level
   latGETnet: 0 # GET request latency on network to next level
  l1d-14: # Filter cache stats
   fhGETS: 818128 # Filtered GETS hits
   fhGETX: 635756 # Filtered GETX hits
   hGETS: 157817 # GETS hits
   hGETX: 162458 # GETX hits
   mGETS: 153322 # GETS misses
   mGETXIM: 249930 # GETX I->M misses
   mGETXSM: 6 # GETX S->M misses (upgrade misses)
   PUTS: 0 # Clean evictions (from lower level)
   PUTX: 0 # Dirty evictions (from lower level)
   INV: 76 # Invalidates (from upper level)
   INVX: 2 # Downgrades (from upper level)
   FWD: 0 # Forwards (from upper level)
   latGETnl: 72156332 # GET request latency on next level
   latGETnet: 0 # GET request latency on network to next level
  l1d-15: # Filter cache stats
   fhGETS: 817767 # Filtered GETS hits
   fhGETX: 635464 # Filtered GETX hits
   hGETS: 157751 # GETS hits
   hGETX: 162405 # GETX hits
   mGETS: 153262 # GETS misses
   mGETXIM: 249811 # GETX I->M misses
   mGETXSM: 6 # GETX S->M misses (upgrade misses)
   PUTS: 0 # Clean evictions (from lower level)
   PUTX: 0 # Dirty evictions (from lower level)
   INV: 74 # Invalidates (from upper level)
   INVX: 2 # Downgrades (from upper level)
   FWD: 0 # Forwards (from upper level)
   latGETnl: 72125215 # GET request latency on next level
   latGETnet: 0 # GET request latency on network to next level
  l1d-16: # Filter cache stats
   fhGETS: 684812 # Filtered GETS hits
   fhGETX: 498036 # Filtered GETX hits
   hGETS: 289798 # GETS hits
   hGETX: 299088 # GETX hits
   mGETS: 153114 # GETS misses
   mGETXIM: 249587 # GETX I->M misses
   mGETXSM: 6 # GETX S->M misses (upgrade misses)
   PUTS: 0 # Clean evictions (from lower level)
   PUTX: 0 # Dirty evictions (from lower level)
   INV: 76 # Invalidates (from upper level)
   INVX: 2 # Downgrades (from upper level)
   FWD: 0 # Forwards (from upper level)
   latGETnl: 72057967 # GET request latency on next level
   latGETnet: 0 # GET request latency on network to next level
  l1d-17: # Filter cache stats
   fhGETS: 817904 # Filtered GETS hits
   fhGETX: 635582 # Filtered GETX hits
   hGETS: 157769 # GETS hits
   hGETX: 162415 # GETX hits
   mGETS: 153282 # GETS misses
   mGETXIM: 249858 # GETX I->M misses
   mGETXSM: 6 # GETX S->M misses (upgrade misses)
   PUTS: 0 # Clean evictions (from lower level)
   PUTX: 0 # Dirty evictions (from lower level)
   INV: 76 # Invalidates (from upper level)
   INVX: 2 # Downgrades (from upper level)
   FWD: 0 # Forwards (from upper level)
   latGETnl: 72136416 # GET request latency on next level
   latGETnet: 0 # GET request latency on network to next level
  l1d-18: # Filter cache stats
   fhGETS: 818297 # Filtered GETS hits
   fhGETX: 635883 # Filtered GETX hits
   hGETS: 157850 # GETS hits
   hGETX: 162513 # GETX hits
   mGETS: 153364 # GETS misses
   mGETXIM: 249976 # GETX I->M misses
   mGETXSM: 6 # GETX S->M misses (upgrade misses)
   PUTS: 0 # Clean evictions (from lower level)
   PUTX: 0 # Dirty evictions (from lower level)
   INV: 76 # Invalidates (from upper level)
   INVX: 2 # Downgrades (from upper level)
   FWD: 0 # Forwards (from upper level)
   latGETnl: 72172876 # GET request latency on next level
   latGETnet: 0 # GET request latency on network to next level
  l1d-19: # Filter cache stats
   fhGETS: 817634 # Filtered GETS hits
   fhGETX: 635371 # Filtered GETX hits
   hGETS: 157752 # GETS hits
   hGETX: 162389 # GETX hits
   mGETS: 153241 # GETS misses
   mGETXIM: 249780 # GETX I->M misses
   mGETXSM: 6 # GETX S->M misses (upgrade misses)
   PUTS: 0 # Clean evictions (from lower level)
   PUTX: 0 # Dirty evictions (from lower level)
   INV: 75 # Invalidates (from upper level)
   INVX: 2 # Downgrades (from upper level)
   FWD: 0 # Forwards (from upper level)
   latGETnl: 72115775 # GET request latency on next level
   latGETnet: 0 # GET request latency on network to next level
  l1d-20: # Filter cache stats
   fhGETS: 817386 # Filtered GETS hits
   fhGETX: 635180 # Filtered GETX hits
   hGETS: 157672 # GETS hits
   hGETX: 162319 # GETX hits
   mGETS: 153190 # GETS misses
   mGETXIM: 249696 # GETX I->M misses
   mGETXSM: 6 # GETX S->M misses (upgrade misses)
   PUTS: 0 # Clean evictions (from lower level)
   PUTX: 0 # Dirty evictions (from lower level)
   INV: 76 # Invalidates (from upper level)
   INVX: 2 # Downgrades (from upper level)
   FWD: 0 # Forwards (from upper level)
   latGETnl: 72091082 # GET request latency on next level
   latGETnet: 0 # GET request latency on network to next level
  l1d-21: # Filter cache stats
   fhGETS: 816329 # Filtered GETS hits
   fhGETX: 634007 # Filtered GETX hits
   hGETS: 157514 # GETS hits
   hGETX: 161961 # GETX hits
   mGETS: 152856 # GETS misses
   mGETXIM: 249077 # GETX I->M misses
   mGETXSM: 10 # GETX S->M misses (upgrade misses)
   PUTS: 0 # Clean evictions (from lower level)
   PUTX: 0 # Dirty evictions (from lower level)
   INV: 75 # Invalidates (from upper level)
   INVX: 3 # Downgrades (from upper level)
   FWD: 0 # Forwards (from upper level)
   latGETnl: 71918153 # GET request latency on next level
   latGETnet: 0 # GET request latency on network to next level
  l1d-22: # Filter cache stats
   fhGETS: 817315 # Filtered GETS hits
   fhGETX: 635122 # Filtered GETX hits
   hGETS: 157651 # GETS hits
   hGETX: 162293 # GETX hits
   mGETS: 153173 # GETS misses
   mGETXIM: 249676 # GETX I->M misses
   mGETXSM: 8 # GETX S->M misses (upgrade misses)
   PUTS: 0 # Clean evictions (from lower level)
   PUTX: 0 # Dirty evictions (from lower level)
   INV: 78 # Invalidates (from upper level)
   INVX: 5 # Downgrades (from upper level)
   FWD: 0 # Forwards (from upper level)
   latGETnl: 72084081 # GET request latency on next level
   latGETnet: 0 # GET request latency on network to next level
  l1d-23: # Filter cache stats
   fhGETS: 0 # Filtered GETS hits
   fhGETX: 0 # Filtered GETX hits
   hGETS: 0 # GETS hits
   hGETX: 0 # GETX hits
   mGETS: 0 # GETS misses
   mGETXIM: 0 # GETX I->M misses
   mGETXSM: 0 # GETX S->M misses (upgrade misses)
   PUTS: 0 # Clean evictions (from lower level)
   PUTX: 0 # Dirty evictions (from lower level)
   INV: 0 # Invalidates (from upper level)
   INVX: 0 # Downgrades (from upper level)
   FWD: 0 # Forwards (from upper level)
   latGETnl: 0 # GET request latency on next level
   latGETnet: 0 # GET request latency on network to next level
 l1i: # Cache stats
  l1i-0: # Filter cache stats
   fhGETS: 1902424 # Filtered GETS hits
   fhGETX: 0 # Filtered GETX hits
   hGETS: 51 # GETS hits
   hGETX: 0 # GETX hits
   mGETS: 734 # GETS misses
   mGETXIM: 0 # GETX I->M misses
   mGETXSM: 0 # GETX S->M misses (upgrade misses)
   PUTS: 0 # Clean evictions (from lower level)
   PUTX: 0 # Dirty evictions (from lower level)
   INV: 715 # Invalidates (from upper level)
   INVX: 0 # Downgrades (from upper level)
   FWD: 0 # Forwards (from upper level)
   latGETnl: 58522 # GET request latency on next level
   latGETnet: 0 # GET request latency on network to next level
  l1i-1: # Filter cache stats
   fhGETS: 1903033 # Filtered GETS hits
   fhGETX: 0 # Filtered GETX hits
   hGETS: 38 # GETS hits
   hGETX: 0 # GETX hits
   mGETS: 649 # GETS misses
   mGETXIM: 0 # GETX I->M misses
   mGETXSM: 0 # GETX S->M misses (upgrade misses)
   PUTS: 0 # Clean evictions (from lower level)
   PUTX: 0 # Dirty evictions (from lower level)
   INV: 630 # Invalidates (from upper level)
   INVX: 0 # Downgrades (from upper level)
   FWD: 0 # Forwards (from upper level)
   latGETnl: 33803 # GET request latency on next level
   latGETnet: 0 # GET request latency on network to next level
  l1i-2: # Filter cache stats
   fhGETS: 1900157 # Filtered GETS hits
   fhGETX: 0 # Filtered GETX hits
   hGETS: 32 # GETS hits
   hGETX: 0 # GETX hits
   mGETS: 674 # GETS misses
   mGETXIM: 0 # GETX I->M misses
   mGETXSM: 0 # GETX S->M misses (upgrade misses)
   PUTS: 0 # Clean evictions (from lower level)
   PUTX: 0 # Dirty evictions (from lower level)
   INV: 655 # Invalidates (from upper level)
   INVX: 0 # Downgrades (from upper level)
   FWD: 0 # Forwards (from upper level)
   latGETnl: 37354 # GET request latency on next level
   latGETnet: 0 # GET request latency on network to next level
  l1i-3: # Filter cache stats
   fhGETS: 1903351 # Filtered GETS hits
   fhGETX: 0 # Filtered GETX hits
   hGETS: 29 # GETS hits
   hGETX: 0 # GETX hits
   mGETS: 647 # GETS misses
   mGETXIM: 0 # GETX I->M misses
   mGETXSM: 0 # GETX S->M misses (upgrade misses)
   PUTS: 0 # Clean evictions (from lower level)
   PUTX: 0 # Dirty evictions (from lower level)
   INV: 628 # Invalidates (from upper level)
   INVX: 0 # Downgrades (from upper level)
   FWD: 0 # Forwards (from upper level)
   latGETnl: 34237 # GET request latency on next level
   latGETnet: 0 # GET request latency on network to next level
  l1i-4: # Filter cache stats
   fhGETS: 1902860 # Filtered GETS hits
   fhGETX: 0 # Filtered GETX hits
   hGETS: 31 # GETS hits
   hGETX: 0 # GETX hits
   mGETS: 653 # GETS misses
   mGETXIM: 0 # GETX I->M misses
   mGETXSM: 0 # GETX S->M misses (upgrade misses)
   PUTS: 0 # Clean evictions (from lower level)
   PUTX: 0 # Dirty evictions (from lower level)
   INV: 634 # Invalidates (from upper level)
   INVX: 0 # Downgrades (from upper level)
   FWD: 0 # Forwards (from upper level)
   latGETnl: 31219 # GET request latency on next level
   latGETnet: 0 # GET request latency on network to next level
  l1i-5: # Filter cache stats
   fhGETS: 1902471 # Filtered GETS hits
   fhGETX: 0 # Filtered GETX hits
   hGETS: 31 # GETS hits
   hGETX: 0 # GETX hits
   mGETS: 649 # GETS misses
   mGETXIM: 0 # GETX I->M misses
   mGETXSM: 0 # GETX S->M misses (upgrade misses)
   PUTS: 0 # Clean evictions (from lower level)
   PUTX: 0 # Dirty evictions (from lower level)
   INV: 630 # Invalidates (from upper level)
   INVX: 0 # Downgrades (from upper level)
   FWD: 0 # Forwards (from upper level)
   latGETnl: 30635 # GET request latency on next level
   latGETnet: 0 # GET request latency on network to next level
  l1i-6: # Filter cache stats
   fhGETS: 1903520 # Filtered GETS hits
   fhGETX: 0 # Filtered GETX hits
   hGETS: 29 # GETS hits
   hGETX: 0 # GETX hits
   mGETS: 627 # GETS misses
   mGETXIM: 0 # GETX I->M misses
   mGETXSM: 0 # GETX S->M misses (upgrade misses)
   PUTS: 0 # Clean evictions (from lower level)
   PUTX: 0 # Dirty evictions (from lower level)
   INV: 608 # Invalidates (from upper level)
   INVX: 0 # Downgrades (from upper level)
   FWD: 0 # Forwards (from upper level)
   latGETnl: 33033 # GET request latency on next level
   latGETnet: 0 # GET request latency on network to next level
  l1i-7: # Filter cache stats
   fhGETS: 1902569 # Filtered GETS hits
   fhGETX: 0 # Filtered GETX hits
   hGETS: 29 # GETS hits
   hGETX: 0 # GETX hits
   mGETS: 634 # GETS misses
   mGETXIM: 0 # GETX I->M misses
   mGETXSM: 0 # GETX S->M misses (upgrade misses)
   PUTS: 0 # Clean evictions (from lower level)
   PUTX: 0 # Dirty evictions (from lower level)
   INV: 615 # Invalidates (from upper level)
   INVX: 0 # Downgrades (from upper level)
   FWD: 0 # Forwards (from upper level)
   latGETnl: 31646 # GET request latency on next level
   latGETnet: 0 # GET request latency on network to next level
  l1i-8: # Filter cache stats
   fhGETS: 1901151 # Filtered GETS hits
   fhGETX: 0 # Filtered GETX hits
   hGETS: 31 # GETS hits
   hGETX: 0 # GETX hits
   mGETS: 650 # GETS misses
   mGETXIM: 0 # GETX I->M misses
   mGETXSM: 0 # GETX S->M misses (upgrade misses)
   PUTS: 0 # Clean evictions (from lower level)
   PUTX: 0 # Dirty evictions (from lower level)
   INV: 631 # Invalidates (from upper level)
   INVX: 0 # Downgrades (from upper level)
   FWD: 0 # Forwards (from upper level)
   latGETnl: 30550 # GET request latency on next level
   latGETnet: 0 # GET request latency on network to next level
  l1i-9: # Filter cache stats
   fhGETS: 1903243 # Filtered GETS hits
   fhGETX: 0 # Filtered GETX hits
   hGETS: 29 # GETS hits
   hGETX: 0 # GETX hits
   mGETS: 633 # GETS misses
   mGETXIM: 0 # GETX I->M misses
   mGETXSM: 0 # GETX S->M misses (upgrade misses)
   PUTS: 0 # Clean evictions (from lower level)
   PUTX: 0 # Dirty evictions (from lower level)
   INV: 614 # Invalidates (from upper level)
   INVX: 0 # Downgrades (from upper level)
   FWD: 0 # Forwards (from upper level)
   latGETnl: 31203 # GET request latency on next level
   latGETnet: 0 # GET request latency on network to next level
  l1i-10: # Filter cache stats
   fhGETS: 1903795 # Filtered GETS hits
   fhGETX: 0 # Filtered GETX hits
   hGETS: 29 # GETS hits
   hGETX: 0 # GETX hits
   mGETS: 643 # GETS misses
   mGETXIM: 0 # GETX I->M misses
   mGETXSM: 0 # GETX S->M misses (upgrade misses)
   PUTS: 0 # Clean evictions (from lower level)
   PUTX: 0 # Dirty evictions (from lower level)
   INV: 620 # Invalidates (from upper level)
   INVX: 0 # Downgrades (from upper level)
   FWD: 0 # Forwards (from upper level)
   latGETnl: 32465 # GET request latency on next level
   latGETnet: 0 # GET request latency on network to next level
  l1i-11: # Filter cache stats
   fhGETS: 1901926 # Filtered GETS hits
   fhGETX: 0 # Filtered GETX hits
   hGETS: 124 # GETS hits
   hGETX: 0 # GETX hits
   mGETS: 633 # GETS misses
   mGETXIM: 0 # GETX I->M misses
   mGETXSM: 0 # GETX S->M misses (upgrade misses)
   PUTS: 0 # Clean evictions (from lower level)
   PUTX: 0 # Dirty evictions (from lower level)
   INV: 614 # Invalidates (from upper level)
   INVX: 0 # Downgrades (from upper level)
   FWD: 0 # Forwards (from upper level)
   latGETnl: 30939 # GET request latency on next level
   latGETnet: 0 # GET request latency on network to next level
  l1i-12: # Filter cache stats
   fhGETS: 1902530 # Filtered GETS hits
   fhGETX: 0 # Filtered GETX hits
   hGETS: 29 # GETS hits
   hGETX: 0 # GETX hits
   mGETS: 639 # GETS misses
   mGETXIM: 0 # GETX I->M misses
   mGETXSM: 0 # GETX S->M misses (upgrade misses)
   PUTS: 0 # Clean evictions (from lower level)
   PUTX: 0 # Dirty evictions (from lower level)
   INV: 620 # Invalidates (from upper level)
   INVX: 0 # Downgrades (from upper level)
   FWD: 0 # Forwards (from upper level)
   latGETnl: 30297 # GET request latency on next level
   latGETnet: 0 # GET request latency on network to next level
  l1i-13: # Filter cache stats
   fhGETS: 1901572 # Filtered GETS hits
   fhGETX: 0 # Filtered GETX hits
   hGETS: 29 # GETS hits
   hGETX: 0 # GETX hits
   mGETS: 631 # GETS misses
   mGETXIM: 0 # GETX I->M misses
   mGETXSM: 0 # GETX S->M misses (upgrade misses)
   PUTS: 0 # Clean evictions (from lower level)
   PUTX: 0 # Dirty evictions (from lower level)
   INV: 612 # Invalidates (from upper level)
   INVX: 0 # Downgrades (from upper level)
   FWD: 0 # Forwards (from upper level)
   latGETnl: 30845 # GET request latency on next level
   latGETnet: 0 # GET request latency on network to next level
  l1i-14: # Filter cache stats
   fhGETS: 1902650 # Filtered GETS hits
   fhGETX: 0 # Filtered GETX hits
   hGETS: 29 # GETS hits
   hGETX: 0 # GETX hits
   mGETS: 632 # GETS misses
   mGETXIM: 0 # GETX I->M misses
   mGETXSM: 0 # GETX S->M misses (upgrade misses)
   PUTS: 0 # Clean evictions (from lower level)
   PUTX: 0 # Dirty evictions (from lower level)
   INV: 613 # Invalidates (from upper level)
   INVX: 0 # Downgrades (from upper level)
   FWD: 0 # Forwards (from upper level)
   latGETnl: 29836 # GET request latency on next level
   latGETnet: 0 # GET request latency on network to next level
  l1i-15: # Filter cache stats
   fhGETS: 1901824 # Filtered GETS hits
   fhGETX: 0 # Filtered GETX hits
   hGETS: 29 # GETS hits
   hGETX: 0 # GETX hits
   mGETS: 631 # GETS misses
   mGETXIM: 0 # GETX I->M misses
   mGETXSM: 0 # GETX S->M misses (upgrade misses)
   PUTS: 0 # Clean evictions (from lower level)
   PUTX: 0 # Dirty evictions (from lower level)
   INV: 612 # Invalidates (from upper level)
   INVX: 0 # Downgrades (from upper level)
   FWD: 0 # Forwards (from upper level)
   latGETnl: 29789 # GET request latency on next level
   latGETnet: 0 # GET request latency on network to next level
  l1i-16: # Filter cache stats
   fhGETS: 1900049 # Filtered GETS hits
   fhGETX: 0 # Filtered GETX hits
   hGETS: 29 # GETS hits
   hGETX: 0 # GETX hits
   mGETS: 632 # GETS misses
   mGETXIM: 0 # GETX I->M misses
   mGETXSM: 0 # GETX S->M misses (upgrade misses)
   PUTS: 0 # Clean evictions (from lower level)
   PUTX: 0 # Dirty evictions (from lower level)
   INV: 613 # Invalidates (from upper level)
   INVX: 0 # Downgrades (from upper level)
   FWD: 0 # Forwards (from upper level)
   latGETnl: 29836 # GET request latency on next level
   latGETnet: 0 # GET request latency on network to next level
  l1i-17: # Filter cache stats
   fhGETS: 1902127 # Filtered GETS hits
   fhGETX: 0 # Filtered GETX hits
   hGETS: 29 # GETS hits
   hGETX: 0 # GETX hits
   mGETS: 635 # GETS misses
   mGETXIM: 0 # GETX I->M misses
   mGETXSM: 0 # GETX S->M misses (upgrade misses)
   PUTS: 0 # Clean evictions (from lower level)
   PUTX: 0 # Dirty evictions (from lower level)
   INV: 616 # Invalidates (from upper level)
   INVX: 0 # Downgrades (from upper level)
   FWD: 0 # Forwards (from upper level)
   latGETnl: 29845 # GET request latency on next level
   latGETnet: 0 # GET request latency on network to next level
  l1i-18: # Filter cache stats
   fhGETS: 1903065 # Filtered GETS hits
   fhGETX: 0 # Filtered GETX hits
   hGETS: 29 # GETS hits
   hGETX: 0 # GETX hits
   mGETS: 637 # GETS misses
   mGETXIM: 0 # GETX I->M misses
   mGETXSM: 0 # GETX S->M misses (upgrade misses)
   PUTS: 0 # Clean evictions (from lower level)
   PUTX: 0 # Dirty evictions (from lower level)
   INV: 618 # Invalidates (from upper level)
   INVX: 0 # Downgrades (from upper level)
   FWD: 0 # Forwards (from upper level)
   latGETnl: 29939 # GET request latency on next level
   latGETnet: 0 # GET request latency on network to next level
  l1i-19: # Filter cache stats
   fhGETS: 1901568 # Filtered GETS hits
   fhGETX: 0 # Filtered GETX hits
   hGETS: 29 # GETS hits
   hGETX: 0 # GETX hits
   mGETS: 634 # GETS misses
   mGETXIM: 0 # GETX I->M misses
   mGETXSM: 0 # GETX S->M misses (upgrade misses)
   PUTS: 0 # Clean evictions (from lower level)
   PUTX: 0 # Dirty evictions (from lower level)
   INV: 615 # Invalidates (from upper level)
   INVX: 0 # Downgrades (from upper level)
   FWD: 0 # Forwards (from upper level)
   latGETnl: 29798 # GET request latency on next level
   latGETnet: 0 # GET request latency on network to next level
  l1i-20: # Filter cache stats
   fhGETS: 1900929 # Filtered GETS hits
   fhGETX: 0 # Filtered GETX hits
   hGETS: 29 # GETS hits
   hGETX: 0 # GETX hits
   mGETS: 629 # GETS misses
   mGETXIM: 0 # GETX I->M misses
   mGETXSM: 0 # GETX S->M misses (upgrade misses)
   PUTS: 0 # Clean evictions (from lower level)
   PUTX: 0 # Dirty evictions (from lower level)
   INV: 610 # Invalidates (from upper level)
   INVX: 0 # Downgrades (from upper level)
   FWD: 0 # Forwards (from upper level)
   latGETnl: 29563 # GET request latency on next level
   latGETnet: 0 # GET request latency on network to next level
  l1i-21: # Filter cache stats
   fhGETS: 1897325 # Filtered GETS hits
   fhGETX: 0 # Filtered GETX hits
   hGETS: 115 # GETS hits
   hGETX: 0 # GETX hits
   mGETS: 701 # GETS misses
   mGETXIM: 0 # GETX I->M misses
   mGETXSM: 0 # GETX S->M misses (upgrade misses)
   PUTS: 0 # Clean evictions (from lower level)
   PUTX: 0 # Dirty evictions (from lower level)
   INV: 682 # Invalidates (from upper level)
   INVX: 0 # Downgrades (from upper level)
   FWD: 0 # Forwards (from upper level)
   latGETnl: 40207 # GET request latency on next level
   latGETnet: 0 # GET request latency on network to next level
  l1i-22: # Filter cache stats
   fhGETS: 1900718 # Filtered GETS hits
   fhGETX: 0 # Filtered GETX hits
   hGETS: 43 # GETS hits
   hGETX: 0 # GETX hits
   mGETS: 640 # GETS misses
   mGETXIM: 0 # GETX I->M misses
   mGETXSM: 0 # GETX S->M misses (upgrade misses)
   PUTS: 0 # Clean evictions (from lower level)
   PUTX: 0 # Dirty evictions (from lower level)
   INV: 621 # Invalidates (from upper level)
   INVX: 0 # Downgrades (from upper level)
   FWD: 0 # Forwards (from upper level)
   latGETnl: 30212 # GET request latency on next level
   latGETnet: 0 # GET request latency on network to next level
  l1i-23: # Filter cache stats
   fhGETS: 0 # Filtered GETS hits
   fhGETX: 0 # Filtered GETX hits
   hGETS: 0 # GETS hits
   hGETX: 0 # GETX hits
   mGETS: 0 # GETS misses
   mGETXIM: 0 # GETX I->M misses
   mGETXSM: 0 # GETX S->M misses (upgrade misses)
   PUTS: 0 # Clean evictions (from lower level)
   PUTX: 0 # Dirty evictions (from lower level)
   INV: 0 # Invalidates (from upper level)
   INVX: 0 # Downgrades (from upper level)
   FWD: 0 # Forwards (from upper level)
   latGETnl: 0 # GET request latency on next level
   latGETnet: 0 # GET request latency on network to next level
 l2: # Cache stats
  l2-0: # Cache stats
   hGETS: 0 # GETS hits
   hGETX: 0 # GETX hits
   mGETS: 154081 # GETS misses
   mGETXIM: 249899 # GETX I->M misses
   mGETXSM: 7 # GETX S->M misses (upgrade misses)
   PUTS: 153089 # Clean evictions (from lower level)
   PUTX: 249528 # Dirty evictions (from lower level)
   INV: 82567 # Invalidates (from upper level)
   INVX: 97 # Downgrades (from upper level)
   FWD: 0 # Forwards (from upper level)
   latGETnl: 68177897 # GET request latency on next level
   latGETnet: 0 # GET request latency on network to next level
  l2-1: # Cache stats
   hGETS: 0 # GETS hits
   hGETX: 0 # GETX hits
   mGETS: 154015 # GETS misses
   mGETXIM: 249959 # GETX I->M misses
   mGETXSM: 10 # GETX S->M misses (upgrade misses)
   PUTS: 153110 # Clean evictions (from lower level)
   PUTX: 249605 # Dirty evictions (from lower level)
   INV: 46356 # Invalidates (from upper level)
   INVX: 25 # Downgrades (from upper level)
   FWD: 0 # Forwards (from upper level)
   latGETnl: 68163004 # GET request latency on next level
   latGETnet: 0 # GET request latency on network to next level
  l2-2: # Cache stats
   hGETS: 0 # GETS hits
   hGETX: 0 # GETX hits
   mGETS: 153814 # GETS misses
   mGETXIM: 249593 # GETX I->M misses
   mGETXSM: 5 # GETX S->M misses (upgrade misses)
   PUTS: 152889 # Clean evictions (from lower level)
   PUTX: 249255 # Dirty evictions (from lower level)
   INV: 104799 # Invalidates (from upper level)
   INVX: 5 # Downgrades (from upper level)
   FWD: 0 # Forwards (from upper level)
   latGETnl: 68066764 # GET request latency on next level
   latGETnet: 0 # GET request latency on network to next level
  l2-3: # Cache stats
   hGETS: 0 # GETS hits
   hGETX: 0 # GETX hits
   mGETS: 154036 # GETS misses
   mGETXIM: 250006 # GETX I->M misses
   mGETXSM: 6 # GETX S->M misses (upgrade misses)
   PUTS: 153138 # Clean evictions (from lower level)
   PUTX: 249657 # Dirty evictions (from lower level)
   INV: 39243 # Invalidates (from upper level)
   INVX: 31 # Downgrades (from upper level)
   FWD: 0 # Forwards (from upper level)
   latGETnl: 68177544 # GET request latency on next level
   latGETnet: 0 # GET request latency on network to next level
  l2-4: # Cache stats
   hGETS: 0 # GETS hits
   hGETX: 0 # GETX hits
   mGETS: 154014 # GETS misses
   mGETXIM: 249933 # GETX I->M misses
   mGETXSM: 9 # GETX S->M misses (upgrade misses)
   PUTS: 153097 # Clean evictions (from lower level)
   PUTX: 249591 # Dirty evictions (from lower level)
   INV: 40667 # Invalidates (from upper level)
   INVX: 20 # Downgrades (from upper level)
   FWD: 0 # Forwards (from upper level)
   latGETnl: 68155644 # GET request latency on next level
   latGETnet: 0 # GET request latency on network to next level
  l2-5: # Cache stats
   hGETS: 0 # GETS hits
   hGETX: 0 # GETX hits
   mGETS: 153970 # GETS misses
   mGETXIM: 249891 # GETX I->M misses
   mGETXSM: 9 # GETX S->M misses (upgrade misses)
   PUTS: 153070 # Clean evictions (from lower level)
   PUTX: 249536 # Dirty evictions (from lower level)
   INV: 43177 # Invalidates (from upper level)
   INVX: 20 # Downgrades (from upper level)
   FWD: 0 # Forwards (from upper level)
   latGETnl: 68140214 # GET request latency on next level
   latGETnet: 0 # GET request latency on network to next level
  l2-6: # Cache stats
   hGETS: 0 # GETS hits
   hGETX: 0 # GETX hits
   mGETS: 154022 # GETS misses
   mGETXIM: 250041 # GETX I->M misses
   mGETXSM: 5 # GETX S->M misses (upgrade misses)
   PUTS: 153156 # Clean evictions (from lower level)
   PUTX: 249692 # Dirty evictions (from lower level)
   INV: 44240 # Invalidates (from upper level)
   INVX: 19 # Downgrades (from upper level)
   FWD: 0 # Forwards (from upper level)
   latGETnl: 68184362 # GET request latency on next level
   latGETnet: 0 # GET request latency on network to next level
  l2-7: # Cache stats
   hGETS: 0 # GETS hits
   hGETX: 0 # GETX hits
   mGETS: 153954 # GETS misses
   mGETXIM: 249920 # GETX I->M misses
   mGETXSM: 6 # GETX S->M misses (upgrade misses)
   PUTS: 153080 # Clean evictions (from lower level)
   PUTX: 249572 # Dirty evictions (from lower level)
   INV: 50210 # Invalidates (from upper level)
   INVX: 15 # Downgrades (from upper level)
   FWD: 0 # Forwards (from upper level)
   latGETnl: 68149254 # GET request latency on next level
   latGETnet: 0 # GET request latency on network to next level
  l2-8: # Cache stats
   hGETS: 0 # GETS hits
   hGETX: 0 # GETX hits
   mGETS: 153863 # GETS misses
   mGETXIM: 249718 # GETX I->M misses
   mGETXSM: 9 # GETX S->M misses (upgrade misses)
   PUTS: 152960 # Clean evictions (from lower level)
   PUTX: 249366 # Dirty evictions (from lower level)
   INV: 80096 # Invalidates (from upper level)
   INVX: 19 # Downgrades (from upper level)
   FWD: 0 # Forwards (from upper level)
   latGETnl: 68092456 # GET request latency on next level
   latGETnet: 0 # GET request latency on network to next level
  l2-9: # Cache stats
   hGETS: 0 # GETS hits
   hGETX: 0 # GETX hits
   mGETS: 154008 # GETS misses
   mGETXIM: 250007 # GETX I->M misses
   mGETXSM: 5 # GETX S->M misses (upgrade misses)
   PUTS: 153133 # Clean evictions (from lower level)
   PUTX: 249661 # Dirty evictions (from lower level)
   INV: 38478 # Invalidates (from upper level)
   INVX: 16 # Downgrades (from upper level)
   FWD: 0 # Forwards (from upper level)
   latGETnl: 68173408 # GET request latency on next level
   latGETnet: 0 # GET request latency on network to next level
  l2-10: # Cache stats
   hGETS: 0 # GETS hits
   hGETX: 0 # GETX hits
   mGETS: 154058 # GETS misses
   mGETXIM: 250077 # GETX I->M misses
   mGETXSM: 5 # GETX S->M misses (upgrade misses)
   PUTS: 153177 # Clean evictions (from lower level)
   PUTX: 249728 # Dirty evictions (from lower level)
   INV: 86089 # Invalidates (from upper level)
   INVX: 22 # Downgrades (from upper level)
   FWD: 0 # Forwards (from upper level)
   latGETnl: 68193702 # GET request latency on next level
   latGETnet: 0 # GET request latency on network to next level
  l2-11: # Cache stats
   hGETS: 21 # GETS hits
   hGETX: 0 # GETX hits
   mGETS: 153925 # GETS misses
   mGETXIM: 249831 # GETX I->M misses
   mGETXSM: 10 # GETX S->M misses (upgrade misses)
   PUTS: 153054 # Clean evictions (from lower level)
   PUTX: 249502 # Dirty evictions (from lower level)
   INV: 102124 # Invalidates (from upper level)
   INVX: 4 # Downgrades (from upper level)
   FWD: 0 # Forwards (from upper level)
   latGETnl: 68126498 # GET request latency on next level
   latGETnet: 0 # GET request latency on network to next level
  l2-12: # Cache stats
   hGETS: 0 # GETS hits
   hGETX: 0 # GETX hits
   mGETS: 153956 # GETS misses
   mGETXIM: 249907 # GETX I->M misses
   mGETXSM: 6 # GETX S->M misses (upgrade misses)
   PUTS: 153075 # Clean evictions (from lower level)
   PUTX: 249563 # Dirty evictions (from lower level)
   INV: 39216 # Invalidates (from upper level)
   INVX: 4 # Downgrades (from upper level)
   FWD: 0 # Forwards (from upper level)
   latGETnl: 68143865 # GET request latency on next level
   latGETnet: 0 # GET request latency on network to next level
  l2-13: # Cache stats
   hGETS: 0 # GETS hits
   hGETX: 0 # GETX hits
   mGETS: 153875 # GETS misses
   mGETXIM: 249777 # GETX I->M misses
   mGETXSM: 5 # GETX S->M misses (upgrade misses)
   PUTS: 152998 # Clean evictions (from lower level)
   PUTX: 249442 # Dirty evictions (from lower level)
   INV: 37787 # Invalidates (from upper level)
   INVX: 11 # Downgrades (from upper level)
   FWD: 0 # Forwards (from upper level)
   latGETnl: 68112241 # GET request latency on next level
   latGETnet: 0 # GET request latency on network to next level
  l2-14: # Cache stats
   hGETS: 0 # GETS hits
   hGETX: 0 # GETX hits
   mGETS: 153954 # GETS misses
   mGETXIM: 249930 # GETX I->M misses
   mGETXSM: 6 # GETX S->M misses (upgrade misses)
   PUTS: 153084 # Clean evictions (from lower level)
   PUTX: 249580 # Dirty evictions (from lower level)
   INV: 77344 # Invalidates (from upper level)
   INVX: 2 # Downgrades (from upper level)
   FWD: 0 # Forwards (from upper level)
   latGETnl: 68147268 # GET request latency on next level
   latGETnet: 0 # GET request latency on network to next level
  l2-15: # Cache stats
   hGETS: 0 # GETS hits
   hGETX: 0 # GETX hits
   mGETS: 153893 # GETS misses
   mGETXIM: 249811 # GETX I->M misses
   mGETXSM: 6 # GETX S->M misses (upgrade misses)
   PUTS: 153015 # Clean evictions (from lower level)
   PUTX: 249472 # Dirty evictions (from lower level)
   INV: 60746 # Invalidates (from upper level)
   INVX: 2 # Downgrades (from upper level)
   FWD: 0 # Forwards (from upper level)
   latGETnl: 68117904 # GET request latency on next level
   latGETnet: 0 # GET request latency on network to next level
  l2-16: # Cache stats
   hGETS: 0 # GETS hits
   hGETX: 0 # GETX hits
   mGETS: 153746 # GETS misses
   mGETXIM: 249587 # GETX I->M misses
   mGETXSM: 6 # GETX S->M misses (upgrade misses)
   PUTS: 152874 # Clean evictions (from lower level)
   PUTX: 249239 # Dirty evictions (from lower level)
   INV: 39414 # Invalidates (from upper level)
   INVX: 2 # Downgrades (from upper level)
   FWD: 0 # Forwards (from upper level)
   latGETnl: 68054413 # GET request latency on next level
   latGETnet: 0 # GET request latency on network to next level
  l2-17: # Cache stats
   hGETS: 0 # GETS hits
   hGETX: 0 # GETX hits
   mGETS: 153917 # GETS misses
   mGETXIM: 249858 # GETX I->M misses
   mGETXSM: 6 # GETX S->M misses (upgrade misses)
   PUTS: 153041 # Clean evictions (from lower level)
   PUTX: 249511 # Dirty evictions (from lower level)
   INV: 40664 # Invalidates (from upper level)
   INVX: 2 # Downgrades (from upper level)
   FWD: 0 # Forwards (from upper level)
   latGETnl: 68128451 # GET request latency on next level
   latGETnet: 0 # GET request latency on network to next level
  l2-18: # Cache stats
   hGETS: 0 # GETS hits
   hGETX: 0 # GETX hits
   mGETS: 154001 # GETS misses
   mGETXIM: 249976 # GETX I->M misses
   mGETXSM: 6 # GETX S->M misses (upgrade misses)
   PUTS: 153119 # Clean evictions (from lower level)
   PUTX: 249633 # Dirty evictions (from lower level)
   INV: 59663 # Invalidates (from upper level)
   INVX: 2 # Downgrades (from upper level)
   FWD: 0 # Forwards (from upper level)
   latGETnl: 68162985 # GET request latency on next level
   latGETnet: 0 # GET request latency on network to next level
  l2-19: # Cache stats
   hGETS: 0 # GETS hits
   hGETX: 0 # GETX hits
   mGETS: 153875 # GETS misses
   mGETXIM: 249780 # GETX I->M misses
   mGETXSM: 6 # GETX S->M misses (upgrade misses)
   PUTS: 152995 # Clean evictions (from lower level)
   PUTX: 249439 # Dirty evictions (from lower level)
   INV: 38618 # Invalidates (from upper level)
   INVX: 2 # Downgrades (from upper level)
   FWD: 0 # Forwards (from upper level)
   latGETnl: 68108963 # GET request latency on next level
   latGETnet: 0 # GET request latency on network to next level
  l2-20: # Cache stats
   hGETS: 0 # GETS hits
   hGETX: 0 # GETX hits
   mGETS: 153819 # GETS misses
   mGETXIM: 249696 # GETX I->M misses
   mGETXSM: 6 # GETX S->M misses (upgrade misses)
   PUTS: 152946 # Clean evictions (from lower level)
   PUTX: 249352 # Dirty evictions (from lower level)
   INV: 40097 # Invalidates (from upper level)
   INVX: 2 # Downgrades (from upper level)
   FWD: 0 # Forwards (from upper level)
   latGETnl: 68085435 # GET request latency on next level
   latGETnet: 0 # GET request latency on network to next level
  l2-21: # Cache stats
   hGETS: 0 # GETS hits
   hGETX: 0 # GETX hits
   mGETS: 153557 # GETS misses
   mGETXIM: 249077 # GETX I->M misses
   mGETXSM: 10 # GETX S->M misses (upgrade misses)
   PUTS: 152608 # Clean evictions (from lower level)
   PUTX: 248738 # Dirty evictions (from lower level)
   INV: 49895 # Invalidates (from upper level)
   INVX: 3 # Downgrades (from upper level)
   FWD: 0 # Forwards (from upper level)
   latGETnl: 67931920 # GET request latency on next level
   latGETnet: 0 # GET request latency on network to next level
  l2-22: # Cache stats
   hGETS: 0 # GETS hits
   hGETX: 0 # GETX hits
   mGETS: 153813 # GETS misses
   mGETXIM: 249676 # GETX I->M misses
   mGETXSM: 8 # GETX S->M misses (upgrade misses)
   PUTS: 152931 # Clean evictions (from lower level)
   PUTX: 249328 # Dirty evictions (from lower level)
   INV: 44467 # Invalidates (from upper level)
   INVX: 7 # Downgrades (from upper level)
   FWD: 0 # Forwards (from upper level)
   latGETnl: 68079323 # GET request latency on next level
   latGETnet: 0 # GET request latency on network to next level
  l2-23: # Cache stats
   hGETS: 0 # GETS hits
   hGETX: 0 # GETX hits
   mGETS: 0 # GETS misses
   mGETXIM: 0 # GETX I->M misses
   mGETXSM: 0 # GETX S->M misses (upgrade misses)
   PUTS: 0 # Clean evictions (from lower level)
   PUTX: 0 # Dirty evictions (from lower level)
   INV: 0 # Invalidates (from upper level)
   INVX: 0 # Downgrades (from upper level)
   FWD: 0 # Forwards (from upper level)
   latGETnl: 0 # GET request latency on next level
   latGETnet: 0 # GET request latency on network to next level
 l3: # Cache stats
  l3-0b0: # Cache stats
   hGETS: 183 # GETS hits
   hGETX: 18 # GETX hits
   mGETS: 146792 # GETS misses
   mGETXIM: 239407 # GETX I->M misses
   mGETXSM: 0 # GETX S->M misses (upgrade misses)
   PUTS: 120191 # Clean evictions (from lower level)
   PUTX: 197418 # Dirty evictions (from lower level)
   INV: 0 # Invalidates (from upper level)
   INVX: 0 # Downgrades (from upper level)
   FWD: 0 # Forwards (from upper level)
   latGETnl: 50978268 # GET request latency on next level
   latGETnet: 0 # GET request latency on network to next level
  l3-0b1: # Cache stats
   hGETS: 273 # GETS hits
   hGETX: 19 # GETX hits
   mGETS: 146712 # GETS misses
   mGETXIM: 239410 # GETX I->M misses
   mGETXSM: 0 # GETX S->M misses (upgrade misses)
   PUTS: 120263 # Clean evictions (from lower level)
   PUTX: 197372 # Dirty evictions (from lower level)
   INV: 0 # Invalidates (from upper level)
   INVX: 0 # Downgrades (from upper level)
   FWD: 0 # Forwards (from upper level)
   latGETnl: 50968104 # GET request latency on next level
   latGETnet: 0 # GET request latency on network to next level
  l3-0b2: # Cache stats
   hGETS: 174 # GETS hits
   hGETX: 36 # GETX hits
   mGETS: 146698 # GETS misses
   mGETXIM: 239411 # GETX I->M misses
   mGETXSM: 0 # GETX S->M misses (upgrade misses)
   PUTS: 120275 # Clean evictions (from lower level)
   PUTX: 197410 # Dirty evictions (from lower level)
   INV: 0 # Invalidates (from upper level)
   INVX: 0 # Downgrades (from upper level)
   FWD: 0 # Forwards (from upper level)
   latGETnl: 50966388 # GET request latency on next level
   latGETnet: 0 # GET request latency on network to next level
  l3-0b3: # Cache stats
   hGETS: 282 # GETS hits
   hGETX: 39 # GETX hits
   mGETS: 146801 # GETS misses
   mGETXIM: 239420 # GETX I->M misses
   mGETXSM: 0 # GETX S->M misses (upgrade misses)
   PUTS: 120345 # Clean evictions (from lower level)
   PUTX: 197431 # Dirty evictions (from lower level)
   INV: 0 # Invalidates (from upper level)
   INVX: 0 # Downgrades (from upper level)
   FWD: 0 # Forwards (from upper level)
   latGETnl: 50981172 # GET request latency on next level
   latGETnet: 0 # GET request latency on network to next level
  l3-0b4: # Cache stats
   hGETS: 231 # GETS hits
   hGETX: 52 # GETX hits
   mGETS: 146790 # GETS misses
   mGETXIM: 239411 # GETX I->M misses
   mGETXSM: 0 # GETX S->M misses (upgrade misses)
   PUTS: 120296 # Clean evictions (from lower level)
   PUTX: 197455 # Dirty evictions (from lower level)
   INV: 0 # Invalidates (from upper level)
   INVX: 0 # Downgrades (from upper level)
   FWD: 0 # Forwards (from upper level)
   latGETnl: 50978532 # GET request latency on next level
   latGETnet: 0 # GET request latency on network to next level
  l3-0b5: # Cache stats
   hGETS: 286 # GETS hits
   hGETX: 59 # GETX hits
   mGETS: 146780 # GETS misses
   mGETXIM: 239416 # GETX I->M misses
   mGETXSM: 0 # GETX S->M misses (upgrade misses)
   PUTS: 120419 # Clean evictions (from lower level)
   PUTX: 197650 # Dirty evictions (from lower level)
   INV: 0 # Invalidates (from upper level)
   INVX: 0 # Downgrades (from upper level)
   FWD: 0 # Forwards (from upper level)
   latGETnl: 50977872 # GET request latency on next level
   latGETnet: 0 # GET request latency on network to next level
  l3-0b6: # Cache stats
   hGETS: 770 # GETS hits
   hGETX: 66 # GETX hits
   mGETS: 146783 # GETS misses
   mGETXIM: 239413 # GETX I->M misses
   mGETXSM: 0 # GETX S->M misses (upgrade misses)
   PUTS: 120721 # Clean evictions (from lower level)
   PUTX: 197454 # Dirty evictions (from lower level)
   INV: 0 # Invalidates (from upper level)
   INVX: 0 # Downgrades (from upper level)
   FWD: 0 # Forwards (from upper level)
   latGETnl: 50977872 # GET request latency on next level
   latGETnet: 0 # GET request latency on network to next level
  l3-0b7: # Cache stats
   hGETS: 748 # GETS hits
   hGETX: 76 # GETX hits
   mGETS: 146791 # GETS misses
   mGETXIM: 239410 # GETX I->M misses
   mGETXSM: 0 # GETX S->M misses (upgrade misses)
   PUTS: 120642 # Clean evictions (from lower level)
   PUTX: 197563 # Dirty evictions (from lower level)
   INV: 0 # Invalidates (from upper level)
   INVX: 0 # Downgrades (from upper level)
   FWD: 0 # Forwards (from upper level)
   latGETnl: 50978532 # GET request latency on next level
   latGETnet: 0 # GET request latency on network to next level
  l3-0b8: # Cache stats
   hGETS: 764 # GETS hits
   hGETX: 16 # GETX hits
   mGETS: 146720 # GETS misses
   mGETXIM: 239406 # GETX I->M misses
   mGETXSM: 0 # GETX S->M misses (upgrade misses)
   PUTS: 120881 # Clean evictions (from lower level)
   PUTX: 197534 # Dirty evictions (from lower level)
   INV: 0 # Invalidates (from upper level)
   INVX: 0 # Downgrades (from upper level)
   FWD: 0 # Forwards (from upper level)
   latGETnl: 50968632 # GET request latency on next level
   latGETnet: 0 # GET request latency on network to next level
  l3-0b9: # Cache stats
   hGETS: 737 # GETS hits
   hGETX: 25 # GETX hits
   mGETS: 146773 # GETS misses
   mGETXIM: 239406 # GETX I->M misses
   mGETXSM: 0 # GETX S->M misses (upgrade misses)
   PUTS: 120918 # Clean evictions (from lower level)
   PUTX: 197553 # Dirty evictions (from lower level)
   INV: 0 # Invalidates (from upper level)
   INVX: 0 # Downgrades (from upper level)
   FWD: 0 # Forwards (from upper level)
   latGETnl: 50975628 # GET request latency on next level
   latGETnet: 0 # GET request latency on network to next level
  l3-0b10: # Cache stats
   hGETS: 1921 # GETS hits
   hGETX: 27 # GETX hits
   mGETS: 146842 # GETS misses
   mGETXIM: 239404 # GETX I->M misses
   mGETXSM: 0 # GETX S->M misses (upgrade misses)
   PUTS: 121869 # Clean evictions (from lower level)
   PUTX: 197572 # Dirty evictions (from lower level)
   INV: 0 # Invalidates (from upper level)
   INVX: 0 # Downgrades (from upper level)
   FWD: 0 # Forwards (from upper level)
   latGETnl: 50984472 # GET request latency on next level
   latGETnet: 0 # GET request latency on network to next level
  l3-0b11: # Cache stats
   hGETS: 790 # GETS hits
   hGETX: 17 # GETX hits
   mGETS: 146716 # GETS misses
   mGETXIM: 239406 # GETX I->M misses
   mGETXSM: 0 # GETX S->M misses (upgrade misses)
   PUTS: 120850 # Clean evictions (from lower level)
   PUTX: 197618 # Dirty evictions (from lower level)
   INV: 0 # Invalidates (from upper level)
   INVX: 0 # Downgrades (from upper level)
   FWD: 0 # Forwards (from upper level)
   latGETnl: 50968104 # GET request latency on next level
   latGETnet: 0 # GET request latency on network to next level
  l3-0b12: # Cache stats
   hGETS: 924 # GETS hits
   hGETX: 18 # GETX hits
   mGETS: 146768 # GETS misses
   mGETXIM: 239410 # GETX I->M misses
   mGETXSM: 0 # GETX S->M misses (upgrade misses)
   PUTS: 121104 # Clean evictions (from lower level)
   PUTX: 197486 # Dirty evictions (from lower level)
   INV: 0 # Invalidates (from upper level)
   INVX: 0 # Downgrades (from upper level)
   FWD: 0 # Forwards (from upper level)
   latGETnl: 50975496 # GET request latency on next level
   latGETnet: 0 # GET request latency on network to next level
  l3-0b13: # Cache stats
   hGETS: 818 # GETS hits
   hGETX: 29 # GETX hits
   mGETS: 146782 # GETS misses
   mGETXIM: 239406 # GETX I->M misses
   mGETXSM: 0 # GETX S->M misses (upgrade misses)
   PUTS: 120887 # Clean evictions (from lower level)
   PUTX: 197439 # Dirty evictions (from lower level)
   INV: 0 # Invalidates (from upper level)
   INVX: 0 # Downgrades (from upper level)
   FWD: 0 # Forwards (from upper level)
   latGETnl: 50976816 # GET request latency on next level
   latGETnet: 0 # GET request latency on network to next level
  l3-0b14: # Cache stats
   hGETS: 874 # GETS hits
   hGETX: 45 # GETX hits
   mGETS: 146714 # GETS misses
   mGETXIM: 239407 # GETX I->M misses
   mGETXSM: 0 # GETX S->M misses (upgrade misses)
   PUTS: 120777 # Clean evictions (from lower level)
   PUTX: 197554 # Dirty evictions (from lower level)
   INV: 0 # Invalidates (from upper level)
   INVX: 0 # Downgrades (from upper level)
   FWD: 0 # Forwards (from upper level)
   latGETnl: 50967972 # GET request latency on next level
   latGETnet: 0 # GET request latency on network to next level
  l3-0b15: # Cache stats
   hGETS: 860 # GETS hits
   hGETX: 21 # GETX hits
   mGETS: 146815 # GETS misses
   mGETXIM: 239408 # GETX I->M misses
   mGETXSM: 0 # GETX S->M misses (upgrade misses)
   PUTS: 120986 # Clean evictions (from lower level)
   PUTX: 197462 # Dirty evictions (from lower level)
   INV: 0 # Invalidates (from upper level)
   INVX: 0 # Downgrades (from upper level)
   FWD: 0 # Forwards (from upper level)
   latGETnl: 50981436 # GET request latency on next level
   latGETnet: 0 # GET request latency on network to next level
  l3-0b16: # Cache stats
   hGETS: 958 # GETS hits
   hGETX: 36 # GETX hits
   mGETS: 146746 # GETS misses
   mGETXIM: 239319 # GETX I->M misses
   mGETXSM: 0 # GETX S->M misses (upgrade misses)
   PUTS: 120833 # Clean evictions (from lower level)
   PUTX: 197600 # Dirty evictions (from lower level)
   INV: 0 # Invalidates (from upper level)
   INVX: 0 # Downgrades (from upper level)
   FWD: 0 # Forwards (from upper level)
   latGETnl: 50960580 # GET request latency on next level
   latGETnet: 0 # GET request latency on network to next level
  l3-0b17: # Cache stats
   hGETS: 896 # GETS hits
   hGETX: 34 # GETX hits
   mGETS: 146777 # GETS misses
   mGETXIM: 239316 # GETX I->M misses
   mGETXSM: 0 # GETX S->M misses (upgrade misses)
   PUTS: 120890 # Clean evictions (from lower level)
   PUTX: 197551 # Dirty evictions (from lower level)
   INV: 0 # Invalidates (from upper level)
   INVX: 0 # Downgrades (from upper level)
   FWD: 0 # Forwards (from upper level)
   latGETnl: 50964276 # GET request latency on next level
   latGETnet: 0 # GET request latency on network to next level
  l3-0b18: # Cache stats
   hGETS: 955 # GETS hits
   hGETX: 86 # GETX hits
   mGETS: 146739 # GETS misses
   mGETXIM: 239317 # GETX I->M misses
   mGETXSM: 0 # GETX S->M misses (upgrade misses)
   PUTS: 120887 # Clean evictions (from lower level)
   PUTX: 197361 # Dirty evictions (from lower level)
   INV: 0 # Invalidates (from upper level)
   INVX: 0 # Downgrades (from upper level)
   FWD: 0 # Forwards (from upper level)
   latGETnl: 50959392 # GET request latency on next level
   latGETnet: 0 # GET request latency on network to next level
  l3-0b19: # Cache stats
   hGETS: 921 # GETS hits
   hGETX: 100 # GETX hits
   mGETS: 146742 # GETS misses
   mGETXIM: 239326 # GETX I->M misses
   mGETXSM: 0 # GETX S->M misses (upgrade misses)
   PUTS: 120863 # Clean evictions (from lower level)
   PUTX: 197333 # Dirty evictions (from lower level)
   INV: 0 # Invalidates (from upper level)
   INVX: 0 # Downgrades (from upper level)
   FWD: 0 # Forwards (from upper level)
   latGETnl: 50960976 # GET request latency on next level
   latGETnet: 0 # GET request latency on network to next level
  l3-0b20: # Cache stats
   hGETS: 874 # GETS hits
   hGETX: 32 # GETX hits
   mGETS: 146700 # GETS misses
   mGETXIM: 239322 # GETX I->M misses
   mGETXSM: 0 # GETX S->M misses (upgrade misses)
   PUTS: 120655 # Clean evictions (from lower level)
   PUTX: 197451 # Dirty evictions (from lower level)
   INV: 0 # Invalidates (from upper level)
   INVX: 0 # Downgrades (from upper level)
   FWD: 0 # Forwards (from upper level)
   latGETnl: 50954904 # GET request latency on next level
   latGETnet: 0 # GET request latency on network to next level
  l3-0b21: # Cache stats
   hGETS: 953 # GETS hits
   hGETX: 49 # GETX hits
   mGETS: 146711 # GETS misses
   mGETXIM: 239321 # GETX I->M misses
   mGETXSM: 0 # GETX S->M misses (upgrade misses)
   PUTS: 120755 # Clean evictions (from lower level)
   PUTX: 197198 # Dirty evictions (from lower level)
   INV: 0 # Invalidates (from upper level)
   INVX: 0 # Downgrades (from upper level)
   FWD: 0 # Forwards (from upper level)
   latGETnl: 50956224 # GET request latency on next level
   latGETnet: 0 # GET request latency on network to next level
  l3-0b22: # Cache stats
   hGETS: 937 # GETS hits
   hGETX: 64 # GETX hits
   mGETS: 146764 # GETS misses
   mGETXIM: 239319 # GETX I->M misses
   mGETXSM: 0 # GETX S->M misses (upgrade misses)
   PUTS: 120869 # Clean evictions (from lower level)
   PUTX: 197332 # Dirty evictions (from lower level)
   INV: 0 # Invalidates (from upper level)
   INVX: 0 # Downgrades (from upper level)
   FWD: 0 # Forwards (from upper level)
   latGETnl: 50962956 # GET request latency on next level
   latGETnet: 0 # GET request latency on network to next level
  l3-0b23: # Cache stats
   hGETS: 917 # GETS hits
   hGETX: 38 # GETX hits
   mGETS: 146664 # GETS misses
   mGETXIM: 239314 # GETX I->M misses
   mGETXSM: 0 # GETX S->M misses (upgrade misses)
   PUTS: 120829 # Clean evictions (from lower level)
   PUTX: 197523 # Dirty evictions (from lower level)
   INV: 0 # Invalidates (from upper level)
   INVX: 0 # Downgrades (from upper level)
   FWD: 0 # Forwards (from upper level)
   latGETnl: 50949096 # GET request latency on next level
   latGETnet: 0 # GET request latency on network to next level
 mem: # Memory controller stats
  mem-0: # Memory controller stats
   rd: 9267225 # Read requests
   wr: 5411909 # Write requests
   rdlat: 6065326434 # Total latency experienced by read requests
   wrlat: 3653160804 # Total latency experienced by write requests
 sched: # Scheduler stats
  thCr: 25 # Threads created
  thFn: 25 # Threads finished
  schedEvs: 28 # Schedule events
  waitEvs: 2 # Wait events
  handoffEvs: 1 # Handoff events
  sleepEvs: 1 # Sleep events
  idlePhases: 0 # Phases with no thread active
  idlePeriods: 0 # Periods with no thread active
  occHist: # Occupancy histogram
   0: 0
   1: 24
   2: 0
   3: 1
   4: 2
   5: 1
   6: 0
   7: 1
   8: 0
   9: 0
   10: 0
   11: 1
   12: 1
   13: 1
   14: 0
   15: 0
   16: 0
   17: 1
   18: 0
   19: 0
   20: 0
   21: 1
   22: 0
   23: 19272
   24: 0
  rqSzHist: # Run queue size histogram
   0: 19283
   1: 23
   2: 0
   3: 0
   4: 0
   5: 0
   6: 0
   7: 0
   8: 0
   9: 0
   10: 0
   11: 0
   12: 0
   13: 0
   14: 0
   15: 0
   16: 0
   17: 0
   18: 0
   19: 0
   20: 0
   21: 0
   22: 0
   23: 0
   24: 0
 procCycles: # Per-process unhalted core cycles
  0: 443394321
  1: 0
  2: 0
  3: 0
  4: 0
  5: 0
  6: 0
  7: 0
  8: 0
  9: 0
  10: 0
  11: 0
  12: 0
  13: 0
  14: 0
  15: 0
  16: 0
  17: 0
  18: 0
  19: 0
  20: 0
  21: 0
  22: 0
  23: 0
  24: 0
  25: 0
  26: 0
  27: 0
  28: 0
  29: 0
  30: 0
  31: 0
  32: 0
  33: 0
  34: 0
  35: 0
  36: 0
  37: 0
  38: 0
  39: 0
  40: 0
  41: 0
  42: 0
  43: 0
  44: 0
  45: 0
  46: 0
  47: 0
  48: 0
  49: 0
  50: 0
  51: 0
  52: 0
  53: 0
  54: 0
  55: 0
  56: 0
  57: 0
  58: 0
  59: 0
  60: 0
  61: 0
  62: 0
  63: 0
 procInstrs: # Per-process instructions
  0: 160920308
  1: 0
  2: 0
  3: 0
  4: 0
  5: 0
  6: 0
  7: 0
  8: 0
  9: 0
  10: 0
  11: 0
  12: 0
  13: 0
  14: 0
  15: 0
  16: 0
  17: 0
  18: 0
  19: 0
  20: 0
  21: 0
  22: 0
  23: 0
  24: 0
  25: 0
  26: 0
  27: 0
  28: 0
  29: 0
  30: 0
  31: 0
  32: 0
  33: 0
  34: 0
  35: 0
  36: 0
  37: 0
  38: 0
  39: 0
  40: 0
  41: 0
  42: 0
  43: 0
  44: 0
  45: 0
  46: 0
  47: 0
  48: 0
  49: 0
  50: 0
  51: 0
  52: 0
  53: 0
  54: 0
  55: 0
  56: 0
  57: 0
  58: 0
  59: 0
  60: 0
  61: 0
  62: 0
  63: 0
 heartbeats: # Per-process heartbeats
  0: 0
  1: 0
  2: 0
  3: 0
  4: 0
  5: 0
  6: 0
  7: 0
  8: 0
  9: 0
  10: 0
  11: 0
  12: 0
  13: 0
  14: 0
  15: 0
  16: 0
  17: 0
  18: 0
  19: 0
  20: 0
  21: 0
  22: 0
  23: 0
  24: 0
  25: 0
  26: 0
  27: 0
  28: 0
  29: 0
  30: 0
  31: 0
  32: 0
  33: 0
  34: 0
  35: 0
  36: 0
  37: 0
  38: 0
  39: 0
  40: 0
  41: 0
  42: 0
  43: 0
  44: 0
  45: 0
  46: 0
  47: 0
  48: 0
  49: 0
  50: 0
  51: 0
  52: 0
  53: 0
  54: 0
  55: 0
  56: 0
  57: 0
  58: 0
  59: 0
  60: 0
  61: 0
  62: 0
  63: 0
===
