# zsim stats
===
root: # Stats
 contention: # Contention simulation stats
  domain-0: # Domain stats
   time: 5435607671 # Weave simulation time
 time: # Simulator time breakdown
  init: 3061496010
  bound: 137677648840
  weave: 5984865728
  ff: 127179
 trigger: 20000 # Reason for this stats dump
 phase: 13672 # Simulated phases
 reqCycles: 0 # Requeue Cycles
 skylake: # Core stats
  skylake-0: # Core stats
   cycles: 13672127 # Simulated unhalted cycles
   cCycles: 1693038 # Cycles due to contention stalls
   instrs: 16830898 # Simulated instructions
   uops: 12245687 # issued micro-ops
   bbls: 5251459 # Basic blocks
   approxInstrs: 622416 # Instrs with approx uop decoding
   mispredBranches: 90591 # Mispredicted branches
   IdqNotDelivered: 11979089 # Stalls no uop delivered when no Bkend Stall
   IntMiscRecoveryCycles: 733880 # Stalls waiting machine clears
   uops executed: 12458151 # Executed microoperations
  skylake-1: # Core stats
   cycles: 13648128 # Simulated unhalted cycles
   cCycles: 1692819 # Cycles due to contention stalls
   instrs: 16830094 # Simulated instructions
   uops: 12244634 # issued micro-ops
   bbls: 5251355 # Basic blocks
   approxInstrs: 622426 # Instrs with approx uop decoding
   mispredBranches: 90564 # Mispredicted branches
   IdqNotDelivered: 11955309 # Stalls no uop delivered when no Bkend Stall
   IntMiscRecoveryCycles: 728625 # Stalls waiting machine clears
   uops executed: 12457089 # Executed microoperations
  skylake-2: # Core stats
   cycles: 13645660 # Simulated unhalted cycles
   cCycles: 1693048 # Cycles due to contention stalls
   instrs: 16826817 # Simulated instructions
   uops: 12242037 # issued micro-ops
   bbls: 5250391 # Basic blocks
   approxInstrs: 622326 # Instrs with approx uop decoding
   mispredBranches: 90548 # Mispredicted branches
   IdqNotDelivered: 11952612 # Stalls no uop delivered when no Bkend Stall
   IntMiscRecoveryCycles: 729826 # Stalls waiting machine clears
   uops executed: 12454496 # Executed microoperations
  skylake-3: # Core stats
   cycles: 13646861 # Simulated unhalted cycles
   cCycles: 1692821 # Cycles due to contention stalls
   instrs: 16830379 # Simulated instructions
   uops: 12244725 # issued micro-ops
   bbls: 5251471 # Basic blocks
   approxInstrs: 622444 # Instrs with approx uop decoding
   mispredBranches: 90563 # Mispredicted branches
   IdqNotDelivered: 11954040 # Stalls no uop delivered when no Bkend Stall
   IntMiscRecoveryCycles: 729158 # Stalls waiting machine clears
   uops executed: 12457191 # Executed microoperations
  skylake-4: # Core stats
   cycles: 13645128 # Simulated unhalted cycles
   cCycles: 1692926 # Cycles due to contention stalls
   instrs: 16829922 # Simulated instructions
   uops: 12244406 # issued micro-ops
   bbls: 5251325 # Basic blocks
   approxInstrs: 622431 # Instrs with approx uop decoding
   mispredBranches: 90560 # Mispredicted branches
   IdqNotDelivered: 11952202 # Stalls no uop delivered when no Bkend Stall
   IntMiscRecoveryCycles: 728570 # Stalls waiting machine clears
   uops executed: 12456871 # Executed microoperations
  skylake-5: # Core stats
   cycles: 13644128 # Simulated unhalted cycles
   cCycles: 1692703 # Cycles due to contention stalls
   instrs: 16829334 # Simulated instructions
   uops: 12243980 # issued micro-ops
   bbls: 5251141 # Basic blocks
   approxInstrs: 622410 # Instrs with approx uop decoding
   mispredBranches: 90557 # Mispredicted branches
   IdqNotDelivered: 11951425 # Stalls no uop delivered when no Bkend Stall
   IntMiscRecoveryCycles: 728448 # Stalls waiting machine clears
   uops executed: 12456438 # Executed microoperations
  skylake-6: # Core stats
   cycles: 13643861 # Simulated unhalted cycles
   cCycles: 1692647 # Cycles due to contention stalls
   instrs: 16828658 # Simulated instructions
   uops: 12243183 # issued micro-ops
   bbls: 5250996 # Basic blocks
   approxInstrs: 622397 # Instrs with approx uop decoding
   mispredBranches: 90551 # Mispredicted branches
   IdqNotDelivered: 11951214 # Stalls no uop delivered when no Bkend Stall
   IntMiscRecoveryCycles: 729493 # Stalls waiting machine clears
   uops executed: 12455640 # Executed microoperations
  skylake-7: # Core stats
   cycles: 13643128 # Simulated unhalted cycles
   cCycles: 1692706 # Cycles due to contention stalls
   instrs: 16829421 # Simulated instructions
   uops: 12243748 # issued micro-ops
   bbls: 5251231 # Basic blocks
   approxInstrs: 622432 # Instrs with approx uop decoding
   mispredBranches: 90555 # Mispredicted branches
   IdqNotDelivered: 11950422 # Stalls no uop delivered when no Bkend Stall
   IntMiscRecoveryCycles: 729326 # Stalls waiting machine clears
   uops executed: 12456219 # Executed microoperations
  skylake-8: # Core stats
   cycles: 13643128 # Simulated unhalted cycles
   cCycles: 1692644 # Cycles due to contention stalls
   instrs: 16827660 # Simulated instructions
   uops: 12242761 # issued micro-ops
   bbls: 5250619 # Basic blocks
   approxInstrs: 622347 # Instrs with approx uop decoding
   mispredBranches: 90548 # Mispredicted branches
   IdqNotDelivered: 11950484 # Stalls no uop delivered when no Bkend Stall
   IntMiscRecoveryCycles: 728440 # Stalls waiting machine clears
   uops executed: 12455197 # Executed microoperations
  skylake-9: # Core stats
   cycles: 13642820 # Simulated unhalted cycles
   cCycles: 1692900 # Cycles due to contention stalls
   instrs: 16829435 # Simulated instructions
   uops: 12243758 # issued micro-ops
   bbls: 5251235 # Basic blocks
   approxInstrs: 622432 # Instrs with approx uop decoding
   mispredBranches: 90555 # Mispredicted branches
   IdqNotDelivered: 11949920 # Stalls no uop delivered when no Bkend Stall
   IntMiscRecoveryCycles: 728874 # Stalls waiting machine clears
   uops executed: 12456229 # Executed microoperations
  skylake-10: # Core stats
   cycles: 13642819 # Simulated unhalted cycles
   cCycles: 1692940 # Cycles due to contention stalls
   instrs: 16829303 # Simulated instructions
   uops: 12243659 # issued micro-ops
   bbls: 5251195 # Basic blocks
   approxInstrs: 622425 # Instrs with approx uop decoding
   mispredBranches: 90554 # Mispredicted branches
   IdqNotDelivered: 11949879 # Stalls no uop delivered when no Bkend Stall
   IntMiscRecoveryCycles: 729365 # Stalls waiting machine clears
   uops executed: 12456128 # Executed microoperations
  skylake-11: # Core stats
   cycles: 13642127 # Simulated unhalted cycles
   cCycles: 1692696 # Cycles due to contention stalls
   instrs: 16828653 # Simulated instructions
   uops: 12243380 # issued micro-ops
   bbls: 5250907 # Basic blocks
   approxInstrs: 622387 # Instrs with approx uop decoding
   mispredBranches: 90551 # Mispredicted branches
   IdqNotDelivered: 11949431 # Stalls no uop delivered when no Bkend Stall
   IntMiscRecoveryCycles: 728834 # Stalls waiting machine clears
   uops executed: 12455913 # Executed microoperations
  skylake-12: # Core stats
   cycles: 13642541 # Simulated unhalted cycles
   cCycles: 1692765 # Cycles due to contention stalls
   instrs: 16829977 # Simulated instructions
   uops: 12244154 # issued micro-ops
   bbls: 5251407 # Basic blocks
   approxInstrs: 622446 # Instrs with approx uop decoding
   mispredBranches: 90560 # Mispredicted branches
   IdqNotDelivered: 11949776 # Stalls no uop delivered when no Bkend Stall
   IntMiscRecoveryCycles: 729285 # Stalls waiting machine clears
   uops executed: 12456616 # Executed microoperations
  skylake-13: # Core stats
   cycles: 13642169 # Simulated unhalted cycles
   cCycles: 1692968 # Cycles due to contention stalls
   instrs: 16829373 # Simulated instructions
   uops: 12243689 # issued micro-ops
   bbls: 5251220 # Basic blocks
   approxInstrs: 622424 # Instrs with approx uop decoding
   mispredBranches: 90548 # Mispredicted branches
   IdqNotDelivered: 11949201 # Stalls no uop delivered when no Bkend Stall
   IntMiscRecoveryCycles: 728698 # Stalls waiting machine clears
   uops executed: 12456192 # Executed microoperations
  skylake-14: # Core stats
   cycles: 13641127 # Simulated unhalted cycles
   cCycles: 1693039 # Cycles due to contention stalls
   instrs: 16828946 # Simulated instructions
   uops: 12243398 # issued micro-ops
   bbls: 5251084 # Basic blocks
   approxInstrs: 622411 # Instrs with approx uop decoding
   mispredBranches: 90552 # Mispredicted branches
   IdqNotDelivered: 11948088 # Stalls no uop delivered when no Bkend Stall
   IntMiscRecoveryCycles: 728720 # Stalls waiting machine clears
   uops executed: 12455862 # Executed microoperations
  skylake-15: # Core stats
   cycles: 13641128 # Simulated unhalted cycles
   cCycles: 1692716 # Cycles due to contention stalls
   instrs: 16829402 # Simulated instructions
   uops: 12243725 # issued micro-ops
   bbls: 5251228 # Basic blocks
   approxInstrs: 622425 # Instrs with approx uop decoding
   mispredBranches: 90555 # Mispredicted branches
   IdqNotDelivered: 11948412 # Stalls no uop delivered when no Bkend Stall
   IntMiscRecoveryCycles: 728744 # Stalls waiting machine clears
   uops executed: 12456192 # Executed microoperations
  skylake-16: # Core stats
   cycles: 13641128 # Simulated unhalted cycles
   cCycles: 1692766 # Cycles due to contention stalls
   instrs: 16828855 # Simulated instructions
   uops: 12243333 # issued micro-ops
   bbls: 5251056 # Basic blocks
   approxInstrs: 622411 # Instrs with approx uop decoding
   mispredBranches: 90552 # Mispredicted branches
   IdqNotDelivered: 11948362 # Stalls no uop delivered when no Bkend Stall
   IntMiscRecoveryCycles: 728524 # Stalls waiting machine clears
   uops executed: 12455794 # Executed microoperations
  skylake-17: # Core stats
   cycles: 13641127 # Simulated unhalted cycles
   cCycles: 1693210 # Cycles due to contention stalls
   instrs: 16828958 # Simulated instructions
   uops: 12243406 # issued micro-ops
   bbls: 5251088 # Basic blocks
   approxInstrs: 622411 # Instrs with approx uop decoding
   mispredBranches: 90552 # Mispredicted branches
   IdqNotDelivered: 11947917 # Stalls no uop delivered when no Bkend Stall
   IntMiscRecoveryCycles: 728524 # Stalls waiting machine clears
   uops executed: 12455870 # Executed microoperations
  skylake-18: # Core stats
   cycles: 13640170 # Simulated unhalted cycles
   cCycles: 1692809 # Cycles due to contention stalls
   instrs: 16828367 # Simulated instructions
   uops: 12242978 # issued micro-ops
   bbls: 5250903 # Basic blocks
   approxInstrs: 622390 # Instrs with approx uop decoding
   mispredBranches: 90549 # Mispredicted branches
   IdqNotDelivered: 11947361 # Stalls no uop delivered when no Bkend Stall
   IntMiscRecoveryCycles: 728500 # Stalls waiting machine clears
   uops executed: 12455435 # Executed microoperations
  skylake-19: # Core stats
   cycles: 13640169 # Simulated unhalted cycles
   cCycles: 1693043 # Cycles due to contention stalls
   instrs: 16827623 # Simulated instructions
   uops: 12242436 # issued micro-ops
   bbls: 5250671 # Basic blocks
   approxInstrs: 622362 # Instrs with approx uop decoding
   mispredBranches: 90545 # Mispredicted branches
   IdqNotDelivered: 11947126 # Stalls no uop delivered when no Bkend Stall
   IntMiscRecoveryCycles: 728811 # Stalls waiting machine clears
   uops executed: 12454883 # Executed microoperations
  skylake-20: # Core stats
   cycles: 13640127 # Simulated unhalted cycles
   cCycles: 1692918 # Cycles due to contention stalls
   instrs: 16810458 # Simulated instructions
   uops: 12231153 # issued micro-ops
   bbls: 5244872 # Basic blocks
   approxInstrs: 621559 # Instrs with approx uop decoding
   mispredBranches: 90518 # Mispredicted branches
   IdqNotDelivered: 11947209 # Stalls no uop delivered when no Bkend Stall
   IntMiscRecoveryCycles: 730496 # Stalls waiting machine clears
   uops executed: 12443395 # Executed microoperations
  skylake-21: # Core stats
   cycles: 13640128 # Simulated unhalted cycles
   cCycles: 1693033 # Cycles due to contention stalls
   instrs: 16827581 # Simulated instructions
   uops: 12242408 # issued micro-ops
   bbls: 5250657 # Basic blocks
   approxInstrs: 622362 # Instrs with approx uop decoding
   mispredBranches: 90545 # Mispredicted branches
   IdqNotDelivered: 11947095 # Stalls no uop delivered when no Bkend Stall
   IntMiscRecoveryCycles: 728811 # Stalls waiting machine clears
   uops executed: 12454855 # Executed microoperations
  skylake-22: # Core stats
   cycles: 13638820 # Simulated unhalted cycles
   cCycles: 1692803 # Cycles due to contention stalls
   instrs: 16825277 # Simulated instructions
   uops: 12240765 # issued micro-ops
   bbls: 5249937 # Basic blocks
   approxInstrs: 622272 # Instrs with approx uop decoding
   mispredBranches: 90530 # Mispredicted branches
   IdqNotDelivered: 11946017 # Stalls no uop delivered when no Bkend Stall
   IntMiscRecoveryCycles: 728413 # Stalls waiting machine clears
   uops executed: 12453202 # Executed microoperations
  skylake-23: # Core stats
   cycles: 0 # Simulated unhalted cycles
   cCycles: 0 # Cycles due to contention stalls
   instrs: 0 # Simulated instructions
   uops: 0 # issued micro-ops
   bbls: 0 # Basic blocks
   approxInstrs: 0 # Instrs with approx uop decoding
   mispredBranches: 0 # Mispredicted branches
   IdqNotDelivered: 0 # Stalls no uop delivered when no Bkend Stall
   IntMiscRecoveryCycles: 0 # Stalls waiting machine clears
   uops executed: 0 # Executed microoperations
 l1d: # Cache stats
  l1d-0: # Filter cache stats
   fhGETS: 786690 # Filtered GETS hits
   fhGETX: 367368 # Filtered GETX hits
   hGETS: 7191 # GETS hits
   hGETX: 10957 # GETX hits
   mGETS: 250268 # GETS misses
   mGETXIM: 16050 # GETX I->M misses
   mGETXSM: 7 # GETX S->M misses (upgrade misses)
   PUTS: 0 # Clean evictions (from lower level)
   PUTX: 0 # Dirty evictions (from lower level)
   INV: 92 # Invalidates (from upper level)
   INVX: 86 # Downgrades (from upper level)
   FWD: 0 # Forwards (from upper level)
   latGETnl: 47651829 # GET request latency on next level
   latGETnet: 0 # GET request latency on network to next level
  l1d-1: # Filter cache stats
   fhGETS: 786441 # Filtered GETS hits
   fhGETX: 367198 # Filtered GETX hits
   hGETS: 7116 # GETS hits
   hGETX: 10923 # GETX hits
   mGETS: 250225 # GETS misses
   mGETXIM: 16019 # GETX I->M misses
   mGETXSM: 10 # GETX S->M misses (upgrade misses)
   PUTS: 0 # Clean evictions (from lower level)
   PUTX: 0 # Dirty evictions (from lower level)
   INV: 76 # Invalidates (from upper level)
   INVX: 25 # Downgrades (from upper level)
   FWD: 0 # Forwards (from upper level)
   latGETnl: 47633654 # GET request latency on next level
   latGETnet: 0 # GET request latency on network to next level
  l1d-2: # Filter cache stats
   fhGETS: 786193 # Filtered GETS hits
   fhGETX: 367073 # Filtered GETX hits
   hGETS: 7090 # GETS hits
   hGETX: 10906 # GETX hits
   mGETS: 250178 # GETS misses
   mGETXIM: 16007 # GETX I->M misses
   mGETXSM: 5 # GETX S->M misses (upgrade misses)
   PUTS: 0 # Clean evictions (from lower level)
   PUTX: 0 # Dirty evictions (from lower level)
   INV: 53 # Invalidates (from upper level)
   INVX: 3 # Downgrades (from upper level)
   FWD: 0 # Forwards (from upper level)
   latGETnl: 47623946 # GET request latency on next level
   latGETnet: 0 # GET request latency on network to next level
  l1d-3: # Filter cache stats
   fhGETS: 786396 # Filtered GETS hits
   fhGETX: 367168 # Filtered GETX hits
   hGETS: 7120 # GETS hits
   hGETX: 10925 # GETX hits
   mGETS: 250224 # GETS misses
   mGETXIM: 16018 # GETX I->M misses
   mGETXSM: 6 # GETX S->M misses (upgrade misses)
   PUTS: 0 # Clean evictions (from lower level)
   PUTX: 0 # Dirty evictions (from lower level)
   INV: 67 # Invalidates (from upper level)
   INVX: 31 # Downgrades (from upper level)
   FWD: 0 # Forwards (from upper level)
   latGETnl: 47635248 # GET request latency on next level
   latGETnet: 0 # GET request latency on network to next level
  l1d-4: # Filter cache stats
   fhGETS: 786369 # Filtered GETS hits
   fhGETX: 367152 # Filtered GETX hits
   hGETS: 7125 # GETS hits
   hGETX: 10938 # GETX hits
   mGETS: 250227 # GETS misses
   mGETXIM: 16013 # GETX I->M misses
   mGETXSM: 9 # GETX S->M misses (upgrade misses)
   PUTS: 0 # Clean evictions (from lower level)
   PUTX: 0 # Dirty evictions (from lower level)
   INV: 71 # Invalidates (from upper level)
   INVX: 20 # Downgrades (from upper level)
   FWD: 0 # Forwards (from upper level)
   latGETnl: 47633035 # GET request latency on next level
   latGETnet: 0 # GET request latency on network to next level
  l1d-5: # Filter cache stats
   fhGETS: 786363 # Filtered GETS hits
   fhGETX: 367163 # Filtered GETX hits
   hGETS: 7108 # GETS hits
   hGETX: 10912 # GETX hits
   mGETS: 250215 # GETS misses
   mGETXIM: 16015 # GETX I->M misses
   mGETXSM: 9 # GETX S->M misses (upgrade misses)
   PUTS: 0 # Clean evictions (from lower level)
   PUTX: 0 # Dirty evictions (from lower level)
   INV: 71 # Invalidates (from upper level)
   INVX: 20 # Downgrades (from upper level)
   FWD: 0 # Forwards (from upper level)
   latGETnl: 47631009 # GET request latency on next level
   latGETnet: 0 # GET request latency on network to next level
  l1d-6: # Filter cache stats
   fhGETS: 786191 # Filtered GETS hits
   fhGETX: 367057 # Filtered GETX hits
   hGETS: 7098 # GETS hits
   hGETX: 10914 # GETX hits
   mGETS: 250193 # GETS misses
   mGETXIM: 16002 # GETX I->M misses
   mGETXSM: 5 # GETX S->M misses (upgrade misses)
   PUTS: 0 # Clean evictions (from lower level)
   PUTX: 0 # Dirty evictions (from lower level)
   INV: 49 # Invalidates (from upper level)
   INVX: 20 # Downgrades (from upper level)
   FWD: 0 # Forwards (from upper level)
   latGETnl: 47629642 # GET request latency on next level
   latGETnet: 0 # GET request latency on network to next level
  l1d-7: # Filter cache stats
   fhGETS: 786229 # Filtered GETS hits
   fhGETX: 367086 # Filtered GETX hits
   hGETS: 7099 # GETS hits
   hGETX: 10904 # GETX hits
   mGETS: 250211 # GETS misses
   mGETXIM: 16004 # GETX I->M misses
   mGETXSM: 6 # GETX S->M misses (upgrade misses)
   PUTS: 0 # Clean evictions (from lower level)
   PUTX: 0 # Dirty evictions (from lower level)
   INV: 53 # Invalidates (from upper level)
   INVX: 14 # Downgrades (from upper level)
   FWD: 0 # Forwards (from upper level)
   latGETnl: 47631657 # GET request latency on next level
   latGETnet: 0 # GET request latency on network to next level
  l1d-8: # Filter cache stats
   fhGETS: 786265 # Filtered GETS hits
   fhGETX: 367115 # Filtered GETX hits
   hGETS: 7122 # GETS hits
   hGETX: 10930 # GETX hits
   mGETS: 250195 # GETS misses
   mGETXIM: 16005 # GETX I->M misses
   mGETXSM: 9 # GETX S->M misses (upgrade misses)
   PUTS: 0 # Clean evictions (from lower level)
   PUTX: 0 # Dirty evictions (from lower level)
   INV: 68 # Invalidates (from upper level)
   INVX: 18 # Downgrades (from upper level)
   FWD: 0 # Forwards (from upper level)
   latGETnl: 47626521 # GET request latency on next level
   latGETnet: 0 # GET request latency on network to next level
  l1d-9: # Filter cache stats
   fhGETS: 786238 # Filtered GETS hits
   fhGETX: 367077 # Filtered GETX hits
   hGETS: 7095 # GETS hits
   hGETX: 10913 # GETX hits
   mGETS: 250207 # GETS misses
   mGETXIM: 16004 # GETX I->M misses
   mGETXSM: 6 # GETX S->M misses (upgrade misses)
   PUTS: 0 # Clean evictions (from lower level)
   PUTX: 0 # Dirty evictions (from lower level)
   INV: 51 # Invalidates (from upper level)
   INVX: 17 # Downgrades (from upper level)
   FWD: 0 # Forwards (from upper level)
   latGETnl: 47631545 # GET request latency on next level
   latGETnet: 0 # GET request latency on network to next level
  l1d-10: # Filter cache stats
   fhGETS: 786237 # Filtered GETS hits
   fhGETX: 367079 # Filtered GETX hits
   hGETS: 7088 # GETS hits
   hGETX: 10905 # GETX hits
   mGETS: 250203 # GETS misses
   mGETXIM: 16007 # GETX I->M misses
   mGETXSM: 5 # GETX S->M misses (upgrade misses)
   PUTS: 0 # Clean evictions (from lower level)
   PUTX: 0 # Dirty evictions (from lower level)
   INV: 52 # Invalidates (from upper level)
   INVX: 22 # Downgrades (from upper level)
   FWD: 0 # Forwards (from upper level)
   latGETnl: 47631653 # GET request latency on next level
   latGETnet: 0 # GET request latency on network to next level
  l1d-11: # Filter cache stats
   fhGETS: 786334 # Filtered GETS hits
   fhGETX: 367138 # Filtered GETX hits
   hGETS: 7124 # GETS hits
   hGETX: 10913 # GETX hits
   mGETS: 250209 # GETS misses
   mGETXIM: 16014 # GETX I->M misses
   mGETXSM: 10 # GETX S->M misses (upgrade misses)
   PUTS: 0 # Clean evictions (from lower level)
   PUTX: 0 # Dirty evictions (from lower level)
   INV: 52 # Invalidates (from upper level)
   INVX: 9 # Downgrades (from upper level)
   FWD: 0 # Forwards (from upper level)
   latGETnl: 47630742 # GET request latency on next level
   latGETnet: 0 # GET request latency on network to next level
  l1d-12: # Filter cache stats
   fhGETS: 701556 # Filtered GETS hits
   fhGETX: 276899 # Filtered GETX hits
   hGETS: 91801 # GETS hits
   hGETX: 101094 # GETX hits
   mGETS: 250214 # GETS misses
   mGETXIM: 16011 # GETX I->M misses
   mGETXSM: 6 # GETX S->M misses (upgrade misses)
   PUTS: 0 # Clean evictions (from lower level)
   PUTX: 0 # Dirty evictions (from lower level)
   INV: 57 # Invalidates (from upper level)
   INVX: 4 # Downgrades (from upper level)
   FWD: 0 # Forwards (from upper level)
   latGETnl: 47631007 # GET request latency on next level
   latGETnet: 0 # GET request latency on network to next level
  l1d-13: # Filter cache stats
   fhGETS: 786227 # Filtered GETS hits
   fhGETX: 367071 # Filtered GETX hits
   hGETS: 7092 # GETS hits
   hGETX: 10911 # GETX hits
   mGETS: 250203 # GETS misses
   mGETXIM: 16005 # GETX I->M misses
   mGETXSM: 4 # GETX S->M misses (upgrade misses)
   PUTS: 0 # Clean evictions (from lower level)
   PUTX: 0 # Dirty evictions (from lower level)
   INV: 49 # Invalidates (from upper level)
   INVX: 10 # Downgrades (from upper level)
   FWD: 0 # Forwards (from upper level)
   latGETnl: 47630060 # GET request latency on next level
   latGETnet: 0 # GET request latency on network to next level
  l1d-14: # Filter cache stats
   fhGETS: 786224 # Filtered GETS hits
   fhGETX: 367077 # Filtered GETX hits
   hGETS: 7085 # GETS hits
   hGETX: 10895 # GETX hits
   mGETS: 250196 # GETS misses
   mGETXIM: 16009 # GETX I->M misses
   mGETXSM: 6 # GETX S->M misses (upgrade misses)
   PUTS: 0 # Clean evictions (from lower level)
   PUTX: 0 # Dirty evictions (from lower level)
   INV: 53 # Invalidates (from upper level)
   INVX: 2 # Downgrades (from upper level)
   FWD: 0 # Forwards (from upper level)
   latGETnl: 47627427 # GET request latency on next level
   latGETnet: 0 # GET request latency on network to next level
  l1d-15: # Filter cache stats
   fhGETS: 786243 # Filtered GETS hits
   fhGETX: 367090 # Filtered GETX hits
   hGETS: 7080 # GETS hits
   hGETX: 10897 # GETX hits
   mGETS: 250205 # GETS misses
   mGETXIM: 16003 # GETX I->M misses
   mGETXSM: 6 # GETX S->M misses (upgrade misses)
   PUTS: 0 # Clean evictions (from lower level)
   PUTX: 0 # Dirty evictions (from lower level)
   INV: 49 # Invalidates (from upper level)
   INVX: 2 # Downgrades (from upper level)
   FWD: 0 # Forwards (from upper level)
   latGETnl: 47628756 # GET request latency on next level
   latGETnet: 0 # GET request latency on network to next level
  l1d-16: # Filter cache stats
   fhGETS: 786212 # Filtered GETS hits
   fhGETX: 367066 # Filtered GETX hits
   hGETS: 7087 # GETS hits
   hGETX: 10913 # GETX hits
   mGETS: 250202 # GETS misses
   mGETXIM: 15999 # GETX I->M misses
   mGETXSM: 6 # GETX S->M misses (upgrade misses)
   PUTS: 0 # Clean evictions (from lower level)
   PUTX: 0 # Dirty evictions (from lower level)
   INV: 50 # Invalidates (from upper level)
   INVX: 2 # Downgrades (from upper level)
   FWD: 0 # Forwards (from upper level)
   latGETnl: 47628031 # GET request latency on next level
   latGETnet: 0 # GET request latency on network to next level
  l1d-17: # Filter cache stats
   fhGETS: 701505 # Filtered GETS hits
   fhGETX: 276871 # Filtered GETX hits
   hGETS: 91800 # GETS hits
   hGETX: 101107 # GETX hits
   mGETS: 250200 # GETS misses
   mGETXIM: 16003 # GETX I->M misses
   mGETXSM: 6 # GETX S->M misses (upgrade misses)
   PUTS: 0 # Clean evictions (from lower level)
   PUTX: 0 # Dirty evictions (from lower level)
   INV: 52 # Invalidates (from upper level)
   INVX: 2 # Downgrades (from upper level)
   FWD: 0 # Forwards (from upper level)
   latGETnl: 47627861 # GET request latency on next level
   latGETnet: 0 # GET request latency on network to next level
  l1d-18: # Filter cache stats
   fhGETS: 786199 # Filtered GETS hits
   fhGETX: 367069 # Filtered GETX hits
   hGETS: 7083 # GETS hits
   hGETX: 10890 # GETX hits
   mGETS: 250188 # GETS misses
   mGETXIM: 16009 # GETX I->M misses
   mGETXSM: 6 # GETX S->M misses (upgrade misses)
   PUTS: 0 # Clean evictions (from lower level)
   PUTX: 0 # Dirty evictions (from lower level)
   INV: 54 # Invalidates (from upper level)
   INVX: 2 # Downgrades (from upper level)
   FWD: 0 # Forwards (from upper level)
   latGETnl: 47625731 # GET request latency on next level
   latGETnet: 0 # GET request latency on network to next level
  l1d-19: # Filter cache stats
   fhGETS: 786162 # Filtered GETS hits
   fhGETX: 367043 # Filtered GETX hits
   hGETS: 7083 # GETS hits
   hGETX: 10898 # GETX hits
   mGETS: 250179 # GETS misses
   mGETXIM: 16009 # GETX I->M misses
   mGETXSM: 6 # GETX S->M misses (upgrade misses)
   PUTS: 0 # Clean evictions (from lower level)
   PUTX: 0 # Dirty evictions (from lower level)
   INV: 56 # Invalidates (from upper level)
   INVX: 2 # Downgrades (from upper level)
   FWD: 0 # Forwards (from upper level)
   latGETnl: 47624120 # GET request latency on next level
   latGETnet: 0 # GET request latency on network to next level
  l1d-20: # Filter cache stats
   fhGETS: 786157 # Filtered GETS hits
   fhGETX: 366999 # Filtered GETX hits
   hGETS: 7321 # GETS hits
   hGETX: 10947 # GETX hits
   mGETS: 249914 # GETS misses
   mGETXIM: 15990 # GETX I->M misses
   mGETXSM: 10 # GETX S->M misses (upgrade misses)
   PUTS: 0 # Clean evictions (from lower level)
   PUTX: 0 # Dirty evictions (from lower level)
   INV: 50 # Invalidates (from upper level)
   INVX: 3 # Downgrades (from upper level)
   FWD: 0 # Forwards (from upper level)
   latGETnl: 47571882 # GET request latency on next level
   latGETnet: 0 # GET request latency on network to next level
  l1d-21: # Filter cache stats
   fhGETS: 786140 # Filtered GETS hits
   fhGETX: 367038 # Filtered GETX hits
   hGETS: 7108 # GETS hits
   hGETX: 10903 # GETX hits
   mGETS: 250176 # GETS misses
   mGETXIM: 16009 # GETX I->M misses
   mGETXSM: 6 # GETX S->M misses (upgrade misses)
   PUTS: 0 # Clean evictions (from lower level)
   PUTX: 0 # Dirty evictions (from lower level)
   INV: 53 # Invalidates (from upper level)
   INVX: 2 # Downgrades (from upper level)
   FWD: 0 # Forwards (from upper level)
   latGETnl: 47623847 # GET request latency on next level
   latGETnet: 0 # GET request latency on network to next level
  l1d-22: # Filter cache stats
   fhGETS: 786062 # Filtered GETS hits
   fhGETX: 367004 # Filtered GETX hits
   hGETS: 7080 # GETS hits
   hGETX: 10897 # GETX hits
   mGETS: 250150 # GETS misses
   mGETXIM: 16001 # GETX I->M misses
   mGETXSM: 8 # GETX S->M misses (upgrade misses)
   PUTS: 0 # Clean evictions (from lower level)
   PUTX: 0 # Dirty evictions (from lower level)
   INV: 54 # Invalidates (from upper level)
   INVX: 7 # Downgrades (from upper level)
   FWD: 0 # Forwards (from upper level)
   latGETnl: 47618307 # GET request latency on next level
   latGETnet: 0 # GET request latency on network to next level
  l1d-23: # Filter cache stats
   fhGETS: 0 # Filtered GETS hits
   fhGETX: 0 # Filtered GETX hits
   hGETS: 0 # GETS hits
   hGETX: 0 # GETX hits
   mGETS: 0 # GETS misses
   mGETXIM: 0 # GETX I->M misses
   mGETXSM: 0 # GETX S->M misses (upgrade misses)
   PUTS: 0 # Clean evictions (from lower level)
   PUTX: 0 # Dirty evictions (from lower level)
   INV: 0 # Invalidates (from upper level)
   INVX: 0 # Downgrades (from upper level)
   FWD: 0 # Forwards (from upper level)
   latGETnl: 0 # GET request latency on next level
   latGETnet: 0 # GET request latency on network to next level
 l1i: # Cache stats
  l1i-0: # Filter cache stats
   fhGETS: 5777844 # Filtered GETS hits
   fhGETX: 0 # Filtered GETX hits
   hGETS: 51 # GETS hits
   hGETX: 0 # GETX hits
   mGETS: 668 # GETS misses
   mGETXIM: 0 # GETX I->M misses
   mGETXSM: 0 # GETX S->M misses (upgrade misses)
   PUTS: 0 # Clean evictions (from lower level)
   PUTX: 0 # Dirty evictions (from lower level)
   INV: 644 # Invalidates (from upper level)
   INVX: 0 # Downgrades (from upper level)
   FWD: 0 # Forwards (from upper level)
   latGETnl: 55816 # GET request latency on next level
   latGETnet: 0 # GET request latency on network to next level
  l1i-1: # Filter cache stats
   fhGETS: 5777822 # Filtered GETS hits
   fhGETX: 0 # Filtered GETX hits
   hGETS: 38 # GETS hits
   hGETX: 0 # GETX hits
   mGETS: 580 # GETS misses
   mGETXIM: 0 # GETX I->M misses
   mGETXSM: 0 # GETX S->M misses (upgrade misses)
   PUTS: 0 # Clean evictions (from lower level)
   PUTX: 0 # Dirty evictions (from lower level)
   INV: 556 # Invalidates (from upper level)
   INVX: 0 # Downgrades (from upper level)
   FWD: 0 # Forwards (from upper level)
   latGETnl: 30956 # GET request latency on next level
   latGETnet: 0 # GET request latency on network to next level
  l1i-2: # Filter cache stats
   fhGETS: 5776726 # Filtered GETS hits
   fhGETX: 0 # Filtered GETX hits
   hGETS: 32 # GETS hits
   hGETX: 0 # GETX hits
   mGETS: 605 # GETS misses
   mGETXIM: 0 # GETX I->M misses
   mGETXSM: 0 # GETX S->M misses (upgrade misses)
   PUTS: 0 # Clean evictions (from lower level)
   PUTX: 0 # Dirty evictions (from lower level)
   INV: 581 # Invalidates (from upper level)
   INVX: 0 # Downgrades (from upper level)
   FWD: 0 # Forwards (from upper level)
   latGETnl: 34375 # GET request latency on next level
   latGETnet: 0 # GET request latency on network to next level
  l1i-3: # Filter cache stats
   fhGETS: 5777937 # Filtered GETS hits
   fhGETX: 0 # Filtered GETX hits
   hGETS: 29 # GETS hits
   hGETX: 0 # GETX hits
   mGETS: 583 # GETS misses
   mGETXIM: 0 # GETX I->M misses
   mGETXSM: 0 # GETX S->M misses (upgrade misses)
   PUTS: 0 # Clean evictions (from lower level)
   PUTX: 0 # Dirty evictions (from lower level)
   INV: 559 # Invalidates (from upper level)
   INVX: 0 # Downgrades (from upper level)
   FWD: 0 # Forwards (from upper level)
   latGETnl: 31229 # GET request latency on next level
   latGETnet: 0 # GET request latency on network to next level
  l1i-4: # Filter cache stats
   fhGETS: 5777789 # Filtered GETS hits
   fhGETX: 0 # Filtered GETX hits
   hGETS: 31 # GETS hits
   hGETX: 0 # GETX hits
   mGETS: 584 # GETS misses
   mGETXIM: 0 # GETX I->M misses
   mGETXSM: 0 # GETX S->M misses (upgrade misses)
   PUTS: 0 # Clean evictions (from lower level)
   PUTX: 0 # Dirty evictions (from lower level)
   INV: 560 # Invalidates (from upper level)
   INVX: 0 # Downgrades (from upper level)
   FWD: 0 # Forwards (from upper level)
   latGETnl: 27844 # GET request latency on next level
   latGETnet: 0 # GET request latency on network to next level
  l1i-5: # Filter cache stats
   fhGETS: 5777581 # Filtered GETS hits
   fhGETX: 0 # Filtered GETX hits
   hGETS: 31 # GETS hits
   hGETX: 0 # GETX hits
   mGETS: 585 # GETS misses
   mGETXIM: 0 # GETX I->M misses
   mGETXSM: 0 # GETX S->M misses (upgrade misses)
   PUTS: 0 # Clean evictions (from lower level)
   PUTX: 0 # Dirty evictions (from lower level)
   INV: 561 # Invalidates (from upper level)
   INVX: 0 # Downgrades (from upper level)
   FWD: 0 # Forwards (from upper level)
   latGETnl: 27627 # GET request latency on next level
   latGETnet: 0 # GET request latency on network to next level
  l1i-6: # Filter cache stats
   fhGETS: 5777416 # Filtered GETS hits
   fhGETX: 0 # Filtered GETX hits
   hGETS: 29 # GETS hits
   hGETX: 0 # GETX hits
   mGETS: 563 # GETS misses
   mGETXIM: 0 # GETX I->M misses
   mGETXSM: 0 # GETX S->M misses (upgrade misses)
   PUTS: 0 # Clean evictions (from lower level)
   PUTX: 0 # Dirty evictions (from lower level)
   INV: 539 # Invalidates (from upper level)
   INVX: 0 # Downgrades (from upper level)
   FWD: 0 # Forwards (from upper level)
   latGETnl: 30157 # GET request latency on next level
   latGETnet: 0 # GET request latency on network to next level
  l1i-7: # Filter cache stats
   fhGETS: 5777670 # Filtered GETS hits
   fhGETX: 0 # Filtered GETX hits
   hGETS: 29 # GETS hits
   hGETX: 0 # GETX hits
   mGETS: 567 # GETS misses
   mGETXIM: 0 # GETX I->M misses
   mGETXSM: 0 # GETX S->M misses (upgrade misses)
   PUTS: 0 # Clean evictions (from lower level)
   PUTX: 0 # Dirty evictions (from lower level)
   INV: 543 # Invalidates (from upper level)
   INVX: 0 # Downgrades (from upper level)
   FWD: 0 # Forwards (from upper level)
   latGETnl: 29025 # GET request latency on next level
   latGETnet: 0 # GET request latency on network to next level
  l1i-8: # Filter cache stats
   fhGETS: 5777012 # Filtered GETS hits
   fhGETX: 0 # Filtered GETX hits
   hGETS: 31 # GETS hits
   hGETX: 0 # GETX hits
   mGETS: 586 # GETS misses
   mGETXIM: 0 # GETX I->M misses
   mGETXSM: 0 # GETX S->M misses (upgrade misses)
   PUTS: 0 # Clean evictions (from lower level)
   PUTX: 0 # Dirty evictions (from lower level)
   INV: 562 # Invalidates (from upper level)
   INVX: 0 # Downgrades (from upper level)
   FWD: 0 # Forwards (from upper level)
   latGETnl: 27542 # GET request latency on next level
   latGETnet: 0 # GET request latency on network to next level
  l1i-9: # Filter cache stats
   fhGETS: 5777666 # Filtered GETS hits
   fhGETX: 0 # Filtered GETX hits
   hGETS: 29 # GETS hits
   hGETX: 0 # GETX hits
   mGETS: 566 # GETS misses
   mGETXIM: 0 # GETX I->M misses
   mGETXSM: 0 # GETX S->M misses (upgrade misses)
   PUTS: 0 # Clean evictions (from lower level)
   PUTX: 0 # Dirty evictions (from lower level)
   INV: 542 # Invalidates (from upper level)
   INVX: 0 # Downgrades (from upper level)
   FWD: 0 # Forwards (from upper level)
   latGETnl: 28186 # GET request latency on next level
   latGETnet: 0 # GET request latency on network to next level
  l1i-10: # Filter cache stats
   fhGETS: 5777641 # Filtered GETS hits
   fhGETX: 0 # Filtered GETX hits
   hGETS: 29 # GETS hits
   hGETX: 0 # GETX hits
   mGETS: 569 # GETS misses
   mGETXIM: 0 # GETX I->M misses
   mGETXSM: 0 # GETX S->M misses (upgrade misses)
   PUTS: 0 # Clean evictions (from lower level)
   PUTX: 0 # Dirty evictions (from lower level)
   INV: 545 # Invalidates (from upper level)
   INVX: 0 # Downgrades (from upper level)
   FWD: 0 # Forwards (from upper level)
   latGETnl: 28723 # GET request latency on next level
   latGETnet: 0 # GET request latency on network to next level
  l1i-11: # Filter cache stats
   fhGETS: 5777251 # Filtered GETS hits
   fhGETX: 0 # Filtered GETX hits
   hGETS: 129 # GETS hits
   hGETX: 0 # GETX hits
   mGETS: 567 # GETS misses
   mGETXIM: 0 # GETX I->M misses
   mGETXSM: 0 # GETX S->M misses (upgrade misses)
   PUTS: 0 # Clean evictions (from lower level)
   PUTX: 0 # Dirty evictions (from lower level)
   INV: 543 # Invalidates (from upper level)
   INVX: 0 # Downgrades (from upper level)
   FWD: 0 # Forwards (from upper level)
   latGETnl: 27045 # GET request latency on next level
   latGETnet: 0 # GET request latency on network to next level
  l1i-12: # Filter cache stats
   fhGETS: 5777888 # Filtered GETS hits
   fhGETX: 0 # Filtered GETX hits
   hGETS: 29 # GETS hits
   hGETX: 0 # GETX hits
   mGETS: 574 # GETS misses
   mGETXIM: 0 # GETX I->M misses
   mGETXSM: 0 # GETX S->M misses (upgrade misses)
   PUTS: 0 # Clean evictions (from lower level)
   PUTX: 0 # Dirty evictions (from lower level)
   INV: 546 # Invalidates (from upper level)
   INVX: 0 # Downgrades (from upper level)
   FWD: 0 # Forwards (from upper level)
   latGETnl: 27638 # GET request latency on next level
   latGETnet: 0 # GET request latency on network to next level
  l1i-13: # Filter cache stats
   fhGETS: 5777659 # Filtered GETS hits
   fhGETX: 0 # Filtered GETX hits
   hGETS: 29 # GETS hits
   hGETX: 0 # GETX hits
   mGETS: 564 # GETS misses
   mGETXIM: 0 # GETX I->M misses
   mGETXSM: 0 # GETX S->M misses (upgrade misses)
   PUTS: 0 # Clean evictions (from lower level)
   PUTX: 0 # Dirty evictions (from lower level)
   INV: 540 # Invalidates (from upper level)
   INVX: 0 # Downgrades (from upper level)
   FWD: 0 # Forwards (from upper level)
   latGETnl: 27300 # GET request latency on next level
   latGETnet: 0 # GET request latency on network to next level
  l1i-14: # Filter cache stats
   fhGETS: 5777524 # Filtered GETS hits
   fhGETX: 0 # Filtered GETX hits
   hGETS: 29 # GETS hits
   hGETX: 0 # GETX hits
   mGETS: 570 # GETS misses
   mGETXIM: 0 # GETX I->M misses
   mGETXSM: 0 # GETX S->M misses (upgrade misses)
   PUTS: 0 # Clean evictions (from lower level)
   PUTX: 0 # Dirty evictions (from lower level)
   INV: 546 # Invalidates (from upper level)
   INVX: 0 # Downgrades (from upper level)
   FWD: 0 # Forwards (from upper level)
   latGETnl: 26922 # GET request latency on next level
   latGETnet: 0 # GET request latency on network to next level
  l1i-15: # Filter cache stats
   fhGETS: 5777685 # Filtered GETS hits
   fhGETX: 0 # Filtered GETX hits
   hGETS: 29 # GETS hits
   hGETX: 0 # GETX hits
   mGETS: 570 # GETS misses
   mGETXIM: 0 # GETX I->M misses
   mGETXSM: 0 # GETX S->M misses (upgrade misses)
   PUTS: 0 # Clean evictions (from lower level)
   PUTX: 0 # Dirty evictions (from lower level)
   INV: 546 # Invalidates (from upper level)
   INVX: 0 # Downgrades (from upper level)
   FWD: 0 # Forwards (from upper level)
   latGETnl: 26790 # GET request latency on next level
   latGETnet: 0 # GET request latency on network to next level
  l1i-16: # Filter cache stats
   fhGETS: 5777496 # Filtered GETS hits
   fhGETX: 0 # Filtered GETX hits
   hGETS: 29 # GETS hits
   hGETX: 0 # GETX hits
   mGETS: 566 # GETS misses
   mGETXIM: 0 # GETX I->M misses
   mGETXSM: 0 # GETX S->M misses (upgrade misses)
   PUTS: 0 # Clean evictions (from lower level)
   PUTX: 0 # Dirty evictions (from lower level)
   INV: 542 # Invalidates (from upper level)
   INVX: 0 # Downgrades (from upper level)
   FWD: 0 # Forwards (from upper level)
   latGETnl: 26734 # GET request latency on next level
   latGETnet: 0 # GET request latency on network to next level
  l1i-17: # Filter cache stats
   fhGETS: 5777528 # Filtered GETS hits
   fhGETX: 0 # Filtered GETX hits
   hGETS: 29 # GETS hits
   hGETX: 0 # GETX hits
   mGETS: 566 # GETS misses
   mGETXIM: 0 # GETX I->M misses
   mGETXSM: 0 # GETX S->M misses (upgrade misses)
   PUTS: 0 # Clean evictions (from lower level)
   PUTX: 0 # Dirty evictions (from lower level)
   INV: 542 # Invalidates (from upper level)
   INVX: 0 # Downgrades (from upper level)
   FWD: 0 # Forwards (from upper level)
   latGETnl: 26602 # GET request latency on next level
   latGETnet: 0 # GET request latency on network to next level
  l1i-18: # Filter cache stats
   fhGETS: 5777325 # Filtered GETS hits
   fhGETX: 0 # Filtered GETX hits
   hGETS: 29 # GETS hits
   hGETX: 0 # GETX hits
   mGETS: 566 # GETS misses
   mGETXIM: 0 # GETX I->M misses
   mGETXSM: 0 # GETX S->M misses (upgrade misses)
   PUTS: 0 # Clean evictions (from lower level)
   PUTX: 0 # Dirty evictions (from lower level)
   INV: 542 # Invalidates (from upper level)
   INVX: 0 # Downgrades (from upper level)
   FWD: 0 # Forwards (from upper level)
   latGETnl: 26602 # GET request latency on next level
   latGETnet: 0 # GET request latency on network to next level
  l1i-19: # Filter cache stats
   fhGETS: 5777072 # Filtered GETS hits
   fhGETX: 0 # Filtered GETX hits
   hGETS: 29 # GETS hits
   hGETX: 0 # GETX hits
   mGETS: 570 # GETS misses
   mGETXIM: 0 # GETX I->M misses
   mGETXSM: 0 # GETX S->M misses (upgrade misses)
   PUTS: 0 # Clean evictions (from lower level)
   PUTX: 0 # Dirty evictions (from lower level)
   INV: 546 # Invalidates (from upper level)
   INVX: 0 # Downgrades (from upper level)
   FWD: 0 # Forwards (from upper level)
   latGETnl: 26790 # GET request latency on next level
   latGETnet: 0 # GET request latency on network to next level
  l1i-20: # Filter cache stats
   fhGETS: 5770831 # Filtered GETS hits
   fhGETX: 0 # Filtered GETX hits
   hGETS: 115 # GETS hits
   hGETX: 0 # GETX hits
   mGETS: 634 # GETS misses
   mGETXIM: 0 # GETX I->M misses
   mGETXSM: 0 # GETX S->M misses (upgrade misses)
   PUTS: 0 # Clean evictions (from lower level)
   PUTX: 0 # Dirty evictions (from lower level)
   INV: 610 # Invalidates (from upper level)
   INVX: 0 # Downgrades (from upper level)
   FWD: 0 # Forwards (from upper level)
   latGETnl: 37058 # GET request latency on next level
   latGETnet: 0 # GET request latency on network to next level
  l1i-21: # Filter cache stats
   fhGETS: 5777058 # Filtered GETS hits
   fhGETX: 0 # Filtered GETX hits
   hGETS: 29 # GETS hits
   hGETX: 0 # GETX hits
   mGETS: 570 # GETS misses
   mGETXIM: 0 # GETX I->M misses
   mGETXSM: 0 # GETX S->M misses (upgrade misses)
   PUTS: 0 # Clean evictions (from lower level)
   PUTX: 0 # Dirty evictions (from lower level)
   INV: 546 # Invalidates (from upper level)
   INVX: 0 # Downgrades (from upper level)
   FWD: 0 # Forwards (from upper level)
   latGETnl: 27054 # GET request latency on next level
   latGETnet: 0 # GET request latency on network to next level
  l1i-22: # Filter cache stats
   fhGETS: 5776242 # Filtered GETS hits
   fhGETX: 0 # Filtered GETX hits
   hGETS: 43 # GETS hits
   hGETX: 0 # GETX hits
   mGETS: 573 # GETS misses
   mGETXIM: 0 # GETX I->M misses
   mGETXSM: 0 # GETX S->M misses (upgrade misses)
   PUTS: 0 # Clean evictions (from lower level)
   PUTX: 0 # Dirty evictions (from lower level)
   INV: 549 # Invalidates (from upper level)
   INVX: 0 # Downgrades (from upper level)
   FWD: 0 # Forwards (from upper level)
   latGETnl: 27063 # GET request latency on next level
   latGETnet: 0 # GET request latency on network to next level
  l1i-23: # Filter cache stats
   fhGETS: 0 # Filtered GETS hits
   fhGETX: 0 # Filtered GETX hits
   hGETS: 0 # GETS hits
   hGETX: 0 # GETX hits
   mGETS: 0 # GETS misses
   mGETXIM: 0 # GETX I->M misses
   mGETXSM: 0 # GETX S->M misses (upgrade misses)
   PUTS: 0 # Clean evictions (from lower level)
   PUTX: 0 # Dirty evictions (from lower level)
   INV: 0 # Invalidates (from upper level)
   INVX: 0 # Downgrades (from upper level)
   FWD: 0 # Forwards (from upper level)
   latGETnl: 0 # GET request latency on next level
   latGETnet: 0 # GET request latency on network to next level
 l2: # Cache stats
  l2-0: # Cache stats
   hGETS: 0 # GETS hits
   hGETX: 0 # GETX hits
   mGETS: 250936 # GETS misses
   mGETXIM: 16050 # GETX I->M misses
   mGETXSM: 7 # GETX S->M misses (upgrade misses)
   PUTS: 249731 # Clean evictions (from lower level)
   PUTX: 15983 # Dirty evictions (from lower level)
   INV: 33324 # Invalidates (from upper level)
   INVX: 92 # Downgrades (from upper level)
   FWD: 0 # Forwards (from upper level)
   latGETnl: 45037715 # GET request latency on next level
   latGETnet: 0 # GET request latency on network to next level
  l2-1: # Cache stats
   hGETS: 0 # GETS hits
   hGETX: 0 # GETX hits
   mGETS: 250805 # GETS misses
   mGETXIM: 16019 # GETX I->M misses
   mGETXSM: 10 # GETX S->M misses (upgrade misses)
   PUTS: 249696 # Clean evictions (from lower level)
   PUTX: 15960 # Dirty evictions (from lower level)
   INV: 16572 # Invalidates (from upper level)
   INVX: 25 # Downgrades (from upper level)
   FWD: 0 # Forwards (from upper level)
   latGETnl: 44996270 # GET request latency on next level
   latGETnet: 0 # GET request latency on network to next level
  l2-2: # Cache stats
   hGETS: 0 # GETS hits
   hGETX: 0 # GETX hits
   mGETS: 250783 # GETS misses
   mGETXIM: 16007 # GETX I->M misses
   mGETXSM: 5 # GETX S->M misses (upgrade misses)
   PUTS: 249654 # Clean evictions (from lower level)
   PUTX: 15966 # Dirty evictions (from lower level)
   INV: 40083 # Invalidates (from upper level)
   INVX: 5 # Downgrades (from upper level)
   FWD: 0 # Forwards (from upper level)
   latGETnl: 44990371 # GET request latency on next level
   latGETnet: 0 # GET request latency on network to next level
  l2-3: # Cache stats
   hGETS: 0 # GETS hits
   hGETX: 0 # GETX hits
   mGETS: 250807 # GETS misses
   mGETXIM: 16018 # GETX I->M misses
   mGETXSM: 6 # GETX S->M misses (upgrade misses)
   PUTS: 249700 # Clean evictions (from lower level)
   PUTX: 15963 # Dirty evictions (from lower level)
   INV: 15163 # Invalidates (from upper level)
   INVX: 31 # Downgrades (from upper level)
   FWD: 0 # Forwards (from upper level)
   latGETnl: 44998167 # GET request latency on next level
   latGETnet: 0 # GET request latency on network to next level
  l2-4: # Cache stats
   hGETS: 0 # GETS hits
   hGETX: 0 # GETX hits
   mGETS: 250811 # GETS misses
   mGETXIM: 16013 # GETX I->M misses
   mGETXSM: 9 # GETX S->M misses (upgrade misses)
   PUTS: 249698 # Clean evictions (from lower level)
   PUTX: 15959 # Dirty evictions (from lower level)
   INV: 15099 # Invalidates (from upper level)
   INVX: 20 # Downgrades (from upper level)
   FWD: 0 # Forwards (from upper level)
   latGETnl: 44992549 # GET request latency on next level
   latGETnet: 0 # GET request latency on network to next level
  l2-5: # Cache stats
   hGETS: 0 # GETS hits
   hGETX: 0 # GETX hits
   mGETS: 250800 # GETS misses
   mGETXIM: 16015 # GETX I->M misses
   mGETXSM: 9 # GETX S->M misses (upgrade misses)
   PUTS: 249686 # Clean evictions (from lower level)
   PUTX: 15961 # Dirty evictions (from lower level)
   INV: 14875 # Invalidates (from upper level)
   INVX: 20 # Downgrades (from upper level)
   FWD: 0 # Forwards (from upper level)
   latGETnl: 44990396 # GET request latency on next level
   latGETnet: 0 # GET request latency on network to next level
  l2-6: # Cache stats
   hGETS: 0 # GETS hits
   hGETX: 0 # GETX hits
   mGETS: 250756 # GETS misses
   mGETXIM: 16002 # GETX I->M misses
   mGETXSM: 5 # GETX S->M misses (upgrade misses)
   PUTS: 249676 # Clean evictions (from lower level)
   PUTX: 15958 # Dirty evictions (from lower level)
   INV: 15957 # Invalidates (from upper level)
   INVX: 20 # Downgrades (from upper level)
   FWD: 0 # Forwards (from upper level)
   latGETnl: 44992169 # GET request latency on next level
   latGETnet: 0 # GET request latency on network to next level
  l2-7: # Cache stats
   hGETS: 0 # GETS hits
   hGETX: 0 # GETX hits
   mGETS: 250778 # GETS misses
   mGETXIM: 16004 # GETX I->M misses
   mGETXSM: 6 # GETX S->M misses (upgrade misses)
   PUTS: 249690 # Clean evictions (from lower level)
   PUTX: 15960 # Dirty evictions (from lower level)
   INV: 22982 # Invalidates (from upper level)
   INVX: 14 # Downgrades (from upper level)
   FWD: 0 # Forwards (from upper level)
   latGETnl: 44992802 # GET request latency on next level
   latGETnet: 0 # GET request latency on network to next level
  l2-8: # Cache stats
   hGETS: 0 # GETS hits
   hGETX: 0 # GETX hits
   mGETS: 250781 # GETS misses
   mGETXIM: 16005 # GETX I->M misses
   mGETXSM: 9 # GETX S->M misses (upgrade misses)
   PUTS: 249659 # Clean evictions (from lower level)
   PUTX: 15961 # Dirty evictions (from lower level)
   INV: 35832 # Invalidates (from upper level)
   INVX: 19 # Downgrades (from upper level)
   FWD: 0 # Forwards (from upper level)
   latGETnl: 44986113 # GET request latency on next level
   latGETnet: 0 # GET request latency on network to next level
  l2-9: # Cache stats
   hGETS: 0 # GETS hits
   hGETX: 0 # GETX hits
   mGETS: 250773 # GETS misses
   mGETXIM: 16004 # GETX I->M misses
   mGETXSM: 6 # GETX S->M misses (upgrade misses)
   PUTS: 249689 # Clean evictions (from lower level)
   PUTX: 15959 # Dirty evictions (from lower level)
   INV: 15232 # Invalidates (from upper level)
   INVX: 17 # Downgrades (from upper level)
   FWD: 0 # Forwards (from upper level)
   latGETnl: 44991901 # GET request latency on next level
   latGETnet: 0 # GET request latency on network to next level
  l2-10: # Cache stats
   hGETS: 0 # GETS hits
   hGETX: 0 # GETX hits
   mGETS: 250772 # GETS misses
   mGETXIM: 16007 # GETX I->M misses
   mGETXSM: 5 # GETX S->M misses (upgrade misses)
   PUTS: 249688 # Clean evictions (from lower level)
   PUTX: 15958 # Dirty evictions (from lower level)
   INV: 34562 # Invalidates (from upper level)
   INVX: 22 # Downgrades (from upper level)
   FWD: 0 # Forwards (from upper level)
   latGETnl: 44992536 # GET request latency on next level
   latGETnet: 0 # GET request latency on network to next level
  l2-11: # Cache stats
   hGETS: 3 # GETS hits
   hGETX: 0 # GETX hits
   mGETS: 250773 # GETS misses
   mGETXIM: 16014 # GETX I->M misses
   mGETXSM: 10 # GETX S->M misses (upgrade misses)
   PUTS: 249681 # Clean evictions (from lower level)
   PUTX: 15978 # Dirty evictions (from lower level)
   INV: 40398 # Invalidates (from upper level)
   INVX: 9 # Downgrades (from upper level)
   FWD: 0 # Forwards (from upper level)
   latGETnl: 44989787 # GET request latency on next level
   latGETnet: 0 # GET request latency on network to next level
  l2-12: # Cache stats
   hGETS: 0 # GETS hits
   hGETX: 0 # GETX hits
   mGETS: 250788 # GETS misses
   mGETXIM: 16011 # GETX I->M misses
   mGETXSM: 6 # GETX S->M misses (upgrade misses)
   PUTS: 249694 # Clean evictions (from lower level)
   PUTX: 15962 # Dirty evictions (from lower level)
   INV: 15275 # Invalidates (from upper level)
   INVX: 4 # Downgrades (from upper level)
   FWD: 0 # Forwards (from upper level)
   latGETnl: 44990595 # GET request latency on next level
   latGETnet: 0 # GET request latency on network to next level
  l2-13: # Cache stats
   hGETS: 0 # GETS hits
   hGETX: 0 # GETX hits
   mGETS: 250767 # GETS misses
   mGETXIM: 16005 # GETX I->M misses
   mGETXSM: 4 # GETX S->M misses (upgrade misses)
   PUTS: 249688 # Clean evictions (from lower level)
   PUTX: 15959 # Dirty evictions (from lower level)
   INV: 14584 # Invalidates (from upper level)
   INVX: 10 # Downgrades (from upper level)
   FWD: 0 # Forwards (from upper level)
   latGETnl: 44989600 # GET request latency on next level
   latGETnet: 0 # GET request latency on network to next level
  l2-14: # Cache stats
   hGETS: 0 # GETS hits
   hGETX: 0 # GETX hits
   mGETS: 250766 # GETS misses
   mGETXIM: 16009 # GETX I->M misses
   mGETXSM: 6 # GETX S->M misses (upgrade misses)
   PUTS: 249681 # Clean evictions (from lower level)
   PUTX: 15959 # Dirty evictions (from lower level)
   INV: 31815 # Invalidates (from upper level)
   INVX: 2 # Downgrades (from upper level)
   FWD: 0 # Forwards (from upper level)
   latGETnl: 44986539 # GET request latency on next level
   latGETnet: 0 # GET request latency on network to next level
  l2-15: # Cache stats
   hGETS: 0 # GETS hits
   hGETX: 0 # GETX hits
   mGETS: 250775 # GETS misses
   mGETXIM: 16003 # GETX I->M misses
   mGETXSM: 6 # GETX S->M misses (upgrade misses)
   PUTS: 249687 # Clean evictions (from lower level)
   PUTX: 15960 # Dirty evictions (from lower level)
   INV: 14946 # Invalidates (from upper level)
   INVX: 2 # Downgrades (from upper level)
   FWD: 0 # Forwards (from upper level)
   latGETnl: 44987706 # GET request latency on next level
   latGETnet: 0 # GET request latency on network to next level
  l2-16: # Cache stats
   hGETS: 0 # GETS hits
   hGETX: 0 # GETX hits
   mGETS: 250768 # GETS misses
   mGETXIM: 15999 # GETX I->M misses
   mGETXSM: 6 # GETX S->M misses (upgrade misses)
   PUTS: 249680 # Clean evictions (from lower level)
   PUTX: 15959 # Dirty evictions (from lower level)
   INV: 27049 # Invalidates (from upper level)
   INVX: 2 # Downgrades (from upper level)
   FWD: 0 # Forwards (from upper level)
   latGETnl: 44987035 # GET request latency on next level
   latGETnet: 0 # GET request latency on network to next level
  l2-17: # Cache stats
   hGETS: 0 # GETS hits
   hGETX: 0 # GETX hits
   mGETS: 250766 # GETS misses
   mGETXIM: 16003 # GETX I->M misses
   mGETXSM: 6 # GETX S->M misses (upgrade misses)
   PUTS: 249680 # Clean evictions (from lower level)
   PUTX: 15959 # Dirty evictions (from lower level)
   INV: 15095 # Invalidates (from upper level)
   INVX: 2 # Downgrades (from upper level)
   FWD: 0 # Forwards (from upper level)
   latGETnl: 44986713 # GET request latency on next level
   latGETnet: 0 # GET request latency on network to next level
  l2-18: # Cache stats
   hGETS: 0 # GETS hits
   hGETX: 0 # GETX hits
   mGETS: 250754 # GETS misses
   mGETXIM: 16009 # GETX I->M misses
   mGETXSM: 6 # GETX S->M misses (upgrade misses)
   PUTS: 249672 # Clean evictions (from lower level)
   PUTX: 15959 # Dirty evictions (from lower level)
   INV: 15334 # Invalidates (from upper level)
   INVX: 2 # Downgrades (from upper level)
   FWD: 0 # Forwards (from upper level)
   latGETnl: 44984643 # GET request latency on next level
   latGETnet: 0 # GET request latency on network to next level
  l2-19: # Cache stats
   hGETS: 0 # GETS hits
   hGETX: 0 # GETX hits
   mGETS: 250749 # GETS misses
   mGETXIM: 16009 # GETX I->M misses
   mGETXSM: 6 # GETX S->M misses (upgrade misses)
   PUTS: 249661 # Clean evictions (from lower level)
   PUTX: 15959 # Dirty evictions (from lower level)
   INV: 24898 # Invalidates (from upper level)
   INVX: 2 # Downgrades (from upper level)
   FWD: 0 # Forwards (from upper level)
   latGETnl: 44983270 # GET request latency on next level
   latGETnet: 0 # GET request latency on network to next level
  l2-20: # Cache stats
   hGETS: 0 # GETS hits
   hGETX: 0 # GETX hits
   mGETS: 250548 # GETS misses
   mGETXIM: 15990 # GETX I->M misses
   mGETXSM: 10 # GETX S->M misses (upgrade misses)
   PUTS: 249391 # Clean evictions (from lower level)
   PUTX: 15951 # Dirty evictions (from lower level)
   INV: 25028 # Invalidates (from upper level)
   INVX: 3 # Downgrades (from upper level)
   FWD: 0 # Forwards (from upper level)
   latGETnl: 44943460 # GET request latency on next level
   latGETnet: 0 # GET request latency on network to next level
  l2-21: # Cache stats
   hGETS: 0 # GETS hits
   hGETX: 0 # GETX hits
   mGETS: 250746 # GETS misses
   mGETXIM: 16009 # GETX I->M misses
   mGETXSM: 6 # GETX S->M misses (upgrade misses)
   PUTS: 249661 # Clean evictions (from lower level)
   PUTX: 15959 # Dirty evictions (from lower level)
   INV: 14882 # Invalidates (from upper level)
   INVX: 2 # Downgrades (from upper level)
   FWD: 0 # Forwards (from upper level)
   latGETnl: 44983291 # GET request latency on next level
   latGETnet: 0 # GET request latency on network to next level
  l2-22: # Cache stats
   hGETS: 0 # GETS hits
   hGETX: 0 # GETX hits
   mGETS: 250723 # GETS misses
   mGETXIM: 16001 # GETX I->M misses
   mGETXSM: 8 # GETX S->M misses (upgrade misses)
   PUTS: 249628 # Clean evictions (from lower level)
   PUTX: 15957 # Dirty evictions (from lower level)
   INV: 15917 # Invalidates (from upper level)
   INVX: 7 # Downgrades (from upper level)
   FWD: 0 # Forwards (from upper level)
   latGETnl: 44978050 # GET request latency on next level
   latGETnet: 0 # GET request latency on network to next level
  l2-23: # Cache stats
   hGETS: 0 # GETS hits
   hGETX: 0 # GETX hits
   mGETS: 0 # GETS misses
   mGETXIM: 0 # GETX I->M misses
   mGETXSM: 0 # GETX S->M misses (upgrade misses)
   PUTS: 0 # Clean evictions (from lower level)
   PUTX: 0 # Dirty evictions (from lower level)
   INV: 0 # Invalidates (from upper level)
   INVX: 0 # Downgrades (from upper level)
   FWD: 0 # Forwards (from upper level)
   latGETnl: 0 # GET request latency on next level
   latGETnet: 0 # GET request latency on network to next level
 l3: # Cache stats
  l3-0b0: # Cache stats
   hGETS: 601 # GETS hits
   hGETX: 35 # GETX hits
   mGETS: 239667 # GETS misses
   mGETXIM: 15403 # GETX I->M misses
   mGETXSM: 0 # GETX S->M misses (upgrade misses)
   PUTS: 205801 # Clean evictions (from lower level)
   PUTX: 13072 # Dirty evictions (from lower level)
   INV: 0 # Invalidates (from upper level)
   INVX: 0 # Downgrades (from upper level)
   FWD: 0 # Forwards (from upper level)
   latGETnl: 33669240 # GET request latency on next level
   latGETnet: 0 # GET request latency on network to next level
  l3-0b1: # Cache stats
   hGETS: 666 # GETS hits
   hGETX: 49 # GETX hits
   mGETS: 239671 # GETS misses
   mGETXIM: 15304 # GETX I->M misses
   mGETXSM: 0 # GETX S->M misses (upgrade misses)
   PUTS: 205807 # Clean evictions (from lower level)
   PUTX: 13033 # Dirty evictions (from lower level)
   INV: 0 # Invalidates (from upper level)
   INVX: 0 # Downgrades (from upper level)
   FWD: 0 # Forwards (from upper level)
   latGETnl: 33656700 # GET request latency on next level
   latGETnet: 0 # GET request latency on network to next level
  l3-0b2: # Cache stats
   hGETS: 573 # GETS hits
   hGETX: 28 # GETX hits
   mGETS: 239669 # GETS misses
   mGETXIM: 15235 # GETX I->M misses
   mGETXSM: 0 # GETX S->M misses (upgrade misses)
   PUTS: 205607 # Clean evictions (from lower level)
   PUTX: 12851 # Dirty evictions (from lower level)
   INV: 0 # Invalidates (from upper level)
   INVX: 0 # Downgrades (from upper level)
   FWD: 0 # Forwards (from upper level)
   latGETnl: 33647328 # GET request latency on next level
   latGETnet: 0 # GET request latency on network to next level
  l3-0b3: # Cache stats
   hGETS: 669 # GETS hits
   hGETX: 12 # GETX hits
   mGETS: 239671 # GETS misses
   mGETXIM: 15339 # GETX I->M misses
   mGETXSM: 0 # GETX S->M misses (upgrade misses)
   PUTS: 205806 # Clean evictions (from lower level)
   PUTX: 12975 # Dirty evictions (from lower level)
   INV: 0 # Invalidates (from upper level)
   INVX: 0 # Downgrades (from upper level)
   FWD: 0 # Forwards (from upper level)
   latGETnl: 33661320 # GET request latency on next level
   latGETnet: 0 # GET request latency on network to next level
  l3-0b4: # Cache stats
   hGETS: 603 # GETS hits
   hGETX: 11 # GETX hits
   mGETS: 239658 # GETS misses
   mGETXIM: 15403 # GETX I->M misses
   mGETXSM: 0 # GETX S->M misses (upgrade misses)
   PUTS: 205940 # Clean evictions (from lower level)
   PUTX: 13016 # Dirty evictions (from lower level)
   INV: 0 # Invalidates (from upper level)
   INVX: 0 # Downgrades (from upper level)
   FWD: 0 # Forwards (from upper level)
   latGETnl: 33668052 # GET request latency on next level
   latGETnet: 0 # GET request latency on network to next level
  l3-0b5: # Cache stats
   hGETS: 702 # GETS hits
   hGETX: 22 # GETX hits
   mGETS: 239663 # GETS misses
   mGETXIM: 15239 # GETX I->M misses
   mGETXSM: 0 # GETX S->M misses (upgrade misses)
   PUTS: 205903 # Clean evictions (from lower level)
   PUTX: 12869 # Dirty evictions (from lower level)
   INV: 0 # Invalidates (from upper level)
   INVX: 0 # Downgrades (from upper level)
   FWD: 0 # Forwards (from upper level)
   latGETnl: 33647064 # GET request latency on next level
   latGETnet: 0 # GET request latency on network to next level
  l3-0b6: # Cache stats
   hGETS: 640 # GETS hits
   hGETX: 44 # GETX hits
   mGETS: 239661 # GETS misses
   mGETXIM: 15218 # GETX I->M misses
   mGETXSM: 0 # GETX S->M misses (upgrade misses)
   PUTS: 206024 # Clean evictions (from lower level)
   PUTX: 12953 # Dirty evictions (from lower level)
   INV: 0 # Invalidates (from upper level)
   INVX: 0 # Downgrades (from upper level)
   FWD: 0 # Forwards (from upper level)
   latGETnl: 33644028 # GET request latency on next level
   latGETnet: 0 # GET request latency on network to next level
  l3-0b7: # Cache stats
   hGETS: 576 # GETS hits
   hGETX: 37 # GETX hits
   mGETS: 239659 # GETS misses
   mGETXIM: 15277 # GETX I->M misses
   mGETXSM: 0 # GETX S->M misses (upgrade misses)
   PUTS: 205898 # Clean evictions (from lower level)
   PUTX: 12924 # Dirty evictions (from lower level)
   INV: 0 # Invalidates (from upper level)
   INVX: 0 # Downgrades (from upper level)
   FWD: 0 # Forwards (from upper level)
   latGETnl: 33651552 # GET request latency on next level
   latGETnet: 0 # GET request latency on network to next level
  l3-0b8: # Cache stats
   hGETS: 574 # GETS hits
   hGETX: 11 # GETX hits
   mGETS: 239659 # GETS misses
   mGETXIM: 15296 # GETX I->M misses
   mGETXSM: 0 # GETX S->M misses (upgrade misses)
   PUTS: 205848 # Clean evictions (from lower level)
   PUTX: 13019 # Dirty evictions (from lower level)
   INV: 0 # Invalidates (from upper level)
   INVX: 0 # Downgrades (from upper level)
   FWD: 0 # Forwards (from upper level)
   latGETnl: 33654060 # GET request latency on next level
   latGETnet: 0 # GET request latency on network to next level
  l3-0b9: # Cache stats
   hGETS: 550 # GETS hits
   hGETX: 15 # GETX hits
   mGETS: 239666 # GETS misses
   mGETXIM: 15314 # GETX I->M misses
   mGETXSM: 0 # GETX S->M misses (upgrade misses)
   PUTS: 205729 # Clean evictions (from lower level)
   PUTX: 12953 # Dirty evictions (from lower level)
   INV: 0 # Invalidates (from upper level)
   INVX: 0 # Downgrades (from upper level)
   FWD: 0 # Forwards (from upper level)
   latGETnl: 33657360 # GET request latency on next level
   latGETnet: 0 # GET request latency on network to next level
  l3-0b10: # Cache stats
   hGETS: 1378 # GETS hits
   hGETX: 30 # GETX hits
   mGETS: 239664 # GETS misses
   mGETXIM: 15417 # GETX I->M misses
   mGETXSM: 0 # GETX S->M misses (upgrade misses)
   PUTS: 206557 # Clean evictions (from lower level)
   PUTX: 13130 # Dirty evictions (from lower level)
   INV: 0 # Invalidates (from upper level)
   INVX: 0 # Downgrades (from upper level)
   FWD: 0 # Forwards (from upper level)
   latGETnl: 33670692 # GET request latency on next level
   latGETnet: 0 # GET request latency on network to next level
  l3-0b11: # Cache stats
   hGETS: 618 # GETS hits
   hGETX: 29 # GETX hits
   mGETS: 239668 # GETS misses
   mGETXIM: 15371 # GETX I->M misses
   mGETXSM: 0 # GETX S->M misses (upgrade misses)
   PUTS: 206007 # Clean evictions (from lower level)
   PUTX: 13068 # Dirty evictions (from lower level)
   INV: 0 # Invalidates (from upper level)
   INVX: 0 # Downgrades (from upper level)
   FWD: 0 # Forwards (from upper level)
   latGETnl: 33665148 # GET request latency on next level
   latGETnet: 0 # GET request latency on network to next level
  l3-0b12: # Cache stats
   hGETS: 1090 # GETS hits
   hGETX: 35 # GETX hits
   mGETS: 239676 # GETS misses
   mGETXIM: 15315 # GETX I->M misses
   mGETXSM: 0 # GETX S->M misses (upgrade misses)
   PUTS: 206180 # Clean evictions (from lower level)
   PUTX: 13025 # Dirty evictions (from lower level)
   INV: 0 # Invalidates (from upper level)
   INVX: 0 # Downgrades (from upper level)
   FWD: 0 # Forwards (from upper level)
   latGETnl: 33658812 # GET request latency on next level
   latGETnet: 0 # GET request latency on network to next level
  l3-0b13: # Cache stats
   hGETS: 1007 # GETS hits
   hGETX: 40 # GETX hits
   mGETS: 239681 # GETS misses
   mGETXIM: 15337 # GETX I->M misses
   mGETXSM: 0 # GETX S->M misses (upgrade misses)
   PUTS: 206190 # Clean evictions (from lower level)
   PUTX: 13062 # Dirty evictions (from lower level)
   INV: 0 # Invalidates (from upper level)
   INVX: 0 # Downgrades (from upper level)
   FWD: 0 # Forwards (from upper level)
   latGETnl: 33662376 # GET request latency on next level
   latGETnet: 0 # GET request latency on network to next level
  l3-0b14: # Cache stats
   hGETS: 665 # GETS hits
   hGETX: 51 # GETX hits
   mGETS: 239679 # GETS misses
   mGETXIM: 15330 # GETX I->M misses
   mGETXSM: 0 # GETX S->M misses (upgrade misses)
   PUTS: 205918 # Clean evictions (from lower level)
   PUTX: 12941 # Dirty evictions (from lower level)
   INV: 0 # Invalidates (from upper level)
   INVX: 0 # Downgrades (from upper level)
   FWD: 0 # Forwards (from upper level)
   latGETnl: 33661188 # GET request latency on next level
   latGETnet: 0 # GET request latency on network to next level
  l3-0b15: # Cache stats
   hGETS: 1049 # GETS hits
   hGETX: 34 # GETX hits
   mGETS: 239680 # GETS misses
   mGETXIM: 15327 # GETX I->M misses
   mGETXSM: 0 # GETX S->M misses (upgrade misses)
   PUTS: 206171 # Clean evictions (from lower level)
   PUTX: 12913 # Dirty evictions (from lower level)
   INV: 0 # Invalidates (from upper level)
   INVX: 0 # Downgrades (from upper level)
   FWD: 0 # Forwards (from upper level)
   latGETnl: 33660924 # GET request latency on next level
   latGETnet: 0 # GET request latency on network to next level
  l3-0b16: # Cache stats
   hGETS: 371 # GETS hits
   hGETX: 0 # GETX hits
   mGETS: 239586 # GETS misses
   mGETXIM: 15256 # GETX I->M misses
   mGETXSM: 0 # GETX S->M misses (upgrade misses)
   PUTS: 205657 # Clean evictions (from lower level)
   PUTX: 12906 # Dirty evictions (from lower level)
   INV: 0 # Invalidates (from upper level)
   INVX: 0 # Downgrades (from upper level)
   FWD: 0 # Forwards (from upper level)
   latGETnl: 33639144 # GET request latency on next level
   latGETnet: 0 # GET request latency on network to next level
  l3-0b17: # Cache stats
   hGETS: 334 # GETS hits
   hGETX: 4 # GETX hits
   mGETS: 239581 # GETS misses
   mGETXIM: 15334 # GETX I->M misses
   mGETXSM: 0 # GETX S->M misses (upgrade misses)
   PUTS: 205614 # Clean evictions (from lower level)
   PUTX: 12992 # Dirty evictions (from lower level)
   INV: 0 # Invalidates (from upper level)
   INVX: 0 # Downgrades (from upper level)
   FWD: 0 # Forwards (from upper level)
   latGETnl: 33648780 # GET request latency on next level
   latGETnet: 0 # GET request latency on network to next level
  l3-0b18: # Cache stats
   hGETS: 406 # GETS hits
   hGETX: 51 # GETX hits
   mGETS: 239594 # GETS misses
   mGETXIM: 15295 # GETX I->M misses
   mGETXSM: 0 # GETX S->M misses (upgrade misses)
   PUTS: 205555 # Clean evictions (from lower level)
   PUTX: 13022 # Dirty evictions (from lower level)
   INV: 0 # Invalidates (from upper level)
   INVX: 0 # Downgrades (from upper level)
   FWD: 0 # Forwards (from upper level)
   latGETnl: 33645348 # GET request latency on next level
   latGETnet: 0 # GET request latency on network to next level
  l3-0b19: # Cache stats
   hGETS: 350 # GETS hits
   hGETX: 75 # GETX hits
   mGETS: 239583 # GETS misses
   mGETXIM: 15246 # GETX I->M misses
   mGETXSM: 0 # GETX S->M misses (upgrade misses)
   PUTS: 205502 # Clean evictions (from lower level)
   PUTX: 12943 # Dirty evictions (from lower level)
   INV: 0 # Invalidates (from upper level)
   INVX: 0 # Downgrades (from upper level)
   FWD: 0 # Forwards (from upper level)
   latGETnl: 33637428 # GET request latency on next level
   latGETnet: 0 # GET request latency on network to next level
  l3-0b20: # Cache stats
   hGETS: 715 # GETS hits
   hGETX: 26 # GETX hits
   mGETS: 239584 # GETS misses
   mGETXIM: 15233 # GETX I->M misses
   mGETXSM: 0 # GETX S->M misses (upgrade misses)
   PUTS: 205779 # Clean evictions (from lower level)
   PUTX: 12928 # Dirty evictions (from lower level)
   INV: 0 # Invalidates (from upper level)
   INVX: 0 # Downgrades (from upper level)
   FWD: 0 # Forwards (from upper level)
   latGETnl: 33635844 # GET request latency on next level
   latGETnet: 0 # GET request latency on network to next level
  l3-0b21: # Cache stats
   hGETS: 748 # GETS hits
   hGETX: 33 # GETX hits
   mGETS: 239591 # GETS misses
   mGETXIM: 15377 # GETX I->M misses
   mGETXSM: 0 # GETX S->M misses (upgrade misses)
   PUTS: 205886 # Clean evictions (from lower level)
   PUTX: 13056 # Dirty evictions (from lower level)
   INV: 0 # Invalidates (from upper level)
   INVX: 0 # Downgrades (from upper level)
   FWD: 0 # Forwards (from upper level)
   latGETnl: 33655776 # GET request latency on next level
   latGETnet: 0 # GET request latency on network to next level
  l3-0b22: # Cache stats
   hGETS: 721 # GETS hits
   hGETX: 40 # GETX hits
   mGETS: 239585 # GETS misses
   mGETXIM: 15407 # GETX I->M misses
   mGETXSM: 0 # GETX S->M misses (upgrade misses)
   PUTS: 205666 # Clean evictions (from lower level)
   PUTX: 13082 # Dirty evictions (from lower level)
   INV: 0 # Invalidates (from upper level)
   INVX: 0 # Downgrades (from upper level)
   FWD: 0 # Forwards (from upper level)
   latGETnl: 33658944 # GET request latency on next level
   latGETnet: 0 # GET request latency on network to next level
  l3-0b23: # Cache stats
   hGETS: 734 # GETS hits
   hGETX: 31 # GETX hits
   mGETS: 239589 # GETS misses
   mGETXIM: 15347 # GETX I->M misses
   mGETXSM: 0 # GETX S->M misses (upgrade misses)
   PUTS: 205767 # Clean evictions (from lower level)
   PUTX: 13055 # Dirty evictions (from lower level)
   INV: 0 # Invalidates (from upper level)
   INVX: 0 # Downgrades (from upper level)
   FWD: 0 # Forwards (from upper level)
   latGETnl: 33651552 # GET request latency on next level
   latGETnet: 0 # GET request latency on network to next level
 mem: # Memory controller stats
  mem-0: # Memory controller stats
   rd: 6119005 # Read requests
   wr: 336855 # Write requests
   rdlat: 1036676286 # Total latency experienced by read requests
   wrlat: 57943396 # Total latency experienced by write requests
 sched: # Scheduler stats
  thCr: 25 # Threads created
  thFn: 25 # Threads finished
  schedEvs: 28 # Schedule events
  waitEvs: 2 # Wait events
  handoffEvs: 1 # Handoff events
  sleepEvs: 1 # Sleep events
  idlePhases: 0 # Phases with no thread active
  idlePeriods: 0 # Periods with no thread active
  occHist: # Occupancy histogram
   0: 0
   1: 24
   2: 0
   3: 1
   4: 2
   5: 1
   6: 0
   7: 1
   8: 0
   9: 0
   10: 0
   11: 1
   12: 0
   13: 1
   14: 0
   15: 0
   16: 0
   17: 1
   18: 0
   19: 0
   20: 0
   21: 1
   22: 0
   23: 13639
   24: 0
  rqSzHist: # Run queue size histogram
   0: 13649
   1: 23
   2: 0
   3: 0
   4: 0
   5: 0
   6: 0
   7: 0
   8: 0
   9: 0
   10: 0
   11: 0
   12: 0
   13: 0
   14: 0
   15: 0
   16: 0
   17: 0
   18: 0
   19: 0
   20: 0
   21: 0
   22: 0
   23: 0
   24: 0
 procCycles: # Per-process unhalted core cycles
  0: 313808549
  1: 0
  2: 0
  3: 0
  4: 0
  5: 0
  6: 0
  7: 0
  8: 0
  9: 0
  10: 0
  11: 0
  12: 0
  13: 0
  14: 0
  15: 0
  16: 0
  17: 0
  18: 0
  19: 0
  20: 0
  21: 0
  22: 0
  23: 0
  24: 0
  25: 0
  26: 0
  27: 0
  28: 0
  29: 0
  30: 0
  31: 0
  32: 0
  33: 0
  34: 0
  35: 0
  36: 0
  37: 0
  38: 0
  39: 0
  40: 0
  41: 0
  42: 0
  43: 0
  44: 0
  45: 0
  46: 0
  47: 0
  48: 0
  49: 0
  50: 0
  51: 0
  52: 0
  53: 0
  54: 0
  55: 0
  56: 0
  57: 0
  58: 0
  59: 0
  60: 0
  61: 0
  62: 0
  63: 0
 procInstrs: # Per-process instructions
  0: 387045391
  1: 0
  2: 0
  3: 0
  4: 0
  5: 0
  6: 0
  7: 0
  8: 0
  9: 0
  10: 0
  11: 0
  12: 0
  13: 0
  14: 0
  15: 0
  16: 0
  17: 0
  18: 0
  19: 0
  20: 0
  21: 0
  22: 0
  23: 0
  24: 0
  25: 0
  26: 0
  27: 0
  28: 0
  29: 0
  30: 0
  31: 0
  32: 0
  33: 0
  34: 0
  35: 0
  36: 0
  37: 0
  38: 0
  39: 0
  40: 0
  41: 0
  42: 0
  43: 0
  44: 0
  45: 0
  46: 0
  47: 0
  48: 0
  49: 0
  50: 0
  51: 0
  52: 0
  53: 0
  54: 0
  55: 0
  56: 0
  57: 0
  58: 0
  59: 0
  60: 0
  61: 0
  62: 0
  63: 0
 heartbeats: # Per-process heartbeats
  0: 0
  1: 0
  2: 0
  3: 0
  4: 0
  5: 0
  6: 0
  7: 0
  8: 0
  9: 0
  10: 0
  11: 0
  12: 0
  13: 0
  14: 0
  15: 0
  16: 0
  17: 0
  18: 0
  19: 0
  20: 0
  21: 0
  22: 0
  23: 0
  24: 0
  25: 0
  26: 0
  27: 0
  28: 0
  29: 0
  30: 0
  31: 0
  32: 0
  33: 0
  34: 0
  35: 0
  36: 0
  37: 0
  38: 0
  39: 0
  40: 0
  41: 0
  42: 0
  43: 0
  44: 0
  45: 0
  46: 0
  47: 0
  48: 0
  49: 0
  50: 0
  51: 0
  52: 0
  53: 0
  54: 0
  55: 0
  56: 0
  57: 0
  58: 0
  59: 0
  60: 0
  61: 0
  62: 0
  63: 0
===
