# zsim stats
===
root: # Stats
 contention: # Contention simulation stats
  domain-0: # Domain stats
   time: 9623689253 # Weave simulation time
 time: # Simulator time breakdown
  init: 3183745977
  bound: 84735105725
  weave: 12298739751
  ff: 401255
 trigger: 20000 # Reason for this stats dump
 phase: 48847 # Simulated phases
 reqCycles: 0 # Requeue Cycles
 skylake: # Core stats
  skylake-0: # Core stats
   cycles: 48847107 # Simulated unhalted cycles
   cCycles: 3692942 # Cycles due to contention stalls
   instrs: 66245979 # Simulated instructions
   uops: 45654456 # issued micro-ops
   bbls: 21613716 # Basic blocks
   approxInstrs: 812579 # Instrs with approx uop decoding
   mispredBranches: 118226 # Mispredicted branches
   IdqNotDelivered: 45154165 # Stalls no uop delivered when no Bkend Stall
   IntMiscRecoveryCycles: 959219 # Stalls waiting machine clears
   uops executed: 46084673 # Executed microoperations
  skylake-1: # Core stats
   cycles: 48816745 # Simulated unhalted cycles
   cCycles: 3692939 # Cycles due to contention stalls
   instrs: 66244324 # Simulated instructions
   uops: 45652785 # issued micro-ops
   bbls: 21613356 # Basic blocks
   approxInstrs: 812570 # Instrs with approx uop decoding
   mispredBranches: 118196 # Mispredicted branches
   IdqNotDelivered: 45123806 # Stalls no uop delivered when no Bkend Stall
   IntMiscRecoveryCycles: 950915 # Stalls waiting machine clears
   uops executed: 46082998 # Executed microoperations
  skylake-2: # Core stats
   cycles: 48813155 # Simulated unhalted cycles
   cCycles: 3692945 # Cycles due to contention stalls
   instrs: 66242915 # Simulated instructions
   uops: 45651615 # issued micro-ops
   bbls: 21612944 # Basic blocks
   approxInstrs: 812561 # Instrs with approx uop decoding
   mispredBranches: 118190 # Mispredicted branches
   IdqNotDelivered: 45120210 # Stalls no uop delivered when no Bkend Stall
   IntMiscRecoveryCycles: 953040 # Stalls waiting machine clears
   uops executed: 46081911 # Executed microoperations
  skylake-3: # Core stats
   cycles: 48813072 # Simulated unhalted cycles
   cCycles: 3692901 # Cycles due to contention stalls
   instrs: 66244510 # Simulated instructions
   uops: 45652928 # issued micro-ops
   bbls: 21613400 # Basic blocks
   approxInstrs: 812571 # Instrs with approx uop decoding
   mispredBranches: 118187 # Mispredicted branches
   IdqNotDelivered: 45120171 # Stalls no uop delivered when no Bkend Stall
   IntMiscRecoveryCycles: 950165 # Stalls waiting machine clears
   uops executed: 46083208 # Executed microoperations
  skylake-4: # Core stats
   cycles: 48811107 # Simulated unhalted cycles
   cCycles: 3692924 # Cycles due to contention stalls
   instrs: 66244567 # Simulated instructions
   uops: 45652859 # issued micro-ops
   bbls: 21613447 # Basic blocks
   approxInstrs: 812574 # Instrs with approx uop decoding
   mispredBranches: 118191 # Mispredicted branches
   IdqNotDelivered: 45118183 # Stalls no uop delivered when no Bkend Stall
   IntMiscRecoveryCycles: 951286 # Stalls waiting machine clears
   uops executed: 46083075 # Executed microoperations
  skylake-5: # Core stats
   cycles: 48809077 # Simulated unhalted cycles
   cCycles: 3692915 # Cycles due to contention stalls
   instrs: 66244847 # Simulated instructions
   uops: 45653058 # issued micro-ops
   bbls: 21613539 # Basic blocks
   approxInstrs: 812576 # Instrs with approx uop decoding
   mispredBranches: 118192 # Mispredicted branches
   IdqNotDelivered: 45116162 # Stalls no uop delivered when no Bkend Stall
   IntMiscRecoveryCycles: 950938 # Stalls waiting machine clears
   uops executed: 46083272 # Executed microoperations
  skylake-6: # Core stats
   cycles: 48808106 # Simulated unhalted cycles
   cCycles: 3692962 # Cycles due to contention stalls
   instrs: 66244433 # Simulated instructions
   uops: 45652753 # issued micro-ops
   bbls: 21613404 # Basic blocks
   approxInstrs: 812573 # Instrs with approx uop decoding
   mispredBranches: 118183 # Mispredicted branches
   IdqNotDelivered: 45115144 # Stalls no uop delivered when no Bkend Stall
   IntMiscRecoveryCycles: 950085 # Stalls waiting machine clears
   uops executed: 46083069 # Executed microoperations
  skylake-7: # Core stats
   cycles: 48808023 # Simulated unhalted cycles
   cCycles: 3692971 # Cycles due to contention stalls
   instrs: 66244227 # Simulated instructions
   uops: 45652319 # issued micro-ops
   bbls: 21613407 # Basic blocks
   approxInstrs: 812571 # Instrs with approx uop decoding
   mispredBranches: 118185 # Mispredicted branches
   IdqNotDelivered: 45115052 # Stalls no uop delivered when no Bkend Stall
   IntMiscRecoveryCycles: 952109 # Stalls waiting machine clears
   uops executed: 46082571 # Executed microoperations
  skylake-8: # Core stats
   cycles: 48807071 # Simulated unhalted cycles
   cCycles: 3692921 # Cycles due to contention stalls
   instrs: 66243632 # Simulated instructions
   uops: 45651889 # issued micro-ops
   bbls: 21613214 # Basic blocks
   approxInstrs: 812568 # Instrs with approx uop decoding
   mispredBranches: 118176 # Mispredicted branches
   IdqNotDelivered: 45114150 # Stalls no uop delivered when no Bkend Stall
   IntMiscRecoveryCycles: 951593 # Stalls waiting machine clears
   uops executed: 46082186 # Executed microoperations
  skylake-9: # Core stats
   cycles: 48805891 # Simulated unhalted cycles
   cCycles: 3692978 # Cycles due to contention stalls
   instrs: 66244031 # Simulated instructions
   uops: 45652176 # issued micro-ops
   bbls: 21613343 # Basic blocks
   approxInstrs: 812569 # Instrs with approx uop decoding
   mispredBranches: 118182 # Mispredicted branches
   IdqNotDelivered: 45112913 # Stalls no uop delivered when no Bkend Stall
   IntMiscRecoveryCycles: 950832 # Stalls waiting machine clears
   uops executed: 46082442 # Executed microoperations
  skylake-10: # Core stats
   cycles: 48805897 # Simulated unhalted cycles
   cCycles: 3692900 # Cycles due to contention stalls
   instrs: 66244226 # Simulated instructions
   uops: 45652318 # issued micro-ops
   bbls: 21613406 # Basic blocks
   approxInstrs: 812571 # Instrs with approx uop decoding
   mispredBranches: 118185 # Mispredicted branches
   IdqNotDelivered: 45112997 # Stalls no uop delivered when no Bkend Stall
   IntMiscRecoveryCycles: 951739 # Stalls waiting machine clears
   uops executed: 46082570 # Executed microoperations
  skylake-11: # Core stats
   cycles: 48805856 # Simulated unhalted cycles
   cCycles: 3692901 # Cycles due to contention stalls
   instrs: 66243543 # Simulated instructions
   uops: 45652306 # issued micro-ops
   bbls: 21612951 # Basic blocks
   approxInstrs: 812553 # Instrs with approx uop decoding
   mispredBranches: 118194 # Mispredicted branches
   IdqNotDelivered: 45112955 # Stalls no uop delivered when no Bkend Stall
   IntMiscRecoveryCycles: 951558 # Stalls waiting machine clears
   uops executed: 46082631 # Executed microoperations
  skylake-12: # Core stats
   cycles: 48805939 # Simulated unhalted cycles
   cCycles: 3692969 # Cycles due to contention stalls
   instrs: 66244227 # Simulated instructions
   uops: 45652319 # issued micro-ops
   bbls: 21613407 # Basic blocks
   approxInstrs: 812571 # Instrs with approx uop decoding
   mispredBranches: 118185 # Mispredicted branches
   IdqNotDelivered: 45112970 # Stalls no uop delivered when no Bkend Stall
   IntMiscRecoveryCycles: 951933 # Stalls waiting machine clears
   uops executed: 46082571 # Executed microoperations
  skylake-13: # Core stats
   cycles: 48806072 # Simulated unhalted cycles
   cCycles: 3692915 # Cycles due to contention stalls
   instrs: 66220322 # Simulated instructions
   uops: 45637614 # issued micro-ops
   bbls: 21604979 # Basic blocks
   approxInstrs: 812217 # Instrs with approx uop decoding
   mispredBranches: 118239 # Mispredicted branches
   IdqNotDelivered: 45113157 # Stalls no uop delivered when no Bkend Stall
   IntMiscRecoveryCycles: 955045 # Stalls waiting machine clears
   uops executed: 46067802 # Executed microoperations
  skylake-14: # Core stats
   cycles: 48805081 # Simulated unhalted cycles
   cCycles: 3692863 # Cycles due to contention stalls
   instrs: 66243482 # Simulated instructions
   uops: 45651783 # issued micro-ops
   bbls: 21613165 # Basic blocks
   approxInstrs: 812563 # Instrs with approx uop decoding
   mispredBranches: 118173 # Mispredicted branches
   IdqNotDelivered: 45112218 # Stalls no uop delivered when no Bkend Stall
   IntMiscRecoveryCycles: 950469 # Stalls waiting machine clears
   uops executed: 46082088 # Executed microoperations
  skylake-15: # Core stats
   cycles: 48805167 # Simulated unhalted cycles
   cCycles: 3692958 # Cycles due to contention stalls
   instrs: 66244227 # Simulated instructions
   uops: 45652319 # issued micro-ops
   bbls: 21613407 # Basic blocks
   approxInstrs: 812571 # Instrs with approx uop decoding
   mispredBranches: 118185 # Mispredicted branches
   IdqNotDelivered: 45112209 # Stalls no uop delivered when no Bkend Stall
   IntMiscRecoveryCycles: 951690 # Stalls waiting machine clears
   uops executed: 46082571 # Executed microoperations
  skylake-16: # Core stats
   cycles: 48805072 # Simulated unhalted cycles
   cCycles: 3692947 # Cycles due to contention stalls
   instrs: 66244154 # Simulated instructions
   uops: 45652258 # issued micro-ops
   bbls: 21613384 # Basic blocks
   approxInstrs: 812569 # Instrs with approx uop decoding
   mispredBranches: 118182 # Mispredicted branches
   IdqNotDelivered: 45112125 # Stalls no uop delivered when no Bkend Stall
   IntMiscRecoveryCycles: 950852 # Stalls waiting machine clears
   uops executed: 46082524 # Executed microoperations
  skylake-17: # Core stats
   cycles: 48804884 # Simulated unhalted cycles
   cCycles: 3692943 # Cycles due to contention stalls
   instrs: 66244226 # Simulated instructions
   uops: 45652318 # issued micro-ops
   bbls: 21613406 # Basic blocks
   approxInstrs: 812571 # Instrs with approx uop decoding
   mispredBranches: 118185 # Mispredicted branches
   IdqNotDelivered: 45111941 # Stalls no uop delivered when no Bkend Stall
   IntMiscRecoveryCycles: 951211 # Stalls waiting machine clears
   uops executed: 46082570 # Executed microoperations
  skylake-18: # Core stats
   cycles: 48805373 # Simulated unhalted cycles
   cCycles: 3692921 # Cycles due to contention stalls
   instrs: 66244227 # Simulated instructions
   uops: 45652319 # issued micro-ops
   bbls: 21613407 # Basic blocks
   approxInstrs: 812571 # Instrs with approx uop decoding
   mispredBranches: 118185 # Mispredicted branches
   IdqNotDelivered: 45112452 # Stalls no uop delivered when no Bkend Stall
   IntMiscRecoveryCycles: 951416 # Stalls waiting machine clears
   uops executed: 46082571 # Executed microoperations
  skylake-19: # Core stats
   cycles: 48804107 # Simulated unhalted cycles
   cCycles: 3692947 # Cycles due to contention stalls
   instrs: 66243335 # Simulated instructions
   uops: 45651685 # issued micro-ops
   bbls: 21613116 # Basic blocks
   approxInstrs: 812563 # Instrs with approx uop decoding
   mispredBranches: 118175 # Mispredicted branches
   IdqNotDelivered: 45111160 # Stalls no uop delivered when no Bkend Stall
   IntMiscRecoveryCycles: 950293 # Stalls waiting machine clears
   uops executed: 46081983 # Executed microoperations
  skylake-20: # Core stats
   cycles: 48804019 # Simulated unhalted cycles
   cCycles: 3692970 # Cycles due to contention stalls
   instrs: 66244227 # Simulated instructions
   uops: 45652319 # issued micro-ops
   bbls: 21613407 # Basic blocks
   approxInstrs: 812571 # Instrs with approx uop decoding
   mispredBranches: 118185 # Mispredicted branches
   IdqNotDelivered: 45111049 # Stalls no uop delivered when no Bkend Stall
   IntMiscRecoveryCycles: 950868 # Stalls waiting machine clears
   uops executed: 46082571 # Executed microoperations
  skylake-21: # Core stats
   cycles: 48802856 # Simulated unhalted cycles
   cCycles: 3692974 # Cycles due to contention stalls
   instrs: 66241394 # Simulated instructions
   uops: 45650383 # issued micro-ops
   bbls: 21612482 # Basic blocks
   approxInstrs: 812535 # Instrs with approx uop decoding
   mispredBranches: 118176 # Mispredicted branches
   IdqNotDelivered: 45109882 # Stalls no uop delivered when no Bkend Stall
   IntMiscRecoveryCycles: 950941 # Stalls waiting machine clears
   uops executed: 46080634 # Executed microoperations
  skylake-22: # Core stats
   cycles: 48802892 # Simulated unhalted cycles
   cCycles: 3692974 # Cycles due to contention stalls
   instrs: 66242317 # Simulated instructions
   uops: 45651001 # issued micro-ops
   bbls: 21612783 # Basic blocks
   approxInstrs: 812550 # Instrs with approx uop decoding
   mispredBranches: 118179 # Mispredicted branches
   IdqNotDelivered: 45109918 # Stalls no uop delivered when no Bkend Stall
   IntMiscRecoveryCycles: 950975 # Stalls waiting machine clears
   uops executed: 46081261 # Executed microoperations
  skylake-23: # Core stats
   cycles: 0 # Simulated unhalted cycles
   cCycles: 0 # Cycles due to contention stalls
   instrs: 0 # Simulated instructions
   uops: 0 # issued micro-ops
   bbls: 0 # Basic blocks
   approxInstrs: 0 # Instrs with approx uop decoding
   mispredBranches: 0 # Mispredicted branches
   IdqNotDelivered: 0 # Stalls no uop delivered when no Bkend Stall
   IntMiscRecoveryCycles: 0 # Stalls waiting machine clears
   uops executed: 0 # Executed microoperations
 l1d: # Cache stats
  l1d-0: # Filter cache stats
   fhGETS: 954331 # Filtered GETS hits
   fhGETX: 559626 # Filtered GETX hits
   hGETS: 5325 # GETS hits
   hGETX: 10477 # GETX hits
   mGETS: 250263 # GETS misses
   mGETXIM: 97331 # GETX I->M misses
   mGETXSM: 6 # GETX S->M misses (upgrade misses)
   PUTS: 0 # Clean evictions (from lower level)
   PUTX: 0 # Dirty evictions (from lower level)
   INV: 102 # Invalidates (from upper level)
   INVX: 74 # Downgrades (from upper level)
   FWD: 0 # Forwards (from upper level)
   latGETnl: 94507317 # GET request latency on next level
   latGETnet: 0 # GET request latency on network to next level
  l1d-1: # Filter cache stats
   fhGETS: 954009 # Filtered GETS hits
   fhGETX: 559437 # Filtered GETX hits
   hGETS: 5273 # GETS hits
   hGETX: 10448 # GETX hits
   mGETS: 250220 # GETS misses
   mGETXIM: 97293 # GETX I->M misses
   mGETXSM: 9 # GETX S->M misses (upgrade misses)
   PUTS: 0 # Clean evictions (from lower level)
   PUTX: 0 # Dirty evictions (from lower level)
   INV: 85 # Invalidates (from upper level)
   INVX: 45 # Downgrades (from upper level)
   FWD: 0 # Forwards (from upper level)
   latGETnl: 94484892 # GET request latency on next level
   latGETnet: 0 # GET request latency on network to next level
  l1d-2: # Filter cache stats
   fhGETS: 953922 # Filtered GETS hits
   fhGETX: 559382 # Filtered GETX hits
   hGETS: 5224 # GETS hits
   hGETX: 10427 # GETX hits
   mGETS: 250208 # GETS misses
   mGETXIM: 97285 # GETX I->M misses
   mGETXSM: 7 # GETX S->M misses (upgrade misses)
   PUTS: 0 # Clean evictions (from lower level)
   PUTX: 0 # Dirty evictions (from lower level)
   INV: 63 # Invalidates (from upper level)
   INVX: 5 # Downgrades (from upper level)
   FWD: 0 # Forwards (from upper level)
   latGETnl: 94477305 # GET request latency on next level
   latGETnet: 0 # GET request latency on network to next level
  l1d-3: # Filter cache stats
   fhGETS: 954047 # Filtered GETS hits
   fhGETX: 559450 # Filtered GETX hits
   hGETS: 5255 # GETS hits
   hGETX: 10443 # GETX hits
   mGETS: 250218 # GETS misses
   mGETXIM: 97296 # GETX I->M misses
   mGETXSM: 10 # GETX S->M misses (upgrade misses)
   PUTS: 0 # Clean evictions (from lower level)
   PUTX: 0 # Dirty evictions (from lower level)
   INV: 85 # Invalidates (from upper level)
   INVX: 28 # Downgrades (from upper level)
   FWD: 0 # Forwards (from upper level)
   latGETnl: 94480583 # GET request latency on next level
   latGETnet: 0 # GET request latency on network to next level
  l1d-4: # Filter cache stats
   fhGETS: 953983 # Filtered GETS hits
   fhGETX: 559407 # Filtered GETX hits
   hGETS: 5260 # GETS hits
   hGETX: 10456 # GETX hits
   mGETS: 250217 # GETS misses
   mGETXIM: 97291 # GETX I->M misses
   mGETXSM: 7 # GETX S->M misses (upgrade misses)
   PUTS: 0 # Clean evictions (from lower level)
   PUTX: 0 # Dirty evictions (from lower level)
   INV: 81 # Invalidates (from upper level)
   INVX: 26 # Downgrades (from upper level)
   FWD: 0 # Forwards (from upper level)
   latGETnl: 94481483 # GET request latency on next level
   latGETnet: 0 # GET request latency on network to next level
  l1d-5: # Filter cache stats
   fhGETS: 953996 # Filtered GETS hits
   fhGETX: 559406 # Filtered GETX hits
   hGETS: 5261 # GETS hits
   hGETX: 10448 # GETX hits
   mGETS: 250213 # GETS misses
   mGETXIM: 97300 # GETX I->M misses
   mGETXSM: 8 # GETX S->M misses (upgrade misses)
   PUTS: 0 # Clean evictions (from lower level)
   PUTX: 0 # Dirty evictions (from lower level)
   INV: 85 # Invalidates (from upper level)
   INVX: 17 # Downgrades (from upper level)
   FWD: 0 # Forwards (from upper level)
   latGETnl: 94478517 # GET request latency on next level
   latGETnet: 0 # GET request latency on network to next level
  l1d-6: # Filter cache stats
   fhGETS: 953994 # Filtered GETS hits
   fhGETX: 559420 # Filtered GETX hits
   hGETS: 5246 # GETS hits
   hGETX: 10437 # GETX hits
   mGETS: 250214 # GETS misses
   mGETXIM: 97293 # GETX I->M misses
   mGETXSM: 6 # GETX S->M misses (upgrade misses)
   PUTS: 0 # Clean evictions (from lower level)
   PUTX: 0 # Dirty evictions (from lower level)
   INV: 80 # Invalidates (from upper level)
   INVX: 16 # Downgrades (from upper level)
   FWD: 0 # Forwards (from upper level)
   latGETnl: 94478127 # GET request latency on next level
   latGETnet: 0 # GET request latency on network to next level
  l1d-7: # Filter cache stats
   fhGETS: 953863 # Filtered GETS hits
   fhGETX: 558902 # Filtered GETX hits
   hGETS: 5224 # GETS hits
   hGETX: 10852 # GETX hits
   mGETS: 250194 # GETS misses
   mGETXIM: 97290 # GETX I->M misses
   mGETXSM: 6 # GETX S->M misses (upgrade misses)
   PUTS: 0 # Clean evictions (from lower level)
   PUTX: 0 # Dirty evictions (from lower level)
   INV: 68 # Invalidates (from upper level)
   INVX: 5 # Downgrades (from upper level)
   FWD: 0 # Forwards (from upper level)
   latGETnl: 94473825 # GET request latency on next level
   latGETnet: 0 # GET request latency on network to next level
  l1d-8: # Filter cache stats
   fhGETS: 953826 # Filtered GETS hits
   fhGETX: 558889 # Filtered GETX hits
   hGETS: 5243 # GETS hits
   hGETX: 10860 # GETX hits
   mGETS: 250192 # GETS misses
   mGETXIM: 97288 # GETX I->M misses
   mGETXSM: 4 # GETX S->M misses (upgrade misses)
   PUTS: 0 # Clean evictions (from lower level)
   PUTX: 0 # Dirty evictions (from lower level)
   INV: 64 # Invalidates (from upper level)
   INVX: 16 # Downgrades (from upper level)
   FWD: 0 # Forwards (from upper level)
   latGETnl: 94476286 # GET request latency on next level
   latGETnet: 0 # GET request latency on network to next level
  l1d-9: # Filter cache stats
   fhGETS: 953848 # Filtered GETS hits
   fhGETX: 558904 # Filtered GETX hits
   hGETS: 5231 # GETS hits
   hGETX: 10846 # GETX hits
   mGETS: 250192 # GETS misses
   mGETXIM: 97292 # GETX I->M misses
   mGETXSM: 7 # GETX S->M misses (upgrade misses)
   PUTS: 0 # Clean evictions (from lower level)
   PUTX: 0 # Dirty evictions (from lower level)
   INV: 70 # Invalidates (from upper level)
   INVX: 12 # Downgrades (from upper level)
   FWD: 0 # Forwards (from upper level)
   latGETnl: 94474336 # GET request latency on next level
   latGETnet: 0 # GET request latency on network to next level
  l1d-10: # Filter cache stats
   fhGETS: 953847 # Filtered GETS hits
   fhGETX: 558898 # Filtered GETX hits
   hGETS: 5239 # GETS hits
   hGETX: 10863 # GETX hits
   mGETS: 250195 # GETS misses
   mGETXIM: 97284 # GETX I->M misses
   mGETXSM: 5 # GETX S->M misses (upgrade misses)
   PUTS: 0 # Clean evictions (from lower level)
   PUTX: 0 # Dirty evictions (from lower level)
   INV: 63 # Invalidates (from upper level)
   INVX: 11 # Downgrades (from upper level)
   FWD: 0 # Forwards (from upper level)
   latGETnl: 94475161 # GET request latency on next level
   latGETnet: 0 # GET request latency on network to next level
  l1d-11: # Filter cache stats
   fhGETS: 954098 # Filtered GETS hits
   fhGETX: 559470 # Filtered GETX hits
   hGETS: 5302 # GETS hits
   hGETX: 10436 # GETX hits
   mGETS: 250205 # GETS misses
   mGETXIM: 97306 # GETX I->M misses
   mGETXSM: 12 # GETX S->M misses (upgrade misses)
   PUTS: 0 # Clean evictions (from lower level)
   PUTX: 0 # Dirty evictions (from lower level)
   INV: 78 # Invalidates (from upper level)
   INVX: 16 # Downgrades (from upper level)
   FWD: 0 # Forwards (from upper level)
   latGETnl: 94479946 # GET request latency on next level
   latGETnet: 0 # GET request latency on network to next level
  l1d-12: # Filter cache stats
   fhGETS: 953849 # Filtered GETS hits
   fhGETX: 558907 # Filtered GETX hits
   hGETS: 5239 # GETS hits
   hGETX: 10846 # GETX hits
   mGETS: 250193 # GETS misses
   mGETXIM: 97291 # GETX I->M misses
   mGETXSM: 6 # GETX S->M misses (upgrade misses)
   PUTS: 0 # Clean evictions (from lower level)
   PUTX: 0 # Dirty evictions (from lower level)
   INV: 66 # Invalidates (from upper level)
   INVX: 8 # Downgrades (from upper level)
   FWD: 0 # Forwards (from upper level)
   latGETnl: 94474641 # GET request latency on next level
   latGETnet: 0 # GET request latency on network to next level
  l1d-13: # Filter cache stats
   fhGETS: 954785 # Filtered GETS hits
   fhGETX: 559189 # Filtered GETX hits
   hGETS: 5563 # GETS hits
   hGETX: 10923 # GETX hits
   mGETS: 250159 # GETS misses
   mGETXIM: 97259 # GETX I->M misses
   mGETXSM: 15 # GETX S->M misses (upgrade misses)
   PUTS: 0 # Clean evictions (from lower level)
   PUTX: 0 # Dirty evictions (from lower level)
   INV: 67 # Invalidates (from upper level)
   INVX: 15 # Downgrades (from upper level)
   FWD: 0 # Forwards (from upper level)
   latGETnl: 94450122 # GET request latency on next level
   latGETnet: 0 # GET request latency on network to next level
  l1d-14: # Filter cache stats
   fhGETS: 953833 # Filtered GETS hits
   fhGETX: 558888 # Filtered GETX hits
   hGETS: 5229 # GETS hits
   hGETX: 10865 # GETX hits
   mGETS: 250193 # GETS misses
   mGETXIM: 97282 # GETX I->M misses
   mGETXSM: 5 # GETX S->M misses (upgrade misses)
   PUTS: 0 # Clean evictions (from lower level)
   PUTX: 0 # Dirty evictions (from lower level)
   INV: 63 # Invalidates (from upper level)
   INVX: 9 # Downgrades (from upper level)
   FWD: 0 # Forwards (from upper level)
   latGETnl: 94475240 # GET request latency on next level
   latGETnet: 0 # GET request latency on network to next level
  l1d-15: # Filter cache stats
   fhGETS: 953854 # Filtered GETS hits
   fhGETX: 558904 # Filtered GETX hits
   hGETS: 5231 # GETS hits
   hGETX: 10853 # GETX hits
   mGETS: 250196 # GETS misses
   mGETXIM: 97287 # GETX I->M misses
   mGETXSM: 6 # GETX S->M misses (upgrade misses)
   PUTS: 0 # Clean evictions (from lower level)
   PUTX: 0 # Dirty evictions (from lower level)
   INV: 67 # Invalidates (from upper level)
   INVX: 7 # Downgrades (from upper level)
   FWD: 0 # Forwards (from upper level)
   latGETnl: 94474313 # GET request latency on next level
   latGETnet: 0 # GET request latency on network to next level
  l1d-16: # Filter cache stats
   fhGETS: 953857 # Filtered GETS hits
   fhGETX: 558907 # Filtered GETX hits
   hGETS: 5221 # GETS hits
   hGETX: 10848 # GETX hits
   mGETS: 250193 # GETS misses
   mGETXIM: 97288 # GETX I->M misses
   mGETXSM: 6 # GETX S->M misses (upgrade misses)
   PUTS: 0 # Clean evictions (from lower level)
   PUTX: 0 # Dirty evictions (from lower level)
   INV: 65 # Invalidates (from upper level)
   INVX: 3 # Downgrades (from upper level)
   FWD: 0 # Forwards (from upper level)
   latGETnl: 94472841 # GET request latency on next level
   latGETnet: 0 # GET request latency on network to next level
  l1d-17: # Filter cache stats
   fhGETS: 953861 # Filtered GETS hits
   fhGETX: 559333 # Filtered GETX hits
   hGETS: 5223 # GETS hits
   hGETX: 10427 # GETX hits
   mGETS: 250197 # GETS misses
   mGETXIM: 97284 # GETX I->M misses
   mGETXSM: 6 # GETX S->M misses (upgrade misses)
   PUTS: 0 # Clean evictions (from lower level)
   PUTX: 0 # Dirty evictions (from lower level)
   INV: 65 # Invalidates (from upper level)
   INVX: 2 # Downgrades (from upper level)
   FWD: 0 # Forwards (from upper level)
   latGETnl: 94473460 # GET request latency on next level
   latGETnet: 0 # GET request latency on network to next level
  l1d-18: # Filter cache stats
   fhGETS: 953859 # Filtered GETS hits
   fhGETX: 559329 # Filtered GETX hits
   hGETS: 5228 # GETS hits
   hGETX: 10425 # GETX hits
   mGETS: 250194 # GETS misses
   mGETXIM: 97290 # GETX I->M misses
   mGETXSM: 6 # GETX S->M misses (upgrade misses)
   PUTS: 0 # Clean evictions (from lower level)
   PUTX: 0 # Dirty evictions (from lower level)
   INV: 66 # Invalidates (from upper level)
   INVX: 3 # Downgrades (from upper level)
   FWD: 0 # Forwards (from upper level)
   latGETnl: 94474163 # GET request latency on next level
   latGETnet: 0 # GET request latency on network to next level
  l1d-19: # Filter cache stats
   fhGETS: 953818 # Filtered GETS hits
   fhGETX: 558880 # Filtered GETX hits
   hGETS: 5243 # GETS hits
   hGETX: 10876 # GETX hits
   mGETS: 250194 # GETS misses
   mGETXIM: 97280 # GETX I->M misses
   mGETXSM: 4 # GETX S->M misses (upgrade misses)
   PUTS: 0 # Clean evictions (from lower level)
   PUTX: 0 # Dirty evictions (from lower level)
   INV: 61 # Invalidates (from upper level)
   INVX: 2 # Downgrades (from upper level)
   FWD: 0 # Forwards (from upper level)
   latGETnl: 94472545 # GET request latency on next level
   latGETnet: 0 # GET request latency on network to next level
  l1d-20: # Filter cache stats
   fhGETS: 953859 # Filtered GETS hits
   fhGETX: 558904 # Filtered GETX hits
   hGETS: 5223 # GETS hits
   hGETX: 10857 # GETX hits
   mGETS: 250199 # GETS misses
   mGETXIM: 97284 # GETX I->M misses
   mGETXSM: 5 # GETX S->M misses (upgrade misses)
   PUTS: 0 # Clean evictions (from lower level)
   PUTX: 0 # Dirty evictions (from lower level)
   INV: 67 # Invalidates (from upper level)
   INVX: 1 # Downgrades (from upper level)
   FWD: 0 # Forwards (from upper level)
   latGETnl: 94473268 # GET request latency on next level
   latGETnet: 0 # GET request latency on network to next level
  l1d-21: # Filter cache stats
   fhGETS: 953826 # Filtered GETS hits
   fhGETX: 559319 # Filtered GETX hits
   hGETS: 5217 # GETS hits
   hGETX: 10421 # GETX hits
   mGETS: 250186 # GETS misses
   mGETXIM: 97284 # GETX I->M misses
   mGETXSM: 6 # GETX S->M misses (upgrade misses)
   PUTS: 0 # Clean evictions (from lower level)
   PUTX: 0 # Dirty evictions (from lower level)
   INV: 66 # Invalidates (from upper level)
   INVX: 5 # Downgrades (from upper level)
   FWD: 0 # Forwards (from upper level)
   latGETnl: 94470482 # GET request latency on next level
   latGETnet: 0 # GET request latency on network to next level
  l1d-22: # Filter cache stats
   fhGETS: 953805 # Filtered GETS hits
   fhGETX: 559314 # Filtered GETX hits
   hGETS: 5246 # GETS hits
   hGETX: 10430 # GETX hits
   mGETS: 250186 # GETS misses
   mGETXIM: 97288 # GETX I->M misses
   mGETXSM: 5 # GETX S->M misses (upgrade misses)
   PUTS: 0 # Clean evictions (from lower level)
   PUTX: 0 # Dirty evictions (from lower level)
   INV: 67 # Invalidates (from upper level)
   INVX: 2 # Downgrades (from upper level)
   FWD: 0 # Forwards (from upper level)
   latGETnl: 94470370 # GET request latency on next level
   latGETnet: 0 # GET request latency on network to next level
  l1d-23: # Filter cache stats
   fhGETS: 0 # Filtered GETS hits
   fhGETX: 0 # Filtered GETX hits
   hGETS: 0 # GETS hits
   hGETX: 0 # GETX hits
   mGETS: 0 # GETS misses
   mGETXIM: 0 # GETX I->M misses
   mGETXSM: 0 # GETX S->M misses (upgrade misses)
   PUTS: 0 # Clean evictions (from lower level)
   PUTX: 0 # Dirty evictions (from lower level)
   INV: 0 # Invalidates (from upper level)
   INVX: 0 # Downgrades (from upper level)
   FWD: 0 # Forwards (from upper level)
   latGETnl: 0 # GET request latency on next level
   latGETnet: 0 # GET request latency on network to next level
 l1i: # Cache stats
  l1i-0: # Filter cache stats
   fhGETS: 22300901 # Filtered GETS hits
   fhGETX: 0 # Filtered GETX hits
   hGETS: 50 # GETS hits
   hGETX: 0 # GETX hits
   mGETS: 772 # GETS misses
   mGETXIM: 0 # GETX I->M misses
   mGETXSM: 0 # GETX S->M misses (upgrade misses)
   PUTS: 0 # Clean evictions (from lower level)
   PUTX: 0 # Dirty evictions (from lower level)
   INV: 749 # Invalidates (from upper level)
   INVX: 0 # Downgrades (from upper level)
   FWD: 0 # Forwards (from upper level)
   latGETnl: 73409 # GET request latency on next level
   latGETnet: 0 # GET request latency on network to next level
  l1i-1: # Filter cache stats
   fhGETS: 22300579 # Filtered GETS hits
   fhGETX: 0 # Filtered GETX hits
   hGETS: 36 # GETS hits
   hGETX: 0 # GETX hits
   mGETS: 702 # GETS misses
   mGETXIM: 0 # GETX I->M misses
   mGETXSM: 0 # GETX S->M misses (upgrade misses)
   PUTS: 0 # Clean evictions (from lower level)
   PUTX: 0 # Dirty evictions (from lower level)
   INV: 679 # Invalidates (from upper level)
   INVX: 0 # Downgrades (from upper level)
   FWD: 0 # Forwards (from upper level)
   latGETnl: 39969 # GET request latency on next level
   latGETnet: 0 # GET request latency on network to next level
  l1i-2: # Filter cache stats
   fhGETS: 22300124 # Filtered GETS hits
   fhGETX: 0 # Filtered GETX hits
   hGETS: 33 # GETS hits
   hGETX: 0 # GETX hits
   mGETS: 713 # GETS misses
   mGETXIM: 0 # GETX I->M misses
   mGETXSM: 0 # GETX S->M misses (upgrade misses)
   PUTS: 0 # Clean evictions (from lower level)
   PUTX: 0 # Dirty evictions (from lower level)
   INV: 690 # Invalidates (from upper level)
   INVX: 0 # Downgrades (from upper level)
   FWD: 0 # Forwards (from upper level)
   latGETnl: 44086 # GET request latency on next level
   latGETnet: 0 # GET request latency on network to next level
  l1i-3: # Filter cache stats
   fhGETS: 22300623 # Filtered GETS hits
   fhGETX: 0 # Filtered GETX hits
   hGETS: 38 # GETS hits
   hGETX: 0 # GETX hits
   mGETS: 677 # GETS misses
   mGETXIM: 0 # GETX I->M misses
   mGETXSM: 0 # GETX S->M misses (upgrade misses)
   PUTS: 0 # Clean evictions (from lower level)
   PUTX: 0 # Dirty evictions (from lower level)
   INV: 654 # Invalidates (from upper level)
   INVX: 0 # Downgrades (from upper level)
   FWD: 0 # Forwards (from upper level)
   latGETnl: 37219 # GET request latency on next level
   latGETnet: 0 # GET request latency on network to next level
  l1i-4: # Filter cache stats
   fhGETS: 22300664 # Filtered GETS hits
   fhGETX: 0 # Filtered GETX hits
   hGETS: 43 # GETS hits
   hGETX: 0 # GETX hits
   mGETS: 685 # GETS misses
   mGETXIM: 0 # GETX I->M misses
   mGETXSM: 0 # GETX S->M misses (upgrade misses)
   PUTS: 0 # Clean evictions (from lower level)
   PUTX: 0 # Dirty evictions (from lower level)
   INV: 662 # Invalidates (from upper level)
   INVX: 0 # Downgrades (from upper level)
   FWD: 0 # Forwards (from upper level)
   latGETnl: 36020 # GET request latency on next level
   latGETnet: 0 # GET request latency on network to next level
  l1i-5: # Filter cache stats
   fhGETS: 22300793 # Filtered GETS hits
   fhGETX: 0 # Filtered GETX hits
   hGETS: 29 # GETS hits
   hGETX: 0 # GETX hits
   mGETS: 692 # GETS misses
   mGETXIM: 0 # GETX I->M misses
   mGETXSM: 0 # GETX S->M misses (upgrade misses)
   PUTS: 0 # Clean evictions (from lower level)
   PUTX: 0 # Dirty evictions (from lower level)
   INV: 663 # Invalidates (from upper level)
   INVX: 0 # Downgrades (from upper level)
   FWD: 0 # Forwards (from upper level)
   latGETnl: 32749 # GET request latency on next level
   latGETnet: 0 # GET request latency on network to next level
  l1i-6: # Filter cache stats
   fhGETS: 22300622 # Filtered GETS hits
   fhGETX: 0 # Filtered GETX hits
   hGETS: 30 # GETS hits
   hGETX: 0 # GETX hits
   mGETS: 682 # GETS misses
   mGETXIM: 0 # GETX I->M misses
   mGETXSM: 0 # GETX S->M misses (upgrade misses)
   PUTS: 0 # Clean evictions (from lower level)
   PUTX: 0 # Dirty evictions (from lower level)
   INV: 659 # Invalidates (from upper level)
   INVX: 0 # Downgrades (from upper level)
   FWD: 0 # Forwards (from upper level)
   latGETnl: 32729 # GET request latency on next level
   latGETnet: 0 # GET request latency on network to next level
  l1i-7: # Filter cache stats
   fhGETS: 22300616 # Filtered GETS hits
   fhGETX: 0 # Filtered GETX hits
   hGETS: 29 # GETS hits
   hGETX: 0 # GETX hits
   mGETS: 669 # GETS misses
   mGETXIM: 0 # GETX I->M misses
   mGETXSM: 0 # GETX S->M misses (upgrade misses)
   PUTS: 0 # Clean evictions (from lower level)
   PUTX: 0 # Dirty evictions (from lower level)
   INV: 640 # Invalidates (from upper level)
   INVX: 0 # Downgrades (from upper level)
   FWD: 0 # Forwards (from upper level)
   latGETnl: 37068 # GET request latency on next level
   latGETnet: 0 # GET request latency on network to next level
  l1i-8: # Filter cache stats
   fhGETS: 22300417 # Filtered GETS hits
   fhGETX: 0 # Filtered GETX hits
   hGETS: 30 # GETS hits
   hGETX: 0 # GETX hits
   mGETS: 663 # GETS misses
   mGETXIM: 0 # GETX I->M misses
   mGETXSM: 0 # GETX S->M misses (upgrade misses)
   PUTS: 0 # Clean evictions (from lower level)
   PUTX: 0 # Dirty evictions (from lower level)
   INV: 640 # Invalidates (from upper level)
   INVX: 0 # Downgrades (from upper level)
   FWD: 0 # Forwards (from upper level)
   latGETnl: 35211 # GET request latency on next level
   latGETnet: 0 # GET request latency on network to next level
  l1i-9: # Filter cache stats
   fhGETS: 22300562 # Filtered GETS hits
   fhGETX: 0 # Filtered GETX hits
   hGETS: 30 # GETS hits
   hGETX: 0 # GETX hits
   mGETS: 669 # GETS misses
   mGETXIM: 0 # GETX I->M misses
   mGETXSM: 0 # GETX S->M misses (upgrade misses)
   PUTS: 0 # Clean evictions (from lower level)
   PUTX: 0 # Dirty evictions (from lower level)
   INV: 646 # Invalidates (from upper level)
   INVX: 0 # Downgrades (from upper level)
   FWD: 0 # Forwards (from upper level)
   latGETnl: 34593 # GET request latency on next level
   latGETnet: 0 # GET request latency on network to next level
  l1i-10: # Filter cache stats
   fhGETS: 22300644 # Filtered GETS hits
   fhGETX: 0 # Filtered GETX hits
   hGETS: 30 # GETS hits
   hGETX: 0 # GETX hits
   mGETS: 675 # GETS misses
   mGETXIM: 0 # GETX I->M misses
   mGETXSM: 0 # GETX S->M misses (upgrade misses)
   PUTS: 0 # Clean evictions (from lower level)
   PUTX: 0 # Dirty evictions (from lower level)
   INV: 647 # Invalidates (from upper level)
   INVX: 0 # Downgrades (from upper level)
   FWD: 0 # Forwards (from upper level)
   latGETnl: 33525 # GET request latency on next level
   latGETnet: 0 # GET request latency on network to next level
  l1i-11: # Filter cache stats
   fhGETS: 22300141 # Filtered GETS hits
   fhGETX: 0 # Filtered GETX hits
   hGETS: 136 # GETS hits
   hGETX: 0 # GETX hits
   mGETS: 671 # GETS misses
   mGETXIM: 0 # GETX I->M misses
   mGETXSM: 0 # GETX S->M misses (upgrade misses)
   PUTS: 0 # Clean evictions (from lower level)
   PUTX: 0 # Dirty evictions (from lower level)
   INV: 648 # Invalidates (from upper level)
   INVX: 0 # Downgrades (from upper level)
   FWD: 0 # Forwards (from upper level)
   latGETnl: 32887 # GET request latency on next level
   latGETnet: 0 # GET request latency on network to next level
  l1i-12: # Filter cache stats
   fhGETS: 22300619 # Filtered GETS hits
   fhGETX: 0 # Filtered GETX hits
   hGETS: 30 # GETS hits
   hGETX: 0 # GETX hits
   mGETS: 677 # GETS misses
   mGETXIM: 0 # GETX I->M misses
   mGETXSM: 0 # GETX S->M misses (upgrade misses)
   PUTS: 0 # Clean evictions (from lower level)
   PUTX: 0 # Dirty evictions (from lower level)
   INV: 649 # Invalidates (from upper level)
   INVX: 0 # Downgrades (from upper level)
   FWD: 0 # Forwards (from upper level)
   latGETnl: 34744 # GET request latency on next level
   latGETnet: 0 # GET request latency on network to next level
  l1i-13: # Filter cache stats
   fhGETS: 22292184 # Filtered GETS hits
   fhGETX: 0 # Filtered GETX hits
   hGETS: 181 # GETS hits
   hGETX: 0 # GETX hits
   mGETS: 741 # GETS misses
   mGETXIM: 0 # GETX I->M misses
   mGETXSM: 0 # GETX S->M misses (upgrade misses)
   PUTS: 0 # Clean evictions (from lower level)
   PUTX: 0 # Dirty evictions (from lower level)
   INV: 718 # Invalidates (from upper level)
   INVX: 0 # Downgrades (from upper level)
   FWD: 0 # Forwards (from upper level)
   latGETnl: 45627 # GET request latency on next level
   latGETnet: 0 # GET request latency on network to next level
  l1i-14: # Filter cache stats
   fhGETS: 22300340 # Filtered GETS hits
   fhGETX: 0 # Filtered GETX hits
   hGETS: 30 # GETS hits
   hGETX: 0 # GETX hits
   mGETS: 661 # GETS misses
   mGETXIM: 0 # GETX I->M misses
   mGETXSM: 0 # GETX S->M misses (upgrade misses)
   PUTS: 0 # Clean evictions (from lower level)
   PUTX: 0 # Dirty evictions (from lower level)
   INV: 638 # Invalidates (from upper level)
   INVX: 0 # Downgrades (from upper level)
   FWD: 0 # Forwards (from upper level)
   latGETnl: 33092 # GET request latency on next level
   latGETnet: 0 # GET request latency on network to next level
  l1i-15: # Filter cache stats
   fhGETS: 22300644 # Filtered GETS hits
   fhGETX: 0 # Filtered GETX hits
   hGETS: 30 # GETS hits
   hGETX: 0 # GETX hits
   mGETS: 675 # GETS misses
   mGETXIM: 0 # GETX I->M misses
   mGETXSM: 0 # GETX S->M misses (upgrade misses)
   PUTS: 0 # Clean evictions (from lower level)
   PUTX: 0 # Dirty evictions (from lower level)
   INV: 646 # Invalidates (from upper level)
   INVX: 0 # Downgrades (from upper level)
   FWD: 0 # Forwards (from upper level)
   latGETnl: 33075 # GET request latency on next level
   latGETnet: 0 # GET request latency on network to next level
  l1i-16: # Filter cache stats
   fhGETS: 22300609 # Filtered GETS hits
   fhGETX: 0 # Filtered GETX hits
   hGETS: 30 # GETS hits
   hGETX: 0 # GETX hits
   mGETS: 673 # GETS misses
   mGETXIM: 0 # GETX I->M misses
   mGETXSM: 0 # GETX S->M misses (upgrade misses)
   PUTS: 0 # Clean evictions (from lower level)
   PUTX: 0 # Dirty evictions (from lower level)
   INV: 650 # Invalidates (from upper level)
   INVX: 0 # Downgrades (from upper level)
   FWD: 0 # Forwards (from upper level)
   latGETnl: 32306 # GET request latency on next level
   latGETnet: 0 # GET request latency on network to next level
  l1i-17: # Filter cache stats
   fhGETS: 22300644 # Filtered GETS hits
   fhGETX: 0 # Filtered GETX hits
   hGETS: 30 # GETS hits
   hGETX: 0 # GETX hits
   mGETS: 678 # GETS misses
   mGETXIM: 0 # GETX I->M misses
   mGETXSM: 0 # GETX S->M misses (upgrade misses)
   PUTS: 0 # Clean evictions (from lower level)
   PUTX: 0 # Dirty evictions (from lower level)
   INV: 650 # Invalidates (from upper level)
   INVX: 0 # Downgrades (from upper level)
   FWD: 0 # Forwards (from upper level)
   latGETnl: 32766 # GET request latency on next level
   latGETnet: 0 # GET request latency on network to next level
  l1i-18: # Filter cache stats
   fhGETS: 22300641 # Filtered GETS hits
   fhGETX: 0 # Filtered GETX hits
   hGETS: 30 # GETS hits
   hGETX: 0 # GETX hits
   mGETS: 677 # GETS misses
   mGETXIM: 0 # GETX I->M misses
   mGETXSM: 0 # GETX S->M misses (upgrade misses)
   PUTS: 0 # Clean evictions (from lower level)
   PUTX: 0 # Dirty evictions (from lower level)
   INV: 650 # Invalidates (from upper level)
   INVX: 0 # Downgrades (from upper level)
   FWD: 0 # Forwards (from upper level)
   latGETnl: 32944 # GET request latency on next level
   latGETnet: 0 # GET request latency on network to next level
  l1i-19: # Filter cache stats
   fhGETS: 22300320 # Filtered GETS hits
   fhGETX: 0 # Filtered GETX hits
   hGETS: 30 # GETS hits
   hGETX: 0 # GETX hits
   mGETS: 663 # GETS misses
   mGETXIM: 0 # GETX I->M misses
   mGETXSM: 0 # GETX S->M misses (upgrade misses)
   PUTS: 0 # Clean evictions (from lower level)
   PUTX: 0 # Dirty evictions (from lower level)
   INV: 640 # Invalidates (from upper level)
   INVX: 0 # Downgrades (from upper level)
   FWD: 0 # Forwards (from upper level)
   latGETnl: 32061 # GET request latency on next level
   latGETnet: 0 # GET request latency on network to next level
  l1i-20: # Filter cache stats
   fhGETS: 22300641 # Filtered GETS hits
   fhGETX: 0 # Filtered GETX hits
   hGETS: 30 # GETS hits
   hGETX: 0 # GETX hits
   mGETS: 675 # GETS misses
   mGETXIM: 0 # GETX I->M misses
   mGETXSM: 0 # GETX S->M misses (upgrade misses)
   PUTS: 0 # Clean evictions (from lower level)
   PUTX: 0 # Dirty evictions (from lower level)
   INV: 646 # Invalidates (from upper level)
   INVX: 0 # Downgrades (from upper level)
   FWD: 0 # Forwards (from upper level)
   latGETnl: 31725 # GET request latency on next level
   latGETnet: 0 # GET request latency on network to next level
  l1i-21: # Filter cache stats
   fhGETS: 22299659 # Filtered GETS hits
   fhGETX: 0 # Filtered GETX hits
   hGETS: 43 # GETS hits
   hGETX: 0 # GETX hits
   mGETS: 674 # GETS misses
   mGETXIM: 0 # GETX I->M misses
   mGETXSM: 0 # GETX S->M misses (upgrade misses)
   PUTS: 0 # Clean evictions (from lower level)
   PUTX: 0 # Dirty evictions (from lower level)
   INV: 651 # Invalidates (from upper level)
   INVX: 0 # Downgrades (from upper level)
   FWD: 0 # Forwards (from upper level)
   latGETnl: 32353 # GET request latency on next level
   latGETnet: 0 # GET request latency on network to next level
  l1i-22: # Filter cache stats
   fhGETS: 22299994 # Filtered GETS hits
   fhGETX: 0 # Filtered GETX hits
   hGETS: 30 # GETS hits
   hGETX: 0 # GETX hits
   mGETS: 673 # GETS misses
   mGETXIM: 0 # GETX I->M misses
   mGETXSM: 0 # GETX S->M misses (upgrade misses)
   PUTS: 0 # Clean evictions (from lower level)
   PUTX: 0 # Dirty evictions (from lower level)
   INV: 650 # Invalidates (from upper level)
   INVX: 0 # Downgrades (from upper level)
   FWD: 0 # Forwards (from upper level)
   latGETnl: 31856 # GET request latency on next level
   latGETnet: 0 # GET request latency on network to next level
  l1i-23: # Filter cache stats
   fhGETS: 0 # Filtered GETS hits
   fhGETX: 0 # Filtered GETX hits
   hGETS: 0 # GETS hits
   hGETX: 0 # GETX hits
   mGETS: 0 # GETS misses
   mGETXIM: 0 # GETX I->M misses
   mGETXSM: 0 # GETX S->M misses (upgrade misses)
   PUTS: 0 # Clean evictions (from lower level)
   PUTX: 0 # Dirty evictions (from lower level)
   INV: 0 # Invalidates (from upper level)
   INVX: 0 # Downgrades (from upper level)
   FWD: 0 # Forwards (from upper level)
   latGETnl: 0 # GET request latency on next level
   latGETnet: 0 # GET request latency on network to next level
 l2: # Cache stats
  l2-0: # Cache stats
   hGETS: 0 # GETS hits
   hGETX: 0 # GETX hits
   mGETS: 251035 # GETS misses
   mGETXIM: 97331 # GETX I->M misses
   mGETXSM: 6 # GETX S->M misses (upgrade misses)
   PUTS: 249839 # Clean evictions (from lower level)
   PUTX: 97141 # Dirty evictions (from lower level)
   INV: 26383 # Invalidates (from upper level)
   INVX: 75 # Downgrades (from upper level)
   FWD: 0 # Forwards (from upper level)
   latGETnl: 91097006 # GET request latency on next level
   latGETnet: 0 # GET request latency on network to next level
  l2-1: # Cache stats
   hGETS: 0 # GETS hits
   hGETX: 0 # GETX hits
   mGETS: 250922 # GETS misses
   mGETXIM: 97293 # GETX I->M misses
   mGETXSM: 9 # GETX S->M misses (upgrade misses)
   PUTS: 249801 # Clean evictions (from lower level)
   PUTX: 97115 # Dirty evictions (from lower level)
   INV: 30390 # Invalidates (from upper level)
   INVX: 45 # Downgrades (from upper level)
   FWD: 0 # Forwards (from upper level)
   latGETnl: 91042621 # GET request latency on next level
   latGETnet: 0 # GET request latency on network to next level
  l2-2: # Cache stats
   hGETS: 0 # GETS hits
   hGETX: 0 # GETX hits
   mGETS: 250921 # GETS misses
   mGETXIM: 97285 # GETX I->M misses
   mGETXSM: 7 # GETX S->M misses (upgrade misses)
   PUTS: 249795 # Clean evictions (from lower level)
   PUTX: 97123 # Dirty evictions (from lower level)
   INV: 31004 # Invalidates (from upper level)
   INVX: 5 # Downgrades (from upper level)
   FWD: 0 # Forwards (from upper level)
   latGETnl: 91039261 # GET request latency on next level
   latGETnet: 0 # GET request latency on network to next level
  l2-3: # Cache stats
   hGETS: 0 # GETS hits
   hGETX: 0 # GETX hits
   mGETS: 250895 # GETS misses
   mGETXIM: 97296 # GETX I->M misses
   mGETXSM: 10 # GETX S->M misses (upgrade misses)
   PUTS: 249798 # Clean evictions (from lower level)
   PUTX: 97119 # Dirty evictions (from lower level)
   INV: 20977 # Invalidates (from upper level)
   INVX: 28 # Downgrades (from upper level)
   FWD: 0 # Forwards (from upper level)
   latGETnl: 91035792 # GET request latency on next level
   latGETnet: 0 # GET request latency on network to next level
  l2-4: # Cache stats
   hGETS: 0 # GETS hits
   hGETX: 0 # GETX hits
   mGETS: 250902 # GETS misses
   mGETXIM: 97291 # GETX I->M misses
   mGETXSM: 7 # GETX S->M misses (upgrade misses)
   PUTS: 249796 # Clean evictions (from lower level)
   PUTX: 97119 # Dirty evictions (from lower level)
   INV: 20738 # Invalidates (from upper level)
   INVX: 26 # Downgrades (from upper level)
   FWD: 0 # Forwards (from upper level)
   latGETnl: 91035503 # GET request latency on next level
   latGETnet: 0 # GET request latency on network to next level
  l2-5: # Cache stats
   hGETS: 0 # GETS hits
   hGETX: 0 # GETX hits
   mGETS: 250905 # GETS misses
   mGETXIM: 97301 # GETX I->M misses
   mGETXSM: 7 # GETX S->M misses (upgrade misses)
   PUTS: 249798 # Clean evictions (from lower level)
   PUTX: 97119 # Dirty evictions (from lower level)
   INV: 20630 # Invalidates (from upper level)
   INVX: 17 # Downgrades (from upper level)
   FWD: 0 # Forwards (from upper level)
   latGETnl: 91029136 # GET request latency on next level
   latGETnet: 0 # GET request latency on network to next level
  l2-6: # Cache stats
   hGETS: 0 # GETS hits
   hGETX: 0 # GETX hits
   mGETS: 250896 # GETS misses
   mGETXIM: 97293 # GETX I->M misses
   mGETXSM: 6 # GETX S->M misses (upgrade misses)
   PUTS: 249795 # Clean evictions (from lower level)
   PUTX: 97120 # Dirty evictions (from lower level)
   INV: 21312 # Invalidates (from upper level)
   INVX: 16 # Downgrades (from upper level)
   FWD: 0 # Forwards (from upper level)
   latGETnl: 91028906 # GET request latency on next level
   latGETnet: 0 # GET request latency on network to next level
  l2-7: # Cache stats
   hGETS: 0 # GETS hits
   hGETX: 0 # GETX hits
   mGETS: 250863 # GETS misses
   mGETXIM: 97290 # GETX I->M misses
   mGETXSM: 6 # GETX S->M misses (upgrade misses)
   PUTS: 249784 # Clean evictions (from lower level)
   PUTX: 97121 # Dirty evictions (from lower level)
   INV: 29621 # Invalidates (from upper level)
   INVX: 5 # Downgrades (from upper level)
   FWD: 0 # Forwards (from upper level)
   latGETnl: 91029303 # GET request latency on next level
   latGETnet: 0 # GET request latency on network to next level
  l2-8: # Cache stats
   hGETS: 0 # GETS hits
   hGETX: 0 # GETX hits
   mGETS: 250855 # GETS misses
   mGETXIM: 97288 # GETX I->M misses
   mGETXSM: 4 # GETX S->M misses (upgrade misses)
   PUTS: 249785 # Clean evictions (from lower level)
   PUTX: 97119 # Dirty evictions (from lower level)
   INV: 21170 # Invalidates (from upper level)
   INVX: 16 # Downgrades (from upper level)
   FWD: 0 # Forwards (from upper level)
   latGETnl: 91030027 # GET request latency on next level
   latGETnet: 0 # GET request latency on network to next level
  l2-9: # Cache stats
   hGETS: 0 # GETS hits
   hGETX: 0 # GETX hits
   mGETS: 250861 # GETS misses
   mGETXIM: 97292 # GETX I->M misses
   mGETXSM: 7 # GETX S->M misses (upgrade misses)
   PUTS: 249785 # Clean evictions (from lower level)
   PUTX: 97118 # Dirty evictions (from lower level)
   INV: 25822 # Invalidates (from upper level)
   INVX: 12 # Downgrades (from upper level)
   FWD: 0 # Forwards (from upper level)
   latGETnl: 91027329 # GET request latency on next level
   latGETnet: 0 # GET request latency on network to next level
  l2-10: # Cache stats
   hGETS: 0 # GETS hits
   hGETX: 0 # GETX hits
   mGETS: 250870 # GETS misses
   mGETXIM: 97284 # GETX I->M misses
   mGETXSM: 5 # GETX S->M misses (upgrade misses)
   PUTS: 249787 # Clean evictions (from lower level)
   PUTX: 97117 # Dirty evictions (from lower level)
   INV: 20613 # Invalidates (from upper level)
   INVX: 11 # Downgrades (from upper level)
   FWD: 0 # Forwards (from upper level)
   latGETnl: 91027096 # GET request latency on next level
   latGETnet: 0 # GET request latency on network to next level
  l2-11: # Cache stats
   hGETS: 0 # GETS hits
   hGETX: 0 # GETX hits
   mGETS: 250876 # GETS misses
   mGETXIM: 97307 # GETX I->M misses
   mGETXSM: 11 # GETX S->M misses (upgrade misses)
   PUTS: 249792 # Clean evictions (from lower level)
   PUTX: 97130 # Dirty evictions (from lower level)
   INV: 26587 # Invalidates (from upper level)
   INVX: 16 # Downgrades (from upper level)
   FWD: 0 # Forwards (from upper level)
   latGETnl: 91030893 # GET request latency on next level
   latGETnet: 0 # GET request latency on network to next level
  l2-12: # Cache stats
   hGETS: 0 # GETS hits
   hGETX: 0 # GETX hits
   mGETS: 250870 # GETS misses
   mGETXIM: 97291 # GETX I->M misses
   mGETXSM: 6 # GETX S->M misses (upgrade misses)
   PUTS: 249786 # Clean evictions (from lower level)
   PUTX: 97120 # Dirty evictions (from lower level)
   INV: 22929 # Invalidates (from upper level)
   INVX: 8 # Downgrades (from upper level)
   FWD: 0 # Forwards (from upper level)
   latGETnl: 91027715 # GET request latency on next level
   latGETnet: 0 # GET request latency on network to next level
  l2-13: # Cache stats
   hGETS: 0 # GETS hits
   hGETX: 0 # GETX hits
   mGETS: 250900 # GETS misses
   mGETXIM: 97259 # GETX I->M misses
   mGETXSM: 15 # GETX S->M misses (upgrade misses)
   PUTS: 249739 # Clean evictions (from lower level)
   PUTX: 97100 # Dirty evictions (from lower level)
   INV: 20834 # Invalidates (from upper level)
   INVX: 15 # Downgrades (from upper level)
   FWD: 0 # Forwards (from upper level)
   latGETnl: 91014009 # GET request latency on next level
   latGETnet: 0 # GET request latency on network to next level
  l2-14: # Cache stats
   hGETS: 0 # GETS hits
   hGETX: 0 # GETX hits
   mGETS: 250854 # GETS misses
   mGETXIM: 97282 # GETX I->M misses
   mGETXSM: 5 # GETX S->M misses (upgrade misses)
   PUTS: 249785 # Clean evictions (from lower level)
   PUTX: 97116 # Dirty evictions (from lower level)
   INV: 32205 # Invalidates (from upper level)
   INVX: 9 # Downgrades (from upper level)
   FWD: 0 # Forwards (from upper level)
   latGETnl: 91026922 # GET request latency on next level
   latGETnet: 0 # GET request latency on network to next level
  l2-15: # Cache stats
   hGETS: 0 # GETS hits
   hGETX: 0 # GETX hits
   mGETS: 250871 # GETS misses
   mGETXIM: 97287 # GETX I->M misses
   mGETXSM: 6 # GETX S->M misses (upgrade misses)
   PUTS: 249783 # Clean evictions (from lower level)
   PUTX: 97122 # Dirty evictions (from lower level)
   INV: 22667 # Invalidates (from upper level)
   INVX: 7 # Downgrades (from upper level)
   FWD: 0 # Forwards (from upper level)
   latGETnl: 91025748 # GET request latency on next level
   latGETnet: 0 # GET request latency on network to next level
  l2-16: # Cache stats
   hGETS: 0 # GETS hits
   hGETX: 0 # GETX hits
   mGETS: 250866 # GETS misses
   mGETXIM: 97288 # GETX I->M misses
   mGETXSM: 6 # GETX S->M misses (upgrade misses)
   PUTS: 249785 # Clean evictions (from lower level)
   PUTX: 97119 # Dirty evictions (from lower level)
   INV: 20514 # Invalidates (from upper level)
   INVX: 3 # Downgrades (from upper level)
   FWD: 0 # Forwards (from upper level)
   latGETnl: 91023547 # GET request latency on next level
   latGETnet: 0 # GET request latency on network to next level
  l2-17: # Cache stats
   hGETS: 0 # GETS hits
   hGETX: 0 # GETX hits
   mGETS: 250875 # GETS misses
   mGETXIM: 97284 # GETX I->M misses
   mGETXSM: 6 # GETX S->M misses (upgrade misses)
   PUTS: 249785 # Clean evictions (from lower level)
   PUTX: 97120 # Dirty evictions (from lower level)
   INV: 26071 # Invalidates (from upper level)
   INVX: 2 # Downgrades (from upper level)
   FWD: 0 # Forwards (from upper level)
   latGETnl: 91024576 # GET request latency on next level
   latGETnet: 0 # GET request latency on network to next level
  l2-18: # Cache stats
   hGETS: 0 # GETS hits
   hGETX: 0 # GETX hits
   mGETS: 250871 # GETS misses
   mGETXIM: 97290 # GETX I->M misses
   mGETXSM: 6 # GETX S->M misses (upgrade misses)
   PUTS: 249785 # Clean evictions (from lower level)
   PUTX: 97121 # Dirty evictions (from lower level)
   INV: 21004 # Invalidates (from upper level)
   INVX: 3 # Downgrades (from upper level)
   FWD: 0 # Forwards (from upper level)
   latGETnl: 91025437 # GET request latency on next level
   latGETnet: 0 # GET request latency on network to next level
  l2-19: # Cache stats
   hGETS: 0 # GETS hits
   hGETX: 0 # GETX hits
   mGETS: 250857 # GETS misses
   mGETXIM: 97280 # GETX I->M misses
   mGETXSM: 4 # GETX S->M misses (upgrade misses)
   PUTS: 249784 # Clean evictions (from lower level)
   PUTX: 97117 # Dirty evictions (from lower level)
   INV: 20701 # Invalidates (from upper level)
   INVX: 2 # Downgrades (from upper level)
   FWD: 0 # Forwards (from upper level)
   latGETnl: 91023196 # GET request latency on next level
   latGETnet: 0 # GET request latency on network to next level
  l2-20: # Cache stats
   hGETS: 0 # GETS hits
   hGETX: 0 # GETX hits
   mGETS: 250874 # GETS misses
   mGETXIM: 97284 # GETX I->M misses
   mGETXSM: 5 # GETX S->M misses (upgrade misses)
   PUTS: 249786 # Clean evictions (from lower level)
   PUTX: 97118 # Dirty evictions (from lower level)
   INV: 20692 # Invalidates (from upper level)
   INVX: 1 # Downgrades (from upper level)
   FWD: 0 # Forwards (from upper level)
   latGETnl: 91023363 # GET request latency on next level
   latGETnet: 0 # GET request latency on network to next level
  l2-21: # Cache stats
   hGETS: 0 # GETS hits
   hGETX: 0 # GETX hits
   mGETS: 250860 # GETS misses
   mGETXIM: 97284 # GETX I->M misses
   mGETXSM: 6 # GETX S->M misses (upgrade misses)
   PUTS: 249781 # Clean evictions (from lower level)
   PUTX: 97111 # Dirty evictions (from lower level)
   INV: 21066 # Invalidates (from upper level)
   INVX: 5 # Downgrades (from upper level)
   FWD: 0 # Forwards (from upper level)
   latGETnl: 91021335 # GET request latency on next level
   latGETnet: 0 # GET request latency on network to next level
  l2-22: # Cache stats
   hGETS: 0 # GETS hits
   hGETX: 0 # GETX hits
   mGETS: 250859 # GETS misses
   mGETXIM: 97288 # GETX I->M misses
   mGETXSM: 5 # GETX S->M misses (upgrade misses)
   PUTS: 249784 # Clean evictions (from lower level)
   PUTX: 97111 # Dirty evictions (from lower level)
   INV: 20914 # Invalidates (from upper level)
   INVX: 2 # Downgrades (from upper level)
   FWD: 0 # Forwards (from upper level)
   latGETnl: 91020706 # GET request latency on next level
   latGETnet: 0 # GET request latency on network to next level
  l2-23: # Cache stats
   hGETS: 0 # GETS hits
   hGETX: 0 # GETX hits
   mGETS: 0 # GETS misses
   mGETXIM: 0 # GETX I->M misses
   mGETXSM: 0 # GETX S->M misses (upgrade misses)
   PUTS: 0 # Clean evictions (from lower level)
   PUTX: 0 # Dirty evictions (from lower level)
   INV: 0 # Invalidates (from upper level)
   INVX: 0 # Downgrades (from upper level)
   FWD: 0 # Forwards (from upper level)
   latGETnl: 0 # GET request latency on next level
   latGETnet: 0 # GET request latency on network to next level
 l3: # Cache stats
  l3-0b0: # Cache stats
   hGETS: 786 # GETS hits
   hGETX: 41 # GETX hits
   mGETS: 239671 # GETS misses
   mGETXIM: 93310 # GETX I->M misses
   mGETXSM: 0 # GETX S->M misses (upgrade misses)
   PUTS: 212364 # Clean evictions (from lower level)
   PUTX: 83440 # Dirty evictions (from lower level)
   INV: 0 # Invalidates (from upper level)
   INVX: 0 # Downgrades (from upper level)
   FWD: 0 # Forwards (from upper level)
   latGETnl: 74920725 # GET request latency on next level
   latGETnet: 0 # GET request latency on network to next level
  l3-0b1: # Cache stats
   hGETS: 785 # GETS hits
   hGETX: 17 # GETX hits
   mGETS: 239675 # GETS misses
   mGETXIM: 93082 # GETX I->M misses
   mGETXSM: 0 # GETX S->M misses (upgrade misses)
   PUTS: 213078 # Clean evictions (from lower level)
   PUTX: 83242 # Dirty evictions (from lower level)
   INV: 0 # Invalidates (from upper level)
   INVX: 0 # Downgrades (from upper level)
   FWD: 0 # Forwards (from upper level)
   latGETnl: 74870325 # GET request latency on next level
   latGETnet: 0 # GET request latency on network to next level
  l3-0b2: # Cache stats
   hGETS: 174 # GETS hits
   hGETX: 33 # GETX hits
   mGETS: 239666 # GETS misses
   mGETXIM: 93080 # GETX I->M misses
   mGETXSM: 0 # GETX S->M misses (upgrade misses)
   PUTS: 212403 # Clean evictions (from lower level)
   PUTX: 83286 # Dirty evictions (from lower level)
   INV: 0 # Invalidates (from upper level)
   INVX: 0 # Downgrades (from upper level)
   FWD: 0 # Forwards (from upper level)
   latGETnl: 74867850 # GET request latency on next level
   latGETnet: 0 # GET request latency on network to next level
  l3-0b3: # Cache stats
   hGETS: 859 # GETS hits
   hGETX: 37 # GETX hits
   mGETS: 239683 # GETS misses
   mGETXIM: 93275 # GETX I->M misses
   mGETXSM: 0 # GETX S->M misses (upgrade misses)
   PUTS: 212409 # Clean evictions (from lower level)
   PUTX: 83335 # Dirty evictions (from lower level)
   INV: 0 # Invalidates (from upper level)
   INVX: 0 # Downgrades (from upper level)
   FWD: 0 # Forwards (from upper level)
   latGETnl: 74915550 # GET request latency on next level
   latGETnet: 0 # GET request latency on network to next level
  l3-0b4: # Cache stats
   hGETS: 293 # GETS hits
   hGETX: 18 # GETX hits
   mGETS: 239666 # GETS misses
   mGETXIM: 93272 # GETX I->M misses
   mGETXSM: 0 # GETX S->M misses (upgrade misses)
   PUTS: 211952 # Clean evictions (from lower level)
   PUTX: 83285 # Dirty evictions (from lower level)
   INV: 0 # Invalidates (from upper level)
   INVX: 0 # Downgrades (from upper level)
   FWD: 0 # Forwards (from upper level)
   latGETnl: 74911050 # GET request latency on next level
   latGETnet: 0 # GET request latency on network to next level
  l3-0b5: # Cache stats
   hGETS: 392 # GETS hits
   hGETX: 20 # GETX hits
   mGETS: 239679 # GETS misses
   mGETXIM: 93094 # GETX I->M misses
   mGETXSM: 0 # GETX S->M misses (upgrade misses)
   PUTS: 212587 # Clean evictions (from lower level)
   PUTX: 83262 # Dirty evictions (from lower level)
   INV: 0 # Invalidates (from upper level)
   INVX: 0 # Downgrades (from upper level)
   FWD: 0 # Forwards (from upper level)
   latGETnl: 74873925 # GET request latency on next level
   latGETnet: 0 # GET request latency on network to next level
  l3-0b6: # Cache stats
   hGETS: 197 # GETS hits
   hGETX: 43 # GETX hits
   mGETS: 239681 # GETS misses
   mGETXIM: 93105 # GETX I->M misses
   mGETXSM: 0 # GETX S->M misses (upgrade misses)
   PUTS: 212389 # Clean evictions (from lower level)
   PUTX: 83273 # Dirty evictions (from lower level)
   INV: 0 # Invalidates (from upper level)
   INVX: 0 # Downgrades (from upper level)
   FWD: 0 # Forwards (from upper level)
   latGETnl: 74876850 # GET request latency on next level
   latGETnet: 0 # GET request latency on network to next level
  l3-0b7: # Cache stats
   hGETS: 673 # GETS hits
   hGETX: 72 # GETX hits
   mGETS: 239685 # GETS misses
   mGETXIM: 93279 # GETX I->M misses
   mGETXSM: 0 # GETX S->M misses (upgrade misses)
   PUTS: 212283 # Clean evictions (from lower level)
   PUTX: 83306 # Dirty evictions (from lower level)
   INV: 0 # Invalidates (from upper level)
   INVX: 0 # Downgrades (from upper level)
   FWD: 0 # Forwards (from upper level)
   latGETnl: 74916900 # GET request latency on next level
   latGETnet: 0 # GET request latency on network to next level
  l3-0b8: # Cache stats
   hGETS: 811 # GETS hits
   hGETX: 77 # GETX hits
   mGETS: 239680 # GETS misses
   mGETXIM: 93113 # GETX I->M misses
   mGETXSM: 0 # GETX S->M misses (upgrade misses)
   PUTS: 212381 # Clean evictions (from lower level)
   PUTX: 83279 # Dirty evictions (from lower level)
   INV: 0 # Invalidates (from upper level)
   INVX: 0 # Downgrades (from upper level)
   FWD: 0 # Forwards (from upper level)
   latGETnl: 74878425 # GET request latency on next level
   latGETnet: 0 # GET request latency on network to next level
  l3-0b9: # Cache stats
   hGETS: 295 # GETS hits
   hGETX: 44 # GETX hits
   mGETS: 239682 # GETS misses
   mGETXIM: 93280 # GETX I->M misses
   mGETXSM: 0 # GETX S->M misses (upgrade misses)
   PUTS: 212286 # Clean evictions (from lower level)
   PUTX: 83267 # Dirty evictions (from lower level)
   INV: 0 # Invalidates (from upper level)
   INVX: 0 # Downgrades (from upper level)
   FWD: 0 # Forwards (from upper level)
   latGETnl: 74916450 # GET request latency on next level
   latGETnet: 0 # GET request latency on network to next level
  l3-0b10: # Cache stats
   hGETS: 1229 # GETS hits
   hGETX: 38 # GETX hits
   mGETS: 239675 # GETS misses
   mGETXIM: 93277 # GETX I->M misses
   mGETXSM: 0 # GETX S->M misses (upgrade misses)
   PUTS: 213426 # Clean evictions (from lower level)
   PUTX: 83277 # Dirty evictions (from lower level)
   INV: 0 # Invalidates (from upper level)
   INVX: 0 # Downgrades (from upper level)
   FWD: 0 # Forwards (from upper level)
   latGETnl: 74914200 # GET request latency on next level
   latGETnet: 0 # GET request latency on network to next level
  l3-0b11: # Cache stats
   hGETS: 777 # GETS hits
   hGETX: 45 # GETX hits
   mGETS: 239682 # GETS misses
   mGETXIM: 93110 # GETX I->M misses
   mGETXSM: 0 # GETX S->M misses (upgrade misses)
   PUTS: 212520 # Clean evictions (from lower level)
   PUTX: 83132 # Dirty evictions (from lower level)
   INV: 0 # Invalidates (from upper level)
   INVX: 0 # Downgrades (from upper level)
   FWD: 0 # Forwards (from upper level)
   latGETnl: 74878200 # GET request latency on next level
   latGETnet: 0 # GET request latency on network to next level
  l3-0b12: # Cache stats
   hGETS: 1290 # GETS hits
   hGETX: 15 # GETX hits
   mGETS: 239663 # GETS misses
   mGETXIM: 93116 # GETX I->M misses
   mGETXSM: 0 # GETX S->M misses (upgrade misses)
   PUTS: 212890 # Clean evictions (from lower level)
   PUTX: 83225 # Dirty evictions (from lower level)
   INV: 0 # Invalidates (from upper level)
   INVX: 0 # Downgrades (from upper level)
   FWD: 0 # Forwards (from upper level)
   latGETnl: 74875275 # GET request latency on next level
   latGETnet: 0 # GET request latency on network to next level
  l3-0b13: # Cache stats
   hGETS: 1154 # GETS hits
   hGETX: 6 # GETX hits
   mGETS: 239661 # GETS misses
   mGETXIM: 93264 # GETX I->M misses
   mGETXSM: 0 # GETX S->M misses (upgrade misses)
   PUTS: 213196 # Clean evictions (from lower level)
   PUTX: 83307 # Dirty evictions (from lower level)
   INV: 0 # Invalidates (from upper level)
   INVX: 0 # Downgrades (from upper level)
   FWD: 0 # Forwards (from upper level)
   latGETnl: 74908125 # GET request latency on next level
   latGETnet: 0 # GET request latency on network to next level
  l3-0b14: # Cache stats
   hGETS: 1228 # GETS hits
   hGETX: 20 # GETX hits
   mGETS: 239675 # GETS misses
   mGETXIM: 93247 # GETX I->M misses
   mGETXSM: 0 # GETX S->M misses (upgrade misses)
   PUTS: 213389 # Clean evictions (from lower level)
   PUTX: 83320 # Dirty evictions (from lower level)
   INV: 0 # Invalidates (from upper level)
   INVX: 0 # Downgrades (from upper level)
   FWD: 0 # Forwards (from upper level)
   latGETnl: 74907450 # GET request latency on next level
   latGETnet: 0 # GET request latency on network to next level
  l3-0b15: # Cache stats
   hGETS: 1292 # GETS hits
   hGETX: 22 # GETX hits
   mGETS: 239675 # GETS misses
   mGETXIM: 93138 # GETX I->M misses
   mGETXSM: 0 # GETX S->M misses (upgrade misses)
   PUTS: 212927 # Clean evictions (from lower level)
   PUTX: 83251 # Dirty evictions (from lower level)
   INV: 0 # Invalidates (from upper level)
   INVX: 0 # Downgrades (from upper level)
   FWD: 0 # Forwards (from upper level)
   latGETnl: 74882925 # GET request latency on next level
   latGETnet: 0 # GET request latency on network to next level
  l3-0b16: # Cache stats
   hGETS: 917 # GETS hits
   hGETX: 38 # GETX hits
   mGETS: 239598 # GETS misses
   mGETXIM: 93310 # GETX I->M misses
   mGETXSM: 0 # GETX S->M misses (upgrade misses)
   PUTS: 212284 # Clean evictions (from lower level)
   PUTX: 83279 # Dirty evictions (from lower level)
   INV: 0 # Invalidates (from upper level)
   INVX: 0 # Downgrades (from upper level)
   FWD: 0 # Forwards (from upper level)
   latGETnl: 74904300 # GET request latency on next level
   latGETnet: 0 # GET request latency on network to next level
  l3-0b17: # Cache stats
   hGETS: 847 # GETS hits
   hGETX: 37 # GETX hits
   mGETS: 239593 # GETS misses
   mGETXIM: 93131 # GETX I->M misses
   mGETXSM: 0 # GETX S->M misses (upgrade misses)
   PUTS: 212905 # Clean evictions (from lower level)
   PUTX: 83036 # Dirty evictions (from lower level)
   INV: 0 # Invalidates (from upper level)
   INVX: 0 # Downgrades (from upper level)
   FWD: 0 # Forwards (from upper level)
   latGETnl: 74862900 # GET request latency on next level
   latGETnet: 0 # GET request latency on network to next level
  l3-0b18: # Cache stats
   hGETS: 753 # GETS hits
   hGETX: 32 # GETX hits
   mGETS: 239592 # GETS misses
   mGETXIM: 93133 # GETX I->M misses
   mGETXSM: 0 # GETX S->M misses (upgrade misses)
   PUTS: 212701 # Clean evictions (from lower level)
   PUTX: 83081 # Dirty evictions (from lower level)
   INV: 0 # Invalidates (from upper level)
   INVX: 0 # Downgrades (from upper level)
   FWD: 0 # Forwards (from upper level)
   latGETnl: 74863125 # GET request latency on next level
   latGETnet: 0 # GET request latency on network to next level
  l3-0b19: # Cache stats
   hGETS: 794 # GETS hits
   hGETX: 67 # GETX hits
   mGETS: 239590 # GETS misses
   mGETXIM: 93352 # GETX I->M misses
   mGETXSM: 0 # GETX S->M misses (upgrade misses)
   PUTS: 212157 # Clean evictions (from lower level)
   PUTX: 83308 # Dirty evictions (from lower level)
   INV: 0 # Invalidates (from upper level)
   INVX: 0 # Downgrades (from upper level)
   FWD: 0 # Forwards (from upper level)
   latGETnl: 74911950 # GET request latency on next level
   latGETnet: 0 # GET request latency on network to next level
  l3-0b20: # Cache stats
   hGETS: 789 # GETS hits
   hGETX: 48 # GETX hits
   mGETS: 239596 # GETS misses
   mGETXIM: 93338 # GETX I->M misses
   mGETXSM: 0 # GETX S->M misses (upgrade misses)
   PUTS: 212177 # Clean evictions (from lower level)
   PUTX: 83345 # Dirty evictions (from lower level)
   INV: 0 # Invalidates (from upper level)
   INVX: 0 # Downgrades (from upper level)
   FWD: 0 # Forwards (from upper level)
   latGETnl: 74910150 # GET request latency on next level
   latGETnet: 0 # GET request latency on network to next level
  l3-0b21: # Cache stats
   hGETS: 747 # GETS hits
   hGETX: 59 # GETX hits
   mGETS: 239592 # GETS misses
   mGETXIM: 93134 # GETX I->M misses
   mGETXSM: 0 # GETX S->M misses (upgrade misses)
   PUTS: 212742 # Clean evictions (from lower level)
   PUTX: 83105 # Dirty evictions (from lower level)
   INV: 0 # Invalidates (from upper level)
   INVX: 0 # Downgrades (from upper level)
   FWD: 0 # Forwards (from upper level)
   latGETnl: 74863350 # GET request latency on next level
   latGETnet: 0 # GET request latency on network to next level
  l3-0b22: # Cache stats
   hGETS: 887 # GETS hits
   hGETX: 48 # GETX hits
   mGETS: 239592 # GETS misses
   mGETXIM: 93135 # GETX I->M misses
   mGETXSM: 0 # GETX S->M misses (upgrade misses)
   PUTS: 212846 # Clean evictions (from lower level)
   PUTX: 83113 # Dirty evictions (from lower level)
   INV: 0 # Invalidates (from upper level)
   INVX: 0 # Downgrades (from upper level)
   FWD: 0 # Forwards (from upper level)
   latGETnl: 74863575 # GET request latency on next level
   latGETnet: 0 # GET request latency on network to next level
  l3-0b23: # Cache stats
   hGETS: 840 # GETS hits
   hGETX: 55 # GETX hits
   mGETS: 239597 # GETS misses
   mGETXIM: 93316 # GETX I->M misses
   mGETXSM: 0 # GETX S->M misses (upgrade misses)
   PUTS: 212231 # Clean evictions (from lower level)
   PUTX: 83246 # Dirty evictions (from lower level)
   INV: 0 # Invalidates (from upper level)
   INVX: 0 # Downgrades (from upper level)
   FWD: 0 # Forwards (from upper level)
   latGETnl: 74905425 # GET request latency on next level
   latGETnet: 0 # GET request latency on network to next level
 mem: # Memory controller stats
  mem-0: # Memory controller stats
   rd: 7968220 # Read requests
   wr: 2079191 # Write requests
   rdlat: 2039380320 # Total latency experienced by read requests
   wrlat: 536381798 # Total latency experienced by write requests
 sched: # Scheduler stats
  thCr: 25 # Threads created
  thFn: 25 # Threads finished
  schedEvs: 27 # Schedule events
  waitEvs: 2 # Wait events
  handoffEvs: 1 # Handoff events
  sleepEvs: 1 # Sleep events
  idlePhases: 0 # Phases with no thread active
  idlePeriods: 0 # Periods with no thread active
  occHist: # Occupancy histogram
   0: 0
   1: 0
   2: 24
   3: 12
   4: 2
   5: 1
   6: 0
   7: 1
   8: 1
   9: 0
   10: 0
   11: 0
   12: 0
   13: 1
   14: 0
   15: 0
   16: 0
   17: 0
   18: 1
   19: 0
   20: 1
   21: 0
   22: 0
   23: 48803
   24: 0
  rqSzHist: # Run queue size histogram
   0: 48820
   1: 27
   2: 0
   3: 0
   4: 0
   5: 0
   6: 0
   7: 0
   8: 0
   9: 0
   10: 0
   11: 0
   12: 0
   13: 0
   14: 0
   15: 0
   16: 0
   17: 0
   18: 0
   19: 0
   20: 0
   21: 0
   22: 0
   23: 0
   24: 0
 procCycles: # Per-process unhalted core cycles
  0: 1122602569
  1: 0
  2: 0
  3: 0
  4: 0
  5: 0
  6: 0
  7: 0
  8: 0
  9: 0
  10: 0
  11: 0
  12: 0
  13: 0
  14: 0
  15: 0
  16: 0
  17: 0
  18: 0
  19: 0
  20: 0
  21: 0
  22: 0
  23: 0
  24: 0
  25: 0
  26: 0
  27: 0
  28: 0
  29: 0
  30: 0
  31: 0
  32: 0
  33: 0
  34: 0
  35: 0
  36: 0
  37: 0
  38: 0
  39: 0
  40: 0
  41: 0
  42: 0
  43: 0
  44: 0
  45: 0
  46: 0
  47: 0
  48: 0
  49: 0
  50: 0
  51: 0
  52: 0
  53: 0
  54: 0
  55: 0
  56: 0
  57: 0
  58: 0
  59: 0
  60: 0
  61: 0
  62: 0
  63: 0
 procInstrs: # Per-process instructions
  0: 1523587372
  1: 0
  2: 0
  3: 0
  4: 0
  5: 0
  6: 0
  7: 0
  8: 0
  9: 0
  10: 0
  11: 0
  12: 0
  13: 0
  14: 0
  15: 0
  16: 0
  17: 0
  18: 0
  19: 0
  20: 0
  21: 0
  22: 0
  23: 0
  24: 0
  25: 0
  26: 0
  27: 0
  28: 0
  29: 0
  30: 0
  31: 0
  32: 0
  33: 0
  34: 0
  35: 0
  36: 0
  37: 0
  38: 0
  39: 0
  40: 0
  41: 0
  42: 0
  43: 0
  44: 0
  45: 0
  46: 0
  47: 0
  48: 0
  49: 0
  50: 0
  51: 0
  52: 0
  53: 0
  54: 0
  55: 0
  56: 0
  57: 0
  58: 0
  59: 0
  60: 0
  61: 0
  62: 0
  63: 0
 heartbeats: # Per-process heartbeats
  0: 0
  1: 0
  2: 0
  3: 0
  4: 0
  5: 0
  6: 0
  7: 0
  8: 0
  9: 0
  10: 0
  11: 0
  12: 0
  13: 0
  14: 0
  15: 0
  16: 0
  17: 0
  18: 0
  19: 0
  20: 0
  21: 0
  22: 0
  23: 0
  24: 0
  25: 0
  26: 0
  27: 0
  28: 0
  29: 0
  30: 0
  31: 0
  32: 0
  33: 0
  34: 0
  35: 0
  36: 0
  37: 0
  38: 0
  39: 0
  40: 0
  41: 0
  42: 0
  43: 0
  44: 0
  45: 0
  46: 0
  47: 0
  48: 0
  49: 0
  50: 0
  51: 0
  52: 0
  53: 0
  54: 0
  55: 0
  56: 0
  57: 0
  58: 0
  59: 0
  60: 0
  61: 0
  62: 0
  63: 0
===
