# zsim stats
===
root: # Stats
 contention: # Contention simulation stats
  domain-0: # Domain stats
   time: 14253549461 # Weave simulation time
 time: # Simulator time breakdown
  init: 3401381070
  bound: 162187898272
  weave: 24165296394
  ff: 1228014
 trigger: 20000 # Reason for this stats dump
 phase: 228700 # Simulated phases
 reqCycles: 0 # Requeue Cycles
 skylake: # Core stats
  skylake-0: # Core stats
   cycles: 228700002 # Simulated unhalted cycles
   cCycles: 891404 # Cycles due to contention stalls
   instrs: 340138840 # Simulated instructions
   uops: 228631256 # issued micro-ops
   bbls: 112883866 # Basic blocks
   approxInstrs: 860314 # Instrs with approx uop decoding
   mispredBranches: 125160 # Mispredicted branches
   IdqNotDelivered: 227808598 # Stalls no uop delivered when no Bkend Stall
   IntMiscRecoveryCycles: 1015345 # Stalls waiting machine clears
   uops executed: 229380906 # Executed microoperations
  skylake-1: # Core stats
   cycles: 228664001 # Simulated unhalted cycles
   cCycles: 891404 # Cycles due to contention stalls
   instrs: 340137672 # Simulated instructions
   uops: 228629939 # issued micro-ops
   bbls: 112883647 # Basic blocks
   approxInstrs: 860311 # Instrs with approx uop decoding
   mispredBranches: 125124 # Mispredicted branches
   IdqNotDelivered: 227772597 # Stalls no uop delivered when no Bkend Stall
   IntMiscRecoveryCycles: 1005782 # Stalls waiting machine clears
   uops executed: 229379635 # Executed microoperations
  skylake-2: # Core stats
   cycles: 228661709 # Simulated unhalted cycles
   cCycles: 891404 # Cycles due to contention stalls
   instrs: 340134333 # Simulated instructions
   uops: 228627486 # issued micro-ops
   bbls: 112882607 # Basic blocks
   approxInstrs: 860303 # Instrs with approx uop decoding
   mispredBranches: 125128 # Mispredicted branches
   IdqNotDelivered: 227770305 # Stalls no uop delivered when no Bkend Stall
   IntMiscRecoveryCycles: 1008287 # Stalls waiting machine clears
   uops executed: 229377165 # Executed microoperations
  skylake-3: # Core stats
   cycles: 228662009 # Simulated unhalted cycles
   cCycles: 891408 # Cycles due to contention stalls
   instrs: 340138143 # Simulated instructions
   uops: 228630148 # issued micro-ops
   bbls: 112883832 # Basic blocks
   approxInstrs: 860310 # Instrs with approx uop decoding
   mispredBranches: 125123 # Mispredicted branches
   IdqNotDelivered: 227770601 # Stalls no uop delivered when no Bkend Stall
   IntMiscRecoveryCycles: 1007111 # Stalls waiting machine clears
   uops executed: 229379848 # Executed microoperations
  skylake-4: # Core stats
   cycles: 228660265 # Simulated unhalted cycles
   cCycles: 891409 # Cycles due to contention stalls
   instrs: 340138511 # Simulated instructions
   uops: 228630402 # issued micro-ops
   bbls: 112883955 # Basic blocks
   approxInstrs: 860312 # Instrs with approx uop decoding
   mispredBranches: 125128 # Mispredicted branches
   IdqNotDelivered: 227768856 # Stalls no uop delivered when no Bkend Stall
   IntMiscRecoveryCycles: 1007052 # Stalls waiting machine clears
   uops executed: 229380032 # Executed microoperations
  skylake-5: # Core stats
   cycles: 228659009 # Simulated unhalted cycles
   cCycles: 891408 # Cycles due to contention stalls
   instrs: 340138300 # Simulated instructions
   uops: 228630249 # issued micro-ops
   bbls: 112883886 # Basic blocks
   approxInstrs: 860310 # Instrs with approx uop decoding
   mispredBranches: 125125 # Mispredicted branches
   IdqNotDelivered: 227767601 # Stalls no uop delivered when no Bkend Stall
   IntMiscRecoveryCycles: 1006292 # Stalls waiting machine clears
   uops executed: 229379893 # Executed microoperations
  skylake-6: # Core stats
   cycles: 228658009 # Simulated unhalted cycles
   cCycles: 891408 # Cycles due to contention stalls
   instrs: 340137404 # Simulated instructions
   uops: 228629326 # issued micro-ops
   bbls: 112883662 # Basic blocks
   approxInstrs: 860305 # Instrs with approx uop decoding
   mispredBranches: 125118 # Mispredicted branches
   IdqNotDelivered: 227766601 # Stalls no uop delivered when no Bkend Stall
   IntMiscRecoveryCycles: 1007900 # Stalls waiting machine clears
   uops executed: 229379008 # Executed microoperations
  skylake-7: # Core stats
   cycles: 228658001 # Simulated unhalted cycles
   cCycles: 891404 # Cycles due to contention stalls
   instrs: 340137157 # Simulated instructions
   uops: 228629487 # issued micro-ops
   bbls: 112883505 # Basic blocks
   approxInstrs: 860310 # Instrs with approx uop decoding
   mispredBranches: 125125 # Mispredicted branches
   IdqNotDelivered: 227766597 # Stalls no uop delivered when no Bkend Stall
   IntMiscRecoveryCycles: 1006169 # Stalls waiting machine clears
   uops executed: 229379161 # Executed microoperations
  skylake-8: # Core stats
   cycles: 228657009 # Simulated unhalted cycles
   cCycles: 891410 # Cycles due to contention stalls
   instrs: 340137596 # Simulated instructions
   uops: 228629454 # issued micro-ops
   bbls: 112883726 # Basic blocks
   approxInstrs: 860305 # Instrs with approx uop decoding
   mispredBranches: 125118 # Mispredicted branches
   IdqNotDelivered: 227765599 # Stalls no uop delivered when no Bkend Stall
   IntMiscRecoveryCycles: 1007420 # Stalls waiting machine clears
   uops executed: 229379136 # Executed microoperations
  skylake-9: # Core stats
   cycles: 228656787 # Simulated unhalted cycles
   cCycles: 891408 # Cycles due to contention stalls
   instrs: 340137897 # Simulated instructions
   uops: 228629671 # issued micro-ops
   bbls: 112883825 # Basic blocks
   approxInstrs: 860307 # Instrs with approx uop decoding
   mispredBranches: 125121 # Mispredicted branches
   IdqNotDelivered: 227765379 # Stalls no uop delivered when no Bkend Stall
   IntMiscRecoveryCycles: 1008178 # Stalls waiting machine clears
   uops executed: 229379340 # Executed microoperations
  skylake-10: # Core stats
   cycles: 228657264 # Simulated unhalted cycles
   cCycles: 891414 # Cycles due to contention stalls
   instrs: 340137891 # Simulated instructions
   uops: 228629663 # issued micro-ops
   bbls: 112883823 # Basic blocks
   approxInstrs: 860307 # Instrs with approx uop decoding
   mispredBranches: 125121 # Mispredicted branches
   IdqNotDelivered: 227765850 # Stalls no uop delivered when no Bkend Stall
   IntMiscRecoveryCycles: 1007348 # Stalls waiting machine clears
   uops executed: 229379331 # Executed microoperations
  skylake-11: # Core stats
   cycles: 228656795 # Simulated unhalted cycles
   cCycles: 891409 # Cycles due to contention stalls
   instrs: 340138373 # Simulated instructions
   uops: 228630260 # issued micro-ops
   bbls: 112883829 # Basic blocks
   approxInstrs: 860308 # Instrs with approx uop decoding
   mispredBranches: 125119 # Mispredicted branches
   IdqNotDelivered: 227765386 # Stalls no uop delivered when no Bkend Stall
   IntMiscRecoveryCycles: 1007221 # Stalls waiting machine clears
   uops executed: 229380016 # Executed microoperations
  skylake-12: # Core stats
   cycles: 228655794 # Simulated unhalted cycles
   cCycles: 891409 # Cycles due to contention stalls
   instrs: 340137896 # Simulated instructions
   uops: 228629669 # issued micro-ops
   bbls: 112883824 # Basic blocks
   approxInstrs: 860307 # Instrs with approx uop decoding
   mispredBranches: 125121 # Mispredicted branches
   IdqNotDelivered: 227764385 # Stalls no uop delivered when no Bkend Stall
   IntMiscRecoveryCycles: 1006900 # Stalls waiting machine clears
   uops executed: 229379338 # Executed microoperations
  skylake-13: # Core stats
   cycles: 228656292 # Simulated unhalted cycles
   cCycles: 891411 # Cycles due to contention stalls
   instrs: 340137865 # Simulated instructions
   uops: 228629629 # issued micro-ops
   bbls: 112883816 # Basic blocks
   approxInstrs: 860306 # Instrs with approx uop decoding
   mispredBranches: 125115 # Mispredicted branches
   IdqNotDelivered: 227764881 # Stalls no uop delivered when no Bkend Stall
   IntMiscRecoveryCycles: 1006549 # Stalls waiting machine clears
   uops executed: 229379331 # Executed microoperations
  skylake-14: # Core stats
   cycles: 228655090 # Simulated unhalted cycles
   cCycles: 891413 # Cycles due to contention stalls
   instrs: 340137891 # Simulated instructions
   uops: 228629663 # issued micro-ops
   bbls: 112883823 # Basic blocks
   approxInstrs: 860307 # Instrs with approx uop decoding
   mispredBranches: 125121 # Mispredicted branches
   IdqNotDelivered: 227763677 # Stalls no uop delivered when no Bkend Stall
   IntMiscRecoveryCycles: 1007178 # Stalls waiting machine clears
   uops executed: 229379331 # Executed microoperations
  skylake-15: # Core stats
   cycles: 228655002 # Simulated unhalted cycles
   cCycles: 891400 # Cycles due to contention stalls
   instrs: 340136903 # Simulated instructions
   uops: 228628987 # issued micro-ops
   bbls: 112883495 # Basic blocks
   approxInstrs: 860304 # Instrs with approx uop decoding
   mispredBranches: 125117 # Mispredicted branches
   IdqNotDelivered: 227763602 # Stalls no uop delivered when no Bkend Stall
   IntMiscRecoveryCycles: 1006152 # Stalls waiting machine clears
   uops executed: 229378667 # Executed microoperations
  skylake-16: # Core stats
   cycles: 228655043 # Simulated unhalted cycles
   cCycles: 891411 # Cycles due to contention stalls
   instrs: 340137891 # Simulated instructions
   uops: 228629663 # issued micro-ops
   bbls: 112883823 # Basic blocks
   approxInstrs: 860307 # Instrs with approx uop decoding
   mispredBranches: 125121 # Mispredicted branches
   IdqNotDelivered: 227763632 # Stalls no uop delivered when no Bkend Stall
   IntMiscRecoveryCycles: 1006530 # Stalls waiting machine clears
   uops executed: 229379331 # Executed microoperations
  skylake-17: # Core stats
   cycles: 228654794 # Simulated unhalted cycles
   cCycles: 891437 # Cycles due to contention stalls
   instrs: 340108458 # Simulated instructions
   uops: 228611932 # issued micro-ops
   bbls: 112873311 # Basic blocks
   approxInstrs: 860220 # Instrs with approx uop decoding
   mispredBranches: 125211 # Mispredicted branches
   IdqNotDelivered: 227763357 # Stalls no uop delivered when no Bkend Stall
   IntMiscRecoveryCycles: 1010551 # Stalls waiting machine clears
   uops executed: 229361700 # Executed microoperations
  skylake-18: # Core stats
   cycles: 228653795 # Simulated unhalted cycles
   cCycles: 891412 # Cycles due to contention stalls
   instrs: 340137194 # Simulated instructions
   uops: 228629186 # issued micro-ops
   bbls: 112883592 # Basic blocks
   approxInstrs: 860305 # Instrs with approx uop decoding
   mispredBranches: 125118 # Mispredicted branches
   IdqNotDelivered: 227762383 # Stalls no uop delivered when no Bkend Stall
   IntMiscRecoveryCycles: 1006663 # Stalls waiting machine clears
   uops executed: 229378868 # Executed microoperations
  skylake-19: # Core stats
   cycles: 228654009 # Simulated unhalted cycles
   cCycles: 891418 # Cycles due to contention stalls
   instrs: 340137341 # Simulated instructions
   uops: 228629279 # issued micro-ops
   bbls: 112883641 # Basic blocks
   approxInstrs: 860304 # Instrs with approx uop decoding
   mispredBranches: 125117 # Mispredicted branches
   IdqNotDelivered: 227762591 # Stalls no uop delivered when no Bkend Stall
   IntMiscRecoveryCycles: 1006426 # Stalls waiting machine clears
   uops executed: 229378959 # Executed microoperations
  skylake-20: # Core stats
   cycles: 228653794 # Simulated unhalted cycles
   cCycles: 891412 # Cycles due to contention stalls
   instrs: 340137149 # Simulated instructions
   uops: 228629156 # issued micro-ops
   bbls: 112883577 # Basic blocks
   approxInstrs: 860305 # Instrs with approx uop decoding
   mispredBranches: 125118 # Mispredicted branches
   IdqNotDelivered: 227762382 # Stalls no uop delivered when no Bkend Stall
   IntMiscRecoveryCycles: 1006516 # Stalls waiting machine clears
   uops executed: 229378838 # Executed microoperations
  skylake-21: # Core stats
   cycles: 228653001 # Simulated unhalted cycles
   cCycles: 891405 # Cycles due to contention stalls
   instrs: 340136871 # Simulated instructions
   uops: 228628954 # issued micro-ops
   bbls: 112883486 # Basic blocks
   approxInstrs: 860304 # Instrs with approx uop decoding
   mispredBranches: 125112 # Mispredicted branches
   IdqNotDelivered: 227761596 # Stalls no uop delivered when no Bkend Stall
   IntMiscRecoveryCycles: 1006308 # Stalls waiting machine clears
   uops executed: 229378670 # Executed microoperations
  skylake-22: # Core stats
   cycles: 228652787 # Simulated unhalted cycles
   cCycles: 891405 # Cycles due to contention stalls
   instrs: 340136417 # Simulated instructions
   uops: 228628668 # issued micro-ops
   bbls: 112883333 # Basic blocks
   approxInstrs: 860305 # Instrs with approx uop decoding
   mispredBranches: 125116 # Mispredicted branches
   IdqNotDelivered: 227761382 # Stalls no uop delivered when no Bkend Stall
   IntMiscRecoveryCycles: 1006273 # Stalls waiting machine clears
   uops executed: 229378357 # Executed microoperations
  skylake-23: # Core stats
   cycles: 0 # Simulated unhalted cycles
   cCycles: 0 # Cycles due to contention stalls
   instrs: 0 # Simulated instructions
   uops: 0 # issued micro-ops
   bbls: 0 # Basic blocks
   approxInstrs: 0 # Instrs with approx uop decoding
   mispredBranches: 0 # Mispredicted branches
   IdqNotDelivered: 0 # Stalls no uop delivered when no Bkend Stall
   IntMiscRecoveryCycles: 0 # Stalls waiting machine clears
   uops executed: 0 # Executed microoperations
 l1d: # Cache stats
  l1d-0: # Filter cache stats
   fhGETS: 863252 # Filtered GETS hits
   fhGETX: 739295 # Filtered GETX hits
   hGETS: 5638 # GETS hits
   hGETX: 11324 # GETX hits
   mGETS: 117897 # GETS misses
   mGETXIM: 250099 # GETX I->M misses
   mGETXSM: 6 # GETX S->M misses (upgrade misses)
   PUTS: 0 # Clean evictions (from lower level)
   PUTX: 0 # Dirty evictions (from lower level)
   INV: 103 # Invalidates (from upper level)
   INVX: 92 # Downgrades (from upper level)
   FWD: 0 # Forwards (from upper level)
   latGETnl: 100061287 # GET request latency on next level
   latGETnet: 0 # GET request latency on network to next level
  l1d-1: # Filter cache stats
   fhGETS: 862994 # Filtered GETS hits
   fhGETX: 739122 # Filtered GETX hits
   hGETS: 5555 # GETS hits
   hGETX: 11288 # GETX hits
   mGETS: 117849 # GETS misses
   mGETXIM: 250069 # GETX I->M misses
   mGETXSM: 8 # GETX S->M misses (upgrade misses)
   PUTS: 0 # Clean evictions (from lower level)
   PUTX: 0 # Dirty evictions (from lower level)
   INV: 90 # Invalidates (from upper level)
   INVX: 22 # Downgrades (from upper level)
   FWD: 0 # Forwards (from upper level)
   latGETnl: 100029253 # GET request latency on next level
   latGETnet: 0 # GET request latency on network to next level
  l1d-2: # Filter cache stats
   fhGETS: 862876 # Filtered GETS hits
   fhGETX: 739066 # Filtered GETX hits
   hGETS: 5532 # GETS hits
   hGETX: 11261 # GETX hits
   mGETS: 117847 # GETS misses
   mGETXIM: 250061 # GETX I->M misses
   mGETXSM: 6 # GETX S->M misses (upgrade misses)
   PUTS: 0 # Clean evictions (from lower level)
   PUTX: 0 # Dirty evictions (from lower level)
   INV: 73 # Invalidates (from upper level)
   INVX: 10 # Downgrades (from upper level)
   FWD: 0 # Forwards (from upper level)
   latGETnl: 100028057 # GET request latency on next level
   latGETnet: 0 # GET request latency on network to next level
  l1d-3: # Filter cache stats
   fhGETS: 862925 # Filtered GETS hits
   fhGETX: 739085 # Filtered GETX hits
   hGETS: 5563 # GETS hits
   hGETX: 11294 # GETX hits
   mGETS: 117847 # GETS misses
   mGETXIM: 250064 # GETX I->M misses
   mGETXSM: 9 # GETX S->M misses (upgrade misses)
   PUTS: 0 # Clean evictions (from lower level)
   PUTX: 0 # Dirty evictions (from lower level)
   INV: 86 # Invalidates (from upper level)
   INVX: 30 # Downgrades (from upper level)
   FWD: 0 # Forwards (from upper level)
   latGETnl: 100030643 # GET request latency on next level
   latGETnet: 0 # GET request latency on network to next level
  l1d-4: # Filter cache stats
   fhGETS: 862930 # Filtered GETS hits
   fhGETX: 739077 # Filtered GETX hits
   hGETS: 5565 # GETS hits
   hGETX: 11296 # GETX hits
   mGETS: 117847 # GETS misses
   mGETXIM: 250068 # GETX I->M misses
   mGETXSM: 9 # GETX S->M misses (upgrade misses)
   PUTS: 0 # Clean evictions (from lower level)
   PUTX: 0 # Dirty evictions (from lower level)
   INV: 87 # Invalidates (from upper level)
   INVX: 19 # Downgrades (from upper level)
   FWD: 0 # Forwards (from upper level)
   latGETnl: 100028034 # GET request latency on next level
   latGETnet: 0 # GET request latency on network to next level
  l1d-5: # Filter cache stats
   fhGETS: 862941 # Filtered GETS hits
   fhGETX: 739103 # Filtered GETX hits
   hGETS: 5549 # GETS hits
   hGETX: 11267 # GETX hits
   mGETS: 117842 # GETS misses
   mGETXIM: 250071 # GETX I->M misses
   mGETXSM: 8 # GETX S->M misses (upgrade misses)
   PUTS: 0 # Clean evictions (from lower level)
   PUTX: 0 # Dirty evictions (from lower level)
   INV: 86 # Invalidates (from upper level)
   INVX: 17 # Downgrades (from upper level)
   FWD: 0 # Forwards (from upper level)
   latGETnl: 100026909 # GET request latency on next level
   latGETnet: 0 # GET request latency on network to next level
  l1d-6: # Filter cache stats
   fhGETS: 862767 # Filtered GETS hits
   fhGETX: 739003 # Filtered GETX hits
   hGETS: 5547 # GETS hits
   hGETX: 11273 # GETX hits
   mGETS: 117829 # GETS misses
   mGETXIM: 250056 # GETX I->M misses
   mGETXSM: 5 # GETX S->M misses (upgrade misses)
   PUTS: 0 # Clean evictions (from lower level)
   PUTX: 0 # Dirty evictions (from lower level)
   INV: 69 # Invalidates (from upper level)
   INVX: 17 # Downgrades (from upper level)
   FWD: 0 # Forwards (from upper level)
   latGETnl: 100026211 # GET request latency on next level
   latGETnet: 0 # GET request latency on network to next level
  l1d-7: # Filter cache stats
   fhGETS: 862929 # Filtered GETS hits
   fhGETX: 739090 # Filtered GETX hits
   hGETS: 5561 # GETS hits
   hGETX: 11279 # GETX hits
   mGETS: 117842 # GETS misses
   mGETXIM: 250072 # GETX I->M misses
   mGETXSM: 8 # GETX S->M misses (upgrade misses)
   PUTS: 0 # Clean evictions (from lower level)
   PUTX: 0 # Dirty evictions (from lower level)
   INV: 88 # Invalidates (from upper level)
   INVX: 19 # Downgrades (from upper level)
   FWD: 0 # Forwards (from upper level)
   latGETnl: 100026928 # GET request latency on next level
   latGETnet: 0 # GET request latency on network to next level
  l1d-8: # Filter cache stats
   fhGETS: 862773 # Filtered GETS hits
   fhGETX: 739013 # Filtered GETX hits
   hGETS: 5546 # GETS hits
   hGETX: 11255 # GETX hits
   mGETS: 117824 # GETS misses
   mGETXIM: 250064 # GETX I->M misses
   mGETXSM: 5 # GETX S->M misses (upgrade misses)
   PUTS: 0 # Clean evictions (from lower level)
   PUTX: 0 # Dirty evictions (from lower level)
   INV: 72 # Invalidates (from upper level)
   INVX: 10 # Downgrades (from upper level)
   FWD: 0 # Forwards (from upper level)
   latGETnl: 100023259 # GET request latency on next level
   latGETnet: 0 # GET request latency on network to next level
  l1d-9: # Filter cache stats
   fhGETS: 862788 # Filtered GETS hits
   fhGETX: 739003 # Filtered GETX hits
   hGETS: 5540 # GETS hits
   hGETX: 11267 # GETX hits
   mGETS: 117827 # GETS misses
   mGETXIM: 250063 # GETX I->M misses
   mGETXSM: 6 # GETX S->M misses (upgrade misses)
   PUTS: 0 # Clean evictions (from lower level)
   PUTX: 0 # Dirty evictions (from lower level)
   INV: 72 # Invalidates (from upper level)
   INVX: 12 # Downgrades (from upper level)
   FWD: 0 # Forwards (from upper level)
   latGETnl: 100024187 # GET request latency on next level
   latGETnet: 0 # GET request latency on network to next level
  l1d-10: # Filter cache stats
   fhGETS: 862784 # Filtered GETS hits
   fhGETX: 739003 # Filtered GETX hits
   hGETS: 5543 # GETS hits
   hGETX: 11265 # GETX hits
   mGETS: 117826 # GETS misses
   mGETXIM: 250064 # GETX I->M misses
   mGETXSM: 6 # GETX S->M misses (upgrade misses)
   PUTS: 0 # Clean evictions (from lower level)
   PUTX: 0 # Dirty evictions (from lower level)
   INV: 72 # Invalidates (from upper level)
   INVX: 18 # Downgrades (from upper level)
   FWD: 0 # Forwards (from upper level)
   latGETnl: 100026114 # GET request latency on next level
   latGETnet: 0 # GET request latency on network to next level
  l1d-11: # Filter cache stats
   fhGETS: 862956 # Filtered GETS hits
   fhGETX: 739121 # Filtered GETX hits
   hGETS: 5570 # GETS hits
   hGETX: 11260 # GETX hits
   mGETS: 117840 # GETS misses
   mGETXIM: 250083 # GETX I->M misses
   mGETXSM: 11 # GETX S->M misses (upgrade misses)
   PUTS: 0 # Clean evictions (from lower level)
   PUTX: 0 # Dirty evictions (from lower level)
   INV: 84 # Invalidates (from upper level)
   INVX: 15 # Downgrades (from upper level)
   FWD: 0 # Forwards (from upper level)
   latGETnl: 100030163 # GET request latency on next level
   latGETnet: 0 # GET request latency on network to next level
  l1d-12: # Filter cache stats
   fhGETS: 862798 # Filtered GETS hits
   fhGETX: 739017 # Filtered GETX hits
   hGETS: 5532 # GETS hits
   hGETX: 11251 # GETX hits
   mGETS: 117824 # GETS misses
   mGETXIM: 250066 # GETX I->M misses
   mGETXSM: 5 # GETX S->M misses (upgrade misses)
   PUTS: 0 # Clean evictions (from lower level)
   PUTX: 0 # Dirty evictions (from lower level)
   INV: 73 # Invalidates (from upper level)
   INVX: 8 # Downgrades (from upper level)
   FWD: 0 # Forwards (from upper level)
   latGETnl: 100023099 # GET request latency on next level
   latGETnet: 0 # GET request latency on network to next level
  l1d-13: # Filter cache stats
   fhGETS: 862792 # Filtered GETS hits
   fhGETX: 739016 # Filtered GETX hits
   hGETS: 5530 # GETS hits
   hGETX: 11253 # GETX hits
   mGETS: 117825 # GETS misses
   mGETXIM: 250061 # GETX I->M misses
   mGETXSM: 3 # GETX S->M misses (upgrade misses)
   PUTS: 0 # Clean evictions (from lower level)
   PUTX: 0 # Dirty evictions (from lower level)
   INV: 69 # Invalidates (from upper level)
   INVX: 18 # Downgrades (from upper level)
   FWD: 0 # Forwards (from upper level)
   latGETnl: 100025771 # GET request latency on next level
   latGETnet: 0 # GET request latency on network to next level
  l1d-14: # Filter cache stats
   fhGETS: 862793 # Filtered GETS hits
   fhGETX: 739008 # Filtered GETX hits
   hGETS: 5533 # GETS hits
   hGETX: 11259 # GETX hits
   mGETS: 117827 # GETS misses
   mGETXIM: 250066 # GETX I->M misses
   mGETXSM: 5 # GETX S->M misses (upgrade misses)
   PUTS: 0 # Clean evictions (from lower level)
   PUTX: 0 # Dirty evictions (from lower level)
   INV: 75 # Invalidates (from upper level)
   INVX: 1 # Downgrades (from upper level)
   FWD: 0 # Forwards (from upper level)
   latGETnl: 100022608 # GET request latency on next level
   latGETnet: 0 # GET request latency on network to next level
  l1d-15: # Filter cache stats
   fhGETS: 862767 # Filtered GETS hits
   fhGETX: 738991 # Filtered GETX hits
   hGETS: 5546 # GETS hits
   hGETX: 11286 # GETX hits
   mGETS: 117829 # GETS misses
   mGETXIM: 250053 # GETX I->M misses
   mGETXSM: 6 # GETX S->M misses (upgrade misses)
   PUTS: 0 # Clean evictions (from lower level)
   PUTX: 0 # Dirty evictions (from lower level)
   INV: 69 # Invalidates (from upper level)
   INVX: 4 # Downgrades (from upper level)
   FWD: 0 # Forwards (from upper level)
   latGETnl: 100022743 # GET request latency on next level
   latGETnet: 0 # GET request latency on network to next level
  l1d-16: # Filter cache stats
   fhGETS: 862798 # Filtered GETS hits
   fhGETX: 739006 # Filtered GETX hits
   hGETS: 5528 # GETS hits
   hGETX: 11265 # GETX hits
   mGETS: 117827 # GETS misses
   mGETXIM: 250061 # GETX I->M misses
   mGETXSM: 6 # GETX S->M misses (upgrade misses)
   PUTS: 0 # Clean evictions (from lower level)
   PUTX: 0 # Dirty evictions (from lower level)
   INV: 72 # Invalidates (from upper level)
   INVX: 3 # Downgrades (from upper level)
   FWD: 0 # Forwards (from upper level)
   latGETnl: 100022350 # GET request latency on next level
   latGETnet: 0 # GET request latency on network to next level
  l1d-17: # Filter cache stats
   fhGETS: 864185 # Filtered GETS hits
   fhGETX: 739523 # Filtered GETX hits
   hGETS: 5886 # GETS hits
   hGETX: 11326 # GETX hits
   mGETS: 117888 # GETS misses
   mGETXIM: 250049 # GETX I->M misses
   mGETXSM: 15 # GETX S->M misses (upgrade misses)
   PUTS: 0 # Clean evictions (from lower level)
   PUTX: 0 # Dirty evictions (from lower level)
   INV: 73 # Invalidates (from upper level)
   INVX: 2 # Downgrades (from upper level)
   FWD: 0 # Forwards (from upper level)
   latGETnl: 100027675 # GET request latency on next level
   latGETnet: 0 # GET request latency on network to next level
  l1d-18: # Filter cache stats
   fhGETS: 862765 # Filtered GETS hits
   fhGETX: 739001 # Filtered GETX hits
   hGETS: 5552 # GETS hits
   hGETX: 11268 # GETX hits
   mGETS: 117826 # GETS misses
   mGETXIM: 250062 # GETX I->M misses
   mGETXSM: 6 # GETX S->M misses (upgrade misses)
   PUTS: 0 # Clean evictions (from lower level)
   PUTX: 0 # Dirty evictions (from lower level)
   INV: 72 # Invalidates (from upper level)
   INVX: 1 # Downgrades (from upper level)
   FWD: 0 # Forwards (from upper level)
   latGETnl: 100021703 # GET request latency on next level
   latGETnet: 0 # GET request latency on network to next level
  l1d-19: # Filter cache stats
   fhGETS: 862788 # Filtered GETS hits
   fhGETX: 739011 # Filtered GETX hits
   hGETS: 5525 # GETS hits
   hGETX: 11264 # GETX hits
   mGETS: 117829 # GETS misses
   mGETXIM: 250056 # GETX I->M misses
   mGETXSM: 5 # GETX S->M misses (upgrade misses)
   PUTS: 0 # Clean evictions (from lower level)
   PUTX: 0 # Dirty evictions (from lower level)
   INV: 70 # Invalidates (from upper level)
   INVX: 2 # Downgrades (from upper level)
   FWD: 0 # Forwards (from upper level)
   latGETnl: 100022162 # GET request latency on next level
   latGETnet: 0 # GET request latency on network to next level
  l1d-20: # Filter cache stats
   fhGETS: 862784 # Filtered GETS hits
   fhGETX: 739006 # Filtered GETX hits
   hGETS: 5530 # GETS hits
   hGETX: 11270 # GETX hits
   mGETS: 117829 # GETS misses
   mGETXIM: 250056 # GETX I->M misses
   mGETXSM: 5 # GETX S->M misses (upgrade misses)
   PUTS: 0 # Clean evictions (from lower level)
   PUTX: 0 # Dirty evictions (from lower level)
   INV: 70 # Invalidates (from upper level)
   INVX: 2 # Downgrades (from upper level)
   FWD: 0 # Forwards (from upper level)
   latGETnl: 100022387 # GET request latency on next level
   latGETnet: 0 # GET request latency on network to next level
  l1d-21: # Filter cache stats
   fhGETS: 862781 # Filtered GETS hits
   fhGETX: 739012 # Filtered GETX hits
   hGETS: 5529 # GETS hits
   hGETX: 11261 # GETX hits
   mGETS: 117827 # GETS misses
   mGETXIM: 250055 # GETX I->M misses
   mGETXSM: 4 # GETX S->M misses (upgrade misses)
   PUTS: 0 # Clean evictions (from lower level)
   PUTX: 0 # Dirty evictions (from lower level)
   INV: 66 # Invalidates (from upper level)
   INVX: 1 # Downgrades (from upper level)
   FWD: 0 # Forwards (from upper level)
   latGETnl: 100021946 # GET request latency on next level
   latGETnet: 0 # GET request latency on network to next level
  l1d-22: # Filter cache stats
   fhGETS: 862787 # Filtered GETS hits
   fhGETX: 739009 # Filtered GETX hits
   hGETS: 5528 # GETS hits
   hGETX: 11265 # GETX hits
   mGETS: 117828 # GETS misses
   mGETXIM: 250057 # GETX I->M misses
   mGETXSM: 6 # GETX S->M misses (upgrade misses)
   PUTS: 0 # Clean evictions (from lower level)
   PUTX: 0 # Dirty evictions (from lower level)
   INV: 70 # Invalidates (from upper level)
   INVX: 2 # Downgrades (from upper level)
   FWD: 0 # Forwards (from upper level)
   latGETnl: 100021787 # GET request latency on next level
   latGETnet: 0 # GET request latency on network to next level
  l1d-23: # Filter cache stats
   fhGETS: 0 # Filtered GETS hits
   fhGETX: 0 # Filtered GETX hits
   hGETS: 0 # GETS hits
   hGETX: 0 # GETX hits
   mGETS: 0 # GETS misses
   mGETXIM: 0 # GETX I->M misses
   mGETXSM: 0 # GETX S->M misses (upgrade misses)
   PUTS: 0 # Clean evictions (from lower level)
   PUTX: 0 # Dirty evictions (from lower level)
   INV: 0 # Invalidates (from upper level)
   INVX: 0 # Downgrades (from upper level)
   FWD: 0 # Forwards (from upper level)
   latGETnl: 0 # GET request latency on next level
   latGETnet: 0 # GET request latency on network to next level
 l1i: # Cache stats
  l1i-0: # Filter cache stats
   fhGETS: 113611386 # Filtered GETS hits
   fhGETX: 0 # Filtered GETX hits
   hGETS: 45 # GETS hits
   hGETX: 0 # GETX hits
   mGETS: 821 # GETS misses
   mGETXIM: 0 # GETX I->M misses
   mGETXSM: 0 # GETX S->M misses (upgrade misses)
   PUTS: 0 # Clean evictions (from lower level)
   PUTX: 0 # Dirty evictions (from lower level)
   INV: 797 # Invalidates (from upper level)
   INVX: 0 # Downgrades (from upper level)
   FWD: 0 # Forwards (from upper level)
   latGETnl: 77062 # GET request latency on next level
   latGETnet: 0 # GET request latency on network to next level
  l1i-1: # Filter cache stats
   fhGETS: 113611218 # Filtered GETS hits
   fhGETX: 0 # Filtered GETX hits
   hGETS: 36 # GETS hits
   hGETX: 0 # GETX hits
   mGETS: 724 # GETS misses
   mGETXIM: 0 # GETX I->M misses
   mGETXSM: 0 # GETX S->M misses (upgrade misses)
   PUTS: 0 # Clean evictions (from lower level)
   PUTX: 0 # Dirty evictions (from lower level)
   INV: 700 # Invalidates (from upper level)
   INVX: 0 # Downgrades (from upper level)
   FWD: 0 # Forwards (from upper level)
   latGETnl: 40103 # GET request latency on next level
   latGETnet: 0 # GET request latency on network to next level
  l1i-2: # Filter cache stats
   fhGETS: 113610137 # Filtered GETS hits
   fhGETX: 0 # Filtered GETX hits
   hGETS: 41 # GETS hits
   hGETX: 0 # GETX hits
   mGETS: 760 # GETS misses
   mGETXIM: 0 # GETX I->M misses
   mGETXSM: 0 # GETX S->M misses (upgrade misses)
   PUTS: 0 # Clean evictions (from lower level)
   PUTX: 0 # Dirty evictions (from lower level)
   INV: 736 # Invalidates (from upper level)
   INVX: 0 # Downgrades (from upper level)
   FWD: 0 # Forwards (from upper level)
   latGETnl: 45395 # GET request latency on next level
   latGETnet: 0 # GET request latency on network to next level
  l1i-3: # Filter cache stats
   fhGETS: 113611386 # Filtered GETS hits
   fhGETX: 0 # Filtered GETX hits
   hGETS: 31 # GETS hits
   hGETX: 0 # GETX hits
   mGETS: 731 # GETS misses
   mGETXIM: 0 # GETX I->M misses
   mGETXSM: 0 # GETX S->M misses (upgrade misses)
   PUTS: 0 # Clean evictions (from lower level)
   PUTX: 0 # Dirty evictions (from lower level)
   INV: 707 # Invalidates (from upper level)
   INVX: 0 # Downgrades (from upper level)
   FWD: 0 # Forwards (from upper level)
   latGETnl: 39757 # GET request latency on next level
   latGETnet: 0 # GET request latency on network to next level
  l1i-4: # Filter cache stats
   fhGETS: 113611548 # Filtered GETS hits
   fhGETX: 0 # Filtered GETX hits
   hGETS: 29 # GETS hits
   hGETX: 0 # GETX hits
   mGETS: 739 # GETS misses
   mGETXIM: 0 # GETX I->M misses
   mGETXSM: 0 # GETX S->M misses (upgrade misses)
   PUTS: 0 # Clean evictions (from lower level)
   PUTX: 0 # Dirty evictions (from lower level)
   INV: 709 # Invalidates (from upper level)
   INVX: 0 # Downgrades (from upper level)
   FWD: 0 # Forwards (from upper level)
   latGETnl: 36308 # GET request latency on next level
   latGETnet: 0 # GET request latency on network to next level
  l1i-5: # Filter cache stats
   fhGETS: 113611464 # Filtered GETS hits
   fhGETX: 0 # Filtered GETX hits
   hGETS: 29 # GETS hits
   hGETX: 0 # GETX hits
   mGETS: 734 # GETS misses
   mGETXIM: 0 # GETX I->M misses
   mGETXSM: 0 # GETX S->M misses (upgrade misses)
   PUTS: 0 # Clean evictions (from lower level)
   PUTX: 0 # Dirty evictions (from lower level)
   INV: 710 # Invalidates (from upper level)
   INVX: 0 # Downgrades (from upper level)
   FWD: 0 # Forwards (from upper level)
   latGETnl: 34948 # GET request latency on next level
   latGETnet: 0 # GET request latency on network to next level
  l1i-6: # Filter cache stats
   fhGETS: 113611214 # Filtered GETS hits
   fhGETX: 0 # Filtered GETX hits
   hGETS: 27 # GETS hits
   hGETX: 0 # GETX hits
   mGETS: 711 # GETS misses
   mGETXIM: 0 # GETX I->M misses
   mGETXSM: 0 # GETX S->M misses (upgrade misses)
   PUTS: 0 # Clean evictions (from lower level)
   PUTX: 0 # Dirty evictions (from lower level)
   INV: 687 # Invalidates (from upper level)
   INVX: 0 # Downgrades (from upper level)
   FWD: 0 # Forwards (from upper level)
   latGETnl: 38142 # GET request latency on next level
   latGETnet: 0 # GET request latency on network to next level
  l1i-7: # Filter cache stats
   fhGETS: 113611090 # Filtered GETS hits
   fhGETX: 0 # Filtered GETX hits
   hGETS: 30 # GETS hits
   hGETX: 0 # GETX hits
   mGETS: 733 # GETS misses
   mGETXIM: 0 # GETX I->M misses
   mGETXSM: 0 # GETX S->M misses (upgrade misses)
   PUTS: 0 # Clean evictions (from lower level)
   PUTX: 0 # Dirty evictions (from lower level)
   INV: 709 # Invalidates (from upper level)
   INVX: 0 # Downgrades (from upper level)
   FWD: 0 # Forwards (from upper level)
   latGETnl: 34451 # GET request latency on next level
   latGETnet: 0 # GET request latency on network to next level
  l1i-8: # Filter cache stats
   fhGETS: 113611288 # Filtered GETS hits
   fhGETX: 0 # Filtered GETX hits
   hGETS: 30 # GETS hits
   hGETX: 0 # GETX hits
   mGETS: 715 # GETS misses
   mGETXIM: 0 # GETX I->M misses
   mGETXSM: 0 # GETX S->M misses (upgrade misses)
   PUTS: 0 # Clean evictions (from lower level)
   PUTX: 0 # Dirty evictions (from lower level)
   INV: 691 # Invalidates (from upper level)
   INVX: 0 # Downgrades (from upper level)
   FWD: 0 # Forwards (from upper level)
   latGETnl: 36755 # GET request latency on next level
   latGETnet: 0 # GET request latency on network to next level
  l1i-9: # Filter cache stats
   fhGETS: 113611387 # Filtered GETS hits
   fhGETX: 0 # Filtered GETX hits
   hGETS: 30 # GETS hits
   hGETX: 0 # GETX hits
   mGETS: 727 # GETS misses
   mGETXIM: 0 # GETX I->M misses
   mGETXSM: 0 # GETX S->M misses (upgrade misses)
   PUTS: 0 # Clean evictions (from lower level)
   PUTX: 0 # Dirty evictions (from lower level)
   INV: 695 # Invalidates (from upper level)
   INVX: 0 # Downgrades (from upper level)
   FWD: 0 # Forwards (from upper level)
   latGETnl: 38444 # GET request latency on next level
   latGETnet: 0 # GET request latency on network to next level
  l1i-10: # Filter cache stats
   fhGETS: 113611393 # Filtered GETS hits
   fhGETX: 0 # Filtered GETX hits
   hGETS: 30 # GETS hits
   hGETX: 0 # GETX hits
   mGETS: 720 # GETS misses
   mGETXIM: 0 # GETX I->M misses
   mGETXSM: 0 # GETX S->M misses (upgrade misses)
   PUTS: 0 # Clean evictions (from lower level)
   PUTX: 0 # Dirty evictions (from lower level)
   INV: 692 # Invalidates (from upper level)
   INVX: 0 # Downgrades (from upper level)
   FWD: 0 # Forwards (from upper level)
   latGETnl: 37440 # GET request latency on next level
   latGETnet: 0 # GET request latency on network to next level
  l1i-11: # Filter cache stats
   fhGETS: 113611326 # Filtered GETS hits
   fhGETX: 0 # Filtered GETX hits
   hGETS: 108 # GETS hits
   hGETX: 0 # GETX hits
   mGETS: 720 # GETS misses
   mGETXIM: 0 # GETX I->M misses
   mGETXSM: 0 # GETX S->M misses (upgrade misses)
   PUTS: 0 # Clean evictions (from lower level)
   PUTX: 0 # Dirty evictions (from lower level)
   INV: 696 # Invalidates (from upper level)
   INVX: 0 # Downgrades (from upper level)
   FWD: 0 # Forwards (from upper level)
   latGETnl: 35865 # GET request latency on next level
   latGETnet: 0 # GET request latency on network to next level
  l1i-12: # Filter cache stats
   fhGETS: 113611389 # Filtered GETS hits
   fhGETX: 0 # Filtered GETX hits
   hGETS: 30 # GETS hits
   hGETX: 0 # GETX hits
   mGETS: 724 # GETS misses
   mGETXIM: 0 # GETX I->M misses
   mGETXSM: 0 # GETX S->M misses (upgrade misses)
   PUTS: 0 # Clean evictions (from lower level)
   PUTX: 0 # Dirty evictions (from lower level)
   INV: 694 # Invalidates (from upper level)
   INVX: 0 # Downgrades (from upper level)
   FWD: 0 # Forwards (from upper level)
   latGETnl: 36278 # GET request latency on next level
   latGETnet: 0 # GET request latency on network to next level
  l1i-13: # Filter cache stats
   fhGETS: 113611364 # Filtered GETS hits
   fhGETX: 0 # Filtered GETX hits
   hGETS: 30 # GETS hits
   hGETX: 0 # GETX hits
   mGETS: 714 # GETS misses
   mGETXIM: 0 # GETX I->M misses
   mGETXSM: 0 # GETX S->M misses (upgrade misses)
   PUTS: 0 # Clean evictions (from lower level)
   PUTX: 0 # Dirty evictions (from lower level)
   INV: 684 # Invalidates (from upper level)
   INVX: 0 # Downgrades (from upper level)
   FWD: 0 # Forwards (from upper level)
   latGETnl: 35808 # GET request latency on next level
   latGETnet: 0 # GET request latency on network to next level
  l1i-14: # Filter cache stats
   fhGETS: 113611396 # Filtered GETS hits
   fhGETX: 0 # Filtered GETX hits
   hGETS: 30 # GETS hits
   hGETX: 0 # GETX hits
   mGETS: 726 # GETS misses
   mGETXIM: 0 # GETX I->M misses
   mGETXSM: 0 # GETX S->M misses (upgrade misses)
   PUTS: 0 # Clean evictions (from lower level)
   PUTX: 0 # Dirty evictions (from lower level)
   INV: 696 # Invalidates (from upper level)
   INVX: 0 # Downgrades (from upper level)
   FWD: 0 # Forwards (from upper level)
   latGETnl: 35022 # GET request latency on next level
   latGETnet: 0 # GET request latency on network to next level
  l1i-15: # Filter cache stats
   fhGETS: 113611048 # Filtered GETS hits
   fhGETX: 0 # Filtered GETX hits
   hGETS: 30 # GETS hits
   hGETX: 0 # GETX hits
   mGETS: 717 # GETS misses
   mGETXIM: 0 # GETX I->M misses
   mGETXSM: 0 # GETX S->M misses (upgrade misses)
   PUTS: 0 # Clean evictions (from lower level)
   PUTX: 0 # Dirty evictions (from lower level)
   INV: 694 # Invalidates (from upper level)
   INVX: 0 # Downgrades (from upper level)
   FWD: 0 # Forwards (from upper level)
   latGETnl: 34824 # GET request latency on next level
   latGETnet: 0 # GET request latency on network to next level
  l1i-16: # Filter cache stats
   fhGETS: 113611392 # Filtered GETS hits
   fhGETX: 0 # Filtered GETX hits
   hGETS: 30 # GETS hits
   hGETX: 0 # GETX hits
   mGETS: 724 # GETS misses
   mGETXIM: 0 # GETX I->M misses
   mGETXSM: 0 # GETX S->M misses (upgrade misses)
   PUTS: 0 # Clean evictions (from lower level)
   PUTX: 0 # Dirty evictions (from lower level)
   INV: 694 # Invalidates (from upper level)
   INVX: 0 # Downgrades (from upper level)
   FWD: 0 # Forwards (from upper level)
   latGETnl: 35153 # GET request latency on next level
   latGETnet: 0 # GET request latency on network to next level
  l1i-17: # Filter cache stats
   fhGETS: 113601046 # Filtered GETS hits
   fhGETX: 0 # Filtered GETX hits
   hGETS: 198 # GETS hits
   hGETX: 0 # GETX hits
   mGETS: 787 # GETS misses
   mGETXIM: 0 # GETX I->M misses
   mGETXSM: 0 # GETX S->M misses (upgrade misses)
   PUTS: 0 # Clean evictions (from lower level)
   PUTX: 0 # Dirty evictions (from lower level)
   INV: 763 # Invalidates (from upper level)
   INVX: 0 # Downgrades (from upper level)
   FWD: 0 # Forwards (from upper level)
   latGETnl: 50264 # GET request latency on next level
   latGETnet: 0 # GET request latency on network to next level
  l1i-18: # Filter cache stats
   fhGETS: 113611155 # Filtered GETS hits
   fhGETX: 0 # Filtered GETX hits
   hGETS: 30 # GETS hits
   hGETX: 0 # GETX hits
   mGETS: 724 # GETS misses
   mGETXIM: 0 # GETX I->M misses
   mGETXSM: 0 # GETX S->M misses (upgrade misses)
   PUTS: 0 # Clean evictions (from lower level)
   PUTX: 0 # Dirty evictions (from lower level)
   INV: 700 # Invalidates (from upper level)
   INVX: 0 # Downgrades (from upper level)
   FWD: 0 # Forwards (from upper level)
   latGETnl: 34028 # GET request latency on next level
   latGETnet: 0 # GET request latency on network to next level
  l1i-19: # Filter cache stats
   fhGETS: 113611197 # Filtered GETS hits
   fhGETX: 0 # Filtered GETX hits
   hGETS: 30 # GETS hits
   hGETX: 0 # GETX hits
   mGETS: 715 # GETS misses
   mGETXIM: 0 # GETX I->M misses
   mGETXSM: 0 # GETX S->M misses (upgrade misses)
   PUTS: 0 # Clean evictions (from lower level)
   PUTX: 0 # Dirty evictions (from lower level)
   INV: 691 # Invalidates (from upper level)
   INVX: 0 # Downgrades (from upper level)
   FWD: 0 # Forwards (from upper level)
   latGETnl: 33830 # GET request latency on next level
   latGETnet: 0 # GET request latency on network to next level
  l1i-20: # Filter cache stats
   fhGETS: 113611143 # Filtered GETS hits
   fhGETX: 0 # Filtered GETX hits
   hGETS: 30 # GETS hits
   hGETX: 0 # GETX hits
   mGETS: 718 # GETS misses
   mGETXIM: 0 # GETX I->M misses
   mGETXSM: 0 # GETX S->M misses (upgrade misses)
   PUTS: 0 # Clean evictions (from lower level)
   PUTX: 0 # Dirty evictions (from lower level)
   INV: 697 # Invalidates (from upper level)
   INVX: 0 # Downgrades (from upper level)
   FWD: 0 # Forwards (from upper level)
   latGETnl: 33746 # GET request latency on next level
   latGETnet: 0 # GET request latency on network to next level
  l1i-21: # Filter cache stats
   fhGETS: 113611038 # Filtered GETS hits
   fhGETX: 0 # Filtered GETX hits
   hGETS: 30 # GETS hits
   hGETX: 0 # GETX hits
   mGETS: 713 # GETS misses
   mGETXIM: 0 # GETX I->M misses
   mGETXSM: 0 # GETX S->M misses (upgrade misses)
   PUTS: 0 # Clean evictions (from lower level)
   PUTX: 0 # Dirty evictions (from lower level)
   INV: 689 # Invalidates (from upper level)
   INVX: 0 # Downgrades (from upper level)
   FWD: 0 # Forwards (from upper level)
   latGETnl: 33511 # GET request latency on next level
   latGETnet: 0 # GET request latency on network to next level
  l1i-22: # Filter cache stats
   fhGETS: 113610896 # Filtered GETS hits
   fhGETX: 0 # Filtered GETX hits
   hGETS: 30 # GETS hits
   hGETX: 0 # GETX hits
   mGETS: 714 # GETS misses
   mGETXIM: 0 # GETX I->M misses
   mGETXSM: 0 # GETX S->M misses (upgrade misses)
   PUTS: 0 # Clean evictions (from lower level)
   PUTX: 0 # Dirty evictions (from lower level)
   INV: 690 # Invalidates (from upper level)
   INVX: 0 # Downgrades (from upper level)
   FWD: 0 # Forwards (from upper level)
   latGETnl: 33558 # GET request latency on next level
   latGETnet: 0 # GET request latency on network to next level
  l1i-23: # Filter cache stats
   fhGETS: 0 # Filtered GETS hits
   fhGETX: 0 # Filtered GETX hits
   hGETS: 0 # GETS hits
   hGETX: 0 # GETX hits
   mGETS: 0 # GETS misses
   mGETXIM: 0 # GETX I->M misses
   mGETXSM: 0 # GETX S->M misses (upgrade misses)
   PUTS: 0 # Clean evictions (from lower level)
   PUTX: 0 # Dirty evictions (from lower level)
   INV: 0 # Invalidates (from upper level)
   INVX: 0 # Downgrades (from upper level)
   FWD: 0 # Forwards (from upper level)
   latGETnl: 0 # GET request latency on next level
   latGETnet: 0 # GET request latency on network to next level
 l2: # Cache stats
  l2-0: # Cache stats
   hGETS: 0 # GETS hits
   hGETX: 0 # GETX hits
   mGETS: 118718 # GETS misses
   mGETXIM: 250099 # GETX I->M misses
   mGETXSM: 6 # GETX S->M misses (upgrade misses)
   PUTS: 117657 # Clean evictions (from lower level)
   PUTX: 249724 # Dirty evictions (from lower level)
   INV: 35508 # Invalidates (from upper level)
   INVX: 92 # Downgrades (from upper level)
   FWD: 0 # Forwards (from upper level)
   latGETnl: 96450119 # GET request latency on next level
   latGETnet: 0 # GET request latency on network to next level
  l2-1: # Cache stats
   hGETS: 0 # GETS hits
   hGETX: 0 # GETX hits
   mGETS: 118573 # GETS misses
   mGETXIM: 250070 # GETX I->M misses
   mGETXSM: 7 # GETX S->M misses (upgrade misses)
   PUTS: 117616 # Clean evictions (from lower level)
   PUTX: 249702 # Dirty evictions (from lower level)
   INV: 22302 # Invalidates (from upper level)
   INVX: 22 # Downgrades (from upper level)
   FWD: 0 # Forwards (from upper level)
   latGETnl: 96382856 # GET request latency on next level
   latGETnet: 0 # GET request latency on network to next level
  l2-2: # Cache stats
   hGETS: 0 # GETS hits
   hGETX: 0 # GETX hits
   mGETS: 118607 # GETS misses
   mGETXIM: 250061 # GETX I->M misses
   mGETXSM: 6 # GETX S->M misses (upgrade misses)
   PUTS: 117619 # Clean evictions (from lower level)
   PUTX: 249704 # Dirty evictions (from lower level)
   INV: 38110 # Invalidates (from upper level)
   INVX: 10 # Downgrades (from upper level)
   FWD: 0 # Forwards (from upper level)
   latGETnl: 96386712 # GET request latency on next level
   latGETnet: 0 # GET request latency on network to next level
  l2-3: # Cache stats
   hGETS: 0 # GETS hits
   hGETX: 0 # GETX hits
   mGETS: 118578 # GETS misses
   mGETXIM: 250065 # GETX I->M misses
   mGETXSM: 8 # GETX S->M misses (upgrade misses)
   PUTS: 117614 # Clean evictions (from lower level)
   PUTX: 249700 # Dirty evictions (from lower level)
   INV: 21920 # Invalidates (from upper level)
   INVX: 30 # Downgrades (from upper level)
   FWD: 0 # Forwards (from upper level)
   latGETnl: 96383890 # GET request latency on next level
   latGETnet: 0 # GET request latency on network to next level
  l2-4: # Cache stats
   hGETS: 0 # GETS hits
   hGETX: 0 # GETX hits
   mGETS: 118586 # GETS misses
   mGETXIM: 250068 # GETX I->M misses
   mGETXSM: 9 # GETX S->M misses (upgrade misses)
   PUTS: 117616 # Clean evictions (from lower level)
   PUTX: 249700 # Dirty evictions (from lower level)
   INV: 21914 # Invalidates (from upper level)
   INVX: 19 # Downgrades (from upper level)
   FWD: 0 # Forwards (from upper level)
   latGETnl: 96377712 # GET request latency on next level
   latGETnet: 0 # GET request latency on network to next level
  l2-5: # Cache stats
   hGETS: 0 # GETS hits
   hGETX: 0 # GETX hits
   mGETS: 118576 # GETS misses
   mGETXIM: 250071 # GETX I->M misses
   mGETXSM: 8 # GETX S->M misses (upgrade misses)
   PUTS: 117614 # Clean evictions (from lower level)
   PUTX: 249701 # Dirty evictions (from lower level)
   INV: 23344 # Invalidates (from upper level)
   INVX: 17 # Downgrades (from upper level)
   FWD: 0 # Forwards (from upper level)
   latGETnl: 96375307 # GET request latency on next level
   latGETnet: 0 # GET request latency on network to next level
  l2-6: # Cache stats
   hGETS: 0 # GETS hits
   hGETX: 0 # GETX hits
   mGETS: 118540 # GETS misses
   mGETXIM: 250056 # GETX I->M misses
   mGETXSM: 5 # GETX S->M misses (upgrade misses)
   PUTS: 117605 # Clean evictions (from lower level)
   PUTX: 249699 # Dirty evictions (from lower level)
   INV: 22376 # Invalidates (from upper level)
   INVX: 17 # Downgrades (from upper level)
   FWD: 0 # Forwards (from upper level)
   latGETnl: 96378343 # GET request latency on next level
   latGETnet: 0 # GET request latency on network to next level
  l2-7: # Cache stats
   hGETS: 0 # GETS hits
   hGETX: 0 # GETX hits
   mGETS: 118575 # GETS misses
   mGETXIM: 250072 # GETX I->M misses
   mGETXSM: 8 # GETX S->M misses (upgrade misses)
   PUTS: 117613 # Clean evictions (from lower level)
   PUTX: 249701 # Dirty evictions (from lower level)
   INV: 36253 # Invalidates (from upper level)
   INVX: 19 # Downgrades (from upper level)
   FWD: 0 # Forwards (from upper level)
   latGETnl: 96374829 # GET request latency on next level
   latGETnet: 0 # GET request latency on network to next level
  l2-8: # Cache stats
   hGETS: 0 # GETS hits
   hGETX: 0 # GETX hits
   mGETS: 118539 # GETS misses
   mGETXIM: 250064 # GETX I->M misses
   mGETXSM: 5 # GETX S->M misses (upgrade misses)
   PUTS: 117604 # Clean evictions (from lower level)
   PUTX: 249700 # Dirty evictions (from lower level)
   INV: 28564 # Invalidates (from upper level)
   INVX: 10 # Downgrades (from upper level)
   FWD: 0 # Forwards (from upper level)
   latGETnl: 96373934 # GET request latency on next level
   latGETnet: 0 # GET request latency on network to next level
  l2-9: # Cache stats
   hGETS: 0 # GETS hits
   hGETX: 0 # GETX hits
   mGETS: 118554 # GETS misses
   mGETXIM: 250063 # GETX I->M misses
   mGETXSM: 6 # GETX S->M misses (upgrade misses)
   PUTS: 117605 # Clean evictions (from lower level)
   PUTX: 249701 # Dirty evictions (from lower level)
   INV: 21956 # Invalidates (from upper level)
   INVX: 12 # Downgrades (from upper level)
   FWD: 0 # Forwards (from upper level)
   latGETnl: 96376401 # GET request latency on next level
   latGETnet: 0 # GET request latency on network to next level
  l2-10: # Cache stats
   hGETS: 0 # GETS hits
   hGETX: 0 # GETX hits
   mGETS: 118546 # GETS misses
   mGETXIM: 250064 # GETX I->M misses
   mGETXSM: 6 # GETX S->M misses (upgrade misses)
   PUTS: 117604 # Clean evictions (from lower level)
   PUTX: 249702 # Dirty evictions (from lower level)
   INV: 21846 # Invalidates (from upper level)
   INVX: 18 # Downgrades (from upper level)
   FWD: 0 # Forwards (from upper level)
   latGETnl: 96377394 # GET request latency on next level
   latGETnet: 0 # GET request latency on network to next level
  l2-11: # Cache stats
   hGETS: 0 # GETS hits
   hGETX: 0 # GETX hits
   mGETS: 118560 # GETS misses
   mGETXIM: 250083 # GETX I->M misses
   mGETXSM: 11 # GETX S->M misses (upgrade misses)
   PUTS: 117612 # Clean evictions (from lower level)
   PUTX: 249715 # Dirty evictions (from lower level)
   INV: 23312 # Invalidates (from upper level)
   INVX: 15 # Downgrades (from upper level)
   FWD: 0 # Forwards (from upper level)
   latGETnl: 96379488 # GET request latency on next level
   latGETnet: 0 # GET request latency on network to next level
  l2-12: # Cache stats
   hGETS: 0 # GETS hits
   hGETX: 0 # GETX hits
   mGETS: 118548 # GETS misses
   mGETXIM: 250066 # GETX I->M misses
   mGETXSM: 5 # GETX S->M misses (upgrade misses)
   PUTS: 117604 # Clean evictions (from lower level)
   PUTX: 249701 # Dirty evictions (from lower level)
   INV: 21786 # Invalidates (from upper level)
   INVX: 8 # Downgrades (from upper level)
   FWD: 0 # Forwards (from upper level)
   latGETnl: 96373187 # GET request latency on next level
   latGETnet: 0 # GET request latency on network to next level
  l2-13: # Cache stats
   hGETS: 0 # GETS hits
   hGETX: 0 # GETX hits
   mGETS: 118539 # GETS misses
   mGETXIM: 250061 # GETX I->M misses
   mGETXSM: 3 # GETX S->M misses (upgrade misses)
   PUTS: 117606 # Clean evictions (from lower level)
   PUTX: 249699 # Dirty evictions (from lower level)
   INV: 28013 # Invalidates (from upper level)
   INVX: 18 # Downgrades (from upper level)
   FWD: 0 # Forwards (from upper level)
   latGETnl: 96375549 # GET request latency on next level
   latGETnet: 0 # GET request latency on network to next level
  l2-14: # Cache stats
   hGETS: 0 # GETS hits
   hGETX: 0 # GETX hits
   mGETS: 118553 # GETS misses
   mGETXIM: 250066 # GETX I->M misses
   mGETXSM: 5 # GETX S->M misses (upgrade misses)
   PUTS: 117605 # Clean evictions (from lower level)
   PUTX: 249701 # Dirty evictions (from lower level)
   INV: 22057 # Invalidates (from upper level)
   INVX: 1 # Downgrades (from upper level)
   FWD: 0 # Forwards (from upper level)
   latGETnl: 96371390 # GET request latency on next level
   latGETnet: 0 # GET request latency on network to next level
  l2-15: # Cache stats
   hGETS: 0 # GETS hits
   hGETX: 0 # GETX hits
   mGETS: 118546 # GETS misses
   mGETXIM: 250053 # GETX I->M misses
   mGETXSM: 6 # GETX S->M misses (upgrade misses)
   PUTS: 117604 # Clean evictions (from lower level)
   PUTX: 249699 # Dirty evictions (from lower level)
   INV: 21828 # Invalidates (from upper level)
   INVX: 4 # Downgrades (from upper level)
   FWD: 0 # Forwards (from upper level)
   latGETnl: 96371517 # GET request latency on next level
   latGETnet: 0 # GET request latency on network to next level
  l2-16: # Cache stats
   hGETS: 0 # GETS hits
   hGETX: 0 # GETX hits
   mGETS: 118551 # GETS misses
   mGETXIM: 250061 # GETX I->M misses
   mGETXSM: 6 # GETX S->M misses (upgrade misses)
   PUTS: 117604 # Clean evictions (from lower level)
   PUTX: 249700 # Dirty evictions (from lower level)
   INV: 28825 # Invalidates (from upper level)
   INVX: 3 # Downgrades (from upper level)
   FWD: 0 # Forwards (from upper level)
   latGETnl: 96371323 # GET request latency on next level
   latGETnet: 0 # GET request latency on network to next level
  l2-17: # Cache stats
   hGETS: 0 # GETS hits
   hGETX: 0 # GETX hits
   mGETS: 118675 # GETS misses
   mGETXIM: 250049 # GETX I->M misses
   mGETXSM: 15 # GETX S->M misses (upgrade misses)
   PUTS: 117649 # Clean evictions (from lower level)
   PUTX: 249703 # Dirty evictions (from lower level)
   INV: 36016 # Invalidates (from upper level)
   INVX: 2 # Downgrades (from upper level)
   FWD: 0 # Forwards (from upper level)
   latGETnl: 96390549 # GET request latency on next level
   latGETnet: 0 # GET request latency on network to next level
  l2-18: # Cache stats
   hGETS: 0 # GETS hits
   hGETX: 0 # GETX hits
   mGETS: 118550 # GETS misses
   mGETXIM: 250062 # GETX I->M misses
   mGETXSM: 6 # GETX S->M misses (upgrade misses)
   PUTS: 117604 # Clean evictions (from lower level)
   PUTX: 249700 # Dirty evictions (from lower level)
   INV: 22074 # Invalidates (from upper level)
   INVX: 1 # Downgrades (from upper level)
   FWD: 0 # Forwards (from upper level)
   latGETnl: 96369551 # GET request latency on next level
   latGETnet: 0 # GET request latency on network to next level
  l2-19: # Cache stats
   hGETS: 0 # GETS hits
   hGETX: 0 # GETX hits
   mGETS: 118544 # GETS misses
   mGETXIM: 250056 # GETX I->M misses
   mGETXSM: 5 # GETX S->M misses (upgrade misses)
   PUTS: 117604 # Clean evictions (from lower level)
   PUTX: 249699 # Dirty evictions (from lower level)
   INV: 21864 # Invalidates (from upper level)
   INVX: 2 # Downgrades (from upper level)
   FWD: 0 # Forwards (from upper level)
   latGETnl: 96369942 # GET request latency on next level
   latGETnet: 0 # GET request latency on network to next level
  l2-20: # Cache stats
   hGETS: 0 # GETS hits
   hGETX: 0 # GETX hits
   mGETS: 118547 # GETS misses
   mGETXIM: 250056 # GETX I->M misses
   mGETXSM: 5 # GETX S->M misses (upgrade misses)
   PUTS: 117606 # Clean evictions (from lower level)
   PUTX: 249697 # Dirty evictions (from lower level)
   INV: 36619 # Invalidates (from upper level)
   INVX: 2 # Downgrades (from upper level)
   FWD: 0 # Forwards (from upper level)
   latGETnl: 96370053 # GET request latency on next level
   latGETnet: 0 # GET request latency on network to next level
  l2-21: # Cache stats
   hGETS: 0 # GETS hits
   hGETX: 0 # GETX hits
   mGETS: 118540 # GETS misses
   mGETXIM: 250055 # GETX I->M misses
   mGETXSM: 4 # GETX S->M misses (upgrade misses)
   PUTS: 117605 # Clean evictions (from lower level)
   PUTX: 249699 # Dirty evictions (from lower level)
   INV: 29214 # Invalidates (from upper level)
   INVX: 1 # Downgrades (from upper level)
   FWD: 0 # Forwards (from upper level)
   latGETnl: 96369467 # GET request latency on next level
   latGETnet: 0 # GET request latency on network to next level
  l2-22: # Cache stats
   hGETS: 0 # GETS hits
   hGETX: 0 # GETX hits
   mGETS: 118542 # GETS misses
   mGETXIM: 250057 # GETX I->M misses
   mGETXSM: 6 # GETX S->M misses (upgrade misses)
   PUTS: 117603 # Clean evictions (from lower level)
   PUTX: 249700 # Dirty evictions (from lower level)
   INV: 39261 # Invalidates (from upper level)
   INVX: 2 # Downgrades (from upper level)
   FWD: 0 # Forwards (from upper level)
   latGETnl: 96369295 # GET request latency on next level
   latGETnet: 0 # GET request latency on network to next level
  l2-23: # Cache stats
   hGETS: 0 # GETS hits
   hGETX: 0 # GETX hits
   mGETS: 0 # GETS misses
   mGETXIM: 0 # GETX I->M misses
   mGETXSM: 0 # GETX S->M misses (upgrade misses)
   PUTS: 0 # Clean evictions (from lower level)
   PUTX: 0 # Dirty evictions (from lower level)
   INV: 0 # Invalidates (from upper level)
   INVX: 0 # Downgrades (from upper level)
   FWD: 0 # Forwards (from upper level)
   latGETnl: 0 # GET request latency on next level
   latGETnet: 0 # GET request latency on network to next level
 l3: # Cache stats
  l3-0b0: # Cache stats
   hGETS: 857 # GETS hits
   hGETX: 96 # GETX hits
   mGETS: 112855 # GETS misses
   mGETXIM: 239632 # GETX I->M misses
   mGETXSM: 0 # GETX S->M misses (upgrade misses)
   PUTS: 100000 # Clean evictions (from lower level)
   PUTX: 212397 # Dirty evictions (from lower level)
   INV: 0 # Invalidates (from upper level)
   INVX: 0 # Downgrades (from upper level)
   FWD: 0 # Forwards (from upper level)
   latGETnl: 79309575 # GET request latency on next level
   latGETnet: 0 # GET request latency on network to next level
  l3-0b1: # Cache stats
   hGETS: 842 # GETS hits
   hGETX: 73 # GETX hits
   mGETS: 112944 # GETS misses
   mGETXIM: 239634 # GETX I->M misses
   mGETXSM: 0 # GETX S->M misses (upgrade misses)
   PUTS: 100109 # Clean evictions (from lower level)
   PUTX: 212125 # Dirty evictions (from lower level)
   INV: 0 # Invalidates (from upper level)
   INVX: 0 # Downgrades (from upper level)
   FWD: 0 # Forwards (from upper level)
   latGETnl: 79330050 # GET request latency on next level
   latGETnet: 0 # GET request latency on network to next level
  l3-0b2: # Cache stats
   hGETS: 681 # GETS hits
   hGETX: 34 # GETX hits
   mGETS: 112830 # GETS misses
   mGETXIM: 239635 # GETX I->M misses
   mGETXSM: 0 # GETX S->M misses (upgrade misses)
   PUTS: 99899 # Clean evictions (from lower level)
   PUTX: 212328 # Dirty evictions (from lower level)
   INV: 0 # Invalidates (from upper level)
   INVX: 0 # Downgrades (from upper level)
   FWD: 0 # Forwards (from upper level)
   latGETnl: 79304625 # GET request latency on next level
   latGETnet: 0 # GET request latency on network to next level
  l3-0b3: # Cache stats
   hGETS: 798 # GETS hits
   hGETX: 44 # GETX hits
   mGETS: 112845 # GETS misses
   mGETXIM: 239632 # GETX I->M misses
   mGETXSM: 0 # GETX S->M misses (upgrade misses)
   PUTS: 99956 # Clean evictions (from lower level)
   PUTX: 212282 # Dirty evictions (from lower level)
   INV: 0 # Invalidates (from upper level)
   INVX: 0 # Downgrades (from upper level)
   FWD: 0 # Forwards (from upper level)
   latGETnl: 79307325 # GET request latency on next level
   latGETnet: 0 # GET request latency on network to next level
  l3-0b4: # Cache stats
   hGETS: 761 # GETS hits
   hGETX: 39 # GETX hits
   mGETS: 112835 # GETS misses
   mGETXIM: 239635 # GETX I->M misses
   mGETXSM: 0 # GETX S->M misses (upgrade misses)
   PUTS: 99972 # Clean evictions (from lower level)
   PUTX: 212062 # Dirty evictions (from lower level)
   INV: 0 # Invalidates (from upper level)
   INVX: 0 # Downgrades (from upper level)
   FWD: 0 # Forwards (from upper level)
   latGETnl: 79305750 # GET request latency on next level
   latGETnet: 0 # GET request latency on network to next level
  l3-0b5: # Cache stats
   hGETS: 855 # GETS hits
   hGETX: 36 # GETX hits
   mGETS: 112686 # GETS misses
   mGETXIM: 239635 # GETX I->M misses
   mGETXSM: 0 # GETX S->M misses (upgrade misses)
   PUTS: 100113 # Clean evictions (from lower level)
   PUTX: 212478 # Dirty evictions (from lower level)
   INV: 0 # Invalidates (from upper level)
   INVX: 0 # Downgrades (from upper level)
   FWD: 0 # Forwards (from upper level)
   latGETnl: 79272225 # GET request latency on next level
   latGETnet: 0 # GET request latency on network to next level
  l3-0b6: # Cache stats
   hGETS: 705 # GETS hits
   hGETX: 62 # GETX hits
   mGETS: 112765 # GETS misses
   mGETXIM: 239635 # GETX I->M misses
   mGETXSM: 0 # GETX S->M misses (upgrade misses)
   PUTS: 99869 # Clean evictions (from lower level)
   PUTX: 212262 # Dirty evictions (from lower level)
   INV: 0 # Invalidates (from upper level)
   INVX: 0 # Downgrades (from upper level)
   FWD: 0 # Forwards (from upper level)
   latGETnl: 79290000 # GET request latency on next level
   latGETnet: 0 # GET request latency on network to next level
  l3-0b7: # Cache stats
   hGETS: 1231 # GETS hits
   hGETX: 81 # GETX hits
   mGETS: 112748 # GETS misses
   mGETXIM: 239637 # GETX I->M misses
   mGETXSM: 0 # GETX S->M misses (upgrade misses)
   PUTS: 100503 # Clean evictions (from lower level)
   PUTX: 212379 # Dirty evictions (from lower level)
   INV: 0 # Invalidates (from upper level)
   INVX: 0 # Downgrades (from upper level)
   FWD: 0 # Forwards (from upper level)
   latGETnl: 79286625 # GET request latency on next level
   latGETnet: 0 # GET request latency on network to next level
  l3-0b8: # Cache stats
   hGETS: 810 # GETS hits
   hGETX: 52 # GETX hits
   mGETS: 112794 # GETS misses
   mGETXIM: 239645 # GETX I->M misses
   mGETXSM: 0 # GETX S->M misses (upgrade misses)
   PUTS: 99942 # Clean evictions (from lower level)
   PUTX: 212195 # Dirty evictions (from lower level)
   INV: 0 # Invalidates (from upper level)
   INVX: 0 # Downgrades (from upper level)
   FWD: 0 # Forwards (from upper level)
   latGETnl: 79298775 # GET request latency on next level
   latGETnet: 0 # GET request latency on network to next level
  l3-0b9: # Cache stats
   hGETS: 830 # GETS hits
   hGETX: 41 # GETX hits
   mGETS: 112943 # GETS misses
   mGETXIM: 239645 # GETX I->M misses
   mGETXSM: 0 # GETX S->M misses (upgrade misses)
   PUTS: 100253 # Clean evictions (from lower level)
   PUTX: 212477 # Dirty evictions (from lower level)
   INV: 0 # Invalidates (from upper level)
   INVX: 0 # Downgrades (from upper level)
   FWD: 0 # Forwards (from upper level)
   latGETnl: 79332300 # GET request latency on next level
   latGETnet: 0 # GET request latency on network to next level
  l3-0b10: # Cache stats
   hGETS: 1371 # GETS hits
   hGETX: 17 # GETX hits
   mGETS: 112848 # GETS misses
   mGETXIM: 239650 # GETX I->M misses
   mGETXSM: 0 # GETX S->M misses (upgrade misses)
   PUTS: 100647 # Clean evictions (from lower level)
   PUTX: 212157 # Dirty evictions (from lower level)
   INV: 0 # Invalidates (from upper level)
   INVX: 0 # Downgrades (from upper level)
   FWD: 0 # Forwards (from upper level)
   latGETnl: 79312050 # GET request latency on next level
   latGETnet: 0 # GET request latency on network to next level
  l3-0b11: # Cache stats
   hGETS: 842 # GETS hits
   hGETX: 31 # GETX hits
   mGETS: 112916 # GETS misses
   mGETXIM: 239647 # GETX I->M misses
   mGETXSM: 0 # GETX S->M misses (upgrade misses)
   PUTS: 100184 # Clean evictions (from lower level)
   PUTX: 212250 # Dirty evictions (from lower level)
   INV: 0 # Invalidates (from upper level)
   INVX: 0 # Downgrades (from upper level)
   FWD: 0 # Forwards (from upper level)
   latGETnl: 79326675 # GET request latency on next level
   latGETnet: 0 # GET request latency on network to next level
  l3-0b12: # Cache stats
   hGETS: 1346 # GETS hits
   hGETX: 61 # GETX hits
   mGETS: 112786 # GETS misses
   mGETXIM: 239637 # GETX I->M misses
   mGETXSM: 0 # GETX S->M misses (upgrade misses)
   PUTS: 100502 # Clean evictions (from lower level)
   PUTX: 212387 # Dirty evictions (from lower level)
   INV: 0 # Invalidates (from upper level)
   INVX: 0 # Downgrades (from upper level)
   FWD: 0 # Forwards (from upper level)
   latGETnl: 79295175 # GET request latency on next level
   latGETnet: 0 # GET request latency on network to next level
  l3-0b13: # Cache stats
   hGETS: 1295 # GETS hits
   hGETX: 45 # GETX hits
   mGETS: 112740 # GETS misses
   mGETXIM: 239648 # GETX I->M misses
   mGETXSM: 0 # GETX S->M misses (upgrade misses)
   PUTS: 100356 # Clean evictions (from lower level)
   PUTX: 212070 # Dirty evictions (from lower level)
   INV: 0 # Invalidates (from upper level)
   INVX: 0 # Downgrades (from upper level)
   FWD: 0 # Forwards (from upper level)
   latGETnl: 79287300 # GET request latency on next level
   latGETnet: 0 # GET request latency on network to next level
  l3-0b14: # Cache stats
   hGETS: 1352 # GETS hits
   hGETX: 33 # GETX hits
   mGETS: 112786 # GETS misses
   mGETXIM: 239640 # GETX I->M misses
   mGETXSM: 0 # GETX S->M misses (upgrade misses)
   PUTS: 100462 # Clean evictions (from lower level)
   PUTX: 212388 # Dirty evictions (from lower level)
   INV: 0 # Invalidates (from upper level)
   INVX: 0 # Downgrades (from upper level)
   FWD: 0 # Forwards (from upper level)
   latGETnl: 79295850 # GET request latency on next level
   latGETnet: 0 # GET request latency on network to next level
  l3-0b15: # Cache stats
   hGETS: 1296 # GETS hits
   hGETX: 45 # GETX hits
   mGETS: 112762 # GETS misses
   mGETXIM: 239640 # GETX I->M misses
   mGETXSM: 0 # GETX S->M misses (upgrade misses)
   PUTS: 100431 # Clean evictions (from lower level)
   PUTX: 212347 # Dirty evictions (from lower level)
   INV: 0 # Invalidates (from upper level)
   INVX: 0 # Downgrades (from upper level)
   FWD: 0 # Forwards (from upper level)
   latGETnl: 79290450 # GET request latency on next level
   latGETnet: 0 # GET request latency on network to next level
  l3-0b16: # Cache stats
   hGETS: 316 # GETS hits
   hGETX: 9 # GETX hits
   mGETS: 112761 # GETS misses
   mGETXIM: 239549 # GETX I->M misses
   mGETXSM: 0 # GETX S->M misses (upgrade misses)
   PUTS: 99619 # Clean evictions (from lower level)
   PUTX: 212263 # Dirty evictions (from lower level)
   INV: 0 # Invalidates (from upper level)
   INVX: 0 # Downgrades (from upper level)
   FWD: 0 # Forwards (from upper level)
   latGETnl: 79269750 # GET request latency on next level
   latGETnet: 0 # GET request latency on network to next level
  l3-0b17: # Cache stats
   hGETS: 860 # GETS hits
   hGETX: 0 # GETX hits
   mGETS: 112515 # GETS misses
   mGETXIM: 239544 # GETX I->M misses
   mGETXSM: 0 # GETX S->M misses (upgrade misses)
   PUTS: 99878 # Clean evictions (from lower level)
   PUTX: 212266 # Dirty evictions (from lower level)
   INV: 0 # Invalidates (from upper level)
   INVX: 0 # Downgrades (from upper level)
   FWD: 0 # Forwards (from upper level)
   latGETnl: 79213275 # GET request latency on next level
   latGETnet: 0 # GET request latency on network to next level
  l3-0b18: # Cache stats
   hGETS: 270 # GETS hits
   hGETX: 20 # GETX hits
   mGETS: 112695 # GETS misses
   mGETXIM: 239547 # GETX I->M misses
   mGETXSM: 0 # GETX S->M misses (upgrade misses)
   PUTS: 99438 # Clean evictions (from lower level)
   PUTX: 212282 # Dirty evictions (from lower level)
   INV: 0 # Invalidates (from upper level)
   INVX: 0 # Downgrades (from upper level)
   FWD: 0 # Forwards (from upper level)
   latGETnl: 79254450 # GET request latency on next level
   latGETnet: 0 # GET request latency on network to next level
  l3-0b19: # Cache stats
   hGETS: 267 # GETS hits
   hGETX: 47 # GETX hits
   mGETS: 112638 # GETS misses
   mGETXIM: 239549 # GETX I->M misses
   mGETXSM: 0 # GETX S->M misses (upgrade misses)
   PUTS: 99455 # Clean evictions (from lower level)
   PUTX: 212232 # Dirty evictions (from lower level)
   INV: 0 # Invalidates (from upper level)
   INVX: 0 # Downgrades (from upper level)
   FWD: 0 # Forwards (from upper level)
   latGETnl: 79242075 # GET request latency on next level
   latGETnet: 0 # GET request latency on network to next level
  l3-0b20: # Cache stats
   hGETS: 296 # GETS hits
   hGETX: 14 # GETX hits
   mGETS: 112759 # GETS misses
   mGETXIM: 239551 # GETX I->M misses
   mGETXSM: 0 # GETX S->M misses (upgrade misses)
   PUTS: 99446 # Clean evictions (from lower level)
   PUTX: 212337 # Dirty evictions (from lower level)
   INV: 0 # Invalidates (from upper level)
   INVX: 0 # Downgrades (from upper level)
   FWD: 0 # Forwards (from upper level)
   latGETnl: 79269750 # GET request latency on next level
   latGETnet: 0 # GET request latency on network to next level
  l3-0b21: # Cache stats
   hGETS: 261 # GETS hits
   hGETX: 20 # GETX hits
   mGETS: 112961 # GETS misses
   mGETXIM: 239548 # GETX I->M misses
   mGETXSM: 0 # GETX S->M misses (upgrade misses)
   PUTS: 99678 # Clean evictions (from lower level)
   PUTX: 212263 # Dirty evictions (from lower level)
   INV: 0 # Invalidates (from upper level)
   INVX: 0 # Downgrades (from upper level)
   FWD: 0 # Forwards (from upper level)
   latGETnl: 79314525 # GET request latency on next level
   latGETnet: 0 # GET request latency on network to next level
  l3-0b22: # Cache stats
   hGETS: 927 # GETS hits
   hGETX: 53 # GETX hits
   mGETS: 112851 # GETS misses
   mGETXIM: 239549 # GETX I->M misses
   mGETXSM: 0 # GETX S->M misses (upgrade misses)
   PUTS: 100299 # Clean evictions (from lower level)
   PUTX: 212215 # Dirty evictions (from lower level)
   INV: 0 # Invalidates (from upper level)
   INVX: 0 # Downgrades (from upper level)
   FWD: 0 # Forwards (from upper level)
   latGETnl: 79290000 # GET request latency on next level
   latGETnet: 0 # GET request latency on network to next level
  l3-0b23: # Cache stats
   hGETS: 860 # GETS hits
   hGETX: 62 # GETX hits
   mGETS: 112895 # GETS misses
   mGETXIM: 239550 # GETX I->M misses
   mGETXSM: 0 # GETX S->M misses (upgrade misses)
   PUTS: 100023 # Clean evictions (from lower level)
   PUTX: 212207 # Dirty evictions (from lower level)
   INV: 0 # Invalidates (from upper level)
   INVX: 0 # Downgrades (from upper level)
   FWD: 0 # Forwards (from upper level)
   latGETnl: 79300125 # GET request latency on next level
   latGETnet: 0 # GET request latency on network to next level
 mem: # Memory controller stats
  mem-0: # Memory controller stats
   rd: 8453276 # Read requests
   wr: 5368434 # Write requests
   rdlat: 1960631063 # Total latency experienced by read requests
   wrlat: 1247608300 # Total latency experienced by write requests
 sched: # Scheduler stats
  thCr: 25 # Threads created
  thFn: 25 # Threads finished
  schedEvs: 27 # Schedule events
  waitEvs: 2 # Wait events
  handoffEvs: 1 # Handoff events
  sleepEvs: 1 # Sleep events
  idlePhases: 0 # Phases with no thread active
  idlePeriods: 0 # Periods with no thread active
  occHist: # Occupancy histogram
   0: 0
   1: 36
   2: 0
   3: 2
   4: 2
   5: 1
   6: 1
   7: 0
   8: 1
   9: 0
   10: 0
   11: 0
   12: 1
   13: 0
   14: 1
   15: 0
   16: 0
   17: 1
   18: 0
   19: 0
   20: 1
   21: 0
   22: 1
   23: 228652
   24: 0
  rqSzHist: # Run queue size histogram
   0: 228671
   1: 29
   2: 0
   3: 0
   4: 0
   5: 0
   6: 0
   7: 0
   8: 0
   9: 0
   10: 0
   11: 0
   12: 0
   13: 0
   14: 0
   15: 0
   16: 0
   17: 0
   18: 0
   19: 0
   20: 0
   21: 0
   22: 0
   23: 0
   24: 0
 procCycles: # Per-process unhalted core cycles
  0: 5259150261
  1: 0
  2: 0
  3: 0
  4: 0
  5: 0
  6: 0
  7: 0
  8: 0
  9: 0
  10: 0
  11: 0
  12: 0
  13: 0
  14: 0
  15: 0
  16: 0
  17: 0
  18: 0
  19: 0
  20: 0
  21: 0
  22: 0
  23: 0
  24: 0
  25: 0
  26: 0
  27: 0
  28: 0
  29: 0
  30: 0
  31: 0
  32: 0
  33: 0
  34: 0
  35: 0
  36: 0
  37: 0
  38: 0
  39: 0
  40: 0
  41: 0
  42: 0
  43: 0
  44: 0
  45: 0
  46: 0
  47: 0
  48: 0
  49: 0
  50: 0
  51: 0
  52: 0
  53: 0
  54: 0
  55: 0
  56: 0
  57: 0
  58: 0
  59: 0
  60: 0
  61: 0
  62: 0
  63: 0
 procInstrs: # Per-process instructions
  0: 7823133993
  1: 0
  2: 0
  3: 0
  4: 0
  5: 0
  6: 0
  7: 0
  8: 0
  9: 0
  10: 0
  11: 0
  12: 0
  13: 0
  14: 0
  15: 0
  16: 0
  17: 0
  18: 0
  19: 0
  20: 0
  21: 0
  22: 0
  23: 0
  24: 0
  25: 0
  26: 0
  27: 0
  28: 0
  29: 0
  30: 0
  31: 0
  32: 0
  33: 0
  34: 0
  35: 0
  36: 0
  37: 0
  38: 0
  39: 0
  40: 0
  41: 0
  42: 0
  43: 0
  44: 0
  45: 0
  46: 0
  47: 0
  48: 0
  49: 0
  50: 0
  51: 0
  52: 0
  53: 0
  54: 0
  55: 0
  56: 0
  57: 0
  58: 0
  59: 0
  60: 0
  61: 0
  62: 0
  63: 0
 heartbeats: # Per-process heartbeats
  0: 0
  1: 0
  2: 0
  3: 0
  4: 0
  5: 0
  6: 0
  7: 0
  8: 0
  9: 0
  10: 0
  11: 0
  12: 0
  13: 0
  14: 0
  15: 0
  16: 0
  17: 0
  18: 0
  19: 0
  20: 0
  21: 0
  22: 0
  23: 0
  24: 0
  25: 0
  26: 0
  27: 0
  28: 0
  29: 0
  30: 0
  31: 0
  32: 0
  33: 0
  34: 0
  35: 0
  36: 0
  37: 0
  38: 0
  39: 0
  40: 0
  41: 0
  42: 0
  43: 0
  44: 0
  45: 0
  46: 0
  47: 0
  48: 0
  49: 0
  50: 0
  51: 0
  52: 0
  53: 0
  54: 0
  55: 0
  56: 0
  57: 0
  58: 0
  59: 0
  60: 0
  61: 0
  62: 0
  63: 0
===
