# zsim stats
===
root: # Stats
 contention: # Contention simulation stats
  domain-0: # Domain stats
   time: 10969528321 # Weave simulation time
 time: # Simulator time breakdown
  init: 3179275592
  bound: 70271048427
  weave: 13572730157
  ff: 53224
 trigger: 20000 # Reason for this stats dump
 phase: 43586 # Simulated phases
 reqCycles: 0 # Requeue Cycles
 skylake: # Core stats
  skylake-0: # Core stats
   cycles: 43586616 # Simulated unhalted cycles
   cCycles: 25762784 # Cycles due to contention stalls
   instrs: 19511608 # Simulated instructions
   uops: 14879700 # issued micro-ops
   bbls: 6008139 # Basic blocks
   approxInstrs: 860287 # Instrs with approx uop decoding
   mispredBranches: 125155 # Mispredicted branches
   IdqNotDelivered: 17561071 # Stalls no uop delivered when no Bkend Stall
   IntMiscRecoveryCycles: 1015004 # Stalls waiting machine clears
   uops executed: 15629333 # Executed microoperations
  skylake-1: # Core stats
   cycles: 43550625 # Simulated unhalted cycles
   cCycles: 25765041 # Cycles due to contention stalls
   instrs: 19506024 # Simulated instructions
   uops: 14875025 # issued micro-ops
   bbls: 6006560 # Basic blocks
   approxInstrs: 860086 # Instrs with approx uop decoding
   mispredBranches: 125091 # Mispredicted branches
   IdqNotDelivered: 17522616 # Stalls no uop delivered when no Bkend Stall
   IntMiscRecoveryCycles: 1005618 # Stalls waiting machine clears
   uops executed: 15624525 # Executed microoperations
  skylake-2: # Core stats
   cycles: 43548328 # Simulated unhalted cycles
   cCycles: 25764519 # Cycles due to contention stalls
   instrs: 19503801 # Simulated instructions
   uops: 14873141 # issued micro-ops
   bbls: 6005933 # Basic blocks
   approxInstrs: 860013 # Instrs with approx uop decoding
   mispredBranches: 125086 # Mispredicted branches
   IdqNotDelivered: 17520763 # Stalls no uop delivered when no Bkend Stall
   IntMiscRecoveryCycles: 1008473 # Stalls waiting machine clears
   uops executed: 15622573 # Executed microoperations
  skylake-3: # Core stats
   cycles: 43548617 # Simulated unhalted cycles
   cCycles: 25769022 # Cycles due to contention stalls
   instrs: 19501119 # Simulated instructions
   uops: 14871196 # issued micro-ops
   bbls: 6005071 # Basic blocks
   approxInstrs: 859883 # Instrs with approx uop decoding
   mispredBranches: 125062 # Mispredicted branches
   IdqNotDelivered: 17516978 # Stalls no uop delivered when no Bkend Stall
   IntMiscRecoveryCycles: 1006685 # Stalls waiting machine clears
   uops executed: 15620520 # Executed microoperations
  skylake-4: # Core stats
   cycles: 43546617 # Simulated unhalted cycles
   cCycles: 25765685 # Cycles due to contention stalls
   instrs: 19506166 # Simulated instructions
   uops: 14875053 # issued micro-ops
   bbls: 6006625 # Basic blocks
   approxInstrs: 860105 # Instrs with approx uop decoding
   mispredBranches: 125094 # Mispredicted branches
   IdqNotDelivered: 17518591 # Stalls no uop delivered when no Bkend Stall
   IntMiscRecoveryCycles: 1006456 # Stalls waiting machine clears
   uops executed: 15624551 # Executed microoperations
  skylake-5: # Core stats
   cycles: 43545617 # Simulated unhalted cycles
   cCycles: 25769197 # Cycles due to contention stalls
   instrs: 19500435 # Simulated instructions
   uops: 14870670 # issued micro-ops
   bbls: 6004863 # Basic blocks
   approxInstrs: 859849 # Instrs with approx uop decoding
   mispredBranches: 125058 # Mispredicted branches
   IdqNotDelivered: 17513017 # Stalls no uop delivered when no Bkend Stall
   IntMiscRecoveryCycles: 1005886 # Stalls waiting machine clears
   uops executed: 15619912 # Executed microoperations
  skylake-6: # Core stats
   cycles: 43544617 # Simulated unhalted cycles
   cCycles: 25764176 # Cycles due to contention stalls
   instrs: 19505029 # Simulated instructions
   uops: 14874182 # issued micro-ops
   bbls: 6006275 # Basic blocks
   approxInstrs: 860057 # Instrs with approx uop decoding
   mispredBranches: 125088 # Mispredicted branches
   IdqNotDelivered: 17517092 # Stalls no uop delivered when no Bkend Stall
   IntMiscRecoveryCycles: 1006238 # Stalls waiting machine clears
   uops executed: 15623604 # Executed microoperations
  skylake-7: # Core stats
   cycles: 43544616 # Simulated unhalted cycles
   cCycles: 25768854 # Cycles due to contention stalls
   instrs: 19502267 # Simulated instructions
   uops: 14871805 # issued micro-ops
   bbls: 6005485 # Basic blocks
   approxInstrs: 859954 # Instrs with approx uop decoding
   mispredBranches: 125067 # Mispredicted branches
   IdqNotDelivered: 17512191 # Stalls no uop delivered when no Bkend Stall
   IntMiscRecoveryCycles: 1007046 # Stalls waiting machine clears
   uops executed: 15621181 # Executed microoperations
  skylake-8: # Core stats
   cycles: 43543649 # Simulated unhalted cycles
   cCycles: 25766853 # Cycles due to contention stalls
   instrs: 19502510 # Simulated instructions
   uops: 14871985 # issued micro-ops
   bbls: 6005562 # Basic blocks
   approxInstrs: 859962 # Instrs with approx uop decoding
   mispredBranches: 125069 # Mispredicted branches
   IdqNotDelivered: 17513585 # Stalls no uop delivered when no Bkend Stall
   IntMiscRecoveryCycles: 1007161 # Stalls waiting machine clears
   uops executed: 15621365 # Executed microoperations
  skylake-9: # Core stats
   cycles: 43543402 # Simulated unhalted cycles
   cCycles: 25765897 # Cycles due to contention stalls
   instrs: 19502741 # Simulated instructions
   uops: 14872166 # issued micro-ops
   bbls: 6005631 # Basic blocks
   approxInstrs: 859975 # Instrs with approx uop decoding
   mispredBranches: 125070 # Mispredicted branches
   IdqNotDelivered: 17514813 # Stalls no uop delivered when no Bkend Stall
   IntMiscRecoveryCycles: 1006773 # Stalls waiting machine clears
   uops executed: 15621560 # Executed microoperations
  skylake-10: # Core stats
   cycles: 43543402 # Simulated unhalted cycles
   cCycles: 25768020 # Cycles due to contention stalls
   instrs: 19503485 # Simulated instructions
   uops: 14872737 # issued micro-ops
   bbls: 6005859 # Basic blocks
   approxInstrs: 860010 # Instrs with approx uop decoding
   mispredBranches: 125075 # Mispredicted branches
   IdqNotDelivered: 17512522 # Stalls no uop delivered when no Bkend Stall
   IntMiscRecoveryCycles: 1007629 # Stalls waiting machine clears
   uops executed: 15622161 # Executed microoperations
  skylake-11: # Core stats
   cycles: 43543401 # Simulated unhalted cycles
   cCycles: 25765139 # Cycles due to contention stalls
   instrs: 19504774 # Simulated instructions
   uops: 14873870 # issued micro-ops
   bbls: 6006188 # Basic blocks
   approxInstrs: 860048 # Instrs with approx uop decoding
   mispredBranches: 125080 # Mispredicted branches
   IdqNotDelivered: 17515093 # Stalls no uop delivered when no Bkend Stall
   IntMiscRecoveryCycles: 1007219 # Stalls waiting machine clears
   uops executed: 15623426 # Executed microoperations
  skylake-12: # Core stats
   cycles: 43542622 # Simulated unhalted cycles
   cCycles: 25763763 # Cycles due to contention stalls
   instrs: 19506853 # Simulated instructions
   uops: 14875283 # issued micro-ops
   bbls: 6006900 # Basic blocks
   approxInstrs: 860155 # Instrs with approx uop decoding
   mispredBranches: 125091 # Mispredicted branches
   IdqNotDelivered: 17515876 # Stalls no uop delivered when no Bkend Stall
   IntMiscRecoveryCycles: 1006205 # Stalls waiting machine clears
   uops executed: 15624865 # Executed microoperations
  skylake-13: # Core stats
   cycles: 43542401 # Simulated unhalted cycles
   cCycles: 25767617 # Cycles due to contention stalls
   instrs: 19503644 # Simulated instructions
   uops: 14872858 # issued micro-ops
   bbls: 6005908 # Basic blocks
   approxInstrs: 860017 # Instrs with approx uop decoding
   mispredBranches: 125076 # Mispredicted branches
   IdqNotDelivered: 17512140 # Stalls no uop delivered when no Bkend Stall
   IntMiscRecoveryCycles: 1006435 # Stalls waiting machine clears
   uops executed: 15622288 # Executed microoperations
  skylake-14: # Core stats
   cycles: 43541432 # Simulated unhalted cycles
   cCycles: 25763003 # Cycles due to contention stalls
   instrs: 19510325 # Simulated instructions
   uops: 14877952 # issued micro-ops
   bbls: 6007967 # Basic blocks
   approxInstrs: 860307 # Instrs with approx uop decoding
   mispredBranches: 125121 # Mispredicted branches
   IdqNotDelivered: 17515125 # Stalls no uop delivered when no Bkend Stall
   IntMiscRecoveryCycles: 1007155 # Stalls waiting machine clears
   uops executed: 15627620 # Executed microoperations
  skylake-15: # Core stats
   cycles: 43541641 # Simulated unhalted cycles
   cCycles: 25768105 # Cycles due to contention stalls
   instrs: 19502640 # Simulated instructions
   uops: 14872070 # issued micro-ops
   bbls: 6005603 # Basic blocks
   approxInstrs: 859968 # Instrs with approx uop decoding
   mispredBranches: 125064 # Mispredicted branches
   IdqNotDelivered: 17509890 # Stalls no uop delivered when no Bkend Stall
   IntMiscRecoveryCycles: 1006565 # Stalls waiting machine clears
   uops executed: 15621490 # Executed microoperations
  skylake-16: # Core stats
   cycles: 43541402 # Simulated unhalted cycles
   cCycles: 25762482 # Cycles due to contention stalls
   instrs: 19491510 # Simulated instructions
   uops: 14865142 # issued micro-ops
   bbls: 6001517 # Basic blocks
   approxInstrs: 859188 # Instrs with approx uop decoding
   mispredBranches: 125069 # Mispredicted branches
   IdqNotDelivered: 17515874 # Stalls no uop delivered when no Bkend Stall
   IntMiscRecoveryCycles: 1009403 # Stalls waiting machine clears
   uops executed: 15613984 # Executed microoperations
  skylake-17: # Core stats
   cycles: 43541403 # Simulated unhalted cycles
   cCycles: 25767247 # Cycles due to contention stalls
   instrs: 19504398 # Simulated instructions
   uops: 14873435 # issued micro-ops
   bbls: 6006140 # Basic blocks
   approxInstrs: 860052 # Instrs with approx uop decoding
   mispredBranches: 125081 # Mispredicted branches
   IdqNotDelivered: 17511422 # Stalls no uop delivered when no Bkend Stall
   IntMiscRecoveryCycles: 1006144 # Stalls waiting machine clears
   uops executed: 15622895 # Executed microoperations
  skylake-18: # Core stats
   cycles: 43540616 # Simulated unhalted cycles
   cCycles: 25765370 # Cycles due to contention stalls
   instrs: 19507901 # Simulated instructions
   uops: 14876083 # issued micro-ops
   bbls: 6007222 # Basic blocks
   approxInstrs: 860201 # Instrs with approx uop decoding
   mispredBranches: 125097 # Mispredicted branches
   IdqNotDelivered: 17512950 # Stalls no uop delivered when no Bkend Stall
   IntMiscRecoveryCycles: 1006079 # Stalls waiting machine clears
   uops executed: 15625709 # Executed microoperations
  skylake-19: # Core stats
   cycles: 43540620 # Simulated unhalted cycles
   cCycles: 25765513 # Cycles due to contention stalls
   instrs: 19504989 # Simulated instructions
   uops: 14873868 # issued micro-ops
   bbls: 6006325 # Basic blocks
   approxInstrs: 860077 # Instrs with approx uop decoding
   mispredBranches: 125079 # Mispredicted branches
   IdqNotDelivered: 17511950 # Stalls no uop delivered when no Bkend Stall
   IntMiscRecoveryCycles: 1006197 # Stalls waiting machine clears
   uops executed: 15623383 # Executed microoperations
  skylake-20: # Core stats
   cycles: 43540402 # Simulated unhalted cycles
   cCycles: 25763503 # Cycles due to contention stalls
   instrs: 19507921 # Simulated instructions
   uops: 14876113 # issued micro-ops
   bbls: 6007227 # Basic blocks
   approxInstrs: 860202 # Instrs with approx uop decoding
   mispredBranches: 125103 # Mispredicted branches
   IdqNotDelivered: 17513667 # Stalls no uop delivered when no Bkend Stall
   IntMiscRecoveryCycles: 1006669 # Stalls waiting machine clears
   uops executed: 15625705 # Executed microoperations
  skylake-21: # Core stats
   cycles: 43539414 # Simulated unhalted cycles
   cCycles: 25765762 # Cycles due to contention stalls
   instrs: 19504593 # Simulated instructions
   uops: 14873608 # issued micro-ops
   bbls: 6006201 # Basic blocks
   approxInstrs: 860052 # Instrs with approx uop decoding
   mispredBranches: 125080 # Mispredicted branches
   IdqNotDelivered: 17509964 # Stalls no uop delivered when no Bkend Stall
   IntMiscRecoveryCycles: 1006148 # Stalls waiting machine clears
   uops executed: 15623086 # Executed microoperations
  skylake-22: # Core stats
   cycles: 43539620 # Simulated unhalted cycles
   cCycles: 25766811 # Cycles due to contention stalls
   instrs: 19502648 # Simulated instructions
   uops: 14872083 # issued micro-ops
   bbls: 6005604 # Basic blocks
   approxInstrs: 859974 # Instrs with approx uop decoding
   mispredBranches: 125062 # Mispredicted branches
   IdqNotDelivered: 17510390 # Stalls no uop delivered when no Bkend Stall
   IntMiscRecoveryCycles: 1005658 # Stalls waiting machine clears
   uops executed: 15621515 # Executed microoperations
  skylake-23: # Core stats
   cycles: 0 # Simulated unhalted cycles
   cCycles: 0 # Cycles due to contention stalls
   instrs: 0 # Simulated instructions
   uops: 0 # issued micro-ops
   bbls: 0 # Basic blocks
   approxInstrs: 0 # Instrs with approx uop decoding
   mispredBranches: 0 # Mispredicted branches
   IdqNotDelivered: 0 # Stalls no uop delivered when no Bkend Stall
   IntMiscRecoveryCycles: 0 # Stalls waiting machine clears
   uops executed: 0 # Executed microoperations
 l1d: # Cache stats
  l1d-0: # Filter cache stats
   fhGETS: 863235 # Filtered GETS hits
   fhGETX: 739270 # Filtered GETX hits
   hGETS: 5633 # GETS hits
   hGETX: 11315 # GETX hits
   mGETS: 117885 # GETS misses
   mGETXIM: 250098 # GETX I->M misses
   mGETXSM: 5 # GETX S->M misses (upgrade misses)
   PUTS: 0 # Clean evictions (from lower level)
   PUTX: 0 # Dirty evictions (from lower level)
   INV: 102 # Invalidates (from upper level)
   INVX: 80 # Downgrades (from upper level)
   FWD: 0 # Forwards (from upper level)
   latGETnl: 100055933 # GET request latency on next level
   latGETnet: 0 # GET request latency on network to next level
  l1d-1: # Filter cache stats
   fhGETS: 862776 # Filtered GETS hits
   fhGETX: 738927 # Filtered GETX hits
   hGETS: 5553 # GETS hits
   hGETX: 11285 # GETX hits
   mGETS: 117815 # GETS misses
   mGETXIM: 250007 # GETX I->M misses
   mGETXSM: 8 # GETX S->M misses (upgrade misses)
   PUTS: 0 # Clean evictions (from lower level)
   PUTX: 0 # Dirty evictions (from lower level)
   INV: 89 # Invalidates (from upper level)
   INVX: 23 # Downgrades (from upper level)
   FWD: 0 # Forwards (from upper level)
   latGETnl: 100003619 # GET request latency on next level
   latGETnet: 0 # GET request latency on network to next level
  l1d-2: # Filter cache stats
   fhGETS: 862571 # Filtered GETS hits
   fhGETX: 738804 # Filtered GETX hits
   hGETS: 5533 # GETS hits
   hGETX: 11261 # GETX hits
   mGETS: 117803 # GETS misses
   mGETXIM: 249977 # GETX I->M misses
   mGETXSM: 8 # GETX S->M misses (upgrade misses)
   PUTS: 0 # Clean evictions (from lower level)
   PUTX: 0 # Dirty evictions (from lower level)
   INV: 71 # Invalidates (from upper level)
   INVX: 8 # Downgrades (from upper level)
   FWD: 0 # Forwards (from upper level)
   latGETnl: 99994291 # GET request latency on next level
   latGETnet: 0 # GET request latency on network to next level
  l1d-3: # Filter cache stats
   fhGETS: 862503 # Filtered GETS hits
   fhGETX: 738716 # Filtered GETX hits
   hGETS: 5560 # GETS hits
   hGETX: 11278 # GETX hits
   mGETS: 117780 # GETS misses
   mGETXIM: 249950 # GETX I->M misses
   mGETXSM: 8 # GETX S->M misses (upgrade misses)
   PUTS: 0 # Clean evictions (from lower level)
   PUTX: 0 # Dirty evictions (from lower level)
   INV: 86 # Invalidates (from upper level)
   INVX: 33 # Downgrades (from upper level)
   FWD: 0 # Forwards (from upper level)
   latGETnl: 99981294 # GET request latency on next level
   latGETnet: 0 # GET request latency on network to next level
  l1d-4: # Filter cache stats
   fhGETS: 862724 # Filtered GETS hits
   fhGETX: 738899 # Filtered GETX hits
   hGETS: 5563 # GETS hits
   hGETX: 11292 # GETX hits
   mGETS: 117813 # GETS misses
   mGETXIM: 250013 # GETX I->M misses
   mGETXSM: 9 # GETX S->M misses (upgrade misses)
   PUTS: 0 # Clean evictions (from lower level)
   PUTX: 0 # Dirty evictions (from lower level)
   INV: 87 # Invalidates (from upper level)
   INVX: 18 # Downgrades (from upper level)
   FWD: 0 # Forwards (from upper level)
   latGETnl: 100003784 # GET request latency on next level
   latGETnet: 0 # GET request latency on network to next level
  l1d-5: # Filter cache stats
   fhGETS: 862480 # Filtered GETS hits
   fhGETX: 738701 # Filtered GETX hits
   hGETS: 5546 # GETS hits
   hGETX: 11271 # GETX hits
   mGETS: 117778 # GETS misses
   mGETXIM: 249934 # GETX I->M misses
   mGETXSM: 7 # GETX S->M misses (upgrade misses)
   PUTS: 0 # Clean evictions (from lower level)
   PUTX: 0 # Dirty evictions (from lower level)
   INV: 82 # Invalidates (from upper level)
   INVX: 17 # Downgrades (from upper level)
   FWD: 0 # Forwards (from upper level)
   latGETnl: 99973737 # GET request latency on next level
   latGETnet: 0 # GET request latency on network to next level
  l1d-6: # Filter cache stats
   fhGETS: 862675 # Filtered GETS hits
   fhGETX: 738869 # Filtered GETX hits
   hGETS: 5559 # GETS hits
   hGETX: 11282 # GETX hits
   mGETS: 117808 # GETS misses
   mGETXIM: 249994 # GETX I->M misses
   mGETXSM: 8 # GETX S->M misses (upgrade misses)
   PUTS: 0 # Clean evictions (from lower level)
   PUTX: 0 # Dirty evictions (from lower level)
   INV: 83 # Invalidates (from upper level)
   INVX: 16 # Downgrades (from upper level)
   FWD: 0 # Forwards (from upper level)
   latGETnl: 99998025 # GET request latency on next level
   latGETnet: 0 # GET request latency on network to next level
  l1d-7: # Filter cache stats
   fhGETS: 862422 # Filtered GETS hits
   fhGETX: 738705 # Filtered GETX hits
   hGETS: 5544 # GETS hits
   hGETX: 11257 # GETX hits
   mGETS: 117775 # GETS misses
   mGETXIM: 249962 # GETX I->M misses
   mGETXSM: 5 # GETX S->M misses (upgrade misses)
   PUTS: 0 # Clean evictions (from lower level)
   PUTX: 0 # Dirty evictions (from lower level)
   INV: 71 # Invalidates (from upper level)
   INVX: 9 # Downgrades (from upper level)
   FWD: 0 # Forwards (from upper level)
   latGETnl: 99983634 # GET request latency on next level
   latGETnet: 0 # GET request latency on network to next level
  l1d-8: # Filter cache stats
   fhGETS: 862432 # Filtered GETS hits
   fhGETX: 738718 # Filtered GETX hits
   hGETS: 5545 # GETS hits
   hGETX: 11248 # GETX hits
   mGETS: 117774 # GETS misses
   mGETXIM: 249965 # GETX I->M misses
   mGETXSM: 6 # GETX S->M misses (upgrade misses)
   PUTS: 0 # Clean evictions (from lower level)
   PUTX: 0 # Dirty evictions (from lower level)
   INV: 70 # Invalidates (from upper level)
   INVX: 7 # Downgrades (from upper level)
   FWD: 0 # Forwards (from upper level)
   latGETnl: 99983509 # GET request latency on next level
   latGETnet: 0 # GET request latency on network to next level
  l1d-9: # Filter cache stats
   fhGETS: 862451 # Filtered GETS hits
   fhGETX: 738727 # Filtered GETX hits
   hGETS: 5535 # GETS hits
   hGETX: 11257 # GETX hits
   mGETS: 117779 # GETS misses
   mGETXIM: 249964 # GETX I->M misses
   mGETXSM: 5 # GETX S->M misses (upgrade misses)
   PUTS: 0 # Clean evictions (from lower level)
   PUTX: 0 # Dirty evictions (from lower level)
   INV: 70 # Invalidates (from upper level)
   INVX: 24 # Downgrades (from upper level)
   FWD: 0 # Forwards (from upper level)
   latGETnl: 99988965 # GET request latency on next level
   latGETnet: 0 # GET request latency on network to next level
  l1d-10: # Filter cache stats
   fhGETS: 862483 # Filtered GETS hits
   fhGETX: 738747 # Filtered GETX hits
   hGETS: 5541 # GETS hits
   hGETX: 11266 # GETX hits
   mGETS: 117781 # GETS misses
   mGETXIM: 249974 # GETX I->M misses
   mGETXSM: 6 # GETX S->M misses (upgrade misses)
   PUTS: 0 # Clean evictions (from lower level)
   PUTX: 0 # Dirty evictions (from lower level)
   INV: 66 # Invalidates (from upper level)
   INVX: 18 # Downgrades (from upper level)
   FWD: 0 # Forwards (from upper level)
   latGETnl: 99990575 # GET request latency on next level
   latGETnet: 0 # GET request latency on network to next level
  l1d-11: # Filter cache stats
   fhGETS: 862638 # Filtered GETS hits
   fhGETX: 738860 # Filtered GETX hits
   hGETS: 5573 # GETS hits
   hGETX: 11259 # GETX hits
   mGETS: 117804 # GETS misses
   mGETXIM: 249998 # GETX I->M misses
   mGETXSM: 11 # GETX S->M misses (upgrade misses)
   PUTS: 0 # Clean evictions (from lower level)
   PUTX: 0 # Dirty evictions (from lower level)
   INV: 69 # Invalidates (from upper level)
   INVX: 4 # Downgrades (from upper level)
   FWD: 0 # Forwards (from upper level)
   latGETnl: 99998531 # GET request latency on next level
   latGETnet: 0 # GET request latency on network to next level
  l1d-12: # Filter cache stats
   fhGETS: 862636 # Filtered GETS hits
   fhGETX: 738883 # Filtered GETX hits
   hGETS: 5530 # GETS hits
   hGETX: 11252 # GETX hits
   mGETS: 117801 # GETS misses
   mGETXIM: 250017 # GETX I->M misses
   mGETXSM: 4 # GETX S->M misses (upgrade misses)
   PUTS: 0 # Clean evictions (from lower level)
   PUTX: 0 # Dirty evictions (from lower level)
   INV: 67 # Invalidates (from upper level)
   INVX: 8 # Downgrades (from upper level)
   FWD: 0 # Forwards (from upper level)
   latGETnl: 100005339 # GET request latency on next level
   latGETnet: 0 # GET request latency on network to next level
  l1d-13: # Filter cache stats
   fhGETS: 862501 # Filtered GETS hits
   fhGETX: 738765 # Filtered GETX hits
   hGETS: 5529 # GETS hits
   hGETX: 11252 # GETX hits
   mGETS: 117783 # GETS misses
   mGETXIM: 249979 # GETX I->M misses
   mGETXSM: 5 # GETX S->M misses (upgrade misses)
   PUTS: 0 # Clean evictions (from lower level)
   PUTX: 0 # Dirty evictions (from lower level)
   INV: 70 # Invalidates (from upper level)
   INVX: 15 # Downgrades (from upper level)
   FWD: 0 # Forwards (from upper level)
   latGETnl: 99991434 # GET request latency on next level
   latGETnet: 0 # GET request latency on network to next level
  l1d-14: # Filter cache stats
   fhGETS: 862785 # Filtered GETS hits
   fhGETX: 738995 # Filtered GETX hits
   hGETS: 5544 # GETS hits
   hGETX: 11276 # GETX hits
   mGETS: 117824 # GETS misses
   mGETXIM: 250062 # GETX I->M misses
   mGETXSM: 5 # GETX S->M misses (upgrade misses)
   PUTS: 0 # Clean evictions (from lower level)
   PUTX: 0 # Dirty evictions (from lower level)
   INV: 69 # Invalidates (from upper level)
   INVX: 2 # Downgrades (from upper level)
   FWD: 0 # Forwards (from upper level)
   latGETnl: 100022434 # GET request latency on next level
   latGETnet: 0 # GET request latency on network to next level
  l1d-15: # Filter cache stats
   fhGETS: 862444 # Filtered GETS hits
   fhGETX: 738712 # Filtered GETX hits
   hGETS: 5533 # GETS hits
   hGETX: 11260 # GETX hits
   mGETS: 117776 # GETS misses
   mGETXIM: 249964 # GETX I->M misses
   mGETXSM: 4 # GETX S->M misses (upgrade misses)
   PUTS: 0 # Clean evictions (from lower level)
   PUTX: 0 # Dirty evictions (from lower level)
   INV: 68 # Invalidates (from upper level)
   INVX: 9 # Downgrades (from upper level)
   FWD: 0 # Forwards (from upper level)
   latGETnl: 99985318 # GET request latency on next level
   latGETnet: 0 # GET request latency on network to next level
  l1d-16: # Filter cache stats
   fhGETS: 863198 # Filtered GETS hits
   fhGETX: 738659 # Filtered GETX hits
   hGETS: 5890 # GETS hits
   hGETX: 11326 # GETX hits
   mGETS: 117740 # GETS misses
   mGETXIM: 249754 # GETX I->M misses
   mGETXSM: 13 # GETX S->M misses (upgrade misses)
   PUTS: 0 # Clean evictions (from lower level)
   PUTX: 0 # Dirty evictions (from lower level)
   INV: 68 # Invalidates (from upper level)
   INVX: 2 # Downgrades (from upper level)
   FWD: 0 # Forwards (from upper level)
   latGETnl: 99909605 # GET request latency on next level
   latGETnet: 0 # GET request latency on network to next level
  l1d-17: # Filter cache stats
   fhGETS: 862539 # Filtered GETS hits
   fhGETX: 738791 # Filtered GETX hits
   hGETS: 5527 # GETS hits
   hGETX: 11251 # GETX hits
   mGETS: 117786 # GETS misses
   mGETXIM: 249993 # GETX I->M misses
   mGETXSM: 6 # GETX S->M misses (upgrade misses)
   PUTS: 0 # Clean evictions (from lower level)
   PUTX: 0 # Dirty evictions (from lower level)
   INV: 73 # Invalidates (from upper level)
   INVX: 3 # Downgrades (from upper level)
   FWD: 0 # Forwards (from upper level)
   latGETnl: 99992027 # GET request latency on next level
   latGETnet: 0 # GET request latency on network to next level
  l1d-18: # Filter cache stats
   fhGETS: 862684 # Filtered GETS hits
   fhGETX: 738916 # Filtered GETX hits
   hGETS: 5529 # GETS hits
   hGETX: 11258 # GETX hits
   mGETS: 117806 # GETS misses
   mGETXIM: 250034 # GETX I->M misses
   mGETXSM: 4 # GETX S->M misses (upgrade misses)
   PUTS: 0 # Clean evictions (from lower level)
   PUTX: 0 # Dirty evictions (from lower level)
   INV: 68 # Invalidates (from upper level)
   INVX: 1 # Downgrades (from upper level)
   FWD: 0 # Forwards (from upper level)
   latGETnl: 100009172 # GET request latency on next level
   latGETnet: 0 # GET request latency on network to next level
  l1d-19: # Filter cache stats
   fhGETS: 862559 # Filtered GETS hits
   fhGETX: 738811 # Filtered GETX hits
   hGETS: 5524 # GETS hits
   hGETX: 11253 # GETX hits
   mGETS: 117790 # GETS misses
   mGETXIM: 249997 # GETX I->M misses
   mGETXSM: 4 # GETX S->M misses (upgrade misses)
   PUTS: 0 # Clean evictions (from lower level)
   PUTX: 0 # Dirty evictions (from lower level)
   INV: 69 # Invalidates (from upper level)
   INVX: 1 # Downgrades (from upper level)
   FWD: 0 # Forwards (from upper level)
   latGETnl: 99995206 # GET request latency on next level
   latGETnet: 0 # GET request latency on network to next level
  l1d-20: # Filter cache stats
   fhGETS: 862668 # Filtered GETS hits
   fhGETX: 738912 # Filtered GETX hits
   hGETS: 5552 # GETS hits
   hGETX: 11262 # GETX hits
   mGETS: 117805 # GETS misses
   mGETXIM: 250038 # GETX I->M misses
   mGETXSM: 5 # GETX S->M misses (upgrade misses)
   PUTS: 0 # Clean evictions (from lower level)
   PUTX: 0 # Dirty evictions (from lower level)
   INV: 72 # Invalidates (from upper level)
   INVX: 2 # Downgrades (from upper level)
   FWD: 0 # Forwards (from upper level)
   latGETnl: 100009613 # GET request latency on next level
   latGETnet: 0 # GET request latency on network to next level
  l1d-21: # Filter cache stats
   fhGETS: 862552 # Filtered GETS hits
   fhGETX: 738800 # Filtered GETX hits
   hGETS: 5521 # GETS hits
   hGETX: 11253 # GETX hits
   mGETS: 117800 # GETS misses
   mGETXIM: 249987 # GETX I->M misses
   mGETXSM: 11 # GETX S->M misses (upgrade misses)
   PUTS: 0 # Clean evictions (from lower level)
   PUTX: 0 # Dirty evictions (from lower level)
   INV: 77 # Invalidates (from upper level)
   INVX: 9 # Downgrades (from upper level)
   FWD: 0 # Forwards (from upper level)
   latGETnl: 99994381 # GET request latency on next level
   latGETnet: 0 # GET request latency on network to next level
  l1d-22: # Filter cache stats
   fhGETS: 862451 # Filtered GETS hits
   fhGETX: 738715 # Filtered GETX hits
   hGETS: 5527 # GETS hits
   hGETX: 11262 # GETX hits
   mGETS: 117777 # GETS misses
   mGETXIM: 249964 # GETX I->M misses
   mGETXSM: 4 # GETX S->M misses (upgrade misses)
   PUTS: 0 # Clean evictions (from lower level)
   PUTX: 0 # Dirty evictions (from lower level)
   INV: 67 # Invalidates (from upper level)
   INVX: 1 # Downgrades (from upper level)
   FWD: 0 # Forwards (from upper level)
   latGETnl: 99984044 # GET request latency on next level
   latGETnet: 0 # GET request latency on network to next level
  l1d-23: # Filter cache stats
   fhGETS: 0 # Filtered GETS hits
   fhGETX: 0 # Filtered GETX hits
   hGETS: 0 # GETS hits
   hGETX: 0 # GETX hits
   mGETS: 0 # GETS misses
   mGETXIM: 0 # GETX I->M misses
   mGETXSM: 0 # GETX S->M misses (upgrade misses)
   PUTS: 0 # Clean evictions (from lower level)
   PUTX: 0 # Dirty evictions (from lower level)
   INV: 0 # Invalidates (from upper level)
   INVX: 0 # Downgrades (from upper level)
   FWD: 0 # Forwards (from upper level)
   latGETnl: 0 # GET request latency on next level
   latGETnet: 0 # GET request latency on network to next level
 l1i: # Cache stats
  l1i-0: # Filter cache stats
   fhGETS: 6735645 # Filtered GETS hits
   fhGETX: 0 # Filtered GETX hits
   hGETS: 44 # GETS hits
   hGETX: 0 # GETX hits
   mGETS: 826 # GETS misses
   mGETXIM: 0 # GETX I->M misses
   mGETXSM: 0 # GETX S->M misses (upgrade misses)
   PUTS: 0 # Clean evictions (from lower level)
   PUTX: 0 # Dirty evictions (from lower level)
   INV: 802 # Invalidates (from upper level)
   INVX: 0 # Downgrades (from upper level)
   FWD: 0 # Forwards (from upper level)
   latGETnl: 77972 # GET request latency on next level
   latGETnet: 0 # GET request latency on network to next level
  l1i-1: # Filter cache stats
   fhGETS: 6733956 # Filtered GETS hits
   fhGETX: 0 # Filtered GETX hits
   hGETS: 37 # GETS hits
   hGETX: 0 # GETX hits
   mGETS: 723 # GETS misses
   mGETXIM: 0 # GETX I->M misses
   mGETXSM: 0 # GETX S->M misses (upgrade misses)
   PUTS: 0 # Clean evictions (from lower level)
   PUTX: 0 # Dirty evictions (from lower level)
   INV: 699 # Invalidates (from upper level)
   INVX: 0 # Downgrades (from upper level)
   FWD: 0 # Forwards (from upper level)
   latGETnl: 39381 # GET request latency on next level
   latGETnet: 0 # GET request latency on network to next level
  l1i-2: # Filter cache stats
   fhGETS: 6733246 # Filtered GETS hits
   fhGETX: 0 # Filtered GETX hits
   hGETS: 38 # GETS hits
   hGETX: 0 # GETX hits
   mGETS: 761 # GETS misses
   mGETXIM: 0 # GETX I->M misses
   mGETXSM: 0 # GETX S->M misses (upgrade misses)
   PUTS: 0 # Clean evictions (from lower level)
   PUTX: 0 # Dirty evictions (from lower level)
   INV: 737 # Invalidates (from upper level)
   INVX: 0 # Downgrades (from upper level)
   FWD: 0 # Forwards (from upper level)
   latGETnl: 45667 # GET request latency on next level
   latGETnet: 0 # GET request latency on network to next level
  l1i-3: # Filter cache stats
   fhGETS: 6732283 # Filtered GETS hits
   fhGETX: 0 # Filtered GETX hits
   hGETS: 30 # GETS hits
   hGETX: 0 # GETX hits
   mGETS: 734 # GETS misses
   mGETXIM: 0 # GETX I->M misses
   mGETXSM: 0 # GETX S->M misses (upgrade misses)
   PUTS: 0 # Clean evictions (from lower level)
   PUTX: 0 # Dirty evictions (from lower level)
   INV: 710 # Invalidates (from upper level)
   INVX: 0 # Downgrades (from upper level)
   FWD: 0 # Forwards (from upper level)
   latGETnl: 39448 # GET request latency on next level
   latGETnet: 0 # GET request latency on network to next level
  l1i-4: # Filter cache stats
   fhGETS: 6734040 # Filtered GETS hits
   fhGETX: 0 # Filtered GETX hits
   hGETS: 31 # GETS hits
   hGETX: 0 # GETX hits
   mGETS: 736 # GETS misses
   mGETXIM: 0 # GETX I->M misses
   mGETXSM: 0 # GETX S->M misses (upgrade misses)
   PUTS: 0 # Clean evictions (from lower level)
   PUTX: 0 # Dirty evictions (from lower level)
   INV: 712 # Invalidates (from upper level)
   INVX: 0 # Downgrades (from upper level)
   FWD: 0 # Forwards (from upper level)
   latGETnl: 36167 # GET request latency on next level
   latGETnet: 0 # GET request latency on network to next level
  l1i-5: # Filter cache stats
   fhGETS: 6732067 # Filtered GETS hits
   fhGETX: 0 # Filtered GETX hits
   hGETS: 29 # GETS hits
   hGETX: 0 # GETX hits
   mGETS: 735 # GETS misses
   mGETXIM: 0 # GETX I->M misses
   mGETXSM: 0 # GETX S->M misses (upgrade misses)
   PUTS: 0 # Clean evictions (from lower level)
   PUTX: 0 # Dirty evictions (from lower level)
   INV: 711 # Invalidates (from upper level)
   INVX: 0 # Downgrades (from upper level)
   FWD: 0 # Forwards (from upper level)
   latGETnl: 35220 # GET request latency on next level
   latGETnet: 0 # GET request latency on network to next level
  l1i-6: # Filter cache stats
   fhGETS: 6733669 # Filtered GETS hits
   fhGETX: 0 # Filtered GETX hits
   hGETS: 29 # GETS hits
   hGETX: 0 # GETX hits
   mGETS: 733 # GETS misses
   mGETXIM: 0 # GETX I->M misses
   mGETXSM: 0 # GETX S->M misses (upgrade misses)
   PUTS: 0 # Clean evictions (from lower level)
   PUTX: 0 # Dirty evictions (from lower level)
   INV: 709 # Invalidates (from upper level)
   INVX: 0 # Downgrades (from upper level)
   FWD: 0 # Forwards (from upper level)
   latGETnl: 34676 # GET request latency on next level
   latGETnet: 0 # GET request latency on network to next level
  l1i-7: # Filter cache stats
   fhGETS: 6732716 # Filtered GETS hits
   fhGETX: 0 # Filtered GETX hits
   hGETS: 29 # GETS hits
   hGETX: 0 # GETX hits
   mGETS: 712 # GETS misses
   mGETXIM: 0 # GETX I->M misses
   mGETXSM: 0 # GETX S->M misses (upgrade misses)
   PUTS: 0 # Clean evictions (from lower level)
   PUTX: 0 # Dirty evictions (from lower level)
   INV: 688 # Invalidates (from upper level)
   INVX: 0 # Downgrades (from upper level)
   FWD: 0 # Forwards (from upper level)
   latGETnl: 38189 # GET request latency on next level
   latGETnet: 0 # GET request latency on network to next level
  l1i-8: # Filter cache stats
   fhGETS: 6732800 # Filtered GETS hits
   fhGETX: 0 # Filtered GETX hits
   hGETS: 30 # GETS hits
   hGETX: 0 # GETX hits
   mGETS: 717 # GETS misses
   mGETXIM: 0 # GETX I->M misses
   mGETXSM: 0 # GETX S->M misses (upgrade misses)
   PUTS: 0 # Clean evictions (from lower level)
   PUTX: 0 # Dirty evictions (from lower level)
   INV: 693 # Invalidates (from upper level)
   INVX: 0 # Downgrades (from upper level)
   FWD: 0 # Forwards (from upper level)
   latGETnl: 37974 # GET request latency on next level
   latGETnet: 0 # GET request latency on network to next level
  l1i-9: # Filter cache stats
   fhGETS: 6732911 # Filtered GETS hits
   fhGETX: 0 # Filtered GETX hits
   hGETS: 28 # GETS hits
   hGETX: 0 # GETX hits
   mGETS: 717 # GETS misses
   mGETXIM: 0 # GETX I->M misses
   mGETXSM: 0 # GETX S->M misses (upgrade misses)
   PUTS: 0 # Clean evictions (from lower level)
   PUTX: 0 # Dirty evictions (from lower level)
   INV: 693 # Invalidates (from upper level)
   INVX: 0 # Downgrades (from upper level)
   FWD: 0 # Forwards (from upper level)
   latGETnl: 36849 # GET request latency on next level
   latGETnet: 0 # GET request latency on network to next level
  l1i-10: # Filter cache stats
   fhGETS: 6733192 # Filtered GETS hits
   fhGETX: 0 # Filtered GETX hits
   hGETS: 30 # GETS hits
   hGETX: 0 # GETX hits
   mGETS: 716 # GETS misses
   mGETXIM: 0 # GETX I->M misses
   mGETXSM: 0 # GETX S->M misses (upgrade misses)
   PUTS: 0 # Clean evictions (from lower level)
   PUTX: 0 # Dirty evictions (from lower level)
   INV: 692 # Invalidates (from upper level)
   INVX: 0 # Downgrades (from upper level)
   FWD: 0 # Forwards (from upper level)
   latGETnl: 36802 # GET request latency on next level
   latGETnet: 0 # GET request latency on network to next level
  l1i-11: # Filter cache stats
   fhGETS: 6733498 # Filtered GETS hits
   fhGETX: 0 # Filtered GETX hits
   hGETS: 97 # GETS hits
   hGETX: 0 # GETX hits
   mGETS: 718 # GETS misses
   mGETXIM: 0 # GETX I->M misses
   mGETXSM: 0 # GETX S->M misses (upgrade misses)
   PUTS: 0 # Clean evictions (from lower level)
   PUTX: 0 # Dirty evictions (from lower level)
   INV: 694 # Invalidates (from upper level)
   INVX: 0 # Downgrades (from upper level)
   FWD: 0 # Forwards (from upper level)
   latGETnl: 36221 # GET request latency on next level
   latGETnet: 0 # GET request latency on network to next level
  l1i-12: # Filter cache stats
   fhGETS: 6734340 # Filtered GETS hits
   fhGETX: 0 # Filtered GETX hits
   hGETS: 30 # GETS hits
   hGETX: 0 # GETX hits
   mGETS: 710 # GETS misses
   mGETXIM: 0 # GETX I->M misses
   mGETXSM: 0 # GETX S->M misses (upgrade misses)
   PUTS: 0 # Clean evictions (from lower level)
   PUTX: 0 # Dirty evictions (from lower level)
   INV: 686 # Invalidates (from upper level)
   INVX: 0 # Downgrades (from upper level)
   FWD: 0 # Forwards (from upper level)
   latGETnl: 36745 # GET request latency on next level
   latGETnet: 0 # GET request latency on network to next level
  l1i-13: # Filter cache stats
   fhGETS: 6733244 # Filtered GETS hits
   fhGETX: 0 # Filtered GETX hits
   hGETS: 30 # GETS hits
   hGETX: 0 # GETX hits
   mGETS: 718 # GETS misses
   mGETXIM: 0 # GETX I->M misses
   mGETXSM: 0 # GETX S->M misses (upgrade misses)
   PUTS: 0 # Clean evictions (from lower level)
   PUTX: 0 # Dirty evictions (from lower level)
   INV: 694 # Invalidates (from upper level)
   INVX: 0 # Downgrades (from upper level)
   FWD: 0 # Forwards (from upper level)
   latGETnl: 34646 # GET request latency on next level
   latGETnet: 0 # GET request latency on network to next level
  l1i-14: # Filter cache stats
   fhGETS: 6735563 # Filtered GETS hits
   fhGETX: 0 # Filtered GETX hits
   hGETS: 30 # GETS hits
   hGETX: 0 # GETX hits
   mGETS: 720 # GETS misses
   mGETXIM: 0 # GETX I->M misses
   mGETXSM: 0 # GETX S->M misses (upgrade misses)
   PUTS: 0 # Clean evictions (from lower level)
   PUTX: 0 # Dirty evictions (from lower level)
   INV: 693 # Invalidates (from upper level)
   INVX: 0 # Downgrades (from upper level)
   FWD: 0 # Forwards (from upper level)
   latGETnl: 35190 # GET request latency on next level
   latGETnet: 0 # GET request latency on network to next level
  l1i-15: # Filter cache stats
   fhGETS: 6732884 # Filtered GETS hits
   fhGETX: 0 # Filtered GETX hits
   hGETS: 30 # GETS hits
   hGETX: 0 # GETX hits
   mGETS: 717 # GETS misses
   mGETXIM: 0 # GETX I->M misses
   mGETXSM: 0 # GETX S->M misses (upgrade misses)
   PUTS: 0 # Clean evictions (from lower level)
   PUTX: 0 # Dirty evictions (from lower level)
   INV: 693 # Invalidates (from upper level)
   INVX: 0 # Downgrades (from upper level)
   FWD: 0 # Forwards (from upper level)
   latGETnl: 34149 # GET request latency on next level
   latGETnet: 0 # GET request latency on network to next level
  l1i-16: # Filter cache stats
   fhGETS: 6728448 # Filtered GETS hits
   fhGETX: 0 # Filtered GETX hits
   hGETS: 195 # GETS hits
   hGETX: 0 # GETX hits
   mGETS: 786 # GETS misses
   mGETXIM: 0 # GETX I->M misses
   mGETXSM: 0 # GETX S->M misses (upgrade misses)
   PUTS: 0 # Clean evictions (from lower level)
   PUTX: 0 # Dirty evictions (from lower level)
   INV: 762 # Invalidates (from upper level)
   INVX: 0 # Downgrades (from upper level)
   FWD: 0 # Forwards (from upper level)
   latGETnl: 49317 # GET request latency on next level
   latGETnet: 0 # GET request latency on network to next level
  l1i-17: # Filter cache stats
   fhGETS: 6733500 # Filtered GETS hits
   fhGETX: 0 # Filtered GETX hits
   hGETS: 30 # GETS hits
   hGETX: 0 # GETX hits
   mGETS: 718 # GETS misses
   mGETXIM: 0 # GETX I->M misses
   mGETXSM: 0 # GETX S->M misses (upgrade misses)
   PUTS: 0 # Clean evictions (from lower level)
   PUTX: 0 # Dirty evictions (from lower level)
   INV: 696 # Invalidates (from upper level)
   INVX: 0 # Downgrades (from upper level)
   FWD: 0 # Forwards (from upper level)
   latGETnl: 34421 # GET request latency on next level
   latGETnet: 0 # GET request latency on network to next level
  l1i-18: # Filter cache stats
   fhGETS: 6734702 # Filtered GETS hits
   fhGETX: 0 # Filtered GETX hits
   hGETS: 30 # GETS hits
   hGETX: 0 # GETX hits
   mGETS: 712 # GETS misses
   mGETXIM: 0 # GETX I->M misses
   mGETXSM: 0 # GETX S->M misses (upgrade misses)
   PUTS: 0 # Clean evictions (from lower level)
   PUTX: 0 # Dirty evictions (from lower level)
   INV: 688 # Invalidates (from upper level)
   INVX: 0 # Downgrades (from upper level)
   FWD: 0 # Forwards (from upper level)
   latGETnl: 33464 # GET request latency on next level
   latGETnet: 0 # GET request latency on network to next level
  l1i-19: # Filter cache stats
   fhGETS: 6733705 # Filtered GETS hits
   fhGETX: 0 # Filtered GETX hits
   hGETS: 30 # GETS hits
   hGETX: 0 # GETX hits
   mGETS: 708 # GETS misses
   mGETXIM: 0 # GETX I->M misses
   mGETXSM: 0 # GETX S->M misses (upgrade misses)
   PUTS: 0 # Clean evictions (from lower level)
   PUTX: 0 # Dirty evictions (from lower level)
   INV: 684 # Invalidates (from upper level)
   INVX: 0 # Downgrades (from upper level)
   FWD: 0 # Forwards (from upper level)
   latGETnl: 34176 # GET request latency on next level
   latGETnet: 0 # GET request latency on network to next level
  l1i-20: # Filter cache stats
   fhGETS: 6734707 # Filtered GETS hits
   fhGETX: 0 # Filtered GETX hits
   hGETS: 30 # GETS hits
   hGETX: 0 # GETX hits
   mGETS: 734 # GETS misses
   mGETXIM: 0 # GETX I->M misses
   mGETXSM: 0 # GETX S->M misses (upgrade misses)
   PUTS: 0 # Clean evictions (from lower level)
   PUTX: 0 # Dirty evictions (from lower level)
   INV: 710 # Invalidates (from upper level)
   INVX: 0 # Downgrades (from upper level)
   FWD: 0 # Forwards (from upper level)
   latGETnl: 34498 # GET request latency on next level
   latGETnet: 0 # GET request latency on network to next level
  l1i-21: # Filter cache stats
   fhGETS: 6733548 # Filtered GETS hits
   fhGETX: 0 # Filtered GETX hits
   hGETS: 44 # GETS hits
   hGETX: 0 # GETX hits
   mGETS: 722 # GETS misses
   mGETXIM: 0 # GETX I->M misses
   mGETXSM: 0 # GETX S->M misses (upgrade misses)
   PUTS: 0 # Clean evictions (from lower level)
   PUTX: 0 # Dirty evictions (from lower level)
   INV: 698 # Invalidates (from upper level)
   INVX: 0 # Downgrades (from upper level)
   FWD: 0 # Forwards (from upper level)
   latGETnl: 34159 # GET request latency on next level
   latGETnet: 0 # GET request latency on network to next level
  l1i-22: # Filter cache stats
   fhGETS: 6732882 # Filtered GETS hits
   fhGETX: 0 # Filtered GETX hits
   hGETS: 30 # GETS hits
   hGETX: 0 # GETX hits
   mGETS: 711 # GETS misses
   mGETXIM: 0 # GETX I->M misses
   mGETXSM: 0 # GETX S->M misses (upgrade misses)
   PUTS: 0 # Clean evictions (from lower level)
   PUTX: 0 # Dirty evictions (from lower level)
   INV: 687 # Invalidates (from upper level)
   INVX: 0 # Downgrades (from upper level)
   FWD: 0 # Forwards (from upper level)
   latGETnl: 33417 # GET request latency on next level
   latGETnet: 0 # GET request latency on network to next level
  l1i-23: # Filter cache stats
   fhGETS: 0 # Filtered GETS hits
   fhGETX: 0 # Filtered GETX hits
   hGETS: 0 # GETS hits
   hGETX: 0 # GETX hits
   mGETS: 0 # GETS misses
   mGETXIM: 0 # GETX I->M misses
   mGETXSM: 0 # GETX S->M misses (upgrade misses)
   PUTS: 0 # Clean evictions (from lower level)
   PUTX: 0 # Dirty evictions (from lower level)
   INV: 0 # Invalidates (from upper level)
   INVX: 0 # Downgrades (from upper level)
   FWD: 0 # Forwards (from upper level)
   latGETnl: 0 # GET request latency on next level
   latGETnet: 0 # GET request latency on network to next level
 l2: # Cache stats
  l2-0: # Cache stats
   hGETS: 0 # GETS hits
   hGETX: 0 # GETX hits
   mGETS: 118711 # GETS misses
   mGETXIM: 250098 # GETX I->M misses
   mGETXSM: 5 # GETX S->M misses (upgrade misses)
   PUTS: 117652 # Clean evictions (from lower level)
   PUTX: 249717 # Dirty evictions (from lower level)
   INV: 35193 # Invalidates (from upper level)
   INVX: 85 # Downgrades (from upper level)
   FWD: 0 # Forwards (from upper level)
   latGETnl: 96445765 # GET request latency on next level
   latGETnet: 0 # GET request latency on network to next level
  l2-1: # Cache stats
   hGETS: 0 # GETS hits
   hGETX: 0 # GETX hits
   mGETS: 118538 # GETS misses
   mGETXIM: 250007 # GETX I->M misses
   mGETXSM: 8 # GETX S->M misses (upgrade misses)
   PUTS: 117583 # Clean evictions (from lower level)
   PUTX: 249638 # Dirty evictions (from lower level)
   INV: 22337 # Invalidates (from upper level)
   INVX: 23 # Downgrades (from upper level)
   FWD: 0 # Forwards (from upper level)
   latGETnl: 96357470 # GET request latency on next level
   latGETnet: 0 # GET request latency on network to next level
  l2-2: # Cache stats
   hGETS: 0 # GETS hits
   hGETX: 0 # GETX hits
   mGETS: 118564 # GETS misses
   mGETXIM: 249977 # GETX I->M misses
   mGETXSM: 8 # GETX S->M misses (upgrade misses)
   PUTS: 117572 # Clean evictions (from lower level)
   PUTX: 249625 # Dirty evictions (from lower level)
   INV: 29299 # Invalidates (from upper level)
   INVX: 10 # Downgrades (from upper level)
   FWD: 0 # Forwards (from upper level)
   latGETnl: 96354468 # GET request latency on next level
   latGETnet: 0 # GET request latency on network to next level
  l2-3: # Cache stats
   hGETS: 0 # GETS hits
   hGETX: 0 # GETX hits
   mGETS: 118514 # GETS misses
   mGETXIM: 249950 # GETX I->M misses
   mGETXSM: 8 # GETX S->M misses (upgrade misses)
   PUTS: 117552 # Clean evictions (from lower level)
   PUTX: 249580 # Dirty evictions (from lower level)
   INV: 21865 # Invalidates (from upper level)
   INVX: 33 # Downgrades (from upper level)
   FWD: 0 # Forwards (from upper level)
   latGETnl: 96336022 # GET request latency on next level
   latGETnet: 0 # GET request latency on network to next level
  l2-4: # Cache stats
   hGETS: 0 # GETS hits
   hGETX: 0 # GETX hits
   mGETS: 118549 # GETS misses
   mGETXIM: 250013 # GETX I->M misses
   mGETXSM: 9 # GETX S->M misses (upgrade misses)
   PUTS: 117582 # Clean evictions (from lower level)
   PUTX: 249645 # Dirty evictions (from lower level)
   INV: 21891 # Invalidates (from upper level)
   INVX: 18 # Downgrades (from upper level)
   FWD: 0 # Forwards (from upper level)
   latGETnl: 96354241 # GET request latency on next level
   latGETnet: 0 # GET request latency on network to next level
  l2-5: # Cache stats
   hGETS: 0 # GETS hits
   hGETX: 0 # GETX hits
   mGETS: 118513 # GETS misses
   mGETXIM: 249934 # GETX I->M misses
   mGETXSM: 7 # GETX S->M misses (upgrade misses)
   PUTS: 117551 # Clean evictions (from lower level)
   PUTX: 249567 # Dirty evictions (from lower level)
   INV: 23312 # Invalidates (from upper level)
   INVX: 17 # Downgrades (from upper level)
   FWD: 0 # Forwards (from upper level)
   latGETnl: 96324417 # GET request latency on next level
   latGETnet: 0 # GET request latency on network to next level
  l2-6: # Cache stats
   hGETS: 0 # GETS hits
   hGETX: 0 # GETX hits
   mGETS: 118541 # GETS misses
   mGETXIM: 249994 # GETX I->M misses
   mGETXSM: 8 # GETX S->M misses (upgrade misses)
   PUTS: 117577 # Clean evictions (from lower level)
   PUTX: 249630 # Dirty evictions (from lower level)
   INV: 36100 # Invalidates (from upper level)
   INVX: 18 # Downgrades (from upper level)
   FWD: 0 # Forwards (from upper level)
   latGETnl: 96347271 # GET request latency on next level
   latGETnet: 0 # GET request latency on network to next level
  l2-7: # Cache stats
   hGETS: 0 # GETS hits
   hGETX: 0 # GETX hits
   mGETS: 118487 # GETS misses
   mGETXIM: 249962 # GETX I->M misses
   mGETXSM: 5 # GETX S->M misses (upgrade misses)
   PUTS: 117556 # Clean evictions (from lower level)
   PUTX: 249598 # Dirty evictions (from lower level)
   INV: 22348 # Invalidates (from upper level)
   INVX: 9 # Downgrades (from upper level)
   FWD: 0 # Forwards (from upper level)
   latGETnl: 96337283 # GET request latency on next level
   latGETnet: 0 # GET request latency on network to next level
  l2-8: # Cache stats
   hGETS: 0 # GETS hits
   hGETX: 0 # GETX hits
   mGETS: 118491 # GETS misses
   mGETXIM: 249965 # GETX I->M misses
   mGETXSM: 6 # GETX S->M misses (upgrade misses)
   PUTS: 117555 # Clean evictions (from lower level)
   PUTX: 249602 # Dirty evictions (from lower level)
   INV: 28476 # Invalidates (from upper level)
   INVX: 7 # Downgrades (from upper level)
   FWD: 0 # Forwards (from upper level)
   latGETnl: 96336863 # GET request latency on next level
   latGETnet: 0 # GET request latency on network to next level
  l2-9: # Cache stats
   hGETS: 0 # GETS hits
   hGETX: 0 # GETX hits
   mGETS: 118496 # GETS misses
   mGETXIM: 249964 # GETX I->M misses
   mGETXSM: 5 # GETX S->M misses (upgrade misses)
   PUTS: 117556 # Clean evictions (from lower level)
   PUTX: 249606 # Dirty evictions (from lower level)
   INV: 36012 # Invalidates (from upper level)
   INVX: 24 # Downgrades (from upper level)
   FWD: 0 # Forwards (from upper level)
   latGETnl: 96341164 # GET request latency on next level
   latGETnet: 0 # GET request latency on network to next level
  l2-10: # Cache stats
   hGETS: 0 # GETS hits
   hGETX: 0 # GETX hits
   mGETS: 118497 # GETS misses
   mGETXIM: 249974 # GETX I->M misses
   mGETXSM: 6 # GETX S->M misses (upgrade misses)
   PUTS: 117558 # Clean evictions (from lower level)
   PUTX: 249619 # Dirty evictions (from lower level)
   INV: 22003 # Invalidates (from upper level)
   INVX: 18 # Downgrades (from upper level)
   FWD: 0 # Forwards (from upper level)
   latGETnl: 96342607 # GET request latency on next level
   latGETnet: 0 # GET request latency on network to next level
  l2-11: # Cache stats
   hGETS: 0 # GETS hits
   hGETX: 0 # GETX hits
   mGETS: 118522 # GETS misses
   mGETXIM: 249998 # GETX I->M misses
   mGETXSM: 11 # GETX S->M misses (upgrade misses)
   PUTS: 117573 # Clean evictions (from lower level)
   PUTX: 249648 # Dirty evictions (from lower level)
   INV: 38039 # Invalidates (from upper level)
   INVX: 10 # Downgrades (from upper level)
   FWD: 0 # Forwards (from upper level)
   latGETnl: 96349442 # GET request latency on next level
   latGETnet: 0 # GET request latency on network to next level
  l2-12: # Cache stats
   hGETS: 0 # GETS hits
   hGETX: 0 # GETX hits
   mGETS: 118511 # GETS misses
   mGETXIM: 250017 # GETX I->M misses
   mGETXSM: 4 # GETX S->M misses (upgrade misses)
   PUTS: 117582 # Clean evictions (from lower level)
   PUTX: 249657 # Dirty evictions (from lower level)
   INV: 27566 # Invalidates (from upper level)
   INVX: 8 # Downgrades (from upper level)
   FWD: 0 # Forwards (from upper level)
   latGETnl: 96356764 # GET request latency on next level
   latGETnet: 0 # GET request latency on network to next level
  l2-13: # Cache stats
   hGETS: 0 # GETS hits
   hGETX: 0 # GETX hits
   mGETS: 118501 # GETS misses
   mGETXIM: 249979 # GETX I->M misses
   mGETXSM: 5 # GETX S->M misses (upgrade misses)
   PUTS: 117560 # Clean evictions (from lower level)
   PUTX: 249620 # Dirty evictions (from lower level)
   INV: 21777 # Invalidates (from upper level)
   INVX: 15 # Downgrades (from upper level)
   FWD: 0 # Forwards (from upper level)
   latGETnl: 96341230 # GET request latency on next level
   latGETnet: 0 # GET request latency on network to next level
  l2-14: # Cache stats
   hGETS: 0 # GETS hits
   hGETX: 0 # GETX hits
   mGETS: 118544 # GETS misses
   mGETXIM: 250062 # GETX I->M misses
   mGETXSM: 5 # GETX S->M misses (upgrade misses)
   PUTS: 117606 # Clean evictions (from lower level)
   PUTX: 249699 # Dirty evictions (from lower level)
   INV: 21766 # Invalidates (from upper level)
   INVX: 2 # Downgrades (from upper level)
   FWD: 0 # Forwards (from upper level)
   latGETnl: 96371514 # GET request latency on next level
   latGETnet: 0 # GET request latency on network to next level
  l2-15: # Cache stats
   hGETS: 0 # GETS hits
   hGETX: 0 # GETX hits
   mGETS: 118493 # GETS misses
   mGETXIM: 249964 # GETX I->M misses
   mGETXSM: 4 # GETX S->M misses (upgrade misses)
   PUTS: 117556 # Clean evictions (from lower level)
   PUTX: 249604 # Dirty evictions (from lower level)
   INV: 22030 # Invalidates (from upper level)
   INVX: 9 # Downgrades (from upper level)
   FWD: 0 # Forwards (from upper level)
   latGETnl: 96334857 # GET request latency on next level
   latGETnet: 0 # GET request latency on network to next level
  l2-16: # Cache stats
   hGETS: 0 # GETS hits
   hGETX: 0 # GETX hits
   mGETS: 118526 # GETS misses
   mGETXIM: 249754 # GETX I->M misses
   mGETXSM: 13 # GETX S->M misses (upgrade misses)
   PUTS: 117508 # Clean evictions (from lower level)
   PUTX: 249406 # Dirty evictions (from lower level)
   INV: 22122 # Invalidates (from upper level)
   INVX: 2 # Downgrades (from upper level)
   FWD: 0 # Forwards (from upper level)
   latGETnl: 96275992 # GET request latency on next level
   latGETnet: 0 # GET request latency on network to next level
  l2-17: # Cache stats
   hGETS: 0 # GETS hits
   hGETX: 0 # GETX hits
   mGETS: 118504 # GETS misses
   mGETXIM: 249993 # GETX I->M misses
   mGETXSM: 6 # GETX S->M misses (upgrade misses)
   PUTS: 117566 # Clean evictions (from lower level)
   PUTX: 249628 # Dirty evictions (from lower level)
   INV: 28727 # Invalidates (from upper level)
   INVX: 3 # Downgrades (from upper level)
   FWD: 0 # Forwards (from upper level)
   latGETnl: 96341418 # GET request latency on next level
   latGETnet: 0 # GET request latency on network to next level
  l2-18: # Cache stats
   hGETS: 0 # GETS hits
   hGETX: 0 # GETX hits
   mGETS: 118518 # GETS misses
   mGETXIM: 250034 # GETX I->M misses
   mGETXSM: 4 # GETX S->M misses (upgrade misses)
   PUTS: 117588 # Clean evictions (from lower level)
   PUTX: 249672 # Dirty evictions (from lower level)
   INV: 36509 # Invalidates (from upper level)
   INVX: 1 # Downgrades (from upper level)
   FWD: 0 # Forwards (from upper level)
   latGETnl: 96357076 # GET request latency on next level
   latGETnet: 0 # GET request latency on network to next level
  l2-19: # Cache stats
   hGETS: 0 # GETS hits
   hGETX: 0 # GETX hits
   mGETS: 118498 # GETS misses
   mGETXIM: 249997 # GETX I->M misses
   mGETXSM: 4 # GETX S->M misses (upgrade misses)
   PUTS: 117571 # Clean evictions (from lower level)
   PUTX: 249635 # Dirty evictions (from lower level)
   INV: 21789 # Invalidates (from upper level)
   INVX: 1 # Downgrades (from upper level)
   FWD: 0 # Forwards (from upper level)
   latGETnl: 96344392 # GET request latency on next level
   latGETnet: 0 # GET request latency on network to next level
  l2-20: # Cache stats
   hGETS: 0 # GETS hits
   hGETX: 0 # GETX hits
   mGETS: 118539 # GETS misses
   mGETXIM: 250038 # GETX I->M misses
   mGETXSM: 5 # GETX S->M misses (upgrade misses)
   PUTS: 117588 # Clean evictions (from lower level)
   PUTX: 249671 # Dirty evictions (from lower level)
   INV: 21941 # Invalidates (from upper level)
   INVX: 2 # Downgrades (from upper level)
   FWD: 0 # Forwards (from upper level)
   latGETnl: 96358291 # GET request latency on next level
   latGETnet: 0 # GET request latency on network to next level
  l2-21: # Cache stats
   hGETS: 0 # GETS hits
   hGETX: 0 # GETX hits
   mGETS: 118522 # GETS misses
   mGETXIM: 249987 # GETX I->M misses
   mGETXSM: 11 # GETX S->M misses (upgrade misses)
   PUTS: 117568 # Clean evictions (from lower level)
   PUTX: 249630 # Dirty evictions (from lower level)
   INV: 23264 # Invalidates (from upper level)
   INVX: 9 # Downgrades (from upper level)
   FWD: 0 # Forwards (from upper level)
   latGETnl: 96343340 # GET request latency on next level
   latGETnet: 0 # GET request latency on network to next level
  l2-22: # Cache stats
   hGETS: 0 # GETS hits
   hGETX: 0 # GETX hits
   mGETS: 118488 # GETS misses
   mGETXIM: 249964 # GETX I->M misses
   mGETXSM: 4 # GETX S->M misses (upgrade misses)
   PUTS: 117555 # Clean evictions (from lower level)
   PUTX: 249607 # Dirty evictions (from lower level)
   INV: 39216 # Invalidates (from upper level)
   INVX: 1 # Downgrades (from upper level)
   FWD: 0 # Forwards (from upper level)
   latGETnl: 96332901 # GET request latency on next level
   latGETnet: 0 # GET request latency on network to next level
  l2-23: # Cache stats
   hGETS: 0 # GETS hits
   hGETX: 0 # GETX hits
   mGETS: 0 # GETS misses
   mGETXIM: 0 # GETX I->M misses
   mGETXSM: 0 # GETX S->M misses (upgrade misses)
   PUTS: 0 # Clean evictions (from lower level)
   PUTX: 0 # Dirty evictions (from lower level)
   INV: 0 # Invalidates (from upper level)
   INVX: 0 # Downgrades (from upper level)
   FWD: 0 # Forwards (from upper level)
   latGETnl: 0 # GET request latency on next level
   latGETnet: 0 # GET request latency on network to next level
 l3: # Cache stats
  l3-0b0: # Cache stats
   hGETS: 838 # GETS hits
   hGETX: 79 # GETX hits
   mGETS: 112781 # GETS misses
   mGETXIM: 239566 # GETX I->M misses
   mGETXSM: 0 # GETX S->M misses (upgrade misses)
   PUTS: 100008 # Clean evictions (from lower level)
   PUTX: 212254 # Dirty evictions (from lower level)
   INV: 0 # Invalidates (from upper level)
   INVX: 0 # Downgrades (from upper level)
   FWD: 0 # Forwards (from upper level)
   latGETnl: 79278075 # GET request latency on next level
   latGETnet: 0 # GET request latency on network to next level
  l3-0b1: # Cache stats
   hGETS: 826 # GETS hits
   hGETX: 48 # GETX hits
   mGETS: 112552 # GETS misses
   mGETXIM: 239562 # GETX I->M misses
   mGETXSM: 0 # GETX S->M misses (upgrade misses)
   PUTS: 100030 # Clean evictions (from lower level)
   PUTX: 212250 # Dirty evictions (from lower level)
   INV: 0 # Invalidates (from upper level)
   INVX: 0 # Downgrades (from upper level)
   FWD: 0 # Forwards (from upper level)
   latGETnl: 79225650 # GET request latency on next level
   latGETnet: 0 # GET request latency on network to next level
  l3-0b2: # Cache stats
   hGETS: 702 # GETS hits
   hGETX: 39 # GETX hits
   mGETS: 112691 # GETS misses
   mGETXIM: 239561 # GETX I->M misses
   mGETXSM: 0 # GETX S->M misses (upgrade misses)
   PUTS: 99750 # Clean evictions (from lower level)
   PUTX: 212300 # Dirty evictions (from lower level)
   INV: 0 # Invalidates (from upper level)
   INVX: 0 # Downgrades (from upper level)
   FWD: 0 # Forwards (from upper level)
   latGETnl: 79256700 # GET request latency on next level
   latGETnet: 0 # GET request latency on network to next level
  l3-0b3: # Cache stats
   hGETS: 866 # GETS hits
   hGETX: 38 # GETX hits
   mGETS: 112690 # GETS misses
   mGETXIM: 239561 # GETX I->M misses
   mGETXSM: 0 # GETX S->M misses (upgrade misses)
   PUTS: 100120 # Clean evictions (from lower level)
   PUTX: 212347 # Dirty evictions (from lower level)
   INV: 0 # Invalidates (from upper level)
   INVX: 0 # Downgrades (from upper level)
   FWD: 0 # Forwards (from upper level)
   latGETnl: 79256475 # GET request latency on next level
   latGETnet: 0 # GET request latency on network to next level
  l3-0b4: # Cache stats
   hGETS: 804 # GETS hits
   hGETX: 57 # GETX hits
   mGETS: 112800 # GETS misses
   mGETXIM: 239561 # GETX I->M misses
   mGETXSM: 0 # GETX S->M misses (upgrade misses)
   PUTS: 100191 # Clean evictions (from lower level)
   PUTX: 212344 # Dirty evictions (from lower level)
   INV: 0 # Invalidates (from upper level)
   INVX: 0 # Downgrades (from upper level)
   FWD: 0 # Forwards (from upper level)
   latGETnl: 79281225 # GET request latency on next level
   latGETnet: 0 # GET request latency on network to next level
  l3-0b5: # Cache stats
   hGETS: 876 # GETS hits
   hGETX: 48 # GETX hits
   mGETS: 112985 # GETS misses
   mGETXIM: 239569 # GETX I->M misses
   mGETXSM: 0 # GETX S->M misses (upgrade misses)
   PUTS: 100125 # Clean evictions (from lower level)
   PUTX: 212234 # Dirty evictions (from lower level)
   INV: 0 # Invalidates (from upper level)
   INVX: 0 # Downgrades (from upper level)
   FWD: 0 # Forwards (from upper level)
   latGETnl: 79324650 # GET request latency on next level
   latGETnet: 0 # GET request latency on network to next level
  l3-0b6: # Cache stats
   hGETS: 685 # GETS hits
   hGETX: 53 # GETX hits
   mGETS: 112845 # GETS misses
   mGETXIM: 239559 # GETX I->M misses
   mGETXSM: 0 # GETX S->M misses (upgrade misses)
   PUTS: 99895 # Clean evictions (from lower level)
   PUTX: 212144 # Dirty evictions (from lower level)
   INV: 0 # Invalidates (from upper level)
   INVX: 0 # Downgrades (from upper level)
   FWD: 0 # Forwards (from upper level)
   latGETnl: 79290900 # GET request latency on next level
   latGETnet: 0 # GET request latency on network to next level
  l3-0b7: # Cache stats
   hGETS: 1233 # GETS hits
   hGETX: 82 # GETX hits
   mGETS: 112920 # GETS misses
   mGETXIM: 239560 # GETX I->M misses
   mGETXSM: 0 # GETX S->M misses (upgrade misses)
   PUTS: 100560 # Clean evictions (from lower level)
   PUTX: 212144 # Dirty evictions (from lower level)
   INV: 0 # Invalidates (from upper level)
   INVX: 0 # Downgrades (from upper level)
   FWD: 0 # Forwards (from upper level)
   latGETnl: 79308000 # GET request latency on next level
   latGETnet: 0 # GET request latency on network to next level
  l3-0b8: # Cache stats
   hGETS: 786 # GETS hits
   hGETX: 49 # GETX hits
   mGETS: 112784 # GETS misses
   mGETXIM: 239569 # GETX I->M misses
   mGETXSM: 0 # GETX S->M misses (upgrade misses)
   PUTS: 100056 # Clean evictions (from lower level)
   PUTX: 212365 # Dirty evictions (from lower level)
   INV: 0 # Invalidates (from upper level)
   INVX: 0 # Downgrades (from upper level)
   FWD: 0 # Forwards (from upper level)
   latGETnl: 79279425 # GET request latency on next level
   latGETnet: 0 # GET request latency on network to next level
  l3-0b9: # Cache stats
   hGETS: 831 # GETS hits
   hGETX: 38 # GETX hits
   mGETS: 112847 # GETS misses
   mGETXIM: 239566 # GETX I->M misses
   mGETXSM: 0 # GETX S->M misses (upgrade misses)
   PUTS: 99948 # Clean evictions (from lower level)
   PUTX: 212171 # Dirty evictions (from lower level)
   INV: 0 # Invalidates (from upper level)
   INVX: 0 # Downgrades (from upper level)
   FWD: 0 # Forwards (from upper level)
   latGETnl: 79292925 # GET request latency on next level
   latGETnet: 0 # GET request latency on network to next level
  l3-0b10: # Cache stats
   hGETS: 1353 # GETS hits
   hGETX: 48 # GETX hits
   mGETS: 112780 # GETS misses
   mGETXIM: 239572 # GETX I->M misses
   mGETXSM: 0 # GETX S->M misses (upgrade misses)
   PUTS: 100438 # Clean evictions (from lower level)
   PUTX: 212372 # Dirty evictions (from lower level)
   INV: 0 # Invalidates (from upper level)
   INVX: 0 # Downgrades (from upper level)
   FWD: 0 # Forwards (from upper level)
   latGETnl: 79279200 # GET request latency on next level
   latGETnet: 0 # GET request latency on network to next level
  l3-0b11: # Cache stats
   hGETS: 776 # GETS hits
   hGETX: 60 # GETX hits
   mGETS: 112814 # GETS misses
   mGETXIM: 239571 # GETX I->M misses
   mGETXSM: 0 # GETX S->M misses (upgrade misses)
   PUTS: 100011 # Clean evictions (from lower level)
   PUTX: 212204 # Dirty evictions (from lower level)
   INV: 0 # Invalidates (from upper level)
   INVX: 0 # Downgrades (from upper level)
   FWD: 0 # Forwards (from upper level)
   latGETnl: 79286625 # GET request latency on next level
   latGETnet: 0 # GET request latency on network to next level
  l3-0b12: # Cache stats
   hGETS: 1344 # GETS hits
   hGETX: 52 # GETX hits
   mGETS: 112743 # GETS misses
   mGETXIM: 239560 # GETX I->M misses
   mGETXSM: 0 # GETX S->M misses (upgrade misses)
   PUTS: 100406 # Clean evictions (from lower level)
   PUTX: 212074 # Dirty evictions (from lower level)
   INV: 0 # Invalidates (from upper level)
   INVX: 0 # Downgrades (from upper level)
   FWD: 0 # Forwards (from upper level)
   latGETnl: 79268175 # GET request latency on next level
   latGETnet: 0 # GET request latency on network to next level
  l3-0b13: # Cache stats
   hGETS: 1268 # GETS hits
   hGETX: 37 # GETX hits
   mGETS: 112687 # GETS misses
   mGETXIM: 239566 # GETX I->M misses
   mGETXSM: 0 # GETX S->M misses (upgrade misses)
   PUTS: 100540 # Clean evictions (from lower level)
   PUTX: 212395 # Dirty evictions (from lower level)
   INV: 0 # Invalidates (from upper level)
   INVX: 0 # Downgrades (from upper level)
   FWD: 0 # Forwards (from upper level)
   latGETnl: 79256925 # GET request latency on next level
   latGETnet: 0 # GET request latency on network to next level
  l3-0b14: # Cache stats
   hGETS: 1352 # GETS hits
   hGETX: 14 # GETX hits
   mGETS: 112731 # GETS misses
   mGETXIM: 239563 # GETX I->M misses
   mGETXSM: 0 # GETX S->M misses (upgrade misses)
   PUTS: 100637 # Clean evictions (from lower level)
   PUTX: 212153 # Dirty evictions (from lower level)
   INV: 0 # Invalidates (from upper level)
   INVX: 0 # Downgrades (from upper level)
   FWD: 0 # Forwards (from upper level)
   latGETnl: 79266150 # GET request latency on next level
   latGETnet: 0 # GET request latency on network to next level
  l3-0b15: # Cache stats
   hGETS: 1326 # GETS hits
   hGETX: 25 # GETX hits
   mGETS: 112684 # GETS misses
   mGETXIM: 239563 # GETX I->M misses
   mGETXSM: 0 # GETX S->M misses (upgrade misses)
   PUTS: 100457 # Clean evictions (from lower level)
   PUTX: 212295 # Dirty evictions (from lower level)
   INV: 0 # Invalidates (from upper level)
   INVX: 0 # Downgrades (from upper level)
   FWD: 0 # Forwards (from upper level)
   latGETnl: 79255575 # GET request latency on next level
   latGETnet: 0 # GET request latency on network to next level
  l3-0b16: # Cache stats
   hGETS: 382 # GETS hits
   hGETX: 25 # GETX hits
   mGETS: 112708 # GETS misses
   mGETXIM: 239476 # GETX I->M misses
   mGETXSM: 0 # GETX S->M misses (upgrade misses)
   PUTS: 99599 # Clean evictions (from lower level)
   PUTX: 212149 # Dirty evictions (from lower level)
   INV: 0 # Invalidates (from upper level)
   INVX: 0 # Downgrades (from upper level)
   FWD: 0 # Forwards (from upper level)
   latGETnl: 79241400 # GET request latency on next level
   latGETnet: 0 # GET request latency on network to next level
  l3-0b17: # Cache stats
   hGETS: 905 # GETS hits
   hGETX: 18 # GETX hits
   mGETS: 112885 # GETS misses
   mGETXIM: 239473 # GETX I->M misses
   mGETXSM: 0 # GETX S->M misses (upgrade misses)
   PUTS: 100328 # Clean evictions (from lower level)
   PUTX: 212157 # Dirty evictions (from lower level)
   INV: 0 # Invalidates (from upper level)
   INVX: 0 # Downgrades (from upper level)
   FWD: 0 # Forwards (from upper level)
   latGETnl: 79280550 # GET request latency on next level
   latGETnet: 0 # GET request latency on network to next level
  l3-0b18: # Cache stats
   hGETS: 291 # GETS hits
   hGETX: 1 # GETX hits
   mGETS: 112788 # GETS misses
   mGETXIM: 239470 # GETX I->M misses
   mGETXSM: 0 # GETX S->M misses (upgrade misses)
   PUTS: 99699 # Clean evictions (from lower level)
   PUTX: 212077 # Dirty evictions (from lower level)
   INV: 0 # Invalidates (from upper level)
   INVX: 0 # Downgrades (from upper level)
   FWD: 0 # Forwards (from upper level)
   latGETnl: 79258050 # GET request latency on next level
   latGETnet: 0 # GET request latency on network to next level
  l3-0b19: # Cache stats
   hGETS: 244 # GETS hits
   hGETX: 31 # GETX hits
   mGETS: 112770 # GETS misses
   mGETXIM: 239471 # GETX I->M misses
   mGETXSM: 0 # GETX S->M misses (upgrade misses)
   PUTS: 99502 # Clean evictions (from lower level)
   PUTX: 212193 # Dirty evictions (from lower level)
   INV: 0 # Invalidates (from upper level)
   INVX: 0 # Downgrades (from upper level)
   FWD: 0 # Forwards (from upper level)
   latGETnl: 79254225 # GET request latency on next level
   latGETnet: 0 # GET request latency on network to next level
  l3-0b20: # Cache stats
   hGETS: 269 # GETS hits
   hGETX: 1 # GETX hits
   mGETS: 112711 # GETS misses
   mGETXIM: 239473 # GETX I->M misses
   mGETXSM: 0 # GETX S->M misses (upgrade misses)
   PUTS: 99494 # Clean evictions (from lower level)
   PUTX: 212332 # Dirty evictions (from lower level)
   INV: 0 # Invalidates (from upper level)
   INVX: 0 # Downgrades (from upper level)
   FWD: 0 # Forwards (from upper level)
   latGETnl: 79241400 # GET request latency on next level
   latGETnet: 0 # GET request latency on network to next level
  l3-0b21: # Cache stats
   hGETS: 240 # GETS hits
   hGETX: 8 # GETX hits
   mGETS: 112592 # GETS misses
   mGETXIM: 239471 # GETX I->M misses
   mGETXSM: 0 # GETX S->M misses (upgrade misses)
   PUTS: 99431 # Clean evictions (from lower level)
   PUTX: 212058 # Dirty evictions (from lower level)
   INV: 0 # Invalidates (from upper level)
   INVX: 0 # Downgrades (from upper level)
   FWD: 0 # Forwards (from upper level)
   latGETnl: 79214175 # GET request latency on next level
   latGETnet: 0 # GET request latency on network to next level
  l3-0b22: # Cache stats
   hGETS: 897 # GETS hits
   hGETX: 50 # GETX hits
   mGETS: 112692 # GETS misses
   mGETXIM: 239481 # GETX I->M misses
   mGETXSM: 0 # GETX S->M misses (upgrade misses)
   PUTS: 100085 # Clean evictions (from lower level)
   PUTX: 212305 # Dirty evictions (from lower level)
   INV: 0 # Invalidates (from upper level)
   INVX: 0 # Downgrades (from upper level)
   FWD: 0 # Forwards (from upper level)
   latGETnl: 79238925 # GET request latency on next level
   latGETnet: 0 # GET request latency on network to next level
  l3-0b23: # Cache stats
   hGETS: 812 # GETS hits
   hGETX: 53 # GETX hits
   mGETS: 112681 # GETS misses
   mGETXIM: 239478 # GETX I->M misses
   mGETXSM: 0 # GETX S->M misses (upgrade misses)
   PUTS: 99948 # Clean evictions (from lower level)
   PUTX: 212212 # Dirty evictions (from lower level)
   INV: 0 # Invalidates (from upper level)
   INVX: 0 # Downgrades (from upper level)
   FWD: 0 # Forwards (from upper level)
   latGETnl: 79235775 # GET request latency on next level
   latGETnet: 0 # GET request latency on network to next level
 mem: # Memory controller stats
  mem-0: # Memory controller stats
   rd: 8403292 # Read requests
   wr: 5320184 # Write requests
   rdlat: 6504477748 # Total latency experienced by read requests
   wrlat: 4276353705 # Total latency experienced by write requests
 sched: # Scheduler stats
  thCr: 25 # Threads created
  thFn: 25 # Threads finished
  schedEvs: 29 # Schedule events
  waitEvs: 3 # Wait events
  handoffEvs: 1 # Handoff events
  sleepEvs: 1 # Sleep events
  idlePhases: 0 # Phases with no thread active
  idlePeriods: 0 # Periods with no thread active
  occHist: # Occupancy histogram
   0: 0
   1: 36
   2: 0
   3: 2
   4: 2
   5: 1
   6: 1
   7: 0
   8: 1
   9: 0
   10: 0
   11: 0
   12: 1
   13: 0
   14: 1
   15: 0
   16: 0
   17: 1
   18: 0
   19: 0
   20: 1
   21: 0
   22: 1
   23: 43538
   24: 0
  rqSzHist: # Run queue size histogram
   0: 43558
   1: 28
   2: 0
   3: 0
   4: 0
   5: 0
   6: 0
   7: 0
   8: 0
   9: 0
   10: 0
   11: 0
   12: 0
   13: 0
   14: 0
   15: 0
   16: 0
   17: 0
   18: 0
   19: 0
   20: 0
   21: 0
   22: 0
   23: 0
   24: 0
 procCycles: # Per-process unhalted core cycles
  0: 1001541080
  1: 0
  2: 0
  3: 0
  4: 0
  5: 0
  6: 0
  7: 0
  8: 0
  9: 0
  10: 0
  11: 0
  12: 0
  13: 0
  14: 0
  15: 0
  16: 0
  17: 0
  18: 0
  19: 0
  20: 0
  21: 0
  22: 0
  23: 0
  24: 0
  25: 0
  26: 0
  27: 0
  28: 0
  29: 0
  30: 0
  31: 0
  32: 0
  33: 0
  34: 0
  35: 0
  36: 0
  37: 0
  38: 0
  39: 0
  40: 0
  41: 0
  42: 0
  43: 0
  44: 0
  45: 0
  46: 0
  47: 0
  48: 0
  49: 0
  50: 0
  51: 0
  52: 0
  53: 0
  54: 0
  55: 0
  56: 0
  57: 0
  58: 0
  59: 0
  60: 0
  61: 0
  62: 0
  63: 0
 procInstrs: # Per-process instructions
  0: 448597381
  1: 0
  2: 0
  3: 0
  4: 0
  5: 0
  6: 0
  7: 0
  8: 0
  9: 0
  10: 0
  11: 0
  12: 0
  13: 0
  14: 0
  15: 0
  16: 0
  17: 0
  18: 0
  19: 0
  20: 0
  21: 0
  22: 0
  23: 0
  24: 0
  25: 0
  26: 0
  27: 0
  28: 0
  29: 0
  30: 0
  31: 0
  32: 0
  33: 0
  34: 0
  35: 0
  36: 0
  37: 0
  38: 0
  39: 0
  40: 0
  41: 0
  42: 0
  43: 0
  44: 0
  45: 0
  46: 0
  47: 0
  48: 0
  49: 0
  50: 0
  51: 0
  52: 0
  53: 0
  54: 0
  55: 0
  56: 0
  57: 0
  58: 0
  59: 0
  60: 0
  61: 0
  62: 0
  63: 0
 heartbeats: # Per-process heartbeats
  0: 0
  1: 0
  2: 0
  3: 0
  4: 0
  5: 0
  6: 0
  7: 0
  8: 0
  9: 0
  10: 0
  11: 0
  12: 0
  13: 0
  14: 0
  15: 0
  16: 0
  17: 0
  18: 0
  19: 0
  20: 0
  21: 0
  22: 0
  23: 0
  24: 0
  25: 0
  26: 0
  27: 0
  28: 0
  29: 0
  30: 0
  31: 0
  32: 0
  33: 0
  34: 0
  35: 0
  36: 0
  37: 0
  38: 0
  39: 0
  40: 0
  41: 0
  42: 0
  43: 0
  44: 0
  45: 0
  46: 0
  47: 0
  48: 0
  49: 0
  50: 0
  51: 0
  52: 0
  53: 0
  54: 0
  55: 0
  56: 0
  57: 0
  58: 0
  59: 0
  60: 0
  61: 0
  62: 0
  63: 0
===
