# zsim stats
===
root: # Stats
 contention: # Contention simulation stats
  domain-0: # Domain stats
   time: 7723564971 # Weave simulation time
 time: # Simulator time breakdown
  init: 3054860471
  bound: 301699030749
  weave: 9531320860
  ff: 274874
 trigger: 20000 # Reason for this stats dump
 phase: 55131 # Simulated phases
 reqCycles: 0 # Requeue Cycles
 skylake: # Core stats
  skylake-0: # Core stats
   cycles: 55131040 # Simulated unhalted cycles
   cCycles: 2015067 # Cycles due to contention stalls
   instrs: 78236933 # Simulated instructions
   uops: 53594634 # issued micro-ops
   bbls: 25623356 # Basic blocks
   approxInstrs: 790585 # Instrs with approx uop decoding
   mispredBranches: 115026 # Mispredicted branches
   IdqNotDelivered: 53115973 # Stalls no uop delivered when no Bkend Stall
   IntMiscRecoveryCycles: 929976 # Stalls waiting machine clears
   uops executed: 53999732 # Executed microoperations
  skylake-1: # Core stats
   cycles: 55107058 # Simulated unhalted cycles
   cCycles: 2015075 # Cycles due to contention stalls
   instrs: 78235697 # Simulated instructions
   uops: 53593271 # issued micro-ops
   bbls: 25623116 # Basic blocks
   approxInstrs: 790581 # Instrs with approx uop decoding
   mispredBranches: 114997 # Mispredicted branches
   IdqNotDelivered: 53091983 # Stalls no uop delivered when no Bkend Stall
   IntMiscRecoveryCycles: 924925 # Stalls waiting machine clears
   uops executed: 53998356 # Executed microoperations
  skylake-2: # Core stats
   cycles: 55104561 # Simulated unhalted cycles
   cCycles: 2015088 # Cycles due to contention stalls
   instrs: 78232777 # Simulated instructions
   uops: 53591025 # issued micro-ops
   bbls: 25622231 # Basic blocks
   approxInstrs: 790551 # Instrs with approx uop decoding
   mispredBranches: 114990 # Mispredicted branches
   IdqNotDelivered: 53089473 # Stalls no uop delivered when no Bkend Stall
   IntMiscRecoveryCycles: 926250 # Stalls waiting machine clears
   uops executed: 53996145 # Executed microoperations
  skylake-3: # Core stats
   cycles: 55105731 # Simulated unhalted cycles
   cCycles: 2015059 # Cycles due to contention stalls
   instrs: 78235248 # Simulated instructions
   uops: 53592836 # issued micro-ops
   bbls: 25623001 # Basic blocks
   approxInstrs: 790574 # Instrs with approx uop decoding
   mispredBranches: 114991 # Mispredicted branches
   IdqNotDelivered: 53090672 # Stalls no uop delivered when no Bkend Stall
   IntMiscRecoveryCycles: 925404 # Stalls waiting machine clears
   uops executed: 53997926 # Executed microoperations
  skylake-4: # Core stats
   cycles: 55104039 # Simulated unhalted cycles
   cCycles: 2015086 # Cycles due to contention stalls
   instrs: 78235564 # Simulated instructions
   uops: 53593057 # issued micro-ops
   bbls: 25623103 # Basic blocks
   approxInstrs: 790579 # Instrs with approx uop decoding
   mispredBranches: 114992 # Mispredicted branches
   IdqNotDelivered: 53088953 # Stalls no uop delivered when no Bkend Stall
   IntMiscRecoveryCycles: 924730 # Stalls waiting machine clears
   uops executed: 53998149 # Executed microoperations
  skylake-5: # Core stats
   cycles: 55103039 # Simulated unhalted cycles
   cCycles: 2015073 # Cycles due to contention stalls
   instrs: 78234951 # Simulated instructions
   uops: 53592638 # issued micro-ops
   bbls: 25622902 # Basic blocks
   approxInstrs: 790574 # Instrs with approx uop decoding
   mispredBranches: 114991 # Mispredicted branches
   IdqNotDelivered: 53087966 # Stalls no uop delivered when no Bkend Stall
   IntMiscRecoveryCycles: 924759 # Stalls waiting machine clears
   uops executed: 53997728 # Executed microoperations
  skylake-6: # Core stats
   cycles: 55102731 # Simulated unhalted cycles
   cCycles: 2015101 # Cycles due to contention stalls
   instrs: 78234912 # Simulated instructions
   uops: 53592288 # issued micro-ops
   bbls: 25622962 # Basic blocks
   approxInstrs: 790573 # Instrs with approx uop decoding
   mispredBranches: 114986 # Mispredicted branches
   IdqNotDelivered: 53087630 # Stalls no uop delivered when no Bkend Stall
   IntMiscRecoveryCycles: 925592 # Stalls waiting machine clears
   uops executed: 53997384 # Executed microoperations
  skylake-7: # Core stats
   cycles: 55102090 # Simulated unhalted cycles
   cCycles: 2015086 # Cycles due to contention stalls
   instrs: 78235355 # Simulated instructions
   uops: 53592590 # issued micro-ops
   bbls: 25623109 # Basic blocks
   approxInstrs: 790575 # Instrs with approx uop decoding
   mispredBranches: 114988 # Mispredicted branches
   IdqNotDelivered: 53087004 # Stalls no uop delivered when no Bkend Stall
   IntMiscRecoveryCycles: 925626 # Stalls waiting machine clears
   uops executed: 53997682 # Executed microoperations
  skylake-8: # Core stats
   cycles: 55102039 # Simulated unhalted cycles
   cCycles: 2015058 # Cycles due to contention stalls
   instrs: 78233118 # Simulated instructions
   uops: 53591383 # issued micro-ops
   bbls: 25622303 # Basic blocks
   approxInstrs: 790553 # Instrs with approx uop decoding
   mispredBranches: 114988 # Mispredicted branches
   IdqNotDelivered: 53086981 # Stalls no uop delivered when no Bkend Stall
   IntMiscRecoveryCycles: 924664 # Stalls waiting machine clears
   uops executed: 53996467 # Executed microoperations
  skylake-9: # Core stats
   cycles: 55101732 # Simulated unhalted cycles
   cCycles: 2015067 # Cycles due to contention stalls
   instrs: 78235293 # Simulated instructions
   uops: 53592542 # issued micro-ops
   bbls: 25623089 # Basic blocks
   approxInstrs: 790573 # Instrs with approx uop decoding
   mispredBranches: 114986 # Mispredicted branches
   IdqNotDelivered: 53086665 # Stalls no uop delivered when no Bkend Stall
   IntMiscRecoveryCycles: 925118 # Stalls waiting machine clears
   uops executed: 53997638 # Executed microoperations
  skylake-10: # Core stats
   cycles: 55101731 # Simulated unhalted cycles
   cCycles: 2015103 # Cycles due to contention stalls
   instrs: 78235146 # Simulated instructions
   uops: 53592444 # issued micro-ops
   bbls: 25623040 # Basic blocks
   approxInstrs: 790573 # Instrs with approx uop decoding
   mispredBranches: 114986 # Mispredicted branches
   IdqNotDelivered: 53086628 # Stalls no uop delivered when no Bkend Stall
   IntMiscRecoveryCycles: 925429 # Stalls waiting machine clears
   uops executed: 53997540 # Executed microoperations
  skylake-11: # Core stats
   cycles: 55101039 # Simulated unhalted cycles
   cCycles: 2015077 # Cycles due to contention stalls
   instrs: 78233848 # Simulated instructions
   uops: 53591782 # issued micro-ops
   bbls: 25622520 # Basic blocks
   approxInstrs: 790563 # Instrs with approx uop decoding
   mispredBranches: 114987 # Mispredicted branches
   IdqNotDelivered: 53085962 # Stalls no uop delivered when no Bkend Stall
   IntMiscRecoveryCycles: 925026 # Stalls waiting machine clears
   uops executed: 53996955 # Executed microoperations
  skylake-12: # Core stats
   cycles: 55101348 # Simulated unhalted cycles
   cCycles: 2015085 # Cycles due to contention stalls
   instrs: 78235363 # Simulated instructions
   uops: 53592601 # issued micro-ops
   bbls: 25623111 # Basic blocks
   approxInstrs: 790575 # Instrs with approx uop decoding
   mispredBranches: 114989 # Mispredicted branches
   IdqNotDelivered: 53086263 # Stalls no uop delivered when no Bkend Stall
   IntMiscRecoveryCycles: 925553 # Stalls waiting machine clears
   uops executed: 53997683 # Executed microoperations
  skylake-13: # Core stats
   cycles: 55100756 # Simulated unhalted cycles
   cCycles: 2015081 # Cycles due to contention stalls
   instrs: 78235368 # Simulated instructions
   uops: 53592607 # issued micro-ops
   bbls: 25623112 # Basic blocks
   approxInstrs: 790575 # Instrs with approx uop decoding
   mispredBranches: 114989 # Mispredicted branches
   IdqNotDelivered: 53085675 # Stalls no uop delivered when no Bkend Stall
   IntMiscRecoveryCycles: 925323 # Stalls waiting machine clears
   uops executed: 53997690 # Executed microoperations
  skylake-14: # Core stats
   cycles: 55100039 # Simulated unhalted cycles
   cCycles: 2015103 # Cycles due to contention stalls
   instrs: 78235233 # Simulated instructions
   uops: 53592502 # issued micro-ops
   bbls: 25623069 # Basic blocks
   approxInstrs: 790573 # Instrs with approx uop decoding
   mispredBranches: 114986 # Mispredicted branches
   IdqNotDelivered: 53084936 # Stalls no uop delivered when no Bkend Stall
   IntMiscRecoveryCycles: 924896 # Stalls waiting machine clears
   uops executed: 53997598 # Executed microoperations
  skylake-15: # Core stats
   cycles: 55100040 # Simulated unhalted cycles
   cCycles: 2015098 # Cycles due to contention stalls
   instrs: 78235041 # Simulated instructions
   uops: 53592374 # issued micro-ops
   bbls: 25623005 # Basic blocks
   approxInstrs: 790573 # Instrs with approx uop decoding
   mispredBranches: 114986 # Mispredicted branches
   IdqNotDelivered: 53084942 # Stalls no uop delivered when no Bkend Stall
   IntMiscRecoveryCycles: 924700 # Stalls waiting machine clears
   uops executed: 53997470 # Executed microoperations
  skylake-16: # Core stats
   cycles: 55100065 # Simulated unhalted cycles
   cCycles: 2015086 # Cycles due to contention stalls
   instrs: 78235362 # Simulated instructions
   uops: 53592600 # issued micro-ops
   bbls: 25623110 # Basic blocks
   approxInstrs: 790575 # Instrs with approx uop decoding
   mispredBranches: 114989 # Mispredicted branches
   IdqNotDelivered: 53084979 # Stalls no uop delivered when no Bkend Stall
   IntMiscRecoveryCycles: 925044 # Stalls waiting machine clears
   uops executed: 53997682 # Executed microoperations
  skylake-17: # Core stats
   cycles: 55100058 # Simulated unhalted cycles
   cCycles: 2015088 # Cycles due to contention stalls
   instrs: 78234777 # Simulated instructions
   uops: 53592198 # issued micro-ops
   bbls: 25622917 # Basic blocks
   approxInstrs: 790573 # Instrs with approx uop decoding
   mispredBranches: 114986 # Mispredicted branches
   IdqNotDelivered: 53084970 # Stalls no uop delivered when no Bkend Stall
   IntMiscRecoveryCycles: 925072 # Stalls waiting machine clears
   uops executed: 53997294 # Executed microoperations
  skylake-18: # Core stats
   cycles: 55099040 # Simulated unhalted cycles
   cCycles: 2015094 # Cycles due to contention stalls
   instrs: 78233717 # Simulated instructions
   uops: 53591470 # issued micro-ops
   bbls: 25622571 # Basic blocks
   approxInstrs: 790561 # Instrs with approx uop decoding
   mispredBranches: 114984 # Mispredicted branches
   IdqNotDelivered: 53083946 # Stalls no uop delivered when no Bkend Stall
   IntMiscRecoveryCycles: 924684 # Stalls waiting machine clears
   uops executed: 53996562 # Executed microoperations
  skylake-19: # Core stats
   cycles: 55099040 # Simulated unhalted cycles
   cCycles: 2015068 # Cycles due to contention stalls
   instrs: 78232994 # Simulated instructions
   uops: 53590977 # issued micro-ops
   bbls: 25622334 # Basic blocks
   approxInstrs: 790554 # Instrs with approx uop decoding
   mispredBranches: 114983 # Mispredicted branches
   IdqNotDelivered: 53083972 # Stalls no uop delivered when no Bkend Stall
   IntMiscRecoveryCycles: 925019 # Stalls waiting machine clears
   uops executed: 53996067 # Executed microoperations
  skylake-20: # Core stats
   cycles: 55099040 # Simulated unhalted cycles
   cCycles: 2015093 # Cycles due to contention stalls
   instrs: 78233669 # Simulated instructions
   uops: 53591438 # issued micro-ops
   bbls: 25622555 # Basic blocks
   approxInstrs: 790561 # Instrs with approx uop decoding
   mispredBranches: 114984 # Mispredicted branches
   IdqNotDelivered: 53083947 # Stalls no uop delivered when no Bkend Stall
   IntMiscRecoveryCycles: 925027 # Stalls waiting machine clears
   uops executed: 53996530 # Executed microoperations
  skylake-21: # Core stats
   cycles: 55099039 # Simulated unhalted cycles
   cCycles: 2015068 # Cycles due to contention stalls
   instrs: 78214861 # Simulated instructions
   uops: 53579957 # issued micro-ops
   bbls: 25615879 # Basic blocks
   approxInstrs: 790331 # Instrs with approx uop decoding
   mispredBranches: 115035 # Mispredicted branches
   IdqNotDelivered: 53083971 # Stalls no uop delivered when no Bkend Stall
   IntMiscRecoveryCycles: 927462 # Stalls waiting machine clears
   uops executed: 53985009 # Executed microoperations
  skylake-22: # Core stats
   cycles: 55097731 # Simulated unhalted cycles
   cCycles: 2015122 # Cycles due to contention stalls
   instrs: 78230835 # Simulated instructions
   uops: 53589540 # issued micro-ops
   bbls: 25621623 # Basic blocks
   approxInstrs: 790532 # Instrs with approx uop decoding
   mispredBranches: 114978 # Mispredicted branches
   IdqNotDelivered: 53082609 # Stalls no uop delivered when no Bkend Stall
   IntMiscRecoveryCycles: 924701 # Stalls waiting machine clears
   uops executed: 53994640 # Executed microoperations
  skylake-23: # Core stats
   cycles: 0 # Simulated unhalted cycles
   cCycles: 0 # Cycles due to contention stalls
   instrs: 0 # Simulated instructions
   uops: 0 # issued micro-ops
   bbls: 0 # Basic blocks
   approxInstrs: 0 # Instrs with approx uop decoding
   mispredBranches: 0 # Mispredicted branches
   IdqNotDelivered: 0 # Stalls no uop delivered when no Bkend Stall
   IntMiscRecoveryCycles: 0 # Stalls waiting machine clears
   uops executed: 0 # Executed microoperations
 l1d: # Cache stats
  l1d-0: # Filter cache stats
   fhGETS: 935173 # Filtered GETS hits
   fhGETX: 537523 # Filtered GETX hits
   hGETS: 5294 # GETS hits
   hGETX: 10419 # GETX hits
   mGETS: 250262 # GETS misses
   mGETXIM: 87937 # GETX I->M misses
   mGETXSM: 7 # GETX S->M misses (upgrade misses)
   PUTS: 0 # Clean evictions (from lower level)
   PUTX: 0 # Dirty evictions (from lower level)
   INV: 106 # Invalidates (from upper level)
   INVX: 91 # Downgrades (from upper level)
   FWD: 0 # Forwards (from upper level)
   latGETnl: 60517152 # GET request latency on next level
   latGETnet: 0 # GET request latency on network to next level
  l1d-1: # Filter cache stats
   fhGETS: 934905 # Filtered GETS hits
   fhGETX: 537351 # Filtered GETX hits
   hGETS: 5218 # GETS hits
   hGETX: 10382 # GETX hits
   mGETS: 250215 # GETS misses
   mGETXIM: 87903 # GETX I->M misses
   mGETXSM: 10 # GETX S->M misses (upgrade misses)
   PUTS: 0 # Clean evictions (from lower level)
   PUTX: 0 # Dirty evictions (from lower level)
   INV: 89 # Invalidates (from upper level)
   INVX: 25 # Downgrades (from upper level)
   FWD: 0 # Forwards (from upper level)
   latGETnl: 60497794 # GET request latency on next level
   latGETnet: 0 # GET request latency on network to next level
  l1d-2: # Filter cache stats
   fhGETS: 934751 # Filtered GETS hits
   fhGETX: 537271 # Filtered GETX hits
   hGETS: 5192 # GETS hits
   hGETX: 10353 # GETX hits
   mGETS: 250190 # GETS misses
   mGETXIM: 87902 # GETX I->M misses
   mGETXSM: 5 # GETX S->M misses (upgrade misses)
   PUTS: 0 # Clean evictions (from lower level)
   PUTX: 0 # Dirty evictions (from lower level)
   INV: 69 # Invalidates (from upper level)
   INVX: 5 # Downgrades (from upper level)
   FWD: 0 # Forwards (from upper level)
   latGETnl: 60493055 # GET request latency on next level
   latGETnet: 0 # GET request latency on network to next level
  l1d-3: # Filter cache stats
   fhGETS: 934831 # Filtered GETS hits
   fhGETX: 537308 # Filtered GETX hits
   hGETS: 5223 # GETS hits
   hGETX: 10378 # GETX hits
   mGETS: 250202 # GETS misses
   mGETXIM: 87906 # GETX I->M misses
   mGETXSM: 7 # GETX S->M misses (upgrade misses)
   PUTS: 0 # Clean evictions (from lower level)
   PUTX: 0 # Dirty evictions (from lower level)
   INV: 82 # Invalidates (from upper level)
   INVX: 32 # Downgrades (from upper level)
   FWD: 0 # Forwards (from upper level)
   latGETnl: 60497837 # GET request latency on next level
   latGETnet: 0 # GET request latency on network to next level
  l1d-4: # Filter cache stats
   fhGETS: 934831 # Filtered GETS hits
   fhGETX: 537302 # Filtered GETX hits
   hGETS: 5226 # GETS hits
   hGETX: 10390 # GETX hits
   mGETS: 250209 # GETS misses
   mGETXIM: 87902 # GETX I->M misses
   mGETXSM: 9 # GETX S->M misses (upgrade misses)
   PUTS: 0 # Clean evictions (from lower level)
   PUTX: 0 # Dirty evictions (from lower level)
   INV: 85 # Invalidates (from upper level)
   INVX: 20 # Downgrades (from upper level)
   FWD: 0 # Forwards (from upper level)
   latGETnl: 60496096 # GET request latency on next level
   latGETnet: 0 # GET request latency on network to next level
  l1d-5: # Filter cache stats
   fhGETS: 934842 # Filtered GETS hits
   fhGETX: 537324 # Filtered GETX hits
   hGETS: 5210 # GETS hits
   hGETX: 10358 # GETX hits
   mGETS: 250204 # GETS misses
   mGETXIM: 87908 # GETX I->M misses
   mGETXSM: 9 # GETX S->M misses (upgrade misses)
   PUTS: 0 # Clean evictions (from lower level)
   PUTX: 0 # Dirty evictions (from lower level)
   INV: 88 # Invalidates (from upper level)
   INVX: 20 # Downgrades (from upper level)
   FWD: 0 # Forwards (from upper level)
   latGETnl: 60495643 # GET request latency on next level
   latGETnet: 0 # GET request latency on network to next level
  l1d-6: # Filter cache stats
   fhGETS: 934684 # Filtered GETS hits
   fhGETX: 537224 # Filtered GETX hits
   hGETS: 5199 # GETS hits
   hGETX: 10363 # GETX hits
   mGETS: 250190 # GETS misses
   mGETXIM: 87894 # GETX I->M misses
   mGETXSM: 6 # GETX S->M misses (upgrade misses)
   PUTS: 0 # Clean evictions (from lower level)
   PUTX: 0 # Dirty evictions (from lower level)
   INV: 69 # Invalidates (from upper level)
   INVX: 6 # Downgrades (from upper level)
   FWD: 0 # Forwards (from upper level)
   latGETnl: 60493250 # GET request latency on next level
   latGETnet: 0 # GET request latency on network to next level
  l1d-7: # Filter cache stats
   fhGETS: 934684 # Filtered GETS hits
   fhGETX: 537234 # Filtered GETX hits
   hGETS: 5205 # GETS hits
   hGETX: 10357 # GETX hits
   mGETS: 250191 # GETS misses
   mGETXIM: 87890 # GETX I->M misses
   mGETXSM: 6 # GETX S->M misses (upgrade misses)
   PUTS: 0 # Clean evictions (from lower level)
   PUTX: 0 # Dirty evictions (from lower level)
   INV: 65 # Invalidates (from upper level)
   INVX: 20 # Downgrades (from upper level)
   FWD: 0 # Forwards (from upper level)
   latGETnl: 60495053 # GET request latency on next level
   latGETnet: 0 # GET request latency on network to next level
  l1d-8: # Filter cache stats
   fhGETS: 934804 # Filtered GETS hits
   fhGETX: 537303 # Filtered GETX hits
   hGETS: 5222 # GETS hits
   hGETX: 10368 # GETX hits
   mGETS: 250194 # GETS misses
   mGETXIM: 87907 # GETX I->M misses
   mGETXSM: 9 # GETX S->M misses (upgrade misses)
   PUTS: 0 # Clean evictions (from lower level)
   PUTX: 0 # Dirty evictions (from lower level)
   INV: 86 # Invalidates (from upper level)
   INVX: 19 # Downgrades (from upper level)
   FWD: 0 # Forwards (from upper level)
   latGETnl: 60493632 # GET request latency on next level
   latGETnet: 0 # GET request latency on network to next level
  l1d-9: # Filter cache stats
   fhGETS: 934698 # Filtered GETS hits
   fhGETX: 537234 # Filtered GETX hits
   hGETS: 5188 # GETS hits
   hGETX: 10353 # GETX hits
   mGETS: 250187 # GETS misses
   mGETXIM: 87895 # GETX I->M misses
   mGETXSM: 5 # GETX S->M misses (upgrade misses)
   PUTS: 0 # Clean evictions (from lower level)
   PUTX: 0 # Dirty evictions (from lower level)
   INV: 67 # Invalidates (from upper level)
   INVX: 30 # Downgrades (from upper level)
   FWD: 0 # Forwards (from upper level)
   latGETnl: 60495935 # GET request latency on next level
   latGETnet: 0 # GET request latency on network to next level
  l1d-10: # Filter cache stats
   fhGETS: 934690 # Filtered GETS hits
   fhGETX: 537230 # Filtered GETX hits
   hGETS: 5200 # GETS hits
   hGETX: 10353 # GETX hits
   mGETS: 250183 # GETS misses
   mGETXIM: 87899 # GETX I->M misses
   mGETXSM: 5 # GETX S->M misses (upgrade misses)
   PUTS: 0 # Clean evictions (from lower level)
   PUTX: 0 # Dirty evictions (from lower level)
   INV: 68 # Invalidates (from upper level)
   INVX: 26 # Downgrades (from upper level)
   FWD: 0 # Forwards (from upper level)
   latGETnl: 60494913 # GET request latency on next level
   latGETnet: 0 # GET request latency on network to next level
  l1d-11: # Filter cache stats
   fhGETS: 934824 # Filtered GETS hits
   fhGETX: 537310 # Filtered GETX hits
   hGETS: 5230 # GETS hits
   hGETX: 10360 # GETX hits
   mGETS: 250201 # GETS misses
   mGETXIM: 87907 # GETX I->M misses
   mGETXSM: 10 # GETX S->M misses (upgrade misses)
   PUTS: 0 # Clean evictions (from lower level)
   PUTX: 0 # Dirty evictions (from lower level)
   INV: 70 # Invalidates (from upper level)
   INVX: 8 # Downgrades (from upper level)
   FWD: 0 # Forwards (from upper level)
   latGETnl: 60496246 # GET request latency on next level
   latGETnet: 0 # GET request latency on network to next level
  l1d-12: # Filter cache stats
   fhGETS: 824998 # Filtered GETS hits
   fhGETX: 422353 # Filtered GETX hits
   hGETS: 114895 # GETS hits
   hGETX: 125234 # GETX hits
   mGETS: 250190 # GETS misses
   mGETXIM: 87895 # GETX I->M misses
   mGETXSM: 6 # GETX S->M misses (upgrade misses)
   PUTS: 0 # Clean evictions (from lower level)
   PUTX: 0 # Dirty evictions (from lower level)
   INV: 67 # Invalidates (from upper level)
   INVX: 4 # Downgrades (from upper level)
   FWD: 0 # Forwards (from upper level)
   latGETnl: 60492919 # GET request latency on next level
   latGETnet: 0 # GET request latency on network to next level
  l1d-13: # Filter cache stats
   fhGETS: 934704 # Filtered GETS hits
   fhGETX: 537230 # Filtered GETX hits
   hGETS: 5190 # GETS hits
   hGETX: 10362 # GETX hits
   mGETS: 250190 # GETS misses
   mGETXIM: 87892 # GETX I->M misses
   mGETXSM: 5 # GETX S->M misses (upgrade misses)
   PUTS: 0 # Clean evictions (from lower level)
   PUTX: 0 # Dirty evictions (from lower level)
   INV: 65 # Invalidates (from upper level)
   INVX: 3 # Downgrades (from upper level)
   FWD: 0 # Forwards (from upper level)
   latGETnl: 60493141 # GET request latency on next level
   latGETnet: 0 # GET request latency on network to next level
  l1d-14: # Filter cache stats
   fhGETS: 934697 # Filtered GETS hits
   fhGETX: 537231 # Filtered GETX hits
   hGETS: 5187 # GETS hits
   hGETX: 10357 # GETX hits
   mGETS: 250189 # GETS misses
   mGETXIM: 87893 # GETX I->M misses
   mGETXSM: 6 # GETX S->M misses (upgrade misses)
   PUTS: 0 # Clean evictions (from lower level)
   PUTX: 0 # Dirty evictions (from lower level)
   INV: 66 # Invalidates (from upper level)
   INVX: 2 # Downgrades (from upper level)
   FWD: 0 # Forwards (from upper level)
   latGETnl: 60492222 # GET request latency on next level
   latGETnet: 0 # GET request latency on network to next level
  l1d-15: # Filter cache stats
   fhGETS: 934696 # Filtered GETS hits
   fhGETX: 537228 # Filtered GETX hits
   hGETS: 5188 # GETS hits
   hGETX: 10362 # GETX hits
   mGETS: 250189 # GETS misses
   mGETXIM: 87891 # GETX I->M misses
   mGETXSM: 6 # GETX S->M misses (upgrade misses)
   PUTS: 0 # Clean evictions (from lower level)
   PUTX: 0 # Dirty evictions (from lower level)
   INV: 65 # Invalidates (from upper level)
   INVX: 2 # Downgrades (from upper level)
   FWD: 0 # Forwards (from upper level)
   latGETnl: 60492128 # GET request latency on next level
   latGETnet: 0 # GET request latency on network to next level
  l1d-16: # Filter cache stats
   fhGETS: 824996 # Filtered GETS hits
   fhGETX: 422354 # Filtered GETX hits
   hGETS: 114899 # GETS hits
   hGETX: 125233 # GETX hits
   mGETS: 250188 # GETS misses
   mGETXIM: 87895 # GETX I->M misses
   mGETXSM: 6 # GETX S->M misses (upgrade misses)
   PUTS: 0 # Clean evictions (from lower level)
   PUTX: 0 # Dirty evictions (from lower level)
   INV: 66 # Invalidates (from upper level)
   INVX: 2 # Downgrades (from upper level)
   FWD: 0 # Forwards (from upper level)
   latGETnl: 60492019 # GET request latency on next level
   latGETnet: 0 # GET request latency on network to next level
  l1d-17: # Filter cache stats
   fhGETS: 934703 # Filtered GETS hits
   fhGETX: 537237 # Filtered GETX hits
   hGETS: 5183 # GETS hits
   hGETX: 10348 # GETX hits
   mGETS: 250187 # GETS misses
   mGETXIM: 87896 # GETX I->M misses
   mGETXSM: 6 # GETX S->M misses (upgrade misses)
   PUTS: 0 # Clean evictions (from lower level)
   PUTX: 0 # Dirty evictions (from lower level)
   INV: 67 # Invalidates (from upper level)
   INVX: 2 # Downgrades (from upper level)
   FWD: 0 # Forwards (from upper level)
   latGETnl: 60492005 # GET request latency on next level
   latGETnet: 0 # GET request latency on network to next level
  l1d-18: # Filter cache stats
   fhGETS: 934683 # Filtered GETS hits
   fhGETX: 537227 # Filtered GETX hits
   hGETS: 5185 # GETS hits
   hGETX: 10350 # GETX hits
   mGETS: 250183 # GETS misses
   mGETXIM: 87896 # GETX I->M misses
   mGETXSM: 6 # GETX S->M misses (upgrade misses)
   PUTS: 0 # Clean evictions (from lower level)
   PUTX: 0 # Dirty evictions (from lower level)
   INV: 69 # Invalidates (from upper level)
   INVX: 2 # Downgrades (from upper level)
   FWD: 0 # Forwards (from upper level)
   latGETnl: 60491289 # GET request latency on next level
   latGETnet: 0 # GET request latency on network to next level
  l1d-19: # Filter cache stats
   fhGETS: 934674 # Filtered GETS hits
   fhGETX: 537222 # Filtered GETX hits
   hGETS: 5186 # GETS hits
   hGETX: 10349 # GETX hits
   mGETS: 250179 # GETS misses
   mGETXIM: 87898 # GETX I->M misses
   mGETXSM: 6 # GETX S->M misses (upgrade misses)
   PUTS: 0 # Clean evictions (from lower level)
   PUTX: 0 # Dirty evictions (from lower level)
   INV: 69 # Invalidates (from upper level)
   INVX: 2 # Downgrades (from upper level)
   FWD: 0 # Forwards (from upper level)
   latGETnl: 60490667 # GET request latency on next level
   latGETnet: 0 # GET request latency on network to next level
  l1d-20: # Filter cache stats
   fhGETS: 934657 # Filtered GETS hits
   fhGETX: 537212 # Filtered GETX hits
   hGETS: 5209 # GETS hits
   hGETX: 10370 # GETX hits
   mGETS: 250185 # GETS misses
   mGETXIM: 87891 # GETX I->M misses
   mGETXSM: 6 # GETX S->M misses (upgrade misses)
   PUTS: 0 # Clean evictions (from lower level)
   PUTX: 0 # Dirty evictions (from lower level)
   INV: 65 # Invalidates (from upper level)
   INVX: 2 # Downgrades (from upper level)
   FWD: 0 # Forwards (from upper level)
   latGETnl: 60491412 # GET request latency on next level
   latGETnet: 0 # GET request latency on network to next level
  l1d-21: # Filter cache stats
   fhGETS: 935415 # Filtered GETS hits
   fhGETX: 537493 # Filtered GETX hits
   hGETS: 5430 # GETS hits
   hGETX: 10418 # GETX hits
   mGETS: 250175 # GETS misses
   mGETXIM: 87867 # GETX I->M misses
   mGETXSM: 10 # GETX S->M misses (upgrade misses)
   PUTS: 0 # Clean evictions (from lower level)
   PUTX: 0 # Dirty evictions (from lower level)
   INV: 63 # Invalidates (from upper level)
   INVX: 3 # Downgrades (from upper level)
   FWD: 0 # Forwards (from upper level)
   latGETnl: 60483428 # GET request latency on next level
   latGETnet: 0 # GET request latency on network to next level
  l1d-22: # Filter cache stats
   fhGETS: 934663 # Filtered GETS hits
   fhGETX: 537217 # Filtered GETX hits
   hGETS: 5183 # GETS hits
   hGETX: 10348 # GETX hits
   mGETS: 250179 # GETS misses
   mGETXIM: 87896 # GETX I->M misses
   mGETXSM: 8 # GETX S->M misses (upgrade misses)
   PUTS: 0 # Clean evictions (from lower level)
   PUTX: 0 # Dirty evictions (from lower level)
   INV: 73 # Invalidates (from upper level)
   INVX: 7 # Downgrades (from upper level)
   FWD: 0 # Forwards (from upper level)
   latGETnl: 60490327 # GET request latency on next level
   latGETnet: 0 # GET request latency on network to next level
  l1d-23: # Filter cache stats
   fhGETS: 0 # Filtered GETS hits
   fhGETX: 0 # Filtered GETX hits
   hGETS: 0 # GETS hits
   hGETX: 0 # GETX hits
   mGETS: 0 # GETS misses
   mGETXIM: 0 # GETX I->M misses
   mGETXSM: 0 # GETX S->M misses (upgrade misses)
   PUTS: 0 # Clean evictions (from lower level)
   PUTX: 0 # Dirty evictions (from lower level)
   INV: 0 # Invalidates (from upper level)
   INVX: 0 # Downgrades (from upper level)
   FWD: 0 # Forwards (from upper level)
   latGETnl: 0 # GET request latency on next level
   latGETnet: 0 # GET request latency on network to next level
 l1i: # Cache stats
  l1i-0: # Filter cache stats
   fhGETS: 26224403 # Filtered GETS hits
   fhGETX: 0 # Filtered GETX hits
   hGETS: 67571 # GETS hits
   hGETX: 0 # GETX hits
   mGETS: 754 # GETS misses
   mGETXIM: 0 # GETX I->M misses
   mGETXSM: 0 # GETX S->M misses (upgrade misses)
   PUTS: 0 # Clean evictions (from lower level)
   PUTX: 0 # Dirty evictions (from lower level)
   INV: 731 # Invalidates (from upper level)
   INVX: 0 # Downgrades (from upper level)
   FWD: 0 # Forwards (from upper level)
   latGETnl: 59462 # GET request latency on next level
   latGETnet: 0 # GET request latency on network to next level
  l1i-1: # Filter cache stats
   fhGETS: 26224250 # Filtered GETS hits
   fhGETX: 0 # Filtered GETX hits
   hGETS: 67557 # GETS hits
   hGETX: 0 # GETX hits
   mGETS: 656 # GETS misses
   mGETXIM: 0 # GETX I->M misses
   mGETXSM: 0 # GETX S->M misses (upgrade misses)
   PUTS: 0 # Clean evictions (from lower level)
   PUTX: 0 # Dirty evictions (from lower level)
   INV: 633 # Invalidates (from upper level)
   INVX: 0 # Downgrades (from upper level)
   FWD: 0 # Forwards (from upper level)
   latGETnl: 34924 # GET request latency on next level
   latGETnet: 0 # GET request latency on network to next level
  l1i-2: # Filter cache stats
   fhGETS: 26223280 # Filtered GETS hits
   fhGETX: 0 # Filtered GETX hits
   hGETS: 67544 # GETS hits
   hGETX: 0 # GETX hits
   mGETS: 692 # GETS misses
   mGETXIM: 0 # GETX I->M misses
   mGETXSM: 0 # GETX S->M misses (upgrade misses)
   PUTS: 0 # Clean evictions (from lower level)
   PUTX: 0 # Dirty evictions (from lower level)
   INV: 669 # Invalidates (from upper level)
   INVX: 0 # Downgrades (from upper level)
   FWD: 0 # Forwards (from upper level)
   latGETnl: 38200 # GET request latency on next level
   latGETnet: 0 # GET request latency on network to next level
  l1i-3: # Filter cache stats
   fhGETS: 26224099 # Filtered GETS hits
   fhGETX: 0 # Filtered GETX hits
   hGETS: 67545 # GETS hits
   hGETX: 0 # GETX hits
   mGETS: 667 # GETS misses
   mGETXIM: 0 # GETX I->M misses
   mGETXSM: 0 # GETX S->M misses (upgrade misses)
   PUTS: 0 # Clean evictions (from lower level)
   PUTX: 0 # Dirty evictions (from lower level)
   INV: 644 # Invalidates (from upper level)
   INVX: 0 # Downgrades (from upper level)
   FWD: 0 # Forwards (from upper level)
   latGETnl: 35045 # GET request latency on next level
   latGETnet: 0 # GET request latency on network to next level
  l1i-4: # Filter cache stats
   fhGETS: 26224222 # Filtered GETS hits
   fhGETX: 0 # Filtered GETX hits
   hGETS: 67549 # GETS hits
   hGETX: 0 # GETX hits
   mGETS: 667 # GETS misses
   mGETXIM: 0 # GETX I->M misses
   mGETXSM: 0 # GETX S->M misses (upgrade misses)
   PUTS: 0 # Clean evictions (from lower level)
   PUTX: 0 # Dirty evictions (from lower level)
   INV: 644 # Invalidates (from upper level)
   INVX: 0 # Downgrades (from upper level)
   FWD: 0 # Forwards (from upper level)
   latGETnl: 32009 # GET request latency on next level
   latGETnet: 0 # GET request latency on network to next level
  l1i-5: # Filter cache stats
   fhGETS: 26224007 # Filtered GETS hits
   fhGETX: 0 # Filtered GETX hits
   hGETS: 67548 # GETS hits
   hGETX: 0 # GETX hits
   mGETS: 669 # GETS misses
   mGETXIM: 0 # GETX I->M misses
   mGETXSM: 0 # GETX S->M misses (upgrade misses)
   PUTS: 0 # Clean evictions (from lower level)
   PUTX: 0 # Dirty evictions (from lower level)
   INV: 646 # Invalidates (from upper level)
   INVX: 0 # Downgrades (from upper level)
   FWD: 0 # Forwards (from upper level)
   latGETnl: 31575 # GET request latency on next level
   latGETnet: 0 # GET request latency on network to next level
  l1i-6: # Filter cache stats
   fhGETS: 26224059 # Filtered GETS hits
   fhGETX: 0 # Filtered GETX hits
   hGETS: 67546 # GETS hits
   hGETX: 0 # GETX hits
   mGETS: 648 # GETS misses
   mGETXIM: 0 # GETX I->M misses
   mGETXSM: 0 # GETX S->M misses (upgrade misses)
   PUTS: 0 # Clean evictions (from lower level)
   PUTX: 0 # Dirty evictions (from lower level)
   INV: 625 # Invalidates (from upper level)
   INVX: 0 # Downgrades (from upper level)
   FWD: 0 # Forwards (from upper level)
   latGETnl: 34284 # GET request latency on next level
   latGETnet: 0 # GET request latency on network to next level
  l1i-7: # Filter cache stats
   fhGETS: 26224203 # Filtered GETS hits
   fhGETX: 0 # Filtered GETX hits
   hGETS: 67551 # GETS hits
   hGETX: 0 # GETX hits
   mGETS: 650 # GETS misses
   mGETXIM: 0 # GETX I->M misses
   mGETXSM: 0 # GETX S->M misses (upgrade misses)
   PUTS: 0 # Clean evictions (from lower level)
   PUTX: 0 # Dirty evictions (from lower level)
   INV: 625 # Invalidates (from upper level)
   INVX: 0 # Downgrades (from upper level)
   FWD: 0 # Forwards (from upper level)
   latGETnl: 33190 # GET request latency on next level
   latGETnet: 0 # GET request latency on network to next level
  l1i-8: # Filter cache stats
   fhGETS: 26223401 # Filtered GETS hits
   fhGETX: 0 # Filtered GETX hits
   hGETS: 67541 # GETS hits
   hGETX: 0 # GETX hits
   mGETS: 675 # GETS misses
   mGETXIM: 0 # GETX I->M misses
   mGETXSM: 0 # GETX S->M misses (upgrade misses)
   PUTS: 0 # Clean evictions (from lower level)
   PUTX: 0 # Dirty evictions (from lower level)
   INV: 652 # Invalidates (from upper level)
   INVX: 0 # Downgrades (from upper level)
   FWD: 0 # Forwards (from upper level)
   latGETnl: 31725 # GET request latency on next level
   latGETnet: 0 # GET request latency on network to next level
  l1i-9: # Filter cache stats
   fhGETS: 26224191 # Filtered GETS hits
   fhGETX: 0 # Filtered GETX hits
   hGETS: 67547 # GETS hits
   hGETX: 0 # GETX hits
   mGETS: 654 # GETS misses
   mGETXIM: 0 # GETX I->M misses
   mGETXSM: 0 # GETX S->M misses (upgrade misses)
   PUTS: 0 # Clean evictions (from lower level)
   PUTX: 0 # Dirty evictions (from lower level)
   INV: 631 # Invalidates (from upper level)
   INVX: 0 # Downgrades (from upper level)
   FWD: 0 # Forwards (from upper level)
   latGETnl: 31926 # GET request latency on next level
   latGETnet: 0 # GET request latency on network to next level
  l1i-10: # Filter cache stats
   fhGETS: 26224122 # Filtered GETS hits
   fhGETX: 0 # Filtered GETX hits
   hGETS: 67546 # GETS hits
   hGETX: 0 # GETX hits
   mGETS: 647 # GETS misses
   mGETXIM: 0 # GETX I->M misses
   mGETXSM: 0 # GETX S->M misses (upgrade misses)
   PUTS: 0 # Clean evictions (from lower level)
   PUTX: 0 # Dirty evictions (from lower level)
   INV: 624 # Invalidates (from upper level)
   INVX: 0 # Downgrades (from upper level)
   FWD: 0 # Forwards (from upper level)
   latGETnl: 32257 # GET request latency on next level
   latGETnet: 0 # GET request latency on network to next level
  l1i-11: # Filter cache stats
   fhGETS: 26223551 # Filtered GETS hits
   fhGETX: 0 # Filtered GETX hits
   hGETS: 67639 # GETS hits
   hGETX: 0 # GETX hits
   mGETS: 649 # GETS misses
   mGETXIM: 0 # GETX I->M misses
   mGETXSM: 0 # GETX S->M misses (upgrade misses)
   PUTS: 0 # Clean evictions (from lower level)
   PUTX: 0 # Dirty evictions (from lower level)
   INV: 626 # Invalidates (from upper level)
   INVX: 0 # Downgrades (from upper level)
   FWD: 0 # Forwards (from upper level)
   latGETnl: 31031 # GET request latency on next level
   latGETnet: 0 # GET request latency on network to next level
  l1i-12: # Filter cache stats
   fhGETS: 26224233 # Filtered GETS hits
   fhGETX: 0 # Filtered GETX hits
   hGETS: 67547 # GETS hits
   hGETX: 0 # GETX hits
   mGETS: 654 # GETS misses
   mGETXIM: 0 # GETX I->M misses
   mGETXSM: 0 # GETX S->M misses (upgrade misses)
   PUTS: 0 # Clean evictions (from lower level)
   PUTX: 0 # Dirty evictions (from lower level)
   INV: 626 # Invalidates (from upper level)
   INVX: 0 # Downgrades (from upper level)
   FWD: 0 # Forwards (from upper level)
   latGETnl: 31530 # GET request latency on next level
   latGETnet: 0 # GET request latency on network to next level
  l1i-13: # Filter cache stats
   fhGETS: 26224229 # Filtered GETS hits
   fhGETX: 0 # Filtered GETX hits
   hGETS: 67551 # GETS hits
   hGETX: 0 # GETX hits
   mGETS: 653 # GETS misses
   mGETXIM: 0 # GETX I->M misses
   mGETXSM: 0 # GETX S->M misses (upgrade misses)
   PUTS: 0 # Clean evictions (from lower level)
   PUTX: 0 # Dirty evictions (from lower level)
   INV: 623 # Invalidates (from upper level)
   INVX: 0 # Downgrades (from upper level)
   FWD: 0 # Forwards (from upper level)
   latGETnl: 31219 # GET request latency on next level
   latGETnet: 0 # GET request latency on network to next level
  l1i-14: # Filter cache stats
   fhGETS: 26224179 # Filtered GETS hits
   fhGETX: 0 # Filtered GETX hits
   hGETS: 67549 # GETS hits
   hGETX: 0 # GETX hits
   mGETS: 648 # GETS misses
   mGETXIM: 0 # GETX I->M misses
   mGETXSM: 0 # GETX S->M misses (upgrade misses)
   PUTS: 0 # Clean evictions (from lower level)
   PUTX: 0 # Dirty evictions (from lower level)
   INV: 625 # Invalidates (from upper level)
   INVX: 0 # Downgrades (from upper level)
   FWD: 0 # Forwards (from upper level)
   latGETnl: 30456 # GET request latency on next level
   latGETnet: 0 # GET request latency on network to next level
  l1i-15: # Filter cache stats
   fhGETS: 26224112 # Filtered GETS hits
   fhGETX: 0 # Filtered GETX hits
   hGETS: 67548 # GETS hits
   hGETX: 0 # GETX hits
   mGETS: 648 # GETS misses
   mGETXIM: 0 # GETX I->M misses
   mGETXSM: 0 # GETX S->M misses (upgrade misses)
   PUTS: 0 # Clean evictions (from lower level)
   PUTX: 0 # Dirty evictions (from lower level)
   INV: 625 # Invalidates (from upper level)
   INVX: 0 # Downgrades (from upper level)
   FWD: 0 # Forwards (from upper level)
   latGETnl: 30456 # GET request latency on next level
   latGETnet: 0 # GET request latency on network to next level
  l1i-16: # Filter cache stats
   fhGETS: 26224228 # Filtered GETS hits
   fhGETX: 0 # Filtered GETX hits
   hGETS: 67552 # GETS hits
   hGETX: 0 # GETX hits
   mGETS: 648 # GETS misses
   mGETXIM: 0 # GETX I->M misses
   mGETXSM: 0 # GETX S->M misses (upgrade misses)
   PUTS: 0 # Clean evictions (from lower level)
   PUTX: 0 # Dirty evictions (from lower level)
   INV: 619 # Invalidates (from upper level)
   INVX: 0 # Downgrades (from upper level)
   FWD: 0 # Forwards (from upper level)
   latGETnl: 30720 # GET request latency on next level
   latGETnet: 0 # GET request latency on network to next level
  l1i-17: # Filter cache stats
   fhGETS: 26224012 # Filtered GETS hits
   fhGETX: 0 # Filtered GETX hits
   hGETS: 67550 # GETS hits
   hGETX: 0 # GETX hits
   mGETS: 656 # GETS misses
   mGETXIM: 0 # GETX I->M misses
   mGETXSM: 0 # GETX S->M misses (upgrade misses)
   PUTS: 0 # Clean evictions (from lower level)
   PUTX: 0 # Dirty evictions (from lower level)
   INV: 633 # Invalidates (from upper level)
   INVX: 0 # Downgrades (from upper level)
   FWD: 0 # Forwards (from upper level)
   latGETnl: 30964 # GET request latency on next level
   latGETnet: 0 # GET request latency on network to next level
  l1i-18: # Filter cache stats
   fhGETS: 26223673 # Filtered GETS hits
   fhGETX: 0 # Filtered GETX hits
   hGETS: 67543 # GETS hits
   hGETX: 0 # GETX hits
   mGETS: 647 # GETS misses
   mGETXIM: 0 # GETX I->M misses
   mGETXSM: 0 # GETX S->M misses (upgrade misses)
   PUTS: 0 # Clean evictions (from lower level)
   PUTX: 0 # Dirty evictions (from lower level)
   INV: 624 # Invalidates (from upper level)
   INVX: 0 # Downgrades (from upper level)
   FWD: 0 # Forwards (from upper level)
   latGETnl: 30409 # GET request latency on next level
   latGETnet: 0 # GET request latency on network to next level
  l1i-19: # Filter cache stats
   fhGETS: 26223429 # Filtered GETS hits
   fhGETX: 0 # Filtered GETX hits
   hGETS: 67539 # GETS hits
   hGETX: 0 # GETX hits
   mGETS: 659 # GETS misses
   mGETXIM: 0 # GETX I->M misses
   mGETXSM: 0 # GETX S->M misses (upgrade misses)
   PUTS: 0 # Clean evictions (from lower level)
   PUTX: 0 # Dirty evictions (from lower level)
   INV: 636 # Invalidates (from upper level)
   INVX: 0 # Downgrades (from upper level)
   FWD: 0 # Forwards (from upper level)
   latGETnl: 30973 # GET request latency on next level
   latGETnet: 0 # GET request latency on network to next level
  l1i-20: # Filter cache stats
   fhGETS: 26223660 # Filtered GETS hits
   fhGETX: 0 # Filtered GETX hits
   hGETS: 67544 # GETS hits
   hGETX: 0 # GETX hits
   mGETS: 650 # GETS misses
   mGETXIM: 0 # GETX I->M misses
   mGETXSM: 0 # GETX S->M misses (upgrade misses)
   PUTS: 0 # Clean evictions (from lower level)
   PUTX: 0 # Dirty evictions (from lower level)
   INV: 627 # Invalidates (from upper level)
   INVX: 0 # Downgrades (from upper level)
   FWD: 0 # Forwards (from upper level)
   latGETnl: 30550 # GET request latency on next level
   latGETnet: 0 # GET request latency on network to next level
  l1i-21: # Filter cache stats
   fhGETS: 26217008 # Filtered GETS hits
   fhGETX: 0 # Filtered GETX hits
   hGETS: 67613 # GETS hits
   hGETX: 0 # GETX hits
   mGETS: 721 # GETS misses
   mGETXIM: 0 # GETX I->M misses
   mGETXSM: 0 # GETX S->M misses (upgrade misses)
   PUTS: 0 # Clean evictions (from lower level)
   PUTX: 0 # Dirty evictions (from lower level)
   INV: 698 # Invalidates (from upper level)
   INVX: 0 # Downgrades (from upper level)
   FWD: 0 # Forwards (from upper level)
   latGETnl: 41147 # GET request latency on next level
   latGETnet: 0 # GET request latency on network to next level
  l1i-22: # Filter cache stats
   fhGETS: 26222683 # Filtered GETS hits
   fhGETX: 0 # Filtered GETX hits
   hGETS: 67555 # GETS hits
   hGETX: 0 # GETX hits
   mGETS: 655 # GETS misses
   mGETXIM: 0 # GETX I->M misses
   mGETXSM: 0 # GETX S->M misses (upgrade misses)
   PUTS: 0 # Clean evictions (from lower level)
   PUTX: 0 # Dirty evictions (from lower level)
   INV: 632 # Invalidates (from upper level)
   INVX: 0 # Downgrades (from upper level)
   FWD: 0 # Forwards (from upper level)
   latGETnl: 30917 # GET request latency on next level
   latGETnet: 0 # GET request latency on network to next level
  l1i-23: # Filter cache stats
   fhGETS: 0 # Filtered GETS hits
   fhGETX: 0 # Filtered GETX hits
   hGETS: 0 # GETS hits
   hGETX: 0 # GETX hits
   mGETS: 0 # GETS misses
   mGETXIM: 0 # GETX I->M misses
   mGETXSM: 0 # GETX S->M misses (upgrade misses)
   PUTS: 0 # Clean evictions (from lower level)
   PUTX: 0 # Dirty evictions (from lower level)
   INV: 0 # Invalidates (from upper level)
   INVX: 0 # Downgrades (from upper level)
   FWD: 0 # Forwards (from upper level)
   latGETnl: 0 # GET request latency on next level
   latGETnet: 0 # GET request latency on network to next level
 l2: # Cache stats
  l2-0: # Cache stats
   hGETS: 0 # GETS hits
   hGETX: 0 # GETX hits
   mGETS: 251016 # GETS misses
   mGETXIM: 87937 # GETX I->M misses
   mGETXSM: 7 # GETX S->M misses (upgrade misses)
   PUTS: 249828 # Clean evictions (from lower level)
   PUTX: 87753 # Dirty evictions (from lower level)
   INV: 43122 # Invalidates (from upper level)
   INVX: 92 # Downgrades (from upper level)
   FWD: 0 # Forwards (from upper level)
   latGETnl: 57187014 # GET request latency on next level
   latGETnet: 0 # GET request latency on network to next level
  l2-1: # Cache stats
   hGETS: 0 # GETS hits
   hGETX: 0 # GETX hits
   mGETS: 250871 # GETS misses
   mGETXIM: 87903 # GETX I->M misses
   mGETXSM: 10 # GETX S->M misses (upgrade misses)
   PUTS: 249787 # Clean evictions (from lower level)
   PUTX: 87730 # Dirty evictions (from lower level)
   INV: 23571 # Invalidates (from upper level)
   INVX: 25 # Downgrades (from upper level)
   FWD: 0 # Forwards (from upper level)
   latGETnl: 57144878 # GET request latency on next level
   latGETnet: 0 # GET request latency on network to next level
  l2-2: # Cache stats
   hGETS: 0 # GETS hits
   hGETX: 0 # GETX hits
   mGETS: 250882 # GETS misses
   mGETXIM: 87902 # GETX I->M misses
   mGETXSM: 5 # GETX S->M misses (upgrade misses)
   PUTS: 249776 # Clean evictions (from lower level)
   PUTX: 87735 # Dirty evictions (from lower level)
   INV: 63505 # Invalidates (from upper level)
   INVX: 5 # Downgrades (from upper level)
   FWD: 0 # Forwards (from upper level)
   latGETnl: 57143365 # GET request latency on next level
   latGETnet: 0 # GET request latency on network to next level
  l2-3: # Cache stats
   hGETS: 0 # GETS hits
   hGETX: 0 # GETX hits
   mGETS: 250869 # GETS misses
   mGETXIM: 87906 # GETX I->M misses
   mGETXSM: 7 # GETX S->M misses (upgrade misses)
   PUTS: 249781 # Clean evictions (from lower level)
   PUTX: 87733 # Dirty evictions (from lower level)
   INV: 20766 # Invalidates (from upper level)
   INVX: 32 # Downgrades (from upper level)
   FWD: 0 # Forwards (from upper level)
   latGETnl: 57145062 # GET request latency on next level
   latGETnet: 0 # GET request latency on network to next level
  l2-4: # Cache stats
   hGETS: 0 # GETS hits
   hGETX: 0 # GETX hits
   mGETS: 250876 # GETS misses
   mGETXIM: 87902 # GETX I->M misses
   mGETXSM: 9 # GETX S->M misses (upgrade misses)
   PUTS: 249785 # Clean evictions (from lower level)
   PUTX: 87729 # Dirty evictions (from lower level)
   INV: 20622 # Invalidates (from upper level)
   INVX: 20 # Downgrades (from upper level)
   FWD: 0 # Forwards (from upper level)
   latGETnl: 57140235 # GET request latency on next level
   latGETnet: 0 # GET request latency on network to next level
  l2-5: # Cache stats
   hGETS: 0 # GETS hits
   hGETX: 0 # GETX hits
   mGETS: 250873 # GETS misses
   mGETXIM: 87908 # GETX I->M misses
   mGETXSM: 9 # GETX S->M misses (upgrade misses)
   PUTS: 249781 # Clean evictions (from lower level)
   PUTX: 87731 # Dirty evictions (from lower level)
   INV: 22379 # Invalidates (from upper level)
   INVX: 20 # Downgrades (from upper level)
   FWD: 0 # Forwards (from upper level)
   latGETnl: 57139318 # GET request latency on next level
   latGETnet: 0 # GET request latency on network to next level
  l2-6: # Cache stats
   hGETS: 0 # GETS hits
   hGETX: 0 # GETX hits
   mGETS: 250838 # GETS misses
   mGETXIM: 87894 # GETX I->M misses
   mGETXSM: 6 # GETX S->M misses (upgrade misses)
   PUTS: 249775 # Clean evictions (from lower level)
   PUTX: 87728 # Dirty evictions (from lower level)
   INV: 23176 # Invalidates (from upper level)
   INVX: 6 # Downgrades (from upper level)
   FWD: 0 # Forwards (from upper level)
   latGETnl: 57140154 # GET request latency on next level
   latGETnet: 0 # GET request latency on network to next level
  l2-7: # Cache stats
   hGETS: 0 # GETS hits
   hGETX: 0 # GETX hits
   mGETS: 250841 # GETS misses
   mGETXIM: 87890 # GETX I->M misses
   mGETXSM: 6 # GETX S->M misses (upgrade misses)
   PUTS: 249773 # Clean evictions (from lower level)
   PUTX: 87731 # Dirty evictions (from lower level)
   INV: 31655 # Invalidates (from upper level)
   INVX: 20 # Downgrades (from upper level)
   FWD: 0 # Forwards (from upper level)
   latGETnl: 57140873 # GET request latency on next level
   latGETnet: 0 # GET request latency on network to next level
  l2-8: # Cache stats
   hGETS: 0 # GETS hits
   hGETX: 0 # GETX hits
   mGETS: 250869 # GETS misses
   mGETXIM: 87907 # GETX I->M misses
   mGETXSM: 9 # GETX S->M misses (upgrade misses)
   PUTS: 249774 # Clean evictions (from lower level)
   PUTX: 87729 # Dirty evictions (from lower level)
   INV: 51322 # Invalidates (from upper level)
   INVX: 19 # Downgrades (from upper level)
   FWD: 0 # Forwards (from upper level)
   latGETnl: 57137507 # GET request latency on next level
   latGETnet: 0 # GET request latency on network to next level
  l2-9: # Cache stats
   hGETS: 0 # GETS hits
   hGETX: 0 # GETX hits
   mGETS: 250841 # GETS misses
   mGETXIM: 87895 # GETX I->M misses
   mGETXSM: 5 # GETX S->M misses (upgrade misses)
   PUTS: 249774 # Clean evictions (from lower level)
   PUTX: 87729 # Dirty evictions (from lower level)
   INV: 50594 # Invalidates (from upper level)
   INVX: 30 # Downgrades (from upper level)
   FWD: 0 # Forwards (from upper level)
   latGETnl: 57140451 # GET request latency on next level
   latGETnet: 0 # GET request latency on network to next level
  l2-10: # Cache stats
   hGETS: 0 # GETS hits
   hGETX: 0 # GETX hits
   mGETS: 250830 # GETS misses
   mGETXIM: 87899 # GETX I->M misses
   mGETXSM: 5 # GETX S->M misses (upgrade misses)
   PUTS: 249773 # Clean evictions (from lower level)
   PUTX: 87729 # Dirty evictions (from lower level)
   INV: 20834 # Invalidates (from upper level)
   INVX: 26 # Downgrades (from upper level)
   FWD: 0 # Forwards (from upper level)
   latGETnl: 57139830 # GET request latency on next level
   latGETnet: 0 # GET request latency on network to next level
  l2-11: # Cache stats
   hGETS: 0 # GETS hits
   hGETX: 0 # GETX hits
   mGETS: 250850 # GETS misses
   mGETXIM: 87907 # GETX I->M misses
   mGETXSM: 10 # GETX S->M misses (upgrade misses)
   PUTS: 249774 # Clean evictions (from lower level)
   PUTX: 87752 # Dirty evictions (from lower level)
   INV: 65136 # Invalidates (from upper level)
   INVX: 8 # Downgrades (from upper level)
   FWD: 0 # Forwards (from upper level)
   latGETnl: 57139607 # GET request latency on next level
   latGETnet: 0 # GET request latency on network to next level
  l2-12: # Cache stats
   hGETS: 0 # GETS hits
   hGETX: 0 # GETX hits
   mGETS: 250844 # GETS misses
   mGETXIM: 87895 # GETX I->M misses
   mGETXSM: 6 # GETX S->M misses (upgrade misses)
   PUTS: 249777 # Clean evictions (from lower level)
   PUTX: 87729 # Dirty evictions (from lower level)
   INV: 21570 # Invalidates (from upper level)
   INVX: 4 # Downgrades (from upper level)
   FWD: 0 # Forwards (from upper level)
   latGETnl: 57136999 # GET request latency on next level
   latGETnet: 0 # GET request latency on network to next level
  l2-13: # Cache stats
   hGETS: 0 # GETS hits
   hGETX: 0 # GETX hits
   mGETS: 250843 # GETS misses
   mGETXIM: 87892 # GETX I->M misses
   mGETXSM: 5 # GETX S->M misses (upgrade misses)
   PUTS: 249777 # Clean evictions (from lower level)
   PUTX: 87728 # Dirty evictions (from lower level)
   INV: 20539 # Invalidates (from upper level)
   INVX: 3 # Downgrades (from upper level)
   FWD: 0 # Forwards (from upper level)
   latGETnl: 57136960 # GET request latency on next level
   latGETnet: 0 # GET request latency on network to next level
  l2-14: # Cache stats
   hGETS: 0 # GETS hits
   hGETX: 0 # GETX hits
   mGETS: 250837 # GETS misses
   mGETXIM: 87893 # GETX I->M misses
   mGETXSM: 6 # GETX S->M misses (upgrade misses)
   PUTS: 249773 # Clean evictions (from lower level)
   PUTX: 87731 # Dirty evictions (from lower level)
   INV: 41279 # Invalidates (from upper level)
   INVX: 2 # Downgrades (from upper level)
   FWD: 0 # Forwards (from upper level)
   latGETnl: 57135318 # GET request latency on next level
   latGETnet: 0 # GET request latency on network to next level
  l2-15: # Cache stats
   hGETS: 0 # GETS hits
   hGETX: 0 # GETX hits
   mGETS: 250837 # GETS misses
   mGETXIM: 87891 # GETX I->M misses
   mGETXSM: 6 # GETX S->M misses (upgrade misses)
   PUTS: 249772 # Clean evictions (from lower level)
   PUTX: 87731 # Dirty evictions (from lower level)
   INV: 34916 # Invalidates (from upper level)
   INVX: 2 # Downgrades (from upper level)
   FWD: 0 # Forwards (from upper level)
   latGETnl: 57135244 # GET request latency on next level
   latGETnet: 0 # GET request latency on network to next level
  l2-16: # Cache stats
   hGETS: 0 # GETS hits
   hGETX: 0 # GETX hits
   mGETS: 250836 # GETS misses
   mGETXIM: 87895 # GETX I->M misses
   mGETXSM: 6 # GETX S->M misses (upgrade misses)
   PUTS: 249773 # Clean evictions (from lower level)
   PUTX: 87732 # Dirty evictions (from lower level)
   INV: 20925 # Invalidates (from upper level)
   INVX: 2 # Downgrades (from upper level)
   FWD: 0 # Forwards (from upper level)
   latGETnl: 57135369 # GET request latency on next level
   latGETnet: 0 # GET request latency on network to next level
  l2-17: # Cache stats
   hGETS: 0 # GETS hits
   hGETX: 0 # GETX hits
   mGETS: 250843 # GETS misses
   mGETXIM: 87896 # GETX I->M misses
   mGETXSM: 6 # GETX S->M misses (upgrade misses)
   PUTS: 249775 # Clean evictions (from lower level)
   PUTX: 87729 # Dirty evictions (from lower level)
   INV: 21094 # Invalidates (from upper level)
   INVX: 2 # Downgrades (from upper level)
   FWD: 0 # Forwards (from upper level)
   latGETnl: 57135519 # GET request latency on next level
   latGETnet: 0 # GET request latency on network to next level
  l2-18: # Cache stats
   hGETS: 0 # GETS hits
   hGETX: 0 # GETX hits
   mGETS: 250830 # GETS misses
   mGETXIM: 87896 # GETX I->M misses
   mGETXSM: 6 # GETX S->M misses (upgrade misses)
   PUTS: 249768 # Clean evictions (from lower level)
   PUTX: 87730 # Dirty evictions (from lower level)
   INV: 20619 # Invalidates (from upper level)
   INVX: 2 # Downgrades (from upper level)
   FWD: 0 # Forwards (from upper level)
   latGETnl: 57134378 # GET request latency on next level
   latGETnet: 0 # GET request latency on network to next level
  l2-19: # Cache stats
   hGETS: 0 # GETS hits
   hGETX: 0 # GETX hits
   mGETS: 250838 # GETS misses
   mGETXIM: 87898 # GETX I->M misses
   mGETXSM: 6 # GETX S->M misses (upgrade misses)
   PUTS: 249766 # Clean evictions (from lower level)
   PUTX: 87730 # Dirty evictions (from lower level)
   INV: 33672 # Invalidates (from upper level)
   INVX: 2 # Downgrades (from upper level)
   FWD: 0 # Forwards (from upper level)
   latGETnl: 57134220 # GET request latency on next level
   latGETnet: 0 # GET request latency on network to next level
  l2-20: # Cache stats
   hGETS: 0 # GETS hits
   hGETX: 0 # GETX hits
   mGETS: 250835 # GETS misses
   mGETXIM: 87891 # GETX I->M misses
   mGETXSM: 6 # GETX S->M misses (upgrade misses)
   PUTS: 249770 # Clean evictions (from lower level)
   PUTX: 87729 # Dirty evictions (from lower level)
   INV: 20218 # Invalidates (from upper level)
   INVX: 2 # Downgrades (from upper level)
   FWD: 0 # Forwards (from upper level)
   latGETnl: 57134642 # GET request latency on next level
   latGETnet: 0 # GET request latency on network to next level
  l2-21: # Cache stats
   hGETS: 0 # GETS hits
   hGETX: 0 # GETX hits
   mGETS: 250896 # GETS misses
   mGETXIM: 87867 # GETX I->M misses
   mGETXSM: 10 # GETX S->M misses (upgrade misses)
   PUTS: 249752 # Clean evictions (from lower level)
   PUTX: 87715 # Dirty evictions (from lower level)
   INV: 33510 # Invalidates (from upper level)
   INVX: 3 # Downgrades (from upper level)
   FWD: 0 # Forwards (from upper level)
   latGETnl: 57136845 # GET request latency on next level
   latGETnet: 0 # GET request latency on network to next level
  l2-22: # Cache stats
   hGETS: 0 # GETS hits
   hGETX: 0 # GETX hits
   mGETS: 250834 # GETS misses
   mGETXIM: 87896 # GETX I->M misses
   mGETXSM: 8 # GETX S->M misses (upgrade misses)
   PUTS: 249763 # Clean evictions (from lower level)
   PUTX: 87727 # Dirty evictions (from lower level)
   INV: 22616 # Invalidates (from upper level)
   INVX: 7 # Downgrades (from upper level)
   FWD: 0 # Forwards (from upper level)
   latGETnl: 57133864 # GET request latency on next level
   latGETnet: 0 # GET request latency on network to next level
  l2-23: # Cache stats
   hGETS: 0 # GETS hits
   hGETX: 0 # GETX hits
   mGETS: 0 # GETS misses
   mGETXIM: 0 # GETX I->M misses
   mGETXSM: 0 # GETX S->M misses (upgrade misses)
   PUTS: 0 # Clean evictions (from lower level)
   PUTX: 0 # Dirty evictions (from lower level)
   INV: 0 # Invalidates (from upper level)
   INVX: 0 # Downgrades (from upper level)
   FWD: 0 # Forwards (from upper level)
   latGETnl: 0 # GET request latency on next level
   latGETnet: 0 # GET request latency on network to next level
 l3: # Cache stats
  l3-0b0: # Cache stats
   hGETS: 213 # GETS hits
   hGETX: 32 # GETX hits
   mGETS: 239662 # GETS misses
   mGETXIM: 84206 # GETX I->M misses
   mGETXSM: 0 # GETX S->M misses (upgrade misses)
   PUTS: 207193 # Clean evictions (from lower level)
   PUTX: 71285 # Dirty evictions (from lower level)
   INV: 0 # Invalidates (from upper level)
   INVX: 0 # Downgrades (from upper level)
   FWD: 0 # Forwards (from upper level)
   latGETnl: 42750576 # GET request latency on next level
   latGETnet: 0 # GET request latency on network to next level
  l3-0b1: # Cache stats
   hGETS: 278 # GETS hits
   hGETX: 40 # GETX hits
   mGETS: 239668 # GETS misses
   mGETXIM: 84200 # GETX I->M misses
   mGETXSM: 0 # GETX S->M misses (upgrade misses)
   PUTS: 207285 # Clean evictions (from lower level)
   PUTX: 71383 # Dirty evictions (from lower level)
   INV: 0 # Invalidates (from upper level)
   INVX: 0 # Downgrades (from upper level)
   FWD: 0 # Forwards (from upper level)
   latGETnl: 42750576 # GET request latency on next level
   latGETnet: 0 # GET request latency on network to next level
  l3-0b2: # Cache stats
   hGETS: 676 # GETS hits
   hGETX: 20 # GETX hits
   mGETS: 239657 # GETS misses
   mGETXIM: 84212 # GETX I->M misses
   mGETXSM: 0 # GETX S->M misses (upgrade misses)
   PUTS: 207592 # Clean evictions (from lower level)
   PUTX: 71424 # Dirty evictions (from lower level)
   INV: 0 # Invalidates (from upper level)
   INVX: 0 # Downgrades (from upper level)
   FWD: 0 # Forwards (from upper level)
   latGETnl: 42750708 # GET request latency on next level
   latGETnet: 0 # GET request latency on network to next level
  l3-0b3: # Cache stats
   hGETS: 301 # GETS hits
   hGETX: 4 # GETX hits
   mGETS: 239654 # GETS misses
   mGETXIM: 84219 # GETX I->M misses
   mGETXSM: 0 # GETX S->M misses (upgrade misses)
   PUTS: 207360 # Clean evictions (from lower level)
   PUTX: 71443 # Dirty evictions (from lower level)
   INV: 0 # Invalidates (from upper level)
   INVX: 0 # Downgrades (from upper level)
   FWD: 0 # Forwards (from upper level)
   latGETnl: 42751236 # GET request latency on next level
   latGETnet: 0 # GET request latency on network to next level
  l3-0b4: # Cache stats
   hGETS: 700 # GETS hits
   hGETX: 0 # GETX hits
   mGETS: 239654 # GETS misses
   mGETXIM: 84151 # GETX I->M misses
   mGETXSM: 0 # GETX S->M misses (upgrade misses)
   PUTS: 207771 # Clean evictions (from lower level)
   PUTX: 71257 # Dirty evictions (from lower level)
   INV: 0 # Invalidates (from upper level)
   INVX: 0 # Downgrades (from upper level)
   FWD: 0 # Forwards (from upper level)
   latGETnl: 42742260 # GET request latency on next level
   latGETnet: 0 # GET request latency on network to next level
  l3-0b5: # Cache stats
   hGETS: 778 # GETS hits
   hGETX: 11 # GETX hits
   mGETS: 239662 # GETS misses
   mGETXIM: 84225 # GETX I->M misses
   mGETXSM: 0 # GETX S->M misses (upgrade misses)
   PUTS: 207750 # Clean evictions (from lower level)
   PUTX: 71359 # Dirty evictions (from lower level)
   INV: 0 # Invalidates (from upper level)
   INVX: 0 # Downgrades (from upper level)
   FWD: 0 # Forwards (from upper level)
   latGETnl: 42753084 # GET request latency on next level
   latGETnet: 0 # GET request latency on network to next level
  l3-0b6: # Cache stats
   hGETS: 742 # GETS hits
   hGETX: 43 # GETX hits
   mGETS: 239668 # GETS misses
   mGETXIM: 84192 # GETX I->M misses
   mGETXSM: 0 # GETX S->M misses (upgrade misses)
   PUTS: 207760 # Clean evictions (from lower level)
   PUTX: 71336 # Dirty evictions (from lower level)
   INV: 0 # Invalidates (from upper level)
   INVX: 0 # Downgrades (from upper level)
   FWD: 0 # Forwards (from upper level)
   latGETnl: 42749520 # GET request latency on next level
   latGETnet: 0 # GET request latency on network to next level
  l3-0b7: # Cache stats
   hGETS: 656 # GETS hits
   hGETX: 41 # GETX hits
   mGETS: 239662 # GETS misses
   mGETXIM: 84261 # GETX I->M misses
   mGETXSM: 0 # GETX S->M misses (upgrade misses)
   PUTS: 207675 # Clean evictions (from lower level)
   PUTX: 71444 # Dirty evictions (from lower level)
   INV: 0 # Invalidates (from upper level)
   INVX: 0 # Downgrades (from upper level)
   FWD: 0 # Forwards (from upper level)
   latGETnl: 42757836 # GET request latency on next level
   latGETnet: 0 # GET request latency on network to next level
  l3-0b8: # Cache stats
   hGETS: 673 # GETS hits
   hGETX: 16 # GETX hits
   mGETS: 239650 # GETS misses
   mGETXIM: 84351 # GETX I->M misses
   mGETXSM: 0 # GETX S->M misses (upgrade misses)
   PUTS: 207603 # Clean evictions (from lower level)
   PUTX: 71725 # Dirty evictions (from lower level)
   INV: 0 # Invalidates (from upper level)
   INVX: 0 # Downgrades (from upper level)
   FWD: 0 # Forwards (from upper level)
   latGETnl: 42768132 # GET request latency on next level
   latGETnet: 0 # GET request latency on network to next level
  l3-0b9: # Cache stats
   hGETS: 644 # GETS hits
   hGETX: 18 # GETX hits
   mGETS: 239659 # GETS misses
   mGETXIM: 84362 # GETX I->M misses
   mGETXSM: 0 # GETX S->M misses (upgrade misses)
   PUTS: 207738 # Clean evictions (from lower level)
   PUTX: 71728 # Dirty evictions (from lower level)
   INV: 0 # Invalidates (from upper level)
   INVX: 0 # Downgrades (from upper level)
   FWD: 0 # Forwards (from upper level)
   latGETnl: 42770772 # GET request latency on next level
   latGETnet: 0 # GET request latency on network to next level
  l3-0b10: # Cache stats
   hGETS: 1708 # GETS hits
   hGETX: 55 # GETX hits
   mGETS: 239662 # GETS misses
   mGETXIM: 84331 # GETX I->M misses
   mGETXSM: 0 # GETX S->M misses (upgrade misses)
   PUTS: 208784 # Clean evictions (from lower level)
   PUTX: 71578 # Dirty evictions (from lower level)
   INV: 0 # Invalidates (from upper level)
   INVX: 0 # Downgrades (from upper level)
   FWD: 0 # Forwards (from upper level)
   latGETnl: 42767076 # GET request latency on next level
   latGETnet: 0 # GET request latency on network to next level
  l3-0b11: # Cache stats
   hGETS: 717 # GETS hits
   hGETX: 47 # GETX hits
   mGETS: 239676 # GETS misses
   mGETXIM: 84293 # GETX I->M misses
   mGETXSM: 0 # GETX S->M misses (upgrade misses)
   PUTS: 207812 # Clean evictions (from lower level)
   PUTX: 71475 # Dirty evictions (from lower level)
   INV: 0 # Invalidates (from upper level)
   INVX: 0 # Downgrades (from upper level)
   FWD: 0 # Forwards (from upper level)
   latGETnl: 42763908 # GET request latency on next level
   latGETnet: 0 # GET request latency on network to next level
  l3-0b12: # Cache stats
   hGETS: 1284 # GETS hits
   hGETX: 51 # GETX hits
   mGETS: 239687 # GETS misses
   mGETXIM: 84515 # GETX I->M misses
   mGETXSM: 0 # GETX S->M misses (upgrade misses)
   PUTS: 208212 # Clean evictions (from lower level)
   PUTX: 71794 # Dirty evictions (from lower level)
   INV: 0 # Invalidates (from upper level)
   INVX: 0 # Downgrades (from upper level)
   FWD: 0 # Forwards (from upper level)
   latGETnl: 42794664 # GET request latency on next level
   latGETnet: 0 # GET request latency on network to next level
  l3-0b13: # Cache stats
   hGETS: 1224 # GETS hits
   hGETX: 76 # GETX hits
   mGETS: 239687 # GETS misses
   mGETXIM: 84460 # GETX I->M misses
   mGETXSM: 0 # GETX S->M misses (upgrade misses)
   PUTS: 208127 # Clean evictions (from lower level)
   PUTX: 71814 # Dirty evictions (from lower level)
   INV: 0 # Invalidates (from upper level)
   INVX: 0 # Downgrades (from upper level)
   FWD: 0 # Forwards (from upper level)
   latGETnl: 42787404 # GET request latency on next level
   latGETnet: 0 # GET request latency on network to next level
  l3-0b14: # Cache stats
   hGETS: 1253 # GETS hits
   hGETX: 51 # GETX hits
   mGETS: 239666 # GETS misses
   mGETXIM: 84485 # GETX I->M misses
   mGETXSM: 0 # GETX S->M misses (upgrade misses)
   PUTS: 208120 # Clean evictions (from lower level)
   PUTX: 71828 # Dirty evictions (from lower level)
   INV: 0 # Invalidates (from upper level)
   INVX: 0 # Downgrades (from upper level)
   FWD: 0 # Forwards (from upper level)
   latGETnl: 42787932 # GET request latency on next level
   latGETnet: 0 # GET request latency on network to next level
  l3-0b15: # Cache stats
   hGETS: 1245 # GETS hits
   hGETX: 35 # GETX hits
   mGETS: 239663 # GETS misses
   mGETXIM: 84385 # GETX I->M misses
   mGETXSM: 0 # GETX S->M misses (upgrade misses)
   PUTS: 208168 # Clean evictions (from lower level)
   PUTX: 71684 # Dirty evictions (from lower level)
   INV: 0 # Invalidates (from upper level)
   INVX: 0 # Downgrades (from upper level)
   FWD: 0 # Forwards (from upper level)
   latGETnl: 42774336 # GET request latency on next level
   latGETnet: 0 # GET request latency on network to next level
  l3-0b16: # Cache stats
   hGETS: 856 # GETS hits
   hGETX: 18 # GETX hits
   mGETS: 239585 # GETS misses
   mGETXIM: 84057 # GETX I->M misses
   mGETXSM: 0 # GETX S->M misses (upgrade misses)
   PUTS: 207985 # Clean evictions (from lower level)
   PUTX: 71376 # Dirty evictions (from lower level)
   INV: 0 # Invalidates (from upper level)
   INVX: 0 # Downgrades (from upper level)
   FWD: 0 # Forwards (from upper level)
   latGETnl: 42720744 # GET request latency on next level
   latGETnet: 0 # GET request latency on network to next level
  l3-0b17: # Cache stats
   hGETS: 819 # GETS hits
   hGETX: 18 # GETX hits
   mGETS: 239582 # GETS misses
   mGETXIM: 84046 # GETX I->M misses
   mGETXSM: 0 # GETX S->M misses (upgrade misses)
   PUTS: 207876 # Clean evictions (from lower level)
   PUTX: 71350 # Dirty evictions (from lower level)
   INV: 0 # Invalidates (from upper level)
   INVX: 0 # Downgrades (from upper level)
   FWD: 0 # Forwards (from upper level)
   latGETnl: 42718896 # GET request latency on next level
   latGETnet: 0 # GET request latency on network to next level
  l3-0b18: # Cache stats
   hGETS: 879 # GETS hits
   hGETX: 78 # GETX hits
   mGETS: 239591 # GETS misses
   mGETXIM: 84064 # GETX I->M misses
   mGETXSM: 0 # GETX S->M misses (upgrade misses)
   PUTS: 207895 # Clean evictions (from lower level)
   PUTX: 71387 # Dirty evictions (from lower level)
   INV: 0 # Invalidates (from upper level)
   INVX: 0 # Downgrades (from upper level)
   FWD: 0 # Forwards (from upper level)
   latGETnl: 42722460 # GET request latency on next level
   latGETnet: 0 # GET request latency on network to next level
  l3-0b19: # Cache stats
   hGETS: 878 # GETS hits
   hGETX: 93 # GETX hits
   mGETS: 239591 # GETS misses
   mGETXIM: 84106 # GETX I->M misses
   mGETXSM: 0 # GETX S->M misses (upgrade misses)
   PUTS: 207746 # Clean evictions (from lower level)
   PUTX: 71451 # Dirty evictions (from lower level)
   INV: 0 # Invalidates (from upper level)
   INVX: 0 # Downgrades (from upper level)
   FWD: 0 # Forwards (from upper level)
   latGETnl: 42728004 # GET request latency on next level
   latGETnet: 0 # GET request latency on network to next level
  l3-0b20: # Cache stats
   hGETS: 331 # GETS hits
   hGETX: 30 # GETX hits
   mGETS: 239577 # GETS misses
   mGETXIM: 83948 # GETX I->M misses
   mGETXSM: 0 # GETX S->M misses (upgrade misses)
   PUTS: 207539 # Clean evictions (from lower level)
   PUTX: 71318 # Dirty evictions (from lower level)
   INV: 0 # Invalidates (from upper level)
   INVX: 0 # Downgrades (from upper level)
   FWD: 0 # Forwards (from upper level)
   latGETnl: 42705300 # GET request latency on next level
   latGETnet: 0 # GET request latency on network to next level
  l3-0b21: # Cache stats
   hGETS: 847 # GETS hits
   hGETX: 38 # GETX hits
   mGETS: 239580 # GETS misses
   mGETXIM: 83929 # GETX I->M misses
   mGETXSM: 0 # GETX S->M misses (upgrade misses)
   PUTS: 208095 # Clean evictions (from lower level)
   PUTX: 71223 # Dirty evictions (from lower level)
   INV: 0 # Invalidates (from upper level)
   INVX: 0 # Downgrades (from upper level)
   FWD: 0 # Forwards (from upper level)
   latGETnl: 42703188 # GET request latency on next level
   latGETnet: 0 # GET request latency on network to next level
  l3-0b22: # Cache stats
   hGETS: 334 # GETS hits
   hGETX: 60 # GETX hits
   mGETS: 239588 # GETS misses
   mGETXIM: 83937 # GETX I->M misses
   mGETXSM: 0 # GETX S->M misses (upgrade misses)
   PUTS: 207550 # Clean evictions (from lower level)
   PUTX: 71328 # Dirty evictions (from lower level)
   INV: 0 # Invalidates (from upper level)
   INVX: 0 # Downgrades (from upper level)
   FWD: 0 # Forwards (from upper level)
   latGETnl: 42705300 # GET request latency on next level
   latGETnet: 0 # GET request latency on network to next level
  l3-0b23: # Cache stats
   hGETS: 368 # GETS hits
   hGETX: 53 # GETX hits
   mGETS: 239594 # GETS misses
   mGETXIM: 83956 # GETX I->M misses
   mGETXSM: 0 # GETX S->M misses (upgrade misses)
   PUTS: 207321 # Clean evictions (from lower level)
   PUTX: 71288 # Dirty evictions (from lower level)
   INV: 0 # Invalidates (from upper level)
   INVX: 0 # Downgrades (from upper level)
   FWD: 0 # Forwards (from upper level)
   latGETnl: 42708600 # GET request latency on next level
   latGETnet: 0 # GET request latency on network to next level
 mem: # Memory controller stats
  mem-0: # Memory controller stats
   rd: 7772216 # Read requests
   wr: 1879580 # Write requests
   rdlat: 1162251981 # Total latency experienced by read requests
   wrlat: 282869234 # Total latency experienced by write requests
 sched: # Scheduler stats
  thCr: 25 # Threads created
  thFn: 25 # Threads finished
  schedEvs: 28 # Schedule events
  waitEvs: 2 # Wait events
  handoffEvs: 1 # Handoff events
  sleepEvs: 1 # Sleep events
  idlePhases: 0 # Phases with no thread active
  idlePeriods: 0 # Periods with no thread active
  occHist: # Occupancy histogram
   0: 0
   1: 24
   2: 0
   3: 1
   4: 2
   5: 1
   6: 0
   7: 1
   8: 0
   9: 0
   10: 0
   11: 1
   12: 0
   13: 1
   14: 0
   15: 0
   16: 0
   17: 1
   18: 0
   19: 0
   20: 0
   21: 1
   22: 0
   23: 55098
   24: 0
  rqSzHist: # Run queue size histogram
   0: 55108
   1: 23
   2: 0
   3: 0
   4: 0
   5: 0
   6: 0
   7: 0
   8: 0
   9: 0
   10: 0
   11: 0
   12: 0
   13: 0
   14: 0
   15: 0
   16: 0
   17: 0
   18: 0
   19: 0
   20: 0
   21: 0
   22: 0
   23: 0
   24: 0
 procCycles: # Per-process unhalted core cycles
  0: 1267363026
  1: 0
  2: 0
  3: 0
  4: 0
  5: 0
  6: 0
  7: 0
  8: 0
  9: 0
  10: 0
  11: 0
  12: 0
  13: 0
  14: 0
  15: 0
  16: 0
  17: 0
  18: 0
  19: 0
  20: 0
  21: 0
  22: 0
  23: 0
  24: 0
  25: 0
  26: 0
  27: 0
  28: 0
  29: 0
  30: 0
  31: 0
  32: 0
  33: 0
  34: 0
  35: 0
  36: 0
  37: 0
  38: 0
  39: 0
  40: 0
  41: 0
  42: 0
  43: 0
  44: 0
  45: 0
  46: 0
  47: 0
  48: 0
  49: 0
  50: 0
  51: 0
  52: 0
  53: 0
  54: 0
  55: 0
  56: 0
  57: 0
  58: 0
  59: 0
  60: 0
  61: 0
  62: 0
  63: 0
 procInstrs: # Per-process instructions
  0: 1799376062
  1: 0
  2: 0
  3: 0
  4: 0
  5: 0
  6: 0
  7: 0
  8: 0
  9: 0
  10: 0
  11: 0
  12: 0
  13: 0
  14: 0
  15: 0
  16: 0
  17: 0
  18: 0
  19: 0
  20: 0
  21: 0
  22: 0
  23: 0
  24: 0
  25: 0
  26: 0
  27: 0
  28: 0
  29: 0
  30: 0
  31: 0
  32: 0
  33: 0
  34: 0
  35: 0
  36: 0
  37: 0
  38: 0
  39: 0
  40: 0
  41: 0
  42: 0
  43: 0
  44: 0
  45: 0
  46: 0
  47: 0
  48: 0
  49: 0
  50: 0
  51: 0
  52: 0
  53: 0
  54: 0
  55: 0
  56: 0
  57: 0
  58: 0
  59: 0
  60: 0
  61: 0
  62: 0
  63: 0
 heartbeats: # Per-process heartbeats
  0: 0
  1: 0
  2: 0
  3: 0
  4: 0
  5: 0
  6: 0
  7: 0
  8: 0
  9: 0
  10: 0
  11: 0
  12: 0
  13: 0
  14: 0
  15: 0
  16: 0
  17: 0
  18: 0
  19: 0
  20: 0
  21: 0
  22: 0
  23: 0
  24: 0
  25: 0
  26: 0
  27: 0
  28: 0
  29: 0
  30: 0
  31: 0
  32: 0
  33: 0
  34: 0
  35: 0
  36: 0
  37: 0
  38: 0
  39: 0
  40: 0
  41: 0
  42: 0
  43: 0
  44: 0
  45: 0
  46: 0
  47: 0
  48: 0
  49: 0
  50: 0
  51: 0
  52: 0
  53: 0
  54: 0
  55: 0
  56: 0
  57: 0
  58: 0
  59: 0
  60: 0
  61: 0
  62: 0
  63: 0
===
