# zsim stats
===
root: # Stats
 contention: # Contention simulation stats
  domain-0: # Domain stats
   time: 5333727534 # Weave simulation time
 time: # Simulator time breakdown
  init: 3071769205
  bound: 125772687093
  weave: 5740388282
  ff: 1254782
 trigger: 20000 # Reason for this stats dump
 phase: 9524 # Simulated phases
 reqCycles: 0 # Requeue Cycles
 skylake: # Core stats
  skylake-0: # Core stats
   cycles: 9524477 # Simulated unhalted cycles
   cCycles: 2065702 # Cycles due to contention stalls
   instrs: 10049043 # Simulated instructions
   uops: 7724530 # issued micro-ops
   bbls: 2990816 # Basic blocks
   approxInstrs: 622458 # Instrs with approx uop decoding
   mispredBranches: 90600 # Mispredicted branches
   IdqNotDelivered: 7458775 # Stalls no uop delivered when no Bkend Stall
   IntMiscRecoveryCycles: 734042 # Stalls waiting machine clears
   uops executed: 7936994 # Executed microoperations
  skylake-1: # Core stats
   cycles: 9500295 # Simulated unhalted cycles
   cCycles: 2065793 # Cycles due to contention stalls
   instrs: 10047870 # Simulated instructions
   uops: 7723213 # issued micro-ops
   bbls: 2990597 # Basic blocks
   approxInstrs: 622454 # Instrs with approx uop decoding
   mispredBranches: 90571 # Mispredicted branches
   IdqNotDelivered: 7434502 # Stalls no uop delivered when no Bkend Stall
   IntMiscRecoveryCycles: 728952 # Stalls waiting machine clears
   uops executed: 7935665 # Executed microoperations
  skylake-2: # Core stats
   cycles: 9497502 # Simulated unhalted cycles
   cCycles: 2066077 # Cycles due to contention stalls
   instrs: 10043938 # Simulated instructions
   uops: 7720009 # issued micro-ops
   bbls: 2989480 # Basic blocks
   approxInstrs: 622234 # Instrs with approx uop decoding
   mispredBranches: 90537 # Mispredicted branches
   IdqNotDelivered: 7431425 # Stalls no uop delivered when no Bkend Stall
   IntMiscRecoveryCycles: 730205 # Stalls waiting machine clears
   uops executed: 7932431 # Executed microoperations
  skylake-3: # Core stats
   cycles: 9498921 # Simulated unhalted cycles
   cCycles: 2066100 # Cycles due to contention stalls
   instrs: 10046763 # Simulated instructions
   uops: 7722254 # issued micro-ops
   bbls: 2990288 # Basic blocks
   approxInstrs: 622403 # Instrs with approx uop decoding
   mispredBranches: 90556 # Mispredicted branches
   IdqNotDelivered: 7432821 # Stalls no uop delivered when no Bkend Stall
   IntMiscRecoveryCycles: 729220 # Stalls waiting machine clears
   uops executed: 7934709 # Executed microoperations
  skylake-4: # Core stats
   cycles: 9497241 # Simulated unhalted cycles
   cCycles: 2065938 # Cycles due to contention stalls
   instrs: 10047613 # Simulated instructions
   uops: 7722912 # issued micro-ops
   bbls: 2990542 # Basic blocks
   approxInstrs: 622452 # Instrs with approx uop decoding
   mispredBranches: 90566 # Mispredicted branches
   IdqNotDelivered: 7431303 # Stalls no uop delivered when no Bkend Stall
   IntMiscRecoveryCycles: 728938 # Stalls waiting machine clears
   uops executed: 7935370 # Executed microoperations
  skylake-5: # Core stats
   cycles: 9496230 # Simulated unhalted cycles
   cCycles: 2066242 # Cycles due to contention stalls
   instrs: 10046031 # Simulated instructions
   uops: 7721687 # issued micro-ops
   bbls: 2990072 # Basic blocks
   approxInstrs: 622354 # Instrs with approx uop decoding
   mispredBranches: 90549 # Mispredicted branches
   IdqNotDelivered: 7429988 # Stalls no uop delivered when no Bkend Stall
   IntMiscRecoveryCycles: 728384 # Stalls waiting machine clears
   uops executed: 7934126 # Executed microoperations
  skylake-6: # Core stats
   cycles: 9495932 # Simulated unhalted cycles
   cCycles: 2065979 # Cycles due to contention stalls
   instrs: 10046976 # Simulated instructions
   uops: 7722153 # issued micro-ops
   bbls: 2990406 # Basic blocks
   approxInstrs: 622446 # Instrs with approx uop decoding
   mispredBranches: 90560 # Mispredicted branches
   IdqNotDelivered: 7429953 # Stalls no uop delivered when no Bkend Stall
   IntMiscRecoveryCycles: 729680 # Stalls waiting machine clears
   uops executed: 7934615 # Executed microoperations
  skylake-7: # Core stats
   cycles: 9495230 # Simulated unhalted cycles
   cCycles: 2066402 # Cycles due to contention stalls
   instrs: 10046009 # Simulated instructions
   uops: 7721406 # issued micro-ops
   bbls: 2990117 # Basic blocks
   approxInstrs: 622390 # Instrs with approx uop decoding
   mispredBranches: 90549 # Mispredicted branches
   IdqNotDelivered: 7428828 # Stalls no uop delivered when no Bkend Stall
   IntMiscRecoveryCycles: 729146 # Stalls waiting machine clears
   uops executed: 7933863 # Executed microoperations
  skylake-8: # Core stats
   cycles: 9495237 # Simulated unhalted cycles
   cCycles: 2065993 # Cycles due to contention stalls
   instrs: 10045046 # Simulated instructions
   uops: 7720932 # issued micro-ops
   bbls: 2989779 # Basic blocks
   approxInstrs: 622294 # Instrs with approx uop decoding
   mispredBranches: 90541 # Mispredicted branches
   IdqNotDelivered: 7429244 # Stalls no uop delivered when no Bkend Stall
   IntMiscRecoveryCycles: 728384 # Stalls waiting machine clears
   uops executed: 7933348 # Executed microoperations
  skylake-9: # Core stats
   cycles: 9494922 # Simulated unhalted cycles
   cCycles: 2065907 # Cycles due to contention stalls
   instrs: 10046837 # Simulated instructions
   uops: 7722038 # issued micro-ops
   bbls: 2990365 # Basic blocks
   approxInstrs: 622439 # Instrs with approx uop decoding
   mispredBranches: 90556 # Mispredicted branches
   IdqNotDelivered: 7429015 # Stalls no uop delivered when no Bkend Stall
   IntMiscRecoveryCycles: 729014 # Stalls waiting machine clears
   uops executed: 7934512 # Executed microoperations
  skylake-10: # Core stats
   cycles: 9494922 # Simulated unhalted cycles
   cCycles: 2065980 # Cycles due to contention stalls
   instrs: 10046057 # Simulated instructions
   uops: 7721438 # issued micro-ops
   bbls: 2990133 # Basic blocks
   approxInstrs: 622390 # Instrs with approx uop decoding
   mispredBranches: 90549 # Mispredicted branches
   IdqNotDelivered: 7428942 # Stalls no uop delivered when no Bkend Stall
   IntMiscRecoveryCycles: 729003 # Stalls waiting machine clears
   uops executed: 7933895 # Executed microoperations
  skylake-11: # Core stats
   cycles: 9494230 # Simulated unhalted cycles
   cCycles: 2066207 # Cycles due to contention stalls
   instrs: 10044883 # Simulated instructions
   uops: 7720716 # issued micro-ops
   bbls: 2989704 # Basic blocks
   approxInstrs: 622298 # Instrs with approx uop decoding
   mispredBranches: 90538 # Mispredicted branches
   IdqNotDelivered: 7428023 # Stalls no uop delivered when no Bkend Stall
   IntMiscRecoveryCycles: 729126 # Stalls waiting machine clears
   uops executed: 7933216 # Executed microoperations
  skylake-12: # Core stats
   cycles: 9494229 # Simulated unhalted cycles
   cCycles: 2065941 # Cycles due to contention stalls
   instrs: 10046925 # Simulated instructions
   uops: 7722107 # issued micro-ops
   bbls: 2990391 # Basic blocks
   approxInstrs: 622444 # Instrs with approx uop decoding
   mispredBranches: 90557 # Mispredicted branches
   IdqNotDelivered: 7428288 # Stalls no uop delivered when no Bkend Stall
   IntMiscRecoveryCycles: 729171 # Stalls waiting machine clears
   uops executed: 7934583 # Executed microoperations
  skylake-13: # Core stats
   cycles: 9494078 # Simulated unhalted cycles
   cCycles: 2065939 # Cycles due to contention stalls
   instrs: 10046977 # Simulated instructions
   uops: 7722154 # issued micro-ops
   bbls: 2990407 # Basic blocks
   approxInstrs: 622446 # Instrs with approx uop decoding
   mispredBranches: 90560 # Mispredicted branches
   IdqNotDelivered: 7428139 # Stalls no uop delivered when no Bkend Stall
   IntMiscRecoveryCycles: 729140 # Stalls waiting machine clears
   uops executed: 7934616 # Executed microoperations
  skylake-14: # Core stats
   cycles: 9493230 # Simulated unhalted cycles
   cCycles: 2065983 # Cycles due to contention stalls
   instrs: 10046378 # Simulated instructions
   uops: 7721686 # issued micro-ops
   bbls: 2990228 # Basic blocks
   approxInstrs: 622411 # Instrs with approx uop decoding
   mispredBranches: 90552 # Mispredicted branches
   IdqNotDelivered: 7427247 # Stalls no uop delivered when no Bkend Stall
   IntMiscRecoveryCycles: 728720 # Stalls waiting machine clears
   uops executed: 7934150 # Executed microoperations
  skylake-15: # Core stats
   cycles: 9493229 # Simulated unhalted cycles
   cCycles: 2065826 # Cycles due to contention stalls
   instrs: 10046402 # Simulated instructions
   uops: 7721702 # issued micro-ops
   bbls: 2990236 # Basic blocks
   approxInstrs: 622411 # Instrs with approx uop decoding
   mispredBranches: 90552 # Mispredicted branches
   IdqNotDelivered: 7427403 # Stalls no uop delivered when no Bkend Stall
   IntMiscRecoveryCycles: 728524 # Stalls waiting machine clears
   uops executed: 7934166 # Executed microoperations
  skylake-16: # Core stats
   cycles: 9493235 # Simulated unhalted cycles
   cCycles: 2065709 # Cycles due to contention stalls
   instrs: 10046749 # Simulated instructions
   uops: 7721975 # issued micro-ops
   bbls: 2990338 # Basic blocks
   approxInstrs: 622439 # Instrs with approx uop decoding
   mispredBranches: 90556 # Mispredicted branches
   IdqNotDelivered: 7427526 # Stalls no uop delivered when no Bkend Stall
   IntMiscRecoveryCycles: 728556 # Stalls waiting machine clears
   uops executed: 7934446 # Executed microoperations
  skylake-17: # Core stats
   cycles: 9493229 # Simulated unhalted cycles
   cCycles: 2066074 # Cycles due to contention stalls
   instrs: 10046240 # Simulated instructions
   uops: 7721583 # issued micro-ops
   bbls: 2990186 # Basic blocks
   approxInstrs: 622404 # Instrs with approx uop decoding
   mispredBranches: 90551 # Mispredicted branches
   IdqNotDelivered: 7427155 # Stalls no uop delivered when no Bkend Stall
   IntMiscRecoveryCycles: 728712 # Stalls waiting machine clears
   uops executed: 7934045 # Executed microoperations
  skylake-18: # Core stats
   cycles: 9492229 # Simulated unhalted cycles
   cCycles: 2065864 # Cycles due to contention stalls
   instrs: 10045607 # Simulated instructions
   uops: 7721092 # issued micro-ops
   bbls: 2989999 # Basic blocks
   approxInstrs: 622362 # Instrs with approx uop decoding
   mispredBranches: 90545 # Mispredicted branches
   IdqNotDelivered: 7426365 # Stalls no uop delivered when no Bkend Stall
   IntMiscRecoveryCycles: 728468 # Stalls waiting machine clears
   uops executed: 7933539 # Executed microoperations
  skylake-19: # Core stats
   cycles: 9492230 # Simulated unhalted cycles
   cCycles: 2066045 # Cycles due to contention stalls
   instrs: 10045097 # Simulated instructions
   uops: 7720707 # issued micro-ops
   bbls: 2989845 # Basic blocks
   approxInstrs: 622334 # Instrs with approx uop decoding
   mispredBranches: 90541 # Mispredicted branches
   IdqNotDelivered: 7426185 # Stalls no uop delivered when no Bkend Stall
   IntMiscRecoveryCycles: 728779 # Stalls waiting machine clears
   uops executed: 7933145 # Executed microoperations
  skylake-20: # Core stats
   cycles: 9492238 # Simulated unhalted cycles
   cCycles: 2065785 # Cycles due to contention stalls
   instrs: 10045409 # Simulated instructions
   uops: 7720941 # issued micro-ops
   bbls: 2989941 # Basic blocks
   approxInstrs: 622349 # Instrs with approx uop decoding
   mispredBranches: 90544 # Mispredicted branches
   IdqNotDelivered: 7426453 # Stalls no uop delivered when no Bkend Stall
   IntMiscRecoveryCycles: 728803 # Stalls waiting machine clears
   uops executed: 7933382 # Executed microoperations
  skylake-21: # Core stats
   cycles: 9492230 # Simulated unhalted cycles
   cCycles: 2066096 # Cycles due to contention stalls
   instrs: 10028463 # Simulated instructions
   uops: 7708942 # issued micro-ops
   bbls: 2984515 # Basic blocks
   approxInstrs: 621023 # Instrs with approx uop decoding
   mispredBranches: 90435 # Mispredicted branches
   IdqNotDelivered: 7426134 # Stalls no uop delivered when no Bkend Stall
   IntMiscRecoveryCycles: 729917 # Stalls waiting machine clears
   uops executed: 7921011 # Executed microoperations
  skylake-22: # Core stats
   cycles: 9491229 # Simulated unhalted cycles
   cCycles: 2065879 # Cycles due to contention stalls
   instrs: 10044016 # Simulated instructions
   uops: 7719874 # issued micro-ops
   bbls: 2989524 # Basic blocks
   approxInstrs: 622266 # Instrs with approx uop decoding
   mispredBranches: 90529 # Mispredicted branches
   IdqNotDelivered: 7425350 # Stalls no uop delivered when no Bkend Stall
   IntMiscRecoveryCycles: 728309 # Stalls waiting machine clears
   uops executed: 7932296 # Executed microoperations
  skylake-23: # Core stats
   cycles: 0 # Simulated unhalted cycles
   cCycles: 0 # Cycles due to contention stalls
   instrs: 0 # Simulated instructions
   uops: 0 # issued micro-ops
   bbls: 0 # Basic blocks
   approxInstrs: 0 # Instrs with approx uop decoding
   mispredBranches: 0 # Mispredicted branches
   IdqNotDelivered: 0 # Stalls no uop delivered when no Bkend Stall
   IntMiscRecoveryCycles: 0 # Stalls waiting machine clears
   uops executed: 0 # Executed microoperations
 l1d: # Cache stats
  l1d-0: # Filter cache stats
   fhGETS: 786752 # Filtered GETS hits
   fhGETX: 367392 # Filtered GETX hits
   hGETS: 7192 # GETS hits
   hGETX: 10956 # GETX hits
   mGETS: 250283 # GETS misses
   mGETXIM: 16054 # GETX I->M misses
   mGETXSM: 7 # GETX S->M misses (upgrade misses)
   PUTS: 0 # Clean evictions (from lower level)
   PUTX: 0 # Dirty evictions (from lower level)
   INV: 92 # Invalidates (from upper level)
   INVX: 85 # Downgrades (from upper level)
   FWD: 0 # Forwards (from upper level)
   latGETnl: 47654910 # GET request latency on next level
   latGETnet: 0 # GET request latency on network to next level
  l1d-1: # Filter cache stats
   fhGETS: 786485 # Filtered GETS hits
   fhGETX: 367216 # Filtered GETX hits
   hGETS: 7117 # GETS hits
   hGETX: 10920 # GETX hits
   mGETS: 250236 # GETS misses
   mGETXIM: 16024 # GETX I->M misses
   mGETXSM: 10 # GETX S->M misses (upgrade misses)
   PUTS: 0 # Clean evictions (from lower level)
   PUTX: 0 # Dirty evictions (from lower level)
   INV: 78 # Invalidates (from upper level)
   INVX: 25 # Downgrades (from upper level)
   FWD: 0 # Forwards (from upper level)
   latGETnl: 47635726 # GET request latency on next level
   latGETnet: 0 # GET request latency on network to next level
  l1d-2: # Filter cache stats
   fhGETS: 786097 # Filtered GETS hits
   fhGETX: 367035 # Filtered GETX hits
   hGETS: 7084 # GETS hits
   hGETX: 10895 # GETX hits
   mGETS: 250147 # GETS misses
   mGETXIM: 16006 # GETX I->M misses
   mGETXSM: 8 # GETX S->M misses (upgrade misses)
   PUTS: 0 # Clean evictions (from lower level)
   PUTX: 0 # Dirty evictions (from lower level)
   INV: 55 # Invalidates (from upper level)
   INVX: 8 # Downgrades (from upper level)
   FWD: 0 # Forwards (from upper level)
   latGETnl: 47618165 # GET request latency on next level
   latGETnet: 0 # GET request latency on network to next level
  l1d-3: # Filter cache stats
   fhGETS: 786344 # Filtered GETS hits
   fhGETX: 367143 # Filtered GETX hits
   hGETS: 7121 # GETS hits
   hGETX: 10927 # GETX hits
   mGETS: 250210 # GETS misses
   mGETXIM: 16017 # GETX I->M misses
   mGETXSM: 7 # GETX S->M misses (upgrade misses)
   PUTS: 0 # Clean evictions (from lower level)
   PUTX: 0 # Dirty evictions (from lower level)
   INV: 68 # Invalidates (from upper level)
   INVX: 36 # Downgrades (from upper level)
   FWD: 0 # Forwards (from upper level)
   latGETnl: 47633186 # GET request latency on next level
   latGETnet: 0 # GET request latency on network to next level
  l1d-4: # Filter cache stats
   fhGETS: 786405 # Filtered GETS hits
   fhGETX: 367167 # Filtered GETX hits
   hGETS: 7125 # GETS hits
   hGETX: 10935 # GETX hits
   mGETS: 250234 # GETS misses
   mGETXIM: 16015 # GETX I->M misses
   mGETXSM: 9 # GETX S->M misses (upgrade misses)
   PUTS: 0 # Clean evictions (from lower level)
   PUTX: 0 # Dirty evictions (from lower level)
   INV: 71 # Invalidates (from upper level)
   INVX: 20 # Downgrades (from upper level)
   FWD: 0 # Forwards (from upper level)
   latGETnl: 47634382 # GET request latency on next level
   latGETnet: 0 # GET request latency on network to next level
  l1d-5: # Filter cache stats
   fhGETS: 786289 # Filtered GETS hits
   fhGETX: 367128 # Filtered GETX hits
   hGETS: 7108 # GETS hits
   hGETX: 10916 # GETX hits
   mGETS: 250196 # GETS misses
   mGETXIM: 16011 # GETX I->M misses
   mGETXSM: 9 # GETX S->M misses (upgrade misses)
   PUTS: 0 # Clean evictions (from lower level)
   PUTX: 0 # Dirty evictions (from lower level)
   INV: 71 # Invalidates (from upper level)
   INVX: 20 # Downgrades (from upper level)
   FWD: 0 # Forwards (from upper level)
   latGETnl: 47627156 # GET request latency on next level
   latGETnet: 0 # GET request latency on network to next level
  l1d-6: # Filter cache stats
   fhGETS: 786263 # Filtered GETS hits
   fhGETX: 367091 # Filtered GETX hits
   hGETS: 7097 # GETS hits
   hGETX: 10906 # GETX hits
   mGETS: 250211 # GETS misses
   mGETXIM: 16008 # GETX I->M misses
   mGETXSM: 5 # GETX S->M misses (upgrade misses)
   PUTS: 0 # Clean evictions (from lower level)
   PUTX: 0 # Dirty evictions (from lower level)
   INV: 52 # Invalidates (from upper level)
   INVX: 18 # Downgrades (from upper level)
   FWD: 0 # Forwards (from upper level)
   latGETnl: 47632486 # GET request latency on next level
   latGETnet: 0 # GET request latency on network to next level
  l1d-7: # Filter cache stats
   fhGETS: 786180 # Filtered GETS hits
   fhGETX: 367066 # Filtered GETX hits
   hGETS: 7099 # GETS hits
   hGETX: 10897 # GETX hits
   mGETS: 250191 # GETS misses
   mGETXIM: 16004 # GETX I->M misses
   mGETXSM: 7 # GETX S->M misses (upgrade misses)
   PUTS: 0 # Clean evictions (from lower level)
   PUTX: 0 # Dirty evictions (from lower level)
   INV: 51 # Invalidates (from upper level)
   INVX: 18 # Downgrades (from upper level)
   FWD: 0 # Forwards (from upper level)
   latGETnl: 47628604 # GET request latency on next level
   latGETnet: 0 # GET request latency on network to next level
  l1d-8: # Filter cache stats
   fhGETS: 786202 # Filtered GETS hits
   fhGETX: 367085 # Filtered GETX hits
   hGETS: 7122 # GETS hits
   hGETX: 10920 # GETX hits
   mGETS: 250168 # GETS misses
   mGETXIM: 16011 # GETX I->M misses
   mGETXSM: 9 # GETX S->M misses (upgrade misses)
   PUTS: 0 # Clean evictions (from lower level)
   PUTX: 0 # Dirty evictions (from lower level)
   INV: 70 # Invalidates (from upper level)
   INVX: 19 # Downgrades (from upper level)
   FWD: 0 # Forwards (from upper level)
   latGETnl: 47622102 # GET request latency on next level
   latGETnet: 0 # GET request latency on network to next level
  l1d-9: # Filter cache stats
   fhGETS: 786259 # Filtered GETS hits
   fhGETX: 367086 # Filtered GETX hits
   hGETS: 7082 # GETS hits
   hGETX: 10910 # GETX hits
   mGETS: 250210 # GETS misses
   mGETXIM: 16004 # GETX I->M misses
   mGETXSM: 5 # GETX S->M misses (upgrade misses)
   PUTS: 0 # Clean evictions (from lower level)
   PUTX: 0 # Dirty evictions (from lower level)
   INV: 51 # Invalidates (from upper level)
   INVX: 19 # Downgrades (from upper level)
   FWD: 0 # Forwards (from upper level)
   latGETnl: 47632669 # GET request latency on next level
   latGETnet: 0 # GET request latency on network to next level
  l1d-10: # Filter cache stats
   fhGETS: 786182 # Filtered GETS hits
   fhGETX: 367050 # Filtered GETX hits
   hGETS: 7096 # GETS hits
   hGETX: 10918 # GETX hits
   mGETS: 250192 # GETS misses
   mGETXIM: 16001 # GETX I->M misses
   mGETXSM: 5 # GETX S->M misses (upgrade misses)
   PUTS: 0 # Clean evictions (from lower level)
   PUTX: 0 # Dirty evictions (from lower level)
   INV: 51 # Invalidates (from upper level)
   INVX: 23 # Downgrades (from upper level)
   FWD: 0 # Forwards (from upper level)
   latGETnl: 47629110 # GET request latency on next level
   latGETnet: 0 # GET request latency on network to next level
  l1d-11: # Filter cache stats
   fhGETS: 786219 # Filtered GETS hits
   fhGETX: 367079 # Filtered GETX hits
   hGETS: 7117 # GETS hits
   hGETX: 10916 # GETX hits
   mGETS: 250177 # GETS misses
   mGETXIM: 16011 # GETX I->M misses
   mGETXSM: 10 # GETX S->M misses (upgrade misses)
   PUTS: 0 # Clean evictions (from lower level)
   PUTX: 0 # Dirty evictions (from lower level)
   INV: 52 # Invalidates (from upper level)
   INVX: 4 # Downgrades (from upper level)
   FWD: 0 # Forwards (from upper level)
   latGETnl: 47623658 # GET request latency on next level
   latGETnet: 0 # GET request latency on network to next level
  l1d-12: # Filter cache stats
   fhGETS: 701548 # Filtered GETS hits
   fhGETX: 276898 # Filtered GETX hits
   hGETS: 91803 # GETS hits
   hGETX: 101096 # GETX hits
   mGETS: 250210 # GETS misses
   mGETXIM: 16009 # GETX I->M misses
   mGETXSM: 6 # GETX S->M misses (upgrade misses)
   PUTS: 0 # Clean evictions (from lower level)
   PUTX: 0 # Dirty evictions (from lower level)
   INV: 53 # Invalidates (from upper level)
   INVX: 6 # Downgrades (from upper level)
   FWD: 0 # Forwards (from upper level)
   latGETnl: 47630503 # GET request latency on next level
   latGETnet: 0 # GET request latency on network to next level
  l1d-13: # Filter cache stats
   fhGETS: 786271 # Filtered GETS hits
   fhGETX: 367091 # Filtered GETX hits
   hGETS: 7092 # GETS hits
   hGETX: 10901 # GETX hits
   mGETS: 250208 # GETS misses
   mGETXIM: 16013 # GETX I->M misses
   mGETXSM: 5 # GETX S->M misses (upgrade misses)
   PUTS: 0 # Clean evictions (from lower level)
   PUTX: 0 # Dirty evictions (from lower level)
   INV: 54 # Invalidates (from upper level)
   INVX: 4 # Downgrades (from upper level)
   FWD: 0 # Forwards (from upper level)
   latGETnl: 47630626 # GET request latency on next level
   latGETnet: 0 # GET request latency on network to next level
  l1d-14: # Filter cache stats
   fhGETS: 786224 # Filtered GETS hits
   fhGETX: 367077 # Filtered GETX hits
   hGETS: 7085 # GETS hits
   hGETX: 10895 # GETX hits
   mGETS: 250196 # GETS misses
   mGETXIM: 16009 # GETX I->M misses
   mGETXSM: 6 # GETX S->M misses (upgrade misses)
   PUTS: 0 # Clean evictions (from lower level)
   PUTX: 0 # Dirty evictions (from lower level)
   INV: 53 # Invalidates (from upper level)
   INVX: 2 # Downgrades (from upper level)
   FWD: 0 # Forwards (from upper level)
   latGETnl: 47627427 # GET request latency on next level
   latGETnet: 0 # GET request latency on network to next level
  l1d-15: # Filter cache stats
   fhGETS: 786215 # Filtered GETS hits
   fhGETX: 367070 # Filtered GETX hits
   hGETS: 7087 # GETS hits
   hGETX: 10910 # GETX hits
   mGETS: 250203 # GETS misses
   mGETXIM: 16001 # GETX I->M misses
   mGETXSM: 6 # GETX S->M misses (upgrade misses)
   PUTS: 0 # Clean evictions (from lower level)
   PUTX: 0 # Dirty evictions (from lower level)
   INV: 53 # Invalidates (from upper level)
   INVX: 2 # Downgrades (from upper level)
   FWD: 0 # Forwards (from upper level)
   latGETnl: 47628054 # GET request latency on next level
   latGETnet: 0 # GET request latency on network to next level
  l1d-16: # Filter cache stats
   fhGETS: 701536 # Filtered GETS hits
   fhGETX: 276888 # Filtered GETX hits
   hGETS: 91804 # GETS hits
   hGETX: 101097 # GETX hits
   mGETS: 250207 # GETS misses
   mGETXIM: 16011 # GETX I->M misses
   mGETXSM: 6 # GETX S->M misses (upgrade misses)
   PUTS: 0 # Clean evictions (from lower level)
   PUTX: 0 # Dirty evictions (from lower level)
   INV: 55 # Invalidates (from upper level)
   INVX: 3 # Downgrades (from upper level)
   FWD: 0 # Forwards (from upper level)
   latGETnl: 47629490 # GET request latency on next level
   latGETnet: 0 # GET request latency on network to next level
  l1d-17: # Filter cache stats
   fhGETS: 786219 # Filtered GETS hits
   fhGETX: 367077 # Filtered GETX hits
   hGETS: 7080 # GETS hits
   hGETX: 10892 # GETX hits
   mGETS: 250194 # GETS misses
   mGETXIM: 16008 # GETX I->M misses
   mGETXSM: 6 # GETX S->M misses (upgrade misses)
   PUTS: 0 # Clean evictions (from lower level)
   PUTX: 0 # Dirty evictions (from lower level)
   INV: 53 # Invalidates (from upper level)
   INVX: 2 # Downgrades (from upper level)
   FWD: 0 # Forwards (from upper level)
   latGETnl: 47627154 # GET request latency on next level
   latGETnet: 0 # GET request latency on network to next level
  l1d-18: # Filter cache stats
   fhGETS: 786163 # Filtered GETS hits
   fhGETX: 367050 # Filtered GETX hits
   hGETS: 7082 # GETS hits
   hGETX: 10897 # GETX hits
   mGETS: 250179 # GETS misses
   mGETXIM: 16003 # GETX I->M misses
   mGETXSM: 6 # GETX S->M misses (upgrade misses)
   PUTS: 0 # Clean evictions (from lower level)
   PUTX: 0 # Dirty evictions (from lower level)
   INV: 51 # Invalidates (from upper level)
   INVX: 2 # Downgrades (from upper level)
   FWD: 0 # Forwards (from upper level)
   latGETnl: 47623838 # GET request latency on next level
   latGETnet: 0 # GET request latency on network to next level
  l1d-19: # Filter cache stats
   fhGETS: 786126 # Filtered GETS hits
   fhGETX: 367026 # Filtered GETX hits
   hGETS: 7083 # GETS hits
   hGETX: 10903 # GETX hits
   mGETS: 250168 # GETS misses
   mGETXIM: 16004 # GETX I->M misses
   mGETXSM: 6 # GETX S->M misses (upgrade misses)
   PUTS: 0 # Clean evictions (from lower level)
   PUTX: 0 # Dirty evictions (from lower level)
   INV: 53 # Invalidates (from upper level)
   INVX: 2 # Downgrades (from upper level)
   FWD: 0 # Forwards (from upper level)
   latGETnl: 47621784 # GET request latency on next level
   latGETnet: 0 # GET request latency on network to next level
  l1d-20: # Filter cache stats
   fhGETS: 786123 # Filtered GETS hits
   fhGETX: 367030 # Filtered GETX hits
   hGETS: 7108 # GETS hits
   hGETX: 10904 # GETX hits
   mGETS: 250171 # GETS misses
   mGETXIM: 16008 # GETX I->M misses
   mGETXSM: 6 # GETX S->M misses (upgrade misses)
   PUTS: 0 # Clean evictions (from lower level)
   PUTX: 0 # Dirty evictions (from lower level)
   INV: 53 # Invalidates (from upper level)
   INVX: 2 # Downgrades (from upper level)
   FWD: 0 # Forwards (from upper level)
   latGETnl: 47622905 # GET request latency on next level
   latGETnet: 0 # GET request latency on network to next level
  l1d-21: # Filter cache stats
   fhGETS: 785475 # Filtered GETS hits
   fhGETX: 366682 # Filtered GETX hits
   hGETS: 7317 # GETS hits
   hGETX: 10944 # GETX hits
   mGETS: 249702 # GETS misses
   mGETXIM: 15971 # GETX I->M misses
   mGETXSM: 10 # GETX S->M misses (upgrade misses)
   PUTS: 0 # Clean evictions (from lower level)
   PUTX: 0 # Dirty evictions (from lower level)
   INV: 47 # Invalidates (from upper level)
   INVX: 3 # Downgrades (from upper level)
   FWD: 0 # Forwards (from upper level)
   latGETnl: 47530925 # GET request latency on next level
   latGETnet: 0 # GET request latency on network to next level
  l1d-22: # Filter cache stats
   fhGETS: 786036 # Filtered GETS hits
   fhGETX: 366984 # Filtered GETX hits
   hGETS: 7086 # GETS hits
   hGETX: 10905 # GETX hits
   mGETS: 250140 # GETS misses
   mGETXIM: 16001 # GETX I->M misses
   mGETXSM: 6 # GETX S->M misses (upgrade misses)
   PUTS: 0 # Clean evictions (from lower level)
   PUTX: 0 # Dirty evictions (from lower level)
   INV: 51 # Invalidates (from upper level)
   INVX: 2 # Downgrades (from upper level)
   FWD: 0 # Forwards (from upper level)
   latGETnl: 47616631 # GET request latency on next level
   latGETnet: 0 # GET request latency on network to next level
  l1d-23: # Filter cache stats
   fhGETS: 0 # Filtered GETS hits
   fhGETX: 0 # Filtered GETX hits
   hGETS: 0 # GETS hits
   hGETX: 0 # GETX hits
   mGETS: 0 # GETS misses
   mGETXIM: 0 # GETX I->M misses
   mGETXSM: 0 # GETX S->M misses (upgrade misses)
   PUTS: 0 # Clean evictions (from lower level)
   PUTX: 0 # Dirty evictions (from lower level)
   INV: 0 # Invalidates (from upper level)
   INVX: 0 # Downgrades (from upper level)
   FWD: 0 # Forwards (from upper level)
   latGETnl: 0 # GET request latency on next level
   latGETnet: 0 # GET request latency on network to next level
 l1i: # Cache stats
  l1i-0: # Filter cache stats
   fhGETS: 3517245 # Filtered GETS hits
   fhGETX: 0 # Filtered GETX hits
   hGETS: 51 # GETS hits
   hGETX: 0 # GETX hits
   mGETS: 672 # GETS misses
   mGETXIM: 0 # GETX I->M misses
   mGETXSM: 0 # GETX S->M misses (upgrade misses)
   PUTS: 0 # Clean evictions (from lower level)
   PUTX: 0 # Dirty evictions (from lower level)
   INV: 644 # Invalidates (from upper level)
   INVX: 0 # Downgrades (from upper level)
   FWD: 0 # Forwards (from upper level)
   latGETnl: 55608 # GET request latency on next level
   latGETnet: 0 # GET request latency on network to next level
  l1i-1: # Filter cache stats
   fhGETS: 3517094 # Filtered GETS hits
   fhGETX: 0 # Filtered GETX hits
   hGETS: 38 # GETS hits
   hGETX: 0 # GETX hits
   mGETS: 587 # GETS misses
   mGETXIM: 0 # GETX I->M misses
   mGETXSM: 0 # GETX S->M misses (upgrade misses)
   PUTS: 0 # Clean evictions (from lower level)
   PUTX: 0 # Dirty evictions (from lower level)
   INV: 556 # Invalidates (from upper level)
   INVX: 0 # Downgrades (from upper level)
   FWD: 0 # Forwards (from upper level)
   latGETnl: 31285 # GET request latency on next level
   latGETnet: 0 # GET request latency on network to next level
  l1i-2: # Filter cache stats
   fhGETS: 3515725 # Filtered GETS hits
   fhGETX: 0 # Filtered GETX hits
   hGETS: 45 # GETS hits
   hGETX: 0 # GETX hits
   mGETS: 614 # GETS misses
   mGETXIM: 0 # GETX I->M misses
   mGETXSM: 0 # GETX S->M misses (upgrade misses)
   PUTS: 0 # Clean evictions (from lower level)
   PUTX: 0 # Dirty evictions (from lower level)
   INV: 590 # Invalidates (from upper level)
   INVX: 0 # Downgrades (from upper level)
   FWD: 0 # Forwards (from upper level)
   latGETnl: 34930 # GET request latency on next level
   latGETnet: 0 # GET request latency on network to next level
  l1i-3: # Filter cache stats
   fhGETS: 3516710 # Filtered GETS hits
   fhGETX: 0 # Filtered GETX hits
   hGETS: 30 # GETS hits
   hGETX: 0 # GETX hits
   mGETS: 583 # GETS misses
   mGETXIM: 0 # GETX I->M misses
   mGETXSM: 0 # GETX S->M misses (upgrade misses)
   PUTS: 0 # Clean evictions (from lower level)
   PUTX: 0 # Dirty evictions (from lower level)
   INV: 559 # Invalidates (from upper level)
   INVX: 0 # Downgrades (from upper level)
   FWD: 0 # Forwards (from upper level)
   latGETnl: 31229 # GET request latency on next level
   latGETnet: 0 # GET request latency on network to next level
  l1i-4: # Filter cache stats
   fhGETS: 3517033 # Filtered GETS hits
   fhGETX: 0 # Filtered GETX hits
   hGETS: 31 # GETS hits
   hGETX: 0 # GETX hits
   mGETS: 589 # GETS misses
   mGETXIM: 0 # GETX I->M misses
   mGETXSM: 0 # GETX S->M misses (upgrade misses)
   PUTS: 0 # Clean evictions (from lower level)
   PUTX: 0 # Dirty evictions (from lower level)
   INV: 560 # Invalidates (from upper level)
   INVX: 0 # Downgrades (from upper level)
   FWD: 0 # Forwards (from upper level)
   latGETnl: 28211 # GET request latency on next level
   latGETnet: 0 # GET request latency on network to next level
  l1i-5: # Filter cache stats
   fhGETS: 3516464 # Filtered GETS hits
   fhGETX: 0 # Filtered GETX hits
   hGETS: 31 # GETS hits
   hGETX: 0 # GETX hits
   mGETS: 585 # GETS misses
   mGETXIM: 0 # GETX I->M misses
   mGETXSM: 0 # GETX S->M misses (upgrade misses)
   PUTS: 0 # Clean evictions (from lower level)
   PUTX: 0 # Dirty evictions (from lower level)
   INV: 561 # Invalidates (from upper level)
   INVX: 0 # Downgrades (from upper level)
   FWD: 0 # Forwards (from upper level)
   latGETnl: 27627 # GET request latency on next level
   latGETnet: 0 # GET request latency on network to next level
  l1i-6: # Filter cache stats
   fhGETS: 3516875 # Filtered GETS hits
   fhGETX: 0 # Filtered GETX hits
   hGETS: 29 # GETS hits
   hGETX: 0 # GETX hits
   mGETS: 568 # GETS misses
   mGETXIM: 0 # GETX I->M misses
   mGETXSM: 0 # GETX S->M misses (upgrade misses)
   PUTS: 0 # Clean evictions (from lower level)
   PUTX: 0 # Dirty evictions (from lower level)
   INV: 539 # Invalidates (from upper level)
   INVX: 0 # Downgrades (from upper level)
   FWD: 0 # Forwards (from upper level)
   latGETnl: 30260 # GET request latency on next level
   latGETnet: 0 # GET request latency on network to next level
  l1i-7: # Filter cache stats
   fhGETS: 3516518 # Filtered GETS hits
   fhGETX: 0 # Filtered GETX hits
   hGETS: 29 # GETS hits
   hGETX: 0 # GETX hits
   mGETS: 567 # GETS misses
   mGETXIM: 0 # GETX I->M misses
   mGETXSM: 0 # GETX S->M misses (upgrade misses)
   PUTS: 0 # Clean evictions (from lower level)
   PUTX: 0 # Dirty evictions (from lower level)
   INV: 543 # Invalidates (from upper level)
   INVX: 0 # Downgrades (from upper level)
   FWD: 0 # Forwards (from upper level)
   latGETnl: 28761 # GET request latency on next level
   latGETnet: 0 # GET request latency on network to next level
  l1i-8: # Filter cache stats
   fhGETS: 3516132 # Filtered GETS hits
   fhGETX: 0 # Filtered GETX hits
   hGETS: 31 # GETS hits
   hGETX: 0 # GETX hits
   mGETS: 586 # GETS misses
   mGETXIM: 0 # GETX I->M misses
   mGETXSM: 0 # GETX S->M misses (upgrade misses)
   PUTS: 0 # Clean evictions (from lower level)
   PUTX: 0 # Dirty evictions (from lower level)
   INV: 562 # Invalidates (from upper level)
   INVX: 0 # Downgrades (from upper level)
   FWD: 0 # Forwards (from upper level)
   latGETnl: 27674 # GET request latency on next level
   latGETnet: 0 # GET request latency on network to next level
  l1i-9: # Filter cache stats
   fhGETS: 3516827 # Filtered GETS hits
   fhGETX: 0 # Filtered GETX hits
   hGETS: 29 # GETS hits
   hGETX: 0 # GETX hits
   mGETS: 569 # GETS misses
   mGETXIM: 0 # GETX I->M misses
   mGETXSM: 0 # GETX S->M misses (upgrade misses)
   PUTS: 0 # Clean evictions (from lower level)
   PUTX: 0 # Dirty evictions (from lower level)
   INV: 545 # Invalidates (from upper level)
   INVX: 0 # Downgrades (from upper level)
   FWD: 0 # Forwards (from upper level)
   latGETnl: 27667 # GET request latency on next level
   latGETnet: 0 # GET request latency on network to next level
  l1i-10: # Filter cache stats
   fhGETS: 3516527 # Filtered GETS hits
   fhGETX: 0 # Filtered GETX hits
   hGETS: 29 # GETS hits
   hGETX: 0 # GETX hits
   mGETS: 566 # GETS misses
   mGETXIM: 0 # GETX I->M misses
   mGETXSM: 0 # GETX S->M misses (upgrade misses)
   PUTS: 0 # Clean evictions (from lower level)
   PUTX: 0 # Dirty evictions (from lower level)
   INV: 542 # Invalidates (from upper level)
   INVX: 0 # Downgrades (from upper level)
   FWD: 0 # Forwards (from upper level)
   latGETnl: 28714 # GET request latency on next level
   latGETnet: 0 # GET request latency on network to next level
  l1i-11: # Filter cache stats
   fhGETS: 3515975 # Filtered GETS hits
   fhGETX: 0 # Filtered GETX hits
   hGETS: 129 # GETS hits
   hGETX: 0 # GETX hits
   mGETS: 567 # GETS misses
   mGETXIM: 0 # GETX I->M misses
   mGETXSM: 0 # GETX S->M misses (upgrade misses)
   PUTS: 0 # Clean evictions (from lower level)
   PUTX: 0 # Dirty evictions (from lower level)
   INV: 543 # Invalidates (from upper level)
   INVX: 0 # Downgrades (from upper level)
   FWD: 0 # Forwards (from upper level)
   latGETnl: 28233 # GET request latency on next level
   latGETnet: 0 # GET request latency on network to next level
  l1i-12: # Filter cache stats
   fhGETS: 3516863 # Filtered GETS hits
   fhGETX: 0 # Filtered GETX hits
   hGETS: 29 # GETS hits
   hGETX: 0 # GETX hits
   mGETS: 570 # GETS misses
   mGETXIM: 0 # GETX I->M misses
   mGETXSM: 0 # GETX S->M misses (upgrade misses)
   PUTS: 0 # Clean evictions (from lower level)
   PUTX: 0 # Dirty evictions (from lower level)
   INV: 546 # Invalidates (from upper level)
   INVX: 0 # Downgrades (from upper level)
   FWD: 0 # Forwards (from upper level)
   latGETnl: 27582 # GET request latency on next level
   latGETnet: 0 # GET request latency on network to next level
  l1i-13: # Filter cache stats
   fhGETS: 3516871 # Filtered GETS hits
   fhGETX: 0 # Filtered GETX hits
   hGETS: 29 # GETS hits
   hGETX: 0 # GETX hits
   mGETS: 580 # GETS misses
   mGETXIM: 0 # GETX I->M misses
   mGETXSM: 0 # GETX S->M misses (upgrade misses)
   PUTS: 0 # Clean evictions (from lower level)
   PUTX: 0 # Dirty evictions (from lower level)
   INV: 550 # Invalidates (from upper level)
   INVX: 0 # Downgrades (from upper level)
   FWD: 0 # Forwards (from upper level)
   latGETnl: 27392 # GET request latency on next level
   latGETnet: 0 # GET request latency on network to next level
  l1i-14: # Filter cache stats
   fhGETS: 3516668 # Filtered GETS hits
   fhGETX: 0 # Filtered GETX hits
   hGETS: 29 # GETS hits
   hGETX: 0 # GETX hits
   mGETS: 570 # GETS misses
   mGETXIM: 0 # GETX I->M misses
   mGETXSM: 0 # GETX S->M misses (upgrade misses)
   PUTS: 0 # Clean evictions (from lower level)
   PUTX: 0 # Dirty evictions (from lower level)
   INV: 546 # Invalidates (from upper level)
   INVX: 0 # Downgrades (from upper level)
   FWD: 0 # Forwards (from upper level)
   latGETnl: 27054 # GET request latency on next level
   latGETnet: 0 # GET request latency on network to next level
  l1i-15: # Filter cache stats
   fhGETS: 3516676 # Filtered GETS hits
   fhGETX: 0 # Filtered GETX hits
   hGETS: 29 # GETS hits
   hGETX: 0 # GETX hits
   mGETS: 566 # GETS misses
   mGETXIM: 0 # GETX I->M misses
   mGETXSM: 0 # GETX S->M misses (upgrade misses)
   PUTS: 0 # Clean evictions (from lower level)
   PUTX: 0 # Dirty evictions (from lower level)
   INV: 542 # Invalidates (from upper level)
   INVX: 0 # Downgrades (from upper level)
   FWD: 0 # Forwards (from upper level)
   latGETnl: 26866 # GET request latency on next level
   latGETnet: 0 # GET request latency on network to next level
  l1i-16: # Filter cache stats
   fhGETS: 3516802 # Filtered GETS hits
   fhGETX: 0 # Filtered GETX hits
   hGETS: 29 # GETS hits
   hGETX: 0 # GETX hits
   mGETS: 566 # GETS misses
   mGETXIM: 0 # GETX I->M misses
   mGETXSM: 0 # GETX S->M misses (upgrade misses)
   PUTS: 0 # Clean evictions (from lower level)
   PUTX: 0 # Dirty evictions (from lower level)
   INV: 542 # Invalidates (from upper level)
   INVX: 0 # Downgrades (from upper level)
   FWD: 0 # Forwards (from upper level)
   latGETnl: 26998 # GET request latency on next level
   latGETnet: 0 # GET request latency on network to next level
  l1i-17: # Filter cache stats
   fhGETS: 3516620 # Filtered GETS hits
   fhGETX: 0 # Filtered GETX hits
   hGETS: 29 # GETS hits
   hGETX: 0 # GETX hits
   mGETS: 570 # GETS misses
   mGETXIM: 0 # GETX I->M misses
   mGETXSM: 0 # GETX S->M misses (upgrade misses)
   PUTS: 0 # Clean evictions (from lower level)
   PUTX: 0 # Dirty evictions (from lower level)
   INV: 546 # Invalidates (from upper level)
   INVX: 0 # Downgrades (from upper level)
   FWD: 0 # Forwards (from upper level)
   latGETnl: 26922 # GET request latency on next level
   latGETnet: 0 # GET request latency on network to next level
  l1i-18: # Filter cache stats
   fhGETS: 3516397 # Filtered GETS hits
   fhGETX: 0 # Filtered GETX hits
   hGETS: 29 # GETS hits
   hGETX: 0 # GETX hits
   mGETS: 566 # GETS misses
   mGETXIM: 0 # GETX I->M misses
   mGETXSM: 0 # GETX S->M misses (upgrade misses)
   PUTS: 0 # Clean evictions (from lower level)
   PUTX: 0 # Dirty evictions (from lower level)
   INV: 542 # Invalidates (from upper level)
   INVX: 0 # Downgrades (from upper level)
   FWD: 0 # Forwards (from upper level)
   latGETnl: 26602 # GET request latency on next level
   latGETnet: 0 # GET request latency on network to next level
  l1i-19: # Filter cache stats
   fhGETS: 3516223 # Filtered GETS hits
   fhGETX: 0 # Filtered GETX hits
   hGETS: 29 # GETS hits
   hGETX: 0 # GETX hits
   mGETS: 570 # GETS misses
   mGETXIM: 0 # GETX I->M misses
   mGETXSM: 0 # GETX S->M misses (upgrade misses)
   PUTS: 0 # Clean evictions (from lower level)
   PUTX: 0 # Dirty evictions (from lower level)
   INV: 546 # Invalidates (from upper level)
   INVX: 0 # Downgrades (from upper level)
   FWD: 0 # Forwards (from upper level)
   latGETnl: 26790 # GET request latency on next level
   latGETnet: 0 # GET request latency on network to next level
  l1i-20: # Filter cache stats
   fhGETS: 3516336 # Filtered GETS hits
   fhGETX: 0 # Filtered GETX hits
   hGETS: 29 # GETS hits
   hGETX: 0 # GETX hits
   mGETS: 570 # GETS misses
   mGETXIM: 0 # GETX I->M misses
   mGETXSM: 0 # GETX S->M misses (upgrade misses)
   PUTS: 0 # Clean evictions (from lower level)
   PUTX: 0 # Dirty evictions (from lower level)
   INV: 546 # Invalidates (from upper level)
   INVX: 0 # Downgrades (from upper level)
   FWD: 0 # Forwards (from upper level)
   latGETnl: 26790 # GET request latency on next level
   latGETnet: 0 # GET request latency on network to next level
  l1i-21: # Filter cache stats
   fhGETS: 3509996 # Filtered GETS hits
   fhGETX: 0 # Filtered GETX hits
   hGETS: 115 # GETS hits
   hGETX: 0 # GETX hits
   mGETS: 634 # GETS misses
   mGETXIM: 0 # GETX I->M misses
   mGETXSM: 0 # GETX S->M misses (upgrade misses)
   PUTS: 0 # Clean evictions (from lower level)
   PUTX: 0 # Dirty evictions (from lower level)
   INV: 610 # Invalidates (from upper level)
   INVX: 0 # Downgrades (from upper level)
   FWD: 0 # Forwards (from upper level)
   latGETnl: 37058 # GET request latency on next level
   latGETnet: 0 # GET request latency on network to next level
  l1i-22: # Filter cache stats
   fhGETS: 3515840 # Filtered GETS hits
   fhGETX: 0 # Filtered GETX hits
   hGETS: 29 # GETS hits
   hGETX: 0 # GETX hits
   mGETS: 564 # GETS misses
   mGETXIM: 0 # GETX I->M misses
   mGETXSM: 0 # GETX S->M misses (upgrade misses)
   PUTS: 0 # Clean evictions (from lower level)
   PUTX: 0 # Dirty evictions (from lower level)
   INV: 540 # Invalidates (from upper level)
   INVX: 0 # Downgrades (from upper level)
   FWD: 0 # Forwards (from upper level)
   latGETnl: 26640 # GET request latency on next level
   latGETnet: 0 # GET request latency on network to next level
  l1i-23: # Filter cache stats
   fhGETS: 0 # Filtered GETS hits
   fhGETX: 0 # Filtered GETX hits
   hGETS: 0 # GETS hits
   hGETX: 0 # GETX hits
   mGETS: 0 # GETS misses
   mGETXIM: 0 # GETX I->M misses
   mGETXSM: 0 # GETX S->M misses (upgrade misses)
   PUTS: 0 # Clean evictions (from lower level)
   PUTX: 0 # Dirty evictions (from lower level)
   INV: 0 # Invalidates (from upper level)
   INVX: 0 # Downgrades (from upper level)
   FWD: 0 # Forwards (from upper level)
   latGETnl: 0 # GET request latency on next level
   latGETnet: 0 # GET request latency on network to next level
 l2: # Cache stats
  l2-0: # Cache stats
   hGETS: 0 # GETS hits
   hGETX: 0 # GETX hits
   mGETS: 250955 # GETS misses
   mGETXIM: 16054 # GETX I->M misses
   mGETXSM: 7 # GETX S->M misses (upgrade misses)
   PUTS: 249747 # Clean evictions (from lower level)
   PUTX: 15986 # Dirty evictions (from lower level)
   INV: 33628 # Invalidates (from upper level)
   INVX: 92 # Downgrades (from upper level)
   FWD: 0 # Forwards (from upper level)
   latGETnl: 45040358 # GET request latency on next level
   latGETnet: 0 # GET request latency on network to next level
  l2-1: # Cache stats
   hGETS: 0 # GETS hits
   hGETX: 0 # GETX hits
   mGETS: 250823 # GETS misses
   mGETXIM: 16024 # GETX I->M misses
   mGETXSM: 10 # GETX S->M misses (upgrade misses)
   PUTS: 249707 # Clean evictions (from lower level)
   PUTX: 15963 # Dirty evictions (from lower level)
   INV: 16552 # Invalidates (from upper level)
   INVX: 25 # Downgrades (from upper level)
   FWD: 0 # Forwards (from upper level)
   latGETnl: 44998441 # GET request latency on next level
   latGETnet: 0 # GET request latency on network to next level
  l2-2: # Cache stats
   hGETS: 0 # GETS hits
   hGETX: 0 # GETX hits
   mGETS: 250761 # GETS misses
   mGETXIM: 16006 # GETX I->M misses
   mGETXSM: 8 # GETX S->M misses (upgrade misses)
   PUTS: 249622 # Clean evictions (from lower level)
   PUTX: 15964 # Dirty evictions (from lower level)
   INV: 15910 # Invalidates (from upper level)
   INVX: 10 # Downgrades (from upper level)
   FWD: 0 # Forwards (from upper level)
   latGETnl: 44985345 # GET request latency on next level
   latGETnet: 0 # GET request latency on network to next level
  l2-3: # Cache stats
   hGETS: 0 # GETS hits
   hGETX: 0 # GETX hits
   mGETS: 250793 # GETS misses
   mGETXIM: 16017 # GETX I->M misses
   mGETXSM: 7 # GETX S->M misses (upgrade misses)
   PUTS: 249686 # Clean evictions (from lower level)
   PUTX: 15961 # Dirty evictions (from lower level)
   INV: 15178 # Invalidates (from upper level)
   INVX: 36 # Downgrades (from upper level)
   FWD: 0 # Forwards (from upper level)
   latGETnl: 44996245 # GET request latency on next level
   latGETnet: 0 # GET request latency on network to next level
  l2-4: # Cache stats
   hGETS: 0 # GETS hits
   hGETX: 0 # GETX hits
   mGETS: 250823 # GETS misses
   mGETXIM: 16015 # GETX I->M misses
   mGETXSM: 9 # GETX S->M misses (upgrade misses)
   PUTS: 249704 # Clean evictions (from lower level)
   PUTX: 15962 # Dirty evictions (from lower level)
   INV: 15070 # Invalidates (from upper level)
   INVX: 20 # Downgrades (from upper level)
   FWD: 0 # Forwards (from upper level)
   latGETnl: 44994123 # GET request latency on next level
   latGETnet: 0 # GET request latency on network to next level
  l2-5: # Cache stats
   hGETS: 0 # GETS hits
   hGETX: 0 # GETX hits
   mGETS: 250781 # GETS misses
   mGETXIM: 16011 # GETX I->M misses
   mGETXSM: 9 # GETX S->M misses (upgrade misses)
   PUTS: 249665 # Clean evictions (from lower level)
   PUTX: 15959 # Dirty evictions (from lower level)
   INV: 14876 # Invalidates (from upper level)
   INVX: 20 # Downgrades (from upper level)
   FWD: 0 # Forwards (from upper level)
   latGETnl: 44986773 # GET request latency on next level
   latGETnet: 0 # GET request latency on network to next level
  l2-6: # Cache stats
   hGETS: 0 # GETS hits
   hGETX: 0 # GETX hits
   mGETS: 250779 # GETS misses
   mGETXIM: 16008 # GETX I->M misses
   mGETXSM: 5 # GETX S->M misses (upgrade misses)
   PUTS: 249694 # Clean evictions (from lower level)
   PUTX: 15961 # Dirty evictions (from lower level)
   INV: 15965 # Invalidates (from upper level)
   INVX: 18 # Downgrades (from upper level)
   FWD: 0 # Forwards (from upper level)
   latGETnl: 44994826 # GET request latency on next level
   latGETnet: 0 # GET request latency on network to next level
  l2-7: # Cache stats
   hGETS: 0 # GETS hits
   hGETX: 0 # GETX hits
   mGETS: 250758 # GETS misses
   mGETXIM: 16004 # GETX I->M misses
   mGETXSM: 7 # GETX S->M misses (upgrade misses)
   PUTS: 249673 # Clean evictions (from lower level)
   PUTX: 15959 # Dirty evictions (from lower level)
   INV: 22982 # Invalidates (from upper level)
   INVX: 18 # Downgrades (from upper level)
   FWD: 0 # Forwards (from upper level)
   latGETnl: 44989675 # GET request latency on next level
   latGETnet: 0 # GET request latency on network to next level
  l2-8: # Cache stats
   hGETS: 0 # GETS hits
   hGETX: 0 # GETX hits
   mGETS: 250754 # GETS misses
   mGETXIM: 16011 # GETX I->M misses
   mGETXSM: 9 # GETX S->M misses (upgrade misses)
   PUTS: 249639 # Clean evictions (from lower level)
   PUTX: 15958 # Dirty evictions (from lower level)
   INV: 35839 # Invalidates (from upper level)
   INVX: 20 # Downgrades (from upper level)
   FWD: 0 # Forwards (from upper level)
   latGETnl: 44982036 # GET request latency on next level
   latGETnet: 0 # GET request latency on network to next level
  l2-9: # Cache stats
   hGETS: 0 # GETS hits
   hGETX: 0 # GETX hits
   mGETS: 250779 # GETS misses
   mGETXIM: 16004 # GETX I->M misses
   mGETXSM: 5 # GETX S->M misses (upgrade misses)
   PUTS: 249690 # Clean evictions (from lower level)
   PUTX: 15961 # Dirty evictions (from lower level)
   INV: 32920 # Invalidates (from upper level)
   INVX: 19 # Downgrades (from upper level)
   FWD: 0 # Forwards (from upper level)
   latGETnl: 44992456 # GET request latency on next level
   latGETnet: 0 # GET request latency on network to next level
  l2-10: # Cache stats
   hGETS: 0 # GETS hits
   hGETX: 0 # GETX hits
   mGETS: 250758 # GETS misses
   mGETXIM: 16001 # GETX I->M misses
   mGETXSM: 5 # GETX S->M misses (upgrade misses)
   PUTS: 249672 # Clean evictions (from lower level)
   PUTX: 15958 # Dirty evictions (from lower level)
   INV: 15251 # Invalidates (from upper level)
   INVX: 23 # Downgrades (from upper level)
   FWD: 0 # Forwards (from upper level)
   latGETnl: 44990184 # GET request latency on next level
   latGETnet: 0 # GET request latency on network to next level
  l2-11: # Cache stats
   hGETS: 6 # GETS hits
   hGETX: 0 # GETX hits
   mGETS: 250738 # GETS misses
   mGETXIM: 16011 # GETX I->M misses
   mGETXSM: 10 # GETX S->M misses (upgrade misses)
   PUTS: 249645 # Clean evictions (from lower level)
   PUTX: 15979 # Dirty evictions (from lower level)
   INV: 38379 # Invalidates (from upper level)
   INVX: 4 # Downgrades (from upper level)
   FWD: 0 # Forwards (from upper level)
   latGETnl: 44984241 # GET request latency on next level
   latGETnet: 0 # GET request latency on network to next level
  l2-12: # Cache stats
   hGETS: 0 # GETS hits
   hGETX: 0 # GETX hits
   mGETS: 250780 # GETS misses
   mGETXIM: 16009 # GETX I->M misses
   mGETXSM: 6 # GETX S->M misses (upgrade misses)
   PUTS: 249692 # Clean evictions (from lower level)
   PUTX: 15962 # Dirty evictions (from lower level)
   INV: 15247 # Invalidates (from upper level)
   INVX: 6 # Downgrades (from upper level)
   FWD: 0 # Forwards (from upper level)
   latGETnl: 44990135 # GET request latency on next level
   latGETnet: 0 # GET request latency on network to next level
  l2-13: # Cache stats
   hGETS: 0 # GETS hits
   hGETX: 0 # GETX hits
   mGETS: 250788 # GETS misses
   mGETXIM: 16013 # GETX I->M misses
   mGETXSM: 5 # GETX S->M misses (upgrade misses)
   PUTS: 249694 # Clean evictions (from lower level)
   PUTX: 15961 # Dirty evictions (from lower level)
   INV: 14567 # Invalidates (from upper level)
   INVX: 4 # Downgrades (from upper level)
   FWD: 0 # Forwards (from upper level)
   latGETnl: 44989958 # GET request latency on next level
   latGETnet: 0 # GET request latency on network to next level
  l2-14: # Cache stats
   hGETS: 0 # GETS hits
   hGETX: 0 # GETX hits
   mGETS: 250766 # GETS misses
   mGETXIM: 16009 # GETX I->M misses
   mGETXSM: 6 # GETX S->M misses (upgrade misses)
   PUTS: 249681 # Clean evictions (from lower level)
   PUTX: 15959 # Dirty evictions (from lower level)
   INV: 31804 # Invalidates (from upper level)
   INVX: 2 # Downgrades (from upper level)
   FWD: 0 # Forwards (from upper level)
   latGETnl: 44986671 # GET request latency on next level
   latGETnet: 0 # GET request latency on network to next level
  l2-15: # Cache stats
   hGETS: 0 # GETS hits
   hGETX: 0 # GETX hits
   mGETS: 250769 # GETS misses
   mGETXIM: 16001 # GETX I->M misses
   mGETXSM: 6 # GETX S->M misses (upgrade misses)
   PUTS: 249680 # Clean evictions (from lower level)
   PUTX: 15959 # Dirty evictions (from lower level)
   INV: 27045 # Invalidates (from upper level)
   INVX: 2 # Downgrades (from upper level)
   FWD: 0 # Forwards (from upper level)
   latGETnl: 44987160 # GET request latency on next level
   latGETnet: 0 # GET request latency on network to next level
  l2-16: # Cache stats
   hGETS: 0 # GETS hits
   hGETX: 0 # GETX hits
   mGETS: 250773 # GETS misses
   mGETXIM: 16011 # GETX I->M misses
   mGETXSM: 6 # GETX S->M misses (upgrade misses)
   PUTS: 249689 # Clean evictions (from lower level)
   PUTX: 15962 # Dirty evictions (from lower level)
   INV: 15110 # Invalidates (from upper level)
   INVX: 3 # Downgrades (from upper level)
   FWD: 0 # Forwards (from upper level)
   latGETnl: 44988588 # GET request latency on next level
   latGETnet: 0 # GET request latency on network to next level
  l2-17: # Cache stats
   hGETS: 0 # GETS hits
   hGETX: 0 # GETX hits
   mGETS: 250764 # GETS misses
   mGETXIM: 16008 # GETX I->M misses
   mGETXSM: 6 # GETX S->M misses (upgrade misses)
   PUTS: 249677 # Clean evictions (from lower level)
   PUTX: 15960 # Dirty evictions (from lower level)
   INV: 14960 # Invalidates (from upper level)
   INVX: 2 # Downgrades (from upper level)
   FWD: 0 # Forwards (from upper level)
   latGETnl: 44986296 # GET request latency on next level
   latGETnet: 0 # GET request latency on network to next level
  l2-18: # Cache stats
   hGETS: 0 # GETS hits
   hGETX: 0 # GETX hits
   mGETS: 250745 # GETS misses
   mGETXIM: 16003 # GETX I->M misses
   mGETXSM: 6 # GETX S->M misses (upgrade misses)
   PUTS: 249660 # Clean evictions (from lower level)
   PUTX: 15959 # Dirty evictions (from lower level)
   INV: 15333 # Invalidates (from upper level)
   INVX: 2 # Downgrades (from upper level)
   FWD: 0 # Forwards (from upper level)
   latGETnl: 44982900 # GET request latency on next level
   latGETnet: 0 # GET request latency on network to next level
  l2-19: # Cache stats
   hGETS: 0 # GETS hits
   hGETX: 0 # GETX hits
   mGETS: 250738 # GETS misses
   mGETXIM: 16004 # GETX I->M misses
   mGETXSM: 6 # GETX S->M misses (upgrade misses)
   PUTS: 249648 # Clean evictions (from lower level)
   PUTX: 15959 # Dirty evictions (from lower level)
   INV: 24921 # Invalidates (from upper level)
   INVX: 2 # Downgrades (from upper level)
   FWD: 0 # Forwards (from upper level)
   latGETnl: 44981094 # GET request latency on next level
   latGETnet: 0 # GET request latency on network to next level
  l2-20: # Cache stats
   hGETS: 0 # GETS hits
   hGETX: 0 # GETX hits
   mGETS: 250741 # GETS misses
   mGETXIM: 16008 # GETX I->M misses
   mGETXSM: 6 # GETX S->M misses (upgrade misses)
   PUTS: 249655 # Clean evictions (from lower level)
   PUTX: 15959 # Dirty evictions (from lower level)
   INV: 14879 # Invalidates (from upper level)
   INVX: 2 # Downgrades (from upper level)
   FWD: 0 # Forwards (from upper level)
   latGETnl: 44982145 # GET request latency on next level
   latGETnet: 0 # GET request latency on network to next level
  l2-21: # Cache stats
   hGETS: 0 # GETS hits
   hGETX: 0 # GETX hits
   mGETS: 250336 # GETS misses
   mGETXIM: 15971 # GETX I->M misses
   mGETXSM: 10 # GETX S->M misses (upgrade misses)
   PUTS: 249177 # Clean evictions (from lower level)
   PUTX: 15937 # Dirty evictions (from lower level)
   INV: 23532 # Invalidates (from upper level)
   INVX: 3 # Downgrades (from upper level)
   FWD: 0 # Forwards (from upper level)
   latGETnl: 44904813 # GET request latency on next level
   latGETnet: 0 # GET request latency on network to next level
  l2-22: # Cache stats
   hGETS: 0 # GETS hits
   hGETX: 0 # GETX hits
   mGETS: 250704 # GETS misses
   mGETXIM: 16001 # GETX I->M misses
   mGETXSM: 6 # GETX S->M misses (upgrade misses)
   PUTS: 249622 # Clean evictions (from lower level)
   PUTX: 15956 # Dirty evictions (from lower level)
   INV: 40062 # Invalidates (from upper level)
   INVX: 2 # Downgrades (from upper level)
   FWD: 0 # Forwards (from upper level)
   latGETnl: 44976161 # GET request latency on next level
   latGETnet: 0 # GET request latency on network to next level
  l2-23: # Cache stats
   hGETS: 0 # GETS hits
   hGETX: 0 # GETX hits
   mGETS: 0 # GETS misses
   mGETXIM: 0 # GETX I->M misses
   mGETXSM: 0 # GETX S->M misses (upgrade misses)
   PUTS: 0 # Clean evictions (from lower level)
   PUTX: 0 # Dirty evictions (from lower level)
   INV: 0 # Invalidates (from upper level)
   INVX: 0 # Downgrades (from upper level)
   FWD: 0 # Forwards (from upper level)
   latGETnl: 0 # GET request latency on next level
   latGETnet: 0 # GET request latency on network to next level
 l3: # Cache stats
  l3-0b0: # Cache stats
   hGETS: 604 # GETS hits
   hGETX: 0 # GETX hits
   mGETS: 239639 # GETS misses
   mGETXIM: 15400 # GETX I->M misses
   mGETXSM: 0 # GETX S->M misses (upgrade misses)
   PUTS: 205986 # Clean evictions (from lower level)
   PUTX: 13033 # Dirty evictions (from lower level)
   INV: 0 # Invalidates (from upper level)
   INVX: 0 # Downgrades (from upper level)
   FWD: 0 # Forwards (from upper level)
   latGETnl: 33665148 # GET request latency on next level
   latGETnet: 0 # GET request latency on network to next level
  l3-0b1: # Cache stats
   hGETS: 670 # GETS hits
   hGETX: 8 # GETX hits
   mGETS: 239646 # GETS misses
   mGETXIM: 15302 # GETX I->M misses
   mGETXSM: 0 # GETX S->M misses (upgrade misses)
   PUTS: 206020 # Clean evictions (from lower level)
   PUTX: 13011 # Dirty evictions (from lower level)
   INV: 0 # Invalidates (from upper level)
   INVX: 0 # Downgrades (from upper level)
   FWD: 0 # Forwards (from upper level)
   latGETnl: 33653136 # GET request latency on next level
   latGETnet: 0 # GET request latency on network to next level
  l3-0b2: # Cache stats
   hGETS: 575 # GETS hits
   hGETX: 65 # GETX hits
   mGETS: 239665 # GETS misses
   mGETXIM: 15237 # GETX I->M misses
   mGETXSM: 0 # GETX S->M misses (upgrade misses)
   PUTS: 205683 # Clean evictions (from lower level)
   PUTX: 12889 # Dirty evictions (from lower level)
   INV: 0 # Invalidates (from upper level)
   INVX: 0 # Downgrades (from upper level)
   FWD: 0 # Forwards (from upper level)
   latGETnl: 33647064 # GET request latency on next level
   latGETnet: 0 # GET request latency on network to next level
  l3-0b3: # Cache stats
   hGETS: 672 # GETS hits
   hGETX: 49 # GETX hits
   mGETS: 239664 # GETS misses
   mGETXIM: 15338 # GETX I->M misses
   mGETXSM: 0 # GETX S->M misses (upgrade misses)
   PUTS: 205924 # Clean evictions (from lower level)
   PUTX: 13029 # Dirty evictions (from lower level)
   INV: 0 # Invalidates (from upper level)
   INVX: 0 # Downgrades (from upper level)
   FWD: 0 # Forwards (from upper level)
   latGETnl: 33660264 # GET request latency on next level
   latGETnet: 0 # GET request latency on network to next level
  l3-0b4: # Cache stats
   hGETS: 602 # GETS hits
   hGETX: 12 # GETX hits
   mGETS: 239641 # GETS misses
   mGETXIM: 15404 # GETX I->M misses
   mGETXSM: 0 # GETX S->M misses (upgrade misses)
   PUTS: 206078 # Clean evictions (from lower level)
   PUTX: 13025 # Dirty evictions (from lower level)
   INV: 0 # Invalidates (from upper level)
   INVX: 0 # Downgrades (from upper level)
   FWD: 0 # Forwards (from upper level)
   latGETnl: 33665940 # GET request latency on next level
   latGETnet: 0 # GET request latency on network to next level
  l3-0b5: # Cache stats
   hGETS: 702 # GETS hits
   hGETX: 20 # GETX hits
   mGETS: 239651 # GETS misses
   mGETXIM: 15239 # GETX I->M misses
   mGETXSM: 0 # GETX S->M misses (upgrade misses)
   PUTS: 206106 # Clean evictions (from lower level)
   PUTX: 12866 # Dirty evictions (from lower level)
   INV: 0 # Invalidates (from upper level)
   INVX: 0 # Downgrades (from upper level)
   FWD: 0 # Forwards (from upper level)
   latGETnl: 33645480 # GET request latency on next level
   latGETnet: 0 # GET request latency on network to next level
  l3-0b6: # Cache stats
   hGETS: 640 # GETS hits
   hGETX: 54 # GETX hits
   mGETS: 239650 # GETS misses
   mGETXIM: 15217 # GETX I->M misses
   mGETXSM: 0 # GETX S->M misses (upgrade misses)
   PUTS: 206199 # Clean evictions (from lower level)
   PUTX: 12980 # Dirty evictions (from lower level)
   INV: 0 # Invalidates (from upper level)
   INVX: 0 # Downgrades (from upper level)
   FWD: 0 # Forwards (from upper level)
   latGETnl: 33642444 # GET request latency on next level
   latGETnet: 0 # GET request latency on network to next level
  l3-0b7: # Cache stats
   hGETS: 575 # GETS hits
   hGETX: 47 # GETX hits
   mGETS: 239659 # GETS misses
   mGETXIM: 15267 # GETX I->M misses
   mGETXSM: 0 # GETX S->M misses (upgrade misses)
   PUTS: 206060 # Clean evictions (from lower level)
   PUTX: 12939 # Dirty evictions (from lower level)
   INV: 0 # Invalidates (from upper level)
   INVX: 0 # Downgrades (from upper level)
   FWD: 0 # Forwards (from upper level)
   latGETnl: 33650232 # GET request latency on next level
   latGETnet: 0 # GET request latency on network to next level
  l3-0b8: # Cache stats
   hGETS: 574 # GETS hits
   hGETX: 38 # GETX hits
   mGETS: 239647 # GETS misses
   mGETXIM: 15296 # GETX I->M misses
   mGETXSM: 0 # GETX S->M misses (upgrade misses)
   PUTS: 205974 # Clean evictions (from lower level)
   PUTX: 13041 # Dirty evictions (from lower level)
   INV: 0 # Invalidates (from upper level)
   INVX: 0 # Downgrades (from upper level)
   FWD: 0 # Forwards (from upper level)
   latGETnl: 33652476 # GET request latency on next level
   latGETnet: 0 # GET request latency on network to next level
  l3-0b9: # Cache stats
   hGETS: 550 # GETS hits
   hGETX: 42 # GETX hits
   mGETS: 239654 # GETS misses
   mGETXIM: 15314 # GETX I->M misses
   mGETXSM: 0 # GETX S->M misses (upgrade misses)
   PUTS: 205872 # Clean evictions (from lower level)
   PUTX: 12980 # Dirty evictions (from lower level)
   INV: 0 # Invalidates (from upper level)
   INVX: 0 # Downgrades (from upper level)
   FWD: 0 # Forwards (from upper level)
   latGETnl: 33655776 # GET request latency on next level
   latGETnet: 0 # GET request latency on network to next level
  l3-0b10: # Cache stats
   hGETS: 1376 # GETS hits
   hGETX: 29 # GETX hits
   mGETS: 239655 # GETS misses
   mGETXIM: 15413 # GETX I->M misses
   mGETXSM: 0 # GETX S->M misses (upgrade misses)
   PUTS: 206730 # Clean evictions (from lower level)
   PUTX: 13125 # Dirty evictions (from lower level)
   INV: 0 # Invalidates (from upper level)
   INVX: 0 # Downgrades (from upper level)
   FWD: 0 # Forwards (from upper level)
   latGETnl: 33668976 # GET request latency on next level
   latGETnet: 0 # GET request latency on network to next level
  l3-0b11: # Cache stats
   hGETS: 618 # GETS hits
   hGETX: 27 # GETX hits
   mGETS: 239657 # GETS misses
   mGETXIM: 15369 # GETX I->M misses
   mGETXSM: 0 # GETX S->M misses (upgrade misses)
   PUTS: 206149 # Clean evictions (from lower level)
   PUTX: 13054 # Dirty evictions (from lower level)
   INV: 0 # Invalidates (from upper level)
   INVX: 0 # Downgrades (from upper level)
   FWD: 0 # Forwards (from upper level)
   latGETnl: 33663432 # GET request latency on next level
   latGETnet: 0 # GET request latency on network to next level
  l3-0b12: # Cache stats
   hGETS: 1092 # GETS hits
   hGETX: 24 # GETX hits
   mGETS: 239658 # GETS misses
   mGETXIM: 15313 # GETX I->M misses
   mGETXSM: 0 # GETX S->M misses (upgrade misses)
   PUTS: 206453 # Clean evictions (from lower level)
   PUTX: 13051 # Dirty evictions (from lower level)
   INV: 0 # Invalidates (from upper level)
   INVX: 0 # Downgrades (from upper level)
   FWD: 0 # Forwards (from upper level)
   latGETnl: 33656172 # GET request latency on next level
   latGETnet: 0 # GET request latency on network to next level
  l3-0b13: # Cache stats
   hGETS: 1008 # GETS hits
   hGETX: 37 # GETX hits
   mGETS: 239658 # GETS misses
   mGETXIM: 15338 # GETX I->M misses
   mGETXSM: 0 # GETX S->M misses (upgrade misses)
   PUTS: 206383 # Clean evictions (from lower level)
   PUTX: 13091 # Dirty evictions (from lower level)
   INV: 0 # Invalidates (from upper level)
   INVX: 0 # Downgrades (from upper level)
   FWD: 0 # Forwards (from upper level)
   latGETnl: 33659472 # GET request latency on next level
   latGETnet: 0 # GET request latency on network to next level
  l3-0b14: # Cache stats
   hGETS: 667 # GETS hits
   hGETX: 20 # GETX hits
   mGETS: 239646 # GETS misses
   mGETXIM: 15329 # GETX I->M misses
   mGETXSM: 0 # GETX S->M misses (upgrade misses)
   PUTS: 206141 # Clean evictions (from lower level)
   PUTX: 12924 # Dirty evictions (from lower level)
   INV: 0 # Invalidates (from upper level)
   INVX: 0 # Downgrades (from upper level)
   FWD: 0 # Forwards (from upper level)
   latGETnl: 33656700 # GET request latency on next level
   latGETnet: 0 # GET request latency on network to next level
  l3-0b15: # Cache stats
   hGETS: 1050 # GETS hits
   hGETX: 2 # GETX hits
   mGETS: 239648 # GETS misses
   mGETXIM: 15329 # GETX I->M misses
   mGETXSM: 0 # GETX S->M misses (upgrade misses)
   PUTS: 206339 # Clean evictions (from lower level)
   PUTX: 12902 # Dirty evictions (from lower level)
   INV: 0 # Invalidates (from upper level)
   INVX: 0 # Downgrades (from upper level)
   FWD: 0 # Forwards (from upper level)
   latGETnl: 33656964 # GET request latency on next level
   latGETnet: 0 # GET request latency on network to next level
  l3-0b16: # Cache stats
   hGETS: 372 # GETS hits
   hGETX: 12 # GETX hits
   mGETS: 239582 # GETS misses
   mGETXIM: 15253 # GETX I->M misses
   mGETXSM: 0 # GETX S->M misses (upgrade misses)
   PUTS: 205867 # Clean evictions (from lower level)
   PUTX: 12907 # Dirty evictions (from lower level)
   INV: 0 # Invalidates (from upper level)
   INVX: 0 # Downgrades (from upper level)
   FWD: 0 # Forwards (from upper level)
   latGETnl: 33638220 # GET request latency on next level
   latGETnet: 0 # GET request latency on network to next level
  l3-0b17: # Cache stats
   hGETS: 335 # GETS hits
   hGETX: 16 # GETX hits
   mGETS: 239571 # GETS misses
   mGETXIM: 15331 # GETX I->M misses
   mGETXSM: 0 # GETX S->M misses (upgrade misses)
   PUTS: 205809 # Clean evictions (from lower level)
   PUTX: 13012 # Dirty evictions (from lower level)
   INV: 0 # Invalidates (from upper level)
   INVX: 0 # Downgrades (from upper level)
   FWD: 0 # Forwards (from upper level)
   latGETnl: 33647064 # GET request latency on next level
   latGETnet: 0 # GET request latency on network to next level
  l3-0b18: # Cache stats
   hGETS: 408 # GETS hits
   hGETX: 18 # GETX hits
   mGETS: 239571 # GETS misses
   mGETXIM: 15297 # GETX I->M misses
   mGETXSM: 0 # GETX S->M misses (upgrade misses)
   PUTS: 205896 # Clean evictions (from lower level)
   PUTX: 12998 # Dirty evictions (from lower level)
   INV: 0 # Invalidates (from upper level)
   INVX: 0 # Downgrades (from upper level)
   FWD: 0 # Forwards (from upper level)
   latGETnl: 33642576 # GET request latency on next level
   latGETnet: 0 # GET request latency on network to next level
  l3-0b19: # Cache stats
   hGETS: 350 # GETS hits
   hGETX: 41 # GETX hits
   mGETS: 239560 # GETS misses
   mGETXIM: 15244 # GETX I->M misses
   mGETXSM: 0 # GETX S->M misses (upgrade misses)
   PUTS: 205778 # Clean evictions (from lower level)
   PUTX: 12912 # Dirty evictions (from lower level)
   INV: 0 # Invalidates (from upper level)
   INVX: 0 # Downgrades (from upper level)
   FWD: 0 # Forwards (from upper level)
   latGETnl: 33634128 # GET request latency on next level
   latGETnet: 0 # GET request latency on network to next level
  l3-0b20: # Cache stats
   hGETS: 718 # GETS hits
   hGETX: 41 # GETX hits
   mGETS: 239572 # GETS misses
   mGETXIM: 15234 # GETX I->M misses
   mGETXSM: 0 # GETX S->M misses (upgrade misses)
   PUTS: 205975 # Clean evictions (from lower level)
   PUTX: 12933 # Dirty evictions (from lower level)
   INV: 0 # Invalidates (from upper level)
   INVX: 0 # Downgrades (from upper level)
   FWD: 0 # Forwards (from upper level)
   latGETnl: 33634392 # GET request latency on next level
   latGETnet: 0 # GET request latency on network to next level
  l3-0b21: # Cache stats
   hGETS: 749 # GETS hits
   hGETX: 44 # GETX hits
   mGETS: 239582 # GETS misses
   mGETXIM: 15377 # GETX I->M misses
   mGETXSM: 0 # GETX S->M misses (upgrade misses)
   PUTS: 206029 # Clean evictions (from lower level)
   PUTX: 13052 # Dirty evictions (from lower level)
   INV: 0 # Invalidates (from upper level)
   INVX: 0 # Downgrades (from upper level)
   FWD: 0 # Forwards (from upper level)
   latGETnl: 33654588 # GET request latency on next level
   latGETnet: 0 # GET request latency on network to next level
  l3-0b22: # Cache stats
   hGETS: 726 # GETS hits
   hGETX: 68 # GETX hits
   mGETS: 239579 # GETS misses
   mGETXIM: 15403 # GETX I->M misses
   mGETXSM: 0 # GETX S->M misses (upgrade misses)
   PUTS: 205856 # Clean evictions (from lower level)
   PUTX: 13111 # Dirty evictions (from lower level)
   INV: 0 # Invalidates (from upper level)
   INVX: 0 # Downgrades (from upper level)
   FWD: 0 # Forwards (from upper level)
   latGETnl: 33657624 # GET request latency on next level
   latGETnet: 0 # GET request latency on network to next level
  l3-0b23: # Cache stats
   hGETS: 739 # GETS hits
   hGETX: 53 # GETX hits
   mGETS: 239579 # GETS misses
   mGETXIM: 15353 # GETX I->M misses
   mGETXSM: 0 # GETX S->M misses (upgrade misses)
   PUTS: 205926 # Clean evictions (from lower level)
   PUTX: 13087 # Dirty evictions (from lower level)
   INV: 0 # Invalidates (from upper level)
   INVX: 0 # Downgrades (from upper level)
   FWD: 0 # Forwards (from upper level)
   latGETnl: 33651024 # GET request latency on next level
   latGETnet: 0 # GET request latency on network to next level
 mem: # Memory controller stats
  mem-0: # Memory controller stats
   rd: 6118631 # Read requests
   wr: 336852 # Write requests
   rdlat: 1226030224 # Total latency experienced by read requests
   wrlat: 69210316 # Total latency experienced by write requests
 sched: # Scheduler stats
  thCr: 25 # Threads created
  thFn: 25 # Threads finished
  schedEvs: 28 # Schedule events
  waitEvs: 2 # Wait events
  handoffEvs: 1 # Handoff events
  sleepEvs: 1 # Sleep events
  idlePhases: 0 # Phases with no thread active
  idlePeriods: 0 # Periods with no thread active
  occHist: # Occupancy histogram
   0: 0
   1: 24
   2: 0
   3: 1
   4: 2
   5: 1
   6: 0
   7: 1
   8: 0
   9: 0
   10: 0
   11: 1
   12: 0
   13: 1
   14: 0
   15: 0
   16: 0
   17: 1
   18: 0
   19: 0
   20: 0
   21: 1
   22: 0
   23: 9491
   24: 0
  rqSzHist: # Run queue size histogram
   0: 9501
   1: 23
   2: 0
   3: 0
   4: 0
   5: 0
   6: 0
   7: 0
   8: 0
   9: 0
   10: 0
   11: 0
   12: 0
   13: 0
   14: 0
   15: 0
   16: 0
   17: 0
   18: 0
   19: 0
   20: 0
   21: 0
   22: 0
   23: 0
   24: 0
 procCycles: # Per-process unhalted core cycles
  0: 218406525
  1: 0
  2: 0
  3: 0
  4: 0
  5: 0
  6: 0
  7: 0
  8: 0
  9: 0
  10: 0
  11: 0
  12: 0
  13: 0
  14: 0
  15: 0
  16: 0
  17: 0
  18: 0
  19: 0
  20: 0
  21: 0
  22: 0
  23: 0
  24: 0
  25: 0
  26: 0
  27: 0
  28: 0
  29: 0
  30: 0
  31: 0
  32: 0
  33: 0
  34: 0
  35: 0
  36: 0
  37: 0
  38: 0
  39: 0
  40: 0
  41: 0
  42: 0
  43: 0
  44: 0
  45: 0
  46: 0
  47: 0
  48: 0
  49: 0
  50: 0
  51: 0
  52: 0
  53: 0
  54: 0
  55: 0
  56: 0
  57: 0
  58: 0
  59: 0
  60: 0
  61: 0
  62: 0
  63: 0
 procInstrs: # Per-process instructions
  0: 231045329
  1: 0
  2: 0
  3: 0
  4: 0
  5: 0
  6: 0
  7: 0
  8: 0
  9: 0
  10: 0
  11: 0
  12: 0
  13: 0
  14: 0
  15: 0
  16: 0
  17: 0
  18: 0
  19: 0
  20: 0
  21: 0
  22: 0
  23: 0
  24: 0
  25: 0
  26: 0
  27: 0
  28: 0
  29: 0
  30: 0
  31: 0
  32: 0
  33: 0
  34: 0
  35: 0
  36: 0
  37: 0
  38: 0
  39: 0
  40: 0
  41: 0
  42: 0
  43: 0
  44: 0
  45: 0
  46: 0
  47: 0
  48: 0
  49: 0
  50: 0
  51: 0
  52: 0
  53: 0
  54: 0
  55: 0
  56: 0
  57: 0
  58: 0
  59: 0
  60: 0
  61: 0
  62: 0
  63: 0
 heartbeats: # Per-process heartbeats
  0: 0
  1: 0
  2: 0
  3: 0
  4: 0
  5: 0
  6: 0
  7: 0
  8: 0
  9: 0
  10: 0
  11: 0
  12: 0
  13: 0
  14: 0
  15: 0
  16: 0
  17: 0
  18: 0
  19: 0
  20: 0
  21: 0
  22: 0
  23: 0
  24: 0
  25: 0
  26: 0
  27: 0
  28: 0
  29: 0
  30: 0
  31: 0
  32: 0
  33: 0
  34: 0
  35: 0
  36: 0
  37: 0
  38: 0
  39: 0
  40: 0
  41: 0
  42: 0
  43: 0
  44: 0
  45: 0
  46: 0
  47: 0
  48: 0
  49: 0
  50: 0
  51: 0
  52: 0
  53: 0
  54: 0
  55: 0
  56: 0
  57: 0
  58: 0
  59: 0
  60: 0
  61: 0
  62: 0
  63: 0
===
