# zsim stats
===
root: # Stats
 contention: # Contention simulation stats
  domain-0: # Domain stats
   time: 10050925619 # Weave simulation time
 time: # Simulator time breakdown
  init: 3216152173
  bound: 70534540453
  weave: 12657646030
  ff: 348294
 trigger: 20000 # Reason for this stats dump
 phase: 44366 # Simulated phases
 reqCycles: 0 # Requeue Cycles
 skylake: # Core stats
  skylake-0: # Core stats
   cycles: 44366615 # Simulated unhalted cycles
   cCycles: 25049880 # Cycles due to contention stalls
   instrs: 21916761 # Simulated instructions
   uops: 16307669 # issued micro-ops
   bbls: 6873283 # Basic blocks
   approxInstrs: 750074 # Instrs with approx uop decoding
   mispredBranches: 109141 # Mispredicted branches
   IdqNotDelivered: 12240872 # Stalls no uop delivered when no Bkend Stall
   IntMiscRecoveryCycles: 886651 # Stalls waiting machine clears
   uops executed: 17025329 # Executed microoperations
  skylake-1: # Core stats
   cycles: 44330617 # Simulated unhalted cycles
   cCycles: 25050176 # Cycles due to contention stalls
   instrs: 21914251 # Simulated instructions
   uops: 16305360 # issued micro-ops
   bbls: 6872643 # Basic blocks
   approxInstrs: 750024 # Instrs with approx uop decoding
   mispredBranches: 109099 # Mispredicted branches
   IdqNotDelivered: 12205436 # Stalls no uop delivered when no Bkend Stall
   IntMiscRecoveryCycles: 876941 # Stalls waiting machine clears
   uops executed: 17023011 # Executed microoperations
  skylake-2: # Core stats
   cycles: 44328322 # Simulated unhalted cycles
   cCycles: 25052764 # Cycles due to contention stalls
   instrs: 21912636 # Simulated instructions
   uops: 16303982 # issued micro-ops
   bbls: 6872196 # Basic blocks
   approxInstrs: 749984 # Instrs with approx uop decoding
   mispredBranches: 109099 # Mispredicted branches
   IdqNotDelivered: 12200601 # Stalls no uop delivered when no Bkend Stall
   IntMiscRecoveryCycles: 879678 # Stalls waiting machine clears
   uops executed: 17021588 # Executed microoperations
  skylake-3: # Core stats
   cycles: 44328614 # Simulated unhalted cycles
   cCycles: 25049723 # Cycles due to contention stalls
   instrs: 21916138 # Simulated instructions
   uops: 16306664 # issued micro-ops
   bbls: 6873260 # Basic blocks
   approxInstrs: 750095 # Instrs with approx uop decoding
   mispredBranches: 109110 # Mispredicted branches
   IdqNotDelivered: 12203361 # Stalls no uop delivered when no Bkend Stall
   IntMiscRecoveryCycles: 878609 # Stalls waiting machine clears
   uops executed: 17024386 # Executed microoperations
  skylake-4: # Core stats
   cycles: 44326751 # Simulated unhalted cycles
   cCycles: 25051240 # Cycles due to contention stalls
   instrs: 21913231 # Simulated instructions
   uops: 16304518 # issued micro-ops
   bbls: 6872347 # Basic blocks
   approxInstrs: 750001 # Instrs with approx uop decoding
   mispredBranches: 109096 # Mispredicted branches
   IdqNotDelivered: 12200902 # Stalls no uop delivered when no Bkend Stall
   IntMiscRecoveryCycles: 877704 # Stalls waiting machine clears
   uops executed: 17022127 # Executed microoperations
  skylake-5: # Core stats
   cycles: 44325626 # Simulated unhalted cycles
   cCycles: 25052747 # Cycles due to contention stalls
   instrs: 21916009 # Simulated instructions
   uops: 16306570 # issued micro-ops
   bbls: 6873221 # Basic blocks
   approxInstrs: 750095 # Instrs with approx uop decoding
   mispredBranches: 109111 # Mispredicted branches
   IdqNotDelivered: 12197805 # Stalls no uop delivered when no Bkend Stall
   IntMiscRecoveryCycles: 877700 # Stalls waiting machine clears
   uops executed: 17024243 # Executed microoperations
  skylake-6: # Core stats
   cycles: 44324630 # Simulated unhalted cycles
   cCycles: 25050625 # Cycles due to contention stalls
   instrs: 21915414 # Simulated instructions
   uops: 16305860 # issued micro-ops
   bbls: 6873094 # Basic blocks
   approxInstrs: 750091 # Instrs with approx uop decoding
   mispredBranches: 109104 # Mispredicted branches
   IdqNotDelivered: 12198004 # Stalls no uop delivered when no Bkend Stall
   IntMiscRecoveryCycles: 879127 # Stalls waiting machine clears
   uops executed: 17023568 # Executed microoperations
  skylake-7: # Core stats
   cycles: 44324635 # Simulated unhalted cycles
   cCycles: 25049918 # Cycles due to contention stalls
   instrs: 21911613 # Simulated instructions
   uops: 16303309 # issued micro-ops
   bbls: 6871839 # Basic blocks
   approxInstrs: 749946 # Instrs with approx uop decoding
   mispredBranches: 109089 # Mispredicted branches
   IdqNotDelivered: 12199757 # Stalls no uop delivered when no Bkend Stall
   IntMiscRecoveryCycles: 877449 # Stalls waiting machine clears
   uops executed: 17020833 # Executed microoperations
  skylake-8: # Core stats
   cycles: 44323615 # Simulated unhalted cycles
   cCycles: 25050044 # Cycles due to contention stalls
   instrs: 21914188 # Simulated instructions
   uops: 16304934 # issued micro-ops
   bbls: 6872712 # Basic blocks
   approxInstrs: 750044 # Instrs with approx uop decoding
   mispredBranches: 109097 # Mispredicted branches
   IdqNotDelivered: 12198623 # Stalls no uop delivered when no Bkend Stall
   IntMiscRecoveryCycles: 878202 # Stalls waiting machine clears
   uops executed: 17022595 # Executed microoperations
  skylake-9: # Core stats
   cycles: 44323418 # Simulated unhalted cycles
   cCycles: 25048607 # Cycles due to contention stalls
   instrs: 21912988 # Simulated instructions
   uops: 16304044 # issued micro-ops
   bbls: 6872336 # Basic blocks
   approxInstrs: 750003 # Instrs with approx uop decoding
   mispredBranches: 109092 # Mispredicted branches
   IdqNotDelivered: 12199911 # Stalls no uop delivered when no Bkend Stall
   IntMiscRecoveryCycles: 878185 # Stalls waiting machine clears
   uops executed: 17021664 # Executed microoperations
  skylake-10: # Core stats
   cycles: 44323592 # Simulated unhalted cycles
   cCycles: 25050217 # Cycles due to contention stalls
   instrs: 21914194 # Simulated instructions
   uops: 16304941 # issued micro-ops
   bbls: 6872714 # Basic blocks
   approxInstrs: 750045 # Instrs with approx uop decoding
   mispredBranches: 109098 # Mispredicted branches
   IdqNotDelivered: 12198460 # Stalls no uop delivered when no Bkend Stall
   IntMiscRecoveryCycles: 880431 # Stalls waiting machine clears
   uops executed: 17022600 # Executed microoperations
  skylake-11: # Core stats
   cycles: 44323399 # Simulated unhalted cycles
   cCycles: 25047390 # Cycles due to contention stalls
   instrs: 21913084 # Simulated instructions
   uops: 16304347 # issued micro-ops
   bbls: 6872224 # Basic blocks
   approxInstrs: 749984 # Instrs with approx uop decoding
   mispredBranches: 109089 # Mispredicted branches
   IdqNotDelivered: 12201208 # Stalls no uop delivered when no Bkend Stall
   IntMiscRecoveryCycles: 878587 # Stalls waiting machine clears
   uops executed: 17022024 # Executed microoperations
  skylake-12: # Core stats
   cycles: 44322409 # Simulated unhalted cycles
   cCycles: 25049505 # Cycles due to contention stalls
   instrs: 21913808 # Simulated instructions
   uops: 16304665 # issued micro-ops
   bbls: 6872590 # Basic blocks
   approxInstrs: 750037 # Instrs with approx uop decoding
   mispredBranches: 109096 # Mispredicted branches
   IdqNotDelivered: 12197467 # Stalls no uop delivered when no Bkend Stall
   IntMiscRecoveryCycles: 877904 # Stalls waiting machine clears
   uops executed: 17022320 # Executed microoperations
  skylake-13: # Core stats
   cycles: 44322399 # Simulated unhalted cycles
   cCycles: 25051799 # Cycles due to contention stalls
   instrs: 21914668 # Simulated instructions
   uops: 16305301 # issued micro-ops
   bbls: 6872860 # Basic blocks
   approxInstrs: 750065 # Instrs with approx uop decoding
   mispredBranches: 109100 # Mispredicted branches
   IdqNotDelivered: 12195937 # Stalls no uop delivered when no Bkend Stall
   IntMiscRecoveryCycles: 877971 # Stalls waiting machine clears
   uops executed: 17022982 # Executed microoperations
  skylake-14: # Core stats
   cycles: 44321404 # Simulated unhalted cycles
   cCycles: 25049291 # Cycles due to contention stalls
   instrs: 21913591 # Simulated instructions
   uops: 16304493 # issued micro-ops
   bbls: 6872525 # Basic blocks
   approxInstrs: 750024 # Instrs with approx uop decoding
   mispredBranches: 109095 # Mispredicted branches
   IdqNotDelivered: 12197738 # Stalls no uop delivered when no Bkend Stall
   IntMiscRecoveryCycles: 877837 # Stalls waiting machine clears
   uops executed: 17022133 # Executed microoperations
  skylake-15: # Core stats
   cycles: 44321638 # Simulated unhalted cycles
   cCycles: 25050743 # Cycles due to contention stalls
   instrs: 21914578 # Simulated instructions
   uops: 16305220 # issued micro-ops
   bbls: 6872834 # Basic blocks
   approxInstrs: 750064 # Instrs with approx uop decoding
   mispredBranches: 109094 # Mispredicted branches
   IdqNotDelivered: 12195737 # Stalls no uop delivered when no Bkend Stall
   IntMiscRecoveryCycles: 877491 # Stalls waiting machine clears
   uops executed: 17022932 # Executed microoperations
  skylake-16: # Core stats
   cycles: 44321422 # Simulated unhalted cycles
   cCycles: 25048925 # Cycles due to contention stalls
   instrs: 21913800 # Simulated instructions
   uops: 16304656 # issued micro-ops
   bbls: 6872589 # Basic blocks
   approxInstrs: 750037 # Instrs with approx uop decoding
   mispredBranches: 109096 # Mispredicted branches
   IdqNotDelivered: 12197396 # Stalls no uop delivered when no Bkend Stall
   IntMiscRecoveryCycles: 877628 # Stalls waiting machine clears
   uops executed: 17022308 # Executed microoperations
  skylake-17: # Core stats
   cycles: 44321399 # Simulated unhalted cycles
   cCycles: 25050408 # Cycles due to contention stalls
   instrs: 21892600 # Simulated instructions
   uops: 16290479 # issued micro-ops
   bbls: 6865313 # Basic blocks
   approxInstrs: 749091 # Instrs with approx uop decoding
   mispredBranches: 109064 # Mispredicted branches
   IdqNotDelivered: 12195719 # Stalls no uop delivered when no Bkend Stall
   IntMiscRecoveryCycles: 880847 # Stalls waiting machine clears
   uops executed: 17007389 # Executed microoperations
  skylake-18: # Core stats
   cycles: 44320633 # Simulated unhalted cycles
   cCycles: 25049318 # Cycles due to contention stalls
   instrs: 21913372 # Simulated instructions
   uops: 16304323 # issued micro-ops
   bbls: 6872456 # Basic blocks
   approxInstrs: 750022 # Instrs with approx uop decoding
   mispredBranches: 109088 # Mispredicted branches
   IdqNotDelivered: 12196337 # Stalls no uop delivered when no Bkend Stall
   IntMiscRecoveryCycles: 877253 # Stalls waiting machine clears
   uops executed: 17021996 # Executed microoperations
  skylake-19: # Core stats
   cycles: 44321143 # Simulated unhalted cycles
   cCycles: 25050682 # Cycles due to contention stalls
   instrs: 21915589 # Simulated instructions
   uops: 16305973 # issued micro-ops
   bbls: 6873152 # Basic blocks
   approxInstrs: 750092 # Instrs with approx uop decoding
   mispredBranches: 109101 # Mispredicted branches
   IdqNotDelivered: 12195507 # Stalls no uop delivered when no Bkend Stall
   IntMiscRecoveryCycles: 878095 # Stalls waiting machine clears
   uops executed: 17023701 # Executed microoperations
  skylake-20: # Core stats
   cycles: 44320439 # Simulated unhalted cycles
   cCycles: 25050970 # Cycles due to contention stalls
   instrs: 21915207 # Simulated instructions
   uops: 16305704 # issued micro-ops
   bbls: 6873030 # Basic blocks
   approxInstrs: 750086 # Instrs with approx uop decoding
   mispredBranches: 109103 # Mispredicted branches
   IdqNotDelivered: 12194197 # Stalls no uop delivered when no Bkend Stall
   IntMiscRecoveryCycles: 878015 # Stalls waiting machine clears
   uops executed: 17023403 # Executed microoperations
  skylake-21: # Core stats
   cycles: 44319616 # Simulated unhalted cycles
   cCycles: 25050996 # Cycles due to contention stalls
   instrs: 21913364 # Simulated instructions
   uops: 16304309 # issued micro-ops
   bbls: 6872455 # Basic blocks
   approxInstrs: 750016 # Instrs with approx uop decoding
   mispredBranches: 109086 # Mispredicted branches
   IdqNotDelivered: 12193840 # Stalls no uop delivered when no Bkend Stall
   IntMiscRecoveryCycles: 877208 # Stalls waiting machine clears
   uops executed: 17021983 # Executed microoperations
  skylake-22: # Core stats
   cycles: 44319399 # Simulated unhalted cycles
   cCycles: 25048160 # Cycles due to contention stalls
   instrs: 21911364 # Simulated instructions
   uops: 16302834 # issued micro-ops
   bbls: 6871826 # Basic blocks
   approxInstrs: 749948 # Instrs with approx uop decoding
   mispredBranches: 109083 # Mispredicted branches
   IdqNotDelivered: 12195961 # Stalls no uop delivered when no Bkend Stall
   IntMiscRecoveryCycles: 877861 # Stalls waiting machine clears
   uops executed: 17020403 # Executed microoperations
  skylake-23: # Core stats
   cycles: 0 # Simulated unhalted cycles
   cCycles: 0 # Cycles due to contention stalls
   instrs: 0 # Simulated instructions
   uops: 0 # issued micro-ops
   bbls: 0 # Basic blocks
   approxInstrs: 0 # Instrs with approx uop decoding
   mispredBranches: 0 # Mispredicted branches
   IdqNotDelivered: 0 # Stalls no uop delivered when no Bkend Stall
   IntMiscRecoveryCycles: 0 # Stalls waiting machine clears
   uops executed: 0 # Executed microoperations
 l1d: # Cache stats
  l1d-0: # Filter cache stats
   fhGETS: 716623 # Filtered GETS hits
   fhGETX: 671074 # Filtered GETX hits
   hGETS: 9040 # GETS hits
   hGETX: 15488 # GETX hits
   mGETS: 70759 # GETS misses
   mGETXIM: 250118 # GETX I->M misses
   mGETXSM: 7 # GETX S->M misses (upgrade misses)
   PUTS: 0 # Clean evictions (from lower level)
   PUTX: 0 # Dirty evictions (from lower level)
   INV: 94 # Invalidates (from upper level)
   INVX: 75 # Downgrades (from upper level)
   FWD: 0 # Forwards (from upper level)
   latGETnl: 87244839 # GET request latency on next level
   latGETnet: 0 # GET request latency on network to next level
  l1d-1: # Filter cache stats
   fhGETS: 716314 # Filtered GETS hits
   fhGETX: 670858 # Filtered GETX hits
   hGETS: 8961 # GETS hits
   hGETX: 15460 # GETX hits
   mGETS: 70712 # GETS misses
   mGETXIM: 250067 # GETX I->M misses
   mGETXSM: 9 # GETX S->M misses (upgrade misses)
   PUTS: 0 # Clean evictions (from lower level)
   PUTX: 0 # Dirty evictions (from lower level)
   INV: 81 # Invalidates (from upper level)
   INVX: 24 # Downgrades (from upper level)
   FWD: 0 # Forwards (from upper level)
   latGETnl: 87210234 # GET request latency on next level
   latGETnet: 0 # GET request latency on network to next level
  l1d-2: # Filter cache stats
   fhGETS: 716168 # Filtered GETS hits
   fhGETX: 670771 # Filtered GETX hits
   hGETS: 8931 # GETS hits
   hGETX: 15440 # GETX hits
   mGETS: 70707 # GETS misses
   mGETXIM: 250046 # GETX I->M misses
   mGETXSM: 6 # GETX S->M misses (upgrade misses)
   PUTS: 0 # Clean evictions (from lower level)
   PUTX: 0 # Dirty evictions (from lower level)
   INV: 62 # Invalidates (from upper level)
   INVX: 7 # Downgrades (from upper level)
   FWD: 0 # Forwards (from upper level)
   latGETnl: 87204597 # GET request latency on next level
   latGETnet: 0 # GET request latency on network to next level
  l1d-3: # Filter cache stats
   fhGETS: 716312 # Filtered GETS hits
   fhGETX: 670887 # Filtered GETX hits
   hGETS: 8972 # GETS hits
   hGETX: 15462 # GETX hits
   mGETS: 70709 # GETS misses
   mGETXIM: 250091 # GETX I->M misses
   mGETXSM: 6 # GETX S->M misses (upgrade misses)
   PUTS: 0 # Clean evictions (from lower level)
   PUTX: 0 # Dirty evictions (from lower level)
   INV: 74 # Invalidates (from upper level)
   INVX: 27 # Downgrades (from upper level)
   FWD: 0 # Forwards (from upper level)
   latGETnl: 87218349 # GET request latency on next level
   latGETnet: 0 # GET request latency on network to next level
  l1d-4: # Filter cache stats
   fhGETS: 716213 # Filtered GETS hits
   fhGETX: 670789 # Filtered GETX hits
   hGETS: 8974 # GETS hits
   hGETX: 15469 # GETX hits
   mGETS: 70705 # GETS misses
   mGETXIM: 250061 # GETX I->M misses
   mGETXSM: 9 # GETX S->M misses (upgrade misses)
   PUTS: 0 # Clean evictions (from lower level)
   PUTX: 0 # Dirty evictions (from lower level)
   INV: 80 # Invalidates (from upper level)
   INVX: 21 # Downgrades (from upper level)
   FWD: 0 # Forwards (from upper level)
   latGETnl: 87205939 # GET request latency on next level
   latGETnet: 0 # GET request latency on network to next level
  l1d-5: # Filter cache stats
   fhGETS: 716323 # Filtered GETS hits
   fhGETX: 670898 # Filtered GETX hits
   hGETS: 8955 # GETS hits
   hGETX: 15442 # GETX hits
   mGETS: 70708 # GETS misses
   mGETXIM: 250094 # GETX I->M misses
   mGETXSM: 6 # GETX S->M misses (upgrade misses)
   PUTS: 0 # Clean evictions (from lower level)
   PUTX: 0 # Dirty evictions (from lower level)
   INV: 77 # Invalidates (from upper level)
   INVX: 16 # Downgrades (from upper level)
   FWD: 0 # Forwards (from upper level)
   latGETnl: 87215042 # GET request latency on next level
   latGETnet: 0 # GET request latency on network to next level
  l1d-6: # Filter cache stats
   fhGETS: 716167 # Filtered GETS hits
   fhGETX: 670809 # Filtered GETX hits
   hGETS: 8946 # GETS hits
   hGETX: 15436 # GETX hits
   mGETS: 70691 # GETS misses
   mGETXIM: 250085 # GETX I->M misses
   mGETXSM: 5 # GETX S->M misses (upgrade misses)
   PUTS: 0 # Clean evictions (from lower level)
   PUTX: 0 # Dirty evictions (from lower level)
   INV: 60 # Invalidates (from upper level)
   INVX: 13 # Downgrades (from upper level)
   FWD: 0 # Forwards (from upper level)
   latGETnl: 87212591 # GET request latency on next level
   latGETnet: 0 # GET request latency on network to next level
  l1d-7: # Filter cache stats
   fhGETS: 716176 # Filtered GETS hits
   fhGETX: 670764 # Filtered GETX hits
   hGETS: 8965 # GETS hits
   hGETX: 15441 # GETX hits
   mGETS: 70694 # GETS misses
   mGETXIM: 250045 # GETX I->M misses
   mGETXSM: 7 # GETX S->M misses (upgrade misses)
   PUTS: 0 # Clean evictions (from lower level)
   PUTX: 0 # Dirty evictions (from lower level)
   INV: 76 # Invalidates (from upper level)
   INVX: 16 # Downgrades (from upper level)
   FWD: 0 # Forwards (from upper level)
   latGETnl: 87197503 # GET request latency on next level
   latGETnet: 0 # GET request latency on network to next level
  l1d-8: # Filter cache stats
   fhGETS: 716120 # Filtered GETS hits
   fhGETX: 670772 # Filtered GETX hits
   hGETS: 8946 # GETS hits
   hGETX: 15430 # GETX hits
   mGETS: 70690 # GETS misses
   mGETXIM: 250067 # GETX I->M misses
   mGETXSM: 5 # GETX S->M misses (upgrade misses)
   PUTS: 0 # Clean evictions (from lower level)
   PUTX: 0 # Dirty evictions (from lower level)
   INV: 60 # Invalidates (from upper level)
   INVX: 18 # Downgrades (from upper level)
   FWD: 0 # Forwards (from upper level)
   latGETnl: 87209378 # GET request latency on next level
   latGETnet: 0 # GET request latency on network to next level
  l1d-9: # Filter cache stats
   fhGETS: 716096 # Filtered GETS hits
   fhGETX: 670732 # Filtered GETX hits
   hGETS: 8932 # GETS hits
   hGETX: 15429 # GETX hits
   mGETS: 70685 # GETS misses
   mGETXIM: 250056 # GETX I->M misses
   mGETXSM: 6 # GETX S->M misses (upgrade misses)
   PUTS: 0 # Clean evictions (from lower level)
   PUTX: 0 # Dirty evictions (from lower level)
   INV: 63 # Invalidates (from upper level)
   INVX: 8 # Downgrades (from upper level)
   FWD: 0 # Forwards (from upper level)
   latGETnl: 87201192 # GET request latency on next level
   latGETnet: 0 # GET request latency on network to next level
  l1d-10: # Filter cache stats
   fhGETS: 716123 # Filtered GETS hits
   fhGETX: 670757 # Filtered GETX hits
   hGETS: 8946 # GETS hits
   hGETX: 15440 # GETX hits
   mGETS: 70689 # GETS misses
   mGETXIM: 250071 # GETX I->M misses
   mGETXSM: 6 # GETX S->M misses (upgrade misses)
   PUTS: 0 # Clean evictions (from lower level)
   PUTX: 0 # Dirty evictions (from lower level)
   INV: 63 # Invalidates (from upper level)
   INVX: 13 # Downgrades (from upper level)
   FWD: 0 # Forwards (from upper level)
   latGETnl: 87208132 # GET request latency on next level
   latGETnet: 0 # GET request latency on network to next level
  l1d-11: # Filter cache stats
   fhGETS: 716228 # Filtered GETS hits
   fhGETX: 670823 # Filtered GETX hits
   hGETS: 8981 # GETS hits
   hGETX: 15439 # GETX hits
   mGETS: 70702 # GETS misses
   mGETXIM: 250063 # GETX I->M misses
   mGETXSM: 11 # GETX S->M misses (upgrade misses)
   PUTS: 0 # Clean evictions (from lower level)
   PUTX: 0 # Dirty evictions (from lower level)
   INV: 62 # Invalidates (from upper level)
   INVX: 7 # Downgrades (from upper level)
   FWD: 0 # Forwards (from upper level)
   latGETnl: 87207139 # GET request latency on next level
   latGETnet: 0 # GET request latency on network to next level
  l1d-12: # Filter cache stats
   fhGETS: 716130 # Filtered GETS hits
   fhGETX: 670773 # Filtered GETX hits
   hGETS: 8930 # GETS hits
   hGETX: 15417 # GETX hits
   mGETS: 70687 # GETS misses
   mGETXIM: 250070 # GETX I->M misses
   mGETXSM: 6 # GETX S->M misses (upgrade misses)
   PUTS: 0 # Clean evictions (from lower level)
   PUTX: 0 # Dirty evictions (from lower level)
   INV: 63 # Invalidates (from upper level)
   INVX: 19 # Downgrades (from upper level)
   FWD: 0 # Forwards (from upper level)
   latGETnl: 87207836 # GET request latency on next level
   latGETnet: 0 # GET request latency on network to next level
  l1d-13: # Filter cache stats
   fhGETS: 716150 # Filtered GETS hits
   fhGETX: 670792 # Filtered GETX hits
   hGETS: 8935 # GETS hits
   hGETX: 15431 # GETX hits
   mGETS: 70693 # GETS misses
   mGETXIM: 250072 # GETX I->M misses
   mGETXSM: 5 # GETX S->M misses (upgrade misses)
   PUTS: 0 # Clean evictions (from lower level)
   PUTX: 0 # Dirty evictions (from lower level)
   INV: 61 # Invalidates (from upper level)
   INVX: 9 # Downgrades (from upper level)
   FWD: 0 # Forwards (from upper level)
   latGETnl: 87208953 # GET request latency on next level
   latGETnet: 0 # GET request latency on network to next level
  l1d-14: # Filter cache stats
   fhGETS: 716097 # Filtered GETS hits
   fhGETX: 670728 # Filtered GETX hits
   hGETS: 8949 # GETS hits
   hGETX: 15457 # GETX hits
   mGETS: 70689 # GETS misses
   mGETXIM: 250058 # GETX I->M misses
   mGETXSM: 6 # GETX S->M misses (upgrade misses)
   PUTS: 0 # Clean evictions (from lower level)
   PUTX: 0 # Dirty evictions (from lower level)
   INV: 61 # Invalidates (from upper level)
   INVX: 2 # Downgrades (from upper level)
   FWD: 0 # Forwards (from upper level)
   latGETnl: 87202726 # GET request latency on next level
   latGETnet: 0 # GET request latency on network to next level
  l1d-15: # Filter cache stats
   fhGETS: 716144 # Filtered GETS hits
   fhGETX: 670781 # Filtered GETX hits
   hGETS: 8938 # GETS hits
   hGETX: 15425 # GETX hits
   mGETS: 70686 # GETS misses
   mGETXIM: 250082 # GETX I->M misses
   mGETXSM: 4 # GETX S->M misses (upgrade misses)
   PUTS: 0 # Clean evictions (from lower level)
   PUTX: 0 # Dirty evictions (from lower level)
   INV: 62 # Invalidates (from upper level)
   INVX: 14 # Downgrades (from upper level)
   FWD: 0 # Forwards (from upper level)
   latGETnl: 87209638 # GET request latency on next level
   latGETnet: 0 # GET request latency on network to next level
  l1d-16: # Filter cache stats
   fhGETS: 716127 # Filtered GETS hits
   fhGETX: 670758 # Filtered GETX hits
   hGETS: 8931 # GETS hits
   hGETX: 15430 # GETX hits
   mGETS: 70686 # GETS misses
   mGETXIM: 250069 # GETX I->M misses
   mGETXSM: 6 # GETX S->M misses (upgrade misses)
   PUTS: 0 # Clean evictions (from lower level)
   PUTX: 0 # Dirty evictions (from lower level)
   INV: 64 # Invalidates (from upper level)
   INVX: 3 # Downgrades (from upper level)
   FWD: 0 # Forwards (from upper level)
   latGETnl: 87203974 # GET request latency on next level
   latGETnet: 0 # GET request latency on network to next level
  l1d-17: # Filter cache stats
   fhGETS: 716704 # Filtered GETS hits
   fhGETX: 670493 # Filtered GETX hits
   hGETS: 9280 # GETS hits
   hGETX: 15495 # GETX hits
   mGETS: 70675 # GETS misses
   mGETXIM: 249758 # GETX I->M misses
   mGETXSM: 15 # GETX S->M misses (upgrade misses)
   PUTS: 0 # Clean evictions (from lower level)
   PUTX: 0 # Dirty evictions (from lower level)
   INV: 59 # Invalidates (from upper level)
   INVX: 2 # Downgrades (from upper level)
   FWD: 0 # Forwards (from upper level)
   latGETnl: 87110077 # GET request latency on next level
   latGETnet: 0 # GET request latency on network to next level
  l1d-18: # Filter cache stats
   fhGETS: 716111 # Filtered GETS hits
   fhGETX: 670746 # Filtered GETX hits
   hGETS: 8927 # GETS hits
   hGETX: 15431 # GETX hits
   mGETS: 70685 # GETS misses
   mGETXIM: 250060 # GETX I->M misses
   mGETXSM: 4 # GETX S->M misses (upgrade misses)
   PUTS: 0 # Clean evictions (from lower level)
   PUTX: 0 # Dirty evictions (from lower level)
   INV: 59 # Invalidates (from upper level)
   INVX: 1 # Downgrades (from upper level)
   FWD: 0 # Forwards (from upper level)
   latGETnl: 87202482 # GET request latency on next level
   latGETnet: 0 # GET request latency on network to next level
  l1d-19: # Filter cache stats
   fhGETS: 716182 # Filtered GETS hits
   fhGETX: 670813 # Filtered GETX hits
   hGETS: 8933 # GETS hits
   hGETX: 15429 # GETX hits
   mGETS: 70694 # GETS misses
   mGETXIM: 250085 # GETX I->M misses
   mGETXSM: 4 # GETX S->M misses (upgrade misses)
   PUTS: 0 # Clean evictions (from lower level)
   PUTX: 0 # Dirty evictions (from lower level)
   INV: 61 # Invalidates (from upper level)
   INVX: 1 # Downgrades (from upper level)
   FWD: 0 # Forwards (from upper level)
   latGETnl: 87210605 # GET request latency on next level
   latGETnet: 0 # GET request latency on network to next level
  l1d-20: # Filter cache stats
   fhGETS: 716144 # Filtered GETS hits
   fhGETX: 670792 # Filtered GETX hits
   hGETS: 8957 # GETS hits
   hGETX: 15448 # GETX hits
   mGETS: 70694 # GETS misses
   mGETXIM: 250079 # GETX I->M misses
   mGETXSM: 5 # GETX S->M misses (upgrade misses)
   PUTS: 0 # Clean evictions (from lower level)
   PUTX: 0 # Dirty evictions (from lower level)
   INV: 60 # Invalidates (from upper level)
   INVX: 2 # Downgrades (from upper level)
   FWD: 0 # Forwards (from upper level)
   latGETnl: 87210173 # GET request latency on next level
   latGETnet: 0 # GET request latency on network to next level
  l1d-21: # Filter cache stats
   fhGETS: 716105 # Filtered GETS hits
   fhGETX: 670736 # Filtered GETX hits
   hGETS: 8929 # GETS hits
   hGETX: 15439 # GETX hits
   mGETS: 70688 # GETS misses
   mGETXIM: 250056 # GETX I->M misses
   mGETXSM: 4 # GETX S->M misses (upgrade misses)
   PUTS: 0 # Clean evictions (from lower level)
   PUTX: 0 # Dirty evictions (from lower level)
   INV: 60 # Invalidates (from upper level)
   INVX: 1 # Downgrades (from upper level)
   FWD: 0 # Forwards (from upper level)
   latGETnl: 87201985 # GET request latency on next level
   latGETnet: 0 # GET request latency on network to next level
  l1d-22: # Filter cache stats
   fhGETS: 716043 # Filtered GETS hits
   fhGETX: 670681 # Filtered GETX hits
   hGETS: 8934 # GETS hits
   hGETX: 15428 # GETX hits
   mGETS: 70677 # GETS misses
   mGETXIM: 250040 # GETX I->M misses
   mGETXSM: 5 # GETX S->M misses (upgrade misses)
   PUTS: 0 # Clean evictions (from lower level)
   PUTX: 0 # Dirty evictions (from lower level)
   INV: 62 # Invalidates (from upper level)
   INVX: 2 # Downgrades (from upper level)
   FWD: 0 # Forwards (from upper level)
   latGETnl: 87193816 # GET request latency on next level
   latGETnet: 0 # GET request latency on network to next level
  l1d-23: # Filter cache stats
   fhGETS: 0 # Filtered GETS hits
   fhGETX: 0 # Filtered GETX hits
   hGETS: 0 # GETS hits
   hGETX: 0 # GETX hits
   mGETS: 0 # GETS misses
   mGETXIM: 0 # GETX I->M misses
   mGETXSM: 0 # GETX S->M misses (upgrade misses)
   PUTS: 0 # Clean evictions (from lower level)
   PUTX: 0 # Dirty evictions (from lower level)
   INV: 0 # Invalidates (from upper level)
   INVX: 0 # Downgrades (from upper level)
   FWD: 0 # Forwards (from upper level)
   latGETnl: 0 # GET request latency on next level
   latGETnet: 0 # GET request latency on network to next level
 l1i: # Cache stats
  l1i-0: # Filter cache stats
   fhGETS: 7507633 # Filtered GETS hits
   fhGETX: 0 # Filtered GETX hits
   hGETS: 46 # GETS hits
   hGETX: 0 # GETX hits
   mGETS: 729 # GETS misses
   mGETXIM: 0 # GETX I->M misses
   mGETXSM: 0 # GETX S->M misses (upgrade misses)
   PUTS: 0 # Clean evictions (from lower level)
   PUTX: 0 # Dirty evictions (from lower level)
   INV: 705 # Invalidates (from upper level)
   INVX: 0 # Downgrades (from upper level)
   FWD: 0 # Forwards (from upper level)
   latGETnl: 73863 # GET request latency on next level
   latGETnet: 0 # GET request latency on network to next level
  l1i-1: # Filter cache stats
   fhGETS: 7507005 # Filtered GETS hits
   fhGETX: 0 # Filtered GETX hits
   hGETS: 37 # GETS hits
   hGETX: 0 # GETX hits
   mGETS: 630 # GETS misses
   mGETXIM: 0 # GETX I->M misses
   mGETXSM: 0 # GETX S->M misses (upgrade misses)
   PUTS: 0 # Clean evictions (from lower level)
   PUTX: 0 # Dirty evictions (from lower level)
   INV: 607 # Invalidates (from upper level)
   INVX: 0 # Downgrades (from upper level)
   FWD: 0 # Forwards (from upper level)
   latGETnl: 34785 # GET request latency on next level
   latGETnet: 0 # GET request latency on network to next level
  l1i-2: # Filter cache stats
   fhGETS: 7506493 # Filtered GETS hits
   fhGETX: 0 # Filtered GETX hits
   hGETS: 41 # GETS hits
   hGETX: 0 # GETX hits
   mGETS: 669 # GETS misses
   mGETXIM: 0 # GETX I->M misses
   mGETXSM: 0 # GETX S->M misses (upgrade misses)
   PUTS: 0 # Clean evictions (from lower level)
   PUTX: 0 # Dirty evictions (from lower level)
   INV: 646 # Invalidates (from upper level)
   INVX: 0 # Downgrades (from upper level)
   FWD: 0 # Forwards (from upper level)
   latGETnl: 41118 # GET request latency on next level
   latGETnet: 0 # GET request latency on network to next level
  l1i-3: # Filter cache stats
   fhGETS: 7507630 # Filtered GETS hits
   fhGETX: 0 # Filtered GETX hits
   hGETS: 30 # GETS hits
   hGETX: 0 # GETX hits
   mGETS: 642 # GETS misses
   mGETXIM: 0 # GETX I->M misses
   mGETXSM: 0 # GETX S->M misses (upgrade misses)
   PUTS: 0 # Clean evictions (from lower level)
   PUTX: 0 # Dirty evictions (from lower level)
   INV: 619 # Invalidates (from upper level)
   INVX: 0 # Downgrades (from upper level)
   FWD: 0 # Forwards (from upper level)
   latGETnl: 35124 # GET request latency on next level
   latGETnet: 0 # GET request latency on network to next level
  l1i-4: # Filter cache stats
   fhGETS: 7506686 # Filtered GETS hits
   fhGETX: 0 # Filtered GETX hits
   hGETS: 31 # GETS hits
   hGETX: 0 # GETX hits
   mGETS: 639 # GETS misses
   mGETXIM: 0 # GETX I->M misses
   mGETXSM: 0 # GETX S->M misses (upgrade misses)
   PUTS: 0 # Clean evictions (from lower level)
   PUTX: 0 # Dirty evictions (from lower level)
   INV: 616 # Invalidates (from upper level)
   INVX: 0 # Downgrades (from upper level)
   FWD: 0 # Forwards (from upper level)
   latGETnl: 31383 # GET request latency on next level
   latGETnet: 0 # GET request latency on network to next level
  l1i-5: # Filter cache stats
   fhGETS: 7507635 # Filtered GETS hits
   fhGETX: 0 # Filtered GETX hits
   hGETS: 32 # GETS hits
   hGETX: 0 # GETX hits
   mGETS: 640 # GETS misses
   mGETXIM: 0 # GETX I->M misses
   mGETXSM: 0 # GETX S->M misses (upgrade misses)
   PUTS: 0 # Clean evictions (from lower level)
   PUTX: 0 # Dirty evictions (from lower level)
   INV: 617 # Invalidates (from upper level)
   INVX: 0 # Downgrades (from upper level)
   FWD: 0 # Forwards (from upper level)
   latGETnl: 30530 # GET request latency on next level
   latGETnet: 0 # GET request latency on network to next level
  l1i-6: # Filter cache stats
   fhGETS: 7507501 # Filtered GETS hits
   fhGETX: 0 # Filtered GETX hits
   hGETS: 29 # GETS hits
   hGETX: 0 # GETX hits
   mGETS: 619 # GETS misses
   mGETXIM: 0 # GETX I->M misses
   mGETXSM: 0 # GETX S->M misses (upgrade misses)
   PUTS: 0 # Clean evictions (from lower level)
   PUTX: 0 # Dirty evictions (from lower level)
   INV: 596 # Invalidates (from upper level)
   INVX: 0 # Downgrades (from upper level)
   FWD: 0 # Forwards (from upper level)
   latGETnl: 34043 # GET request latency on next level
   latGETnet: 0 # GET request latency on network to next level
  l1i-7: # Filter cache stats
   fhGETS: 7506150 # Filtered GETS hits
   fhGETX: 0 # Filtered GETX hits
   hGETS: 29 # GETS hits
   hGETX: 0 # GETX hits
   mGETS: 641 # GETS misses
   mGETXIM: 0 # GETX I->M misses
   mGETXSM: 0 # GETX S->M misses (upgrade misses)
   PUTS: 0 # Clean evictions (from lower level)
   PUTX: 0 # Dirty evictions (from lower level)
   INV: 618 # Invalidates (from upper level)
   INVX: 0 # Downgrades (from upper level)
   FWD: 0 # Forwards (from upper level)
   latGETnl: 30127 # GET request latency on next level
   latGETnet: 0 # GET request latency on network to next level
  l1i-8: # Filter cache stats
   fhGETS: 7507083 # Filtered GETS hits
   fhGETX: 0 # Filtered GETX hits
   hGETS: 30 # GETS hits
   hGETX: 0 # GETX hits
   mGETS: 626 # GETS misses
   mGETXIM: 0 # GETX I->M misses
   mGETXSM: 0 # GETX S->M misses (upgrade misses)
   PUTS: 0 # Clean evictions (from lower level)
   PUTX: 0 # Dirty evictions (from lower level)
   INV: 603 # Invalidates (from upper level)
   INVX: 0 # Downgrades (from upper level)
   FWD: 0 # Forwards (from upper level)
   latGETnl: 32572 # GET request latency on next level
   latGETnet: 0 # GET request latency on network to next level
  l1i-9: # Filter cache stats
   fhGETS: 7506678 # Filtered GETS hits
   fhGETX: 0 # Filtered GETX hits
   hGETS: 30 # GETS hits
   hGETX: 0 # GETX hits
   mGETS: 621 # GETS misses
   mGETXIM: 0 # GETX I->M misses
   mGETXSM: 0 # GETX S->M misses (upgrade misses)
   PUTS: 0 # Clean evictions (from lower level)
   PUTX: 0 # Dirty evictions (from lower level)
   INV: 598 # Invalidates (from upper level)
   INVX: 0 # Downgrades (from upper level)
   FWD: 0 # Forwards (from upper level)
   latGETnl: 31662 # GET request latency on next level
   latGETnet: 0 # GET request latency on network to next level
  l1i-10: # Filter cache stats
   fhGETS: 7507097 # Filtered GETS hits
   fhGETX: 0 # Filtered GETX hits
   hGETS: 30 # GETS hits
   hGETX: 0 # GETX hits
   mGETS: 625 # GETS misses
   mGETXIM: 0 # GETX I->M misses
   mGETXSM: 0 # GETX S->M misses (upgrade misses)
   PUTS: 0 # Clean evictions (from lower level)
   PUTX: 0 # Dirty evictions (from lower level)
   INV: 602 # Invalidates (from upper level)
   INVX: 0 # Downgrades (from upper level)
   FWD: 0 # Forwards (from upper level)
   latGETnl: 34100 # GET request latency on next level
   latGETnet: 0 # GET request latency on network to next level
  l1i-11: # Filter cache stats
   fhGETS: 7506465 # Filtered GETS hits
   fhGETX: 0 # Filtered GETX hits
   hGETS: 107 # GETS hits
   hGETX: 0 # GETX hits
   mGETS: 622 # GETS misses
   mGETXIM: 0 # GETX I->M misses
   mGETXSM: 0 # GETX S->M misses (upgrade misses)
   PUTS: 0 # Clean evictions (from lower level)
   PUTX: 0 # Dirty evictions (from lower level)
   INV: 599 # Invalidates (from upper level)
   INVX: 0 # Downgrades (from upper level)
   FWD: 0 # Forwards (from upper level)
   latGETnl: 31034 # GET request latency on next level
   latGETnet: 0 # GET request latency on network to next level
  l1i-12: # Filter cache stats
   fhGETS: 7506956 # Filtered GETS hits
   fhGETX: 0 # Filtered GETX hits
   hGETS: 30 # GETS hits
   hGETX: 0 # GETX hits
   mGETS: 625 # GETS misses
   mGETXIM: 0 # GETX I->M misses
   mGETXSM: 0 # GETX S->M misses (upgrade misses)
   PUTS: 0 # Clean evictions (from lower level)
   PUTX: 0 # Dirty evictions (from lower level)
   INV: 602 # Invalidates (from upper level)
   INVX: 0 # Downgrades (from upper level)
   FWD: 0 # Forwards (from upper level)
   latGETnl: 30275 # GET request latency on next level
   latGETnet: 0 # GET request latency on network to next level
  l1i-13: # Filter cache stats
   fhGETS: 7507259 # Filtered GETS hits
   fhGETX: 0 # Filtered GETX hits
   hGETS: 30 # GETS hits
   hGETX: 0 # GETX hits
   mGETS: 621 # GETS misses
   mGETXIM: 0 # GETX I->M misses
   mGETXSM: 0 # GETX S->M misses (upgrade misses)
   PUTS: 0 # Clean evictions (from lower level)
   PUTX: 0 # Dirty evictions (from lower level)
   INV: 598 # Invalidates (from upper level)
   INVX: 0 # Downgrades (from upper level)
   FWD: 0 # Forwards (from upper level)
   latGETnl: 32112 # GET request latency on next level
   latGETnet: 0 # GET request latency on network to next level
  l1i-14: # Filter cache stats
   fhGETS: 7506892 # Filtered GETS hits
   fhGETX: 0 # Filtered GETX hits
   hGETS: 30 # GETS hits
   hGETX: 0 # GETX hits
   mGETS: 622 # GETS misses
   mGETXIM: 0 # GETX I->M misses
   mGETXSM: 0 # GETX S->M misses (upgrade misses)
   PUTS: 0 # Clean evictions (from lower level)
   PUTX: 0 # Dirty evictions (from lower level)
   INV: 599 # Invalidates (from upper level)
   INVX: 0 # Downgrades (from upper level)
   FWD: 0 # Forwards (from upper level)
   latGETnl: 30359 # GET request latency on next level
   latGETnet: 0 # GET request latency on network to next level
  l1i-15: # Filter cache stats
   fhGETS: 7507214 # Filtered GETS hits
   fhGETX: 0 # Filtered GETX hits
   hGETS: 30 # GETS hits
   hGETX: 0 # GETX hits
   mGETS: 620 # GETS misses
   mGETXIM: 0 # GETX I->M misses
   mGETXSM: 0 # GETX S->M misses (upgrade misses)
   PUTS: 0 # Clean evictions (from lower level)
   PUTX: 0 # Dirty evictions (from lower level)
   INV: 597 # Invalidates (from upper level)
   INVX: 0 # Downgrades (from upper level)
   FWD: 0 # Forwards (from upper level)
   latGETnl: 29590 # GET request latency on next level
   latGETnet: 0 # GET request latency on network to next level
  l1i-16: # Filter cache stats
   fhGETS: 7506966 # Filtered GETS hits
   fhGETX: 0 # Filtered GETX hits
   hGETS: 30 # GETS hits
   hGETX: 0 # GETX hits
   mGETS: 622 # GETS misses
   mGETXIM: 0 # GETX I->M misses
   mGETXSM: 0 # GETX S->M misses (upgrade misses)
   PUTS: 0 # Clean evictions (from lower level)
   PUTX: 0 # Dirty evictions (from lower level)
   INV: 599 # Invalidates (from upper level)
   INVX: 0 # Downgrades (from upper level)
   FWD: 0 # Forwards (from upper level)
   latGETnl: 29909 # GET request latency on next level
   latGETnet: 0 # GET request latency on network to next level
  l1i-17: # Filter cache stats
   fhGETS: 7499127 # Filtered GETS hits
   fhGETX: 0 # Filtered GETX hits
   hGETS: 198 # GETS hits
   hGETX: 0 # GETX hits
   mGETS: 694 # GETS misses
   mGETXIM: 0 # GETX I->M misses
   mGETXSM: 0 # GETX S->M misses (upgrade misses)
   PUTS: 0 # Clean evictions (from lower level)
   PUTX: 0 # Dirty evictions (from lower level)
   INV: 671 # Invalidates (from upper level)
   INVX: 0 # Downgrades (from upper level)
   FWD: 0 # Forwards (from upper level)
   latGETnl: 44993 # GET request latency on next level
   latGETnet: 0 # GET request latency on network to next level
  l1i-18: # Filter cache stats
   fhGETS: 7506802 # Filtered GETS hits
   fhGETX: 0 # Filtered GETX hits
   hGETS: 30 # GETS hits
   hGETX: 0 # GETX hits
   mGETS: 617 # GETS misses
   mGETXIM: 0 # GETX I->M misses
   mGETXSM: 0 # GETX S->M misses (upgrade misses)
   PUTS: 0 # Clean evictions (from lower level)
   PUTX: 0 # Dirty evictions (from lower level)
   INV: 594 # Invalidates (from upper level)
   INVX: 0 # Downgrades (from upper level)
   FWD: 0 # Forwards (from upper level)
   latGETnl: 29449 # GET request latency on next level
   latGETnet: 0 # GET request latency on network to next level
  l1i-19: # Filter cache stats
   fhGETS: 7507568 # Filtered GETS hits
   fhGETX: 0 # Filtered GETX hits
   hGETS: 30 # GETS hits
   hGETX: 0 # GETX hits
   mGETS: 624 # GETS misses
   mGETXIM: 0 # GETX I->M misses
   mGETXSM: 0 # GETX S->M misses (upgrade misses)
   PUTS: 0 # Clean evictions (from lower level)
   PUTX: 0 # Dirty evictions (from lower level)
   INV: 597 # Invalidates (from upper level)
   INVX: 0 # Downgrades (from upper level)
   FWD: 0 # Forwards (from upper level)
   latGETnl: 30453 # GET request latency on next level
   latGETnet: 0 # GET request latency on network to next level
  l1i-20: # Filter cache stats
   fhGETS: 7507446 # Filtered GETS hits
   fhGETX: 0 # Filtered GETX hits
   hGETS: 30 # GETS hits
   hGETX: 0 # GETX hits
   mGETS: 626 # GETS misses
   mGETXIM: 0 # GETX I->M misses
   mGETXSM: 0 # GETX S->M misses (upgrade misses)
   PUTS: 0 # Clean evictions (from lower level)
   PUTX: 0 # Dirty evictions (from lower level)
   INV: 603 # Invalidates (from upper level)
   INVX: 0 # Downgrades (from upper level)
   FWD: 0 # Forwards (from upper level)
   latGETnl: 29422 # GET request latency on next level
   latGETnet: 0 # GET request latency on network to next level
  l1i-21: # Filter cache stats
   fhGETS: 7506802 # Filtered GETS hits
   fhGETX: 0 # Filtered GETX hits
   hGETS: 30 # GETS hits
   hGETX: 0 # GETX hits
   mGETS: 614 # GETS misses
   mGETXIM: 0 # GETX I->M misses
   mGETXSM: 0 # GETX S->M misses (upgrade misses)
   PUTS: 0 # Clean evictions (from lower level)
   PUTX: 0 # Dirty evictions (from lower level)
   INV: 591 # Invalidates (from upper level)
   INVX: 0 # Downgrades (from upper level)
   FWD: 0 # Forwards (from upper level)
   latGETnl: 28858 # GET request latency on next level
   latGETnet: 0 # GET request latency on network to next level
  l1i-22: # Filter cache stats
   fhGETS: 7506131 # Filtered GETS hits
   fhGETX: 0 # Filtered GETX hits
   hGETS: 30 # GETS hits
   hGETX: 0 # GETX hits
   mGETS: 623 # GETS misses
   mGETXIM: 0 # GETX I->M misses
   mGETXSM: 0 # GETX S->M misses (upgrade misses)
   PUTS: 0 # Clean evictions (from lower level)
   PUTX: 0 # Dirty evictions (from lower level)
   INV: 600 # Invalidates (from upper level)
   INVX: 0 # Downgrades (from upper level)
   FWD: 0 # Forwards (from upper level)
   latGETnl: 29281 # GET request latency on next level
   latGETnet: 0 # GET request latency on network to next level
  l1i-23: # Filter cache stats
   fhGETS: 0 # Filtered GETS hits
   fhGETX: 0 # Filtered GETX hits
   hGETS: 0 # GETS hits
   hGETX: 0 # GETX hits
   mGETS: 0 # GETS misses
   mGETXIM: 0 # GETX I->M misses
   mGETXSM: 0 # GETX S->M misses (upgrade misses)
   PUTS: 0 # Clean evictions (from lower level)
   PUTX: 0 # Dirty evictions (from lower level)
   INV: 0 # Invalidates (from upper level)
   INVX: 0 # Downgrades (from upper level)
   FWD: 0 # Forwards (from upper level)
   latGETnl: 0 # GET request latency on next level
   latGETnet: 0 # GET request latency on network to next level
 l2: # Cache stats
  l2-0: # Cache stats
   hGETS: 0 # GETS hits
   hGETX: 0 # GETX hits
   mGETS: 71488 # GETS misses
   mGETXIM: 250118 # GETX I->M misses
   mGETXSM: 7 # GETX S->M misses (upgrade misses)
   PUTS: 70590 # Clean evictions (from lower level)
   PUTX: 249682 # Dirty evictions (from lower level)
   INV: 47702 # Invalidates (from upper level)
   INVX: 81 # Downgrades (from upper level)
   FWD: 0 # Forwards (from upper level)
   latGETnl: 84102572 # GET request latency on next level
   latGETnet: 0 # GET request latency on network to next level
  l2-1: # Cache stats
   hGETS: 0 # GETS hits
   hGETX: 0 # GETX hits
   mGETS: 71342 # GETS misses
   mGETXIM: 250067 # GETX I->M misses
   mGETXSM: 9 # GETX S->M misses (upgrade misses)
   PUTS: 70542 # Clean evictions (from lower level)
   PUTX: 249645 # Dirty evictions (from lower level)
   INV: 19902 # Invalidates (from upper level)
   INVX: 24 # Downgrades (from upper level)
   FWD: 0 # Forwards (from upper level)
   latGETnl: 84030839 # GET request latency on next level
   latGETnet: 0 # GET request latency on network to next level
  l2-2: # Cache stats
   hGETS: 0 # GETS hits
   hGETX: 0 # GETX hits
   mGETS: 71376 # GETS misses
   mGETXIM: 250046 # GETX I->M misses
   mGETXSM: 6 # GETX S->M misses (upgrade misses)
   PUTS: 70539 # Clean evictions (from lower level)
   PUTX: 249640 # Dirty evictions (from lower level)
   INV: 20207 # Invalidates (from upper level)
   INVX: 9 # Downgrades (from upper level)
   FWD: 0 # Forwards (from upper level)
   latGETnl: 84031435 # GET request latency on next level
   latGETnet: 0 # GET request latency on network to next level
  l2-3: # Cache stats
   hGETS: 0 # GETS hits
   hGETX: 0 # GETX hits
   mGETS: 71351 # GETS misses
   mGETXIM: 250091 # GETX I->M misses
   mGETXSM: 6 # GETX S->M misses (upgrade misses)
   PUTS: 70548 # Clean evictions (from lower level)
   PUTX: 249666 # Dirty evictions (from lower level)
   INV: 19619 # Invalidates (from upper level)
   INVX: 27 # Downgrades (from upper level)
   FWD: 0 # Forwards (from upper level)
   latGETnl: 84038993 # GET request latency on next level
   latGETnet: 0 # GET request latency on network to next level
  l2-4: # Cache stats
   hGETS: 0 # GETS hits
   hGETX: 0 # GETX hits
   mGETS: 71344 # GETS misses
   mGETXIM: 250061 # GETX I->M misses
   mGETXSM: 9 # GETX S->M misses (upgrade misses)
   PUTS: 70537 # Clean evictions (from lower level)
   PUTX: 249637 # Dirty evictions (from lower level)
   INV: 18856 # Invalidates (from upper level)
   INVX: 21 # Downgrades (from upper level)
   FWD: 0 # Forwards (from upper level)
   latGETnl: 84023182 # GET request latency on next level
   latGETnet: 0 # GET request latency on network to next level
  l2-5: # Cache stats
   hGETS: 0 # GETS hits
   hGETX: 0 # GETX hits
   mGETS: 71348 # GETS misses
   mGETXIM: 250094 # GETX I->M misses
   mGETXSM: 6 # GETX S->M misses (upgrade misses)
   PUTS: 70546 # Clean evictions (from lower level)
   PUTX: 249668 # Dirty evictions (from lower level)
   INV: 20443 # Invalidates (from upper level)
   INVX: 16 # Downgrades (from upper level)
   FWD: 0 # Forwards (from upper level)
   latGETnl: 84031092 # GET request latency on next level
   latGETnet: 0 # GET request latency on network to next level
  l2-6: # Cache stats
   hGETS: 0 # GETS hits
   hGETX: 0 # GETX hits
   mGETS: 71310 # GETS misses
   mGETXIM: 250085 # GETX I->M misses
   mGETXSM: 5 # GETX S->M misses (upgrade misses)
   PUTS: 70536 # Clean evictions (from lower level)
   PUTX: 249668 # Dirty evictions (from lower level)
   INV: 19478 # Invalidates (from upper level)
   INVX: 13 # Downgrades (from upper level)
   FWD: 0 # Forwards (from upper level)
   latGETnl: 84032634 # GET request latency on next level
   latGETnet: 0 # GET request latency on network to next level
  l2-7: # Cache stats
   hGETS: 0 # GETS hits
   hGETX: 0 # GETX hits
   mGETS: 71335 # GETS misses
   mGETXIM: 250045 # GETX I->M misses
   mGETXSM: 7 # GETX S->M misses (upgrade misses)
   PUTS: 70535 # Clean evictions (from lower level)
   PUTX: 249616 # Dirty evictions (from lower level)
   INV: 46075 # Invalidates (from upper level)
   INVX: 18 # Downgrades (from upper level)
   FWD: 0 # Forwards (from upper level)
   latGETnl: 84013760 # GET request latency on next level
   latGETnet: 0 # GET request latency on network to next level
  l2-8: # Cache stats
   hGETS: 0 # GETS hits
   hGETX: 0 # GETX hits
   mGETS: 71316 # GETS misses
   mGETXIM: 250067 # GETX I->M misses
   mGETXSM: 5 # GETX S->M misses (upgrade misses)
   PUTS: 70534 # Clean evictions (from lower level)
   PUTX: 249651 # Dirty evictions (from lower level)
   INV: 31396 # Invalidates (from upper level)
   INVX: 18 # Downgrades (from upper level)
   FWD: 0 # Forwards (from upper level)
   latGETnl: 84028070 # GET request latency on next level
   latGETnet: 0 # GET request latency on network to next level
  l2-9: # Cache stats
   hGETS: 0 # GETS hits
   hGETX: 0 # GETX hits
   mGETS: 71306 # GETS misses
   mGETXIM: 250056 # GETX I->M misses
   mGETXSM: 6 # GETX S->M misses (upgrade misses)
   PUTS: 70530 # Clean evictions (from lower level)
   PUTX: 249636 # Dirty evictions (from lower level)
   INV: 45675 # Invalidates (from upper level)
   INVX: 8 # Downgrades (from upper level)
   FWD: 0 # Forwards (from upper level)
   latGETnl: 84019174 # GET request latency on next level
   latGETnet: 0 # GET request latency on network to next level
  l2-10: # Cache stats
   hGETS: 0 # GETS hits
   hGETX: 0 # GETX hits
   mGETS: 71314 # GETS misses
   mGETXIM: 250071 # GETX I->M misses
   mGETXSM: 6 # GETX S->M misses (upgrade misses)
   PUTS: 70534 # Clean evictions (from lower level)
   PUTX: 249651 # Dirty evictions (from lower level)
   INV: 18624 # Invalidates (from upper level)
   INVX: 13 # Downgrades (from upper level)
   FWD: 0 # Forwards (from upper level)
   latGETnl: 84028322 # GET request latency on next level
   latGETnet: 0 # GET request latency on network to next level
  l2-11: # Cache stats
   hGETS: 0 # GETS hits
   hGETX: 0 # GETX hits
   mGETS: 71324 # GETS misses
   mGETXIM: 250063 # GETX I->M misses
   mGETXSM: 11 # GETX S->M misses (upgrade misses)
   PUTS: 70530 # Clean evictions (from lower level)
   PUTX: 249661 # Dirty evictions (from lower level)
   INV: 59301 # Invalidates (from upper level)
   INVX: 17 # Downgrades (from upper level)
   FWD: 0 # Forwards (from upper level)
   latGETnl: 84024193 # GET request latency on next level
   latGETnet: 0 # GET request latency on network to next level
  l2-12: # Cache stats
   hGETS: 0 # GETS hits
   hGETX: 0 # GETX hits
   mGETS: 71312 # GETS misses
   mGETXIM: 250070 # GETX I->M misses
   mGETXSM: 6 # GETX S->M misses (upgrade misses)
   PUTS: 70532 # Clean evictions (from lower level)
   PUTX: 249650 # Dirty evictions (from lower level)
   INV: 19021 # Invalidates (from upper level)
   INVX: 19 # Downgrades (from upper level)
   FWD: 0 # Forwards (from upper level)
   latGETnl: 84024231 # GET request latency on next level
   latGETnet: 0 # GET request latency on network to next level
  l2-13: # Cache stats
   hGETS: 0 # GETS hits
   hGETX: 0 # GETX hits
   mGETS: 71314 # GETS misses
   mGETXIM: 250072 # GETX I->M misses
   mGETXSM: 5 # GETX S->M misses (upgrade misses)
   PUTS: 70537 # Clean evictions (from lower level)
   PUTX: 249655 # Dirty evictions (from lower level)
   INV: 33745 # Invalidates (from upper level)
   INVX: 9 # Downgrades (from upper level)
   FWD: 0 # Forwards (from upper level)
   latGETnl: 84027155 # GET request latency on next level
   latGETnet: 0 # GET request latency on network to next level
  l2-14: # Cache stats
   hGETS: 0 # GETS hits
   hGETX: 0 # GETX hits
   mGETS: 71311 # GETS misses
   mGETXIM: 250058 # GETX I->M misses
   mGETXSM: 6 # GETX S->M misses (upgrade misses)
   PUTS: 70530 # Clean evictions (from lower level)
   PUTX: 249644 # Dirty evictions (from lower level)
   INV: 18341 # Invalidates (from upper level)
   INVX: 2 # Downgrades (from upper level)
   FWD: 0 # Forwards (from upper level)
   latGETnl: 84019335 # GET request latency on next level
   latGETnet: 0 # GET request latency on network to next level
  l2-15: # Cache stats
   hGETS: 0 # GETS hits
   hGETX: 0 # GETX hits
   mGETS: 71306 # GETS misses
   mGETXIM: 250082 # GETX I->M misses
   mGETXSM: 4 # GETX S->M misses (upgrade misses)
   PUTS: 70536 # Clean evictions (from lower level)
   PUTX: 249658 # Dirty evictions (from lower level)
   INV: 18177 # Invalidates (from upper level)
   INVX: 14 # Downgrades (from upper level)
   FWD: 0 # Forwards (from upper level)
   latGETnl: 84025308 # GET request latency on next level
   latGETnet: 0 # GET request latency on network to next level
  l2-16: # Cache stats
   hGETS: 0 # GETS hits
   hGETX: 0 # GETX hits
   mGETS: 71308 # GETS misses
   mGETXIM: 250069 # GETX I->M misses
   mGETXSM: 6 # GETX S->M misses (upgrade misses)
   PUTS: 70532 # Clean evictions (from lower level)
   PUTX: 249648 # Dirty evictions (from lower level)
   INV: 29254 # Invalidates (from upper level)
   INVX: 3 # Downgrades (from upper level)
   FWD: 0 # Forwards (from upper level)
   latGETnl: 84020053 # GET request latency on next level
   latGETnet: 0 # GET request latency on network to next level
  l2-17: # Cache stats
   hGETS: 0 # GETS hits
   hGETX: 0 # GETX hits
   mGETS: 71369 # GETS misses
   mGETXIM: 249758 # GETX I->M misses
   mGETXSM: 15 # GETX S->M misses (upgrade misses)
   PUTS: 70505 # Clean evictions (from lower level)
   PUTX: 249357 # Dirty evictions (from lower level)
   INV: 17385 # Invalidates (from upper level)
   INVX: 2 # Downgrades (from upper level)
   FWD: 0 # Forwards (from upper level)
   latGETnl: 83943650 # GET request latency on next level
   latGETnet: 0 # GET request latency on network to next level
  l2-18: # Cache stats
   hGETS: 0 # GETS hits
   hGETX: 0 # GETX hits
   mGETS: 71302 # GETS misses
   mGETXIM: 250060 # GETX I->M misses
   mGETXSM: 4 # GETX S->M misses (upgrade misses)
   PUTS: 70531 # Clean evictions (from lower level)
   PUTX: 249643 # Dirty evictions (from lower level)
   INV: 18585 # Invalidates (from upper level)
   INVX: 1 # Downgrades (from upper level)
   FWD: 0 # Forwards (from upper level)
   latGETnl: 84018271 # GET request latency on next level
   latGETnet: 0 # GET request latency on network to next level
  l2-19: # Cache stats
   hGETS: 0 # GETS hits
   hGETX: 0 # GETX hits
   mGETS: 71318 # GETS misses
   mGETXIM: 250085 # GETX I->M misses
   mGETXSM: 4 # GETX S->M misses (upgrade misses)
   PUTS: 70536 # Clean evictions (from lower level)
   PUTX: 249670 # Dirty evictions (from lower level)
   INV: 45090 # Invalidates (from upper level)
   INVX: 1 # Downgrades (from upper level)
   FWD: 0 # Forwards (from upper level)
   latGETnl: 84026988 # GET request latency on next level
   latGETnet: 0 # GET request latency on network to next level
  l2-20: # Cache stats
   hGETS: 0 # GETS hits
   hGETX: 0 # GETX hits
   mGETS: 71320 # GETS misses
   mGETXIM: 250079 # GETX I->M misses
   mGETXSM: 5 # GETX S->M misses (upgrade misses)
   PUTS: 70536 # Clean evictions (from lower level)
   PUTX: 249665 # Dirty evictions (from lower level)
   INV: 18242 # Invalidates (from upper level)
   INVX: 2 # Downgrades (from upper level)
   FWD: 0 # Forwards (from upper level)
   latGETnl: 84025555 # GET request latency on next level
   latGETnet: 0 # GET request latency on network to next level
  l2-21: # Cache stats
   hGETS: 0 # GETS hits
   hGETX: 0 # GETX hits
   mGETS: 71302 # GETS misses
   mGETXIM: 250056 # GETX I->M misses
   mGETXSM: 4 # GETX S->M misses (upgrade misses)
   PUTS: 70530 # Clean evictions (from lower level)
   PUTX: 249642 # Dirty evictions (from lower level)
   INV: 57824 # Invalidates (from upper level)
   INVX: 1 # Downgrades (from upper level)
   FWD: 0 # Forwards (from upper level)
   latGETnl: 84017223 # GET request latency on next level
   latGETnet: 0 # GET request latency on network to next level
  l2-22: # Cache stats
   hGETS: 0 # GETS hits
   hGETX: 0 # GETX hits
   mGETS: 71300 # GETS misses
   mGETXIM: 250040 # GETX I->M misses
   mGETXSM: 5 # GETX S->M misses (upgrade misses)
   PUTS: 70525 # Clean evictions (from lower level)
   PUTX: 249618 # Dirty evictions (from lower level)
   INV: 28062 # Invalidates (from upper level)
   INVX: 2 # Downgrades (from upper level)
   FWD: 0 # Forwards (from upper level)
   latGETnl: 84009647 # GET request latency on next level
   latGETnet: 0 # GET request latency on network to next level
  l2-23: # Cache stats
   hGETS: 0 # GETS hits
   hGETX: 0 # GETX hits
   mGETS: 0 # GETS misses
   mGETXIM: 0 # GETX I->M misses
   mGETXSM: 0 # GETX S->M misses (upgrade misses)
   PUTS: 0 # Clean evictions (from lower level)
   PUTX: 0 # Dirty evictions (from lower level)
   INV: 0 # Invalidates (from upper level)
   INVX: 0 # Downgrades (from upper level)
   FWD: 0 # Forwards (from upper level)
   latGETnl: 0 # GET request latency on next level
   latGETnet: 0 # GET request latency on network to next level
 l3: # Cache stats
  l3-0b0: # Cache stats
   hGETS: 229 # GETS hits
   hGETX: 11 # GETX hits
   mGETS: 67685 # GETS misses
   mGETXIM: 239630 # GETX I->M misses
   mGETXSM: 0 # GETX S->M misses (upgrade misses)
   PUTS: 59234 # Clean evictions (from lower level)
   PUTX: 205440 # Dirty evictions (from lower level)
   INV: 0 # Invalidates (from upper level)
   INVX: 0 # Downgrades (from upper level)
   FWD: 0 # Forwards (from upper level)
   latGETnl: 69145875 # GET request latency on next level
   latGETnet: 0 # GET request latency on network to next level
  l3-0b1: # Cache stats
   hGETS: 227 # GETS hits
   hGETX: 27 # GETX hits
   mGETS: 67668 # GETS misses
   mGETXIM: 239636 # GETX I->M misses
   mGETXSM: 0 # GETX S->M misses (upgrade misses)
   PUTS: 59161 # Clean evictions (from lower level)
   PUTX: 205436 # Dirty evictions (from lower level)
   INV: 0 # Invalidates (from upper level)
   INVX: 0 # Downgrades (from upper level)
   FWD: 0 # Forwards (from upper level)
   latGETnl: 69143400 # GET request latency on next level
   latGETnet: 0 # GET request latency on network to next level
  l3-0b2: # Cache stats
   hGETS: 660 # GETS hits
   hGETX: 45 # GETX hits
   mGETS: 67780 # GETS misses
   mGETXIM: 239647 # GETX I->M misses
   mGETXSM: 0 # GETX S->M misses (upgrade misses)
   PUTS: 59671 # Clean evictions (from lower level)
   PUTX: 205375 # Dirty evictions (from lower level)
   INV: 0 # Invalidates (from upper level)
   INVX: 0 # Downgrades (from upper level)
   FWD: 0 # Forwards (from upper level)
   latGETnl: 69171075 # GET request latency on next level
   latGETnet: 0 # GET request latency on network to next level
  l3-0b3: # Cache stats
   hGETS: 723 # GETS hits
   hGETX: 44 # GETX hits
   mGETS: 67801 # GETS misses
   mGETXIM: 239636 # GETX I->M misses
   mGETXSM: 0 # GETX S->M misses (upgrade misses)
   PUTS: 59767 # Clean evictions (from lower level)
   PUTX: 205330 # Dirty evictions (from lower level)
   INV: 0 # Invalidates (from upper level)
   INVX: 0 # Downgrades (from upper level)
   FWD: 0 # Forwards (from upper level)
   latGETnl: 69173325 # GET request latency on next level
   latGETnet: 0 # GET request latency on network to next level
  l3-0b4: # Cache stats
   hGETS: 613 # GETS hits
   hGETX: 58 # GETX hits
   mGETS: 68033 # GETS misses
   mGETXIM: 239643 # GETX I->M misses
   mGETXSM: 0 # GETX S->M misses (upgrade misses)
   PUTS: 59688 # Clean evictions (from lower level)
   PUTX: 205234 # Dirty evictions (from lower level)
   INV: 0 # Invalidates (from upper level)
   INVX: 0 # Downgrades (from upper level)
   FWD: 0 # Forwards (from upper level)
   latGETnl: 69227100 # GET request latency on next level
   latGETnet: 0 # GET request latency on network to next level
  l3-0b5: # Cache stats
   hGETS: 690 # GETS hits
   hGETX: 88 # GETX hits
   mGETS: 67965 # GETS misses
   mGETXIM: 239641 # GETX I->M misses
   mGETXSM: 0 # GETX S->M misses (upgrade misses)
   PUTS: 59626 # Clean evictions (from lower level)
   PUTX: 205200 # Dirty evictions (from lower level)
   INV: 0 # Invalidates (from upper level)
   INVX: 0 # Downgrades (from upper level)
   FWD: 0 # Forwards (from upper level)
   latGETnl: 69211350 # GET request latency on next level
   latGETnet: 0 # GET request latency on network to next level
  l3-0b6: # Cache stats
   hGETS: 556 # GETS hits
   hGETX: 9 # GETX hits
   mGETS: 68031 # GETS misses
   mGETXIM: 239637 # GETX I->M misses
   mGETXSM: 0 # GETX S->M misses (upgrade misses)
   PUTS: 59684 # Clean evictions (from lower level)
   PUTX: 205216 # Dirty evictions (from lower level)
   INV: 0 # Invalidates (from upper level)
   INVX: 0 # Downgrades (from upper level)
   FWD: 0 # Forwards (from upper level)
   latGETnl: 69225300 # GET request latency on next level
   latGETnet: 0 # GET request latency on network to next level
  l3-0b7: # Cache stats
   hGETS: 1173 # GETS hits
   hGETX: 24 # GETX hits
   mGETS: 68170 # GETS misses
   mGETXIM: 239636 # GETX I->M misses
   mGETXSM: 0 # GETX S->M misses (upgrade misses)
   PUTS: 60440 # Clean evictions (from lower level)
   PUTX: 205255 # Dirty evictions (from lower level)
   INV: 0 # Invalidates (from upper level)
   INVX: 0 # Downgrades (from upper level)
   FWD: 0 # Forwards (from upper level)
   latGETnl: 69256350 # GET request latency on next level
   latGETnet: 0 # GET request latency on network to next level
  l3-0b8: # Cache stats
   hGETS: 700 # GETS hits
   hGETX: 47 # GETX hits
   mGETS: 67532 # GETS misses
   mGETXIM: 239648 # GETX I->M misses
   mGETXSM: 0 # GETX S->M misses (upgrade misses)
   PUTS: 59785 # Clean evictions (from lower level)
   PUTX: 205414 # Dirty evictions (from lower level)
   INV: 0 # Invalidates (from upper level)
   INVX: 0 # Downgrades (from upper level)
   FWD: 0 # Forwards (from upper level)
   latGETnl: 69115500 # GET request latency on next level
   latGETnet: 0 # GET request latency on network to next level
  l3-0b9: # Cache stats
   hGETS: 703 # GETS hits
   hGETX: 54 # GETX hits
   mGETS: 67615 # GETS misses
   mGETXIM: 239635 # GETX I->M misses
   mGETXSM: 0 # GETX S->M misses (upgrade misses)
   PUTS: 59851 # Clean evictions (from lower level)
   PUTX: 205537 # Dirty evictions (from lower level)
   INV: 0 # Invalidates (from upper level)
   INVX: 0 # Downgrades (from upper level)
   FWD: 0 # Forwards (from upper level)
   latGETnl: 69131250 # GET request latency on next level
   latGETnet: 0 # GET request latency on network to next level
  l3-0b10: # Cache stats
   hGETS: 1280 # GETS hits
   hGETX: 32 # GETX hits
   mGETS: 67567 # GETS misses
   mGETXIM: 239634 # GETX I->M misses
   mGETXSM: 0 # GETX S->M misses (upgrade misses)
   PUTS: 60342 # Clean evictions (from lower level)
   PUTX: 205513 # Dirty evictions (from lower level)
   INV: 0 # Invalidates (from upper level)
   INVX: 0 # Downgrades (from upper level)
   FWD: 0 # Forwards (from upper level)
   latGETnl: 69120225 # GET request latency on next level
   latGETnet: 0 # GET request latency on network to next level
  l3-0b11: # Cache stats
   hGETS: 798 # GETS hits
   hGETX: 32 # GETX hits
   mGETS: 67507 # GETS misses
   mGETXIM: 239637 # GETX I->M misses
   mGETXSM: 0 # GETX S->M misses (upgrade misses)
   PUTS: 59763 # Clean evictions (from lower level)
   PUTX: 205577 # Dirty evictions (from lower level)
   INV: 0 # Invalidates (from upper level)
   INVX: 0 # Downgrades (from upper level)
   FWD: 0 # Forwards (from upper level)
   latGETnl: 69107400 # GET request latency on next level
   latGETnet: 0 # GET request latency on network to next level
  l3-0b12: # Cache stats
   hGETS: 1275 # GETS hits
   hGETX: 19 # GETX hits
   mGETS: 67443 # GETS misses
   mGETXIM: 239637 # GETX I->M misses
   mGETXSM: 0 # GETX S->M misses (upgrade misses)
   PUTS: 60309 # Clean evictions (from lower level)
   PUTX: 205700 # Dirty evictions (from lower level)
   INV: 0 # Invalidates (from upper level)
   INVX: 0 # Downgrades (from upper level)
   FWD: 0 # Forwards (from upper level)
   latGETnl: 69093000 # GET request latency on next level
   latGETnet: 0 # GET request latency on network to next level
  l3-0b13: # Cache stats
   hGETS: 1255 # GETS hits
   hGETX: 41 # GETX hits
   mGETS: 67526 # GETS misses
   mGETXIM: 239646 # GETX I->M misses
   mGETXSM: 0 # GETX S->M misses (upgrade misses)
   PUTS: 60349 # Clean evictions (from lower level)
   PUTX: 205681 # Dirty evictions (from lower level)
   INV: 0 # Invalidates (from upper level)
   INVX: 0 # Downgrades (from upper level)
   FWD: 0 # Forwards (from upper level)
   latGETnl: 69113700 # GET request latency on next level
   latGETnet: 0 # GET request latency on network to next level
  l3-0b14: # Cache stats
   hGETS: 1212 # GETS hits
   hGETX: 86 # GETX hits
   mGETS: 67534 # GETS misses
   mGETXIM: 239647 # GETX I->M misses
   mGETXSM: 0 # GETX S->M misses (upgrade misses)
   PUTS: 60154 # Clean evictions (from lower level)
   PUTX: 205605 # Dirty evictions (from lower level)
   INV: 0 # Invalidates (from upper level)
   INVX: 0 # Downgrades (from upper level)
   FWD: 0 # Forwards (from upper level)
   latGETnl: 69115725 # GET request latency on next level
   latGETnet: 0 # GET request latency on network to next level
  l3-0b15: # Cache stats
   hGETS: 1210 # GETS hits
   hGETX: 62 # GETX hits
   mGETS: 67487 # GETS misses
   mGETXIM: 239651 # GETX I->M misses
   mGETXSM: 0 # GETX S->M misses (upgrade misses)
   PUTS: 60138 # Clean evictions (from lower level)
   PUTX: 205412 # Dirty evictions (from lower level)
   INV: 0 # Invalidates (from upper level)
   INVX: 0 # Downgrades (from upper level)
   FWD: 0 # Forwards (from upper level)
   latGETnl: 69106050 # GET request latency on next level
   latGETnet: 0 # GET request latency on network to next level
  l3-0b16: # Cache stats
   hGETS: 698 # GETS hits
   hGETX: 22 # GETX hits
   mGETS: 67647 # GETS misses
   mGETXIM: 239551 # GETX I->M misses
   mGETXSM: 0 # GETX S->M misses (upgrade misses)
   PUTS: 59667 # Clean evictions (from lower level)
   PUTX: 205387 # Dirty evictions (from lower level)
   INV: 0 # Invalidates (from upper level)
   INVX: 0 # Downgrades (from upper level)
   FWD: 0 # Forwards (from upper level)
   latGETnl: 69119550 # GET request latency on next level
   latGETnet: 0 # GET request latency on network to next level
  l3-0b17: # Cache stats
   hGETS: 830 # GETS hits
   hGETX: 12 # GETX hits
   mGETS: 67582 # GETS misses
   mGETXIM: 239548 # GETX I->M misses
   mGETXSM: 0 # GETX S->M misses (upgrade misses)
   PUTS: 59742 # Clean evictions (from lower level)
   PUTX: 205294 # Dirty evictions (from lower level)
   INV: 0 # Invalidates (from upper level)
   INVX: 0 # Downgrades (from upper level)
   FWD: 0 # Forwards (from upper level)
   latGETnl: 69104250 # GET request latency on next level
   latGETnet: 0 # GET request latency on network to next level
  l3-0b18: # Cache stats
   hGETS: 732 # GETS hits
   hGETX: 36 # GETX hits
   mGETS: 67532 # GETS misses
   mGETXIM: 239544 # GETX I->M misses
   mGETXSM: 0 # GETX S->M misses (upgrade misses)
   PUTS: 59657 # Clean evictions (from lower level)
   PUTX: 205421 # Dirty evictions (from lower level)
   INV: 0 # Invalidates (from upper level)
   INVX: 0 # Downgrades (from upper level)
   FWD: 0 # Forwards (from upper level)
   latGETnl: 69092100 # GET request latency on next level
   latGETnet: 0 # GET request latency on network to next level
  l3-0b19: # Cache stats
   hGETS: 783 # GETS hits
   hGETX: 50 # GETX hits
   mGETS: 67563 # GETS misses
   mGETXIM: 239545 # GETX I->M misses
   mGETXSM: 0 # GETX S->M misses (upgrade misses)
   PUTS: 59685 # Clean evictions (from lower level)
   PUTX: 205327 # Dirty evictions (from lower level)
   INV: 0 # Invalidates (from upper level)
   INVX: 0 # Downgrades (from upper level)
   FWD: 0 # Forwards (from upper level)
   latGETnl: 69099300 # GET request latency on next level
   latGETnet: 0 # GET request latency on network to next level
  l3-0b20: # Cache stats
   hGETS: 312 # GETS hits
   hGETX: 5 # GETX hits
   mGETS: 67385 # GETS misses
   mGETXIM: 239541 # GETX I->M misses
   mGETXSM: 0 # GETX S->M misses (upgrade misses)
   PUTS: 59162 # Clean evictions (from lower level)
   PUTX: 205386 # Dirty evictions (from lower level)
   INV: 0 # Invalidates (from upper level)
   INVX: 0 # Downgrades (from upper level)
   FWD: 0 # Forwards (from upper level)
   latGETnl: 69058350 # GET request latency on next level
   latGETnet: 0 # GET request latency on network to next level
  l3-0b21: # Cache stats
   hGETS: 350 # GETS hits
   hGETX: 0 # GETX hits
   mGETS: 67369 # GETS misses
   mGETXIM: 239540 # GETX I->M misses
   mGETXSM: 0 # GETX S->M misses (upgrade misses)
   PUTS: 59204 # Clean evictions (from lower level)
   PUTX: 205438 # Dirty evictions (from lower level)
   INV: 0 # Invalidates (from upper level)
   INVX: 0 # Downgrades (from upper level)
   FWD: 0 # Forwards (from upper level)
   latGETnl: 69054525 # GET request latency on next level
   latGETnet: 0 # GET request latency on network to next level
  l3-0b22: # Cache stats
   hGETS: 402 # GETS hits
   hGETX: 21 # GETX hits
   mGETS: 67310 # GETS misses
   mGETXIM: 239545 # GETX I->M misses
   mGETXSM: 0 # GETX S->M misses (upgrade misses)
   PUTS: 59265 # Clean evictions (from lower level)
   PUTX: 205731 # Dirty evictions (from lower level)
   INV: 0 # Invalidates (from upper level)
   INVX: 0 # Downgrades (from upper level)
   FWD: 0 # Forwards (from upper level)
   latGETnl: 69042375 # GET request latency on next level
   latGETnet: 0 # GET request latency on network to next level
  l3-0b23: # Cache stats
   hGETS: 256 # GETS hits
   hGETX: 16 # GETX hits
   mGETS: 67217 # GETS misses
   mGETXIM: 239544 # GETX I->M misses
   mGETXSM: 0 # GETX S->M misses (upgrade misses)
   PUTS: 59112 # Clean evictions (from lower level)
   PUTX: 205678 # Dirty evictions (from lower level)
   INV: 0 # Invalidates (from upper level)
   INVX: 0 # Downgrades (from upper level)
   FWD: 0 # Forwards (from upper level)
   latGETnl: 69021225 # GET request latency on next level
   latGETnet: 0 # GET request latency on network to next level
 mem: # Memory controller stats
  mem-0: # Memory controller stats
   rd: 7334991 # Read requests
   wr: 5274386 # Write requests
   rdlat: 4988459324 # Total latency experienced by read requests
   wrlat: 3744371652 # Total latency experienced by write requests
 sched: # Scheduler stats
  thCr: 25 # Threads created
  thFn: 25 # Threads finished
  schedEvs: 27 # Schedule events
  waitEvs: 3 # Wait events
  handoffEvs: 1 # Handoff events
  sleepEvs: 1 # Sleep events
  idlePhases: 0 # Phases with no thread active
  idlePeriods: 0 # Periods with no thread active
  occHist: # Occupancy histogram
   0: 0
   1: 36
   2: 0
   3: 2
   4: 2
   5: 1
   6: 1
   7: 0
   8: 1
   9: 0
   10: 0
   11: 0
   12: 1
   13: 0
   14: 1
   15: 0
   16: 0
   17: 1
   18: 0
   19: 0
   20: 1
   21: 0
   22: 1
   23: 44318
   24: 0
  rqSzHist: # Run queue size histogram
   0: 44338
   1: 28
   2: 0
   3: 0
   4: 0
   5: 0
   6: 0
   7: 0
   8: 0
   9: 0
   10: 0
   11: 0
   12: 0
   13: 0
   14: 0
   15: 0
   16: 0
   17: 0
   18: 0
   19: 0
   20: 0
   21: 0
   22: 0
   23: 0
   24: 0
 procCycles: # Per-process unhalted core cycles
  0: 1019481735
  1: 0
  2: 0
  3: 0
  4: 0
  5: 0
  6: 0
  7: 0
  8: 0
  9: 0
  10: 0
  11: 0
  12: 0
  13: 0
  14: 0
  15: 0
  16: 0
  17: 0
  18: 0
  19: 0
  20: 0
  21: 0
  22: 0
  23: 0
  24: 0
  25: 0
  26: 0
  27: 0
  28: 0
  29: 0
  30: 0
  31: 0
  32: 0
  33: 0
  34: 0
  35: 0
  36: 0
  37: 0
  38: 0
  39: 0
  40: 0
  41: 0
  42: 0
  43: 0
  44: 0
  45: 0
  46: 0
  47: 0
  48: 0
  49: 0
  50: 0
  51: 0
  52: 0
  53: 0
  54: 0
  55: 0
  56: 0
  57: 0
  58: 0
  59: 0
  60: 0
  61: 0
  62: 0
  63: 0
 procInstrs: # Per-process instructions
  0: 504002448
  1: 0
  2: 0
  3: 0
  4: 0
  5: 0
  6: 0
  7: 0
  8: 0
  9: 0
  10: 0
  11: 0
  12: 0
  13: 0
  14: 0
  15: 0
  16: 0
  17: 0
  18: 0
  19: 0
  20: 0
  21: 0
  22: 0
  23: 0
  24: 0
  25: 0
  26: 0
  27: 0
  28: 0
  29: 0
  30: 0
  31: 0
  32: 0
  33: 0
  34: 0
  35: 0
  36: 0
  37: 0
  38: 0
  39: 0
  40: 0
  41: 0
  42: 0
  43: 0
  44: 0
  45: 0
  46: 0
  47: 0
  48: 0
  49: 0
  50: 0
  51: 0
  52: 0
  53: 0
  54: 0
  55: 0
  56: 0
  57: 0
  58: 0
  59: 0
  60: 0
  61: 0
  62: 0
  63: 0
 heartbeats: # Per-process heartbeats
  0: 0
  1: 0
  2: 0
  3: 0
  4: 0
  5: 0
  6: 0
  7: 0
  8: 0
  9: 0
  10: 0
  11: 0
  12: 0
  13: 0
  14: 0
  15: 0
  16: 0
  17: 0
  18: 0
  19: 0
  20: 0
  21: 0
  22: 0
  23: 0
  24: 0
  25: 0
  26: 0
  27: 0
  28: 0
  29: 0
  30: 0
  31: 0
  32: 0
  33: 0
  34: 0
  35: 0
  36: 0
  37: 0
  38: 0
  39: 0
  40: 0
  41: 0
  42: 0
  43: 0
  44: 0
  45: 0
  46: 0
  47: 0
  48: 0
  49: 0
  50: 0
  51: 0
  52: 0
  53: 0
  54: 0
  55: 0
  56: 0
  57: 0
  58: 0
  59: 0
  60: 0
  61: 0
  62: 0
  63: 0
===
