# zsim stats
===
root: # Stats
 contention: # Contention simulation stats
  domain-0: # Domain stats
   time: 9155331924 # Weave simulation time
 time: # Simulator time breakdown
  init: 3078646174
  bound: 744212841593
  weave: 14515748642
  ff: 2954326
 trigger: 20000 # Reason for this stats dump
 phase: 185456 # Simulated phases
 reqCycles: 0 # Requeue Cycles
 skylake: # Core stats
  skylake-0: # Core stats
   cycles: 185456133 # Simulated unhalted cycles
   cCycles: 1027130 # Cycles due to contention stalls
   instrs: 275378763 # Simulated instructions
   uops: 185197095 # issued micro-ops
   bbls: 91391434 # Basic blocks
   approxInstrs: 696519 # Instrs with approx uop decoding
   mispredBranches: 101361 # Mispredicted branches
   IdqNotDelivered: 184429003 # Stalls no uop delivered when no Bkend Stall
   IntMiscRecoveryCycles: 820399 # Stalls waiting machine clears
   uops executed: 185899214 # Executed microoperations
  skylake-1: # Core stats
   cycles: 185432128 # Simulated unhalted cycles
   cCycles: 1027143 # Cycles due to contention stalls
   instrs: 275377577 # Simulated instructions
   uops: 185195761 # issued micro-ops
   bbls: 91391210 # Basic blocks
   approxInstrs: 696515 # Instrs with approx uop decoding
   mispredBranches: 101332 # Mispredicted branches
   IdqNotDelivered: 184404985 # Stalls no uop delivered when no Bkend Stall
   IntMiscRecoveryCycles: 815475 # Stalls waiting machine clears
   uops executed: 185897866 # Executed microoperations
  skylake-2: # Core stats
   cycles: 185429531 # Simulated unhalted cycles
   cCycles: 1027129 # Cycles due to contention stalls
   instrs: 275374872 # Simulated instructions
   uops: 185193702 # issued micro-ops
   bbls: 91390377 # Basic blocks
   approxInstrs: 696510 # Instrs with approx uop decoding
   mispredBranches: 101330 # Mispredicted branches
   IdqNotDelivered: 184402402 # Stalls no uop delivered when no Bkend Stall
   IntMiscRecoveryCycles: 816269 # Stalls waiting machine clears
   uops executed: 185895830 # Executed microoperations
  skylake-3: # Core stats
   cycles: 185430713 # Simulated unhalted cycles
   cCycles: 1027113 # Cycles due to contention stalls
   instrs: 275377312 # Simulated instructions
   uops: 185195450 # issued micro-ops
   bbls: 91391155 # Basic blocks
   approxInstrs: 696512 # Instrs with approx uop decoding
   mispredBranches: 101325 # Mispredicted branches
   IdqNotDelivered: 184403600 # Stalls no uop delivered when no Bkend Stall
   IntMiscRecoveryCycles: 815592 # Stalls waiting machine clears
   uops executed: 185897574 # Executed microoperations
  skylake-4: # Core stats
   cycles: 185429047 # Simulated unhalted cycles
   cCycles: 1027111 # Cycles due to contention stalls
   instrs: 275377356 # Simulated instructions
   uops: 185195503 # issued micro-ops
   bbls: 91391167 # Basic blocks
   approxInstrs: 696513 # Instrs with approx uop decoding
   mispredBranches: 101328 # Mispredicted branches
   IdqNotDelivered: 184401936 # Stalls no uop delivered when no Bkend Stall
   IntMiscRecoveryCycles: 815572 # Stalls waiting machine clears
   uops executed: 185897609 # Executed microoperations
  skylake-5: # Core stats
   cycles: 185428012 # Simulated unhalted cycles
   cCycles: 1027136 # Cycles due to contention stalls
   instrs: 275376895 # Simulated instructions
   uops: 185195169 # issued micro-ops
   bbls: 91391016 # Basic blocks
   approxInstrs: 696511 # Instrs with approx uop decoding
   mispredBranches: 101324 # Mispredicted branches
   IdqNotDelivered: 184400876 # Stalls no uop delivered when no Bkend Stall
   IntMiscRecoveryCycles: 814936 # Stalls waiting machine clears
   uops executed: 185897295 # Executed microoperations
  skylake-6: # Core stats
   cycles: 185427893 # Simulated unhalted cycles
   cCycles: 1027132 # Cycles due to contention stalls
   instrs: 275376719 # Simulated instructions
   uops: 185194744 # issued micro-ops
   bbls: 91391031 # Basic blocks
   approxInstrs: 696507 # Instrs with approx uop decoding
   mispredBranches: 101322 # Mispredicted branches
   IdqNotDelivered: 184400761 # Stalls no uop delivered when no Bkend Stall
   IntMiscRecoveryCycles: 816734 # Stalls waiting machine clears
   uops executed: 185896854 # Executed microoperations
  skylake-7: # Core stats
   cycles: 185427023 # Simulated unhalted cycles
   cCycles: 1027113 # Cycles due to contention stalls
   instrs: 275376697 # Simulated instructions
   uops: 185194719 # issued micro-ops
   bbls: 91391025 # Basic blocks
   approxInstrs: 696507 # Instrs with approx uop decoding
   mispredBranches: 101321 # Mispredicted branches
   IdqNotDelivered: 184399910 # Stalls no uop delivered when no Bkend Stall
   IntMiscRecoveryCycles: 815862 # Stalls waiting machine clears
   uops executed: 185896836 # Executed microoperations
  skylake-8: # Core stats
   cycles: 185427002 # Simulated unhalted cycles
   cCycles: 1027111 # Cycles due to contention stalls
   instrs: 275375473 # Simulated instructions
   uops: 185194221 # issued micro-ops
   bbls: 91390542 # Basic blocks
   approxInstrs: 696511 # Instrs with approx uop decoding
   mispredBranches: 101324 # Mispredicted branches
   IdqNotDelivered: 184399891 # Stalls no uop delivered when no Bkend Stall
   IntMiscRecoveryCycles: 815000 # Stalls waiting machine clears
   uops executed: 185896347 # Executed microoperations
  skylake-9: # Core stats
   cycles: 185426750 # Simulated unhalted cycles
   cCycles: 1027157 # Cycles due to contention stalls
   instrs: 275376696 # Simulated instructions
   uops: 185194717 # issued micro-ops
   bbls: 91391024 # Basic blocks
   approxInstrs: 696507 # Instrs with approx uop decoding
   mispredBranches: 101321 # Mispredicted branches
   IdqNotDelivered: 184399593 # Stalls no uop delivered when no Bkend Stall
   IntMiscRecoveryCycles: 815674 # Stalls waiting machine clears
   uops executed: 185896834 # Executed microoperations
  skylake-10: # Core stats
   cycles: 185426930 # Simulated unhalted cycles
   cCycles: 1027114 # Cycles due to contention stalls
   instrs: 275376691 # Simulated instructions
   uops: 185194711 # issued micro-ops
   bbls: 91391023 # Basic blocks
   approxInstrs: 696507 # Instrs with approx uop decoding
   mispredBranches: 101321 # Mispredicted branches
   IdqNotDelivered: 184399816 # Stalls no uop delivered when no Bkend Stall
   IntMiscRecoveryCycles: 815719 # Stalls waiting machine clears
   uops executed: 185896827 # Executed microoperations
  skylake-11: # Core stats
   cycles: 185426012 # Simulated unhalted cycles
   cCycles: 1027126 # Cycles due to contention stalls
   instrs: 275376382 # Simulated instructions
   uops: 185194717 # issued micro-ops
   bbls: 91390826 # Basic blocks
   approxInstrs: 696509 # Instrs with approx uop decoding
   mispredBranches: 101321 # Mispredicted branches
   IdqNotDelivered: 184398886 # Stalls no uop delivered when no Bkend Stall
   IntMiscRecoveryCycles: 815819 # Stalls waiting machine clears
   uops executed: 185896931 # Executed microoperations
  skylake-12: # Core stats
   cycles: 185426011 # Simulated unhalted cycles
   cCycles: 1027123 # Cycles due to contention stalls
   instrs: 275376697 # Simulated instructions
   uops: 185194719 # issued micro-ops
   bbls: 91391025 # Basic blocks
   approxInstrs: 696507 # Instrs with approx uop decoding
   mispredBranches: 101321 # Mispredicted branches
   IdqNotDelivered: 184398888 # Stalls no uop delivered when no Bkend Stall
   IntMiscRecoveryCycles: 815823 # Stalls waiting machine clears
   uops executed: 185896836 # Executed microoperations
  skylake-13: # Core stats
   cycles: 185425705 # Simulated unhalted cycles
   cCycles: 1027129 # Cycles due to contention stalls
   instrs: 275376324 # Simulated instructions
   uops: 185194454 # issued micro-ops
   bbls: 91390902 # Basic blocks
   approxInstrs: 696505 # Instrs with approx uop decoding
   mispredBranches: 101318 # Mispredicted branches
   IdqNotDelivered: 184398576 # Stalls no uop delivered when no Bkend Stall
   IntMiscRecoveryCycles: 815200 # Stalls waiting machine clears
   uops executed: 185896584 # Executed microoperations
  skylake-14: # Core stats
   cycles: 185425218 # Simulated unhalted cycles
   cCycles: 1027128 # Cycles due to contention stalls
   instrs: 275376691 # Simulated instructions
   uops: 185194711 # issued micro-ops
   bbls: 91391023 # Basic blocks
   approxInstrs: 696507 # Instrs with approx uop decoding
   mispredBranches: 101321 # Mispredicted branches
   IdqNotDelivered: 184398090 # Stalls no uop delivered when no Bkend Stall
   IntMiscRecoveryCycles: 815412 # Stalls waiting machine clears
   uops executed: 185896827 # Executed microoperations
  skylake-15: # Core stats
   cycles: 185425047 # Simulated unhalted cycles
   cCycles: 1027114 # Cycles due to contention stalls
   instrs: 275376696 # Simulated instructions
   uops: 185194717 # issued micro-ops
   bbls: 91391024 # Basic blocks
   approxInstrs: 696507 # Instrs with approx uop decoding
   mispredBranches: 101321 # Mispredicted branches
   IdqNotDelivered: 184397933 # Stalls no uop delivered when no Bkend Stall
   IntMiscRecoveryCycles: 815216 # Stalls waiting machine clears
   uops executed: 185896834 # Executed microoperations
  skylake-16: # Core stats
   cycles: 185424013 # Simulated unhalted cycles
   cCycles: 1027115 # Cycles due to contention stalls
   instrs: 275376087 # Simulated instructions
   uops: 185194296 # issued micro-ops
   bbls: 91390823 # Basic blocks
   approxInstrs: 696505 # Instrs with approx uop decoding
   mispredBranches: 101318 # Mispredicted branches
   IdqNotDelivered: 184396898 # Stalls no uop delivered when no Bkend Stall
   IntMiscRecoveryCycles: 815004 # Stalls waiting machine clears
   uops executed: 185896426 # Executed microoperations
  skylake-17: # Core stats
   cycles: 185425048 # Simulated unhalted cycles
   cCycles: 1027117 # Cycles due to contention stalls
   instrs: 275376696 # Simulated instructions
   uops: 185194717 # issued micro-ops
   bbls: 91391024 # Basic blocks
   approxInstrs: 696507 # Instrs with approx uop decoding
   mispredBranches: 101321 # Mispredicted branches
   IdqNotDelivered: 184397931 # Stalls no uop delivered when no Bkend Stall
   IntMiscRecoveryCycles: 815412 # Stalls waiting machine clears
   uops executed: 185896834 # Executed microoperations
  skylake-18: # Core stats
   cycles: 185424013 # Simulated unhalted cycles
   cCycles: 1027128 # Cycles due to contention stalls
   instrs: 275375979 # Simulated instructions
   uops: 185194224 # issued micro-ops
   bbls: 91390787 # Basic blocks
   approxInstrs: 696505 # Instrs with approx uop decoding
   mispredBranches: 101318 # Mispredicted branches
   IdqNotDelivered: 184396885 # Stalls no uop delivered when no Bkend Stall
   IntMiscRecoveryCycles: 815004 # Stalls waiting machine clears
   uops executed: 185896354 # Executed microoperations
  skylake-19: # Core stats
   cycles: 185424001 # Simulated unhalted cycles
   cCycles: 1027120 # Cycles due to contention stalls
   instrs: 275375628 # Simulated instructions
   uops: 185193990 # issued micro-ops
   bbls: 91390670 # Basic blocks
   approxInstrs: 696505 # Instrs with approx uop decoding
   mispredBranches: 101318 # Mispredicted branches
   IdqNotDelivered: 184396881 # Stalls no uop delivered when no Bkend Stall
   IntMiscRecoveryCycles: 815347 # Stalls waiting machine clears
   uops executed: 185896120 # Executed microoperations
  skylake-20: # Core stats
   cycles: 185424001 # Simulated unhalted cycles
   cCycles: 1027122 # Cycles due to contention stalls
   instrs: 275375667 # Simulated instructions
   uops: 185194016 # issued micro-ops
   bbls: 91390683 # Basic blocks
   approxInstrs: 696505 # Instrs with approx uop decoding
   mispredBranches: 101318 # Mispredicted branches
   IdqNotDelivered: 184396879 # Stalls no uop delivered when no Bkend Stall
   IntMiscRecoveryCycles: 815347 # Stalls waiting machine clears
   uops executed: 185896146 # Executed microoperations
  skylake-21: # Core stats
   cycles: 185424012 # Simulated unhalted cycles
   cCycles: 1027140 # Cycles due to contention stalls
   instrs: 275356908 # Simulated instructions
   uops: 185182852 # issued micro-ops
   bbls: 91383924 # Basic blocks
   approxInstrs: 696448 # Instrs with approx uop decoding
   mispredBranches: 101394 # Mispredicted branches
   IdqNotDelivered: 184396872 # Stalls no uop delivered when no Bkend Stall
   IntMiscRecoveryCycles: 817982 # Stalls waiting machine clears
   uops executed: 185885002 # Executed microoperations
  skylake-22: # Core stats
   cycles: 185422704 # Simulated unhalted cycles
   cCycles: 1027141 # Cycles due to contention stalls
   instrs: 275373081 # Simulated instructions
   uops: 185192317 # issued micro-ops
   bbls: 91389821 # Basic blocks
   approxInstrs: 696499 # Instrs with approx uop decoding
   mispredBranches: 101315 # Mispredicted branches
   IdqNotDelivered: 184395563 # Stalls no uop delivered when no Bkend Stall
   IntMiscRecoveryCycles: 815045 # Stalls waiting machine clears
   uops executed: 185894461 # Executed microoperations
  skylake-23: # Core stats
   cycles: 0 # Simulated unhalted cycles
   cCycles: 0 # Cycles due to contention stalls
   instrs: 0 # Simulated instructions
   uops: 0 # issued micro-ops
   bbls: 0 # Basic blocks
   approxInstrs: 0 # Instrs with approx uop decoding
   mispredBranches: 0 # Mispredicted branches
   IdqNotDelivered: 0 # Stalls no uop delivered when no Bkend Stall
   IntMiscRecoveryCycles: 0 # Stalls waiting machine clears
   uops executed: 0 # Executed microoperations
 l1d: # Cache stats
  l1d-0: # Filter cache stats
   fhGETS: 647597 # Filtered GETS hits
   fhGETX: 641068 # Filtered GETX hits
   hGETS: 8495 # GETS hits
   hGETX: 14391 # GETX hits
   mGETS: 47871 # GETS misses
   mGETXIM: 250120 # GETX I->M misses
   mGETXSM: 7 # GETX S->M misses (upgrade misses)
   PUTS: 0 # Clean evictions (from lower level)
   PUTX: 0 # Dirty evictions (from lower level)
   INV: 95 # Invalidates (from upper level)
   INVX: 93 # Downgrades (from upper level)
   FWD: 0 # Forwards (from upper level)
   latGETnl: 53320844 # GET request latency on next level
   latGETnet: 0 # GET request latency on network to next level
  l1d-1: # Filter cache stats
   fhGETS: 647324 # Filtered GETS hits
   fhGETX: 640890 # Filtered GETX hits
   hGETS: 8419 # GETS hits
   hGETX: 14358 # GETX hits
   mGETS: 47827 # GETS misses
   mGETXIM: 250087 # GETX I->M misses
   mGETXSM: 10 # GETX S->M misses (upgrade misses)
   PUTS: 0 # Clean evictions (from lower level)
   PUTX: 0 # Dirty evictions (from lower level)
   INV: 83 # Invalidates (from upper level)
   INVX: 25 # Downgrades (from upper level)
   FWD: 0 # Forwards (from upper level)
   latGETnl: 53301924 # GET request latency on next level
   latGETnet: 0 # GET request latency on network to next level
  l1d-2: # Filter cache stats
   fhGETS: 647210 # Filtered GETS hits
   fhGETX: 640825 # Filtered GETX hits
   hGETS: 8394 # GETS hits
   hGETX: 14341 # GETX hits
   mGETS: 47813 # GETS misses
   mGETXIM: 250078 # GETX I->M misses
   mGETXSM: 5 # GETX S->M misses (upgrade misses)
   PUTS: 0 # Clean evictions (from lower level)
   PUTX: 0 # Dirty evictions (from lower level)
   INV: 57 # Invalidates (from upper level)
   INVX: 5 # Downgrades (from upper level)
   FWD: 0 # Forwards (from upper level)
   latGETnl: 53298792 # GET request latency on next level
   latGETnet: 0 # GET request latency on network to next level
  l1d-3: # Filter cache stats
   fhGETS: 647246 # Filtered GETS hits
   fhGETX: 640847 # Filtered GETX hits
   hGETS: 8425 # GETS hits
   hGETX: 14368 # GETX hits
   mGETS: 47819 # GETS misses
   mGETXIM: 250079 # GETX I->M misses
   mGETXSM: 7 # GETX S->M misses (upgrade misses)
   PUTS: 0 # Clean evictions (from lower level)
   PUTX: 0 # Dirty evictions (from lower level)
   INV: 70 # Invalidates (from upper level)
   INVX: 36 # Downgrades (from upper level)
   FWD: 0 # Forwards (from upper level)
   latGETnl: 53302691 # GET request latency on next level
   latGETnet: 0 # GET request latency on network to next level
  l1d-4: # Filter cache stats
   fhGETS: 647252 # Filtered GETS hits
   fhGETX: 640844 # Filtered GETX hits
   hGETS: 8427 # GETS hits
   hGETX: 14372 # GETX hits
   mGETS: 47828 # GETS misses
   mGETXIM: 250081 # GETX I->M misses
   mGETXSM: 9 # GETX S->M misses (upgrade misses)
   PUTS: 0 # Clean evictions (from lower level)
   PUTX: 0 # Dirty evictions (from lower level)
   INV: 75 # Invalidates (from upper level)
   INVX: 20 # Downgrades (from upper level)
   FWD: 0 # Forwards (from upper level)
   latGETnl: 53300536 # GET request latency on next level
   latGETnet: 0 # GET request latency on network to next level
  l1d-5: # Filter cache stats
   fhGETS: 647255 # Filtered GETS hits
   fhGETX: 640858 # Filtered GETX hits
   hGETS: 8411 # GETS hits
   hGETX: 14354 # GETX hits
   mGETS: 47822 # GETS misses
   mGETXIM: 250080 # GETX I->M misses
   mGETXSM: 9 # GETX S->M misses (upgrade misses)
   PUTS: 0 # Clean evictions (from lower level)
   PUTX: 0 # Dirty evictions (from lower level)
   INV: 76 # Invalidates (from upper level)
   INVX: 20 # Downgrades (from upper level)
   FWD: 0 # Forwards (from upper level)
   latGETnl: 53300165 # GET request latency on next level
   latGETnet: 0 # GET request latency on network to next level
  l1d-6: # Filter cache stats
   fhGETS: 647111 # Filtered GETS hits
   fhGETX: 640774 # Filtered GETX hits
   hGETS: 8401 # GETS hits
   hGETX: 14332 # GETX hits
   mGETS: 47802 # GETS misses
   mGETXIM: 250079 # GETX I->M misses
   mGETXSM: 5 # GETX S->M misses (upgrade misses)
   PUTS: 0 # Clean evictions (from lower level)
   PUTX: 0 # Dirty evictions (from lower level)
   INV: 58 # Invalidates (from upper level)
   INVX: 22 # Downgrades (from upper level)
   FWD: 0 # Forwards (from upper level)
   latGETnl: 53298824 # GET request latency on next level
   latGETnet: 0 # GET request latency on network to next level
  l1d-7: # Filter cache stats
   fhGETS: 647098 # Filtered GETS hits
   fhGETX: 640773 # Filtered GETX hits
   hGETS: 8405 # GETS hits
   hGETX: 14336 # GETX hits
   mGETS: 47804 # GETS misses
   mGETXIM: 250071 # GETX I->M misses
   mGETXSM: 7 # GETX S->M misses (upgrade misses)
   PUTS: 0 # Clean evictions (from lower level)
   PUTX: 0 # Dirty evictions (from lower level)
   INV: 56 # Invalidates (from upper level)
   INVX: 18 # Downgrades (from upper level)
   FWD: 0 # Forwards (from upper level)
   latGETnl: 53298928 # GET request latency on next level
   latGETnet: 0 # GET request latency on network to next level
  l1d-8: # Filter cache stats
   fhGETS: 647242 # Filtered GETS hits
   fhGETX: 640852 # Filtered GETX hits
   hGETS: 8423 # GETS hits
   hGETX: 14364 # GETX hits
   mGETS: 47823 # GETS misses
   mGETXIM: 250076 # GETX I->M misses
   mGETXSM: 9 # GETX S->M misses (upgrade misses)
   PUTS: 0 # Clean evictions (from lower level)
   PUTX: 0 # Dirty evictions (from lower level)
   INV: 73 # Invalidates (from upper level)
   INVX: 19 # Downgrades (from upper level)
   FWD: 0 # Forwards (from upper level)
   latGETnl: 53300114 # GET request latency on next level
   latGETnet: 0 # GET request latency on network to next level
  l1d-9: # Filter cache stats
   fhGETS: 647115 # Filtered GETS hits
   fhGETX: 640762 # Filtered GETX hits
   hGETS: 8388 # GETS hits
   hGETX: 14349 # GETX hits
   mGETS: 47803 # GETS misses
   mGETXIM: 250071 # GETX I->M misses
   mGETXSM: 5 # GETX S->M misses (upgrade misses)
   PUTS: 0 # Clean evictions (from lower level)
   PUTX: 0 # Dirty evictions (from lower level)
   INV: 57 # Invalidates (from upper level)
   INVX: 19 # Downgrades (from upper level)
   FWD: 0 # Forwards (from upper level)
   latGETnl: 53299413 # GET request latency on next level
   latGETnet: 0 # GET request latency on network to next level
  l1d-10: # Filter cache stats
   fhGETS: 647103 # Filtered GETS hits
   fhGETX: 640766 # Filtered GETX hits
   hGETS: 8402 # GETS hits
   hGETX: 14341 # GETX hits
   mGETS: 47800 # GETS misses
   mGETXIM: 250074 # GETX I->M misses
   mGETXSM: 5 # GETX S->M misses (upgrade misses)
   PUTS: 0 # Clean evictions (from lower level)
   PUTX: 0 # Dirty evictions (from lower level)
   INV: 58 # Invalidates (from upper level)
   INVX: 24 # Downgrades (from upper level)
   FWD: 0 # Forwards (from upper level)
   latGETnl: 53299085 # GET request latency on next level
   latGETnet: 0 # GET request latency on network to next level
  l1d-11: # Filter cache stats
   fhGETS: 647256 # Filtered GETS hits
   fhGETX: 640851 # Filtered GETX hits
   hGETS: 8430 # GETS hits
   hGETX: 14344 # GETX hits
   mGETS: 47816 # GETS misses
   mGETXIM: 250087 # GETX I->M misses
   mGETXSM: 10 # GETX S->M misses (upgrade misses)
   PUTS: 0 # Clean evictions (from lower level)
   PUTX: 0 # Dirty evictions (from lower level)
   INV: 59 # Invalidates (from upper level)
   INVX: 5 # Downgrades (from upper level)
   FWD: 0 # Forwards (from upper level)
   latGETnl: 53300323 # GET request latency on next level
   latGETnet: 0 # GET request latency on network to next level
  l1d-12: # Filter cache stats
   fhGETS: 552788 # Filtered GETS hits
   fhGETX: 540307 # Filtered GETX hits
   hGETS: 102719 # GETS hits
   hGETX: 114795 # GETX hits
   mGETS: 47800 # GETS misses
   mGETXIM: 250079 # GETX I->M misses
   mGETXSM: 6 # GETX S->M misses (upgrade misses)
   PUTS: 0 # Clean evictions (from lower level)
   PUTX: 0 # Dirty evictions (from lower level)
   INV: 60 # Invalidates (from upper level)
   INVX: 6 # Downgrades (from upper level)
   FWD: 0 # Forwards (from upper level)
   latGETnl: 53296851 # GET request latency on next level
   latGETnet: 0 # GET request latency on network to next level
  l1d-13: # Filter cache stats
   fhGETS: 647102 # Filtered GETS hits
   fhGETX: 640762 # Filtered GETX hits
   hGETS: 8395 # GETS hits
   hGETX: 14342 # GETX hits
   mGETS: 47798 # GETS misses
   mGETXIM: 250076 # GETX I->M misses
   mGETXSM: 5 # GETX S->M misses (upgrade misses)
   PUTS: 0 # Clean evictions (from lower level)
   PUTX: 0 # Dirty evictions (from lower level)
   INV: 59 # Invalidates (from upper level)
   INVX: 5 # Downgrades (from upper level)
   FWD: 0 # Forwards (from upper level)
   latGETnl: 53296263 # GET request latency on next level
   latGETnet: 0 # GET request latency on network to next level
  l1d-14: # Filter cache stats
   fhGETS: 647115 # Filtered GETS hits
   fhGETX: 640769 # Filtered GETX hits
   hGETS: 8389 # GETS hits
   hGETX: 14337 # GETX hits
   mGETS: 47801 # GETS misses
   mGETXIM: 250074 # GETX I->M misses
   mGETXSM: 6 # GETX S->M misses (upgrade misses)
   PUTS: 0 # Clean evictions (from lower level)
   PUTX: 0 # Dirty evictions (from lower level)
   INV: 57 # Invalidates (from upper level)
   INVX: 2 # Downgrades (from upper level)
   FWD: 0 # Forwards (from upper level)
   latGETnl: 53296489 # GET request latency on next level
   latGETnet: 0 # GET request latency on network to next level
  l1d-15: # Filter cache stats
   fhGETS: 647114 # Filtered GETS hits
   fhGETX: 640766 # Filtered GETX hits
   hGETS: 8390 # GETS hits
   hGETX: 14343 # GETX hits
   mGETS: 47802 # GETS misses
   mGETXIM: 250072 # GETX I->M misses
   mGETXSM: 6 # GETX S->M misses (upgrade misses)
   PUTS: 0 # Clean evictions (from lower level)
   PUTX: 0 # Dirty evictions (from lower level)
   INV: 57 # Invalidates (from upper level)
   INVX: 2 # Downgrades (from upper level)
   FWD: 0 # Forwards (from upper level)
   latGETnl: 53296178 # GET request latency on next level
   latGETnet: 0 # GET request latency on network to next level
  l1d-16: # Filter cache stats
   fhGETS: 552775 # Filtered GETS hits
   fhGETX: 540302 # Filtered GETX hits
   hGETS: 102723 # GETS hits
   hGETX: 114799 # GETX hits
   mGETS: 47797 # GETS misses
   mGETXIM: 250078 # GETX I->M misses
   mGETXSM: 6 # GETX S->M misses (upgrade misses)
   PUTS: 0 # Clean evictions (from lower level)
   PUTX: 0 # Dirty evictions (from lower level)
   INV: 60 # Invalidates (from upper level)
   INVX: 2 # Downgrades (from upper level)
   FWD: 0 # Forwards (from upper level)
   latGETnl: 53295565 # GET request latency on next level
   latGETnet: 0 # GET request latency on network to next level
  l1d-17: # Filter cache stats
   fhGETS: 647123 # Filtered GETS hits
   fhGETX: 640777 # Filtered GETX hits
   hGETS: 8384 # GETS hits
   hGETX: 14326 # GETX hits
   mGETS: 47799 # GETS misses
   mGETXIM: 250078 # GETX I->M misses
   mGETXSM: 6 # GETX S->M misses (upgrade misses)
   PUTS: 0 # Clean evictions (from lower level)
   PUTX: 0 # Dirty evictions (from lower level)
   INV: 59 # Invalidates (from upper level)
   INVX: 2 # Downgrades (from upper level)
   FWD: 0 # Forwards (from upper level)
   latGETnl: 53296055 # GET request latency on next level
   latGETnet: 0 # GET request latency on network to next level
  l1d-18: # Filter cache stats
   fhGETS: 647107 # Filtered GETS hits
   fhGETX: 640769 # Filtered GETX hits
   hGETS: 8389 # GETS hits
   hGETX: 14339 # GETX hits
   mGETS: 47799 # GETS misses
   mGETXIM: 250071 # GETX I->M misses
   mGETXSM: 6 # GETX S->M misses (upgrade misses)
   PUTS: 0 # Clean evictions (from lower level)
   PUTX: 0 # Dirty evictions (from lower level)
   INV: 55 # Invalidates (from upper level)
   INVX: 2 # Downgrades (from upper level)
   FWD: 0 # Forwards (from upper level)
   latGETnl: 53295594 # GET request latency on next level
   latGETnet: 0 # GET request latency on network to next level
  l1d-19: # Filter cache stats
   fhGETS: 647106 # Filtered GETS hits
   fhGETX: 640763 # Filtered GETX hits
   hGETS: 8388 # GETS hits
   hGETX: 14343 # GETX hits
   mGETS: 47801 # GETS misses
   mGETXIM: 250073 # GETX I->M misses
   mGETXSM: 6 # GETX S->M misses (upgrade misses)
   PUTS: 0 # Clean evictions (from lower level)
   PUTX: 0 # Dirty evictions (from lower level)
   INV: 58 # Invalidates (from upper level)
   INVX: 2 # Downgrades (from upper level)
   FWD: 0 # Forwards (from upper level)
   latGETnl: 53296178 # GET request latency on next level
   latGETnet: 0 # GET request latency on network to next level
  l1d-20: # Filter cache stats
   fhGETS: 647084 # Filtered GETS hits
   fhGETX: 640759 # Filtered GETX hits
   hGETS: 8411 # GETS hits
   hGETX: 14345 # GETX hits
   mGETS: 47800 # GETS misses
   mGETXIM: 250075 # GETX I->M misses
   mGETXSM: 6 # GETX S->M misses (upgrade misses)
   PUTS: 0 # Clean evictions (from lower level)
   PUTX: 0 # Dirty evictions (from lower level)
   INV: 59 # Invalidates (from upper level)
   INVX: 2 # Downgrades (from upper level)
   FWD: 0 # Forwards (from upper level)
   latGETnl: 53296093 # GET request latency on next level
   latGETnet: 0 # GET request latency on network to next level
  l1d-21: # Filter cache stats
   fhGETS: 648058 # Filtered GETS hits
   fhGETX: 641138 # Filtered GETX hits
   hGETS: 8634 # GETS hits
   hGETX: 14402 # GETX hits
   mGETS: 47860 # GETS misses
   mGETXIM: 250054 # GETX I->M misses
   mGETXSM: 10 # GETX S->M misses (upgrade misses)
   PUTS: 0 # Clean evictions (from lower level)
   PUTX: 0 # Dirty evictions (from lower level)
   INV: 54 # Invalidates (from upper level)
   INVX: 3 # Downgrades (from upper level)
   FWD: 0 # Forwards (from upper level)
   latGETnl: 53301340 # GET request latency on next level
   latGETnet: 0 # GET request latency on network to next level
  l1d-22: # Filter cache stats
   fhGETS: 647118 # Filtered GETS hits
   fhGETX: 640772 # Filtered GETX hits
   hGETS: 8385 # GETS hits
   hGETX: 14333 # GETX hits
   mGETS: 47804 # GETS misses
   mGETXIM: 250074 # GETX I->M misses
   mGETXSM: 8 # GETX S->M misses (upgrade misses)
   PUTS: 0 # Clean evictions (from lower level)
   PUTX: 0 # Dirty evictions (from lower level)
   INV: 61 # Invalidates (from upper level)
   INVX: 7 # Downgrades (from upper level)
   FWD: 0 # Forwards (from upper level)
   latGETnl: 53296516 # GET request latency on next level
   latGETnet: 0 # GET request latency on network to next level
  l1d-23: # Filter cache stats
   fhGETS: 0 # Filtered GETS hits
   fhGETX: 0 # Filtered GETX hits
   hGETS: 0 # GETS hits
   hGETX: 0 # GETX hits
   mGETS: 0 # GETS misses
   mGETXIM: 0 # GETX I->M misses
   mGETXSM: 0 # GETX S->M misses (upgrade misses)
   PUTS: 0 # Clean evictions (from lower level)
   PUTX: 0 # Dirty evictions (from lower level)
   INV: 0 # Invalidates (from upper level)
   INVX: 0 # Downgrades (from upper level)
   FWD: 0 # Forwards (from upper level)
   latGETnl: 0 # GET request latency on next level
   latGETnet: 0 # GET request latency on network to next level
 l1i: # Cache stats
  l1i-0: # Filter cache stats
   fhGETS: 91986440 # Filtered GETS hits
   fhGETX: 0 # Filtered GETX hits
   hGETS: 51 # GETS hits
   hGETX: 0 # GETX hits
   mGETS: 704 # GETS misses
   mGETXIM: 0 # GETX I->M misses
   mGETXSM: 0 # GETX S->M misses (upgrade misses)
   PUTS: 0 # Clean evictions (from lower level)
   PUTX: 0 # Dirty evictions (from lower level)
   INV: 673 # Invalidates (from upper level)
   INVX: 0 # Downgrades (from upper level)
   FWD: 0 # Forwards (from upper level)
   latGETnl: 57244 # GET request latency on next level
   latGETnet: 0 # GET request latency on network to next level
  l1i-1: # Filter cache stats
   fhGETS: 91986288 # Filtered GETS hits
   fhGETX: 0 # Filtered GETX hits
   hGETS: 38 # GETS hits
   hGETX: 0 # GETX hits
   mGETS: 613 # GETS misses
   mGETXIM: 0 # GETX I->M misses
   mGETXSM: 0 # GETX S->M misses (upgrade misses)
   PUTS: 0 # Clean evictions (from lower level)
   PUTX: 0 # Dirty evictions (from lower level)
   INV: 586 # Invalidates (from upper level)
   INVX: 0 # Downgrades (from upper level)
   FWD: 0 # Forwards (from upper level)
   latGETnl: 32903 # GET request latency on next level
   latGETnet: 0 # GET request latency on network to next level
  l1i-2: # Filter cache stats
   fhGETS: 91985419 # Filtered GETS hits
   fhGETX: 0 # Filtered GETX hits
   hGETS: 34 # GETS hits
   hGETX: 0 # GETX hits
   mGETS: 633 # GETS misses
   mGETXIM: 0 # GETX I->M misses
   mGETXSM: 0 # GETX S->M misses (upgrade misses)
   PUTS: 0 # Clean evictions (from lower level)
   PUTX: 0 # Dirty evictions (from lower level)
   INV: 610 # Invalidates (from upper level)
   INVX: 0 # Downgrades (from upper level)
   FWD: 0 # Forwards (from upper level)
   latGETnl: 35427 # GET request latency on next level
   latGETnet: 0 # GET request latency on network to next level
  l1i-3: # Filter cache stats
   fhGETS: 91986202 # Filtered GETS hits
   fhGETX: 0 # Filtered GETX hits
   hGETS: 30 # GETS hits
   hGETX: 0 # GETX hits
   mGETS: 612 # GETS misses
   mGETXIM: 0 # GETX I->M misses
   mGETXSM: 0 # GETX S->M misses (upgrade misses)
   PUTS: 0 # Clean evictions (from lower level)
   PUTX: 0 # Dirty evictions (from lower level)
   INV: 589 # Invalidates (from upper level)
   INVX: 0 # Downgrades (from upper level)
   FWD: 0 # Forwards (from upper level)
   latGETnl: 32196 # GET request latency on next level
   latGETnet: 0 # GET request latency on network to next level
  l1i-4: # Filter cache stats
   fhGETS: 91986230 # Filtered GETS hits
   fhGETX: 0 # Filtered GETX hits
   hGETS: 31 # GETS hits
   hGETX: 0 # GETX hits
   mGETS: 629 # GETS misses
   mGETXIM: 0 # GETX I->M misses
   mGETXSM: 0 # GETX S->M misses (upgrade misses)
   PUTS: 0 # Clean evictions (from lower level)
   PUTX: 0 # Dirty evictions (from lower level)
   INV: 590 # Invalidates (from upper level)
   INVX: 0 # Downgrades (from upper level)
   FWD: 0 # Forwards (from upper level)
   latGETnl: 29959 # GET request latency on next level
   latGETnet: 0 # GET request latency on network to next level
  l1i-5: # Filter cache stats
   fhGETS: 91986070 # Filtered GETS hits
   fhGETX: 0 # Filtered GETX hits
   hGETS: 31 # GETS hits
   hGETX: 0 # GETX hits
   mGETS: 614 # GETS misses
   mGETXIM: 0 # GETX I->M misses
   mGETXSM: 0 # GETX S->M misses (upgrade misses)
   PUTS: 0 # Clean evictions (from lower level)
   PUTX: 0 # Dirty evictions (from lower level)
   INV: 591 # Invalidates (from upper level)
   INVX: 0 # Downgrades (from upper level)
   FWD: 0 # Forwards (from upper level)
   latGETnl: 28990 # GET request latency on next level
   latGETnet: 0 # GET request latency on network to next level
  l1i-6: # Filter cache stats
   fhGETS: 91986073 # Filtered GETS hits
   fhGETX: 0 # Filtered GETX hits
   hGETS: 29 # GETS hits
   hGETX: 0 # GETX hits
   mGETS: 607 # GETS misses
   mGETXIM: 0 # GETX I->M misses
   mGETXSM: 0 # GETX S->M misses (upgrade misses)
   PUTS: 0 # Clean evictions (from lower level)
   PUTX: 0 # Dirty evictions (from lower level)
   INV: 569 # Invalidates (from upper level)
   INVX: 0 # Downgrades (from upper level)
   FWD: 0 # Forwards (from upper level)
   latGETnl: 32621 # GET request latency on next level
   latGETnet: 0 # GET request latency on network to next level
  l1i-7: # Filter cache stats
   fhGETS: 91986058 # Filtered GETS hits
   fhGETX: 0 # Filtered GETX hits
   hGETS: 29 # GETS hits
   hGETX: 0 # GETX hits
   mGETS: 605 # GETS misses
   mGETXIM: 0 # GETX I->M misses
   mGETXSM: 0 # GETX S->M misses (upgrade misses)
   PUTS: 0 # Clean evictions (from lower level)
   PUTX: 0 # Dirty evictions (from lower level)
   INV: 573 # Invalidates (from upper level)
   INVX: 0 # Downgrades (from upper level)
   FWD: 0 # Forwards (from upper level)
   latGETnl: 30547 # GET request latency on next level
   latGETnet: 0 # GET request latency on network to next level
  l1i-8: # Filter cache stats
   fhGETS: 91985602 # Filtered GETS hits
   fhGETX: 0 # Filtered GETX hits
   hGETS: 31 # GETS hits
   hGETX: 0 # GETX hits
   mGETS: 615 # GETS misses
   mGETXIM: 0 # GETX I->M misses
   mGETXSM: 0 # GETX S->M misses (upgrade misses)
   PUTS: 0 # Clean evictions (from lower level)
   PUTX: 0 # Dirty evictions (from lower level)
   INV: 592 # Invalidates (from upper level)
   INVX: 0 # Downgrades (from upper level)
   FWD: 0 # Forwards (from upper level)
   latGETnl: 28905 # GET request latency on next level
   latGETnet: 0 # GET request latency on network to next level
  l1i-9: # Filter cache stats
   fhGETS: 91986077 # Filtered GETS hits
   fhGETX: 0 # Filtered GETX hits
   hGETS: 29 # GETS hits
   hGETX: 0 # GETX hits
   mGETS: 606 # GETS misses
   mGETXIM: 0 # GETX I->M misses
   mGETXSM: 0 # GETX S->M misses (upgrade misses)
   PUTS: 0 # Clean evictions (from lower level)
   PUTX: 0 # Dirty evictions (from lower level)
   INV: 575 # Invalidates (from upper level)
   INVX: 0 # Downgrades (from upper level)
   FWD: 0 # Forwards (from upper level)
   latGETnl: 29406 # GET request latency on next level
   latGETnet: 0 # GET request latency on network to next level
  l1i-10: # Filter cache stats
   fhGETS: 91986051 # Filtered GETS hits
   fhGETX: 0 # Filtered GETX hits
   hGETS: 29 # GETS hits
   hGETX: 0 # GETX hits
   mGETS: 602 # GETS misses
   mGETXIM: 0 # GETX I->M misses
   mGETXSM: 0 # GETX S->M misses (upgrade misses)
   PUTS: 0 # Clean evictions (from lower level)
   PUTX: 0 # Dirty evictions (from lower level)
   INV: 572 # Invalidates (from upper level)
   INVX: 0 # Downgrades (from upper level)
   FWD: 0 # Forwards (from upper level)
   latGETnl: 30406 # GET request latency on next level
   latGETnet: 0 # GET request latency on network to next level
  l1i-11: # Filter cache stats
   fhGETS: 91985814 # Filtered GETS hits
   fhGETX: 0 # Filtered GETX hits
   hGETS: 114 # GETS hits
   hGETX: 0 # GETX hits
   mGETS: 596 # GETS misses
   mGETXIM: 0 # GETX I->M misses
   mGETXSM: 0 # GETX S->M misses (upgrade misses)
   PUTS: 0 # Clean evictions (from lower level)
   PUTX: 0 # Dirty evictions (from lower level)
   INV: 573 # Invalidates (from upper level)
   INVX: 0 # Downgrades (from upper level)
   FWD: 0 # Forwards (from upper level)
   latGETnl: 29728 # GET request latency on next level
   latGETnet: 0 # GET request latency on network to next level
  l1i-12: # Filter cache stats
   fhGETS: 91986082 # Filtered GETS hits
   fhGETX: 0 # Filtered GETX hits
   hGETS: 29 # GETS hits
   hGETX: 0 # GETX hits
   mGETS: 608 # GETS misses
   mGETXIM: 0 # GETX I->M misses
   mGETXSM: 0 # GETX S->M misses (upgrade misses)
   PUTS: 0 # Clean evictions (from lower level)
   PUTX: 0 # Dirty evictions (from lower level)
   INV: 576 # Invalidates (from upper level)
   INVX: 0 # Downgrades (from upper level)
   FWD: 0 # Forwards (from upper level)
   latGETnl: 29368 # GET request latency on next level
   latGETnet: 0 # GET request latency on network to next level
  l1i-13: # Filter cache stats
   fhGETS: 91985950 # Filtered GETS hits
   fhGETX: 0 # Filtered GETX hits
   hGETS: 29 # GETS hits
   hGETX: 0 # GETX hits
   mGETS: 599 # GETS misses
   mGETXIM: 0 # GETX I->M misses
   mGETXSM: 0 # GETX S->M misses (upgrade misses)
   PUTS: 0 # Clean evictions (from lower level)
   PUTX: 0 # Dirty evictions (from lower level)
   INV: 576 # Invalidates (from upper level)
   INVX: 0 # Downgrades (from upper level)
   FWD: 0 # Forwards (from upper level)
   latGETnl: 29605 # GET request latency on next level
   latGETnet: 0 # GET request latency on network to next level
  l1i-14: # Filter cache stats
   fhGETS: 91986079 # Filtered GETS hits
   fhGETX: 0 # Filtered GETX hits
   hGETS: 29 # GETS hits
   hGETX: 0 # GETX hits
   mGETS: 606 # GETS misses
   mGETXIM: 0 # GETX I->M misses
   mGETXSM: 0 # GETX S->M misses (upgrade misses)
   PUTS: 0 # Clean evictions (from lower level)
   PUTX: 0 # Dirty evictions (from lower level)
   INV: 576 # Invalidates (from upper level)
   INVX: 0 # Downgrades (from upper level)
   FWD: 0 # Forwards (from upper level)
   latGETnl: 28614 # GET request latency on next level
   latGETnet: 0 # GET request latency on network to next level
  l1i-15: # Filter cache stats
   fhGETS: 91986079 # Filtered GETS hits
   fhGETX: 0 # Filtered GETX hits
   hGETS: 29 # GETS hits
   hGETX: 0 # GETX hits
   mGETS: 603 # GETS misses
   mGETXIM: 0 # GETX I->M misses
   mGETXSM: 0 # GETX S->M misses (upgrade misses)
   PUTS: 0 # Clean evictions (from lower level)
   PUTX: 0 # Dirty evictions (from lower level)
   INV: 572 # Invalidates (from upper level)
   INVX: 0 # Downgrades (from upper level)
   FWD: 0 # Forwards (from upper level)
   latGETnl: 28341 # GET request latency on next level
   latGETnet: 0 # GET request latency on network to next level
  l1i-16: # Filter cache stats
   fhGETS: 91985871 # Filtered GETS hits
   fhGETX: 0 # Filtered GETX hits
   hGETS: 29 # GETS hits
   hGETX: 0 # GETX hits
   mGETS: 595 # GETS misses
   mGETXIM: 0 # GETX I->M misses
   mGETXSM: 0 # GETX S->M misses (upgrade misses)
   PUTS: 0 # Clean evictions (from lower level)
   PUTX: 0 # Dirty evictions (from lower level)
   INV: 572 # Invalidates (from upper level)
   INVX: 0 # Downgrades (from upper level)
   FWD: 0 # Forwards (from upper level)
   latGETnl: 27965 # GET request latency on next level
   latGETnet: 0 # GET request latency on network to next level
  l1i-17: # Filter cache stats
   fhGETS: 91986079 # Filtered GETS hits
   fhGETX: 0 # Filtered GETX hits
   hGETS: 29 # GETS hits
   hGETX: 0 # GETX hits
   mGETS: 607 # GETS misses
   mGETXIM: 0 # GETX I->M misses
   mGETXSM: 0 # GETX S->M misses (upgrade misses)
   PUTS: 0 # Clean evictions (from lower level)
   PUTX: 0 # Dirty evictions (from lower level)
   INV: 576 # Invalidates (from upper level)
   INVX: 0 # Downgrades (from upper level)
   FWD: 0 # Forwards (from upper level)
   latGETnl: 28529 # GET request latency on next level
   latGETnet: 0 # GET request latency on network to next level
  l1i-18: # Filter cache stats
   fhGETS: 91985835 # Filtered GETS hits
   fhGETX: 0 # Filtered GETX hits
   hGETS: 29 # GETS hits
   hGETX: 0 # GETX hits
   mGETS: 595 # GETS misses
   mGETXIM: 0 # GETX I->M misses
   mGETXSM: 0 # GETX S->M misses (upgrade misses)
   PUTS: 0 # Clean evictions (from lower level)
   PUTX: 0 # Dirty evictions (from lower level)
   INV: 572 # Invalidates (from upper level)
   INVX: 0 # Downgrades (from upper level)
   FWD: 0 # Forwards (from upper level)
   latGETnl: 27965 # GET request latency on next level
   latGETnet: 0 # GET request latency on network to next level
  l1i-19: # Filter cache stats
   fhGETS: 91985721 # Filtered GETS hits
   fhGETX: 0 # Filtered GETX hits
   hGETS: 29 # GETS hits
   hGETX: 0 # GETX hits
   mGETS: 599 # GETS misses
   mGETXIM: 0 # GETX I->M misses
   mGETXSM: 0 # GETX S->M misses (upgrade misses)
   PUTS: 0 # Clean evictions (from lower level)
   PUTX: 0 # Dirty evictions (from lower level)
   INV: 576 # Invalidates (from upper level)
   INVX: 0 # Downgrades (from upper level)
   FWD: 0 # Forwards (from upper level)
   latGETnl: 28153 # GET request latency on next level
   latGETnet: 0 # GET request latency on network to next level
  l1i-20: # Filter cache stats
   fhGETS: 91985734 # Filtered GETS hits
   fhGETX: 0 # Filtered GETX hits
   hGETS: 29 # GETS hits
   hGETX: 0 # GETX hits
   mGETS: 599 # GETS misses
   mGETXIM: 0 # GETX I->M misses
   mGETXSM: 0 # GETX S->M misses (upgrade misses)
   PUTS: 0 # Clean evictions (from lower level)
   PUTX: 0 # Dirty evictions (from lower level)
   INV: 576 # Invalidates (from upper level)
   INVX: 0 # Downgrades (from upper level)
   FWD: 0 # Forwards (from upper level)
   latGETnl: 28153 # GET request latency on next level
   latGETnet: 0 # GET request latency on network to next level
  l1i-21: # Filter cache stats
   fhGETS: 91979134 # Filtered GETS hits
   fhGETX: 0 # Filtered GETX hits
   hGETS: 115 # GETS hits
   hGETX: 0 # GETX hits
   mGETS: 663 # GETS misses
   mGETXIM: 0 # GETX I->M misses
   mGETXSM: 0 # GETX S->M misses (upgrade misses)
   PUTS: 0 # Clean evictions (from lower level)
   PUTX: 0 # Dirty evictions (from lower level)
   INV: 640 # Invalidates (from upper level)
   INVX: 0 # Downgrades (from upper level)
   FWD: 0 # Forwards (from upper level)
   latGETnl: 38421 # GET request latency on next level
   latGETnet: 0 # GET request latency on network to next level
  l1i-22: # Filter cache stats
   fhGETS: 91984846 # Filtered GETS hits
   fhGETX: 0 # Filtered GETX hits
   hGETS: 43 # GETS hits
   hGETX: 0 # GETX hits
   mGETS: 601 # GETS misses
   mGETXIM: 0 # GETX I->M misses
   mGETXSM: 0 # GETX S->M misses (upgrade misses)
   PUTS: 0 # Clean evictions (from lower level)
   PUTX: 0 # Dirty evictions (from lower level)
   INV: 578 # Invalidates (from upper level)
   INVX: 0 # Downgrades (from upper level)
   FWD: 0 # Forwards (from upper level)
   latGETnl: 28379 # GET request latency on next level
   latGETnet: 0 # GET request latency on network to next level
  l1i-23: # Filter cache stats
   fhGETS: 0 # Filtered GETS hits
   fhGETX: 0 # Filtered GETX hits
   hGETS: 0 # GETS hits
   hGETX: 0 # GETX hits
   mGETS: 0 # GETS misses
   mGETXIM: 0 # GETX I->M misses
   mGETXSM: 0 # GETX S->M misses (upgrade misses)
   PUTS: 0 # Clean evictions (from lower level)
   PUTX: 0 # Dirty evictions (from lower level)
   INV: 0 # Invalidates (from upper level)
   INVX: 0 # Downgrades (from upper level)
   FWD: 0 # Forwards (from upper level)
   latGETnl: 0 # GET request latency on next level
   latGETnet: 0 # GET request latency on network to next level
 l2: # Cache stats
  l2-0: # Cache stats
   hGETS: 0 # GETS hits
   hGETX: 0 # GETX hits
   mGETS: 48575 # GETS misses
   mGETXIM: 250120 # GETX I->M misses
   mGETXSM: 7 # GETX S->M misses (upgrade misses)
   PUTS: 47728 # Clean evictions (from lower level)
   PUTX: 249656 # Dirty evictions (from lower level)
   INV: 35876 # Invalidates (from upper level)
   INVX: 93 # Downgrades (from upper level)
   FWD: 0 # Forwards (from upper level)
   latGETnl: 50391068 # GET request latency on next level
   latGETnet: 0 # GET request latency on network to next level
  l2-1: # Cache stats
   hGETS: 0 # GETS hits
   hGETX: 0 # GETX hits
   mGETS: 48440 # GETS misses
   mGETXIM: 250087 # GETX I->M misses
   mGETXSM: 10 # GETX S->M misses (upgrade misses)
   PUTS: 47688 # Clean evictions (from lower level)
   PUTX: 249631 # Dirty evictions (from lower level)
   INV: 18243 # Invalidates (from upper level)
   INVX: 25 # Downgrades (from upper level)
   FWD: 0 # Forwards (from upper level)
   latGETnl: 50349457 # GET request latency on next level
   latGETnet: 0 # GET request latency on network to next level
  l2-2: # Cache stats
   hGETS: 0 # GETS hits
   hGETX: 0 # GETX hits
   mGETS: 48446 # GETS misses
   mGETXIM: 250078 # GETX I->M misses
   mGETXSM: 5 # GETX S->M misses (upgrade misses)
   PUTS: 47687 # Clean evictions (from lower level)
   PUTX: 249635 # Dirty evictions (from lower level)
   INV: 55822 # Invalidates (from upper level)
   INVX: 5 # Downgrades (from upper level)
   FWD: 0 # Forwards (from upper level)
   latGETnl: 50348929 # GET request latency on next level
   latGETnet: 0 # GET request latency on network to next level
  l2-3: # Cache stats
   hGETS: 0 # GETS hits
   hGETX: 0 # GETX hits
   mGETS: 48431 # GETS misses
   mGETXIM: 250079 # GETX I->M misses
   mGETXSM: 7 # GETX S->M misses (upgrade misses)
   PUTS: 47685 # Clean evictions (from lower level)
   PUTX: 249631 # Dirty evictions (from lower level)
   INV: 16785 # Invalidates (from upper level)
   INVX: 36 # Downgrades (from upper level)
   FWD: 0 # Forwards (from upper level)
   latGETnl: 50349717 # GET request latency on next level
   latGETnet: 0 # GET request latency on network to next level
  l2-4: # Cache stats
   hGETS: 0 # GETS hits
   hGETX: 0 # GETX hits
   mGETS: 48457 # GETS misses
   mGETXIM: 250081 # GETX I->M misses
   mGETXSM: 9 # GETX S->M misses (upgrade misses)
   PUTS: 47686 # Clean evictions (from lower level)
   PUTX: 249636 # Dirty evictions (from lower level)
   INV: 16738 # Invalidates (from upper level)
   INVX: 20 # Downgrades (from upper level)
   FWD: 0 # Forwards (from upper level)
   latGETnl: 50345025 # GET request latency on next level
   latGETnet: 0 # GET request latency on network to next level
  l2-5: # Cache stats
   hGETS: 0 # GETS hits
   hGETX: 0 # GETX hits
   mGETS: 48436 # GETS misses
   mGETXIM: 250080 # GETX I->M misses
   mGETXSM: 9 # GETX S->M misses (upgrade misses)
   PUTS: 47686 # Clean evictions (from lower level)
   PUTX: 249628 # Dirty evictions (from lower level)
   INV: 17797 # Invalidates (from upper level)
   INVX: 20 # Downgrades (from upper level)
   FWD: 0 # Forwards (from upper level)
   latGETnl: 50343905 # GET request latency on next level
   latGETnet: 0 # GET request latency on network to next level
  l2-6: # Cache stats
   hGETS: 0 # GETS hits
   hGETX: 0 # GETX hits
   mGETS: 48409 # GETS misses
   mGETXIM: 250079 # GETX I->M misses
   mGETXSM: 5 # GETX S->M misses (upgrade misses)
   PUTS: 47678 # Clean evictions (from lower level)
   PUTX: 249633 # Dirty evictions (from lower level)
   INV: 17806 # Invalidates (from upper level)
   INVX: 22 # Downgrades (from upper level)
   FWD: 0 # Forwards (from upper level)
   latGETnl: 50346515 # GET request latency on next level
   latGETnet: 0 # GET request latency on network to next level
  l2-7: # Cache stats
   hGETS: 0 # GETS hits
   hGETX: 0 # GETX hits
   mGETS: 48409 # GETS misses
   mGETXIM: 250071 # GETX I->M misses
   mGETXSM: 7 # GETX S->M misses (upgrade misses)
   PUTS: 47679 # Clean evictions (from lower level)
   PUTX: 249628 # Dirty evictions (from lower level)
   INV: 25890 # Invalidates (from upper level)
   INVX: 18 # Downgrades (from upper level)
   FWD: 0 # Forwards (from upper level)
   latGETnl: 50344605 # GET request latency on next level
   latGETnet: 0 # GET request latency on network to next level
  l2-8: # Cache stats
   hGETS: 0 # GETS hits
   hGETX: 0 # GETX hits
   mGETS: 48438 # GETS misses
   mGETXIM: 250076 # GETX I->M misses
   mGETXSM: 9 # GETX S->M misses (upgrade misses)
   PUTS: 47686 # Clean evictions (from lower level)
   PUTX: 249628 # Dirty evictions (from lower level)
   INV: 42595 # Invalidates (from upper level)
   INVX: 19 # Downgrades (from upper level)
   FWD: 0 # Forwards (from upper level)
   latGETnl: 50343789 # GET request latency on next level
   latGETnet: 0 # GET request latency on network to next level
  l2-9: # Cache stats
   hGETS: 0 # GETS hits
   hGETX: 0 # GETX hits
   mGETS: 48409 # GETS misses
   mGETXIM: 250071 # GETX I->M misses
   mGETXSM: 5 # GETX S->M misses (upgrade misses)
   PUTS: 47676 # Clean evictions (from lower level)
   PUTX: 249629 # Dirty evictions (from lower level)
   INV: 40273 # Invalidates (from upper level)
   INVX: 19 # Downgrades (from upper level)
   FWD: 0 # Forwards (from upper level)
   latGETnl: 50343969 # GET request latency on next level
   latGETnet: 0 # GET request latency on network to next level
  l2-10: # Cache stats
   hGETS: 0 # GETS hits
   hGETX: 0 # GETX hits
   mGETS: 48402 # GETS misses
   mGETXIM: 250074 # GETX I->M misses
   mGETXSM: 5 # GETX S->M misses (upgrade misses)
   PUTS: 47674 # Clean evictions (from lower level)
   PUTX: 249630 # Dirty evictions (from lower level)
   INV: 16662 # Invalidates (from upper level)
   INVX: 24 # Downgrades (from upper level)
   FWD: 0 # Forwards (from upper level)
   latGETnl: 50344681 # GET request latency on next level
   latGETnet: 0 # GET request latency on network to next level
  l2-11: # Cache stats
   hGETS: 0 # GETS hits
   hGETX: 0 # GETX hits
   mGETS: 48412 # GETS misses
   mGETXIM: 250087 # GETX I->M misses
   mGETXSM: 10 # GETX S->M misses (upgrade misses)
   PUTS: 47683 # Clean evictions (from lower level)
   PUTX: 249649 # Dirty evictions (from lower level)
   INV: 56423 # Invalidates (from upper level)
   INVX: 5 # Downgrades (from upper level)
   FWD: 0 # Forwards (from upper level)
   latGETnl: 50344961 # GET request latency on next level
   latGETnet: 0 # GET request latency on network to next level
  l2-12: # Cache stats
   hGETS: 0 # GETS hits
   hGETX: 0 # GETX hits
   mGETS: 48408 # GETS misses
   mGETXIM: 250079 # GETX I->M misses
   mGETXSM: 6 # GETX S->M misses (upgrade misses)
   PUTS: 47677 # Clean evictions (from lower level)
   PUTX: 249630 # Dirty evictions (from lower level)
   INV: 16214 # Invalidates (from upper level)
   INVX: 6 # Downgrades (from upper level)
   FWD: 0 # Forwards (from upper level)
   latGETnl: 50341289 # GET request latency on next level
   latGETnet: 0 # GET request latency on network to next level
  l2-13: # Cache stats
   hGETS: 0 # GETS hits
   hGETX: 0 # GETX hits
   mGETS: 48397 # GETS misses
   mGETXIM: 250076 # GETX I->M misses
   mGETXSM: 5 # GETX S->M misses (upgrade misses)
   PUTS: 47677 # Clean evictions (from lower level)
   PUTX: 249626 # Dirty evictions (from lower level)
   INV: 16655 # Invalidates (from upper level)
   INVX: 5 # Downgrades (from upper level)
   FWD: 0 # Forwards (from upper level)
   latGETnl: 50341088 # GET request latency on next level
   latGETnet: 0 # GET request latency on network to next level
  l2-14: # Cache stats
   hGETS: 0 # GETS hits
   hGETX: 0 # GETX hits
   mGETS: 48407 # GETS misses
   mGETXIM: 250074 # GETX I->M misses
   mGETXSM: 6 # GETX S->M misses (upgrade misses)
   PUTS: 47675 # Clean evictions (from lower level)
   PUTX: 249631 # Dirty evictions (from lower level)
   INV: 34764 # Invalidates (from upper level)
   INVX: 2 # Downgrades (from upper level)
   FWD: 0 # Forwards (from upper level)
   latGETnl: 50340233 # GET request latency on next level
   latGETnet: 0 # GET request latency on network to next level
  l2-15: # Cache stats
   hGETS: 0 # GETS hits
   hGETX: 0 # GETX hits
   mGETS: 48405 # GETS misses
   mGETXIM: 250072 # GETX I->M misses
   mGETXSM: 6 # GETX S->M misses (upgrade misses)
   PUTS: 47674 # Clean evictions (from lower level)
   PUTX: 249631 # Dirty evictions (from lower level)
   INV: 28525 # Invalidates (from upper level)
   INVX: 2 # Downgrades (from upper level)
   FWD: 0 # Forwards (from upper level)
   latGETnl: 50339689 # GET request latency on next level
   latGETnet: 0 # GET request latency on network to next level
  l2-16: # Cache stats
   hGETS: 0 # GETS hits
   hGETX: 0 # GETX hits
   mGETS: 48392 # GETS misses
   mGETXIM: 250078 # GETX I->M misses
   mGETXSM: 6 # GETX S->M misses (upgrade misses)
   PUTS: 47675 # Clean evictions (from lower level)
   PUTX: 249628 # Dirty evictions (from lower level)
   INV: 16511 # Invalidates (from upper level)
   INVX: 2 # Downgrades (from upper level)
   FWD: 0 # Forwards (from upper level)
   latGETnl: 50338770 # GET request latency on next level
   latGETnet: 0 # GET request latency on network to next level
  l2-17: # Cache stats
   hGETS: 0 # GETS hits
   hGETX: 0 # GETX hits
   mGETS: 48406 # GETS misses
   mGETXIM: 250078 # GETX I->M misses
   mGETXSM: 6 # GETX S->M misses (upgrade misses)
   PUTS: 47676 # Clean evictions (from lower level)
   PUTX: 249630 # Dirty evictions (from lower level)
   INV: 16339 # Invalidates (from upper level)
   INVX: 2 # Downgrades (from upper level)
   FWD: 0 # Forwards (from upper level)
   latGETnl: 50339684 # GET request latency on next level
   latGETnet: 0 # GET request latency on network to next level
  l2-18: # Cache stats
   hGETS: 0 # GETS hits
   hGETX: 0 # GETX hits
   mGETS: 48394 # GETS misses
   mGETXIM: 250071 # GETX I->M misses
   mGETXSM: 6 # GETX S->M misses (upgrade misses)
   PUTS: 47674 # Clean evictions (from lower level)
   PUTX: 249629 # Dirty evictions (from lower level)
   INV: 16244 # Invalidates (from upper level)
   INVX: 2 # Downgrades (from upper level)
   FWD: 0 # Forwards (from upper level)
   latGETnl: 50338849 # GET request latency on next level
   latGETnet: 0 # GET request latency on network to next level
  l2-19: # Cache stats
   hGETS: 0 # GETS hits
   hGETX: 0 # GETX hits
   mGETS: 48400 # GETS misses
   mGETXIM: 250073 # GETX I->M misses
   mGETXSM: 6 # GETX S->M misses (upgrade misses)
   PUTS: 47675 # Clean evictions (from lower level)
   PUTX: 249629 # Dirty evictions (from lower level)
   INV: 27173 # Invalidates (from upper level)
   INVX: 2 # Downgrades (from upper level)
   FWD: 0 # Forwards (from upper level)
   latGETnl: 50339541 # GET request latency on next level
   latGETnet: 0 # GET request latency on network to next level
  l2-20: # Cache stats
   hGETS: 0 # GETS hits
   hGETX: 0 # GETX hits
   mGETS: 48399 # GETS misses
   mGETXIM: 250075 # GETX I->M misses
   mGETXSM: 6 # GETX S->M misses (upgrade misses)
   PUTS: 47675 # Clean evictions (from lower level)
   PUTX: 249629 # Dirty evictions (from lower level)
   INV: 16553 # Invalidates (from upper level)
   INVX: 2 # Downgrades (from upper level)
   FWD: 0 # Forwards (from upper level)
   latGETnl: 50339446 # GET request latency on next level
   latGETnet: 0 # GET request latency on network to next level
  l2-21: # Cache stats
   hGETS: 0 # GETS hits
   hGETX: 0 # GETX hits
   mGETS: 48523 # GETS misses
   mGETXIM: 250054 # GETX I->M misses
   mGETXSM: 10 # GETX S->M misses (upgrade misses)
   PUTS: 47728 # Clean evictions (from lower level)
   PUTX: 249620 # Dirty evictions (from lower level)
   INV: 27864 # Invalidates (from upper level)
   INVX: 3 # Downgrades (from upper level)
   FWD: 0 # Forwards (from upper level)
   latGETnl: 50353891 # GET request latency on next level
   latGETnet: 0 # GET request latency on network to next level
  l2-22: # Cache stats
   hGETS: 0 # GETS hits
   hGETX: 0 # GETX hits
   mGETS: 48405 # GETS misses
   mGETXIM: 250074 # GETX I->M misses
   mGETXSM: 8 # GETX S->M misses (upgrade misses)
   PUTS: 47677 # Clean evictions (from lower level)
   PUTX: 249628 # Dirty evictions (from lower level)
   INV: 17787 # Invalidates (from upper level)
   INVX: 7 # Downgrades (from upper level)
   FWD: 0 # Forwards (from upper level)
   latGETnl: 50340025 # GET request latency on next level
   latGETnet: 0 # GET request latency on network to next level
  l2-23: # Cache stats
   hGETS: 0 # GETS hits
   hGETX: 0 # GETX hits
   mGETS: 0 # GETS misses
   mGETXIM: 0 # GETX I->M misses
   mGETXSM: 0 # GETX S->M misses (upgrade misses)
   PUTS: 0 # Clean evictions (from lower level)
   PUTX: 0 # Dirty evictions (from lower level)
   INV: 0 # Invalidates (from upper level)
   INVX: 0 # Downgrades (from upper level)
   FWD: 0 # Forwards (from upper level)
   latGETnl: 0 # GET request latency on next level
   latGETnet: 0 # GET request latency on network to next level
 l3: # Cache stats
  l3-0b0: # Cache stats
   hGETS: 657 # GETS hits
   hGETX: 10 # GETX hits
   mGETS: 45735 # GETS misses
   mGETXIM: 239663 # GETX I->M misses
   mGETXSM: 0 # GETX S->M misses (upgrade misses)
   PUTS: 39603 # Clean evictions (from lower level)
   PUTX: 206349 # Dirty evictions (from lower level)
   INV: 0 # Invalidates (from upper level)
   INVX: 0 # Downgrades (from upper level)
   FWD: 0 # Forwards (from upper level)
   latGETnl: 37672536 # GET request latency on next level
   latGETnet: 0 # GET request latency on network to next level
  l3-0b1: # Cache stats
   hGETS: 722 # GETS hits
   hGETX: 22 # GETX hits
   mGETS: 45629 # GETS misses
   mGETXIM: 239665 # GETX I->M misses
   mGETXSM: 0 # GETX S->M misses (upgrade misses)
   PUTS: 39603 # Clean evictions (from lower level)
   PUTX: 206313 # Dirty evictions (from lower level)
   INV: 0 # Invalidates (from upper level)
   INVX: 0 # Downgrades (from upper level)
   FWD: 0 # Forwards (from upper level)
   latGETnl: 37658808 # GET request latency on next level
   latGETnet: 0 # GET request latency on network to next level
  l3-0b2: # Cache stats
   hGETS: 621 # GETS hits
   hGETX: 20 # GETX hits
   mGETS: 45661 # GETS misses
   mGETXIM: 239665 # GETX I->M misses
   mGETXSM: 0 # GETX S->M misses (upgrade misses)
   PUTS: 39531 # Clean evictions (from lower level)
   PUTX: 206511 # Dirty evictions (from lower level)
   INV: 0 # Invalidates (from upper level)
   INVX: 0 # Downgrades (from upper level)
   FWD: 0 # Forwards (from upper level)
   latGETnl: 37663032 # GET request latency on next level
   latGETnet: 0 # GET request latency on network to next level
  l3-0b3: # Cache stats
   hGETS: 731 # GETS hits
   hGETX: 4 # GETX hits
   mGETS: 45741 # GETS misses
   mGETXIM: 239663 # GETX I->M misses
   mGETXSM: 0 # GETX S->M misses (upgrade misses)
   PUTS: 39698 # Clean evictions (from lower level)
   PUTX: 206259 # Dirty evictions (from lower level)
   INV: 0 # Invalidates (from upper level)
   INVX: 0 # Downgrades (from upper level)
   FWD: 0 # Forwards (from upper level)
   latGETnl: 37673328 # GET request latency on next level
   latGETnet: 0 # GET request latency on network to next level
  l3-0b4: # Cache stats
   hGETS: 648 # GETS hits
   hGETX: 0 # GETX hits
   mGETS: 45718 # GETS misses
   mGETXIM: 239667 # GETX I->M misses
   mGETXSM: 0 # GETX S->M misses (upgrade misses)
   PUTS: 39536 # Clean evictions (from lower level)
   PUTX: 206284 # Dirty evictions (from lower level)
   INV: 0 # Invalidates (from upper level)
   INVX: 0 # Downgrades (from upper level)
   FWD: 0 # Forwards (from upper level)
   latGETnl: 37670820 # GET request latency on next level
   latGETnet: 0 # GET request latency on network to next level
  l3-0b5: # Cache stats
   hGETS: 749 # GETS hits
   hGETX: 11 # GETX hits
   mGETS: 45698 # GETS misses
   mGETXIM: 239664 # GETX I->M misses
   mGETXSM: 0 # GETX S->M misses (upgrade misses)
   PUTS: 39663 # Clean evictions (from lower level)
   PUTX: 206339 # Dirty evictions (from lower level)
   INV: 0 # Invalidates (from upper level)
   INVX: 0 # Downgrades (from upper level)
   FWD: 0 # Forwards (from upper level)
   latGETnl: 37667784 # GET request latency on next level
   latGETnet: 0 # GET request latency on network to next level
  l3-0b6: # Cache stats
   hGETS: 686 # GETS hits
   hGETX: 54 # GETX hits
   mGETS: 45687 # GETS misses
   mGETXIM: 239663 # GETX I->M misses
   mGETXSM: 0 # GETX S->M misses (upgrade misses)
   PUTS: 39599 # Clean evictions (from lower level)
   PUTX: 206241 # Dirty evictions (from lower level)
   INV: 0 # Invalidates (from upper level)
   INVX: 0 # Downgrades (from upper level)
   FWD: 0 # Forwards (from upper level)
   latGETnl: 37666200 # GET request latency on next level
   latGETnet: 0 # GET request latency on network to next level
  l3-0b7: # Cache stats
   hGETS: 621 # GETS hits
   hGETX: 50 # GETX hits
   mGETS: 45681 # GETS misses
   mGETXIM: 239662 # GETX I->M misses
   mGETXSM: 0 # GETX S->M misses (upgrade misses)
   PUTS: 39533 # Clean evictions (from lower level)
   PUTX: 206510 # Dirty evictions (from lower level)
   INV: 0 # Invalidates (from upper level)
   INVX: 0 # Downgrades (from upper level)
   FWD: 0 # Forwards (from upper level)
   latGETnl: 37665276 # GET request latency on next level
   latGETnet: 0 # GET request latency on network to next level
  l3-0b8: # Cache stats
   hGETS: 621 # GETS hits
   hGETX: 1 # GETX hits
   mGETS: 45666 # GETS misses
   mGETXIM: 239660 # GETX I->M misses
   mGETXSM: 0 # GETX S->M misses (upgrade misses)
   PUTS: 39596 # Clean evictions (from lower level)
   PUTX: 206344 # Dirty evictions (from lower level)
   INV: 0 # Invalidates (from upper level)
   INVX: 0 # Downgrades (from upper level)
   FWD: 0 # Forwards (from upper level)
   latGETnl: 37663032 # GET request latency on next level
   latGETnet: 0 # GET request latency on network to next level
  l3-0b9: # Cache stats
   hGETS: 597 # GETS hits
   hGETX: 4 # GETX hits
   mGETS: 45786 # GETS misses
   mGETXIM: 239653 # GETX I->M misses
   mGETXSM: 0 # GETX S->M misses (upgrade misses)
   PUTS: 39630 # Clean evictions (from lower level)
   PUTX: 206355 # Dirty evictions (from lower level)
   INV: 0 # Invalidates (from upper level)
   INVX: 0 # Downgrades (from upper level)
   FWD: 0 # Forwards (from upper level)
   latGETnl: 37677948 # GET request latency on next level
   latGETnet: 0 # GET request latency on network to next level
  l3-0b10: # Cache stats
   hGETS: 1516 # GETS hits
   hGETX: 57 # GETX hits
   mGETS: 45748 # GETS misses
   mGETXIM: 239653 # GETX I->M misses
   mGETXSM: 0 # GETX S->M misses (upgrade misses)
   PUTS: 40388 # Clean evictions (from lower level)
   PUTX: 206350 # Dirty evictions (from lower level)
   INV: 0 # Invalidates (from upper level)
   INVX: 0 # Downgrades (from upper level)
   FWD: 0 # Forwards (from upper level)
   latGETnl: 37672932 # GET request latency on next level
   latGETnet: 0 # GET request latency on network to next level
  l3-0b11: # Cache stats
   hGETS: 664 # GETS hits
   hGETX: 59 # GETX hits
   mGETS: 45675 # GETS misses
   mGETXIM: 239662 # GETX I->M misses
   mGETXSM: 0 # GETX S->M misses (upgrade misses)
   PUTS: 39569 # Clean evictions (from lower level)
   PUTX: 206392 # Dirty evictions (from lower level)
   INV: 0 # Invalidates (from upper level)
   INVX: 0 # Downgrades (from upper level)
   FWD: 0 # Forwards (from upper level)
   latGETnl: 37664484 # GET request latency on next level
   latGETnet: 0 # GET request latency on network to next level
  l3-0b12: # Cache stats
   hGETS: 747 # GETS hits
   hGETX: 40 # GETX hits
   mGETS: 45647 # GETS misses
   mGETXIM: 239661 # GETX I->M misses
   mGETXSM: 0 # GETX S->M misses (upgrade misses)
   PUTS: 39583 # Clean evictions (from lower level)
   PUTX: 206521 # Dirty evictions (from lower level)
   INV: 0 # Invalidates (from upper level)
   INVX: 0 # Downgrades (from upper level)
   FWD: 0 # Forwards (from upper level)
   latGETnl: 37660656 # GET request latency on next level
   latGETnet: 0 # GET request latency on network to next level
  l3-0b13: # Cache stats
   hGETS: 673 # GETS hits
   hGETX: 53 # GETX hits
   mGETS: 45627 # GETS misses
   mGETXIM: 239661 # GETX I->M misses
   mGETXSM: 0 # GETX S->M misses (upgrade misses)
   PUTS: 39480 # Clean evictions (from lower level)
   PUTX: 206440 # Dirty evictions (from lower level)
   INV: 0 # Invalidates (from upper level)
   INVX: 0 # Downgrades (from upper level)
   FWD: 0 # Forwards (from upper level)
   latGETnl: 37658016 # GET request latency on next level
   latGETnet: 0 # GET request latency on network to next level
  l3-0b14: # Cache stats
   hGETS: 713 # GETS hits
   hGETX: 20 # GETX hits
   mGETS: 45713 # GETS misses
   mGETXIM: 239660 # GETX I->M misses
   mGETXSM: 0 # GETX S->M misses (upgrade misses)
   PUTS: 39582 # Clean evictions (from lower level)
   PUTX: 206556 # Dirty evictions (from lower level)
   INV: 0 # Invalidates (from upper level)
   INVX: 0 # Downgrades (from upper level)
   FWD: 0 # Forwards (from upper level)
   latGETnl: 37669236 # GET request latency on next level
   latGETnet: 0 # GET request latency on network to next level
  l3-0b15: # Cache stats
   hGETS: 708 # GETS hits
   hGETX: 2 # GETX hits
   mGETS: 45697 # GETS misses
   mGETXIM: 239653 # GETX I->M misses
   mGETXSM: 0 # GETX S->M misses (upgrade misses)
   PUTS: 39595 # Clean evictions (from lower level)
   PUTX: 206308 # Dirty evictions (from lower level)
   INV: 0 # Invalidates (from upper level)
   INVX: 0 # Downgrades (from upper level)
   FWD: 0 # Forwards (from upper level)
   latGETnl: 37666200 # GET request latency on next level
   latGETnet: 0 # GET request latency on network to next level
  l3-0b16: # Cache stats
   hGETS: 396 # GETS hits
   hGETX: 39 # GETX hits
   mGETS: 45667 # GETS misses
   mGETXIM: 239571 # GETX I->M misses
   mGETXSM: 0 # GETX S->M misses (upgrade misses)
   PUTS: 39292 # Clean evictions (from lower level)
   PUTX: 206376 # Dirty evictions (from lower level)
   INV: 0 # Invalidates (from upper level)
   INVX: 0 # Downgrades (from upper level)
   FWD: 0 # Forwards (from upper level)
   latGETnl: 37651416 # GET request latency on next level
   latGETnet: 0 # GET request latency on network to next level
  l3-0b17: # Cache stats
   hGETS: 335 # GETS hits
   hGETX: 38 # GETX hits
   mGETS: 45658 # GETS misses
   mGETXIM: 239574 # GETX I->M misses
   mGETXSM: 0 # GETX S->M misses (upgrade misses)
   PUTS: 39221 # Clean evictions (from lower level)
   PUTX: 206425 # Dirty evictions (from lower level)
   INV: 0 # Invalidates (from upper level)
   INVX: 0 # Downgrades (from upper level)
   FWD: 0 # Forwards (from upper level)
   latGETnl: 37650624 # GET request latency on next level
   latGETnet: 0 # GET request latency on network to next level
  l3-0b18: # Cache stats
   hGETS: 823 # GETS hits
   hGETX: 50 # GETX hits
   mGETS: 45674 # GETS misses
   mGETXIM: 239568 # GETX I->M misses
   mGETXSM: 0 # GETX S->M misses (upgrade misses)
   PUTS: 39658 # Clean evictions (from lower level)
   PUTX: 206357 # Dirty evictions (from lower level)
   INV: 0 # Invalidates (from upper level)
   INVX: 0 # Downgrades (from upper level)
   FWD: 0 # Forwards (from upper level)
   latGETnl: 37651944 # GET request latency on next level
   latGETnet: 0 # GET request latency on network to next level
  l3-0b19: # Cache stats
   hGETS: 787 # GETS hits
   hGETX: 63 # GETX hits
   mGETS: 45669 # GETS misses
   mGETXIM: 239573 # GETX I->M misses
   mGETXSM: 0 # GETX S->M misses (upgrade misses)
   PUTS: 39635 # Clean evictions (from lower level)
   PUTX: 206544 # Dirty evictions (from lower level)
   INV: 0 # Invalidates (from upper level)
   INVX: 0 # Downgrades (from upper level)
   FWD: 0 # Forwards (from upper level)
   latGETnl: 37651944 # GET request latency on next level
   latGETnet: 0 # GET request latency on network to next level
  l3-0b20: # Cache stats
   hGETS: 771 # GETS hits
   hGETX: 41 # GETX hits
   mGETS: 45702 # GETS misses
   mGETXIM: 239569 # GETX I->M misses
   mGETXSM: 0 # GETX S->M misses (upgrade misses)
   PUTS: 39749 # Clean evictions (from lower level)
   PUTX: 206346 # Dirty evictions (from lower level)
   INV: 0 # Invalidates (from upper level)
   INVX: 0 # Downgrades (from upper level)
   FWD: 0 # Forwards (from upper level)
   latGETnl: 37655772 # GET request latency on next level
   latGETnet: 0 # GET request latency on network to next level
  l3-0b21: # Cache stats
   hGETS: 796 # GETS hits
   hGETX: 44 # GETX hits
   mGETS: 45767 # GETS misses
   mGETXIM: 239573 # GETX I->M misses
   mGETXSM: 0 # GETX S->M misses (upgrade misses)
   PUTS: 39774 # Clean evictions (from lower level)
   PUTX: 206329 # Dirty evictions (from lower level)
   INV: 0 # Invalidates (from upper level)
   INVX: 0 # Downgrades (from upper level)
   FWD: 0 # Forwards (from upper level)
   latGETnl: 37664880 # GET request latency on next level
   latGETnet: 0 # GET request latency on network to next level
  l3-0b22: # Cache stats
   hGETS: 782 # GETS hits
   hGETX: 63 # GETX hits
   mGETS: 45688 # GETS misses
   mGETXIM: 239572 # GETX I->M misses
   mGETXSM: 0 # GETX S->M misses (upgrade misses)
   PUTS: 39675 # Clean evictions (from lower level)
   PUTX: 206270 # Dirty evictions (from lower level)
   INV: 0 # Invalidates (from upper level)
   INVX: 0 # Downgrades (from upper level)
   FWD: 0 # Forwards (from upper level)
   latGETnl: 37654320 # GET request latency on next level
   latGETnet: 0 # GET request latency on network to next level
  l3-0b23: # Cache stats
   hGETS: 791 # GETS hits
   hGETX: 54 # GETX hits
   mGETS: 45711 # GETS misses
   mGETXIM: 239572 # GETX I->M misses
   mGETXSM: 0 # GETX S->M misses (upgrade misses)
   PUTS: 39746 # Clean evictions (from lower level)
   PUTX: 206353 # Dirty evictions (from lower level)
   INV: 0 # Invalidates (from upper level)
   INVX: 0 # Downgrades (from upper level)
   FWD: 0 # Forwards (from upper level)
   latGETnl: 37657356 # GET request latency on next level
   latGETnet: 0 # GET request latency on network to next level
 mem: # Memory controller stats
  mem-0: # Memory controller stats
   rd: 6847792 # Read requests
   wr: 5297566 # Write requests
   rdlat: 973392584 # Total latency experienced by read requests
   wrlat: 756173621 # Total latency experienced by write requests
 sched: # Scheduler stats
  thCr: 25 # Threads created
  thFn: 25 # Threads finished
  schedEvs: 28 # Schedule events
  waitEvs: 2 # Wait events
  handoffEvs: 1 # Handoff events
  sleepEvs: 1 # Sleep events
  idlePhases: 0 # Phases with no thread active
  idlePeriods: 0 # Periods with no thread active
  occHist: # Occupancy histogram
   0: 0
   1: 24
   2: 0
   3: 1
   4: 2
   5: 1
   6: 0
   7: 1
   8: 0
   9: 0
   10: 0
   11: 1
   12: 0
   13: 1
   14: 0
   15: 0
   16: 0
   17: 1
   18: 0
   19: 0
   20: 0
   21: 1
   22: 0
   23: 185423
   24: 0
  rqSzHist: # Run queue size histogram
   0: 185433
   1: 23
   2: 0
   3: 0
   4: 0
   5: 0
   6: 0
   7: 0
   8: 0
   9: 0
   10: 0
   11: 0
   12: 0
   13: 0
   14: 0
   15: 0
   16: 0
   17: 0
   18: 0
   19: 0
   20: 0
   21: 0
   22: 0
   23: 0
   24: 0
 procCycles: # Per-process unhalted core cycles
  0: 4264836947
  1: 0
  2: 0
  3: 0
  4: 0
  5: 0
  6: 0
  7: 0
  8: 0
  9: 0
  10: 0
  11: 0
  12: 0
  13: 0
  14: 0
  15: 0
  16: 0
  17: 0
  18: 0
  19: 0
  20: 0
  21: 0
  22: 0
  23: 0
  24: 0
  25: 0
  26: 0
  27: 0
  28: 0
  29: 0
  30: 0
  31: 0
  32: 0
  33: 0
  34: 0
  35: 0
  36: 0
  37: 0
  38: 0
  39: 0
  40: 0
  41: 0
  42: 0
  43: 0
  44: 0
  45: 0
  46: 0
  47: 0
  48: 0
  49: 0
  50: 0
  51: 0
  52: 0
  53: 0
  54: 0
  55: 0
  56: 0
  57: 0
  58: 0
  59: 0
  60: 0
  61: 0
  62: 0
  63: 0
 procInstrs: # Per-process instructions
  0: 6333637887
  1: 0
  2: 0
  3: 0
  4: 0
  5: 0
  6: 0
  7: 0
  8: 0
  9: 0
  10: 0
  11: 0
  12: 0
  13: 0
  14: 0
  15: 0
  16: 0
  17: 0
  18: 0
  19: 0
  20: 0
  21: 0
  22: 0
  23: 0
  24: 0
  25: 0
  26: 0
  27: 0
  28: 0
  29: 0
  30: 0
  31: 0
  32: 0
  33: 0
  34: 0
  35: 0
  36: 0
  37: 0
  38: 0
  39: 0
  40: 0
  41: 0
  42: 0
  43: 0
  44: 0
  45: 0
  46: 0
  47: 0
  48: 0
  49: 0
  50: 0
  51: 0
  52: 0
  53: 0
  54: 0
  55: 0
  56: 0
  57: 0
  58: 0
  59: 0
  60: 0
  61: 0
  62: 0
  63: 0
 heartbeats: # Per-process heartbeats
  0: 0
  1: 0
  2: 0
  3: 0
  4: 0
  5: 0
  6: 0
  7: 0
  8: 0
  9: 0
  10: 0
  11: 0
  12: 0
  13: 0
  14: 0
  15: 0
  16: 0
  17: 0
  18: 0
  19: 0
  20: 0
  21: 0
  22: 0
  23: 0
  24: 0
  25: 0
  26: 0
  27: 0
  28: 0
  29: 0
  30: 0
  31: 0
  32: 0
  33: 0
  34: 0
  35: 0
  36: 0
  37: 0
  38: 0
  39: 0
  40: 0
  41: 0
  42: 0
  43: 0
  44: 0
  45: 0
  46: 0
  47: 0
  48: 0
  49: 0
  50: 0
  51: 0
  52: 0
  53: 0
  54: 0
  55: 0
  56: 0
  57: 0
  58: 0
  59: 0
  60: 0
  61: 0
  62: 0
  63: 0
===
