# zsim stats
===
root: # Stats
 contention: # Contention simulation stats
  domain-0: # Domain stats
   time: 9955792305 # Weave simulation time
 time: # Simulator time breakdown
  init: 3069740471
  bound: 248166226553
  weave: 11274057559
  ff: 1395378
 trigger: 20000 # Reason for this stats dump
 phase: 40854 # Simulated phases
 reqCycles: 0 # Requeue Cycles
 skylake: # Core stats
  skylake-0: # Core stats
   cycles: 40854087 # Simulated unhalted cycles
   cCycles: 3693964 # Cycles due to contention stalls
   instrs: 53992534 # Simulated instructions
   uops: 37883239 # issued micro-ops
   bbls: 17435703 # Basic blocks
   approxInstrs: 975096 # Instrs with approx uop decoding
   mispredBranches: 141838 # Mispredicted branches
   IdqNotDelivered: 37160123 # Stalls no uop delivered when no Bkend Stall
   IntMiscRecoveryCycles: 1145188 # Stalls waiting machine clears
   uops executed: 38499619 # Executed microoperations
  skylake-1: # Core stats
   cycles: 40830151 # Simulated unhalted cycles
   cCycles: 3693999 # Cycles due to contention stalls
   instrs: 53991356 # Simulated instructions
   uops: 37881915 # issued micro-ops
   bbls: 17435483 # Basic blocks
   approxInstrs: 975092 # Instrs with approx uop decoding
   mispredBranches: 141809 # Mispredicted branches
   IdqNotDelivered: 37136152 # Stalls no uop delivered when no Bkend Stall
   IntMiscRecoveryCycles: 1140399 # Stalls waiting machine clears
   uops executed: 38498282 # Executed microoperations
  skylake-2: # Core stats
   cycles: 40827618 # Simulated unhalted cycles
   cCycles: 3694028 # Cycles due to contention stalls
   instrs: 53988324 # Simulated instructions
   uops: 37879554 # issued micro-ops
   bbls: 17434570 # Basic blocks
   approxInstrs: 975046 # Instrs with approx uop decoding
   mispredBranches: 141798 # Mispredicted branches
   IdqNotDelivered: 37133590 # Stalls no uop delivered when no Bkend Stall
   IntMiscRecoveryCycles: 1141410 # Stalls waiting machine clears
   uops executed: 38495952 # Executed microoperations
  skylake-3: # Core stats
   cycles: 40828778 # Simulated unhalted cycles
   cCycles: 3693987 # Cycles due to contention stalls
   instrs: 53990717 # Simulated instructions
   uops: 37881347 # issued micro-ops
   bbls: 17435305 # Basic blocks
   approxInstrs: 975088 # Instrs with approx uop decoding
   mispredBranches: 141801 # Mispredicted branches
   IdqNotDelivered: 37134791 # Stalls no uop delivered when no Bkend Stall
   IntMiscRecoveryCycles: 1140781 # Stalls waiting machine clears
   uops executed: 38497732 # Executed microoperations
  skylake-4: # Core stats
   cycles: 40827237 # Simulated unhalted cycles
   cCycles: 3693979 # Cycles due to contention stalls
   instrs: 53991106 # Simulated instructions
   uops: 37881623 # issued micro-ops
   bbls: 17435431 # Basic blocks
   approxInstrs: 975090 # Instrs with approx uop decoding
   mispredBranches: 141804 # Mispredicted branches
   IdqNotDelivered: 37133258 # Stalls no uop delivered when no Bkend Stall
   IntMiscRecoveryCycles: 1140470 # Stalls waiting machine clears
   uops executed: 38497997 # Executed microoperations
  skylake-5: # Core stats
   cycles: 40826085 # Simulated unhalted cycles
   cCycles: 3693951 # Cycles due to contention stalls
   instrs: 53990099 # Simulated instructions
   uops: 37880918 # issued micro-ops
   bbls: 17435104 # Basic blocks
   approxInstrs: 975076 # Instrs with approx uop decoding
   mispredBranches: 141799 # Mispredicted branches
   IdqNotDelivered: 37132134 # Stalls no uop delivered when no Bkend Stall
   IntMiscRecoveryCycles: 1140050 # Stalls waiting machine clears
   uops executed: 38497302 # Executed microoperations
  skylake-6: # Core stats
   cycles: 40825777 # Simulated unhalted cycles
   cCycles: 3693965 # Cycles due to contention stalls
   instrs: 53990423 # Simulated instructions
   uops: 37880821 # issued micro-ops
   bbls: 17435281 # Basic blocks
   approxInstrs: 975082 # Instrs with approx uop decoding
   mispredBranches: 141795 # Mispredicted branches
   IdqNotDelivered: 37131812 # Stalls no uop delivered when no Bkend Stall
   IntMiscRecoveryCycles: 1140856 # Stalls waiting machine clears
   uops executed: 38497213 # Executed microoperations
  skylake-7: # Core stats
   cycles: 40825248 # Simulated unhalted cycles
   cCycles: 3694013 # Cycles due to contention stalls
   instrs: 53990480 # Simulated instructions
   uops: 37880879 # issued micro-ops
   bbls: 17435299 # Basic blocks
   approxInstrs: 975084 # Instrs with approx uop decoding
   mispredBranches: 141798 # Mispredicted branches
   IdqNotDelivered: 37131235 # Stalls no uop delivered when no Bkend Stall
   IntMiscRecoveryCycles: 1141045 # Stalls waiting machine clears
   uops executed: 38497258 # Executed microoperations
  skylake-8: # Core stats
   cycles: 40825113 # Simulated unhalted cycles
   cCycles: 3694063 # Cycles due to contention stalls
   instrs: 53988731 # Simulated instructions
   uops: 37879955 # issued micro-ops
   bbls: 17434664 # Basic blocks
   approxInstrs: 975048 # Instrs with approx uop decoding
   mispredBranches: 141795 # Mispredicted branches
   IdqNotDelivered: 37131050 # Stalls no uop delivered when no Bkend Stall
   IntMiscRecoveryCycles: 1139959 # Stalls waiting machine clears
   uops executed: 38496324 # Executed microoperations
  skylake-9: # Core stats
   cycles: 40824788 # Simulated unhalted cycles
   cCycles: 3693987 # Cycles due to contention stalls
   instrs: 53990461 # Simulated instructions
   uops: 37880853 # issued micro-ops
   bbls: 17435293 # Basic blocks
   approxInstrs: 975084 # Instrs with approx uop decoding
   mispredBranches: 141797 # Mispredicted branches
   IdqNotDelivered: 37130801 # Stalls no uop delivered when no Bkend Stall
   IntMiscRecoveryCycles: 1140350 # Stalls waiting machine clears
   uops executed: 38497241 # Executed microoperations
  skylake-10: # Core stats
   cycles: 40824778 # Simulated unhalted cycles
   cCycles: 3694045 # Cycles due to contention stalls
   instrs: 53990059 # Simulated instructions
   uops: 37880568 # issued micro-ops
   bbls: 17435163 # Basic blocks
   approxInstrs: 975077 # Instrs with approx uop decoding
   mispredBranches: 141794 # Mispredicted branches
   IdqNotDelivered: 37130733 # Stalls no uop delivered when no Bkend Stall
   IntMiscRecoveryCycles: 1140503 # Stalls waiting machine clears
   uops executed: 38496958 # Executed microoperations
  skylake-11: # Core stats
   cycles: 40824085 # Simulated unhalted cycles
   cCycles: 3694001 # Cycles due to contention stalls
   instrs: 53989785 # Simulated instructions
   uops: 37880597 # issued micro-ops
   bbls: 17434981 # Basic blocks
   approxInstrs: 975072 # Instrs with approx uop decoding
   mispredBranches: 141796 # Mispredicted branches
   IdqNotDelivered: 37130084 # Stalls no uop delivered when no Bkend Stall
   IntMiscRecoveryCycles: 1140601 # Stalls waiting machine clears
   uops executed: 38497064 # Executed microoperations
  skylake-12: # Core stats
   cycles: 40824142 # Simulated unhalted cycles
   cCycles: 3694087 # Cycles due to contention stalls
   instrs: 53990475 # Simulated instructions
   uops: 37880872 # issued micro-ops
   bbls: 17435297 # Basic blocks
   approxInstrs: 975084 # Instrs with approx uop decoding
   mispredBranches: 141798 # Mispredicted branches
   IdqNotDelivered: 37130055 # Stalls no uop delivered when no Bkend Stall
   IntMiscRecoveryCycles: 1140990 # Stalls waiting machine clears
   uops executed: 38497251 # Executed microoperations
  skylake-13: # Core stats
   cycles: 40823898 # Simulated unhalted cycles
   cCycles: 3694016 # Cycles due to contention stalls
   instrs: 53990469 # Simulated instructions
   uops: 37880864 # issued micro-ops
   bbls: 17435295 # Basic blocks
   approxInstrs: 975084 # Instrs with approx uop decoding
   mispredBranches: 141798 # Mispredicted branches
   IdqNotDelivered: 37129882 # Stalls no uop delivered when no Bkend Stall
   IntMiscRecoveryCycles: 1140768 # Stalls waiting machine clears
   uops executed: 38497242 # Executed microoperations
  skylake-14: # Core stats
   cycles: 40823269 # Simulated unhalted cycles
   cCycles: 3694045 # Cycles due to contention stalls
   instrs: 53990469 # Simulated instructions
   uops: 37880864 # issued micro-ops
   bbls: 17435295 # Basic blocks
   approxInstrs: 975084 # Instrs with approx uop decoding
   mispredBranches: 141798 # Mispredicted branches
   IdqNotDelivered: 37129224 # Stalls no uop delivered when no Bkend Stall
   IntMiscRecoveryCycles: 1140463 # Stalls waiting machine clears
   uops executed: 38497242 # Executed microoperations
  skylake-15: # Core stats
   cycles: 40823196 # Simulated unhalted cycles
   cCycles: 3694082 # Cycles due to contention stalls
   instrs: 53990469 # Simulated instructions
   uops: 37880864 # issued micro-ops
   bbls: 17435295 # Basic blocks
   approxInstrs: 975084 # Instrs with approx uop decoding
   mispredBranches: 141798 # Mispredicted branches
   IdqNotDelivered: 37129114 # Stalls no uop delivered when no Bkend Stall
   IntMiscRecoveryCycles: 1140170 # Stalls waiting machine clears
   uops executed: 38497242 # Executed microoperations
  skylake-16: # Core stats
   cycles: 40823241 # Simulated unhalted cycles
   cCycles: 3694053 # Cycles due to contention stalls
   instrs: 53990469 # Simulated instructions
   uops: 37880864 # issued micro-ops
   bbls: 17435295 # Basic blocks
   approxInstrs: 975084 # Instrs with approx uop decoding
   mispredBranches: 141798 # Mispredicted branches
   IdqNotDelivered: 37129188 # Stalls no uop delivered when no Bkend Stall
   IntMiscRecoveryCycles: 1140088 # Stalls waiting machine clears
   uops executed: 38497242 # Executed microoperations
  skylake-17: # Core stats
   cycles: 40823236 # Simulated unhalted cycles
   cCycles: 3694072 # Cycles due to contention stalls
   instrs: 53990469 # Simulated instructions
   uops: 37880864 # issued micro-ops
   bbls: 17435295 # Basic blocks
   approxInstrs: 975084 # Instrs with approx uop decoding
   mispredBranches: 141798 # Mispredicted branches
   IdqNotDelivered: 37129164 # Stalls no uop delivered when no Bkend Stall
   IntMiscRecoveryCycles: 1140507 # Stalls waiting machine clears
   uops executed: 38497242 # Executed microoperations
  skylake-18: # Core stats
   cycles: 40822085 # Simulated unhalted cycles
   cCycles: 3694038 # Cycles due to contention stalls
   instrs: 53988970 # Simulated instructions
   uops: 37879820 # issued micro-ops
   bbls: 17434808 # Basic blocks
   approxInstrs: 975063 # Instrs with approx uop decoding
   mispredBranches: 141792 # Mispredicted branches
   IdqNotDelivered: 37128047 # Stalls no uop delivered when no Bkend Stall
   IntMiscRecoveryCycles: 1140547 # Stalls waiting machine clears
   uops executed: 38496206 # Executed microoperations
  skylake-19: # Core stats
   cycles: 40822085 # Simulated unhalted cycles
   cCycles: 3694048 # Cycles due to contention stalls
   instrs: 53988514 # Simulated instructions
   uops: 37879490 # issued micro-ops
   bbls: 17434664 # Basic blocks
   approxInstrs: 975049 # Instrs with approx uop decoding
   mispredBranches: 141790 # Mispredicted branches
   IdqNotDelivered: 37128037 # Stalls no uop delivered when no Bkend Stall
   IntMiscRecoveryCycles: 1140179 # Stalls waiting machine clears
   uops executed: 38495868 # Executed microoperations
  skylake-20: # Core stats
   cycles: 40822086 # Simulated unhalted cycles
   cCycles: 3694069 # Cycles due to contention stalls
   instrs: 53989477 # Simulated instructions
   uops: 37880169 # issued micro-ops
   bbls: 17434973 # Basic blocks
   approxInstrs: 975070 # Instrs with approx uop decoding
   mispredBranches: 141793 # Mispredicted branches
   IdqNotDelivered: 37128017 # Stalls no uop delivered when no Bkend Stall
   IntMiscRecoveryCycles: 1139907 # Stalls waiting machine clears
   uops executed: 38496557 # Executed microoperations
  skylake-21: # Core stats
   cycles: 40822113 # Simulated unhalted cycles
   cCycles: 3694016 # Cycles due to contention stalls
   instrs: 53971059 # Simulated instructions
   uops: 37868554 # issued micro-ops
   bbls: 17428535 # Basic blocks
   approxInstrs: 974651 # Instrs with approx uop decoding
   mispredBranches: 141817 # Mispredicted branches
   IdqNotDelivered: 37128097 # Stalls no uop delivered when no Bkend Stall
   IntMiscRecoveryCycles: 1142510 # Stalls waiting machine clears
   uops executed: 38484751 # Executed microoperations
  skylake-22: # Core stats
   cycles: 40820782 # Simulated unhalted cycles
   cCycles: 3694053 # Cycles due to contention stalls
   instrs: 53986708 # Simulated instructions
   uops: 37878265 # issued micro-ops
   bbls: 17434077 # Basic blocks
   approxInstrs: 975020 # Instrs with approx uop decoding
   mispredBranches: 141784 # Mispredicted branches
   IdqNotDelivered: 37126729 # Stalls no uop delivered when no Bkend Stall
   IntMiscRecoveryCycles: 1139853 # Stalls waiting machine clears
   uops executed: 38494640 # Executed microoperations
  skylake-23: # Core stats
   cycles: 0 # Simulated unhalted cycles
   cCycles: 0 # Cycles due to contention stalls
   instrs: 0 # Simulated instructions
   uops: 0 # issued micro-ops
   bbls: 0 # Basic blocks
   approxInstrs: 0 # Instrs with approx uop decoding
   mispredBranches: 0 # Mispredicted branches
   IdqNotDelivered: 0 # Stalls no uop delivered when no Bkend Stall
   IntMiscRecoveryCycles: 0 # Stalls waiting machine clears
   uops executed: 0 # Executed microoperations
 l1d: # Cache stats
  l1d-0: # Filter cache stats
   fhGETS: 929594 # Filtered GETS hits
   fhGETX: 557630 # Filtered GETX hits
   hGETS: 171747 # GETS hits
   hGETX: 176377 # GETX hits
   mGETS: 250274 # GETS misses
   mGETXIM: 166787 # GETX I->M misses
   mGETXSM: 7 # GETX S->M misses (upgrade misses)
   PUTS: 0 # Clean evictions (from lower level)
   PUTX: 0 # Dirty evictions (from lower level)
   INV: 116 # Invalidates (from upper level)
   INVX: 90 # Downgrades (from upper level)
   FWD: 0 # Forwards (from upper level)
   latGETnl: 74632012 # GET request latency on next level
   latGETnet: 0 # GET request latency on network to next level
  l1d-1: # Filter cache stats
   fhGETS: 929322 # Filtered GETS hits
   fhGETX: 557459 # Filtered GETX hits
   hGETS: 171670 # GETS hits
   hGETX: 176340 # GETX hits
   mGETS: 250232 # GETS misses
   mGETXIM: 166752 # GETX I->M misses
   mGETXSM: 10 # GETX S->M misses (upgrade misses)
   PUTS: 0 # Clean evictions (from lower level)
   PUTX: 0 # Dirty evictions (from lower level)
   INV: 103 # Invalidates (from upper level)
   INVX: 25 # Downgrades (from upper level)
   FWD: 0 # Forwards (from upper level)
   latGETnl: 74613210 # GET request latency on next level
   latGETnet: 0 # GET request latency on network to next level
  l1d-2: # Filter cache stats
   fhGETS: 929146 # Filtered GETS hits
   fhGETX: 557366 # Filtered GETX hits
   hGETS: 171642 # GETS hits
   hGETX: 176313 # GETX hits
   mGETS: 250204 # GETS misses
   mGETXIM: 166746 # GETX I->M misses
   mGETXSM: 5 # GETX S->M misses (upgrade misses)
   PUTS: 0 # Clean evictions (from lower level)
   PUTX: 0 # Dirty evictions (from lower level)
   INV: 82 # Invalidates (from upper level)
   INVX: 5 # Downgrades (from upper level)
   FWD: 0 # Forwards (from upper level)
   latGETnl: 74607317 # GET request latency on next level
   latGETnet: 0 # GET request latency on network to next level
  l1d-3: # Filter cache stats
   fhGETS: 929245 # Filtered GETS hits
   fhGETX: 557416 # Filtered GETX hits
   hGETS: 171674 # GETS hits
   hGETX: 176339 # GETX hits
   mGETS: 250219 # GETS misses
   mGETXIM: 166752 # GETX I->M misses
   mGETXSM: 7 # GETX S->M misses (upgrade misses)
   PUTS: 0 # Clean evictions (from lower level)
   PUTX: 0 # Dirty evictions (from lower level)
   INV: 93 # Invalidates (from upper level)
   INVX: 33 # Downgrades (from upper level)
   FWD: 0 # Forwards (from upper level)
   latGETnl: 74613028 # GET request latency on next level
   latGETnet: 0 # GET request latency on network to next level
  l1d-4: # Filter cache stats
   fhGETS: 929246 # Filtered GETS hits
   fhGETX: 557405 # Filtered GETX hits
   hGETS: 171679 # GETS hits
   hGETX: 176355 # GETX hits
   mGETS: 250227 # GETS misses
   mGETXIM: 166749 # GETX I->M misses
   mGETXSM: 9 # GETX S->M misses (upgrade misses)
   PUTS: 0 # Clean evictions (from lower level)
   PUTX: 0 # Dirty evictions (from lower level)
   INV: 98 # Invalidates (from upper level)
   INVX: 20 # Downgrades (from upper level)
   FWD: 0 # Forwards (from upper level)
   latGETnl: 74611743 # GET request latency on next level
   latGETnet: 0 # GET request latency on network to next level
  l1d-5: # Filter cache stats
   fhGETS: 929235 # Filtered GETS hits
   fhGETX: 557417 # Filtered GETX hits
   hGETS: 171661 # GETS hits
   hGETX: 176340 # GETX hits
   mGETS: 250224 # GETS misses
   mGETXIM: 166743 # GETX I->M misses
   mGETXSM: 9 # GETX S->M misses (upgrade misses)
   PUTS: 0 # Clean evictions (from lower level)
   PUTX: 0 # Dirty evictions (from lower level)
   INV: 96 # Invalidates (from upper level)
   INVX: 20 # Downgrades (from upper level)
   FWD: 0 # Forwards (from upper level)
   latGETnl: 74610556 # GET request latency on next level
   latGETnet: 0 # GET request latency on network to next level
  l1d-6: # Filter cache stats
   fhGETS: 929090 # Filtered GETS hits
   fhGETX: 557330 # Filtered GETX hits
   hGETS: 171654 # GETS hits
   hGETX: 176327 # GETX hits
   mGETS: 250205 # GETS misses
   mGETXIM: 166738 # GETX I->M misses
   mGETXSM: 6 # GETX S->M misses (upgrade misses)
   PUTS: 0 # Clean evictions (from lower level)
   PUTX: 0 # Dirty evictions (from lower level)
   INV: 78 # Invalidates (from upper level)
   INVX: 16 # Downgrades (from upper level)
   FWD: 0 # Forwards (from upper level)
   latGETnl: 74609573 # GET request latency on next level
   latGETnet: 0 # GET request latency on network to next level
  l1d-7: # Filter cache stats
   fhGETS: 929102 # Filtered GETS hits
   fhGETX: 557344 # Filtered GETX hits
   hGETS: 171656 # GETS hits
   hGETX: 176303 # GETX hits
   mGETS: 250206 # GETS misses
   mGETXIM: 166750 # GETX I->M misses
   mGETXSM: 6 # GETX S->M misses (upgrade misses)
   PUTS: 0 # Clean evictions (from lower level)
   PUTX: 0 # Dirty evictions (from lower level)
   INV: 85 # Invalidates (from upper level)
   INVX: 15 # Downgrades (from upper level)
   FWD: 0 # Forwards (from upper level)
   latGETnl: 74609768 # GET request latency on next level
   latGETnet: 0 # GET request latency on network to next level
  l1d-8: # Filter cache stats
   fhGETS: 929192 # Filtered GETS hits
   fhGETX: 557391 # Filtered GETX hits
   hGETS: 171669 # GETS hits
   hGETX: 176348 # GETX hits
   mGETS: 250218 # GETS misses
   mGETXIM: 166738 # GETX I->M misses
   mGETXSM: 9 # GETX S->M misses (upgrade misses)
   PUTS: 0 # Clean evictions (from lower level)
   PUTX: 0 # Dirty evictions (from lower level)
   INV: 96 # Invalidates (from upper level)
   INVX: 19 # Downgrades (from upper level)
   FWD: 0 # Forwards (from upper level)
   latGETnl: 74608941 # GET request latency on next level
   latGETnet: 0 # GET request latency on network to next level
  l1d-9: # Filter cache stats
   fhGETS: 929114 # Filtered GETS hits
   fhGETX: 557337 # Filtered GETX hits
   hGETS: 171643 # GETS hits
   hGETX: 176315 # GETX hits
   mGETS: 250199 # GETS misses
   mGETXIM: 166744 # GETX I->M misses
   mGETXSM: 5 # GETX S->M misses (upgrade misses)
   PUTS: 0 # Clean evictions (from lower level)
   PUTX: 0 # Dirty evictions (from lower level)
   INV: 78 # Invalidates (from upper level)
   INVX: 28 # Downgrades (from upper level)
   FWD: 0 # Forwards (from upper level)
   latGETnl: 74610546 # GET request latency on next level
   latGETnet: 0 # GET request latency on network to next level
  l1d-10: # Filter cache stats
   fhGETS: 929084 # Filtered GETS hits
   fhGETX: 557329 # Filtered GETX hits
   hGETS: 171654 # GETS hits
   hGETX: 176321 # GETX hits
   mGETS: 250201 # GETS misses
   mGETXIM: 166742 # GETX I->M misses
   mGETXSM: 5 # GETX S->M misses (upgrade misses)
   PUTS: 0 # Clean evictions (from lower level)
   PUTX: 0 # Dirty evictions (from lower level)
   INV: 81 # Invalidates (from upper level)
   INVX: 17 # Downgrades (from upper level)
   FWD: 0 # Forwards (from upper level)
   latGETnl: 74608706 # GET request latency on next level
   latGETnet: 0 # GET request latency on network to next level
  l1d-11: # Filter cache stats
   fhGETS: 929235 # Filtered GETS hits
   fhGETX: 557412 # Filtered GETX hits
   hGETS: 171680 # GETS hits
   hGETX: 176327 # GETX hits
   mGETS: 250218 # GETS misses
   mGETXIM: 166750 # GETX I->M misses
   mGETXSM: 10 # GETX S->M misses (upgrade misses)
   PUTS: 0 # Clean evictions (from lower level)
   PUTX: 0 # Dirty evictions (from lower level)
   INV: 80 # Invalidates (from upper level)
   INVX: 12 # Downgrades (from upper level)
   FWD: 0 # Forwards (from upper level)
   latGETnl: 74611602 # GET request latency on next level
   latGETnet: 0 # GET request latency on network to next level
  l1d-12: # Filter cache stats
   fhGETS: 792378 # Filtered GETS hits
   fhGETX: 415654 # Filtered GETX hits
   hGETS: 308380 # GETS hits
   hGETX: 317993 # GETX hits
   mGETS: 250203 # GETS misses
   mGETXIM: 166750 # GETX I->M misses
   mGETXSM: 6 # GETX S->M misses (upgrade misses)
   PUTS: 0 # Clean evictions (from lower level)
   PUTX: 0 # Dirty evictions (from lower level)
   INV: 84 # Invalidates (from upper level)
   INVX: 7 # Downgrades (from upper level)
   FWD: 0 # Forwards (from upper level)
   latGETnl: 74607915 # GET request latency on next level
   latGETnet: 0 # GET request latency on network to next level
  l1d-13: # Filter cache stats
   fhGETS: 929115 # Filtered GETS hits
   fhGETX: 557337 # Filtered GETX hits
   hGETS: 171645 # GETS hits
   hGETX: 176313 # GETX hits
   mGETS: 250199 # GETS misses
   mGETXIM: 166747 # GETX I->M misses
   mGETXSM: 5 # GETX S->M misses (upgrade misses)
   PUTS: 0 # Clean evictions (from lower level)
   PUTX: 0 # Dirty evictions (from lower level)
   INV: 79 # Invalidates (from upper level)
   INVX: 2 # Downgrades (from upper level)
   FWD: 0 # Forwards (from upper level)
   latGETnl: 74607129 # GET request latency on next level
   latGETnet: 0 # GET request latency on network to next level
  l1d-14: # Filter cache stats
   fhGETS: 929116 # Filtered GETS hits
   fhGETX: 557338 # Filtered GETX hits
   hGETS: 171641 # GETS hits
   hGETX: 176312 # GETX hits
   mGETS: 250202 # GETS misses
   mGETXIM: 166746 # GETX I->M misses
   mGETXSM: 6 # GETX S->M misses (upgrade misses)
   PUTS: 0 # Clean evictions (from lower level)
   PUTX: 0 # Dirty evictions (from lower level)
   INV: 80 # Invalidates (from upper level)
   INVX: 2 # Downgrades (from upper level)
   FWD: 0 # Forwards (from upper level)
   latGETnl: 74607256 # GET request latency on next level
   latGETnet: 0 # GET request latency on network to next level
  l1d-15: # Filter cache stats
   fhGETS: 929109 # Filtered GETS hits
   fhGETX: 557333 # Filtered GETX hits
   hGETS: 171641 # GETS hits
   hGETX: 176329 # GETX hits
   mGETS: 250209 # GETS misses
   mGETXIM: 166734 # GETX I->M misses
   mGETXSM: 6 # GETX S->M misses (upgrade misses)
   PUTS: 0 # Clean evictions (from lower level)
   PUTX: 0 # Dirty evictions (from lower level)
   INV: 76 # Invalidates (from upper level)
   INVX: 2 # Downgrades (from upper level)
   FWD: 0 # Forwards (from upper level)
   latGETnl: 74607563 # GET request latency on next level
   latGETnet: 0 # GET request latency on network to next level
  l1d-16: # Filter cache stats
   fhGETS: 792368 # Filtered GETS hits
   fhGETX: 415645 # Filtered GETX hits
   hGETS: 308383 # GETS hits
   hGETX: 318013 # GETX hits
   mGETS: 250208 # GETS misses
   mGETXIM: 166738 # GETX I->M misses
   mGETXSM: 6 # GETX S->M misses (upgrade misses)
   PUTS: 0 # Clean evictions (from lower level)
   PUTX: 0 # Dirty evictions (from lower level)
   INV: 79 # Invalidates (from upper level)
   INVX: 2 # Downgrades (from upper level)
   FWD: 0 # Forwards (from upper level)
   latGETnl: 74607426 # GET request latency on next level
   latGETnet: 0 # GET request latency on network to next level
  l1d-17: # Filter cache stats
   fhGETS: 929117 # Filtered GETS hits
   fhGETX: 557341 # Filtered GETX hits
   hGETS: 171635 # GETS hits
   hGETX: 176313 # GETX hits
   mGETS: 250207 # GETS misses
   mGETXIM: 166742 # GETX I->M misses
   mGETXSM: 6 # GETX S->M misses (upgrade misses)
   PUTS: 0 # Clean evictions (from lower level)
   PUTX: 0 # Dirty evictions (from lower level)
   INV: 81 # Invalidates (from upper level)
   INVX: 2 # Downgrades (from upper level)
   FWD: 0 # Forwards (from upper level)
   latGETnl: 74607567 # GET request latency on next level
   latGETnet: 0 # GET request latency on network to next level
  l1d-18: # Filter cache stats
   fhGETS: 929079 # Filtered GETS hits
   fhGETX: 557323 # Filtered GETX hits
   hGETS: 171640 # GETS hits
   hGETX: 176322 # GETX hits
   mGETS: 250196 # GETS misses
   mGETXIM: 166738 # GETX I->M misses
   mGETXSM: 6 # GETX S->M misses (upgrade misses)
   PUTS: 0 # Clean evictions (from lower level)
   PUTX: 0 # Dirty evictions (from lower level)
   INV: 76 # Invalidates (from upper level)
   INVX: 2 # Downgrades (from upper level)
   FWD: 0 # Forwards (from upper level)
   latGETnl: 74605674 # GET request latency on next level
   latGETnet: 0 # GET request latency on network to next level
  l1d-19: # Filter cache stats
   fhGETS: 929046 # Filtered GETS hits
   fhGETX: 557308 # Filtered GETX hits
   hGETS: 171659 # GETS hits
   hGETX: 176323 # GETX hits
   mGETS: 250190 # GETS misses
   mGETXIM: 166740 # GETX I->M misses
   mGETXSM: 6 # GETX S->M misses (upgrade misses)
   PUTS: 0 # Clean evictions (from lower level)
   PUTX: 0 # Dirty evictions (from lower level)
   INV: 78 # Invalidates (from upper level)
   INVX: 2 # Downgrades (from upper level)
   FWD: 0 # Forwards (from upper level)
   latGETnl: 74604562 # GET request latency on next level
   latGETnet: 0 # GET request latency on network to next level
  l1d-20: # Filter cache stats
   fhGETS: 929090 # Filtered GETS hits
   fhGETX: 557333 # Filtered GETX hits
   hGETS: 171637 # GETS hits
   hGETX: 176314 # GETX hits
   mGETS: 250200 # GETS misses
   mGETXIM: 166740 # GETX I->M misses
   mGETXSM: 6 # GETX S->M misses (upgrade misses)
   PUTS: 0 # Clean evictions (from lower level)
   PUTX: 0 # Dirty evictions (from lower level)
   INV: 80 # Invalidates (from upper level)
   INVX: 2 # Downgrades (from upper level)
   FWD: 0 # Forwards (from upper level)
   latGETnl: 74606088 # GET request latency on next level
   latGETnet: 0 # GET request latency on network to next level
  l1d-21: # Filter cache stats
   fhGETS: 929707 # Filtered GETS hits
   fhGETX: 557519 # Filtered GETX hits
   hGETS: 171807 # GETS hits
   hGETX: 176297 # GETX hits
   mGETS: 250155 # GETS misses
   mGETXIM: 166671 # GETX I->M misses
   mGETXSM: 10 # GETX S->M misses (upgrade misses)
   PUTS: 0 # Clean evictions (from lower level)
   PUTX: 0 # Dirty evictions (from lower level)
   INV: 77 # Invalidates (from upper level)
   INVX: 4 # Downgrades (from upper level)
   FWD: 0 # Forwards (from upper level)
   latGETnl: 74583780 # GET request latency on next level
   latGETnet: 0 # GET request latency on network to next level
  l1d-22: # Filter cache stats
   fhGETS: 929056 # Filtered GETS hits
   fhGETX: 557309 # Filtered GETX hits
   hGETS: 171626 # GETS hits
   hGETX: 176303 # GETX hits
   mGETS: 250191 # GETS misses
   mGETXIM: 166736 # GETX I->M misses
   mGETXSM: 8 # GETX S->M misses (upgrade misses)
   PUTS: 0 # Clean evictions (from lower level)
   PUTX: 0 # Dirty evictions (from lower level)
   INV: 84 # Invalidates (from upper level)
   INVX: 7 # Downgrades (from upper level)
   FWD: 0 # Forwards (from upper level)
   latGETnl: 74603383 # GET request latency on next level
   latGETnet: 0 # GET request latency on network to next level
  l1d-23: # Filter cache stats
   fhGETS: 0 # Filtered GETS hits
   fhGETX: 0 # Filtered GETX hits
   hGETS: 0 # GETS hits
   hGETX: 0 # GETX hits
   mGETS: 0 # GETS misses
   mGETXIM: 0 # GETX I->M misses
   mGETXSM: 0 # GETX S->M misses (upgrade misses)
   PUTS: 0 # Clean evictions (from lower level)
   PUTX: 0 # Dirty evictions (from lower level)
   INV: 0 # Invalidates (from upper level)
   INVX: 0 # Downgrades (from upper level)
   FWD: 0 # Forwards (from upper level)
   latGETnl: 0 # GET request latency on next level
   latGETnet: 0 # GET request latency on network to next level
 l1i: # Cache stats
  l1i-0: # Filter cache stats
   fhGETS: 18243637 # Filtered GETS hits
   fhGETX: 0 # Filtered GETX hits
   hGETS: 16692 # GETS hits
   hGETX: 0 # GETX hits
   mGETS: 878 # GETS misses
   mGETXIM: 0 # GETX I->M misses
   mGETXSM: 0 # GETX S->M misses (upgrade misses)
   PUTS: 0 # Clean evictions (from lower level)
   PUTX: 0 # Dirty evictions (from lower level)
   INV: 849 # Invalidates (from upper level)
   INVX: 0 # Downgrades (from upper level)
   FWD: 0 # Forwards (from upper level)
   latGETnl: 65158 # GET request latency on next level
   latGETnet: 0 # GET request latency on network to next level
  l1i-1: # Filter cache stats
   fhGETS: 18243477 # Filtered GETS hits
   fhGETX: 0 # Filtered GETX hits
   hGETS: 16677 # GETS hits
   hGETX: 0 # GETX hits
   mGETS: 786 # GETS misses
   mGETXIM: 0 # GETX I->M misses
   mGETXSM: 0 # GETX S->M misses (upgrade misses)
   PUTS: 0 # Clean evictions (from lower level)
   PUTX: 0 # Dirty evictions (from lower level)
   INV: 757 # Invalidates (from upper level)
   INVX: 0 # Downgrades (from upper level)
   FWD: 0 # Forwards (from upper level)
   latGETnl: 40770 # GET request latency on next level
   latGETnet: 0 # GET request latency on network to next level
  l1i-2: # Filter cache stats
   fhGETS: 18242457 # Filtered GETS hits
   fhGETX: 0 # Filtered GETX hits
   hGETS: 16669 # GETS hits
   hGETX: 0 # GETX hits
   mGETS: 817 # GETS misses
   mGETXIM: 0 # GETX I->M misses
   mGETXSM: 0 # GETX S->M misses (upgrade misses)
   PUTS: 0 # Clean evictions (from lower level)
   PUTX: 0 # Dirty evictions (from lower level)
   INV: 793 # Invalidates (from upper level)
   INVX: 0 # Downgrades (from upper level)
   FWD: 0 # Forwards (from upper level)
   latGETnl: 44207 # GET request latency on next level
   latGETnet: 0 # GET request latency on network to next level
  l1i-3: # Filter cache stats
   fhGETS: 18243246 # Filtered GETS hits
   fhGETX: 0 # Filtered GETX hits
   hGETS: 16667 # GETS hits
   hGETX: 0 # GETX hits
   mGETS: 792 # GETS misses
   mGETXIM: 0 # GETX I->M misses
   mGETXSM: 0 # GETX S->M misses (upgrade misses)
   PUTS: 0 # Clean evictions (from lower level)
   PUTX: 0 # Dirty evictions (from lower level)
   INV: 768 # Invalidates (from upper level)
   INVX: 0 # Downgrades (from upper level)
   FWD: 0 # Forwards (from upper level)
   latGETnl: 40524 # GET request latency on next level
   latGETnet: 0 # GET request latency on network to next level
  l1i-4: # Filter cache stats
   fhGETS: 18243390 # Filtered GETS hits
   fhGETX: 0 # Filtered GETX hits
   hGETS: 16669 # GETS hits
   hGETX: 0 # GETX hits
   mGETS: 809 # GETS misses
   mGETXIM: 0 # GETX I->M misses
   mGETXSM: 0 # GETX S->M misses (upgrade misses)
   PUTS: 0 # Clean evictions (from lower level)
   PUTX: 0 # Dirty evictions (from lower level)
   INV: 779 # Invalidates (from upper level)
   INVX: 0 # Downgrades (from upper level)
   FWD: 0 # Forwards (from upper level)
   latGETnl: 38419 # GET request latency on next level
   latGETnet: 0 # GET request latency on network to next level
  l1i-5: # Filter cache stats
   fhGETS: 18243038 # Filtered GETS hits
   fhGETX: 0 # Filtered GETX hits
   hGETS: 16670 # GETS hits
   hGETX: 0 # GETX hits
   mGETS: 802 # GETS misses
   mGETXIM: 0 # GETX I->M misses
   mGETXSM: 0 # GETX S->M misses (upgrade misses)
   PUTS: 0 # Clean evictions (from lower level)
   PUTX: 0 # Dirty evictions (from lower level)
   INV: 778 # Invalidates (from upper level)
   INVX: 0 # Downgrades (from upper level)
   FWD: 0 # Forwards (from upper level)
   latGETnl: 37826 # GET request latency on next level
   latGETnet: 0 # GET request latency on network to next level
  l1i-6: # Filter cache stats
   fhGETS: 18243225 # Filtered GETS hits
   fhGETX: 0 # Filtered GETX hits
   hGETS: 16667 # GETS hits
   hGETX: 0 # GETX hits
   mGETS: 772 # GETS misses
   mGETXIM: 0 # GETX I->M misses
   mGETXSM: 0 # GETX S->M misses (upgrade misses)
   PUTS: 0 # Clean evictions (from lower level)
   PUTX: 0 # Dirty evictions (from lower level)
   INV: 748 # Invalidates (from upper level)
   INVX: 0 # Downgrades (from upper level)
   FWD: 0 # Forwards (from upper level)
   latGETnl: 40376 # GET request latency on next level
   latGETnet: 0 # GET request latency on network to next level
  l1i-7: # Filter cache stats
   fhGETS: 18243231 # Filtered GETS hits
   fhGETX: 0 # Filtered GETX hits
   hGETS: 16668 # GETS hits
   hGETX: 0 # GETX hits
   mGETS: 788 # GETS misses
   mGETXIM: 0 # GETX I->M misses
   mGETXSM: 0 # GETX S->M misses (upgrade misses)
   PUTS: 0 # Clean evictions (from lower level)
   PUTX: 0 # Dirty evictions (from lower level)
   INV: 755 # Invalidates (from upper level)
   INVX: 0 # Downgrades (from upper level)
   FWD: 0 # Forwards (from upper level)
   latGETnl: 39016 # GET request latency on next level
   latGETnet: 0 # GET request latency on network to next level
  l1i-8: # Filter cache stats
   fhGETS: 18242601 # Filtered GETS hits
   fhGETX: 0 # Filtered GETX hits
   hGETS: 16670 # GETS hits
   hGETX: 0 # GETX hits
   mGETS: 791 # GETS misses
   mGETXIM: 0 # GETX I->M misses
   mGETXSM: 0 # GETX S->M misses (upgrade misses)
   PUTS: 0 # Clean evictions (from lower level)
   PUTX: 0 # Dirty evictions (from lower level)
   INV: 767 # Invalidates (from upper level)
   INVX: 0 # Downgrades (from upper level)
   FWD: 0 # Forwards (from upper level)
   latGETnl: 37177 # GET request latency on next level
   latGETnet: 0 # GET request latency on network to next level
  l1i-9: # Filter cache stats
   fhGETS: 18243257 # Filtered GETS hits
   fhGETX: 0 # Filtered GETX hits
   hGETS: 16668 # GETS hits
   hGETX: 0 # GETX hits
   mGETS: 781 # GETS misses
   mGETXIM: 0 # GETX I->M misses
   mGETXSM: 0 # GETX S->M misses (upgrade misses)
   PUTS: 0 # Clean evictions (from lower level)
   PUTX: 0 # Dirty evictions (from lower level)
   INV: 756 # Invalidates (from upper level)
   INVX: 0 # Downgrades (from upper level)
   FWD: 0 # Forwards (from upper level)
   latGETnl: 38291 # GET request latency on next level
   latGETnet: 0 # GET request latency on network to next level
  l1i-10: # Filter cache stats
   fhGETS: 18243090 # Filtered GETS hits
   fhGETX: 0 # Filtered GETX hits
   hGETS: 16669 # GETS hits
   hGETX: 0 # GETX hits
   mGETS: 773 # GETS misses
   mGETXIM: 0 # GETX I->M misses
   mGETXSM: 0 # GETX S->M misses (upgrade misses)
   PUTS: 0 # Clean evictions (from lower level)
   PUTX: 0 # Dirty evictions (from lower level)
   INV: 749 # Invalidates (from upper level)
   INVX: 0 # Downgrades (from upper level)
   FWD: 0 # Forwards (from upper level)
   latGETnl: 38443 # GET request latency on next level
   latGETnet: 0 # GET request latency on network to next level
  l1i-11: # Filter cache stats
   fhGETS: 18242865 # Filtered GETS hits
   fhGETX: 0 # Filtered GETX hits
   hGETS: 16762 # GETS hits
   hGETX: 0 # GETX hits
   mGETS: 772 # GETS misses
   mGETXIM: 0 # GETX I->M misses
   mGETXSM: 0 # GETX S->M misses (upgrade misses)
   PUTS: 0 # Clean evictions (from lower level)
   PUTX: 0 # Dirty evictions (from lower level)
   INV: 748 # Invalidates (from upper level)
   INVX: 0 # Downgrades (from upper level)
   FWD: 0 # Forwards (from upper level)
   latGETnl: 37340 # GET request latency on next level
   latGETnet: 0 # GET request latency on network to next level
  l1i-12: # Filter cache stats
   fhGETS: 18243263 # Filtered GETS hits
   fhGETX: 0 # Filtered GETX hits
   hGETS: 16670 # GETS hits
   hGETX: 0 # GETX hits
   mGETS: 780 # GETS misses
   mGETXIM: 0 # GETX I->M misses
   mGETXSM: 0 # GETX S->M misses (upgrade misses)
   PUTS: 0 # Clean evictions (from lower level)
   PUTX: 0 # Dirty evictions (from lower level)
   INV: 750 # Invalidates (from upper level)
   INVX: 0 # Downgrades (from upper level)
   FWD: 0 # Forwards (from upper level)
   latGETnl: 37848 # GET request latency on next level
   latGETnet: 0 # GET request latency on network to next level
  l1i-13: # Filter cache stats
   fhGETS: 18243236 # Filtered GETS hits
   fhGETX: 0 # Filtered GETX hits
   hGETS: 16669 # GETS hits
   hGETX: 0 # GETX hits
   mGETS: 799 # GETS misses
   mGETXIM: 0 # GETX I->M misses
   mGETXSM: 0 # GETX S->M misses (upgrade misses)
   PUTS: 0 # Clean evictions (from lower level)
   PUTX: 0 # Dirty evictions (from lower level)
   INV: 769 # Invalidates (from upper level)
   INVX: 0 # Downgrades (from upper level)
   FWD: 0 # Forwards (from upper level)
   latGETnl: 37949 # GET request latency on next level
   latGETnet: 0 # GET request latency on network to next level
  l1i-14: # Filter cache stats
   fhGETS: 18243263 # Filtered GETS hits
   fhGETX: 0 # Filtered GETX hits
   hGETS: 16669 # GETS hits
   hGETX: 0 # GETX hits
   mGETS: 784 # GETS misses
   mGETXIM: 0 # GETX I->M misses
   mGETXSM: 0 # GETX S->M misses (upgrade misses)
   PUTS: 0 # Clean evictions (from lower level)
   PUTX: 0 # Dirty evictions (from lower level)
   INV: 754 # Invalidates (from upper level)
   INVX: 0 # Downgrades (from upper level)
   FWD: 0 # Forwards (from upper level)
   latGETnl: 36980 # GET request latency on next level
   latGETnet: 0 # GET request latency on network to next level
  l1i-15: # Filter cache stats
   fhGETS: 18243264 # Filtered GETS hits
   fhGETX: 0 # Filtered GETX hits
   hGETS: 16669 # GETS hits
   hGETX: 0 # GETX hits
   mGETS: 773 # GETS misses
   mGETXIM: 0 # GETX I->M misses
   mGETXSM: 0 # GETX S->M misses (upgrade misses)
   PUTS: 0 # Clean evictions (from lower level)
   PUTX: 0 # Dirty evictions (from lower level)
   INV: 743 # Invalidates (from upper level)
   INVX: 0 # Downgrades (from upper level)
   FWD: 0 # Forwards (from upper level)
   latGETnl: 36463 # GET request latency on next level
   latGETnet: 0 # GET request latency on network to next level
  l1i-16: # Filter cache stats
   fhGETS: 18243266 # Filtered GETS hits
   fhGETX: 0 # Filtered GETX hits
   hGETS: 16669 # GETS hits
   hGETX: 0 # GETX hits
   mGETS: 777 # GETS misses
   mGETXIM: 0 # GETX I->M misses
   mGETXSM: 0 # GETX S->M misses (upgrade misses)
   PUTS: 0 # Clean evictions (from lower level)
   PUTX: 0 # Dirty evictions (from lower level)
   INV: 747 # Invalidates (from upper level)
   INVX: 0 # Downgrades (from upper level)
   FWD: 0 # Forwards (from upper level)
   latGETnl: 36651 # GET request latency on next level
   latGETnet: 0 # GET request latency on network to next level
  l1i-17: # Filter cache stats
   fhGETS: 18243260 # Filtered GETS hits
   fhGETX: 0 # Filtered GETX hits
   hGETS: 16668 # GETS hits
   hGETX: 0 # GETX hits
   mGETS: 782 # GETS misses
   mGETXIM: 0 # GETX I->M misses
   mGETXSM: 0 # GETX S->M misses (upgrade misses)
   PUTS: 0 # Clean evictions (from lower level)
   PUTX: 0 # Dirty evictions (from lower level)
   INV: 752 # Invalidates (from upper level)
   INVX: 0 # Downgrades (from upper level)
   FWD: 0 # Forwards (from upper level)
   latGETnl: 36886 # GET request latency on next level
   latGETnet: 0 # GET request latency on network to next level
  l1i-18: # Filter cache stats
   fhGETS: 18242739 # Filtered GETS hits
   fhGETX: 0 # Filtered GETX hits
   hGETS: 16666 # GETS hits
   hGETX: 0 # GETX hits
   mGETS: 783 # GETS misses
   mGETXIM: 0 # GETX I->M misses
   mGETXSM: 0 # GETX S->M misses (upgrade misses)
   PUTS: 0 # Clean evictions (from lower level)
   PUTX: 0 # Dirty evictions (from lower level)
   INV: 759 # Invalidates (from upper level)
   INVX: 0 # Downgrades (from upper level)
   FWD: 0 # Forwards (from upper level)
   latGETnl: 36801 # GET request latency on next level
   latGETnet: 0 # GET request latency on network to next level
  l1i-19: # Filter cache stats
   fhGETS: 18242594 # Filtered GETS hits
   fhGETX: 0 # Filtered GETX hits
   hGETS: 16669 # GETS hits
   hGETX: 0 # GETX hits
   mGETS: 781 # GETS misses
   mGETXIM: 0 # GETX I->M misses
   mGETXSM: 0 # GETX S->M misses (upgrade misses)
   PUTS: 0 # Clean evictions (from lower level)
   PUTX: 0 # Dirty evictions (from lower level)
   INV: 757 # Invalidates (from upper level)
   INVX: 0 # Downgrades (from upper level)
   FWD: 0 # Forwards (from upper level)
   latGETnl: 36707 # GET request latency on next level
   latGETnet: 0 # GET request latency on network to next level
  l1i-20: # Filter cache stats
   fhGETS: 18242926 # Filtered GETS hits
   fhGETX: 0 # Filtered GETX hits
   hGETS: 16667 # GETS hits
   hGETX: 0 # GETX hits
   mGETS: 771 # GETS misses
   mGETXIM: 0 # GETX I->M misses
   mGETXSM: 0 # GETX S->M misses (upgrade misses)
   PUTS: 0 # Clean evictions (from lower level)
   PUTX: 0 # Dirty evictions (from lower level)
   INV: 747 # Invalidates (from upper level)
   INVX: 0 # Downgrades (from upper level)
   FWD: 0 # Forwards (from upper level)
   latGETnl: 36237 # GET request latency on next level
   latGETnet: 0 # GET request latency on network to next level
  l1i-21: # Filter cache stats
   fhGETS: 18236341 # Filtered GETS hits
   fhGETX: 0 # Filtered GETX hits
   hGETS: 16750 # GETS hits
   hGETX: 0 # GETX hits
   mGETS: 842 # GETS misses
   mGETXIM: 0 # GETX I->M misses
   mGETXSM: 0 # GETX S->M misses (upgrade misses)
   PUTS: 0 # Clean evictions (from lower level)
   PUTX: 0 # Dirty evictions (from lower level)
   INV: 818 # Invalidates (from upper level)
   INVX: 0 # Downgrades (from upper level)
   FWD: 0 # Forwards (from upper level)
   latGETnl: 46834 # GET request latency on next level
   latGETnet: 0 # GET request latency on network to next level
  l1i-22: # Filter cache stats
   fhGETS: 18241968 # Filtered GETS hits
   fhGETX: 0 # Filtered GETX hits
   hGETS: 16683 # GETS hits
   hGETX: 0 # GETX hits
   mGETS: 777 # GETS misses
   mGETXIM: 0 # GETX I->M misses
   mGETXSM: 0 # GETX S->M misses (upgrade misses)
   PUTS: 0 # Clean evictions (from lower level)
   PUTX: 0 # Dirty evictions (from lower level)
   INV: 753 # Invalidates (from upper level)
   INVX: 0 # Downgrades (from upper level)
   FWD: 0 # Forwards (from upper level)
   latGETnl: 36651 # GET request latency on next level
   latGETnet: 0 # GET request latency on network to next level
  l1i-23: # Filter cache stats
   fhGETS: 0 # Filtered GETS hits
   fhGETX: 0 # Filtered GETX hits
   hGETS: 0 # GETS hits
   hGETX: 0 # GETX hits
   mGETS: 0 # GETS misses
   mGETXIM: 0 # GETX I->M misses
   mGETXSM: 0 # GETX S->M misses (upgrade misses)
   PUTS: 0 # Clean evictions (from lower level)
   PUTX: 0 # Dirty evictions (from lower level)
   INV: 0 # Invalidates (from upper level)
   INVX: 0 # Downgrades (from upper level)
   FWD: 0 # Forwards (from upper level)
   latGETnl: 0 # GET request latency on next level
   latGETnet: 0 # GET request latency on network to next level
 l2: # Cache stats
  l2-0: # Cache stats
   hGETS: 0 # GETS hits
   hGETX: 0 # GETX hits
   mGETS: 251152 # GETS misses
   mGETXIM: 166787 # GETX I->M misses
   mGETXSM: 7 # GETX S->M misses (upgrade misses)
   PUTS: 249913 # Clean evictions (from lower level)
   PUTX: 166520 # Dirty evictions (from lower level)
   INV: 60109 # Invalidates (from upper level)
   INVX: 92 # Downgrades (from upper level)
   FWD: 0 # Forwards (from upper level)
   latGETnl: 70517710 # GET request latency on next level
   latGETnet: 0 # GET request latency on network to next level
  l2-1: # Cache stats
   hGETS: 0 # GETS hits
   hGETX: 0 # GETX hits
   mGETS: 251018 # GETS misses
   mGETXIM: 166752 # GETX I->M misses
   mGETXSM: 10 # GETX S->M misses (upgrade misses)
   PUTS: 249871 # Clean evictions (from lower level)
   PUTX: 166498 # Dirty evictions (from lower level)
   INV: 32392 # Invalidates (from upper level)
   INVX: 25 # Downgrades (from upper level)
   FWD: 0 # Forwards (from upper level)
   latGETnl: 70476180 # GET request latency on next level
   latGETnet: 0 # GET request latency on network to next level
  l2-2: # Cache stats
   hGETS: 0 # GETS hits
   hGETX: 0 # GETX hits
   mGETS: 251021 # GETS misses
   mGETXIM: 166746 # GETX I->M misses
   mGETXSM: 5 # GETX S->M misses (upgrade misses)
   PUTS: 249860 # Clean evictions (from lower level)
   PUTX: 166496 # Dirty evictions (from lower level)
   INV: 96730 # Invalidates (from upper level)
   INVX: 5 # Downgrades (from upper level)
   FWD: 0 # Forwards (from upper level)
   latGETnl: 70473804 # GET request latency on next level
   latGETnet: 0 # GET request latency on network to next level
  l2-3: # Cache stats
   hGETS: 0 # GETS hits
   hGETX: 0 # GETX hits
   mGETS: 251011 # GETS misses
   mGETXIM: 166752 # GETX I->M misses
   mGETXSM: 7 # GETX S->M misses (upgrade misses)
   PUTS: 249867 # Clean evictions (from lower level)
   PUTX: 166499 # Dirty evictions (from lower level)
   INV: 28134 # Invalidates (from upper level)
   INVX: 33 # Downgrades (from upper level)
   FWD: 0 # Forwards (from upper level)
   latGETnl: 70475852 # GET request latency on next level
   latGETnet: 0 # GET request latency on network to next level
  l2-4: # Cache stats
   hGETS: 0 # GETS hits
   hGETX: 0 # GETX hits
   mGETS: 251036 # GETS misses
   mGETXIM: 166749 # GETX I->M misses
   mGETXSM: 9 # GETX S->M misses (upgrade misses)
   PUTS: 249869 # Clean evictions (from lower level)
   PUTX: 166497 # Dirty evictions (from lower level)
   INV: 28566 # Invalidates (from upper level)
   INVX: 20 # Downgrades (from upper level)
   FWD: 0 # Forwards (from upper level)
   latGETnl: 70472222 # GET request latency on next level
   latGETnet: 0 # GET request latency on network to next level
  l2-5: # Cache stats
   hGETS: 0 # GETS hits
   hGETX: 0 # GETX hits
   mGETS: 251026 # GETS misses
   mGETXIM: 166743 # GETX I->M misses
   mGETXSM: 9 # GETX S->M misses (upgrade misses)
   PUTS: 249866 # Clean evictions (from lower level)
   PUTX: 166493 # Dirty evictions (from lower level)
   INV: 32146 # Invalidates (from upper level)
   INVX: 20 # Downgrades (from upper level)
   FWD: 0 # Forwards (from upper level)
   latGETnl: 70470602 # GET request latency on next level
   latGETnet: 0 # GET request latency on network to next level
  l2-6: # Cache stats
   hGETS: 0 # GETS hits
   hGETX: 0 # GETX hits
   mGETS: 250977 # GETS misses
   mGETXIM: 166738 # GETX I->M misses
   mGETXSM: 6 # GETX S->M misses (upgrade misses)
   PUTS: 249856 # Clean evictions (from lower level)
   PUTX: 166497 # Dirty evictions (from lower level)
   INV: 31202 # Invalidates (from upper level)
   INVX: 16 # Downgrades (from upper level)
   FWD: 0 # Forwards (from upper level)
   latGETnl: 70472739 # GET request latency on next level
   latGETnet: 0 # GET request latency on network to next level
  l2-7: # Cache stats
   hGETS: 0 # GETS hits
   hGETX: 0 # GETX hits
   mGETS: 250994 # GETS misses
   mGETXIM: 166750 # GETX I->M misses
   mGETXSM: 6 # GETX S->M misses (upgrade misses)
   PUTS: 249862 # Clean evictions (from lower level)
   PUTX: 166497 # Dirty evictions (from lower level)
   INV: 45281 # Invalidates (from upper level)
   INVX: 15 # Downgrades (from upper level)
   FWD: 0 # Forwards (from upper level)
   latGETnl: 70471284 # GET request latency on next level
   latGETnet: 0 # GET request latency on network to next level
  l2-8: # Cache stats
   hGETS: 0 # GETS hits
   hGETX: 0 # GETX hits
   mGETS: 251009 # GETS misses
   mGETXIM: 166738 # GETX I->M misses
   mGETXSM: 9 # GETX S->M misses (upgrade misses)
   PUTS: 249859 # Clean evictions (from lower level)
   PUTX: 166489 # Dirty evictions (from lower level)
   INV: 70990 # Invalidates (from upper level)
   INVX: 19 # Downgrades (from upper level)
   FWD: 0 # Forwards (from upper level)
   latGETnl: 70468558 # GET request latency on next level
   latGETnet: 0 # GET request latency on network to next level
  l2-9: # Cache stats
   hGETS: 0 # GETS hits
   hGETX: 0 # GETX hits
   mGETS: 250980 # GETS misses
   mGETXIM: 166744 # GETX I->M misses
   mGETXSM: 5 # GETX S->M misses (upgrade misses)
   PUTS: 249858 # Clean evictions (from lower level)
   PUTX: 166495 # Dirty evictions (from lower level)
   INV: 71750 # Invalidates (from upper level)
   INVX: 28 # Downgrades (from upper level)
   FWD: 0 # Forwards (from upper level)
   latGETnl: 70471547 # GET request latency on next level
   latGETnet: 0 # GET request latency on network to next level
  l2-10: # Cache stats
   hGETS: 0 # GETS hits
   hGETX: 0 # GETX hits
   mGETS: 250974 # GETS misses
   mGETXIM: 166742 # GETX I->M misses
   mGETXSM: 5 # GETX S->M misses (upgrade misses)
   PUTS: 249853 # Clean evictions (from lower level)
   PUTX: 166497 # Dirty evictions (from lower level)
   INV: 29247 # Invalidates (from upper level)
   INVX: 17 # Downgrades (from upper level)
   FWD: 0 # Forwards (from upper level)
   latGETnl: 70469939 # GET request latency on next level
   latGETnet: 0 # GET request latency on network to next level
  l2-11: # Cache stats
   hGETS: 0 # GETS hits
   hGETX: 0 # GETX hits
   mGETS: 250990 # GETS misses
   mGETXIM: 166750 # GETX I->M misses
   mGETXSM: 10 # GETX S->M misses (upgrade misses)
   PUTS: 249860 # Clean evictions (from lower level)
   PUTX: 166516 # Dirty evictions (from lower level)
   INV: 99079 # Invalidates (from upper level)
   INVX: 12 # Downgrades (from upper level)
   FWD: 0 # Forwards (from upper level)
   latGETnl: 70471442 # GET request latency on next level
   latGETnet: 0 # GET request latency on network to next level
  l2-12: # Cache stats
   hGETS: 0 # GETS hits
   hGETX: 0 # GETX hits
   mGETS: 250983 # GETS misses
   mGETXIM: 166750 # GETX I->M misses
   mGETXSM: 6 # GETX S->M misses (upgrade misses)
   PUTS: 249858 # Clean evictions (from lower level)
   PUTX: 166499 # Dirty evictions (from lower level)
   INV: 28126 # Invalidates (from upper level)
   INVX: 7 # Downgrades (from upper level)
   FWD: 0 # Forwards (from upper level)
   latGETnl: 70468373 # GET request latency on next level
   latGETnet: 0 # GET request latency on network to next level
  l2-13: # Cache stats
   hGETS: 0 # GETS hits
   hGETX: 0 # GETX hits
   mGETS: 250998 # GETS misses
   mGETXIM: 166747 # GETX I->M misses
   mGETXSM: 5 # GETX S->M misses (upgrade misses)
   PUTS: 249858 # Clean evictions (from lower level)
   PUTX: 166497 # Dirty evictions (from lower level)
   INV: 27918 # Invalidates (from upper level)
   INVX: 2 # Downgrades (from upper level)
   FWD: 0 # Forwards (from upper level)
   latGETnl: 70467578 # GET request latency on next level
   latGETnet: 0 # GET request latency on network to next level
  l2-14: # Cache stats
   hGETS: 0 # GETS hits
   hGETX: 0 # GETX hits
   mGETS: 250986 # GETS misses
   mGETXIM: 166746 # GETX I->M misses
   mGETXSM: 6 # GETX S->M misses (upgrade misses)
   PUTS: 249860 # Clean evictions (from lower level)
   PUTX: 166496 # Dirty evictions (from lower level)
   INV: 56809 # Invalidates (from upper level)
   INVX: 2 # Downgrades (from upper level)
   FWD: 0 # Forwards (from upper level)
   latGETnl: 70466856 # GET request latency on next level
   latGETnet: 0 # GET request latency on network to next level
  l2-15: # Cache stats
   hGETS: 0 # GETS hits
   hGETX: 0 # GETX hits
   mGETS: 250982 # GETS misses
   mGETXIM: 166734 # GETX I->M misses
   mGETXSM: 6 # GETX S->M misses (upgrade misses)
   PUTS: 249858 # Clean evictions (from lower level)
   PUTX: 166497 # Dirty evictions (from lower level)
   INV: 47043 # Invalidates (from upper level)
   INVX: 2 # Downgrades (from upper level)
   FWD: 0 # Forwards (from upper level)
   latGETnl: 70466806 # GET request latency on next level
   latGETnet: 0 # GET request latency on network to next level
  l2-16: # Cache stats
   hGETS: 0 # GETS hits
   hGETX: 0 # GETX hits
   mGETS: 250985 # GETS misses
   mGETXIM: 166738 # GETX I->M misses
   mGETXSM: 6 # GETX S->M misses (upgrade misses)
   PUTS: 249858 # Clean evictions (from lower level)
   PUTX: 166497 # Dirty evictions (from lower level)
   INV: 27866 # Invalidates (from upper level)
   INVX: 2 # Downgrades (from upper level)
   FWD: 0 # Forwards (from upper level)
   latGETnl: 70466787 # GET request latency on next level
   latGETnet: 0 # GET request latency on network to next level
  l2-17: # Cache stats
   hGETS: 0 # GETS hits
   hGETX: 0 # GETX hits
   mGETS: 250989 # GETS misses
   mGETXIM: 166742 # GETX I->M misses
   mGETXSM: 6 # GETX S->M misses (upgrade misses)
   PUTS: 249860 # Clean evictions (from lower level)
   PUTX: 166496 # Dirty evictions (from lower level)
   INV: 29365 # Invalidates (from upper level)
   INVX: 2 # Downgrades (from upper level)
   FWD: 0 # Forwards (from upper level)
   latGETnl: 70467083 # GET request latency on next level
   latGETnet: 0 # GET request latency on network to next level
  l2-18: # Cache stats
   hGETS: 0 # GETS hits
   hGETX: 0 # GETX hits
   mGETS: 250979 # GETS misses
   mGETXIM: 166738 # GETX I->M misses
   mGETXSM: 6 # GETX S->M misses (upgrade misses)
   PUTS: 249852 # Clean evictions (from lower level)
   PUTX: 166494 # Dirty evictions (from lower level)
   INV: 47069 # Invalidates (from upper level)
   INVX: 2 # Downgrades (from upper level)
   FWD: 0 # Forwards (from upper level)
   latGETnl: 70465245 # GET request latency on next level
   latGETnet: 0 # GET request latency on network to next level
  l2-19: # Cache stats
   hGETS: 0 # GETS hits
   hGETX: 0 # GETX hits
   mGETS: 250971 # GETS misses
   mGETXIM: 166740 # GETX I->M misses
   mGETXSM: 6 # GETX S->M misses (upgrade misses)
   PUTS: 249850 # Clean evictions (from lower level)
   PUTX: 166490 # Dirty evictions (from lower level)
   INV: 27877 # Invalidates (from upper level)
   INVX: 2 # Downgrades (from upper level)
   FWD: 0 # Forwards (from upper level)
   latGETnl: 70464099 # GET request latency on next level
   latGETnet: 0 # GET request latency on network to next level
  l2-20: # Cache stats
   hGETS: 0 # GETS hits
   hGETX: 0 # GETX hits
   mGETS: 250971 # GETS misses
   mGETXIM: 166740 # GETX I->M misses
   mGETXSM: 6 # GETX S->M misses (upgrade misses)
   PUTS: 249853 # Clean evictions (from lower level)
   PUTX: 166495 # Dirty evictions (from lower level)
   INV: 28308 # Invalidates (from upper level)
   INVX: 2 # Downgrades (from upper level)
   FWD: 0 # Forwards (from upper level)
   latGETnl: 70465155 # GET request latency on next level
   latGETnet: 0 # GET request latency on network to next level
  l2-21: # Cache stats
   hGETS: 0 # GETS hits
   hGETX: 0 # GETX hits
   mGETS: 250997 # GETS misses
   mGETXIM: 166671 # GETX I->M misses
   mGETXSM: 10 # GETX S->M misses (upgrade misses)
   PUTS: 249801 # Clean evictions (from lower level)
   PUTX: 166436 # Dirty evictions (from lower level)
   INV: 46791 # Invalidates (from upper level)
   INVX: 4 # Downgrades (from upper level)
   FWD: 0 # Forwards (from upper level)
   latGETnl: 70453834 # GET request latency on next level
   latGETnet: 0 # GET request latency on network to next level
  l2-22: # Cache stats
   hGETS: 0 # GETS hits
   hGETX: 0 # GETX hits
   mGETS: 250968 # GETS misses
   mGETXIM: 166736 # GETX I->M misses
   mGETXSM: 8 # GETX S->M misses (upgrade misses)
   PUTS: 249842 # Clean evictions (from lower level)
   PUTX: 166489 # Dirty evictions (from lower level)
   INV: 32602 # Invalidates (from upper level)
   INVX: 7 # Downgrades (from upper level)
   FWD: 0 # Forwards (from upper level)
   latGETnl: 70462914 # GET request latency on next level
   latGETnet: 0 # GET request latency on network to next level
  l2-23: # Cache stats
   hGETS: 0 # GETS hits
   hGETX: 0 # GETX hits
   mGETS: 0 # GETS misses
   mGETXIM: 0 # GETX I->M misses
   mGETXSM: 0 # GETX S->M misses (upgrade misses)
   PUTS: 0 # Clean evictions (from lower level)
   PUTX: 0 # Dirty evictions (from lower level)
   INV: 0 # Invalidates (from upper level)
   INVX: 0 # Downgrades (from upper level)
   FWD: 0 # Forwards (from upper level)
   latGETnl: 0 # GET request latency on next level
   latGETnet: 0 # GET request latency on network to next level
 l3: # Cache stats
  l3-0b0: # Cache stats
   hGETS: 834 # GETS hits
   hGETX: 21 # GETX hits
   mGETS: 239668 # GETS misses
   mGETXIM: 159585 # GETX I->M misses
   mGETXSM: 0 # GETX S->M misses (upgrade misses)
   PUTS: 206392 # Clean evictions (from lower level)
   PUTX: 135589 # Dirty evictions (from lower level)
   INV: 0 # Invalidates (from upper level)
   INVX: 0 # Downgrades (from upper level)
   FWD: 0 # Forwards (from upper level)
   latGETnl: 52701396 # GET request latency on next level
   latGETnet: 0 # GET request latency on network to next level
  l3-0b1: # Cache stats
   hGETS: 874 # GETS hits
   hGETX: 24 # GETX hits
   mGETS: 239677 # GETS misses
   mGETXIM: 159598 # GETX I->M misses
   mGETXSM: 0 # GETX S->M misses (upgrade misses)
   PUTS: 206402 # Clean evictions (from lower level)
   PUTX: 135647 # Dirty evictions (from lower level)
   INV: 0 # Invalidates (from upper level)
   INVX: 0 # Downgrades (from upper level)
   FWD: 0 # Forwards (from upper level)
   latGETnl: 52704300 # GET request latency on next level
   latGETnet: 0 # GET request latency on network to next level
  l3-0b2: # Cache stats
   hGETS: 821 # GETS hits
   hGETX: 20 # GETX hits
   mGETS: 239665 # GETS misses
   mGETXIM: 159745 # GETX I->M misses
   mGETXSM: 0 # GETX S->M misses (upgrade misses)
   PUTS: 206248 # Clean evictions (from lower level)
   PUTX: 135849 # Dirty evictions (from lower level)
   INV: 0 # Invalidates (from upper level)
   INVX: 0 # Downgrades (from upper level)
   FWD: 0 # Forwards (from upper level)
   latGETnl: 52722120 # GET request latency on next level
   latGETnet: 0 # GET request latency on network to next level
  l3-0b3: # Cache stats
   hGETS: 900 # GETS hits
   hGETX: 4 # GETX hits
   mGETS: 239668 # GETS misses
   mGETXIM: 159667 # GETX I->M misses
   mGETXSM: 0 # GETX S->M misses (upgrade misses)
   PUTS: 206469 # Clean evictions (from lower level)
   PUTX: 135708 # Dirty evictions (from lower level)
   INV: 0 # Invalidates (from upper level)
   INVX: 0 # Downgrades (from upper level)
   FWD: 0 # Forwards (from upper level)
   latGETnl: 52712220 # GET request latency on next level
   latGETnet: 0 # GET request latency on network to next level
  l3-0b4: # Cache stats
   hGETS: 800 # GETS hits
   hGETX: 0 # GETX hits
   mGETS: 239661 # GETS misses
   mGETXIM: 159674 # GETX I->M misses
   mGETXSM: 0 # GETX S->M misses (upgrade misses)
   PUTS: 206405 # Clean evictions (from lower level)
   PUTX: 135735 # Dirty evictions (from lower level)
   INV: 0 # Invalidates (from upper level)
   INVX: 0 # Downgrades (from upper level)
   FWD: 0 # Forwards (from upper level)
   latGETnl: 52712220 # GET request latency on next level
   latGETnet: 0 # GET request latency on network to next level
  l3-0b5: # Cache stats
   hGETS: 923 # GETS hits
   hGETX: 11 # GETX hits
   mGETS: 239670 # GETS misses
   mGETXIM: 159692 # GETX I->M misses
   mGETXSM: 0 # GETX S->M misses (upgrade misses)
   PUTS: 206505 # Clean evictions (from lower level)
   PUTX: 135659 # Dirty evictions (from lower level)
   INV: 0 # Invalidates (from upper level)
   INVX: 0 # Downgrades (from upper level)
   FWD: 0 # Forwards (from upper level)
   latGETnl: 52715784 # GET request latency on next level
   latGETnet: 0 # GET request latency on network to next level
  l3-0b6: # Cache stats
   hGETS: 818 # GETS hits
   hGETX: 62 # GETX hits
   mGETS: 239685 # GETS misses
   mGETXIM: 159703 # GETX I->M misses
   mGETXSM: 0 # GETX S->M misses (upgrade misses)
   PUTS: 206503 # Clean evictions (from lower level)
   PUTX: 135730 # Dirty evictions (from lower level)
   INV: 0 # Invalidates (from upper level)
   INVX: 0 # Downgrades (from upper level)
   FWD: 0 # Forwards (from upper level)
   latGETnl: 52719216 # GET request latency on next level
   latGETnet: 0 # GET request latency on network to next level
  l3-0b7: # Cache stats
   hGETS: 774 # GETS hits
   hGETX: 62 # GETX hits
   mGETS: 239675 # GETS misses
   mGETXIM: 159691 # GETX I->M misses
   mGETXSM: 0 # GETX S->M misses (upgrade misses)
   PUTS: 206278 # Clean evictions (from lower level)
   PUTX: 135735 # Dirty evictions (from lower level)
   INV: 0 # Invalidates (from upper level)
   INVX: 0 # Downgrades (from upper level)
   FWD: 0 # Forwards (from upper level)
   latGETnl: 52716312 # GET request latency on next level
   latGETnet: 0 # GET request latency on network to next level
  l3-0b8: # Cache stats
   hGETS: 775 # GETS hits
   hGETX: 0 # GETX hits
   mGETS: 239654 # GETS misses
   mGETXIM: 159904 # GETX I->M misses
   mGETXSM: 0 # GETX S->M misses (upgrade misses)
   PUTS: 206195 # Clean evictions (from lower level)
   PUTX: 135812 # Dirty evictions (from lower level)
   INV: 0 # Invalidates (from upper level)
   INVX: 0 # Downgrades (from upper level)
   FWD: 0 # Forwards (from upper level)
   latGETnl: 52741656 # GET request latency on next level
   latGETnet: 0 # GET request latency on network to next level
  l3-0b9: # Cache stats
   hGETS: 772 # GETS hits
   hGETX: 4 # GETX hits
   mGETS: 239663 # GETS misses
   mGETXIM: 159836 # GETX I->M misses
   mGETXSM: 0 # GETX S->M misses (upgrade misses)
   PUTS: 206285 # Clean evictions (from lower level)
   PUTX: 135776 # Dirty evictions (from lower level)
   INV: 0 # Invalidates (from upper level)
   INVX: 0 # Downgrades (from upper level)
   FWD: 0 # Forwards (from upper level)
   latGETnl: 52733868 # GET request latency on next level
   latGETnet: 0 # GET request latency on network to next level
  l3-0b10: # Cache stats
   hGETS: 2011 # GETS hits
   hGETX: 88 # GETX hits
   mGETS: 239684 # GETS misses
   mGETXIM: 159978 # GETX I->M misses
   mGETXSM: 0 # GETX S->M misses (upgrade misses)
   PUTS: 207338 # Clean evictions (from lower level)
   PUTX: 135946 # Dirty evictions (from lower level)
   INV: 0 # Invalidates (from upper level)
   INVX: 0 # Downgrades (from upper level)
   FWD: 0 # Forwards (from upper level)
   latGETnl: 52755384 # GET request latency on next level
   latGETnet: 0 # GET request latency on network to next level
  l3-0b11: # Cache stats
   hGETS: 842 # GETS hits
   hGETX: 84 # GETX hits
   mGETS: 239682 # GETS misses
   mGETXIM: 159946 # GETX I->M misses
   mGETXSM: 0 # GETX S->M misses (upgrade misses)
   PUTS: 206181 # Clean evictions (from lower level)
   PUTX: 135901 # Dirty evictions (from lower level)
   INV: 0 # Invalidates (from upper level)
   INVX: 0 # Downgrades (from upper level)
   FWD: 0 # Forwards (from upper level)
   latGETnl: 52750896 # GET request latency on next level
   latGETnet: 0 # GET request latency on network to next level
  l3-0b12: # Cache stats
   hGETS: 924 # GETS hits
   hGETX: 57 # GETX hits
   mGETS: 239686 # GETS misses
   mGETXIM: 159892 # GETX I->M misses
   mGETXSM: 0 # GETX S->M misses (upgrade misses)
   PUTS: 206462 # Clean evictions (from lower level)
   PUTX: 135781 # Dirty evictions (from lower level)
   INV: 0 # Invalidates (from upper level)
   INVX: 0 # Downgrades (from upper level)
   FWD: 0 # Forwards (from upper level)
   latGETnl: 52744296 # GET request latency on next level
   latGETnet: 0 # GET request latency on network to next level
  l3-0b13: # Cache stats
   hGETS: 817 # GETS hits
   hGETX: 70 # GETX hits
   mGETS: 239689 # GETS misses
   mGETXIM: 159885 # GETX I->M misses
   mGETXSM: 0 # GETX S->M misses (upgrade misses)
   PUTS: 206569 # Clean evictions (from lower level)
   PUTX: 135804 # Dirty evictions (from lower level)
   INV: 0 # Invalidates (from upper level)
   INVX: 0 # Downgrades (from upper level)
   FWD: 0 # Forwards (from upper level)
   latGETnl: 52743768 # GET request latency on next level
   latGETnet: 0 # GET request latency on network to next level
  l3-0b14: # Cache stats
   hGETS: 848 # GETS hits
   hGETX: 20 # GETX hits
   mGETS: 239662 # GETS misses
   mGETXIM: 159874 # GETX I->M misses
   mGETXSM: 0 # GETX S->M misses (upgrade misses)
   PUTS: 206306 # Clean evictions (from lower level)
   PUTX: 135739 # Dirty evictions (from lower level)
   INV: 0 # Invalidates (from upper level)
   INVX: 0 # Downgrades (from upper level)
   FWD: 0 # Forwards (from upper level)
   latGETnl: 52738752 # GET request latency on next level
   latGETnet: 0 # GET request latency on network to next level
  l3-0b15: # Cache stats
   hGETS: 818 # GETS hits
   hGETX: 2 # GETX hits
   mGETS: 239666 # GETS misses
   mGETXIM: 159886 # GETX I->M misses
   mGETXSM: 0 # GETX S->M misses (upgrade misses)
   PUTS: 206332 # Clean evictions (from lower level)
   PUTX: 135666 # Dirty evictions (from lower level)
   INV: 0 # Invalidates (from upper level)
   INVX: 0 # Downgrades (from upper level)
   FWD: 0 # Forwards (from upper level)
   latGETnl: 52740864 # GET request latency on next level
   latGETnet: 0 # GET request latency on network to next level
  l3-0b16: # Cache stats
   hGETS: 944 # GETS hits
   hGETX: 59 # GETX hits
   mGETS: 239607 # GETS misses
   mGETXIM: 159778 # GETX I->M misses
   mGETXSM: 0 # GETX S->M misses (upgrade misses)
   PUTS: 206426 # Clean evictions (from lower level)
   PUTX: 136055 # Dirty evictions (from lower level)
   INV: 0 # Invalidates (from upper level)
   INVX: 0 # Downgrades (from upper level)
   FWD: 0 # Forwards (from upper level)
   latGETnl: 52718820 # GET request latency on next level
   latGETnet: 0 # GET request latency on network to next level
  l3-0b17: # Cache stats
   hGETS: 312 # GETS hits
   hGETX: 58 # GETX hits
   mGETS: 239606 # GETS misses
   mGETXIM: 159828 # GETX I->M misses
   mGETXSM: 0 # GETX S->M misses (upgrade misses)
   PUTS: 205809 # Clean evictions (from lower level)
   PUTX: 135786 # Dirty evictions (from lower level)
   INV: 0 # Invalidates (from upper level)
   INVX: 0 # Downgrades (from upper level)
   FWD: 0 # Forwards (from upper level)
   latGETnl: 52725288 # GET request latency on next level
   latGETnet: 0 # GET request latency on network to next level
  l3-0b18: # Cache stats
   hGETS: 914 # GETS hits
   hGETX: 58 # GETX hits
   mGETS: 239607 # GETS misses
   mGETXIM: 159537 # GETX I->M misses
   mGETXSM: 0 # GETX S->M misses (upgrade misses)
   PUTS: 206566 # Clean evictions (from lower level)
   PUTX: 135697 # Dirty evictions (from lower level)
   INV: 0 # Invalidates (from upper level)
   INVX: 0 # Downgrades (from upper level)
   FWD: 0 # Forwards (from upper level)
   latGETnl: 52687008 # GET request latency on next level
   latGETnet: 0 # GET request latency on network to next level
  l3-0b19: # Cache stats
   hGETS: 899 # GETS hits
   hGETX: 83 # GETX hits
   mGETS: 239601 # GETS misses
   mGETXIM: 159655 # GETX I->M misses
   mGETXSM: 0 # GETX S->M misses (upgrade misses)
   PUTS: 206363 # Clean evictions (from lower level)
   PUTX: 135841 # Dirty evictions (from lower level)
   INV: 0 # Invalidates (from upper level)
   INVX: 0 # Downgrades (from upper level)
   FWD: 0 # Forwards (from upper level)
   latGETnl: 52701792 # GET request latency on next level
   latGETnet: 0 # GET request latency on network to next level
  l3-0b20: # Cache stats
   hGETS: 906 # GETS hits
   hGETX: 61 # GETX hits
   mGETS: 239593 # GETS misses
   mGETXIM: 159711 # GETX I->M misses
   mGETXSM: 0 # GETX S->M misses (upgrade misses)
   PUTS: 206457 # Clean evictions (from lower level)
   PUTX: 136069 # Dirty evictions (from lower level)
   INV: 0 # Invalidates (from upper level)
   INVX: 0 # Downgrades (from upper level)
   FWD: 0 # Forwards (from upper level)
   latGETnl: 52708128 # GET request latency on next level
   latGETnet: 0 # GET request latency on network to next level
  l3-0b21: # Cache stats
   hGETS: 929 # GETS hits
   hGETX: 73 # GETX hits
   mGETS: 239595 # GETS misses
   mGETXIM: 159692 # GETX I->M misses
   mGETXSM: 0 # GETX S->M misses (upgrade misses)
   PUTS: 206379 # Clean evictions (from lower level)
   PUTX: 135923 # Dirty evictions (from lower level)
   INV: 0 # Invalidates (from upper level)
   INVX: 0 # Downgrades (from upper level)
   FWD: 0 # Forwards (from upper level)
   latGETnl: 52705884 # GET request latency on next level
   latGETnet: 0 # GET request latency on network to next level
  l3-0b22: # Cache stats
   hGETS: 973 # GETS hits
   hGETX: 97 # GETX hits
   mGETS: 239605 # GETS misses
   mGETXIM: 159690 # GETX I->M misses
   mGETXSM: 0 # GETX S->M misses (upgrade misses)
   PUTS: 206614 # Clean evictions (from lower level)
   PUTX: 135919 # Dirty evictions (from lower level)
   INV: 0 # Invalidates (from upper level)
   INVX: 0 # Downgrades (from upper level)
   FWD: 0 # Forwards (from upper level)
   latGETnl: 52706940 # GET request latency on next level
   latGETnet: 0 # GET request latency on network to next level
  l3-0b23: # Cache stats
   hGETS: 991 # GETS hits
   hGETX: 78 # GETX hits
   mGETS: 239609 # GETS misses
   mGETXIM: 159689 # GETX I->M misses
   mGETXSM: 0 # GETX S->M misses (upgrade misses)
   PUTS: 206567 # Clean evictions (from lower level)
   PUTX: 136043 # Dirty evictions (from lower level)
   INV: 0 # Invalidates (from upper level)
   INVX: 0 # Downgrades (from upper level)
   FWD: 0 # Forwards (from upper level)
   latGETnl: 52707336 # GET request latency on next level
   latGETnet: 0 # GET request latency on network to next level
 mem: # Memory controller stats
  mem-0: # Memory controller stats
   rd: 9585714 # Read requests
   wr: 3615583 # Write requests
   rdlat: 1515212823 # Total latency experienced by read requests
   wrlat: 575794725 # Total latency experienced by write requests
 sched: # Scheduler stats
  thCr: 25 # Threads created
  thFn: 25 # Threads finished
  schedEvs: 28 # Schedule events
  waitEvs: 2 # Wait events
  handoffEvs: 1 # Handoff events
  sleepEvs: 1 # Sleep events
  idlePhases: 0 # Phases with no thread active
  idlePeriods: 0 # Periods with no thread active
  occHist: # Occupancy histogram
   0: 0
   1: 24
   2: 0
   3: 1
   4: 2
   5: 1
   6: 0
   7: 1
   8: 0
   9: 0
   10: 0
   11: 1
   12: 0
   13: 1
   14: 0
   15: 0
   16: 0
   17: 1
   18: 0
   19: 0
   20: 0
   21: 1
   22: 0
   23: 40821
   24: 0
  rqSzHist: # Run queue size histogram
   0: 40831
   1: 23
   2: 0
   3: 0
   4: 0
   5: 0
   6: 0
   7: 0
   8: 0
   9: 0
   10: 0
   11: 0
   12: 0
   13: 0
   14: 0
   15: 0
   16: 0
   17: 0
   18: 0
   19: 0
   20: 0
   21: 0
   22: 0
   23: 0
   24: 0
 procCycles: # Per-process unhalted core cycles
  0: 938993878
  1: 0
  2: 0
  3: 0
  4: 0
  5: 0
  6: 0
  7: 0
  8: 0
  9: 0
  10: 0
  11: 0
  12: 0
  13: 0
  14: 0
  15: 0
  16: 0
  17: 0
  18: 0
  19: 0
  20: 0
  21: 0
  22: 0
  23: 0
  24: 0
  25: 0
  26: 0
  27: 0
  28: 0
  29: 0
  30: 0
  31: 0
  32: 0
  33: 0
  34: 0
  35: 0
  36: 0
  37: 0
  38: 0
  39: 0
  40: 0
  41: 0
  42: 0
  43: 0
  44: 0
  45: 0
  46: 0
  47: 0
  48: 0
  49: 0
  50: 0
  51: 0
  52: 0
  53: 0
  54: 0
  55: 0
  56: 0
  57: 0
  58: 0
  59: 0
  60: 0
  61: 0
  62: 0
  63: 0
 procInstrs: # Per-process instructions
  0: 1241751623
  1: 0
  2: 0
  3: 0
  4: 0
  5: 0
  6: 0
  7: 0
  8: 0
  9: 0
  10: 0
  11: 0
  12: 0
  13: 0
  14: 0
  15: 0
  16: 0
  17: 0
  18: 0
  19: 0
  20: 0
  21: 0
  22: 0
  23: 0
  24: 0
  25: 0
  26: 0
  27: 0
  28: 0
  29: 0
  30: 0
  31: 0
  32: 0
  33: 0
  34: 0
  35: 0
  36: 0
  37: 0
  38: 0
  39: 0
  40: 0
  41: 0
  42: 0
  43: 0
  44: 0
  45: 0
  46: 0
  47: 0
  48: 0
  49: 0
  50: 0
  51: 0
  52: 0
  53: 0
  54: 0
  55: 0
  56: 0
  57: 0
  58: 0
  59: 0
  60: 0
  61: 0
  62: 0
  63: 0
 heartbeats: # Per-process heartbeats
  0: 0
  1: 0
  2: 0
  3: 0
  4: 0
  5: 0
  6: 0
  7: 0
  8: 0
  9: 0
  10: 0
  11: 0
  12: 0
  13: 0
  14: 0
  15: 0
  16: 0
  17: 0
  18: 0
  19: 0
  20: 0
  21: 0
  22: 0
  23: 0
  24: 0
  25: 0
  26: 0
  27: 0
  28: 0
  29: 0
  30: 0
  31: 0
  32: 0
  33: 0
  34: 0
  35: 0
  36: 0
  37: 0
  38: 0
  39: 0
  40: 0
  41: 0
  42: 0
  43: 0
  44: 0
  45: 0
  46: 0
  47: 0
  48: 0
  49: 0
  50: 0
  51: 0
  52: 0
  53: 0
  54: 0
  55: 0
  56: 0
  57: 0
  58: 0
  59: 0
  60: 0
  61: 0
  62: 0
  63: 0
===
