# zsim stats
===
root: # Stats
 contention: # Contention simulation stats
  domain-0: # Domain stats
   time: 7024180413 # Weave simulation time
 time: # Simulator time breakdown
  init: 3051190489
  bound: 127935586305
  weave: 7569061914
  ff: 36803
 trigger: 20000 # Reason for this stats dump
 phase: 14293 # Simulated phases
 reqCycles: 0 # Requeue Cycles
 skylake: # Core stats
  skylake-0: # Core stats
   cycles: 14293641 # Simulated unhalted cycles
   cCycles: 8031874 # Cycles due to contention stalls
   instrs: 6676667 # Simulated instructions
   uops: 5829710 # issued micro-ops
   bbls: 1898899 # Basic blocks
   approxInstrs: 566497 # Instrs with approx uop decoding
   mispredBranches: 164773 # Mispredicted branches
   IdqNotDelivered: 6261767 # Stalls no uop delivered when no Bkend Stall
   IntMiscRecoveryCycles: 666701 # Stalls waiting machine clears
   uops executed: 6303876 # Executed microoperations
  skylake-1: # Core stats
   cycles: 14269640 # Simulated unhalted cycles
   cCycles: 8031649 # Cycles due to contention stalls
   instrs: 6675961 # Simulated instructions
   uops: 5828786 # issued micro-ops
   bbls: 1898814 # Basic blocks
   approxInstrs: 566526 # Instrs with approx uop decoding
   mispredBranches: 164756 # Mispredicted branches
   IdqNotDelivered: 6237991 # Stalls no uop delivered when no Bkend Stall
   IntMiscRecoveryCycles: 661880 # Stalls waiting machine clears
   uops executed: 6302965 # Executed microoperations
  skylake-2: # Core stats
   cycles: 14267175 # Simulated unhalted cycles
   cCycles: 8031645 # Cycles due to contention stalls
   instrs: 6673418 # Simulated instructions
   uops: 5826419 # issued micro-ops
   bbls: 1898138 # Basic blocks
   approxInstrs: 566351 # Instrs with approx uop decoding
   mispredBranches: 164704 # Mispredicted branches
   IdqNotDelivered: 6235530 # Stalls no uop delivered when no Bkend Stall
   IntMiscRecoveryCycles: 662886 # Stalls waiting machine clears
   uops executed: 6300491 # Executed microoperations
  skylake-3: # Core stats
   cycles: 14268333 # Simulated unhalted cycles
   cCycles: 8031277 # Cycles due to contention stalls
   instrs: 6676233 # Simulated instructions
   uops: 5828961 # issued micro-ops
   bbls: 1898908 # Basic blocks
   approxInstrs: 566573 # Instrs with approx uop decoding
   mispredBranches: 164763 # Mispredicted branches
   IdqNotDelivered: 6237056 # Stalls no uop delivered when no Bkend Stall
   IntMiscRecoveryCycles: 662299 # Stalls waiting machine clears
   uops executed: 6303193 # Executed microoperations
  skylake-4: # Core stats
   cycles: 14266648 # Simulated unhalted cycles
   cCycles: 8031520 # Cycles due to contention stalls
   instrs: 6675533 # Simulated instructions
   uops: 5828345 # issued micro-ops
   bbls: 1898710 # Basic blocks
   approxInstrs: 566512 # Instrs with approx uop decoding
   mispredBranches: 164746 # Mispredicted branches
   IdqNotDelivered: 6235128 # Stalls no uop delivered when no Bkend Stall
   IntMiscRecoveryCycles: 661705 # Stalls waiting machine clears
   uops executed: 6302524 # Executed microoperations
  skylake-5: # Core stats
   cycles: 14265641 # Simulated unhalted cycles
   cCycles: 8031312 # Cycles due to contention stalls
   instrs: 6675068 # Simulated instructions
   uops: 5827936 # issued micro-ops
   bbls: 1898579 # Basic blocks
   approxInstrs: 566471 # Instrs with approx uop decoding
   mispredBranches: 164735 # Mispredicted branches
   IdqNotDelivered: 6234329 # Stalls no uop delivered when no Bkend Stall
   IntMiscRecoveryCycles: 661567 # Stalls waiting machine clears
   uops executed: 6302077 # Executed microoperations
  skylake-6: # Core stats
   cycles: 14265334 # Simulated unhalted cycles
   cCycles: 8031203 # Cycles due to contention stalls
   instrs: 6675698 # Simulated instructions
   uops: 5828287 # issued micro-ops
   bbls: 1898802 # Basic blocks
   approxInstrs: 566574 # Instrs with approx uop decoding
   mispredBranches: 164759 # Mispredicted branches
   IdqNotDelivered: 6234131 # Stalls no uop delivered when no Bkend Stall
   IntMiscRecoveryCycles: 662617 # Stalls waiting machine clears
   uops executed: 6302529 # Executed microoperations
  skylake-7: # Core stats
   cycles: 14264641 # Simulated unhalted cycles
   cCycles: 8031146 # Cycles due to contention stalls
   instrs: 6674233 # Simulated instructions
   uops: 5827211 # issued micro-ops
   bbls: 1898340 # Basic blocks
   approxInstrs: 566402 # Instrs with approx uop decoding
   mispredBranches: 164714 # Mispredicted branches
   IdqNotDelivered: 6233495 # Stalls no uop delivered when no Bkend Stall
   IntMiscRecoveryCycles: 661484 # Stalls waiting machine clears
   uops executed: 6301298 # Executed microoperations
  skylake-8: # Core stats
   cycles: 14264333 # Simulated unhalted cycles
   cCycles: 8031456 # Cycles due to contention stalls
   instrs: 6675512 # Simulated instructions
   uops: 5828129 # issued micro-ops
   bbls: 1898748 # Basic blocks
   approxInstrs: 566560 # Instrs with approx uop decoding
   mispredBranches: 164755 # Mispredicted branches
   IdqNotDelivered: 6232877 # Stalls no uop delivered when no Bkend Stall
   IntMiscRecoveryCycles: 662230 # Stalls waiting machine clears
   uops executed: 6302359 # Executed microoperations
  skylake-9: # Core stats
   cycles: 14264338 # Simulated unhalted cycles
   cCycles: 8031452 # Cycles due to contention stalls
   instrs: 6675140 # Simulated instructions
   uops: 5827796 # issued micro-ops
   bbls: 1898644 # Basic blocks
   approxInstrs: 566525 # Instrs with approx uop decoding
   mispredBranches: 164746 # Mispredicted branches
   IdqNotDelivered: 6232886 # Stalls no uop delivered when no Bkend Stall
   IntMiscRecoveryCycles: 662297 # Stalls waiting machine clears
   uops executed: 6301994 # Executed microoperations
  skylake-10: # Core stats
   cycles: 14264333 # Simulated unhalted cycles
   cCycles: 8031263 # Cycles due to contention stalls
   instrs: 6675038 # Simulated instructions
   uops: 5827711 # issued micro-ops
   bbls: 1898614 # Basic blocks
   approxInstrs: 566518 # Instrs with approx uop decoding
   mispredBranches: 164743 # Mispredicted branches
   IdqNotDelivered: 6233070 # Stalls no uop delivered when no Bkend Stall
   IntMiscRecoveryCycles: 662227 # Stalls waiting machine clears
   uops executed: 6301905 # Executed microoperations
  skylake-11: # Core stats
   cycles: 14263642 # Simulated unhalted cycles
   cCycles: 8443988 # Cycles due to contention stalls
   instrs: 7043052 # Simulated instructions
   uops: 6149099 # issued micro-ops
   bbls: 2003236 # Basic blocks
   approxInstrs: 597720 # Instrs with approx uop decoding
   mispredBranches: 87073 # Mispredicted branches
   IdqNotDelivered: 5819654 # Stalls no uop delivered when no Bkend Stall
   IntMiscRecoveryCycles: 700390 # Stalls waiting machine clears
   uops executed: 6822984 # Executed microoperations
  skylake-12: # Core stats
   cycles: 14263644 # Simulated unhalted cycles
   cCycles: 8031962 # Cycles due to contention stalls
   instrs: 6674682 # Simulated instructions
   uops: 5827405 # issued micro-ops
   bbls: 1898513 # Basic blocks
   approxInstrs: 566492 # Instrs with approx uop decoding
   mispredBranches: 164735 # Mispredicted branches
   IdqNotDelivered: 6231682 # Stalls no uop delivered when no Bkend Stall
   IntMiscRecoveryCycles: 662245 # Stalls waiting machine clears
   uops executed: 6301575 # Executed microoperations
  skylake-13: # Core stats
   cycles: 14263339 # Simulated unhalted cycles
   cCycles: 8031414 # Cycles due to contention stalls
   instrs: 6675647 # Simulated instructions
   uops: 5828239 # issued micro-ops
   bbls: 1898789 # Basic blocks
   approxInstrs: 566568 # Instrs with approx uop decoding
   mispredBranches: 164759 # Mispredicted branches
   IdqNotDelivered: 6231925 # Stalls no uop delivered when no Bkend Stall
   IntMiscRecoveryCycles: 661939 # Stalls waiting machine clears
   uops executed: 6302471 # Executed microoperations
  skylake-14: # Core stats
   cycles: 14262641 # Simulated unhalted cycles
   cCycles: 8031722 # Cycles due to contention stalls
   instrs: 6674968 # Simulated instructions
   uops: 5827651 # issued micro-ops
   bbls: 1898594 # Basic blocks
   approxInstrs: 566513 # Instrs with approx uop decoding
   mispredBranches: 164741 # Mispredicted branches
   IdqNotDelivered: 6230919 # Stalls no uop delivered when no Bkend Stall
   IntMiscRecoveryCycles: 661856 # Stalls waiting machine clears
   uops executed: 6301842 # Executed microoperations
  skylake-15: # Core stats
   cycles: 14262644 # Simulated unhalted cycles
   cCycles: 8032204 # Cycles due to contention stalls
   instrs: 6674188 # Simulated instructions
   uops: 5826965 # issued micro-ops
   bbls: 1898374 # Basic blocks
   approxInstrs: 566444 # Instrs with approx uop decoding
   mispredBranches: 164723 # Mispredicted branches
   IdqNotDelivered: 6230440 # Stalls no uop delivered when no Bkend Stall
   IntMiscRecoveryCycles: 661563 # Stalls waiting machine clears
   uops executed: 6301093 # Executed microoperations
  skylake-16: # Core stats
   cycles: 14262642 # Simulated unhalted cycles
   cCycles: 8031649 # Cycles due to contention stalls
   instrs: 6675250 # Simulated instructions
   uops: 5827899 # issued micro-ops
   bbls: 1898675 # Basic blocks
   approxInstrs: 566539 # Instrs with approx uop decoding
   mispredBranches: 164749 # Mispredicted branches
   IdqNotDelivered: 6230993 # Stalls no uop delivered when no Bkend Stall
   IntMiscRecoveryCycles: 661646 # Stalls waiting machine clears
   uops executed: 6302108 # Executed microoperations
  skylake-17: # Core stats
   cycles: 14262643 # Simulated unhalted cycles
   cCycles: 8031136 # Cycles due to contention stalls
   instrs: 6675012 # Simulated instructions
   uops: 5827693 # issued micro-ops
   bbls: 1898606 # Basic blocks
   approxInstrs: 566518 # Instrs with approx uop decoding
   mispredBranches: 164743 # Mispredicted branches
   IdqNotDelivered: 6231507 # Stalls no uop delivered when no Bkend Stall
   IntMiscRecoveryCycles: 661825 # Stalls waiting machine clears
   uops executed: 6301887 # Executed microoperations
  skylake-18: # Core stats
   cycles: 14261651 # Simulated unhalted cycles
   cCycles: 8031386 # Cycles due to contention stalls
   instrs: 6673924 # Simulated instructions
   uops: 5826735 # issued micro-ops
   bbls: 1898298 # Basic blocks
   approxInstrs: 566422 # Instrs with approx uop decoding
   mispredBranches: 164716 # Mispredicted branches
   IdqNotDelivered: 6230265 # Stalls no uop delivered when no Bkend Stall
   IntMiscRecoveryCycles: 661531 # Stalls waiting machine clears
   uops executed: 6300847 # Executed microoperations
  skylake-19: # Core stats
   cycles: 14261333 # Simulated unhalted cycles
   cCycles: 8031754 # Cycles due to contention stalls
   instrs: 6673599 # Simulated instructions
   uops: 5826454 # issued micro-ops
   bbls: 1898205 # Basic blocks
   approxInstrs: 566396 # Instrs with approx uop decoding
   mispredBranches: 164708 # Mispredicted branches
   IdqNotDelivered: 6229579 # Stalls no uop delivered when no Bkend Stall
   IntMiscRecoveryCycles: 661864 # Stalls waiting machine clears
   uops executed: 6300545 # Executed microoperations
  skylake-20: # Core stats
   cycles: 14261641 # Simulated unhalted cycles
   cCycles: 8032453 # Cycles due to contention stalls
   instrs: 6672840 # Simulated instructions
   uops: 5825796 # issued micro-ops
   bbls: 1897988 # Basic blocks
   approxInstrs: 566333 # Instrs with approx uop decoding
   mispredBranches: 164689 # Mispredicted branches
   IdqNotDelivered: 6229188 # Stalls no uop delivered when no Bkend Stall
   IntMiscRecoveryCycles: 661742 # Stalls waiting machine clears
   uops executed: 6299836 # Executed microoperations
  skylake-21: # Core stats
   cycles: 14261748 # Simulated unhalted cycles
   cCycles: 8443484 # Cycles due to contention stalls
   instrs: 7030644 # Simulated instructions
   uops: 6138715 # issued micro-ops
   bbls: 1999452 # Basic blocks
   approxInstrs: 596331 # Instrs with approx uop decoding
   mispredBranches: 86864 # Mispredicted branches
   IdqNotDelivered: 5818264 # Stalls no uop delivered when no Bkend Stall
   IntMiscRecoveryCycles: 701321 # Stalls waiting machine clears
   uops executed: 6811199 # Executed microoperations
  skylake-22: # Core stats
   cycles: 14260333 # Simulated unhalted cycles
   cCycles: 8031377 # Cycles due to contention stalls
   instrs: 6671989 # Simulated instructions
   uops: 5825084 # issued micro-ops
   bbls: 1897745 # Basic blocks
   approxInstrs: 566257 # Instrs with approx uop decoding
   mispredBranches: 164665 # Mispredicted branches
   IdqNotDelivered: 6228956 # Stalls no uop delivered when no Bkend Stall
   IntMiscRecoveryCycles: 661390 # Stalls waiting machine clears
   uops executed: 6299081 # Executed microoperations
  skylake-23: # Core stats
   cycles: 0 # Simulated unhalted cycles
   cCycles: 0 # Cycles due to contention stalls
   instrs: 0 # Simulated instructions
   uops: 0 # issued micro-ops
   bbls: 0 # Basic blocks
   approxInstrs: 0 # Instrs with approx uop decoding
   mispredBranches: 0 # Mispredicted branches
   IdqNotDelivered: 0 # Stalls no uop delivered when no Bkend Stall
   IntMiscRecoveryCycles: 0 # Stalls waiting machine clears
   uops executed: 0 # Executed microoperations
 l1d: # Cache stats
  l1d-0: # Filter cache stats
   fhGETS: 495132 # Filtered GETS hits
   fhGETX: 556288 # Filtered GETX hits
   hGETS: 4818 # GETS hits
   hGETX: 10817 # GETX hits
   mGETS: 5080 # GETS misses
   mGETXIM: 237338 # GETX I->M misses
   mGETXSM: 7 # GETX S->M misses (upgrade misses)
   PUTS: 0 # Clean evictions (from lower level)
   PUTX: 0 # Dirty evictions (from lower level)
   INV: 88 # Invalidates (from upper level)
   INVX: 84 # Downgrades (from upper level)
   FWD: 0 # Forwards (from upper level)
   latGETnl: 43373937 # GET request latency on next level
   latGETnet: 0 # GET request latency on network to next level
  l1d-1: # Filter cache stats
   fhGETS: 494897 # Filtered GETS hits
   fhGETX: 556156 # Filtered GETX hits
   hGETS: 4741 # GETS hits
   hGETX: 10780 # GETX hits
   mGETS: 5036 # GETS misses
   mGETXIM: 237314 # GETX I->M misses
   mGETXSM: 10 # GETX S->M misses (upgrade misses)
   PUTS: 0 # Clean evictions (from lower level)
   PUTX: 0 # Dirty evictions (from lower level)
   INV: 71 # Invalidates (from upper level)
   INVX: 25 # Downgrades (from upper level)
   FWD: 0 # Forwards (from upper level)
   latGETnl: 43357302 # GET request latency on next level
   latGETnet: 0 # GET request latency on network to next level
  l1d-2: # Filter cache stats
   fhGETS: 494621 # Filtered GETS hits
   fhGETX: 555922 # Filtered GETX hits
   hGETS: 4716 # GETS hits
   hGETX: 10755 # GETX hits
   mGETS: 5025 # GETS misses
   mGETXIM: 237236 # GETX I->M misses
   mGETXSM: 5 # GETX S->M misses (upgrade misses)
   PUTS: 0 # Clean evictions (from lower level)
   PUTX: 0 # Dirty evictions (from lower level)
   INV: 49 # Invalidates (from upper level)
   INVX: 3 # Downgrades (from upper level)
   FWD: 0 # Forwards (from upper level)
   latGETnl: 43342078 # GET request latency on next level
   latGETnet: 0 # GET request latency on network to next level
  l1d-3: # Filter cache stats
   fhGETS: 494869 # Filtered GETS hits
   fhGETX: 556165 # Filtered GETX hits
   hGETS: 4747 # GETS hits
   hGETX: 10782 # GETX hits
   mGETS: 5028 # GETS misses
   mGETXIM: 237333 # GETX I->M misses
   mGETXSM: 7 # GETX S->M misses (upgrade misses)
   PUTS: 0 # Clean evictions (from lower level)
   PUTX: 0 # Dirty evictions (from lower level)
   INV: 62 # Invalidates (from upper level)
   INVX: 36 # Downgrades (from upper level)
   FWD: 0 # Forwards (from upper level)
   latGETnl: 43361964 # GET request latency on next level
   latGETnet: 0 # GET request latency on network to next level
  l1d-4: # Filter cache stats
   fhGETS: 494806 # Filtered GETS hits
   fhGETX: 556092 # Filtered GETX hits
   hGETS: 4750 # GETS hits
   hGETX: 10793 # GETX hits
   mGETS: 5033 # GETS misses
   mGETXIM: 237306 # GETX I->M misses
   mGETXSM: 9 # GETX S->M misses (upgrade misses)
   PUTS: 0 # Clean evictions (from lower level)
   PUTX: 0 # Dirty evictions (from lower level)
   INV: 67 # Invalidates (from upper level)
   INVX: 20 # Downgrades (from upper level)
   FWD: 0 # Forwards (from upper level)
   latGETnl: 43355152 # GET request latency on next level
   latGETnet: 0 # GET request latency on network to next level
  l1d-5: # Filter cache stats
   fhGETS: 494792 # Filtered GETS hits
   fhGETX: 556070 # Filtered GETX hits
   hGETS: 4734 # GETS hits
   hGETX: 10769 # GETX hits
   mGETS: 5029 # GETS misses
   mGETXIM: 237292 # GETX I->M misses
   mGETXSM: 9 # GETX S->M misses (upgrade misses)
   PUTS: 0 # Clean evictions (from lower level)
   PUTX: 0 # Dirty evictions (from lower level)
   INV: 67 # Invalidates (from upper level)
   INVX: 20 # Downgrades (from upper level)
   FWD: 0 # Forwards (from upper level)
   latGETnl: 43351562 # GET request latency on next level
   latGETnet: 0 # GET request latency on network to next level
  l1d-6: # Filter cache stats
   fhGETS: 494724 # Filtered GETS hits
   fhGETX: 556090 # Filtered GETX hits
   hGETS: 4728 # GETS hits
   hGETX: 10754 # GETX hits
   mGETS: 5005 # GETS misses
   mGETXIM: 237332 # GETX I->M misses
   mGETXSM: 5 # GETX S->M misses (upgrade misses)
   PUTS: 0 # Clean evictions (from lower level)
   PUTX: 0 # Dirty evictions (from lower level)
   INV: 48 # Invalidates (from upper level)
   INVX: 5 # Downgrades (from upper level)
   FWD: 0 # Forwards (from upper level)
   latGETnl: 43356322 # GET request latency on next level
   latGETnet: 0 # GET request latency on network to next level
  l1d-7: # Filter cache stats
   fhGETS: 494722 # Filtered GETS hits
   fhGETX: 556004 # Filtered GETX hits
   hGETS: 4744 # GETS hits
   hGETX: 10765 # GETX hits
   mGETS: 5025 # GETS misses
   mGETXIM: 237266 # GETX I->M misses
   mGETXSM: 9 # GETX S->M misses (upgrade misses)
   PUTS: 0 # Clean evictions (from lower level)
   PUTX: 0 # Dirty evictions (from lower level)
   INV: 66 # Invalidates (from upper level)
   INVX: 18 # Downgrades (from upper level)
   FWD: 0 # Forwards (from upper level)
   latGETnl: 43346018 # GET request latency on next level
   latGETnet: 0 # GET request latency on network to next level
  l1d-8: # Filter cache stats
   fhGETS: 494719 # Filtered GETS hits
   fhGETX: 556073 # Filtered GETX hits
   hGETS: 4716 # GETS hits
   hGETX: 10761 # GETX hits
   mGETS: 5010 # GETS misses
   mGETXIM: 237322 # GETX I->M misses
   mGETXSM: 5 # GETX S->M misses (upgrade misses)
   PUTS: 0 # Clean evictions (from lower level)
   PUTX: 0 # Dirty evictions (from lower level)
   INV: 49 # Invalidates (from upper level)
   INVX: 33 # Downgrades (from upper level)
   FWD: 0 # Forwards (from upper level)
   latGETnl: 43359395 # GET request latency on next level
   latGETnet: 0 # GET request latency on network to next level
  l1d-9: # Filter cache stats
   fhGETS: 494673 # Filtered GETS hits
   fhGETX: 556045 # Filtered GETX hits
   hGETS: 4732 # GETS hits
   hGETX: 10751 # GETX hits
   mGETS: 5010 # GETS misses
   mGETXIM: 237308 # GETX I->M misses
   mGETXSM: 7 # GETX S->M misses (upgrade misses)
   PUTS: 0 # Clean evictions (from lower level)
   PUTX: 0 # Dirty evictions (from lower level)
   INV: 49 # Invalidates (from upper level)
   INVX: 18 # Downgrades (from upper level)
   FWD: 0 # Forwards (from upper level)
   latGETnl: 43354621 # GET request latency on next level
   latGETnet: 0 # GET request latency on network to next level
  l1d-10: # Filter cache stats
   fhGETS: 494678 # Filtered GETS hits
   fhGETX: 556039 # Filtered GETX hits
   hGETS: 4726 # GETS hits
   hGETX: 10749 # GETX hits
   mGETS: 5005 # GETS misses
   mGETXIM: 237308 # GETX I->M misses
   mGETXSM: 5 # GETX S->M misses (upgrade misses)
   PUTS: 0 # Clean evictions (from lower level)
   PUTX: 0 # Dirty evictions (from lower level)
   INV: 49 # Invalidates (from upper level)
   INVX: 24 # Downgrades (from upper level)
   FWD: 0 # Forwards (from upper level)
   latGETnl: 43354194 # GET request latency on next level
   latGETnet: 0 # GET request latency on network to next level
  l1d-11: # Filter cache stats
   fhGETS: 522045 # Filtered GETS hits
   fhGETX: 586729 # Filtered GETX hits
   hGETS: 5000 # GETS hits
   hGETX: 11351 # GETX hits
   mGETS: 5302 # GETS misses
   mGETXIM: 250383 # GETX I->M misses
   mGETXSM: 10 # GETX S->M misses (upgrade misses)
   PUTS: 0 # Clean evictions (from lower level)
   PUTX: 0 # Dirty evictions (from lower level)
   INV: 51 # Invalidates (from upper level)
   INVX: 4 # Downgrades (from upper level)
   FWD: 0 # Forwards (from upper level)
   latGETnl: 45743019 # GET request latency on next level
   latGETnet: 0 # GET request latency on network to next level
  l1d-12: # Filter cache stats
   fhGETS: 416878 # Filtered GETS hits
   fhGETX: 474293 # Filtered GETX hits
   hGETS: 82493 # GETS hits
   hGETX: 92464 # GETX hits
   mGETS: 5009 # GETS misses
   mGETXIM: 237298 # GETX I->M misses
   mGETXSM: 6 # GETX S->M misses (upgrade misses)
   PUTS: 0 # Clean evictions (from lower level)
   PUTX: 0 # Dirty evictions (from lower level)
   INV: 51 # Invalidates (from upper level)
   INVX: 6 # Downgrades (from upper level)
   FWD: 0 # Forwards (from upper level)
   latGETnl: 43350373 # GET request latency on next level
   latGETnet: 0 # GET request latency on network to next level
  l1d-13: # Filter cache stats
   fhGETS: 494727 # Filtered GETS hits
   fhGETX: 556082 # Filtered GETX hits
   hGETS: 4717 # GETS hits
   hGETX: 10760 # GETX hits
   mGETS: 5009 # GETS misses
   mGETXIM: 237324 # GETX I->M misses
   mGETXSM: 5 # GETX S->M misses (upgrade misses)
   PUTS: 0 # Clean evictions (from lower level)
   PUTX: 0 # Dirty evictions (from lower level)
   INV: 47 # Invalidates (from upper level)
   INVX: 3 # Downgrades (from upper level)
   FWD: 0 # Forwards (from upper level)
   latGETnl: 43355676 # GET request latency on next level
   latGETnet: 0 # GET request latency on network to next level
  l1d-14: # Filter cache stats
   fhGETS: 494684 # Filtered GETS hits
   fhGETX: 556034 # Filtered GETX hits
   hGETS: 4710 # GETS hits
   hGETX: 10747 # GETX hits
   mGETS: 5008 # GETS misses
   mGETXIM: 237307 # GETX I->M misses
   mGETXSM: 6 # GETX S->M misses (upgrade misses)
   PUTS: 0 # Clean evictions (from lower level)
   PUTX: 0 # Dirty evictions (from lower level)
   INV: 50 # Invalidates (from upper level)
   INVX: 2 # Downgrades (from upper level)
   FWD: 0 # Forwards (from upper level)
   latGETnl: 43351381 # GET request latency on next level
   latGETnet: 0 # GET request latency on network to next level
  l1d-15: # Filter cache stats
   fhGETS: 494620 # Filtered GETS hits
   fhGETX: 555961 # Filtered GETX hits
   hGETS: 4713 # GETS hits
   hGETX: 10756 # GETX hits
   mGETS: 5010 # GETS misses
   mGETXIM: 237272 # GETX I->M misses
   mGETXSM: 6 # GETX S->M misses (upgrade misses)
   PUTS: 0 # Clean evictions (from lower level)
   PUTX: 0 # Dirty evictions (from lower level)
   INV: 49 # Invalidates (from upper level)
   INVX: 2 # Downgrades (from upper level)
   FWD: 0 # Forwards (from upper level)
   latGETnl: 43345870 # GET request latency on next level
   latGETnet: 0 # GET request latency on network to next level
  l1d-16: # Filter cache stats
   fhGETS: 416908 # Filtered GETS hits
   fhGETX: 474335 # Filtered GETX hits
   hGETS: 82505 # GETS hits
   hGETX: 92475 # GETX hits
   mGETS: 5010 # GETS misses
   mGETXIM: 237312 # GETX I->M misses
   mGETXSM: 6 # GETX S->M misses (upgrade misses)
   PUTS: 0 # Clean evictions (from lower level)
   PUTX: 0 # Dirty evictions (from lower level)
   INV: 48 # Invalidates (from upper level)
   INVX: 2 # Downgrades (from upper level)
   FWD: 0 # Forwards (from upper level)
   latGETnl: 43353308 # GET request latency on next level
   latGETnet: 0 # GET request latency on network to next level
  l1d-17: # Filter cache stats
   fhGETS: 494688 # Filtered GETS hits
   fhGETX: 556037 # Filtered GETX hits
   hGETS: 4711 # GETS hits
   hGETX: 10752 # GETX hits
   mGETS: 5009 # GETS misses
   mGETXIM: 237306 # GETX I->M misses
   mGETXSM: 6 # GETX S->M misses (upgrade misses)
   PUTS: 0 # Clean evictions (from lower level)
   PUTX: 0 # Dirty evictions (from lower level)
   INV: 49 # Invalidates (from upper level)
   INVX: 2 # Downgrades (from upper level)
   FWD: 0 # Forwards (from upper level)
   latGETnl: 43351645 # GET request latency on next level
   latGETnet: 0 # GET request latency on network to next level
  l1d-18: # Filter cache stats
   fhGETS: 494604 # Filtered GETS hits
   fhGETX: 555947 # Filtered GETX hits
   hGETS: 4711 # GETS hits
   hGETX: 10748 # GETX hits
   mGETS: 5008 # GETS misses
   mGETXIM: 237264 # GETX I->M misses
   mGETXSM: 6 # GETX S->M misses (upgrade misses)
   PUTS: 0 # Clean evictions (from lower level)
   PUTX: 0 # Dirty evictions (from lower level)
   INV: 48 # Invalidates (from upper level)
   INVX: 2 # Downgrades (from upper level)
   FWD: 0 # Forwards (from upper level)
   latGETnl: 43344212 # GET request latency on next level
   latGETnet: 0 # GET request latency on network to next level
  l1d-19: # Filter cache stats
   fhGETS: 494582 # Filtered GETS hits
   fhGETX: 555913 # Filtered GETX hits
   hGETS: 4708 # GETS hits
   hGETX: 10754 # GETX hits
   mGETS: 5008 # GETS misses
   mGETXIM: 237255 # GETX I->M misses
   mGETXSM: 6 # GETX S->M misses (upgrade misses)
   PUTS: 0 # Clean evictions (from lower level)
   PUTX: 0 # Dirty evictions (from lower level)
   INV: 48 # Invalidates (from upper level)
   INVX: 2 # Downgrades (from upper level)
   FWD: 0 # Forwards (from upper level)
   latGETnl: 43342601 # GET request latency on next level
   latGETnet: 0 # GET request latency on network to next level
  l1d-20: # Filter cache stats
   fhGETS: 494504 # Filtered GETS hits
   fhGETX: 555843 # Filtered GETX hits
   hGETS: 4731 # GETS hits
   hGETX: 10762 # GETX hits
   mGETS: 5008 # GETS misses
   mGETXIM: 237228 # GETX I->M misses
   mGETXSM: 6 # GETX S->M misses (upgrade misses)
   PUTS: 0 # Clean evictions (from lower level)
   PUTX: 0 # Dirty evictions (from lower level)
   INV: 49 # Invalidates (from upper level)
   INVX: 2 # Downgrades (from upper level)
   FWD: 0 # Forwards (from upper level)
   latGETnl: 43337636 # GET request latency on next level
   latGETnet: 0 # GET request latency on network to next level
  l1d-21: # Filter cache stats
   fhGETS: 521698 # Filtered GETS hits
   fhGETX: 585706 # Filtered GETX hits
   hGETS: 5207 # GETS hits
   hGETX: 11382 # GETX hits
   mGETS: 5329 # GETS misses
   mGETXIM: 249793 # GETX I->M misses
   mGETXSM: 10 # GETX S->M misses (upgrade misses)
   PUTS: 0 # Clean evictions (from lower level)
   PUTX: 0 # Dirty evictions (from lower level)
   INV: 48 # Invalidates (from upper level)
   INVX: 3 # Downgrades (from upper level)
   FWD: 0 # Forwards (from upper level)
   latGETnl: 45642028 # GET request latency on next level
   latGETnet: 0 # GET request latency on network to next level
  l1d-22: # Filter cache stats
   fhGETS: 494474 # Filtered GETS hits
   fhGETX: 555784 # Filtered GETX hits
   hGETS: 4705 # GETS hits
   hGETX: 10756 # GETX hits
   mGETS: 5014 # GETS misses
   mGETXIM: 237194 # GETX I->M misses
   mGETXSM: 8 # GETX S->M misses (upgrade misses)
   PUTS: 0 # Clean evictions (from lower level)
   PUTX: 0 # Dirty evictions (from lower level)
   INV: 49 # Invalidates (from upper level)
   INVX: 7 # Downgrades (from upper level)
   FWD: 0 # Forwards (from upper level)
   latGETnl: 43333038 # GET request latency on next level
   latGETnet: 0 # GET request latency on network to next level
  l1d-23: # Filter cache stats
   fhGETS: 0 # Filtered GETS hits
   fhGETX: 0 # Filtered GETX hits
   hGETS: 0 # GETS hits
   hGETX: 0 # GETX hits
   mGETS: 0 # GETS misses
   mGETXIM: 0 # GETX I->M misses
   mGETXSM: 0 # GETX S->M misses (upgrade misses)
   PUTS: 0 # Clean evictions (from lower level)
   PUTX: 0 # Dirty evictions (from lower level)
   INV: 0 # Invalidates (from upper level)
   INVX: 0 # Downgrades (from upper level)
   FWD: 0 # Forwards (from upper level)
   latGETnl: 0 # GET request latency on next level
   latGETnet: 0 # GET request latency on network to next level
 l1i: # Cache stats
  l1i-0: # Filter cache stats
   fhGETS: 2789486 # Filtered GETS hits
   fhGETX: 0 # Filtered GETX hits
   hGETS: 51 # GETS hits
   hGETX: 0 # GETX hits
   mGETS: 618 # GETS misses
   mGETXIM: 0 # GETX I->M misses
   mGETXSM: 0 # GETX S->M misses (upgrade misses)
   PUTS: 0 # Clean evictions (from lower level)
   PUTX: 0 # Dirty evictions (from lower level)
   INV: 594 # Invalidates (from upper level)
   INVX: 0 # Downgrades (from upper level)
   FWD: 0 # Forwards (from upper level)
   latGETnl: 52674 # GET request latency on next level
   latGETnet: 0 # GET request latency on network to next level
  l1i-1: # Filter cache stats
   fhGETS: 2789531 # Filtered GETS hits
   fhGETX: 0 # Filtered GETX hits
   hGETS: 38 # GETS hits
   hGETX: 0 # GETX hits
   mGETS: 531 # GETS misses
   mGETXIM: 0 # GETX I->M misses
   mGETXSM: 0 # GETX S->M misses (upgrade misses)
   PUTS: 0 # Clean evictions (from lower level)
   PUTX: 0 # Dirty evictions (from lower level)
   INV: 507 # Invalidates (from upper level)
   INVX: 0 # Downgrades (from upper level)
   FWD: 0 # Forwards (from upper level)
   latGETnl: 28389 # GET request latency on next level
   latGETnet: 0 # GET request latency on network to next level
  l1i-2: # Filter cache stats
   fhGETS: 2788544 # Filtered GETS hits
   fhGETX: 0 # Filtered GETX hits
   hGETS: 32 # GETS hits
   hGETX: 0 # GETX hits
   mGETS: 556 # GETS misses
   mGETXIM: 0 # GETX I->M misses
   mGETXSM: 0 # GETX S->M misses (upgrade misses)
   PUTS: 0 # Clean evictions (from lower level)
   PUTX: 0 # Dirty evictions (from lower level)
   INV: 532 # Invalidates (from upper level)
   INVX: 0 # Downgrades (from upper level)
   FWD: 0 # Forwards (from upper level)
   latGETnl: 31940 # GET request latency on next level
   latGETnet: 0 # GET request latency on network to next level
  l1i-3: # Filter cache stats
   fhGETS: 2789666 # Filtered GETS hits
   fhGETX: 0 # Filtered GETX hits
   hGETS: 30 # GETS hits
   hGETX: 0 # GETX hits
   mGETS: 534 # GETS misses
   mGETXIM: 0 # GETX I->M misses
   mGETXSM: 0 # GETX S->M misses (upgrade misses)
   PUTS: 0 # Clean evictions (from lower level)
   PUTX: 0 # Dirty evictions (from lower level)
   INV: 510 # Invalidates (from upper level)
   INVX: 0 # Downgrades (from upper level)
   FWD: 0 # Forwards (from upper level)
   latGETnl: 28662 # GET request latency on next level
   latGETnet: 0 # GET request latency on network to next level
  l1i-4: # Filter cache stats
   fhGETS: 2789395 # Filtered GETS hits
   fhGETX: 0 # Filtered GETX hits
   hGETS: 31 # GETS hits
   hGETX: 0 # GETX hits
   mGETS: 535 # GETS misses
   mGETXIM: 0 # GETX I->M misses
   mGETXSM: 0 # GETX S->M misses (upgrade misses)
   PUTS: 0 # Clean evictions (from lower level)
   PUTX: 0 # Dirty evictions (from lower level)
   INV: 511 # Invalidates (from upper level)
   INVX: 0 # Downgrades (from upper level)
   FWD: 0 # Forwards (from upper level)
   latGETnl: 25673 # GET request latency on next level
   latGETnet: 0 # GET request latency on network to next level
  l1i-5: # Filter cache stats
   fhGETS: 2789199 # Filtered GETS hits
   fhGETX: 0 # Filtered GETX hits
   hGETS: 31 # GETS hits
   hGETX: 0 # GETX hits
   mGETS: 536 # GETS misses
   mGETXIM: 0 # GETX I->M misses
   mGETXSM: 0 # GETX S->M misses (upgrade misses)
   PUTS: 0 # Clean evictions (from lower level)
   PUTX: 0 # Dirty evictions (from lower level)
   INV: 512 # Invalidates (from upper level)
   INVX: 0 # Downgrades (from upper level)
   FWD: 0 # Forwards (from upper level)
   latGETnl: 25324 # GET request latency on next level
   latGETnet: 0 # GET request latency on network to next level
  l1i-6: # Filter cache stats
   fhGETS: 2789575 # Filtered GETS hits
   fhGETX: 0 # Filtered GETX hits
   hGETS: 29 # GETS hits
   hGETX: 0 # GETX hits
   mGETS: 514 # GETS misses
   mGETXIM: 0 # GETX I->M misses
   mGETXSM: 0 # GETX S->M misses (upgrade misses)
   PUTS: 0 # Clean evictions (from lower level)
   PUTX: 0 # Dirty evictions (from lower level)
   INV: 490 # Invalidates (from upper level)
   INVX: 0 # Downgrades (from upper level)
   FWD: 0 # Forwards (from upper level)
   latGETnl: 27590 # GET request latency on next level
   latGETnet: 0 # GET request latency on network to next level
  l1i-7: # Filter cache stats
   fhGETS: 2788850 # Filtered GETS hits
   fhGETX: 0 # Filtered GETX hits
   hGETS: 31 # GETS hits
   hGETX: 0 # GETX hits
   mGETS: 537 # GETS misses
   mGETXIM: 0 # GETX I->M misses
   mGETXSM: 0 # GETX S->M misses (upgrade misses)
   PUTS: 0 # Clean evictions (from lower level)
   PUTX: 0 # Dirty evictions (from lower level)
   INV: 513 # Invalidates (from upper level)
   INVX: 0 # Downgrades (from upper level)
   FWD: 0 # Forwards (from upper level)
   latGETnl: 25239 # GET request latency on next level
   latGETnet: 0 # GET request latency on network to next level
  l1i-8: # Filter cache stats
   fhGETS: 2789498 # Filtered GETS hits
   fhGETX: 0 # Filtered GETX hits
   hGETS: 29 # GETS hits
   hGETX: 0 # GETX hits
   mGETS: 520 # GETS misses
   mGETXIM: 0 # GETX I->M misses
   mGETXSM: 0 # GETX S->M misses (upgrade misses)
   PUTS: 0 # Clean evictions (from lower level)
   PUTX: 0 # Dirty evictions (from lower level)
   INV: 496 # Invalidates (from upper level)
   INVX: 0 # Downgrades (from upper level)
   FWD: 0 # Forwards (from upper level)
   latGETnl: 25628 # GET request latency on next level
   latGETnet: 0 # GET request latency on network to next level
  l1i-9: # Filter cache stats
   fhGETS: 2789331 # Filtered GETS hits
   fhGETX: 0 # Filtered GETX hits
   hGETS: 29 # GETS hits
   hGETX: 0 # GETX hits
   mGETS: 518 # GETS misses
   mGETXIM: 0 # GETX I->M misses
   mGETXSM: 0 # GETX S->M misses (upgrade misses)
   PUTS: 0 # Clean evictions (from lower level)
   PUTX: 0 # Dirty evictions (from lower level)
   INV: 494 # Invalidates (from upper level)
   INVX: 0 # Downgrades (from upper level)
   FWD: 0 # Forwards (from upper level)
   latGETnl: 26458 # GET request latency on next level
   latGETnet: 0 # GET request latency on network to next level
  l1i-10: # Filter cache stats
   fhGETS: 2789280 # Filtered GETS hits
   fhGETX: 0 # Filtered GETX hits
   hGETS: 29 # GETS hits
   hGETX: 0 # GETX hits
   mGETS: 517 # GETS misses
   mGETXIM: 0 # GETX I->M misses
   mGETXSM: 0 # GETX S->M misses (upgrade misses)
   PUTS: 0 # Clean evictions (from lower level)
   PUTX: 0 # Dirty evictions (from lower level)
   INV: 493 # Invalidates (from upper level)
   INVX: 0 # Downgrades (from upper level)
   FWD: 0 # Forwards (from upper level)
   latGETnl: 26411 # GET request latency on next level
   latGETnet: 0 # GET request latency on network to next level
  l1i-11: # Filter cache stats
   fhGETS: 2509273 # Filtered GETS hits
   fhGETX: 0 # Filtered GETX hits
   hGETS: 128 # GETS hits
   hGETX: 0 # GETX hits
   mGETS: 542 # GETS misses
   mGETXIM: 0 # GETX I->M misses
   mGETXSM: 0 # GETX S->M misses (upgrade misses)
   PUTS: 0 # Clean evictions (from lower level)
   PUTX: 0 # Dirty evictions (from lower level)
   INV: 518 # Invalidates (from upper level)
   INVX: 0 # Downgrades (from upper level)
   FWD: 0 # Forwards (from upper level)
   latGETnl: 27058 # GET request latency on next level
   latGETnet: 0 # GET request latency on network to next level
  l1i-12: # Filter cache stats
   fhGETS: 2789163 # Filtered GETS hits
   fhGETX: 0 # Filtered GETX hits
   hGETS: 29 # GETS hits
   hGETX: 0 # GETX hits
   mGETS: 521 # GETS misses
   mGETXIM: 0 # GETX I->M misses
   mGETXSM: 0 # GETX S->M misses (upgrade misses)
   PUTS: 0 # Clean evictions (from lower level)
   PUTX: 0 # Dirty evictions (from lower level)
   INV: 497 # Invalidates (from upper level)
   INVX: 0 # Downgrades (from upper level)
   FWD: 0 # Forwards (from upper level)
   latGETnl: 25279 # GET request latency on next level
   latGETnet: 0 # GET request latency on network to next level
  l1i-13: # Filter cache stats
   fhGETS: 2789565 # Filtered GETS hits
   fhGETX: 0 # Filtered GETX hits
   hGETS: 29 # GETS hits
   hGETX: 0 # GETX hits
   mGETS: 521 # GETS misses
   mGETXIM: 0 # GETX I->M misses
   mGETXSM: 0 # GETX S->M misses (upgrade misses)
   PUTS: 0 # Clean evictions (from lower level)
   PUTX: 0 # Dirty evictions (from lower level)
   INV: 497 # Invalidates (from upper level)
   INVX: 0 # Downgrades (from upper level)
   FWD: 0 # Forwards (from upper level)
   latGETnl: 24751 # GET request latency on next level
   latGETnet: 0 # GET request latency on network to next level
  l1i-14: # Filter cache stats
   fhGETS: 2789273 # Filtered GETS hits
   fhGETX: 0 # Filtered GETX hits
   hGETS: 29 # GETS hits
   hGETX: 0 # GETX hits
   mGETS: 521 # GETS misses
   mGETXIM: 0 # GETX I->M misses
   mGETXSM: 0 # GETX S->M misses (upgrade misses)
   PUTS: 0 # Clean evictions (from lower level)
   PUTX: 0 # Dirty evictions (from lower level)
   INV: 497 # Invalidates (from upper level)
   INVX: 0 # Downgrades (from upper level)
   FWD: 0 # Forwards (from upper level)
   latGETnl: 24619 # GET request latency on next level
   latGETnet: 0 # GET request latency on network to next level
  l1i-15: # Filter cache stats
   fhGETS: 2788960 # Filtered GETS hits
   fhGETX: 0 # Filtered GETX hits
   hGETS: 29 # GETS hits
   hGETX: 0 # GETX hits
   mGETS: 517 # GETS misses
   mGETXIM: 0 # GETX I->M misses
   mGETXSM: 0 # GETX S->M misses (upgrade misses)
   PUTS: 0 # Clean evictions (from lower level)
   PUTX: 0 # Dirty evictions (from lower level)
   INV: 493 # Invalidates (from upper level)
   INVX: 0 # Downgrades (from upper level)
   FWD: 0 # Forwards (from upper level)
   latGETnl: 24431 # GET request latency on next level
   latGETnet: 0 # GET request latency on network to next level
  l1i-16: # Filter cache stats
   fhGETS: 2789391 # Filtered GETS hits
   fhGETX: 0 # Filtered GETX hits
   hGETS: 29 # GETS hits
   hGETX: 0 # GETX hits
   mGETS: 517 # GETS misses
   mGETXIM: 0 # GETX I->M misses
   mGETXSM: 0 # GETX S->M misses (upgrade misses)
   PUTS: 0 # Clean evictions (from lower level)
   PUTX: 0 # Dirty evictions (from lower level)
   INV: 493 # Invalidates (from upper level)
   INVX: 0 # Downgrades (from upper level)
   FWD: 0 # Forwards (from upper level)
   latGETnl: 24431 # GET request latency on next level
   latGETnet: 0 # GET request latency on network to next level
  l1i-17: # Filter cache stats
   fhGETS: 2789299 # Filtered GETS hits
   fhGETX: 0 # Filtered GETX hits
   hGETS: 29 # GETS hits
   hGETX: 0 # GETX hits
   mGETS: 521 # GETS misses
   mGETXIM: 0 # GETX I->M misses
   mGETXSM: 0 # GETX S->M misses (upgrade misses)
   PUTS: 0 # Clean evictions (from lower level)
   PUTX: 0 # Dirty evictions (from lower level)
   INV: 497 # Invalidates (from upper level)
   INVX: 0 # Downgrades (from upper level)
   FWD: 0 # Forwards (from upper level)
   latGETnl: 24619 # GET request latency on next level
   latGETnet: 0 # GET request latency on network to next level
  l1i-18: # Filter cache stats
   fhGETS: 2788839 # Filtered GETS hits
   fhGETX: 0 # Filtered GETX hits
   hGETS: 29 # GETS hits
   hGETX: 0 # GETX hits
   mGETS: 517 # GETS misses
   mGETXIM: 0 # GETX I->M misses
   mGETXSM: 0 # GETX S->M misses (upgrade misses)
   PUTS: 0 # Clean evictions (from lower level)
   PUTX: 0 # Dirty evictions (from lower level)
   INV: 493 # Invalidates (from upper level)
   INVX: 0 # Downgrades (from upper level)
   FWD: 0 # Forwards (from upper level)
   latGETnl: 24299 # GET request latency on next level
   latGETnet: 0 # GET request latency on network to next level
  l1i-19: # Filter cache stats
   fhGETS: 2788716 # Filtered GETS hits
   fhGETX: 0 # Filtered GETX hits
   hGETS: 29 # GETS hits
   hGETX: 0 # GETX hits
   mGETS: 521 # GETS misses
   mGETXIM: 0 # GETX I->M misses
   mGETXSM: 0 # GETX S->M misses (upgrade misses)
   PUTS: 0 # Clean evictions (from lower level)
   PUTX: 0 # Dirty evictions (from lower level)
   INV: 497 # Invalidates (from upper level)
   INVX: 0 # Downgrades (from upper level)
   FWD: 0 # Forwards (from upper level)
   latGETnl: 24487 # GET request latency on next level
   latGETnet: 0 # GET request latency on network to next level
  l1i-20: # Filter cache stats
   fhGETS: 2788391 # Filtered GETS hits
   fhGETX: 0 # Filtered GETX hits
   hGETS: 29 # GETS hits
   hGETX: 0 # GETX hits
   mGETS: 521 # GETS misses
   mGETXIM: 0 # GETX I->M misses
   mGETXSM: 0 # GETX S->M misses (upgrade misses)
   PUTS: 0 # Clean evictions (from lower level)
   PUTX: 0 # Dirty evictions (from lower level)
   INV: 497 # Invalidates (from upper level)
   INVX: 0 # Downgrades (from upper level)
   FWD: 0 # Forwards (from upper level)
   latGETnl: 24487 # GET request latency on next level
   latGETnet: 0 # GET request latency on network to next level
  l1i-21: # Filter cache stats
   fhGETS: 2504147 # Filtered GETS hits
   fhGETX: 0 # Filtered GETX hits
   hGETS: 115 # GETS hits
   hGETX: 0 # GETX hits
   mGETS: 613 # GETS misses
   mGETXIM: 0 # GETX I->M misses
   mGETXSM: 0 # GETX S->M misses (upgrade misses)
   PUTS: 0 # Clean evictions (from lower level)
   PUTX: 0 # Dirty evictions (from lower level)
   INV: 586 # Invalidates (from upper level)
   INVX: 0 # Downgrades (from upper level)
   FWD: 0 # Forwards (from upper level)
   latGETnl: 36467 # GET request latency on next level
   latGETnet: 0 # GET request latency on network to next level
  l1i-22: # Filter cache stats
   fhGETS: 2788000 # Filtered GETS hits
   fhGETX: 0 # Filtered GETX hits
   hGETS: 43 # GETS hits
   hGETX: 0 # GETX hits
   mGETS: 523 # GETS misses
   mGETXIM: 0 # GETX I->M misses
   mGETXSM: 0 # GETX S->M misses (upgrade misses)
   PUTS: 0 # Clean evictions (from lower level)
   PUTX: 0 # Dirty evictions (from lower level)
   INV: 499 # Invalidates (from upper level)
   INVX: 0 # Downgrades (from upper level)
   FWD: 0 # Forwards (from upper level)
   latGETnl: 24713 # GET request latency on next level
   latGETnet: 0 # GET request latency on network to next level
  l1i-23: # Filter cache stats
   fhGETS: 0 # Filtered GETS hits
   fhGETX: 0 # Filtered GETX hits
   hGETS: 0 # GETS hits
   hGETX: 0 # GETX hits
   mGETS: 0 # GETS misses
   mGETXIM: 0 # GETX I->M misses
   mGETXSM: 0 # GETX S->M misses (upgrade misses)
   PUTS: 0 # Clean evictions (from lower level)
   PUTX: 0 # Dirty evictions (from lower level)
   INV: 0 # Invalidates (from upper level)
   INVX: 0 # Downgrades (from upper level)
   FWD: 0 # Forwards (from upper level)
   latGETnl: 0 # GET request latency on next level
   latGETnet: 0 # GET request latency on network to next level
 l2: # Cache stats
  l2-0: # Cache stats
   hGETS: 0 # GETS hits
   hGETX: 0 # GETX hits
   mGETS: 5698 # GETS misses
   mGETXIM: 237338 # GETX I->M misses
   mGETXSM: 7 # GETX S->M misses (upgrade misses)
   PUTS: 5016 # Clean evictions (from lower level)
   PUTX: 236802 # Dirty evictions (from lower level)
   INV: 45142 # Invalidates (from upper level)
   INVX: 92 # Downgrades (from upper level)
   FWD: 0 # Forwards (from upper level)
   latGETnl: 40996181 # GET request latency on next level
   latGETnet: 0 # GET request latency on network to next level
  l2-1: # Cache stats
   hGETS: 0 # GETS hits
   hGETX: 0 # GETX hits
   mGETS: 5567 # GETS misses
   mGETXIM: 237314 # GETX I->M misses
   mGETXSM: 10 # GETX S->M misses (upgrade misses)
   PUTS: 4975 # Clean evictions (from lower level)
   PUTX: 236792 # Dirty evictions (from lower level)
   INV: 14798 # Invalidates (from upper level)
   INVX: 25 # Downgrades (from upper level)
   FWD: 0 # Forwards (from upper level)
   latGETnl: 40956781 # GET request latency on next level
   latGETnet: 0 # GET request latency on network to next level
  l2-2: # Cache stats
   hGETS: 0 # GETS hits
   hGETX: 0 # GETX hits
   mGETS: 5581 # GETS misses
   mGETXIM: 237236 # GETX I->M misses
   mGETXSM: 5 # GETX S->M misses (upgrade misses)
   PUTS: 4973 # Clean evictions (from lower level)
   PUTX: 236727 # Dirty evictions (from lower level)
   INV: 48536 # Invalidates (from upper level)
   INVX: 5 # Downgrades (from upper level)
   FWD: 0 # Forwards (from upper level)
   latGETnl: 40945798 # GET request latency on next level
   latGETnet: 0 # GET request latency on network to next level
  l2-3: # Cache stats
   hGETS: 0 # GETS hits
   hGETX: 0 # GETX hits
   mGETS: 5562 # GETS misses
   mGETXIM: 237333 # GETX I->M misses
   mGETXSM: 7 # GETX S->M misses (upgrade misses)
   PUTS: 4973 # Clean evictions (from lower level)
   PUTX: 236814 # Dirty evictions (from lower level)
   INV: 13633 # Invalidates (from upper level)
   INVX: 36 # Downgrades (from upper level)
   FWD: 0 # Forwards (from upper level)
   latGETnl: 40961606 # GET request latency on next level
   latGETnet: 0 # GET request latency on network to next level
  l2-4: # Cache stats
   hGETS: 0 # GETS hits
   hGETX: 0 # GETX hits
   mGETS: 5568 # GETS misses
   mGETXIM: 237306 # GETX I->M misses
   mGETXSM: 9 # GETX S->M misses (upgrade misses)
   PUTS: 4973 # Clean evictions (from lower level)
   PUTX: 236787 # Dirty evictions (from lower level)
   INV: 13144 # Invalidates (from upper level)
   INVX: 20 # Downgrades (from upper level)
   FWD: 0 # Forwards (from upper level)
   latGETnl: 40951995 # GET request latency on next level
   latGETnet: 0 # GET request latency on network to next level
  l2-5: # Cache stats
   hGETS: 0 # GETS hits
   hGETX: 0 # GETX hits
   mGETS: 5565 # GETS misses
   mGETXIM: 237292 # GETX I->M misses
   mGETXSM: 9 # GETX S->M misses (upgrade misses)
   PUTS: 4973 # Clean evictions (from lower level)
   PUTX: 236769 # Dirty evictions (from lower level)
   INV: 13129 # Invalidates (from upper level)
   INVX: 20 # Downgrades (from upper level)
   FWD: 0 # Forwards (from upper level)
   latGETnl: 40948226 # GET request latency on next level
   latGETnet: 0 # GET request latency on network to next level
  l2-6: # Cache stats
   hGETS: 0 # GETS hits
   hGETX: 0 # GETX hits
   mGETS: 5519 # GETS misses
   mGETXIM: 237332 # GETX I->M misses
   mGETXSM: 5 # GETX S->M misses (upgrade misses)
   PUTS: 4964 # Clean evictions (from lower level)
   PUTX: 236813 # Dirty evictions (from lower level)
   INV: 17819 # Invalidates (from upper level)
   INVX: 5 # Downgrades (from upper level)
   FWD: 0 # Forwards (from upper level)
   latGETnl: 40955352 # GET request latency on next level
   latGETnet: 0 # GET request latency on network to next level
  l2-7: # Cache stats
   hGETS: 0 # GETS hits
   hGETX: 0 # GETX hits
   mGETS: 5562 # GETS misses
   mGETXIM: 237266 # GETX I->M misses
   mGETXSM: 9 # GETX S->M misses (upgrade misses)
   PUTS: 4972 # Clean evictions (from lower level)
   PUTX: 236741 # Dirty evictions (from lower level)
   INV: 37164 # Invalidates (from upper level)
   INVX: 19 # Downgrades (from upper level)
   FWD: 0 # Forwards (from upper level)
   latGETnl: 40942887 # GET request latency on next level
   latGETnet: 0 # GET request latency on network to next level
  l2-8: # Cache stats
   hGETS: 0 # GETS hits
   hGETX: 0 # GETX hits
   mGETS: 5530 # GETS misses
   mGETXIM: 237322 # GETX I->M misses
   mGETXSM: 5 # GETX S->M misses (upgrade misses)
   PUTS: 4963 # Clean evictions (from lower level)
   PUTX: 236808 # Dirty evictions (from lower level)
   INV: 62363 # Invalidates (from upper level)
   INVX: 33 # Downgrades (from upper level)
   FWD: 0 # Forwards (from upper level)
   latGETnl: 40956453 # GET request latency on next level
   latGETnet: 0 # GET request latency on network to next level
  l2-9: # Cache stats
   hGETS: 0 # GETS hits
   hGETX: 0 # GETX hits
   mGETS: 5528 # GETS misses
   mGETXIM: 237308 # GETX I->M misses
   mGETXSM: 7 # GETX S->M misses (upgrade misses)
   PUTS: 4963 # Clean evictions (from lower level)
   PUTX: 236794 # Dirty evictions (from lower level)
   INV: 23088 # Invalidates (from upper level)
   INVX: 18 # Downgrades (from upper level)
   FWD: 0 # Forwards (from upper level)
   latGETnl: 40952649 # GET request latency on next level
   latGETnet: 0 # GET request latency on network to next level
  l2-10: # Cache stats
   hGETS: 0 # GETS hits
   hGETX: 0 # GETX hits
   mGETS: 5522 # GETS misses
   mGETXIM: 237308 # GETX I->M misses
   mGETXSM: 5 # GETX S->M misses (upgrade misses)
   PUTS: 4962 # Clean evictions (from lower level)
   PUTX: 236790 # Dirty evictions (from lower level)
   INV: 12736 # Invalidates (from upper level)
   INVX: 24 # Downgrades (from upper level)
   FWD: 0 # Forwards (from upper level)
   latGETnl: 40952255 # GET request latency on next level
   latGETnet: 0 # GET request latency on network to next level
  l2-11: # Cache stats
   hGETS: 8 # GETS hits
   hGETX: 0 # GETX hits
   mGETS: 5836 # GETS misses
   mGETXIM: 250383 # GETX I->M misses
   mGETXSM: 10 # GETX S->M misses (upgrade misses)
   PUTS: 5245 # Clean evictions (from lower level)
   PUTX: 249877 # Dirty evictions (from lower level)
   INV: 44238 # Invalidates (from upper level)
   INVX: 4 # Downgrades (from upper level)
   FWD: 0 # Forwards (from upper level)
   latGETnl: 43207707 # GET request latency on next level
   latGETnet: 0 # GET request latency on network to next level
  l2-12: # Cache stats
   hGETS: 0 # GETS hits
   hGETX: 0 # GETX hits
   mGETS: 5530 # GETS misses
   mGETXIM: 237298 # GETX I->M misses
   mGETXSM: 6 # GETX S->M misses (upgrade misses)
   PUTS: 4963 # Clean evictions (from lower level)
   PUTX: 236781 # Dirty evictions (from lower level)
   INV: 15733 # Invalidates (from upper level)
   INVX: 6 # Downgrades (from upper level)
   FWD: 0 # Forwards (from upper level)
   latGETnl: 40947312 # GET request latency on next level
   latGETnet: 0 # GET request latency on network to next level
  l2-13: # Cache stats
   hGETS: 0 # GETS hits
   hGETX: 0 # GETX hits
   mGETS: 5530 # GETS misses
   mGETXIM: 237324 # GETX I->M misses
   mGETXSM: 5 # GETX S->M misses (upgrade misses)
   PUTS: 4963 # Clean evictions (from lower level)
   PUTX: 236811 # Dirty evictions (from lower level)
   INV: 13081 # Invalidates (from upper level)
   INVX: 3 # Downgrades (from upper level)
   FWD: 0 # Forwards (from upper level)
   latGETnl: 40951837 # GET request latency on next level
   latGETnet: 0 # GET request latency on network to next level
  l2-14: # Cache stats
   hGETS: 0 # GETS hits
   hGETX: 0 # GETX hits
   mGETS: 5529 # GETS misses
   mGETXIM: 237307 # GETX I->M misses
   mGETXSM: 6 # GETX S->M misses (upgrade misses)
   PUTS: 4963 # Clean evictions (from lower level)
   PUTX: 236790 # Dirty evictions (from lower level)
   INV: 27171 # Invalidates (from upper level)
   INVX: 2 # Downgrades (from upper level)
   FWD: 0 # Forwards (from upper level)
   latGETnl: 40947580 # GET request latency on next level
   latGETnet: 0 # GET request latency on network to next level
  l2-15: # Cache stats
   hGETS: 0 # GETS hits
   hGETX: 0 # GETX hits
   mGETS: 5527 # GETS misses
   mGETXIM: 237272 # GETX I->M misses
   mGETXSM: 6 # GETX S->M misses (upgrade misses)
   PUTS: 4961 # Clean evictions (from lower level)
   PUTX: 236760 # Dirty evictions (from lower level)
   INV: 25246 # Invalidates (from upper level)
   INVX: 2 # Downgrades (from upper level)
   FWD: 0 # Forwards (from upper level)
   latGETnl: 40942251 # GET request latency on next level
   latGETnet: 0 # GET request latency on network to next level
  l2-16: # Cache stats
   hGETS: 0 # GETS hits
   hGETX: 0 # GETX hits
   mGETS: 5527 # GETS misses
   mGETXIM: 237312 # GETX I->M misses
   mGETXSM: 6 # GETX S->M misses (upgrade misses)
   PUTS: 4962 # Clean evictions (from lower level)
   PUTX: 236800 # Dirty evictions (from lower level)
   INV: 14217 # Invalidates (from upper level)
   INVX: 2 # Downgrades (from upper level)
   FWD: 0 # Forwards (from upper level)
   latGETnl: 40949289 # GET request latency on next level
   latGETnet: 0 # GET request latency on network to next level
  l2-17: # Cache stats
   hGETS: 0 # GETS hits
   hGETX: 0 # GETX hits
   mGETS: 5530 # GETS misses
   mGETXIM: 237306 # GETX I->M misses
   mGETXSM: 6 # GETX S->M misses (upgrade misses)
   PUTS: 4963 # Clean evictions (from lower level)
   PUTX: 236791 # Dirty evictions (from lower level)
   INV: 13534 # Invalidates (from upper level)
   INVX: 2 # Downgrades (from upper level)
   FWD: 0 # Forwards (from upper level)
   latGETnl: 40947844 # GET request latency on next level
   latGETnet: 0 # GET request latency on network to next level
  l2-18: # Cache stats
   hGETS: 0 # GETS hits
   hGETX: 0 # GETX hits
   mGETS: 5525 # GETS misses
   mGETXIM: 237264 # GETX I->M misses
   mGETXSM: 6 # GETX S->M misses (upgrade misses)
   PUTS: 4961 # Clean evictions (from lower level)
   PUTX: 236751 # Dirty evictions (from lower level)
   INV: 11712 # Invalidates (from upper level)
   INVX: 2 # Downgrades (from upper level)
   FWD: 0 # Forwards (from upper level)
   latGETnl: 40940561 # GET request latency on next level
   latGETnet: 0 # GET request latency on network to next level
  l2-19: # Cache stats
   hGETS: 0 # GETS hits
   hGETX: 0 # GETX hits
   mGETS: 5529 # GETS misses
   mGETXIM: 237255 # GETX I->M misses
   mGETXSM: 6 # GETX S->M misses (upgrade misses)
   PUTS: 4962 # Clean evictions (from lower level)
   PUTX: 236741 # Dirty evictions (from lower level)
   INV: 30002 # Invalidates (from upper level)
   INVX: 2 # Downgrades (from upper level)
   FWD: 0 # Forwards (from upper level)
   latGETnl: 40939188 # GET request latency on next level
   latGETnet: 0 # GET request latency on network to next level
  l2-20: # Cache stats
   hGETS: 0 # GETS hits
   hGETX: 0 # GETX hits
   mGETS: 5529 # GETS misses
   mGETXIM: 237228 # GETX I->M misses
   mGETXSM: 6 # GETX S->M misses (upgrade misses)
   PUTS: 4961 # Clean evictions (from lower level)
   PUTX: 236714 # Dirty evictions (from lower level)
   INV: 12820 # Invalidates (from upper level)
   INVX: 2 # Downgrades (from upper level)
   FWD: 0 # Forwards (from upper level)
   latGETnl: 40934493 # GET request latency on next level
   latGETnet: 0 # GET request latency on network to next level
  l2-21: # Cache stats
   hGETS: 0 # GETS hits
   hGETX: 0 # GETX hits
   mGETS: 5942 # GETS misses
   mGETXIM: 249793 # GETX I->M misses
   mGETXSM: 10 # GETX S->M misses (upgrade misses)
   PUTS: 5274 # Clean evictions (from lower level)
   PUTX: 249288 # Dirty evictions (from lower level)
   INV: 21418 # Invalidates (from upper level)
   INVX: 3 # Downgrades (from upper level)
   FWD: 0 # Forwards (from upper level)
   latGETnl: 43121045 # GET request latency on next level
   latGETnet: 0 # GET request latency on network to next level
  l2-22: # Cache stats
   hGETS: 0 # GETS hits
   hGETX: 0 # GETX hits
   mGETS: 5537 # GETS misses
   mGETXIM: 237194 # GETX I->M misses
   mGETXSM: 8 # GETX S->M misses (upgrade misses)
   PUTS: 4963 # Clean evictions (from lower level)
   PUTX: 236684 # Dirty evictions (from lower level)
   INV: 13783 # Invalidates (from upper level)
   INVX: 7 # Downgrades (from upper level)
   FWD: 0 # Forwards (from upper level)
   latGETnl: 40930361 # GET request latency on next level
   latGETnet: 0 # GET request latency on network to next level
  l2-23: # Cache stats
   hGETS: 0 # GETS hits
   hGETX: 0 # GETX hits
   mGETS: 0 # GETS misses
   mGETXIM: 0 # GETX I->M misses
   mGETXSM: 0 # GETX S->M misses (upgrade misses)
   PUTS: 0 # Clean evictions (from lower level)
   PUTX: 0 # Dirty evictions (from lower level)
   INV: 0 # Invalidates (from upper level)
   INVX: 0 # Downgrades (from upper level)
   FWD: 0 # Forwards (from upper level)
   latGETnl: 0 # GET request latency on next level
   latGETnet: 0 # GET request latency on network to next level
 l3: # Cache stats
  l3-0b0: # Cache stats
   hGETS: 558 # GETS hits
   hGETX: 32 # GETX hits
   mGETS: 4722 # GETS misses
   mGETXIM: 228480 # GETX I->M misses
   mGETXSM: 0 # GETX S->M misses (upgrade misses)
   PUTS: 4472 # Clean evictions (from lower level)
   PUTX: 191562 # Dirty evictions (from lower level)
   INV: 0 # Invalidates (from upper level)
   INVX: 0 # Downgrades (from upper level)
   FWD: 0 # Forwards (from upper level)
   latGETnl: 30782664 # GET request latency on next level
   latGETnet: 0 # GET request latency on network to next level
  l3-0b1: # Cache stats
   hGETS: 622 # GETS hits
   hGETX: 40 # GETX hits
   mGETS: 4734 # GETS misses
   mGETXIM: 228484 # GETX I->M misses
   mGETXSM: 0 # GETX S->M misses (upgrade misses)
   PUTS: 4559 # Clean evictions (from lower level)
   PUTX: 191494 # Dirty evictions (from lower level)
   INV: 0 # Invalidates (from upper level)
   INVX: 0 # Downgrades (from upper level)
   FWD: 0 # Forwards (from upper level)
   latGETnl: 30784776 # GET request latency on next level
   latGETnet: 0 # GET request latency on network to next level
  l3-0b2: # Cache stats
   hGETS: 185 # GETS hits
   hGETX: 44 # GETX hits
   mGETS: 4694 # GETS misses
   mGETXIM: 228472 # GETX I->M misses
   mGETXSM: 0 # GETX S->M misses (upgrade misses)
   PUTS: 4077 # Clean evictions (from lower level)
   PUTX: 191685 # Dirty evictions (from lower level)
   INV: 0 # Invalidates (from upper level)
   INVX: 0 # Downgrades (from upper level)
   FWD: 0 # Forwards (from upper level)
   latGETnl: 30777912 # GET request latency on next level
   latGETnet: 0 # GET request latency on network to next level
  l3-0b3: # Cache stats
   hGETS: 627 # GETS hits
   hGETX: 25 # GETX hits
   mGETS: 4688 # GETS misses
   mGETXIM: 228478 # GETX I->M misses
   mGETXSM: 0 # GETX S->M misses (upgrade misses)
   PUTS: 4504 # Clean evictions (from lower level)
   PUTX: 191590 # Dirty evictions (from lower level)
   INV: 0 # Invalidates (from upper level)
   INVX: 0 # Downgrades (from upper level)
   FWD: 0 # Forwards (from upper level)
   latGETnl: 30777912 # GET request latency on next level
   latGETnet: 0 # GET request latency on network to next level
  l3-0b4: # Cache stats
   hGETS: 212 # GETS hits
   hGETX: 37 # GETX hits
   mGETS: 4742 # GETS misses
   mGETXIM: 228482 # GETX I->M misses
   mGETXSM: 0 # GETX S->M misses (upgrade misses)
   PUTS: 4170 # Clean evictions (from lower level)
   PUTX: 191546 # Dirty evictions (from lower level)
   INV: 0 # Invalidates (from upper level)
   INVX: 0 # Downgrades (from upper level)
   FWD: 0 # Forwards (from upper level)
   latGETnl: 30785568 # GET request latency on next level
   latGETnet: 0 # GET request latency on network to next level
  l3-0b5: # Cache stats
   hGETS: 313 # GETS hits
   hGETX: 45 # GETX hits
   mGETS: 4697 # GETS misses
   mGETXIM: 228480 # GETX I->M misses
   mGETXSM: 0 # GETX S->M misses (upgrade misses)
   PUTS: 4192 # Clean evictions (from lower level)
   PUTX: 191707 # Dirty evictions (from lower level)
   INV: 0 # Invalidates (from upper level)
   INVX: 0 # Downgrades (from upper level)
   FWD: 0 # Forwards (from upper level)
   latGETnl: 30779364 # GET request latency on next level
   latGETnet: 0 # GET request latency on network to next level
  l3-0b6: # Cache stats
   hGETS: 251 # GETS hits
   hGETX: 43 # GETX hits
   mGETS: 4708 # GETS misses
   mGETXIM: 228480 # GETX I->M misses
   mGETXSM: 0 # GETX S->M misses (upgrade misses)
   PUTS: 4140 # Clean evictions (from lower level)
   PUTX: 191673 # Dirty evictions (from lower level)
   INV: 0 # Invalidates (from upper level)
   INVX: 0 # Downgrades (from upper level)
   FWD: 0 # Forwards (from upper level)
   latGETnl: 30780816 # GET request latency on next level
   latGETnet: 0 # GET request latency on network to next level
  l3-0b7: # Cache stats
   hGETS: 186 # GETS hits
   hGETX: 38 # GETX hits
   mGETS: 4737 # GETS misses
   mGETXIM: 228477 # GETX I->M misses
   mGETXSM: 0 # GETX S->M misses (upgrade misses)
   PUTS: 4128 # Clean evictions (from lower level)
   PUTX: 191658 # Dirty evictions (from lower level)
   INV: 0 # Invalidates (from upper level)
   INVX: 0 # Downgrades (from upper level)
   FWD: 0 # Forwards (from upper level)
   latGETnl: 30784248 # GET request latency on next level
   latGETnet: 0 # GET request latency on network to next level
  l3-0b8: # Cache stats
   hGETS: 530 # GETS hits
   hGETX: 11 # GETX hits
   mGETS: 4645 # GETS misses
   mGETXIM: 228466 # GETX I->M misses
   mGETXSM: 0 # GETX S->M misses (upgrade misses)
   PUTS: 4381 # Clean evictions (from lower level)
   PUTX: 191559 # Dirty evictions (from lower level)
   INV: 0 # Invalidates (from upper level)
   INVX: 0 # Downgrades (from upper level)
   FWD: 0 # Forwards (from upper level)
   latGETnl: 30770652 # GET request latency on next level
   latGETnet: 0 # GET request latency on network to next level
  l3-0b9: # Cache stats
   hGETS: 506 # GETS hits
   hGETX: 14 # GETX hits
   mGETS: 4665 # GETS misses
   mGETXIM: 228465 # GETX I->M misses
   mGETXSM: 0 # GETX S->M misses (upgrade misses)
   PUTS: 4400 # Clean evictions (from lower level)
   PUTX: 191614 # Dirty evictions (from lower level)
   INV: 0 # Invalidates (from upper level)
   INVX: 0 # Downgrades (from upper level)
   FWD: 0 # Forwards (from upper level)
   latGETnl: 30773160 # GET request latency on next level
   latGETnet: 0 # GET request latency on network to next level
  l3-0b10: # Cache stats
   hGETS: 1246 # GETS hits
   hGETX: 25 # GETX hits
   mGETS: 4731 # GETS misses
   mGETXIM: 228468 # GETX I->M misses
   mGETXSM: 0 # GETX S->M misses (upgrade misses)
   PUTS: 5090 # Clean evictions (from lower level)
   PUTX: 191578 # Dirty evictions (from lower level)
   INV: 0 # Invalidates (from upper level)
   INVX: 0 # Downgrades (from upper level)
   FWD: 0 # Forwards (from upper level)
   latGETnl: 30782268 # GET request latency on next level
   latGETnet: 0 # GET request latency on network to next level
  l3-0b11: # Cache stats
   hGETS: 573 # GETS hits
   hGETX: 17 # GETX hits
   mGETS: 4724 # GETS misses
   mGETXIM: 228473 # GETX I->M misses
   mGETXSM: 0 # GETX S->M misses (upgrade misses)
   PUTS: 4459 # Clean evictions (from lower level)
   PUTX: 191585 # Dirty evictions (from lower level)
   INV: 0 # Invalidates (from upper level)
   INVX: 0 # Downgrades (from upper level)
   FWD: 0 # Forwards (from upper level)
   latGETnl: 30782004 # GET request latency on next level
   latGETnet: 0 # GET request latency on network to next level
  l3-0b12: # Cache stats
   hGETS: 1002 # GETS hits
   hGETX: 33 # GETX hits
   mGETS: 4649 # GETS misses
   mGETXIM: 228476 # GETX I->M misses
   mGETXSM: 0 # GETX S->M misses (upgrade misses)
   PUTS: 4837 # Clean evictions (from lower level)
   PUTX: 191647 # Dirty evictions (from lower level)
   INV: 0 # Invalidates (from upper level)
   INVX: 0 # Downgrades (from upper level)
   FWD: 0 # Forwards (from upper level)
   latGETnl: 30772500 # GET request latency on next level
   latGETnet: 0 # GET request latency on network to next level
  l3-0b13: # Cache stats
   hGETS: 918 # GETS hits
   hGETX: 47 # GETX hits
   mGETS: 4773 # GETS misses
   mGETXIM: 228472 # GETX I->M misses
   mGETXSM: 0 # GETX S->M misses (upgrade misses)
   PUTS: 4805 # Clean evictions (from lower level)
   PUTX: 191478 # Dirty evictions (from lower level)
   INV: 0 # Invalidates (from upper level)
   INVX: 0 # Downgrades (from upper level)
   FWD: 0 # Forwards (from upper level)
   latGETnl: 30788340 # GET request latency on next level
   latGETnet: 0 # GET request latency on network to next level
  l3-0b14: # Cache stats
   hGETS: 968 # GETS hits
   hGETX: 59 # GETX hits
   mGETS: 4750 # GETS misses
   mGETXIM: 228474 # GETX I->M misses
   mGETXSM: 0 # GETX S->M misses (upgrade misses)
   PUTS: 4842 # Clean evictions (from lower level)
   PUTX: 191475 # Dirty evictions (from lower level)
   INV: 0 # Invalidates (from upper level)
   INVX: 0 # Downgrades (from upper level)
   FWD: 0 # Forwards (from upper level)
   latGETnl: 30785568 # GET request latency on next level
   latGETnet: 0 # GET request latency on network to next level
  l3-0b15: # Cache stats
   hGETS: 962 # GETS hits
   hGETX: 29 # GETX hits
   mGETS: 4642 # GETS misses
   mGETXIM: 228468 # GETX I->M misses
   mGETXSM: 0 # GETX S->M misses (upgrade misses)
   PUTS: 4809 # Clean evictions (from lower level)
   PUTX: 191500 # Dirty evictions (from lower level)
   INV: 0 # Invalidates (from upper level)
   INVX: 0 # Downgrades (from upper level)
   FWD: 0 # Forwards (from upper level)
   latGETnl: 30770520 # GET request latency on next level
   latGETnet: 0 # GET request latency on network to next level
  l3-0b16: # Cache stats
   hGETS: 717 # GETS hits
   hGETX: 0 # GETX hits
   mGETS: 4752 # GETS misses
   mGETXIM: 228390 # GETX I->M misses
   mGETXSM: 0 # GETX S->M misses (upgrade misses)
   PUTS: 4637 # Clean evictions (from lower level)
   PUTX: 191528 # Dirty evictions (from lower level)
   INV: 0 # Invalidates (from upper level)
   INVX: 0 # Downgrades (from upper level)
   FWD: 0 # Forwards (from upper level)
   latGETnl: 30774744 # GET request latency on next level
   latGETnet: 0 # GET request latency on network to next level
  l3-0b17: # Cache stats
   hGETS: 680 # GETS hits
   hGETX: 4 # GETX hits
   mGETS: 4731 # GETS misses
   mGETXIM: 228387 # GETX I->M misses
   mGETXSM: 0 # GETX S->M misses (upgrade misses)
   PUTS: 4623 # Clean evictions (from lower level)
   PUTX: 191570 # Dirty evictions (from lower level)
   INV: 0 # Invalidates (from upper level)
   INVX: 0 # Downgrades (from upper level)
   FWD: 0 # Forwards (from upper level)
   latGETnl: 30771576 # GET request latency on next level
   latGETnet: 0 # GET request latency on network to next level
  l3-0b18: # Cache stats
   hGETS: 733 # GETS hits
   hGETX: 58 # GETX hits
   mGETS: 4707 # GETS misses
   mGETXIM: 228390 # GETX I->M misses
   mGETXSM: 0 # GETX S->M misses (upgrade misses)
   PUTS: 4619 # Clean evictions (from lower level)
   PUTX: 191541 # Dirty evictions (from lower level)
   INV: 0 # Invalidates (from upper level)
   INVX: 0 # Downgrades (from upper level)
   FWD: 0 # Forwards (from upper level)
   latGETnl: 30768804 # GET request latency on next level
   latGETnet: 0 # GET request latency on network to next level
  l3-0b19: # Cache stats
   hGETS: 696 # GETS hits
   hGETX: 74 # GETX hits
   mGETS: 4716 # GETS misses
   mGETXIM: 228395 # GETX I->M misses
   mGETXSM: 0 # GETX S->M misses (upgrade misses)
   PUTS: 4576 # Clean evictions (from lower level)
   PUTX: 191628 # Dirty evictions (from lower level)
   INV: 0 # Invalidates (from upper level)
   INVX: 0 # Downgrades (from upper level)
   FWD: 0 # Forwards (from upper level)
   latGETnl: 30770652 # GET request latency on next level
   latGETnet: 0 # GET request latency on network to next level
  l3-0b20: # Cache stats
   hGETS: 673 # GETS hits
   hGETX: 0 # GETX hits
   mGETS: 4731 # GETS misses
   mGETXIM: 228386 # GETX I->M misses
   mGETXSM: 0 # GETX S->M misses (upgrade misses)
   PUTS: 4591 # Clean evictions (from lower level)
   PUTX: 191564 # Dirty evictions (from lower level)
   INV: 0 # Invalidates (from upper level)
   INVX: 0 # Downgrades (from upper level)
   FWD: 0 # Forwards (from upper level)
   latGETnl: 30771444 # GET request latency on next level
   latGETnet: 0 # GET request latency on network to next level
  l3-0b21: # Cache stats
   hGETS: 705 # GETS hits
   hGETX: 8 # GETX hits
   mGETS: 4672 # GETS misses
   mGETXIM: 228388 # GETX I->M misses
   mGETXSM: 0 # GETX S->M misses (upgrade misses)
   PUTS: 4584 # Clean evictions (from lower level)
   PUTX: 191706 # Dirty evictions (from lower level)
   INV: 0 # Invalidates (from upper level)
   INVX: 0 # Downgrades (from upper level)
   FWD: 0 # Forwards (from upper level)
   latGETnl: 30763920 # GET request latency on next level
   latGETnet: 0 # GET request latency on network to next level
  l3-0b22: # Cache stats
   hGETS: 677 # GETS hits
   hGETX: 46 # GETX hits
   mGETS: 4669 # GETS misses
   mGETXIM: 228386 # GETX I->M misses
   mGETXSM: 0 # GETX S->M misses (upgrade misses)
   PUTS: 4566 # Clean evictions (from lower level)
   PUTX: 191627 # Dirty evictions (from lower level)
   INV: 0 # Invalidates (from upper level)
   INVX: 0 # Downgrades (from upper level)
   FWD: 0 # Forwards (from upper level)
   latGETnl: 30763260 # GET request latency on next level
   latGETnet: 0 # GET request latency on network to next level
  l3-0b23: # Cache stats
   hGETS: 690 # GETS hits
   hGETX: 21 # GETX hits
   mGETS: 4764 # GETS misses
   mGETXIM: 228383 # GETX I->M misses
   mGETXSM: 0 # GETX S->M misses (upgrade misses)
   PUTS: 4603 # Clean evictions (from lower level)
   PUTX: 191472 # Dirty evictions (from lower level)
   INV: 0 # Invalidates (from upper level)
   INVX: 0 # Downgrades (from upper level)
   FWD: 0 # Forwards (from upper level)
   latGETnl: 30775404 # GET request latency on next level
   latGETnet: 0 # GET request latency on network to next level
 mem: # Memory controller stats
  mem-0: # Memory controller stats
   rd: 5595743 # Read requests
   wr: 4953278 # Write requests
   rdlat: 2372722075 # Total latency experienced by read requests
   wrlat: 2225895737 # Total latency experienced by write requests
 sched: # Scheduler stats
  thCr: 25 # Threads created
  thFn: 25 # Threads finished
  schedEvs: 28 # Schedule events
  waitEvs: 2 # Wait events
  handoffEvs: 1 # Handoff events
  sleepEvs: 1 # Sleep events
  idlePhases: 0 # Phases with no thread active
  idlePeriods: 0 # Periods with no thread active
  occHist: # Occupancy histogram
   0: 0
   1: 24
   2: 0
   3: 1
   4: 2
   5: 1
   6: 0
   7: 1
   8: 0
   9: 0
   10: 0
   11: 1
   12: 0
   13: 1
   14: 0
   15: 0
   16: 0
   17: 1
   18: 0
   19: 0
   20: 0
   21: 1
   22: 0
   23: 14260
   24: 0
  rqSzHist: # Run queue size histogram
   0: 14270
   1: 23
   2: 0
   3: 0
   4: 0
   5: 0
   6: 0
   7: 0
   8: 0
   9: 0
   10: 0
   11: 0
   12: 0
   13: 0
   14: 0
   15: 0
   16: 0
   17: 0
   18: 0
   19: 0
   20: 0
   21: 0
   22: 0
   23: 0
   24: 0
 procCycles: # Per-process unhalted core cycles
  0: 328101958
  1: 0
  2: 0
  3: 0
  4: 0
  5: 0
  6: 0
  7: 0
  8: 0
  9: 0
  10: 0
  11: 0
  12: 0
  13: 0
  14: 0
  15: 0
  16: 0
  17: 0
  18: 0
  19: 0
  20: 0
  21: 0
  22: 0
  23: 0
  24: 0
  25: 0
  26: 0
  27: 0
  28: 0
  29: 0
  30: 0
  31: 0
  32: 0
  33: 0
  34: 0
  35: 0
  36: 0
  37: 0
  38: 0
  39: 0
  40: 0
  41: 0
  42: 0
  43: 0
  44: 0
  45: 0
  46: 0
  47: 0
  48: 0
  49: 0
  50: 0
  51: 0
  52: 0
  53: 0
  54: 0
  55: 0
  56: 0
  57: 0
  58: 0
  59: 0
  60: 0
  61: 0
  62: 0
  63: 0
 procInstrs: # Per-process instructions
  0: 154244296
  1: 0
  2: 0
  3: 0
  4: 0
  5: 0
  6: 0
  7: 0
  8: 0
  9: 0
  10: 0
  11: 0
  12: 0
  13: 0
  14: 0
  15: 0
  16: 0
  17: 0
  18: 0
  19: 0
  20: 0
  21: 0
  22: 0
  23: 0
  24: 0
  25: 0
  26: 0
  27: 0
  28: 0
  29: 0
  30: 0
  31: 0
  32: 0
  33: 0
  34: 0
  35: 0
  36: 0
  37: 0
  38: 0
  39: 0
  40: 0
  41: 0
  42: 0
  43: 0
  44: 0
  45: 0
  46: 0
  47: 0
  48: 0
  49: 0
  50: 0
  51: 0
  52: 0
  53: 0
  54: 0
  55: 0
  56: 0
  57: 0
  58: 0
  59: 0
  60: 0
  61: 0
  62: 0
  63: 0
 heartbeats: # Per-process heartbeats
  0: 0
  1: 0
  2: 0
  3: 0
  4: 0
  5: 0
  6: 0
  7: 0
  8: 0
  9: 0
  10: 0
  11: 0
  12: 0
  13: 0
  14: 0
  15: 0
  16: 0
  17: 0
  18: 0
  19: 0
  20: 0
  21: 0
  22: 0
  23: 0
  24: 0
  25: 0
  26: 0
  27: 0
  28: 0
  29: 0
  30: 0
  31: 0
  32: 0
  33: 0
  34: 0
  35: 0
  36: 0
  37: 0
  38: 0
  39: 0
  40: 0
  41: 0
  42: 0
  43: 0
  44: 0
  45: 0
  46: 0
  47: 0
  48: 0
  49: 0
  50: 0
  51: 0
  52: 0
  53: 0
  54: 0
  55: 0
  56: 0
  57: 0
  58: 0
  59: 0
  60: 0
  61: 0
  62: 0
  63: 0
===
