# zsim stats
===
root: # Stats
 contention: # Contention simulation stats
  domain-0: # Domain stats
   time: 7095678426 # Weave simulation time
 time: # Simulator time breakdown
  init: 3380933412
  bound: 67288018273
  weave: 9114101033
  ff: 35277
 trigger: 20000 # Reason for this stats dump
 phase: 33553 # Simulated phases
 reqCycles: 0 # Requeue Cycles
 skylake: # Core stats
  skylake-0: # Core stats
   cycles: 33553705 # Simulated unhalted cycles
   cCycles: 18815923 # Cycles due to contention stalls
   instrs: 18981974 # Simulated instructions
   uops: 13746643 # issued micro-ops
   bbls: 5952835 # Basic blocks
   approxInstrs: 649613 # Instrs with approx uop decoding
   mispredBranches: 94544 # Mispredicted branches
   IdqNotDelivered: 14737782 # Stalls no uop delivered when no Bkend Stall
   IntMiscRecoveryCycles: 768766 # Stalls waiting machine clears
   uops executed: 13990604 # Executed microoperations
  skylake-1: # Core stats
   cycles: 33517684 # Simulated unhalted cycles
   cCycles: 18827591 # Cycles due to contention stalls
   instrs: 18994051 # Simulated instructions
   uops: 13754910 # issued micro-ops
   bbls: 5956771 # Basic blocks
   approxInstrs: 650063 # Instrs with approx uop decoding
   mispredBranches: 94579 # Mispredicted branches
   IdqNotDelivered: 14690093 # Stalls no uop delivered when no Bkend Stall
   IntMiscRecoveryCycles: 761200 # Stalls waiting machine clears
   uops executed: 13999023 # Executed microoperations
  skylake-2: # Core stats
   cycles: 33515881 # Simulated unhalted cycles
   cCycles: 18816654 # Cycles due to contention stalls
   instrs: 18978001 # Simulated instructions
   uops: 13743081 # issued micro-ops
   bbls: 5951797 # Basic blocks
   approxInstrs: 649531 # Instrs with approx uop decoding
   mispredBranches: 94503 # Mispredicted branches
   IdqNotDelivered: 14699227 # Stalls no uop delivered when no Bkend Stall
   IntMiscRecoveryCycles: 762575 # Stalls waiting machine clears
   uops executed: 13987032 # Executed microoperations
  skylake-3: # Core stats
   cycles: 33515542 # Simulated unhalted cycles
   cCycles: 18812659 # Cycles due to contention stalls
   instrs: 18976837 # Simulated instructions
   uops: 13742355 # issued micro-ops
   bbls: 5951394 # Basic blocks
   approxInstrs: 649483 # Instrs with approx uop decoding
   mispredBranches: 94490 # Mispredicted branches
   IdqNotDelivered: 14702883 # Stalls no uop delivered when no Bkend Stall
   IntMiscRecoveryCycles: 761918 # Stalls waiting machine clears
   uops executed: 13986295 # Executed microoperations
  skylake-4: # Core stats
   cycles: 33513678 # Simulated unhalted cycles
   cCycles: 18820868 # Cycles due to contention stalls
   instrs: 18986130 # Simulated instructions
   uops: 13749087 # issued micro-ops
   bbls: 5954309 # Basic blocks
   approxInstrs: 649802 # Instrs with approx uop decoding
   mispredBranches: 94537 # Mispredicted branches
   IdqNotDelivered: 14692810 # Stalls no uop delivered when no Bkend Stall
   IntMiscRecoveryCycles: 760858 # Stalls waiting machine clears
   uops executed: 13993124 # Executed microoperations
  skylake-5: # Core stats
   cycles: 33512461 # Simulated unhalted cycles
   cCycles: 18816828 # Cycles due to contention stalls
   instrs: 18982605 # Simulated instructions
   uops: 13746540 # issued micro-ops
   bbls: 5953202 # Basic blocks
   approxInstrs: 649685 # Instrs with approx uop decoding
   mispredBranches: 94520 # Mispredicted branches
   IdqNotDelivered: 14695633 # Stalls no uop delivered when no Bkend Stall
   IntMiscRecoveryCycles: 760608 # Stalls waiting machine clears
   uops executed: 13990533 # Executed microoperations
  skylake-6: # Core stats
   cycles: 33511745 # Simulated unhalted cycles
   cCycles: 18817117 # Cycles due to contention stalls
   instrs: 18981628 # Simulated instructions
   uops: 13745532 # issued micro-ops
   bbls: 5952960 # Basic blocks
   approxInstrs: 649665 # Instrs with approx uop decoding
   mispredBranches: 94512 # Mispredicted branches
   IdqNotDelivered: 14694628 # Stalls no uop delivered when no Bkend Stall
   IntMiscRecoveryCycles: 762001 # Stalls waiting machine clears
   uops executed: 13989524 # Executed microoperations
  skylake-7: # Core stats
   cycles: 33511756 # Simulated unhalted cycles
   cCycles: 18819446 # Cycles due to contention stalls
   instrs: 18983647 # Simulated instructions
   uops: 13747284 # issued micro-ops
   bbls: 5953531 # Basic blocks
   approxInstrs: 649717 # Instrs with approx uop decoding
   mispredBranches: 94526 # Mispredicted branches
   IdqNotDelivered: 14692310 # Stalls no uop delivered when no Bkend Stall
   IntMiscRecoveryCycles: 760398 # Stalls waiting machine clears
   uops executed: 13991286 # Executed microoperations
  skylake-8: # Core stats
   cycles: 33510459 # Simulated unhalted cycles
   cCycles: 18820714 # Cycles due to contention stalls
   instrs: 18986682 # Simulated instructions
   uops: 13749190 # issued micro-ops
   bbls: 5954546 # Basic blocks
   approxInstrs: 649836 # Instrs with approx uop decoding
   mispredBranches: 94537 # Mispredicted branches
   IdqNotDelivered: 14689745 # Stalls no uop delivered when no Bkend Stall
   IntMiscRecoveryCycles: 761485 # Stalls waiting machine clears
   uops executed: 13993247 # Executed microoperations
  skylake-9: # Core stats
   cycles: 33510448 # Simulated unhalted cycles
   cCycles: 18816693 # Cycles due to contention stalls
   instrs: 18979963 # Simulated instructions
   uops: 13744329 # issued micro-ops
   bbls: 5952437 # Basic blocks
   approxInstrs: 649609 # Instrs with approx uop decoding
   mispredBranches: 94504 # Mispredicted branches
   IdqNotDelivered: 14693755 # Stalls no uop delivered when no Bkend Stall
   IntMiscRecoveryCycles: 761509 # Stalls waiting machine clears
   uops executed: 13988300 # Executed microoperations
  skylake-10: # Core stats
   cycles: 33510266 # Simulated unhalted cycles
   cCycles: 18811873 # Cycles due to contention stalls
   instrs: 18977520 # Simulated instructions
   uops: 13742551 # issued micro-ops
   bbls: 5951674 # Basic blocks
   approxInstrs: 649520 # Instrs with approx uop decoding
   mispredBranches: 94491 # Mispredicted branches
   IdqNotDelivered: 14698393 # Stalls no uop delivered when no Bkend Stall
   IntMiscRecoveryCycles: 760940 # Stalls waiting machine clears
   uops executed: 13986489 # Executed microoperations
  skylake-11: # Core stats
   cycles: 33510250 # Simulated unhalted cycles
   cCycles: 18815789 # Cycles due to contention stalls
   instrs: 18980228 # Simulated instructions
   uops: 13744788 # issued micro-ops
   bbls: 5952378 # Basic blocks
   approxInstrs: 649591 # Instrs with approx uop decoding
   mispredBranches: 94506 # Mispredicted branches
   IdqNotDelivered: 14694461 # Stalls no uop delivered when no Bkend Stall
   IntMiscRecoveryCycles: 761782 # Stalls waiting machine clears
   uops executed: 13988797 # Executed microoperations
  skylake-12: # Core stats
   cycles: 33509320 # Simulated unhalted cycles
   cCycles: 18818316 # Cycles due to contention stalls
   instrs: 18984488 # Simulated instructions
   uops: 13747600 # issued micro-ops
   bbls: 5953858 # Basic blocks
   approxInstrs: 649761 # Instrs with approx uop decoding
   mispredBranches: 94526 # Mispredicted branches
   IdqNotDelivered: 14691004 # Stalls no uop delivered when no Bkend Stall
   IntMiscRecoveryCycles: 761245 # Stalls waiting machine clears
   uops executed: 13991628 # Executed microoperations
  skylake-13: # Core stats
   cycles: 33509440 # Simulated unhalted cycles
   cCycles: 18818115 # Cycles due to contention stalls
   instrs: 18983633 # Simulated instructions
   uops: 13746984 # issued micro-ops
   bbls: 5953589 # Basic blocks
   approxInstrs: 649733 # Instrs with approx uop decoding
   mispredBranches: 94522 # Mispredicted branches
   IdqNotDelivered: 14691325 # Stalls no uop delivered when no Bkend Stall
   IntMiscRecoveryCycles: 761268 # Stalls waiting machine clears
   uops executed: 13991002 # Executed microoperations
  skylake-14: # Core stats
   cycles: 33508247 # Simulated unhalted cycles
   cCycles: 18821635 # Cycles due to contention stalls
   instrs: 18987570 # Simulated instructions
   uops: 13749833 # issued micro-ops
   bbls: 5954826 # Basic blocks
   approxInstrs: 649865 # Instrs with approx uop decoding
   mispredBranches: 94539 # Mispredicted branches
   IdqNotDelivered: 14686612 # Stalls no uop delivered when no Bkend Stall
   IntMiscRecoveryCycles: 761091 # Stalls waiting machine clears
   uops executed: 13993917 # Executed microoperations
  skylake-15: # Core stats
   cycles: 33508243 # Simulated unhalted cycles
   cCycles: 18811751 # Cycles due to contention stalls
   instrs: 18977598 # Simulated instructions
   uops: 13742614 # issued micro-ops
   bbls: 5951696 # Basic blocks
   approxInstrs: 649527 # Instrs with approx uop decoding
   mispredBranches: 94492 # Mispredicted branches
   IdqNotDelivered: 14696492 # Stalls no uop delivered when no Bkend Stall
   IntMiscRecoveryCycles: 761132 # Stalls waiting machine clears
   uops executed: 13986554 # Executed microoperations
  skylake-16: # Core stats
   cycles: 33508836 # Simulated unhalted cycles
   cCycles: 18816959 # Cycles due to contention stalls
   instrs: 18982472 # Simulated instructions
   uops: 13746125 # issued micro-ops
   bbls: 5953227 # Basic blocks
   approxInstrs: 649692 # Instrs with approx uop decoding
   mispredBranches: 94510 # Mispredicted branches
   IdqNotDelivered: 14691877 # Stalls no uop delivered when no Bkend Stall
   IntMiscRecoveryCycles: 760285 # Stalls waiting machine clears
   uops executed: 13990162 # Executed microoperations
  skylake-17: # Core stats
   cycles: 33508337 # Simulated unhalted cycles
   cCycles: 18815974 # Cycles due to contention stalls
   instrs: 18958788 # Simulated instructions
   uops: 13730716 # issued micro-ops
   bbls: 5945175 # Basic blocks
   approxInstrs: 648664 # Instrs with approx uop decoding
   mispredBranches: 94471 # Mispredicted branches
   IdqNotDelivered: 14692363 # Stalls no uop delivered when no Bkend Stall
   IntMiscRecoveryCycles: 763885 # Stalls waiting machine clears
   uops executed: 13974504 # Executed microoperations
  skylake-18: # Core stats
   cycles: 33507700 # Simulated unhalted cycles
   cCycles: 18814810 # Cycles due to contention stalls
   instrs: 18978588 # Simulated instructions
   uops: 13743332 # issued micro-ops
   bbls: 5952006 # Basic blocks
   approxInstrs: 649562 # Instrs with approx uop decoding
   mispredBranches: 94497 # Mispredicted branches
   IdqNotDelivered: 14692890 # Stalls no uop delivered when no Bkend Stall
   IntMiscRecoveryCycles: 760375 # Stalls waiting machine clears
   uops executed: 13987285 # Executed microoperations
  skylake-19: # Core stats
   cycles: 33507702 # Simulated unhalted cycles
   cCycles: 18817112 # Cycles due to contention stalls
   instrs: 18980947 # Simulated instructions
   uops: 13745035 # issued micro-ops
   bbls: 5952749 # Basic blocks
   approxInstrs: 649638 # Instrs with approx uop decoding
   mispredBranches: 94509 # Mispredicted branches
   IdqNotDelivered: 14690590 # Stalls no uop delivered when no Bkend Stall
   IntMiscRecoveryCycles: 760661 # Stalls waiting machine clears
   uops executed: 13989015 # Executed microoperations
  skylake-20: # Core stats
   cycles: 33507424 # Simulated unhalted cycles
   cCycles: 18820035 # Cycles due to contention stalls
   instrs: 18984017 # Simulated instructions
   uops: 13747263 # issued micro-ops
   bbls: 5953709 # Basic blocks
   approxInstrs: 649747 # Instrs with approx uop decoding
   mispredBranches: 94524 # Mispredicted branches
   IdqNotDelivered: 14687389 # Stalls no uop delivered when no Bkend Stall
   IntMiscRecoveryCycles: 761091 # Stalls waiting machine clears
   uops executed: 13991286 # Executed microoperations
  skylake-21: # Core stats
   cycles: 33506501 # Simulated unhalted cycles
   cCycles: 18811237 # Cycles due to contention stalls
   instrs: 18973005 # Simulated instructions
   uops: 13739270 # issued micro-ops
   bbls: 5950258 # Basic blocks
   approxInstrs: 649367 # Instrs with approx uop decoding
   mispredBranches: 94463 # Mispredicted branches
   IdqNotDelivered: 14695264 # Stalls no uop delivered when no Bkend Stall
   IntMiscRecoveryCycles: 760270 # Stalls waiting machine clears
   uops executed: 13983185 # Executed microoperations
  skylake-22: # Core stats
   cycles: 33506402 # Simulated unhalted cycles
   cCycles: 18816067 # Cycles due to contention stalls
   instrs: 18979137 # Simulated instructions
   uops: 13743725 # issued micro-ops
   bbls: 5952181 # Basic blocks
   approxInstrs: 649577 # Instrs with approx uop decoding
   mispredBranches: 94498 # Mispredicted branches
   IdqNotDelivered: 14690335 # Stalls no uop delivered when no Bkend Stall
   IntMiscRecoveryCycles: 760491 # Stalls waiting machine clears
   uops executed: 13987689 # Executed microoperations
  skylake-23: # Core stats
   cycles: 0 # Simulated unhalted cycles
   cCycles: 0 # Cycles due to contention stalls
   instrs: 0 # Simulated instructions
   uops: 0 # issued micro-ops
   bbls: 0 # Basic blocks
   approxInstrs: 0 # Instrs with approx uop decoding
   mispredBranches: 0 # Mispredicted branches
   IdqNotDelivered: 0 # Stalls no uop delivered when no Bkend Stall
   IntMiscRecoveryCycles: 0 # Stalls waiting machine clears
   uops executed: 0 # Executed microoperations
 l1d: # Cache stats
  l1d-0: # Filter cache stats
   fhGETS: 809388 # Filtered GETS hits
   fhGETX: 393450 # Filtered GETX hits
   hGETS: 8028 # GETS hits
   hGETX: 12472 # GETX hits
   mGETS: 250082 # GETS misses
   mGETXIM: 27855 # GETX I->M misses
   mGETXSM: 8 # GETX S->M misses (upgrade misses)
   PUTS: 0 # Clean evictions (from lower level)
   PUTX: 0 # Dirty evictions (from lower level)
   INV: 87 # Invalidates (from upper level)
   INVX: 95 # Downgrades (from upper level)
   FWD: 0 # Forwards (from upper level)
   latGETnl: 75569242 # GET request latency on next level
   latGETnet: 0 # GET request latency on network to next level
  l1d-1: # Filter cache stats
   fhGETS: 809697 # Filtered GETS hits
   fhGETX: 393554 # Filtered GETX hits
   hGETS: 7945 # GETS hits
   hGETX: 12445 # GETX hits
   mGETS: 250212 # GETS misses
   mGETXIM: 27839 # GETX I->M misses
   mGETXSM: 6 # GETX S->M misses (upgrade misses)
   PUTS: 0 # Clean evictions (from lower level)
   PUTX: 0 # Dirty evictions (from lower level)
   INV: 71 # Invalidates (from upper level)
   INVX: 23 # Downgrades (from upper level)
   FWD: 0 # Forwards (from upper level)
   latGETnl: 75589765 # GET request latency on next level
   latGETnet: 0 # GET request latency on network to next level
  l1d-2: # Filter cache stats
   fhGETS: 808918 # Filtered GETS hits
   fhGETX: 393176 # Filtered GETX hits
   hGETS: 7913 # GETS hits
   hGETX: 12411 # GETX hits
   mGETS: 250000 # GETS misses
   mGETXIM: 27811 # GETX I->M misses
   mGETXSM: 5 # GETX S->M misses (upgrade misses)
   PUTS: 0 # Clean evictions (from lower level)
   PUTX: 0 # Dirty evictions (from lower level)
   INV: 52 # Invalidates (from upper level)
   INVX: 4 # Downgrades (from upper level)
   FWD: 0 # Forwards (from upper level)
   latGETnl: 75525451 # GET request latency on next level
   latGETnet: 0 # GET request latency on network to next level
  l1d-3: # Filter cache stats
   fhGETS: 808905 # Filtered GETS hits
   fhGETX: 393161 # Filtered GETX hits
   hGETS: 7945 # GETS hits
   hGETX: 12445 # GETX hits
   mGETS: 249987 # GETS misses
   mGETXIM: 27812 # GETX I->M misses
   mGETXSM: 8 # GETX S->M misses (upgrade misses)
   PUTS: 0 # Clean evictions (from lower level)
   PUTX: 0 # Dirty evictions (from lower level)
   INV: 70 # Invalidates (from upper level)
   INVX: 29 # Downgrades (from upper level)
   FWD: 0 # Forwards (from upper level)
   latGETnl: 75523423 # GET request latency on next level
   latGETnet: 0 # GET request latency on network to next level
  l1d-4: # Filter cache stats
   fhGETS: 809297 # Filtered GETS hits
   fhGETX: 393351 # Filtered GETX hits
   hGETS: 7954 # GETS hits
   hGETX: 12452 # GETX hits
   mGETS: 250108 # GETS misses
   mGETXIM: 27827 # GETX I->M misses
   mGETXSM: 8 # GETX S->M misses (upgrade misses)
   PUTS: 0 # Clean evictions (from lower level)
   PUTX: 0 # Dirty evictions (from lower level)
   INV: 67 # Invalidates (from upper level)
   INVX: 20 # Downgrades (from upper level)
   FWD: 0 # Forwards (from upper level)
   latGETnl: 75557449 # GET request latency on next level
   latGETnet: 0 # GET request latency on network to next level
  l1d-5: # Filter cache stats
   fhGETS: 809169 # Filtered GETS hits
   fhGETX: 393300 # Filtered GETX hits
   hGETS: 7936 # GETS hits
   hGETX: 12425 # GETX hits
   mGETS: 250061 # GETS misses
   mGETXIM: 27828 # GETX I->M misses
   mGETXSM: 7 # GETX S->M misses (upgrade misses)
   PUTS: 0 # Clean evictions (from lower level)
   PUTX: 0 # Dirty evictions (from lower level)
   INV: 71 # Invalidates (from upper level)
   INVX: 17 # Downgrades (from upper level)
   FWD: 0 # Forwards (from upper level)
   latGETnl: 75543048 # GET request latency on next level
   latGETnet: 0 # GET request latency on network to next level
  l1d-6: # Filter cache stats
   fhGETS: 808986 # Filtered GETS hits
   fhGETX: 393196 # Filtered GETX hits
   hGETS: 7929 # GETS hits
   hGETX: 12417 # GETX hits
   mGETS: 250036 # GETS misses
   mGETXIM: 27817 # GETX I->M misses
   mGETXSM: 5 # GETX S->M misses (upgrade misses)
   PUTS: 0 # Clean evictions (from lower level)
   PUTX: 0 # Dirty evictions (from lower level)
   INV: 54 # Invalidates (from upper level)
   INVX: 11 # Downgrades (from upper level)
   FWD: 0 # Forwards (from upper level)
   latGETnl: 75538013 # GET request latency on next level
   latGETnet: 0 # GET request latency on network to next level
  l1d-7: # Filter cache stats
   fhGETS: 809199 # Filtered GETS hits
   fhGETX: 393316 # Filtered GETX hits
   hGETS: 7946 # GETS hits
   hGETX: 12431 # GETX hits
   mGETS: 250073 # GETS misses
   mGETXIM: 27825 # GETX I->M misses
   mGETXSM: 7 # GETX S->M misses (upgrade misses)
   PUTS: 0 # Clean evictions (from lower level)
   PUTX: 0 # Dirty evictions (from lower level)
   INV: 69 # Invalidates (from upper level)
   INVX: 17 # Downgrades (from upper level)
   FWD: 0 # Forwards (from upper level)
   latGETnl: 75546537 # GET request latency on next level
   latGETnet: 0 # GET request latency on network to next level
  l1d-8: # Filter cache stats
   fhGETS: 809197 # Filtered GETS hits
   fhGETX: 393305 # Filtered GETX hits
   hGETS: 7930 # GETS hits
   hGETX: 12416 # GETX hits
   mGETS: 250105 # GETS misses
   mGETXIM: 27824 # GETX I->M misses
   mGETXSM: 5 # GETX S->M misses (upgrade misses)
   PUTS: 0 # Clean evictions (from lower level)
   PUTX: 0 # Dirty evictions (from lower level)
   INV: 56 # Invalidates (from upper level)
   INVX: 13 # Downgrades (from upper level)
   FWD: 0 # Forwards (from upper level)
   latGETnl: 75558756 # GET request latency on next level
   latGETnet: 0 # GET request latency on network to next level
  l1d-9: # Filter cache stats
   fhGETS: 808931 # Filtered GETS hits
   fhGETX: 393165 # Filtered GETX hits
   hGETS: 7915 # GETS hits
   hGETX: 12413 # GETX hits
   mGETS: 250014 # GETS misses
   mGETXIM: 27815 # GETX I->M misses
   mGETXSM: 5 # GETX S->M misses (upgrade misses)
   PUTS: 0 # Clean evictions (from lower level)
   PUTX: 0 # Dirty evictions (from lower level)
   INV: 54 # Invalidates (from upper level)
   INVX: 12 # Downgrades (from upper level)
   FWD: 0 # Forwards (from upper level)
   latGETnl: 75532301 # GET request latency on next level
   latGETnet: 0 # GET request latency on network to next level
  l1d-10: # Filter cache stats
   fhGETS: 808807 # Filtered GETS hits
   fhGETX: 393112 # Filtered GETX hits
   hGETS: 7925 # GETS hits
   hGETX: 12413 # GETX hits
   mGETS: 249981 # GETS misses
   mGETXIM: 27808 # GETX I->M misses
   mGETXSM: 6 # GETX S->M misses (upgrade misses)
   PUTS: 0 # Clean evictions (from lower level)
   PUTX: 0 # Dirty evictions (from lower level)
   INV: 53 # Invalidates (from upper level)
   INVX: 11 # Downgrades (from upper level)
   FWD: 0 # Forwards (from upper level)
   latGETnl: 75520737 # GET request latency on next level
   latGETnet: 0 # GET request latency on network to next level
  l1d-11: # Filter cache stats
   fhGETS: 809075 # Filtered GETS hits
   fhGETX: 393263 # Filtered GETX hits
   hGETS: 7969 # GETS hits
   hGETX: 12425 # GETX hits
   mGETS: 250025 # GETS misses
   mGETXIM: 27833 # GETX I->M misses
   mGETXSM: 9 # GETX S->M misses (upgrade misses)
   PUTS: 0 # Clean evictions (from lower level)
   PUTX: 0 # Dirty evictions (from lower level)
   INV: 59 # Invalidates (from upper level)
   INVX: 8 # Downgrades (from upper level)
   FWD: 0 # Forwards (from upper level)
   latGETnl: 75537213 # GET request latency on next level
   latGETnet: 0 # GET request latency on network to next level
  l1d-12: # Filter cache stats
   fhGETS: 809109 # Filtered GETS hits
   fhGETX: 393262 # Filtered GETX hits
   hGETS: 7925 # GETS hits
   hGETX: 12414 # GETX hits
   mGETS: 250075 # GETS misses
   mGETXIM: 27818 # GETX I->M misses
   mGETXSM: 5 # GETX S->M misses (upgrade misses)
   PUTS: 0 # Clean evictions (from lower level)
   PUTX: 0 # Dirty evictions (from lower level)
   INV: 55 # Invalidates (from upper level)
   INVX: 7 # Downgrades (from upper level)
   FWD: 0 # Forwards (from upper level)
   latGETnl: 75547839 # GET request latency on next level
   latGETnet: 0 # GET request latency on network to next level
  l1d-13: # Filter cache stats
   fhGETS: 809089 # Filtered GETS hits
   fhGETX: 393248 # Filtered GETX hits
   hGETS: 7912 # GETS hits
   hGETX: 12407 # GETX hits
   mGETS: 250062 # GETS misses
   mGETXIM: 27821 # GETX I->M misses
   mGETXSM: 5 # GETX S->M misses (upgrade misses)
   PUTS: 0 # Clean evictions (from lower level)
   PUTX: 0 # Dirty evictions (from lower level)
   INV: 56 # Invalidates (from upper level)
   INVX: 8 # Downgrades (from upper level)
   FWD: 0 # Forwards (from upper level)
   latGETnl: 75544993 # GET request latency on next level
   latGETnet: 0 # GET request latency on network to next level
  l1d-14: # Filter cache stats
   fhGETS: 809229 # Filtered GETS hits
   fhGETX: 393308 # Filtered GETX hits
   hGETS: 7936 # GETS hits
   hGETX: 12431 # GETX hits
   mGETS: 250114 # GETS misses
   mGETXIM: 27824 # GETX I->M misses
   mGETXSM: 6 # GETX S->M misses (upgrade misses)
   PUTS: 0 # Clean evictions (from lower level)
   PUTX: 0 # Dirty evictions (from lower level)
   INV: 54 # Invalidates (from upper level)
   INVX: 3 # Downgrades (from upper level)
   FWD: 0 # Forwards (from upper level)
   latGETnl: 75558903 # GET request latency on next level
   latGETnet: 0 # GET request latency on network to next level
  l1d-15: # Filter cache stats
   fhGETS: 808823 # Filtered GETS hits
   fhGETX: 393110 # Filtered GETX hits
   hGETS: 7916 # GETS hits
   hGETX: 12420 # GETX hits
   mGETS: 249986 # GETS misses
   mGETXIM: 27808 # GETX I->M misses
   mGETXSM: 5 # GETX S->M misses (upgrade misses)
   PUTS: 0 # Clean evictions (from lower level)
   PUTX: 0 # Dirty evictions (from lower level)
   INV: 54 # Invalidates (from upper level)
   INVX: 2 # Downgrades (from upper level)
   FWD: 0 # Forwards (from upper level)
   latGETnl: 75520349 # GET request latency on next level
   latGETnet: 0 # GET request latency on network to next level
  l1d-16: # Filter cache stats
   fhGETS: 809022 # Filtered GETS hits
   fhGETX: 393213 # Filtered GETX hits
   hGETS: 7918 # GETS hits
   hGETX: 12418 # GETX hits
   mGETS: 250050 # GETS misses
   mGETXIM: 27813 # GETX I->M misses
   mGETXSM: 5 # GETX S->M misses (upgrade misses)
   PUTS: 0 # Clean evictions (from lower level)
   PUTX: 0 # Dirty evictions (from lower level)
   INV: 52 # Invalidates (from upper level)
   INVX: 9 # Downgrades (from upper level)
   FWD: 0 # Forwards (from upper level)
   latGETnl: 75541198 # GET request latency on next level
   latGETnet: 0 # GET request latency on network to next level
  l1d-17: # Filter cache stats
   fhGETS: 809212 # Filtered GETS hits
   fhGETX: 393169 # Filtered GETX hits
   hGETS: 8268 # GETS hits
   hGETX: 12484 # GETX hits
   mGETS: 249731 # GETS misses
   mGETXIM: 27776 # GETX I->M misses
   mGETXSM: 14 # GETX S->M misses (upgrade misses)
   PUTS: 0 # Clean evictions (from lower level)
   PUTX: 0 # Dirty evictions (from lower level)
   INV: 51 # Invalidates (from upper level)
   INVX: 6 # Downgrades (from upper level)
   FWD: 0 # Forwards (from upper level)
   latGETnl: 75436657 # GET request latency on next level
   latGETnet: 0 # GET request latency on network to next level
  l1d-18: # Filter cache stats
   fhGETS: 808867 # Filtered GETS hits
   fhGETX: 393136 # Filtered GETX hits
   hGETS: 7913 # GETS hits
   hGETX: 12422 # GETX hits
   mGETS: 250002 # GETS misses
   mGETXIM: 27803 # GETX I->M misses
   mGETXSM: 5 # GETX S->M misses (upgrade misses)
   PUTS: 0 # Clean evictions (from lower level)
   PUTX: 0 # Dirty evictions (from lower level)
   INV: 51 # Invalidates (from upper level)
   INVX: 2 # Downgrades (from upper level)
   FWD: 0 # Forwards (from upper level)
   latGETnl: 75525352 # GET request latency on next level
   latGETnet: 0 # GET request latency on network to next level
  l1d-19: # Filter cache stats
   fhGETS: 808961 # Filtered GETS hits
   fhGETX: 393182 # Filtered GETX hits
   hGETS: 7917 # GETS hits
   hGETX: 12415 # GETX hits
   mGETS: 250029 # GETS misses
   mGETXIM: 27814 # GETX I->M misses
   mGETXSM: 6 # GETX S->M misses (upgrade misses)
   PUTS: 0 # Clean evictions (from lower level)
   PUTX: 0 # Dirty evictions (from lower level)
   INV: 56 # Invalidates (from upper level)
   INVX: 1 # Downgrades (from upper level)
   FWD: 0 # Forwards (from upper level)
   latGETnl: 75533063 # GET request latency on next level
   latGETnet: 0 # GET request latency on network to next level
  l1d-20: # Filter cache stats
   fhGETS: 809077 # Filtered GETS hits
   fhGETX: 393237 # Filtered GETX hits
   hGETS: 7941 # GETS hits
   hGETX: 12429 # GETX hits
   mGETS: 250068 # GETS misses
   mGETXIM: 27819 # GETX I->M misses
   mGETXSM: 5 # GETX S->M misses (upgrade misses)
   PUTS: 0 # Clean evictions (from lower level)
   PUTX: 0 # Dirty evictions (from lower level)
   INV: 54 # Invalidates (from upper level)
   INVX: 2 # Downgrades (from upper level)
   FWD: 0 # Forwards (from upper level)
   latGETnl: 75545842 # GET request latency on next level
   latGETnet: 0 # GET request latency on network to next level
  l1d-21: # Filter cache stats
   fhGETS: 808622 # Filtered GETS hits
   fhGETX: 393015 # Filtered GETX hits
   hGETS: 7911 # GETS hits
   hGETX: 12414 # GETX hits
   mGETS: 249925 # GETS misses
   mGETXIM: 27800 # GETX I->M misses
   mGETXSM: 4 # GETX S->M misses (upgrade misses)
   PUTS: 0 # Clean evictions (from lower level)
   PUTX: 0 # Dirty evictions (from lower level)
   INV: 52 # Invalidates (from upper level)
   INVX: 1 # Downgrades (from upper level)
   FWD: 0 # Forwards (from upper level)
   latGETnl: 75502392 # GET request latency on next level
   latGETnet: 0 # GET request latency on network to next level
  l1d-22: # Filter cache stats
   fhGETS: 808887 # Filtered GETS hits
   fhGETX: 393148 # Filtered GETX hits
   hGETS: 7915 # GETS hits
   hGETX: 12411 # GETX hits
   mGETS: 250004 # GETS misses
   mGETXIM: 27811 # GETX I->M misses
   mGETXSM: 6 # GETX S->M misses (upgrade misses)
   PUTS: 0 # Clean evictions (from lower level)
   PUTX: 0 # Dirty evictions (from lower level)
   INV: 54 # Invalidates (from upper level)
   INVX: 2 # Downgrades (from upper level)
   FWD: 0 # Forwards (from upper level)
   latGETnl: 75525897 # GET request latency on next level
   latGETnet: 0 # GET request latency on network to next level
  l1d-23: # Filter cache stats
   fhGETS: 0 # Filtered GETS hits
   fhGETX: 0 # Filtered GETX hits
   hGETS: 0 # GETS hits
   hGETX: 0 # GETX hits
   mGETS: 0 # GETS misses
   mGETXIM: 0 # GETX I->M misses
   mGETXSM: 0 # GETX S->M misses (upgrade misses)
   PUTS: 0 # Clean evictions (from lower level)
   PUTX: 0 # Dirty evictions (from lower level)
   INV: 0 # Invalidates (from upper level)
   INVX: 0 # Downgrades (from upper level)
   FWD: 0 # Forwards (from upper level)
   latGETnl: 0 # GET request latency on next level
   latGETnet: 0 # GET request latency on network to next level
 l1i: # Cache stats
  l1i-0: # Filter cache stats
   fhGETS: 6491153 # Filtered GETS hits
   fhGETX: 0 # Filtered GETX hits
   hGETS: 11133 # GETS hits
   hGETX: 0 # GETX hits
   mGETS: 690 # GETS misses
   mGETXIM: 0 # GETX I->M misses
   mGETXSM: 0 # GETX S->M misses (upgrade misses)
   PUTS: 0 # Clean evictions (from lower level)
   PUTX: 0 # Dirty evictions (from lower level)
   INV: 665 # Invalidates (from upper level)
   INVX: 0 # Downgrades (from upper level)
   FWD: 0 # Forwards (from upper level)
   latGETnl: 71355 # GET request latency on next level
   latGETnet: 0 # GET request latency on network to next level
  l1i-1: # Filter cache stats
   fhGETS: 6495537 # Filtered GETS hits
   fhGETX: 0 # Filtered GETX hits
   hGETS: 11131 # GETS hits
   hGETX: 0 # GETX hits
   mGETS: 599 # GETS misses
   mGETXIM: 0 # GETX I->M misses
   mGETXSM: 0 # GETX S->M misses (upgrade misses)
   PUTS: 0 # Clean evictions (from lower level)
   PUTX: 0 # Dirty evictions (from lower level)
   INV: 572 # Invalidates (from upper level)
   INVX: 0 # Downgrades (from upper level)
   FWD: 0 # Forwards (from upper level)
   latGETnl: 34228 # GET request latency on next level
   latGETnet: 0 # GET request latency on network to next level
  l1i-2: # Filter cache stats
   fhGETS: 6490097 # Filtered GETS hits
   fhGETX: 0 # Filtered GETX hits
   hGETS: 11119 # GETS hits
   hGETX: 0 # GETX hits
   mGETS: 627 # GETS misses
   mGETXIM: 0 # GETX I->M misses
   mGETXSM: 0 # GETX S->M misses (upgrade misses)
   PUTS: 0 # Clean evictions (from lower level)
   PUTX: 0 # Dirty evictions (from lower level)
   INV: 603 # Invalidates (from upper level)
   INVX: 0 # Downgrades (from upper level)
   FWD: 0 # Forwards (from upper level)
   latGETnl: 38919 # GET request latency on next level
   latGETnet: 0 # GET request latency on network to next level
  l1i-3: # Filter cache stats
   fhGETS: 6489654 # Filtered GETS hits
   fhGETX: 0 # Filtered GETX hits
   hGETS: 11114 # GETS hits
   hGETX: 0 # GETX hits
   mGETS: 604 # GETS misses
   mGETXIM: 0 # GETX I->M misses
   mGETXSM: 0 # GETX S->M misses (upgrade misses)
   PUTS: 0 # Clean evictions (from lower level)
   PUTX: 0 # Dirty evictions (from lower level)
   INV: 580 # Invalidates (from upper level)
   INVX: 0 # Downgrades (from upper level)
   FWD: 0 # Forwards (from upper level)
   latGETnl: 34238 # GET request latency on next level
   latGETnet: 0 # GET request latency on network to next level
  l1i-4: # Filter cache stats
   fhGETS: 6492854 # Filtered GETS hits
   fhGETX: 0 # Filtered GETX hits
   hGETS: 11120 # GETS hits
   hGETX: 0 # GETX hits
   mGETS: 604 # GETS misses
   mGETXIM: 0 # GETX I->M misses
   mGETXSM: 0 # GETX S->M misses (upgrade misses)
   PUTS: 0 # Clean evictions (from lower level)
   PUTX: 0 # Dirty evictions (from lower level)
   INV: 580 # Invalidates (from upper level)
   INVX: 0 # Downgrades (from upper level)
   FWD: 0 # Forwards (from upper level)
   latGETnl: 30188 # GET request latency on next level
   latGETnet: 0 # GET request latency on network to next level
  l1i-5: # Filter cache stats
   fhGETS: 6491637 # Filtered GETS hits
   fhGETX: 0 # Filtered GETX hits
   hGETS: 11118 # GETS hits
   hGETX: 0 # GETX hits
   mGETS: 604 # GETS misses
   mGETXIM: 0 # GETX I->M misses
   mGETXSM: 0 # GETX S->M misses (upgrade misses)
   PUTS: 0 # Clean evictions (from lower level)
   PUTX: 0 # Dirty evictions (from lower level)
   INV: 580 # Invalidates (from upper level)
   INVX: 0 # Downgrades (from upper level)
   FWD: 0 # Forwards (from upper level)
   latGETnl: 28613 # GET request latency on next level
   latGETnet: 0 # GET request latency on network to next level
  l1i-6: # Filter cache stats
   fhGETS: 6491338 # Filtered GETS hits
   fhGETX: 0 # Filtered GETX hits
   hGETS: 11114 # GETS hits
   hGETX: 0 # GETX hits
   mGETS: 581 # GETS misses
   mGETXIM: 0 # GETX I->M misses
   mGETXSM: 0 # GETX S->M misses (upgrade misses)
   PUTS: 0 # Clean evictions (from lower level)
   PUTX: 0 # Dirty evictions (from lower level)
   INV: 557 # Invalidates (from upper level)
   INVX: 0 # Downgrades (from upper level)
   FWD: 0 # Forwards (from upper level)
   latGETnl: 32257 # GET request latency on next level
   latGETnet: 0 # GET request latency on network to next level
  l1i-7: # Filter cache stats
   fhGETS: 6492014 # Filtered GETS hits
   fhGETX: 0 # Filtered GETX hits
   hGETS: 11116 # GETS hits
   hGETX: 0 # GETX hits
   mGETS: 605 # GETS misses
   mGETXIM: 0 # GETX I->M misses
   mGETXSM: 0 # GETX S->M misses (upgrade misses)
   PUTS: 0 # Clean evictions (from lower level)
   PUTX: 0 # Dirty evictions (from lower level)
   INV: 581 # Invalidates (from upper level)
   INVX: 0 # Downgrades (from upper level)
   FWD: 0 # Forwards (from upper level)
   latGETnl: 28435 # GET request latency on next level
   latGETnet: 0 # GET request latency on network to next level
  l1i-8: # Filter cache stats
   fhGETS: 6493048 # Filtered GETS hits
   fhGETX: 0 # Filtered GETX hits
   hGETS: 11119 # GETS hits
   hGETX: 0 # GETX hits
   mGETS: 591 # GETS misses
   mGETXIM: 0 # GETX I->M misses
   mGETXSM: 0 # GETX S->M misses (upgrade misses)
   PUTS: 0 # Clean evictions (from lower level)
   PUTX: 0 # Dirty evictions (from lower level)
   INV: 567 # Invalidates (from upper level)
   INVX: 0 # Downgrades (from upper level)
   FWD: 0 # Forwards (from upper level)
   latGETnl: 30702 # GET request latency on next level
   latGETnet: 0 # GET request latency on network to next level
  l1i-9: # Filter cache stats
   fhGETS: 6490799 # Filtered GETS hits
   fhGETX: 0 # Filtered GETX hits
   hGETS: 11117 # GETS hits
   hGETX: 0 # GETX hits
   mGETS: 583 # GETS misses
   mGETXIM: 0 # GETX I->M misses
   mGETXSM: 0 # GETX S->M misses (upgrade misses)
   PUTS: 0 # Clean evictions (from lower level)
   PUTX: 0 # Dirty evictions (from lower level)
   INV: 559 # Invalidates (from upper level)
   INVX: 0 # Downgrades (from upper level)
   FWD: 0 # Forwards (from upper level)
   latGETnl: 32126 # GET request latency on next level
   latGETnet: 0 # GET request latency on network to next level
  l1i-10: # Filter cache stats
   fhGETS: 6489984 # Filtered GETS hits
   fhGETX: 0 # Filtered GETX hits
   hGETS: 11111 # GETS hits
   hGETX: 0 # GETX hits
   mGETS: 580 # GETS misses
   mGETXIM: 0 # GETX I->M misses
   mGETXSM: 0 # GETX S->M misses (upgrade misses)
   PUTS: 0 # Clean evictions (from lower level)
   PUTX: 0 # Dirty evictions (from lower level)
   INV: 556 # Invalidates (from upper level)
   INVX: 0 # Downgrades (from upper level)
   FWD: 0 # Forwards (from upper level)
   latGETnl: 29735 # GET request latency on next level
   latGETnet: 0 # GET request latency on network to next level
  l1i-11: # Filter cache stats
   fhGETS: 6490680 # Filtered GETS hits
   fhGETX: 0 # Filtered GETX hits
   hGETS: 11207 # GETS hits
   hGETX: 0 # GETX hits
   mGETS: 590 # GETS misses
   mGETXIM: 0 # GETX I->M misses
   mGETXSM: 0 # GETX S->M misses (upgrade misses)
   PUTS: 0 # Clean evictions (from lower level)
   PUTX: 0 # Dirty evictions (from lower level)
   INV: 570 # Invalidates (from upper level)
   INVX: 0 # Downgrades (from upper level)
   FWD: 0 # Forwards (from upper level)
   latGETnl: 30430 # GET request latency on next level
   latGETnet: 0 # GET request latency on network to next level
  l1i-12: # Filter cache stats
   fhGETS: 6492363 # Filtered GETS hits
   fhGETX: 0 # Filtered GETX hits
   hGETS: 11117 # GETS hits
   hGETX: 0 # GETX hits
   mGETS: 586 # GETS misses
   mGETXIM: 0 # GETX I->M misses
   mGETXSM: 0 # GETX S->M misses (upgrade misses)
   PUTS: 0 # Clean evictions (from lower level)
   PUTX: 0 # Dirty evictions (from lower level)
   INV: 562 # Invalidates (from upper level)
   INVX: 0 # Downgrades (from upper level)
   FWD: 0 # Forwards (from upper level)
   latGETnl: 28892 # GET request latency on next level
   latGETnet: 0 # GET request latency on network to next level
  l1i-13: # Filter cache stats
   fhGETS: 6492058 # Filtered GETS hits
   fhGETX: 0 # Filtered GETX hits
   hGETS: 11117 # GETS hits
   hGETX: 0 # GETX hits
   mGETS: 592 # GETS misses
   mGETXIM: 0 # GETX I->M misses
   mGETXSM: 0 # GETX S->M misses (upgrade misses)
   PUTS: 0 # Clean evictions (from lower level)
   PUTX: 0 # Dirty evictions (from lower level)
   INV: 568 # Invalidates (from upper level)
   INVX: 0 # Downgrades (from upper level)
   FWD: 0 # Forwards (from upper level)
   latGETnl: 29849 # GET request latency on next level
   latGETnet: 0 # GET request latency on network to next level
  l1i-14: # Filter cache stats
   fhGETS: 6493405 # Filtered GETS hits
   fhGETX: 0 # Filtered GETX hits
   hGETS: 11117 # GETS hits
   hGETX: 0 # GETX hits
   mGETS: 586 # GETS misses
   mGETXIM: 0 # GETX I->M misses
   mGETXSM: 0 # GETX S->M misses (upgrade misses)
   PUTS: 0 # Clean evictions (from lower level)
   PUTX: 0 # Dirty evictions (from lower level)
   INV: 562 # Invalidates (from upper level)
   INVX: 0 # Downgrades (from upper level)
   FWD: 0 # Forwards (from upper level)
   latGETnl: 29117 # GET request latency on next level
   latGETnet: 0 # GET request latency on network to next level
  l1i-15: # Filter cache stats
   fhGETS: 6490010 # Filtered GETS hits
   fhGETX: 0 # Filtered GETX hits
   hGETS: 11115 # GETS hits
   hGETX: 0 # GETX hits
   mGETS: 590 # GETS misses
   mGETXIM: 0 # GETX I->M misses
   mGETXSM: 0 # GETX S->M misses (upgrade misses)
   PUTS: 0 # Clean evictions (from lower level)
   PUTX: 0 # Dirty evictions (from lower level)
   INV: 566 # Invalidates (from upper level)
   INVX: 0 # Downgrades (from upper level)
   FWD: 0 # Forwards (from upper level)
   latGETnl: 29080 # GET request latency on next level
   latGETnet: 0 # GET request latency on network to next level
  l1i-16: # Filter cache stats
   fhGETS: 6491651 # Filtered GETS hits
   fhGETX: 0 # Filtered GETX hits
   hGETS: 11112 # GETS hits
   hGETX: 0 # GETX hits
   mGETS: 579 # GETS misses
   mGETXIM: 0 # GETX I->M misses
   mGETXSM: 0 # GETX S->M misses (upgrade misses)
   PUTS: 0 # Clean evictions (from lower level)
   PUTX: 0 # Dirty evictions (from lower level)
   INV: 555 # Invalidates (from upper level)
   INVX: 0 # Downgrades (from upper level)
   FWD: 0 # Forwards (from upper level)
   latGETnl: 28338 # GET request latency on next level
   latGETnet: 0 # GET request latency on network to next level
  l1i-17: # Filter cache stats
   fhGETS: 6483004 # Filtered GETS hits
   fhGETX: 0 # Filtered GETX hits
   hGETS: 11267 # GETS hits
   hGETX: 0 # GETX hits
   mGETS: 657 # GETS misses
   mGETXIM: 0 # GETX I->M misses
   mGETXSM: 0 # GETX S->M misses (upgrade misses)
   PUTS: 0 # Clean evictions (from lower level)
   PUTX: 0 # Dirty evictions (from lower level)
   INV: 633 # Invalidates (from upper level)
   INVX: 0 # Downgrades (from upper level)
   FWD: 0 # Forwards (from upper level)
   latGETnl: 43479 # GET request latency on next level
   latGETnet: 0 # GET request latency on network to next level
  l1i-18: # Filter cache stats
   fhGETS: 6490348 # Filtered GETS hits
   fhGETX: 0 # Filtered GETX hits
   hGETS: 11113 # GETS hits
   hGETX: 0 # GETX hits
   mGETS: 585 # GETS misses
   mGETXIM: 0 # GETX I->M misses
   mGETXSM: 0 # GETX S->M misses (upgrade misses)
   PUTS: 0 # Clean evictions (from lower level)
   PUTX: 0 # Dirty evictions (from lower level)
   INV: 561 # Invalidates (from upper level)
   INVX: 0 # Downgrades (from upper level)
   FWD: 0 # Forwards (from upper level)
   latGETnl: 27495 # GET request latency on next level
   latGETnet: 0 # GET request latency on network to next level
  l1i-19: # Filter cache stats
   fhGETS: 6491154 # Filtered GETS hits
   fhGETX: 0 # Filtered GETX hits
   hGETS: 11116 # GETS hits
   hGETX: 0 # GETX hits
   mGETS: 589 # GETS misses
   mGETXIM: 0 # GETX I->M misses
   mGETXSM: 0 # GETX S->M misses (upgrade misses)
   PUTS: 0 # Clean evictions (from lower level)
   PUTX: 0 # Dirty evictions (from lower level)
   INV: 565 # Invalidates (from upper level)
   INVX: 0 # Downgrades (from upper level)
   FWD: 0 # Forwards (from upper level)
   latGETnl: 27683 # GET request latency on next level
   latGETnet: 0 # GET request latency on network to next level
  l1i-20: # Filter cache stats
   fhGETS: 6492211 # Filtered GETS hits
   fhGETX: 0 # Filtered GETX hits
   hGETS: 11120 # GETS hits
   hGETX: 0 # GETX hits
   mGETS: 589 # GETS misses
   mGETXIM: 0 # GETX I->M misses
   mGETXSM: 0 # GETX S->M misses (upgrade misses)
   PUTS: 0 # Clean evictions (from lower level)
   PUTX: 0 # Dirty evictions (from lower level)
   INV: 565 # Invalidates (from upper level)
   INVX: 0 # Downgrades (from upper level)
   FWD: 0 # Forwards (from upper level)
   latGETnl: 27683 # GET request latency on next level
   latGETnet: 0 # GET request latency on network to next level
  l1i-21: # Filter cache stats
   fhGETS: 6488417 # Filtered GETS hits
   fhGETX: 0 # Filtered GETX hits
   hGETS: 11112 # GETS hits
   hGETX: 0 # GETX hits
   mGETS: 584 # GETS misses
   mGETXIM: 0 # GETX I->M misses
   mGETXSM: 0 # GETX S->M misses (upgrade misses)
   PUTS: 0 # Clean evictions (from lower level)
   PUTX: 0 # Dirty evictions (from lower level)
   INV: 560 # Invalidates (from upper level)
   INVX: 0 # Downgrades (from upper level)
   FWD: 0 # Forwards (from upper level)
   latGETnl: 27448 # GET request latency on next level
   latGETnet: 0 # GET request latency on network to next level
  l1i-22: # Filter cache stats
   fhGETS: 6490537 # Filtered GETS hits
   fhGETX: 0 # Filtered GETX hits
   hGETS: 11114 # GETS hits
   hGETX: 0 # GETX hits
   mGETS: 584 # GETS misses
   mGETXIM: 0 # GETX I->M misses
   mGETXSM: 0 # GETX S->M misses (upgrade misses)
   PUTS: 0 # Clean evictions (from lower level)
   PUTX: 0 # Dirty evictions (from lower level)
   INV: 560 # Invalidates (from upper level)
   INVX: 0 # Downgrades (from upper level)
   FWD: 0 # Forwards (from upper level)
   latGETnl: 27673 # GET request latency on next level
   latGETnet: 0 # GET request latency on network to next level
  l1i-23: # Filter cache stats
   fhGETS: 0 # Filtered GETS hits
   fhGETX: 0 # Filtered GETX hits
   hGETS: 0 # GETS hits
   hGETX: 0 # GETX hits
   mGETS: 0 # GETS misses
   mGETXIM: 0 # GETX I->M misses
   mGETXSM: 0 # GETX S->M misses (upgrade misses)
   PUTS: 0 # Clean evictions (from lower level)
   PUTX: 0 # Dirty evictions (from lower level)
   INV: 0 # Invalidates (from upper level)
   INVX: 0 # Downgrades (from upper level)
   FWD: 0 # Forwards (from upper level)
   latGETnl: 0 # GET request latency on next level
   latGETnet: 0 # GET request latency on network to next level
 l2: # Cache stats
  l2-0: # Cache stats
   hGETS: 0 # GETS hits
   hGETX: 0 # GETX hits
   mGETS: 250772 # GETS misses
   mGETXIM: 27855 # GETX I->M misses
   mGETXSM: 8 # GETX S->M misses (upgrade misses)
   PUTS: 249574 # Clean evictions (from lower level)
   PUTX: 27765 # Dirty evictions (from lower level)
   INV: 20788 # Invalidates (from upper level)
   INVX: 100 # Downgrades (from upper level)
   FWD: 0 # Forwards (from upper level)
   latGETnl: 72854247 # GET request latency on next level
   latGETnet: 0 # GET request latency on network to next level
  l2-1: # Cache stats
   hGETS: 0 # GETS hits
   hGETX: 0 # GETX hits
   mGETS: 250811 # GETS misses
   mGETXIM: 27839 # GETX I->M misses
   mGETXSM: 6 # GETX S->M misses (upgrade misses)
   PUTS: 249707 # Clean evictions (from lower level)
   PUTX: 27761 # Dirty evictions (from lower level)
   INV: 16288 # Invalidates (from upper level)
   INVX: 23 # Downgrades (from upper level)
   FWD: 0 # Forwards (from upper level)
   latGETnl: 72837433 # GET request latency on next level
   latGETnet: 0 # GET request latency on network to next level
  l2-2: # Cache stats
   hGETS: 0 # GETS hits
   hGETX: 0 # GETX hits
   mGETS: 250627 # GETS misses
   mGETXIM: 27811 # GETX I->M misses
   mGETXSM: 5 # GETX S->M misses (upgrade misses)
   PUTS: 249501 # Clean evictions (from lower level)
   PUTX: 27746 # Dirty evictions (from lower level)
   INV: 17033 # Invalidates (from upper level)
   INVX: 6 # Downgrades (from upper level)
   FWD: 0 # Forwards (from upper level)
   latGETnl: 72779940 # GET request latency on next level
   latGETnet: 0 # GET request latency on network to next level
  l2-3: # Cache stats
   hGETS: 0 # GETS hits
   hGETX: 0 # GETX hits
   mGETS: 250591 # GETS misses
   mGETXIM: 27812 # GETX I->M misses
   mGETXSM: 8 # GETX S->M misses (upgrade misses)
   PUTS: 249482 # Clean evictions (from lower level)
   PUTX: 27735 # Dirty evictions (from lower level)
   INV: 16056 # Invalidates (from upper level)
   INVX: 29 # Downgrades (from upper level)
   FWD: 0 # Forwards (from upper level)
   latGETnl: 72773551 # GET request latency on next level
   latGETnet: 0 # GET request latency on network to next level
  l2-4: # Cache stats
   hGETS: 0 # GETS hits
   hGETX: 0 # GETX hits
   mGETS: 250712 # GETS misses
   mGETXIM: 27827 # GETX I->M misses
   mGETXSM: 8 # GETX S->M misses (upgrade misses)
   PUTS: 249604 # Clean evictions (from lower level)
   PUTX: 27752 # Dirty evictions (from lower level)
   INV: 16094 # Invalidates (from upper level)
   INVX: 20 # Downgrades (from upper level)
   FWD: 0 # Forwards (from upper level)
   latGETnl: 72802167 # GET request latency on next level
   latGETnet: 0 # GET request latency on network to next level
  l2-5: # Cache stats
   hGETS: 0 # GETS hits
   hGETX: 0 # GETX hits
   mGETS: 250665 # GETS misses
   mGETXIM: 27828 # GETX I->M misses
   mGETXSM: 7 # GETX S->M misses (upgrade misses)
   PUTS: 249559 # Clean evictions (from lower level)
   PUTX: 27747 # Dirty evictions (from lower level)
   INV: 17086 # Invalidates (from upper level)
   INVX: 17 # Downgrades (from upper level)
   FWD: 0 # Forwards (from upper level)
   latGETnl: 72786661 # GET request latency on next level
   latGETnet: 0 # GET request latency on network to next level
  l2-6: # Cache stats
   hGETS: 0 # GETS hits
   hGETX: 0 # GETX hits
   mGETS: 250617 # GETS misses
   mGETXIM: 27817 # GETX I->M misses
   mGETXSM: 5 # GETX S->M misses (upgrade misses)
   PUTS: 249542 # Clean evictions (from lower level)
   PUTX: 27745 # Dirty evictions (from lower level)
   INV: 16190 # Invalidates (from upper level)
   INVX: 11 # Downgrades (from upper level)
   FWD: 0 # Forwards (from upper level)
   latGETnl: 72785880 # GET request latency on next level
   latGETnet: 0 # GET request latency on network to next level
  l2-7: # Cache stats
   hGETS: 0 # GETS hits
   hGETX: 0 # GETX hits
   mGETS: 250678 # GETS misses
   mGETXIM: 27825 # GETX I->M misses
   mGETXSM: 7 # GETX S->M misses (upgrade misses)
   PUTS: 249572 # Clean evictions (from lower level)
   PUTX: 27745 # Dirty evictions (from lower level)
   INV: 21642 # Invalidates (from upper level)
   INVX: 18 # Downgrades (from upper level)
   FWD: 0 # Forwards (from upper level)
   latGETnl: 72789872 # GET request latency on next level
   latGETnet: 0 # GET request latency on network to next level
  l2-8: # Cache stats
   hGETS: 0 # GETS hits
   hGETX: 0 # GETX hits
   mGETS: 250696 # GETS misses
   mGETXIM: 27824 # GETX I->M misses
   mGETXSM: 5 # GETX S->M misses (upgrade misses)
   PUTS: 249610 # Clean evictions (from lower level)
   PUTX: 27751 # Dirty evictions (from lower level)
   INV: 18348 # Invalidates (from upper level)
   INVX: 13 # Downgrades (from upper level)
   FWD: 0 # Forwards (from upper level)
   latGETnl: 72804208 # GET request latency on next level
   latGETnet: 0 # GET request latency on network to next level
  l2-9: # Cache stats
   hGETS: 0 # GETS hits
   hGETX: 0 # GETX hits
   mGETS: 250597 # GETS misses
   mGETXIM: 27815 # GETX I->M misses
   mGETXSM: 5 # GETX S->M misses (upgrade misses)
   PUTS: 249521 # Clean evictions (from lower level)
   PUTX: 27743 # Dirty evictions (from lower level)
   INV: 21270 # Invalidates (from upper level)
   INVX: 12 # Downgrades (from upper level)
   FWD: 0 # Forwards (from upper level)
   latGETnl: 72780257 # GET request latency on next level
   latGETnet: 0 # GET request latency on network to next level
  l2-10: # Cache stats
   hGETS: 0 # GETS hits
   hGETX: 0 # GETX hits
   mGETS: 250561 # GETS misses
   mGETXIM: 27808 # GETX I->M misses
   mGETXSM: 6 # GETX S->M misses (upgrade misses)
   PUTS: 249485 # Clean evictions (from lower level)
   PUTX: 27739 # Dirty evictions (from lower level)
   INV: 16145 # Invalidates (from upper level)
   INVX: 11 # Downgrades (from upper level)
   FWD: 0 # Forwards (from upper level)
   latGETnl: 72766722 # GET request latency on next level
   latGETnet: 0 # GET request latency on network to next level
  l2-11: # Cache stats
   hGETS: 0 # GETS hits
   hGETX: 0 # GETX hits
   mGETS: 250615 # GETS misses
   mGETXIM: 27833 # GETX I->M misses
   mGETXSM: 9 # GETX S->M misses (upgrade misses)
   PUTS: 249520 # Clean evictions (from lower level)
   PUTX: 27767 # Dirty evictions (from lower level)
   INV: 25798 # Invalidates (from upper level)
   INVX: 17 # Downgrades (from upper level)
   FWD: 0 # Forwards (from upper level)
   latGETnl: 72783073 # GET request latency on next level
   latGETnet: 0 # GET request latency on network to next level
  l2-12: # Cache stats
   hGETS: 0 # GETS hits
   hGETX: 0 # GETX hits
   mGETS: 250661 # GETS misses
   mGETXIM: 27818 # GETX I->M misses
   mGETXSM: 5 # GETX S->M misses (upgrade misses)
   PUTS: 249578 # Clean evictions (from lower level)
   PUTX: 27748 # Dirty evictions (from lower level)
   INV: 19377 # Invalidates (from upper level)
   INVX: 7 # Downgrades (from upper level)
   FWD: 0 # Forwards (from upper level)
   latGETnl: 72791891 # GET request latency on next level
   latGETnet: 0 # GET request latency on network to next level
  l2-13: # Cache stats
   hGETS: 0 # GETS hits
   hGETX: 0 # GETX hits
   mGETS: 250654 # GETS misses
   mGETXIM: 27821 # GETX I->M misses
   mGETXSM: 5 # GETX S->M misses (upgrade misses)
   PUTS: 249570 # Clean evictions (from lower level)
   PUTX: 27745 # Dirty evictions (from lower level)
   INV: 15933 # Invalidates (from upper level)
   INVX: 8 # Downgrades (from upper level)
   FWD: 0 # Forwards (from upper level)
   latGETnl: 72790042 # GET request latency on next level
   latGETnet: 0 # GET request latency on network to next level
  l2-14: # Cache stats
   hGETS: 0 # GETS hits
   hGETX: 0 # GETX hits
   mGETS: 250700 # GETS misses
   mGETXIM: 27824 # GETX I->M misses
   mGETXSM: 6 # GETX S->M misses (upgrade misses)
   PUTS: 249619 # Clean evictions (from lower level)
   PUTX: 27753 # Dirty evictions (from lower level)
   INV: 16078 # Invalidates (from upper level)
   INVX: 3 # Downgrades (from upper level)
   FWD: 0 # Forwards (from upper level)
   latGETnl: 72802720 # GET request latency on next level
   latGETnet: 0 # GET request latency on network to next level
  l2-15: # Cache stats
   hGETS: 0 # GETS hits
   hGETX: 0 # GETX hits
   mGETS: 250576 # GETS misses
   mGETXIM: 27808 # GETX I->M misses
   mGETXSM: 5 # GETX S->M misses (upgrade misses)
   PUTS: 249489 # Clean evictions (from lower level)
   PUTX: 27739 # Dirty evictions (from lower level)
   INV: 16091 # Invalidates (from upper level)
   INVX: 2 # Downgrades (from upper level)
   FWD: 0 # Forwards (from upper level)
   latGETnl: 72765539 # GET request latency on next level
   latGETnet: 0 # GET request latency on network to next level
  l2-16: # Cache stats
   hGETS: 0 # GETS hits
   hGETX: 0 # GETX hits
   mGETS: 250629 # GETS misses
   mGETXIM: 27813 # GETX I->M misses
   mGETXSM: 5 # GETX S->M misses (upgrade misses)
   PUTS: 249554 # Clean evictions (from lower level)
   PUTX: 27745 # Dirty evictions (from lower level)
   INV: 18757 # Invalidates (from upper level)
   INVX: 9 # Downgrades (from upper level)
   FWD: 0 # Forwards (from upper level)
   latGETnl: 72785066 # GET request latency on next level
   latGETnet: 0 # GET request latency on network to next level
  l2-17: # Cache stats
   hGETS: 0 # GETS hits
   hGETX: 0 # GETX hits
   mGETS: 250388 # GETS misses
   mGETXIM: 27776 # GETX I->M misses
   mGETXSM: 14 # GETX S->M misses (upgrade misses)
   PUTS: 249219 # Clean evictions (from lower level)
   PUTX: 27725 # Dirty evictions (from lower level)
   INV: 16049 # Invalidates (from upper level)
   INVX: 6 # Downgrades (from upper level)
   FWD: 0 # Forwards (from upper level)
   latGETnl: 72698356 # GET request latency on next level
   latGETnet: 0 # GET request latency on network to next level
  l2-18: # Cache stats
   hGETS: 0 # GETS hits
   hGETX: 0 # GETX hits
   mGETS: 250587 # GETS misses
   mGETXIM: 27803 # GETX I->M misses
   mGETXSM: 5 # GETX S->M misses (upgrade misses)
   PUTS: 249503 # Clean evictions (from lower level)
   PUTX: 27739 # Dirty evictions (from lower level)
   INV: 16000 # Invalidates (from upper level)
   INVX: 2 # Downgrades (from upper level)
   FWD: 0 # Forwards (from upper level)
   latGETnl: 72768897 # GET request latency on next level
   latGETnet: 0 # GET request latency on network to next level
  l2-19: # Cache stats
   hGETS: 0 # GETS hits
   hGETX: 0 # GETX hits
   mGETS: 250618 # GETS misses
   mGETXIM: 27814 # GETX I->M misses
   mGETXSM: 6 # GETX S->M misses (upgrade misses)
   PUTS: 249530 # Clean evictions (from lower level)
   PUTX: 27745 # Dirty evictions (from lower level)
   INV: 20802 # Invalidates (from upper level)
   INVX: 1 # Downgrades (from upper level)
   FWD: 0 # Forwards (from upper level)
   latGETnl: 72776366 # GET request latency on next level
   latGETnet: 0 # GET request latency on network to next level
  l2-20: # Cache stats
   hGETS: 0 # GETS hits
   hGETX: 0 # GETX hits
   mGETS: 250657 # GETS misses
   mGETXIM: 27819 # GETX I->M misses
   mGETXSM: 5 # GETX S->M misses (upgrade misses)
   PUTS: 249575 # Clean evictions (from lower level)
   PUTX: 27747 # Dirty evictions (from lower level)
   INV: 15988 # Invalidates (from upper level)
   INVX: 2 # Downgrades (from upper level)
   FWD: 0 # Forwards (from upper level)
   latGETnl: 72788715 # GET request latency on next level
   latGETnet: 0 # GET request latency on network to next level
  l2-21: # Cache stats
   hGETS: 0 # GETS hits
   hGETX: 0 # GETX hits
   mGETS: 250509 # GETS misses
   mGETXIM: 27800 # GETX I->M misses
   mGETXSM: 4 # GETX S->M misses (upgrade misses)
   PUTS: 249430 # Clean evictions (from lower level)
   PUTX: 27731 # Dirty evictions (from lower level)
   INV: 19422 # Invalidates (from upper level)
   INVX: 1 # Downgrades (from upper level)
   FWD: 0 # Forwards (from upper level)
   latGETnl: 72746710 # GET request latency on next level
   latGETnet: 0 # GET request latency on network to next level
  l2-22: # Cache stats
   hGETS: 0 # GETS hits
   hGETX: 0 # GETX hits
   mGETS: 250588 # GETS misses
   mGETXIM: 27811 # GETX I->M misses
   mGETXSM: 6 # GETX S->M misses (upgrade misses)
   PUTS: 249509 # Clean evictions (from lower level)
   PUTX: 27740 # Dirty evictions (from lower level)
   INV: 25401 # Invalidates (from upper level)
   INVX: 2 # Downgrades (from upper level)
   FWD: 0 # Forwards (from upper level)
   latGETnl: 72769520 # GET request latency on next level
   latGETnet: 0 # GET request latency on network to next level
  l2-23: # Cache stats
   hGETS: 0 # GETS hits
   hGETX: 0 # GETX hits
   mGETS: 0 # GETS misses
   mGETXIM: 0 # GETX I->M misses
   mGETXSM: 0 # GETX S->M misses (upgrade misses)
   PUTS: 0 # Clean evictions (from lower level)
   PUTX: 0 # Dirty evictions (from lower level)
   INV: 0 # Invalidates (from upper level)
   INVX: 0 # Downgrades (from upper level)
   FWD: 0 # Forwards (from upper level)
   latGETnl: 0 # GET request latency on next level
   latGETnet: 0 # GET request latency on network to next level
 l3: # Cache stats
  l3-0b0: # Cache stats
   hGETS: 680 # GETS hits
   hGETX: 41 # GETX hits
   mGETS: 239511 # GETS misses
   mGETXIM: 26657 # GETX I->M misses
   mGETXSM: 0 # GETX S->M misses (upgrade misses)
   PUTS: 210145 # Clean evictions (from lower level)
   PUTX: 23769 # Dirty evictions (from lower level)
   INV: 0 # Invalidates (from upper level)
   INVX: 0 # Downgrades (from upper level)
   FWD: 0 # Forwards (from upper level)
   latGETnl: 59887800 # GET request latency on next level
   latGETnet: 0 # GET request latency on network to next level
  l3-0b1: # Cache stats
   hGETS: 682 # GETS hits
   hGETX: 16 # GETX hits
   mGETS: 239518 # GETS misses
   mGETXIM: 26584 # GETX I->M misses
   mGETXSM: 0 # GETX S->M misses (upgrade misses)
   PUTS: 210301 # Clean evictions (from lower level)
   PUTX: 23720 # Dirty evictions (from lower level)
   INV: 0 # Invalidates (from upper level)
   INVX: 0 # Downgrades (from upper level)
   FWD: 0 # Forwards (from upper level)
   latGETnl: 59872950 # GET request latency on next level
   latGETnet: 0 # GET request latency on network to next level
  l3-0b2: # Cache stats
   hGETS: 172 # GETS hits
   hGETX: 34 # GETX hits
   mGETS: 239508 # GETS misses
   mGETXIM: 26625 # GETX I->M misses
   mGETXSM: 0 # GETX S->M misses (upgrade misses)
   PUTS: 209638 # Clean evictions (from lower level)
   PUTX: 23823 # Dirty evictions (from lower level)
   INV: 0 # Invalidates (from upper level)
   INVX: 0 # Downgrades (from upper level)
   FWD: 0 # Forwards (from upper level)
   latGETnl: 59879925 # GET request latency on next level
   latGETnet: 0 # GET request latency on network to next level
  l3-0b3: # Cache stats
   hGETS: 308 # GETS hits
   hGETX: 41 # GETX hits
   mGETS: 239535 # GETS misses
   mGETXIM: 26608 # GETX I->M misses
   mGETXSM: 0 # GETX S->M misses (upgrade misses)
   PUTS: 209848 # Clean evictions (from lower level)
   PUTX: 23797 # Dirty evictions (from lower level)
   INV: 0 # Invalidates (from upper level)
   INVX: 0 # Downgrades (from upper level)
   FWD: 0 # Forwards (from upper level)
   latGETnl: 59882175 # GET request latency on next level
   latGETnet: 0 # GET request latency on network to next level
  l3-0b4: # Cache stats
   hGETS: 277 # GETS hits
   hGETX: 30 # GETX hits
   mGETS: 239517 # GETS misses
   mGETXIM: 26627 # GETX I->M misses
   mGETXSM: 0 # GETX S->M misses (upgrade misses)
   PUTS: 209570 # Clean evictions (from lower level)
   PUTX: 23820 # Dirty evictions (from lower level)
   INV: 0 # Invalidates (from upper level)
   INVX: 0 # Downgrades (from upper level)
   FWD: 0 # Forwards (from upper level)
   latGETnl: 59882400 # GET request latency on next level
   latGETnet: 0 # GET request latency on network to next level
  l3-0b5: # Cache stats
   hGETS: 392 # GETS hits
   hGETX: 24 # GETX hits
   mGETS: 239521 # GETS misses
   mGETXIM: 26596 # GETX I->M misses
   mGETXSM: 0 # GETX S->M misses (upgrade misses)
   PUTS: 210029 # Clean evictions (from lower level)
   PUTX: 23717 # Dirty evictions (from lower level)
   INV: 0 # Invalidates (from upper level)
   INVX: 0 # Downgrades (from upper level)
   FWD: 0 # Forwards (from upper level)
   latGETnl: 59876325 # GET request latency on next level
   latGETnet: 0 # GET request latency on network to next level
  l3-0b6: # Cache stats
   hGETS: 624 # GETS hits
   hGETX: 38 # GETX hits
   mGETS: 239518 # GETS misses
   mGETXIM: 26597 # GETX I->M misses
   mGETXSM: 0 # GETX S->M misses (upgrade misses)
   PUTS: 210111 # Clean evictions (from lower level)
   PUTX: 23702 # Dirty evictions (from lower level)
   INV: 0 # Invalidates (from upper level)
   INVX: 0 # Downgrades (from upper level)
   FWD: 0 # Forwards (from upper level)
   latGETnl: 59875875 # GET request latency on next level
   latGETnet: 0 # GET request latency on network to next level
  l3-0b7: # Cache stats
   hGETS: 662 # GETS hits
   hGETX: 62 # GETX hits
   mGETS: 239527 # GETS misses
   mGETXIM: 26606 # GETX I->M misses
   mGETXSM: 0 # GETX S->M misses (upgrade misses)
   PUTS: 210064 # Clean evictions (from lower level)
   PUTX: 23795 # Dirty evictions (from lower level)
   INV: 0 # Invalidates (from upper level)
   INVX: 0 # Downgrades (from upper level)
   FWD: 0 # Forwards (from upper level)
   latGETnl: 59879925 # GET request latency on next level
   latGETnet: 0 # GET request latency on network to next level
  l3-0b8: # Cache stats
   hGETS: 662 # GETS hits
   hGETX: 25 # GETX hits
   mGETS: 239510 # GETS misses
   mGETXIM: 26615 # GETX I->M misses
   mGETXSM: 0 # GETX S->M misses (upgrade misses)
   PUTS: 209989 # Clean evictions (from lower level)
   PUTX: 23799 # Dirty evictions (from lower level)
   INV: 0 # Invalidates (from upper level)
   INVX: 0 # Downgrades (from upper level)
   FWD: 0 # Forwards (from upper level)
   latGETnl: 59878125 # GET request latency on next level
   latGETnet: 0 # GET request latency on network to next level
  l3-0b9: # Cache stats
   hGETS: 684 # GETS hits
   hGETX: 18 # GETX hits
   mGETS: 239509 # GETS misses
   mGETXIM: 26691 # GETX I->M misses
   mGETXSM: 0 # GETX S->M misses (upgrade misses)
   PUTS: 209874 # Clean evictions (from lower level)
   PUTX: 23798 # Dirty evictions (from lower level)
   INV: 0 # Invalidates (from upper level)
   INVX: 0 # Downgrades (from upper level)
   FWD: 0 # Forwards (from upper level)
   latGETnl: 59895000 # GET request latency on next level
   latGETnet: 0 # GET request latency on network to next level
  l3-0b10: # Cache stats
   hGETS: 1098 # GETS hits
   hGETX: 24 # GETX hits
   mGETS: 239513 # GETS misses
   mGETXIM: 26688 # GETX I->M misses
   mGETXSM: 0 # GETX S->M misses (upgrade misses)
   PUTS: 210377 # Clean evictions (from lower level)
   PUTX: 23767 # Dirty evictions (from lower level)
   INV: 0 # Invalidates (from upper level)
   INVX: 0 # Downgrades (from upper level)
   FWD: 0 # Forwards (from upper level)
   latGETnl: 59895225 # GET request latency on next level
   latGETnet: 0 # GET request latency on network to next level
  l3-0b11: # Cache stats
   hGETS: 629 # GETS hits
   hGETX: 39 # GETX hits
   mGETS: 239512 # GETS misses
   mGETXIM: 26647 # GETX I->M misses
   mGETXSM: 0 # GETX S->M misses (upgrade misses)
   PUTS: 210092 # Clean evictions (from lower level)
   PUTX: 23761 # Dirty evictions (from lower level)
   INV: 0 # Invalidates (from upper level)
   INVX: 0 # Downgrades (from upper level)
   FWD: 0 # Forwards (from upper level)
   latGETnl: 59885775 # GET request latency on next level
   latGETnet: 0 # GET request latency on network to next level
  l3-0b12: # Cache stats
   hGETS: 1029 # GETS hits
   hGETX: 59 # GETX hits
   mGETS: 239511 # GETS misses
   mGETXIM: 26615 # GETX I->M misses
   mGETXSM: 0 # GETX S->M misses (upgrade misses)
   PUTS: 210474 # Clean evictions (from lower level)
   PUTX: 23731 # Dirty evictions (from lower level)
   INV: 0 # Invalidates (from upper level)
   INVX: 0 # Downgrades (from upper level)
   FWD: 0 # Forwards (from upper level)
   latGETnl: 59878350 # GET request latency on next level
   latGETnet: 0 # GET request latency on network to next level
  l3-0b13: # Cache stats
   hGETS: 1000 # GETS hits
   hGETX: 46 # GETX hits
   mGETS: 239521 # GETS misses
   mGETXIM: 26679 # GETX I->M misses
   mGETXSM: 0 # GETX S->M misses (upgrade misses)
   PUTS: 210307 # Clean evictions (from lower level)
   PUTX: 23801 # Dirty evictions (from lower level)
   INV: 0 # Invalidates (from upper level)
   INVX: 0 # Downgrades (from upper level)
   FWD: 0 # Forwards (from upper level)
   latGETnl: 59895000 # GET request latency on next level
   latGETnet: 0 # GET request latency on network to next level
  l3-0b14: # Cache stats
   hGETS: 1087 # GETS hits
   hGETX: 30 # GETX hits
   mGETS: 239517 # GETS misses
   mGETXIM: 26714 # GETX I->M misses
   mGETXSM: 0 # GETX S->M misses (upgrade misses)
   PUTS: 210498 # Clean evictions (from lower level)
   PUTX: 23879 # Dirty evictions (from lower level)
   INV: 0 # Invalidates (from upper level)
   INVX: 0 # Downgrades (from upper level)
   FWD: 0 # Forwards (from upper level)
   latGETnl: 59901975 # GET request latency on next level
   latGETnet: 0 # GET request latency on network to next level
  l3-0b15: # Cache stats
   hGETS: 1041 # GETS hits
   hGETX: 34 # GETX hits
   mGETS: 239516 # GETS misses
   mGETXIM: 26672 # GETX I->M misses
   mGETXSM: 0 # GETX S->M misses (upgrade misses)
   PUTS: 210311 # Clean evictions (from lower level)
   PUTX: 23780 # Dirty evictions (from lower level)
   INV: 0 # Invalidates (from upper level)
   INVX: 0 # Downgrades (from upper level)
   FWD: 0 # Forwards (from upper level)
   latGETnl: 59892300 # GET request latency on next level
   latGETnet: 0 # GET request latency on network to next level
  l3-0b16: # Cache stats
   hGETS: 784 # GETS hits
   hGETX: 49 # GETX hits
   mGETS: 239448 # GETS misses
   mGETXIM: 26620 # GETX I->M misses
   mGETXSM: 0 # GETX S->M misses (upgrade misses)
   PUTS: 210114 # Clean evictions (from lower level)
   PUTX: 23748 # Dirty evictions (from lower level)
   INV: 0 # Invalidates (from upper level)
   INVX: 0 # Downgrades (from upper level)
   FWD: 0 # Forwards (from upper level)
   latGETnl: 59865300 # GET request latency on next level
   latGETnet: 0 # GET request latency on network to next level
  l3-0b17: # Cache stats
   hGETS: 780 # GETS hits
   hGETX: 39 # GETX hits
   mGETS: 239446 # GETS misses
   mGETXIM: 26617 # GETX I->M misses
   mGETXSM: 0 # GETX S->M misses (upgrade misses)
   PUTS: 210200 # Clean evictions (from lower level)
   PUTX: 23759 # Dirty evictions (from lower level)
   INV: 0 # Invalidates (from upper level)
   INVX: 0 # Downgrades (from upper level)
   FWD: 0 # Forwards (from upper level)
   latGETnl: 59864175 # GET request latency on next level
   latGETnet: 0 # GET request latency on network to next level
  l3-0b18: # Cache stats
   hGETS: 655 # GETS hits
   hGETX: 14 # GETX hits
   mGETS: 239434 # GETS misses
   mGETXIM: 26592 # GETX I->M misses
   mGETXSM: 0 # GETX S->M misses (upgrade misses)
   PUTS: 210138 # Clean evictions (from lower level)
   PUTX: 23772 # Dirty evictions (from lower level)
   INV: 0 # Invalidates (from upper level)
   INVX: 0 # Downgrades (from upper level)
   FWD: 0 # Forwards (from upper level)
   latGETnl: 59855850 # GET request latency on next level
   latGETnet: 0 # GET request latency on network to next level
  l3-0b19: # Cache stats
   hGETS: 719 # GETS hits
   hGETX: 42 # GETX hits
   mGETS: 239439 # GETS misses
   mGETXIM: 26646 # GETX I->M misses
   mGETXSM: 0 # GETX S->M misses (upgrade misses)
   PUTS: 210026 # Clean evictions (from lower level)
   PUTX: 23808 # Dirty evictions (from lower level)
   INV: 0 # Invalidates (from upper level)
   INVX: 0 # Downgrades (from upper level)
   FWD: 0 # Forwards (from upper level)
   latGETnl: 59869125 # GET request latency on next level
   latGETnet: 0 # GET request latency on network to next level
  l3-0b20: # Cache stats
   hGETS: 698 # GETS hits
   hGETX: 14 # GETX hits
   mGETS: 239429 # GETS misses
   mGETXIM: 26656 # GETX I->M misses
   mGETXSM: 0 # GETX S->M misses (upgrade misses)
   PUTS: 210149 # Clean evictions (from lower level)
   PUTX: 23770 # Dirty evictions (from lower level)
   INV: 0 # Invalidates (from upper level)
   INVX: 0 # Downgrades (from upper level)
   FWD: 0 # Forwards (from upper level)
   latGETnl: 59869125 # GET request latency on next level
   latGETnet: 0 # GET request latency on network to next level
  l3-0b21: # Cache stats
   hGETS: 671 # GETS hits
   hGETX: 19 # GETX hits
   mGETS: 239422 # GETS misses
   mGETXIM: 26625 # GETX I->M misses
   mGETXSM: 0 # GETX S->M misses (upgrade misses)
   PUTS: 209856 # Clean evictions (from lower level)
   PUTX: 23819 # Dirty evictions (from lower level)
   INV: 0 # Invalidates (from upper level)
   INVX: 0 # Downgrades (from upper level)
   FWD: 0 # Forwards (from upper level)
   latGETnl: 59860575 # GET request latency on next level
   latGETnet: 0 # GET request latency on network to next level
  l3-0b22: # Cache stats
   hGETS: 772 # GETS hits
   hGETX: 13 # GETX hits
   mGETS: 239430 # GETS misses
   mGETXIM: 26580 # GETX I->M misses
   mGETXSM: 0 # GETX S->M misses (upgrade misses)
   PUTS: 210076 # Clean evictions (from lower level)
   PUTX: 23699 # Dirty evictions (from lower level)
   INV: 0 # Invalidates (from upper level)
   INVX: 0 # Downgrades (from upper level)
   FWD: 0 # Forwards (from upper level)
   latGETnl: 59852250 # GET request latency on next level
   latGETnet: 0 # GET request latency on network to next level
  l3-0b23: # Cache stats
   hGETS: 664 # GETS hits
   hGETX: 20 # GETX hits
   mGETS: 239427 # GETS misses
   mGETXIM: 26618 # GETX I->M misses
   mGETXSM: 0 # GETX S->M misses (upgrade misses)
   PUTS: 210176 # Clean evictions (from lower level)
   PUTX: 23792 # Dirty evictions (from lower level)
   INV: 0 # Invalidates (from upper level)
   INVX: 0 # Downgrades (from upper level)
   FWD: 0 # Forwards (from upper level)
   latGETnl: 59860125 # GET request latency on next level
   latGETnet: 0 # GET request latency on network to next level
 mem: # Memory controller stats
  mem-0: # Memory controller stats
   rd: 6360584 # Read requests
   wr: 585527 # Write requests
   rdlat: 3939275915 # Total latency experienced by read requests
   wrlat: 379201302 # Total latency experienced by write requests
 sched: # Scheduler stats
  thCr: 25 # Threads created
  thFn: 25 # Threads finished
  schedEvs: 26 # Schedule events
  waitEvs: 2 # Wait events
  handoffEvs: 1 # Handoff events
  sleepEvs: 1 # Sleep events
  idlePhases: 0 # Phases with no thread active
  idlePeriods: 0 # Periods with no thread active
  occHist: # Occupancy histogram
   0: 0
   1: 36
   2: 0
   3: 2
   4: 2
   5: 1
   6: 1
   7: 0
   8: 1
   9: 0
   10: 0
   11: 0
   12: 1
   13: 0
   14: 1
   15: 0
   16: 0
   17: 1
   18: 0
   19: 0
   20: 1
   21: 0
   22: 0
   23: 33506
   24: 0
  rqSzHist: # Run queue size histogram
   0: 33523
   1: 30
   2: 0
   3: 0
   4: 0
   5: 0
   6: 0
   7: 0
   8: 0
   9: 0
   10: 0
   11: 0
   12: 0
   13: 0
   14: 0
   15: 0
   16: 0
   17: 0
   18: 0
   19: 0
   20: 0
   21: 0
   22: 0
   23: 0
   24: 0
 procCycles: # Per-process unhalted core cycles
  0: 770782027
  1: 0
  2: 0
  3: 0
  4: 0
  5: 0
  6: 0
  7: 0
  8: 0
  9: 0
  10: 0
  11: 0
  12: 0
  13: 0
  14: 0
  15: 0
  16: 0
  17: 0
  18: 0
  19: 0
  20: 0
  21: 0
  22: 0
  23: 0
  24: 0
  25: 0
  26: 0
  27: 0
  28: 0
  29: 0
  30: 0
  31: 0
  32: 0
  33: 0
  34: 0
  35: 0
  36: 0
  37: 0
  38: 0
  39: 0
  40: 0
  41: 0
  42: 0
  43: 0
  44: 0
  45: 0
  46: 0
  47: 0
  48: 0
  49: 0
  50: 0
  51: 0
  52: 0
  53: 0
  54: 0
  55: 0
  56: 0
  57: 0
  58: 0
  59: 0
  60: 0
  61: 0
  62: 0
  63: 0
 procInstrs: # Per-process instructions
  0: 436559509
  1: 0
  2: 0
  3: 0
  4: 0
  5: 0
  6: 0
  7: 0
  8: 0
  9: 0
  10: 0
  11: 0
  12: 0
  13: 0
  14: 0
  15: 0
  16: 0
  17: 0
  18: 0
  19: 0
  20: 0
  21: 0
  22: 0
  23: 0
  24: 0
  25: 0
  26: 0
  27: 0
  28: 0
  29: 0
  30: 0
  31: 0
  32: 0
  33: 0
  34: 0
  35: 0
  36: 0
  37: 0
  38: 0
  39: 0
  40: 0
  41: 0
  42: 0
  43: 0
  44: 0
  45: 0
  46: 0
  47: 0
  48: 0
  49: 0
  50: 0
  51: 0
  52: 0
  53: 0
  54: 0
  55: 0
  56: 0
  57: 0
  58: 0
  59: 0
  60: 0
  61: 0
  62: 0
  63: 0
 heartbeats: # Per-process heartbeats
  0: 0
  1: 0
  2: 0
  3: 0
  4: 0
  5: 0
  6: 0
  7: 0
  8: 0
  9: 0
  10: 0
  11: 0
  12: 0
  13: 0
  14: 0
  15: 0
  16: 0
  17: 0
  18: 0
  19: 0
  20: 0
  21: 0
  22: 0
  23: 0
  24: 0
  25: 0
  26: 0
  27: 0
  28: 0
  29: 0
  30: 0
  31: 0
  32: 0
  33: 0
  34: 0
  35: 0
  36: 0
  37: 0
  38: 0
  39: 0
  40: 0
  41: 0
  42: 0
  43: 0
  44: 0
  45: 0
  46: 0
  47: 0
  48: 0
  49: 0
  50: 0
  51: 0
  52: 0
  53: 0
  54: 0
  55: 0
  56: 0
  57: 0
  58: 0
  59: 0
  60: 0
  61: 0
  62: 0
  63: 0
===
