# zsim stats
===
root: # Stats
 contention: # Contention simulation stats
  domain-0: # Domain stats
   time: 6172044160 # Weave simulation time
 time: # Simulator time breakdown
  init: 3068643545
  bound: 263231240346
  weave: 7716838968
  ff: 459151
 trigger: 20000 # Reason for this stats dump
 phase: 46242 # Simulated phases
 reqCycles: 0 # Requeue Cycles
 skylake: # Core stats
  skylake-0: # Core stats
   cycles: 46242037 # Simulated unhalted cycles
   cCycles: 1575664 # Cycles due to contention stalls
   instrs: 65790661 # Simulated instructions
   uops: 44989313 # issued micro-ops
   bbls: 21546982 # Basic blocks
   approxInstrs: 664810 # Instrs with approx uop decoding
   mispredBranches: 96751 # Mispredicted branches
   IdqNotDelivered: 44666373 # Stalls no uop delivered when no Bkend Stall
   IntMiscRecoveryCycles: 783115 # Stalls waiting machine clears
   uops executed: 45250363 # Executed microoperations
  skylake-1: # Core stats
   cycles: 46218037 # Simulated unhalted cycles
   cCycles: 1575651 # Cycles due to contention stalls
   instrs: 65789863 # Simulated instructions
   uops: 44988242 # issued micro-ops
   bbls: 21546888 # Basic blocks
   approxInstrs: 664806 # Instrs with approx uop decoding
   mispredBranches: 96722 # Mispredicted branches
   IdqNotDelivered: 44642386 # Stalls no uop delivered when no Bkend Stall
   IntMiscRecoveryCycles: 778197 # Stalls waiting machine clears
   uops executed: 45249279 # Executed microoperations
  skylake-2: # Core stats
   cycles: 46214559 # Simulated unhalted cycles
   cCycles: 1575618 # Cycles due to contention stalls
   instrs: 65784825 # Simulated instructions
   uops: 44984558 # issued micro-ops
   bbls: 21545305 # Basic blocks
   approxInstrs: 664762 # Instrs with approx uop decoding
   mispredBranches: 96713 # Mispredicted branches
   IdqNotDelivered: 44638941 # Stalls no uop delivered when no Bkend Stall
   IntMiscRecoveryCycles: 779462 # Stalls waiting machine clears
   uops executed: 45245622 # Executed microoperations
  skylake-3: # Core stats
   cycles: 46216729 # Simulated unhalted cycles
   cCycles: 1575655 # Cycles due to contention stalls
   instrs: 65789320 # Simulated instructions
   uops: 44987746 # issued micro-ops
   bbls: 21546740 # Basic blocks
   approxInstrs: 664803 # Instrs with approx uop decoding
   mispredBranches: 96718 # Mispredicted branches
   IdqNotDelivered: 44641074 # Stalls no uop delivered when no Bkend Stall
   IntMiscRecoveryCycles: 778645 # Stalls waiting machine clears
   uops executed: 45248786 # Executed microoperations
  skylake-4: # Core stats
   cycles: 46215037 # Simulated unhalted cycles
   cCycles: 1575653 # Cycles due to contention stalls
   instrs: 65789583 # Simulated instructions
   uops: 44987930 # issued micro-ops
   bbls: 21546826 # Basic blocks
   approxInstrs: 664804 # Instrs with approx uop decoding
   mispredBranches: 96717 # Mispredicted branches
   IdqNotDelivered: 44639384 # Stalls no uop delivered when no Bkend Stall
   IntMiscRecoveryCycles: 778002 # Stalls waiting machine clears
   uops executed: 45248974 # Executed microoperations
  skylake-5: # Core stats
   cycles: 46214055 # Simulated unhalted cycles
   cCycles: 1575661 # Cycles due to contention stalls
   instrs: 65788364 # Simulated instructions
   uops: 44987107 # issued micro-ops
   bbls: 21546423 # Basic blocks
   approxInstrs: 664799 # Instrs with approx uop decoding
   mispredBranches: 96716 # Mispredicted branches
   IdqNotDelivered: 44638394 # Stalls no uop delivered when no Bkend Stall
   IntMiscRecoveryCycles: 777896 # Stalls waiting machine clears
   uops executed: 45248149 # Executed microoperations
  skylake-6: # Core stats
   cycles: 46213853 # Simulated unhalted cycles
   cCycles: 1575657 # Cycles due to contention stalls
   instrs: 65789012 # Simulated instructions
   uops: 44987227 # issued micro-ops
   bbls: 21546710 # Basic blocks
   approxInstrs: 664800 # Instrs with approx uop decoding
   mispredBranches: 96714 # Mispredicted branches
   IdqNotDelivered: 44638196 # Stalls no uop delivered when no Bkend Stall
   IntMiscRecoveryCycles: 779327 # Stalls waiting machine clears
   uops executed: 45248261 # Executed microoperations
  skylake-7: # Core stats
   cycles: 46213057 # Simulated unhalted cycles
   cCycles: 1575658 # Cycles due to contention stalls
   instrs: 65789012 # Simulated instructions
   uops: 44987227 # issued micro-ops
   bbls: 21546710 # Basic blocks
   approxInstrs: 664800 # Instrs with approx uop decoding
   mispredBranches: 96714 # Mispredicted branches
   IdqNotDelivered: 44637399 # Stalls no uop delivered when no Bkend Stall
   IntMiscRecoveryCycles: 778915 # Stalls waiting machine clears
   uops executed: 45248261 # Executed microoperations
  skylake-8: # Core stats
   cycles: 46213037 # Simulated unhalted cycles
   cCycles: 1575645 # Cycles due to contention stalls
   instrs: 65786870 # Simulated instructions
   uops: 44986075 # issued micro-ops
   bbls: 21545937 # Basic blocks
   approxInstrs: 664778 # Instrs with approx uop decoding
   mispredBranches: 96713 # Mispredicted branches
   IdqNotDelivered: 44637392 # Stalls no uop delivered when no Bkend Stall
   IntMiscRecoveryCycles: 777936 # Stalls waiting machine clears
   uops executed: 45247108 # Executed microoperations
  skylake-9: # Core stats
   cycles: 46212736 # Simulated unhalted cycles
   cCycles: 1575655 # Cycles due to contention stalls
   instrs: 65789005 # Simulated instructions
   uops: 44987217 # issued micro-ops
   bbls: 21546709 # Basic blocks
   approxInstrs: 664800 # Instrs with approx uop decoding
   mispredBranches: 96713 # Mispredicted branches
   IdqNotDelivered: 44637081 # Stalls no uop delivered when no Bkend Stall
   IntMiscRecoveryCycles: 778314 # Stalls waiting machine clears
   uops executed: 45248261 # Executed microoperations
  skylake-10: # Core stats
   cycles: 46212729 # Simulated unhalted cycles
   cCycles: 1575646 # Cycles due to contention stalls
   instrs: 65788697 # Simulated instructions
   uops: 44987005 # issued micro-ops
   bbls: 21546607 # Basic blocks
   approxInstrs: 664798 # Instrs with approx uop decoding
   mispredBranches: 96711 # Mispredicted branches
   IdqNotDelivered: 44637083 # Stalls no uop delivered when no Bkend Stall
   IntMiscRecoveryCycles: 778562 # Stalls waiting machine clears
   uops executed: 45248053 # Executed microoperations
  skylake-11: # Core stats
   cycles: 46212038 # Simulated unhalted cycles
   cCycles: 1575663 # Cycles due to contention stalls
   instrs: 65787939 # Simulated instructions
   uops: 44986702 # issued micro-ops
   bbls: 21546267 # Basic blocks
   approxInstrs: 664789 # Instrs with approx uop decoding
   mispredBranches: 96713 # Mispredicted branches
   IdqNotDelivered: 44636375 # Stalls no uop delivered when no Bkend Stall
   IntMiscRecoveryCycles: 778438 # Stalls waiting machine clears
   uops executed: 45247821 # Executed microoperations
  skylake-12: # Core stats
   cycles: 46212245 # Simulated unhalted cycles
   cCycles: 1575669 # Cycles due to contention stalls
   instrs: 65789013 # Simulated instructions
   uops: 44987228 # issued micro-ops
   bbls: 21546711 # Basic blocks
   approxInstrs: 664800 # Instrs with approx uop decoding
   mispredBranches: 96714 # Mispredicted branches
   IdqNotDelivered: 44636576 # Stalls no uop delivered when no Bkend Stall
   IntMiscRecoveryCycles: 778791 # Stalls waiting machine clears
   uops executed: 45248262 # Executed microoperations
  skylake-13: # Core stats
   cycles: 46212038 # Simulated unhalted cycles
   cCycles: 1575650 # Cycles due to contention stalls
   instrs: 65788638 # Simulated instructions
   uops: 44986949 # issued micro-ops
   bbls: 21546589 # Basic blocks
   approxInstrs: 664797 # Instrs with approx uop decoding
   mispredBranches: 96705 # Mispredicted branches
   IdqNotDelivered: 44636388 # Stalls no uop delivered when no Bkend Stall
   IntMiscRecoveryCycles: 778130 # Stalls waiting machine clears
   uops executed: 45248031 # Executed microoperations
  skylake-14: # Core stats
   cycles: 46211038 # Simulated unhalted cycles
   cCycles: 1575669 # Cycles due to contention stalls
   instrs: 65788460 # Simulated instructions
   uops: 44986847 # issued micro-ops
   bbls: 21546528 # Basic blocks
   approxInstrs: 664798 # Instrs with approx uop decoding
   mispredBranches: 96711 # Mispredicted branches
   IdqNotDelivered: 44635369 # Stalls no uop delivered when no Bkend Stall
   IntMiscRecoveryCycles: 778168 # Stalls waiting machine clears
   uops executed: 45247895 # Executed microoperations
  skylake-15: # Core stats
   cycles: 46211042 # Simulated unhalted cycles
   cCycles: 1575657 # Cycles due to contention stalls
   instrs: 65789005 # Simulated instructions
   uops: 44987217 # issued micro-ops
   bbls: 21546709 # Basic blocks
   approxInstrs: 664800 # Instrs with approx uop decoding
   mispredBranches: 96713 # Mispredicted branches
   IdqNotDelivered: 44635385 # Stalls no uop delivered when no Bkend Stall
   IntMiscRecoveryCycles: 777988 # Stalls waiting machine clears
   uops executed: 45248261 # Executed microoperations
  skylake-16: # Core stats
   cycles: 46211037 # Simulated unhalted cycles
   cCycles: 1575662 # Cycles due to contention stalls
   instrs: 65788877 # Simulated instructions
   uops: 44987125 # issued micro-ops
   bbls: 21546667 # Basic blocks
   approxInstrs: 664798 # Instrs with approx uop decoding
   mispredBranches: 96711 # Mispredicted branches
   IdqNotDelivered: 44635375 # Stalls no uop delivered when no Bkend Stall
   IntMiscRecoveryCycles: 777972 # Stalls waiting machine clears
   uops executed: 45248173 # Executed microoperations
  skylake-17: # Core stats
   cycles: 46211038 # Simulated unhalted cycles
   cCycles: 1575647 # Cycles due to contention stalls
   instrs: 65788012 # Simulated instructions
   uops: 44986538 # issued micro-ops
   bbls: 21546382 # Basic blocks
   approxInstrs: 664793 # Instrs with approx uop decoding
   mispredBranches: 96710 # Mispredicted branches
   IdqNotDelivered: 44635391 # Stalls no uop delivered when no Bkend Stall
   IntMiscRecoveryCycles: 778160 # Stalls waiting machine clears
   uops executed: 45247584 # Executed microoperations
  skylake-18: # Core stats
   cycles: 46210056 # Simulated unhalted cycles
   cCycles: 1575675 # Cycles due to contention stalls
   instrs: 65787046 # Simulated instructions
   uops: 44985882 # issued micro-ops
   bbls: 21546064 # Basic blocks
   approxInstrs: 664786 # Instrs with approx uop decoding
   mispredBranches: 96709 # Mispredicted branches
   IdqNotDelivered: 44634381 # Stalls no uop delivered when no Bkend Stall
   IntMiscRecoveryCycles: 778299 # Stalls waiting machine clears
   uops executed: 45246925 # Executed microoperations
  skylake-19: # Core stats
   cycles: 46210037 # Simulated unhalted cycles
   cCycles: 1575666 # Cycles due to contention stalls
   instrs: 65768458 # Simulated instructions
   uops: 44974571 # issued micro-ops
   bbls: 21539463 # Basic blocks
   approxInstrs: 664549 # Instrs with approx uop decoding
   mispredBranches: 96759 # Mispredicted branches
   IdqNotDelivered: 44634371 # Stalls no uop delivered when no Bkend Stall
   IntMiscRecoveryCycles: 780691 # Stalls waiting machine clears
   uops executed: 45235595 # Executed microoperations
  skylake-20: # Core stats
   cycles: 46210037 # Simulated unhalted cycles
   cCycles: 1575668 # Cycles due to contention stalls
   instrs: 65787346 # Simulated instructions
   uops: 44986082 # issued micro-ops
   bbls: 21546164 # Basic blocks
   approxInstrs: 664786 # Instrs with approx uop decoding
   mispredBranches: 96709 # Mispredicted branches
   IdqNotDelivered: 44634369 # Stalls no uop delivered when no Bkend Stall
   IntMiscRecoveryCycles: 777956 # Stalls waiting machine clears
   uops executed: 45247125 # Executed microoperations
  skylake-21: # Core stats
   cycles: 46210038 # Simulated unhalted cycles
   cCycles: 1575654 # Cycles due to contention stalls
   instrs: 65787100 # Simulated instructions
   uops: 44985918 # issued micro-ops
   bbls: 21546082 # Basic blocks
   approxInstrs: 664786 # Instrs with approx uop decoding
   mispredBranches: 96709 # Mispredicted branches
   IdqNotDelivered: 44634384 # Stalls no uop delivered when no Bkend Stall
   IntMiscRecoveryCycles: 778563 # Stalls waiting machine clears
   uops executed: 45246961 # Executed microoperations
  skylake-22: # Core stats
   cycles: 46208730 # Simulated unhalted cycles
   cCycles: 1575661 # Cycles due to contention stalls
   instrs: 65784233 # Simulated instructions
   uops: 44983987 # issued micro-ops
   bbls: 21545143 # Basic blocks
   approxInstrs: 664750 # Instrs with approx uop decoding
   mispredBranches: 96702 # Mispredicted branches
   IdqNotDelivered: 44633069 # Stalls no uop delivered when no Bkend Stall
   IntMiscRecoveryCycles: 777965 # Stalls waiting machine clears
   uops executed: 45245036 # Executed microoperations
  skylake-23: # Core stats
   cycles: 0 # Simulated unhalted cycles
   cCycles: 0 # Cycles due to contention stalls
   instrs: 0 # Simulated instructions
   uops: 0 # issued micro-ops
   bbls: 0 # Basic blocks
   approxInstrs: 0 # Instrs with approx uop decoding
   mispredBranches: 0 # Mispredicted branches
   IdqNotDelivered: 0 # Stalls no uop delivered when no Bkend Stall
   IntMiscRecoveryCycles: 0 # Stalls waiting machine clears
   uops executed: 0 # Executed microoperations
 l1d: # Cache stats
  l1d-0: # Filter cache stats
   fhGETS: 823238 # Filtered GETS hits
   fhGETX: 408595 # Filtered GETX hits
   hGETS: 7586 # GETS hits
   hGETX: 12502 # GETX hits
   mGETS: 250253 # GETS misses
   mGETXIM: 34185 # GETX I->M misses
   mGETXSM: 6 # GETX S->M misses (upgrade misses)
   PUTS: 0 # Clean evictions (from lower level)
   PUTX: 0 # Dirty evictions (from lower level)
   INV: 95 # Invalidates (from upper level)
   INVX: 99 # Downgrades (from upper level)
   FWD: 0 # Forwards (from upper level)
   latGETnl: 50895818 # GET request latency on next level
   latGETnet: 0 # GET request latency on network to next level
  l1d-1: # Filter cache stats
   fhGETS: 822974 # Filtered GETS hits
   fhGETX: 408417 # Filtered GETX hits
   hGETS: 7504 # GETS hits
   hGETX: 12469 # GETX hits
   mGETS: 250208 # GETS misses
   mGETXIM: 34152 # GETX I->M misses
   mGETXSM: 10 # GETX S->M misses (upgrade misses)
   PUTS: 0 # Clean evictions (from lower level)
   PUTX: 0 # Dirty evictions (from lower level)
   INV: 81 # Invalidates (from upper level)
   INVX: 25 # Downgrades (from upper level)
   FWD: 0 # Forwards (from upper level)
   latGETnl: 50876022 # GET request latency on next level
   latGETnet: 0 # GET request latency on network to next level
  l1d-2: # Filter cache stats
   fhGETS: 821376 # Filtered GETS hits
   fhGETX: 406907 # Filtered GETX hits
   hGETS: 8899 # GETS hits
   hGETX: 13872 # GETX hits
   mGETS: 250186 # GETS misses
   mGETXIM: 34137 # GETX I->M misses
   mGETXSM: 5 # GETX S->M misses (upgrade misses)
   PUTS: 0 # Clean evictions (from lower level)
   PUTX: 0 # Dirty evictions (from lower level)
   INV: 56 # Invalidates (from upper level)
   INVX: 5 # Downgrades (from upper level)
   FWD: 0 # Forwards (from upper level)
   latGETnl: 50870780 # GET request latency on next level
   latGETnet: 0 # GET request latency on network to next level
  l1d-3: # Filter cache stats
   fhGETS: 822904 # Filtered GETS hits
   fhGETX: 408381 # Filtered GETX hits
   hGETS: 7508 # GETS hits
   hGETX: 12462 # GETX hits
   mGETS: 250198 # GETS misses
   mGETXIM: 34151 # GETX I->M misses
   mGETXSM: 7 # GETX S->M misses (upgrade misses)
   PUTS: 0 # Clean evictions (from lower level)
   PUTX: 0 # Dirty evictions (from lower level)
   INV: 72 # Invalidates (from upper level)
   INVX: 33 # Downgrades (from upper level)
   FWD: 0 # Forwards (from upper level)
   latGETnl: 50876324 # GET request latency on next level
   latGETnet: 0 # GET request latency on network to next level
  l1d-4: # Filter cache stats
   fhGETS: 822899 # Filtered GETS hits
   fhGETX: 408372 # Filtered GETX hits
   hGETS: 7513 # GETS hits
   hGETX: 12474 # GETX hits
   mGETS: 250202 # GETS misses
   mGETXIM: 34150 # GETX I->M misses
   mGETXSM: 9 # GETX S->M misses (upgrade misses)
   PUTS: 0 # Clean evictions (from lower level)
   PUTX: 0 # Dirty evictions (from lower level)
   INV: 76 # Invalidates (from upper level)
   INVX: 21 # Downgrades (from upper level)
   FWD: 0 # Forwards (from upper level)
   latGETnl: 50874423 # GET request latency on next level
   latGETnet: 0 # GET request latency on network to next level
  l1d-5: # Filter cache stats
   fhGETS: 822908 # Filtered GETS hits
   fhGETX: 408391 # Filtered GETX hits
   hGETS: 7496 # GETS hits
   hGETX: 12454 # GETX hits
   mGETS: 250200 # GETS misses
   mGETXIM: 34147 # GETX I->M misses
   mGETXSM: 9 # GETX S->M misses (upgrade misses)
   PUTS: 0 # Clean evictions (from lower level)
   PUTX: 0 # Dirty evictions (from lower level)
   INV: 73 # Invalidates (from upper level)
   INVX: 20 # Downgrades (from upper level)
   FWD: 0 # Forwards (from upper level)
   latGETnl: 50873688 # GET request latency on next level
   latGETnet: 0 # GET request latency on network to next level
  l1d-6: # Filter cache stats
   fhGETS: 821337 # Filtered GETS hits
   fhGETX: 406878 # Filtered GETX hits
   hGETS: 8910 # GETS hits
   hGETX: 13867 # GETX hits
   mGETS: 250184 # GETS misses
   mGETXIM: 34140 # GETX I->M misses
   mGETXSM: 5 # GETX S->M misses (upgrade misses)
   PUTS: 0 # Clean evictions (from lower level)
   PUTX: 0 # Dirty evictions (from lower level)
   INV: 57 # Invalidates (from upper level)
   INVX: 11 # Downgrades (from upper level)
   FWD: 0 # Forwards (from upper level)
   latGETnl: 50872009 # GET request latency on next level
   latGETnet: 0 # GET request latency on network to next level
  l1d-7: # Filter cache stats
   fhGETS: 821333 # Filtered GETS hits
   fhGETX: 406883 # Filtered GETX hits
   hGETS: 8914 # GETS hits
   hGETX: 13859 # GETX hits
   mGETS: 250184 # GETS misses
   mGETXIM: 34141 # GETX I->M misses
   mGETXSM: 7 # GETX S->M misses (upgrade misses)
   PUTS: 0 # Clean evictions (from lower level)
   PUTX: 0 # Dirty evictions (from lower level)
   INV: 57 # Invalidates (from upper level)
   INVX: 19 # Downgrades (from upper level)
   FWD: 0 # Forwards (from upper level)
   latGETnl: 50873116 # GET request latency on next level
   latGETnet: 0 # GET request latency on network to next level
  l1d-8: # Filter cache stats
   fhGETS: 822870 # Filtered GETS hits
   fhGETX: 408371 # Filtered GETX hits
   hGETS: 7508 # GETS hits
   hGETX: 12462 # GETX hits
   mGETS: 250193 # GETS misses
   mGETXIM: 34144 # GETX I->M misses
   mGETXSM: 9 # GETX S->M misses (upgrade misses)
   PUTS: 0 # Clean evictions (from lower level)
   PUTX: 0 # Dirty evictions (from lower level)
   INV: 71 # Invalidates (from upper level)
   INVX: 19 # Downgrades (from upper level)
   FWD: 0 # Forwards (from upper level)
   latGETnl: 50872252 # GET request latency on next level
   latGETnet: 0 # GET request latency on network to next level
  l1d-9: # Filter cache stats
   fhGETS: 821337 # Filtered GETS hits
   fhGETX: 406876 # Filtered GETX hits
   hGETS: 8910 # GETS hits
   hGETX: 13869 # GETX hits
   mGETS: 250181 # GETS misses
   mGETXIM: 34139 # GETX I->M misses
   mGETXSM: 5 # GETX S->M misses (upgrade misses)
   PUTS: 0 # Clean evictions (from lower level)
   PUTX: 0 # Dirty evictions (from lower level)
   INV: 56 # Invalidates (from upper level)
   INVX: 12 # Downgrades (from upper level)
   FWD: 0 # Forwards (from upper level)
   latGETnl: 50871669 # GET request latency on next level
   latGETnet: 0 # GET request latency on network to next level
  l1d-10: # Filter cache stats
   fhGETS: 821338 # Filtered GETS hits
   fhGETX: 406874 # Filtered GETX hits
   hGETS: 8898 # GETS hits
   hGETX: 13875 # GETX hits
   mGETS: 250185 # GETS misses
   mGETXIM: 34135 # GETX I->M misses
   mGETXSM: 5 # GETX S->M misses (upgrade misses)
   PUTS: 0 # Clean evictions (from lower level)
   PUTX: 0 # Dirty evictions (from lower level)
   INV: 55 # Invalidates (from upper level)
   INVX: 16 # Downgrades (from upper level)
   FWD: 0 # Forwards (from upper level)
   latGETnl: 50872627 # GET request latency on next level
   latGETnet: 0 # GET request latency on network to next level
  l1d-11: # Filter cache stats
   fhGETS: 822898 # Filtered GETS hits
   fhGETX: 408372 # Filtered GETX hits
   hGETS: 7514 # GETS hits
   hGETX: 12456 # GETX hits
   mGETS: 250197 # GETS misses
   mGETXIM: 34147 # GETX I->M misses
   mGETXSM: 10 # GETX S->M misses (upgrade misses)
   PUTS: 0 # Clean evictions (from lower level)
   PUTX: 0 # Dirty evictions (from lower level)
   INV: 56 # Invalidates (from upper level)
   INVX: 3 # Downgrades (from upper level)
   FWD: 0 # Forwards (from upper level)
   latGETnl: 50873720 # GET request latency on next level
   latGETnet: 0 # GET request latency on network to next level
  l1d-12: # Filter cache stats
   fhGETS: 731495 # Filtered GETS hits
   fhGETX: 310993 # Filtered GETX hits
   hGETS: 98753 # GETS hits
   hGETX: 109748 # GETX hits
   mGETS: 250183 # GETS misses
   mGETXIM: 34143 # GETX I->M misses
   mGETXSM: 6 # GETX S->M misses (upgrade misses)
   PUTS: 0 # Clean evictions (from lower level)
   PUTX: 0 # Dirty evictions (from lower level)
   INV: 58 # Invalidates (from upper level)
   INVX: 2 # Downgrades (from upper level)
   FWD: 0 # Forwards (from upper level)
   latGETnl: 50870614 # GET request latency on next level
   latGETnet: 0 # GET request latency on network to next level
  l1d-13: # Filter cache stats
   fhGETS: 822752 # Filtered GETS hits
   fhGETX: 408297 # Filtered GETX hits
   hGETS: 7484 # GETS hits
   hGETX: 12441 # GETX hits
   mGETS: 250179 # GETS misses
   mGETXIM: 34142 # GETX I->M misses
   mGETXSM: 4 # GETX S->M misses (upgrade misses)
   PUTS: 0 # Clean evictions (from lower level)
   PUTX: 0 # Dirty evictions (from lower level)
   INV: 55 # Invalidates (from upper level)
   INVX: 22 # Downgrades (from upper level)
   FWD: 0 # Forwards (from upper level)
   latGETnl: 50873029 # GET request latency on next level
   latGETnet: 0 # GET request latency on network to next level
  l1d-14: # Filter cache stats
   fhGETS: 822762 # Filtered GETS hits
   fhGETX: 408300 # Filtered GETX hits
   hGETS: 7474 # GETS hits
   hGETX: 12447 # GETX hits
   mGETS: 250185 # GETS misses
   mGETXIM: 34136 # GETX I->M misses
   mGETXSM: 6 # GETX S->M misses (upgrade misses)
   PUTS: 0 # Clean evictions (from lower level)
   PUTX: 0 # Dirty evictions (from lower level)
   INV: 55 # Invalidates (from upper level)
   INVX: 2 # Downgrades (from upper level)
   FWD: 0 # Forwards (from upper level)
   latGETnl: 50870587 # GET request latency on next level
   latGETnet: 0 # GET request latency on network to next level
  l1d-15: # Filter cache stats
   fhGETS: 821349 # Filtered GETS hits
   fhGETX: 406881 # Filtered GETX hits
   hGETS: 8897 # GETS hits
   hGETX: 13863 # GETX hits
   mGETS: 250182 # GETS misses
   mGETXIM: 34139 # GETX I->M misses
   mGETXSM: 6 # GETX S->M misses (upgrade misses)
   PUTS: 0 # Clean evictions (from lower level)
   PUTX: 0 # Dirty evictions (from lower level)
   INV: 56 # Invalidates (from upper level)
   INVX: 2 # Downgrades (from upper level)
   FWD: 0 # Forwards (from upper level)
   latGETnl: 50870059 # GET request latency on next level
   latGETnet: 0 # GET request latency on network to next level
  l1d-16: # Filter cache stats
   fhGETS: 731482 # Filtered GETS hits
   fhGETX: 310988 # Filtered GETX hits
   hGETS: 98759 # GETS hits
   hGETX: 109753 # GETX hits
   mGETS: 250180 # GETS misses
   mGETXIM: 34142 # GETX I->M misses
   mGETXSM: 6 # GETX S->M misses (upgrade misses)
   PUTS: 0 # Clean evictions (from lower level)
   PUTX: 0 # Dirty evictions (from lower level)
   INV: 57 # Invalidates (from upper level)
   INVX: 2 # Downgrades (from upper level)
   FWD: 0 # Forwards (from upper level)
   latGETnl: 50869974 # GET request latency on next level
   latGETnet: 0 # GET request latency on network to next level
  l1d-17: # Filter cache stats
   fhGETS: 821335 # Filtered GETS hits
   fhGETX: 406880 # Filtered GETX hits
   hGETS: 8893 # GETS hits
   hGETX: 13863 # GETX hits
   mGETS: 250183 # GETS misses
   mGETXIM: 34136 # GETX I->M misses
   mGETXSM: 6 # GETX S->M misses (upgrade misses)
   PUTS: 0 # Clean evictions (from lower level)
   PUTX: 0 # Dirty evictions (from lower level)
   INV: 55 # Invalidates (from upper level)
   INVX: 2 # Downgrades (from upper level)
   FWD: 0 # Forwards (from upper level)
   latGETnl: 50870229 # GET request latency on next level
   latGETnet: 0 # GET request latency on network to next level
  l1d-18: # Filter cache stats
   fhGETS: 822726 # Filtered GETS hits
   fhGETX: 408285 # Filtered GETX hits
   hGETS: 7496 # GETS hits
   hGETX: 12450 # GETX hits
   mGETS: 250178 # GETS misses
   mGETXIM: 34139 # GETX I->M misses
   mGETXSM: 6 # GETX S->M misses (upgrade misses)
   PUTS: 0 # Clean evictions (from lower level)
   PUTX: 0 # Dirty evictions (from lower level)
   INV: 55 # Invalidates (from upper level)
   INVX: 2 # Downgrades (from upper level)
   FWD: 0 # Forwards (from upper level)
   latGETnl: 50869739 # GET request latency on next level
   latGETnet: 0 # GET request latency on network to next level
  l1d-19: # Filter cache stats
   fhGETS: 822040 # Filtered GETS hits
   fhGETX: 407153 # Filtered GETX hits
   hGETS: 9139 # GETS hits
   hGETX: 13926 # GETX hits
   mGETS: 250152 # GETS misses
   mGETXIM: 34130 # GETX I->M misses
   mGETXSM: 9 # GETX S->M misses (upgrade misses)
   PUTS: 0 # Clean evictions (from lower level)
   PUTX: 0 # Dirty evictions (from lower level)
   INV: 55 # Invalidates (from upper level)
   INVX: 3 # Downgrades (from upper level)
   FWD: 0 # Forwards (from upper level)
   latGETnl: 50861387 # GET request latency on next level
   latGETnet: 0 # GET request latency on network to next level
  l1d-20: # Filter cache stats
   fhGETS: 821326 # Filtered GETS hits
   fhGETX: 406872 # Filtered GETX hits
   hGETS: 8895 # GETS hits
   hGETX: 13865 # GETX hits
   mGETS: 250179 # GETS misses
   mGETXIM: 34137 # GETX I->M misses
   mGETXSM: 6 # GETX S->M misses (upgrade misses)
   PUTS: 0 # Clean evictions (from lower level)
   PUTX: 0 # Dirty evictions (from lower level)
   INV: 55 # Invalidates (from upper level)
   INVX: 2 # Downgrades (from upper level)
   FWD: 0 # Forwards (from upper level)
   latGETnl: 50869428 # GET request latency on next level
   latGETnet: 0 # GET request latency on network to next level
  l1d-21: # Filter cache stats
   fhGETS: 822747 # Filtered GETS hits
   fhGETX: 408292 # Filtered GETX hits
   hGETS: 7474 # GETS hits
   hGETX: 12442 # GETX hits
   mGETS: 250179 # GETS misses
   mGETXIM: 34140 # GETX I->M misses
   mGETXSM: 6 # GETX S->M misses (upgrade misses)
   PUTS: 0 # Clean evictions (from lower level)
   PUTX: 0 # Dirty evictions (from lower level)
   INV: 57 # Invalidates (from upper level)
   INVX: 2 # Downgrades (from upper level)
   FWD: 0 # Forwards (from upper level)
   latGETnl: 50869701 # GET request latency on next level
   latGETnet: 0 # GET request latency on network to next level
  l1d-22: # Filter cache stats
   fhGETS: 822725 # Filtered GETS hits
   fhGETX: 408285 # Filtered GETX hits
   hGETS: 7470 # GETS hits
   hGETX: 12426 # GETX hits
   mGETS: 250167 # GETS misses
   mGETXIM: 34147 # GETX I->M misses
   mGETXSM: 8 # GETX S->M misses (upgrade misses)
   PUTS: 0 # Clean evictions (from lower level)
   PUTX: 0 # Dirty evictions (from lower level)
   INV: 64 # Invalidates (from upper level)
   INVX: 7 # Downgrades (from upper level)
   FWD: 0 # Forwards (from upper level)
   latGETnl: 50867768 # GET request latency on next level
   latGETnet: 0 # GET request latency on network to next level
  l1d-23: # Filter cache stats
   fhGETS: 0 # Filtered GETS hits
   fhGETX: 0 # Filtered GETX hits
   hGETS: 0 # GETS hits
   hGETX: 0 # GETX hits
   mGETS: 0 # GETS misses
   mGETXIM: 0 # GETX I->M misses
   mGETXSM: 0 # GETX S->M misses (upgrade misses)
   PUTS: 0 # Clean evictions (from lower level)
   PUTX: 0 # Dirty evictions (from lower level)
   INV: 0 # Invalidates (from upper level)
   INVX: 0 # Downgrades (from upper level)
   FWD: 0 # Forwards (from upper level)
   latGETnl: 0 # GET request latency on next level
   latGETnet: 0 # GET request latency on network to next level
 l1i: # Cache stats
  l1i-0: # Filter cache stats
   fhGETS: 22029757 # Filtered GETS hits
   fhGETX: 0 # Filtered GETX hits
   hGETS: 79523 # GETS hits
   hGETX: 0 # GETX hits
   mGETS: 668 # GETS misses
   mGETXIM: 0 # GETX I->M misses
   mGETXSM: 0 # GETX S->M misses (upgrade misses)
   PUTS: 0 # Clean evictions (from lower level)
   PUTX: 0 # Dirty evictions (from lower level)
   INV: 645 # Invalidates (from upper level)
   INVX: 0 # Downgrades (from upper level)
   FWD: 0 # Forwards (from upper level)
   latGETnl: 55024 # GET request latency on next level
   latGETnet: 0 # GET request latency on network to next level
  l1i-1: # Filter cache stats
   fhGETS: 22029738 # Filtered GETS hits
   fhGETX: 0 # Filtered GETX hits
   hGETS: 79509 # GETS hits
   hGETX: 0 # GETX hits
   mGETS: 581 # GETS misses
   mGETXIM: 0 # GETX I->M misses
   mGETXSM: 0 # GETX S->M misses (upgrade misses)
   PUTS: 0 # Clean evictions (from lower level)
   PUTX: 0 # Dirty evictions (from lower level)
   INV: 558 # Invalidates (from upper level)
   INVX: 0 # Downgrades (from upper level)
   FWD: 0 # Forwards (from upper level)
   latGETnl: 31135 # GET request latency on next level
   latGETnet: 0 # GET request latency on network to next level
  l1i-2: # Filter cache stats
   fhGETS: 22028076 # Filtered GETS hits
   fhGETX: 0 # Filtered GETX hits
   hGETS: 79491 # GETS hits
   hGETX: 0 # GETX hits
   mGETS: 610 # GETS misses
   mGETXIM: 0 # GETX I->M misses
   mGETXSM: 0 # GETX S->M misses (upgrade misses)
   PUTS: 0 # Clean evictions (from lower level)
   PUTX: 0 # Dirty evictions (from lower level)
   INV: 587 # Invalidates (from upper level)
   INVX: 0 # Downgrades (from upper level)
   FWD: 0 # Forwards (from upper level)
   latGETnl: 34478 # GET request latency on next level
   latGETnet: 0 # GET request latency on network to next level
  l1i-3: # Filter cache stats
   fhGETS: 22029573 # Filtered GETS hits
   fhGETX: 0 # Filtered GETX hits
   hGETS: 79500 # GETS hits
   hGETX: 0 # GETX hits
   mGETS: 590 # GETS misses
   mGETXIM: 0 # GETX I->M misses
   mGETXSM: 0 # GETX S->M misses (upgrade misses)
   PUTS: 0 # Clean evictions (from lower level)
   PUTX: 0 # Dirty evictions (from lower level)
   INV: 568 # Invalidates (from upper level)
   INVX: 0 # Downgrades (from upper level)
   FWD: 0 # Forwards (from upper level)
   latGETnl: 31030 # GET request latency on next level
   latGETnet: 0 # GET request latency on network to next level
  l1i-4: # Filter cache stats
   fhGETS: 22029672 # Filtered GETS hits
   fhGETX: 0 # Filtered GETX hits
   hGETS: 79497 # GETS hits
   hGETX: 0 # GETX hits
   mGETS: 585 # GETS misses
   mGETXIM: 0 # GETX I->M misses
   mGETXSM: 0 # GETX S->M misses (upgrade misses)
   PUTS: 0 # Clean evictions (from lower level)
   PUTX: 0 # Dirty evictions (from lower level)
   INV: 562 # Invalidates (from upper level)
   INVX: 0 # Downgrades (from upper level)
   FWD: 0 # Forwards (from upper level)
   latGETnl: 28155 # GET request latency on next level
   latGETnet: 0 # GET request latency on network to next level
  l1i-5: # Filter cache stats
   fhGETS: 22029254 # Filtered GETS hits
   fhGETX: 0 # Filtered GETX hits
   hGETS: 79495 # GETS hits
   hGETX: 0 # GETX hits
   mGETS: 592 # GETS misses
   mGETXIM: 0 # GETX I->M misses
   mGETXSM: 0 # GETX S->M misses (upgrade misses)
   PUTS: 0 # Clean evictions (from lower level)
   PUTX: 0 # Dirty evictions (from lower level)
   INV: 569 # Invalidates (from upper level)
   INVX: 0 # Downgrades (from upper level)
   FWD: 0 # Forwards (from upper level)
   latGETnl: 27956 # GET request latency on next level
   latGETnet: 0 # GET request latency on network to next level
  l1i-6: # Filter cache stats
   fhGETS: 22029535 # Filtered GETS hits
   fhGETX: 0 # Filtered GETX hits
   hGETS: 79502 # GETS hits
   hGETX: 0 # GETX hits
   mGETS: 572 # GETS misses
   mGETXIM: 0 # GETX I->M misses
   mGETXSM: 0 # GETX S->M misses (upgrade misses)
   PUTS: 0 # Clean evictions (from lower level)
   PUTX: 0 # Dirty evictions (from lower level)
   INV: 546 # Invalidates (from upper level)
   INVX: 0 # Downgrades (from upper level)
   FWD: 0 # Forwards (from upper level)
   latGETnl: 30580 # GET request latency on next level
   latGETnet: 0 # GET request latency on network to next level
  l1i-7: # Filter cache stats
   fhGETS: 22029533 # Filtered GETS hits
   fhGETX: 0 # Filtered GETX hits
   hGETS: 79502 # GETS hits
   hGETX: 0 # GETX hits
   mGETS: 572 # GETS misses
   mGETXIM: 0 # GETX I->M misses
   mGETXSM: 0 # GETX S->M misses (upgrade misses)
   PUTS: 0 # Clean evictions (from lower level)
   PUTX: 0 # Dirty evictions (from lower level)
   INV: 545 # Invalidates (from upper level)
   INVX: 0 # Downgrades (from upper level)
   FWD: 0 # Forwards (from upper level)
   latGETnl: 29392 # GET request latency on next level
   latGETnet: 0 # GET request latency on network to next level
  l1i-8: # Filter cache stats
   fhGETS: 22028769 # Filtered GETS hits
   fhGETX: 0 # Filtered GETX hits
   hGETS: 79481 # GETS hits
   hGETX: 0 # GETX hits
   mGETS: 594 # GETS misses
   mGETXIM: 0 # GETX I->M misses
   mGETXSM: 0 # GETX S->M misses (upgrade misses)
   PUTS: 0 # Clean evictions (from lower level)
   PUTX: 0 # Dirty evictions (from lower level)
   INV: 571 # Invalidates (from upper level)
   INVX: 0 # Downgrades (from upper level)
   FWD: 0 # Forwards (from upper level)
   latGETnl: 27918 # GET request latency on next level
   latGETnet: 0 # GET request latency on network to next level
  l1i-9: # Filter cache stats
   fhGETS: 22029517 # Filtered GETS hits
   fhGETX: 0 # Filtered GETX hits
   hGETS: 79502 # GETS hits
   hGETX: 0 # GETX hits
   mGETS: 572 # GETS misses
   mGETXIM: 0 # GETX I->M misses
   mGETXSM: 0 # GETX S->M misses (upgrade misses)
   PUTS: 0 # Clean evictions (from lower level)
   PUTX: 0 # Dirty evictions (from lower level)
   INV: 548 # Invalidates (from upper level)
   INVX: 0 # Downgrades (from upper level)
   FWD: 0 # Forwards (from upper level)
   latGETnl: 28336 # GET request latency on next level
   latGETnet: 0 # GET request latency on network to next level
  l1i-10: # Filter cache stats
   fhGETS: 22029415 # Filtered GETS hits
   fhGETX: 0 # Filtered GETX hits
   hGETS: 79498 # GETS hits
   hGETX: 0 # GETX hits
   mGETS: 579 # GETS misses
   mGETXIM: 0 # GETX I->M misses
   mGETXSM: 0 # GETX S->M misses (upgrade misses)
   PUTS: 0 # Clean evictions (from lower level)
   PUTX: 0 # Dirty evictions (from lower level)
   INV: 557 # Invalidates (from upper level)
   INVX: 0 # Downgrades (from upper level)
   FWD: 0 # Forwards (from upper level)
   latGETnl: 28533 # GET request latency on next level
   latGETnet: 0 # GET request latency on network to next level
  l1i-11: # Filter cache stats
   fhGETS: 22029028 # Filtered GETS hits
   fhGETX: 0 # Filtered GETX hits
   hGETS: 79588 # GETS hits
   hGETX: 0 # GETX hits
   mGETS: 568 # GETS misses
   mGETXIM: 0 # GETX I->M misses
   mGETXSM: 0 # GETX S->M misses (upgrade misses)
   PUTS: 0 # Clean evictions (from lower level)
   PUTX: 0 # Dirty evictions (from lower level)
   INV: 545 # Invalidates (from upper level)
   INVX: 0 # Downgrades (from upper level)
   FWD: 0 # Forwards (from upper level)
   latGETnl: 27752 # GET request latency on next level
   latGETnet: 0 # GET request latency on network to next level
  l1i-12: # Filter cache stats
   fhGETS: 22029547 # Filtered GETS hits
   fhGETX: 0 # Filtered GETX hits
   hGETS: 79502 # GETS hits
   hGETX: 0 # GETX hits
   mGETS: 580 # GETS misses
   mGETXIM: 0 # GETX I->M misses
   mGETXSM: 0 # GETX S->M misses (upgrade misses)
   PUTS: 0 # Clean evictions (from lower level)
   PUTX: 0 # Dirty evictions (from lower level)
   INV: 551 # Invalidates (from upper level)
   INVX: 0 # Downgrades (from upper level)
   FWD: 0 # Forwards (from upper level)
   latGETnl: 28448 # GET request latency on next level
   latGETnet: 0 # GET request latency on network to next level
  l1i-13: # Filter cache stats
   fhGETS: 22029407 # Filtered GETS hits
   fhGETX: 0 # Filtered GETX hits
   hGETS: 79489 # GETS hits
   hGETX: 0 # GETX hits
   mGETS: 574 # GETS misses
   mGETXIM: 0 # GETX I->M misses
   mGETXSM: 0 # GETX S->M misses (upgrade misses)
   PUTS: 0 # Clean evictions (from lower level)
   PUTX: 0 # Dirty evictions (from lower level)
   INV: 551 # Invalidates (from upper level)
   INVX: 0 # Downgrades (from upper level)
   FWD: 0 # Forwards (from upper level)
   latGETnl: 28562 # GET request latency on next level
   latGETnet: 0 # GET request latency on network to next level
  l1i-14: # Filter cache stats
   fhGETS: 22029359 # Filtered GETS hits
   fhGETX: 0 # Filtered GETX hits
   hGETS: 79494 # GETS hits
   hGETX: 0 # GETX hits
   mGETS: 575 # GETS misses
   mGETXIM: 0 # GETX I->M misses
   mGETXSM: 0 # GETX S->M misses (upgrade misses)
   PUTS: 0 # Clean evictions (from lower level)
   PUTX: 0 # Dirty evictions (from lower level)
   INV: 552 # Invalidates (from upper level)
   INVX: 0 # Downgrades (from upper level)
   FWD: 0 # Forwards (from upper level)
   latGETnl: 27025 # GET request latency on next level
   latGETnet: 0 # GET request latency on network to next level
  l1i-15: # Filter cache stats
   fhGETS: 22029543 # Filtered GETS hits
   fhGETX: 0 # Filtered GETX hits
   hGETS: 79500 # GETS hits
   hGETX: 0 # GETX hits
   mGETS: 572 # GETS misses
   mGETXIM: 0 # GETX I->M misses
   mGETXSM: 0 # GETX S->M misses (upgrade misses)
   PUTS: 0 # Clean evictions (from lower level)
   PUTX: 0 # Dirty evictions (from lower level)
   INV: 548 # Invalidates (from upper level)
   INVX: 0 # Downgrades (from upper level)
   FWD: 0 # Forwards (from upper level)
   latGETnl: 26884 # GET request latency on next level
   latGETnet: 0 # GET request latency on network to next level
  l1i-16: # Filter cache stats
   fhGETS: 22029494 # Filtered GETS hits
   fhGETX: 0 # Filtered GETX hits
   hGETS: 79498 # GETS hits
   hGETX: 0 # GETX hits
   mGETS: 571 # GETS misses
   mGETXIM: 0 # GETX I->M misses
   mGETXSM: 0 # GETX S->M misses (upgrade misses)
   PUTS: 0 # Clean evictions (from lower level)
   PUTX: 0 # Dirty evictions (from lower level)
   INV: 548 # Invalidates (from upper level)
   INVX: 0 # Downgrades (from upper level)
   FWD: 0 # Forwards (from upper level)
   latGETnl: 26837 # GET request latency on next level
   latGETnet: 0 # GET request latency on network to next level
  l1i-17: # Filter cache stats
   fhGETS: 22029204 # Filtered GETS hits
   fhGETX: 0 # Filtered GETX hits
   hGETS: 79495 # GETS hits
   hGETX: 0 # GETX hits
   mGETS: 578 # GETS misses
   mGETXIM: 0 # GETX I->M misses
   mGETXSM: 0 # GETX S->M misses (upgrade misses)
   PUTS: 0 # Clean evictions (from lower level)
   PUTX: 0 # Dirty evictions (from lower level)
   INV: 555 # Invalidates (from upper level)
   INVX: 0 # Downgrades (from upper level)
   FWD: 0 # Forwards (from upper level)
   latGETnl: 27298 # GET request latency on next level
   latGETnet: 0 # GET request latency on network to next level
  l1i-18: # Filter cache stats
   fhGETS: 22028886 # Filtered GETS hits
   fhGETX: 0 # Filtered GETX hits
   hGETS: 79494 # GETS hits
   hGETX: 0 # GETX hits
   mGETS: 576 # GETS misses
   mGETXIM: 0 # GETX I->M misses
   mGETXSM: 0 # GETX S->M misses (upgrade misses)
   PUTS: 0 # Clean evictions (from lower level)
   PUTX: 0 # Dirty evictions (from lower level)
   INV: 553 # Invalidates (from upper level)
   INVX: 0 # Downgrades (from upper level)
   FWD: 0 # Forwards (from upper level)
   latGETnl: 27072 # GET request latency on next level
   latGETnet: 0 # GET request latency on network to next level
  l1i-19: # Filter cache stats
   fhGETS: 22022327 # Filtered GETS hits
   fhGETX: 0 # Filtered GETX hits
   hGETS: 79555 # GETS hits
   hGETX: 0 # GETX hits
   mGETS: 640 # GETS misses
   mGETXIM: 0 # GETX I->M misses
   mGETXSM: 0 # GETX S->M misses (upgrade misses)
   PUTS: 0 # Clean evictions (from lower level)
   PUTX: 0 # Dirty evictions (from lower level)
   INV: 617 # Invalidates (from upper level)
   INVX: 0 # Downgrades (from upper level)
   FWD: 0 # Forwards (from upper level)
   latGETnl: 37340 # GET request latency on next level
   latGETnet: 0 # GET request latency on network to next level
  l1i-20: # Filter cache stats
   fhGETS: 22028984 # Filtered GETS hits
   fhGETX: 0 # Filtered GETX hits
   hGETS: 79494 # GETS hits
   hGETX: 0 # GETX hits
   mGETS: 571 # GETS misses
   mGETXIM: 0 # GETX I->M misses
   mGETXSM: 0 # GETX S->M misses (upgrade misses)
   PUTS: 0 # Clean evictions (from lower level)
   PUTX: 0 # Dirty evictions (from lower level)
   INV: 548 # Invalidates (from upper level)
   INVX: 0 # Downgrades (from upper level)
   FWD: 0 # Forwards (from upper level)
   latGETnl: 26837 # GET request latency on next level
   latGETnet: 0 # GET request latency on network to next level
  l1i-21: # Filter cache stats
   fhGETS: 22028909 # Filtered GETS hits
   fhGETX: 0 # Filtered GETX hits
   hGETS: 79490 # GETS hits
   hGETX: 0 # GETX hits
   mGETS: 575 # GETS misses
   mGETXIM: 0 # GETX I->M misses
   mGETXSM: 0 # GETX S->M misses (upgrade misses)
   PUTS: 0 # Clean evictions (from lower level)
   PUTX: 0 # Dirty evictions (from lower level)
   INV: 552 # Invalidates (from upper level)
   INVX: 0 # Downgrades (from upper level)
   FWD: 0 # Forwards (from upper level)
   latGETnl: 27289 # GET request latency on next level
   latGETnet: 0 # GET request latency on network to next level
  l1i-22: # Filter cache stats
   fhGETS: 22027915 # Filtered GETS hits
   fhGETX: 0 # Filtered GETX hits
   hGETS: 79500 # GETS hits
   hGETX: 0 # GETX hits
   mGETS: 586 # GETS misses
   mGETXIM: 0 # GETX I->M misses
   mGETXSM: 0 # GETX S->M misses (upgrade misses)
   PUTS: 0 # Clean evictions (from lower level)
   PUTX: 0 # Dirty evictions (from lower level)
   INV: 563 # Invalidates (from upper level)
   INVX: 0 # Downgrades (from upper level)
   FWD: 0 # Forwards (from upper level)
   latGETnl: 27674 # GET request latency on next level
   latGETnet: 0 # GET request latency on network to next level
  l1i-23: # Filter cache stats
   fhGETS: 0 # Filtered GETS hits
   fhGETX: 0 # Filtered GETX hits
   hGETS: 0 # GETS hits
   hGETX: 0 # GETX hits
   mGETS: 0 # GETS misses
   mGETXIM: 0 # GETX I->M misses
   mGETXSM: 0 # GETX S->M misses (upgrade misses)
   PUTS: 0 # Clean evictions (from lower level)
   PUTX: 0 # Dirty evictions (from lower level)
   INV: 0 # Invalidates (from upper level)
   INVX: 0 # Downgrades (from upper level)
   FWD: 0 # Forwards (from upper level)
   latGETnl: 0 # GET request latency on next level
   latGETnet: 0 # GET request latency on network to next level
 l2: # Cache stats
  l2-0: # Cache stats
   hGETS: 0 # GETS hits
   hGETX: 0 # GETX hits
   mGETS: 250921 # GETS misses
   mGETXIM: 34185 # GETX I->M misses
   mGETXSM: 6 # GETX S->M misses (upgrade misses)
   PUTS: 249747 # Clean evictions (from lower level)
   PUTX: 34084 # Dirty evictions (from lower level)
   INV: 38286 # Invalidates (from upper level)
   INVX: 99 # Downgrades (from upper level)
   FWD: 0 # Forwards (from upper level)
   latGETnl: 48099722 # GET request latency on next level
   latGETnet: 0 # GET request latency on network to next level
  l2-1: # Cache stats
   hGETS: 0 # GETS hits
   hGETX: 0 # GETX hits
   mGETS: 250789 # GETS misses
   mGETXIM: 34152 # GETX I->M misses
   mGETXSM: 10 # GETX S->M misses (upgrade misses)
   PUTS: 249706 # Clean evictions (from lower level)
   PUTX: 34061 # Dirty evictions (from lower level)
   INV: 17617 # Invalidates (from upper level)
   INVX: 25 # Downgrades (from upper level)
   FWD: 0 # Forwards (from upper level)
   latGETnl: 48057647 # GET request latency on next level
   latGETnet: 0 # GET request latency on network to next level
  l2-2: # Cache stats
   hGETS: 0 # GETS hits
   hGETX: 0 # GETX hits
   mGETS: 250796 # GETS misses
   mGETXIM: 34137 # GETX I->M misses
   mGETXSM: 5 # GETX S->M misses (upgrade misses)
   PUTS: 249691 # Clean evictions (from lower level)
   PUTX: 34064 # Dirty evictions (from lower level)
   INV: 48717 # Invalidates (from upper level)
   INVX: 5 # Downgrades (from upper level)
   FWD: 0 # Forwards (from upper level)
   latGETnl: 48055878 # GET request latency on next level
   latGETnet: 0 # GET request latency on network to next level
  l2-3: # Cache stats
   hGETS: 0 # GETS hits
   hGETX: 0 # GETX hits
   mGETS: 250788 # GETS misses
   mGETXIM: 34151 # GETX I->M misses
   mGETXSM: 7 # GETX S->M misses (upgrade misses)
   PUTS: 249704 # Clean evictions (from lower level)
   PUTX: 34061 # Dirty evictions (from lower level)
   INV: 16680 # Invalidates (from upper level)
   INVX: 33 # Downgrades (from upper level)
   FWD: 0 # Forwards (from upper level)
   latGETnl: 48057894 # GET request latency on next level
   latGETnet: 0 # GET request latency on network to next level
  l2-4: # Cache stats
   hGETS: 0 # GETS hits
   hGETX: 0 # GETX hits
   mGETS: 250787 # GETS misses
   mGETXIM: 34150 # GETX I->M misses
   mGETXSM: 9 # GETX S->M misses (upgrade misses)
   PUTS: 249704 # Clean evictions (from lower level)
   PUTX: 34060 # Dirty evictions (from lower level)
   INV: 16784 # Invalidates (from upper level)
   INVX: 21 # Downgrades (from upper level)
   FWD: 0 # Forwards (from upper level)
   latGETnl: 48053118 # GET request latency on next level
   latGETnet: 0 # GET request latency on network to next level
  l2-5: # Cache stats
   hGETS: 0 # GETS hits
   hGETX: 0 # GETX hits
   mGETS: 250792 # GETS misses
   mGETXIM: 34147 # GETX I->M misses
   mGETXSM: 9 # GETX S->M misses (upgrade misses)
   PUTS: 249701 # Clean evictions (from lower level)
   PUTX: 34061 # Dirty evictions (from lower level)
   INV: 17014 # Invalidates (from upper level)
   INVX: 20 # Downgrades (from upper level)
   FWD: 0 # Forwards (from upper level)
   latGETnl: 48052164 # GET request latency on next level
   latGETnet: 0 # GET request latency on network to next level
  l2-6: # Cache stats
   hGETS: 0 # GETS hits
   hGETX: 0 # GETX hits
   mGETS: 250756 # GETS misses
   mGETXIM: 34140 # GETX I->M misses
   mGETXSM: 5 # GETX S->M misses (upgrade misses)
   PUTS: 249696 # Clean evictions (from lower level)
   PUTX: 34059 # Dirty evictions (from lower level)
   INV: 17710 # Invalidates (from upper level)
   INVX: 11 # Downgrades (from upper level)
   FWD: 0 # Forwards (from upper level)
   latGETnl: 48053579 # GET request latency on next level
   latGETnet: 0 # GET request latency on network to next level
  l2-7: # Cache stats
   hGETS: 0 # GETS hits
   hGETX: 0 # GETX hits
   mGETS: 250756 # GETS misses
   mGETXIM: 34141 # GETX I->M misses
   mGETXSM: 7 # GETX S->M misses (upgrade misses)
   PUTS: 249694 # Clean evictions (from lower level)
   PUTX: 34062 # Dirty evictions (from lower level)
   INV: 25390 # Invalidates (from upper level)
   INVX: 19 # Downgrades (from upper level)
   FWD: 0 # Forwards (from upper level)
   latGETnl: 48053468 # GET request latency on next level
   latGETnet: 0 # GET request latency on network to next level
  l2-8: # Cache stats
   hGETS: 0 # GETS hits
   hGETX: 0 # GETX hits
   mGETS: 250787 # GETS misses
   mGETXIM: 34144 # GETX I->M misses
   mGETXSM: 9 # GETX S->M misses (upgrade misses)
   PUTS: 249693 # Clean evictions (from lower level)
   PUTX: 34061 # Dirty evictions (from lower level)
   INV: 39142 # Invalidates (from upper level)
   INVX: 19 # Downgrades (from upper level)
   FWD: 0 # Forwards (from upper level)
   latGETnl: 48050770 # GET request latency on next level
   latGETnet: 0 # GET request latency on network to next level
  l2-9: # Cache stats
   hGETS: 0 # GETS hits
   hGETX: 0 # GETX hits
   mGETS: 250753 # GETS misses
   mGETXIM: 34139 # GETX I->M misses
   mGETXSM: 5 # GETX S->M misses (upgrade misses)
   PUTS: 249693 # Clean evictions (from lower level)
   PUTX: 34059 # Dirty evictions (from lower level)
   INV: 16781 # Invalidates (from upper level)
   INVX: 12 # Downgrades (from upper level)
   FWD: 0 # Forwards (from upper level)
   latGETnl: 48051035 # GET request latency on next level
   latGETnet: 0 # GET request latency on network to next level
  l2-10: # Cache stats
   hGETS: 0 # GETS hits
   hGETX: 0 # GETX hits
   mGETS: 250764 # GETS misses
   mGETXIM: 34135 # GETX I->M misses
   mGETXSM: 5 # GETX S->M misses (upgrade misses)
   PUTS: 249694 # Clean evictions (from lower level)
   PUTX: 34059 # Dirty evictions (from lower level)
   INV: 37242 # Invalidates (from upper level)
   INVX: 16 # Downgrades (from upper level)
   FWD: 0 # Forwards (from upper level)
   latGETnl: 48052120 # GET request latency on next level
   latGETnet: 0 # GET request latency on network to next level
  l2-11: # Cache stats
   hGETS: 0 # GETS hits
   hGETX: 0 # GETX hits
   mGETS: 250765 # GETS misses
   mGETXIM: 34147 # GETX I->M misses
   mGETXSM: 10 # GETX S->M misses (upgrade misses)
   PUTS: 249695 # Clean evictions (from lower level)
   PUTX: 34081 # Dirty evictions (from lower level)
   INV: 48994 # Invalidates (from upper level)
   INVX: 3 # Downgrades (from upper level)
   FWD: 0 # Forwards (from upper level)
   latGETnl: 48052252 # GET request latency on next level
   latGETnet: 0 # GET request latency on network to next level
  l2-12: # Cache stats
   hGETS: 0 # GETS hits
   hGETX: 0 # GETX hits
   mGETS: 250763 # GETS misses
   mGETXIM: 34143 # GETX I->M misses
   mGETXSM: 6 # GETX S->M misses (upgrade misses)
   PUTS: 249696 # Clean evictions (from lower level)
   PUTX: 34060 # Dirty evictions (from lower level)
   INV: 16576 # Invalidates (from upper level)
   INVX: 2 # Downgrades (from upper level)
   FWD: 0 # Forwards (from upper level)
   latGETnl: 48049942 # GET request latency on next level
   latGETnet: 0 # GET request latency on network to next level
  l2-13: # Cache stats
   hGETS: 0 # GETS hits
   hGETX: 0 # GETX hits
   mGETS: 250753 # GETS misses
   mGETXIM: 34142 # GETX I->M misses
   mGETXSM: 4 # GETX S->M misses (upgrade misses)
   PUTS: 249694 # Clean evictions (from lower level)
   PUTX: 34060 # Dirty evictions (from lower level)
   INV: 16853 # Invalidates (from upper level)
   INVX: 22 # Downgrades (from upper level)
   FWD: 0 # Forwards (from upper level)
   latGETnl: 48052601 # GET request latency on next level
   latGETnet: 0 # GET request latency on network to next level
  l2-14: # Cache stats
   hGETS: 0 # GETS hits
   hGETX: 0 # GETX hits
   mGETS: 250760 # GETS misses
   mGETXIM: 34136 # GETX I->M misses
   mGETXSM: 6 # GETX S->M misses (upgrade misses)
   PUTS: 249693 # Clean evictions (from lower level)
   PUTX: 34061 # Dirty evictions (from lower level)
   INV: 36265 # Invalidates (from upper level)
   INVX: 2 # Downgrades (from upper level)
   FWD: 0 # Forwards (from upper level)
   latGETnl: 48048592 # GET request latency on next level
   latGETnet: 0 # GET request latency on network to next level
  l2-15: # Cache stats
   hGETS: 0 # GETS hits
   hGETX: 0 # GETX hits
   mGETS: 250754 # GETS misses
   mGETXIM: 34139 # GETX I->M misses
   mGETXSM: 6 # GETX S->M misses (upgrade misses)
   PUTS: 249692 # Clean evictions (from lower level)
   PUTX: 34061 # Dirty evictions (from lower level)
   INV: 27774 # Invalidates (from upper level)
   INVX: 2 # Downgrades (from upper level)
   FWD: 0 # Forwards (from upper level)
   latGETnl: 48047953 # GET request latency on next level
   latGETnet: 0 # GET request latency on network to next level
  l2-16: # Cache stats
   hGETS: 0 # GETS hits
   hGETX: 0 # GETX hits
   mGETS: 250751 # GETS misses
   mGETXIM: 34142 # GETX I->M misses
   mGETXSM: 6 # GETX S->M misses (upgrade misses)
   PUTS: 249693 # Clean evictions (from lower level)
   PUTX: 34060 # Dirty evictions (from lower level)
   INV: 16919 # Invalidates (from upper level)
   INVX: 2 # Downgrades (from upper level)
   FWD: 0 # Forwards (from upper level)
   latGETnl: 48047821 # GET request latency on next level
   latGETnet: 0 # GET request latency on network to next level
  l2-17: # Cache stats
   hGETS: 0 # GETS hits
   hGETX: 0 # GETX hits
   mGETS: 250761 # GETS misses
   mGETXIM: 34136 # GETX I->M misses
   mGETXSM: 6 # GETX S->M misses (upgrade misses)
   PUTS: 249690 # Clean evictions (from lower level)
   PUTX: 34062 # Dirty evictions (from lower level)
   INV: 16978 # Invalidates (from upper level)
   INVX: 2 # Downgrades (from upper level)
   FWD: 0 # Forwards (from upper level)
   latGETnl: 48048497 # GET request latency on next level
   latGETnet: 0 # GET request latency on network to next level
  l2-18: # Cache stats
   hGETS: 0 # GETS hits
   hGETX: 0 # GETX hits
   mGETS: 250754 # GETS misses
   mGETXIM: 34139 # GETX I->M misses
   mGETXSM: 6 # GETX S->M misses (upgrade misses)
   PUTS: 249690 # Clean evictions (from lower level)
   PUTX: 34060 # Dirty evictions (from lower level)
   INV: 16967 # Invalidates (from upper level)
   INVX: 2 # Downgrades (from upper level)
   FWD: 0 # Forwards (from upper level)
   latGETnl: 48047821 # GET request latency on next level
   latGETnet: 0 # GET request latency on network to next level
  l2-19: # Cache stats
   hGETS: 0 # GETS hits
   hGETX: 0 # GETX hits
   mGETS: 250792 # GETS misses
   mGETXIM: 34130 # GETX I->M misses
   mGETXSM: 9 # GETX S->M misses (upgrade misses)
   PUTS: 249654 # Clean evictions (from lower level)
   PUTX: 34061 # Dirty evictions (from lower level)
   INV: 27467 # Invalidates (from upper level)
   INVX: 3 # Downgrades (from upper level)
   FWD: 0 # Forwards (from upper level)
   latGETnl: 48049417 # GET request latency on next level
   latGETnet: 0 # GET request latency on network to next level
  l2-20: # Cache stats
   hGETS: 0 # GETS hits
   hGETX: 0 # GETX hits
   mGETS: 250750 # GETS misses
   mGETXIM: 34137 # GETX I->M misses
   mGETXSM: 6 # GETX S->M misses (upgrade misses)
   PUTS: 249689 # Clean evictions (from lower level)
   PUTX: 34060 # Dirty evictions (from lower level)
   INV: 16192 # Invalidates (from upper level)
   INVX: 2 # Downgrades (from upper level)
   FWD: 0 # Forwards (from upper level)
   latGETnl: 48047335 # GET request latency on next level
   latGETnet: 0 # GET request latency on network to next level
  l2-21: # Cache stats
   hGETS: 0 # GETS hits
   hGETX: 0 # GETX hits
   mGETS: 250754 # GETS misses
   mGETXIM: 34140 # GETX I->M misses
   mGETXSM: 6 # GETX S->M misses (upgrade misses)
   PUTS: 249690 # Clean evictions (from lower level)
   PUTX: 34060 # Dirty evictions (from lower level)
   INV: 26225 # Invalidates (from upper level)
   INVX: 2 # Downgrades (from upper level)
   FWD: 0 # Forwards (from upper level)
   latGETnl: 48047990 # GET request latency on next level
   latGETnet: 0 # GET request latency on network to next level
  l2-22: # Cache stats
   hGETS: 0 # GETS hits
   hGETX: 0 # GETX hits
   mGETS: 250753 # GETS misses
   mGETXIM: 34147 # GETX I->M misses
   mGETXSM: 8 # GETX S->M misses (upgrade misses)
   PUTS: 249681 # Clean evictions (from lower level)
   PUTX: 34057 # Dirty evictions (from lower level)
   INV: 17214 # Invalidates (from upper level)
   INVX: 7 # Downgrades (from upper level)
   FWD: 0 # Forwards (from upper level)
   latGETnl: 48046362 # GET request latency on next level
   latGETnet: 0 # GET request latency on network to next level
  l2-23: # Cache stats
   hGETS: 0 # GETS hits
   hGETX: 0 # GETX hits
   mGETS: 0 # GETS misses
   mGETXIM: 0 # GETX I->M misses
   mGETXSM: 0 # GETX S->M misses (upgrade misses)
   PUTS: 0 # Clean evictions (from lower level)
   PUTX: 0 # Dirty evictions (from lower level)
   INV: 0 # Invalidates (from upper level)
   INVX: 0 # Downgrades (from upper level)
   FWD: 0 # Forwards (from upper level)
   latGETnl: 0 # GET request latency on next level
   latGETnet: 0 # GET request latency on network to next level
 l3: # Cache stats
  l3-0b0: # Cache stats
   hGETS: 669 # GETS hits
   hGETX: 13 # GETX hits
   mGETS: 239654 # GETS misses
   mGETXIM: 32509 # GETX I->M misses
   mGETXSM: 0 # GETX S->M misses (upgrade misses)
   PUTS: 206141 # Clean evictions (from lower level)
   PUTX: 27779 # Dirty evictions (from lower level)
   INV: 0 # Invalidates (from upper level)
   INVX: 0 # Downgrades (from upper level)
   FWD: 0 # Forwards (from upper level)
   latGETnl: 35925516 # GET request latency on next level
   latGETnet: 0 # GET request latency on network to next level
  l3-0b1: # Cache stats
   hGETS: 668 # GETS hits
   hGETX: 21 # GETX hits
   mGETS: 239660 # GETS misses
   mGETXIM: 32635 # GETX I->M misses
   mGETXSM: 0 # GETX S->M misses (upgrade misses)
   PUTS: 205856 # Clean evictions (from lower level)
   PUTX: 27778 # Dirty evictions (from lower level)
   INV: 0 # Invalidates (from upper level)
   INVX: 0 # Downgrades (from upper level)
   FWD: 0 # Forwards (from upper level)
   latGETnl: 35942940 # GET request latency on next level
   latGETnet: 0 # GET request latency on network to next level
  l3-0b2: # Cache stats
   hGETS: 618 # GETS hits
   hGETX: 20 # GETX hits
   mGETS: 239654 # GETS misses
   mGETXIM: 32574 # GETX I->M misses
   mGETXSM: 0 # GETX S->M misses (upgrade misses)
   PUTS: 205810 # Clean evictions (from lower level)
   PUTX: 27749 # Dirty evictions (from lower level)
   INV: 0 # Invalidates (from upper level)
   INVX: 0 # Downgrades (from upper level)
   FWD: 0 # Forwards (from upper level)
   latGETnl: 35934096 # GET request latency on next level
   latGETnet: 0 # GET request latency on network to next level
  l3-0b3: # Cache stats
   hGETS: 736 # GETS hits
   hGETX: 4 # GETX hits
   mGETS: 239655 # GETS misses
   mGETXIM: 32523 # GETX I->M misses
   mGETXSM: 0 # GETX S->M misses (upgrade misses)
   PUTS: 206322 # Clean evictions (from lower level)
   PUTX: 27766 # Dirty evictions (from lower level)
   INV: 0 # Invalidates (from upper level)
   INVX: 0 # Downgrades (from upper level)
   FWD: 0 # Forwards (from upper level)
   latGETnl: 35927496 # GET request latency on next level
   latGETnet: 0 # GET request latency on network to next level
  l3-0b4: # Cache stats
   hGETS: 643 # GETS hits
   hGETX: 0 # GETX hits
   mGETS: 239648 # GETS misses
   mGETXIM: 32491 # GETX I->M misses
   mGETXSM: 0 # GETX S->M misses (upgrade misses)
   PUTS: 206104 # Clean evictions (from lower level)
   PUTX: 27719 # Dirty evictions (from lower level)
   INV: 0 # Invalidates (from upper level)
   INVX: 0 # Downgrades (from upper level)
   FWD: 0 # Forwards (from upper level)
   latGETnl: 35922348 # GET request latency on next level
   latGETnet: 0 # GET request latency on network to next level
  l3-0b5: # Cache stats
   hGETS: 726 # GETS hits
   hGETX: 11 # GETX hits
   mGETS: 239656 # GETS misses
   mGETXIM: 32580 # GETX I->M misses
   mGETXSM: 0 # GETX S->M misses (upgrade misses)
   PUTS: 206170 # Clean evictions (from lower level)
   PUTX: 27763 # Dirty evictions (from lower level)
   INV: 0 # Invalidates (from upper level)
   INVX: 0 # Downgrades (from upper level)
   FWD: 0 # Forwards (from upper level)
   latGETnl: 35935152 # GET request latency on next level
   latGETnet: 0 # GET request latency on network to next level
  l3-0b6: # Cache stats
   hGETS: 227 # GETS hits
   hGETX: 58 # GETX hits
   mGETS: 239658 # GETS misses
   mGETXIM: 32520 # GETX I->M misses
   mGETXSM: 0 # GETX S->M misses (upgrade misses)
   PUTS: 205450 # Clean evictions (from lower level)
   PUTX: 27743 # Dirty evictions (from lower level)
   INV: 0 # Invalidates (from upper level)
   INVX: 0 # Downgrades (from upper level)
   FWD: 0 # Forwards (from upper level)
   latGETnl: 35927496 # GET request latency on next level
   latGETnet: 0 # GET request latency on network to next level
  l3-0b7: # Cache stats
   hGETS: 611 # GETS hits
   hGETX: 46 # GETX hits
   mGETS: 239663 # GETS misses
   mGETXIM: 32453 # GETX I->M misses
   mGETXSM: 0 # GETX S->M misses (upgrade misses)
   PUTS: 206158 # Clean evictions (from lower level)
   PUTX: 27746 # Dirty evictions (from lower level)
   INV: 0 # Invalidates (from upper level)
   INVX: 0 # Downgrades (from upper level)
   FWD: 0 # Forwards (from upper level)
   latGETnl: 35919312 # GET request latency on next level
   latGETnet: 0 # GET request latency on network to next level
  l3-0b8: # Cache stats
   hGETS: 184 # GETS hits
   hGETX: 0 # GETX hits
   mGETS: 239647 # GETS misses
   mGETXIM: 32629 # GETX I->M misses
   mGETXSM: 0 # GETX S->M misses (upgrade misses)
   PUTS: 205660 # Clean evictions (from lower level)
   PUTX: 27977 # Dirty evictions (from lower level)
   INV: 0 # Invalidates (from upper level)
   INVX: 0 # Downgrades (from upper level)
   FWD: 0 # Forwards (from upper level)
   latGETnl: 35940432 # GET request latency on next level
   latGETnet: 0 # GET request latency on network to next level
  l3-0b9: # Cache stats
   hGETS: 182 # GETS hits
   hGETX: 4 # GETX hits
   mGETS: 239653 # GETS misses
   mGETXIM: 32727 # GETX I->M misses
   mGETXSM: 0 # GETX S->M misses (upgrade misses)
   PUTS: 205532 # Clean evictions (from lower level)
   PUTX: 27905 # Dirty evictions (from lower level)
   INV: 0 # Invalidates (from upper level)
   INVX: 0 # Downgrades (from upper level)
   FWD: 0 # Forwards (from upper level)
   latGETnl: 35954160 # GET request latency on next level
   latGETnet: 0 # GET request latency on network to next level
  l3-0b10: # Cache stats
   hGETS: 1054 # GETS hits
   hGETX: 69 # GETX hits
   mGETS: 239666 # GETS misses
   mGETXIM: 32772 # GETX I->M misses
   mGETXSM: 0 # GETX S->M misses (upgrade misses)
   PUTS: 206125 # Clean evictions (from lower level)
   PUTX: 28027 # Dirty evictions (from lower level)
   INV: 0 # Invalidates (from upper level)
   INVX: 0 # Downgrades (from upper level)
   FWD: 0 # Forwards (from upper level)
   latGETnl: 35961816 # GET request latency on next level
   latGETnet: 0 # GET request latency on network to next level
  l3-0b11: # Cache stats
   hGETS: 250 # GETS hits
   hGETX: 46 # GETX hits
   mGETS: 239673 # GETS misses
   mGETXIM: 32636 # GETX I->M misses
   mGETXSM: 0 # GETX S->M misses (upgrade misses)
   PUTS: 205755 # Clean evictions (from lower level)
   PUTX: 27961 # Dirty evictions (from lower level)
   INV: 0 # Invalidates (from upper level)
   INVX: 0 # Downgrades (from upper level)
   FWD: 0 # Forwards (from upper level)
   latGETnl: 35944788 # GET request latency on next level
   latGETnet: 0 # GET request latency on network to next level
  l3-0b12: # Cache stats
   hGETS: 1195 # GETS hits
   hGETX: 41 # GETX hits
   mGETS: 239673 # GETS misses
   mGETXIM: 32583 # GETX I->M misses
   mGETXSM: 0 # GETX S->M misses (upgrade misses)
   PUTS: 206669 # Clean evictions (from lower level)
   PUTX: 27925 # Dirty evictions (from lower level)
   INV: 0 # Invalidates (from upper level)
   INVX: 0 # Downgrades (from upper level)
   FWD: 0 # Forwards (from upper level)
   latGETnl: 35937792 # GET request latency on next level
   latGETnet: 0 # GET request latency on network to next level
  l3-0b13: # Cache stats
   hGETS: 637 # GETS hits
   hGETX: 47 # GETX hits
   mGETS: 239683 # GETS misses
   mGETXIM: 32739 # GETX I->M misses
   mGETXSM: 0 # GETX S->M misses (upgrade misses)
   PUTS: 205773 # Clean evictions (from lower level)
   PUTX: 27988 # Dirty evictions (from lower level)
   INV: 0 # Invalidates (from upper level)
   INVX: 0 # Downgrades (from upper level)
   FWD: 0 # Forwards (from upper level)
   latGETnl: 35959704 # GET request latency on next level
   latGETnet: 0 # GET request latency on network to next level
  l3-0b14: # Cache stats
   hGETS: 1033 # GETS hits
   hGETX: 20 # GETX hits
   mGETS: 239654 # GETS misses
   mGETXIM: 32765 # GETX I->M misses
   mGETXSM: 0 # GETX S->M misses (upgrade misses)
   PUTS: 206188 # Clean evictions (from lower level)
   PUTX: 27950 # Dirty evictions (from lower level)
   INV: 0 # Invalidates (from upper level)
   INVX: 0 # Downgrades (from upper level)
   FWD: 0 # Forwards (from upper level)
   latGETnl: 35959308 # GET request latency on next level
   latGETnet: 0 # GET request latency on network to next level
  l3-0b15: # Cache stats
   hGETS: 1094 # GETS hits
   hGETX: 2 # GETX hits
   mGETS: 239657 # GETS misses
   mGETXIM: 32673 # GETX I->M misses
   mGETXSM: 0 # GETX S->M misses (upgrade misses)
   PUTS: 206560 # Clean evictions (from lower level)
   PUTX: 27903 # Dirty evictions (from lower level)
   INV: 0 # Invalidates (from upper level)
   INVX: 0 # Downgrades (from upper level)
   FWD: 0 # Forwards (from upper level)
   latGETnl: 35947560 # GET request latency on next level
   latGETnet: 0 # GET request latency on network to next level
  l3-0b16: # Cache stats
   hGETS: 780 # GETS hits
   hGETX: 39 # GETX hits
   mGETS: 239596 # GETS misses
   mGETXIM: 32854 # GETX I->M misses
   mGETXSM: 0 # GETX S->M misses (upgrade misses)
   PUTS: 206017 # Clean evictions (from lower level)
   PUTX: 28099 # Dirty evictions (from lower level)
   INV: 0 # Invalidates (from upper level)
   INVX: 0 # Downgrades (from upper level)
   FWD: 0 # Forwards (from upper level)
   latGETnl: 35963400 # GET request latency on next level
   latGETnet: 0 # GET request latency on network to next level
  l3-0b17: # Cache stats
   hGETS: 701 # GETS hits
   hGETX: 44 # GETX hits
   mGETS: 239587 # GETS misses
   mGETXIM: 32818 # GETX I->M misses
   mGETXSM: 0 # GETX S->M misses (upgrade misses)
   PUTS: 205794 # Clean evictions (from lower level)
   PUTX: 28061 # Dirty evictions (from lower level)
   INV: 0 # Invalidates (from upper level)
   INVX: 0 # Downgrades (from upper level)
   FWD: 0 # Forwards (from upper level)
   latGETnl: 35957460 # GET request latency on next level
   latGETnet: 0 # GET request latency on network to next level
  l3-0b18: # Cache stats
   hGETS: 709 # GETS hits
   hGETX: 39 # GETX hits
   mGETS: 239587 # GETS misses
   mGETXIM: 32832 # GETX I->M misses
   mGETXSM: 0 # GETX S->M misses (upgrade misses)
   PUTS: 205892 # Clean evictions (from lower level)
   PUTX: 27976 # Dirty evictions (from lower level)
   INV: 0 # Invalidates (from upper level)
   INVX: 0 # Downgrades (from upper level)
   FWD: 0 # Forwards (from upper level)
   latGETnl: 35959308 # GET request latency on next level
   latGETnet: 0 # GET request latency on network to next level
  l3-0b19: # Cache stats
   hGETS: 737 # GETS hits
   hGETX: 65 # GETX hits
   mGETS: 239584 # GETS misses
   mGETXIM: 32827 # GETX I->M misses
   mGETXSM: 0 # GETX S->M misses (upgrade misses)
   PUTS: 205798 # Clean evictions (from lower level)
   PUTX: 28123 # Dirty evictions (from lower level)
   INV: 0 # Invalidates (from upper level)
   INVX: 0 # Downgrades (from upper level)
   FWD: 0 # Forwards (from upper level)
   latGETnl: 35958252 # GET request latency on next level
   latGETnet: 0 # GET request latency on network to next level
  l3-0b20: # Cache stats
   hGETS: 743 # GETS hits
   hGETX: 37 # GETX hits
   mGETS: 239584 # GETS misses
   mGETXIM: 32917 # GETX I->M misses
   mGETXSM: 0 # GETX S->M misses (upgrade misses)
   PUTS: 206083 # Clean evictions (from lower level)
   PUTX: 28144 # Dirty evictions (from lower level)
   INV: 0 # Invalidates (from upper level)
   INVX: 0 # Downgrades (from upper level)
   FWD: 0 # Forwards (from upper level)
   latGETnl: 35970132 # GET request latency on next level
   latGETnet: 0 # GET request latency on network to next level
  l3-0b21: # Cache stats
   hGETS: 728 # GETS hits
   hGETX: 39 # GETX hits
   mGETS: 239592 # GETS misses
   mGETXIM: 32866 # GETX I->M misses
   mGETXSM: 0 # GETX S->M misses (upgrade misses)
   PUTS: 205672 # Clean evictions (from lower level)
   PUTX: 28017 # Dirty evictions (from lower level)
   INV: 0 # Invalidates (from upper level)
   INVX: 0 # Downgrades (from upper level)
   FWD: 0 # Forwards (from upper level)
   latGETnl: 35964456 # GET request latency on next level
   latGETnet: 0 # GET request latency on network to next level
  l3-0b22: # Cache stats
   hGETS: 770 # GETS hits
   hGETX: 66 # GETX hits
   mGETS: 239596 # GETS misses
   mGETXIM: 32898 # GETX I->M misses
   mGETXSM: 0 # GETX S->M misses (upgrade misses)
   PUTS: 205900 # Clean evictions (from lower level)
   PUTX: 28098 # Dirty evictions (from lower level)
   INV: 0 # Invalidates (from upper level)
   INVX: 0 # Downgrades (from upper level)
   FWD: 0 # Forwards (from upper level)
   latGETnl: 35969208 # GET request latency on next level
   latGETnet: 0 # GET request latency on network to next level
  l3-0b23: # Cache stats
   hGETS: 822 # GETS hits
   hGETX: 53 # GETX hits
   mGETS: 239602 # GETS misses
   mGETXIM: 32850 # GETX I->M misses
   mGETXSM: 0 # GETX S->M misses (upgrade misses)
   PUTS: 205995 # Clean evictions (from lower level)
   PUTX: 28107 # Dirty evictions (from lower level)
   INV: 0 # Invalidates (from upper level)
   INVX: 0 # Downgrades (from upper level)
   FWD: 0 # Forwards (from upper level)
   latGETnl: 35963664 # GET request latency on next level
   latGETnet: 0 # GET request latency on network to next level
 mem: # Memory controller stats
  mem-0: # Memory controller stats
   rd: 6535953 # Read requests
   wr: 720635 # Write requests
   rdlat: 969339138 # Total latency experienced by read requests
   wrlat: 107629080 # Total latency experienced by write requests
 sched: # Scheduler stats
  thCr: 25 # Threads created
  thFn: 25 # Threads finished
  schedEvs: 28 # Schedule events
  waitEvs: 2 # Wait events
  handoffEvs: 1 # Handoff events
  sleepEvs: 1 # Sleep events
  idlePhases: 0 # Phases with no thread active
  idlePeriods: 0 # Periods with no thread active
  occHist: # Occupancy histogram
   0: 0
   1: 24
   2: 0
   3: 1
   4: 2
   5: 1
   6: 0
   7: 1
   8: 0
   9: 0
   10: 0
   11: 1
   12: 0
   13: 1
   14: 0
   15: 0
   16: 0
   17: 1
   18: 0
   19: 0
   20: 0
   21: 1
   22: 0
   23: 46209
   24: 0
  rqSzHist: # Run queue size histogram
   0: 46219
   1: 23
   2: 0
   3: 0
   4: 0
   5: 0
   6: 0
   7: 0
   8: 0
   9: 0
   10: 0
   11: 0
   12: 0
   13: 0
   14: 0
   15: 0
   16: 0
   17: 0
   18: 0
   19: 0
   20: 0
   21: 0
   22: 0
   23: 0
   24: 0
 procCycles: # Per-process unhalted core cycles
  0: 1062915240
  1: 0
  2: 0
  3: 0
  4: 0
  5: 0
  6: 0
  7: 0
  8: 0
  9: 0
  10: 0
  11: 0
  12: 0
  13: 0
  14: 0
  15: 0
  16: 0
  17: 0
  18: 0
  19: 0
  20: 0
  21: 0
  22: 0
  23: 0
  24: 0
  25: 0
  26: 0
  27: 0
  28: 0
  29: 0
  30: 0
  31: 0
  32: 0
  33: 0
  34: 0
  35: 0
  36: 0
  37: 0
  38: 0
  39: 0
  40: 0
  41: 0
  42: 0
  43: 0
  44: 0
  45: 0
  46: 0
  47: 0
  48: 0
  49: 0
  50: 0
  51: 0
  52: 0
  53: 0
  54: 0
  55: 0
  56: 0
  57: 0
  58: 0
  59: 0
  60: 0
  61: 0
  62: 0
  63: 0
 procInstrs: # Per-process instructions
  0: 1513109339
  1: 0
  2: 0
  3: 0
  4: 0
  5: 0
  6: 0
  7: 0
  8: 0
  9: 0
  10: 0
  11: 0
  12: 0
  13: 0
  14: 0
  15: 0
  16: 0
  17: 0
  18: 0
  19: 0
  20: 0
  21: 0
  22: 0
  23: 0
  24: 0
  25: 0
  26: 0
  27: 0
  28: 0
  29: 0
  30: 0
  31: 0
  32: 0
  33: 0
  34: 0
  35: 0
  36: 0
  37: 0
  38: 0
  39: 0
  40: 0
  41: 0
  42: 0
  43: 0
  44: 0
  45: 0
  46: 0
  47: 0
  48: 0
  49: 0
  50: 0
  51: 0
  52: 0
  53: 0
  54: 0
  55: 0
  56: 0
  57: 0
  58: 0
  59: 0
  60: 0
  61: 0
  62: 0
  63: 0
 heartbeats: # Per-process heartbeats
  0: 0
  1: 0
  2: 0
  3: 0
  4: 0
  5: 0
  6: 0
  7: 0
  8: 0
  9: 0
  10: 0
  11: 0
  12: 0
  13: 0
  14: 0
  15: 0
  16: 0
  17: 0
  18: 0
  19: 0
  20: 0
  21: 0
  22: 0
  23: 0
  24: 0
  25: 0
  26: 0
  27: 0
  28: 0
  29: 0
  30: 0
  31: 0
  32: 0
  33: 0
  34: 0
  35: 0
  36: 0
  37: 0
  38: 0
  39: 0
  40: 0
  41: 0
  42: 0
  43: 0
  44: 0
  45: 0
  46: 0
  47: 0
  48: 0
  49: 0
  50: 0
  51: 0
  52: 0
  53: 0
  54: 0
  55: 0
  56: 0
  57: 0
  58: 0
  59: 0
  60: 0
  61: 0
  62: 0
  63: 0
===
