# zsim stats
===
root: # Stats
 contention: # Contention simulation stats
  domain-0: # Domain stats
   time: 10279954597 # Weave simulation time
 time: # Simulator time breakdown
  init: 3387794288
  bound: 77759039521
  weave: 12834357196
  ff: 344498
 trigger: 20000 # Reason for this stats dump
 phase: 44721 # Simulated phases
 reqCycles: 0 # Requeue Cycles
 skylake: # Core stats
  skylake-0: # Core stats
   cycles: 44721152 # Simulated unhalted cycles
   cCycles: 7045967 # Cycles due to contention stalls
   instrs: 53241313 # Simulated instructions
   uops: 37160679 # issued micro-ops
   bbls: 17325633 # Basic blocks
   approxInstrs: 731251 # Instrs with approx uop decoding
   mispredBranches: 106408 # Mispredicted branches
   IdqNotDelivered: 37675185 # Stalls no uop delivered when no Bkend Stall
   IntMiscRecoveryCycles: 864413 # Stalls waiting machine clears
   uops executed: 37872809 # Executed microoperations
  skylake-1: # Core stats
   cycles: 44685251 # Simulated unhalted cycles
   cCycles: 7046067 # Cycles due to contention stalls
   instrs: 53241162 # Simulated instructions
   uops: 37160081 # issued micro-ops
   bbls: 17325744 # Basic blocks
   approxInstrs: 731262 # Instrs with approx uop decoding
   mispredBranches: 106373 # Mispredicted branches
   IdqNotDelivered: 37639184 # Stalls no uop delivered when no Bkend Stall
   IntMiscRecoveryCycles: 855180 # Stalls waiting machine clears
   uops executed: 37872273 # Executed microoperations
  skylake-2: # Core stats
   cycles: 44682884 # Simulated unhalted cycles
   cCycles: 7046227 # Cycles due to contention stalls
   instrs: 53237620 # Simulated instructions
   uops: 37157366 # issued micro-ops
   bbls: 17324661 # Basic blocks
   approxInstrs: 731218 # Instrs with approx uop decoding
   mispredBranches: 106368 # Mispredicted branches
   IdqNotDelivered: 37636657 # Stalls no uop delivered when no Bkend Stall
   IntMiscRecoveryCycles: 857212 # Stalls waiting machine clears
   uops executed: 37869545 # Executed microoperations
  skylake-3: # Core stats
   cycles: 44683184 # Simulated unhalted cycles
   cCycles: 7046085 # Cycles due to contention stalls
   instrs: 53240923 # Simulated instructions
   uops: 37159803 # issued micro-ops
   bbls: 17325695 # Basic blocks
   approxInstrs: 731260 # Instrs with approx uop decoding
   mispredBranches: 106375 # Mispredicted branches
   IdqNotDelivered: 37637099 # Stalls no uop delivered when no Bkend Stall
   IntMiscRecoveryCycles: 856446 # Stalls waiting machine clears
   uops executed: 37871989 # Executed microoperations
  skylake-4: # Core stats
   cycles: 44681152 # Simulated unhalted cycles
   cCycles: 7045999 # Cycles due to contention stalls
   instrs: 53240602 # Simulated instructions
   uops: 37159596 # issued micro-ops
   bbls: 17325587 # Basic blocks
   approxInstrs: 731260 # Instrs with approx uop decoding
   mispredBranches: 106373 # Mispredicted branches
   IdqNotDelivered: 37635153 # Stalls no uop delivered when no Bkend Stall
   IntMiscRecoveryCycles: 855903 # Stalls waiting machine clears
   uops executed: 37871768 # Executed microoperations
  skylake-5: # Core stats
   cycles: 44680227 # Simulated unhalted cycles
   cCycles: 7046145 # Cycles due to contention stalls
   instrs: 53239793 # Simulated instructions
   uops: 37159010 # issued micro-ops
   bbls: 17325328 # Basic blocks
   approxInstrs: 731246 # Instrs with approx uop decoding
   mispredBranches: 106372 # Mispredicted branches
   IdqNotDelivered: 37634082 # Stalls no uop delivered when no Bkend Stall
   IntMiscRecoveryCycles: 855564 # Stalls waiting machine clears
   uops executed: 37871142 # Executed microoperations
  skylake-6: # Core stats
   cycles: 44679383 # Simulated unhalted cycles
   cCycles: 7046138 # Cycles due to contention stalls
   instrs: 53240316 # Simulated instructions
   uops: 37159083 # issued micro-ops
   bbls: 17325566 # Basic blocks
   approxInstrs: 731256 # Instrs with approx uop decoding
   mispredBranches: 106370 # Mispredicted branches
   IdqNotDelivered: 37633245 # Stalls no uop delivered when no Bkend Stall
   IntMiscRecoveryCycles: 857623 # Stalls waiting machine clears
   uops executed: 37871245 # Executed microoperations
  skylake-7: # Core stats
   cycles: 44679226 # Simulated unhalted cycles
   cCycles: 7046106 # Cycles due to contention stalls
   instrs: 53239918 # Simulated instructions
   uops: 37159102 # issued micro-ops
   bbls: 17325368 # Basic blocks
   approxInstrs: 731247 # Instrs with approx uop decoding
   mispredBranches: 106373 # Mispredicted branches
   IdqNotDelivered: 37633120 # Stalls no uop delivered when no Bkend Stall
   IntMiscRecoveryCycles: 855449 # Stalls waiting machine clears
   uops executed: 37871256 # Executed microoperations
  skylake-8: # Core stats
   cycles: 44678183 # Simulated unhalted cycles
   cCycles: 7046083 # Cycles due to contention stalls
   instrs: 53240309 # Simulated instructions
   uops: 37159073 # issued micro-ops
   bbls: 17325565 # Basic blocks
   approxInstrs: 731256 # Instrs with approx uop decoding
   mispredBranches: 106369 # Mispredicted branches
   IdqNotDelivered: 37632100 # Stalls no uop delivered when no Bkend Stall
   IntMiscRecoveryCycles: 856996 # Stalls waiting machine clears
   uops executed: 37871245 # Executed microoperations
  skylake-9: # Core stats
   cycles: 44678067 # Simulated unhalted cycles
   cCycles: 7046191 # Cycles due to contention stalls
   instrs: 53240317 # Simulated instructions
   uops: 37159084 # issued micro-ops
   bbls: 17325567 # Basic blocks
   approxInstrs: 731256 # Instrs with approx uop decoding
   mispredBranches: 106370 # Mispredicted branches
   IdqNotDelivered: 37631876 # Stalls no uop delivered when no Bkend Stall
   IntMiscRecoveryCycles: 856789 # Stalls waiting machine clears
   uops executed: 37871246 # Executed microoperations
  skylake-10: # Core stats
   cycles: 44678011 # Simulated unhalted cycles
   cCycles: 7045872 # Cycles due to contention stalls
   instrs: 53238686 # Simulated instructions
   uops: 37157940 # issued micro-ops
   bbls: 17325036 # Basic blocks
   approxInstrs: 731235 # Instrs with approx uop decoding
   mispredBranches: 106364 # Mispredicted branches
   IdqNotDelivered: 37632139 # Stalls no uop delivered when no Bkend Stall
   IntMiscRecoveryCycles: 857522 # Stalls waiting machine clears
   uops executed: 37870098 # Executed microoperations
  skylake-11: # Core stats
   cycles: 44677936 # Simulated unhalted cycles
   cCycles: 7046074 # Cycles due to contention stalls
   instrs: 53240011 # Simulated instructions
   uops: 37159092 # issued micro-ops
   bbls: 17325375 # Basic blocks
   approxInstrs: 731252 # Instrs with approx uop decoding
   mispredBranches: 106372 # Mispredicted branches
   IdqNotDelivered: 37631862 # Stalls no uop delivered when no Bkend Stall
   IntMiscRecoveryCycles: 856777 # Stalls waiting machine clears
   uops executed: 37871336 # Executed microoperations
  skylake-12: # Core stats
   cycles: 44676937 # Simulated unhalted cycles
   cCycles: 7046044 # Cycles due to contention stalls
   instrs: 53239799 # Simulated instructions
   uops: 37158713 # issued micro-ops
   bbls: 17325399 # Basic blocks
   approxInstrs: 731249 # Instrs with approx uop decoding
   mispredBranches: 106367 # Mispredicted branches
   IdqNotDelivered: 37630893 # Stalls no uop delivered when no Bkend Stall
   IntMiscRecoveryCycles: 855851 # Stalls waiting machine clears
   uops executed: 37870882 # Executed microoperations
  skylake-13: # Core stats
   cycles: 44677227 # Simulated unhalted cycles
   cCycles: 7046048 # Cycles due to contention stalls
   instrs: 53240161 # Simulated instructions
   uops: 37158951 # issued micro-ops
   bbls: 17325518 # Basic blocks
   approxInstrs: 731253 # Instrs with approx uop decoding
   mispredBranches: 106361 # Mispredicted branches
   IdqNotDelivered: 37631179 # Stalls no uop delivered when no Bkend Stall
   IntMiscRecoveryCycles: 855840 # Stalls waiting machine clears
   uops executed: 37871161 # Executed microoperations
  skylake-14: # Core stats
   cycles: 44676227 # Simulated unhalted cycles
   cCycles: 7046204 # Cycles due to contention stalls
   instrs: 53240181 # Simulated instructions
   uops: 37158976 # issued micro-ops
   bbls: 17325523 # Basic blocks
   approxInstrs: 731253 # Instrs with approx uop decoding
   mispredBranches: 106366 # Mispredicted branches
   IdqNotDelivered: 37630023 # Stalls no uop delivered when no Bkend Stall
   IntMiscRecoveryCycles: 855910 # Stalls waiting machine clears
   uops executed: 37871150 # Executed microoperations
  skylake-15: # Core stats
   cycles: 44676012 # Simulated unhalted cycles
   cCycles: 7046078 # Cycles due to contention stalls
   instrs: 53239799 # Simulated instructions
   uops: 37158713 # issued micro-ops
   bbls: 17325399 # Basic blocks
   approxInstrs: 731249 # Instrs with approx uop decoding
   mispredBranches: 106367 # Mispredicted branches
   IdqNotDelivered: 37629934 # Stalls no uop delivered when no Bkend Stall
   IntMiscRecoveryCycles: 855608 # Stalls waiting machine clears
   uops executed: 37870882 # Executed microoperations
  skylake-16: # Core stats
   cycles: 44676012 # Simulated unhalted cycles
   cCycles: 7046069 # Cycles due to contention stalls
   instrs: 53213299 # Simulated instructions
   uops: 37142182 # issued micro-ops
   bbls: 17316014 # Basic blocks
   approxInstrs: 730797 # Instrs with approx uop decoding
   mispredBranches: 106414 # Mispredicted branches
   IdqNotDelivered: 37629943 # Stalls no uop delivered when no Bkend Stall
   IntMiscRecoveryCycles: 859415 # Stalls waiting machine clears
   uops executed: 37854039 # Executed microoperations
  skylake-17: # Core stats
   cycles: 44676039 # Simulated unhalted cycles
   cCycles: 7046014 # Cycles due to contention stalls
   instrs: 53239802 # Simulated instructions
   uops: 37158718 # issued micro-ops
   bbls: 17325400 # Basic blocks
   approxInstrs: 731250 # Instrs with approx uop decoding
   mispredBranches: 106367 # Mispredicted branches
   IdqNotDelivered: 37630025 # Stalls no uop delivered when no Bkend Stall
   IntMiscRecoveryCycles: 855608 # Stalls waiting machine clears
   uops executed: 37870887 # Executed microoperations
  skylake-18: # Core stats
   cycles: 44675151 # Simulated unhalted cycles
   cCycles: 7046080 # Cycles due to contention stalls
   instrs: 53239050 # Simulated instructions
   uops: 37158181 # issued micro-ops
   bbls: 17325155 # Basic blocks
   approxInstrs: 731241 # Instrs with approx uop decoding
   mispredBranches: 106359 # Mispredicted branches
   IdqNotDelivered: 37629071 # Stalls no uop delivered when no Bkend Stall
   IntMiscRecoveryCycles: 855237 # Stalls waiting machine clears
   uops executed: 37870379 # Executed microoperations
  skylake-19: # Core stats
   cycles: 44674936 # Simulated unhalted cycles
   cCycles: 7046104 # Cycles due to contention stalls
   instrs: 53239965 # Simulated instructions
   uops: 37158837 # issued micro-ops
   bbls: 17325451 # Basic blocks
   approxInstrs: 731254 # Instrs with approx uop decoding
   mispredBranches: 106367 # Mispredicted branches
   IdqNotDelivered: 37628832 # Stalls no uop delivered when no Bkend Stall
   IntMiscRecoveryCycles: 855804 # Stalls waiting machine clears
   uops executed: 37871013 # Executed microoperations
  skylake-20: # Core stats
   cycles: 44674936 # Simulated unhalted cycles
   cCycles: 7046042 # Cycles due to contention stalls
   instrs: 53239343 # Simulated instructions
   uops: 37158409 # issued micro-ops
   bbls: 17325247 # Basic blocks
   approxInstrs: 731249 # Instrs with approx uop decoding
   mispredBranches: 106366 # Mispredicted branches
   IdqNotDelivered: 37628894 # Stalls no uop delivered when no Bkend Stall
   IntMiscRecoveryCycles: 855943 # Stalls waiting machine clears
   uops executed: 37870580 # Executed microoperations
  skylake-21: # Core stats
   cycles: 44673939 # Simulated unhalted cycles
   cCycles: 7046033 # Cycles due to contention stalls
   instrs: 53237969 # Simulated instructions
   uops: 37157451 # issued micro-ops
   bbls: 17324801 # Basic blocks
   approxInstrs: 731229 # Instrs with approx uop decoding
   mispredBranches: 106361 # Mispredicted branches
   IdqNotDelivered: 37627906 # Stalls no uop delivered when no Bkend Stall
   IntMiscRecoveryCycles: 855958 # Stalls waiting machine clears
   uops executed: 37869619 # Executed microoperations
  skylake-22: # Core stats
   cycles: 44673936 # Simulated unhalted cycles
   cCycles: 7046162 # Cycles due to contention stalls
   instrs: 53236562 # Simulated instructions
   uops: 37156460 # issued micro-ops
   bbls: 17324344 # Basic blocks
   approxInstrs: 731207 # Instrs with approx uop decoding
   mispredBranches: 106358 # Mispredicted branches
   IdqNotDelivered: 37627774 # Stalls no uop delivered when no Bkend Stall
   IntMiscRecoveryCycles: 855505 # Stalls waiting machine clears
   uops executed: 37868597 # Executed microoperations
  skylake-23: # Core stats
   cycles: 0 # Simulated unhalted cycles
   cCycles: 0 # Cycles due to contention stalls
   instrs: 0 # Simulated instructions
   uops: 0 # issued micro-ops
   bbls: 0 # Basic blocks
   approxInstrs: 0 # Instrs with approx uop decoding
   mispredBranches: 0 # Mispredicted branches
   IdqNotDelivered: 0 # Stalls no uop delivered when no Bkend Stall
   IntMiscRecoveryCycles: 0 # Stalls waiting machine clears
   uops executed: 0 # Executed microoperations
 l1d: # Cache stats
  l1d-0: # Filter cache stats
   fhGETS: 691728 # Filtered GETS hits
   fhGETX: 659911 # Filtered GETX hits
   hGETS: 9501 # GETS hits
   hGETX: 15693 # GETX hits
   mGETS: 62742 # GETS misses
   mGETXIM: 250090 # GETX I->M misses
   mGETXSM: 6 # GETX S->M misses (upgrade misses)
   PUTS: 0 # Clean evictions (from lower level)
   PUTX: 0 # Dirty evictions (from lower level)
   INV: 95 # Invalidates (from upper level)
   INVX: 88 # Downgrades (from upper level)
   FWD: 0 # Forwards (from upper level)
   latGETnl: 85057650 # GET request latency on next level
   latGETnet: 0 # GET request latency on network to next level
  l1d-1: # Filter cache stats
   fhGETS: 691490 # Filtered GETS hits
   fhGETX: 659757 # Filtered GETX hits
   hGETS: 9420 # GETS hits
   hGETX: 15647 # GETX hits
   mGETS: 62692 # GETS misses
   mGETXIM: 250071 # GETX I->M misses
   mGETXSM: 8 # GETX S->M misses (upgrade misses)
   PUTS: 0 # Clean evictions (from lower level)
   PUTX: 0 # Dirty evictions (from lower level)
   INV: 85 # Invalidates (from upper level)
   INVX: 25 # Downgrades (from upper level)
   FWD: 0 # Forwards (from upper level)
   latGETnl: 85027360 # GET request latency on next level
   latGETnet: 0 # GET request latency on network to next level
  l1d-2: # Filter cache stats
   fhGETS: 691326 # Filtered GETS hits
   fhGETX: 661220 # Filtered GETX hits
   hGETS: 9390 # GETS hits
   hGETX: 14065 # GETX hits
   mGETS: 62684 # GETS misses
   mGETXIM: 250044 # GETX I->M misses
   mGETXSM: 4 # GETX S->M misses (upgrade misses)
   PUTS: 0 # Clean evictions (from lower level)
   PUTX: 0 # Dirty evictions (from lower level)
   INV: 59 # Invalidates (from upper level)
   INVX: 5 # Downgrades (from upper level)
   FWD: 0 # Forwards (from upper level)
   latGETnl: 85020747 # GET request latency on next level
   latGETnet: 0 # GET request latency on network to next level
  l1d-3: # Filter cache stats
   fhGETS: 691418 # Filtered GETS hits
   fhGETX: 661279 # Filtered GETX hits
   hGETS: 9430 # GETS hits
   hGETX: 14092 # GETX hits
   mGETS: 62688 # GETS misses
   mGETXIM: 250061 # GETX I->M misses
   mGETXSM: 8 # GETX S->M misses (upgrade misses)
   PUTS: 0 # Clean evictions (from lower level)
   PUTX: 0 # Dirty evictions (from lower level)
   INV: 74 # Invalidates (from upper level)
   INVX: 28 # Downgrades (from upper level)
   FWD: 0 # Forwards (from upper level)
   latGETnl: 85027447 # GET request latency on next level
   latGETnet: 0 # GET request latency on network to next level
  l1d-4: # Filter cache stats
   fhGETS: 691412 # Filtered GETS hits
   fhGETX: 659711 # Filtered GETX hits
   hGETS: 9433 # GETS hits
   hGETX: 15661 # GETX hits
   mGETS: 62689 # GETS misses
   mGETXIM: 250064 # GETX I->M misses
   mGETXSM: 9 # GETX S->M misses (upgrade misses)
   PUTS: 0 # Clean evictions (from lower level)
   PUTX: 0 # Dirty evictions (from lower level)
   INV: 76 # Invalidates (from upper level)
   INVX: 21 # Downgrades (from upper level)
   FWD: 0 # Forwards (from upper level)
   latGETnl: 85025925 # GET request latency on next level
   latGETnet: 0 # GET request latency on network to next level
  l1d-5: # Filter cache stats
   fhGETS: 691409 # Filtered GETS hits
   fhGETX: 661276 # Filtered GETX hits
   hGETS: 9414 # GETS hits
   hGETX: 14082 # GETX hits
   mGETS: 62689 # GETS misses
   mGETXIM: 250055 # GETX I->M misses
   mGETXSM: 8 # GETX S->M misses (upgrade misses)
   PUTS: 0 # Clean evictions (from lower level)
   PUTX: 0 # Dirty evictions (from lower level)
   INV: 72 # Invalidates (from upper level)
   INVX: 16 # Downgrades (from upper level)
   FWD: 0 # Forwards (from upper level)
   latGETnl: 85024513 # GET request latency on next level
   latGETnet: 0 # GET request latency on network to next level
  l1d-6: # Filter cache stats
   fhGETS: 692053 # Filtered GETS hits
   fhGETX: 660417 # Filtered GETX hits
   hGETS: 8628 # GETS hits
   hGETX: 14853 # GETX hits
   mGETS: 62670 # GETS misses
   mGETXIM: 250056 # GETX I->M misses
   mGETXSM: 4 # GETX S->M misses (upgrade misses)
   PUTS: 0 # Clean evictions (from lower level)
   PUTX: 0 # Dirty evictions (from lower level)
   INV: 58 # Invalidates (from upper level)
   INVX: 12 # Downgrades (from upper level)
   FWD: 0 # Forwards (from upper level)
   latGETnl: 85022846 # GET request latency on next level
   latGETnet: 0 # GET request latency on network to next level
  l1d-7: # Filter cache stats
   fhGETS: 691404 # Filtered GETS hits
   fhGETX: 661274 # Filtered GETX hits
   hGETS: 9425 # GETS hits
   hGETX: 14084 # GETX hits
   mGETS: 62687 # GETS misses
   mGETXIM: 250059 # GETX I->M misses
   mGETXSM: 8 # GETX S->M misses (upgrade misses)
   PUTS: 0 # Clean evictions (from lower level)
   PUTX: 0 # Dirty evictions (from lower level)
   INV: 74 # Invalidates (from upper level)
   INVX: 17 # Downgrades (from upper level)
   FWD: 0 # Forwards (from upper level)
   latGETnl: 85023932 # GET request latency on next level
   latGETnet: 0 # GET request latency on network to next level
  l1d-8: # Filter cache stats
   fhGETS: 691263 # Filtered GETS hits
   fhGETX: 658862 # Filtered GETX hits
   hGETS: 9414 # GETS hits
   hGETX: 16405 # GETX hits
   mGETS: 62671 # GETS misses
   mGETXIM: 250056 # GETX I->M misses
   mGETXSM: 6 # GETX S->M misses (upgrade misses)
   PUTS: 0 # Clean evictions (from lower level)
   PUTX: 0 # Dirty evictions (from lower level)
   INV: 61 # Invalidates (from upper level)
   INVX: 13 # Downgrades (from upper level)
   FWD: 0 # Forwards (from upper level)
   latGETnl: 85023295 # GET request latency on next level
   latGETnet: 0 # GET request latency on network to next level
  l1d-9: # Filter cache stats
   fhGETS: 692057 # Filtered GETS hits
   fhGETX: 660413 # Filtered GETX hits
   hGETS: 8624 # GETS hits
   hGETX: 14853 # GETX hits
   mGETS: 62670 # GETS misses
   mGETXIM: 250058 # GETX I->M misses
   mGETXSM: 6 # GETX S->M misses (upgrade misses)
   PUTS: 0 # Clean evictions (from lower level)
   PUTX: 0 # Dirty evictions (from lower level)
   INV: 61 # Invalidates (from upper level)
   INVX: 16 # Downgrades (from upper level)
   FWD: 0 # Forwards (from upper level)
   latGETnl: 85023694 # GET request latency on next level
   latGETnet: 0 # GET request latency on network to next level
  l1d-10: # Filter cache stats
   fhGETS: 691230 # Filtered GETS hits
   fhGETX: 658827 # Filtered GETX hits
   hGETS: 9417 # GETS hits
   hGETX: 16428 # GETX hits
   mGETS: 62672 # GETS misses
   mGETXIM: 250045 # GETX I->M misses
   mGETXSM: 5 # GETX S->M misses (upgrade misses)
   PUTS: 0 # Clean evictions (from lower level)
   PUTX: 0 # Dirty evictions (from lower level)
   INV: 60 # Invalidates (from upper level)
   INVX: 29 # Downgrades (from upper level)
   FWD: 0 # Forwards (from upper level)
   latGETnl: 85025606 # GET request latency on next level
   latGETnet: 0 # GET request latency on network to next level
  l1d-11: # Filter cache stats
   fhGETS: 691399 # Filtered GETS hits
   fhGETX: 661287 # Filtered GETX hits
   hGETS: 9437 # GETS hits
   hGETX: 14067 # GETX hits
   mGETS: 62686 # GETS misses
   mGETXIM: 250072 # GETX I->M misses
   mGETXSM: 9 # GETX S->M misses (upgrade misses)
   PUTS: 0 # Clean evictions (from lower level)
   PUTX: 0 # Dirty evictions (from lower level)
   INV: 71 # Invalidates (from upper level)
   INVX: 12 # Downgrades (from upper level)
   FWD: 0 # Forwards (from upper level)
   latGETnl: 85027974 # GET request latency on next level
   latGETnet: 0 # GET request latency on network to next level
  l1d-12: # Filter cache stats
   fhGETS: 692055 # Filtered GETS hits
   fhGETX: 660419 # Filtered GETX hits
   hGETS: 8612 # GETS hits
   hGETX: 14842 # GETX hits
   mGETS: 62667 # GETS misses
   mGETXIM: 250055 # GETX I->M misses
   mGETXSM: 6 # GETX S->M misses (upgrade misses)
   PUTS: 0 # Clean evictions (from lower level)
   PUTX: 0 # Dirty evictions (from lower level)
   INV: 58 # Invalidates (from upper level)
   INVX: 11 # Downgrades (from upper level)
   FWD: 0 # Forwards (from upper level)
   latGETnl: 85021585 # GET request latency on next level
   latGETnet: 0 # GET request latency on network to next level
  l1d-13: # Filter cache stats
   fhGETS: 691270 # Filtered GETS hits
   fhGETX: 658851 # Filtered GETX hits
   hGETS: 9394 # GETS hits
   hGETX: 16416 # GETX hits
   mGETS: 62671 # GETS misses
   mGETXIM: 250053 # GETX I->M misses
   mGETXSM: 4 # GETX S->M misses (upgrade misses)
   PUTS: 0 # Clean evictions (from lower level)
   PUTX: 0 # Dirty evictions (from lower level)
   INV: 59 # Invalidates (from upper level)
   INVX: 6 # Downgrades (from upper level)
   FWD: 0 # Forwards (from upper level)
   latGETnl: 85021740 # GET request latency on next level
   latGETnet: 0 # GET request latency on network to next level
  l1d-14: # Filter cache stats
   fhGETS: 691273 # Filtered GETS hits
   fhGETX: 661200 # Filtered GETX hits
   hGETS: 9397 # GETS hits
   hGETX: 14069 # GETX hits
   mGETS: 62670 # GETS misses
   mGETXIM: 250054 # GETX I->M misses
   mGETXSM: 5 # GETX S->M misses (upgrade misses)
   PUTS: 0 # Clean evictions (from lower level)
   PUTX: 0 # Dirty evictions (from lower level)
   INV: 58 # Invalidates (from upper level)
   INVX: 1 # Downgrades (from upper level)
   FWD: 0 # Forwards (from upper level)
   latGETnl: 85019734 # GET request latency on next level
   latGETnet: 0 # GET request latency on network to next level
  l1d-15: # Filter cache stats
   fhGETS: 691252 # Filtered GETS hits
   fhGETX: 658836 # Filtered GETX hits
   hGETS: 9409 # GETS hits
   hGETX: 16432 # GETX hits
   mGETS: 62673 # GETS misses
   mGETXIM: 250049 # GETX I->M misses
   mGETXSM: 5 # GETX S->M misses (upgrade misses)
   PUTS: 0 # Clean evictions (from lower level)
   PUTX: 0 # Dirty evictions (from lower level)
   INV: 58 # Invalidates (from upper level)
   INVX: 3 # Downgrades (from upper level)
   FWD: 0 # Forwards (from upper level)
   latGETnl: 85020765 # GET request latency on next level
   latGETnet: 0 # GET request latency on network to next level
  l1d-16: # Filter cache stats
   fhGETS: 692369 # Filtered GETS hits
   fhGETX: 659050 # Filtered GETX hits
   hGETS: 9751 # GETS hits
   hGETX: 16478 # GETX hits
   mGETS: 62705 # GETS misses
   mGETXIM: 249914 # GETX I->M misses
   mGETXSM: 14 # GETX S->M misses (upgrade misses)
   PUTS: 0 # Clean evictions (from lower level)
   PUTX: 0 # Dirty evictions (from lower level)
   INV: 61 # Invalidates (from upper level)
   INVX: 2 # Downgrades (from upper level)
   FWD: 0 # Forwards (from upper level)
   latGETnl: 84984238 # GET request latency on next level
   latGETnet: 0 # GET request latency on network to next level
  l1d-17: # Filter cache stats
   fhGETS: 691271 # Filtered GETS hits
   fhGETX: 658852 # Filtered GETX hits
   hGETS: 9393 # GETS hits
   hGETX: 16412 # GETX hits
   mGETS: 62672 # GETS misses
   mGETXIM: 250053 # GETX I->M misses
   mGETXSM: 5 # GETX S->M misses (upgrade misses)
   PUTS: 0 # Clean evictions (from lower level)
   PUTX: 0 # Dirty evictions (from lower level)
   INV: 61 # Invalidates (from upper level)
   INVX: 3 # Downgrades (from upper level)
   FWD: 0 # Forwards (from upper level)
   latGETnl: 85020484 # GET request latency on next level
   latGETnet: 0 # GET request latency on network to next level
  l1d-18: # Filter cache stats
   fhGETS: 692042 # Filtered GETS hits
   fhGETX: 660408 # Filtered GETX hits
   hGETS: 8609 # GETS hits
   hGETX: 14852 # GETX hits
   mGETS: 62670 # GETS misses
   mGETXIM: 250044 # GETX I->M misses
   mGETXSM: 4 # GETX S->M misses (upgrade misses)
   PUTS: 0 # Clean evictions (from lower level)
   PUTX: 0 # Dirty evictions (from lower level)
   INV: 54 # Invalidates (from upper level)
   INVX: 1 # Downgrades (from upper level)
   FWD: 0 # Forwards (from upper level)
   latGETnl: 85018289 # GET request latency on next level
   latGETnet: 0 # GET request latency on network to next level
  l1d-19: # Filter cache stats
   fhGETS: 691278 # Filtered GETS hits
   fhGETX: 659645 # Filtered GETX hits
   hGETS: 9394 # GETS hits
   hGETX: 15620 # GETX hits
   mGETS: 62669 # GETS misses
   mGETXIM: 250059 # GETX I->M misses
   mGETXSM: 5 # GETX S->M misses (upgrade misses)
   PUTS: 0 # Clean evictions (from lower level)
   PUTX: 0 # Dirty evictions (from lower level)
   INV: 63 # Invalidates (from upper level)
   INVX: 2 # Downgrades (from upper level)
   FWD: 0 # Forwards (from upper level)
   latGETnl: 85019908 # GET request latency on next level
   latGETnet: 0 # GET request latency on network to next level
  l1d-20: # Filter cache stats
   fhGETS: 691248 # Filtered GETS hits
   fhGETX: 659622 # Filtered GETX hits
   hGETS: 9416 # GETS hits
   hGETX: 15637 # GETX hits
   mGETS: 62670 # GETS misses
   mGETXIM: 250057 # GETX I->M misses
   mGETXSM: 6 # GETX S->M misses (upgrade misses)
   PUTS: 0 # Clean evictions (from lower level)
   PUTX: 0 # Dirty evictions (from lower level)
   INV: 62 # Invalidates (from upper level)
   INVX: 2 # Downgrades (from upper level)
   FWD: 0 # Forwards (from upper level)
   latGETnl: 85020836 # GET request latency on next level
   latGETnet: 0 # GET request latency on network to next level
  l1d-21: # Filter cache stats
   fhGETS: 691245 # Filtered GETS hits
   fhGETX: 659609 # Filtered GETX hits
   hGETS: 9393 # GETS hits
   hGETX: 15640 # GETX hits
   mGETS: 62675 # GETS misses
   mGETXIM: 250042 # GETX I->M misses
   mGETXSM: 6 # GETX S->M misses (upgrade misses)
   PUTS: 0 # Clean evictions (from lower level)
   PUTX: 0 # Dirty evictions (from lower level)
   INV: 61 # Invalidates (from upper level)
   INVX: 2 # Downgrades (from upper level)
   FWD: 0 # Forwards (from upper level)
   latGETnl: 85018791 # GET request latency on next level
   latGETnet: 0 # GET request latency on network to next level
  l1d-22: # Filter cache stats
   fhGETS: 692007 # Filtered GETS hits
   fhGETX: 660374 # Filtered GETX hits
   hGETS: 8611 # GETS hits
   hGETX: 14862 # GETX hits
   mGETS: 62673 # GETS misses
   mGETXIM: 250028 # GETX I->M misses
   mGETXSM: 5 # GETX S->M misses (upgrade misses)
   PUTS: 0 # Clean evictions (from lower level)
   PUTX: 0 # Dirty evictions (from lower level)
   INV: 57 # Invalidates (from upper level)
   INVX: 2 # Downgrades (from upper level)
   FWD: 0 # Forwards (from upper level)
   latGETnl: 85015714 # GET request latency on next level
   latGETnet: 0 # GET request latency on network to next level
  l1d-23: # Filter cache stats
   fhGETS: 0 # Filtered GETS hits
   fhGETX: 0 # Filtered GETX hits
   hGETS: 0 # GETS hits
   hGETX: 0 # GETX hits
   mGETS: 0 # GETS misses
   mGETXIM: 0 # GETX I->M misses
   mGETXSM: 0 # GETX S->M misses (upgrade misses)
   PUTS: 0 # Clean evictions (from lower level)
   PUTX: 0 # Dirty evictions (from lower level)
   INV: 0 # Invalidates (from upper level)
   INVX: 0 # Downgrades (from upper level)
   FWD: 0 # Forwards (from upper level)
   latGETnl: 0 # GET request latency on next level
   latGETnet: 0 # GET request latency on network to next level
 l1i: # Cache stats
  l1i-0: # Filter cache stats
   fhGETS: 17825464 # Filtered GETS hits
   fhGETX: 0 # Filtered GETX hits
   hGETS: 124905 # GETS hits
   hGETX: 0 # GETX hits
   mGETS: 718 # GETS misses
   mGETXIM: 0 # GETX I->M misses
   mGETXSM: 0 # GETX S->M misses (upgrade misses)
   PUTS: 0 # Clean evictions (from lower level)
   PUTX: 0 # Dirty evictions (from lower level)
   INV: 695 # Invalidates (from upper level)
   INVX: 0 # Downgrades (from upper level)
   FWD: 0 # Forwards (from upper level)
   latGETnl: 72671 # GET request latency on next level
   latGETnet: 0 # GET request latency on network to next level
  l1i-1: # Filter cache stats
   fhGETS: 17825592 # Filtered GETS hits
   fhGETX: 0 # Filtered GETX hits
   hGETS: 124942 # GETS hits
   hGETX: 0 # GETX hits
   mGETS: 619 # GETS misses
   mGETXIM: 0 # GETX I->M misses
   mGETXSM: 0 # GETX S->M misses (upgrade misses)
   PUTS: 0 # Clean evictions (from lower level)
   PUTX: 0 # Dirty evictions (from lower level)
   INV: 596 # Invalidates (from upper level)
   INVX: 0 # Downgrades (from upper level)
   FWD: 0 # Forwards (from upper level)
   latGETnl: 34268 # GET request latency on next level
   latGETnet: 0 # GET request latency on network to next level
  l1i-2: # Filter cache stats
   fhGETS: 17824497 # Filtered GETS hits
   fhGETX: 0 # Filtered GETX hits
   hGETS: 124886 # GETS hits
   hGETX: 0 # GETX hits
   mGETS: 648 # GETS misses
   mGETXIM: 0 # GETX I->M misses
   mGETXSM: 0 # GETX S->M misses (upgrade misses)
   PUTS: 0 # Clean evictions (from lower level)
   PUTX: 0 # Dirty evictions (from lower level)
   INV: 625 # Invalidates (from upper level)
   INVX: 0 # Downgrades (from upper level)
   FWD: 0 # Forwards (from upper level)
   latGETnl: 39681 # GET request latency on next level
   latGETnet: 0 # GET request latency on network to next level
  l1i-3: # Filter cache stats
   fhGETS: 17825581 # Filtered GETS hits
   fhGETX: 0 # Filtered GETX hits
   hGETS: 124846 # GETS hits
   hGETX: 0 # GETX hits
   mGETS: 630 # GETS misses
   mGETXIM: 0 # GETX I->M misses
   mGETXSM: 0 # GETX S->M misses (upgrade misses)
   PUTS: 0 # Clean evictions (from lower level)
   PUTX: 0 # Dirty evictions (from lower level)
   INV: 605 # Invalidates (from upper level)
   INVX: 0 # Downgrades (from upper level)
   FWD: 0 # Forwards (from upper level)
   latGETnl: 35235 # GET request latency on next level
   latGETnet: 0 # GET request latency on network to next level
  l1i-4: # Filter cache stats
   fhGETS: 17825441 # Filtered GETS hits
   fhGETX: 0 # Filtered GETX hits
   hGETS: 124936 # GETS hits
   hGETX: 0 # GETX hits
   mGETS: 628 # GETS misses
   mGETXIM: 0 # GETX I->M misses
   mGETXSM: 0 # GETX S->M misses (upgrade misses)
   PUTS: 0 # Clean evictions (from lower level)
   PUTX: 0 # Dirty evictions (from lower level)
   INV: 605 # Invalidates (from upper level)
   INVX: 0 # Downgrades (from upper level)
   FWD: 0 # Forwards (from upper level)
   latGETnl: 31091 # GET request latency on next level
   latGETnet: 0 # GET request latency on network to next level
  l1i-5: # Filter cache stats
   fhGETS: 17825169 # Filtered GETS hits
   fhGETX: 0 # Filtered GETX hits
   hGETS: 124937 # GETS hits
   hGETX: 0 # GETX hits
   mGETS: 629 # GETS misses
   mGETXIM: 0 # GETX I->M misses
   mGETXSM: 0 # GETX S->M misses (upgrade misses)
   PUTS: 0 # Clean evictions (from lower level)
   PUTX: 0 # Dirty evictions (from lower level)
   INV: 606 # Invalidates (from upper level)
   INVX: 0 # Downgrades (from upper level)
   FWD: 0 # Forwards (from upper level)
   latGETnl: 30013 # GET request latency on next level
   latGETnet: 0 # GET request latency on network to next level
  l1i-6: # Filter cache stats
   fhGETS: 17825469 # Filtered GETS hits
   fhGETX: 0 # Filtered GETX hits
   hGETS: 124845 # GETS hits
   hGETX: 0 # GETX hits
   mGETS: 612 # GETS misses
   mGETXIM: 0 # GETX I->M misses
   mGETXSM: 0 # GETX S->M misses (upgrade misses)
   PUTS: 0 # Clean evictions (from lower level)
   PUTX: 0 # Dirty evictions (from lower level)
   INV: 585 # Invalidates (from upper level)
   INVX: 0 # Downgrades (from upper level)
   FWD: 0 # Forwards (from upper level)
   latGETnl: 33939 # GET request latency on next level
   latGETnet: 0 # GET request latency on network to next level
  l1i-7: # Filter cache stats
   fhGETS: 17825267 # Filtered GETS hits
   fhGETX: 0 # Filtered GETX hits
   hGETS: 124890 # GETS hits
   hGETX: 0 # GETX hits
   mGETS: 630 # GETS misses
   mGETXIM: 0 # GETX I->M misses
   mGETXSM: 0 # GETX S->M misses (upgrade misses)
   PUTS: 0 # Clean evictions (from lower level)
   PUTX: 0 # Dirty evictions (from lower level)
   INV: 607 # Invalidates (from upper level)
   INVX: 0 # Downgrades (from upper level)
   FWD: 0 # Forwards (from upper level)
   latGETnl: 29610 # GET request latency on next level
   latGETnet: 0 # GET request latency on network to next level
  l1i-8: # Filter cache stats
   fhGETS: 17825457 # Filtered GETS hits
   fhGETX: 0 # Filtered GETX hits
   hGETS: 124891 # GETS hits
   hGETX: 0 # GETX hits
   mGETS: 613 # GETS misses
   mGETXIM: 0 # GETX I->M misses
   mGETXSM: 0 # GETX S->M misses (upgrade misses)
   PUTS: 0 # Clean evictions (from lower level)
   PUTX: 0 # Dirty evictions (from lower level)
   INV: 588 # Invalidates (from upper level)
   INVX: 0 # Downgrades (from upper level)
   FWD: 0 # Forwards (from upper level)
   latGETnl: 32861 # GET request latency on next level
   latGETnet: 0 # GET request latency on network to next level
  l1i-9: # Filter cache stats
   fhGETS: 17825444 # Filtered GETS hits
   fhGETX: 0 # Filtered GETX hits
   hGETS: 124891 # GETS hits
   hGETX: 0 # GETX hits
   mGETS: 616 # GETS misses
   mGETXIM: 0 # GETX I->M misses
   mGETXSM: 0 # GETX S->M misses (upgrade misses)
   PUTS: 0 # Clean evictions (from lower level)
   PUTX: 0 # Dirty evictions (from lower level)
   INV: 587 # Invalidates (from upper level)
   INVX: 0 # Downgrades (from upper level)
   FWD: 0 # Forwards (from upper level)
   latGETnl: 33002 # GET request latency on next level
   latGETnet: 0 # GET request latency on network to next level
  l1i-10: # Filter cache stats
   fhGETS: 17824904 # Filtered GETS hits
   fhGETX: 0 # Filtered GETX hits
   hGETS: 124889 # GETS hits
   hGETX: 0 # GETX hits
   mGETS: 614 # GETS misses
   mGETXIM: 0 # GETX I->M misses
   mGETXSM: 0 # GETX S->M misses (upgrade misses)
   PUTS: 0 # Clean evictions (from lower level)
   PUTX: 0 # Dirty evictions (from lower level)
   INV: 591 # Invalidates (from upper level)
   INVX: 0 # Downgrades (from upper level)
   FWD: 0 # Forwards (from upper level)
   latGETnl: 31108 # GET request latency on next level
   latGETnet: 0 # GET request latency on network to next level
  l1i-11: # Filter cache stats
   fhGETS: 17825146 # Filtered GETS hits
   fhGETX: 0 # Filtered GETX hits
   hGETS: 125024 # GETS hits
   hGETX: 0 # GETX hits
   mGETS: 622 # GETS misses
   mGETXIM: 0 # GETX I->M misses
   mGETXSM: 0 # GETX S->M misses (upgrade misses)
   PUTS: 0 # Clean evictions (from lower level)
   PUTX: 0 # Dirty evictions (from lower level)
   INV: 599 # Invalidates (from upper level)
   INVX: 0 # Downgrades (from upper level)
   FWD: 0 # Forwards (from upper level)
   latGETnl: 31484 # GET request latency on next level
   latGETnet: 0 # GET request latency on network to next level
  l1i-12: # Filter cache stats
   fhGETS: 17825331 # Filtered GETS hits
   fhGETX: 0 # Filtered GETX hits
   hGETS: 124843 # GETS hits
   hGETX: 0 # GETX hits
   mGETS: 615 # GETS misses
   mGETXIM: 0 # GETX I->M misses
   mGETXSM: 0 # GETX S->M misses (upgrade misses)
   PUTS: 0 # Clean evictions (from lower level)
   PUTX: 0 # Dirty evictions (from lower level)
   INV: 592 # Invalidates (from upper level)
   INVX: 0 # Downgrades (from upper level)
   FWD: 0 # Forwards (from upper level)
   latGETnl: 30255 # GET request latency on next level
   latGETnet: 0 # GET request latency on network to next level
  l1i-13: # Filter cache stats
   fhGETS: 17825336 # Filtered GETS hits
   fhGETX: 0 # Filtered GETX hits
   hGETS: 124935 # GETS hits
   hGETX: 0 # GETX hits
   mGETS: 604 # GETS misses
   mGETXIM: 0 # GETX I->M misses
   mGETXSM: 0 # GETX S->M misses (upgrade misses)
   PUTS: 0 # Clean evictions (from lower level)
   PUTX: 0 # Dirty evictions (from lower level)
   INV: 581 # Invalidates (from upper level)
   INVX: 0 # Downgrades (from upper level)
   FWD: 0 # Forwards (from upper level)
   latGETnl: 31538 # GET request latency on next level
   latGETnet: 0 # GET request latency on network to next level
  l1i-14: # Filter cache stats
   fhGETS: 17825354 # Filtered GETS hits
   fhGETX: 0 # Filtered GETX hits
   hGETS: 124935 # GETS hits
   hGETX: 0 # GETX hits
   mGETS: 616 # GETS misses
   mGETXIM: 0 # GETX I->M misses
   mGETXSM: 0 # GETX S->M misses (upgrade misses)
   PUTS: 0 # Clean evictions (from lower level)
   PUTX: 0 # Dirty evictions (from lower level)
   INV: 593 # Invalidates (from upper level)
   INVX: 0 # Downgrades (from upper level)
   FWD: 0 # Forwards (from upper level)
   latGETnl: 29852 # GET request latency on next level
   latGETnet: 0 # GET request latency on network to next level
  l1i-15: # Filter cache stats
   fhGETS: 17825240 # Filtered GETS hits
   fhGETX: 0 # Filtered GETX hits
   hGETS: 124935 # GETS hits
   hGETX: 0 # GETX hits
   mGETS: 611 # GETS misses
   mGETXIM: 0 # GETX I->M misses
   mGETXSM: 0 # GETX S->M misses (upgrade misses)
   PUTS: 0 # Clean evictions (from lower level)
   PUTX: 0 # Dirty evictions (from lower level)
   INV: 588 # Invalidates (from upper level)
   INVX: 0 # Downgrades (from upper level)
   FWD: 0 # Forwards (from upper level)
   latGETnl: 29842 # GET request latency on next level
   latGETnet: 0 # GET request latency on network to next level
  l1i-16: # Filter cache stats
   fhGETS: 17815833 # Filtered GETS hits
   fhGETX: 0 # Filtered GETX hits
   hGETS: 125020 # GETS hits
   hGETX: 0 # GETX hits
   mGETS: 683 # GETS misses
   mGETXIM: 0 # GETX I->M misses
   mGETXSM: 0 # GETX S->M misses (upgrade misses)
   PUTS: 0 # Clean evictions (from lower level)
   PUTX: 0 # Dirty evictions (from lower level)
   INV: 660 # Invalidates (from upper level)
   INVX: 0 # Downgrades (from upper level)
   FWD: 0 # Forwards (from upper level)
   latGETnl: 44476 # GET request latency on next level
   latGETnet: 0 # GET request latency on network to next level
  l1i-17: # Filter cache stats
   fhGETS: 17825331 # Filtered GETS hits
   fhGETX: 0 # Filtered GETX hits
   hGETS: 124845 # GETS hits
   hGETX: 0 # GETX hits
   mGETS: 611 # GETS misses
   mGETXIM: 0 # GETX I->M misses
   mGETXSM: 0 # GETX S->M misses (upgrade misses)
   PUTS: 0 # Clean evictions (from lower level)
   PUTX: 0 # Dirty evictions (from lower level)
   INV: 588 # Invalidates (from upper level)
   INVX: 0 # Downgrades (from upper level)
   FWD: 0 # Forwards (from upper level)
   latGETnl: 29617 # GET request latency on next level
   latGETnet: 0 # GET request latency on network to next level
  l1i-18: # Filter cache stats
   fhGETS: 17825059 # Filtered GETS hits
   fhGETX: 0 # Filtered GETX hits
   hGETS: 124845 # GETS hits
   hGETX: 0 # GETX hits
   mGETS: 605 # GETS misses
   mGETXIM: 0 # GETX I->M misses
   mGETXSM: 0 # GETX S->M misses (upgrade misses)
   PUTS: 0 # Clean evictions (from lower level)
   PUTX: 0 # Dirty evictions (from lower level)
   INV: 582 # Invalidates (from upper level)
   INVX: 0 # Downgrades (from upper level)
   FWD: 0 # Forwards (from upper level)
   latGETnl: 28885 # GET request latency on next level
   latGETnet: 0 # GET request latency on network to next level
  l1i-19: # Filter cache stats
   fhGETS: 17825382 # Filtered GETS hits
   fhGETX: 0 # Filtered GETX hits
   hGETS: 124845 # GETS hits
   hGETX: 0 # GETX hits
   mGETS: 615 # GETS misses
   mGETXIM: 0 # GETX I->M misses
   mGETXSM: 0 # GETX S->M misses (upgrade misses)
   PUTS: 0 # Clean evictions (from lower level)
   PUTX: 0 # Dirty evictions (from lower level)
   INV: 592 # Invalidates (from upper level)
   INVX: 0 # Downgrades (from upper level)
   FWD: 0 # Forwards (from upper level)
   latGETnl: 28905 # GET request latency on next level
   latGETnet: 0 # GET request latency on network to next level
  l1i-20: # Filter cache stats
   fhGETS: 17825131 # Filtered GETS hits
   fhGETX: 0 # Filtered GETX hits
   hGETS: 124890 # GETS hits
   hGETX: 0 # GETX hits
   mGETS: 615 # GETS misses
   mGETXIM: 0 # GETX I->M misses
   mGETXSM: 0 # GETX S->M misses (upgrade misses)
   PUTS: 0 # Clean evictions (from lower level)
   PUTX: 0 # Dirty evictions (from lower level)
   INV: 592 # Invalidates (from upper level)
   INVX: 0 # Downgrades (from upper level)
   FWD: 0 # Forwards (from upper level)
   latGETnl: 28905 # GET request latency on next level
   latGETnet: 0 # GET request latency on network to next level
  l1i-21: # Filter cache stats
   fhGETS: 17824661 # Filtered GETS hits
   fhGETX: 0 # Filtered GETX hits
   hGETS: 124887 # GETS hits
   hGETX: 0 # GETX hits
   mGETS: 617 # GETS misses
   mGETXIM: 0 # GETX I->M misses
   mGETXSM: 0 # GETX S->M misses (upgrade misses)
   PUTS: 0 # Clean evictions (from lower level)
   PUTX: 0 # Dirty evictions (from lower level)
   INV: 594 # Invalidates (from upper level)
   INVX: 0 # Downgrades (from upper level)
   FWD: 0 # Forwards (from upper level)
   latGETnl: 29224 # GET request latency on next level
   latGETnet: 0 # GET request latency on network to next level
  l1i-22: # Filter cache stats
   fhGETS: 17824143 # Filtered GETS hits
   fhGETX: 0 # Filtered GETX hits
   hGETS: 124935 # GETS hits
   hGETX: 0 # GETX hits
   mGETS: 609 # GETS misses
   mGETXIM: 0 # GETX I->M misses
   mGETXSM: 0 # GETX S->M misses (upgrade misses)
   PUTS: 0 # Clean evictions (from lower level)
   PUTX: 0 # Dirty evictions (from lower level)
   INV: 586 # Invalidates (from upper level)
   INVX: 0 # Downgrades (from upper level)
   FWD: 0 # Forwards (from upper level)
   latGETnl: 28623 # GET request latency on next level
   latGETnet: 0 # GET request latency on network to next level
  l1i-23: # Filter cache stats
   fhGETS: 0 # Filtered GETS hits
   fhGETX: 0 # Filtered GETX hits
   hGETS: 0 # GETS hits
   hGETX: 0 # GETX hits
   mGETS: 0 # GETS misses
   mGETXIM: 0 # GETX I->M misses
   mGETXSM: 0 # GETX S->M misses (upgrade misses)
   PUTS: 0 # Clean evictions (from lower level)
   PUTX: 0 # Dirty evictions (from lower level)
   INV: 0 # Invalidates (from upper level)
   INVX: 0 # Downgrades (from upper level)
   FWD: 0 # Forwards (from upper level)
   latGETnl: 0 # GET request latency on next level
   latGETnet: 0 # GET request latency on network to next level
 l2: # Cache stats
  l2-0: # Cache stats
   hGETS: 0 # GETS hits
   hGETX: 0 # GETX hits
   mGETS: 63460 # GETS misses
   mGETXIM: 250091 # GETX I->M misses
   mGETXSM: 5 # GETX S->M misses (upgrade misses)
   PUTS: 62583 # Clean evictions (from lower level)
   PUTX: 249643 # Dirty evictions (from lower level)
   INV: 22011 # Invalidates (from upper level)
   INVX: 88 # Downgrades (from upper level)
   FWD: 0 # Forwards (from upper level)
   latGETnl: 81994761 # GET request latency on next level
   latGETnet: 0 # GET request latency on network to next level
  l2-1: # Cache stats
   hGETS: 0 # GETS hits
   hGETX: 0 # GETX hits
   mGETS: 63311 # GETS misses
   mGETXIM: 250071 # GETX I->M misses
   mGETXSM: 8 # GETX S->M misses (upgrade misses)
   PUTS: 62542 # Clean evictions (from lower level)
   PUTX: 249624 # Dirty evictions (from lower level)
   INV: 18452 # Invalidates (from upper level)
   INVX: 25 # Downgrades (from upper level)
   FWD: 0 # Forwards (from upper level)
   latGETnl: 81927728 # GET request latency on next level
   latGETnet: 0 # GET request latency on network to next level
  l2-2: # Cache stats
   hGETS: 0 # GETS hits
   hGETX: 0 # GETX hits
   mGETS: 63332 # GETS misses
   mGETXIM: 250044 # GETX I->M misses
   mGETXSM: 4 # GETX S->M misses (upgrade misses)
   PUTS: 62539 # Clean evictions (from lower level)
   PUTX: 249618 # Dirty evictions (from lower level)
   INV: 18964 # Invalidates (from upper level)
   INVX: 6 # Downgrades (from upper level)
   FWD: 0 # Forwards (from upper level)
   latGETnl: 81926628 # GET request latency on next level
   latGETnet: 0 # GET request latency on network to next level
  l2-3: # Cache stats
   hGETS: 0 # GETS hits
   hGETX: 0 # GETX hits
   mGETS: 63318 # GETS misses
   mGETXIM: 250062 # GETX I->M misses
   mGETXSM: 7 # GETX S->M misses (upgrade misses)
   PUTS: 62539 # Clean evictions (from lower level)
   PUTX: 249625 # Dirty evictions (from lower level)
   INV: 18400 # Invalidates (from upper level)
   INVX: 28 # Downgrades (from upper level)
   FWD: 0 # Forwards (from upper level)
   latGETnl: 81928812 # GET request latency on next level
   latGETnet: 0 # GET request latency on network to next level
  l2-4: # Cache stats
   hGETS: 0 # GETS hits
   hGETX: 0 # GETX hits
   mGETS: 63317 # GETS misses
   mGETXIM: 250064 # GETX I->M misses
   mGETXSM: 9 # GETX S->M misses (upgrade misses)
   PUTS: 62540 # Clean evictions (from lower level)
   PUTX: 249625 # Dirty evictions (from lower level)
   INV: 18447 # Invalidates (from upper level)
   INVX: 21 # Downgrades (from upper level)
   FWD: 0 # Forwards (from upper level)
   latGETnl: 81923116 # GET request latency on next level
   latGETnet: 0 # GET request latency on network to next level
  l2-5: # Cache stats
   hGETS: 0 # GETS hits
   hGETX: 0 # GETX hits
   mGETS: 63318 # GETS misses
   mGETXIM: 250055 # GETX I->M misses
   mGETXSM: 8 # GETX S->M misses (upgrade misses)
   PUTS: 62539 # Clean evictions (from lower level)
   PUTX: 249621 # Dirty evictions (from lower level)
   INV: 19172 # Invalidates (from upper level)
   INVX: 16 # Downgrades (from upper level)
   FWD: 0 # Forwards (from upper level)
   latGETnl: 81920716 # GET request latency on next level
   latGETnet: 0 # GET request latency on network to next level
  l2-6: # Cache stats
   hGETS: 0 # GETS hits
   hGETX: 0 # GETX hits
   mGETS: 63282 # GETS misses
   mGETXIM: 250056 # GETX I->M misses
   mGETXSM: 4 # GETX S->M misses (upgrade misses)
   PUTS: 62531 # Clean evictions (from lower level)
   PUTX: 249625 # Dirty evictions (from lower level)
   INV: 18604 # Invalidates (from upper level)
   INVX: 12 # Downgrades (from upper level)
   FWD: 0 # Forwards (from upper level)
   latGETnl: 81923365 # GET request latency on next level
   latGETnet: 0 # GET request latency on network to next level
  l2-7: # Cache stats
   hGETS: 0 # GETS hits
   hGETX: 0 # GETX hits
   mGETS: 63317 # GETS misses
   mGETXIM: 250059 # GETX I->M misses
   mGETXSM: 8 # GETX S->M misses (upgrade misses)
   PUTS: 62539 # Clean evictions (from lower level)
   PUTX: 249621 # Dirty evictions (from lower level)
   INV: 22043 # Invalidates (from upper level)
   INVX: 18 # Downgrades (from upper level)
   FWD: 0 # Forwards (from upper level)
   latGETnl: 81919702 # GET request latency on next level
   latGETnet: 0 # GET request latency on network to next level
  l2-8: # Cache stats
   hGETS: 0 # GETS hits
   hGETX: 0 # GETX hits
   mGETS: 63284 # GETS misses
   mGETXIM: 250056 # GETX I->M misses
   mGETXSM: 6 # GETX S->M misses (upgrade misses)
   PUTS: 62530 # Clean evictions (from lower level)
   PUTX: 249624 # Dirty evictions (from lower level)
   INV: 19322 # Invalidates (from upper level)
   INVX: 13 # Downgrades (from upper level)
   FWD: 0 # Forwards (from upper level)
   latGETnl: 81922696 # GET request latency on next level
   latGETnet: 0 # GET request latency on network to next level
  l2-9: # Cache stats
   hGETS: 0 # GETS hits
   hGETX: 0 # GETX hits
   mGETS: 63286 # GETS misses
   mGETXIM: 250058 # GETX I->M misses
   mGETXSM: 6 # GETX S->M misses (upgrade misses)
   PUTS: 62529 # Clean evictions (from lower level)
   PUTX: 249626 # Dirty evictions (from lower level)
   INV: 18300 # Invalidates (from upper level)
   INVX: 16 # Downgrades (from upper level)
   FWD: 0 # Forwards (from upper level)
   latGETnl: 81923196 # GET request latency on next level
   latGETnet: 0 # GET request latency on network to next level
  l2-10: # Cache stats
   hGETS: 0 # GETS hits
   hGETX: 0 # GETX hits
   mGETS: 63286 # GETS misses
   mGETXIM: 250045 # GETX I->M misses
   mGETXSM: 5 # GETX S->M misses (upgrade misses)
   PUTS: 62529 # Clean evictions (from lower level)
   PUTX: 249616 # Dirty evictions (from lower level)
   INV: 18400 # Invalidates (from upper level)
   INVX: 29 # Downgrades (from upper level)
   FWD: 0 # Forwards (from upper level)
   latGETnl: 81923354 # GET request latency on next level
   latGETnet: 0 # GET request latency on network to next level
  l2-11: # Cache stats
   hGETS: 0 # GETS hits
   hGETX: 0 # GETX hits
   mGETS: 63308 # GETS misses
   mGETXIM: 250072 # GETX I->M misses
   mGETXSM: 9 # GETX S->M misses (upgrade misses)
   PUTS: 62535 # Clean evictions (from lower level)
   PUTX: 249640 # Dirty evictions (from lower level)
   INV: 29328 # Invalidates (from upper level)
   INVX: 13 # Downgrades (from upper level)
   FWD: 0 # Forwards (from upper level)
   latGETnl: 81925568 # GET request latency on next level
   latGETnet: 0 # GET request latency on network to next level
  l2-12: # Cache stats
   hGETS: 0 # GETS hits
   hGETX: 0 # GETX hits
   mGETS: 63282 # GETS misses
   mGETXIM: 250055 # GETX I->M misses
   mGETXSM: 6 # GETX S->M misses (upgrade misses)
   PUTS: 62529 # Clean evictions (from lower level)
   PUTX: 249623 # Dirty evictions (from lower level)
   INV: 18457 # Invalidates (from upper level)
   INVX: 11 # Downgrades (from upper level)
   FWD: 0 # Forwards (from upper level)
   latGETnl: 81918410 # GET request latency on next level
   latGETnet: 0 # GET request latency on network to next level
  l2-13: # Cache stats
   hGETS: 0 # GETS hits
   hGETX: 0 # GETX hits
   mGETS: 63275 # GETS misses
   mGETXIM: 250053 # GETX I->M misses
   mGETXSM: 4 # GETX S->M misses (upgrade misses)
   PUTS: 62530 # Clean evictions (from lower level)
   PUTX: 249623 # Dirty evictions (from lower level)
   INV: 20097 # Invalidates (from upper level)
   INVX: 6 # Downgrades (from upper level)
   FWD: 0 # Forwards (from upper level)
   latGETnl: 81919958 # GET request latency on next level
   latGETnet: 0 # GET request latency on network to next level
  l2-14: # Cache stats
   hGETS: 0 # GETS hits
   hGETX: 0 # GETX hits
   mGETS: 63286 # GETS misses
   mGETXIM: 250054 # GETX I->M misses
   mGETXSM: 5 # GETX S->M misses (upgrade misses)
   PUTS: 62531 # Clean evictions (from lower level)
   PUTX: 249623 # Dirty evictions (from lower level)
   INV: 18606 # Invalidates (from upper level)
   INVX: 1 # Downgrades (from upper level)
   FWD: 0 # Forwards (from upper level)
   latGETnl: 81916136 # GET request latency on next level
   latGETnet: 0 # GET request latency on network to next level
  l2-15: # Cache stats
   hGETS: 0 # GETS hits
   hGETX: 0 # GETX hits
   mGETS: 63284 # GETS misses
   mGETXIM: 250049 # GETX I->M misses
   mGETXSM: 5 # GETX S->M misses (upgrade misses)
   PUTS: 62529 # Clean evictions (from lower level)
   PUTX: 249623 # Dirty evictions (from lower level)
   INV: 18299 # Invalidates (from upper level)
   INVX: 3 # Downgrades (from upper level)
   FWD: 0 # Forwards (from upper level)
   latGETnl: 81917227 # GET request latency on next level
   latGETnet: 0 # GET request latency on network to next level
  l2-16: # Cache stats
   hGETS: 0 # GETS hits
   hGETX: 0 # GETX hits
   mGETS: 63388 # GETS misses
   mGETXIM: 249914 # GETX I->M misses
   mGETXSM: 14 # GETX S->M misses (upgrade misses)
   PUTS: 62549 # Clean evictions (from lower level)
   PUTX: 249497 # Dirty evictions (from lower level)
   INV: 22233 # Invalidates (from upper level)
   INVX: 2 # Downgrades (from upper level)
   FWD: 0 # Forwards (from upper level)
   latGETnl: 81895554 # GET request latency on next level
   latGETnet: 0 # GET request latency on network to next level
  l2-17: # Cache stats
   hGETS: 0 # GETS hits
   hGETX: 0 # GETX hits
   mGETS: 63283 # GETS misses
   mGETXIM: 250053 # GETX I->M misses
   mGETXSM: 5 # GETX S->M misses (upgrade misses)
   PUTS: 62529 # Clean evictions (from lower level)
   PUTX: 249623 # Dirty evictions (from lower level)
   INV: 20219 # Invalidates (from upper level)
   INVX: 3 # Downgrades (from upper level)
   FWD: 0 # Forwards (from upper level)
   latGETnl: 81916691 # GET request latency on next level
   latGETnet: 0 # GET request latency on network to next level
  l2-18: # Cache stats
   hGETS: 0 # GETS hits
   hGETX: 0 # GETX hits
   mGETS: 63275 # GETS misses
   mGETXIM: 250044 # GETX I->M misses
   mGETXSM: 4 # GETX S->M misses (upgrade misses)
   PUTS: 62531 # Clean evictions (from lower level)
   PUTX: 249617 # Dirty evictions (from lower level)
   INV: 18399 # Invalidates (from upper level)
   INVX: 1 # Downgrades (from upper level)
   FWD: 0 # Forwards (from upper level)
   latGETnl: 81913944 # GET request latency on next level
   latGETnet: 0 # GET request latency on network to next level
  l2-19: # Cache stats
   hGETS: 0 # GETS hits
   hGETX: 0 # GETX hits
   mGETS: 63284 # GETS misses
   mGETXIM: 250059 # GETX I->M misses
   mGETXSM: 5 # GETX S->M misses (upgrade misses)
   PUTS: 62529 # Clean evictions (from lower level)
   PUTX: 249624 # Dirty evictions (from lower level)
   INV: 21131 # Invalidates (from upper level)
   INVX: 2 # Downgrades (from upper level)
   FWD: 0 # Forwards (from upper level)
   latGETnl: 81915333 # GET request latency on next level
   latGETnet: 0 # GET request latency on network to next level
  l2-20: # Cache stats
   hGETS: 0 # GETS hits
   hGETX: 0 # GETX hits
   mGETS: 63285 # GETS misses
   mGETXIM: 250057 # GETX I->M misses
   mGETXSM: 6 # GETX S->M misses (upgrade misses)
   PUTS: 62529 # Clean evictions (from lower level)
   PUTX: 249624 # Dirty evictions (from lower level)
   INV: 18580 # Invalidates (from upper level)
   INVX: 2 # Downgrades (from upper level)
   FWD: 0 # Forwards (from upper level)
   latGETnl: 81916261 # GET request latency on next level
   latGETnet: 0 # GET request latency on network to next level
  l2-21: # Cache stats
   hGETS: 0 # GETS hits
   hGETX: 0 # GETX hits
   mGETS: 63292 # GETS misses
   mGETXIM: 250042 # GETX I->M misses
   mGETXSM: 6 # GETX S->M misses (upgrade misses)
   PUTS: 62528 # Clean evictions (from lower level)
   PUTX: 249616 # Dirty evictions (from lower level)
   INV: 20256 # Invalidates (from upper level)
   INVX: 2 # Downgrades (from upper level)
   FWD: 0 # Forwards (from upper level)
   latGETnl: 81914615 # GET request latency on next level
   latGETnet: 0 # GET request latency on network to next level
  l2-22: # Cache stats
   hGETS: 0 # GETS hits
   hGETX: 0 # GETX hits
   mGETS: 63282 # GETS misses
   mGETXIM: 250028 # GETX I->M misses
   mGETXSM: 5 # GETX S->M misses (upgrade misses)
   PUTS: 62525 # Clean evictions (from lower level)
   PUTX: 249607 # Dirty evictions (from lower level)
   INV: 29720 # Invalidates (from upper level)
   INVX: 2 # Downgrades (from upper level)
   FWD: 0 # Forwards (from upper level)
   latGETnl: 81911187 # GET request latency on next level
   latGETnet: 0 # GET request latency on network to next level
  l2-23: # Cache stats
   hGETS: 0 # GETS hits
   hGETX: 0 # GETX hits
   mGETS: 0 # GETS misses
   mGETXIM: 0 # GETX I->M misses
   mGETXSM: 0 # GETX S->M misses (upgrade misses)
   PUTS: 0 # Clean evictions (from lower level)
   PUTX: 0 # Dirty evictions (from lower level)
   INV: 0 # Invalidates (from upper level)
   INVX: 0 # Downgrades (from upper level)
   FWD: 0 # Forwards (from upper level)
   latGETnl: 0 # GET request latency on next level
   latGETnet: 0 # GET request latency on network to next level
 l3: # Cache stats
  l3-0b0: # Cache stats
   hGETS: 351 # GETS hits
   hGETX: 82 # GETX hits
   mGETS: 59988 # GETS misses
   mGETXIM: 239625 # GETX I->M misses
   mGETXSM: 0 # GETX S->M misses (upgrade misses)
   PUTS: 53704 # Clean evictions (from lower level)
   PUTX: 211617 # Dirty evictions (from lower level)
   INV: 0 # Invalidates (from upper level)
   INVX: 0 # Downgrades (from upper level)
   FWD: 0 # Forwards (from upper level)
   latGETnl: 67412925 # GET request latency on next level
   latGETnet: 0 # GET request latency on network to next level
  l3-0b1: # Cache stats
   hGETS: 781 # GETS hits
   hGETX: 44 # GETX hits
   mGETS: 59849 # GETS misses
   mGETXIM: 239625 # GETX I->M misses
   mGETXSM: 0 # GETX S->M misses (upgrade misses)
   PUTS: 53897 # Clean evictions (from lower level)
   PUTX: 211588 # Dirty evictions (from lower level)
   INV: 0 # Invalidates (from upper level)
   INVX: 0 # Downgrades (from upper level)
   FWD: 0 # Forwards (from upper level)
   latGETnl: 67381650 # GET request latency on next level
   latGETnet: 0 # GET request latency on network to next level
  l3-0b2: # Cache stats
   hGETS: 173 # GETS hits
   hGETX: 42 # GETX hits
   mGETS: 59669 # GETS misses
   mGETXIM: 239628 # GETX I->M misses
   mGETXSM: 0 # GETX S->M misses (upgrade misses)
   PUTS: 53125 # Clean evictions (from lower level)
   PUTX: 211644 # Dirty evictions (from lower level)
   INV: 0 # Invalidates (from upper level)
   INVX: 0 # Downgrades (from upper level)
   FWD: 0 # Forwards (from upper level)
   latGETnl: 67341825 # GET request latency on next level
   latGETnet: 0 # GET request latency on network to next level
  l3-0b3: # Cache stats
   hGETS: 286 # GETS hits
   hGETX: 50 # GETX hits
   mGETS: 60037 # GETS misses
   mGETXIM: 239625 # GETX I->M misses
   mGETXSM: 0 # GETX S->M misses (upgrade misses)
   PUTS: 53720 # Clean evictions (from lower level)
   PUTX: 211723 # Dirty evictions (from lower level)
   INV: 0 # Invalidates (from upper level)
   INVX: 0 # Downgrades (from upper level)
   FWD: 0 # Forwards (from upper level)
   latGETnl: 67423950 # GET request latency on next level
   latGETnet: 0 # GET request latency on network to next level
  l3-0b4: # Cache stats
   hGETS: 232 # GETS hits
   hGETX: 42 # GETX hits
   mGETS: 59899 # GETS misses
   mGETXIM: 239624 # GETX I->M misses
   mGETXSM: 0 # GETX S->M misses (upgrade misses)
   PUTS: 53648 # Clean evictions (from lower level)
   PUTX: 211630 # Dirty evictions (from lower level)
   INV: 0 # Invalidates (from upper level)
   INVX: 0 # Downgrades (from upper level)
   FWD: 0 # Forwards (from upper level)
   latGETnl: 67392675 # GET request latency on next level
   latGETnet: 0 # GET request latency on network to next level
  l3-0b5: # Cache stats
   hGETS: 304 # GETS hits
   hGETX: 35 # GETX hits
   mGETS: 59908 # GETS misses
   mGETXIM: 239626 # GETX I->M misses
   mGETXSM: 0 # GETX S->M misses (upgrade misses)
   PUTS: 53645 # Clean evictions (from lower level)
   PUTX: 211558 # Dirty evictions (from lower level)
   INV: 0 # Invalidates (from upper level)
   INVX: 0 # Downgrades (from upper level)
   FWD: 0 # Forwards (from upper level)
   latGETnl: 67395150 # GET request latency on next level
   latGETnet: 0 # GET request latency on network to next level
  l3-0b6: # Cache stats
   hGETS: 591 # GETS hits
   hGETX: 44 # GETX hits
   mGETS: 60066 # GETS misses
   mGETXIM: 239626 # GETX I->M misses
   mGETXSM: 0 # GETX S->M misses (upgrade misses)
   PUTS: 54024 # Clean evictions (from lower level)
   PUTX: 211590 # Dirty evictions (from lower level)
   INV: 0 # Invalidates (from upper level)
   INVX: 0 # Downgrades (from upper level)
   FWD: 0 # Forwards (from upper level)
   latGETnl: 67430700 # GET request latency on next level
   latGETnet: 0 # GET request latency on network to next level
  l3-0b7: # Cache stats
   hGETS: 603 # GETS hits
   hGETX: 75 # GETX hits
   mGETS: 59955 # GETS misses
   mGETXIM: 239627 # GETX I->M misses
   mGETXSM: 0 # GETX S->M misses (upgrade misses)
   PUTS: 53989 # Clean evictions (from lower level)
   PUTX: 211614 # Dirty evictions (from lower level)
   INV: 0 # Invalidates (from upper level)
   INVX: 0 # Downgrades (from upper level)
   FWD: 0 # Forwards (from upper level)
   latGETnl: 67405950 # GET request latency on next level
   latGETnet: 0 # GET request latency on network to next level
  l3-0b8: # Cache stats
   hGETS: 696 # GETS hits
   hGETX: 40 # GETX hits
   mGETS: 59983 # GETS misses
   mGETXIM: 239635 # GETX I->M misses
   mGETXSM: 0 # GETX S->M misses (upgrade misses)
   PUTS: 54163 # Clean evictions (from lower level)
   PUTX: 211721 # Dirty evictions (from lower level)
   INV: 0 # Invalidates (from upper level)
   INVX: 0 # Downgrades (from upper level)
   FWD: 0 # Forwards (from upper level)
   latGETnl: 67414050 # GET request latency on next level
   latGETnet: 0 # GET request latency on network to next level
  l3-0b9: # Cache stats
   hGETS: 693 # GETS hits
   hGETX: 27 # GETX hits
   mGETS: 59841 # GETS misses
   mGETXIM: 239636 # GETX I->M misses
   mGETXSM: 0 # GETX S->M misses (upgrade misses)
   PUTS: 53837 # Clean evictions (from lower level)
   PUTX: 211612 # Dirty evictions (from lower level)
   INV: 0 # Invalidates (from upper level)
   INVX: 0 # Downgrades (from upper level)
   FWD: 0 # Forwards (from upper level)
   latGETnl: 67382325 # GET request latency on next level
   latGETnet: 0 # GET request latency on network to next level
  l3-0b10: # Cache stats
   hGETS: 1146 # GETS hits
   hGETX: 1 # GETX hits
   mGETS: 59876 # GETS misses
   mGETXIM: 239633 # GETX I->M misses
   mGETXSM: 0 # GETX S->M misses (upgrade misses)
   PUTS: 54310 # Clean evictions (from lower level)
   PUTX: 211645 # Dirty evictions (from lower level)
   INV: 0 # Invalidates (from upper level)
   INVX: 0 # Downgrades (from upper level)
   FWD: 0 # Forwards (from upper level)
   latGETnl: 67389525 # GET request latency on next level
   latGETnet: 0 # GET request latency on network to next level
  l3-0b11: # Cache stats
   hGETS: 819 # GETS hits
   hGETX: 14 # GETX hits
   mGETS: 59845 # GETS misses
   mGETXIM: 239634 # GETX I->M misses
   mGETXSM: 0 # GETX S->M misses (upgrade misses)
   PUTS: 54159 # Clean evictions (from lower level)
   PUTX: 211450 # Dirty evictions (from lower level)
   INV: 0 # Invalidates (from upper level)
   INVX: 0 # Downgrades (from upper level)
   FWD: 0 # Forwards (from upper level)
   latGETnl: 67382775 # GET request latency on next level
   latGETnet: 0 # GET request latency on network to next level
  l3-0b12: # Cache stats
   hGETS: 1179 # GETS hits
   hGETX: 21 # GETX hits
   mGETS: 59972 # GETS misses
   mGETXIM: 239627 # GETX I->M misses
   mGETXSM: 0 # GETX S->M misses (upgrade misses)
   PUTS: 54469 # Clean evictions (from lower level)
   PUTX: 211620 # Dirty evictions (from lower level)
   INV: 0 # Invalidates (from upper level)
   INVX: 0 # Downgrades (from upper level)
   FWD: 0 # Forwards (from upper level)
   latGETnl: 67409775 # GET request latency on next level
   latGETnet: 0 # GET request latency on network to next level
  l3-0b13: # Cache stats
   hGETS: 1129 # GETS hits
   hGETX: 8 # GETX hits
   mGETS: 59974 # GETS misses
   mGETXIM: 239632 # GETX I->M misses
   mGETXSM: 0 # GETX S->M misses (upgrade misses)
   PUTS: 54540 # Clean evictions (from lower level)
   PUTX: 211592 # Dirty evictions (from lower level)
   INV: 0 # Invalidates (from upper level)
   INVX: 0 # Downgrades (from upper level)
   FWD: 0 # Forwards (from upper level)
   latGETnl: 67411350 # GET request latency on next level
   latGETnet: 0 # GET request latency on network to next level
  l3-0b14: # Cache stats
   hGETS: 1187 # GETS hits
   hGETX: 24 # GETX hits
   mGETS: 59779 # GETS misses
   mGETXIM: 239631 # GETX I->M misses
   mGETXSM: 0 # GETX S->M misses (upgrade misses)
   PUTS: 54478 # Clean evictions (from lower level)
   PUTX: 211589 # Dirty evictions (from lower level)
   INV: 0 # Invalidates (from upper level)
   INVX: 0 # Downgrades (from upper level)
   FWD: 0 # Forwards (from upper level)
   latGETnl: 67367250 # GET request latency on next level
   latGETnet: 0 # GET request latency on network to next level
  l3-0b15: # Cache stats
   hGETS: 1128 # GETS hits
   hGETX: 27 # GETX hits
   mGETS: 59961 # GETS misses
   mGETXIM: 239631 # GETX I->M misses
   mGETXSM: 0 # GETX S->M misses (upgrade misses)
   PUTS: 54464 # Clean evictions (from lower level)
   PUTX: 211573 # Dirty evictions (from lower level)
   INV: 0 # Invalidates (from upper level)
   INVX: 0 # Downgrades (from upper level)
   FWD: 0 # Forwards (from upper level)
   latGETnl: 67408200 # GET request latency on next level
   latGETnet: 0 # GET request latency on network to next level
  l3-0b16: # Cache stats
   hGETS: 883 # GETS hits
   hGETX: 21 # GETX hits
   mGETS: 59973 # GETS misses
   mGETXIM: 239546 # GETX I->M misses
   mGETXSM: 0 # GETX S->M misses (upgrade misses)
   PUTS: 54375 # Clean evictions (from lower level)
   PUTX: 211596 # Dirty evictions (from lower level)
   INV: 0 # Invalidates (from upper level)
   INVX: 0 # Downgrades (from upper level)
   FWD: 0 # Forwards (from upper level)
   latGETnl: 67391775 # GET request latency on next level
   latGETnet: 0 # GET request latency on network to next level
  l3-0b17: # Cache stats
   hGETS: 767 # GETS hits
   hGETX: 15 # GETX hits
   mGETS: 59829 # GETS misses
   mGETXIM: 239537 # GETX I->M misses
   mGETXSM: 0 # GETX S->M misses (upgrade misses)
   PUTS: 54046 # Clean evictions (from lower level)
   PUTX: 211593 # Dirty evictions (from lower level)
   INV: 0 # Invalidates (from upper level)
   INVX: 0 # Downgrades (from upper level)
   FWD: 0 # Forwards (from upper level)
   latGETnl: 67357350 # GET request latency on next level
   latGETnet: 0 # GET request latency on network to next level
  l3-0b18: # Cache stats
   hGETS: 707 # GETS hits
   hGETX: 44 # GETX hits
   mGETS: 59947 # GETS misses
   mGETXIM: 239545 # GETX I->M misses
   mGETXSM: 0 # GETX S->M misses (upgrade misses)
   PUTS: 54070 # Clean evictions (from lower level)
   PUTX: 211577 # Dirty evictions (from lower level)
   INV: 0 # Invalidates (from upper level)
   INVX: 0 # Downgrades (from upper level)
   FWD: 0 # Forwards (from upper level)
   latGETnl: 67385700 # GET request latency on next level
   latGETnet: 0 # GET request latency on network to next level
  l3-0b19: # Cache stats
   hGETS: 751 # GETS hits
   hGETX: 78 # GETX hits
   mGETS: 60062 # GETS misses
   mGETXIM: 239543 # GETX I->M misses
   mGETXSM: 0 # GETX S->M misses (upgrade misses)
   PUTS: 54286 # Clean evictions (from lower level)
   PUTX: 211684 # Dirty evictions (from lower level)
   INV: 0 # Invalidates (from upper level)
   INVX: 0 # Downgrades (from upper level)
   FWD: 0 # Forwards (from upper level)
   latGETnl: 67411125 # GET request latency on next level
   latGETnet: 0 # GET request latency on network to next level
  l3-0b20: # Cache stats
   hGETS: 684 # GETS hits
   hGETX: 15 # GETX hits
   mGETS: 60043 # GETS misses
   mGETXIM: 239543 # GETX I->M misses
   mGETXSM: 0 # GETX S->M misses (upgrade misses)
   PUTS: 54352 # Clean evictions (from lower level)
   PUTX: 211562 # Dirty evictions (from lower level)
   INV: 0 # Invalidates (from upper level)
   INVX: 0 # Downgrades (from upper level)
   FWD: 0 # Forwards (from upper level)
   latGETnl: 67406850 # GET request latency on next level
   latGETnet: 0 # GET request latency on network to next level
  l3-0b21: # Cache stats
   hGETS: 722 # GETS hits
   hGETX: 20 # GETX hits
   mGETS: 60037 # GETS misses
   mGETXIM: 239546 # GETX I->M misses
   mGETXSM: 0 # GETX S->M misses (upgrade misses)
   PUTS: 54241 # Clean evictions (from lower level)
   PUTX: 211621 # Dirty evictions (from lower level)
   INV: 0 # Invalidates (from upper level)
   INVX: 0 # Downgrades (from upper level)
   FWD: 0 # Forwards (from upper level)
   latGETnl: 67406175 # GET request latency on next level
   latGETnet: 0 # GET request latency on network to next level
  l3-0b22: # Cache stats
   hGETS: 830 # GETS hits
   hGETX: 47 # GETX hits
   mGETS: 60098 # GETS misses
   mGETXIM: 239549 # GETX I->M misses
   mGETXSM: 0 # GETX S->M misses (upgrade misses)
   PUTS: 54394 # Clean evictions (from lower level)
   PUTX: 211511 # Dirty evictions (from lower level)
   INV: 0 # Invalidates (from upper level)
   INVX: 0 # Downgrades (from upper level)
   FWD: 0 # Forwards (from upper level)
   latGETnl: 67420575 # GET request latency on next level
   latGETnet: 0 # GET request latency on network to next level
  l3-0b23: # Cache stats
   hGETS: 762 # GETS hits
   hGETX: 48 # GETX hits
   mGETS: 60040 # GETS misses
   mGETXIM: 239547 # GETX I->M misses
   mGETXSM: 0 # GETX S->M misses (upgrade misses)
   PUTS: 54367 # Clean evictions (from lower level)
   PUTX: 211635 # Dirty evictions (from lower level)
   INV: 0 # Invalidates (from upper level)
   INVX: 0 # Downgrades (from upper level)
   FWD: 0 # Forwards (from upper level)
   latGETnl: 67407075 # GET request latency on next level
   latGETnet: 0 # GET request latency on network to next level
 mem: # Memory controller stats
  mem-0: # Memory controller stats
   rd: 7169573 # Read requests
   wr: 5273003 # Write requests
   rdlat: 2080873226 # Total latency experienced by read requests
   wrlat: 1557613510 # Total latency experienced by write requests
 sched: # Scheduler stats
  thCr: 25 # Threads created
  thFn: 25 # Threads finished
  schedEvs: 26 # Schedule events
  waitEvs: 2 # Wait events
  handoffEvs: 1 # Handoff events
  sleepEvs: 1 # Sleep events
  idlePhases: 0 # Phases with no thread active
  idlePeriods: 0 # Periods with no thread active
  occHist: # Occupancy histogram
   0: 0
   1: 36
   2: 0
   3: 2
   4: 2
   5: 1
   6: 1
   7: 0
   8: 1
   9: 0
   10: 0
   11: 0
   12: 1
   13: 0
   14: 1
   15: 0
   16: 0
   17: 1
   18: 0
   19: 0
   20: 1
   21: 0
   22: 1
   23: 44673
   24: 0
  rqSzHist: # Run queue size histogram
   0: 44692
   1: 29
   2: 0
   3: 0
   4: 0
   5: 0
   6: 0
   7: 0
   8: 0
   9: 0
   10: 0
   11: 0
   12: 0
   13: 0
   14: 0
   15: 0
   16: 0
   17: 0
   18: 0
   19: 0
   20: 0
   21: 0
   22: 0
   23: 0
   24: 0
 procCycles: # Per-process unhalted core cycles
  0: 1027636008
  1: 0
  2: 0
  3: 0
  4: 0
  5: 0
  6: 0
  7: 0
  8: 0
  9: 0
  10: 0
  11: 0
  12: 0
  13: 0
  14: 0
  15: 0
  16: 0
  17: 0
  18: 0
  19: 0
  20: 0
  21: 0
  22: 0
  23: 0
  24: 0
  25: 0
  26: 0
  27: 0
  28: 0
  29: 0
  30: 0
  31: 0
  32: 0
  33: 0
  34: 0
  35: 0
  36: 0
  37: 0
  38: 0
  39: 0
  40: 0
  41: 0
  42: 0
  43: 0
  44: 0
  45: 0
  46: 0
  47: 0
  48: 0
  49: 0
  50: 0
  51: 0
  52: 0
  53: 0
  54: 0
  55: 0
  56: 0
  57: 0
  58: 0
  59: 0
  60: 0
  61: 0
  62: 0
  63: 0
 procInstrs: # Per-process instructions
  0: 1224486900
  1: 0
  2: 0
  3: 0
  4: 0
  5: 0
  6: 0
  7: 0
  8: 0
  9: 0
  10: 0
  11: 0
  12: 0
  13: 0
  14: 0
  15: 0
  16: 0
  17: 0
  18: 0
  19: 0
  20: 0
  21: 0
  22: 0
  23: 0
  24: 0
  25: 0
  26: 0
  27: 0
  28: 0
  29: 0
  30: 0
  31: 0
  32: 0
  33: 0
  34: 0
  35: 0
  36: 0
  37: 0
  38: 0
  39: 0
  40: 0
  41: 0
  42: 0
  43: 0
  44: 0
  45: 0
  46: 0
  47: 0
  48: 0
  49: 0
  50: 0
  51: 0
  52: 0
  53: 0
  54: 0
  55: 0
  56: 0
  57: 0
  58: 0
  59: 0
  60: 0
  61: 0
  62: 0
  63: 0
 heartbeats: # Per-process heartbeats
  0: 0
  1: 0
  2: 0
  3: 0
  4: 0
  5: 0
  6: 0
  7: 0
  8: 0
  9: 0
  10: 0
  11: 0
  12: 0
  13: 0
  14: 0
  15: 0
  16: 0
  17: 0
  18: 0
  19: 0
  20: 0
  21: 0
  22: 0
  23: 0
  24: 0
  25: 0
  26: 0
  27: 0
  28: 0
  29: 0
  30: 0
  31: 0
  32: 0
  33: 0
  34: 0
  35: 0
  36: 0
  37: 0
  38: 0
  39: 0
  40: 0
  41: 0
  42: 0
  43: 0
  44: 0
  45: 0
  46: 0
  47: 0
  48: 0
  49: 0
  50: 0
  51: 0
  52: 0
  53: 0
  54: 0
  55: 0
  56: 0
  57: 0
  58: 0
  59: 0
  60: 0
  61: 0
  62: 0
  63: 0
===
