# zsim stats
===
root: # Stats
 contention: # Contention simulation stats
  domain-0: # Domain stats
   time: 13579546945 # Weave simulation time
 time: # Simulator time breakdown
  init: 3369711012
  bound: 70246932040
  weave: 17130556992
  ff: 40778
 trigger: 20000 # Reason for this stats dump
 phase: 55008 # Simulated phases
 reqCycles: 0 # Requeue Cycles
 skylake: # Core stats
  skylake-0: # Core stats
   cycles: 55008616 # Simulated unhalted cycles
   cCycles: 35080089 # Cycles due to contention stalls
   instrs: 22184249 # Simulated instructions
   uops: 16940300 # issued micro-ops
   bbls: 6771328 # Basic blocks
   approxInstrs: 1082166 # Instrs with approx uop decoding
   mispredBranches: 157394 # Mispredicted branches
   IdqNotDelivered: 19873447 # Stalls no uop delivered when no Bkend Stall
   IntMiscRecoveryCycles: 1274945 # Stalls waiting machine clears
   uops executed: 17679886 # Executed microoperations
  skylake-1: # Core stats
   cycles: 54972626 # Simulated unhalted cycles
   cCycles: 35066391 # Cycles due to contention stalls
   instrs: 22204913 # Simulated instructions
   uops: 16955663 # issued micro-ops
   bbls: 6777773 # Basic blocks
   approxInstrs: 1083226 # Instrs with approx uop decoding
   mispredBranches: 157513 # Mispredicted branches
   IdqNotDelivered: 19850828 # Stalls no uop delivered when no Bkend Stall
   IntMiscRecoveryCycles: 1266493 # Stalls waiting machine clears
   uops executed: 17696015 # Executed microoperations
  skylake-2: # Core stats
   cycles: 54971302 # Simulated unhalted cycles
   cCycles: 35083641 # Cycles due to contention stalls
   instrs: 22175629 # Simulated instructions
   uops: 16933109 # issued micro-ops
   bbls: 6768892 # Basic blocks
   approxInstrs: 1081819 # Instrs with approx uop decoding
   mispredBranches: 157314 # Mispredicted branches
   IdqNotDelivered: 19832230 # Stalls no uop delivered when no Bkend Stall
   IntMiscRecoveryCycles: 1267338 # Stalls waiting machine clears
   uops executed: 17672501 # Executed microoperations
  skylake-3: # Core stats
   cycles: 54970651 # Simulated unhalted cycles
   cCycles: 35086165 # Cycles due to contention stalls
   instrs: 22178587 # Simulated instructions
   uops: 16935471 # issued micro-ops
   bbls: 6769760 # Basic blocks
   approxInstrs: 1081951 # Instrs with approx uop decoding
   mispredBranches: 157328 # Mispredicted branches
   IdqNotDelivered: 19829019 # Stalls no uop delivered when no Bkend Stall
   IntMiscRecoveryCycles: 1266312 # Stalls waiting machine clears
   uops executed: 17674953 # Executed microoperations
  skylake-4: # Core stats
   cycles: 54968636 # Simulated unhalted cycles
   cCycles: 35081452 # Cycles due to contention stalls
   instrs: 22185223 # Simulated instructions
   uops: 16940541 # issued micro-ops
   bbls: 6771786 # Basic blocks
   approxInstrs: 1082275 # Instrs with approx uop decoding
   mispredBranches: 157376 # Mispredicted branches
   IdqNotDelivered: 19832191 # Stalls no uop delivered when no Bkend Stall
   IntMiscRecoveryCycles: 1265736 # Stalls waiting machine clears
   uops executed: 17680221 # Executed microoperations
  skylake-5: # Core stats
   cycles: 54967616 # Simulated unhalted cycles
   cCycles: 35078782 # Cycles due to contention stalls
   instrs: 22190148 # Simulated instructions
   uops: 16944300 # issued micro-ops
   bbls: 6773289 # Basic blocks
   approxInstrs: 1082515 # Instrs with approx uop decoding
   mispredBranches: 157410 # Mispredicted branches
   IdqNotDelivered: 19833802 # Stalls no uop delivered when no Bkend Stall
   IntMiscRecoveryCycles: 1266124 # Stalls waiting machine clears
   uops executed: 17684147 # Executed microoperations
  skylake-6: # Core stats
   cycles: 54966618 # Simulated unhalted cycles
   cCycles: 35072375 # Cycles due to contention stalls
   instrs: 22195008 # Simulated instructions
   uops: 16948010 # issued micro-ops
   bbls: 6774772 # Basic blocks
   approxInstrs: 1082755 # Instrs with approx uop decoding
   mispredBranches: 157446 # Mispredicted branches
   IdqNotDelivered: 19839217 # Stalls no uop delivered when no Bkend Stall
   IntMiscRecoveryCycles: 1266475 # Stalls waiting machine clears
   uops executed: 17688018 # Executed microoperations
  skylake-7: # Core stats
   cycles: 54966615 # Simulated unhalted cycles
   cCycles: 35071181 # Cycles due to contention stalls
   instrs: 22188625 # Simulated instructions
   uops: 16942872 # issued micro-ops
   bbls: 6772881 # Basic blocks
   approxInstrs: 1082469 # Instrs with approx uop decoding
   mispredBranches: 157398 # Mispredicted branches
   IdqNotDelivered: 19840501 # Stalls no uop delivered when no Bkend Stall
   IntMiscRecoveryCycles: 1266795 # Stalls waiting machine clears
   uops executed: 17682698 # Executed microoperations
  skylake-8: # Core stats
   cycles: 54965693 # Simulated unhalted cycles
   cCycles: 35075032 # Cycles due to contention stalls
   instrs: 22185432 # Simulated instructions
   uops: 16940430 # issued micro-ops
   bbls: 6771908 # Basic blocks
   approxInstrs: 1082311 # Instrs with approx uop decoding
   mispredBranches: 157376 # Mispredicted branches
   IdqNotDelivered: 19835650 # Stalls no uop delivered when no Bkend Stall
   IntMiscRecoveryCycles: 1267195 # Stalls waiting machine clears
   uops executed: 17680144 # Executed microoperations
  skylake-9: # Core stats
   cycles: 54965413 # Simulated unhalted cycles
   cCycles: 35072120 # Cycles due to contention stalls
   instrs: 22190510 # Simulated instructions
   uops: 16944308 # issued micro-ops
   bbls: 6773458 # Basic blocks
   approxInstrs: 1082559 # Instrs with approx uop decoding
   mispredBranches: 157412 # Mispredicted branches
   IdqNotDelivered: 19838300 # Stalls no uop delivered when no Bkend Stall
   IntMiscRecoveryCycles: 1266314 # Stalls waiting machine clears
   uops executed: 17684192 # Executed microoperations
  skylake-10: # Core stats
   cycles: 54965629 # Simulated unhalted cycles
   cCycles: 35080705 # Cycles due to contention stalls
   instrs: 22192269 # Simulated instructions
   uops: 16945654 # issued micro-ops
   bbls: 6773993 # Basic blocks
   approxInstrs: 1082647 # Instrs with approx uop decoding
   mispredBranches: 157424 # Mispredicted branches
   IdqNotDelivered: 19829544 # Stalls no uop delivered when no Bkend Stall
   IntMiscRecoveryCycles: 1267137 # Stalls waiting machine clears
   uops executed: 17685600 # Executed microoperations
  skylake-11: # Core stats
   cycles: 54965401 # Simulated unhalted cycles
   cCycles: 35072831 # Cycles due to contention stalls
   instrs: 22193313 # Simulated instructions
   uops: 16946679 # issued micro-ops
   bbls: 6774180 # Basic blocks
   approxInstrs: 1082658 # Instrs with approx uop decoding
   mispredBranches: 157433 # Mispredicted branches
   IdqNotDelivered: 19837154 # Stalls no uop delivered when no Bkend Stall
   IntMiscRecoveryCycles: 1267144 # Stalls waiting machine clears
   uops executed: 17686663 # Executed microoperations
  skylake-12: # Core stats
   cycles: 54964400 # Simulated unhalted cycles
   cCycles: 35062243 # Cycles due to contention stalls
   instrs: 22193259 # Simulated instructions
   uops: 16946412 # issued micro-ops
   bbls: 6774295 # Basic blocks
   approxInstrs: 1082696 # Instrs with approx uop decoding
   mispredBranches: 157431 # Mispredicted branches
   IdqNotDelivered: 19846741 # Stalls no uop delivered when no Bkend Stall
   IntMiscRecoveryCycles: 1266741 # Stalls waiting machine clears
   uops executed: 17686393 # Executed microoperations
  skylake-13: # Core stats
   cycles: 54964615 # Simulated unhalted cycles
   cCycles: 35070142 # Cycles due to contention stalls
   instrs: 22196284 # Simulated instructions
   uops: 16948708 # issued micro-ops
   bbls: 6775219 # Basic blocks
   approxInstrs: 1082845 # Instrs with approx uop decoding
   mispredBranches: 157447 # Mispredicted branches
   IdqNotDelivered: 19839126 # Stalls no uop delivered when no Bkend Stall
   IntMiscRecoveryCycles: 1266571 # Stalls waiting machine clears
   uops executed: 17688823 # Executed microoperations
  skylake-14: # Core stats
   cycles: 54963480 # Simulated unhalted cycles
   cCycles: 35072822 # Cycles due to contention stalls
   instrs: 22193190 # Simulated instructions
   uops: 16946355 # issued micro-ops
   bbls: 6774276 # Basic blocks
   approxInstrs: 1082690 # Instrs with approx uop decoding
   mispredBranches: 157431 # Mispredicted branches
   IdqNotDelivered: 19835656 # Stalls no uop delivered when no Bkend Stall
   IntMiscRecoveryCycles: 1266156 # Stalls waiting machine clears
   uops executed: 17686329 # Executed microoperations
  skylake-15: # Core stats
   cycles: 54963066 # Simulated unhalted cycles
   cCycles: 35081433 # Cycles due to contention stalls
   instrs: 22187266 # Simulated instructions
   uops: 16941829 # issued micro-ops
   bbls: 6772468 # Basic blocks
   approxInstrs: 1082400 # Instrs with approx uop decoding
   mispredBranches: 157389 # Mispredicted branches
   IdqNotDelivered: 19826601 # Stalls no uop delivered when no Bkend Stall
   IntMiscRecoveryCycles: 1266329 # Stalls waiting machine clears
   uops executed: 17681603 # Executed microoperations
  skylake-16: # Core stats
   cycles: 54963448 # Simulated unhalted cycles
   cCycles: 35072135 # Cycles due to contention stalls
   instrs: 22193754 # Simulated instructions
   uops: 16946785 # issued micro-ops
   bbls: 6774448 # Basic blocks
   approxInstrs: 1082718 # Instrs with approx uop decoding
   mispredBranches: 157435 # Mispredicted branches
   IdqNotDelivered: 19836347 # Stalls no uop delivered when no Bkend Stall
   IntMiscRecoveryCycles: 1266174 # Stalls waiting machine clears
   uops executed: 17686777 # Executed microoperations
  skylake-17: # Core stats
   cycles: 54963481 # Simulated unhalted cycles
   cCycles: 35072158 # Cycles due to contention stalls
   instrs: 22173225 # Simulated instructions
   uops: 16932587 # issued micro-ops
   bbls: 6767608 # Basic blocks
   approxInstrs: 1081407 # Instrs with approx uop decoding
   mispredBranches: 157350 # Mispredicted branches
   IdqNotDelivered: 19836390 # Stalls no uop delivered when no Bkend Stall
   IntMiscRecoveryCycles: 1268955 # Stalls waiting machine clears
   uops executed: 17671845 # Executed microoperations
  skylake-18: # Core stats
   cycles: 54962616 # Simulated unhalted cycles
   cCycles: 35068330 # Cycles due to contention stalls
   instrs: 22194277 # Simulated instructions
   uops: 16947178 # issued micro-ops
   bbls: 6774607 # Basic blocks
   approxInstrs: 1082742 # Instrs with approx uop decoding
   mispredBranches: 157437 # Mispredicted branches
   IdqNotDelivered: 19838861 # Stalls no uop delivered when no Bkend Stall
   IntMiscRecoveryCycles: 1266501 # Stalls waiting machine clears
   uops executed: 17687187 # Executed microoperations
  skylake-19: # Core stats
   cycles: 54962401 # Simulated unhalted cycles
   cCycles: 35073134 # Cycles due to contention stalls
   instrs: 22195945 # Simulated instructions
   uops: 16948463 # issued micro-ops
   bbls: 6775115 # Basic blocks
   approxInstrs: 1082827 # Instrs with approx uop decoding
   mispredBranches: 157450 # Mispredicted branches
   IdqNotDelivered: 19834259 # Stalls no uop delivered when no Bkend Stall
   IntMiscRecoveryCycles: 1266282 # Stalls waiting machine clears
   uops executed: 17688534 # Executed microoperations
  skylake-20: # Core stats
   cycles: 54962431 # Simulated unhalted cycles
   cCycles: 35077870 # Cycles due to contention stalls
   instrs: 22194037 # Simulated instructions
   uops: 16946998 # issued micro-ops
   bbls: 6774535 # Basic blocks
   approxInstrs: 1082730 # Instrs with approx uop decoding
   mispredBranches: 157437 # Mispredicted branches
   IdqNotDelivered: 19829619 # Stalls no uop delivered when no Bkend Stall
   IntMiscRecoveryCycles: 1266511 # Stalls waiting machine clears
   uops executed: 17686997 # Executed microoperations
  skylake-21: # Core stats
   cycles: 54961400 # Simulated unhalted cycles
   cCycles: 35070907 # Cycles due to contention stalls
   instrs: 22195948 # Simulated instructions
   uops: 16948465 # issued micro-ops
   bbls: 6775116 # Basic blocks
   approxInstrs: 1082827 # Instrs with approx uop decoding
   mispredBranches: 157450 # Mispredicted branches
   IdqNotDelivered: 19835599 # Stalls no uop delivered when no Bkend Stall
   IntMiscRecoveryCycles: 1266603 # Stalls waiting machine clears
   uops executed: 17688536 # Executed microoperations
  skylake-22: # Core stats
   cycles: 54961594 # Simulated unhalted cycles
   cCycles: 35062135 # Cycles due to contention stalls
   instrs: 22208296 # Simulated instructions
   uops: 16957893 # issued micro-ops
   bbls: 6778886 # Basic blocks
   approxInstrs: 1083426 # Instrs with approx uop decoding
   mispredBranches: 157538 # Mispredicted branches
   IdqNotDelivered: 19844319 # Stalls no uop delivered when no Bkend Stall
   IntMiscRecoveryCycles: 1267493 # Stalls waiting machine clears
   uops executed: 17698362 # Executed microoperations
  skylake-23: # Core stats
   cycles: 0 # Simulated unhalted cycles
   cCycles: 0 # Cycles due to contention stalls
   instrs: 0 # Simulated instructions
   uops: 0 # issued micro-ops
   bbls: 0 # Basic blocks
   approxInstrs: 0 # Instrs with approx uop decoding
   mispredBranches: 0 # Mispredicted branches
   IdqNotDelivered: 0 # Stalls no uop delivered when no Bkend Stall
   IntMiscRecoveryCycles: 0 # Stalls waiting machine clears
   uops executed: 0 # Executed microoperations
 l1d: # Cache stats
  l1d-0: # Filter cache stats
   fhGETS: 976468 # Filtered GETS hits
   fhGETX: 619370 # Filtered GETX hits
   hGETS: 217906 # GETS hits
   hGETX: 222899 # GETX hits
   mGETS: 249978 # GETS misses
   mGETXIM: 212844 # GETX I->M misses
   mGETXSM: 6 # GETX S->M misses (upgrade misses)
   PUTS: 0 # Clean evictions (from lower level)
   PUTX: 0 # Dirty evictions (from lower level)
   INV: 121 # Invalidates (from upper level)
   INVX: 77 # Downgrades (from upper level)
   FWD: 0 # Forwards (from upper level)
   latGETnl: 125848292 # GET request latency on next level
   latGETnet: 0 # GET request latency on network to next level
  l1d-1: # Filter cache stats
   fhGETS: 977168 # Filtered GETS hits
   fhGETX: 619809 # Filtered GETX hits
   hGETS: 218038 # GETS hits
   hGETX: 223090 # GETX hits
   mGETS: 250180 # GETS misses
   mGETXIM: 213016 # GETX I->M misses
   mGETXSM: 8 # GETX S->M misses (upgrade misses)
   PUTS: 0 # Clean evictions (from lower level)
   PUTX: 0 # Dirty evictions (from lower level)
   INV: 106 # Invalidates (from upper level)
   INVX: 24 # Downgrades (from upper level)
   FWD: 0 # Forwards (from upper level)
   latGETnl: 125942633 # GET request latency on next level
   latGETnet: 0 # GET request latency on network to next level
  l1d-2: # Filter cache stats
   fhGETS: 975786 # Filtered GETS hits
   fhGETX: 618945 # Filtered GETX hits
   hGETS: 217727 # GETS hits
   hGETX: 222778 # GETX hits
   mGETS: 249848 # GETS misses
   mGETXIM: 212733 # GETX I->M misses
   mGETXSM: 5 # GETX S->M misses (upgrade misses)
   PUTS: 0 # Clean evictions (from lower level)
   PUTX: 0 # Dirty evictions (from lower level)
   INV: 84 # Invalidates (from upper level)
   INVX: 5 # Downgrades (from upper level)
   FWD: 0 # Forwards (from upper level)
   latGETnl: 125778138 # GET request latency on next level
   latGETnet: 0 # GET request latency on network to next level
  l1d-3: # Filter cache stats
   fhGETS: 975951 # Filtered GETS hits
   fhGETX: 619046 # Filtered GETX hits
   hGETS: 217792 # GETS hits
   hGETX: 222814 # GETX hits
   mGETS: 249878 # GETS misses
   mGETXIM: 212776 # GETX I->M misses
   mGETXSM: 8 # GETX S->M misses (upgrade misses)
   PUTS: 0 # Clean evictions (from lower level)
   PUTX: 0 # Dirty evictions (from lower level)
   INV: 109 # Invalidates (from upper level)
   INVX: 33 # Downgrades (from upper level)
   FWD: 0 # Forwards (from upper level)
   latGETnl: 125794955 # GET request latency on next level
   latGETnet: 0 # GET request latency on network to next level
  l1d-4: # Filter cache stats
   fhGETS: 976244 # Filtered GETS hits
   fhGETX: 619219 # Filtered GETX hits
   hGETS: 217857 # GETS hits
   hGETX: 222899 # GETX hits
   mGETS: 249953 # GETS misses
   mGETXIM: 212833 # GETX I->M misses
   mGETXSM: 8 # GETX S->M misses (upgrade misses)
   PUTS: 0 # Clean evictions (from lower level)
   PUTX: 0 # Dirty evictions (from lower level)
   INV: 102 # Invalidates (from upper level)
   INVX: 18 # Downgrades (from upper level)
   FWD: 0 # Forwards (from upper level)
   latGETnl: 125830326 # GET request latency on next level
   latGETnet: 0 # GET request latency on network to next level
  l1d-5: # Filter cache stats
   fhGETS: 976472 # Filtered GETS hits
   fhGETX: 619382 # Filtered GETX hits
   hGETS: 217890 # GETS hits
   hGETX: 222925 # GETX hits
   mGETS: 250011 # GETS misses
   mGETXIM: 212878 # GETX I->M misses
   mGETXSM: 9 # GETX S->M misses (upgrade misses)
   PUTS: 0 # Clean evictions (from lower level)
   PUTX: 0 # Dirty evictions (from lower level)
   INV: 103 # Invalidates (from upper level)
   INVX: 17 # Downgrades (from upper level)
   FWD: 0 # Forwards (from upper level)
   latGETnl: 125857728 # GET request latency on next level
   latGETnet: 0 # GET request latency on network to next level
  l1d-6: # Filter cache stats
   fhGETS: 976676 # Filtered GETS hits
   fhGETX: 619508 # Filtered GETX hits
   hGETS: 217951 # GETS hits
   hGETX: 222983 # GETX hits
   mGETS: 250063 # GETS misses
   mGETXIM: 212927 # GETX I->M misses
   mGETXSM: 7 # GETX S->M misses (upgrade misses)
   PUTS: 0 # Clean evictions (from lower level)
   PUTX: 0 # Dirty evictions (from lower level)
   INV: 101 # Invalidates (from upper level)
   INVX: 17 # Downgrades (from upper level)
   FWD: 0 # Forwards (from upper level)
   latGETnl: 125885275 # GET request latency on next level
   latGETnet: 0 # GET request latency on network to next level
  l1d-7: # Filter cache stats
   fhGETS: 976270 # Filtered GETS hits
   fhGETX: 619255 # Filtered GETX hits
   hGETS: 217875 # GETS hits
   hGETX: 222916 # GETX hits
   mGETS: 249978 # GETS misses
   mGETXIM: 212864 # GETX I->M misses
   mGETXSM: 6 # GETX S->M misses (upgrade misses)
   PUTS: 0 # Clean evictions (from lower level)
   PUTX: 0 # Dirty evictions (from lower level)
   INV: 85 # Invalidates (from upper level)
   INVX: 8 # Downgrades (from upper level)
   FWD: 0 # Forwards (from upper level)
   latGETnl: 125849373 # GET request latency on next level
   latGETnet: 0 # GET request latency on network to next level
  l1d-8: # Filter cache stats
   fhGETS: 976124 # Filtered GETS hits
   fhGETX: 619166 # Filtered GETX hits
   hGETS: 217848 # GETS hits
   hGETX: 222876 # GETX hits
   mGETS: 249943 # GETS misses
   mGETXIM: 212837 # GETX I->M misses
   mGETXSM: 6 # GETX S->M misses (upgrade misses)
   PUTS: 0 # Clean evictions (from lower level)
   PUTX: 0 # Dirty evictions (from lower level)
   INV: 90 # Invalidates (from upper level)
   INVX: 16 # Downgrades (from upper level)
   FWD: 0 # Forwards (from upper level)
   latGETnl: 125831623 # GET request latency on next level
   latGETnet: 0 # GET request latency on network to next level
  l1d-9: # Filter cache stats
   fhGETS: 976357 # Filtered GETS hits
   fhGETX: 619307 # Filtered GETX hits
   hGETS: 217890 # GETS hits
   hGETX: 222933 # GETX hits
   mGETS: 249998 # GETS misses
   mGETXIM: 212882 # GETX I->M misses
   mGETXSM: 5 # GETX S->M misses (upgrade misses)
   PUTS: 0 # Clean evictions (from lower level)
   PUTX: 0 # Dirty evictions (from lower level)
   INV: 86 # Invalidates (from upper level)
   INVX: 15 # Downgrades (from upper level)
   FWD: 0 # Forwards (from upper level)
   latGETnl: 125861406 # GET request latency on next level
   latGETnet: 0 # GET request latency on network to next level
  l1d-10: # Filter cache stats
   fhGETS: 976444 # Filtered GETS hits
   fhGETX: 619369 # Filtered GETX hits
   hGETS: 217901 # GETS hits
   hGETX: 222935 # GETX hits
   mGETS: 250018 # GETS misses
   mGETXIM: 212904 # GETX I->M misses
   mGETXSM: 5 # GETX S->M misses (upgrade misses)
   PUTS: 0 # Clean evictions (from lower level)
   PUTX: 0 # Dirty evictions (from lower level)
   INV: 89 # Invalidates (from upper level)
   INVX: 33 # Downgrades (from upper level)
   FWD: 0 # Forwards (from upper level)
   latGETnl: 125874869 # GET request latency on next level
   latGETnet: 0 # GET request latency on network to next level
  l1d-11: # Filter cache stats
   fhGETS: 976622 # Filtered GETS hits
   fhGETX: 619480 # Filtered GETX hits
   hGETS: 217948 # GETS hits
   hGETX: 222953 # GETX hits
   mGETS: 250039 # GETS misses
   mGETXIM: 212921 # GETX I->M misses
   mGETXSM: 9 # GETX S->M misses (upgrade misses)
   PUTS: 0 # Clean evictions (from lower level)
   PUTX: 0 # Dirty evictions (from lower level)
   INV: 87 # Invalidates (from upper level)
   INVX: 3 # Downgrades (from upper level)
   FWD: 0 # Forwards (from upper level)
   latGETnl: 125878854 # GET request latency on next level
   latGETnet: 0 # GET request latency on network to next level
  l1d-12: # Filter cache stats
   fhGETS: 976489 # Filtered GETS hits
   fhGETX: 619397 # Filtered GETX hits
   hGETS: 217908 # GETS hits
   hGETX: 222946 # GETX hits
   mGETS: 250029 # GETS misses
   mGETXIM: 212914 # GETX I->M misses
   mGETXSM: 5 # GETX S->M misses (upgrade misses)
   PUTS: 0 # Clean evictions (from lower level)
   PUTX: 0 # Dirty evictions (from lower level)
   INV: 87 # Invalidates (from upper level)
   INVX: 7 # Downgrades (from upper level)
   FWD: 0 # Forwards (from upper level)
   latGETnl: 125875772 # GET request latency on next level
   latGETnet: 0 # GET request latency on network to next level
  l1d-13: # Filter cache stats
   fhGETS: 976615 # Filtered GETS hits
   fhGETX: 619480 # Filtered GETX hits
   hGETS: 217942 # GETS hits
   hGETX: 222979 # GETX hits
   mGETS: 250066 # GETS misses
   mGETXIM: 212938 # GETX I->M misses
   mGETXSM: 4 # GETX S->M misses (upgrade misses)
   PUTS: 0 # Clean evictions (from lower level)
   PUTX: 0 # Dirty evictions (from lower level)
   INV: 85 # Invalidates (from upper level)
   INVX: 11 # Downgrades (from upper level)
   FWD: 0 # Forwards (from upper level)
   latGETnl: 125893934 # GET request latency on next level
   latGETnet: 0 # GET request latency on network to next level
  l1d-14: # Filter cache stats
   fhGETS: 976466 # Filtered GETS hits
   fhGETX: 619377 # Filtered GETX hits
   hGETS: 217923 # GETS hits
   hGETX: 222969 # GETX hits
   mGETS: 250030 # GETS misses
   mGETXIM: 212903 # GETX I->M misses
   mGETXSM: 6 # GETX S->M misses (upgrade misses)
   PUTS: 0 # Clean evictions (from lower level)
   PUTX: 0 # Dirty evictions (from lower level)
   INV: 83 # Invalidates (from upper level)
   INVX: 3 # Downgrades (from upper level)
   FWD: 0 # Forwards (from upper level)
   latGETnl: 125873676 # GET request latency on next level
   latGETnet: 0 # GET request latency on network to next level
  l1d-15: # Filter cache stats
   fhGETS: 976224 # Filtered GETS hits
   fhGETX: 619223 # Filtered GETX hits
   hGETS: 217849 # GETS hits
   hGETX: 222884 # GETX hits
   mGETS: 249962 # GETS misses
   mGETXIM: 212858 # GETX I->M misses
   mGETXSM: 6 # GETX S->M misses (upgrade misses)
   PUTS: 0 # Clean evictions (from lower level)
   PUTX: 0 # Dirty evictions (from lower level)
   INV: 92 # Invalidates (from upper level)
   INVX: 2 # Downgrades (from upper level)
   FWD: 0 # Forwards (from upper level)
   latGETnl: 125838749 # GET request latency on next level
   latGETnet: 0 # GET request latency on network to next level
  l1d-16: # Filter cache stats
   fhGETS: 976510 # Filtered GETS hits
   fhGETX: 619411 # Filtered GETX hits
   hGETS: 217911 # GETS hits
   hGETX: 222946 # GETX hits
   mGETS: 250036 # GETS misses
   mGETXIM: 212918 # GETX I->M misses
   mGETXSM: 6 # GETX S->M misses (upgrade misses)
   PUTS: 0 # Clean evictions (from lower level)
   PUTX: 0 # Dirty evictions (from lower level)
   INV: 91 # Invalidates (from upper level)
   INVX: 2 # Downgrades (from upper level)
   FWD: 0 # Forwards (from upper level)
   latGETnl: 125875239 # GET request latency on next level
   latGETnet: 0 # GET request latency on network to next level
  l1d-17: # Filter cache stats
   fhGETS: 976801 # Filtered GETS hits
   fhGETX: 619229 # Filtered GETX hits
   hGETS: 218013 # GETS hits
   hGETX: 222770 # GETX hits
   mGETS: 249807 # GETS misses
   mGETXIM: 212667 # GETX I->M misses
   mGETXSM: 15 # GETX S->M misses (upgrade misses)
   PUTS: 0 # Clean evictions (from lower level)
   PUTX: 0 # Dirty evictions (from lower level)
   INV: 85 # Invalidates (from upper level)
   INVX: 4 # Downgrades (from upper level)
   FWD: 0 # Forwards (from upper level)
   latGETnl: 125740785 # GET request latency on next level
   latGETnet: 0 # GET request latency on network to next level
  l1d-18: # Filter cache stats
   fhGETS: 976533 # Filtered GETS hits
   fhGETX: 619426 # Filtered GETX hits
   hGETS: 217915 # GETS hits
   hGETX: 222953 # GETX hits
   mGETS: 250043 # GETS misses
   mGETXIM: 212921 # GETX I->M misses
   mGETXSM: 5 # GETX S->M misses (upgrade misses)
   PUTS: 0 # Clean evictions (from lower level)
   PUTX: 0 # Dirty evictions (from lower level)
   INV: 88 # Invalidates (from upper level)
   INVX: 1 # Downgrades (from upper level)
   FWD: 0 # Forwards (from upper level)
   latGETnl: 125879375 # GET request latency on next level
   latGETnet: 0 # GET request latency on network to next level
  l1d-19: # Filter cache stats
   fhGETS: 976610 # Filtered GETS hits
   fhGETX: 619475 # Filtered GETX hits
   hGETS: 217930 # GETS hits
   hGETX: 222967 # GETX hits
   mGETS: 250060 # GETS misses
   mGETXIM: 212943 # GETX I->M misses
   mGETXSM: 5 # GETX S->M misses (upgrade misses)
   PUTS: 0 # Clean evictions (from lower level)
   PUTX: 0 # Dirty evictions (from lower level)
   INV: 92 # Invalidates (from upper level)
   INVX: 2 # Downgrades (from upper level)
   FWD: 0 # Forwards (from upper level)
   latGETnl: 125888858 # GET request latency on next level
   latGETnet: 0 # GET request latency on network to next level
  l1d-20: # Filter cache stats
   fhGETS: 976504 # Filtered GETS hits
   fhGETX: 619410 # Filtered GETX hits
   hGETS: 217934 # GETS hits
   hGETX: 222956 # GETX hits
   mGETS: 250038 # GETS misses
   mGETXIM: 212921 # GETX I->M misses
   mGETXSM: 5 # GETX S->M misses (upgrade misses)
   PUTS: 0 # Clean evictions (from lower level)
   PUTX: 0 # Dirty evictions (from lower level)
   INV: 90 # Invalidates (from upper level)
   INVX: 2 # Downgrades (from upper level)
   FWD: 0 # Forwards (from upper level)
   latGETnl: 125877115 # GET request latency on next level
   latGETnet: 0 # GET request latency on network to next level
  l1d-21: # Filter cache stats
   fhGETS: 976607 # Filtered GETS hits
   fhGETX: 619467 # Filtered GETX hits
   hGETS: 217932 # GETS hits
   hGETX: 222978 # GETX hits
   mGETS: 250061 # GETS misses
   mGETXIM: 212939 # GETX I->M misses
   mGETXSM: 6 # GETX S->M misses (upgrade misses)
   PUTS: 0 # Clean evictions (from lower level)
   PUTX: 0 # Dirty evictions (from lower level)
   INV: 88 # Invalidates (from upper level)
   INVX: 2 # Downgrades (from upper level)
   FWD: 0 # Forwards (from upper level)
   latGETnl: 125889917 # GET request latency on next level
   latGETnet: 0 # GET request latency on network to next level
  l1d-22: # Filter cache stats
   fhGETS: 977155 # Filtered GETS hits
   fhGETX: 619808 # Filtered GETX hits
   hGETS: 218053 # GETS hits
   hGETX: 223103 # GETX hits
   mGETS: 250203 # GETS misses
   mGETXIM: 213053 # GETX I->M misses
   mGETXSM: 6 # GETX S->M misses (upgrade misses)
   PUTS: 0 # Clean evictions (from lower level)
   PUTX: 0 # Dirty evictions (from lower level)
   INV: 89 # Invalidates (from upper level)
   INVX: 2 # Downgrades (from upper level)
   FWD: 0 # Forwards (from upper level)
   latGETnl: 125959324 # GET request latency on next level
   latGETnet: 0 # GET request latency on network to next level
  l1d-23: # Filter cache stats
   fhGETS: 0 # Filtered GETS hits
   fhGETX: 0 # Filtered GETX hits
   hGETS: 0 # GETS hits
   hGETX: 0 # GETX hits
   mGETS: 0 # GETS misses
   mGETXIM: 0 # GETX I->M misses
   mGETXSM: 0 # GETX S->M misses (upgrade misses)
   PUTS: 0 # Clean evictions (from lower level)
   PUTX: 0 # Dirty evictions (from lower level)
   INV: 0 # Invalidates (from upper level)
   INVX: 0 # Downgrades (from upper level)
   FWD: 0 # Forwards (from upper level)
   latGETnl: 0 # GET request latency on next level
   latGETnet: 0 # GET request latency on network to next level
 l1i: # Cache stats
  l1i-0: # Filter cache stats
   fhGETS: 7501629 # Filtered GETS hits
   fhGETX: 0 # Filtered GETX hits
   hGETS: 184848 # GETS hits
   hGETX: 0 # GETX hits
   mGETS: 946 # GETS misses
   mGETXIM: 0 # GETX I->M misses
   mGETXSM: 0 # GETX S->M misses (upgrade misses)
   PUTS: 0 # Clean evictions (from lower level)
   PUTX: 0 # Dirty evictions (from lower level)
   INV: 923 # Invalidates (from upper level)
   INVX: 0 # Downgrades (from upper level)
   FWD: 0 # Forwards (from upper level)
   latGETnl: 85187 # GET request latency on next level
   latGETnet: 0 # GET request latency on network to next level
  l1i-1: # Filter cache stats
   fhGETS: 7508834 # Filtered GETS hits
   fhGETX: 0 # Filtered GETX hits
   hGETS: 185015 # GETS hits
   hGETX: 0 # GETX hits
   mGETS: 848 # GETS misses
   mGETXIM: 0 # GETX I->M misses
   mGETXSM: 0 # GETX S->M misses (upgrade misses)
   PUTS: 0 # Clean evictions (from lower level)
   PUTX: 0 # Dirty evictions (from lower level)
   INV: 825 # Invalidates (from upper level)
   INVX: 0 # Downgrades (from upper level)
   FWD: 0 # Forwards (from upper level)
   latGETnl: 45256 # GET request latency on next level
   latGETnet: 0 # GET request latency on network to next level
  l1i-2: # Filter cache stats
   fhGETS: 7499000 # Filtered GETS hits
   fhGETX: 0 # Filtered GETX hits
   hGETS: 184772 # GETS hits
   hGETX: 0 # GETX hits
   mGETS: 885 # GETS misses
   mGETXIM: 0 # GETX I->M misses
   mGETXSM: 0 # GETX S->M misses (upgrade misses)
   PUTS: 0 # Clean evictions (from lower level)
   PUTX: 0 # Dirty evictions (from lower level)
   INV: 862 # Invalidates (from upper level)
   INVX: 0 # Downgrades (from upper level)
   FWD: 0 # Forwards (from upper level)
   latGETnl: 51270 # GET request latency on next level
   latGETnet: 0 # GET request latency on network to next level
  l1i-3: # Filter cache stats
   fhGETS: 7499987 # Filtered GETS hits
   fhGETX: 0 # Filtered GETX hits
   hGETS: 184769 # GETS hits
   hGETX: 0 # GETX hits
   mGETS: 857 # GETS misses
   mGETXIM: 0 # GETX I->M misses
   mGETXSM: 0 # GETX S->M misses (upgrade misses)
   PUTS: 0 # Clean evictions (from lower level)
   PUTX: 0 # Dirty evictions (from lower level)
   INV: 834 # Invalidates (from upper level)
   INVX: 0 # Downgrades (from upper level)
   FWD: 0 # Forwards (from upper level)
   latGETnl: 45679 # GET request latency on next level
   latGETnet: 0 # GET request latency on network to next level
  l1i-4: # Filter cache stats
   fhGETS: 7502244 # Filtered GETS hits
   fhGETX: 0 # Filtered GETX hits
   hGETS: 184852 # GETS hits
   hGETX: 0 # GETX hits
   mGETS: 857 # GETS misses
   mGETXIM: 0 # GETX I->M misses
   mGETXSM: 0 # GETX S->M misses (upgrade misses)
   PUTS: 0 # Clean evictions (from lower level)
   PUTX: 0 # Dirty evictions (from lower level)
   INV: 834 # Invalidates (from upper level)
   INVX: 0 # Downgrades (from upper level)
   FWD: 0 # Forwards (from upper level)
   latGETnl: 41854 # GET request latency on next level
   latGETnet: 0 # GET request latency on network to next level
  l1i-5: # Filter cache stats
   fhGETS: 7503885 # Filtered GETS hits
   fhGETX: 0 # Filtered GETX hits
   hGETS: 184894 # GETS hits
   hGETX: 0 # GETX hits
   mGETS: 858 # GETS misses
   mGETXIM: 0 # GETX I->M misses
   mGETXSM: 0 # GETX S->M misses (upgrade misses)
   PUTS: 0 # Clean evictions (from lower level)
   PUTX: 0 # Dirty evictions (from lower level)
   INV: 835 # Invalidates (from upper level)
   INVX: 0 # Downgrades (from upper level)
   FWD: 0 # Forwards (from upper level)
   latGETnl: 40776 # GET request latency on next level
   latGETnet: 0 # GET request latency on network to next level
  l1i-6: # Filter cache stats
   fhGETS: 7505551 # Filtered GETS hits
   fhGETX: 0 # Filtered GETX hits
   hGETS: 184917 # GETS hits
   hGETX: 0 # GETX hits
   mGETS: 859 # GETS misses
   mGETXIM: 0 # GETX I->M misses
   mGETXSM: 0 # GETX S->M misses (upgrade misses)
   PUTS: 0 # Clean evictions (from lower level)
   PUTX: 0 # Dirty evictions (from lower level)
   INV: 836 # Invalidates (from upper level)
   INVX: 0 # Downgrades (from upper level)
   FWD: 0 # Forwards (from upper level)
   latGETnl: 40823 # GET request latency on next level
   latGETnet: 0 # GET request latency on network to next level
  l1i-7: # Filter cache stats
   fhGETS: 7503377 # Filtered GETS hits
   fhGETX: 0 # Filtered GETX hits
   hGETS: 184889 # GETS hits
   hGETX: 0 # GETX hits
   mGETS: 838 # GETS misses
   mGETXIM: 0 # GETX I->M misses
   mGETXSM: 0 # GETX S->M misses (upgrade misses)
   PUTS: 0 # Clean evictions (from lower level)
   PUTX: 0 # Dirty evictions (from lower level)
   INV: 815 # Invalidates (from upper level)
   INVX: 0 # Downgrades (from upper level)
   FWD: 0 # Forwards (from upper level)
   latGETnl: 44336 # GET request latency on next level
   latGETnet: 0 # GET request latency on network to next level
  l1i-8: # Filter cache stats
   fhGETS: 7502377 # Filtered GETS hits
   fhGETX: 0 # Filtered GETX hits
   hGETS: 184841 # GETS hits
   hGETX: 0 # GETX hits
   mGETS: 843 # GETS misses
   mGETXIM: 0 # GETX I->M misses
   mGETXSM: 0 # GETX S->M misses (upgrade misses)
   PUTS: 0 # Clean evictions (from lower level)
   PUTX: 0 # Dirty evictions (from lower level)
   INV: 820 # Invalidates (from upper level)
   INVX: 0 # Downgrades (from upper level)
   FWD: 0 # Forwards (from upper level)
   latGETnl: 41871 # GET request latency on next level
   latGETnet: 0 # GET request latency on network to next level
  l1i-9: # Filter cache stats
   fhGETS: 7504025 # Filtered GETS hits
   fhGETX: 0 # Filtered GETX hits
   hGETS: 184901 # GETS hits
   hGETX: 0 # GETX hits
   mGETS: 840 # GETS misses
   mGETXIM: 0 # GETX I->M misses
   mGETXSM: 0 # GETX S->M misses (upgrade misses)
   PUTS: 0 # Clean evictions (from lower level)
   PUTX: 0 # Dirty evictions (from lower level)
   INV: 817 # Invalidates (from upper level)
   INVX: 0 # Downgrades (from upper level)
   FWD: 0 # Forwards (from upper level)
   latGETnl: 42405 # GET request latency on next level
   latGETnet: 0 # GET request latency on network to next level
  l1i-10: # Filter cache stats
   fhGETS: 7504684 # Filtered GETS hits
   fhGETX: 0 # Filtered GETX hits
   hGETS: 184908 # GETS hits
   hGETX: 0 # GETX hits
   mGETS: 840 # GETS misses
   mGETXIM: 0 # GETX I->M misses
   mGETXSM: 0 # GETX S->M misses (upgrade misses)
   PUTS: 0 # Clean evictions (from lower level)
   PUTX: 0 # Dirty evictions (from lower level)
   INV: 817 # Invalidates (from upper level)
   INVX: 0 # Downgrades (from upper level)
   FWD: 0 # Forwards (from upper level)
   latGETnl: 41955 # GET request latency on next level
   latGETnet: 0 # GET request latency on network to next level
  l1i-11: # Filter cache stats
   fhGETS: 7504818 # Filtered GETS hits
   fhGETX: 0 # Filtered GETX hits
   hGETS: 185013 # GETS hits
   hGETX: 0 # GETX hits
   mGETS: 844 # GETS misses
   mGETXIM: 0 # GETX I->M misses
   mGETXSM: 0 # GETX S->M misses (upgrade misses)
   PUTS: 0 # Clean evictions (from lower level)
   PUTX: 0 # Dirty evictions (from lower level)
   INV: 821 # Invalidates (from upper level)
   INVX: 0 # Downgrades (from upper level)
   FWD: 0 # Forwards (from upper level)
   latGETnl: 41018 # GET request latency on next level
   latGETnet: 0 # GET request latency on network to next level
  l1i-12: # Filter cache stats
   fhGETS: 7505026 # Filtered GETS hits
   fhGETX: 0 # Filtered GETX hits
   hGETS: 184915 # GETS hits
   hGETX: 0 # GETX hits
   mGETS: 845 # GETS misses
   mGETXIM: 0 # GETX I->M misses
   mGETXSM: 0 # GETX S->M misses (upgrade misses)
   PUTS: 0 # Clean evictions (from lower level)
   PUTX: 0 # Dirty evictions (from lower level)
   INV: 822 # Invalidates (from upper level)
   INVX: 0 # Downgrades (from upper level)
   FWD: 0 # Forwards (from upper level)
   latGETnl: 41740 # GET request latency on next level
   latGETnet: 0 # GET request latency on network to next level
  l1i-13: # Filter cache stats
   fhGETS: 7506000 # Filtered GETS hits
   fhGETX: 0 # Filtered GETX hits
   hGETS: 184950 # GETS hits
   hGETX: 0 # GETX hits
   mGETS: 835 # GETS misses
   mGETXIM: 0 # GETX I->M misses
   mGETXSM: 0 # GETX S->M misses (upgrade misses)
   PUTS: 0 # Clean evictions (from lower level)
   PUTX: 0 # Dirty evictions (from lower level)
   INV: 812 # Invalidates (from upper level)
   INVX: 0 # Downgrades (from upper level)
   FWD: 0 # Forwards (from upper level)
   latGETnl: 42845 # GET request latency on next level
   latGETnet: 0 # GET request latency on network to next level
  l1i-14: # Filter cache stats
   fhGETS: 7505013 # Filtered GETS hits
   fhGETX: 0 # Filtered GETX hits
   hGETS: 184925 # GETS hits
   hGETX: 0 # GETX hits
   mGETS: 832 # GETS misses
   mGETXIM: 0 # GETX I->M misses
   mGETXSM: 0 # GETX S->M misses (upgrade misses)
   PUTS: 0 # Clean evictions (from lower level)
   PUTX: 0 # Dirty evictions (from lower level)
   INV: 809 # Invalidates (from upper level)
   INVX: 0 # Downgrades (from upper level)
   FWD: 0 # Forwards (from upper level)
   latGETnl: 40004 # GET request latency on next level
   latGETnet: 0 # GET request latency on network to next level
  l1i-15: # Filter cache stats
   fhGETS: 7502995 # Filtered GETS hits
   fhGETX: 0 # Filtered GETX hits
   hGETS: 184863 # GETS hits
   hGETX: 0 # GETX hits
   mGETS: 845 # GETS misses
   mGETXIM: 0 # GETX I->M misses
   mGETXSM: 0 # GETX S->M misses (upgrade misses)
   PUTS: 0 # Clean evictions (from lower level)
   PUTX: 0 # Dirty evictions (from lower level)
   INV: 822 # Invalidates (from upper level)
   INVX: 0 # Downgrades (from upper level)
   FWD: 0 # Forwards (from upper level)
   latGETnl: 40390 # GET request latency on next level
   latGETnet: 0 # GET request latency on network to next level
  l1i-16: # Filter cache stats
   fhGETS: 7505187 # Filtered GETS hits
   fhGETX: 0 # Filtered GETX hits
   hGETS: 184930 # GETS hits
   hGETX: 0 # GETX hits
   mGETS: 841 # GETS misses
   mGETXIM: 0 # GETX I->M misses
   mGETXSM: 0 # GETX S->M misses (upgrade misses)
   PUTS: 0 # Clean evictions (from lower level)
   PUTX: 0 # Dirty evictions (from lower level)
   INV: 818 # Invalidates (from upper level)
   INVX: 0 # Downgrades (from upper level)
   FWD: 0 # Forwards (from upper level)
   latGETnl: 40427 # GET request latency on next level
   latGETnet: 0 # GET request latency on network to next level
  l1i-17: # Filter cache stats
   fhGETS: 7497695 # Filtered GETS hits
   fhGETX: 0 # Filtered GETX hits
   hGETS: 184873 # GETS hits
   hGETX: 0 # GETX hits
   mGETS: 912 # GETS misses
   mGETXIM: 0 # GETX I->M misses
   mGETXSM: 0 # GETX S->M misses (upgrade misses)
   PUTS: 0 # Clean evictions (from lower level)
   PUTX: 0 # Dirty evictions (from lower level)
   INV: 889 # Invalidates (from upper level)
   INVX: 0 # Downgrades (from upper level)
   FWD: 0 # Forwards (from upper level)
   latGETnl: 55239 # GET request latency on next level
   latGETnet: 0 # GET request latency on network to next level
  l1i-18: # Filter cache stats
   fhGETS: 7505345 # Filtered GETS hits
   fhGETX: 0 # Filtered GETX hits
   hGETS: 184914 # GETS hits
   hGETX: 0 # GETX hits
   mGETS: 846 # GETS misses
   mGETXIM: 0 # GETX I->M misses
   mGETXSM: 0 # GETX S->M misses (upgrade misses)
   PUTS: 0 # Clean evictions (from lower level)
   PUTX: 0 # Dirty evictions (from lower level)
   INV: 823 # Invalidates (from upper level)
   INVX: 0 # Downgrades (from upper level)
   FWD: 0 # Forwards (from upper level)
   latGETnl: 39987 # GET request latency on next level
   latGETnet: 0 # GET request latency on network to next level
  l1i-19: # Filter cache stats
   fhGETS: 7505939 # Filtered GETS hits
   fhGETX: 0 # Filtered GETX hits
   hGETS: 184933 # GETS hits
   hGETX: 0 # GETX hits
   mGETS: 835 # GETS misses
   mGETXIM: 0 # GETX I->M misses
   mGETXSM: 0 # GETX S->M misses (upgrade misses)
   PUTS: 0 # Clean evictions (from lower level)
   PUTX: 0 # Dirty evictions (from lower level)
   INV: 812 # Invalidates (from upper level)
   INVX: 0 # Downgrades (from upper level)
   FWD: 0 # Forwards (from upper level)
   latGETnl: 39245 # GET request latency on next level
   latGETnet: 0 # GET request latency on network to next level
  l1i-20: # Filter cache stats
   fhGETS: 7505291 # Filtered GETS hits
   fhGETX: 0 # Filtered GETX hits
   hGETS: 184915 # GETS hits
   hGETX: 0 # GETX hits
   mGETS: 845 # GETS misses
   mGETXIM: 0 # GETX I->M misses
   mGETXSM: 0 # GETX S->M misses (upgrade misses)
   PUTS: 0 # Clean evictions (from lower level)
   PUTX: 0 # Dirty evictions (from lower level)
   INV: 822 # Invalidates (from upper level)
   INVX: 0 # Downgrades (from upper level)
   FWD: 0 # Forwards (from upper level)
   latGETnl: 39715 # GET request latency on next level
   latGETnet: 0 # GET request latency on network to next level
  l1i-21: # Filter cache stats
   fhGETS: 7505923 # Filtered GETS hits
   fhGETX: 0 # Filtered GETX hits
   hGETS: 184936 # GETS hits
   hGETX: 0 # GETX hits
   mGETS: 845 # GETS misses
   mGETXIM: 0 # GETX I->M misses
   mGETXSM: 0 # GETX S->M misses (upgrade misses)
   PUTS: 0 # Clean evictions (from lower level)
   PUTX: 0 # Dirty evictions (from lower level)
   INV: 822 # Invalidates (from upper level)
   INVX: 0 # Downgrades (from upper level)
   FWD: 0 # Forwards (from upper level)
   latGETnl: 39715 # GET request latency on next level
   latGETnet: 0 # GET request latency on network to next level
  l1i-22: # Filter cache stats
   fhGETS: 7510108 # Filtered GETS hits
   fhGETX: 0 # Filtered GETX hits
   hGETS: 185043 # GETS hits
   hGETX: 0 # GETX hits
   mGETS: 842 # GETS misses
   mGETXIM: 0 # GETX I->M misses
   mGETXSM: 0 # GETX S->M misses (upgrade misses)
   PUTS: 0 # Clean evictions (from lower level)
   PUTX: 0 # Dirty evictions (from lower level)
   INV: 816 # Invalidates (from upper level)
   INVX: 0 # Downgrades (from upper level)
   FWD: 0 # Forwards (from upper level)
   latGETnl: 40474 # GET request latency on next level
   latGETnet: 0 # GET request latency on network to next level
  l1i-23: # Filter cache stats
   fhGETS: 0 # Filtered GETS hits
   fhGETX: 0 # Filtered GETX hits
   hGETS: 0 # GETS hits
   hGETX: 0 # GETX hits
   mGETS: 0 # GETS misses
   mGETXIM: 0 # GETX I->M misses
   mGETXSM: 0 # GETX S->M misses (upgrade misses)
   PUTS: 0 # Clean evictions (from lower level)
   PUTX: 0 # Dirty evictions (from lower level)
   INV: 0 # Invalidates (from upper level)
   INVX: 0 # Downgrades (from upper level)
   FWD: 0 # Forwards (from upper level)
   latGETnl: 0 # GET request latency on next level
   latGETnet: 0 # GET request latency on network to next level
 l2: # Cache stats
  l2-0: # Cache stats
   hGETS: 0 # GETS hits
   hGETX: 0 # GETX hits
   mGETS: 250924 # GETS misses
   mGETXIM: 212844 # GETX I->M misses
   mGETXSM: 6 # GETX S->M misses (upgrade misses)
   PUTS: 249652 # Clean evictions (from lower level)
   PUTX: 212538 # Dirty evictions (from lower level)
   INV: 39154 # Invalidates (from upper level)
   INVX: 83 # Downgrades (from upper level)
   FWD: 0 # Forwards (from upper level)
   latGETnl: 121295739 # GET request latency on next level
   latGETnet: 0 # GET request latency on network to next level
  l2-1: # Cache stats
   hGETS: 0 # GETS hits
   hGETX: 0 # GETX hits
   mGETS: 251028 # GETS misses
   mGETXIM: 213016 # GETX I->M misses
   mGETXSM: 8 # GETX S->M misses (upgrade misses)
   PUTS: 249854 # Clean evictions (from lower level)
   PUTX: 212724 # Dirty evictions (from lower level)
   INV: 27672 # Invalidates (from upper level)
   INVX: 24 # Downgrades (from upper level)
   FWD: 0 # Forwards (from upper level)
   latGETnl: 121347369 # GET request latency on next level
   latGETnet: 0 # GET request latency on network to next level
  l2-2: # Cache stats
   hGETS: 0 # GETS hits
   hGETX: 0 # GETX hits
   mGETS: 250733 # GETS misses
   mGETXIM: 212733 # GETX I->M misses
   mGETXSM: 5 # GETX S->M misses (upgrade misses)
   PUTS: 249533 # Clean evictions (from lower level)
   PUTX: 212452 # Dirty evictions (from lower level)
   INV: 29364 # Invalidates (from upper level)
   INVX: 7 # Downgrades (from upper level)
   FWD: 0 # Forwards (from upper level)
   latGETnl: 121194698 # GET request latency on next level
   latGETnet: 0 # GET request latency on network to next level
  l2-3: # Cache stats
   hGETS: 0 # GETS hits
   hGETX: 0 # GETX hits
   mGETS: 250735 # GETS misses
   mGETXIM: 212776 # GETX I->M misses
   mGETXSM: 8 # GETX S->M misses (upgrade misses)
   PUTS: 249559 # Clean evictions (from lower level)
   PUTX: 212474 # Dirty evictions (from lower level)
   INV: 27698 # Invalidates (from upper level)
   INVX: 33 # Downgrades (from upper level)
   FWD: 0 # Forwards (from upper level)
   latGETnl: 121205444 # GET request latency on next level
   latGETnet: 0 # GET request latency on network to next level
  l2-4: # Cache stats
   hGETS: 0 # GETS hits
   hGETX: 0 # GETX hits
   mGETS: 250810 # GETS misses
   mGETXIM: 212833 # GETX I->M misses
   mGETXSM: 8 # GETX S->M misses (upgrade misses)
   PUTS: 249634 # Clean evictions (from lower level)
   PUTX: 212538 # Dirty evictions (from lower level)
   INV: 27443 # Invalidates (from upper level)
   INVX: 18 # Downgrades (from upper level)
   FWD: 0 # Forwards (from upper level)
   latGETnl: 121235670 # GET request latency on next level
   latGETnet: 0 # GET request latency on network to next level
  l2-5: # Cache stats
   hGETS: 0 # GETS hits
   hGETX: 0 # GETX hits
   mGETS: 250869 # GETS misses
   mGETXIM: 212878 # GETX I->M misses
   mGETXSM: 9 # GETX S->M misses (upgrade misses)
   PUTS: 249692 # Clean evictions (from lower level)
   PUTX: 212582 # Dirty evictions (from lower level)
   INV: 28821 # Invalidates (from upper level)
   INVX: 17 # Downgrades (from upper level)
   FWD: 0 # Forwards (from upper level)
   latGETnl: 121260944 # GET request latency on next level
   latGETnet: 0 # GET request latency on network to next level
  l2-6: # Cache stats
   hGETS: 0 # GETS hits
   hGETX: 0 # GETX hits
   mGETS: 250922 # GETS misses
   mGETXIM: 212927 # GETX I->M misses
   mGETXSM: 7 # GETX S->M misses (upgrade misses)
   PUTS: 249746 # Clean evictions (from lower level)
   PUTX: 212631 # Dirty evictions (from lower level)
   INV: 41186 # Invalidates (from upper level)
   INVX: 19 # Downgrades (from upper level)
   FWD: 0 # Forwards (from upper level)
   latGETnl: 121287538 # GET request latency on next level
   latGETnet: 0 # GET request latency on network to next level
  l2-7: # Cache stats
   hGETS: 0 # GETS hits
   hGETX: 0 # GETX hits
   mGETS: 250816 # GETS misses
   mGETXIM: 212864 # GETX I->M misses
   mGETXSM: 6 # GETX S->M misses (upgrade misses)
   PUTS: 249671 # Clean evictions (from lower level)
   PUTX: 212575 # Dirty evictions (from lower level)
   INV: 27683 # Invalidates (from upper level)
   INVX: 8 # Downgrades (from upper level)
   FWD: 0 # Forwards (from upper level)
   latGETnl: 121256849 # GET request latency on next level
   latGETnet: 0 # GET request latency on network to next level
  l2-8: # Cache stats
   hGETS: 0 # GETS hits
   hGETX: 0 # GETX hits
   mGETS: 250786 # GETS misses
   mGETXIM: 212837 # GETX I->M misses
   mGETXSM: 6 # GETX S->M misses (upgrade misses)
   PUTS: 249632 # Clean evictions (from lower level)
   PUTX: 212546 # Dirty evictions (from lower level)
   INV: 34327 # Invalidates (from upper level)
   INVX: 16 # Downgrades (from upper level)
   FWD: 0 # Forwards (from upper level)
   latGETnl: 121237204 # GET request latency on next level
   latGETnet: 0 # GET request latency on network to next level
  l2-9: # Cache stats
   hGETS: 0 # GETS hits
   hGETX: 0 # GETX hits
   mGETS: 250838 # GETS misses
   mGETXIM: 212882 # GETX I->M misses
   mGETXSM: 5 # GETX S->M misses (upgrade misses)
   PUTS: 249688 # Clean evictions (from lower level)
   PUTX: 212594 # Dirty evictions (from lower level)
   INV: 27470 # Invalidates (from upper level)
   INVX: 15 # Downgrades (from upper level)
   FWD: 0 # Forwards (from upper level)
   latGETnl: 121266561 # GET request latency on next level
   latGETnet: 0 # GET request latency on network to next level
  l2-10: # Cache stats
   hGETS: 0 # GETS hits
   hGETX: 0 # GETX hits
   mGETS: 250858 # GETS misses
   mGETXIM: 212904 # GETX I->M misses
   mGETXSM: 5 # GETX S->M misses (upgrade misses)
   PUTS: 249710 # Clean evictions (from lower level)
   PUTX: 212612 # Dirty evictions (from lower level)
   INV: 40414 # Invalidates (from upper level)
   INVX: 33 # Downgrades (from upper level)
   FWD: 0 # Forwards (from upper level)
   latGETnl: 121279154 # GET request latency on next level
   latGETnet: 0 # GET request latency on network to next level
  l2-11: # Cache stats
   hGETS: 0 # GETS hits
   hGETX: 0 # GETX hits
   mGETS: 250883 # GETS misses
   mGETXIM: 212921 # GETX I->M misses
   mGETXSM: 9 # GETX S->M misses (upgrade misses)
   PUTS: 249718 # Clean evictions (from lower level)
   PUTX: 212643 # Dirty evictions (from lower level)
   INV: 38941 # Invalidates (from upper level)
   INVX: 13 # Downgrades (from upper level)
   FWD: 0 # Forwards (from upper level)
   latGETnl: 121281742 # GET request latency on next level
   latGETnet: 0 # GET request latency on network to next level
  l2-12: # Cache stats
   hGETS: 0 # GETS hits
   hGETX: 0 # GETX hits
   mGETS: 250874 # GETS misses
   mGETXIM: 212914 # GETX I->M misses
   mGETXSM: 5 # GETX S->M misses (upgrade misses)
   PUTS: 249724 # Clean evictions (from lower level)
   PUTX: 212620 # Dirty evictions (from lower level)
   INV: 27758 # Invalidates (from upper level)
   INVX: 7 # Downgrades (from upper level)
   FWD: 0 # Forwards (from upper level)
   latGETnl: 121279582 # GET request latency on next level
   latGETnet: 0 # GET request latency on network to next level
  l2-13: # Cache stats
   hGETS: 0 # GETS hits
   hGETX: 0 # GETX hits
   mGETS: 250901 # GETS misses
   mGETXIM: 212938 # GETX I->M misses
   mGETXSM: 4 # GETX S->M misses (upgrade misses)
   PUTS: 249757 # Clean evictions (from lower level)
   PUTX: 212650 # Dirty evictions (from lower level)
   INV: 33665 # Invalidates (from upper level)
   INVX: 11 # Downgrades (from upper level)
   FWD: 0 # Forwards (from upper level)
   latGETnl: 121298349 # GET request latency on next level
   latGETnet: 0 # GET request latency on network to next level
  l2-14: # Cache stats
   hGETS: 0 # GETS hits
   hGETX: 0 # GETX hits
   mGETS: 250862 # GETS misses
   mGETXIM: 212903 # GETX I->M misses
   mGETXSM: 6 # GETX S->M misses (upgrade misses)
   PUTS: 249718 # Clean evictions (from lower level)
   PUTX: 212621 # Dirty evictions (from lower level)
   INV: 27514 # Invalidates (from upper level)
   INVX: 3 # Downgrades (from upper level)
   FWD: 0 # Forwards (from upper level)
   latGETnl: 121275970 # GET request latency on next level
   latGETnet: 0 # GET request latency on network to next level
  l2-15: # Cache stats
   hGETS: 0 # GETS hits
   hGETX: 0 # GETX hits
   mGETS: 250807 # GETS misses
   mGETXIM: 212858 # GETX I->M misses
   mGETXSM: 6 # GETX S->M misses (upgrade misses)
   PUTS: 249654 # Clean evictions (from lower level)
   PUTX: 212562 # Dirty evictions (from lower level)
   INV: 27586 # Invalidates (from upper level)
   INVX: 2 # Downgrades (from upper level)
   FWD: 0 # Forwards (from upper level)
   latGETnl: 121242429 # GET request latency on next level
   latGETnet: 0 # GET request latency on network to next level
  l2-16: # Cache stats
   hGETS: 0 # GETS hits
   hGETX: 0 # GETX hits
   mGETS: 250877 # GETS misses
   mGETXIM: 212918 # GETX I->M misses
   mGETXSM: 6 # GETX S->M misses (upgrade misses)
   PUTS: 249727 # Clean evictions (from lower level)
   PUTX: 212624 # Dirty evictions (from lower level)
   INV: 31370 # Invalidates (from upper level)
   INVX: 2 # Downgrades (from upper level)
   FWD: 0 # Forwards (from upper level)
   latGETnl: 121277656 # GET request latency on next level
   latGETnet: 0 # GET request latency on network to next level
  l2-17: # Cache stats
   hGETS: 0 # GETS hits
   hGETX: 0 # GETX hits
   mGETS: 250719 # GETS misses
   mGETXIM: 212667 # GETX I->M misses
   mGETXSM: 15 # GETX S->M misses (upgrade misses)
   PUTS: 249485 # Clean evictions (from lower level)
   PUTX: 212392 # Dirty evictions (from lower level)
   INV: 27837 # Invalidates (from upper level)
   INVX: 4 # Downgrades (from upper level)
   FWD: 0 # Forwards (from upper level)
   latGETnl: 121162014 # GET request latency on next level
   latGETnet: 0 # GET request latency on network to next level
  l2-18: # Cache stats
   hGETS: 0 # GETS hits
   hGETX: 0 # GETX hits
   mGETS: 250889 # GETS misses
   mGETXIM: 212921 # GETX I->M misses
   mGETXSM: 5 # GETX S->M misses (upgrade misses)
   PUTS: 249735 # Clean evictions (from lower level)
   PUTX: 212629 # Dirty evictions (from lower level)
   INV: 42481 # Invalidates (from upper level)
   INVX: 1 # Downgrades (from upper level)
   FWD: 0 # Forwards (from upper level)
   latGETnl: 121281212 # GET request latency on next level
   latGETnet: 0 # GET request latency on network to next level
  l2-19: # Cache stats
   hGETS: 0 # GETS hits
   hGETX: 0 # GETX hits
   mGETS: 250895 # GETS misses
   mGETXIM: 212943 # GETX I->M misses
   mGETXSM: 5 # GETX S->M misses (upgrade misses)
   PUTS: 249753 # Clean evictions (from lower level)
   PUTX: 212646 # Dirty evictions (from lower level)
   INV: 27514 # Invalidates (from upper level)
   INVX: 2 # Downgrades (from upper level)
   FWD: 0 # Forwards (from upper level)
   latGETnl: 121289673 # GET request latency on next level
   latGETnet: 0 # GET request latency on network to next level
  l2-20: # Cache stats
   hGETS: 0 # GETS hits
   hGETX: 0 # GETX hits
   mGETS: 250883 # GETS misses
   mGETXIM: 212921 # GETX I->M misses
   mGETXSM: 5 # GETX S->M misses (upgrade misses)
   PUTS: 249732 # Clean evictions (from lower level)
   PUTX: 212625 # Dirty evictions (from lower level)
   INV: 27611 # Invalidates (from upper level)
   INVX: 2 # Downgrades (from upper level)
   FWD: 0 # Forwards (from upper level)
   latGETnl: 121278740 # GET request latency on next level
   latGETnet: 0 # GET request latency on network to next level
  l2-21: # Cache stats
   hGETS: 0 # GETS hits
   hGETX: 0 # GETX hits
   mGETS: 250906 # GETS misses
   mGETXIM: 212939 # GETX I->M misses
   mGETXSM: 6 # GETX S->M misses (upgrade misses)
   PUTS: 249753 # Clean evictions (from lower level)
   PUTX: 212647 # Dirty evictions (from lower level)
   INV: 31653 # Invalidates (from upper level)
   INVX: 2 # Downgrades (from upper level)
   FWD: 0 # Forwards (from upper level)
   latGETnl: 121291122 # GET request latency on next level
   latGETnet: 0 # GET request latency on network to next level
  l2-22: # Cache stats
   hGETS: 0 # GETS hits
   hGETX: 0 # GETX hits
   mGETS: 251045 # GETS misses
   mGETXIM: 213053 # GETX I->M misses
   mGETXSM: 6 # GETX S->M misses (upgrade misses)
   PUTS: 249892 # Clean evictions (from lower level)
   PUTX: 212763 # Dirty evictions (from lower level)
   INV: 42172 # Invalidates (from upper level)
   INVX: 2 # Downgrades (from upper level)
   FWD: 0 # Forwards (from upper level)
   latGETnl: 121358758 # GET request latency on next level
   latGETnet: 0 # GET request latency on network to next level
  l2-23: # Cache stats
   hGETS: 0 # GETS hits
   hGETX: 0 # GETX hits
   mGETS: 0 # GETS misses
   mGETXIM: 0 # GETX I->M misses
   mGETXSM: 0 # GETX S->M misses (upgrade misses)
   PUTS: 0 # Clean evictions (from lower level)
   PUTX: 0 # Dirty evictions (from lower level)
   INV: 0 # Invalidates (from upper level)
   INVX: 0 # Downgrades (from upper level)
   FWD: 0 # Forwards (from upper level)
   latGETnl: 0 # GET request latency on next level
   latGETnet: 0 # GET request latency on network to next level
 l3: # Cache stats
  l3-0b0: # Cache stats
   hGETS: 974 # GETS hits
   hGETX: 54 # GETX hits
   mGETS: 239479 # GETS misses
   mGETXIM: 204100 # GETX I->M misses
   mGETXSM: 0 # GETX S->M misses (upgrade misses)
   PUTS: 216190 # Clean evictions (from lower level)
   PUTX: 182029 # Dirty evictions (from lower level)
   INV: 0 # Invalidates (from upper level)
   INVX: 0 # Downgrades (from upper level)
   FWD: 0 # Forwards (from upper level)
   latGETnl: 99805275 # GET request latency on next level
   latGETnet: 0 # GET request latency on network to next level
  l3-0b1: # Cache stats
   hGETS: 1011 # GETS hits
   hGETX: 42 # GETX hits
   mGETS: 239482 # GETS misses
   mGETXIM: 203983 # GETX I->M misses
   mGETXSM: 0 # GETX S->M misses (upgrade misses)
   PUTS: 216244 # Clean evictions (from lower level)
   PUTX: 181920 # Dirty evictions (from lower level)
   INV: 0 # Invalidates (from upper level)
   INVX: 0 # Downgrades (from upper level)
   FWD: 0 # Forwards (from upper level)
   latGETnl: 99779625 # GET request latency on next level
   latGETnet: 0 # GET request latency on network to next level
  l3-0b2: # Cache stats
   hGETS: 840 # GETS hits
   hGETX: 0 # GETX hits
   mGETS: 239472 # GETS misses
   mGETXIM: 204009 # GETX I->M misses
   mGETXSM: 0 # GETX S->M misses (upgrade misses)
   PUTS: 215989 # Clean evictions (from lower level)
   PUTX: 182004 # Dirty evictions (from lower level)
   INV: 0 # Invalidates (from upper level)
   INVX: 0 # Downgrades (from upper level)
   FWD: 0 # Forwards (from upper level)
   latGETnl: 99783225 # GET request latency on next level
   latGETnet: 0 # GET request latency on network to next level
  l3-0b3: # Cache stats
   hGETS: 904 # GETS hits
   hGETX: 11 # GETX hits
   mGETS: 239475 # GETS misses
   mGETXIM: 203980 # GETX I->M misses
   mGETXSM: 0 # GETX S->M misses (upgrade misses)
   PUTS: 216111 # Clean evictions (from lower level)
   PUTX: 181881 # Dirty evictions (from lower level)
   INV: 0 # Invalidates (from upper level)
   INVX: 0 # Downgrades (from upper level)
   FWD: 0 # Forwards (from upper level)
   latGETnl: 99777375 # GET request latency on next level
   latGETnet: 0 # GET request latency on network to next level
  l3-0b4: # Cache stats
   hGETS: 229 # GETS hits
   hGETX: 36 # GETX hits
   mGETS: 239478 # GETS misses
   mGETXIM: 204066 # GETX I->M misses
   mGETXSM: 0 # GETX S->M misses (upgrade misses)
   PUTS: 215326 # Clean evictions (from lower level)
   PUTX: 182179 # Dirty evictions (from lower level)
   INV: 0 # Invalidates (from upper level)
   INVX: 0 # Downgrades (from upper level)
   FWD: 0 # Forwards (from upper level)
   latGETnl: 99797400 # GET request latency on next level
   latGETnet: 0 # GET request latency on network to next level
  l3-0b5: # Cache stats
   hGETS: 330 # GETS hits
   hGETX: 29 # GETX hits
   mGETS: 239482 # GETS misses
   mGETXIM: 203973 # GETX I->M misses
   mGETXSM: 0 # GETX S->M misses (upgrade misses)
   PUTS: 215469 # Clean evictions (from lower level)
   PUTX: 182085 # Dirty evictions (from lower level)
   INV: 0 # Invalidates (from upper level)
   INVX: 0 # Downgrades (from upper level)
   FWD: 0 # Forwards (from upper level)
   latGETnl: 99777375 # GET request latency on next level
   latGETnet: 0 # GET request latency on network to next level
  l3-0b6: # Cache stats
   hGETS: 170 # GETS hits
   hGETX: 49 # GETX hits
   mGETS: 239476 # GETS misses
   mGETXIM: 203957 # GETX I->M misses
   mGETXSM: 0 # GETX S->M misses (upgrade misses)
   PUTS: 215469 # Clean evictions (from lower level)
   PUTX: 182087 # Dirty evictions (from lower level)
   INV: 0 # Invalidates (from upper level)
   INVX: 0 # Downgrades (from upper level)
   FWD: 0 # Forwards (from upper level)
   latGETnl: 99772425 # GET request latency on next level
   latGETnet: 0 # GET request latency on network to next level
  l3-0b7: # Cache stats
   hGETS: 830 # GETS hits
   hGETX: 77 # GETX hits
   mGETS: 239492 # GETS misses
   mGETXIM: 204001 # GETX I->M misses
   mGETXSM: 0 # GETX S->M misses (upgrade misses)
   PUTS: 215953 # Clean evictions (from lower level)
   PUTX: 182202 # Dirty evictions (from lower level)
   INV: 0 # Invalidates (from upper level)
   INVX: 0 # Downgrades (from upper level)
   FWD: 0 # Forwards (from upper level)
   latGETnl: 99785925 # GET request latency on next level
   latGETnet: 0 # GET request latency on network to next level
  l3-0b8: # Cache stats
   hGETS: 299 # GETS hits
   hGETX: 51 # GETX hits
   mGETS: 239491 # GETS misses
   mGETXIM: 203884 # GETX I->M misses
   mGETXSM: 0 # GETX S->M misses (upgrade misses)
   PUTS: 215273 # Clean evictions (from lower level)
   PUTX: 182025 # Dirty evictions (from lower level)
   INV: 0 # Invalidates (from upper level)
   INVX: 0 # Downgrades (from upper level)
   FWD: 0 # Forwards (from upper level)
   latGETnl: 99759375 # GET request latency on next level
   latGETnet: 0 # GET request latency on network to next level
  l3-0b9: # Cache stats
   hGETS: 289 # GETS hits
   hGETX: 48 # GETX hits
   mGETS: 239482 # GETS misses
   mGETXIM: 204042 # GETX I->M misses
   mGETXSM: 0 # GETX S->M misses (upgrade misses)
   PUTS: 215382 # Clean evictions (from lower level)
   PUTX: 182190 # Dirty evictions (from lower level)
   INV: 0 # Invalidates (from upper level)
   INVX: 0 # Downgrades (from upper level)
   FWD: 0 # Forwards (from upper level)
   latGETnl: 99792900 # GET request latency on next level
   latGETnet: 0 # GET request latency on network to next level
  l3-0b10: # Cache stats
   hGETS: 1670 # GETS hits
   hGETX: 40 # GETX hits
   mGETS: 239491 # GETS misses
   mGETXIM: 204063 # GETX I->M misses
   mGETXSM: 0 # GETX S->M misses (upgrade misses)
   PUTS: 216885 # Clean evictions (from lower level)
   PUTX: 182177 # Dirty evictions (from lower level)
   INV: 0 # Invalidates (from upper level)
   INVX: 0 # Downgrades (from upper level)
   FWD: 0 # Forwards (from upper level)
   latGETnl: 99799650 # GET request latency on next level
   latGETnet: 0 # GET request latency on network to next level
  l3-0b11: # Cache stats
   hGETS: 960 # GETS hits
   hGETX: 46 # GETX hits
   mGETS: 239494 # GETS misses
   mGETXIM: 203996 # GETX I->M misses
   mGETXSM: 0 # GETX S->M misses (upgrade misses)
   PUTS: 216067 # Clean evictions (from lower level)
   PUTX: 182036 # Dirty evictions (from lower level)
   INV: 0 # Invalidates (from upper level)
   INVX: 0 # Downgrades (from upper level)
   FWD: 0 # Forwards (from upper level)
   latGETnl: 99785250 # GET request latency on next level
   latGETnet: 0 # GET request latency on network to next level
  l3-0b12: # Cache stats
   hGETS: 1651 # GETS hits
   hGETX: 67 # GETX hits
   mGETS: 239482 # GETS misses
   mGETXIM: 203911 # GETX I->M misses
   mGETXSM: 0 # GETX S->M misses (upgrade misses)
   PUTS: 216747 # Clean evictions (from lower level)
   PUTX: 181915 # Dirty evictions (from lower level)
   INV: 0 # Invalidates (from upper level)
   INVX: 0 # Downgrades (from upper level)
   FWD: 0 # Forwards (from upper level)
   latGETnl: 99763425 # GET request latency on next level
   latGETnet: 0 # GET request latency on network to next level
  l3-0b13: # Cache stats
   hGETS: 1607 # GETS hits
   hGETX: 69 # GETX hits
   mGETS: 239495 # GETS misses
   mGETXIM: 204047 # GETX I->M misses
   mGETXSM: 0 # GETX S->M misses (upgrade misses)
   PUTS: 216725 # Clean evictions (from lower level)
   PUTX: 182069 # Dirty evictions (from lower level)
   INV: 0 # Invalidates (from upper level)
   INVX: 0 # Downgrades (from upper level)
   FWD: 0 # Forwards (from upper level)
   latGETnl: 99796950 # GET request latency on next level
   latGETnet: 0 # GET request latency on network to next level
  l3-0b14: # Cache stats
   hGETS: 1679 # GETS hits
   hGETX: 62 # GETX hits
   mGETS: 239487 # GETS misses
   mGETXIM: 204107 # GETX I->M misses
   mGETXSM: 0 # GETX S->M misses (upgrade misses)
   PUTS: 216718 # Clean evictions (from lower level)
   PUTX: 182137 # Dirty evictions (from lower level)
   INV: 0 # Invalidates (from upper level)
   INVX: 0 # Downgrades (from upper level)
   FWD: 0 # Forwards (from upper level)
   latGETnl: 99808650 # GET request latency on next level
   latGETnet: 0 # GET request latency on network to next level
  l3-0b15: # Cache stats
   hGETS: 1610 # GETS hits
   hGETX: 74 # GETX hits
   mGETS: 239488 # GETS misses
   mGETXIM: 203954 # GETX I->M misses
   mGETXSM: 0 # GETX S->M misses (upgrade misses)
   PUTS: 216680 # Clean evictions (from lower level)
   PUTX: 182026 # Dirty evictions (from lower level)
   INV: 0 # Invalidates (from upper level)
   INVX: 0 # Downgrades (from upper level)
   FWD: 0 # Forwards (from upper level)
   latGETnl: 99774450 # GET request latency on next level
   latGETnet: 0 # GET request latency on network to next level
  l3-0b16: # Cache stats
   hGETS: 1019 # GETS hits
   hGETX: 75 # GETX hits
   mGETS: 239410 # GETS misses
   mGETXIM: 203934 # GETX I->M misses
   mGETXSM: 0 # GETX S->M misses (upgrade misses)
   PUTS: 216118 # Clean evictions (from lower level)
   PUTX: 181932 # Dirty evictions (from lower level)
   INV: 0 # Invalidates (from upper level)
   INVX: 0 # Downgrades (from upper level)
   FWD: 0 # Forwards (from upper level)
   latGETnl: 99752400 # GET request latency on next level
   latGETnet: 0 # GET request latency on network to next level
  l3-0b17: # Cache stats
   hGETS: 1003 # GETS hits
   hGETX: 48 # GETX hits
   mGETS: 239408 # GETS misses
   mGETXIM: 203898 # GETX I->M misses
   mGETXSM: 0 # GETX S->M misses (upgrade misses)
   PUTS: 216027 # Clean evictions (from lower level)
   PUTX: 181940 # Dirty evictions (from lower level)
   INV: 0 # Invalidates (from upper level)
   INVX: 0 # Downgrades (from upper level)
   FWD: 0 # Forwards (from upper level)
   latGETnl: 99743850 # GET request latency on next level
   latGETnet: 0 # GET request latency on network to next level
  l3-0b18: # Cache stats
   hGETS: 934 # GETS hits
   hGETX: 91 # GETX hits
   mGETS: 239403 # GETS misses
   mGETXIM: 203847 # GETX I->M misses
   mGETXSM: 0 # GETX S->M misses (upgrade misses)
   PUTS: 215973 # Clean evictions (from lower level)
   PUTX: 181800 # Dirty evictions (from lower level)
   INV: 0 # Invalidates (from upper level)
   INVX: 0 # Downgrades (from upper level)
   FWD: 0 # Forwards (from upper level)
   latGETnl: 99731250 # GET request latency on next level
   latGETnet: 0 # GET request latency on network to next level
  l3-0b19: # Cache stats
   hGETS: 1002 # GETS hits
   hGETX: 123 # GETX hits
   mGETS: 239407 # GETS misses
   mGETXIM: 203953 # GETX I->M misses
   mGETXSM: 0 # GETX S->M misses (upgrade misses)
   PUTS: 215921 # Clean evictions (from lower level)
   PUTX: 182054 # Dirty evictions (from lower level)
   INV: 0 # Invalidates (from upper level)
   INVX: 0 # Downgrades (from upper level)
   FWD: 0 # Forwards (from upper level)
   latGETnl: 99756000 # GET request latency on next level
   latGETnet: 0 # GET request latency on network to next level
  l3-0b20: # Cache stats
   hGETS: 950 # GETS hits
   hGETX: 27 # GETX hits
   mGETS: 239396 # GETS misses
   mGETXIM: 203939 # GETX I->M misses
   mGETXSM: 0 # GETX S->M misses (upgrade misses)
   PUTS: 216038 # Clean evictions (from lower level)
   PUTX: 181969 # Dirty evictions (from lower level)
   INV: 0 # Invalidates (from upper level)
   INVX: 0 # Downgrades (from upper level)
   FWD: 0 # Forwards (from upper level)
   latGETnl: 99750375 # GET request latency on next level
   latGETnet: 0 # GET request latency on network to next level
  l3-0b21: # Cache stats
   hGETS: 929 # GETS hits
   hGETX: 22 # GETX hits
   mGETS: 239389 # GETS misses
   mGETXIM: 203897 # GETX I->M misses
   mGETXSM: 0 # GETX S->M misses (upgrade misses)
   PUTS: 216035 # Clean evictions (from lower level)
   PUTX: 181895 # Dirty evictions (from lower level)
   INV: 0 # Invalidates (from upper level)
   INVX: 0 # Downgrades (from upper level)
   FWD: 0 # Forwards (from upper level)
   latGETnl: 99739350 # GET request latency on next level
   latGETnet: 0 # GET request latency on network to next level
  l3-0b22: # Cache stats
   hGETS: 1032 # GETS hits
   hGETX: 22 # GETX hits
   mGETS: 239400 # GETS misses
   mGETXIM: 203854 # GETX I->M misses
   mGETXSM: 0 # GETX S->M misses (upgrade misses)
   PUTS: 216060 # Clean evictions (from lower level)
   PUTX: 181866 # Dirty evictions (from lower level)
   INV: 0 # Invalidates (from upper level)
   INVX: 0 # Downgrades (from upper level)
   FWD: 0 # Forwards (from upper level)
   latGETnl: 99732150 # GET request latency on next level
   latGETnet: 0 # GET request latency on network to next level
  l3-0b23: # Cache stats
   hGETS: 979 # GETS hits
   hGETX: 25 # GETX hits
   mGETS: 239400 # GETS misses
   mGETXIM: 203958 # GETX I->M misses
   mGETXSM: 0 # GETX S->M misses (upgrade misses)
   PUTS: 216118 # Clean evictions (from lower level)
   PUTX: 181861 # Dirty evictions (from lower level)
   INV: 0 # Invalidates (from upper level)
   INVX: 0 # Downgrades (from upper level)
   FWD: 0 # Forwards (from upper level)
   latGETnl: 99755550 # GET request latency on next level
   latGETnet: 0 # GET request latency on network to next level
 mem: # Memory controller stats
  mem-0: # Memory controller stats
   rd: 10583634 # Read requests
   wr: 4612809 # Write requests
   rdlat: 8614730138 # Total latency experienced by read requests
   wrlat: 3871405695 # Total latency experienced by write requests
 sched: # Scheduler stats
  thCr: 25 # Threads created
  thFn: 25 # Threads finished
  schedEvs: 26 # Schedule events
  waitEvs: 2 # Wait events
  handoffEvs: 1 # Handoff events
  sleepEvs: 1 # Sleep events
  idlePhases: 0 # Phases with no thread active
  idlePeriods: 0 # Periods with no thread active
  occHist: # Occupancy histogram
   0: 0
   1: 36
   2: 0
   3: 2
   4: 2
   5: 1
   6: 1
   7: 0
   8: 1
   9: 0
   10: 0
   11: 0
   12: 1
   13: 0
   14: 1
   15: 0
   16: 0
   17: 1
   18: 0
   19: 0
   20: 1
   21: 0
   22: 0
   23: 54961
   24: 0
  rqSzHist: # Run queue size histogram
   0: 54978
   1: 30
   2: 0
   3: 0
   4: 0
   5: 0
   6: 0
   7: 0
   8: 0
   9: 0
   10: 0
   11: 0
   12: 0
   13: 0
   14: 0
   15: 0
   16: 0
   17: 0
   18: 0
   19: 0
   20: 0
   21: 0
   22: 0
   23: 0
   24: 0
 procCycles: # Per-process unhalted core cycles
  0: 1264247748
  1: 0
  2: 0
  3: 0
  4: 0
  5: 0
  6: 0
  7: 0
  8: 0
  9: 0
  10: 0
  11: 0
  12: 0
  13: 0
  14: 0
  15: 0
  16: 0
  17: 0
  18: 0
  19: 0
  20: 0
  21: 0
  22: 0
  23: 0
  24: 0
  25: 0
  26: 0
  27: 0
  28: 0
  29: 0
  30: 0
  31: 0
  32: 0
  33: 0
  34: 0
  35: 0
  36: 0
  37: 0
  38: 0
  39: 0
  40: 0
  41: 0
  42: 0
  43: 0
  44: 0
  45: 0
  46: 0
  47: 0
  48: 0
  49: 0
  50: 0
  51: 0
  52: 0
  53: 0
  54: 0
  55: 0
  56: 0
  57: 0
  58: 0
  59: 0
  60: 0
  61: 0
  62: 0
  63: 0
 procInstrs: # Per-process instructions
  0: 510389387
  1: 0
  2: 0
  3: 0
  4: 0
  5: 0
  6: 0
  7: 0
  8: 0
  9: 0
  10: 0
  11: 0
  12: 0
  13: 0
  14: 0
  15: 0
  16: 0
  17: 0
  18: 0
  19: 0
  20: 0
  21: 0
  22: 0
  23: 0
  24: 0
  25: 0
  26: 0
  27: 0
  28: 0
  29: 0
  30: 0
  31: 0
  32: 0
  33: 0
  34: 0
  35: 0
  36: 0
  37: 0
  38: 0
  39: 0
  40: 0
  41: 0
  42: 0
  43: 0
  44: 0
  45: 0
  46: 0
  47: 0
  48: 0
  49: 0
  50: 0
  51: 0
  52: 0
  53: 0
  54: 0
  55: 0
  56: 0
  57: 0
  58: 0
  59: 0
  60: 0
  61: 0
  62: 0
  63: 0
 heartbeats: # Per-process heartbeats
  0: 0
  1: 0
  2: 0
  3: 0
  4: 0
  5: 0
  6: 0
  7: 0
  8: 0
  9: 0
  10: 0
  11: 0
  12: 0
  13: 0
  14: 0
  15: 0
  16: 0
  17: 0
  18: 0
  19: 0
  20: 0
  21: 0
  22: 0
  23: 0
  24: 0
  25: 0
  26: 0
  27: 0
  28: 0
  29: 0
  30: 0
  31: 0
  32: 0
  33: 0
  34: 0
  35: 0
  36: 0
  37: 0
  38: 0
  39: 0
  40: 0
  41: 0
  42: 0
  43: 0
  44: 0
  45: 0
  46: 0
  47: 0
  48: 0
  49: 0
  50: 0
  51: 0
  52: 0
  53: 0
  54: 0
  55: 0
  56: 0
  57: 0
  58: 0
  59: 0
  60: 0
  61: 0
  62: 0
  63: 0
===
