# zsim stats
===
root: # Stats
 contention: # Contention simulation stats
  domain-0: # Domain stats
   time: 11501918056 # Weave simulation time
 time: # Simulator time breakdown
  init: 3078705164
  bound: 141894121075
  weave: 12268721316
  ff: 5342805
 trigger: 20000 # Reason for this stats dump
 phase: 16970 # Simulated phases
 reqCycles: 0 # Requeue Cycles
 skylake: # Core stats
  skylake-0: # Core stats
   cycles: 16968781 # Simulated unhalted cycles
   cCycles: 13918261 # Cycles due to contention stalls
   instrs: 2188619 # Simulated instructions
   uops: 3117519 # issued micro-ops
   bbls: 442845 # Basic blocks
   approxInstrs: 749284 # Instrs with approx uop decoding
   mispredBranches: 152 # Mispredicted branches
   IdqNotDelivered: 657635 # Stalls no uop delivered when no Bkend Stall
   IntMiscRecoveryCycles: 7330 # Stalls waiting machine clears
   uops executed: 4052200 # Executed microoperations
  skylake-1: # Core stats
   cycles: 16946726 # Simulated unhalted cycles
   cCycles: 13917593 # Cycles due to contention stalls
   instrs: 2189860 # Simulated instructions
   uops: 3119637 # issued micro-ops
   bbls: 443115 # Basic blocks
   approxInstrs: 750101 # Instrs with approx uop decoding
   mispredBranches: 124 # Mispredicted branches
   IdqNotDelivered: 633569 # Stalls no uop delivered when no Bkend Stall
   IntMiscRecoveryCycles: 2422 # Stalls waiting machine clears
   uops executed: 4055330 # Executed microoperations
  skylake-2: # Core stats
   cycles: 16943554 # Simulated unhalted cycles
   cCycles: 13917739 # Cycles due to contention stalls
   instrs: 2187643 # Simulated instructions
   uops: 3116621 # issued micro-ops
   bbls: 442670 # Basic blocks
   approxInstrs: 749524 # Instrs with approx uop decoding
   mispredBranches: 120 # Mispredicted branches
   IdqNotDelivered: 630812 # Stalls no uop delivered when no Bkend Stall
   IntMiscRecoveryCycles: 3595 # Stalls waiting machine clears
   uops executed: 4051641 # Executed microoperations
  skylake-3: # Core stats
   cycles: 16942505 # Simulated unhalted cycles
   cCycles: 13916251 # Cycles due to contention stalls
   instrs: 2187361 # Simulated instructions
   uops: 3116141 # issued micro-ops
   bbls: 442606 # Basic blocks
   approxInstrs: 749334 # Instrs with approx uop decoding
   mispredBranches: 118 # Mispredicted branches
   IdqNotDelivered: 633522 # Stalls no uop delivered when no Bkend Stall
   IntMiscRecoveryCycles: 2824 # Stalls waiting machine clears
   uops executed: 4050887 # Executed microoperations
  skylake-4: # Core stats
   cycles: 16943019 # Simulated unhalted cycles
   cCycles: 13916305 # Cycles due to contention stalls
   instrs: 2189605 # Simulated instructions
   uops: 3119339 # issued micro-ops
   bbls: 443062 # Basic blocks
   approxInstrs: 750099 # Instrs with approx uop decoding
   mispredBranches: 119 # Mispredicted branches
   IdqNotDelivered: 631314 # Stalls no uop delivered when no Bkend Stall
   IntMiscRecoveryCycles: 2227 # Stalls waiting machine clears
   uops executed: 4055038 # Executed microoperations
  skylake-5: # Core stats
   cycles: 16942962 # Simulated unhalted cycles
   cCycles: 13918178 # Cycles due to contention stalls
   instrs: 2188484 # Simulated instructions
   uops: 3117742 # issued micro-ops
   bbls: 442833 # Basic blocks
   approxInstrs: 749720 # Instrs with approx uop decoding
   mispredBranches: 118 # Mispredicted branches
   IdqNotDelivered: 628637 # Stalls no uop delivered when no Bkend Stall
   IntMiscRecoveryCycles: 2121 # Stalls waiting machine clears
   uops executed: 4052969 # Executed microoperations
  skylake-6: # Core stats
   cycles: 16942694 # Simulated unhalted cycles
   cCycles: 13918129 # Cycles due to contention stalls
   instrs: 2187911 # Simulated instructions
   uops: 3117076 # issued micro-ops
   bbls: 442711 # Basic blocks
   approxInstrs: 749736 # Instrs with approx uop decoding
   mispredBranches: 112 # Mispredicted branches
   IdqNotDelivered: 630189 # Stalls no uop delivered when no Bkend Stall
   IntMiscRecoveryCycles: 3298 # Stalls waiting machine clears
   uops executed: 4052334 # Executed microoperations
  skylake-7: # Core stats
   cycles: 16938873 # Simulated unhalted cycles
   cCycles: 13917259 # Cycles due to contention stalls
   instrs: 2186455 # Simulated instructions
   uops: 3115001 # issued micro-ops
   bbls: 442416 # Basic blocks
   approxInstrs: 749239 # Instrs with approx uop decoding
   mispredBranches: 112 # Mispredicted branches
   IdqNotDelivered: 628656 # Stalls no uop delivered when no Bkend Stall
   IntMiscRecoveryCycles: 2969 # Stalls waiting machine clears
   uops executed: 4049636 # Executed microoperations
  skylake-8: # Core stats
   cycles: 16939773 # Simulated unhalted cycles
   cCycles: 13917961 # Cycles due to contention stalls
   instrs: 2187080 # Simulated instructions
   uops: 3115741 # issued micro-ops
   bbls: 442549 # Basic blocks
   approxInstrs: 749238 # Instrs with approx uop decoding
   mispredBranches: 118 # Mispredicted branches
   IdqNotDelivered: 627272 # Stalls no uop delivered when no Bkend Stall
   IntMiscRecoveryCycles: 2185 # Stalls waiting machine clears
   uops executed: 4050367 # Executed microoperations
  skylake-9: # Core stats
   cycles: 16941654 # Simulated unhalted cycles
   cCycles: 13918098 # Cycles due to contention stalls
   instrs: 2187727 # Simulated instructions
   uops: 3116812 # issued micro-ops
   bbls: 442673 # Basic blocks
   approxInstrs: 749672 # Instrs with approx uop decoding
   mispredBranches: 112 # Mispredicted branches
   IdqNotDelivered: 628151 # Stalls no uop delivered when no Bkend Stall
   IntMiscRecoveryCycles: 2515 # Stalls waiting machine clears
   uops executed: 4051992 # Executed microoperations
  skylake-10: # Core stats
   cycles: 16939423 # Simulated unhalted cycles
   cCycles: 13917905 # Cycles due to contention stalls
   instrs: 2187418 # Simulated instructions
   uops: 3116374 # issued micro-ops
   bbls: 442611 # Basic blocks
   approxInstrs: 749569 # Instrs with approx uop decoding
   mispredBranches: 112 # Mispredicted branches
   IdqNotDelivered: 627552 # Stalls no uop delivered when no Bkend Stall
   IntMiscRecoveryCycles: 2560 # Stalls waiting machine clears
   uops executed: 4051422 # Executed microoperations
  skylake-11: # Core stats
   cycles: 16938746 # Simulated unhalted cycles
   cCycles: 13917465 # Cycles due to contention stalls
   instrs: 2188123 # Simulated instructions
   uops: 3117186 # issued micro-ops
   bbls: 442731 # Basic blocks
   approxInstrs: 749627 # Instrs with approx uop decoding
   mispredBranches: 114 # Mispredicted branches
   IdqNotDelivered: 626232 # Stalls no uop delivered when no Bkend Stall
   IntMiscRecoveryCycles: 2608 # Stalls waiting machine clears
   uops executed: 4052388 # Executed microoperations
  skylake-12: # Core stats
   cycles: 16940962 # Simulated unhalted cycles
   cCycles: 13919238 # Cycles due to contention stalls
   instrs: 2185871 # Simulated instructions
   uops: 3114171 # issued micro-ops
   bbls: 442298 # Basic blocks
   approxInstrs: 749038 # Instrs with approx uop decoding
   mispredBranches: 112 # Mispredicted branches
   IdqNotDelivered: 627143 # Stalls no uop delivered when no Bkend Stall
   IntMiscRecoveryCycles: 2664 # Stalls waiting machine clears
   uops executed: 4048558 # Executed microoperations
  skylake-13: # Core stats
   cycles: 16938465 # Simulated unhalted cycles
   cCycles: 13917543 # Cycles due to contention stalls
   instrs: 2187731 # Simulated instructions
   uops: 3116818 # issued micro-ops
   bbls: 442675 # Basic blocks
   approxInstrs: 749673 # Instrs with approx uop decoding
   mispredBranches: 112 # Mispredicted branches
   IdqNotDelivered: 626216 # Stalls no uop delivered when no Bkend Stall
   IntMiscRecoveryCycles: 2385 # Stalls waiting machine clears
   uops executed: 4051998 # Executed microoperations
  skylake-14: # Core stats
   cycles: 16939971 # Simulated unhalted cycles
   cCycles: 13918840 # Cycles due to contention stalls
   instrs: 2187727 # Simulated instructions
   uops: 3116812 # issued micro-ops
   bbls: 442673 # Basic blocks
   approxInstrs: 749672 # Instrs with approx uop decoding
   mispredBranches: 112 # Mispredicted branches
   IdqNotDelivered: 626746 # Stalls no uop delivered when no Bkend Stall
   IntMiscRecoveryCycles: 2385 # Stalls waiting machine clears
   uops executed: 4051992 # Executed microoperations
  skylake-15: # Core stats
   cycles: 16939962 # Simulated unhalted cycles
   cCycles: 13918471 # Cycles due to contention stalls
   instrs: 2187378 # Simulated instructions
   uops: 3116317 # issued micro-ops
   bbls: 442603 # Basic blocks
   approxInstrs: 749555 # Instrs with approx uop decoding
   mispredBranches: 112 # Mispredicted branches
   IdqNotDelivered: 626417 # Stalls no uop delivered when no Bkend Stall
   IntMiscRecoveryCycles: 2189 # Stalls waiting machine clears
   uops executed: 4051348 # Executed microoperations
  skylake-16: # Core stats
   cycles: 16937755 # Simulated unhalted cycles
   cCycles: 13918217 # Cycles due to contention stalls
   instrs: 2186503 # Simulated instructions
   uops: 3115067 # issued micro-ops
   bbls: 442425 # Basic blocks
   approxInstrs: 749253 # Instrs with approx uop decoding
   mispredBranches: 112 # Mispredicted branches
   IdqNotDelivered: 625515 # Stalls no uop delivered when no Bkend Stall
   IntMiscRecoveryCycles: 2189 # Stalls waiting machine clears
   uops executed: 4049722 # Executed microoperations
  skylake-17: # Core stats
   cycles: 16938720 # Simulated unhalted cycles
   cCycles: 13919554 # Cycles due to contention stalls
   instrs: 2187739 # Simulated instructions
   uops: 3116831 # issued micro-ops
   bbls: 442676 # Basic blocks
   approxInstrs: 749679 # Instrs with approx uop decoding
   mispredBranches: 112 # Mispredicted branches
   IdqNotDelivered: 624776 # Stalls no uop delivered when no Bkend Stall
   IntMiscRecoveryCycles: 2385 # Stalls waiting machine clears
   uops executed: 4052016 # Executed microoperations
  skylake-18: # Core stats
   cycles: 16938962 # Simulated unhalted cycles
   cCycles: 13918024 # Cycles due to contention stalls
   instrs: 2187867 # Simulated instructions
   uops: 3117011 # issued micro-ops
   bbls: 442701 # Basic blocks
   approxInstrs: 749721 # Instrs with approx uop decoding
   mispredBranches: 112 # Mispredicted branches
   IdqNotDelivered: 625234 # Stalls no uop delivered when no Bkend Stall
   IntMiscRecoveryCycles: 2189 # Stalls waiting machine clears
   uops executed: 4052250 # Executed microoperations
  skylake-19: # Core stats
   cycles: 16936778 # Simulated unhalted cycles
   cCycles: 13917691 # Cycles due to contention stalls
   instrs: 2187197 # Simulated instructions
   uops: 3116059 # issued micro-ops
   bbls: 442566 # Basic blocks
   approxInstrs: 749494 # Instrs with approx uop decoding
   mispredBranches: 112 # Mispredicted branches
   IdqNotDelivered: 624368 # Stalls no uop delivered when no Bkend Stall
   IntMiscRecoveryCycles: 2532 # Stalls waiting machine clears
   uops executed: 4051012 # Executed microoperations
  skylake-20: # Core stats
   cycles: 16938962 # Simulated unhalted cycles
   cCycles: 13918724 # Cycles due to contention stalls
   instrs: 2186212 # Simulated instructions
   uops: 3114657 # issued micro-ops
   bbls: 442367 # Basic blocks
   approxInstrs: 749155 # Instrs with approx uop decoding
   mispredBranches: 112 # Mispredicted branches
   IdqNotDelivered: 625141 # Stalls no uop delivered when no Bkend Stall
   IntMiscRecoveryCycles: 2532 # Stalls waiting machine clears
   uops executed: 4049190 # Executed microoperations
  skylake-21: # Core stats
   cycles: 16935818 # Simulated unhalted cycles
   cCycles: 13917321 # Cycles due to contention stalls
   instrs: 2180333 # Simulated instructions
   uops: 3104370 # issued micro-ops
   bbls: 441222 # Basic blocks
   approxInstrs: 745609 # Instrs with approx uop decoding
   mispredBranches: 202 # Mispredicted branches
   IdqNotDelivered: 625400 # Stalls no uop delivered when no Bkend Stall
   IntMiscRecoveryCycles: 5102 # Stalls waiting machine clears
   uops executed: 4034530 # Executed microoperations
  skylake-22: # Core stats
   cycles: 16937654 # Simulated unhalted cycles
   cCycles: 13918835 # Cycles due to contention stalls
   instrs: 2185226 # Simulated instructions
   uops: 3113249 # issued micro-ops
   bbls: 442171 # Basic blocks
   approxInstrs: 748798 # Instrs with approx uop decoding
   mispredBranches: 110 # Mispredicted branches
   IdqNotDelivered: 623933 # Stalls no uop delivered when no Bkend Stall
   IntMiscRecoveryCycles: 2238 # Stalls waiting machine clears
   uops executed: 4047356 # Executed microoperations
  skylake-23: # Core stats
   cycles: 0 # Simulated unhalted cycles
   cCycles: 0 # Cycles due to contention stalls
   instrs: 0 # Simulated instructions
   uops: 0 # issued micro-ops
   bbls: 0 # Basic blocks
   approxInstrs: 0 # Instrs with approx uop decoding
   mispredBranches: 0 # Mispredicted branches
   IdqNotDelivered: 0 # Stalls no uop delivered when no Bkend Stall
   IntMiscRecoveryCycles: 0 # Stalls waiting machine clears
   uops executed: 0 # Executed microoperations
 l1d: # Cache stats
  l1d-0: # Filter cache stats
   fhGETS: 607001 # Filtered GETS hits
   fhGETX: 670365 # Filtered GETX hits
   hGETS: 9032 # GETS hits
   hGETX: 15485 # GETX hits
   mGETS: 70689 # GETS misses
   mGETXIM: 249853 # GETX I->M misses
   mGETXSM: 6 # GETX S->M misses (upgrade misses)
   PUTS: 0 # Clean evictions (from lower level)
   PUTX: 0 # Dirty evictions (from lower level)
   INV: 99 # Invalidates (from upper level)
   INVX: 88 # Downgrades (from upper level)
   FWD: 0 # Forwards (from upper level)
   latGETnl: 57358184 # GET request latency on next level
   latGETnet: 0 # GET request latency on network to next level
  l1d-1: # Filter cache stats
   fhGETS: 607414 # Filtered GETS hits
   fhGETX: 670941 # Filtered GETX hits
   hGETS: 8962 # GETS hits
   hGETX: 15443 # GETX hits
   mGETS: 70718 # GETS misses
   mGETXIM: 250102 # GETX I->M misses
   mGETXSM: 10 # GETX S->M misses (upgrade misses)
   PUTS: 0 # Clean evictions (from lower level)
   PUTX: 0 # Dirty evictions (from lower level)
   INV: 89 # Invalidates (from upper level)
   INVX: 26 # Downgrades (from upper level)
   FWD: 0 # Forwards (from upper level)
   latGETnl: 57400778 # GET request latency on next level
   latGETnet: 0 # GET request latency on network to next level
  l1d-2: # Filter cache stats
   fhGETS: 606809 # Filtered GETS hits
   fhGETX: 670353 # Filtered GETX hits
   hGETS: 8934 # GETS hits
   hGETX: 15424 # GETX hits
   mGETS: 70656 # GETS misses
   mGETXIM: 249897 # GETX I->M misses
   mGETXSM: 5 # GETX S->M misses (upgrade misses)
   PUTS: 0 # Clean evictions (from lower level)
   PUTX: 0 # Dirty evictions (from lower level)
   INV: 62 # Invalidates (from upper level)
   INVX: 3 # Downgrades (from upper level)
   FWD: 0 # Forwards (from upper level)
   latGETnl: 57354762 # GET request latency on next level
   latGETnet: 0 # GET request latency on network to next level
  l1d-3: # Filter cache stats
   fhGETS: 606715 # Filtered GETS hits
   fhGETX: 670205 # Filtered GETX hits
   hGETS: 8957 # GETS hits
   hGETX: 15453 # GETX hits
   mGETS: 70642 # GETS misses
   mGETXIM: 249830 # GETX I->M misses
   mGETXSM: 9 # GETX S->M misses (upgrade misses)
   PUTS: 0 # Clean evictions (from lower level)
   PUTX: 0 # Dirty evictions (from lower level)
   INV: 70 # Invalidates (from upper level)
   INVX: 28 # Downgrades (from upper level)
   FWD: 0 # Forwards (from upper level)
   latGETnl: 57342373 # GET request latency on next level
   latGETnet: 0 # GET request latency on network to next level
  l1d-4: # Filter cache stats
   fhGETS: 607332 # Filtered GETS hits
   fhGETX: 670880 # Filtered GETX hits
   hGETS: 8971 # GETS hits
   hGETX: 15472 # GETX hits
   mGETS: 70718 # GETS misses
   mGETXIM: 250091 # GETX I->M misses
   mGETXSM: 9 # GETX S->M misses (upgrade misses)
   PUTS: 0 # Clean evictions (from lower level)
   PUTX: 0 # Dirty evictions (from lower level)
   INV: 81 # Invalidates (from upper level)
   INVX: 20 # Downgrades (from upper level)
   FWD: 0 # Forwards (from upper level)
   latGETnl: 57399712 # GET request latency on next level
   latGETnet: 0 # GET request latency on network to next level
  l1d-5: # Filter cache stats
   fhGETS: 607036 # Filtered GETS hits
   fhGETX: 670560 # Filtered GETX hits
   hGETS: 8948 # GETS hits
   hGETX: 15449 # GETX hits
   mGETS: 70683 # GETS misses
   mGETXIM: 249960 # GETX I->M misses
   mGETXSM: 9 # GETX S->M misses (upgrade misses)
   PUTS: 0 # Clean evictions (from lower level)
   PUTX: 0 # Dirty evictions (from lower level)
   INV: 77 # Invalidates (from upper level)
   INVX: 20 # Downgrades (from upper level)
   FWD: 0 # Forwards (from upper level)
   latGETnl: 57370936 # GET request latency on next level
   latGETnet: 0 # GET request latency on network to next level
  l1d-6: # Filter cache stats
   fhGETS: 606895 # Filtered GETS hits
   fhGETX: 670490 # Filtered GETX hits
   hGETS: 8938 # GETS hits
   hGETX: 15430 # GETX hits
   mGETS: 70661 # GETS misses
   mGETXIM: 249964 # GETX I->M misses
   mGETXSM: 5 # GETX S->M misses (upgrade misses)
   PUTS: 0 # Clean evictions (from lower level)
   PUTX: 0 # Dirty evictions (from lower level)
   INV: 62 # Invalidates (from upper level)
   INVX: 3 # Downgrades (from upper level)
   FWD: 0 # Forwards (from upper level)
   latGETnl: 57368326 # GET request latency on next level
   latGETnet: 0 # GET request latency on network to next level
  l1d-7: # Filter cache stats
   fhGETS: 606478 # Filtered GETS hits
   fhGETX: 670049 # Filtered GETX hits
   hGETS: 8944 # GETS hits
   hGETX: 15412 # GETX hits
   mGETS: 70615 # GETS misses
   mGETXIM: 249799 # GETX I->M misses
   mGETXSM: 6 # GETX S->M misses (upgrade misses)
   PUTS: 0 # Clean evictions (from lower level)
   PUTX: 0 # Dirty evictions (from lower level)
   INV: 62 # Invalidates (from upper level)
   INVX: 33 # Downgrades (from upper level)
   FWD: 0 # Forwards (from upper level)
   latGETnl: 57334354 # GET request latency on next level
   latGETnet: 0 # GET request latency on network to next level
  l1d-8: # Filter cache stats
   fhGETS: 606634 # Filtered GETS hits
   fhGETX: 670126 # Filtered GETX hits
   hGETS: 8955 # GETS hits
   hGETX: 15443 # GETX hits
   mGETS: 70637 # GETS misses
   mGETXIM: 249799 # GETX I->M misses
   mGETXSM: 9 # GETX S->M misses (upgrade misses)
   PUTS: 0 # Clean evictions (from lower level)
   PUTX: 0 # Dirty evictions (from lower level)
   INV: 74 # Invalidates (from upper level)
   INVX: 15 # Downgrades (from upper level)
   FWD: 0 # Forwards (from upper level)
   latGETnl: 57333577 # GET request latency on next level
   latGETnet: 0 # GET request latency on network to next level
  l1d-9: # Filter cache stats
   fhGETS: 606849 # Filtered GETS hits
   fhGETX: 670433 # Filtered GETX hits
   hGETS: 8928 # GETS hits
   hGETX: 15433 # GETX hits
   mGETS: 70658 # GETS misses
   mGETXIM: 249940 # GETX I->M misses
   mGETXSM: 5 # GETX S->M misses (upgrade misses)
   PUTS: 0 # Clean evictions (from lower level)
   PUTX: 0 # Dirty evictions (from lower level)
   INV: 62 # Invalidates (from upper level)
   INVX: 18 # Downgrades (from upper level)
   FWD: 0 # Forwards (from upper level)
   latGETnl: 57366189 # GET request latency on next level
   latGETnet: 0 # GET request latency on network to next level
  l1d-10: # Filter cache stats
   fhGETS: 606749 # Filtered GETS hits
   fhGETX: 670335 # Filtered GETX hits
   hGETS: 8944 # GETS hits
   hGETX: 15429 # GETX hits
   mGETS: 70645 # GETS misses
   mGETXIM: 249910 # GETX I->M misses
   mGETXSM: 5 # GETX S->M misses (upgrade misses)
   PUTS: 0 # Clean evictions (from lower level)
   PUTX: 0 # Dirty evictions (from lower level)
   INV: 63 # Invalidates (from upper level)
   INVX: 18 # Downgrades (from upper level)
   FWD: 0 # Forwards (from upper level)
   latGETnl: 57357900 # GET request latency on next level
   latGETnet: 0 # GET request latency on network to next level
  l1d-11: # Filter cache stats
   fhGETS: 606950 # Filtered GETS hits
   fhGETX: 670473 # Filtered GETX hits
   hGETS: 8948 # GETS hits
   hGETX: 15428 # GETX hits
   mGETS: 70693 # GETS misses
   mGETXIM: 249941 # GETX I->M misses
   mGETXSM: 10 # GETX S->M misses (upgrade misses)
   PUTS: 0 # Clean evictions (from lower level)
   PUTX: 0 # Dirty evictions (from lower level)
   INV: 62 # Invalidates (from upper level)
   INVX: 9 # Downgrades (from upper level)
   FWD: 0 # Forwards (from upper level)
   latGETnl: 57365263 # GET request latency on next level
   latGETnet: 0 # GET request latency on network to next level
  l1d-12: # Filter cache stats
   fhGETS: 504794 # Filtered GETS hits
   fhGETX: 561828 # Filtered GETX hits
   hGETS: 110462 # GETS hits
   hGETX: 123454 # GETX hits
   mGETS: 70596 # GETS misses
   mGETXIM: 249730 # GETX I->M misses
   mGETXSM: 6 # GETX S->M misses (upgrade misses)
   PUTS: 0 # Clean evictions (from lower level)
   PUTX: 0 # Dirty evictions (from lower level)
   INV: 60 # Invalidates (from upper level)
   INVX: 7 # Downgrades (from upper level)
   FWD: 0 # Forwards (from upper level)
   latGETnl: 57315642 # GET request latency on next level
   latGETnet: 0 # GET request latency on network to next level
  l1d-13: # Filter cache stats
   fhGETS: 606850 # Filtered GETS hits
   fhGETX: 670434 # Filtered GETX hits
   hGETS: 8930 # GETS hits
   hGETX: 15432 # GETX hits
   mGETS: 70657 # GETS misses
   mGETXIM: 249940 # GETX I->M misses
   mGETXSM: 5 # GETX S->M misses (upgrade misses)
   PUTS: 0 # Clean evictions (from lower level)
   PUTX: 0 # Dirty evictions (from lower level)
   INV: 61 # Invalidates (from upper level)
   INVX: 4 # Downgrades (from upper level)
   FWD: 0 # Forwards (from upper level)
   latGETnl: 57363388 # GET request latency on next level
   latGETnet: 0 # GET request latency on network to next level
  l1d-14: # Filter cache stats
   fhGETS: 606857 # Filtered GETS hits
   fhGETX: 670441 # Filtered GETX hits
   hGETS: 8925 # GETS hits
   hGETX: 15414 # GETX hits
   mGETS: 70653 # GETS misses
   mGETXIM: 249950 # GETX I->M misses
   mGETXSM: 6 # GETX S->M misses (upgrade misses)
   PUTS: 0 # Clean evictions (from lower level)
   PUTX: 0 # Dirty evictions (from lower level)
   INV: 66 # Invalidates (from upper level)
   INVX: 2 # Downgrades (from upper level)
   FWD: 0 # Forwards (from upper level)
   latGETnl: 57362953 # GET request latency on next level
   latGETnet: 0 # GET request latency on network to next level
  l1d-15: # Filter cache stats
   fhGETS: 606750 # Filtered GETS hits
   fhGETX: 670329 # Filtered GETX hits
   hGETS: 8931 # GETS hits
   hGETX: 15424 # GETX hits
   mGETS: 70644 # GETS misses
   mGETXIM: 249903 # GETX I->M misses
   mGETXSM: 6 # GETX S->M misses (upgrade misses)
   PUTS: 0 # Clean evictions (from lower level)
   PUTX: 0 # Dirty evictions (from lower level)
   INV: 61 # Invalidates (from upper level)
   INVX: 2 # Downgrades (from upper level)
   FWD: 0 # Forwards (from upper level)
   latGETnl: 57353985 # GET request latency on next level
   latGETnet: 0 # GET request latency on network to next level
  l1d-16: # Filter cache stats
   fhGETS: 504936 # Filtered GETS hits
   fhGETX: 561981 # Filtered GETX hits
   hGETS: 110497 # GETS hits
   hGETX: 123496 # GETX hits
   mGETS: 70620 # GETS misses
   mGETXIM: 249803 # GETX I->M misses
   mGETXSM: 6 # GETX S->M misses (upgrade misses)
   PUTS: 0 # Clean evictions (from lower level)
   PUTX: 0 # Dirty evictions (from lower level)
   INV: 65 # Invalidates (from upper level)
   INVX: 2 # Downgrades (from upper level)
   FWD: 0 # Forwards (from upper level)
   latGETnl: 57331525 # GET request latency on next level
   latGETnet: 0 # GET request latency on network to next level
  l1d-17: # Filter cache stats
   fhGETS: 606861 # Filtered GETS hits
   fhGETX: 670449 # Filtered GETX hits
   hGETS: 8924 # GETS hits
   hGETX: 15412 # GETX hits
   mGETS: 70654 # GETS misses
   mGETXIM: 249949 # GETX I->M misses
   mGETXSM: 6 # GETX S->M misses (upgrade misses)
   PUTS: 0 # Clean evictions (from lower level)
   PUTX: 0 # Dirty evictions (from lower level)
   INV: 63 # Invalidates (from upper level)
   INVX: 2 # Downgrades (from upper level)
   FWD: 0 # Forwards (from upper level)
   latGETnl: 57363481 # GET request latency on next level
   latGETnet: 0 # GET request latency on network to next level
  l1d-18: # Filter cache stats
   fhGETS: 606891 # Filtered GETS hits
   fhGETX: 670482 # Filtered GETX hits
   hGETS: 8930 # GETS hits
   hGETX: 15421 # GETX hits
   mGETS: 70660 # GETS misses
   mGETXIM: 249961 # GETX I->M misses
   mGETXSM: 6 # GETX S->M misses (upgrade misses)
   PUTS: 0 # Clean evictions (from lower level)
   PUTX: 0 # Dirty evictions (from lower level)
   INV: 63 # Invalidates (from upper level)
   INVX: 2 # Downgrades (from upper level)
   FWD: 0 # Forwards (from upper level)
   latGETnl: 57366835 # GET request latency on next level
   latGETnet: 0 # GET request latency on network to next level
  l1d-19: # Filter cache stats
   fhGETS: 606708 # Filtered GETS hits
   fhGETX: 670269 # Filtered GETX hits
   hGETS: 8924 # GETS hits
   hGETX: 15421 # GETX hits
   mGETS: 70638 # GETS misses
   mGETXIM: 249888 # GETX I->M misses
   mGETXSM: 6 # GETX S->M misses (upgrade misses)
   PUTS: 0 # Clean evictions (from lower level)
   PUTX: 0 # Dirty evictions (from lower level)
   INV: 65 # Invalidates (from upper level)
   INVX: 2 # Downgrades (from upper level)
   FWD: 0 # Forwards (from upper level)
   latGETnl: 57349566 # GET request latency on next level
   latGETnet: 0 # GET request latency on network to next level
  l1d-20: # Filter cache stats
   fhGETS: 606409 # Filtered GETS hits
   fhGETX: 669963 # Filtered GETX hits
   hGETS: 8944 # GETS hits
   hGETX: 15422 # GETX hits
   mGETS: 70606 # GETS misses
   mGETXIM: 249773 # GETX I->M misses
   mGETXSM: 6 # GETX S->M misses (upgrade misses)
   PUTS: 0 # Clean evictions (from lower level)
   PUTX: 0 # Dirty evictions (from lower level)
   INV: 63 # Invalidates (from upper level)
   INVX: 2 # Downgrades (from upper level)
   FWD: 0 # Forwards (from upper level)
   latGETnl: 57323517 # GET request latency on next level
   latGETnet: 0 # GET request latency on network to next level
  l1d-21: # Filter cache stats
   fhGETS: 604576 # Filtered GETS hits
   fhGETX: 667225 # Filtered GETX hits
   hGETS: 9122 # GETS hits
   hGETX: 15404 # GETX hits
   mGETS: 70335 # GETS misses
   mGETXIM: 248591 # GETX I->M misses
   mGETXSM: 10 # GETX S->M misses (upgrade misses)
   PUTS: 0 # Clean evictions (from lower level)
   PUTX: 0 # Dirty evictions (from lower level)
   INV: 58 # Invalidates (from upper level)
   INVX: 3 # Downgrades (from upper level)
   FWD: 0 # Forwards (from upper level)
   latGETnl: 57061620 # GET request latency on next level
   latGETnet: 0 # GET request latency on network to next level
  l1d-22: # Filter cache stats
   fhGETS: 606159 # Filtered GETS hits
   fhGETX: 669662 # Filtered GETX hits
   hGETS: 8913 # GETS hits
   hGETX: 15406 # GETX hits
   mGETS: 70579 # GETS misses
   mGETXIM: 249652 # GETX I->M misses
   mGETXSM: 8 # GETX S->M misses (upgrade misses)
   PUTS: 0 # Clean evictions (from lower level)
   PUTX: 0 # Dirty evictions (from lower level)
   INV: 62 # Invalidates (from upper level)
   INVX: 4 # Downgrades (from upper level)
   FWD: 0 # Forwards (from upper level)
   latGETnl: 57297571 # GET request latency on next level
   latGETnet: 0 # GET request latency on network to next level
  l1d-23: # Filter cache stats
   fhGETS: 0 # Filtered GETS hits
   fhGETX: 0 # Filtered GETX hits
   hGETS: 0 # GETS hits
   hGETX: 0 # GETX hits
   mGETS: 0 # GETS misses
   mGETXIM: 0 # GETX I->M misses
   mGETXSM: 0 # GETX S->M misses (upgrade misses)
   PUTS: 0 # Clean evictions (from lower level)
   PUTX: 0 # Dirty evictions (from lower level)
   INV: 0 # Invalidates (from upper level)
   INVX: 0 # Downgrades (from upper level)
   FWD: 0 # Forwards (from upper level)
   latGETnl: 0 # GET request latency on next level
   latGETnet: 0 # GET request latency on network to next level
 l1i: # Cache stats
  l1i-0: # Filter cache stats
   fhGETS: 532318 # Filtered GETS hits
   fhGETX: 0 # Filtered GETX hits
   hGETS: 51 # GETS hits
   hGETX: 0 # GETX hits
   mGETS: 640 # GETS misses
   mGETXIM: 0 # GETX I->M misses
   mGETXSM: 0 # GETX S->M misses (upgrade misses)
   PUTS: 0 # Clean evictions (from lower level)
   PUTX: 0 # Dirty evictions (from lower level)
   INV: 620 # Invalidates (from upper level)
   INVX: 0 # Downgrades (from upper level)
   FWD: 0 # Forwards (from upper level)
   latGETnl: 53708 # GET request latency on next level
   latGETnet: 0 # GET request latency on network to next level
  l1i-1: # Filter cache stats
   fhGETS: 532778 # Filtered GETS hits
   fhGETX: 0 # Filtered GETX hits
   hGETS: 38 # GETS hits
   hGETX: 0 # GETX hits
   mGETS: 557 # GETS misses
   mGETXIM: 0 # GETX I->M misses
   mGETXSM: 0 # GETX S->M misses (upgrade misses)
   PUTS: 0 # Clean evictions (from lower level)
   PUTX: 0 # Dirty evictions (from lower level)
   INV: 534 # Invalidates (from upper level)
   INVX: 0 # Downgrades (from upper level)
   FWD: 0 # Forwards (from upper level)
   latGETnl: 30403 # GET request latency on next level
   latGETnet: 0 # GET request latency on network to next level
  l1i-2: # Filter cache stats
   fhGETS: 532211 # Filtered GETS hits
   fhGETX: 0 # Filtered GETX hits
   hGETS: 32 # GETS hits
   hGETX: 0 # GETX hits
   mGETS: 577 # GETS misses
   mGETXIM: 0 # GETX I->M misses
   mGETXSM: 0 # GETX S->M misses (upgrade misses)
   PUTS: 0 # Clean evictions (from lower level)
   PUTX: 0 # Dirty evictions (from lower level)
   INV: 558 # Invalidates (from upper level)
   INVX: 0 # Downgrades (from upper level)
   FWD: 0 # Forwards (from upper level)
   latGETnl: 32795 # GET request latency on next level
   latGETnet: 0 # GET request latency on network to next level
  l1i-3: # Filter cache stats
   fhGETS: 532162 # Filtered GETS hits
   fhGETX: 0 # Filtered GETX hits
   hGETS: 30 # GETS hits
   hGETX: 0 # GETX hits
   mGETS: 555 # GETS misses
   mGETXIM: 0 # GETX I->M misses
   mGETXSM: 0 # GETX S->M misses (upgrade misses)
   PUTS: 0 # Clean evictions (from lower level)
   PUTX: 0 # Dirty evictions (from lower level)
   INV: 536 # Invalidates (from upper level)
   INVX: 0 # Downgrades (from upper level)
   FWD: 0 # Forwards (from upper level)
   latGETnl: 29517 # GET request latency on next level
   latGETnet: 0 # GET request latency on network to next level
  l1i-4: # Filter cache stats
   fhGETS: 532717 # Filtered GETS hits
   fhGETX: 0 # Filtered GETX hits
   hGETS: 31 # GETS hits
   hGETX: 0 # GETX hits
   mGETS: 560 # GETS misses
   mGETXIM: 0 # GETX I->M misses
   mGETXSM: 0 # GETX S->M misses (upgrade misses)
   PUTS: 0 # Clean evictions (from lower level)
   PUTX: 0 # Dirty evictions (from lower level)
   INV: 538 # Invalidates (from upper level)
   INVX: 0 # Downgrades (from upper level)
   FWD: 0 # Forwards (from upper level)
   latGETnl: 27508 # GET request latency on next level
   latGETnet: 0 # GET request latency on network to next level
  l1i-5: # Filter cache stats
   fhGETS: 532435 # Filtered GETS hits
   fhGETX: 0 # Filtered GETX hits
   hGETS: 31 # GETS hits
   hGETX: 0 # GETX hits
   mGETS: 558 # GETS misses
   mGETXIM: 0 # GETX I->M misses
   mGETXSM: 0 # GETX S->M misses (upgrade misses)
   PUTS: 0 # Clean evictions (from lower level)
   PUTX: 0 # Dirty evictions (from lower level)
   INV: 539 # Invalidates (from upper level)
   INVX: 0 # Downgrades (from upper level)
   FWD: 0 # Forwards (from upper level)
   latGETnl: 26358 # GET request latency on next level
   latGETnet: 0 # GET request latency on network to next level
  l1i-6: # Filter cache stats
   fhGETS: 532303 # Filtered GETS hits
   fhGETX: 0 # Filtered GETX hits
   hGETS: 29 # GETS hits
   hGETX: 0 # GETX hits
   mGETS: 536 # GETS misses
   mGETXIM: 0 # GETX I->M misses
   mGETXSM: 0 # GETX S->M misses (upgrade misses)
   PUTS: 0 # Clean evictions (from lower level)
   PUTX: 0 # Dirty evictions (from lower level)
   INV: 517 # Invalidates (from upper level)
   INVX: 0 # Downgrades (from upper level)
   FWD: 0 # Forwards (from upper level)
   latGETnl: 29548 # GET request latency on next level
   latGETnet: 0 # GET request latency on network to next level
  l1i-7: # Filter cache stats
   fhGETS: 531941 # Filtered GETS hits
   fhGETX: 0 # Filtered GETX hits
   hGETS: 29 # GETS hits
   hGETX: 0 # GETX hits
   mGETS: 540 # GETS misses
   mGETXIM: 0 # GETX I->M misses
   mGETXSM: 0 # GETX S->M misses (upgrade misses)
   PUTS: 0 # Clean evictions (from lower level)
   PUTX: 0 # Dirty evictions (from lower level)
   INV: 521 # Invalidates (from upper level)
   INVX: 0 # Downgrades (from upper level)
   FWD: 0 # Forwards (from upper level)
   latGETnl: 27492 # GET request latency on next level
   latGETnet: 0 # GET request latency on network to next level
  l1i-8: # Filter cache stats
   fhGETS: 532099 # Filtered GETS hits
   fhGETX: 0 # Filtered GETX hits
   hGETS: 31 # GETS hits
   hGETX: 0 # GETX hits
   mGETS: 559 # GETS misses
   mGETXIM: 0 # GETX I->M misses
   mGETXSM: 0 # GETX S->M misses (upgrade misses)
   PUTS: 0 # Clean evictions (from lower level)
   PUTX: 0 # Dirty evictions (from lower level)
   INV: 540 # Invalidates (from upper level)
   INVX: 0 # Downgrades (from upper level)
   FWD: 0 # Forwards (from upper level)
   latGETnl: 26273 # GET request latency on next level
   latGETnet: 0 # GET request latency on network to next level
  l1i-9: # Filter cache stats
   fhGETS: 532261 # Filtered GETS hits
   fhGETX: 0 # Filtered GETX hits
   hGETS: 29 # GETS hits
   hGETX: 0 # GETX hits
   mGETS: 542 # GETS misses
   mGETXIM: 0 # GETX I->M misses
   mGETXSM: 0 # GETX S->M misses (upgrade misses)
   PUTS: 0 # Clean evictions (from lower level)
   PUTX: 0 # Dirty evictions (from lower level)
   INV: 523 # Invalidates (from upper level)
   INVX: 0 # Downgrades (from upper level)
   FWD: 0 # Forwards (from upper level)
   latGETnl: 26662 # GET request latency on next level
   latGETnet: 0 # GET request latency on network to next level
  l1i-10: # Filter cache stats
   fhGETS: 532175 # Filtered GETS hits
   fhGETX: 0 # Filtered GETX hits
   hGETS: 29 # GETS hits
   hGETX: 0 # GETX hits
   mGETS: 539 # GETS misses
   mGETXIM: 0 # GETX I->M misses
   mGETXSM: 0 # GETX S->M misses (upgrade misses)
   PUTS: 0 # Clean evictions (from lower level)
   PUTX: 0 # Dirty evictions (from lower level)
   INV: 520 # Invalidates (from upper level)
   INVX: 0 # Downgrades (from upper level)
   FWD: 0 # Forwards (from upper level)
   latGETnl: 27181 # GET request latency on next level
   latGETnet: 0 # GET request latency on network to next level
  l1i-11: # Filter cache stats
   fhGETS: 532249 # Filtered GETS hits
   fhGETX: 0 # Filtered GETX hits
   hGETS: 119 # GETS hits
   hGETX: 0 # GETX hits
   mGETS: 539 # GETS misses
   mGETXIM: 0 # GETX I->M misses
   mGETXSM: 0 # GETX S->M misses (upgrade misses)
   PUTS: 0 # Clean evictions (from lower level)
   PUTX: 0 # Dirty evictions (from lower level)
   INV: 520 # Invalidates (from upper level)
   INVX: 0 # Downgrades (from upper level)
   FWD: 0 # Forwards (from upper level)
   latGETnl: 26125 # GET request latency on next level
   latGETnet: 0 # GET request latency on network to next level
  l1i-12: # Filter cache stats
   fhGETS: 531816 # Filtered GETS hits
   fhGETX: 0 # Filtered GETX hits
   hGETS: 29 # GETS hits
   hGETX: 0 # GETX hits
   mGETS: 543 # GETS misses
   mGETXIM: 0 # GETX I->M misses
   mGETXSM: 0 # GETX S->M misses (upgrade misses)
   PUTS: 0 # Clean evictions (from lower level)
   PUTX: 0 # Dirty evictions (from lower level)
   INV: 524 # Invalidates (from upper level)
   INVX: 0 # Downgrades (from upper level)
   FWD: 0 # Forwards (from upper level)
   latGETnl: 26049 # GET request latency on next level
   latGETnet: 0 # GET request latency on network to next level
  l1i-13: # Filter cache stats
   fhGETS: 532266 # Filtered GETS hits
   fhGETX: 0 # Filtered GETX hits
   hGETS: 29 # GETS hits
   hGETX: 0 # GETX hits
   mGETS: 543 # GETS misses
   mGETXIM: 0 # GETX I->M misses
   mGETXSM: 0 # GETX S->M misses (upgrade misses)
   PUTS: 0 # Clean evictions (from lower level)
   PUTX: 0 # Dirty evictions (from lower level)
   INV: 524 # Invalidates (from upper level)
   INVX: 0 # Downgrades (from upper level)
   FWD: 0 # Forwards (from upper level)
   latGETnl: 25653 # GET request latency on next level
   latGETnet: 0 # GET request latency on network to next level
  l1i-14: # Filter cache stats
   fhGETS: 532263 # Filtered GETS hits
   fhGETX: 0 # Filtered GETX hits
   hGETS: 29 # GETS hits
   hGETX: 0 # GETX hits
   mGETS: 543 # GETS misses
   mGETXIM: 0 # GETX I->M misses
   mGETXSM: 0 # GETX S->M misses (upgrade misses)
   PUTS: 0 # Clean evictions (from lower level)
   PUTX: 0 # Dirty evictions (from lower level)
   INV: 524 # Invalidates (from upper level)
   INVX: 0 # Downgrades (from upper level)
   FWD: 0 # Forwards (from upper level)
   latGETnl: 25521 # GET request latency on next level
   latGETnet: 0 # GET request latency on network to next level
  l1i-15: # Filter cache stats
   fhGETS: 532179 # Filtered GETS hits
   fhGETX: 0 # Filtered GETX hits
   hGETS: 29 # GETS hits
   hGETX: 0 # GETX hits
   mGETS: 539 # GETS misses
   mGETXIM: 0 # GETX I->M misses
   mGETXSM: 0 # GETX S->M misses (upgrade misses)
   PUTS: 0 # Clean evictions (from lower level)
   PUTX: 0 # Dirty evictions (from lower level)
   INV: 520 # Invalidates (from upper level)
   INVX: 0 # Downgrades (from upper level)
   FWD: 0 # Forwards (from upper level)
   latGETnl: 25333 # GET request latency on next level
   latGETnet: 0 # GET request latency on network to next level
  l1i-16: # Filter cache stats
   fhGETS: 531966 # Filtered GETS hits
   fhGETX: 0 # Filtered GETX hits
   hGETS: 29 # GETS hits
   hGETX: 0 # GETX hits
   mGETS: 539 # GETS misses
   mGETXIM: 0 # GETX I->M misses
   mGETXSM: 0 # GETX S->M misses (upgrade misses)
   PUTS: 0 # Clean evictions (from lower level)
   PUTX: 0 # Dirty evictions (from lower level)
   INV: 520 # Invalidates (from upper level)
   INVX: 0 # Downgrades (from upper level)
   FWD: 0 # Forwards (from upper level)
   latGETnl: 25333 # GET request latency on next level
   latGETnet: 0 # GET request latency on network to next level
  l1i-17: # Filter cache stats
   fhGETS: 532267 # Filtered GETS hits
   fhGETX: 0 # Filtered GETX hits
   hGETS: 29 # GETS hits
   hGETX: 0 # GETX hits
   mGETS: 543 # GETS misses
   mGETXIM: 0 # GETX I->M misses
   mGETXSM: 0 # GETX S->M misses (upgrade misses)
   PUTS: 0 # Clean evictions (from lower level)
   PUTX: 0 # Dirty evictions (from lower level)
   INV: 524 # Invalidates (from upper level)
   INVX: 0 # Downgrades (from upper level)
   FWD: 0 # Forwards (from upper level)
   latGETnl: 25521 # GET request latency on next level
   latGETnet: 0 # GET request latency on network to next level
  l1i-18: # Filter cache stats
   fhGETS: 532298 # Filtered GETS hits
   fhGETX: 0 # Filtered GETX hits
   hGETS: 29 # GETS hits
   hGETX: 0 # GETX hits
   mGETS: 539 # GETS misses
   mGETXIM: 0 # GETX I->M misses
   mGETXSM: 0 # GETX S->M misses (upgrade misses)
   PUTS: 0 # Clean evictions (from lower level)
   PUTX: 0 # Dirty evictions (from lower level)
   INV: 520 # Invalidates (from upper level)
   INVX: 0 # Downgrades (from upper level)
   FWD: 0 # Forwards (from upper level)
   latGETnl: 25333 # GET request latency on next level
   latGETnet: 0 # GET request latency on network to next level
  l1i-19: # Filter cache stats
   fhGETS: 532138 # Filtered GETS hits
   fhGETX: 0 # Filtered GETX hits
   hGETS: 29 # GETS hits
   hGETX: 0 # GETX hits
   mGETS: 544 # GETS misses
   mGETXIM: 0 # GETX I->M misses
   mGETXSM: 0 # GETX S->M misses (upgrade misses)
   PUTS: 0 # Clean evictions (from lower level)
   PUTX: 0 # Dirty evictions (from lower level)
   INV: 525 # Invalidates (from upper level)
   INVX: 0 # Downgrades (from upper level)
   FWD: 0 # Forwards (from upper level)
   latGETnl: 25568 # GET request latency on next level
   latGETnet: 0 # GET request latency on network to next level
  l1i-20: # Filter cache stats
   fhGETS: 531899 # Filtered GETS hits
   fhGETX: 0 # Filtered GETX hits
   hGETS: 29 # GETS hits
   hGETX: 0 # GETX hits
   mGETS: 543 # GETS misses
   mGETXIM: 0 # GETX I->M misses
   mGETXSM: 0 # GETX S->M misses (upgrade misses)
   PUTS: 0 # Clean evictions (from lower level)
   PUTX: 0 # Dirty evictions (from lower level)
   INV: 524 # Invalidates (from upper level)
   INVX: 0 # Downgrades (from upper level)
   FWD: 0 # Forwards (from upper level)
   latGETnl: 25521 # GET request latency on next level
   latGETnet: 0 # GET request latency on network to next level
  l1i-21: # Filter cache stats
   fhGETS: 530573 # Filtered GETS hits
   fhGETX: 0 # Filtered GETX hits
   hGETS: 115 # GETS hits
   hGETX: 0 # GETX hits
   mGETS: 607 # GETS misses
   mGETXIM: 0 # GETX I->M misses
   mGETXSM: 0 # GETX S->M misses (upgrade misses)
   PUTS: 0 # Clean evictions (from lower level)
   PUTX: 0 # Dirty evictions (from lower level)
   INV: 588 # Invalidates (from upper level)
   INVX: 0 # Downgrades (from upper level)
   FWD: 0 # Forwards (from upper level)
   latGETnl: 35789 # GET request latency on next level
   latGETnet: 0 # GET request latency on network to next level
  l1i-22: # Filter cache stats
   fhGETS: 531640 # Filtered GETS hits
   fhGETX: 0 # Filtered GETX hits
   hGETS: 43 # GETS hits
   hGETX: 0 # GETX hits
   mGETS: 545 # GETS misses
   mGETXIM: 0 # GETX I->M misses
   mGETXSM: 0 # GETX S->M misses (upgrade misses)
   PUTS: 0 # Clean evictions (from lower level)
   PUTX: 0 # Dirty evictions (from lower level)
   INV: 526 # Invalidates (from upper level)
   INVX: 0 # Downgrades (from upper level)
   FWD: 0 # Forwards (from upper level)
   latGETnl: 25747 # GET request latency on next level
   latGETnet: 0 # GET request latency on network to next level
  l1i-23: # Filter cache stats
   fhGETS: 0 # Filtered GETS hits
   fhGETX: 0 # Filtered GETX hits
   hGETS: 0 # GETS hits
   hGETX: 0 # GETX hits
   mGETS: 0 # GETS misses
   mGETXIM: 0 # GETX I->M misses
   mGETXSM: 0 # GETX S->M misses (upgrade misses)
   PUTS: 0 # Clean evictions (from lower level)
   PUTX: 0 # Dirty evictions (from lower level)
   INV: 0 # Invalidates (from upper level)
   INVX: 0 # Downgrades (from upper level)
   FWD: 0 # Forwards (from upper level)
   latGETnl: 0 # GET request latency on next level
   latGETnet: 0 # GET request latency on network to next level
 l2: # Cache stats
  l2-0: # Cache stats
   hGETS: 0 # GETS hits
   hGETX: 0 # GETX hits
   mGETS: 71329 # GETS misses
   mGETXIM: 249853 # GETX I->M misses
   mGETXSM: 6 # GETX S->M misses (upgrade misses)
   PUTS: 70513 # Clean evictions (from lower level)
   PUTX: 249419 # Dirty evictions (from lower level)
   INV: 46609 # Invalidates (from upper level)
   INVX: 98 # Downgrades (from upper level)
   FWD: 0 # Forwards (from upper level)
   latGETnl: 54200012 # GET request latency on next level
   latGETnet: 0 # GET request latency on network to next level
  l2-1: # Cache stats
   hGETS: 0 # GETS hits
   hGETX: 0 # GETX hits
   mGETS: 71275 # GETS misses
   mGETXIM: 250102 # GETX I->M misses
   mGETXSM: 10 # GETX S->M misses (upgrade misses)
   PUTS: 70549 # Clean evictions (from lower level)
   PUTX: 249670 # Dirty evictions (from lower level)
   INV: 20474 # Invalidates (from upper level)
   INVX: 26 # Downgrades (from upper level)
   FWD: 0 # Forwards (from upper level)
   latGETnl: 54217311 # GET request latency on next level
   latGETnet: 0 # GET request latency on network to next level
  l2-2: # Cache stats
   hGETS: 0 # GETS hits
   hGETX: 0 # GETX hits
   mGETS: 71233 # GETS misses
   mGETXIM: 249897 # GETX I->M misses
   mGETXSM: 5 # GETX S->M misses (upgrade misses)
   PUTS: 70494 # Clean evictions (from lower level)
   PUTX: 249485 # Dirty evictions (from lower level)
   INV: 57590 # Invalidates (from upper level)
   INVX: 5 # Downgrades (from upper level)
   FWD: 0 # Forwards (from upper level)
   latGETnl: 54176207 # GET request latency on next level
   latGETnet: 0 # GET request latency on network to next level
  l2-3: # Cache stats
   hGETS: 0 # GETS hits
   hGETX: 0 # GETX hits
   mGETS: 71197 # GETS misses
   mGETXIM: 249830 # GETX I->M misses
   mGETXSM: 9 # GETX S->M misses (upgrade misses)
   PUTS: 70474 # Clean evictions (from lower level)
   PUTX: 249416 # Dirty evictions (from lower level)
   INV: 18239 # Invalidates (from upper level)
   INVX: 28 # Downgrades (from upper level)
   FWD: 0 # Forwards (from upper level)
   latGETnl: 54161530 # GET request latency on next level
   latGETnet: 0 # GET request latency on network to next level
  l2-4: # Cache stats
   hGETS: 0 # GETS hits
   hGETX: 0 # GETX hits
   mGETS: 71278 # GETS misses
   mGETXIM: 250091 # GETX I->M misses
   mGETXSM: 9 # GETX S->M misses (upgrade misses)
   PUTS: 70550 # Clean evictions (from lower level)
   PUTX: 249666 # Dirty evictions (from lower level)
   INV: 17913 # Invalidates (from upper level)
   INVX: 20 # Downgrades (from upper level)
   FWD: 0 # Forwards (from upper level)
   latGETnl: 54213440 # GET request latency on next level
   latGETnet: 0 # GET request latency on network to next level
  l2-5: # Cache stats
   hGETS: 0 # GETS hits
   hGETX: 0 # GETX hits
   mGETS: 71241 # GETS misses
   mGETXIM: 249960 # GETX I->M misses
   mGETXSM: 9 # GETX S->M misses (upgrade misses)
   PUTS: 70513 # Clean evictions (from lower level)
   PUTX: 249541 # Dirty evictions (from lower level)
   INV: 21059 # Invalidates (from upper level)
   INVX: 20 # Downgrades (from upper level)
   FWD: 0 # Forwards (from upper level)
   latGETnl: 54185194 # GET request latency on next level
   latGETnet: 0 # GET request latency on network to next level
  l2-6: # Cache stats
   hGETS: 0 # GETS hits
   hGETX: 0 # GETX hits
   mGETS: 71197 # GETS misses
   mGETXIM: 249964 # GETX I->M misses
   mGETXSM: 5 # GETX S->M misses (upgrade misses)
   PUTS: 70503 # Clean evictions (from lower level)
   PUTX: 249548 # Dirty evictions (from lower level)
   INV: 20437 # Invalidates (from upper level)
   INVX: 3 # Downgrades (from upper level)
   FWD: 0 # Forwards (from upper level)
   latGETnl: 54186214 # GET request latency on next level
   latGETnet: 0 # GET request latency on network to next level
  l2-7: # Cache stats
   hGETS: 0 # GETS hits
   hGETX: 0 # GETX hits
   mGETS: 71155 # GETS misses
   mGETXIM: 249799 # GETX I->M misses
   mGETXSM: 6 # GETX S->M misses (upgrade misses)
   PUTS: 70461 # Clean evictions (from lower level)
   PUTX: 249379 # Dirty evictions (from lower level)
   INV: 31528 # Invalidates (from upper level)
   INVX: 33 # Downgrades (from upper level)
   FWD: 0 # Forwards (from upper level)
   latGETnl: 54152246 # GET request latency on next level
   latGETnet: 0 # GET request latency on network to next level
  l2-8: # Cache stats
   hGETS: 0 # GETS hits
   hGETX: 0 # GETX hits
   mGETS: 71196 # GETS misses
   mGETXIM: 249799 # GETX I->M misses
   mGETXSM: 9 # GETX S->M misses (upgrade misses)
   PUTS: 70471 # Clean evictions (from lower level)
   PUTX: 249379 # Dirty evictions (from lower level)
   INV: 46259 # Invalidates (from upper level)
   INVX: 19 # Downgrades (from upper level)
   FWD: 0 # Forwards (from upper level)
   latGETnl: 54149810 # GET request latency on next level
   latGETnet: 0 # GET request latency on network to next level
  l2-9: # Cache stats
   hGETS: 0 # GETS hits
   hGETX: 0 # GETX hits
   mGETS: 71200 # GETS misses
   mGETXIM: 249940 # GETX I->M misses
   mGETXSM: 5 # GETX S->M misses (upgrade misses)
   PUTS: 70497 # Clean evictions (from lower level)
   PUTX: 249527 # Dirty evictions (from lower level)
   INV: 46128 # Invalidates (from upper level)
   INVX: 18 # Downgrades (from upper level)
   FWD: 0 # Forwards (from upper level)
   latGETnl: 54181401 # GET request latency on next level
   latGETnet: 0 # GET request latency on network to next level
  l2-10: # Cache stats
   hGETS: 0 # GETS hits
   hGETX: 0 # GETX hits
   mGETS: 71184 # GETS misses
   mGETXIM: 249910 # GETX I->M misses
   mGETXSM: 5 # GETX S->M misses (upgrade misses)
   PUTS: 70487 # Clean evictions (from lower level)
   PUTX: 249493 # Dirty evictions (from lower level)
   INV: 18646 # Invalidates (from upper level)
   INVX: 18 # Downgrades (from upper level)
   FWD: 0 # Forwards (from upper level)
   latGETnl: 54174091 # GET request latency on next level
   latGETnet: 0 # GET request latency on network to next level
  l2-11: # Cache stats
   hGETS: 25 # GETS hits
   hGETX: 0 # GETX hits
   mGETS: 71207 # GETS misses
   mGETXIM: 249941 # GETX I->M misses
   mGETXSM: 10 # GETX S->M misses (upgrade misses)
   PUTS: 70525 # Clean evictions (from lower level)
   PUTX: 249535 # Dirty evictions (from lower level)
   INV: 54075 # Invalidates (from upper level)
   INVX: 12 # Downgrades (from upper level)
   FWD: 0 # Forwards (from upper level)
   latGETnl: 54179558 # GET request latency on next level
   latGETnet: 0 # GET request latency on network to next level
  l2-12: # Cache stats
   hGETS: 0 # GETS hits
   hGETX: 0 # GETX hits
   mGETS: 71139 # GETS misses
   mGETXIM: 249730 # GETX I->M misses
   mGETXSM: 6 # GETX S->M misses (upgrade misses)
   PUTS: 70438 # Clean evictions (from lower level)
   PUTX: 249316 # Dirty evictions (from lower level)
   INV: 18349 # Invalidates (from upper level)
   INVX: 7 # Downgrades (from upper level)
   FWD: 0 # Forwards (from upper level)
   latGETnl: 54132941 # GET request latency on next level
   latGETnet: 0 # GET request latency on network to next level
  l2-13: # Cache stats
   hGETS: 0 # GETS hits
   hGETX: 0 # GETX hits
   mGETS: 71200 # GETS misses
   mGETXIM: 249940 # GETX I->M misses
   mGETXSM: 5 # GETX S->M misses (upgrade misses)
   PUTS: 70497 # Clean evictions (from lower level)
   PUTX: 249527 # Dirty evictions (from lower level)
   INV: 18367 # Invalidates (from upper level)
   INVX: 4 # Downgrades (from upper level)
   FWD: 0 # Forwards (from upper level)
   latGETnl: 54177591 # GET request latency on next level
   latGETnet: 0 # GET request latency on network to next level
  l2-14: # Cache stats
   hGETS: 0 # GETS hits
   hGETX: 0 # GETX hits
   mGETS: 71196 # GETS misses
   mGETXIM: 249950 # GETX I->M misses
   mGETXSM: 6 # GETX S->M misses (upgrade misses)
   PUTS: 70499 # Clean evictions (from lower level)
   PUTX: 249526 # Dirty evictions (from lower level)
   INV: 46011 # Invalidates (from upper level)
   INVX: 2 # Downgrades (from upper level)
   FWD: 0 # Forwards (from upper level)
   latGETnl: 54176954 # GET request latency on next level
   latGETnet: 0 # GET request latency on network to next level
  l2-15: # Cache stats
   hGETS: 0 # GETS hits
   hGETX: 0 # GETX hits
   mGETS: 71183 # GETS misses
   mGETXIM: 249903 # GETX I->M misses
   mGETXSM: 6 # GETX S->M misses (upgrade misses)
   PUTS: 70485 # Clean evictions (from lower level)
   PUTX: 249489 # Dirty evictions (from lower level)
   INV: 29851 # Invalidates (from upper level)
   INVX: 2 # Downgrades (from upper level)
   FWD: 0 # Forwards (from upper level)
   latGETnl: 54168398 # GET request latency on next level
   latGETnet: 0 # GET request latency on network to next level
  l2-16: # Cache stats
   hGETS: 0 # GETS hits
   hGETX: 0 # GETX hits
   mGETS: 71159 # GETS misses
   mGETXIM: 249803 # GETX I->M misses
   mGETXSM: 6 # GETX S->M misses (upgrade misses)
   PUTS: 70458 # Clean evictions (from lower level)
   PUTX: 249388 # Dirty evictions (from lower level)
   INV: 18547 # Invalidates (from upper level)
   INVX: 2 # Downgrades (from upper level)
   FWD: 0 # Forwards (from upper level)
   latGETnl: 54147178 # GET request latency on next level
   latGETnet: 0 # GET request latency on network to next level
  l2-17: # Cache stats
   hGETS: 0 # GETS hits
   hGETX: 0 # GETX hits
   mGETS: 71197 # GETS misses
   mGETXIM: 249949 # GETX I->M misses
   mGETXSM: 6 # GETX S->M misses (upgrade misses)
   PUTS: 70497 # Clean evictions (from lower level)
   PUTX: 249531 # Dirty evictions (from lower level)
   INV: 18504 # Invalidates (from upper level)
   INVX: 2 # Downgrades (from upper level)
   FWD: 0 # Forwards (from upper level)
   latGETnl: 54177482 # GET request latency on next level
   latGETnet: 0 # GET request latency on network to next level
  l2-18: # Cache stats
   hGETS: 0 # GETS hits
   hGETX: 0 # GETX hits
   mGETS: 71199 # GETS misses
   mGETXIM: 249961 # GETX I->M misses
   mGETXSM: 6 # GETX S->M misses (upgrade misses)
   PUTS: 70502 # Clean evictions (from lower level)
   PUTX: 249544 # Dirty evictions (from lower level)
   INV: 18446 # Invalidates (from upper level)
   INVX: 2 # Downgrades (from upper level)
   FWD: 0 # Forwards (from upper level)
   latGETnl: 54180508 # GET request latency on next level
   latGETnet: 0 # GET request latency on network to next level
  l2-19: # Cache stats
   hGETS: 0 # GETS hits
   hGETX: 0 # GETX hits
   mGETS: 71182 # GETS misses
   mGETXIM: 249888 # GETX I->M misses
   mGETXSM: 6 # GETX S->M misses (upgrade misses)
   PUTS: 70481 # Clean evictions (from lower level)
   PUTX: 249468 # Dirty evictions (from lower level)
   INV: 29235 # Invalidates (from upper level)
   INVX: 2 # Downgrades (from upper level)
   FWD: 0 # Forwards (from upper level)
   latGETnl: 54164374 # GET request latency on next level
   latGETnet: 0 # GET request latency on network to next level
  l2-20: # Cache stats
   hGETS: 0 # GETS hits
   hGETX: 0 # GETX hits
   mGETS: 71149 # GETS misses
   mGETXIM: 249773 # GETX I->M misses
   mGETXSM: 6 # GETX S->M misses (upgrade misses)
   PUTS: 70448 # Clean evictions (from lower level)
   PUTX: 249356 # Dirty evictions (from lower level)
   INV: 18770 # Invalidates (from upper level)
   INVX: 2 # Downgrades (from upper level)
   FWD: 0 # Forwards (from upper level)
   latGETnl: 54139758 # GET request latency on next level
   latGETnet: 0 # GET request latency on network to next level
  l2-21: # Cache stats
   hGETS: 0 # GETS hits
   hGETX: 0 # GETX hits
   mGETS: 70942 # GETS misses
   mGETXIM: 248591 # GETX I->M misses
   mGETXSM: 10 # GETX S->M misses (upgrade misses)
   PUTS: 70174 # Clean evictions (from lower level)
   PUTX: 248182 # Dirty evictions (from lower level)
   INV: 31255 # Invalidates (from upper level)
   INVX: 3 # Downgrades (from upper level)
   FWD: 0 # Forwards (from upper level)
   latGETnl: 53901979 # GET request latency on next level
   latGETnet: 0 # GET request latency on network to next level
  l2-22: # Cache stats
   hGETS: 0 # GETS hits
   hGETX: 0 # GETX hits
   mGETS: 71124 # GETS misses
   mGETXIM: 249652 # GETX I->M misses
   mGETXSM: 8 # GETX S->M misses (upgrade misses)
   PUTS: 70419 # Clean evictions (from lower level)
   PUTX: 249238 # Dirty evictions (from lower level)
   INV: 20715 # Invalidates (from upper level)
   INVX: 7 # Downgrades (from upper level)
   FWD: 0 # Forwards (from upper level)
   latGETnl: 54115478 # GET request latency on next level
   latGETnet: 0 # GET request latency on network to next level
  l2-23: # Cache stats
   hGETS: 0 # GETS hits
   hGETX: 0 # GETX hits
   mGETS: 0 # GETS misses
   mGETXIM: 0 # GETX I->M misses
   mGETXSM: 0 # GETX S->M misses (upgrade misses)
   PUTS: 0 # Clean evictions (from lower level)
   PUTX: 0 # Dirty evictions (from lower level)
   INV: 0 # Invalidates (from upper level)
   INVX: 0 # Downgrades (from upper level)
   FWD: 0 # Forwards (from upper level)
   latGETnl: 0 # GET request latency on next level
   latGETnet: 0 # GET request latency on network to next level
 l3: # Cache stats
  l3-0b0: # Cache stats
   hGETS: 233 # GETS hits
   hGETX: 13 # GETX hits
   mGETS: 67562 # GETS misses
   mGETXIM: 239426 # GETX I->M misses
   mGETXSM: 0 # GETX S->M misses (upgrade misses)
   PUTS: 59054 # Clean evictions (from lower level)
   PUTX: 205477 # Dirty evictions (from lower level)
   INV: 0 # Invalidates (from upper level)
   INVX: 0 # Downgrades (from upper level)
   FWD: 0 # Forwards (from upper level)
   latGETnl: 40522416 # GET request latency on next level
   latGETnet: 0 # GET request latency on network to next level
  l3-0b1: # Cache stats
   hGETS: 277 # GETS hits
   hGETX: 22 # GETX hits
   mGETS: 67641 # GETS misses
   mGETXIM: 239426 # GETX I->M misses
   mGETXSM: 0 # GETX S->M misses (upgrade misses)
   PUTS: 59298 # Clean evictions (from lower level)
   PUTX: 205341 # Dirty evictions (from lower level)
   INV: 0 # Invalidates (from upper level)
   INVX: 0 # Downgrades (from upper level)
   FWD: 0 # Forwards (from upper level)
   latGETnl: 40532844 # GET request latency on next level
   latGETnet: 0 # GET request latency on network to next level
  l3-0b2: # Cache stats
   hGETS: 643 # GETS hits
   hGETX: 77 # GETX hits
   mGETS: 67650 # GETS misses
   mGETXIM: 239428 # GETX I->M misses
   mGETXSM: 0 # GETX S->M misses (upgrade misses)
   PUTS: 59679 # Clean evictions (from lower level)
   PUTX: 205378 # Dirty evictions (from lower level)
   INV: 0 # Invalidates (from upper level)
   INVX: 0 # Downgrades (from upper level)
   FWD: 0 # Forwards (from upper level)
   latGETnl: 40534296 # GET request latency on next level
   latGETnet: 0 # GET request latency on network to next level
  l3-0b3: # Cache stats
   hGETS: 739 # GETS hits
   hGETX: 55 # GETX hits
   mGETS: 67671 # GETS misses
   mGETXIM: 239432 # GETX I->M misses
   mGETXSM: 0 # GETX S->M misses (upgrade misses)
   PUTS: 59678 # Clean evictions (from lower level)
   PUTX: 205421 # Dirty evictions (from lower level)
   INV: 0 # Invalidates (from upper level)
   INVX: 0 # Downgrades (from upper level)
   FWD: 0 # Forwards (from upper level)
   latGETnl: 40537596 # GET request latency on next level
   latGETnet: 0 # GET request latency on network to next level
  l3-0b4: # Cache stats
   hGETS: 672 # GETS hits
   hGETX: 24 # GETX hits
   mGETS: 67909 # GETS misses
   mGETXIM: 239423 # GETX I->M misses
   mGETXSM: 0 # GETX S->M misses (upgrade misses)
   PUTS: 59918 # Clean evictions (from lower level)
   PUTX: 205456 # Dirty evictions (from lower level)
   INV: 0 # Invalidates (from upper level)
   INVX: 0 # Downgrades (from upper level)
   FWD: 0 # Forwards (from upper level)
   latGETnl: 40567824 # GET request latency on next level
   latGETnet: 0 # GET request latency on network to next level
  l3-0b5: # Cache stats
   hGETS: 771 # GETS hits
   hGETX: 40 # GETX hits
   mGETS: 67853 # GETS misses
   mGETXIM: 239423 # GETX I->M misses
   mGETXSM: 0 # GETX S->M misses (upgrade misses)
   PUTS: 59928 # Clean evictions (from lower level)
   PUTX: 205352 # Dirty evictions (from lower level)
   INV: 0 # Invalidates (from upper level)
   INVX: 0 # Downgrades (from upper level)
   FWD: 0 # Forwards (from upper level)
   latGETnl: 40560432 # GET request latency on next level
   latGETnet: 0 # GET request latency on network to next level
  l3-0b6: # Cache stats
   hGETS: 710 # GETS hits
   hGETX: 71 # GETX hits
   mGETS: 67834 # GETS misses
   mGETXIM: 239431 # GETX I->M misses
   mGETXSM: 0 # GETX S->M misses (upgrade misses)
   PUTS: 59799 # Clean evictions (from lower level)
   PUTX: 205263 # Dirty evictions (from lower level)
   INV: 0 # Invalidates (from upper level)
   INVX: 0 # Downgrades (from upper level)
   FWD: 0 # Forwards (from upper level)
   latGETnl: 40558980 # GET request latency on next level
   latGETnet: 0 # GET request latency on network to next level
  l3-0b7: # Cache stats
   hGETS: 645 # GETS hits
   hGETX: 62 # GETX hits
   mGETS: 67859 # GETS misses
   mGETXIM: 239419 # GETX I->M misses
   mGETXSM: 0 # GETX S->M misses (upgrade misses)
   PUTS: 59764 # Clean evictions (from lower level)
   PUTX: 205267 # Dirty evictions (from lower level)
   INV: 0 # Invalidates (from upper level)
   INVX: 0 # Downgrades (from upper level)
   FWD: 0 # Forwards (from upper level)
   latGETnl: 40560696 # GET request latency on next level
   latGETnet: 0 # GET request latency on network to next level
  l3-0b8: # Cache stats
   hGETS: 644 # GETS hits
   hGETX: 22 # GETX hits
   mGETS: 67433 # GETS misses
   mGETXIM: 239425 # GETX I->M misses
   mGETXSM: 0 # GETX S->M misses (upgrade misses)
   PUTS: 59344 # Clean evictions (from lower level)
   PUTX: 205560 # Dirty evictions (from lower level)
   INV: 0 # Invalidates (from upper level)
   INVX: 0 # Downgrades (from upper level)
   FWD: 0 # Forwards (from upper level)
   latGETnl: 40505256 # GET request latency on next level
   latGETnet: 0 # GET request latency on network to next level
  l3-0b9: # Cache stats
   hGETS: 619 # GETS hits
   hGETX: 35 # GETX hits
   mGETS: 67460 # GETS misses
   mGETXIM: 239425 # GETX I->M misses
   mGETXSM: 0 # GETX S->M misses (upgrade misses)
   PUTS: 59364 # Clean evictions (from lower level)
   PUTX: 205565 # Dirty evictions (from lower level)
   INV: 0 # Invalidates (from upper level)
   INVX: 0 # Downgrades (from upper level)
   FWD: 0 # Forwards (from upper level)
   latGETnl: 40508820 # GET request latency on next level
   latGETnet: 0 # GET request latency on network to next level
  l3-0b10: # Cache stats
   hGETS: 1585 # GETS hits
   hGETX: 25 # GETX hits
   mGETS: 67354 # GETS misses
   mGETXIM: 239424 # GETX I->M misses
   mGETXSM: 0 # GETX S->M misses (upgrade misses)
   PUTS: 60071 # Clean evictions (from lower level)
   PUTX: 205665 # Dirty evictions (from lower level)
   INV: 0 # Invalidates (from upper level)
   INVX: 0 # Downgrades (from upper level)
   FWD: 0 # Forwards (from upper level)
   latGETnl: 40494696 # GET request latency on next level
   latGETnet: 0 # GET request latency on network to next level
  l3-0b11: # Cache stats
   hGETS: 686 # GETS hits
   hGETX: 25 # GETX hits
   mGETS: 67333 # GETS misses
   mGETXIM: 239431 # GETX I->M misses
   mGETXSM: 0 # GETX S->M misses (upgrade misses)
   PUTS: 59315 # Clean evictions (from lower level)
   PUTX: 205565 # Dirty evictions (from lower level)
   INV: 0 # Invalidates (from upper level)
   INVX: 0 # Downgrades (from upper level)
   FWD: 0 # Forwards (from upper level)
   latGETnl: 40492848 # GET request latency on next level
   latGETnet: 0 # GET request latency on network to next level
  l3-0b12: # Cache stats
   hGETS: 769 # GETS hits
   hGETX: 41 # GETX hits
   mGETS: 67498 # GETS misses
   mGETXIM: 239432 # GETX I->M misses
   mGETXSM: 0 # GETX S->M misses (upgrade misses)
   PUTS: 59568 # Clean evictions (from lower level)
   PUTX: 205339 # Dirty evictions (from lower level)
   INV: 0 # Invalidates (from upper level)
   INVX: 0 # Downgrades (from upper level)
   FWD: 0 # Forwards (from upper level)
   latGETnl: 40514760 # GET request latency on next level
   latGETnet: 0 # GET request latency on network to next level
  l3-0b13: # Cache stats
   hGETS: 685 # GETS hits
   hGETX: 50 # GETX hits
   mGETS: 67627 # GETS misses
   mGETXIM: 239427 # GETX I->M misses
   mGETXSM: 0 # GETX S->M misses (upgrade misses)
   PUTS: 59412 # Clean evictions (from lower level)
   PUTX: 205339 # Dirty evictions (from lower level)
   INV: 0 # Invalidates (from upper level)
   INVX: 0 # Downgrades (from upper level)
   FWD: 0 # Forwards (from upper level)
   latGETnl: 40531128 # GET request latency on next level
   latGETnet: 0 # GET request latency on network to next level
  l3-0b14: # Cache stats
   hGETS: 736 # GETS hits
   hGETX: 51 # GETX hits
   mGETS: 67611 # GETS misses
   mGETXIM: 239432 # GETX I->M misses
   mGETXSM: 0 # GETX S->M misses (upgrade misses)
   PUTS: 59544 # Clean evictions (from lower level)
   PUTX: 205494 # Dirty evictions (from lower level)
   INV: 0 # Invalidates (from upper level)
   INVX: 0 # Downgrades (from upper level)
   FWD: 0 # Forwards (from upper level)
   latGETnl: 40529676 # GET request latency on next level
   latGETnet: 0 # GET request latency on network to next level
  l3-0b15: # Cache stats
   hGETS: 729 # GETS hits
   hGETX: 29 # GETX hits
   mGETS: 67742 # GETS misses
   mGETXIM: 239426 # GETX I->M misses
   mGETXSM: 0 # GETX S->M misses (upgrade misses)
   PUTS: 59645 # Clean evictions (from lower level)
   PUTX: 205425 # Dirty evictions (from lower level)
   INV: 0 # Invalidates (from upper level)
   INVX: 0 # Downgrades (from upper level)
   FWD: 0 # Forwards (from upper level)
   latGETnl: 40546176 # GET request latency on next level
   latGETnet: 0 # GET request latency on network to next level
  l3-0b16: # Cache stats
   hGETS: 829 # GETS hits
   hGETX: 15 # GETX hits
   mGETS: 67692 # GETS misses
   mGETXIM: 239335 # GETX I->M misses
   mGETXSM: 0 # GETX S->M misses (upgrade misses)
   PUTS: 59656 # Clean evictions (from lower level)
   PUTX: 205595 # Dirty evictions (from lower level)
   INV: 0 # Invalidates (from upper level)
   INVX: 0 # Downgrades (from upper level)
   FWD: 0 # Forwards (from upper level)
   latGETnl: 40527564 # GET request latency on next level
   latGETnet: 0 # GET request latency on network to next level
  l3-0b17: # Cache stats
   hGETS: 793 # GETS hits
   hGETX: 17 # GETX hits
   mGETS: 67589 # GETS misses
   mGETXIM: 239335 # GETX I->M misses
   mGETXSM: 0 # GETX S->M misses (upgrade misses)
   PUTS: 59490 # Clean evictions (from lower level)
   PUTX: 205356 # Dirty evictions (from lower level)
   INV: 0 # Invalidates (from upper level)
   INVX: 0 # Downgrades (from upper level)
   FWD: 0 # Forwards (from upper level)
   latGETnl: 40513968 # GET request latency on next level
   latGETnet: 0 # GET request latency on network to next level
  l3-0b18: # Cache stats
   hGETS: 846 # GETS hits
   hGETX: 39 # GETX hits
   mGETS: 67695 # GETS misses
   mGETXIM: 239333 # GETX I->M misses
   mGETXSM: 0 # GETX S->M misses (upgrade misses)
   PUTS: 59665 # Clean evictions (from lower level)
   PUTX: 205632 # Dirty evictions (from lower level)
   INV: 0 # Invalidates (from upper level)
   INVX: 0 # Downgrades (from upper level)
   FWD: 0 # Forwards (from upper level)
   latGETnl: 40527696 # GET request latency on next level
   latGETnet: 0 # GET request latency on network to next level
  l3-0b19: # Cache stats
   hGETS: 810 # GETS hits
   hGETX: 54 # GETX hits
   mGETS: 67693 # GETS misses
   mGETXIM: 239338 # GETX I->M misses
   mGETXSM: 0 # GETX S->M misses (upgrade misses)
   PUTS: 59564 # Clean evictions (from lower level)
   PUTX: 205363 # Dirty evictions (from lower level)
   INV: 0 # Invalidates (from upper level)
   INVX: 0 # Downgrades (from upper level)
   FWD: 0 # Forwards (from upper level)
   latGETnl: 40528092 # GET request latency on next level
   latGETnet: 0 # GET request latency on network to next level
  l3-0b20: # Cache stats
   hGETS: 327 # GETS hits
   hGETX: 19 # GETX hits
   mGETS: 67283 # GETS misses
   mGETXIM: 239337 # GETX I->M misses
   mGETXSM: 0 # GETX S->M misses (upgrade misses)
   PUTS: 58948 # Clean evictions (from lower level)
   PUTX: 205459 # Dirty evictions (from lower level)
   INV: 0 # Invalidates (from upper level)
   INVX: 0 # Downgrades (from upper level)
   FWD: 0 # Forwards (from upper level)
   latGETnl: 40473840 # GET request latency on next level
   latGETnet: 0 # GET request latency on network to next level
  l3-0b21: # Cache stats
   hGETS: 382 # GETS hits
   hGETX: 26 # GETX hits
   mGETS: 67232 # GETS misses
   mGETXIM: 239337 # GETX I->M misses
   mGETXSM: 0 # GETX S->M misses (upgrade misses)
   PUTS: 59056 # Clean evictions (from lower level)
   PUTX: 205690 # Dirty evictions (from lower level)
   INV: 0 # Invalidates (from upper level)
   INVX: 0 # Downgrades (from upper level)
   FWD: 0 # Forwards (from upper level)
   latGETnl: 40467108 # GET request latency on next level
   latGETnet: 0 # GET request latency on network to next level
  l3-0b22: # Cache stats
   hGETS: 332 # GETS hits
   hGETX: 36 # GETX hits
   mGETS: 67239 # GETS misses
   mGETXIM: 239333 # GETX I->M misses
   mGETXSM: 0 # GETX S->M misses (upgrade misses)
   PUTS: 58951 # Clean evictions (from lower level)
   PUTX: 205651 # Dirty evictions (from lower level)
   INV: 0 # Invalidates (from upper level)
   INVX: 0 # Downgrades (from upper level)
   FWD: 0 # Forwards (from upper level)
   latGETnl: 40467504 # GET request latency on next level
   latGETnet: 0 # GET request latency on network to next level
  l3-0b23: # Cache stats
   hGETS: 344 # GETS hits
   hGETX: 23 # GETX hits
   mGETS: 67096 # GETS misses
   mGETXIM: 239336 # GETX I->M misses
   mGETXSM: 0 # GETX S->M misses (upgrade misses)
   PUTS: 58891 # Clean evictions (from lower level)
   PUTX: 205747 # Dirty evictions (from lower level)
   INV: 0 # Invalidates (from upper level)
   INVX: 0 # Downgrades (from upper level)
   FWD: 0 # Forwards (from upper level)
   latGETnl: 40449024 # GET request latency on next level
   latGETnet: 0 # GET request latency on network to next level
 mem: # Memory controller stats
  mem-0: # Memory controller stats
   rd: 7367070 # Read requests
   wr: 5323996 # Write requests
   rdlat: 7516117342 # Total latency experienced by read requests
   wrlat: 5701649824 # Total latency experienced by write requests
 sched: # Scheduler stats
  thCr: 25 # Threads created
  thFn: 22 # Threads finished
  schedEvs: 28 # Schedule events
  waitEvs: 2 # Wait events
  handoffEvs: 1 # Handoff events
  sleepEvs: 1 # Sleep events
  idlePhases: 0 # Phases with no thread active
  idlePeriods: 0 # Periods with no thread active
  occHist: # Occupancy histogram
   0: 0
   1: 24
   2: 0
   3: 8
   4: 2
   5: 1
   6: 0
   7: 1
   8: 0
   9: 0
   10: 0
   11: 1
   12: 0
   13: 1
   14: 0
   15: 0
   16: 0
   17: 1
   18: 0
   19: 0
   20: 0
   21: 1
   22: 0
   23: 16930
   24: 0
  rqSzHist: # Run queue size histogram
   0: 16947
   1: 23
   2: 0
   3: 0
   4: 0
   5: 0
   6: 0
   7: 0
   8: 0
   9: 0
   10: 0
   11: 0
   12: 0
   13: 0
   14: 0
   15: 0
   16: 0
   17: 0
   18: 0
   19: 0
   20: 0
   21: 0
   22: 0
   23: 0
   24: 0
 procCycles: # Per-process unhalted core cycles
  0: 389538039
  1: 0
  2: 0
  3: 0
  4: 0
  5: 0
  6: 0
  7: 0
  8: 0
  9: 0
  10: 0
  11: 0
  12: 0
  13: 0
  14: 0
  15: 0
  16: 0
  17: 0
  18: 0
  19: 0
  20: 0
  21: 0
  22: 0
  23: 0
  24: 0
  25: 0
  26: 0
  27: 0
  28: 0
  29: 0
  30: 0
  31: 0
  32: 0
  33: 0
  34: 0
  35: 0
  36: 0
  37: 0
  38: 0
  39: 0
  40: 0
  41: 0
  42: 0
  43: 0
  44: 0
  45: 0
  46: 0
  47: 0
  48: 0
  49: 0
  50: 0
  51: 0
  52: 0
  53: 0
  54: 0
  55: 0
  56: 0
  57: 0
  58: 0
  59: 0
  60: 0
  61: 0
  62: 0
  63: 0
 procInstrs: # Per-process instructions
  0: 50306070
  1: 0
  2: 0
  3: 0
  4: 0
  5: 0
  6: 0
  7: 0
  8: 0
  9: 0
  10: 0
  11: 0
  12: 0
  13: 0
  14: 0
  15: 0
  16: 0
  17: 0
  18: 0
  19: 0
  20: 0
  21: 0
  22: 0
  23: 0
  24: 0
  25: 0
  26: 0
  27: 0
  28: 0
  29: 0
  30: 0
  31: 0
  32: 0
  33: 0
  34: 0
  35: 0
  36: 0
  37: 0
  38: 0
  39: 0
  40: 0
  41: 0
  42: 0
  43: 0
  44: 0
  45: 0
  46: 0
  47: 0
  48: 0
  49: 0
  50: 0
  51: 0
  52: 0
  53: 0
  54: 0
  55: 0
  56: 0
  57: 0
  58: 0
  59: 0
  60: 0
  61: 0
  62: 0
  63: 0
 heartbeats: # Per-process heartbeats
  0: 0
  1: 0
  2: 0
  3: 0
  4: 0
  5: 0
  6: 0
  7: 0
  8: 0
  9: 0
  10: 0
  11: 0
  12: 0
  13: 0
  14: 0
  15: 0
  16: 0
  17: 0
  18: 0
  19: 0
  20: 0
  21: 0
  22: 0
  23: 0
  24: 0
  25: 0
  26: 0
  27: 0
  28: 0
  29: 0
  30: 0
  31: 0
  32: 0
  33: 0
  34: 0
  35: 0
  36: 0
  37: 0
  38: 0
  39: 0
  40: 0
  41: 0
  42: 0
  43: 0
  44: 0
  45: 0
  46: 0
  47: 0
  48: 0
  49: 0
  50: 0
  51: 0
  52: 0
  53: 0
  54: 0
  55: 0
  56: 0
  57: 0
  58: 0
  59: 0
  60: 0
  61: 0
  62: 0
  63: 0
===
