# zsim stats
===
root: # Stats
 contention: # Contention simulation stats
  domain-0: # Domain stats
   time: 6148413741 # Weave simulation time
 time: # Simulator time breakdown
  init: 3197189211
  bound: 69495619889
  weave: 7691059286
  ff: 290316
 trigger: 20000 # Reason for this stats dump
 phase: 29993 # Simulated phases
 reqCycles: 0 # Requeue Cycles
 skylake: # Core stats
  skylake-0: # Core stats
   cycles: 29993587 # Simulated unhalted cycles
   cCycles: 17073286 # Cycles due to contention stalls
   instrs: 15471294 # Simulated instructions
   uops: 11339066 # issued micro-ops
   bbls: 4798330 # Basic blocks
   approxInstrs: 622296 # Instrs with approx uop decoding
   mispredBranches: 90575 # Mispredicted branches
   IdqNotDelivered: 12920301 # Stalls no uop delivered when no Bkend Stall
   IntMiscRecoveryCycles: 737449 # Stalls waiting machine clears
   uops executed: 11551467 # Executed microoperations
  skylake-1: # Core stats
   cycles: 29957587 # Simulated unhalted cycles
   cCycles: 17075988 # Cycles due to contention stalls
   instrs: 15467064 # Simulated instructions
   uops: 11335512 # issued micro-ops
   bbls: 4797160 # Basic blocks
   approxInstrs: 622170 # Instrs with approx uop decoding
   mispredBranches: 90521 # Mispredicted branches
   IdqNotDelivered: 12881599 # Stalls no uop delivered when no Bkend Stall
   IntMiscRecoveryCycles: 727879 # Stalls waiting machine clears
   uops executed: 11547909 # Executed microoperations
  skylake-2: # Core stats
   cycles: 29955307 # Simulated unhalted cycles
   cCycles: 17072712 # Cycles due to contention stalls
   instrs: 15466901 # Simulated instructions
   uops: 11335197 # issued micro-ops
   bbls: 4797173 # Basic blocks
   approxInstrs: 622174 # Instrs with approx uop decoding
   mispredBranches: 90529 # Mispredicted branches
   IdqNotDelivered: 12882595 # Stalls no uop delivered when no Bkend Stall
   IntMiscRecoveryCycles: 730473 # Stalls waiting machine clears
   uops executed: 11547580 # Executed microoperations
  skylake-3: # Core stats
   cycles: 29955819 # Simulated unhalted cycles
   cCycles: 17070883 # Cycles due to contention stalls
   instrs: 15473990 # Simulated instructions
   uops: 11340483 # issued micro-ops
   bbls: 4799336 # Basic blocks
   approxInstrs: 622450 # Instrs with approx uop decoding
   mispredBranches: 90566 # Mispredicted branches
   IdqNotDelivered: 12884936 # Stalls no uop delivered when no Bkend Stall
   IntMiscRecoveryCycles: 730230 # Stalls waiting machine clears
   uops executed: 11552959 # Executed microoperations
  skylake-4: # Core stats
   cycles: 29953893 # Simulated unhalted cycles
   cCycles: 17070255 # Cycles due to contention stalls
   instrs: 15474014 # Simulated instructions
   uops: 11340513 # issued micro-ops
   bbls: 4799343 # Basic blocks
   approxInstrs: 622452 # Instrs with approx uop decoding
   mispredBranches: 90566 # Mispredicted branches
   IdqNotDelivered: 12883638 # Stalls no uop delivered when no Bkend Stall
   IntMiscRecoveryCycles: 729266 # Stalls waiting machine clears
   uops executed: 11552971 # Executed microoperations
  skylake-5: # Core stats
   cycles: 29952586 # Simulated unhalted cycles
   cCycles: 17073638 # Cycles due to contention stalls
   instrs: 15471031 # Simulated instructions
   uops: 11338311 # issued micro-ops
   bbls: 4798419 # Basic blocks
   approxInstrs: 622332 # Instrs with approx uop decoding
   mispredBranches: 90547 # Mispredicted branches
   IdqNotDelivered: 12878948 # Stalls no uop delivered when no Bkend Stall
   IntMiscRecoveryCycles: 728661 # Stalls waiting machine clears
   uops executed: 11550709 # Executed microoperations
  skylake-6: # Core stats
   cycles: 29951587 # Simulated unhalted cycles
   cCycles: 17072130 # Cycles due to contention stalls
   instrs: 15472727 # Simulated instructions
   uops: 11339275 # issued micro-ops
   bbls: 4799003 # Basic blocks
   approxInstrs: 622425 # Instrs with approx uop decoding
   mispredBranches: 90554 # Mispredicted branches
   IdqNotDelivered: 12879457 # Stalls no uop delivered when no Bkend Stall
   IntMiscRecoveryCycles: 730101 # Stalls waiting machine clears
   uops executed: 11551744 # Executed microoperations
  skylake-7: # Core stats
   cycles: 29951586 # Simulated unhalted cycles
   cCycles: 17075877 # Cycles due to contention stalls
   instrs: 15466046 # Simulated instructions
   uops: 11334659 # issued micro-ops
   bbls: 4796872 # Basic blocks
   approxInstrs: 622133 # Instrs with approx uop decoding
   mispredBranches: 90518 # Mispredicted branches
   IdqNotDelivered: 12875709 # Stalls no uop delivered when no Bkend Stall
   IntMiscRecoveryCycles: 728293 # Stalls waiting machine clears
   uops executed: 11547018 # Executed microoperations
  skylake-8: # Core stats
   cycles: 29950587 # Simulated unhalted cycles
   cCycles: 17074376 # Cycles due to contention stalls
   instrs: 15467851 # Simulated instructions
   uops: 11335695 # issued micro-ops
   bbls: 4797493 # Basic blocks
   approxInstrs: 622224 # Instrs with approx uop decoding
   mispredBranches: 90525 # Mispredicted branches
   IdqNotDelivered: 12876211 # Stalls no uop delivered when no Bkend Stall
   IntMiscRecoveryCycles: 730521 # Stalls waiting machine clears
   uops executed: 11548095 # Executed microoperations
  skylake-9: # Core stats
   cycles: 29950372 # Simulated unhalted cycles
   cCycles: 17073595 # Cycles due to contention stalls
   instrs: 15467782 # Simulated instructions
   uops: 11335649 # issued micro-ops
   bbls: 4797470 # Basic blocks
   approxInstrs: 622224 # Instrs with approx uop decoding
   mispredBranches: 90525 # Mispredicted branches
   IdqNotDelivered: 12876777 # Stalls no uop delivered when no Bkend Stall
   IntMiscRecoveryCycles: 729796 # Stalls waiting machine clears
   uops executed: 11548049 # Executed microoperations
  skylake-10: # Core stats
   cycles: 29950372 # Simulated unhalted cycles
   cCycles: 17073646 # Cycles due to contention stalls
   instrs: 15470101 # Simulated instructions
   uops: 11337343 # issued micro-ops
   bbls: 4798191 # Basic blocks
   approxInstrs: 622315 # Instrs with approx uop decoding
   mispredBranches: 90538 # Mispredicted branches
   IdqNotDelivered: 12876726 # Stalls no uop delivered when no Bkend Stall
   IntMiscRecoveryCycles: 730011 # Stalls waiting machine clears
   uops executed: 11549774 # Executed microoperations
  skylake-11: # Core stats
   cycles: 29950376 # Simulated unhalted cycles
   cCycles: 17071078 # Cycles due to contention stalls
   instrs: 15472448 # Simulated instructions
   uops: 11339300 # issued micro-ops
   bbls: 4798782 # Basic blocks
   approxInstrs: 622380 # Instrs with approx uop decoding
   mispredBranches: 90549 # Mispredicted branches
   IdqNotDelivered: 12879298 # Stalls no uop delivered when no Bkend Stall
   IntMiscRecoveryCycles: 729034 # Stalls waiting machine clears
   uops executed: 11551824 # Executed microoperations
  skylake-12: # Core stats
   cycles: 29949373 # Simulated unhalted cycles
   cCycles: 17076084 # Cycles due to contention stalls
   instrs: 15466708 # Simulated instructions
   uops: 11334865 # issued micro-ops
   bbls: 4797136 # Basic blocks
   approxInstrs: 622184 # Instrs with approx uop decoding
   mispredBranches: 90519 # Mispredicted branches
   IdqNotDelivered: 12873289 # Stalls no uop delivered when no Bkend Stall
   IntMiscRecoveryCycles: 729150 # Stalls waiting machine clears
   uops executed: 11547251 # Executed microoperations
  skylake-13: # Core stats
   cycles: 29949371 # Simulated unhalted cycles
   cCycles: 17079164 # Cycles due to contention stalls
   instrs: 15461344 # Simulated instructions
   uops: 11330928 # issued micro-ops
   bbls: 4795474 # Basic blocks
   approxInstrs: 621964 # Instrs with approx uop decoding
   mispredBranches: 90487 # Mispredicted branches
   IdqNotDelivered: 12870207 # Stalls no uop delivered when no Bkend Stall
   IntMiscRecoveryCycles: 728616 # Stalls waiting machine clears
   uops executed: 11543239 # Executed microoperations
  skylake-14: # Core stats
   cycles: 29948587 # Simulated unhalted cycles
   cCycles: 17070761 # Cycles due to contention stalls
   instrs: 15471142 # Simulated instructions
   uops: 11338106 # issued micro-ops
   bbls: 4798513 # Basic blocks
   approxInstrs: 622361 # Instrs with approx uop decoding
   mispredBranches: 90544 # Mispredicted branches
   IdqNotDelivered: 12877826 # Stalls no uop delivered when no Bkend Stall
   IntMiscRecoveryCycles: 729032 # Stalls waiting machine clears
   uops executed: 11550548 # Executed microoperations
  skylake-15: # Core stats
   cycles: 29948386 # Simulated unhalted cycles
   cCycles: 17078630 # Cycles due to contention stalls
   instrs: 15462758 # Simulated instructions
   uops: 11331964 # issued micro-ops
   bbls: 4795914 # Basic blocks
   approxInstrs: 622019 # Instrs with approx uop decoding
   mispredBranches: 90496 # Mispredicted branches
   IdqNotDelivered: 12869756 # Stalls no uop delivered when no Bkend Stall
   IntMiscRecoveryCycles: 728551 # Stalls waiting machine clears
   uops executed: 11544292 # Executed microoperations
  skylake-16: # Core stats
   cycles: 29948372 # Simulated unhalted cycles
   cCycles: 17074360 # Cycles due to contention stalls
   instrs: 15449622 # Simulated instructions
   uops: 11324012 # issued micro-ops
   bbls: 4791233 # Basic blocks
   approxInstrs: 621238 # Instrs with approx uop decoding
   mispredBranches: 90487 # Mispredicted branches
   IdqNotDelivered: 12874012 # Stalls no uop delivered when no Bkend Stall
   IntMiscRecoveryCycles: 731737 # Stalls waiting machine clears
   uops executed: 11536238 # Executed microoperations
  skylake-17: # Core stats
   cycles: 29948372 # Simulated unhalted cycles
   cCycles: 17074947 # Cycles due to contention stalls
   instrs: 15467671 # Simulated instructions
   uops: 11335564 # issued micro-ops
   bbls: 4797437 # Basic blocks
   approxInstrs: 622217 # Instrs with approx uop decoding
   mispredBranches: 90524 # Mispredicted branches
   IdqNotDelivered: 12873425 # Stalls no uop delivered when no Bkend Stall
   IntMiscRecoveryCycles: 728866 # Stalls waiting machine clears
   uops executed: 11547962 # Executed microoperations
  skylake-18: # Core stats
   cycles: 29947587 # Simulated unhalted cycles
   cCycles: 17078536 # Cycles due to contention stalls
   instrs: 15461610 # Simulated instructions
   uops: 11331111 # issued micro-ops
   bbls: 4795557 # Basic blocks
   approxInstrs: 621975 # Instrs with approx uop decoding
   mispredBranches: 90483 # Mispredicted branches
   IdqNotDelivered: 12869051 # Stalls no uop delivered when no Bkend Stall
   IntMiscRecoveryCycles: 727905 # Stalls waiting machine clears
   uops executed: 11543461 # Executed microoperations
  skylake-19: # Core stats
   cycles: 29947586 # Simulated unhalted cycles
   cCycles: 17071098 # Cycles due to contention stalls
   instrs: 15472767 # Simulated instructions
   uops: 11339285 # issued micro-ops
   bbls: 4799018 # Basic blocks
   approxInstrs: 622424 # Instrs with approx uop decoding
   mispredBranches: 90548 # Mispredicted branches
   IdqNotDelivered: 12876488 # Stalls no uop delivered when no Bkend Stall
   IntMiscRecoveryCycles: 728627 # Stalls waiting machine clears
   uops executed: 11551788 # Executed microoperations
  skylake-20: # Core stats
   cycles: 29947372 # Simulated unhalted cycles
   cCycles: 17071157 # Cycles due to contention stalls
   instrs: 15472832 # Simulated instructions
   uops: 11339345 # issued micro-ops
   bbls: 4799038 # Basic blocks
   approxInstrs: 622425 # Instrs with approx uop decoding
   mispredBranches: 90554 # Mispredicted branches
   IdqNotDelivered: 12876215 # Stalls no uop delivered when no Bkend Stall
   IntMiscRecoveryCycles: 729151 # Stalls waiting machine clears
   uops executed: 11551814 # Executed microoperations
  skylake-21: # Core stats
   cycles: 29946371 # Simulated unhalted cycles
   cCycles: 17075039 # Cycles due to contention stalls
   instrs: 15466638 # Simulated instructions
   uops: 11334808 # issued micro-ops
   bbls: 4797116 # Basic blocks
   approxInstrs: 622177 # Instrs with approx uop decoding
   mispredBranches: 90518 # Mispredicted branches
   IdqNotDelivered: 12871332 # Stalls no uop delivered when no Bkend Stall
   IntMiscRecoveryCycles: 728835 # Stalls waiting machine clears
   uops executed: 11547192 # Executed microoperations
  skylake-22: # Core stats
   cycles: 29946371 # Simulated unhalted cycles
   cCycles: 17073799 # Cycles due to contention stalls
   instrs: 15468088 # Simulated instructions
   uops: 11335876 # issued micro-ops
   bbls: 4797564 # Basic blocks
   approxInstrs: 622238 # Instrs with approx uop decoding
   mispredBranches: 90525 # Mispredicted branches
   IdqNotDelivered: 12872572 # Stalls no uop delivered when no Bkend Stall
   IntMiscRecoveryCycles: 728511 # Stalls waiting machine clears
   uops executed: 11548288 # Executed microoperations
  skylake-23: # Core stats
   cycles: 0 # Simulated unhalted cycles
   cCycles: 0 # Cycles due to contention stalls
   instrs: 0 # Simulated instructions
   uops: 0 # issued micro-ops
   bbls: 0 # Basic blocks
   approxInstrs: 0 # Instrs with approx uop decoding
   mispredBranches: 0 # Mispredicted branches
   IdqNotDelivered: 0 # Stalls no uop delivered when no Bkend Stall
   IntMiscRecoveryCycles: 0 # Stalls waiting machine clears
   uops executed: 0 # Executed microoperations
 l1d: # Cache stats
  l1d-0: # Filter cache stats
   fhGETS: 786535 # Filtered GETS hits
   fhGETX: 367286 # Filtered GETX hits
   hGETS: 7190 # GETS hits
   hGETX: 10959 # GETX hits
   mGETS: 250216 # GETS misses
   mGETXIM: 16045 # GETX I->M misses
   mGETXSM: 6 # GETX S->M misses (upgrade misses)
   PUTS: 0 # Clean evictions (from lower level)
   PUTX: 0 # Dirty evictions (from lower level)
   INV: 85 # Invalidates (from upper level)
   INVX: 78 # Downgrades (from upper level)
   FWD: 0 # Forwards (from upper level)
   latGETnl: 72390212 # GET request latency on next level
   latGETnet: 0 # GET request latency on network to next level
  l1d-1: # Filter cache stats
   fhGETS: 786123 # Filtered GETS hits
   fhGETX: 367041 # Filtered GETX hits
   hGETS: 7109 # GETS hits
   hGETX: 10918 # GETX hits
   mGETS: 250117 # GETS misses
   mGETXIM: 16017 # GETX I->M misses
   mGETXSM: 8 # GETX S->M misses (upgrade misses)
   PUTS: 0 # Clean evictions (from lower level)
   PUTX: 0 # Dirty evictions (from lower level)
   INV: 73 # Invalidates (from upper level)
   INVX: 23 # Downgrades (from upper level)
   FWD: 0 # Forwards (from upper level)
   latGETnl: 72346986 # GET request latency on next level
   latGETnet: 0 # GET request latency on network to next level
  l1d-2: # Filter cache stats
   fhGETS: 786018 # Filtered GETS hits
   fhGETX: 366992 # Filtered GETX hits
   hGETS: 7083 # GETS hits
   hGETX: 10898 # GETX hits
   mGETS: 250120 # GETS misses
   mGETXIM: 16004 # GETX I->M misses
   mGETXSM: 6 # GETX S->M misses (upgrade misses)
   PUTS: 0 # Clean evictions (from lower level)
   PUTX: 0 # Dirty evictions (from lower level)
   INV: 54 # Invalidates (from upper level)
   INVX: 8 # Downgrades (from upper level)
   FWD: 0 # Forwards (from upper level)
   latGETnl: 72347309 # GET request latency on next level
   latGETnet: 0 # GET request latency on network to next level
  l1d-3: # Filter cache stats
   fhGETS: 786408 # Filtered GETS hits
   fhGETX: 367163 # Filtered GETX hits
   hGETS: 7118 # GETS hits
   hGETX: 10935 # GETX hits
   mGETS: 250233 # GETS misses
   mGETXIM: 16014 # GETX I->M misses
   mGETXSM: 9 # GETX S->M misses (upgrade misses)
   PUTS: 0 # Clean evictions (from lower level)
   PUTX: 0 # Dirty evictions (from lower level)
   INV: 69 # Invalidates (from upper level)
   INVX: 33 # Downgrades (from upper level)
   FWD: 0 # Forwards (from upper level)
   latGETnl: 72382126 # GET request latency on next level
   latGETnet: 0 # GET request latency on network to next level
  l1d-4: # Filter cache stats
   fhGETS: 786413 # Filtered GETS hits
   fhGETX: 367167 # Filtered GETX hits
   hGETS: 7122 # GETS hits
   hGETX: 10934 # GETX hits
   mGETS: 250229 # GETS misses
   mGETXIM: 16015 # GETX I->M misses
   mGETXSM: 10 # GETX S->M misses (upgrade misses)
   PUTS: 0 # Clean evictions (from lower level)
   PUTX: 0 # Dirty evictions (from lower level)
   INV: 65 # Invalidates (from upper level)
   INVX: 19 # Downgrades (from upper level)
   FWD: 0 # Forwards (from upper level)
   latGETnl: 72378435 # GET request latency on next level
   latGETnet: 0 # GET request latency on network to next level
  l1d-5: # Filter cache stats
   fhGETS: 786268 # Filtered GETS hits
   fhGETX: 367120 # Filtered GETX hits
   hGETS: 7106 # GETS hits
   hGETX: 10904 # GETX hits
   mGETS: 250180 # GETS misses
   mGETXIM: 16015 # GETX I->M misses
   mGETXSM: 8 # GETX S->M misses (upgrade misses)
   PUTS: 0 # Clean evictions (from lower level)
   PUTX: 0 # Dirty evictions (from lower level)
   INV: 70 # Invalidates (from upper level)
   INVX: 17 # Downgrades (from upper level)
   FWD: 0 # Forwards (from upper level)
   latGETnl: 72363199 # GET request latency on next level
   latGETnet: 0 # GET request latency on network to next level
  l1d-6: # Filter cache stats
   fhGETS: 786227 # Filtered GETS hits
   fhGETX: 367077 # Filtered GETX hits
   hGETS: 7100 # GETS hits
   hGETX: 10902 # GETX hits
   mGETS: 250201 # GETS misses
   mGETXIM: 16012 # GETX I->M misses
   mGETXSM: 5 # GETX S->M misses (upgrade misses)
   PUTS: 0 # Clean evictions (from lower level)
   PUTX: 0 # Dirty evictions (from lower level)
   INV: 54 # Invalidates (from upper level)
   INVX: 8 # Downgrades (from upper level)
   FWD: 0 # Forwards (from upper level)
   latGETnl: 72371286 # GET request latency on next level
   latGETnet: 0 # GET request latency on network to next level
  l1d-7: # Filter cache stats
   fhGETS: 786003 # Filtered GETS hits
   fhGETX: 366987 # Filtered GETX hits
   hGETS: 7117 # GETS hits
   hGETX: 10915 # GETX hits
   mGETS: 250101 # GETS misses
   mGETXIM: 16010 # GETX I->M misses
   mGETXSM: 8 # GETX S->M misses (upgrade misses)
   PUTS: 0 # Clean evictions (from lower level)
   PUTX: 0 # Dirty evictions (from lower level)
   INV: 69 # Invalidates (from upper level)
   INVX: 17 # Downgrades (from upper level)
   FWD: 0 # Forwards (from upper level)
   latGETnl: 72341012 # GET request latency on next level
   latGETnet: 0 # GET request latency on network to next level
  l1d-8: # Filter cache stats
   fhGETS: 785976 # Filtered GETS hits
   fhGETX: 366972 # Filtered GETX hits
   hGETS: 7098 # GETS hits
   hGETX: 10885 # GETX hits
   mGETS: 250119 # GETS misses
   mGETXIM: 16006 # GETX I->M misses
   mGETXSM: 6 # GETX S->M misses (upgrade misses)
   PUTS: 0 # Clean evictions (from lower level)
   PUTX: 0 # Dirty evictions (from lower level)
   INV: 53 # Invalidates (from upper level)
   INVX: 8 # Downgrades (from upper level)
   FWD: 0 # Forwards (from upper level)
   latGETnl: 72347257 # GET request latency on next level
   latGETnet: 0 # GET request latency on network to next level
  l1d-9: # Filter cache stats
   fhGETS: 785971 # Filtered GETS hits
   fhGETX: 366956 # Filtered GETX hits
   hGETS: 7102 # GETS hits
   hGETX: 10904 # GETX hits
   mGETS: 250120 # GETS misses
   mGETXIM: 16004 # GETX I->M misses
   mGETXSM: 5 # GETX S->M misses (upgrade misses)
   PUTS: 0 # Clean evictions (from lower level)
   PUTX: 0 # Dirty evictions (from lower level)
   INV: 52 # Invalidates (from upper level)
   INVX: 15 # Downgrades (from upper level)
   FWD: 0 # Forwards (from upper level)
   latGETnl: 72349062 # GET request latency on next level
   latGETnet: 0 # GET request latency on network to next level
  l1d-10: # Filter cache stats
   fhGETS: 786086 # Filtered GETS hits
   fhGETX: 367009 # Filtered GETX hits
   hGETS: 7099 # GETS hits
   hGETX: 10907 # GETX hits
   mGETS: 250159 # GETS misses
   mGETXIM: 16004 # GETX I->M misses
   mGETXSM: 6 # GETX S->M misses (upgrade misses)
   PUTS: 0 # Clean evictions (from lower level)
   PUTX: 0 # Dirty evictions (from lower level)
   INV: 52 # Invalidates (from upper level)
   INVX: 19 # Downgrades (from upper level)
   FWD: 0 # Forwards (from upper level)
   latGETnl: 72360490 # GET request latency on next level
   latGETnet: 0 # GET request latency on network to next level
  l1d-11: # Filter cache stats
   fhGETS: 786350 # Filtered GETS hits
   fhGETX: 367164 # Filtered GETX hits
   hGETS: 7122 # GETS hits
   hGETX: 10905 # GETX hits
   mGETS: 250200 # GETS misses
   mGETXIM: 16023 # GETX I->M misses
   mGETXSM: 11 # GETX S->M misses (upgrade misses)
   PUTS: 0 # Clean evictions (from lower level)
   PUTX: 0 # Dirty evictions (from lower level)
   INV: 56 # Invalidates (from upper level)
   INVX: 13 # Downgrades (from upper level)
   FWD: 0 # Forwards (from upper level)
   latGETnl: 72373810 # GET request latency on next level
   latGETnet: 0 # GET request latency on network to next level
  l1d-12: # Filter cache stats
   fhGETS: 785932 # Filtered GETS hits
   fhGETX: 366946 # Filtered GETX hits
   hGETS: 7087 # GETS hits
   hGETX: 10888 # GETX hits
   mGETS: 250105 # GETS misses
   mGETXIM: 16003 # GETX I->M misses
   mGETXSM: 6 # GETX S->M misses (upgrade misses)
   PUTS: 0 # Clean evictions (from lower level)
   PUTX: 0 # Dirty evictions (from lower level)
   INV: 53 # Invalidates (from upper level)
   INVX: 20 # Downgrades (from upper level)
   FWD: 0 # Forwards (from upper level)
   latGETnl: 72346092 # GET request latency on next level
   latGETnet: 0 # GET request latency on network to next level
  l1d-13: # Filter cache stats
   fhGETS: 785655 # Filtered GETS hits
   fhGETX: 366815 # Filtered GETX hits
   hGETS: 7089 # GETS hits
   hGETX: 10883 # GETX hits
   mGETS: 250012 # GETS misses
   mGETXIM: 16001 # GETX I->M misses
   mGETXSM: 5 # GETX S->M misses (upgrade misses)
   PUTS: 0 # Clean evictions (from lower level)
   PUTX: 0 # Dirty evictions (from lower level)
   INV: 53 # Invalidates (from upper level)
   INVX: 9 # Downgrades (from upper level)
   FWD: 0 # Forwards (from upper level)
   latGETnl: 72316859 # GET request latency on next level
   latGETnet: 0 # GET request latency on network to next level
  l1d-14: # Filter cache stats
   fhGETS: 786158 # Filtered GETS hits
   fhGETX: 367032 # Filtered GETX hits
   hGETS: 7086 # GETS hits
   hGETX: 10906 # GETX hits
   mGETS: 250175 # GETS misses
   mGETXIM: 16008 # GETX I->M misses
   mGETXSM: 6 # GETX S->M misses (upgrade misses)
   PUTS: 0 # Clean evictions (from lower level)
   PUTX: 0 # Dirty evictions (from lower level)
   INV: 52 # Invalidates (from upper level)
   INVX: 3 # Downgrades (from upper level)
   FWD: 0 # Forwards (from upper level)
   latGETnl: 72362879 # GET request latency on next level
   latGETnet: 0 # GET request latency on network to next level
  l1d-15: # Filter cache stats
   fhGETS: 785730 # Filtered GETS hits
   fhGETX: 366846 # Filtered GETX hits
   hGETS: 7083 # GETS hits
   hGETX: 10887 # GETX hits
   mGETS: 250036 # GETS misses
   mGETXIM: 16001 # GETX I->M misses
   mGETXSM: 5 # GETX S->M misses (upgrade misses)
   PUTS: 0 # Clean evictions (from lower level)
   PUTX: 0 # Dirty evictions (from lower level)
   INV: 55 # Invalidates (from upper level)
   INVX: 4 # Downgrades (from upper level)
   FWD: 0 # Forwards (from upper level)
   latGETnl: 72322445 # GET request latency on next level
   latGETnet: 0 # GET request latency on network to next level
  l1d-16: # Filter cache stats
   fhGETS: 786226 # Filtered GETS hits
   fhGETX: 366965 # Filtered GETX hits
   hGETS: 7432 # GETS hits
   hGETX: 10949 # GETX hits
   mGETS: 249793 # GETS misses
   mGETXIM: 15995 # GETX I->M misses
   mGETXSM: 14 # GETX S->M misses (upgrade misses)
   PUTS: 0 # Clean evictions (from lower level)
   PUTX: 0 # Dirty evictions (from lower level)
   INV: 53 # Invalidates (from upper level)
   INVX: 4 # Downgrades (from upper level)
   FWD: 0 # Forwards (from upper level)
   latGETnl: 72247307 # GET request latency on next level
   latGETnet: 0 # GET request latency on network to next level
  l1d-17: # Filter cache stats
   fhGETS: 785964 # Filtered GETS hits
   fhGETX: 366950 # Filtered GETX hits
   hGETS: 7100 # GETS hits
   hGETX: 10907 # GETX hits
   mGETS: 250117 # GETS misses
   mGETXIM: 16003 # GETX I->M misses
   mGETXSM: 5 # GETX S->M misses (upgrade misses)
   PUTS: 0 # Clean evictions (from lower level)
   PUTX: 0 # Dirty evictions (from lower level)
   INV: 54 # Invalidates (from upper level)
   INVX: 6 # Downgrades (from upper level)
   FWD: 0 # Forwards (from upper level)
   latGETnl: 72346610 # GET request latency on next level
   latGETnet: 0 # GET request latency on network to next level
  l1d-18: # Filter cache stats
   fhGETS: 785670 # Filtered GETS hits
   fhGETX: 366819 # Filtered GETX hits
   hGETS: 7080 # GETS hits
   hGETX: 10890 # GETX hits
   mGETS: 250021 # GETS misses
   mGETXIM: 15995 # GETX I->M misses
   mGETXSM: 4 # GETX S->M misses (upgrade misses)
   PUTS: 0 # Clean evictions (from lower level)
   PUTX: 0 # Dirty evictions (from lower level)
   INV: 51 # Invalidates (from upper level)
   INVX: 1 # Downgrades (from upper level)
   FWD: 0 # Forwards (from upper level)
   latGETnl: 72317108 # GET request latency on next level
   latGETnet: 0 # GET request latency on network to next level
  l1d-19: # Filter cache stats
   fhGETS: 786242 # Filtered GETS hits
   fhGETX: 367081 # Filtered GETX hits
   hGETS: 7080 # GETS hits
   hGETX: 10897 # GETX hits
   mGETS: 250200 # GETS misses
   mGETXIM: 16009 # GETX I->M misses
   mGETXSM: 4 # GETX S->M misses (upgrade misses)
   PUTS: 0 # Clean evictions (from lower level)
   PUTX: 0 # Dirty evictions (from lower level)
   INV: 50 # Invalidates (from upper level)
   INVX: 0 # Downgrades (from upper level)
   FWD: 0 # Forwards (from upper level)
   latGETnl: 72370026 # GET request latency on next level
   latGETnet: 0 # GET request latency on network to next level
  l1d-20: # Filter cache stats
   fhGETS: 786219 # Filtered GETS hits
   fhGETX: 367072 # Filtered GETX hits
   hGETS: 7106 # GETS hits
   hGETX: 10911 # GETX hits
   mGETS: 250203 # GETS misses
   mGETXIM: 16008 # GETX I->M misses
   mGETXSM: 5 # GETX S->M misses (upgrade misses)
   PUTS: 0 # Clean evictions (from lower level)
   PUTX: 0 # Dirty evictions (from lower level)
   INV: 52 # Invalidates (from upper level)
   INVX: 2 # Downgrades (from upper level)
   FWD: 0 # Forwards (from upper level)
   latGETnl: 72369998 # GET request latency on next level
   latGETnet: 0 # GET request latency on network to next level
  l1d-21: # Filter cache stats
   fhGETS: 785932 # Filtered GETS hits
   fhGETX: 366933 # Filtered GETX hits
   hGETS: 7078 # GETS hits
   hGETX: 10898 # GETX hits
   mGETS: 250103 # GETS misses
   mGETXIM: 16002 # GETX I->M misses
   mGETXSM: 6 # GETX S->M misses (upgrade misses)
   PUTS: 0 # Clean evictions (from lower level)
   PUTX: 0 # Dirty evictions (from lower level)
   INV: 53 # Invalidates (from upper level)
   INVX: 2 # Downgrades (from upper level)
   FWD: 0 # Forwards (from upper level)
   latGETnl: 72341002 # GET request latency on next level
   latGETnet: 0 # GET request latency on network to next level
  l1d-22: # Filter cache stats
   fhGETS: 786001 # Filtered GETS hits
   fhGETX: 366965 # Filtered GETX hits
   hGETS: 7088 # GETS hits
   hGETX: 10904 # GETX hits
   mGETS: 250127 # GETS misses
   mGETXIM: 16003 # GETX I->M misses
   mGETXSM: 6 # GETX S->M misses (upgrade misses)
   PUTS: 0 # Clean evictions (from lower level)
   PUTX: 0 # Dirty evictions (from lower level)
   INV: 52 # Invalidates (from upper level)
   INVX: 2 # Downgrades (from upper level)
   FWD: 0 # Forwards (from upper level)
   latGETnl: 72349152 # GET request latency on next level
   latGETnet: 0 # GET request latency on network to next level
  l1d-23: # Filter cache stats
   fhGETS: 0 # Filtered GETS hits
   fhGETX: 0 # Filtered GETX hits
   hGETS: 0 # GETS hits
   hGETX: 0 # GETX hits
   mGETS: 0 # GETS misses
   mGETXIM: 0 # GETX I->M misses
   mGETXSM: 0 # GETX S->M misses (upgrade misses)
   PUTS: 0 # Clean evictions (from lower level)
   PUTX: 0 # Dirty evictions (from lower level)
   INV: 0 # Invalidates (from upper level)
   INVX: 0 # Downgrades (from upper level)
   FWD: 0 # Forwards (from upper level)
   latGETnl: 0 # GET request latency on next level
   latGETnet: 0 # GET request latency on network to next level
 l1i: # Cache stats
  l1i-0: # Filter cache stats
   fhGETS: 5324658 # Filtered GETS hits
   fhGETX: 0 # Filtered GETX hits
   hGETS: 46 # GETS hits
   hGETX: 0 # GETX hits
   mGETS: 674 # GETS misses
   mGETXIM: 0 # GETX I->M misses
   mGETXSM: 0 # GETX S->M misses (upgrade misses)
   PUTS: 0 # Clean evictions (from lower level)
   PUTX: 0 # Dirty evictions (from lower level)
   INV: 650 # Invalidates (from upper level)
   INVX: 0 # Downgrades (from upper level)
   FWD: 0 # Forwards (from upper level)
   latGETnl: 71278 # GET request latency on next level
   latGETnet: 0 # GET request latency on network to next level
  l1i-1: # Filter cache stats
   fhGETS: 5323399 # Filtered GETS hits
   fhGETX: 0 # Filtered GETX hits
   hGETS: 37 # GETS hits
   hGETX: 0 # GETX hits
   mGETS: 578 # GETS misses
   mGETXIM: 0 # GETX I->M misses
   mGETXSM: 0 # GETX S->M misses (upgrade misses)
   PUTS: 0 # Clean evictions (from lower level)
   PUTX: 0 # Dirty evictions (from lower level)
   INV: 554 # Invalidates (from upper level)
   INVX: 0 # Downgrades (from upper level)
   FWD: 0 # Forwards (from upper level)
   latGETnl: 32566 # GET request latency on next level
   latGETnet: 0 # GET request latency on network to next level
  l1i-2: # Filter cache stats
   fhGETS: 5323411 # Filtered GETS hits
   fhGETX: 0 # Filtered GETX hits
   hGETS: 41 # GETS hits
   hGETX: 0 # GETX hits
   mGETS: 616 # GETS misses
   mGETXIM: 0 # GETX I->M misses
   mGETXSM: 0 # GETX S->M misses (upgrade misses)
   PUTS: 0 # Clean evictions (from lower level)
   PUTX: 0 # Dirty evictions (from lower level)
   INV: 592 # Invalidates (from upper level)
   INVX: 0 # Downgrades (from upper level)
   FWD: 0 # Forwards (from upper level)
   latGETnl: 38627 # GET request latency on next level
   latGETnet: 0 # GET request latency on network to next level
  l1i-3: # Filter cache stats
   fhGETS: 5325833 # Filtered GETS hits
   fhGETX: 0 # Filtered GETX hits
   hGETS: 30 # GETS hits
   hGETX: 0 # GETX hits
   mGETS: 589 # GETS misses
   mGETXIM: 0 # GETX I->M misses
   mGETXSM: 0 # GETX S->M misses (upgrade misses)
   PUTS: 0 # Clean evictions (from lower level)
   PUTX: 0 # Dirty evictions (from lower level)
   INV: 562 # Invalidates (from upper level)
   INVX: 0 # Downgrades (from upper level)
   FWD: 0 # Forwards (from upper level)
   latGETnl: 32408 # GET request latency on next level
   latGETnet: 0 # GET request latency on network to next level
  l1i-4: # Filter cache stats
   fhGETS: 5325860 # Filtered GETS hits
   fhGETX: 0 # Filtered GETX hits
   hGETS: 31 # GETS hits
   hGETX: 0 # GETX hits
   mGETS: 592 # GETS misses
   mGETXIM: 0 # GETX I->M misses
   mGETXSM: 0 # GETX S->M misses (upgrade misses)
   PUTS: 0 # Clean evictions (from lower level)
   PUTX: 0 # Dirty evictions (from lower level)
   INV: 563 # Invalidates (from upper level)
   INVX: 0 # Downgrades (from upper level)
   FWD: 0 # Forwards (from upper level)
   latGETnl: 29624 # GET request latency on next level
   latGETnet: 0 # GET request latency on network to next level
  l1i-5: # Filter cache stats
   fhGETS: 5324812 # Filtered GETS hits
   fhGETX: 0 # Filtered GETX hits
   hGETS: 29 # GETS hits
   hGETX: 0 # GETX hits
   mGETS: 588 # GETS misses
   mGETXIM: 0 # GETX I->M misses
   mGETXSM: 0 # GETX S->M misses (upgrade misses)
   PUTS: 0 # Clean evictions (from lower level)
   PUTX: 0 # Dirty evictions (from lower level)
   INV: 564 # Invalidates (from upper level)
   INVX: 0 # Downgrades (from upper level)
   FWD: 0 # Forwards (from upper level)
   latGETnl: 28086 # GET request latency on next level
   latGETnet: 0 # GET request latency on network to next level
  l1i-6: # Filter cache stats
   fhGETS: 5325428 # Filtered GETS hits
   fhGETX: 0 # Filtered GETX hits
   hGETS: 29 # GETS hits
   hGETX: 0 # GETX hits
   mGETS: 568 # GETS misses
   mGETXIM: 0 # GETX I->M misses
   mGETXSM: 0 # GETX S->M misses (upgrade misses)
   PUTS: 0 # Clean evictions (from lower level)
   PUTX: 0 # Dirty evictions (from lower level)
   INV: 544 # Invalidates (from upper level)
   INVX: 0 # Downgrades (from upper level)
   FWD: 0 # Forwards (from upper level)
   latGETnl: 31871 # GET request latency on next level
   latGETnet: 0 # GET request latency on network to next level
  l1i-7: # Filter cache stats
   fhGETS: 5323119 # Filtered GETS hits
   fhGETX: 0 # Filtered GETX hits
   hGETS: 30 # GETS hits
   hGETX: 0 # GETX hits
   mGETS: 589 # GETS misses
   mGETXIM: 0 # GETX I->M misses
   mGETXSM: 0 # GETX S->M misses (upgrade misses)
   PUTS: 0 # Clean evictions (from lower level)
   PUTX: 0 # Dirty evictions (from lower level)
   INV: 565 # Invalidates (from upper level)
   INVX: 0 # Downgrades (from upper level)
   FWD: 0 # Forwards (from upper level)
   latGETnl: 27683 # GET request latency on next level
   latGETnet: 0 # GET request latency on network to next level
  l1i-8: # Filter cache stats
   fhGETS: 5323790 # Filtered GETS hits
   fhGETX: 0 # Filtered GETX hits
   hGETS: 30 # GETS hits
   hGETX: 0 # GETX hits
   mGETS: 572 # GETS misses
   mGETXIM: 0 # GETX I->M misses
   mGETXSM: 0 # GETX S->M misses (upgrade misses)
   PUTS: 0 # Clean evictions (from lower level)
   PUTX: 0 # Dirty evictions (from lower level)
   INV: 548 # Invalidates (from upper level)
   INVX: 0 # Downgrades (from upper level)
   FWD: 0 # Forwards (from upper level)
   latGETnl: 31609 # GET request latency on next level
   latGETnet: 0 # GET request latency on network to next level
  l1i-9: # Filter cache stats
   fhGETS: 5323730 # Filtered GETS hits
   fhGETX: 0 # Filtered GETX hits
   hGETS: 30 # GETS hits
   hGETX: 0 # GETX hits
   mGETS: 570 # GETS misses
   mGETXIM: 0 # GETX I->M misses
   mGETXSM: 0 # GETX S->M misses (upgrade misses)
   PUTS: 0 # Clean evictions (from lower level)
   PUTX: 0 # Dirty evictions (from lower level)
   INV: 546 # Invalidates (from upper level)
   INVX: 0 # Downgrades (from upper level)
   FWD: 0 # Forwards (from upper level)
   latGETnl: 31065 # GET request latency on next level
   latGETnet: 0 # GET request latency on network to next level
  l1i-10: # Filter cache stats
   fhGETS: 5324572 # Filtered GETS hits
   fhGETX: 0 # Filtered GETX hits
   hGETS: 30 # GETS hits
   hGETX: 0 # GETX hits
   mGETS: 569 # GETS misses
   mGETXIM: 0 # GETX I->M misses
   mGETXSM: 0 # GETX S->M misses (upgrade misses)
   PUTS: 0 # Clean evictions (from lower level)
   PUTX: 0 # Dirty evictions (from lower level)
   INV: 545 # Invalidates (from upper level)
   INVX: 0 # Downgrades (from upper level)
   FWD: 0 # Forwards (from upper level)
   latGETnl: 28993 # GET request latency on next level
   latGETnet: 0 # GET request latency on network to next level
  l1i-11: # Filter cache stats
   fhGETS: 5325150 # Filtered GETS hits
   fhGETX: 0 # Filtered GETX hits
   hGETS: 107 # GETS hits
   hGETX: 0 # GETX hits
   mGETS: 574 # GETS misses
   mGETXIM: 0 # GETX I->M misses
   mGETXSM: 0 # GETX S->M misses (upgrade misses)
   PUTS: 0 # Clean evictions (from lower level)
   PUTX: 0 # Dirty evictions (from lower level)
   INV: 550 # Invalidates (from upper level)
   INVX: 0 # Downgrades (from upper level)
   FWD: 0 # Forwards (from upper level)
   latGETnl: 28328 # GET request latency on next level
   latGETnet: 0 # GET request latency on network to next level
  l1i-12: # Filter cache stats
   fhGETS: 5323410 # Filtered GETS hits
   fhGETX: 0 # Filtered GETX hits
   hGETS: 30 # GETS hits
   hGETX: 0 # GETX hits
   mGETS: 574 # GETS misses
   mGETXIM: 0 # GETX I->M misses
   mGETXSM: 0 # GETX S->M misses (upgrade misses)
   PUTS: 0 # Clean evictions (from lower level)
   PUTX: 0 # Dirty evictions (from lower level)
   INV: 550 # Invalidates (from upper level)
   INVX: 0 # Downgrades (from upper level)
   FWD: 0 # Forwards (from upper level)
   latGETnl: 28103 # GET request latency on next level
   latGETnet: 0 # GET request latency on network to next level
  l1i-13: # Filter cache stats
   fhGETS: 5321563 # Filtered GETS hits
   fhGETX: 0 # Filtered GETX hits
   hGETS: 30 # GETS hits
   hGETX: 0 # GETX hits
   mGETS: 570 # GETS misses
   mGETXIM: 0 # GETX I->M misses
   mGETXSM: 0 # GETX S->M misses (upgrade misses)
   PUTS: 0 # Clean evictions (from lower level)
   PUTX: 0 # Dirty evictions (from lower level)
   INV: 546 # Invalidates (from upper level)
   INVX: 0 # Downgrades (from upper level)
   FWD: 0 # Forwards (from upper level)
   latGETnl: 29040 # GET request latency on next level
   latGETnet: 0 # GET request latency on network to next level
  l1i-14: # Filter cache stats
   fhGETS: 5324935 # Filtered GETS hits
   fhGETX: 0 # Filtered GETX hits
   hGETS: 30 # GETS hits
   hGETX: 0 # GETX hits
   mGETS: 574 # GETS misses
   mGETXIM: 0 # GETX I->M misses
   mGETXSM: 0 # GETX S->M misses (upgrade misses)
   PUTS: 0 # Clean evictions (from lower level)
   PUTX: 0 # Dirty evictions (from lower level)
   INV: 550 # Invalidates (from upper level)
   INVX: 0 # Downgrades (from upper level)
   FWD: 0 # Forwards (from upper level)
   latGETnl: 28103 # GET request latency on next level
   latGETnet: 0 # GET request latency on network to next level
  l1i-15: # Filter cache stats
   fhGETS: 5322056 # Filtered GETS hits
   fhGETX: 0 # Filtered GETX hits
   hGETS: 30 # GETS hits
   hGETX: 0 # GETX hits
   mGETS: 570 # GETS misses
   mGETXIM: 0 # GETX I->M misses
   mGETXSM: 0 # GETX S->M misses (upgrade misses)
   PUTS: 0 # Clean evictions (from lower level)
   PUTX: 0 # Dirty evictions (from lower level)
   INV: 546 # Invalidates (from upper level)
   INVX: 0 # Downgrades (from upper level)
   FWD: 0 # Forwards (from upper level)
   latGETnl: 27465 # GET request latency on next level
   latGETnet: 0 # GET request latency on network to next level
  l1i-16: # Filter cache stats
   fhGETS: 5316951 # Filtered GETS hits
   fhGETX: 0 # Filtered GETX hits
   hGETS: 198 # GETS hits
   hGETX: 0 # GETX hits
   mGETS: 642 # GETS misses
   mGETXIM: 0 # GETX I->M misses
   mGETXSM: 0 # GETX S->M misses (upgrade misses)
   PUTS: 0 # Clean evictions (from lower level)
   PUTX: 0 # Dirty evictions (from lower level)
   INV: 618 # Invalidates (from upper level)
   INVX: 0 # Downgrades (from upper level)
   FWD: 0 # Forwards (from upper level)
   latGETnl: 42549 # GET request latency on next level
   latGETnet: 0 # GET request latency on network to next level
  l1i-17: # Filter cache stats
   fhGETS: 5323746 # Filtered GETS hits
   fhGETX: 0 # Filtered GETX hits
   hGETS: 30 # GETS hits
   hGETX: 0 # GETX hits
   mGETS: 570 # GETS misses
   mGETXIM: 0 # GETX I->M misses
   mGETXSM: 0 # GETX S->M misses (upgrade misses)
   PUTS: 0 # Clean evictions (from lower level)
   PUTX: 0 # Dirty evictions (from lower level)
   INV: 546 # Invalidates (from upper level)
   INVX: 0 # Downgrades (from upper level)
   FWD: 0 # Forwards (from upper level)
   latGETnl: 27690 # GET request latency on next level
   latGETnet: 0 # GET request latency on network to next level
  l1i-18: # Filter cache stats
   fhGETS: 5321638 # Filtered GETS hits
   fhGETX: 0 # Filtered GETX hits
   hGETS: 30 # GETS hits
   hGETX: 0 # GETX hits
   mGETS: 564 # GETS misses
   mGETXIM: 0 # GETX I->M misses
   mGETXSM: 0 # GETX S->M misses (upgrade misses)
   PUTS: 0 # Clean evictions (from lower level)
   PUTX: 0 # Dirty evictions (from lower level)
   INV: 540 # Invalidates (from upper level)
   INVX: 0 # Downgrades (from upper level)
   FWD: 0 # Forwards (from upper level)
   latGETnl: 27408 # GET request latency on next level
   latGETnet: 0 # GET request latency on network to next level
  l1i-19: # Filter cache stats
   fhGETS: 5325481 # Filtered GETS hits
   fhGETX: 0 # Filtered GETX hits
   hGETS: 30 # GETS hits
   hGETX: 0 # GETX hits
   mGETS: 568 # GETS misses
   mGETXIM: 0 # GETX I->M misses
   mGETXSM: 0 # GETX S->M misses (upgrade misses)
   PUTS: 0 # Clean evictions (from lower level)
   PUTX: 0 # Dirty evictions (from lower level)
   INV: 544 # Invalidates (from upper level)
   INVX: 0 # Downgrades (from upper level)
   FWD: 0 # Forwards (from upper level)
   latGETnl: 27371 # GET request latency on next level
   latGETnet: 0 # GET request latency on network to next level
  l1i-20: # Filter cache stats
   fhGETS: 5325531 # Filtered GETS hits
   fhGETX: 0 # Filtered GETX hits
   hGETS: 30 # GETS hits
   hGETX: 0 # GETX hits
   mGETS: 574 # GETS misses
   mGETXIM: 0 # GETX I->M misses
   mGETXSM: 0 # GETX S->M misses (upgrade misses)
   PUTS: 0 # Clean evictions (from lower level)
   PUTX: 0 # Dirty evictions (from lower level)
   INV: 550 # Invalidates (from upper level)
   INVX: 0 # Downgrades (from upper level)
   FWD: 0 # Forwards (from upper level)
   latGETnl: 26978 # GET request latency on next level
   latGETnet: 0 # GET request latency on network to next level
  l1i-21: # Filter cache stats
   fhGETS: 5323385 # Filtered GETS hits
   fhGETX: 0 # Filtered GETX hits
   hGETS: 30 # GETS hits
   hGETX: 0 # GETX hits
   mGETS: 574 # GETS misses
   mGETXIM: 0 # GETX I->M misses
   mGETXSM: 0 # GETX S->M misses (upgrade misses)
   PUTS: 0 # Clean evictions (from lower level)
   PUTX: 0 # Dirty evictions (from lower level)
   INV: 550 # Invalidates (from upper level)
   INVX: 0 # Downgrades (from upper level)
   FWD: 0 # Forwards (from upper level)
   latGETnl: 27203 # GET request latency on next level
   latGETnet: 0 # GET request latency on network to next level
  l1i-22: # Filter cache stats
   fhGETS: 5323877 # Filtered GETS hits
   fhGETX: 0 # Filtered GETX hits
   hGETS: 30 # GETS hits
   hGETX: 0 # GETX hits
   mGETS: 568 # GETS misses
   mGETXIM: 0 # GETX I->M misses
   mGETXSM: 0 # GETX S->M misses (upgrade misses)
   PUTS: 0 # Clean evictions (from lower level)
   PUTX: 0 # Dirty evictions (from lower level)
   INV: 544 # Invalidates (from upper level)
   INVX: 0 # Downgrades (from upper level)
   FWD: 0 # Forwards (from upper level)
   latGETnl: 26696 # GET request latency on next level
   latGETnet: 0 # GET request latency on network to next level
  l1i-23: # Filter cache stats
   fhGETS: 0 # Filtered GETS hits
   fhGETX: 0 # Filtered GETX hits
   hGETS: 0 # GETS hits
   hGETX: 0 # GETX hits
   mGETS: 0 # GETS misses
   mGETXIM: 0 # GETX I->M misses
   mGETXSM: 0 # GETX S->M misses (upgrade misses)
   PUTS: 0 # Clean evictions (from lower level)
   PUTX: 0 # Dirty evictions (from lower level)
   INV: 0 # Invalidates (from upper level)
   INVX: 0 # Downgrades (from upper level)
   FWD: 0 # Forwards (from upper level)
   latGETnl: 0 # GET request latency on next level
   latGETnet: 0 # GET request latency on network to next level
 l2: # Cache stats
  l2-0: # Cache stats
   hGETS: 0 # GETS hits
   hGETX: 0 # GETX hits
   mGETS: 250890 # GETS misses
   mGETXIM: 16045 # GETX I->M misses
   mGETXSM: 6 # GETX S->M misses (upgrade misses)
   PUTS: 249684 # Clean evictions (from lower level)
   PUTX: 15980 # Dirty evictions (from lower level)
   INV: 20195 # Invalidates (from upper level)
   INVX: 84 # Downgrades (from upper level)
   FWD: 0 # Forwards (from upper level)
   latGETnl: 69792080 # GET request latency on next level
   latGETnet: 0 # GET request latency on network to next level
  l2-1: # Cache stats
   hGETS: 0 # GETS hits
   hGETX: 0 # GETX hits
   mGETS: 250695 # GETS misses
   mGETXIM: 16017 # GETX I->M misses
   mGETXSM: 8 # GETX S->M misses (upgrade misses)
   PUTS: 249594 # Clean evictions (from lower level)
   PUTX: 15955 # Dirty evictions (from lower level)
   INV: 15416 # Invalidates (from upper level)
   INVX: 23 # Downgrades (from upper level)
   FWD: 0 # Forwards (from upper level)
   latGETnl: 69712352 # GET request latency on next level
   latGETnet: 0 # GET request latency on network to next level
  l2-2: # Cache stats
   hGETS: 0 # GETS hits
   hGETX: 0 # GETX hits
   mGETS: 250736 # GETS misses
   mGETXIM: 16004 # GETX I->M misses
   mGETXSM: 6 # GETX S->M misses (upgrade misses)
   PUTS: 249597 # Clean evictions (from lower level)
   PUTX: 15961 # Dirty evictions (from lower level)
   INV: 20783 # Invalidates (from upper level)
   INVX: 10 # Downgrades (from upper level)
   FWD: 0 # Forwards (from upper level)
   latGETnl: 69718476 # GET request latency on next level
   latGETnet: 0 # GET request latency on network to next level
  l2-3: # Cache stats
   hGETS: 0 # GETS hits
   hGETX: 0 # GETX hits
   mGETS: 250822 # GETS misses
   mGETXIM: 16014 # GETX I->M misses
   mGETXSM: 9 # GETX S->M misses (upgrade misses)
   PUTS: 249704 # Clean evictions (from lower level)
   PUTX: 15962 # Dirty evictions (from lower level)
   INV: 15419 # Invalidates (from upper level)
   INVX: 33 # Downgrades (from upper level)
   FWD: 0 # Forwards (from upper level)
   latGETnl: 69746084 # GET request latency on next level
   latGETnet: 0 # GET request latency on network to next level
  l2-4: # Cache stats
   hGETS: 0 # GETS hits
   hGETX: 0 # GETX hits
   mGETS: 250821 # GETS misses
   mGETXIM: 16015 # GETX I->M misses
   mGETXSM: 10 # GETX S->M misses (upgrade misses)
   PUTS: 249704 # Clean evictions (from lower level)
   PUTX: 15963 # Dirty evictions (from lower level)
   INV: 15406 # Invalidates (from upper level)
   INVX: 19 # Downgrades (from upper level)
   FWD: 0 # Forwards (from upper level)
   latGETnl: 69739599 # GET request latency on next level
   latGETnet: 0 # GET request latency on network to next level
  l2-5: # Cache stats
   hGETS: 0 # GETS hits
   hGETX: 0 # GETX hits
   mGETS: 250768 # GETS misses
   mGETXIM: 16015 # GETX I->M misses
   mGETXSM: 8 # GETX S->M misses (upgrade misses)
   PUTS: 249655 # Clean evictions (from lower level)
   PUTX: 15959 # Dirty evictions (from lower level)
   INV: 15832 # Invalidates (from upper level)
   INVX: 17 # Downgrades (from upper level)
   FWD: 0 # Forwards (from upper level)
   latGETnl: 69723375 # GET request latency on next level
   latGETnet: 0 # GET request latency on network to next level
  l2-6: # Cache stats
   hGETS: 0 # GETS hits
   hGETX: 0 # GETX hits
   mGETS: 250769 # GETS misses
   mGETXIM: 16012 # GETX I->M misses
   mGETXSM: 5 # GETX S->M misses (upgrade misses)
   PUTS: 249688 # Clean evictions (from lower level)
   PUTX: 15959 # Dirty evictions (from lower level)
   INV: 15438 # Invalidates (from upper level)
   INVX: 8 # Downgrades (from upper level)
   FWD: 0 # Forwards (from upper level)
   latGETnl: 69735297 # GET request latency on next level
   latGETnet: 0 # GET request latency on network to next level
  l2-7: # Cache stats
   hGETS: 0 # GETS hits
   hGETX: 0 # GETX hits
   mGETS: 250690 # GETS misses
   mGETXIM: 16010 # GETX I->M misses
   mGETXSM: 8 # GETX S->M misses (upgrade misses)
   PUTS: 249577 # Clean evictions (from lower level)
   PUTX: 15953 # Dirty evictions (from lower level)
   INV: 18557 # Invalidates (from upper level)
   INVX: 18 # Downgrades (from upper level)
   FWD: 0 # Forwards (from upper level)
   latGETnl: 69701615 # GET request latency on next level
   latGETnet: 0 # GET request latency on network to next level
  l2-8: # Cache stats
   hGETS: 0 # GETS hits
   hGETX: 0 # GETX hits
   mGETS: 250691 # GETS misses
   mGETXIM: 16006 # GETX I->M misses
   mGETXSM: 6 # GETX S->M misses (upgrade misses)
   PUTS: 249604 # Clean evictions (from lower level)
   PUTX: 15956 # Dirty evictions (from lower level)
   INV: 16692 # Invalidates (from upper level)
   INVX: 8 # Downgrades (from upper level)
   FWD: 0 # Forwards (from upper level)
   latGETnl: 69711836 # GET request latency on next level
   latGETnet: 0 # GET request latency on network to next level
  l2-9: # Cache stats
   hGETS: 0 # GETS hits
   hGETX: 0 # GETX hits
   mGETS: 250690 # GETS misses
   mGETXIM: 16004 # GETX I->M misses
   mGETXSM: 5 # GETX S->M misses (upgrade misses)
   PUTS: 249604 # Clean evictions (from lower level)
   PUTX: 15956 # Dirty evictions (from lower level)
   INV: 15384 # Invalidates (from upper level)
   INVX: 15 # Downgrades (from upper level)
   FWD: 0 # Forwards (from upper level)
   latGETnl: 69713137 # GET request latency on next level
   latGETnet: 0 # GET request latency on network to next level
  l2-10: # Cache stats
   hGETS: 0 # GETS hits
   hGETX: 0 # GETX hits
   mGETS: 250728 # GETS misses
   mGETXIM: 16004 # GETX I->M misses
   mGETXSM: 6 # GETX S->M misses (upgrade misses)
   PUTS: 249642 # Clean evictions (from lower level)
   PUTX: 15957 # Dirty evictions (from lower level)
   INV: 15402 # Invalidates (from upper level)
   INVX: 19 # Downgrades (from upper level)
   FWD: 0 # Forwards (from upper level)
   latGETnl: 69722103 # GET request latency on next level
   latGETnet: 0 # GET request latency on network to next level
  l2-11: # Cache stats
   hGETS: 0 # GETS hits
   hGETX: 0 # GETX hits
   mGETS: 250774 # GETS misses
   mGETXIM: 16023 # GETX I->M misses
   mGETXSM: 11 # GETX S->M misses (upgrade misses)
   PUTS: 249673 # Clean evictions (from lower level)
   PUTX: 15983 # Dirty evictions (from lower level)
   INV: 15762 # Invalidates (from upper level)
   INVX: 20 # Downgrades (from upper level)
   FWD: 0 # Forwards (from upper level)
   latGETnl: 69734058 # GET request latency on next level
   latGETnet: 0 # GET request latency on network to next level
  l2-12: # Cache stats
   hGETS: 0 # GETS hits
   hGETX: 0 # GETX hits
   mGETS: 250679 # GETS misses
   mGETXIM: 16003 # GETX I->M misses
   mGETXSM: 6 # GETX S->M misses (upgrade misses)
   PUTS: 249590 # Clean evictions (from lower level)
   PUTX: 15953 # Dirty evictions (from lower level)
   INV: 15394 # Invalidates (from upper level)
   INVX: 20 # Downgrades (from upper level)
   FWD: 0 # Forwards (from upper level)
   latGETnl: 69707315 # GET request latency on next level
   latGETnet: 0 # GET request latency on network to next level
  l2-13: # Cache stats
   hGETS: 0 # GETS hits
   hGETX: 0 # GETX hits
   mGETS: 250582 # GETS misses
   mGETXIM: 16001 # GETX I->M misses
   mGETXSM: 5 # GETX S->M misses (upgrade misses)
   PUTS: 249501 # Clean evictions (from lower level)
   PUTX: 15947 # Dirty evictions (from lower level)
   INV: 17424 # Invalidates (from upper level)
   INVX: 9 # Downgrades (from upper level)
   FWD: 0 # Forwards (from upper level)
   latGETnl: 69680019 # GET request latency on next level
   latGETnet: 0 # GET request latency on network to next level
  l2-14: # Cache stats
   hGETS: 0 # GETS hits
   hGETX: 0 # GETX hits
   mGETS: 250749 # GETS misses
   mGETXIM: 16009 # GETX I->M misses
   mGETXSM: 5 # GETX S->M misses (upgrade misses)
   PUTS: 249661 # Clean evictions (from lower level)
   PUTX: 15959 # Dirty evictions (from lower level)
   INV: 15432 # Invalidates (from upper level)
   INVX: 3 # Downgrades (from upper level)
   FWD: 0 # Forwards (from upper level)
   latGETnl: 69723352 # GET request latency on next level
   latGETnet: 0 # GET request latency on network to next level
  l2-15: # Cache stats
   hGETS: 0 # GETS hits
   hGETX: 0 # GETX hits
   mGETS: 250606 # GETS misses
   mGETXIM: 16001 # GETX I->M misses
   mGETXSM: 5 # GETX S->M misses (upgrade misses)
   PUTS: 249521 # Clean evictions (from lower level)
   PUTX: 15949 # Dirty evictions (from lower level)
   INV: 17588 # Invalidates (from upper level)
   INVX: 4 # Downgrades (from upper level)
   FWD: 0 # Forwards (from upper level)
   latGETnl: 69683790 # GET request latency on next level
   latGETnet: 0 # GET request latency on network to next level
  l2-16: # Cache stats
   hGETS: 0 # GETS hits
   hGETX: 0 # GETX hits
   mGETS: 250435 # GETS misses
   mGETXIM: 15995 # GETX I->M misses
   mGETXSM: 14 # GETX S->M misses (upgrade misses)
   PUTS: 249268 # Clean evictions (from lower level)
   PUTX: 15955 # Dirty evictions (from lower level)
   INV: 18475 # Invalidates (from upper level)
   INVX: 4 # Downgrades (from upper level)
   FWD: 0 # Forwards (from upper level)
   latGETnl: 69625416 # GET request latency on next level
   latGETnet: 0 # GET request latency on network to next level
  l2-17: # Cache stats
   hGETS: 0 # GETS hits
   hGETX: 0 # GETX hits
   mGETS: 250687 # GETS misses
   mGETXIM: 16003 # GETX I->M misses
   mGETXSM: 5 # GETX S->M misses (upgrade misses)
   PUTS: 249600 # Clean evictions (from lower level)
   PUTX: 15955 # Dirty evictions (from lower level)
   INV: 15385 # Invalidates (from upper level)
   INVX: 6 # Downgrades (from upper level)
   FWD: 0 # Forwards (from upper level)
   latGETnl: 69707350 # GET request latency on next level
   latGETnet: 0 # GET request latency on network to next level
  l2-18: # Cache stats
   hGETS: 0 # GETS hits
   hGETX: 0 # GETX hits
   mGETS: 250585 # GETS misses
   mGETXIM: 15995 # GETX I->M misses
   mGETXSM: 4 # GETX S->M misses (upgrade misses)
   PUTS: 249503 # Clean evictions (from lower level)
   PUTX: 15950 # Dirty evictions (from lower level)
   INV: 15392 # Invalidates (from upper level)
   INVX: 1 # Downgrades (from upper level)
   FWD: 0 # Forwards (from upper level)
   latGETnl: 69678676 # GET request latency on next level
   latGETnet: 0 # GET request latency on network to next level
  l2-19: # Cache stats
   hGETS: 0 # GETS hits
   hGETX: 0 # GETX hits
   mGETS: 250768 # GETS misses
   mGETXIM: 16009 # GETX I->M misses
   mGETXSM: 4 # GETX S->M misses (upgrade misses)
   PUTS: 249688 # Clean evictions (from lower level)
   PUTX: 15959 # Dirty evictions (from lower level)
   INV: 20173 # Invalidates (from upper level)
   INVX: 0 # Downgrades (from upper level)
   FWD: 0 # Forwards (from upper level)
   latGETnl: 69729587 # GET request latency on next level
   latGETnet: 0 # GET request latency on network to next level
  l2-20: # Cache stats
   hGETS: 0 # GETS hits
   hGETX: 0 # GETX hits
   mGETS: 250777 # GETS misses
   mGETXIM: 16008 # GETX I->M misses
   mGETXSM: 5 # GETX S->M misses (upgrade misses)
   PUTS: 249688 # Clean evictions (from lower level)
   PUTX: 15959 # Dirty evictions (from lower level)
   INV: 15390 # Invalidates (from upper level)
   INVX: 2 # Downgrades (from upper level)
   FWD: 0 # Forwards (from upper level)
   latGETnl: 69729076 # GET request latency on next level
   latGETnet: 0 # GET request latency on network to next level
  l2-21: # Cache stats
   hGETS: 0 # GETS hits
   hGETX: 0 # GETX hits
   mGETS: 250677 # GETS misses
   mGETXIM: 16002 # GETX I->M misses
   mGETXSM: 6 # GETX S->M misses (upgrade misses)
   PUTS: 249587 # Clean evictions (from lower level)
   PUTX: 15953 # Dirty evictions (from lower level)
   INV: 16300 # Invalidates (from upper level)
   INVX: 2 # Downgrades (from upper level)
   FWD: 0 # Forwards (from upper level)
   latGETnl: 69701355 # GET request latency on next level
   latGETnet: 0 # GET request latency on network to next level
  l2-22: # Cache stats
   hGETS: 0 # GETS hits
   hGETX: 0 # GETX hits
   mGETS: 250695 # GETS misses
   mGETXIM: 16003 # GETX I->M misses
   mGETXSM: 6 # GETX S->M misses (upgrade misses)
   PUTS: 249610 # Clean evictions (from lower level)
   PUTX: 15956 # Dirty evictions (from lower level)
   INV: 20846 # Invalidates (from upper level)
   INVX: 2 # Downgrades (from upper level)
   FWD: 0 # Forwards (from upper level)
   latGETnl: 69708808 # GET request latency on next level
   latGETnet: 0 # GET request latency on network to next level
  l2-23: # Cache stats
   hGETS: 0 # GETS hits
   hGETX: 0 # GETX hits
   mGETS: 0 # GETS misses
   mGETXIM: 0 # GETX I->M misses
   mGETXSM: 0 # GETX S->M misses (upgrade misses)
   PUTS: 0 # Clean evictions (from lower level)
   PUTX: 0 # Dirty evictions (from lower level)
   INV: 0 # Invalidates (from upper level)
   INVX: 0 # Downgrades (from upper level)
   FWD: 0 # Forwards (from upper level)
   latGETnl: 0 # GET request latency on next level
   latGETnet: 0 # GET request latency on network to next level
 l3: # Cache stats
  l3-0b0: # Cache stats
   hGETS: 739 # GETS hits
   hGETX: 63 # GETX hits
   mGETS: 239616 # GETS misses
   mGETXIM: 15301 # GETX I->M misses
   mGETXSM: 0 # GETX S->M misses (upgrade misses)
   PUTS: 210404 # Clean evictions (from lower level)
   PUTX: 13488 # Dirty evictions (from lower level)
   INV: 0 # Invalidates (from upper level)
   INVX: 0 # Downgrades (from upper level)
   FWD: 0 # Forwards (from upper level)
   latGETnl: 57356325 # GET request latency on next level
   latGETnet: 0 # GET request latency on network to next level
  l3-0b1: # Cache stats
   hGETS: 737 # GETS hits
   hGETX: 27 # GETX hits
   mGETS: 239615 # GETS misses
   mGETXIM: 15313 # GETX I->M misses
   mGETXSM: 0 # GETX S->M misses (upgrade misses)
   PUTS: 210622 # Clean evictions (from lower level)
   PUTX: 13443 # Dirty evictions (from lower level)
   INV: 0 # Invalidates (from upper level)
   INVX: 0 # Downgrades (from upper level)
   FWD: 0 # Forwards (from upper level)
   latGETnl: 57358800 # GET request latency on next level
   latGETnet: 0 # GET request latency on network to next level
  l3-0b2: # Cache stats
   hGETS: 562 # GETS hits
   hGETX: 27 # GETX hits
   mGETS: 239600 # GETS misses
   mGETXIM: 15316 # GETX I->M misses
   mGETXSM: 0 # GETX S->M misses (upgrade misses)
   PUTS: 210392 # Clean evictions (from lower level)
   PUTX: 13456 # Dirty evictions (from lower level)
   INV: 0 # Invalidates (from upper level)
   INVX: 0 # Downgrades (from upper level)
   FWD: 0 # Forwards (from upper level)
   latGETnl: 57356100 # GET request latency on next level
   latGETnet: 0 # GET request latency on network to next level
  l3-0b3: # Cache stats
   hGETS: 677 # GETS hits
   hGETX: 37 # GETX hits
   mGETS: 239617 # GETS misses
   mGETXIM: 15283 # GETX I->M misses
   mGETXSM: 0 # GETX S->M misses (upgrade misses)
   PUTS: 210447 # Clean evictions (from lower level)
   PUTX: 13476 # Dirty evictions (from lower level)
   INV: 0 # Invalidates (from upper level)
   INVX: 0 # Downgrades (from upper level)
   FWD: 0 # Forwards (from upper level)
   latGETnl: 57352500 # GET request latency on next level
   latGETnet: 0 # GET request latency on network to next level
  l3-0b4: # Cache stats
   hGETS: 621 # GETS hits
   hGETX: 21 # GETX hits
   mGETS: 239603 # GETS misses
   mGETXIM: 15302 # GETX I->M misses
   mGETXSM: 0 # GETX S->M misses (upgrade misses)
   PUTS: 210480 # Clean evictions (from lower level)
   PUTX: 13457 # Dirty evictions (from lower level)
   INV: 0 # Invalidates (from upper level)
   INVX: 0 # Downgrades (from upper level)
   FWD: 0 # Forwards (from upper level)
   latGETnl: 57353625 # GET request latency on next level
   latGETnet: 0 # GET request latency on network to next level
  l3-0b5: # Cache stats
   hGETS: 695 # GETS hits
   hGETX: 13 # GETX hits
   mGETS: 239609 # GETS misses
   mGETXIM: 15316 # GETX I->M misses
   mGETXSM: 0 # GETX S->M misses (upgrade misses)
   PUTS: 210444 # Clean evictions (from lower level)
   PUTX: 13464 # Dirty evictions (from lower level)
   INV: 0 # Invalidates (from upper level)
   INVX: 0 # Downgrades (from upper level)
   FWD: 0 # Forwards (from upper level)
   latGETnl: 57358125 # GET request latency on next level
   latGETnet: 0 # GET request latency on network to next level
  l3-0b6: # Cache stats
   hGETS: 545 # GETS hits
   hGETX: 25 # GETX hits
   mGETS: 239604 # GETS misses
   mGETXIM: 15336 # GETX I->M misses
   mGETXSM: 0 # GETX S->M misses (upgrade misses)
   PUTS: 210263 # Clean evictions (from lower level)
   PUTX: 13448 # Dirty evictions (from lower level)
   INV: 0 # Invalidates (from upper level)
   INVX: 0 # Downgrades (from upper level)
   FWD: 0 # Forwards (from upper level)
   latGETnl: 57361500 # GET request latency on next level
   latGETnet: 0 # GET request latency on network to next level
  l3-0b7: # Cache stats
   hGETS: 927 # GETS hits
   hGETX: 53 # GETX hits
   mGETS: 239611 # GETS misses
   mGETXIM: 15338 # GETX I->M misses
   mGETXSM: 0 # GETX S->M misses (upgrade misses)
   PUTS: 210645 # Clean evictions (from lower level)
   PUTX: 13499 # Dirty evictions (from lower level)
   INV: 0 # Invalidates (from upper level)
   INVX: 0 # Downgrades (from upper level)
   FWD: 0 # Forwards (from upper level)
   latGETnl: 57363525 # GET request latency on next level
   latGETnet: 0 # GET request latency on network to next level
  l3-0b8: # Cache stats
   hGETS: 583 # GETS hits
   hGETX: 50 # GETX hits
   mGETS: 239606 # GETS misses
   mGETXIM: 15313 # GETX I->M misses
   mGETXSM: 0 # GETX S->M misses (upgrade misses)
   PUTS: 210363 # Clean evictions (from lower level)
   PUTX: 13515 # Dirty evictions (from lower level)
   INV: 0 # Invalidates (from upper level)
   INVX: 0 # Downgrades (from upper level)
   FWD: 0 # Forwards (from upper level)
   latGETnl: 57356775 # GET request latency on next level
   latGETnet: 0 # GET request latency on network to next level
  l3-0b9: # Cache stats
   hGETS: 647 # GETS hits
   hGETX: 42 # GETX hits
   mGETS: 239607 # GETS misses
   mGETXIM: 15306 # GETX I->M misses
   mGETXSM: 0 # GETX S->M misses (upgrade misses)
   PUTS: 210306 # Clean evictions (from lower level)
   PUTX: 13501 # Dirty evictions (from lower level)
   INV: 0 # Invalidates (from upper level)
   INVX: 0 # Downgrades (from upper level)
   FWD: 0 # Forwards (from upper level)
   latGETnl: 57355425 # GET request latency on next level
   latGETnet: 0 # GET request latency on network to next level
  l3-0b10: # Cache stats
   hGETS: 1050 # GETS hits
   hGETX: 15 # GETX hits
   mGETS: 239607 # GETS misses
   mGETXIM: 15345 # GETX I->M misses
   mGETXSM: 0 # GETX S->M misses (upgrade misses)
   PUTS: 210787 # Clean evictions (from lower level)
   PUTX: 13494 # Dirty evictions (from lower level)
   INV: 0 # Invalidates (from upper level)
   INVX: 0 # Downgrades (from upper level)
   FWD: 0 # Forwards (from upper level)
   latGETnl: 57364200 # GET request latency on next level
   latGETnet: 0 # GET request latency on network to next level
  l3-0b11: # Cache stats
   hGETS: 704 # GETS hits
   hGETX: 20 # GETX hits
   mGETS: 239616 # GETS misses
   mGETXIM: 15326 # GETX I->M misses
   mGETXSM: 0 # GETX S->M misses (upgrade misses)
   PUTS: 210445 # Clean evictions (from lower level)
   PUTX: 13509 # Dirty evictions (from lower level)
   INV: 0 # Invalidates (from upper level)
   INVX: 0 # Downgrades (from upper level)
   FWD: 0 # Forwards (from upper level)
   latGETnl: 57361950 # GET request latency on next level
   latGETnet: 0 # GET request latency on network to next level
  l3-0b12: # Cache stats
   hGETS: 1087 # GETS hits
   hGETX: 55 # GETX hits
   mGETS: 239613 # GETS misses
   mGETXIM: 15293 # GETX I->M misses
   mGETXSM: 0 # GETX S->M misses (upgrade misses)
   PUTS: 210687 # Clean evictions (from lower level)
   PUTX: 13480 # Dirty evictions (from lower level)
   INV: 0 # Invalidates (from upper level)
   INVX: 0 # Downgrades (from upper level)
   FWD: 0 # Forwards (from upper level)
   latGETnl: 57353850 # GET request latency on next level
   latGETnet: 0 # GET request latency on network to next level
  l3-0b13: # Cache stats
   hGETS: 1036 # GETS hits
   hGETX: 41 # GETX hits
   mGETS: 239614 # GETS misses
   mGETXIM: 15329 # GETX I->M misses
   mGETXSM: 0 # GETX S->M misses (upgrade misses)
   PUTS: 210747 # Clean evictions (from lower level)
   PUTX: 13509 # Dirty evictions (from lower level)
   INV: 0 # Invalidates (from upper level)
   INVX: 0 # Downgrades (from upper level)
   FWD: 0 # Forwards (from upper level)
   latGETnl: 57362175 # GET request latency on next level
   latGETnet: 0 # GET request latency on network to next level
  l3-0b14: # Cache stats
   hGETS: 707 # GETS hits
   hGETX: 29 # GETX hits
   mGETS: 239613 # GETS misses
   mGETXIM: 15314 # GETX I->M misses
   mGETXSM: 0 # GETX S->M misses (upgrade misses)
   PUTS: 210582 # Clean evictions (from lower level)
   PUTX: 13519 # Dirty evictions (from lower level)
   INV: 0 # Invalidates (from upper level)
   INVX: 0 # Downgrades (from upper level)
   FWD: 0 # Forwards (from upper level)
   latGETnl: 57358575 # GET request latency on next level
   latGETnet: 0 # GET request latency on network to next level
  l3-0b15: # Cache stats
   hGETS: 1035 # GETS hits
   hGETX: 42 # GETX hits
   mGETS: 239615 # GETS misses
   mGETXIM: 15292 # GETX I->M misses
   mGETXSM: 0 # GETX S->M misses (upgrade misses)
   PUTS: 210730 # Clean evictions (from lower level)
   PUTX: 13515 # Dirty evictions (from lower level)
   INV: 0 # Invalidates (from upper level)
   INVX: 0 # Downgrades (from upper level)
   FWD: 0 # Forwards (from upper level)
   latGETnl: 57354075 # GET request latency on next level
   latGETnet: 0 # GET request latency on network to next level
  l3-0b16: # Cache stats
   hGETS: 380 # GETS hits
   hGETX: 20 # GETX hits
   mGETS: 239524 # GETS misses
   mGETXIM: 15330 # GETX I->M misses
   mGETXSM: 0 # GETX S->M misses (upgrade misses)
   PUTS: 210145 # Clean evictions (from lower level)
   PUTX: 13463 # Dirty evictions (from lower level)
   INV: 0 # Invalidates (from upper level)
   INVX: 0 # Downgrades (from upper level)
   FWD: 0 # Forwards (from upper level)
   latGETnl: 57342150 # GET request latency on next level
   latGETnet: 0 # GET request latency on network to next level
  l3-0b17: # Cache stats
   hGETS: 333 # GETS hits
   hGETX: 12 # GETX hits
   mGETS: 239520 # GETS misses
   mGETXIM: 15325 # GETX I->M misses
   mGETXSM: 0 # GETX S->M misses (upgrade misses)
   PUTS: 210012 # Clean evictions (from lower level)
   PUTX: 13494 # Dirty evictions (from lower level)
   INV: 0 # Invalidates (from upper level)
   INVX: 0 # Downgrades (from upper level)
   FWD: 0 # Forwards (from upper level)
   latGETnl: 57340125 # GET request latency on next level
   latGETnet: 0 # GET request latency on network to next level
  l3-0b18: # Cache stats
   hGETS: 293 # GETS hits
   hGETX: 26 # GETX hits
   mGETS: 239517 # GETS misses
   mGETXIM: 15292 # GETX I->M misses
   mGETXSM: 0 # GETX S->M misses (upgrade misses)
   PUTS: 209994 # Clean evictions (from lower level)
   PUTX: 13490 # Dirty evictions (from lower level)
   INV: 0 # Invalidates (from upper level)
   INVX: 0 # Downgrades (from upper level)
   FWD: 0 # Forwards (from upper level)
   latGETnl: 57332025 # GET request latency on next level
   latGETnet: 0 # GET request latency on network to next level
  l3-0b19: # Cache stats
   hGETS: 246 # GETS hits
   hGETX: 60 # GETX hits
   mGETS: 239514 # GETS misses
   mGETXIM: 15336 # GETX I->M misses
   mGETXSM: 0 # GETX S->M misses (upgrade misses)
   PUTS: 209912 # Clean evictions (from lower level)
   PUTX: 13512 # Dirty evictions (from lower level)
   INV: 0 # Invalidates (from upper level)
   INVX: 0 # Downgrades (from upper level)
   FWD: 0 # Forwards (from upper level)
   latGETnl: 57341250 # GET request latency on next level
   latGETnet: 0 # GET request latency on network to next level
  l3-0b20: # Cache stats
   hGETS: 636 # GETS hits
   hGETX: 15 # GETX hits
   mGETS: 239509 # GETS misses
   mGETXIM: 15353 # GETX I->M misses
   mGETXSM: 0 # GETX S->M misses (upgrade misses)
   PUTS: 210308 # Clean evictions (from lower level)
   PUTX: 13514 # Dirty evictions (from lower level)
   INV: 0 # Invalidates (from upper level)
   INVX: 0 # Downgrades (from upper level)
   FWD: 0 # Forwards (from upper level)
   latGETnl: 57343950 # GET request latency on next level
   latGETnet: 0 # GET request latency on network to next level
  l3-0b21: # Cache stats
   hGETS: 674 # GETS hits
   hGETX: 18 # GETX hits
   mGETS: 239510 # GETS misses
   mGETXIM: 15308 # GETX I->M misses
   mGETXSM: 0 # GETX S->M misses (upgrade misses)
   PUTS: 210383 # Clean evictions (from lower level)
   PUTX: 13459 # Dirty evictions (from lower level)
   INV: 0 # Invalidates (from upper level)
   INVX: 0 # Downgrades (from upper level)
   FWD: 0 # Forwards (from upper level)
   latGETnl: 57334050 # GET request latency on next level
   latGETnet: 0 # GET request latency on network to next level
  l3-0b22: # Cache stats
   hGETS: 783 # GETS hits
   hGETX: 24 # GETX hits
   mGETS: 239523 # GETS misses
   mGETXIM: 15298 # GETX I->M misses
   mGETXSM: 0 # GETX S->M misses (upgrade misses)
   PUTS: 210421 # Clean evictions (from lower level)
   PUTX: 13468 # Dirty evictions (from lower level)
   INV: 0 # Invalidates (from upper level)
   INVX: 0 # Downgrades (from upper level)
   FWD: 0 # Forwards (from upper level)
   latGETnl: 57334725 # GET request latency on next level
   latGETnet: 0 # GET request latency on network to next level
  l3-0b23: # Cache stats
   hGETS: 717 # GETS hits
   hGETX: 29 # GETX hits
   mGETS: 239517 # GETS misses
   mGETXIM: 15322 # GETX I->M misses
   mGETXSM: 0 # GETX S->M misses (upgrade misses)
   PUTS: 210406 # Clean evictions (from lower level)
   PUTX: 13470 # Dirty evictions (from lower level)
   INV: 0 # Invalidates (from upper level)
   INVX: 0 # Downgrades (from upper level)
   FWD: 0 # Forwards (from upper level)
   latGETnl: 57338775 # GET request latency on next level
   latGETnet: 0 # GET request latency on network to next level
 mem: # Memory controller stats
  mem-0: # Memory controller stats
   rd: 6086070 # Read requests
   wr: 336189 # Write requests
   rdlat: 4288245824 # Total latency experienced by read requests
   wrlat: 247451157 # Total latency experienced by write requests
 sched: # Scheduler stats
  thCr: 25 # Threads created
  thFn: 25 # Threads finished
  schedEvs: 27 # Schedule events
  waitEvs: 2 # Wait events
  handoffEvs: 1 # Handoff events
  sleepEvs: 1 # Sleep events
  idlePhases: 0 # Phases with no thread active
  idlePeriods: 0 # Periods with no thread active
  occHist: # Occupancy histogram
   0: 0
   1: 36
   2: 0
   3: 2
   4: 2
   5: 1
   6: 1
   7: 0
   8: 1
   9: 0
   10: 0
   11: 0
   12: 1
   13: 0
   14: 1
   15: 0
   16: 0
   17: 1
   18: 0
   19: 0
   20: 1
   21: 0
   22: 1
   23: 29945
   24: 0
  rqSzHist: # Run queue size histogram
   0: 29963
   1: 30
   2: 0
   3: 0
   4: 0
   5: 0
   6: 0
   7: 0
   8: 0
   9: 0
   10: 0
   11: 0
   12: 0
   13: 0
   14: 0
   15: 0
   16: 0
   17: 0
   18: 0
   19: 0
   20: 0
   21: 0
   22: 0
   23: 0
   24: 0
 procCycles: # Per-process unhalted core cycles
  0: 688901407
  1: 0
  2: 0
  3: 0
  4: 0
  5: 0
  6: 0
  7: 0
  8: 0
  9: 0
  10: 0
  11: 0
  12: 0
  13: 0
  14: 0
  15: 0
  16: 0
  17: 0
  18: 0
  19: 0
  20: 0
  21: 0
  22: 0
  23: 0
  24: 0
  25: 0
  26: 0
  27: 0
  28: 0
  29: 0
  30: 0
  31: 0
  32: 0
  33: 0
  34: 0
  35: 0
  36: 0
  37: 0
  38: 0
  39: 0
  40: 0
  41: 0
  42: 0
  43: 0
  44: 0
  45: 0
  46: 0
  47: 0
  48: 0
  49: 0
  50: 0
  51: 0
  52: 0
  53: 0
  54: 0
  55: 0
  56: 0
  57: 0
  58: 0
  59: 0
  60: 0
  61: 0
  62: 0
  63: 0
 procInstrs: # Per-process instructions
  0: 355762429
  1: 0
  2: 0
  3: 0
  4: 0
  5: 0
  6: 0
  7: 0
  8: 0
  9: 0
  10: 0
  11: 0
  12: 0
  13: 0
  14: 0
  15: 0
  16: 0
  17: 0
  18: 0
  19: 0
  20: 0
  21: 0
  22: 0
  23: 0
  24: 0
  25: 0
  26: 0
  27: 0
  28: 0
  29: 0
  30: 0
  31: 0
  32: 0
  33: 0
  34: 0
  35: 0
  36: 0
  37: 0
  38: 0
  39: 0
  40: 0
  41: 0
  42: 0
  43: 0
  44: 0
  45: 0
  46: 0
  47: 0
  48: 0
  49: 0
  50: 0
  51: 0
  52: 0
  53: 0
  54: 0
  55: 0
  56: 0
  57: 0
  58: 0
  59: 0
  60: 0
  61: 0
  62: 0
  63: 0
 heartbeats: # Per-process heartbeats
  0: 0
  1: 0
  2: 0
  3: 0
  4: 0
  5: 0
  6: 0
  7: 0
  8: 0
  9: 0
  10: 0
  11: 0
  12: 0
  13: 0
  14: 0
  15: 0
  16: 0
  17: 0
  18: 0
  19: 0
  20: 0
  21: 0
  22: 0
  23: 0
  24: 0
  25: 0
  26: 0
  27: 0
  28: 0
  29: 0
  30: 0
  31: 0
  32: 0
  33: 0
  34: 0
  35: 0
  36: 0
  37: 0
  38: 0
  39: 0
  40: 0
  41: 0
  42: 0
  43: 0
  44: 0
  45: 0
  46: 0
  47: 0
  48: 0
  49: 0
  50: 0
  51: 0
  52: 0
  53: 0
  54: 0
  55: 0
  56: 0
  57: 0
  58: 0
  59: 0
  60: 0
  61: 0
  62: 0
  63: 0
===
