# zsim stats
===
root: # Stats
 contention: # Contention simulation stats
  domain-0: # Domain stats
   time: 13332185619 # Weave simulation time
 time: # Simulator time breakdown
  init: 3202361916
  bound: 93055631981
  weave: 17868384333
  ff: 163230
 trigger: 20000 # Reason for this stats dump
 phase: 85949 # Simulated phases
 reqCycles: 0 # Requeue Cycles
 skylake: # Core stats
  skylake-0: # Core stats
   cycles: 85949053 # Simulated unhalted cycles
   cCycles: 3620685 # Cycles due to contention stalls
   instrs: 121599436 # Simulated instructions
   uops: 83124862 # issued micro-ops
   bbls: 39931279 # Basic blocks
   approxInstrs: 1044707 # Instrs with approx uop decoding
   mispredBranches: 151950 # Mispredicted branches
   IdqNotDelivered: 82328368 # Stalls no uop delivered when no Bkend Stall
   IntMiscRecoveryCycles: 1230371 # Stalls waiting machine clears
   uops executed: 83820994 # Executed microoperations
  skylake-1: # Core stats
   cycles: 85913054 # Simulated unhalted cycles
   cCycles: 3620691 # Cycles due to contention stalls
   instrs: 121598425 # Simulated instructions
   uops: 83123641 # issued micro-ops
   bbls: 39931114 # Basic blocks
   approxInstrs: 1044703 # Instrs with approx uop decoding
   mispredBranches: 151918 # Mispredicted branches
   IdqNotDelivered: 82292363 # Stalls no uop delivered when no Bkend Stall
   IntMiscRecoveryCycles: 1220963 # Stalls waiting machine clears
   uops executed: 83819759 # Executed microoperations
  skylake-2: # Core stats
   cycles: 85911451 # Simulated unhalted cycles
   cCycles: 3620688 # Cycles due to contention stalls
   instrs: 121595928 # Simulated instructions
   uops: 83121719 # issued micro-ops
   bbls: 39930360 # Basic blocks
   approxInstrs: 1044689 # Instrs with approx uop decoding
   mispredBranches: 151919 # Mispredicted branches
   IdqNotDelivered: 82290763 # Stalls no uop delivered when no Bkend Stall
   IntMiscRecoveryCycles: 1224061 # Stalls waiting machine clears
   uops executed: 83817864 # Executed microoperations
  skylake-3: # Core stats
   cycles: 85911053 # Simulated unhalted cycles
   cCycles: 3620693 # Cycles due to contention stalls
   instrs: 121598153 # Simulated instructions
   uops: 83123346 # issued micro-ops
   bbls: 39931053 # Basic blocks
   approxInstrs: 1044701 # Instrs with approx uop decoding
   mispredBranches: 151916 # Mispredicted branches
   IdqNotDelivered: 82290360 # Stalls no uop delivered when no Bkend Stall
   IntMiscRecoveryCycles: 1222177 # Stalls waiting machine clears
   uops executed: 83819498 # Executed microoperations
  skylake-4: # Core stats
   cycles: 85909054 # Simulated unhalted cycles
   cCycles: 3620682 # Cycles due to contention stalls
   instrs: 121598230 # Simulated instructions
   uops: 83123411 # issued micro-ops
   bbls: 39931077 # Basic blocks
   approxInstrs: 1044703 # Instrs with approx uop decoding
   mispredBranches: 151916 # Mispredicted branches
   IdqNotDelivered: 82288372 # Stalls no uop delivered when no Bkend Stall
   IntMiscRecoveryCycles: 1221694 # Stalls waiting machine clears
   uops executed: 83819545 # Executed microoperations
  skylake-5: # Core stats
   cycles: 85908066 # Simulated unhalted cycles
   cCycles: 3620686 # Cycles due to contention stalls
   instrs: 121598179 # Simulated instructions
   uops: 83123377 # issued micro-ops
   bbls: 39931060 # Basic blocks
   approxInstrs: 1044703 # Instrs with approx uop decoding
   mispredBranches: 151916 # Mispredicted branches
   IdqNotDelivered: 82287380 # Stalls no uop delivered when no Bkend Stall
   IntMiscRecoveryCycles: 1221596 # Stalls waiting machine clears
   uops executed: 83819511 # Executed microoperations
  skylake-6: # Core stats
   cycles: 85907028 # Simulated unhalted cycles
   cCycles: 3620683 # Cycles due to contention stalls
   instrs: 121596850 # Simulated instructions
   uops: 83122461 # issued micro-ops
   bbls: 39930626 # Basic blocks
   approxInstrs: 1044690 # Instrs with approx uop decoding
   mispredBranches: 151915 # Mispredicted branches
   IdqNotDelivered: 82286345 # Stalls no uop delivered when no Bkend Stall
   IntMiscRecoveryCycles: 1221682 # Stalls waiting machine clears
   uops executed: 83818587 # Executed microoperations
  skylake-7: # Core stats
   cycles: 85907053 # Simulated unhalted cycles
   cCycles: 3620690 # Cycles due to contention stalls
   instrs: 121597380 # Simulated instructions
   uops: 83122510 # issued micro-ops
   bbls: 39930870 # Basic blocks
   approxInstrs: 1044697 # Instrs with approx uop decoding
   mispredBranches: 151910 # Mispredicted branches
   IdqNotDelivered: 82286363 # Stalls no uop delivered when no Bkend Stall
   IntMiscRecoveryCycles: 1222789 # Stalls waiting machine clears
   uops executed: 83818648 # Executed microoperations
  skylake-8: # Core stats
   cycles: 85906053 # Simulated unhalted cycles
   cCycles: 3620677 # Cycles due to contention stalls
   instrs: 121597773 # Simulated instructions
   uops: 83122772 # issued micro-ops
   bbls: 39931001 # Basic blocks
   approxInstrs: 1044697 # Instrs with approx uop decoding
   mispredBranches: 151910 # Mispredicted branches
   IdqNotDelivered: 82285376 # Stalls no uop delivered when no Bkend Stall
   IntMiscRecoveryCycles: 1222644 # Stalls waiting machine clears
   uops executed: 83818910 # Executed microoperations
  skylake-9: # Core stats
   cycles: 85905813 # Simulated unhalted cycles
   cCycles: 3620647 # Cycles due to contention stalls
   instrs: 121597091 # Simulated instructions
   uops: 83122307 # issued micro-ops
   bbls: 39930777 # Basic blocks
   approxInstrs: 1044692 # Instrs with approx uop decoding
   mispredBranches: 151909 # Mispredicted branches
   IdqNotDelivered: 82285166 # Stalls no uop delivered when no Bkend Stall
   IntMiscRecoveryCycles: 1222663 # Stalls waiting machine clears
   uops executed: 83818443 # Executed microoperations
  skylake-10: # Core stats
   cycles: 85905813 # Simulated unhalted cycles
   cCycles: 3620673 # Cycles due to contention stalls
   instrs: 121597130 # Simulated instructions
   uops: 83122339 # issued micro-ops
   bbls: 39930789 # Basic blocks
   approxInstrs: 1044697 # Instrs with approx uop decoding
   mispredBranches: 151910 # Mispredicted branches
   IdqNotDelivered: 82285140 # Stalls no uop delivered when no Bkend Stall
   IntMiscRecoveryCycles: 1222892 # Stalls waiting machine clears
   uops executed: 83818474 # Executed microoperations
  skylake-11: # Core stats
   cycles: 85905838 # Simulated unhalted cycles
   cCycles: 3620688 # Cycles due to contention stalls
   instrs: 121597498 # Simulated instructions
   uops: 83122887 # issued micro-ops
   bbls: 39930755 # Basic blocks
   approxInstrs: 1044695 # Instrs with approx uop decoding
   mispredBranches: 151916 # Mispredicted branches
   IdqNotDelivered: 82285150 # Stalls no uop delivered when no Bkend Stall
   IntMiscRecoveryCycles: 1222529 # Stalls waiting machine clears
   uops executed: 83819058 # Executed microoperations
  skylake-12: # Core stats
   cycles: 85904813 # Simulated unhalted cycles
   cCycles: 3620666 # Cycles due to contention stalls
   instrs: 121597049 # Simulated instructions
   uops: 83122279 # issued micro-ops
   bbls: 39930763 # Basic blocks
   approxInstrs: 1044692 # Instrs with approx uop decoding
   mispredBranches: 151909 # Mispredicted branches
   IdqNotDelivered: 82284147 # Stalls no uop delivered when no Bkend Stall
   IntMiscRecoveryCycles: 1221812 # Stalls waiting machine clears
   uops executed: 83818415 # Executed microoperations
  skylake-13: # Core stats
   cycles: 85904838 # Simulated unhalted cycles
   cCycles: 3620705 # Cycles due to contention stalls
   instrs: 121597629 # Simulated instructions
   uops: 83122676 # issued micro-ops
   bbls: 39930953 # Basic blocks
   approxInstrs: 1044697 # Instrs with approx uop decoding
   mispredBranches: 151910 # Mispredicted branches
   IdqNotDelivered: 82284133 # Stalls no uop delivered when no Bkend Stall
   IntMiscRecoveryCycles: 1222209 # Stalls waiting machine clears
   uops executed: 83818814 # Executed microoperations
  skylake-14: # Core stats
   cycles: 85904061 # Simulated unhalted cycles
   cCycles: 3620694 # Cycles due to contention stalls
   instrs: 121597938 # Simulated instructions
   uops: 83122894 # issued micro-ops
   bbls: 39931054 # Basic blocks
   approxInstrs: 1044699 # Instrs with approx uop decoding
   mispredBranches: 151913 # Mispredicted branches
   IdqNotDelivered: 82283367 # Stalls no uop delivered when no Bkend Stall
   IntMiscRecoveryCycles: 1222413 # Stalls waiting machine clears
   uops executed: 83819018 # Executed microoperations
  skylake-15: # Core stats
   cycles: 85903839 # Simulated unhalted cycles
   cCycles: 3620740 # Cycles due to contention stalls
   instrs: 121569318 # Simulated instructions
   uops: 83105324 # issued micro-ops
   bbls: 39920933 # Basic blocks
   approxInstrs: 1044406 # Instrs with approx uop decoding
   mispredBranches: 151973 # Mispredicted branches
   IdqNotDelivered: 82283099 # Stalls no uop delivered when no Bkend Stall
   IntMiscRecoveryCycles: 1226290 # Stalls waiting machine clears
   uops executed: 83801432 # Executed microoperations
  skylake-16: # Core stats
   cycles: 85904054 # Simulated unhalted cycles
   cCycles: 3620673 # Cycles due to contention stalls
   instrs: 121596975 # Simulated instructions
   uops: 83122213 # issued micro-ops
   bbls: 39930740 # Basic blocks
   approxInstrs: 1044691 # Instrs with approx uop decoding
   mispredBranches: 151903 # Mispredicted branches
   IdqNotDelivered: 82283381 # Stalls no uop delivered when no Bkend Stall
   IntMiscRecoveryCycles: 1221682 # Stalls waiting machine clears
   uops executed: 83818383 # Executed microoperations
  skylake-17: # Core stats
   cycles: 85904053 # Simulated unhalted cycles
   cCycles: 3620684 # Cycles due to contention stalls
   instrs: 121597393 # Simulated instructions
   uops: 83122502 # issued micro-ops
   bbls: 39930876 # Basic blocks
   approxInstrs: 1044696 # Instrs with approx uop decoding
   mispredBranches: 151904 # Mispredicted branches
   IdqNotDelivered: 82283369 # Stalls no uop delivered when no Bkend Stall
   IntMiscRecoveryCycles: 1221269 # Stalls waiting machine clears
   uops executed: 83818674 # Executed microoperations
  skylake-18: # Core stats
   cycles: 85903053 # Simulated unhalted cycles
   cCycles: 3620720 # Cycles due to contention stalls
   instrs: 121597455 # Simulated instructions
   uops: 83122560 # issued micro-ops
   bbls: 39930895 # Basic blocks
   approxInstrs: 1044697 # Instrs with approx uop decoding
   mispredBranches: 151910 # Mispredicted branches
   IdqNotDelivered: 82282333 # Stalls no uop delivered when no Bkend Stall
   IntMiscRecoveryCycles: 1221820 # Stalls waiting machine clears
   uops executed: 83818698 # Executed microoperations
  skylake-19: # Core stats
   cycles: 85902838 # Simulated unhalted cycles
   cCycles: 3620703 # Cycles due to contention stalls
   instrs: 121596707 # Simulated instructions
   uops: 83122051 # issued micro-ops
   bbls: 39930649 # Basic blocks
   approxInstrs: 1044692 # Instrs with approx uop decoding
   mispredBranches: 151909 # Mispredicted branches
   IdqNotDelivered: 82282135 # Stalls no uop delivered when no Bkend Stall
   IntMiscRecoveryCycles: 1221616 # Stalls waiting machine clears
   uops executed: 83818187 # Executed microoperations
  skylake-20: # Core stats
   cycles: 85902812 # Simulated unhalted cycles
   cCycles: 3620668 # Cycles due to contention stalls
   instrs: 121597167 # Simulated instructions
   uops: 83122368 # issued micro-ops
   bbls: 39930799 # Basic blocks
   approxInstrs: 1044697 # Instrs with approx uop decoding
   mispredBranches: 151910 # Mispredicted branches
   IdqNotDelivered: 82282144 # Stalls no uop delivered when no Bkend Stall
   IntMiscRecoveryCycles: 1222192 # Stalls waiting machine clears
   uops executed: 83818506 # Executed microoperations
  skylake-21: # Core stats
   cycles: 85901812 # Simulated unhalted cycles
   cCycles: 3620668 # Cycles due to contention stalls
   instrs: 121595453 # Simulated instructions
   uops: 83121191 # issued micro-ops
   bbls: 39930239 # Basic blocks
   approxInstrs: 1044678 # Instrs with approx uop decoding
   mispredBranches: 151905 # Mispredicted branches
   IdqNotDelivered: 82281144 # Stalls no uop delivered when no Bkend Stall
   IntMiscRecoveryCycles: 1221778 # Stalls waiting machine clears
   uops executed: 83817328 # Executed microoperations
  skylake-22: # Core stats
   cycles: 85901838 # Simulated unhalted cycles
   cCycles: 3620704 # Cycles due to contention stalls
   instrs: 121595798 # Simulated instructions
   uops: 83121434 # issued micro-ops
   bbls: 39930350 # Basic blocks
   approxInstrs: 1044685 # Instrs with approx uop decoding
   mispredBranches: 151908 # Mispredicted branches
   IdqNotDelivered: 82281134 # Stalls no uop delivered when no Bkend Stall
   IntMiscRecoveryCycles: 1221951 # Stalls waiting machine clears
   uops executed: 83817568 # Executed microoperations
  skylake-23: # Core stats
   cycles: 0 # Simulated unhalted cycles
   cCycles: 0 # Cycles due to contention stalls
   instrs: 0 # Simulated instructions
   uops: 0 # issued micro-ops
   bbls: 0 # Basic blocks
   approxInstrs: 0 # Instrs with approx uop decoding
   mispredBranches: 0 # Mispredicted branches
   IdqNotDelivered: 0 # Stalls no uop delivered when no Bkend Stall
   IntMiscRecoveryCycles: 0 # Stalls waiting machine clears
   uops executed: 0 # Executed microoperations
 l1d: # Cache stats
  l1d-0: # Filter cache stats
   fhGETS: 960990 # Filtered GETS hits
   fhGETX: 597674 # Filtered GETX hits
   hGETS: 201019 # GETS hits
   hGETX: 206539 # GETX hits
   mGETS: 250262 # GETS misses
   mGETXIM: 196545 # GETX I->M misses
   mGETXSM: 10 # GETX S->M misses (upgrade misses)
   PUTS: 0 # Clean evictions (from lower level)
   PUTX: 0 # Dirty evictions (from lower level)
   INV: 115 # Invalidates (from upper level)
   INVX: 83 # Downgrades (from upper level)
   FWD: 0 # Forwards (from upper level)
   latGETnl: 121492654 # GET request latency on next level
   latGETnet: 0 # GET request latency on network to next level
  l1d-1: # Filter cache stats
   fhGETS: 960722 # Filtered GETS hits
   fhGETX: 597508 # Filtered GETX hits
   hGETS: 200941 # GETS hits
   hGETX: 206497 # GETX hits
   mGETS: 250215 # GETS misses
   mGETXIM: 196515 # GETX I->M misses
   mGETXSM: 7 # GETX S->M misses (upgrade misses)
   PUTS: 0 # Clean evictions (from lower level)
   PUTX: 0 # Dirty evictions (from lower level)
   INV: 102 # Invalidates (from upper level)
   INVX: 24 # Downgrades (from upper level)
   FWD: 0 # Forwards (from upper level)
   latGETnl: 121463581 # GET request latency on next level
   latGETnet: 0 # GET request latency on network to next level
  l1d-2: # Filter cache stats
   fhGETS: 960594 # Filtered GETS hits
   fhGETX: 597439 # Filtered GETX hits
   hGETS: 200909 # GETS hits
   hGETX: 206474 # GETX hits
   mGETS: 250204 # GETS misses
   mGETXIM: 196511 # GETX I->M misses
   mGETXSM: 5 # GETX S->M misses (upgrade misses)
   PUTS: 0 # Clean evictions (from lower level)
   PUTX: 0 # Dirty evictions (from lower level)
   INV: 85 # Invalidates (from upper level)
   INVX: 6 # Downgrades (from upper level)
   FWD: 0 # Forwards (from upper level)
   latGETnl: 121459464 # GET request latency on next level
   latGETnet: 0 # GET request latency on network to next level
  l1d-3: # Filter cache stats
   fhGETS: 960652 # Filtered GETS hits
   fhGETX: 597465 # Filtered GETX hits
   hGETS: 200947 # GETS hits
   hGETX: 206507 # GETX hits
   mGETS: 250212 # GETS misses
   mGETXIM: 196509 # GETX I->M misses
   mGETXSM: 7 # GETX S->M misses (upgrade misses)
   PUTS: 0 # Clean evictions (from lower level)
   PUTX: 0 # Dirty evictions (from lower level)
   INV: 96 # Invalidates (from upper level)
   INVX: 28 # Downgrades (from upper level)
   FWD: 0 # Forwards (from upper level)
   latGETnl: 121465267 # GET request latency on next level
   latGETnet: 0 # GET request latency on network to next level
  l1d-4: # Filter cache stats
   fhGETS: 960645 # Filtered GETS hits
   fhGETX: 597455 # Filtered GETX hits
   hGETS: 200953 # GETS hits
   hGETX: 206523 # GETX hits
   mGETS: 250218 # GETS misses
   mGETXIM: 196507 # GETX I->M misses
   mGETXSM: 8 # GETX S->M misses (upgrade misses)
   PUTS: 0 # Clean evictions (from lower level)
   PUTX: 0 # Dirty evictions (from lower level)
   INV: 99 # Invalidates (from upper level)
   INVX: 22 # Downgrades (from upper level)
   FWD: 0 # Forwards (from upper level)
   latGETnl: 121463787 # GET request latency on next level
   latGETnet: 0 # GET request latency on network to next level
  l1d-5: # Filter cache stats
   fhGETS: 960667 # Filtered GETS hits
   fhGETX: 597481 # Filtered GETX hits
   hGETS: 200934 # GETS hits
   hGETX: 206490 # GETX hits
   mGETS: 250215 # GETS misses
   mGETXIM: 196513 # GETX I->M misses
   mGETXSM: 9 # GETX S->M misses (upgrade misses)
   PUTS: 0 # Clean evictions (from lower level)
   PUTX: 0 # Dirty evictions (from lower level)
   INV: 101 # Invalidates (from upper level)
   INVX: 18 # Downgrades (from upper level)
   FWD: 0 # Forwards (from upper level)
   latGETnl: 121461753 # GET request latency on next level
   latGETnet: 0 # GET request latency on network to next level
  l1d-6: # Filter cache stats
   fhGETS: 960637 # Filtered GETS hits
   fhGETX: 597464 # Filtered GETX hits
   hGETS: 200946 # GETS hits
   hGETX: 206496 # GETX hits
   mGETS: 250207 # GETS misses
   mGETXIM: 196513 # GETX I->M misses
   mGETXSM: 8 # GETX S->M misses (upgrade misses)
   PUTS: 0 # Clean evictions (from lower level)
   PUTX: 0 # Dirty evictions (from lower level)
   INV: 99 # Invalidates (from upper level)
   INVX: 18 # Downgrades (from upper level)
   FWD: 0 # Forwards (from upper level)
   latGETnl: 121460121 # GET request latency on next level
   latGETnet: 0 # GET request latency on network to next level
  l1d-7: # Filter cache stats
   fhGETS: 960501 # Filtered GETS hits
   fhGETX: 597941 # Filtered GETX hits
   hGETS: 200928 # GETS hits
   hGETX: 205925 # GETX hits
   mGETS: 250194 # GETS misses
   mGETXIM: 196505 # GETX I->M misses
   mGETXSM: 6 # GETX S->M misses (upgrade misses)
   PUTS: 0 # Clean evictions (from lower level)
   PUTX: 0 # Dirty evictions (from lower level)
   INV: 84 # Invalidates (from upper level)
   INVX: 16 # Downgrades (from upper level)
   FWD: 0 # Forwards (from upper level)
   latGETnl: 121460727 # GET request latency on next level
   latGETnet: 0 # GET request latency on network to next level
  l1d-8: # Filter cache stats
   fhGETS: 960500 # Filtered GETS hits
   fhGETX: 597951 # Filtered GETX hits
   hGETS: 200930 # GETS hits
   hGETX: 205913 # GETX hits
   mGETS: 250193 # GETS misses
   mGETXIM: 196508 # GETX I->M misses
   mGETXSM: 5 # GETX S->M misses (upgrade misses)
   PUTS: 0 # Clean evictions (from lower level)
   PUTX: 0 # Dirty evictions (from lower level)
   INV: 85 # Invalidates (from upper level)
   INVX: 20 # Downgrades (from upper level)
   FWD: 0 # Forwards (from upper level)
   latGETnl: 121460690 # GET request latency on next level
   latGETnet: 0 # GET request latency on network to next level
  l1d-9: # Filter cache stats
   fhGETS: 960490 # Filtered GETS hits
   fhGETX: 597929 # Filtered GETX hits
   hGETS: 200924 # GETS hits
   hGETX: 205943 # GETX hits
   mGETS: 250199 # GETS misses
   mGETXIM: 196495 # GETX I->M misses
   mGETXSM: 6 # GETX S->M misses (upgrade misses)
   PUTS: 0 # Clean evictions (from lower level)
   PUTX: 0 # Dirty evictions (from lower level)
   INV: 82 # Invalidates (from upper level)
   INVX: 13 # Downgrades (from upper level)
   FWD: 0 # Forwards (from upper level)
   latGETnl: 121459986 # GET request latency on next level
   latGETnet: 0 # GET request latency on network to next level
  l1d-10: # Filter cache stats
   fhGETS: 960495 # Filtered GETS hits
   fhGETX: 597931 # Filtered GETX hits
   hGETS: 200928 # GETS hits
   hGETX: 205937 # GETX hits
   mGETS: 250196 # GETS misses
   mGETXIM: 196500 # GETX I->M misses
   mGETXSM: 6 # GETX S->M misses (upgrade misses)
   PUTS: 0 # Clean evictions (from lower level)
   PUTX: 0 # Dirty evictions (from lower level)
   INV: 80 # Invalidates (from upper level)
   INVX: 13 # Downgrades (from upper level)
   FWD: 0 # Forwards (from upper level)
   latGETnl: 121459615 # GET request latency on next level
   latGETnet: 0 # GET request latency on network to next level
  l1d-11: # Filter cache stats
   fhGETS: 960679 # Filtered GETS hits
   fhGETX: 597496 # Filtered GETX hits
   hGETS: 200957 # GETS hits
   hGETX: 206487 # GETX hits
   mGETS: 250210 # GETS misses
   mGETXIM: 196523 # GETX I->M misses
   mGETXSM: 10 # GETX S->M misses (upgrade misses)
   PUTS: 0 # Clean evictions (from lower level)
   PUTX: 0 # Dirty evictions (from lower level)
   INV: 94 # Invalidates (from upper level)
   INVX: 14 # Downgrades (from upper level)
   FWD: 0 # Forwards (from upper level)
   latGETnl: 121465452 # GET request latency on next level
   latGETnet: 0 # GET request latency on network to next level
  l1d-12: # Filter cache stats
   fhGETS: 960505 # Filtered GETS hits
   fhGETX: 597940 # Filtered GETX hits
   hGETS: 200913 # GETS hits
   hGETX: 205930 # GETX hits
   mGETS: 250195 # GETS misses
   mGETXIM: 196498 # GETX I->M misses
   mGETXSM: 5 # GETX S->M misses (upgrade misses)
   PUTS: 0 # Clean evictions (from lower level)
   PUTX: 0 # Dirty evictions (from lower level)
   INV: 81 # Invalidates (from upper level)
   INVX: 8 # Downgrades (from upper level)
   FWD: 0 # Forwards (from upper level)
   latGETnl: 121458472 # GET request latency on next level
   latGETnet: 0 # GET request latency on network to next level
  l1d-13: # Filter cache stats
   fhGETS: 960511 # Filtered GETS hits
   fhGETX: 597952 # Filtered GETX hits
   hGETS: 200919 # GETS hits
   hGETX: 205914 # GETX hits
   mGETS: 250193 # GETS misses
   mGETXIM: 196506 # GETX I->M misses
   mGETXSM: 5 # GETX S->M misses (upgrade misses)
   PUTS: 0 # Clean evictions (from lower level)
   PUTX: 0 # Dirty evictions (from lower level)
   INV: 85 # Invalidates (from upper level)
   INVX: 11 # Downgrades (from upper level)
   FWD: 0 # Forwards (from upper level)
   latGETnl: 121457938 # GET request latency on next level
   latGETnet: 0 # GET request latency on network to next level
  l1d-14: # Filter cache stats
   fhGETS: 960510 # Filtered GETS hits
   fhGETX: 597935 # Filtered GETX hits
   hGETS: 200929 # GETS hits
   hGETX: 205931 # GETX hits
   mGETS: 250194 # GETS misses
   mGETXIM: 196507 # GETX I->M misses
   mGETXSM: 5 # GETX S->M misses (upgrade misses)
   PUTS: 0 # Clean evictions (from lower level)
   PUTX: 0 # Dirty evictions (from lower level)
   INV: 84 # Invalidates (from upper level)
   INVX: 1 # Downgrades (from upper level)
   FWD: 0 # Forwards (from upper level)
   latGETnl: 121456725 # GET request latency on next level
   latGETnet: 0 # GET request latency on network to next level
  l1d-15: # Filter cache stats
   fhGETS: 961732 # Filtered GETS hits
   fhGETX: 598365 # Filtered GETX hits
   hGETS: 201216 # GETS hits
   hGETX: 205927 # GETX hits
   mGETS: 250193 # GETS misses
   mGETXIM: 196470 # GETX I->M misses
   mGETXSM: 15 # GETX S->M misses (upgrade misses)
   PUTS: 0 # Clean evictions (from lower level)
   PUTX: 0 # Dirty evictions (from lower level)
   INV: 87 # Invalidates (from upper level)
   INVX: 2 # Downgrades (from upper level)
   FWD: 0 # Forwards (from upper level)
   latGETnl: 121437328 # GET request latency on next level
   latGETnet: 0 # GET request latency on network to next level
  l1d-16: # Filter cache stats
   fhGETS: 960495 # Filtered GETS hits
   fhGETX: 597372 # Filtered GETX hits
   hGETS: 200919 # GETS hits
   hGETX: 206492 # GETX hits
   mGETS: 250193 # GETS misses
   mGETXIM: 196500 # GETX I->M misses
   mGETXSM: 4 # GETX S->M misses (upgrade misses)
   PUTS: 0 # Clean evictions (from lower level)
   PUTX: 0 # Dirty evictions (from lower level)
   INV: 80 # Invalidates (from upper level)
   INVX: 5 # Downgrades (from upper level)
   FWD: 0 # Forwards (from upper level)
   latGETnl: 121458185 # GET request latency on next level
   latGETnet: 0 # GET request latency on network to next level
  l1d-17: # Filter cache stats
   fhGETS: 960507 # Filtered GETS hits
   fhGETX: 597939 # Filtered GETX hits
   hGETS: 200918 # GETS hits
   hGETX: 205927 # GETX hits
   mGETS: 250192 # GETS misses
   mGETXIM: 196502 # GETX I->M misses
   mGETXSM: 4 # GETX S->M misses (upgrade misses)
   PUTS: 0 # Clean evictions (from lower level)
   PUTX: 0 # Dirty evictions (from lower level)
   INV: 79 # Invalidates (from upper level)
   INVX: 8 # Downgrades (from upper level)
   FWD: 0 # Forwards (from upper level)
   latGETnl: 121458388 # GET request latency on next level
   latGETnet: 0 # GET request latency on network to next level
  l1d-18: # Filter cache stats
   fhGETS: 960519 # Filtered GETS hits
   fhGETX: 597390 # Filtered GETX hits
   hGETS: 200912 # GETS hits
   hGETX: 206472 # GETX hits
   mGETS: 250192 # GETS misses
   mGETXIM: 196511 # GETX I->M misses
   mGETXSM: 4 # GETX S->M misses (upgrade misses)
   PUTS: 0 # Clean evictions (from lower level)
   PUTX: 0 # Dirty evictions (from lower level)
   INV: 87 # Invalidates (from upper level)
   INVX: 2 # Downgrades (from upper level)
   FWD: 0 # Forwards (from upper level)
   latGETnl: 121456111 # GET request latency on next level
   latGETnet: 0 # GET request latency on network to next level
  l1d-19: # Filter cache stats
   fhGETS: 960506 # Filtered GETS hits
   fhGETX: 597942 # Filtered GETX hits
   hGETS: 200910 # GETS hits
   hGETX: 205927 # GETX hits
   mGETS: 250197 # GETS misses
   mGETXIM: 196498 # GETX I->M misses
   mGETXSM: 6 # GETX S->M misses (upgrade misses)
   PUTS: 0 # Clean evictions (from lower level)
   PUTX: 0 # Dirty evictions (from lower level)
   INV: 82 # Invalidates (from upper level)
   INVX: 2 # Downgrades (from upper level)
   FWD: 0 # Forwards (from upper level)
   latGETnl: 121456307 # GET request latency on next level
   latGETnet: 0 # GET request latency on network to next level
  l1d-20: # Filter cache stats
   fhGETS: 960496 # Filtered GETS hits
   fhGETX: 597378 # Filtered GETX hits
   hGETS: 200934 # GETS hits
   hGETX: 206487 # GETX hits
   mGETS: 250193 # GETS misses
   mGETXIM: 196507 # GETX I->M misses
   mGETXSM: 5 # GETX S->M misses (upgrade misses)
   PUTS: 0 # Clean evictions (from lower level)
   PUTX: 0 # Dirty evictions (from lower level)
   INV: 85 # Invalidates (from upper level)
   INVX: 2 # Downgrades (from upper level)
   FWD: 0 # Forwards (from upper level)
   latGETnl: 121456242 # GET request latency on next level
   latGETnet: 0 # GET request latency on network to next level
  l1d-21: # Filter cache stats
   fhGETS: 960491 # Filtered GETS hits
   fhGETX: 597934 # Filtered GETX hits
   hGETS: 200912 # GETS hits
   hGETX: 205920 # GETX hits
   mGETS: 250188 # GETS misses
   mGETXIM: 196504 # GETX I->M misses
   mGETXSM: 5 # GETX S->M misses (upgrade misses)
   PUTS: 0 # Clean evictions (from lower level)
   PUTX: 0 # Dirty evictions (from lower level)
   INV: 85 # Invalidates (from upper level)
   INVX: 2 # Downgrades (from upper level)
   FWD: 0 # Forwards (from upper level)
   latGETnl: 121454291 # GET request latency on next level
   latGETnet: 0 # GET request latency on network to next level
  l1d-22: # Filter cache stats
   fhGETS: 960504 # Filtered GETS hits
   fhGETX: 597383 # Filtered GETX hits
   hGETS: 200911 # GETS hits
   hGETX: 206471 # GETX hits
   mGETS: 250186 # GETS misses
   mGETXIM: 196510 # GETX I->M misses
   mGETXSM: 5 # GETX S->M misses (upgrade misses)
   PUTS: 0 # Clean evictions (from lower level)
   PUTX: 0 # Dirty evictions (from lower level)
   INV: 85 # Invalidates (from upper level)
   INVX: 2 # Downgrades (from upper level)
   FWD: 0 # Forwards (from upper level)
   latGETnl: 121454268 # GET request latency on next level
   latGETnet: 0 # GET request latency on network to next level
  l1d-23: # Filter cache stats
   fhGETS: 0 # Filtered GETS hits
   fhGETX: 0 # Filtered GETX hits
   hGETS: 0 # GETS hits
   hGETX: 0 # GETX hits
   mGETS: 0 # GETS misses
   mGETXIM: 0 # GETX I->M misses
   mGETXSM: 0 # GETX S->M misses (upgrade misses)
   PUTS: 0 # Clean evictions (from lower level)
   PUTX: 0 # Dirty evictions (from lower level)
   INV: 0 # Invalidates (from upper level)
   INVX: 0 # Downgrades (from upper level)
   FWD: 0 # Forwards (from upper level)
   latGETnl: 0 # GET request latency on next level
   latGETnet: 0 # GET request latency on network to next level
 l1i: # Cache stats
  l1i-0: # Filter cache stats
   fhGETS: 40814657 # Filtered GETS hits
   fhGETX: 0 # Filtered GETX hits
   hGETS: 47 # GETS hits
   hGETX: 0 # GETX hits
   mGETS: 944 # GETS misses
   mGETXIM: 0 # GETX I->M misses
   mGETXSM: 0 # GETX S->M misses (upgrade misses)
   PUTS: 0 # Clean evictions (from lower level)
   PUTX: 0 # Dirty evictions (from lower level)
   INV: 919 # Invalidates (from upper level)
   INVX: 0 # Downgrades (from upper level)
   FWD: 0 # Forwards (from upper level)
   latGETnl: 84193 # GET request latency on next level
   latGETnet: 0 # GET request latency on network to next level
  l1i-1: # Filter cache stats
   fhGETS: 40814561 # Filtered GETS hits
   fhGETX: 0 # Filtered GETX hits
   hGETS: 39 # GETS hits
   hGETX: 0 # GETX hits
   mGETS: 847 # GETS misses
   mGETXIM: 0 # GETX I->M misses
   mGETXSM: 0 # GETX S->M misses (upgrade misses)
   PUTS: 0 # Clean evictions (from lower level)
   PUTX: 0 # Dirty evictions (from lower level)
   INV: 823 # Invalidates (from upper level)
   INVX: 0 # Downgrades (from upper level)
   FWD: 0 # Forwards (from upper level)
   latGETnl: 45209 # GET request latency on next level
   latGETnet: 0 # GET request latency on network to next level
  l1i-2: # Filter cache stats
   fhGETS: 40813766 # Filtered GETS hits
   fhGETX: 0 # Filtered GETX hits
   hGETS: 33 # GETS hits
   hGETX: 0 # GETX hits
   mGETS: 881 # GETS misses
   mGETXIM: 0 # GETX I->M misses
   mGETXSM: 0 # GETX S->M misses (upgrade misses)
   PUTS: 0 # Clean evictions (from lower level)
   PUTX: 0 # Dirty evictions (from lower level)
   INV: 857 # Invalidates (from upper level)
   INVX: 0 # Downgrades (from upper level)
   FWD: 0 # Forwards (from upper level)
   latGETnl: 51082 # GET request latency on next level
   latGETnet: 0 # GET request latency on network to next level
  l1i-3: # Filter cache stats
   fhGETS: 40814450 # Filtered GETS hits
   fhGETX: 0 # Filtered GETX hits
   hGETS: 30 # GETS hits
   hGETX: 0 # GETX hits
   mGETS: 853 # GETS misses
   mGETXIM: 0 # GETX I->M misses
   mGETXSM: 0 # GETX S->M misses (upgrade misses)
   PUTS: 0 # Clean evictions (from lower level)
   PUTX: 0 # Dirty evictions (from lower level)
   INV: 829 # Invalidates (from upper level)
   INVX: 0 # Downgrades (from upper level)
   FWD: 0 # Forwards (from upper level)
   latGETnl: 44816 # GET request latency on next level
   latGETnet: 0 # GET request latency on network to next level
  l1i-4: # Filter cache stats
   fhGETS: 40814523 # Filtered GETS hits
   fhGETX: 0 # Filtered GETX hits
   hGETS: 31 # GETS hits
   hGETX: 0 # GETX hits
   mGETS: 855 # GETS misses
   mGETXIM: 0 # GETX I->M misses
   mGETXSM: 0 # GETX S->M misses (upgrade misses)
   PUTS: 0 # Clean evictions (from lower level)
   PUTX: 0 # Dirty evictions (from lower level)
   INV: 831 # Invalidates (from upper level)
   INVX: 0 # Downgrades (from upper level)
   FWD: 0 # Forwards (from upper level)
   latGETnl: 41085 # GET request latency on next level
   latGETnet: 0 # GET request latency on network to next level
  l1i-5: # Filter cache stats
   fhGETS: 40814500 # Filtered GETS hits
   fhGETX: 0 # Filtered GETX hits
   hGETS: 31 # GETS hits
   hGETX: 0 # GETX hits
   mGETS: 856 # GETS misses
   mGETXIM: 0 # GETX I->M misses
   mGETXSM: 0 # GETX S->M misses (upgrade misses)
   PUTS: 0 # Clean evictions (from lower level)
   PUTX: 0 # Dirty evictions (from lower level)
   INV: 832 # Invalidates (from upper level)
   INVX: 0 # Downgrades (from upper level)
   FWD: 0 # Forwards (from upper level)
   latGETnl: 40682 # GET request latency on next level
   latGETnet: 0 # GET request latency on network to next level
  l1i-6: # Filter cache stats
   fhGETS: 40814068 # Filtered GETS hits
   fhGETX: 0 # Filtered GETX hits
   hGETS: 30 # GETS hits
   hGETX: 0 # GETX hits
   mGETS: 856 # GETS misses
   mGETXIM: 0 # GETX I->M misses
   mGETXSM: 0 # GETX S->M misses (upgrade misses)
   PUTS: 0 # Clean evictions (from lower level)
   PUTX: 0 # Dirty evictions (from lower level)
   INV: 832 # Invalidates (from upper level)
   INVX: 0 # Downgrades (from upper level)
   FWD: 0 # Forwards (from upper level)
   latGETnl: 40457 # GET request latency on next level
   latGETnet: 0 # GET request latency on network to next level
  l1i-7: # Filter cache stats
   fhGETS: 40814289 # Filtered GETS hits
   fhGETX: 0 # Filtered GETX hits
   hGETS: 29 # GETS hits
   hGETX: 0 # GETX hits
   mGETS: 833 # GETS misses
   mGETXIM: 0 # GETX I->M misses
   mGETXSM: 0 # GETX S->M misses (upgrade misses)
   PUTS: 0 # Clean evictions (from lower level)
   PUTX: 0 # Dirty evictions (from lower level)
   INV: 809 # Invalidates (from upper level)
   INVX: 0 # Downgrades (from upper level)
   FWD: 0 # Forwards (from upper level)
   latGETnl: 43651 # GET request latency on next level
   latGETnet: 0 # GET request latency on network to next level
  l1i-8: # Filter cache stats
   fhGETS: 40814409 # Filtered GETS hits
   fhGETX: 0 # Filtered GETX hits
   hGETS: 30 # GETS hits
   hGETX: 0 # GETX hits
   mGETS: 841 # GETS misses
   mGETXIM: 0 # GETX I->M misses
   mGETXSM: 0 # GETX S->M misses (upgrade misses)
   PUTS: 0 # Clean evictions (from lower level)
   PUTX: 0 # Dirty evictions (from lower level)
   INV: 817 # Invalidates (from upper level)
   INVX: 0 # Downgrades (from upper level)
   FWD: 0 # Forwards (from upper level)
   latGETnl: 43127 # GET request latency on next level
   latGETnet: 0 # GET request latency on network to next level
  l1i-9: # Filter cache stats
   fhGETS: 40814208 # Filtered GETS hits
   fhGETX: 0 # Filtered GETX hits
   hGETS: 30 # GETS hits
   hGETX: 0 # GETX hits
   mGETS: 838 # GETS misses
   mGETXIM: 0 # GETX I->M misses
   mGETXSM: 0 # GETX S->M misses (upgrade misses)
   PUTS: 0 # Clean evictions (from lower level)
   PUTX: 0 # Dirty evictions (from lower level)
   INV: 814 # Invalidates (from upper level)
   INVX: 0 # Downgrades (from upper level)
   FWD: 0 # Forwards (from upper level)
   latGETnl: 42536 # GET request latency on next level
   latGETnet: 0 # GET request latency on network to next level
  l1i-10: # Filter cache stats
   fhGETS: 40814172 # Filtered GETS hits
   fhGETX: 0 # Filtered GETX hits
   hGETS: 30 # GETS hits
   hGETX: 0 # GETX hits
   mGETS: 840 # GETS misses
   mGETXIM: 0 # GETX I->M misses
   mGETXSM: 0 # GETX S->M misses (upgrade misses)
   PUTS: 0 # Clean evictions (from lower level)
   PUTX: 0 # Dirty evictions (from lower level)
   INV: 816 # Invalidates (from upper level)
   INVX: 0 # Downgrades (from upper level)
   FWD: 0 # Forwards (from upper level)
   latGETnl: 42180 # GET request latency on next level
   latGETnet: 0 # GET request latency on network to next level
  l1i-11: # Filter cache stats
   fhGETS: 40814127 # Filtered GETS hits
   fhGETX: 0 # Filtered GETX hits
   hGETS: 125 # GETS hits
   hGETX: 0 # GETX hits
   mGETS: 844 # GETS misses
   mGETXIM: 0 # GETX I->M misses
   mGETXSM: 0 # GETX S->M misses (upgrade misses)
   PUTS: 0 # Clean evictions (from lower level)
   PUTX: 0 # Dirty evictions (from lower level)
   INV: 820 # Invalidates (from upper level)
   INVX: 0 # Downgrades (from upper level)
   FWD: 0 # Forwards (from upper level)
   latGETnl: 41468 # GET request latency on next level
   latGETnet: 0 # GET request latency on network to next level
  l1i-12: # Filter cache stats
   fhGETS: 40814191 # Filtered GETS hits
   fhGETX: 0 # Filtered GETX hits
   hGETS: 30 # GETS hits
   hGETX: 0 # GETX hits
   mGETS: 842 # GETS misses
   mGETXIM: 0 # GETX I->M misses
   mGETXSM: 0 # GETX S->M misses (upgrade misses)
   PUTS: 0 # Clean evictions (from lower level)
   PUTX: 0 # Dirty evictions (from lower level)
   INV: 818 # Invalidates (from upper level)
   INVX: 0 # Downgrades (from upper level)
   FWD: 0 # Forwards (from upper level)
   latGETnl: 41149 # GET request latency on next level
   latGETnet: 0 # GET request latency on network to next level
  l1i-13: # Filter cache stats
   fhGETS: 40814374 # Filtered GETS hits
   fhGETX: 0 # Filtered GETX hits
   hGETS: 30 # GETS hits
   hGETX: 0 # GETX hits
   mGETS: 837 # GETS misses
   mGETXIM: 0 # GETX I->M misses
   mGETXSM: 0 # GETX S->M misses (upgrade misses)
   PUTS: 0 # Clean evictions (from lower level)
   PUTX: 0 # Dirty evictions (from lower level)
   INV: 813 # Invalidates (from upper level)
   INVX: 0 # Downgrades (from upper level)
   FWD: 0 # Forwards (from upper level)
   latGETnl: 41589 # GET request latency on next level
   latGETnet: 0 # GET request latency on network to next level
  l1i-14: # Filter cache stats
   fhGETS: 40814497 # Filtered GETS hits
   fhGETX: 0 # Filtered GETX hits
   hGETS: 30 # GETS hits
   hGETX: 0 # GETX hits
   mGETS: 841 # GETS misses
   mGETXIM: 0 # GETX I->M misses
   mGETXSM: 0 # GETX S->M misses (upgrade misses)
   PUTS: 0 # Clean evictions (from lower level)
   PUTX: 0 # Dirty evictions (from lower level)
   INV: 814 # Invalidates (from upper level)
   INVX: 0 # Downgrades (from upper level)
   FWD: 0 # Forwards (from upper level)
   latGETnl: 41327 # GET request latency on next level
   latGETnet: 0 # GET request latency on network to next level
  l1i-15: # Filter cache stats
   fhGETS: 40804368 # Filtered GETS hits
   fhGETX: 0 # Filtered GETX hits
   hGETS: 194 # GETS hits
   hGETX: 0 # GETX hits
   mGETS: 908 # GETS misses
   mGETXIM: 0 # GETX I->M misses
   mGETXSM: 0 # GETX S->M misses (upgrade misses)
   PUTS: 0 # Clean evictions (from lower level)
   PUTX: 0 # Dirty evictions (from lower level)
   INV: 884 # Invalidates (from upper level)
   INVX: 0 # Downgrades (from upper level)
   FWD: 0 # Forwards (from upper level)
   latGETnl: 56401 # GET request latency on next level
   latGETnet: 0 # GET request latency on network to next level
  l1i-16: # Filter cache stats
   fhGETS: 40814151 # Filtered GETS hits
   fhGETX: 0 # Filtered GETX hits
   hGETS: 30 # GETS hits
   hGETX: 0 # GETX hits
   mGETS: 837 # GETS misses
   mGETXIM: 0 # GETX I->M misses
   mGETXSM: 0 # GETX S->M misses (upgrade misses)
   PUTS: 0 # Clean evictions (from lower level)
   PUTX: 0 # Dirty evictions (from lower level)
   INV: 813 # Invalidates (from upper level)
   INVX: 0 # Downgrades (from upper level)
   FWD: 0 # Forwards (from upper level)
   latGETnl: 40239 # GET request latency on next level
   latGETnet: 0 # GET request latency on network to next level
  l1i-17: # Filter cache stats
   fhGETS: 40814292 # Filtered GETS hits
   fhGETX: 0 # Filtered GETX hits
   hGETS: 30 # GETS hits
   hGETX: 0 # GETX hits
   mGETS: 833 # GETS misses
   mGETXIM: 0 # GETX I->M misses
   mGETXSM: 0 # GETX S->M misses (upgrade misses)
   PUTS: 0 # Clean evictions (from lower level)
   PUTX: 0 # Dirty evictions (from lower level)
   INV: 809 # Invalidates (from upper level)
   INVX: 0 # Downgrades (from upper level)
   FWD: 0 # Forwards (from upper level)
   latGETnl: 40051 # GET request latency on next level
   latGETnet: 0 # GET request latency on network to next level
  l1i-18: # Filter cache stats
   fhGETS: 40814328 # Filtered GETS hits
   fhGETX: 0 # Filtered GETX hits
   hGETS: 30 # GETS hits
   hGETX: 0 # GETX hits
   mGETS: 842 # GETS misses
   mGETXIM: 0 # GETX I->M misses
   mGETXSM: 0 # GETX S->M misses (upgrade misses)
   PUTS: 0 # Clean evictions (from lower level)
   PUTX: 0 # Dirty evictions (from lower level)
   INV: 818 # Invalidates (from upper level)
   INVX: 0 # Downgrades (from upper level)
   FWD: 0 # Forwards (from upper level)
   latGETnl: 39574 # GET request latency on next level
   latGETnet: 0 # GET request latency on network to next level
  l1i-19: # Filter cache stats
   fhGETS: 40814077 # Filtered GETS hits
   fhGETX: 0 # Filtered GETX hits
   hGETS: 30 # GETS hits
   hGETX: 0 # GETX hits
   mGETS: 838 # GETS misses
   mGETXIM: 0 # GETX I->M misses
   mGETXSM: 0 # GETX S->M misses (upgrade misses)
   PUTS: 0 # Clean evictions (from lower level)
   PUTX: 0 # Dirty evictions (from lower level)
   INV: 814 # Invalidates (from upper level)
   INVX: 0 # Downgrades (from upper level)
   FWD: 0 # Forwards (from upper level)
   latGETnl: 39386 # GET request latency on next level
   latGETnet: 0 # GET request latency on network to next level
  l1i-20: # Filter cache stats
   fhGETS: 40814235 # Filtered GETS hits
   fhGETX: 0 # Filtered GETX hits
   hGETS: 30 # GETS hits
   hGETX: 0 # GETX hits
   mGETS: 842 # GETS misses
   mGETXIM: 0 # GETX I->M misses
   mGETXSM: 0 # GETX S->M misses (upgrade misses)
   PUTS: 0 # Clean evictions (from lower level)
   PUTX: 0 # Dirty evictions (from lower level)
   INV: 818 # Invalidates (from upper level)
   INVX: 0 # Downgrades (from upper level)
   FWD: 0 # Forwards (from upper level)
   latGETnl: 39799 # GET request latency on next level
   latGETnet: 0 # GET request latency on network to next level
  l1i-21: # Filter cache stats
   fhGETS: 40813654 # Filtered GETS hits
   fhGETX: 0 # Filtered GETX hits
   hGETS: 30 # GETS hits
   hGETX: 0 # GETX hits
   mGETS: 836 # GETS misses
   mGETXIM: 0 # GETX I->M misses
   mGETXSM: 0 # GETX S->M misses (upgrade misses)
   PUTS: 0 # Clean evictions (from lower level)
   PUTX: 0 # Dirty evictions (from lower level)
   INV: 812 # Invalidates (from upper level)
   INVX: 0 # Downgrades (from upper level)
   FWD: 0 # Forwards (from upper level)
   latGETnl: 39517 # GET request latency on next level
   latGETnet: 0 # GET request latency on network to next level
  l1i-22: # Filter cache stats
   fhGETS: 40813775 # Filtered GETS hits
   fhGETX: 0 # Filtered GETX hits
   hGETS: 30 # GETS hits
   hGETX: 0 # GETX hits
   mGETS: 842 # GETS misses
   mGETXIM: 0 # GETX I->M misses
   mGETXSM: 0 # GETX S->M misses (upgrade misses)
   PUTS: 0 # Clean evictions (from lower level)
   PUTX: 0 # Dirty evictions (from lower level)
   INV: 818 # Invalidates (from upper level)
   INVX: 0 # Downgrades (from upper level)
   FWD: 0 # Forwards (from upper level)
   latGETnl: 39574 # GET request latency on next level
   latGETnet: 0 # GET request latency on network to next level
  l1i-23: # Filter cache stats
   fhGETS: 0 # Filtered GETS hits
   fhGETX: 0 # Filtered GETX hits
   hGETS: 0 # GETS hits
   hGETX: 0 # GETX hits
   mGETS: 0 # GETS misses
   mGETXIM: 0 # GETX I->M misses
   mGETXSM: 0 # GETX S->M misses (upgrade misses)
   PUTS: 0 # Clean evictions (from lower level)
   PUTX: 0 # Dirty evictions (from lower level)
   INV: 0 # Invalidates (from upper level)
   INVX: 0 # Downgrades (from upper level)
   FWD: 0 # Forwards (from upper level)
   latGETnl: 0 # GET request latency on next level
   latGETnet: 0 # GET request latency on network to next level
 l2: # Cache stats
  l2-0: # Cache stats
   hGETS: 0 # GETS hits
   hGETX: 0 # GETX hits
   mGETS: 251206 # GETS misses
   mGETXIM: 196546 # GETX I->M misses
   mGETXSM: 9 # GETX S->M misses (upgrade misses)
   PUTS: 249927 # Clean evictions (from lower level)
   PUTX: 196255 # Dirty evictions (from lower level)
   INV: 38067 # Invalidates (from upper level)
   INVX: 83 # Downgrades (from upper level)
   FWD: 0 # Forwards (from upper level)
   latGETnl: 117099237 # GET request latency on next level
   latGETnet: 0 # GET request latency on network to next level
  l2-1: # Cache stats
   hGETS: 0 # GETS hits
   hGETX: 0 # GETX hits
   mGETS: 251062 # GETS misses
   mGETXIM: 196515 # GETX I->M misses
   mGETXSM: 7 # GETX S->M misses (upgrade misses)
   PUTS: 249884 # Clean evictions (from lower level)
   PUTX: 196232 # Dirty evictions (from lower level)
   INV: 26610 # Invalidates (from upper level)
   INVX: 24 # Downgrades (from upper level)
   FWD: 0 # Forwards (from upper level)
   latGETnl: 117032950 # GET request latency on next level
   latGETnet: 0 # GET request latency on network to next level
  l2-2: # Cache stats
   hGETS: 0 # GETS hits
   hGETX: 0 # GETX hits
   mGETS: 251085 # GETS misses
   mGETXIM: 196511 # GETX I->M misses
   mGETXSM: 5 # GETX S->M misses (upgrade misses)
   PUTS: 249882 # Clean evictions (from lower level)
   PUTX: 196236 # Dirty evictions (from lower level)
   INV: 27775 # Invalidates (from upper level)
   INVX: 6 # Downgrades (from upper level)
   FWD: 0 # Forwards (from upper level)
   latGETnl: 117034536 # GET request latency on next level
   latGETnet: 0 # GET request latency on network to next level
  l2-3: # Cache stats
   hGETS: 0 # GETS hits
   hGETX: 0 # GETX hits
   mGETS: 251065 # GETS misses
   mGETXIM: 196509 # GETX I->M misses
   mGETXSM: 7 # GETX S->M misses (upgrade misses)
   PUTS: 249883 # Clean evictions (from lower level)
   PUTX: 196231 # Dirty evictions (from lower level)
   INV: 26503 # Invalidates (from upper level)
   INVX: 28 # Downgrades (from upper level)
   FWD: 0 # Forwards (from upper level)
   latGETnl: 117034273 # GET request latency on next level
   latGETnet: 0 # GET request latency on network to next level
  l2-4: # Cache stats
   hGETS: 0 # GETS hits
   hGETX: 0 # GETX hits
   mGETS: 251073 # GETS misses
   mGETXIM: 196507 # GETX I->M misses
   mGETXSM: 8 # GETX S->M misses (upgrade misses)
   PUTS: 249883 # Clean evictions (from lower level)
   PUTX: 196232 # Dirty evictions (from lower level)
   INV: 26351 # Invalidates (from upper level)
   INVX: 22 # Downgrades (from upper level)
   FWD: 0 # Forwards (from upper level)
   latGETnl: 117028992 # GET request latency on next level
   latGETnet: 0 # GET request latency on network to next level
  l2-5: # Cache stats
   hGETS: 0 # GETS hits
   hGETX: 0 # GETX hits
   mGETS: 251071 # GETS misses
   mGETXIM: 196513 # GETX I->M misses
   mGETXSM: 9 # GETX S->M misses (upgrade misses)
   PUTS: 249884 # Clean evictions (from lower level)
   PUTX: 196231 # Dirty evictions (from lower level)
   INV: 27357 # Invalidates (from upper level)
   INVX: 18 # Downgrades (from upper level)
   FWD: 0 # Forwards (from upper level)
   latGETnl: 117026505 # GET request latency on next level
   latGETnet: 0 # GET request latency on network to next level
  l2-6: # Cache stats
   hGETS: 0 # GETS hits
   hGETX: 0 # GETX hits
   mGETS: 251063 # GETS misses
   mGETXIM: 196513 # GETX I->M misses
   mGETXSM: 8 # GETX S->M misses (upgrade misses)
   PUTS: 249881 # Clean evictions (from lower level)
   PUTX: 196228 # Dirty evictions (from lower level)
   INV: 38546 # Invalidates (from upper level)
   INVX: 18 # Downgrades (from upper level)
   FWD: 0 # Forwards (from upper level)
   latGETnl: 117024738 # GET request latency on next level
   latGETnet: 0 # GET request latency on network to next level
  l2-7: # Cache stats
   hGETS: 0 # GETS hits
   hGETX: 0 # GETX hits
   mGETS: 251027 # GETS misses
   mGETXIM: 196505 # GETX I->M misses
   mGETXSM: 6 # GETX S->M misses (upgrade misses)
   PUTS: 249872 # Clean evictions (from lower level)
   PUTX: 196232 # Dirty evictions (from lower level)
   INV: 26530 # Invalidates (from upper level)
   INVX: 16 # Downgrades (from upper level)
   FWD: 0 # Forwards (from upper level)
   latGETnl: 117028998 # GET request latency on next level
   latGETnet: 0 # GET request latency on network to next level
  l2-8: # Cache stats
   hGETS: 0 # GETS hits
   hGETX: 0 # GETX hits
   mGETS: 251034 # GETS misses
   mGETXIM: 196508 # GETX I->M misses
   mGETXSM: 5 # GETX S->M misses (upgrade misses)
   PUTS: 249871 # Clean evictions (from lower level)
   PUTX: 196233 # Dirty evictions (from lower level)
   INV: 32238 # Invalidates (from upper level)
   INVX: 20 # Downgrades (from upper level)
   FWD: 0 # Forwards (from upper level)
   latGETnl: 117028347 # GET request latency on next level
   latGETnet: 0 # GET request latency on network to next level
  l2-9: # Cache stats
   hGETS: 0 # GETS hits
   hGETX: 0 # GETX hits
   mGETS: 251037 # GETS misses
   mGETXIM: 196495 # GETX I->M misses
   mGETXSM: 6 # GETX S->M misses (upgrade misses)
   PUTS: 249871 # Clean evictions (from lower level)
   PUTX: 196230 # Dirty evictions (from lower level)
   INV: 26670 # Invalidates (from upper level)
   INVX: 13 # Downgrades (from upper level)
   FWD: 0 # Forwards (from upper level)
   latGETnl: 117027142 # GET request latency on next level
   latGETnet: 0 # GET request latency on network to next level
  l2-10: # Cache stats
   hGETS: 0 # GETS hits
   hGETX: 0 # GETX hits
   mGETS: 251036 # GETS misses
   mGETXIM: 196500 # GETX I->M misses
   mGETXSM: 6 # GETX S->M misses (upgrade misses)
   PUTS: 249872 # Clean evictions (from lower level)
   PUTX: 196232 # Dirty evictions (from lower level)
   INV: 26500 # Invalidates (from upper level)
   INVX: 13 # Downgrades (from upper level)
   FWD: 0 # Forwards (from upper level)
   latGETnl: 117026375 # GET request latency on next level
   latGETnet: 0 # GET request latency on network to next level
  l2-11: # Cache stats
   hGETS: 0 # GETS hits
   hGETX: 0 # GETX hits
   mGETS: 251054 # GETS misses
   mGETXIM: 196523 # GETX I->M misses
   mGETXSM: 10 # GETX S->M misses (upgrade misses)
   PUTS: 249880 # Clean evictions (from lower level)
   PUTX: 196247 # Dirty evictions (from lower level)
   INV: 40365 # Invalidates (from upper level)
   INVX: 15 # Downgrades (from upper level)
   FWD: 0 # Forwards (from upper level)
   latGETnl: 117031050 # GET request latency on next level
   latGETnet: 0 # GET request latency on network to next level
  l2-12: # Cache stats
   hGETS: 0 # GETS hits
   hGETX: 0 # GETX hits
   mGETS: 251037 # GETS misses
   mGETXIM: 196498 # GETX I->M misses
   mGETXSM: 5 # GETX S->M misses (upgrade misses)
   PUTS: 249872 # Clean evictions (from lower level)
   PUTX: 196229 # Dirty evictions (from lower level)
   INV: 26260 # Invalidates (from upper level)
   INVX: 8 # Downgrades (from upper level)
   FWD: 0 # Forwards (from upper level)
   latGETnl: 117024221 # GET request latency on next level
   latGETnet: 0 # GET request latency on network to next level
  l2-13: # Cache stats
   hGETS: 0 # GETS hits
   hGETX: 0 # GETX hits
   mGETS: 251030 # GETS misses
   mGETXIM: 196506 # GETX I->M misses
   mGETXSM: 5 # GETX S->M misses (upgrade misses)
   PUTS: 249873 # Clean evictions (from lower level)
   PUTX: 196229 # Dirty evictions (from lower level)
   INV: 31164 # Invalidates (from upper level)
   INVX: 11 # Downgrades (from upper level)
   FWD: 0 # Forwards (from upper level)
   latGETnl: 117024117 # GET request latency on next level
   latGETnet: 0 # GET request latency on network to next level
  l2-14: # Cache stats
   hGETS: 0 # GETS hits
   hGETX: 0 # GETX hits
   mGETS: 251035 # GETS misses
   mGETXIM: 196507 # GETX I->M misses
   mGETXSM: 5 # GETX S->M misses (upgrade misses)
   PUTS: 249872 # Clean evictions (from lower level)
   PUTX: 196233 # Dirty evictions (from lower level)
   INV: 26468 # Invalidates (from upper level)
   INVX: 1 # Downgrades (from upper level)
   FWD: 0 # Forwards (from upper level)
   latGETnl: 117022582 # GET request latency on next level
   latGETnet: 0 # GET request latency on network to next level
  l2-15: # Cache stats
   hGETS: 0 # GETS hits
   hGETX: 0 # GETX hits
   mGETS: 251101 # GETS misses
   mGETXIM: 196470 # GETX I->M misses
   mGETXSM: 15 # GETX S->M misses (upgrade misses)
   PUTS: 249865 # Clean evictions (from lower level)
   PUTX: 196199 # Dirty evictions (from lower level)
   INV: 38649 # Invalidates (from upper level)
   INVX: 2 # Downgrades (from upper level)
   FWD: 0 # Forwards (from upper level)
   latGETnl: 117017869 # GET request latency on next level
   latGETnet: 0 # GET request latency on network to next level
  l2-16: # Cache stats
   hGETS: 0 # GETS hits
   hGETX: 0 # GETX hits
   mGETS: 251030 # GETS misses
   mGETXIM: 196500 # GETX I->M misses
   mGETXSM: 4 # GETX S->M misses (upgrade misses)
   PUTS: 249871 # Clean evictions (from lower level)
   PUTX: 196231 # Dirty evictions (from lower level)
   INV: 26800 # Invalidates (from upper level)
   INVX: 5 # Downgrades (from upper level)
   FWD: 0 # Forwards (from upper level)
   latGETnl: 117023084 # GET request latency on next level
   latGETnet: 0 # GET request latency on network to next level
  l2-17: # Cache stats
   hGETS: 0 # GETS hits
   hGETX: 0 # GETX hits
   mGETS: 251025 # GETS misses
   mGETXIM: 196502 # GETX I->M misses
   mGETXSM: 4 # GETX S->M misses (upgrade misses)
   PUTS: 249872 # Clean evictions (from lower level)
   PUTX: 196231 # Dirty evictions (from lower level)
   INV: 31087 # Invalidates (from upper level)
   INVX: 8 # Downgrades (from upper level)
   FWD: 0 # Forwards (from upper level)
   latGETnl: 117023129 # GET request latency on next level
   latGETnet: 0 # GET request latency on network to next level
  l2-18: # Cache stats
   hGETS: 0 # GETS hits
   hGETX: 0 # GETX hits
   mGETS: 251034 # GETS misses
   mGETXIM: 196511 # GETX I->M misses
   mGETXSM: 4 # GETX S->M misses (upgrade misses)
   PUTS: 249872 # Clean evictions (from lower level)
   PUTX: 196232 # Dirty evictions (from lower level)
   INV: 40024 # Invalidates (from upper level)
   INVX: 2 # Downgrades (from upper level)
   FWD: 0 # Forwards (from upper level)
   latGETnl: 117020195 # GET request latency on next level
   latGETnet: 0 # GET request latency on network to next level
  l2-19: # Cache stats
   hGETS: 0 # GETS hits
   hGETX: 0 # GETX hits
   mGETS: 251035 # GETS misses
   mGETXIM: 196498 # GETX I->M misses
   mGETXSM: 6 # GETX S->M misses (upgrade misses)
   PUTS: 249871 # Clean evictions (from lower level)
   PUTX: 196230 # Dirty evictions (from lower level)
   INV: 26440 # Invalidates (from upper level)
   INVX: 2 # Downgrades (from upper level)
   FWD: 0 # Forwards (from upper level)
   latGETnl: 117020303 # GET request latency on next level
   latGETnet: 0 # GET request latency on network to next level
  l2-20: # Cache stats
   hGETS: 0 # GETS hits
   hGETX: 0 # GETX hits
   mGETS: 251035 # GETS misses
   mGETXIM: 196507 # GETX I->M misses
   mGETXSM: 5 # GETX S->M misses (upgrade misses)
   PUTS: 249872 # Clean evictions (from lower level)
   PUTX: 196231 # Dirty evictions (from lower level)
   INV: 26656 # Invalidates (from upper level)
   INVX: 2 # Downgrades (from upper level)
   FWD: 0 # Forwards (from upper level)
   latGETnl: 117020571 # GET request latency on next level
   latGETnet: 0 # GET request latency on network to next level
  l2-21: # Cache stats
   hGETS: 0 # GETS hits
   hGETX: 0 # GETX hits
   mGETS: 251024 # GETS misses
   mGETXIM: 196504 # GETX I->M misses
   mGETXSM: 5 # GETX S->M misses (upgrade misses)
   PUTS: 249868 # Clean evictions (from lower level)
   PUTX: 196227 # Dirty evictions (from lower level)
   INV: 42557 # Invalidates (from upper level)
   INVX: 2 # Downgrades (from upper level)
   FWD: 0 # Forwards (from upper level)
   latGETnl: 117018478 # GET request latency on next level
   latGETnet: 0 # GET request latency on network to next level
  l2-22: # Cache stats
   hGETS: 0 # GETS hits
   hGETX: 0 # GETX hits
   mGETS: 251028 # GETS misses
   mGETXIM: 196510 # GETX I->M misses
   mGETXSM: 5 # GETX S->M misses (upgrade misses)
   PUTS: 249870 # Clean evictions (from lower level)
   PUTX: 196229 # Dirty evictions (from lower level)
   INV: 30845 # Invalidates (from upper level)
   INVX: 2 # Downgrades (from upper level)
   FWD: 0 # Forwards (from upper level)
   latGETnl: 117018412 # GET request latency on next level
   latGETnet: 0 # GET request latency on network to next level
  l2-23: # Cache stats
   hGETS: 0 # GETS hits
   hGETX: 0 # GETX hits
   mGETS: 0 # GETS misses
   mGETXIM: 0 # GETX I->M misses
   mGETXSM: 0 # GETX S->M misses (upgrade misses)
   PUTS: 0 # Clean evictions (from lower level)
   PUTX: 0 # Dirty evictions (from lower level)
   INV: 0 # Invalidates (from upper level)
   INVX: 0 # Downgrades (from upper level)
   FWD: 0 # Forwards (from upper level)
   latGETnl: 0 # GET request latency on next level
   latGETnet: 0 # GET request latency on network to next level
 l3: # Cache stats
  l3-0b0: # Cache stats
   hGETS: 252 # GETS hits
   hGETX: 75 # GETX hits
   mGETS: 239662 # GETS misses
   mGETXIM: 188367 # GETX I->M misses
   mGETXSM: 0 # GETX S->M misses (upgrade misses)
   PUTS: 214374 # Clean evictions (from lower level)
   PUTX: 169073 # Dirty evictions (from lower level)
   INV: 0 # Invalidates (from upper level)
   INVX: 0 # Downgrades (from upper level)
   FWD: 0 # Forwards (from upper level)
   latGETnl: 96306525 # GET request latency on next level
   latGETnet: 0 # GET request latency on network to next level
  l3-0b1: # Cache stats
   hGETS: 300 # GETS hits
   hGETX: 47 # GETX hits
   mGETS: 239673 # GETS misses
   mGETXIM: 188281 # GETX I->M misses
   mGETXSM: 0 # GETX S->M misses (upgrade misses)
   PUTS: 214464 # Clean evictions (from lower level)
   PUTX: 168859 # Dirty evictions (from lower level)
   INV: 0 # Invalidates (from upper level)
   INVX: 0 # Downgrades (from upper level)
   FWD: 0 # Forwards (from upper level)
   latGETnl: 96289650 # GET request latency on next level
   latGETnet: 0 # GET request latency on network to next level
  l3-0b2: # Cache stats
   hGETS: 176 # GETS hits
   hGETX: 74 # GETX hits
   mGETS: 239665 # GETS misses
   mGETXIM: 188241 # GETX I->M misses
   mGETXSM: 0 # GETX S->M misses (upgrade misses)
   PUTS: 214339 # Clean evictions (from lower level)
   PUTX: 168937 # Dirty evictions (from lower level)
   INV: 0 # Invalidates (from upper level)
   INVX: 0 # Downgrades (from upper level)
   FWD: 0 # Forwards (from upper level)
   latGETnl: 96278850 # GET request latency on next level
   latGETnet: 0 # GET request latency on network to next level
  l3-0b3: # Cache stats
   hGETS: 331 # GETS hits
   hGETX: 74 # GETX hits
   mGETS: 239679 # GETS misses
   mGETXIM: 188340 # GETX I->M misses
   mGETXSM: 0 # GETX S->M misses (upgrade misses)
   PUTS: 214624 # Clean evictions (from lower level)
   PUTX: 169030 # Dirty evictions (from lower level)
   INV: 0 # Invalidates (from upper level)
   INVX: 0 # Downgrades (from upper level)
   FWD: 0 # Forwards (from upper level)
   latGETnl: 96304275 # GET request latency on next level
   latGETnet: 0 # GET request latency on network to next level
  l3-0b4: # Cache stats
   hGETS: 956 # GETS hits
   hGETX: 44 # GETX hits
   mGETS: 239661 # GETS misses
   mGETXIM: 188270 # GETX I->M misses
   mGETXSM: 0 # GETX S->M misses (upgrade misses)
   PUTS: 215207 # Clean evictions (from lower level)
   PUTX: 168944 # Dirty evictions (from lower level)
   INV: 0 # Invalidates (from upper level)
   INVX: 0 # Downgrades (from upper level)
   FWD: 0 # Forwards (from upper level)
   latGETnl: 96284475 # GET request latency on next level
   latGETnet: 0 # GET request latency on network to next level
  l3-0b5: # Cache stats
   hGETS: 1012 # GETS hits
   hGETX: 42 # GETX hits
   mGETS: 239672 # GETS misses
   mGETXIM: 188176 # GETX I->M misses
   mGETXSM: 0 # GETX S->M misses (upgrade misses)
   PUTS: 215194 # Clean evictions (from lower level)
   PUTX: 168823 # Dirty evictions (from lower level)
   INV: 0 # Invalidates (from upper level)
   INVX: 0 # Downgrades (from upper level)
   FWD: 0 # Forwards (from upper level)
   latGETnl: 96265800 # GET request latency on next level
   latGETnet: 0 # GET request latency on network to next level
  l3-0b6: # Cache stats
   hGETS: 817 # GETS hits
   hGETX: 103 # GETX hits
   mGETS: 239682 # GETS misses
   mGETXIM: 188228 # GETX I->M misses
   mGETXSM: 0 # GETX S->M misses (upgrade misses)
   PUTS: 215011 # Clean evictions (from lower level)
   PUTX: 168889 # Dirty evictions (from lower level)
   INV: 0 # Invalidates (from upper level)
   INVX: 0 # Downgrades (from upper level)
   FWD: 0 # Forwards (from upper level)
   latGETnl: 96279750 # GET request latency on next level
   latGETnet: 0 # GET request latency on network to next level
  l3-0b7: # Cache stats
   hGETS: 1475 # GETS hits
   hGETX: 136 # GETX hits
   mGETS: 239682 # GETS misses
   mGETXIM: 188307 # GETX I->M misses
   mGETXSM: 0 # GETX S->M misses (upgrade misses)
   PUTS: 215333 # Clean evictions (from lower level)
   PUTX: 169057 # Dirty evictions (from lower level)
   INV: 0 # Invalidates (from upper level)
   INVX: 0 # Downgrades (from upper level)
   FWD: 0 # Forwards (from upper level)
   latGETnl: 96297525 # GET request latency on next level
   latGETnet: 0 # GET request latency on network to next level
  l3-0b8: # Cache stats
   hGETS: 950 # GETS hits
   hGETX: 101 # GETX hits
   mGETS: 239687 # GETS misses
   mGETXIM: 188373 # GETX I->M misses
   mGETXSM: 0 # GETX S->M misses (upgrade misses)
   PUTS: 215090 # Clean evictions (from lower level)
   PUTX: 169107 # Dirty evictions (from lower level)
   INV: 0 # Invalidates (from upper level)
   INVX: 0 # Downgrades (from upper level)
   FWD: 0 # Forwards (from upper level)
   latGETnl: 96313500 # GET request latency on next level
   latGETnet: 0 # GET request latency on network to next level
  l3-0b9: # Cache stats
   hGETS: 891 # GETS hits
   hGETX: 81 # GETX hits
   mGETS: 239686 # GETS misses
   mGETXIM: 188264 # GETX I->M misses
   mGETXSM: 0 # GETX S->M misses (upgrade misses)
   PUTS: 215150 # Clean evictions (from lower level)
   PUTX: 168945 # Dirty evictions (from lower level)
   INV: 0 # Invalidates (from upper level)
   INVX: 0 # Downgrades (from upper level)
   FWD: 0 # Forwards (from upper level)
   latGETnl: 96288750 # GET request latency on next level
   latGETnet: 0 # GET request latency on network to next level
  l3-0b10: # Cache stats
   hGETS: 1506 # GETS hits
   hGETX: 40 # GETX hits
   mGETS: 239674 # GETS misses
   mGETXIM: 188262 # GETX I->M misses
   mGETXSM: 0 # GETX S->M misses (upgrade misses)
   PUTS: 215844 # Clean evictions (from lower level)
   PUTX: 168984 # Dirty evictions (from lower level)
   INV: 0 # Invalidates (from upper level)
   INVX: 0 # Downgrades (from upper level)
   FWD: 0 # Forwards (from upper level)
   latGETnl: 96285600 # GET request latency on next level
   latGETnet: 0 # GET request latency on network to next level
  l3-0b11: # Cache stats
   hGETS: 914 # GETS hits
   hGETX: 53 # GETX hits
   mGETS: 239680 # GETS misses
   mGETXIM: 188339 # GETX I->M misses
   mGETXSM: 0 # GETX S->M misses (upgrade misses)
   PUTS: 215211 # Clean evictions (from lower level)
   PUTX: 168957 # Dirty evictions (from lower level)
   INV: 0 # Invalidates (from upper level)
   INVX: 0 # Downgrades (from upper level)
   FWD: 0 # Forwards (from upper level)
   latGETnl: 96304275 # GET request latency on next level
   latGETnet: 0 # GET request latency on network to next level
  l3-0b12: # Cache stats
   hGETS: 1596 # GETS hits
   hGETX: 70 # GETX hits
   mGETS: 239678 # GETS misses
   mGETXIM: 188385 # GETX I->M misses
   mGETXSM: 0 # GETX S->M misses (upgrade misses)
   PUTS: 215696 # Clean evictions (from lower level)
   PUTX: 169084 # Dirty evictions (from lower level)
   INV: 0 # Invalidates (from upper level)
   INVX: 0 # Downgrades (from upper level)
   FWD: 0 # Forwards (from upper level)
   latGETnl: 96314175 # GET request latency on next level
   latGETnet: 0 # GET request latency on network to next level
  l3-0b13: # Cache stats
   hGETS: 1429 # GETS hits
   hGETX: 65 # GETX hits
   mGETS: 239673 # GETS misses
   mGETXIM: 188292 # GETX I->M misses
   mGETXSM: 0 # GETX S->M misses (upgrade misses)
   PUTS: 215616 # Clean evictions (from lower level)
   PUTX: 169042 # Dirty evictions (from lower level)
   INV: 0 # Invalidates (from upper level)
   INVX: 0 # Downgrades (from upper level)
   FWD: 0 # Forwards (from upper level)
   latGETnl: 96292125 # GET request latency on next level
   latGETnet: 0 # GET request latency on network to next level
  l3-0b14: # Cache stats
   hGETS: 1507 # GETS hits
   hGETX: 38 # GETX hits
   mGETS: 239674 # GETS misses
   mGETXIM: 188232 # GETX I->M misses
   mGETXSM: 0 # GETX S->M misses (upgrade misses)
   PUTS: 215768 # Clean evictions (from lower level)
   PUTX: 168884 # Dirty evictions (from lower level)
   INV: 0 # Invalidates (from upper level)
   INVX: 0 # Downgrades (from upper level)
   FWD: 0 # Forwards (from upper level)
   latGETnl: 96278850 # GET request latency on next level
   latGETnet: 0 # GET request latency on network to next level
  l3-0b15: # Cache stats
   hGETS: 1588 # GETS hits
   hGETX: 43 # GETX hits
   mGETS: 239679 # GETS misses
   mGETXIM: 188362 # GETX I->M misses
   mGETXSM: 0 # GETX S->M misses (upgrade misses)
   PUTS: 215761 # Clean evictions (from lower level)
   PUTX: 169063 # Dirty evictions (from lower level)
   INV: 0 # Invalidates (from upper level)
   INVX: 0 # Downgrades (from upper level)
   FWD: 0 # Forwards (from upper level)
   latGETnl: 96309225 # GET request latency on next level
   latGETnet: 0 # GET request latency on network to next level
  l3-0b16: # Cache stats
   hGETS: 1073 # GETS hits
   hGETX: 5 # GETX hits
   mGETS: 239581 # GETS misses
   mGETXIM: 188250 # GETX I->M misses
   mGETXSM: 0 # GETX S->M misses (upgrade misses)
   PUTS: 215163 # Clean evictions (from lower level)
   PUTX: 169031 # Dirty evictions (from lower level)
   INV: 0 # Invalidates (from upper level)
   INVX: 0 # Downgrades (from upper level)
   FWD: 0 # Forwards (from upper level)
   latGETnl: 96261975 # GET request latency on next level
   latGETnet: 0 # GET request latency on network to next level
  l3-0b17: # Cache stats
   hGETS: 984 # GETS hits
   hGETX: 2 # GETX hits
   mGETS: 239579 # GETS misses
   mGETXIM: 188132 # GETX I->M misses
   mGETXSM: 0 # GETX S->M misses (upgrade misses)
   PUTS: 215183 # Clean evictions (from lower level)
   PUTX: 168879 # Dirty evictions (from lower level)
   INV: 0 # Invalidates (from upper level)
   INVX: 0 # Downgrades (from upper level)
   FWD: 0 # Forwards (from upper level)
   latGETnl: 96234975 # GET request latency on next level
   latGETnet: 0 # GET request latency on network to next level
  l3-0b18: # Cache stats
   hGETS: 892 # GETS hits
   hGETX: 0 # GETX hits
   mGETS: 239575 # GETS misses
   mGETXIM: 188173 # GETX I->M misses
   mGETXSM: 0 # GETX S->M misses (upgrade misses)
   PUTS: 215027 # Clean evictions (from lower level)
   PUTX: 168903 # Dirty evictions (from lower level)
   INV: 0 # Invalidates (from upper level)
   INVX: 0 # Downgrades (from upper level)
   FWD: 0 # Forwards (from upper level)
   latGETnl: 96243300 # GET request latency on next level
   latGETnet: 0 # GET request latency on network to next level
  l3-0b19: # Cache stats
   hGETS: 939 # GETS hits
   hGETX: 33 # GETX hits
   mGETS: 239576 # GETS misses
   mGETXIM: 188303 # GETX I->M misses
   mGETXSM: 0 # GETX S->M misses (upgrade misses)
   PUTS: 215024 # Clean evictions (from lower level)
   PUTX: 168965 # Dirty evictions (from lower level)
   INV: 0 # Invalidates (from upper level)
   INVX: 0 # Downgrades (from upper level)
   FWD: 0 # Forwards (from upper level)
   latGETnl: 96272775 # GET request latency on next level
   latGETnet: 0 # GET request latency on network to next level
  l3-0b20: # Cache stats
   hGETS: 938 # GETS hits
   hGETX: 6 # GETX hits
   mGETS: 239575 # GETS misses
   mGETXIM: 188334 # GETX I->M misses
   mGETXSM: 0 # GETX S->M misses (upgrade misses)
   PUTS: 215039 # Clean evictions (from lower level)
   PUTX: 169034 # Dirty evictions (from lower level)
   INV: 0 # Invalidates (from upper level)
   INVX: 0 # Downgrades (from upper level)
   FWD: 0 # Forwards (from upper level)
   latGETnl: 96279525 # GET request latency on next level
   latGETnet: 0 # GET request latency on network to next level
  l3-0b21: # Cache stats
   hGETS: 884 # GETS hits
   hGETX: 7 # GETX hits
   mGETS: 239578 # GETS misses
   mGETXIM: 188215 # GETX I->M misses
   mGETXSM: 0 # GETX S->M misses (upgrade misses)
   PUTS: 215085 # Clean evictions (from lower level)
   PUTX: 168882 # Dirty evictions (from lower level)
   INV: 0 # Invalidates (from upper level)
   INVX: 0 # Downgrades (from upper level)
   FWD: 0 # Forwards (from upper level)
   latGETnl: 96253425 # GET request latency on next level
   latGETnet: 0 # GET request latency on network to next level
  l3-0b22: # Cache stats
   hGETS: 398 # GETS hits
   hGETX: 0 # GETX hits
   mGETS: 239576 # GETS misses
   mGETXIM: 188215 # GETX I->M misses
   mGETXSM: 0 # GETX S->M misses (upgrade misses)
   PUTS: 214747 # Clean evictions (from lower level)
   PUTX: 168966 # Dirty evictions (from lower level)
   INV: 0 # Invalidates (from upper level)
   INVX: 0 # Downgrades (from upper level)
   FWD: 0 # Forwards (from upper level)
   latGETnl: 96252975 # GET request latency on next level
   latGETnet: 0 # GET request latency on network to next level
  l3-0b23: # Cache stats
   hGETS: 993 # GETS hits
   hGETX: 8 # GETX hits
   mGETS: 239579 # GETS misses
   mGETXIM: 188319 # GETX I->M misses
   mGETXSM: 0 # GETX S->M misses (upgrade misses)
   PUTS: 215077 # Clean evictions (from lower level)
   PUTX: 169027 # Dirty evictions (from lower level)
   INV: 0 # Invalidates (from upper level)
   INVX: 0 # Downgrades (from upper level)
   FWD: 0 # Forwards (from upper level)
   latGETnl: 96277050 # GET request latency on next level
   latGETnet: 0 # GET request latency on network to next level
 mem: # Memory controller stats
  mem-0: # Memory controller stats
   rd: 10252592 # Read requests
   wr: 4264033 # Write requests
   rdlat: 2544048808 # Total latency experienced by read requests
   wrlat: 1064719457 # Total latency experienced by write requests
 sched: # Scheduler stats
  thCr: 25 # Threads created
  thFn: 25 # Threads finished
  schedEvs: 26 # Schedule events
  waitEvs: 2 # Wait events
  handoffEvs: 1 # Handoff events
  sleepEvs: 1 # Sleep events
  idlePhases: 0 # Phases with no thread active
  idlePeriods: 0 # Periods with no thread active
  occHist: # Occupancy histogram
   0: 0
   1: 36
   2: 0
   3: 2
   4: 2
   5: 1
   6: 1
   7: 0
   8: 1
   9: 0
   10: 0
   11: 0
   12: 1
   13: 0
   14: 1
   15: 0
   16: 0
   17: 1
   18: 0
   19: 0
   20: 1
   21: 0
   22: 0
   23: 85902
   24: 0
  rqSzHist: # Run queue size histogram
   0: 85919
   1: 30
   2: 0
   3: 0
   4: 0
   5: 0
   6: 0
   7: 0
   8: 0
   9: 0
   10: 0
   11: 0
   12: 0
   13: 0
   14: 0
   15: 0
   16: 0
   17: 0
   18: 0
   19: 0
   20: 0
   21: 0
   22: 0
   23: 0
   24: 0
 procCycles: # Per-process unhalted core cycles
  0: 1975877340
  1: 0
  2: 0
  3: 0
  4: 0
  5: 0
  6: 0
  7: 0
  8: 0
  9: 0
  10: 0
  11: 0
  12: 0
  13: 0
  14: 0
  15: 0
  16: 0
  17: 0
  18: 0
  19: 0
  20: 0
  21: 0
  22: 0
  23: 0
  24: 0
  25: 0
  26: 0
  27: 0
  28: 0
  29: 0
  30: 0
  31: 0
  32: 0
  33: 0
  34: 0
  35: 0
  36: 0
  37: 0
  38: 0
  39: 0
  40: 0
  41: 0
  42: 0
  43: 0
  44: 0
  45: 0
  46: 0
  47: 0
  48: 0
  49: 0
  50: 0
  51: 0
  52: 0
  53: 0
  54: 0
  55: 0
  56: 0
  57: 0
  58: 0
  59: 0
  60: 0
  61: 0
  62: 0
  63: 0
 procInstrs: # Per-process instructions
  0: 2796710955
  1: 0
  2: 0
  3: 0
  4: 0
  5: 0
  6: 0
  7: 0
  8: 0
  9: 0
  10: 0
  11: 0
  12: 0
  13: 0
  14: 0
  15: 0
  16: 0
  17: 0
  18: 0
  19: 0
  20: 0
  21: 0
  22: 0
  23: 0
  24: 0
  25: 0
  26: 0
  27: 0
  28: 0
  29: 0
  30: 0
  31: 0
  32: 0
  33: 0
  34: 0
  35: 0
  36: 0
  37: 0
  38: 0
  39: 0
  40: 0
  41: 0
  42: 0
  43: 0
  44: 0
  45: 0
  46: 0
  47: 0
  48: 0
  49: 0
  50: 0
  51: 0
  52: 0
  53: 0
  54: 0
  55: 0
  56: 0
  57: 0
  58: 0
  59: 0
  60: 0
  61: 0
  62: 0
  63: 0
 heartbeats: # Per-process heartbeats
  0: 0
  1: 0
  2: 0
  3: 0
  4: 0
  5: 0
  6: 0
  7: 0
  8: 0
  9: 0
  10: 0
  11: 0
  12: 0
  13: 0
  14: 0
  15: 0
  16: 0
  17: 0
  18: 0
  19: 0
  20: 0
  21: 0
  22: 0
  23: 0
  24: 0
  25: 0
  26: 0
  27: 0
  28: 0
  29: 0
  30: 0
  31: 0
  32: 0
  33: 0
  34: 0
  35: 0
  36: 0
  37: 0
  38: 0
  39: 0
  40: 0
  41: 0
  42: 0
  43: 0
  44: 0
  45: 0
  46: 0
  47: 0
  48: 0
  49: 0
  50: 0
  51: 0
  52: 0
  53: 0
  54: 0
  55: 0
  56: 0
  57: 0
  58: 0
  59: 0
  60: 0
  61: 0
  62: 0
  63: 0
===
