# zsim stats
===
root: # Stats
 contention: # Contention simulation stats
  domain-0: # Domain stats
   time: 9544274936 # Weave simulation time
 time: # Simulator time breakdown
  init: 3168110726
  bound: 74766384835
  weave: 11709772178
  ff: 72553
 trigger: 20000 # Reason for this stats dump
 phase: 40890 # Simulated phases
 reqCycles: 0 # Requeue Cycles
 skylake: # Core stats
  skylake-0: # Core stats
   cycles: 40890293 # Simulated unhalted cycles
   cCycles: 8398908 # Cycles due to contention stalls
   instrs: 43597308 # Simulated instructions
   uops: 30650108 # issued micro-ops
   bbls: 14140322 # Basic blocks
   approxInstrs: 680240 # Instrs with approx uop decoding
   mispredBranches: 98995 # Mispredicted branches
   IdqNotDelivered: 32229590 # Stalls no uop delivered when no Bkend Stall
   IntMiscRecoveryCycles: 805178 # Stalls waiting machine clears
   uops executed: 31347429 # Executed microoperations
  skylake-1: # Core stats
   cycles: 40854190 # Simulated unhalted cycles
   cCycles: 8398650 # Cycles due to contention stalls
   instrs: 43595083 # Simulated instructions
   uops: 30648059 # issued micro-ops
   bbls: 14139757 # Basic blocks
   approxInstrs: 680223 # Instrs with approx uop decoding
   mispredBranches: 98956 # Mispredicted branches
   IdqNotDelivered: 32193802 # Stalls no uop delivered when no Bkend Stall
   IntMiscRecoveryCycles: 795443 # Stalls waiting machine clears
   uops executed: 31345406 # Executed microoperations
  skylake-2: # Core stats
   cycles: 40852719 # Simulated unhalted cycles
   cCycles: 8398940 # Cycles due to contention stalls
   instrs: 43593578 # Simulated instructions
   uops: 30646780 # issued micro-ops
   bbls: 14139336 # Basic blocks
   approxInstrs: 680206 # Instrs with approx uop decoding
   mispredBranches: 98961 # Mispredicted branches
   IdqNotDelivered: 32191990 # Stalls no uop delivered when no Bkend Stall
   IntMiscRecoveryCycles: 798375 # Stalls waiting machine clears
   uops executed: 31344099 # Executed microoperations
  skylake-3: # Core stats
   cycles: 40852288 # Simulated unhalted cycles
   cCycles: 8398798 # Cycles due to contention stalls
   instrs: 43595483 # Simulated instructions
   uops: 30648231 # issued micro-ops
   bbls: 14139916 # Basic blocks
   approxInstrs: 680229 # Instrs with approx uop decoding
   mispredBranches: 98958 # Mispredicted branches
   IdqNotDelivered: 32191623 # Stalls no uop delivered when no Bkend Stall
   IntMiscRecoveryCycles: 797660 # Stalls waiting machine clears
   uops executed: 31345583 # Executed microoperations
  skylake-4: # Core stats
   cycles: 40850190 # Simulated unhalted cycles
   cCycles: 8398887 # Cycles due to contention stalls
   instrs: 43595759 # Simulated instructions
   uops: 30648434 # issued micro-ops
   bbls: 14140004 # Basic blocks
   approxInstrs: 680236 # Instrs with approx uop decoding
   mispredBranches: 98959 # Mispredicted branches
   IdqNotDelivered: 32189565 # Stalls no uop delivered when no Bkend Stall
   IntMiscRecoveryCycles: 796194 # Stalls waiting machine clears
   uops executed: 31345774 # Executed microoperations
  skylake-5: # Core stats
   cycles: 40849190 # Simulated unhalted cycles
   cCycles: 8398968 # Cycles due to contention stalls
   instrs: 43595870 # Simulated instructions
   uops: 30648508 # issued micro-ops
   bbls: 14140041 # Basic blocks
   approxInstrs: 680236 # Instrs with approx uop decoding
   mispredBranches: 98959 # Mispredicted branches
   IdqNotDelivered: 32188550 # Stalls no uop delivered when no Bkend Stall
   IntMiscRecoveryCycles: 796096 # Stalls waiting machine clears
   uops executed: 31345848 # Executed microoperations
  skylake-6: # Core stats
   cycles: 40848283 # Simulated unhalted cycles
   cCycles: 8398958 # Cycles due to contention stalls
   instrs: 43594635 # Simulated instructions
   uops: 30647643 # issued micro-ops
   bbls: 14139639 # Basic blocks
   approxInstrs: 680221 # Instrs with approx uop decoding
   mispredBranches: 98958 # Mispredicted branches
   IdqNotDelivered: 32187449 # Stalls no uop delivered when no Bkend Stall
   IntMiscRecoveryCycles: 796178 # Stalls waiting machine clears
   uops executed: 31344964 # Executed microoperations
  skylake-7: # Core stats
   cycles: 40848283 # Simulated unhalted cycles
   cCycles: 8399109 # Cycles due to contention stalls
   instrs: 43595309 # Simulated instructions
   uops: 30647815 # issued micro-ops
   bbls: 14139927 # Basic blocks
   approxInstrs: 680237 # Instrs with approx uop decoding
   mispredBranches: 98954 # Mispredicted branches
   IdqNotDelivered: 32187379 # Stalls no uop delivered when no Bkend Stall
   IntMiscRecoveryCycles: 797383 # Stalls waiting machine clears
   uops executed: 31345166 # Executed microoperations
  skylake-8: # Core stats
   cycles: 40847189 # Simulated unhalted cycles
   cCycles: 8398947 # Cycles due to contention stalls
   instrs: 43595452 # Simulated instructions
   uops: 30647911 # issued micro-ops
   bbls: 14139974 # Basic blocks
   approxInstrs: 680237 # Instrs with approx uop decoding
   mispredBranches: 98954 # Mispredicted branches
   IdqNotDelivered: 32186447 # Stalls no uop delivered when no Bkend Stall
   IntMiscRecoveryCycles: 796938 # Stalls waiting machine clears
   uops executed: 31345262 # Executed microoperations
  skylake-9: # Core stats
   cycles: 40846974 # Simulated unhalted cycles
   cCycles: 8398884 # Cycles due to contention stalls
   instrs: 43595413 # Simulated instructions
   uops: 30647885 # issued micro-ops
   bbls: 14139961 # Basic blocks
   approxInstrs: 680237 # Instrs with approx uop decoding
   mispredBranches: 98954 # Mispredicted branches
   IdqNotDelivered: 32186295 # Stalls no uop delivered when no Bkend Stall
   IntMiscRecoveryCycles: 796881 # Stalls waiting machine clears
   uops executed: 31345236 # Executed microoperations
  skylake-10: # Core stats
   cycles: 40847074 # Simulated unhalted cycles
   cCycles: 8398790 # Cycles due to contention stalls
   instrs: 43594860 # Simulated instructions
   uops: 30647496 # issued micro-ops
   bbls: 14139783 # Basic blocks
   approxInstrs: 680230 # Instrs with approx uop decoding
   mispredBranches: 98953 # Mispredicted branches
   IdqNotDelivered: 32186546 # Stalls no uop delivered when no Bkend Stall
   IntMiscRecoveryCycles: 797774 # Stalls waiting machine clears
   uops executed: 31344837 # Executed microoperations
  skylake-11: # Core stats
   cycles: 40847069 # Simulated unhalted cycles
   cCycles: 8398869 # Cycles due to contention stalls
   instrs: 43595100 # Simulated instructions
   uops: 30647901 # issued micro-ops
   bbls: 14139750 # Basic blocks
   approxInstrs: 680226 # Instrs with approx uop decoding
   mispredBranches: 98958 # Mispredicted branches
   IdqNotDelivered: 32186411 # Stalls no uop delivered when no Bkend Stall
   IntMiscRecoveryCycles: 797896 # Stalls waiting machine clears
   uops executed: 31345310 # Executed microoperations
  skylake-12: # Core stats
   cycles: 40845975 # Simulated unhalted cycles
   cCycles: 8398898 # Cycles due to contention stalls
   instrs: 43595413 # Simulated instructions
   uops: 30647885 # issued micro-ops
   bbls: 14139961 # Basic blocks
   approxInstrs: 680237 # Instrs with approx uop decoding
   mispredBranches: 98954 # Mispredicted branches
   IdqNotDelivered: 32185234 # Stalls no uop delivered when no Bkend Stall
   IntMiscRecoveryCycles: 796371 # Stalls waiting machine clears
   uops executed: 31345236 # Executed microoperations
  skylake-13: # Core stats
   cycles: 40845974 # Simulated unhalted cycles
   cCycles: 8398812 # Cycles due to contention stalls
   instrs: 43595020 # Simulated instructions
   uops: 30647607 # issued micro-ops
   bbls: 14139834 # Basic blocks
   approxInstrs: 680230 # Instrs with approx uop decoding
   mispredBranches: 98953 # Mispredicted branches
   IdqNotDelivered: 32185424 # Stalls no uop delivered when no Bkend Stall
   IntMiscRecoveryCycles: 796328 # Stalls waiting machine clears
   uops executed: 31344951 # Executed microoperations
  skylake-14: # Core stats
   cycles: 40845074 # Simulated unhalted cycles
   cCycles: 8399015 # Cycles due to contention stalls
   instrs: 43595301 # Simulated instructions
   uops: 30647806 # issued micro-ops
   bbls: 14139926 # Basic blocks
   approxInstrs: 680237 # Instrs with approx uop decoding
   mispredBranches: 98954 # Mispredicted branches
   IdqNotDelivered: 32184135 # Stalls no uop delivered when no Bkend Stall
   IntMiscRecoveryCycles: 796328 # Stalls waiting machine clears
   uops executed: 31345154 # Executed microoperations
  skylake-15: # Core stats
   cycles: 40844165 # Simulated unhalted cycles
   cCycles: 8398759 # Cycles due to contention stalls
   instrs: 43593694 # Simulated instructions
   uops: 30646679 # issued micro-ops
   bbls: 14139404 # Basic blocks
   approxInstrs: 680210 # Instrs with approx uop decoding
   mispredBranches: 98948 # Mispredicted branches
   IdqNotDelivered: 32183608 # Stalls no uop delivered when no Bkend Stall
   IntMiscRecoveryCycles: 796368 # Stalls waiting machine clears
   uops executed: 31344018 # Executed microoperations
  skylake-16: # Core stats
   cycles: 40844974 # Simulated unhalted cycles
   cCycles: 8398927 # Cycles due to contention stalls
   instrs: 43595329 # Simulated instructions
   uops: 30647829 # issued micro-ops
   bbls: 14139933 # Basic blocks
   approxInstrs: 680237 # Instrs with approx uop decoding
   mispredBranches: 98954 # Mispredicted branches
   IdqNotDelivered: 32184177 # Stalls no uop delivered when no Bkend Stall
   IntMiscRecoveryCycles: 796402 # Stalls waiting machine clears
   uops executed: 31345180 # Executed microoperations
  skylake-17: # Core stats
   cycles: 40844975 # Simulated unhalted cycles
   cCycles: 8398910 # Cycles due to contention stalls
   instrs: 43570694 # Simulated instructions
   uops: 30632419 # issued micro-ops
   bbls: 14131209 # Basic blocks
   approxInstrs: 679752 # Instrs with approx uop decoding
   mispredBranches: 98997 # Mispredicted branches
   IdqNotDelivered: 32184267 # Stalls no uop delivered when no Bkend Stall
   IntMiscRecoveryCycles: 800150 # Stalls waiting machine clears
   uops executed: 31329398 # Executed microoperations
  skylake-18: # Core stats
   cycles: 40843974 # Simulated unhalted cycles
   cCycles: 8398695 # Cycles due to contention stalls
   instrs: 43594678 # Simulated instructions
   uops: 30647362 # issued micro-ops
   bbls: 14139724 # Basic blocks
   approxInstrs: 680223 # Instrs with approx uop decoding
   mispredBranches: 98952 # Mispredicted branches
   IdqNotDelivered: 32183541 # Stalls no uop delivered when no Bkend Stall
   IntMiscRecoveryCycles: 796144 # Stalls waiting machine clears
   uops executed: 31344698 # Executed microoperations
  skylake-19: # Core stats
   cycles: 40844536 # Simulated unhalted cycles
   cCycles: 8399025 # Cycles due to contention stalls
   instrs: 43596162 # Simulated instructions
   uops: 30648393 # issued micro-ops
   bbls: 14140207 # Basic blocks
   approxInstrs: 680243 # Instrs with approx uop decoding
   mispredBranches: 98952 # Mispredicted branches
   IdqNotDelivered: 32183776 # Stalls no uop delivered when no Bkend Stall
   IntMiscRecoveryCycles: 796557 # Stalls waiting machine clears
   uops executed: 31345769 # Executed microoperations
  skylake-20: # Core stats
   cycles: 40844068 # Simulated unhalted cycles
   cCycles: 8398851 # Cycles due to contention stalls
   instrs: 43593685 # Simulated instructions
   uops: 30646668 # issued micro-ops
   bbls: 14139401 # Basic blocks
   approxInstrs: 680209 # Instrs with approx uop decoding
   mispredBranches: 98950 # Mispredicted branches
   IdqNotDelivered: 32183551 # Stalls no uop delivered when no Bkend Stall
   IntMiscRecoveryCycles: 796465 # Stalls waiting machine clears
   uops executed: 31343990 # Executed microoperations
  skylake-21: # Core stats
   cycles: 40843069 # Simulated unhalted cycles
   cCycles: 8398645 # Cycles due to contention stalls
   instrs: 43592791 # Simulated instructions
   uops: 30646040 # issued micro-ops
   bbls: 14139111 # Basic blocks
   approxInstrs: 680195 # Instrs with approx uop decoding
   mispredBranches: 98946 # Mispredicted branches
   IdqNotDelivered: 32182683 # Stalls no uop delivered when no Bkend Stall
   IntMiscRecoveryCycles: 796037 # Stalls waiting machine clears
   uops executed: 31343355 # Executed microoperations
  skylake-22: # Core stats
   cycles: 40843072 # Simulated unhalted cycles
   cCycles: 8398761 # Cycles due to contention stalls
   instrs: 43592206 # Simulated instructions
   uops: 30645621 # issued micro-ops
   bbls: 14138924 # Basic blocks
   approxInstrs: 680182 # Instrs with approx uop decoding
   mispredBranches: 98947 # Mispredicted branches
   IdqNotDelivered: 32182435 # Stalls no uop delivered when no Bkend Stall
   IntMiscRecoveryCycles: 796419 # Stalls waiting machine clears
   uops executed: 31342913 # Executed microoperations
  skylake-23: # Core stats
   cycles: 0 # Simulated unhalted cycles
   cCycles: 0 # Cycles due to contention stalls
   instrs: 0 # Simulated instructions
   uops: 0 # issued micro-ops
   bbls: 0 # Basic blocks
   approxInstrs: 0 # Instrs with approx uop decoding
   mispredBranches: 0 # Mispredicted branches
   IdqNotDelivered: 0 # Stalls no uop delivered when no Bkend Stall
   IntMiscRecoveryCycles: 0 # Stalls waiting machine clears
   uops executed: 0 # Executed microoperations
 l1d: # Cache stats
  l1d-0: # Filter cache stats
   fhGETS: 627120 # Filtered GETS hits
   fhGETX: 632358 # Filtered GETX hits
   hGETS: 7846 # GETS hits
   hGETX: 13592 # GETX hits
   mGETS: 40931 # GETS misses
   mGETXIM: 250100 # GETX I->M misses
   mGETXSM: 6 # GETX S->M misses (upgrade misses)
   PUTS: 0 # Clean evictions (from lower level)
   PUTX: 0 # Dirty evictions (from lower level)
   INV: 93 # Invalidates (from upper level)
   INVX: 84 # Downgrades (from upper level)
   FWD: 0 # Forwards (from upper level)
   latGETnl: 79124473 # GET request latency on next level
   latGETnet: 0 # GET request latency on network to next level
  l1d-1: # Filter cache stats
   fhGETS: 626840 # Filtered GETS hits
   fhGETX: 632178 # Filtered GETX hits
   hGETS: 7766 # GETS hits
   hGETX: 13564 # GETX hits
   mGETS: 40891 # GETS misses
   mGETXIM: 250055 # GETX I->M misses
   mGETXSM: 7 # GETX S->M misses (upgrade misses)
   PUTS: 0 # Clean evictions (from lower level)
   PUTX: 0 # Dirty evictions (from lower level)
   INV: 78 # Invalidates (from upper level)
   INVX: 24 # Downgrades (from upper level)
   FWD: 0 # Forwards (from upper level)
   latGETnl: 79095550 # GET request latency on next level
   latGETnet: 0 # GET request latency on network to next level
  l1d-2: # Filter cache stats
   fhGETS: 626724 # Filtered GETS hits
   fhGETX: 632107 # Filtered GETX hits
   hGETS: 7728 # GETS hits
   hGETX: 13534 # GETX hits
   mGETS: 40878 # GETS misses
   mGETXIM: 250046 # GETX I->M misses
   mGETXSM: 5 # GETX S->M misses (upgrade misses)
   PUTS: 0 # Clean evictions (from lower level)
   PUTX: 0 # Dirty evictions (from lower level)
   INV: 55 # Invalidates (from upper level)
   INVX: 5 # Downgrades (from upper level)
   FWD: 0 # Forwards (from upper level)
   latGETnl: 79091948 # GET request latency on next level
   latGETnet: 0 # GET request latency on network to next level
  l1d-3: # Filter cache stats
   fhGETS: 626789 # Filtered GETS hits
   fhGETX: 632154 # Filtered GETX hits
   hGETS: 7766 # GETS hits
   hGETX: 13553 # GETX hits
   mGETS: 40884 # GETS misses
   mGETXIM: 250057 # GETX I->M misses
   mGETXSM: 10 # GETX S->M misses (upgrade misses)
   PUTS: 0 # Clean evictions (from lower level)
   PUTX: 0 # Dirty evictions (from lower level)
   INV: 73 # Invalidates (from upper level)
   INVX: 27 # Downgrades (from upper level)
   FWD: 0 # Forwards (from upper level)
   latGETnl: 79095919 # GET request latency on next level
   latGETnet: 0 # GET request latency on network to next level
  l1d-4: # Filter cache stats
   fhGETS: 626778 # Filtered GETS hits
   fhGETX: 632139 # Filtered GETX hits
   hGETS: 7779 # GETS hits
   hGETX: 13581 # GETX hits
   mGETS: 40887 # GETS misses
   mGETXIM: 250056 # GETX I->M misses
   mGETXSM: 9 # GETX S->M misses (upgrade misses)
   PUTS: 0 # Clean evictions (from lower level)
   PUTX: 0 # Dirty evictions (from lower level)
   INV: 72 # Invalidates (from upper level)
   INVX: 21 # Downgrades (from upper level)
   FWD: 0 # Forwards (from upper level)
   latGETnl: 79094716 # GET request latency on next level
   latGETnet: 0 # GET request latency on network to next level
  l1d-5: # Filter cache stats
   fhGETS: 626792 # Filtered GETS hits
   fhGETX: 632156 # Filtered GETX hits
   hGETS: 7762 # GETS hits
   hGETX: 13565 # GETX hits
   mGETS: 40890 # GETS misses
   mGETXIM: 250054 # GETX I->M misses
   mGETXSM: 10 # GETX S->M misses (upgrade misses)
   PUTS: 0 # Clean evictions (from lower level)
   PUTX: 0 # Dirty evictions (from lower level)
   INV: 74 # Invalidates (from upper level)
   INVX: 19 # Downgrades (from upper level)
   FWD: 0 # Forwards (from upper level)
   latGETnl: 79095752 # GET request latency on next level
   latGETnet: 0 # GET request latency on network to next level
  l1d-6: # Filter cache stats
   fhGETS: 626768 # Filtered GETS hits
   fhGETX: 632138 # Filtered GETX hits
   hGETS: 7774 # GETS hits
   hGETX: 13561 # GETX hits
   mGETS: 40885 # GETS misses
   mGETXIM: 250055 # GETX I->M misses
   mGETXSM: 8 # GETX S->M misses (upgrade misses)
   PUTS: 0 # Clean evictions (from lower level)
   PUTX: 0 # Dirty evictions (from lower level)
   INV: 74 # Invalidates (from upper level)
   INVX: 19 # Downgrades (from upper level)
   FWD: 0 # Forwards (from upper level)
   latGETnl: 79092925 # GET request latency on next level
   latGETnet: 0 # GET request latency on network to next level
  l1d-7: # Filter cache stats
   fhGETS: 626632 # Filtered GETS hits
   fhGETX: 632074 # Filtered GETX hits
   hGETS: 7756 # GETS hits
   hGETX: 13548 # GETX hits
   mGETS: 40869 # GETS misses
   mGETXIM: 250052 # GETX I->M misses
   mGETXSM: 4 # GETX S->M misses (upgrade misses)
   PUTS: 0 # Clean evictions (from lower level)
   PUTX: 0 # Dirty evictions (from lower level)
   INV: 56 # Invalidates (from upper level)
   INVX: 13 # Downgrades (from upper level)
   FWD: 0 # Forwards (from upper level)
   latGETnl: 79092996 # GET request latency on next level
   latGETnet: 0 # GET request latency on network to next level
  l1d-8: # Filter cache stats
   fhGETS: 626627 # Filtered GETS hits
   fhGETX: 632077 # Filtered GETX hits
   hGETS: 7764 # GETS hits
   hGETX: 13539 # GETX hits
   mGETS: 40867 # GETS misses
   mGETXIM: 250056 # GETX I->M misses
   mGETXSM: 6 # GETX S->M misses (upgrade misses)
   PUTS: 0 # Clean evictions (from lower level)
   PUTX: 0 # Dirty evictions (from lower level)
   INV: 58 # Invalidates (from upper level)
   INVX: 12 # Downgrades (from upper level)
   FWD: 0 # Forwards (from upper level)
   latGETnl: 79092313 # GET request latency on next level
   latGETnet: 0 # GET request latency on network to next level
  l1d-9: # Filter cache stats
   fhGETS: 626631 # Filtered GETS hits
   fhGETX: 632061 # Filtered GETX hits
   hGETS: 7759 # GETS hits
   hGETX: 13559 # GETX hits
   mGETS: 40868 # GETS misses
   mGETXIM: 250054 # GETX I->M misses
   mGETXSM: 4 # GETX S->M misses (upgrade misses)
   PUTS: 0 # Clean evictions (from lower level)
   PUTX: 0 # Dirty evictions (from lower level)
   INV: 57 # Invalidates (from upper level)
   INVX: 6 # Downgrades (from upper level)
   FWD: 0 # Forwards (from upper level)
   latGETnl: 79091104 # GET request latency on next level
   latGETnet: 0 # GET request latency on network to next level
  l1d-10: # Filter cache stats
   fhGETS: 626624 # Filtered GETS hits
   fhGETX: 632061 # Filtered GETX hits
   hGETS: 7758 # GETS hits
   hGETX: 13547 # GETX hits
   mGETS: 40865 # GETS misses
   mGETXIM: 250053 # GETX I->M misses
   mGETXSM: 5 # GETX S->M misses (upgrade misses)
   PUTS: 0 # Clean evictions (from lower level)
   PUTX: 0 # Dirty evictions (from lower level)
   INV: 58 # Invalidates (from upper level)
   INVX: 16 # Downgrades (from upper level)
   FWD: 0 # Forwards (from upper level)
   latGETnl: 79091778 # GET request latency on next level
   latGETnet: 0 # GET request latency on network to next level
  l1d-11: # Filter cache stats
   fhGETS: 626780 # Filtered GETS hits
   fhGETX: 632147 # Filtered GETX hits
   hGETS: 7780 # GETS hits
   hGETX: 13553 # GETX hits
   mGETS: 40883 # GETS misses
   mGETXIM: 250063 # GETX I->M misses
   mGETXSM: 9 # GETX S->M misses (upgrade misses)
   PUTS: 0 # Clean evictions (from lower level)
   PUTX: 0 # Dirty evictions (from lower level)
   INV: 66 # Invalidates (from upper level)
   INVX: 17 # Downgrades (from upper level)
   FWD: 0 # Forwards (from upper level)
   latGETnl: 79097571 # GET request latency on next level
   latGETnet: 0 # GET request latency on network to next level
  l1d-12: # Filter cache stats
   fhGETS: 626640 # Filtered GETS hits
   fhGETX: 632087 # Filtered GETX hits
   hGETS: 7750 # GETS hits
   hGETX: 13536 # GETX hits
   mGETS: 40868 # GETS misses
   mGETXIM: 250050 # GETX I->M misses
   mGETXSM: 5 # GETX S->M misses (upgrade misses)
   PUTS: 0 # Clean evictions (from lower level)
   PUTX: 0 # Dirty evictions (from lower level)
   INV: 55 # Invalidates (from upper level)
   INVX: 24 # Downgrades (from upper level)
   FWD: 0 # Forwards (from upper level)
   latGETnl: 79095153 # GET request latency on next level
   latGETnet: 0 # GET request latency on network to next level
  l1d-13: # Filter cache stats
   fhGETS: 626631 # Filtered GETS hits
   fhGETX: 632066 # Filtered GETX hits
   hGETS: 7750 # GETS hits
   hGETX: 13550 # GETX hits
   mGETS: 40870 # GETS misses
   mGETXIM: 250047 # GETX I->M misses
   mGETXSM: 6 # GETX S->M misses (upgrade misses)
   PUTS: 0 # Clean evictions (from lower level)
   PUTX: 0 # Dirty evictions (from lower level)
   INV: 56 # Invalidates (from upper level)
   INVX: 17 # Downgrades (from upper level)
   FWD: 0 # Forwards (from upper level)
   latGETnl: 79093648 # GET request latency on next level
   latGETnet: 0 # GET request latency on network to next level
  l1d-14: # Filter cache stats
   fhGETS: 626649 # Filtered GETS hits
   fhGETX: 632069 # Filtered GETX hits
   hGETS: 7738 # GETS hits
   hGETX: 13547 # GETX hits
   mGETS: 40867 # GETS misses
   mGETXIM: 250054 # GETX I->M misses
   mGETXSM: 5 # GETX S->M misses (upgrade misses)
   PUTS: 0 # Clean evictions (from lower level)
   PUTX: 0 # Dirty evictions (from lower level)
   INV: 57 # Invalidates (from upper level)
   INVX: 2 # Downgrades (from upper level)
   FWD: 0 # Forwards (from upper level)
   latGETnl: 79089965 # GET request latency on next level
   latGETnet: 0 # GET request latency on network to next level
  l1d-15: # Filter cache stats
   fhGETS: 626604 # Filtered GETS hits
   fhGETX: 632039 # Filtered GETX hits
   hGETS: 7762 # GETS hits
   hGETX: 13556 # GETX hits
   mGETS: 40866 # GETS misses
   mGETXIM: 250041 # GETX I->M misses
   mGETXSM: 6 # GETX S->M misses (upgrade misses)
   PUTS: 0 # Clean evictions (from lower level)
   PUTX: 0 # Dirty evictions (from lower level)
   INV: 57 # Invalidates (from upper level)
   INVX: 2 # Downgrades (from upper level)
   FWD: 0 # Forwards (from upper level)
   latGETnl: 79086457 # GET request latency on next level
   latGETnet: 0 # GET request latency on network to next level
  l1d-16: # Filter cache stats
   fhGETS: 626645 # Filtered GETS hits
   fhGETX: 632077 # Filtered GETX hits
   hGETS: 7747 # GETS hits
   hGETX: 13542 # GETX hits
   mGETS: 40866 # GETS misses
   mGETXIM: 250054 # GETX I->M misses
   mGETXSM: 5 # GETX S->M misses (upgrade misses)
   PUTS: 0 # Clean evictions (from lower level)
   PUTX: 0 # Dirty evictions (from lower level)
   INV: 56 # Invalidates (from upper level)
   INVX: 5 # Downgrades (from upper level)
   FWD: 0 # Forwards (from upper level)
   latGETnl: 79090142 # GET request latency on next level
   latGETnet: 0 # GET request latency on network to next level
  l1d-17: # Filter cache stats
   fhGETS: 627721 # Filtered GETS hits
   fhGETX: 632247 # Filtered GETX hits
   hGETS: 8097 # GETS hits
   hGETX: 13596 # GETX hits
   mGETS: 40911 # GETS misses
   mGETXIM: 249887 # GETX I->M misses
   mGETXSM: 14 # GETX S->M misses (upgrade misses)
   PUTS: 0 # Clean evictions (from lower level)
   PUTX: 0 # Dirty evictions (from lower level)
   INV: 54 # Invalidates (from upper level)
   INVX: 1 # Downgrades (from upper level)
   FWD: 0 # Forwards (from upper level)
   latGETnl: 79050055 # GET request latency on next level
   latGETnet: 0 # GET request latency on network to next level
  l1d-18: # Filter cache stats
   fhGETS: 626637 # Filtered GETS hits
   fhGETX: 632065 # Filtered GETX hits
   hGETS: 7742 # GETS hits
   hGETX: 13541 # GETX hits
   mGETS: 40866 # GETS misses
   mGETXIM: 250047 # GETX I->M misses
   mGETXSM: 6 # GETX S->M misses (upgrade misses)
   PUTS: 0 # Clean evictions (from lower level)
   PUTX: 0 # Dirty evictions (from lower level)
   INV: 56 # Invalidates (from upper level)
   INVX: 1 # Downgrades (from upper level)
   FWD: 0 # Forwards (from upper level)
   latGETnl: 79087878 # GET request latency on next level
   latGETnet: 0 # GET request latency on network to next level
  l1d-19: # Filter cache stats
   fhGETS: 626667 # Filtered GETS hits
   fhGETX: 632072 # Filtered GETX hits
   hGETS: 7735 # GETS hits
   hGETX: 13548 # GETX hits
   mGETS: 40867 # GETS misses
   mGETXIM: 250057 # GETX I->M misses
   mGETXSM: 4 # GETX S->M misses (upgrade misses)
   PUTS: 0 # Clean evictions (from lower level)
   PUTX: 0 # Dirty evictions (from lower level)
   INV: 56 # Invalidates (from upper level)
   INVX: 1 # Downgrades (from upper level)
   FWD: 0 # Forwards (from upper level)
   latGETnl: 79090720 # GET request latency on next level
   latGETnet: 0 # GET request latency on network to next level
  l1d-20: # Filter cache stats
   fhGETS: 626616 # Filtered GETS hits
   fhGETX: 632054 # Filtered GETX hits
   hGETS: 7750 # GETS hits
   hGETX: 13536 # GETX hits
   mGETS: 40865 # GETS misses
   mGETXIM: 250045 # GETX I->M misses
   mGETXSM: 6 # GETX S->M misses (upgrade misses)
   PUTS: 0 # Clean evictions (from lower level)
   PUTX: 0 # Dirty evictions (from lower level)
   INV: 58 # Invalidates (from upper level)
   INVX: 2 # Downgrades (from upper level)
   FWD: 0 # Forwards (from upper level)
   latGETnl: 79086387 # GET request latency on next level
   latGETnet: 0 # GET request latency on network to next level
  l1d-21: # Filter cache stats
   fhGETS: 626613 # Filtered GETS hits
   fhGETX: 632049 # Filtered GETX hits
   hGETS: 7738 # GETS hits
   hGETX: 13534 # GETX hits
   mGETS: 40866 # GETS misses
   mGETXIM: 250034 # GETX I->M misses
   mGETXSM: 6 # GETX S->M misses (upgrade misses)
   PUTS: 0 # Clean evictions (from lower level)
   PUTX: 0 # Dirty evictions (from lower level)
   INV: 55 # Invalidates (from upper level)
   INVX: 2 # Downgrades (from upper level)
   FWD: 0 # Forwards (from upper level)
   latGETnl: 79085242 # GET request latency on next level
   latGETnet: 0 # GET request latency on network to next level
  l1d-22: # Filter cache stats
   fhGETS: 626605 # Filtered GETS hits
   fhGETX: 632022 # Filtered GETX hits
   hGETS: 7735 # GETS hits
   hGETX: 13547 # GETX hits
   mGETS: 40865 # GETS misses
   mGETXIM: 250031 # GETX I->M misses
   mGETXSM: 5 # GETX S->M misses (upgrade misses)
   PUTS: 0 # Clean evictions (from lower level)
   PUTX: 0 # Dirty evictions (from lower level)
   INV: 56 # Invalidates (from upper level)
   INVX: 2 # Downgrades (from upper level)
   FWD: 0 # Forwards (from upper level)
   latGETnl: 79083418 # GET request latency on next level
   latGETnet: 0 # GET request latency on network to next level
  l1d-23: # Filter cache stats
   fhGETS: 0 # Filtered GETS hits
   fhGETX: 0 # Filtered GETX hits
   hGETS: 0 # GETS hits
   hGETX: 0 # GETX hits
   mGETS: 0 # GETS misses
   mGETXIM: 0 # GETX I->M misses
   mGETXSM: 0 # GETX S->M misses (upgrade misses)
   PUTS: 0 # Clean evictions (from lower level)
   PUTX: 0 # Dirty evictions (from lower level)
   INV: 0 # Invalidates (from upper level)
   INVX: 0 # Downgrades (from upper level)
   FWD: 0 # Forwards (from upper level)
   latGETnl: 0 # GET request latency on next level
   latGETnet: 0 # GET request latency on network to next level
 l1i: # Cache stats
  l1i-0: # Filter cache stats
   fhGETS: 14715656 # Filtered GETS hits
   fhGETX: 0 # Filtered GETX hits
   hGETS: 46 # GETS hits
   hGETX: 0 # GETX hits
   mGETS: 681 # GETS misses
   mGETXIM: 0 # GETX I->M misses
   mGETXSM: 0 # GETX S->M misses (upgrade misses)
   PUTS: 0 # Clean evictions (from lower level)
   PUTX: 0 # Dirty evictions (from lower level)
   INV: 658 # Invalidates (from upper level)
   INVX: 0 # Downgrades (from upper level)
   FWD: 0 # Forwards (from upper level)
   latGETnl: 71607 # GET request latency on next level
   latGETnet: 0 # GET request latency on network to next level
  l1i-1: # Filter cache stats
   fhGETS: 14715109 # Filtered GETS hits
   fhGETX: 0 # Filtered GETX hits
   hGETS: 37 # GETS hits
   hGETX: 0 # GETX hits
   mGETS: 584 # GETS misses
   mGETXIM: 0 # GETX I->M misses
   mGETXSM: 0 # GETX S->M misses (upgrade misses)
   PUTS: 0 # Clean evictions (from lower level)
   PUTX: 0 # Dirty evictions (from lower level)
   INV: 561 # Invalidates (from upper level)
   INVX: 0 # Downgrades (from upper level)
   FWD: 0 # Forwards (from upper level)
   latGETnl: 33073 # GET request latency on next level
   latGETnet: 0 # GET request latency on network to next level
  l1i-2: # Filter cache stats
   fhGETS: 14714663 # Filtered GETS hits
   fhGETX: 0 # Filtered GETX hits
   hGETS: 33 # GETS hits
   hGETX: 0 # GETX hits
   mGETS: 621 # GETS misses
   mGETXIM: 0 # GETX I->M misses
   mGETXSM: 0 # GETX S->M misses (upgrade misses)
   PUTS: 0 # Clean evictions (from lower level)
   PUTX: 0 # Dirty evictions (from lower level)
   INV: 598 # Invalidates (from upper level)
   INVX: 0 # Downgrades (from upper level)
   FWD: 0 # Forwards (from upper level)
   latGETnl: 38637 # GET request latency on next level
   latGETnet: 0 # GET request latency on network to next level
  l1i-3: # Filter cache stats
   fhGETS: 14715254 # Filtered GETS hits
   fhGETX: 0 # Filtered GETX hits
   hGETS: 31 # GETS hits
   hGETX: 0 # GETX hits
   mGETS: 600 # GETS misses
   mGETXIM: 0 # GETX I->M misses
   mGETXSM: 0 # GETX S->M misses (upgrade misses)
   PUTS: 0 # Clean evictions (from lower level)
   PUTX: 0 # Dirty evictions (from lower level)
   INV: 577 # Invalidates (from upper level)
   INVX: 0 # Downgrades (from upper level)
   FWD: 0 # Forwards (from upper level)
   latGETnl: 34725 # GET request latency on next level
   latGETnet: 0 # GET request latency on network to next level
  l1i-4: # Filter cache stats
   fhGETS: 14715381 # Filtered GETS hits
   fhGETX: 0 # Filtered GETX hits
   hGETS: 31 # GETS hits
   hGETX: 0 # GETX hits
   mGETS: 593 # GETS misses
   mGETXIM: 0 # GETX I->M misses
   mGETXSM: 0 # GETX S->M misses (upgrade misses)
   PUTS: 0 # Clean evictions (from lower level)
   PUTX: 0 # Dirty evictions (from lower level)
   INV: 570 # Invalidates (from upper level)
   INVX: 0 # Downgrades (from upper level)
   FWD: 0 # Forwards (from upper level)
   latGETnl: 28996 # GET request latency on next level
   latGETnet: 0 # GET request latency on network to next level
  l1i-5: # Filter cache stats
   fhGETS: 14715411 # Filtered GETS hits
   fhGETX: 0 # Filtered GETX hits
   hGETS: 31 # GETS hits
   hGETX: 0 # GETX hits
   mGETS: 595 # GETS misses
   mGETXIM: 0 # GETX I->M misses
   mGETXSM: 0 # GETX S->M misses (upgrade misses)
   PUTS: 0 # Clean evictions (from lower level)
   PUTX: 0 # Dirty evictions (from lower level)
   INV: 572 # Invalidates (from upper level)
   INVX: 0 # Downgrades (from upper level)
   FWD: 0 # Forwards (from upper level)
   latGETnl: 28190 # GET request latency on next level
   latGETnet: 0 # GET request latency on network to next level
  l1i-6: # Filter cache stats
   fhGETS: 14715007 # Filtered GETS hits
   fhGETX: 0 # Filtered GETX hits
   hGETS: 30 # GETS hits
   hGETX: 0 # GETX hits
   mGETS: 596 # GETS misses
   mGETXIM: 0 # GETX I->M misses
   mGETXSM: 0 # GETX S->M misses (upgrade misses)
   PUTS: 0 # Clean evictions (from lower level)
   PUTX: 0 # Dirty evictions (from lower level)
   INV: 573 # Invalidates (from upper level)
   INVX: 0 # Downgrades (from upper level)
   FWD: 0 # Forwards (from upper level)
   latGETnl: 28237 # GET request latency on next level
   latGETnet: 0 # GET request latency on network to next level
  l1i-7: # Filter cache stats
   fhGETS: 14715270 # Filtered GETS hits
   fhGETX: 0 # Filtered GETX hits
   hGETS: 29 # GETS hits
   hGETX: 0 # GETX hits
   mGETS: 573 # GETS misses
   mGETXIM: 0 # GETX I->M misses
   mGETXSM: 0 # GETX S->M misses (upgrade misses)
   PUTS: 0 # Clean evictions (from lower level)
   PUTX: 0 # Dirty evictions (from lower level)
   INV: 550 # Invalidates (from upper level)
   INVX: 0 # Downgrades (from upper level)
   FWD: 0 # Forwards (from upper level)
   latGETnl: 32106 # GET request latency on next level
   latGETnet: 0 # GET request latency on network to next level
  l1i-8: # Filter cache stats
   fhGETS: 14715293 # Filtered GETS hits
   fhGETX: 0 # Filtered GETX hits
   hGETS: 30 # GETS hits
   hGETX: 0 # GETX hits
   mGETS: 580 # GETS misses
   mGETXIM: 0 # GETX I->M misses
   mGETXSM: 0 # GETX S->M misses (upgrade misses)
   PUTS: 0 # Clean evictions (from lower level)
   PUTX: 0 # Dirty evictions (from lower level)
   INV: 557 # Invalidates (from upper level)
   INVX: 0 # Downgrades (from upper level)
   FWD: 0 # Forwards (from upper level)
   latGETnl: 30860 # GET request latency on next level
   latGETnet: 0 # GET request latency on network to next level
  l1i-9: # Filter cache stats
   fhGETS: 14715295 # Filtered GETS hits
   fhGETX: 0 # Filtered GETX hits
   hGETS: 30 # GETS hits
   hGETX: 0 # GETX hits
   mGETS: 579 # GETS misses
   mGETXIM: 0 # GETX I->M misses
   mGETXSM: 0 # GETX S->M misses (upgrade misses)
   PUTS: 0 # Clean evictions (from lower level)
   PUTX: 0 # Dirty evictions (from lower level)
   INV: 556 # Invalidates (from upper level)
   INVX: 0 # Downgrades (from upper level)
   FWD: 0 # Forwards (from upper level)
   latGETnl: 30588 # GET request latency on next level
   latGETnet: 0 # GET request latency on network to next level
  l1i-10: # Filter cache stats
   fhGETS: 14715138 # Filtered GETS hits
   fhGETX: 0 # Filtered GETX hits
   hGETS: 30 # GETS hits
   hGETX: 0 # GETX hits
   mGETS: 577 # GETS misses
   mGETXIM: 0 # GETX I->M misses
   mGETXSM: 0 # GETX S->M misses (upgrade misses)
   PUTS: 0 # Clean evictions (from lower level)
   PUTX: 0 # Dirty evictions (from lower level)
   INV: 554 # Invalidates (from upper level)
   INVX: 0 # Downgrades (from upper level)
   FWD: 0 # Forwards (from upper level)
   latGETnl: 30944 # GET request latency on next level
   latGETnet: 0 # GET request latency on network to next level
  l1i-11: # Filter cache stats
   fhGETS: 14715050 # Filtered GETS hits
   fhGETX: 0 # Filtered GETX hits
   hGETS: 120 # GETS hits
   hGETX: 0 # GETX hits
   mGETS: 585 # GETS misses
   mGETXIM: 0 # GETX I->M misses
   mGETXSM: 0 # GETX S->M misses (upgrade misses)
   PUTS: 0 # Clean evictions (from lower level)
   PUTX: 0 # Dirty evictions (from lower level)
   INV: 562 # Invalidates (from upper level)
   INVX: 0 # Downgrades (from upper level)
   FWD: 0 # Forwards (from upper level)
   latGETnl: 29295 # GET request latency on next level
   latGETnet: 0 # GET request latency on network to next level
  l1i-12: # Filter cache stats
   fhGETS: 14715325 # Filtered GETS hits
   fhGETX: 0 # Filtered GETX hits
   hGETS: 30 # GETS hits
   hGETX: 0 # GETX hits
   mGETS: 576 # GETS misses
   mGETXIM: 0 # GETX I->M misses
   mGETXSM: 0 # GETX S->M misses (upgrade misses)
   PUTS: 0 # Clean evictions (from lower level)
   PUTX: 0 # Dirty evictions (from lower level)
   INV: 553 # Invalidates (from upper level)
   INVX: 0 # Downgrades (from upper level)
   FWD: 0 # Forwards (from upper level)
   latGETnl: 27972 # GET request latency on next level
   latGETnet: 0 # GET request latency on network to next level
  l1i-13: # Filter cache stats
   fhGETS: 14715202 # Filtered GETS hits
   fhGETX: 0 # Filtered GETX hits
   hGETS: 30 # GETS hits
   hGETX: 0 # GETX hits
   mGETS: 580 # GETS misses
   mGETXIM: 0 # GETX I->M misses
   mGETXSM: 0 # GETX S->M misses (upgrade misses)
   PUTS: 0 # Clean evictions (from lower level)
   PUTX: 0 # Dirty evictions (from lower level)
   INV: 563 # Invalidates (from upper level)
   INVX: 0 # Downgrades (from upper level)
   FWD: 0 # Forwards (from upper level)
   latGETnl: 28160 # GET request latency on next level
   latGETnet: 0 # GET request latency on network to next level
  l1i-14: # Filter cache stats
   fhGETS: 14715296 # Filtered GETS hits
   fhGETX: 0 # Filtered GETX hits
   hGETS: 30 # GETS hits
   hGETX: 0 # GETX hits
   mGETS: 580 # GETS misses
   mGETXIM: 0 # GETX I->M misses
   mGETXSM: 0 # GETX S->M misses (upgrade misses)
   PUTS: 0 # Clean evictions (from lower level)
   PUTX: 0 # Dirty evictions (from lower level)
   INV: 557 # Invalidates (from upper level)
   INVX: 0 # Downgrades (from upper level)
   FWD: 0 # Forwards (from upper level)
   latGETnl: 28160 # GET request latency on next level
   latGETnet: 0 # GET request latency on network to next level
  l1i-15: # Filter cache stats
   fhGETS: 14714746 # Filtered GETS hits
   fhGETX: 0 # Filtered GETX hits
   hGETS: 27 # GETS hits
   hGETX: 0 # GETX hits
   mGETS: 578 # GETS misses
   mGETXIM: 0 # GETX I->M misses
   mGETXSM: 0 # GETX S->M misses (upgrade misses)
   PUTS: 0 # Clean evictions (from lower level)
   PUTX: 0 # Dirty evictions (from lower level)
   INV: 555 # Invalidates (from upper level)
   INVX: 0 # Downgrades (from upper level)
   FWD: 0 # Forwards (from upper level)
   latGETnl: 28741 # GET request latency on next level
   latGETnet: 0 # GET request latency on network to next level
  l1i-16: # Filter cache stats
   fhGETS: 14715296 # Filtered GETS hits
   fhGETX: 0 # Filtered GETX hits
   hGETS: 30 # GETS hits
   hGETX: 0 # GETX hits
   mGETS: 576 # GETS misses
   mGETXIM: 0 # GETX I->M misses
   mGETXSM: 0 # GETX S->M misses (upgrade misses)
   PUTS: 0 # Clean evictions (from lower level)
   PUTX: 0 # Dirty evictions (from lower level)
   INV: 553 # Invalidates (from upper level)
   INVX: 0 # Downgrades (from upper level)
   FWD: 0 # Forwards (from upper level)
   latGETnl: 28197 # GET request latency on next level
   latGETnet: 0 # GET request latency on network to next level
  l1i-17: # Filter cache stats
   fhGETS: 14706467 # Filtered GETS hits
   fhGETX: 0 # Filtered GETX hits
   hGETS: 195 # GETS hits
   hGETX: 0 # GETX hits
   mGETS: 648 # GETS misses
   mGETXIM: 0 # GETX I->M misses
   mGETXSM: 0 # GETX S->M misses (upgrade misses)
   PUTS: 0 # Clean evictions (from lower level)
   PUTX: 0 # Dirty evictions (from lower level)
   INV: 625 # Invalidates (from upper level)
   INVX: 0 # Downgrades (from upper level)
   FWD: 0 # Forwards (from upper level)
   latGETnl: 43281 # GET request latency on next level
   latGETnet: 0 # GET request latency on network to next level
  l1i-18: # Filter cache stats
   fhGETS: 14715095 # Filtered GETS hits
   fhGETX: 0 # Filtered GETX hits
   hGETS: 30 # GETS hits
   hGETX: 0 # GETX hits
   mGETS: 577 # GETS misses
   mGETXIM: 0 # GETX I->M misses
   mGETXSM: 0 # GETX S->M misses (upgrade misses)
   PUTS: 0 # Clean evictions (from lower level)
   PUTX: 0 # Dirty evictions (from lower level)
   INV: 554 # Invalidates (from upper level)
   INVX: 0 # Downgrades (from upper level)
   FWD: 0 # Forwards (from upper level)
   latGETnl: 27119 # GET request latency on next level
   latGETnet: 0 # GET request latency on network to next level
  l1i-19: # Filter cache stats
   fhGETS: 14715581 # Filtered GETS hits
   fhGETX: 0 # Filtered GETX hits
   hGETS: 30 # GETS hits
   hGETX: 0 # GETX hits
   mGETS: 578 # GETS misses
   mGETXIM: 0 # GETX I->M misses
   mGETXSM: 0 # GETX S->M misses (upgrade misses)
   PUTS: 0 # Clean evictions (from lower level)
   PUTX: 0 # Dirty evictions (from lower level)
   INV: 552 # Invalidates (from upper level)
   INVX: 0 # Downgrades (from upper level)
   FWD: 0 # Forwards (from upper level)
   latGETnl: 28291 # GET request latency on next level
   latGETnet: 0 # GET request latency on network to next level
  l1i-20: # Filter cache stats
   fhGETS: 14714760 # Filtered GETS hits
   fhGETX: 0 # Filtered GETX hits
   hGETS: 30 # GETS hits
   hGETX: 0 # GETX hits
   mGETS: 581 # GETS misses
   mGETXIM: 0 # GETX I->M misses
   mGETXSM: 0 # GETX S->M misses (upgrade misses)
   PUTS: 0 # Clean evictions (from lower level)
   PUTX: 0 # Dirty evictions (from lower level)
   INV: 558 # Invalidates (from upper level)
   INVX: 0 # Downgrades (from upper level)
   FWD: 0 # Forwards (from upper level)
   latGETnl: 27307 # GET request latency on next level
   latGETnet: 0 # GET request latency on network to next level
  l1i-21: # Filter cache stats
   fhGETS: 14714441 # Filtered GETS hits
   fhGETX: 0 # Filtered GETX hits
   hGETS: 30 # GETS hits
   hGETX: 0 # GETX hits
   mGETS: 577 # GETS misses
   mGETXIM: 0 # GETX I->M misses
   mGETXSM: 0 # GETX S->M misses (upgrade misses)
   PUTS: 0 # Clean evictions (from lower level)
   PUTX: 0 # Dirty evictions (from lower level)
   INV: 554 # Invalidates (from upper level)
   INVX: 0 # Downgrades (from upper level)
   FWD: 0 # Forwards (from upper level)
   latGETnl: 27119 # GET request latency on next level
   latGETnet: 0 # GET request latency on network to next level
  l1i-22: # Filter cache stats
   fhGETS: 14714254 # Filtered GETS hits
   fhGETX: 0 # Filtered GETX hits
   hGETS: 30 # GETS hits
   hGETX: 0 # GETX hits
   mGETS: 581 # GETS misses
   mGETXIM: 0 # GETX I->M misses
   mGETXSM: 0 # GETX S->M misses (upgrade misses)
   PUTS: 0 # Clean evictions (from lower level)
   PUTX: 0 # Dirty evictions (from lower level)
   INV: 558 # Invalidates (from upper level)
   INVX: 0 # Downgrades (from upper level)
   FWD: 0 # Forwards (from upper level)
   latGETnl: 27307 # GET request latency on next level
   latGETnet: 0 # GET request latency on network to next level
  l1i-23: # Filter cache stats
   fhGETS: 0 # Filtered GETS hits
   fhGETX: 0 # Filtered GETX hits
   hGETS: 0 # GETS hits
   hGETX: 0 # GETX hits
   mGETS: 0 # GETS misses
   mGETXIM: 0 # GETX I->M misses
   mGETXSM: 0 # GETX S->M misses (upgrade misses)
   PUTS: 0 # Clean evictions (from lower level)
   PUTX: 0 # Dirty evictions (from lower level)
   INV: 0 # Invalidates (from upper level)
   INVX: 0 # Downgrades (from upper level)
   FWD: 0 # Forwards (from upper level)
   latGETnl: 0 # GET request latency on next level
   latGETnet: 0 # GET request latency on network to next level
 l2: # Cache stats
  l2-0: # Cache stats
   hGETS: 0 # GETS hits
   hGETX: 0 # GETX hits
   mGETS: 41612 # GETS misses
   mGETXIM: 250100 # GETX I->M misses
   mGETXSM: 6 # GETX S->M misses (upgrade misses)
   PUTS: 40817 # Clean evictions (from lower level)
   PUTX: 249610 # Dirty evictions (from lower level)
   INV: 25692 # Invalidates (from upper level)
   INVX: 84 # Downgrades (from upper level)
   FWD: 0 # Forwards (from upper level)
   latGETnl: 76278900 # GET request latency on next level
   latGETnet: 0 # GET request latency on network to next level
  l2-1: # Cache stats
   hGETS: 0 # GETS hits
   hGETX: 0 # GETX hits
   mGETS: 41475 # GETS misses
   mGETXIM: 250055 # GETX I->M misses
   mGETXSM: 7 # GETX S->M misses (upgrade misses)
   PUTS: 40775 # Clean evictions (from lower level)
   PUTX: 249581 # Dirty evictions (from lower level)
   INV: 17340 # Invalidates (from upper level)
   INVX: 24 # Downgrades (from upper level)
   FWD: 0 # Forwards (from upper level)
   latGETnl: 76213253 # GET request latency on next level
   latGETnet: 0 # GET request latency on network to next level
  l2-2: # Cache stats
   hGETS: 0 # GETS hits
   hGETX: 0 # GETX hits
   mGETS: 41499 # GETS misses
   mGETXIM: 250046 # GETX I->M misses
   mGETXSM: 5 # GETX S->M misses (upgrade misses)
   PUTS: 40776 # Clean evictions (from lower level)
   PUTX: 249581 # Dirty evictions (from lower level)
   INV: 18765 # Invalidates (from upper level)
   INVX: 6 # Downgrades (from upper level)
   FWD: 0 # Forwards (from upper level)
   latGETnl: 76215085 # GET request latency on next level
   latGETnet: 0 # GET request latency on network to next level
  l2-3: # Cache stats
   hGETS: 0 # GETS hits
   hGETX: 0 # GETX hits
   mGETS: 41484 # GETS misses
   mGETXIM: 250057 # GETX I->M misses
   mGETXSM: 10 # GETX S->M misses (upgrade misses)
   PUTS: 40773 # Clean evictions (from lower level)
   PUTX: 249583 # Dirty evictions (from lower level)
   INV: 17232 # Invalidates (from upper level)
   INVX: 27 # Downgrades (from upper level)
   FWD: 0 # Forwards (from upper level)
   latGETnl: 76215134 # GET request latency on next level
   latGETnet: 0 # GET request latency on network to next level
  l2-4: # Cache stats
   hGETS: 0 # GETS hits
   hGETX: 0 # GETX hits
   mGETS: 41480 # GETS misses
   mGETXIM: 250056 # GETX I->M misses
   mGETXSM: 9 # GETX S->M misses (upgrade misses)
   PUTS: 40773 # Clean evictions (from lower level)
   PUTX: 249586 # Dirty evictions (from lower level)
   INV: 17047 # Invalidates (from upper level)
   INVX: 21 # Downgrades (from upper level)
   FWD: 0 # Forwards (from upper level)
   latGETnl: 76208262 # GET request latency on next level
   latGETnet: 0 # GET request latency on network to next level
  l2-5: # Cache stats
   hGETS: 0 # GETS hits
   hGETX: 0 # GETX hits
   mGETS: 41485 # GETS misses
   mGETXIM: 250054 # GETX I->M misses
   mGETXSM: 10 # GETX S->M misses (upgrade misses)
   PUTS: 40773 # Clean evictions (from lower level)
   PUTX: 249586 # Dirty evictions (from lower level)
   INV: 18507 # Invalidates (from upper level)
   INVX: 19 # Downgrades (from upper level)
   FWD: 0 # Forwards (from upper level)
   latGETnl: 76208452 # GET request latency on next level
   latGETnet: 0 # GET request latency on network to next level
  l2-6: # Cache stats
   hGETS: 0 # GETS hits
   hGETX: 0 # GETX hits
   mGETS: 41481 # GETS misses
   mGETXIM: 250055 # GETX I->M misses
   mGETXSM: 8 # GETX S->M misses (upgrade misses)
   PUTS: 40773 # Clean evictions (from lower level)
   PUTX: 249581 # Dirty evictions (from lower level)
   INV: 26747 # Invalidates (from upper level)
   INVX: 19 # Downgrades (from upper level)
   FWD: 0 # Forwards (from upper level)
   latGETnl: 76205722 # GET request latency on next level
   latGETnet: 0 # GET request latency on network to next level
  l2-7: # Cache stats
   hGETS: 0 # GETS hits
   hGETX: 0 # GETX hits
   mGETS: 41442 # GETS misses
   mGETXIM: 250052 # GETX I->M misses
   mGETXSM: 4 # GETX S->M misses (upgrade misses)
   PUTS: 40765 # Clean evictions (from lower level)
   PUTX: 249588 # Dirty evictions (from lower level)
   INV: 17299 # Invalidates (from upper level)
   INVX: 13 # Downgrades (from upper level)
   FWD: 0 # Forwards (from upper level)
   latGETnl: 76210122 # GET request latency on next level
   latGETnet: 0 # GET request latency on network to next level
  l2-8: # Cache stats
   hGETS: 0 # GETS hits
   hGETX: 0 # GETX hits
   mGETS: 41447 # GETS misses
   mGETXIM: 250056 # GETX I->M misses
   mGETXSM: 6 # GETX S->M misses (upgrade misses)
   PUTS: 40763 # Clean evictions (from lower level)
   PUTX: 249590 # Dirty evictions (from lower level)
   INV: 21112 # Invalidates (from upper level)
   INVX: 12 # Downgrades (from upper level)
   FWD: 0 # Forwards (from upper level)
   latGETnl: 76208083 # GET request latency on next level
   latGETnet: 0 # GET request latency on network to next level
  l2-9: # Cache stats
   hGETS: 0 # GETS hits
   hGETX: 0 # GETX hits
   mGETS: 41447 # GETS misses
   mGETXIM: 250054 # GETX I->M misses
   mGETXSM: 4 # GETX S->M misses (upgrade misses)
   PUTS: 40764 # Clean evictions (from lower level)
   PUTX: 249589 # Dirty evictions (from lower level)
   INV: 17069 # Invalidates (from upper level)
   INVX: 6 # Downgrades (from upper level)
   FWD: 0 # Forwards (from upper level)
   latGETnl: 76206642 # GET request latency on next level
   latGETnet: 0 # GET request latency on network to next level
  l2-10: # Cache stats
   hGETS: 0 # GETS hits
   hGETX: 0 # GETX hits
   mGETS: 41442 # GETS misses
   mGETXIM: 250053 # GETX I->M misses
   mGETXSM: 5 # GETX S->M misses (upgrade misses)
   PUTS: 40762 # Clean evictions (from lower level)
   PUTX: 249586 # Dirty evictions (from lower level)
   INV: 17345 # Invalidates (from upper level)
   INVX: 16 # Downgrades (from upper level)
   FWD: 0 # Forwards (from upper level)
   latGETnl: 76207722 # GET request latency on next level
   latGETnet: 0 # GET request latency on network to next level
  l2-11: # Cache stats
   hGETS: 0 # GETS hits
   hGETX: 0 # GETX hits
   mGETS: 41468 # GETS misses
   mGETXIM: 250063 # GETX I->M misses
   mGETXSM: 9 # GETX S->M misses (upgrade misses)
   PUTS: 40768 # Clean evictions (from lower level)
   PUTX: 249600 # Dirty evictions (from lower level)
   INV: 34918 # Invalidates (from upper level)
   INVX: 18 # Downgrades (from upper level)
   FWD: 0 # Forwards (from upper level)
   latGETnl: 76211466 # GET request latency on next level
   latGETnet: 0 # GET request latency on network to next level
  l2-12: # Cache stats
   hGETS: 0 # GETS hits
   hGETX: 0 # GETX hits
   mGETS: 41444 # GETS misses
   mGETXIM: 250050 # GETX I->M misses
   mGETXSM: 5 # GETX S->M misses (upgrade misses)
   PUTS: 40762 # Clean evictions (from lower level)
   PUTX: 249589 # Dirty evictions (from lower level)
   INV: 21456 # Invalidates (from upper level)
   INVX: 24 # Downgrades (from upper level)
   FWD: 0 # Forwards (from upper level)
   latGETnl: 76208135 # GET request latency on next level
   latGETnet: 0 # GET request latency on network to next level
  l2-13: # Cache stats
   hGETS: 0 # GETS hits
   hGETX: 0 # GETX hits
   mGETS: 41450 # GETS misses
   mGETXIM: 250047 # GETX I->M misses
   mGETXSM: 6 # GETX S->M misses (upgrade misses)
   PUTS: 40763 # Clean evictions (from lower level)
   PUTX: 249586 # Dirty evictions (from lower level)
   INV: 17272 # Invalidates (from upper level)
   INVX: 17 # Downgrades (from upper level)
   FWD: 0 # Forwards (from upper level)
   latGETnl: 76206778 # GET request latency on next level
   latGETnet: 0 # GET request latency on network to next level
  l2-14: # Cache stats
   hGETS: 0 # GETS hits
   hGETX: 0 # GETX hits
   mGETS: 41447 # GETS misses
   mGETXIM: 250054 # GETX I->M misses
   mGETXSM: 5 # GETX S->M misses (upgrade misses)
   PUTS: 40763 # Clean evictions (from lower level)
   PUTX: 249590 # Dirty evictions (from lower level)
   INV: 17247 # Invalidates (from upper level)
   INVX: 2 # Downgrades (from upper level)
   FWD: 0 # Forwards (from upper level)
   latGETnl: 76203065 # GET request latency on next level
   latGETnet: 0 # GET request latency on network to next level
  l2-15: # Cache stats
   hGETS: 0 # GETS hits
   hGETX: 0 # GETX hits
   mGETS: 41444 # GETS misses
   mGETXIM: 250041 # GETX I->M misses
   mGETXSM: 6 # GETX S->M misses (upgrade misses)
   PUTS: 40761 # Clean evictions (from lower level)
   PUTX: 249578 # Dirty evictions (from lower level)
   INV: 17205 # Invalidates (from upper level)
   INVX: 2 # Downgrades (from upper level)
   FWD: 0 # Forwards (from upper level)
   latGETnl: 76200288 # GET request latency on next level
   latGETnet: 0 # GET request latency on network to next level
  l2-16: # Cache stats
   hGETS: 0 # GETS hits
   hGETX: 0 # GETX hits
   mGETS: 41442 # GETS misses
   mGETXIM: 250054 # GETX I->M misses
   mGETXSM: 5 # GETX S->M misses (upgrade misses)
   PUTS: 40764 # Clean evictions (from lower level)
   PUTX: 249588 # Dirty evictions (from lower level)
   INV: 22696 # Invalidates (from upper level)
   INVX: 5 # Downgrades (from upper level)
   FWD: 0 # Forwards (from upper level)
   latGETnl: 76203329 # GET request latency on next level
   latGETnet: 0 # GET request latency on network to next level
  l2-17: # Cache stats
   hGETS: 0 # GETS hits
   hGETX: 0 # GETX hits
   mGETS: 41559 # GETS misses
   mGETXIM: 249887 # GETX I->M misses
   mGETXSM: 14 # GETX S->M misses (upgrade misses)
   PUTS: 40794 # Clean evictions (from lower level)
   PUTX: 249438 # Dirty evictions (from lower level)
   INV: 26543 # Invalidates (from upper level)
   INVX: 1 # Downgrades (from upper level)
   FWD: 0 # Forwards (from upper level)
   latGETnl: 76178736 # GET request latency on next level
   latGETnet: 0 # GET request latency on network to next level
  l2-18: # Cache stats
   hGETS: 0 # GETS hits
   hGETX: 0 # GETX hits
   mGETS: 41443 # GETS misses
   mGETXIM: 250047 # GETX I->M misses
   mGETXSM: 6 # GETX S->M misses (upgrade misses)
   PUTS: 40761 # Clean evictions (from lower level)
   PUTX: 249584 # Dirty evictions (from lower level)
   INV: 17368 # Invalidates (from upper level)
   INVX: 1 # Downgrades (from upper level)
   FWD: 0 # Forwards (from upper level)
   latGETnl: 76200037 # GET request latency on next level
   latGETnet: 0 # GET request latency on network to next level
  l2-19: # Cache stats
   hGETS: 0 # GETS hits
   hGETX: 0 # GETX hits
   mGETS: 41445 # GETS misses
   mGETXIM: 250057 # GETX I->M misses
   mGETXSM: 4 # GETX S->M misses (upgrade misses)
   PUTS: 40767 # Clean evictions (from lower level)
   PUTX: 249589 # Dirty evictions (from lower level)
   INV: 26051 # Invalidates (from upper level)
   INVX: 1 # Downgrades (from upper level)
   FWD: 0 # Forwards (from upper level)
   latGETnl: 76203951 # GET request latency on next level
   latGETnet: 0 # GET request latency on network to next level
  l2-20: # Cache stats
   hGETS: 0 # GETS hits
   hGETX: 0 # GETX hits
   mGETS: 41446 # GETS misses
   mGETXIM: 250045 # GETX I->M misses
   mGETXSM: 6 # GETX S->M misses (upgrade misses)
   PUTS: 40762 # Clean evictions (from lower level)
   PUTX: 249578 # Dirty evictions (from lower level)
   INV: 17129 # Invalidates (from upper level)
   INVX: 2 # Downgrades (from upper level)
   FWD: 0 # Forwards (from upper level)
   latGETnl: 76198724 # GET request latency on next level
   latGETnet: 0 # GET request latency on network to next level
  l2-21: # Cache stats
   hGETS: 0 # GETS hits
   hGETX: 0 # GETX hits
   mGETS: 41443 # GETS misses
   mGETXIM: 250034 # GETX I->M misses
   mGETXSM: 6 # GETX S->M misses (upgrade misses)
   PUTS: 40762 # Clean evictions (from lower level)
   PUTX: 249571 # Dirty evictions (from lower level)
   INV: 35832 # Invalidates (from upper level)
   INVX: 2 # Downgrades (from upper level)
   FWD: 0 # Forwards (from upper level)
   latGETnl: 76197531 # GET request latency on next level
   latGETnet: 0 # GET request latency on network to next level
  l2-22: # Cache stats
   hGETS: 0 # GETS hits
   hGETX: 0 # GETX hits
   mGETS: 41446 # GETS misses
   mGETXIM: 250031 # GETX I->M misses
   mGETXSM: 5 # GETX S->M misses (upgrade misses)
   PUTS: 40762 # Clean evictions (from lower level)
   PUTX: 249566 # Dirty evictions (from lower level)
   INV: 23268 # Invalidates (from upper level)
   INVX: 2 # Downgrades (from upper level)
   FWD: 0 # Forwards (from upper level)
   latGETnl: 76195905 # GET request latency on next level
   latGETnet: 0 # GET request latency on network to next level
  l2-23: # Cache stats
   hGETS: 0 # GETS hits
   hGETX: 0 # GETX hits
   mGETS: 0 # GETS misses
   mGETXIM: 0 # GETX I->M misses
   mGETXSM: 0 # GETX S->M misses (upgrade misses)
   PUTS: 0 # Clean evictions (from lower level)
   PUTX: 0 # Dirty evictions (from lower level)
   INV: 0 # Invalidates (from upper level)
   INVX: 0 # Downgrades (from upper level)
   FWD: 0 # Forwards (from upper level)
   latGETnl: 0 # GET request latency on next level
   latGETnet: 0 # GET request latency on network to next level
 l3: # Cache stats
  l3-0b0: # Cache stats
   hGETS: 741 # GETS hits
   hGETX: 54 # GETX hits
   mGETS: 38779 # GETS misses
   mGETXIM: 239624 # GETX I->M misses
   mGETXSM: 0 # GETX S->M misses (upgrade misses)
   PUTS: 34329 # Clean evictions (from lower level)
   PUTX: 209270 # Dirty evictions (from lower level)
   INV: 0 # Invalidates (from upper level)
   INVX: 0 # Downgrades (from upper level)
   FWD: 0 # Forwards (from upper level)
   latGETnl: 62640675 # GET request latency on next level
   latGETnet: 0 # GET request latency on network to next level
  l3-0b1: # Cache stats
   hGETS: 716 # GETS hits
   hGETX: 14 # GETX hits
   mGETS: 39274 # GETS misses
   mGETXIM: 239623 # GETX I->M misses
   mGETXSM: 0 # GETX S->M misses (upgrade misses)
   PUTS: 34891 # Clean evictions (from lower level)
   PUTX: 209000 # Dirty evictions (from lower level)
   INV: 0 # Invalidates (from upper level)
   INVX: 0 # Downgrades (from upper level)
   FWD: 0 # Forwards (from upper level)
   latGETnl: 62751825 # GET request latency on next level
   latGETnet: 0 # GET request latency on network to next level
  l3-0b2: # Cache stats
   hGETS: 564 # GETS hits
   hGETX: 28 # GETX hits
   mGETS: 38851 # GETS misses
   mGETXIM: 239628 # GETX I->M misses
   mGETXSM: 0 # GETX S->M misses (upgrade misses)
   PUTS: 34532 # Clean evictions (from lower level)
   PUTX: 209493 # Dirty evictions (from lower level)
   INV: 0 # Invalidates (from upper level)
   INVX: 0 # Downgrades (from upper level)
   FWD: 0 # Forwards (from upper level)
   latGETnl: 62657775 # GET request latency on next level
   latGETnet: 0 # GET request latency on network to next level
  l3-0b3: # Cache stats
   hGETS: 682 # GETS hits
   hGETX: 35 # GETX hits
   mGETS: 38452 # GETS misses
   mGETXIM: 239625 # GETX I->M misses
   mGETXSM: 0 # GETX S->M misses (upgrade misses)
   PUTS: 34252 # Clean evictions (from lower level)
   PUTX: 209705 # Dirty evictions (from lower level)
   INV: 0 # Invalidates (from upper level)
   INVX: 0 # Downgrades (from upper level)
   FWD: 0 # Forwards (from upper level)
   latGETnl: 62567325 # GET request latency on next level
   latGETnet: 0 # GET request latency on network to next level
  l3-0b4: # Cache stats
   hGETS: 645 # GETS hits
   hGETX: 38 # GETX hits
   mGETS: 38903 # GETS misses
   mGETXIM: 239621 # GETX I->M misses
   mGETXSM: 0 # GETX S->M misses (upgrade misses)
   PUTS: 34521 # Clean evictions (from lower level)
   PUTX: 209471 # Dirty evictions (from lower level)
   INV: 0 # Invalidates (from upper level)
   INVX: 0 # Downgrades (from upper level)
   FWD: 0 # Forwards (from upper level)
   latGETnl: 62667900 # GET request latency on next level
   latGETnet: 0 # GET request latency on network to next level
  l3-0b5: # Cache stats
   hGETS: 739 # GETS hits
   hGETX: 32 # GETX hits
   mGETS: 39142 # GETS misses
   mGETXIM: 239624 # GETX I->M misses
   mGETXSM: 0 # GETX S->M misses (upgrade misses)
   PUTS: 34836 # Clean evictions (from lower level)
   PUTX: 209382 # Dirty evictions (from lower level)
   INV: 0 # Invalidates (from upper level)
   INVX: 0 # Downgrades (from upper level)
   FWD: 0 # Forwards (from upper level)
   latGETnl: 62722350 # GET request latency on next level
   latGETnet: 0 # GET request latency on network to next level
  l3-0b6: # Cache stats
   hGETS: 589 # GETS hits
   hGETX: 26 # GETX hits
   mGETS: 39056 # GETS misses
   mGETXIM: 239622 # GETX I->M misses
   mGETXSM: 0 # GETX S->M misses (upgrade misses)
   PUTS: 34679 # Clean evictions (from lower level)
   PUTX: 209447 # Dirty evictions (from lower level)
   INV: 0 # Invalidates (from upper level)
   INVX: 0 # Downgrades (from upper level)
   FWD: 0 # Forwards (from upper level)
   latGETnl: 62702550 # GET request latency on next level
   latGETnet: 0 # GET request latency on network to next level
  l3-0b7: # Cache stats
   hGETS: 992 # GETS hits
   hGETX: 52 # GETX hits
   mGETS: 38851 # GETS misses
   mGETXIM: 239626 # GETX I->M misses
   mGETXSM: 0 # GETX S->M misses (upgrade misses)
   PUTS: 34874 # Clean evictions (from lower level)
   PUTX: 209497 # Dirty evictions (from lower level)
   INV: 0 # Invalidates (from upper level)
   INVX: 0 # Downgrades (from upper level)
   FWD: 0 # Forwards (from upper level)
   latGETnl: 62657325 # GET request latency on next level
   latGETnet: 0 # GET request latency on network to next level
  l3-0b8: # Cache stats
   hGETS: 699 # GETS hits
   hGETX: 78 # GETX hits
   mGETS: 38615 # GETS misses
   mGETXIM: 239636 # GETX I->M misses
   mGETXSM: 0 # GETX S->M misses (upgrade misses)
   PUTS: 34512 # Clean evictions (from lower level)
   PUTX: 209402 # Dirty evictions (from lower level)
   INV: 0 # Invalidates (from upper level)
   INVX: 0 # Downgrades (from upper level)
   FWD: 0 # Forwards (from upper level)
   latGETnl: 62606475 # GET request latency on next level
   latGETnet: 0 # GET request latency on network to next level
  l3-0b9: # Cache stats
   hGETS: 715 # GETS hits
   hGETX: 68 # GETX hits
   mGETS: 38607 # GETS misses
   mGETXIM: 239636 # GETX I->M misses
   mGETXSM: 0 # GETX S->M misses (upgrade misses)
   PUTS: 34340 # Clean evictions (from lower level)
   PUTX: 209747 # Dirty evictions (from lower level)
   INV: 0 # Invalidates (from upper level)
   INVX: 0 # Downgrades (from upper level)
   FWD: 0 # Forwards (from upper level)
   latGETnl: 62604675 # GET request latency on next level
   latGETnet: 0 # GET request latency on network to next level
  l3-0b10: # Cache stats
   hGETS: 1139 # GETS hits
   hGETX: 22 # GETX hits
   mGETS: 39808 # GETS misses
   mGETXIM: 239634 # GETX I->M misses
   mGETXSM: 0 # GETX S->M misses (upgrade misses)
   PUTS: 35663 # Clean evictions (from lower level)
   PUTX: 209013 # Dirty evictions (from lower level)
   INV: 0 # Invalidates (from upper level)
   INVX: 0 # Downgrades (from upper level)
   FWD: 0 # Forwards (from upper level)
   latGETnl: 62874450 # GET request latency on next level
   latGETnet: 0 # GET request latency on network to next level
  l3-0b11: # Cache stats
   hGETS: 728 # GETS hits
   hGETX: 40 # GETX hits
   mGETS: 39876 # GETS misses
   mGETXIM: 239636 # GETX I->M misses
   mGETXSM: 0 # GETX S->M misses (upgrade misses)
   PUTS: 35397 # Clean evictions (from lower level)
   PUTX: 208860 # Dirty evictions (from lower level)
   INV: 0 # Invalidates (from upper level)
   INVX: 0 # Downgrades (from upper level)
   FWD: 0 # Forwards (from upper level)
   latGETnl: 62890200 # GET request latency on next level
   latGETnet: 0 # GET request latency on network to next level
  l3-0b12: # Cache stats
   hGETS: 1118 # GETS hits
   hGETX: 37 # GETX hits
   mGETS: 38815 # GETS misses
   mGETXIM: 239630 # GETX I->M misses
   mGETXSM: 0 # GETX S->M misses (upgrade misses)
   PUTS: 34977 # Clean evictions (from lower level)
   PUTX: 209319 # Dirty evictions (from lower level)
   INV: 0 # Invalidates (from upper level)
   INVX: 0 # Downgrades (from upper level)
   FWD: 0 # Forwards (from upper level)
   latGETnl: 62650125 # GET request latency on next level
   latGETnet: 0 # GET request latency on network to next level
  l3-0b13: # Cache stats
   hGETS: 1064 # GETS hits
   hGETX: 20 # GETX hits
   mGETS: 38883 # GETS misses
   mGETXIM: 239635 # GETX I->M misses
   mGETXSM: 0 # GETX S->M misses (upgrade misses)
   PUTS: 34937 # Clean evictions (from lower level)
   PUTX: 209397 # Dirty evictions (from lower level)
   INV: 0 # Invalidates (from upper level)
   INVX: 0 # Downgrades (from upper level)
   FWD: 0 # Forwards (from upper level)
   latGETnl: 62666550 # GET request latency on next level
   latGETnet: 0 # GET request latency on network to next level
  l3-0b14: # Cache stats
   hGETS: 1122 # GETS hits
   hGETX: 15 # GETX hits
   mGETS: 39372 # GETS misses
   mGETXIM: 239626 # GETX I->M misses
   mGETXSM: 0 # GETX S->M misses (upgrade misses)
   PUTS: 35341 # Clean evictions (from lower level)
   PUTX: 209280 # Dirty evictions (from lower level)
   INV: 0 # Invalidates (from upper level)
   INVX: 0 # Downgrades (from upper level)
   FWD: 0 # Forwards (from upper level)
   latGETnl: 62774550 # GET request latency on next level
   latGETnet: 0 # GET request latency on network to next level
  l3-0b15: # Cache stats
   hGETS: 1061 # GETS hits
   hGETX: 25 # GETX hits
   mGETS: 39333 # GETS misses
   mGETXIM: 239630 # GETX I->M misses
   mGETXSM: 0 # GETX S->M misses (upgrade misses)
   PUTS: 35300 # Clean evictions (from lower level)
   PUTX: 209166 # Dirty evictions (from lower level)
   INV: 0 # Invalidates (from upper level)
   INVX: 0 # Downgrades (from upper level)
   FWD: 0 # Forwards (from upper level)
   latGETnl: 62766675 # GET request latency on next level
   latGETnet: 0 # GET request latency on network to next level
  l3-0b16: # Cache stats
   hGETS: 727 # GETS hits
   hGETX: 22 # GETX hits
   mGETS: 39754 # GETS misses
   mGETXIM: 239535 # GETX I->M misses
   mGETXSM: 0 # GETX S->M misses (upgrade misses)
   PUTS: 35395 # Clean evictions (from lower level)
   PUTX: 209260 # Dirty evictions (from lower level)
   INV: 0 # Invalidates (from upper level)
   INVX: 0 # Downgrades (from upper level)
   FWD: 0 # Forwards (from upper level)
   latGETnl: 62840025 # GET request latency on next level
   latGETnet: 0 # GET request latency on network to next level
  l3-0b17: # Cache stats
   hGETS: 746 # GETS hits
   hGETX: 14 # GETX hits
   mGETS: 39280 # GETS misses
   mGETXIM: 239529 # GETX I->M misses
   mGETXSM: 0 # GETX S->M misses (upgrade misses)
   PUTS: 35058 # Clean evictions (from lower level)
   PUTX: 209168 # Dirty evictions (from lower level)
   INV: 0 # Invalidates (from upper level)
   INVX: 0 # Downgrades (from upper level)
   FWD: 0 # Forwards (from upper level)
   latGETnl: 62732025 # GET request latency on next level
   latGETnet: 0 # GET request latency on network to next level
  l3-0b18: # Cache stats
   hGETS: 274 # GETS hits
   hGETX: 14 # GETX hits
   mGETS: 38478 # GETS misses
   mGETXIM: 239536 # GETX I->M misses
   mGETXSM: 0 # GETX S->M misses (upgrade misses)
   PUTS: 33950 # Clean evictions (from lower level)
   PUTX: 209497 # Dirty evictions (from lower level)
   INV: 0 # Invalidates (from upper level)
   INVX: 0 # Downgrades (from upper level)
   FWD: 0 # Forwards (from upper level)
   latGETnl: 62553150 # GET request latency on next level
   latGETnet: 0 # GET request latency on network to next level
  l3-0b19: # Cache stats
   hGETS: 271 # GETS hits
   hGETX: 44 # GETX hits
   mGETS: 38827 # GETS misses
   mGETXIM: 239532 # GETX I->M misses
   mGETXSM: 0 # GETX S->M misses (upgrade misses)
   PUTS: 34093 # Clean evictions (from lower level)
   PUTX: 209421 # Dirty evictions (from lower level)
   INV: 0 # Invalidates (from upper level)
   INVX: 0 # Downgrades (from upper level)
   FWD: 0 # Forwards (from upper level)
   latGETnl: 62630775 # GET request latency on next level
   latGETnet: 0 # GET request latency on network to next level
  l3-0b20: # Cache stats
   hGETS: 268 # GETS hits
   hGETX: 28 # GETX hits
   mGETS: 39415 # GETS misses
   mGETXIM: 239537 # GETX I->M misses
   mGETXSM: 0 # GETX S->M misses (upgrade misses)
   PUTS: 34632 # Clean evictions (from lower level)
   PUTX: 209114 # Dirty evictions (from lower level)
   INV: 0 # Invalidates (from upper level)
   INVX: 0 # Downgrades (from upper level)
   FWD: 0 # Forwards (from upper level)
   latGETnl: 62764200 # GET request latency on next level
   latGETnet: 0 # GET request latency on network to next level
  l3-0b21: # Cache stats
   hGETS: 262 # GETS hits
   hGETX: 34 # GETX hits
   mGETS: 39109 # GETS misses
   mGETXIM: 239538 # GETX I->M misses
   mGETXSM: 0 # GETX S->M misses (upgrade misses)
   PUTS: 34437 # Clean evictions (from lower level)
   PUTX: 209341 # Dirty evictions (from lower level)
   INV: 0 # Invalidates (from upper level)
   INVX: 0 # Downgrades (from upper level)
   FWD: 0 # Forwards (from upper level)
   latGETnl: 62695575 # GET request latency on next level
   latGETnet: 0 # GET request latency on network to next level
  l3-0b22: # Cache stats
   hGETS: 413 # GETS hits
   hGETX: 46 # GETX hits
   mGETS: 38722 # GETS misses
   mGETXIM: 239549 # GETX I->M misses
   mGETXSM: 0 # GETX S->M misses (upgrade misses)
   PUTS: 34239 # Clean evictions (from lower level)
   PUTX: 209272 # Dirty evictions (from lower level)
   INV: 0 # Invalidates (from upper level)
   INVX: 0 # Downgrades (from upper level)
   FWD: 0 # Forwards (from upper level)
   latGETnl: 62610975 # GET request latency on next level
   latGETnet: 0 # GET request latency on network to next level
  l3-0b23: # Cache stats
   hGETS: 325 # GETS hits
   hGETX: 56 # GETX hits
   mGETS: 38969 # GETS misses
   mGETXIM: 239545 # GETX I->M misses
   mGETXSM: 0 # GETX S->M misses (upgrade misses)
   PUTS: 34356 # Clean evictions (from lower level)
   PUTX: 209407 # Dirty evictions (from lower level)
   INV: 0 # Invalidates (from upper level)
   INVX: 0 # Downgrades (from upper level)
   FWD: 0 # Forwards (from upper level)
   latGETnl: 62665650 # GET request latency on next level
   latGETnet: 0 # GET request latency on network to next level
 mem: # Memory controller stats
  mem-0: # Memory controller stats
   rd: 6666016 # Read requests
   wr: 5236671 # Write requests
   rdlat: 2063918722 # Total latency experienced by read requests
   wrlat: 1652087801 # Total latency experienced by write requests
 sched: # Scheduler stats
  thCr: 25 # Threads created
  thFn: 25 # Threads finished
  schedEvs: 26 # Schedule events
  waitEvs: 2 # Wait events
  handoffEvs: 1 # Handoff events
  sleepEvs: 1 # Sleep events
  idlePhases: 0 # Phases with no thread active
  idlePeriods: 0 # Periods with no thread active
  occHist: # Occupancy histogram
   0: 0
   1: 36
   2: 0
   3: 2
   4: 2
   5: 1
   6: 1
   7: 0
   8: 1
   9: 0
   10: 0
   11: 0
   12: 1
   13: 0
   14: 1
   15: 0
   16: 0
   17: 1
   18: 0
   19: 0
   20: 1
   21: 0
   22: 0
   23: 40843
   24: 0
  rqSzHist: # Run queue size histogram
   0: 40860
   1: 30
   2: 0
   3: 0
   4: 0
   5: 0
   6: 0
   7: 0
   8: 0
   9: 0
   10: 0
   11: 0
   12: 0
   13: 0
   14: 0
   15: 0
   16: 0
   17: 0
   18: 0
   19: 0
   20: 0
   21: 0
   22: 0
   23: 0
   24: 0
 procCycles: # Per-process unhalted core cycles
  0: 939523598
  1: 0
  2: 0
  3: 0
  4: 0
  5: 0
  6: 0
  7: 0
  8: 0
  9: 0
  10: 0
  11: 0
  12: 0
  13: 0
  14: 0
  15: 0
  16: 0
  17: 0
  18: 0
  19: 0
  20: 0
  21: 0
  22: 0
  23: 0
  24: 0
  25: 0
  26: 0
  27: 0
  28: 0
  29: 0
  30: 0
  31: 0
  32: 0
  33: 0
  34: 0
  35: 0
  36: 0
  37: 0
  38: 0
  39: 0
  40: 0
  41: 0
  42: 0
  43: 0
  44: 0
  45: 0
  46: 0
  47: 0
  48: 0
  49: 0
  50: 0
  51: 0
  52: 0
  53: 0
  54: 0
  55: 0
  56: 0
  57: 0
  58: 0
  59: 0
  60: 0
  61: 0
  62: 0
  63: 0
 procInstrs: # Per-process instructions
  0: 1002658823
  1: 0
  2: 0
  3: 0
  4: 0
  5: 0
  6: 0
  7: 0
  8: 0
  9: 0
  10: 0
  11: 0
  12: 0
  13: 0
  14: 0
  15: 0
  16: 0
  17: 0
  18: 0
  19: 0
  20: 0
  21: 0
  22: 0
  23: 0
  24: 0
  25: 0
  26: 0
  27: 0
  28: 0
  29: 0
  30: 0
  31: 0
  32: 0
  33: 0
  34: 0
  35: 0
  36: 0
  37: 0
  38: 0
  39: 0
  40: 0
  41: 0
  42: 0
  43: 0
  44: 0
  45: 0
  46: 0
  47: 0
  48: 0
  49: 0
  50: 0
  51: 0
  52: 0
  53: 0
  54: 0
  55: 0
  56: 0
  57: 0
  58: 0
  59: 0
  60: 0
  61: 0
  62: 0
  63: 0
 heartbeats: # Per-process heartbeats
  0: 0
  1: 0
  2: 0
  3: 0
  4: 0
  5: 0
  6: 0
  7: 0
  8: 0
  9: 0
  10: 0
  11: 0
  12: 0
  13: 0
  14: 0
  15: 0
  16: 0
  17: 0
  18: 0
  19: 0
  20: 0
  21: 0
  22: 0
  23: 0
  24: 0
  25: 0
  26: 0
  27: 0
  28: 0
  29: 0
  30: 0
  31: 0
  32: 0
  33: 0
  34: 0
  35: 0
  36: 0
  37: 0
  38: 0
  39: 0
  40: 0
  41: 0
  42: 0
  43: 0
  44: 0
  45: 0
  46: 0
  47: 0
  48: 0
  49: 0
  50: 0
  51: 0
  52: 0
  53: 0
  54: 0
  55: 0
  56: 0
  57: 0
  58: 0
  59: 0
  60: 0
  61: 0
  62: 0
  63: 0
===
