# zsim stats
===
root: # Stats
 contention: # Contention simulation stats
  domain-0: # Domain stats
   time: 8406853141 # Weave simulation time
 time: # Simulator time breakdown
  init: 3052196395
  bound: 603775015868
  weave: 13151832511
  ff: 934273
 trigger: 20000 # Reason for this stats dump
 phase: 141694 # Simulated phases
 reqCycles: 0 # Requeue Cycles
 skylake: # Core stats
  skylake-0: # Core stats
   cycles: 141694014 # Simulated unhalted cycles
   cCycles: 1277713 # Cycles due to contention stalls
   instrs: 209187326 # Simulated instructions
   uops: 140894896 # issued micro-ops
   bbls: 69273487 # Basic blocks
   approxInstrs: 790585 # Instrs with approx uop decoding
   mispredBranches: 115026 # Mispredicted branches
   IdqNotDelivered: 140416301 # Stalls no uop delivered when no Bkend Stall
   IntMiscRecoveryCycles: 929976 # Stalls waiting machine clears
   uops executed: 141299994 # Executed microoperations
  skylake-1: # Core stats
   cycles: 141670018 # Simulated unhalted cycles
   cCycles: 1277714 # Cycles due to contention stalls
   instrs: 209186902 # Simulated instructions
   uops: 140894081 # issued micro-ops
   bbls: 69273517 # Basic blocks
   approxInstrs: 790583 # Instrs with approx uop decoding
   mispredBranches: 114999 # Mispredicted branches
   IdqNotDelivered: 140392304 # Stalls no uop delivered when no Bkend Stall
   IntMiscRecoveryCycles: 924941 # Stalls waiting machine clears
   uops executed: 141299162 # Executed microoperations
  skylake-2: # Core stats
   cycles: 141667535 # Simulated unhalted cycles
   cCycles: 1277716 # Cycles due to contention stalls
   instrs: 209183275 # Simulated instructions
   uops: 140891390 # issued micro-ops
   bbls: 69272385 # Basic blocks
   approxInstrs: 790572 # Instrs with approx uop decoding
   mispredBranches: 114993 # Mispredicted branches
   IdqNotDelivered: 140389819 # Stalls no uop delivered when no Bkend Stall
   IntMiscRecoveryCycles: 926274 # Stalls waiting machine clears
   uops executed: 141296516 # Executed microoperations
  skylake-3: # Core stats
   cycles: 141668706 # Simulated unhalted cycles
   cCycles: 1277710 # Cycles due to contention stalls
   instrs: 209185588 # Simulated instructions
   uops: 140893073 # issued micro-ops
   bbls: 69273111 # Basic blocks
   approxInstrs: 790579 # Instrs with approx uop decoding
   mispredBranches: 114992 # Mispredicted branches
   IdqNotDelivered: 140390996 # Stalls no uop delivered when no Bkend Stall
   IntMiscRecoveryCycles: 925280 # Stalls waiting machine clears
   uops executed: 141298165 # Executed microoperations
  skylake-4: # Core stats
   cycles: 141667014 # Simulated unhalted cycles
   cCycles: 1277718 # Cycles due to contention stalls
   instrs: 209186068 # Simulated instructions
   uops: 140893393 # issued micro-ops
   bbls: 69273271 # Basic blocks
   approxInstrs: 790579 # Instrs with approx uop decoding
   mispredBranches: 114992 # Mispredicted branches
   IdqNotDelivered: 140389296 # Stalls no uop delivered when no Bkend Stall
   IntMiscRecoveryCycles: 924862 # Stalls waiting machine clears
   uops executed: 141298485 # Executed microoperations
  skylake-5: # Core stats
   cycles: 141666014 # Simulated unhalted cycles
   cCycles: 1277713 # Cycles due to contention stalls
   instrs: 209185408 # Simulated instructions
   uops: 140892953 # issued micro-ops
   bbls: 69273051 # Basic blocks
   approxInstrs: 790579 # Instrs with approx uop decoding
   mispredBranches: 114992 # Mispredicted branches
   IdqNotDelivered: 140388301 # Stalls no uop delivered when no Bkend Stall
   IntMiscRecoveryCycles: 924767 # Stalls waiting machine clears
   uops executed: 141298045 # Executed microoperations
  skylake-6: # Core stats
   cycles: 141665705 # Simulated unhalted cycles
   cCycles: 1277717 # Cycles due to contention stalls
   instrs: 209185410 # Simulated instructions
   uops: 140892620 # issued micro-ops
   bbls: 69273128 # Basic blocks
   approxInstrs: 790573 # Instrs with approx uop decoding
   mispredBranches: 114986 # Mispredicted branches
   IdqNotDelivered: 140387988 # Stalls no uop delivered when no Bkend Stall
   IntMiscRecoveryCycles: 925592 # Stalls waiting machine clears
   uops executed: 141297716 # Executed microoperations
  skylake-7: # Core stats
   cycles: 141665053 # Simulated unhalted cycles
   cCycles: 1277715 # Cycles due to contention stalls
   instrs: 209186015 # Simulated instructions
   uops: 140893030 # issued micro-ops
   bbls: 69273329 # Basic blocks
   approxInstrs: 790575 # Instrs with approx uop decoding
   mispredBranches: 114988 # Mispredicted branches
   IdqNotDelivered: 140387338 # Stalls no uop delivered when no Bkend Stall
   IntMiscRecoveryCycles: 925758 # Stalls waiting machine clears
   uops executed: 141298122 # Executed microoperations
  skylake-8: # Core stats
   cycles: 141665014 # Simulated unhalted cycles
   cCycles: 1277709 # Cycles due to contention stalls
   instrs: 209183566 # Simulated instructions
   uops: 140891706 # issued micro-ops
   bbls: 69272442 # Basic blocks
   approxInstrs: 790573 # Instrs with approx uop decoding
   mispredBranches: 114992 # Mispredicted branches
   IdqNotDelivered: 140387305 # Stalls no uop delivered when no Bkend Stall
   IntMiscRecoveryCycles: 924594 # Stalls waiting machine clears
   uops executed: 141296792 # Executed microoperations
  skylake-9: # Core stats
   cycles: 141664705 # Simulated unhalted cycles
   cCycles: 1277708 # Cycles due to contention stalls
   instrs: 209185266 # Simulated instructions
   uops: 140892524 # issued micro-ops
   bbls: 69273080 # Basic blocks
   approxInstrs: 790573 # Instrs with approx uop decoding
   mispredBranches: 114986 # Mispredicted branches
   IdqNotDelivered: 140386997 # Stalls no uop delivered when no Bkend Stall
   IntMiscRecoveryCycles: 925118 # Stalls waiting machine clears
   uops executed: 141297620 # Executed microoperations
  skylake-10: # Core stats
   cycles: 141663707 # Simulated unhalted cycles
   cCycles: 1277722 # Cycles due to contention stalls
   instrs: 209184188 # Simulated instructions
   uops: 140891798 # issued micro-ops
   bbls: 69272724 # Basic blocks
   approxInstrs: 790569 # Instrs with approx uop decoding
   mispredBranches: 114986 # Mispredicted branches
   IdqNotDelivered: 140385985 # Stalls no uop delivered when no Bkend Stall
   IntMiscRecoveryCycles: 925429 # Stalls waiting machine clears
   uops executed: 141296890 # Executed microoperations
  skylake-11: # Core stats
   cycles: 141664013 # Simulated unhalted cycles
   cCycles: 1277710 # Cycles due to contention stalls
   instrs: 209183857 # Simulated instructions
   uops: 140891827 # issued micro-ops
   bbls: 69272518 # Basic blocks
   approxInstrs: 790570 # Instrs with approx uop decoding
   mispredBranches: 114992 # Mispredicted branches
   IdqNotDelivered: 140386303 # Stalls no uop delivered when no Bkend Stall
   IntMiscRecoveryCycles: 925447 # Stalls waiting machine clears
   uops executed: 141296980 # Executed microoperations
  skylake-12: # Core stats
   cycles: 141664001 # Simulated unhalted cycles
   cCycles: 1277707 # Cycles due to contention stalls
   instrs: 209185917 # Simulated instructions
   uops: 140892958 # issued micro-ops
   bbls: 69273297 # Basic blocks
   approxInstrs: 790573 # Instrs with approx uop decoding
   mispredBranches: 114986 # Mispredicted branches
   IdqNotDelivered: 140386294 # Stalls no uop delivered when no Bkend Stall
   IntMiscRecoveryCycles: 925175 # Stalls waiting machine clears
   uops executed: 141298054 # Executed microoperations
  skylake-13: # Core stats
   cycles: 141663973 # Simulated unhalted cycles
   cCycles: 1277717 # Cycles due to contention stalls
   instrs: 209186023 # Simulated instructions
   uops: 140893041 # issued micro-ops
   bbls: 69273331 # Basic blocks
   approxInstrs: 790575 # Instrs with approx uop decoding
   mispredBranches: 114989 # Mispredicted branches
   IdqNotDelivered: 140386256 # Stalls no uop delivered when no Bkend Stall
   IntMiscRecoveryCycles: 925274 # Stalls waiting machine clears
   uops executed: 141298123 # Executed microoperations
  skylake-14: # Core stats
   cycles: 141663002 # Simulated unhalted cycles
   cCycles: 1277722 # Cycles due to contention stalls
   instrs: 209185767 # Simulated instructions
   uops: 140892858 # issued micro-ops
   bbls: 69273247 # Basic blocks
   approxInstrs: 790573 # Instrs with approx uop decoding
   mispredBranches: 114986 # Mispredicted branches
   IdqNotDelivered: 140385280 # Stalls no uop delivered when no Bkend Stall
   IntMiscRecoveryCycles: 924896 # Stalls waiting machine clears
   uops executed: 141297954 # Executed microoperations
  skylake-15: # Core stats
   cycles: 141663014 # Simulated unhalted cycles
   cCycles: 1277722 # Cycles due to contention stalls
   instrs: 209185368 # Simulated instructions
   uops: 140892592 # issued micro-ops
   bbls: 69273114 # Basic blocks
   approxInstrs: 790573 # Instrs with approx uop decoding
   mispredBranches: 114986 # Mispredicted branches
   IdqNotDelivered: 140385292 # Stalls no uop delivered when no Bkend Stall
   IntMiscRecoveryCycles: 924700 # Stalls waiting machine clears
   uops executed: 141297688 # Executed microoperations
  skylake-16: # Core stats
   cycles: 141663018 # Simulated unhalted cycles
   cCycles: 1277732 # Cycles due to contention stalls
   instrs: 209186015 # Simulated instructions
   uops: 140893030 # issued micro-ops
   bbls: 69273329 # Basic blocks
   approxInstrs: 790575 # Instrs with approx uop decoding
   mispredBranches: 114988 # Mispredicted branches
   IdqNotDelivered: 140385286 # Stalls no uop delivered when no Bkend Stall
   IntMiscRecoveryCycles: 924716 # Stalls waiting machine clears
   uops executed: 141298122 # Executed microoperations
  skylake-17: # Core stats
   cycles: 141663013 # Simulated unhalted cycles
   cCycles: 1277712 # Cycles due to contention stalls
   instrs: 209185257 # Simulated instructions
   uops: 140892518 # issued micro-ops
   bbls: 69273077 # Basic blocks
   approxInstrs: 790573 # Instrs with approx uop decoding
   mispredBranches: 114986 # Mispredicted branches
   IdqNotDelivered: 140385301 # Stalls no uop delivered when no Bkend Stall
   IntMiscRecoveryCycles: 925072 # Stalls waiting machine clears
   uops executed: 141297614 # Executed microoperations
  skylake-18: # Core stats
   cycles: 141662013 # Simulated unhalted cycles
   cCycles: 1277726 # Cycles due to contention stalls
   instrs: 209184231 # Simulated instructions
   uops: 140891834 # issued micro-ops
   bbls: 69272735 # Basic blocks
   approxInstrs: 790573 # Instrs with approx uop decoding
   mispredBranches: 114986 # Mispredicted branches
   IdqNotDelivered: 140384287 # Stalls no uop delivered when no Bkend Stall
   IntMiscRecoveryCycles: 924700 # Stalls waiting machine clears
   uops executed: 141296930 # Executed microoperations
  skylake-19: # Core stats
   cycles: 141662013 # Simulated unhalted cycles
   cCycles: 1277710 # Cycles due to contention stalls
   instrs: 209183492 # Simulated instructions
   uops: 140891331 # issued micro-ops
   bbls: 69272492 # Basic blocks
   approxInstrs: 790568 # Instrs with approx uop decoding
   mispredBranches: 114985 # Mispredicted branches
   IdqNotDelivered: 140384303 # Stalls no uop delivered when no Bkend Stall
   IntMiscRecoveryCycles: 925035 # Stalls waiting machine clears
   uops executed: 141296425 # Executed microoperations
  skylake-20: # Core stats
   cycles: 141662016 # Simulated unhalted cycles
   cCycles: 1277722 # Cycles due to contention stalls
   instrs: 209184188 # Simulated instructions
   uops: 140891798 # issued micro-ops
   bbls: 69272724 # Basic blocks
   approxInstrs: 790569 # Instrs with approx uop decoding
   mispredBranches: 114986 # Mispredicted branches
   IdqNotDelivered: 140384294 # Stalls no uop delivered when no Bkend Stall
   IntMiscRecoveryCycles: 925043 # Stalls waiting machine clears
   uops executed: 141296890 # Executed microoperations
  skylake-21: # Core stats
   cycles: 141662001 # Simulated unhalted cycles
   cCycles: 1277708 # Cycles due to contention stalls
   instrs: 209164731 # Simulated instructions
   uops: 140880145 # issued micro-ops
   bbls: 69265749 # Basic blocks
   approxInstrs: 790481 # Instrs with approx uop decoding
   mispredBranches: 115074 # Mispredicted branches
   IdqNotDelivered: 140384293 # Stalls no uop delivered when no Bkend Stall
   IntMiscRecoveryCycles: 927552 # Stalls waiting machine clears
   uops executed: 141285229 # Executed microoperations
  skylake-22: # Core stats
   cycles: 141660693 # Simulated unhalted cycles
   cCycles: 1277744 # Cycles due to contention stalls
   instrs: 209182127 # Simulated instructions
   uops: 140890410 # issued micro-ops
   bbls: 69272041 # Basic blocks
   approxInstrs: 790561 # Instrs with approx uop decoding
   mispredBranches: 114984 # Mispredicted branches
   IdqNotDelivered: 140382949 # Stalls no uop delivered when no Bkend Stall
   IntMiscRecoveryCycles: 925027 # Stalls waiting machine clears
   uops executed: 141295502 # Executed microoperations
  skylake-23: # Core stats
   cycles: 0 # Simulated unhalted cycles
   cCycles: 0 # Cycles due to contention stalls
   instrs: 0 # Simulated instructions
   uops: 0 # issued micro-ops
   bbls: 0 # Basic blocks
   approxInstrs: 0 # Instrs with approx uop decoding
   mispredBranches: 0 # Mispredicted branches
   IdqNotDelivered: 0 # Stalls no uop delivered when no Bkend Stall
   IntMiscRecoveryCycles: 0 # Stalls waiting machine clears
   uops executed: 0 # Executed microoperations
 l1d: # Cache stats
  l1d-0: # Filter cache stats
   fhGETS: 935173 # Filtered GETS hits
   fhGETX: 537524 # Filtered GETX hits
   hGETS: 5294 # GETS hits
   hGETX: 10418 # GETX hits
   mGETS: 250262 # GETS misses
   mGETXIM: 87937 # GETX I->M misses
   mGETXSM: 7 # GETX S->M misses (upgrade misses)
   PUTS: 0 # Clean evictions (from lower level)
   PUTX: 0 # Dirty evictions (from lower level)
   INV: 106 # Invalidates (from upper level)
   INVX: 92 # Downgrades (from upper level)
   FWD: 0 # Forwards (from upper level)
   latGETnl: 60517152 # GET request latency on next level
   latGETnet: 0 # GET request latency on network to next level
  l1d-1: # Filter cache stats
   fhGETS: 934912 # Filtered GETS hits
   fhGETX: 537351 # Filtered GETX hits
   hGETS: 5218 # GETS hits
   hGETX: 10382 # GETX hits
   mGETS: 250215 # GETS misses
   mGETXIM: 87903 # GETX I->M misses
   mGETXSM: 10 # GETX S->M misses (upgrade misses)
   PUTS: 0 # Clean evictions (from lower level)
   PUTX: 0 # Dirty evictions (from lower level)
   INV: 89 # Invalidates (from upper level)
   INVX: 25 # Downgrades (from upper level)
   FWD: 0 # Forwards (from upper level)
   latGETnl: 60497780 # GET request latency on next level
   latGETnet: 0 # GET request latency on network to next level
  l1d-2: # Filter cache stats
   fhGETS: 934778 # Filtered GETS hits
   fhGETX: 537281 # Filtered GETX hits
   hGETS: 5192 # GETS hits
   hGETX: 10355 # GETX hits
   mGETS: 250199 # GETS misses
   mGETXIM: 87902 # GETX I->M misses
   mGETXSM: 5 # GETX S->M misses (upgrade misses)
   PUTS: 0 # Clean evictions (from lower level)
   PUTX: 0 # Dirty evictions (from lower level)
   INV: 69 # Invalidates (from upper level)
   INVX: 5 # Downgrades (from upper level)
   FWD: 0 # Forwards (from upper level)
   latGETnl: 60494666 # GET request latency on next level
   latGETnet: 0 # GET request latency on network to next level
  l1d-3: # Filter cache stats
   fhGETS: 934838 # Filtered GETS hits
   fhGETX: 537314 # Filtered GETX hits
   hGETS: 5223 # GETS hits
   hGETX: 10377 # GETX hits
   mGETS: 250205 # GETS misses
   mGETXIM: 87905 # GETX I->M misses
   mGETXSM: 7 # GETX S->M misses (upgrade misses)
   PUTS: 0 # Clean evictions (from lower level)
   PUTX: 0 # Dirty evictions (from lower level)
   INV: 82 # Invalidates (from upper level)
   INVX: 32 # Downgrades (from upper level)
   FWD: 0 # Forwards (from upper level)
   latGETnl: 60498139 # GET request latency on next level
   latGETnet: 0 # GET request latency on network to next level
  l1d-4: # Filter cache stats
   fhGETS: 934831 # Filtered GETS hits
   fhGETX: 537302 # Filtered GETX hits
   hGETS: 5226 # GETS hits
   hGETX: 10390 # GETX hits
   mGETS: 250209 # GETS misses
   mGETXIM: 87902 # GETX I->M misses
   mGETXSM: 9 # GETX S->M misses (upgrade misses)
   PUTS: 0 # Clean evictions (from lower level)
   PUTX: 0 # Dirty evictions (from lower level)
   INV: 85 # Invalidates (from upper level)
   INVX: 20 # Downgrades (from upper level)
   FWD: 0 # Forwards (from upper level)
   latGETnl: 60496096 # GET request latency on next level
   latGETnet: 0 # GET request latency on network to next level
  l1d-5: # Filter cache stats
   fhGETS: 934849 # Filtered GETS hits
   fhGETX: 537327 # Filtered GETX hits
   hGETS: 5210 # GETS hits
   hGETX: 10360 # GETX hits
   mGETS: 250207 # GETS misses
   mGETXIM: 87907 # GETX I->M misses
   mGETXSM: 9 # GETX S->M misses (upgrade misses)
   PUTS: 0 # Clean evictions (from lower level)
   PUTX: 0 # Dirty evictions (from lower level)
   INV: 87 # Invalidates (from upper level)
   INVX: 19 # Downgrades (from upper level)
   FWD: 0 # Forwards (from upper level)
   latGETnl: 60496001 # GET request latency on next level
   latGETnet: 0 # GET request latency on network to next level
  l1d-6: # Filter cache stats
   fhGETS: 934683 # Filtered GETS hits
   fhGETX: 537224 # Filtered GETX hits
   hGETS: 5200 # GETS hits
   hGETX: 10363 # GETX hits
   mGETS: 250190 # GETS misses
   mGETXIM: 87895 # GETX I->M misses
   mGETXSM: 5 # GETX S->M misses (upgrade misses)
   PUTS: 0 # Clean evictions (from lower level)
   PUTX: 0 # Dirty evictions (from lower level)
   INV: 70 # Invalidates (from upper level)
   INVX: 17 # Downgrades (from upper level)
   FWD: 0 # Forwards (from upper level)
   latGETnl: 60494534 # GET request latency on next level
   latGETnet: 0 # GET request latency on network to next level
  l1d-7: # Filter cache stats
   fhGETS: 934686 # Filtered GETS hits
   fhGETX: 537234 # Filtered GETX hits
   hGETS: 5203 # GETS hits
   hGETX: 10357 # GETX hits
   mGETS: 250191 # GETS misses
   mGETXIM: 87890 # GETX I->M misses
   mGETXSM: 6 # GETX S->M misses (upgrade misses)
   PUTS: 0 # Clean evictions (from lower level)
   PUTX: 0 # Dirty evictions (from lower level)
   INV: 65 # Invalidates (from upper level)
   INVX: 16 # Downgrades (from upper level)
   FWD: 0 # Forwards (from upper level)
   latGETnl: 60494581 # GET request latency on next level
   latGETnet: 0 # GET request latency on network to next level
  l1d-8: # Filter cache stats
   fhGETS: 934828 # Filtered GETS hits
   fhGETX: 537312 # Filtered GETX hits
   hGETS: 5222 # GETS hits
   hGETX: 10368 # GETX hits
   mGETS: 250202 # GETS misses
   mGETXIM: 87907 # GETX I->M misses
   mGETXSM: 8 # GETX S->M misses (upgrade misses)
   PUTS: 0 # Clean evictions (from lower level)
   PUTX: 0 # Dirty evictions (from lower level)
   INV: 85 # Invalidates (from upper level)
   INVX: 18 # Downgrades (from upper level)
   FWD: 0 # Forwards (from upper level)
   latGETnl: 60495121 # GET request latency on next level
   latGETnet: 0 # GET request latency on network to next level
  l1d-9: # Filter cache stats
   fhGETS: 934701 # Filtered GETS hits
   fhGETX: 537234 # Filtered GETX hits
   hGETS: 5185 # GETS hits
   hGETX: 10353 # GETX hits
   mGETS: 250187 # GETS misses
   mGETXIM: 87894 # GETX I->M misses
   mGETXSM: 6 # GETX S->M misses (upgrade misses)
   PUTS: 0 # Clean evictions (from lower level)
   PUTX: 0 # Dirty evictions (from lower level)
   INV: 66 # Invalidates (from upper level)
   INVX: 19 # Downgrades (from upper level)
   FWD: 0 # Forwards (from upper level)
   latGETnl: 60494679 # GET request latency on next level
   latGETnet: 0 # GET request latency on network to next level
  l1d-10: # Filter cache stats
   fhGETS: 934684 # Filtered GETS hits
   fhGETX: 537226 # Filtered GETX hits
   hGETS: 5200 # GETS hits
   hGETX: 10353 # GETX hits
   mGETS: 250181 # GETS misses
   mGETXIM: 87899 # GETX I->M misses
   mGETXSM: 5 # GETX S->M misses (upgrade misses)
   PUTS: 0 # Clean evictions (from lower level)
   PUTX: 0 # Dirty evictions (from lower level)
   INV: 68 # Invalidates (from upper level)
   INVX: 26 # Downgrades (from upper level)
   FWD: 0 # Forwards (from upper level)
   latGETnl: 60494555 # GET request latency on next level
   latGETnet: 0 # GET request latency on network to next level
  l1d-11: # Filter cache stats
   fhGETS: 934843 # Filtered GETS hits
   fhGETX: 537320 # Filtered GETX hits
   hGETS: 5229 # GETS hits
   hGETX: 10361 # GETX hits
   mGETS: 250203 # GETS misses
   mGETXIM: 87910 # GETX I->M misses
   mGETXSM: 9 # GETX S->M misses (upgrade misses)
   PUTS: 0 # Clean evictions (from lower level)
   PUTX: 0 # Dirty evictions (from lower level)
   INV: 70 # Invalidates (from upper level)
   INVX: 8 # Downgrades (from upper level)
   FWD: 0 # Forwards (from upper level)
   latGETnl: 60497288 # GET request latency on next level
   latGETnet: 0 # GET request latency on network to next level
  l1d-12: # Filter cache stats
   fhGETS: 824990 # Filtered GETS hits
   fhGETX: 422354 # Filtered GETX hits
   hGETS: 114895 # GETS hits
   hGETX: 125232 # GETX hits
   mGETS: 250188 # GETS misses
   mGETXIM: 87895 # GETX I->M misses
   mGETXSM: 6 # GETX S->M misses (upgrade misses)
   PUTS: 0 # Clean evictions (from lower level)
   PUTX: 0 # Dirty evictions (from lower level)
   INV: 67 # Invalidates (from upper level)
   INVX: 7 # Downgrades (from upper level)
   FWD: 0 # Forwards (from upper level)
   latGETnl: 60492985 # GET request latency on next level
   latGETnet: 0 # GET request latency on network to next level
  l1d-13: # Filter cache stats
   fhGETS: 934701 # Filtered GETS hits
   fhGETX: 537230 # Filtered GETX hits
   hGETS: 5192 # GETS hits
   hGETX: 10361 # GETX hits
   mGETS: 250190 # GETS misses
   mGETXIM: 87892 # GETX I->M misses
   mGETXSM: 5 # GETX S->M misses (upgrade misses)
   PUTS: 0 # Clean evictions (from lower level)
   PUTX: 0 # Dirty evictions (from lower level)
   INV: 65 # Invalidates (from upper level)
   INVX: 4 # Downgrades (from upper level)
   FWD: 0 # Forwards (from upper level)
   latGETnl: 60493273 # GET request latency on next level
   latGETnet: 0 # GET request latency on network to next level
  l1d-14: # Filter cache stats
   fhGETS: 934697 # Filtered GETS hits
   fhGETX: 537231 # Filtered GETX hits
   hGETS: 5187 # GETS hits
   hGETX: 10357 # GETX hits
   mGETS: 250189 # GETS misses
   mGETXIM: 87893 # GETX I->M misses
   mGETXSM: 6 # GETX S->M misses (upgrade misses)
   PUTS: 0 # Clean evictions (from lower level)
   PUTX: 0 # Dirty evictions (from lower level)
   INV: 66 # Invalidates (from upper level)
   INVX: 2 # Downgrades (from upper level)
   FWD: 0 # Forwards (from upper level)
   latGETnl: 60492222 # GET request latency on next level
   latGETnet: 0 # GET request latency on network to next level
  l1d-15: # Filter cache stats
   fhGETS: 934695 # Filtered GETS hits
   fhGETX: 537228 # Filtered GETX hits
   hGETS: 5188 # GETS hits
   hGETX: 10363 # GETX hits
   mGETS: 250190 # GETS misses
   mGETXIM: 87890 # GETX I->M misses
   mGETXSM: 6 # GETX S->M misses (upgrade misses)
   PUTS: 0 # Clean evictions (from lower level)
   PUTX: 0 # Dirty evictions (from lower level)
   INV: 65 # Invalidates (from upper level)
   INVX: 2 # Downgrades (from upper level)
   FWD: 0 # Forwards (from upper level)
   latGETnl: 60492128 # GET request latency on next level
   latGETnet: 0 # GET request latency on network to next level
  l1d-16: # Filter cache stats
   fhGETS: 824995 # Filtered GETS hits
   fhGETX: 422354 # Filtered GETX hits
   hGETS: 114899 # GETS hits
   hGETX: 125232 # GETX hits
   mGETS: 250186 # GETS misses
   mGETXIM: 87895 # GETX I->M misses
   mGETXSM: 6 # GETX S->M misses (upgrade misses)
   PUTS: 0 # Clean evictions (from lower level)
   PUTX: 0 # Dirty evictions (from lower level)
   INV: 66 # Invalidates (from upper level)
   INVX: 2 # Downgrades (from upper level)
   FWD: 0 # Forwards (from upper level)
   latGETnl: 60491647 # GET request latency on next level
   latGETnet: 0 # GET request latency on network to next level
  l1d-17: # Filter cache stats
   fhGETS: 934703 # Filtered GETS hits
   fhGETX: 537237 # Filtered GETX hits
   hGETS: 5183 # GETS hits
   hGETX: 10348 # GETX hits
   mGETS: 250187 # GETS misses
   mGETXIM: 87896 # GETX I->M misses
   mGETXSM: 6 # GETX S->M misses (upgrade misses)
   PUTS: 0 # Clean evictions (from lower level)
   PUTX: 0 # Dirty evictions (from lower level)
   INV: 67 # Invalidates (from upper level)
   INVX: 2 # Downgrades (from upper level)
   FWD: 0 # Forwards (from upper level)
   latGETnl: 60492005 # GET request latency on next level
   latGETnet: 0 # GET request latency on network to next level
  l1d-18: # Filter cache stats
   fhGETS: 934699 # Filtered GETS hits
   fhGETX: 537235 # Filtered GETX hits
   hGETS: 5185 # GETS hits
   hGETX: 10351 # GETX hits
   mGETS: 250189 # GETS misses
   mGETXIM: 87895 # GETX I->M misses
   mGETXSM: 6 # GETX S->M misses (upgrade misses)
   PUTS: 0 # Clean evictions (from lower level)
   PUTX: 0 # Dirty evictions (from lower level)
   INV: 69 # Invalidates (from upper level)
   INVX: 2 # Downgrades (from upper level)
   FWD: 0 # Forwards (from upper level)
   latGETnl: 60492184 # GET request latency on next level
   latGETnet: 0 # GET request latency on network to next level
  l1d-19: # Filter cache stats
   fhGETS: 934693 # Filtered GETS hits
   fhGETX: 537231 # Filtered GETX hits
   hGETS: 5186 # GETS hits
   hGETX: 10347 # GETX hits
   mGETS: 250184 # GETS misses
   mGETXIM: 87899 # GETX I->M misses
   mGETXSM: 6 # GETX S->M misses (upgrade misses)
   PUTS: 0 # Clean evictions (from lower level)
   PUTX: 0 # Dirty evictions (from lower level)
   INV: 69 # Invalidates (from upper level)
   INVX: 2 # Downgrades (from upper level)
   FWD: 0 # Forwards (from upper level)
   latGETnl: 60491741 # GET request latency on next level
   latGETnet: 0 # GET request latency on network to next level
  l1d-20: # Filter cache stats
   fhGETS: 934668 # Filtered GETS hits
   fhGETX: 537217 # Filtered GETX hits
   hGETS: 5209 # GETS hits
   hGETX: 10369 # GETX hits
   mGETS: 250188 # GETS misses
   mGETXIM: 87891 # GETX I->M misses
   mGETXSM: 6 # GETX S->M misses (upgrade misses)
   PUTS: 0 # Clean evictions (from lower level)
   PUTX: 0 # Dirty evictions (from lower level)
   INV: 65 # Invalidates (from upper level)
   INVX: 2 # Downgrades (from upper level)
   FWD: 0 # Forwards (from upper level)
   latGETnl: 60491949 # GET request latency on next level
   latGETnet: 0 # GET request latency on network to next level
  l1d-21: # Filter cache stats
   fhGETS: 935593 # Filtered GETS hits
   fhGETX: 537596 # Filtered GETX hits
   hGETS: 5431 # GETS hits
   hGETX: 10420 # GETX hits
   mGETS: 250222 # GETS misses
   mGETXIM: 87884 # GETX I->M misses
   mGETXSM: 10 # GETX S->M misses (upgrade misses)
   PUTS: 0 # Clean evictions (from lower level)
   PUTX: 0 # Dirty evictions (from lower level)
   INV: 63 # Invalidates (from upper level)
   INVX: 3 # Downgrades (from upper level)
   FWD: 0 # Forwards (from upper level)
   latGETnl: 60494888 # GET request latency on next level
   latGETnet: 0 # GET request latency on network to next level
  l1d-22: # Filter cache stats
   fhGETS: 934688 # Filtered GETS hits
   fhGETX: 537230 # Filtered GETX hits
   hGETS: 5180 # GETS hits
   hGETX: 10347 # GETX hits
   mGETS: 250183 # GETS misses
   mGETXIM: 87897 # GETX I->M misses
   mGETXSM: 5 # GETX S->M misses (upgrade misses)
   PUTS: 0 # Clean evictions (from lower level)
   PUTX: 0 # Dirty evictions (from lower level)
   INV: 70 # Invalidates (from upper level)
   INVX: 3 # Downgrades (from upper level)
   FWD: 0 # Forwards (from upper level)
   latGETnl: 60491393 # GET request latency on next level
   latGETnet: 0 # GET request latency on network to next level
  l1d-23: # Filter cache stats
   fhGETS: 0 # Filtered GETS hits
   fhGETX: 0 # Filtered GETX hits
   hGETS: 0 # GETS hits
   hGETX: 0 # GETX hits
   mGETS: 0 # GETS misses
   mGETXIM: 0 # GETX I->M misses
   mGETXSM: 0 # GETX S->M misses (upgrade misses)
   PUTS: 0 # Clean evictions (from lower level)
   PUTX: 0 # Dirty evictions (from lower level)
   INV: 0 # Invalidates (from upper level)
   INVX: 0 # Downgrades (from upper level)
   FWD: 0 # Forwards (from upper level)
   latGETnl: 0 # GET request latency on next level
   latGETnet: 0 # GET request latency on network to next level
 l1i: # Cache stats
  l1i-0: # Filter cache stats
   fhGETS: 69874534 # Filtered GETS hits
   fhGETX: 0 # Filtered GETX hits
   hGETS: 67571 # GETS hits
   hGETX: 0 # GETX hits
   mGETS: 754 # GETS misses
   mGETXIM: 0 # GETX I->M misses
   mGETXSM: 0 # GETX S->M misses (upgrade misses)
   PUTS: 0 # Clean evictions (from lower level)
   PUTX: 0 # Dirty evictions (from lower level)
   INV: 731 # Invalidates (from upper level)
   INVX: 0 # Downgrades (from upper level)
   FWD: 0 # Forwards (from upper level)
   latGETnl: 59330 # GET request latency on next level
   latGETnet: 0 # GET request latency on network to next level
  l1i-1: # Filter cache stats
   fhGETS: 69874657 # Filtered GETS hits
   fhGETX: 0 # Filtered GETX hits
   hGETS: 67559 # GETS hits
   hGETX: 0 # GETX hits
   mGETS: 658 # GETS misses
   mGETXIM: 0 # GETX I->M misses
   mGETXSM: 0 # GETX S->M misses (upgrade misses)
   PUTS: 0 # Clean evictions (from lower level)
   PUTX: 0 # Dirty evictions (from lower level)
   INV: 633 # Invalidates (from upper level)
   INVX: 0 # Downgrades (from upper level)
   FWD: 0 # Forwards (from upper level)
   latGETnl: 34622 # GET request latency on next level
   latGETnet: 0 # GET request latency on network to next level
  l1i-2: # Filter cache stats
   fhGETS: 69873447 # Filtered GETS hits
   fhGETX: 0 # Filtered GETX hits
   hGETS: 67549 # GETS hits
   hGETX: 0 # GETX hits
   mGETS: 692 # GETS misses
   mGETXIM: 0 # GETX I->M misses
   mGETXSM: 0 # GETX S->M misses (upgrade misses)
   PUTS: 0 # Clean evictions (from lower level)
   PUTX: 0 # Dirty evictions (from lower level)
   INV: 669 # Invalidates (from upper level)
   INVX: 0 # Downgrades (from upper level)
   FWD: 0 # Forwards (from upper level)
   latGETnl: 38200 # GET request latency on next level
   latGETnet: 0 # GET request latency on network to next level
  l1i-3: # Filter cache stats
   fhGETS: 69874212 # Filtered GETS hits
   fhGETX: 0 # Filtered GETX hits
   hGETS: 67547 # GETS hits
   hGETX: 0 # GETX hits
   mGETS: 667 # GETS misses
   mGETXIM: 0 # GETX I->M misses
   mGETXSM: 0 # GETX S->M misses (upgrade misses)
   PUTS: 0 # Clean evictions (from lower level)
   PUTX: 0 # Dirty evictions (from lower level)
   INV: 644 # Invalidates (from upper level)
   INVX: 0 # Downgrades (from upper level)
   FWD: 0 # Forwards (from upper level)
   latGETnl: 35045 # GET request latency on next level
   latGETnet: 0 # GET request latency on network to next level
  l1i-4: # Filter cache stats
   fhGETS: 69874390 # Filtered GETS hits
   fhGETX: 0 # Filtered GETX hits
   hGETS: 67549 # GETS hits
   hGETX: 0 # GETX hits
   mGETS: 667 # GETS misses
   mGETXIM: 0 # GETX I->M misses
   mGETXSM: 0 # GETX S->M misses (upgrade misses)
   PUTS: 0 # Clean evictions (from lower level)
   PUTX: 0 # Dirty evictions (from lower level)
   INV: 644 # Invalidates (from upper level)
   INVX: 0 # Downgrades (from upper level)
   FWD: 0 # Forwards (from upper level)
   latGETnl: 32141 # GET request latency on next level
   latGETnet: 0 # GET request latency on network to next level
  l1i-5: # Filter cache stats
   fhGETS: 69874159 # Filtered GETS hits
   fhGETX: 0 # Filtered GETX hits
   hGETS: 67550 # GETS hits
   hGETX: 0 # GETX hits
   mGETS: 669 # GETS misses
   mGETXIM: 0 # GETX I->M misses
   mGETXSM: 0 # GETX S->M misses (upgrade misses)
   PUTS: 0 # Clean evictions (from lower level)
   PUTX: 0 # Dirty evictions (from lower level)
   INV: 646 # Invalidates (from upper level)
   INVX: 0 # Downgrades (from upper level)
   FWD: 0 # Forwards (from upper level)
   latGETnl: 31575 # GET request latency on next level
   latGETnet: 0 # GET request latency on network to next level
  l1i-6: # Filter cache stats
   fhGETS: 69874225 # Filtered GETS hits
   fhGETX: 0 # Filtered GETX hits
   hGETS: 67546 # GETS hits
   hGETX: 0 # GETX hits
   mGETS: 648 # GETS misses
   mGETXIM: 0 # GETX I->M misses
   mGETXSM: 0 # GETX S->M misses (upgrade misses)
   PUTS: 0 # Clean evictions (from lower level)
   PUTX: 0 # Dirty evictions (from lower level)
   INV: 625 # Invalidates (from upper level)
   INVX: 0 # Downgrades (from upper level)
   FWD: 0 # Forwards (from upper level)
   latGETnl: 34020 # GET request latency on next level
   latGETnet: 0 # GET request latency on network to next level
  l1i-7: # Filter cache stats
   fhGETS: 69874423 # Filtered GETS hits
   fhGETX: 0 # Filtered GETX hits
   hGETS: 67551 # GETS hits
   hGETX: 0 # GETX hits
   mGETS: 650 # GETS misses
   mGETXIM: 0 # GETX I->M misses
   mGETXSM: 0 # GETX S->M misses (upgrade misses)
   PUTS: 0 # Clean evictions (from lower level)
   PUTX: 0 # Dirty evictions (from lower level)
   INV: 625 # Invalidates (from upper level)
   INVX: 0 # Downgrades (from upper level)
   FWD: 0 # Forwards (from upper level)
   latGETnl: 33190 # GET request latency on next level
   latGETnet: 0 # GET request latency on network to next level
  l1i-8: # Filter cache stats
   fhGETS: 69873559 # Filtered GETS hits
   fhGETX: 0 # Filtered GETX hits
   hGETS: 67545 # GETS hits
   hGETX: 0 # GETX hits
   mGETS: 675 # GETS misses
   mGETXIM: 0 # GETX I->M misses
   mGETXSM: 0 # GETX S->M misses (upgrade misses)
   PUTS: 0 # Clean evictions (from lower level)
   PUTX: 0 # Dirty evictions (from lower level)
   INV: 652 # Invalidates (from upper level)
   INVX: 0 # Downgrades (from upper level)
   FWD: 0 # Forwards (from upper level)
   latGETnl: 31725 # GET request latency on next level
   latGETnet: 0 # GET request latency on network to next level
  l1i-9: # Filter cache stats
   fhGETS: 69874182 # Filtered GETS hits
   fhGETX: 0 # Filtered GETX hits
   hGETS: 67547 # GETS hits
   hGETX: 0 # GETX hits
   mGETS: 654 # GETS misses
   mGETXIM: 0 # GETX I->M misses
   mGETXSM: 0 # GETX S->M misses (upgrade misses)
   PUTS: 0 # Clean evictions (from lower level)
   PUTX: 0 # Dirty evictions (from lower level)
   INV: 631 # Invalidates (from upper level)
   INVX: 0 # Downgrades (from upper level)
   FWD: 0 # Forwards (from upper level)
   latGETnl: 32190 # GET request latency on next level
   latGETnet: 0 # GET request latency on network to next level
  l1i-10: # Filter cache stats
   fhGETS: 69873806 # Filtered GETS hits
   fhGETX: 0 # Filtered GETX hits
   hGETS: 67546 # GETS hits
   hGETX: 0 # GETX hits
   mGETS: 647 # GETS misses
   mGETXIM: 0 # GETX I->M misses
   mGETXSM: 0 # GETX S->M misses (upgrade misses)
   PUTS: 0 # Clean evictions (from lower level)
   PUTX: 0 # Dirty evictions (from lower level)
   INV: 624 # Invalidates (from upper level)
   INVX: 0 # Downgrades (from upper level)
   FWD: 0 # Forwards (from upper level)
   latGETnl: 32257 # GET request latency on next level
   latGETnet: 0 # GET request latency on network to next level
  l1i-11: # Filter cache stats
   fhGETS: 69873561 # Filtered GETS hits
   fhGETX: 0 # Filtered GETX hits
   hGETS: 67638 # GETS hits
   hGETX: 0 # GETX hits
   mGETS: 655 # GETS misses
   mGETXIM: 0 # GETX I->M misses
   mGETXSM: 0 # GETX S->M misses (upgrade misses)
   PUTS: 0 # Clean evictions (from lower level)
   PUTX: 0 # Dirty evictions (from lower level)
   INV: 632 # Invalidates (from upper level)
   INVX: 0 # Downgrades (from upper level)
   FWD: 0 # Forwards (from upper level)
   latGETnl: 32105 # GET request latency on next level
   latGETnet: 0 # GET request latency on network to next level
  l1i-12: # Filter cache stats
   fhGETS: 69874413 # Filtered GETS hits
   fhGETX: 0 # Filtered GETX hits
   hGETS: 67545 # GETS hits
   hGETX: 0 # GETX hits
   mGETS: 649 # GETS misses
   mGETXIM: 0 # GETX I->M misses
   mGETXSM: 0 # GETX S->M misses (upgrade misses)
   PUTS: 0 # Clean evictions (from lower level)
   PUTX: 0 # Dirty evictions (from lower level)
   INV: 626 # Invalidates (from upper level)
   INVX: 0 # Downgrades (from upper level)
   FWD: 0 # Forwards (from upper level)
   latGETnl: 31295 # GET request latency on next level
   latGETnet: 0 # GET request latency on network to next level
  l1i-13: # Filter cache stats
   fhGETS: 69874449 # Filtered GETS hits
   fhGETX: 0 # Filtered GETX hits
   hGETS: 67551 # GETS hits
   hGETX: 0 # GETX hits
   mGETS: 651 # GETS misses
   mGETXIM: 0 # GETX I->M misses
   mGETXSM: 0 # GETX S->M misses (upgrade misses)
   PUTS: 0 # Clean evictions (from lower level)
   PUTX: 0 # Dirty evictions (from lower level)
   INV: 623 # Invalidates (from upper level)
   INVX: 0 # Downgrades (from upper level)
   FWD: 0 # Forwards (from upper level)
   latGETnl: 31125 # GET request latency on next level
   latGETnet: 0 # GET request latency on network to next level
  l1i-14: # Filter cache stats
   fhGETS: 69874357 # Filtered GETS hits
   fhGETX: 0 # Filtered GETX hits
   hGETS: 67549 # GETS hits
   hGETX: 0 # GETX hits
   mGETS: 648 # GETS misses
   mGETXIM: 0 # GETX I->M misses
   mGETXSM: 0 # GETX S->M misses (upgrade misses)
   PUTS: 0 # Clean evictions (from lower level)
   PUTX: 0 # Dirty evictions (from lower level)
   INV: 625 # Invalidates (from upper level)
   INVX: 0 # Downgrades (from upper level)
   FWD: 0 # Forwards (from upper level)
   latGETnl: 30456 # GET request latency on next level
   latGETnet: 0 # GET request latency on network to next level
  l1i-15: # Filter cache stats
   fhGETS: 69874221 # Filtered GETS hits
   fhGETX: 0 # Filtered GETX hits
   hGETS: 67548 # GETS hits
   hGETX: 0 # GETX hits
   mGETS: 648 # GETS misses
   mGETXIM: 0 # GETX I->M misses
   mGETXSM: 0 # GETX S->M misses (upgrade misses)
   PUTS: 0 # Clean evictions (from lower level)
   PUTX: 0 # Dirty evictions (from lower level)
   INV: 625 # Invalidates (from upper level)
   INVX: 0 # Downgrades (from upper level)
   FWD: 0 # Forwards (from upper level)
   latGETnl: 30588 # GET request latency on next level
   latGETnet: 0 # GET request latency on network to next level
  l1i-16: # Filter cache stats
   fhGETS: 69874446 # Filtered GETS hits
   fhGETX: 0 # Filtered GETX hits
   hGETS: 67552 # GETS hits
   hGETX: 0 # GETX hits
   mGETS: 644 # GETS misses
   mGETXIM: 0 # GETX I->M misses
   mGETXSM: 0 # GETX S->M misses (upgrade misses)
   PUTS: 0 # Clean evictions (from lower level)
   PUTX: 0 # Dirty evictions (from lower level)
   INV: 619 # Invalidates (from upper level)
   INVX: 0 # Downgrades (from upper level)
   FWD: 0 # Forwards (from upper level)
   latGETnl: 30268 # GET request latency on next level
   latGETnet: 0 # GET request latency on network to next level
  l1i-17: # Filter cache stats
   fhGETS: 69874172 # Filtered GETS hits
   fhGETX: 0 # Filtered GETX hits
   hGETS: 67550 # GETS hits
   hGETX: 0 # GETX hits
   mGETS: 656 # GETS misses
   mGETXIM: 0 # GETX I->M misses
   mGETXSM: 0 # GETX S->M misses (upgrade misses)
   PUTS: 0 # Clean evictions (from lower level)
   PUTX: 0 # Dirty evictions (from lower level)
   INV: 633 # Invalidates (from upper level)
   INVX: 0 # Downgrades (from upper level)
   FWD: 0 # Forwards (from upper level)
   latGETnl: 30964 # GET request latency on next level
   latGETnet: 0 # GET request latency on network to next level
  l1i-18: # Filter cache stats
   fhGETS: 69873843 # Filtered GETS hits
   fhGETX: 0 # Filtered GETX hits
   hGETS: 67548 # GETS hits
   hGETX: 0 # GETX hits
   mGETS: 647 # GETS misses
   mGETXIM: 0 # GETX I->M misses
   mGETXSM: 0 # GETX S->M misses (upgrade misses)
   PUTS: 0 # Clean evictions (from lower level)
   PUTX: 0 # Dirty evictions (from lower level)
   INV: 624 # Invalidates (from upper level)
   INVX: 0 # Downgrades (from upper level)
   FWD: 0 # Forwards (from upper level)
   latGETnl: 30409 # GET request latency on next level
   latGETnet: 0 # GET request latency on network to next level
  l1i-19: # Filter cache stats
   fhGETS: 69873594 # Filtered GETS hits
   fhGETX: 0 # Filtered GETX hits
   hGETS: 67544 # GETS hits
   hGETX: 0 # GETX hits
   mGETS: 659 # GETS misses
   mGETXIM: 0 # GETX I->M misses
   mGETXSM: 0 # GETX S->M misses (upgrade misses)
   PUTS: 0 # Clean evictions (from lower level)
   PUTX: 0 # Dirty evictions (from lower level)
   INV: 636 # Invalidates (from upper level)
   INVX: 0 # Downgrades (from upper level)
   FWD: 0 # Forwards (from upper level)
   latGETnl: 30973 # GET request latency on next level
   latGETnet: 0 # GET request latency on network to next level
  l1i-20: # Filter cache stats
   fhGETS: 69873835 # Filtered GETS hits
   fhGETX: 0 # Filtered GETX hits
   hGETS: 67549 # GETS hits
   hGETX: 0 # GETX hits
   mGETS: 650 # GETS misses
   mGETXIM: 0 # GETX I->M misses
   mGETXSM: 0 # GETX S->M misses (upgrade misses)
   PUTS: 0 # Clean evictions (from lower level)
   PUTX: 0 # Dirty evictions (from lower level)
   INV: 627 # Invalidates (from upper level)
   INVX: 0 # Downgrades (from upper level)
   FWD: 0 # Forwards (from upper level)
   latGETnl: 30550 # GET request latency on next level
   latGETnet: 0 # GET request latency on network to next level
  l1i-21: # Filter cache stats
   fhGETS: 69867077 # Filtered GETS hits
   fhGETX: 0 # Filtered GETX hits
   hGETS: 67628 # GETS hits
   hGETX: 0 # GETX hits
   mGETS: 722 # GETS misses
   mGETXIM: 0 # GETX I->M misses
   mGETXSM: 0 # GETX S->M misses (upgrade misses)
   PUTS: 0 # Clean evictions (from lower level)
   PUTX: 0 # Dirty evictions (from lower level)
   INV: 699 # Invalidates (from upper level)
   INVX: 0 # Downgrades (from upper level)
   FWD: 0 # Forwards (from upper level)
   latGETnl: 41194 # GET request latency on next level
   latGETnet: 0 # GET request latency on network to next level
  l1i-22: # Filter cache stats
   fhGETS: 69873144 # Filtered GETS hits
   fhGETX: 0 # Filtered GETX hits
   hGETS: 67543 # GETS hits
   hGETX: 0 # GETX hits
   mGETS: 653 # GETS misses
   mGETXIM: 0 # GETX I->M misses
   mGETXSM: 0 # GETX S->M misses (upgrade misses)
   PUTS: 0 # Clean evictions (from lower level)
   PUTX: 0 # Dirty evictions (from lower level)
   INV: 630 # Invalidates (from upper level)
   INVX: 0 # Downgrades (from upper level)
   FWD: 0 # Forwards (from upper level)
   latGETnl: 30691 # GET request latency on next level
   latGETnet: 0 # GET request latency on network to next level
  l1i-23: # Filter cache stats
   fhGETS: 0 # Filtered GETS hits
   fhGETX: 0 # Filtered GETX hits
   hGETS: 0 # GETS hits
   hGETX: 0 # GETX hits
   mGETS: 0 # GETS misses
   mGETXIM: 0 # GETX I->M misses
   mGETXSM: 0 # GETX S->M misses (upgrade misses)
   PUTS: 0 # Clean evictions (from lower level)
   PUTX: 0 # Dirty evictions (from lower level)
   INV: 0 # Invalidates (from upper level)
   INVX: 0 # Downgrades (from upper level)
   FWD: 0 # Forwards (from upper level)
   latGETnl: 0 # GET request latency on next level
   latGETnet: 0 # GET request latency on network to next level
 l2: # Cache stats
  l2-0: # Cache stats
   hGETS: 0 # GETS hits
   hGETX: 0 # GETX hits
   mGETS: 251016 # GETS misses
   mGETXIM: 87937 # GETX I->M misses
   mGETXSM: 7 # GETX S->M misses (upgrade misses)
   PUTS: 249828 # Clean evictions (from lower level)
   PUTX: 87753 # Dirty evictions (from lower level)
   INV: 43130 # Invalidates (from upper level)
   INVX: 92 # Downgrades (from upper level)
   FWD: 0 # Forwards (from upper level)
   latGETnl: 57186882 # GET request latency on next level
   latGETnet: 0 # GET request latency on network to next level
  l2-1: # Cache stats
   hGETS: 0 # GETS hits
   hGETX: 0 # GETX hits
   mGETS: 250873 # GETS misses
   mGETXIM: 87903 # GETX I->M misses
   mGETXSM: 10 # GETX S->M misses (upgrade misses)
   PUTS: 249787 # Clean evictions (from lower level)
   PUTX: 87730 # Dirty evictions (from lower level)
   INV: 23571 # Invalidates (from upper level)
   INVX: 25 # Downgrades (from upper level)
   FWD: 0 # Forwards (from upper level)
   latGETnl: 57144542 # GET request latency on next level
   latGETnet: 0 # GET request latency on network to next level
  l2-2: # Cache stats
   hGETS: 0 # GETS hits
   hGETX: 0 # GETX hits
   mGETS: 250891 # GETS misses
   mGETXIM: 87902 # GETX I->M misses
   mGETXSM: 5 # GETX S->M misses (upgrade misses)
   PUTS: 249783 # Clean evictions (from lower level)
   PUTX: 87737 # Dirty evictions (from lower level)
   INV: 63505 # Invalidates (from upper level)
   INVX: 5 # Downgrades (from upper level)
   FWD: 0 # Forwards (from upper level)
   latGETnl: 57144886 # GET request latency on next level
   latGETnet: 0 # GET request latency on network to next level
  l2-3: # Cache stats
   hGETS: 0 # GETS hits
   hGETX: 0 # GETX hits
   mGETS: 250872 # GETS misses
   mGETXIM: 87905 # GETX I->M misses
   mGETXSM: 7 # GETX S->M misses (upgrade misses)
   PUTS: 249783 # Clean evictions (from lower level)
   PUTX: 87733 # Dirty evictions (from lower level)
   INV: 20766 # Invalidates (from upper level)
   INVX: 32 # Downgrades (from upper level)
   FWD: 0 # Forwards (from upper level)
   latGETnl: 57145344 # GET request latency on next level
   latGETnet: 0 # GET request latency on network to next level
  l2-4: # Cache stats
   hGETS: 0 # GETS hits
   hGETX: 0 # GETX hits
   mGETS: 250876 # GETS misses
   mGETXIM: 87902 # GETX I->M misses
   mGETXSM: 9 # GETX S->M misses (upgrade misses)
   PUTS: 249785 # Clean evictions (from lower level)
   PUTX: 87729 # Dirty evictions (from lower level)
   INV: 20622 # Invalidates (from upper level)
   INVX: 20 # Downgrades (from upper level)
   FWD: 0 # Forwards (from upper level)
   latGETnl: 57140367 # GET request latency on next level
   latGETnet: 0 # GET request latency on network to next level
  l2-5: # Cache stats
   hGETS: 0 # GETS hits
   hGETX: 0 # GETX hits
   mGETS: 250876 # GETS misses
   mGETXIM: 87907 # GETX I->M misses
   mGETXSM: 9 # GETX S->M misses (upgrade misses)
   PUTS: 249783 # Clean evictions (from lower level)
   PUTX: 87732 # Dirty evictions (from lower level)
   INV: 22378 # Invalidates (from upper level)
   INVX: 19 # Downgrades (from upper level)
   FWD: 0 # Forwards (from upper level)
   latGETnl: 57139656 # GET request latency on next level
   latGETnet: 0 # GET request latency on network to next level
  l2-6: # Cache stats
   hGETS: 0 # GETS hits
   hGETX: 0 # GETX hits
   mGETS: 250838 # GETS misses
   mGETXIM: 87895 # GETX I->M misses
   mGETXSM: 5 # GETX S->M misses (upgrade misses)
   PUTS: 249775 # Clean evictions (from lower level)
   PUTX: 87728 # Dirty evictions (from lower level)
   INV: 23177 # Invalidates (from upper level)
   INVX: 17 # Downgrades (from upper level)
   FWD: 0 # Forwards (from upper level)
   latGETnl: 57141174 # GET request latency on next level
   latGETnet: 0 # GET request latency on network to next level
  l2-7: # Cache stats
   hGETS: 0 # GETS hits
   hGETX: 0 # GETX hits
   mGETS: 250841 # GETS misses
   mGETXIM: 87890 # GETX I->M misses
   mGETXSM: 6 # GETX S->M misses (upgrade misses)
   PUTS: 249773 # Clean evictions (from lower level)
   PUTX: 87731 # Dirty evictions (from lower level)
   INV: 31655 # Invalidates (from upper level)
   INVX: 16 # Downgrades (from upper level)
   FWD: 0 # Forwards (from upper level)
   latGETnl: 57140401 # GET request latency on next level
   latGETnet: 0 # GET request latency on network to next level
  l2-8: # Cache stats
   hGETS: 0 # GETS hits
   hGETX: 0 # GETX hits
   mGETS: 250877 # GETS misses
   mGETXIM: 87907 # GETX I->M misses
   mGETXSM: 8 # GETX S->M misses (upgrade misses)
   PUTS: 249782 # Clean evictions (from lower level)
   PUTX: 87730 # Dirty evictions (from lower level)
   INV: 51320 # Invalidates (from upper level)
   INVX: 18 # Downgrades (from upper level)
   FWD: 0 # Forwards (from upper level)
   latGETnl: 57138926 # GET request latency on next level
   latGETnet: 0 # GET request latency on network to next level
  l2-9: # Cache stats
   hGETS: 0 # GETS hits
   hGETX: 0 # GETX hits
   mGETS: 250841 # GETS misses
   mGETXIM: 87894 # GETX I->M misses
   mGETXSM: 6 # GETX S->M misses (upgrade misses)
   PUTS: 249774 # Clean evictions (from lower level)
   PUTX: 87729 # Dirty evictions (from lower level)
   INV: 50593 # Invalidates (from upper level)
   INVX: 19 # Downgrades (from upper level)
   FWD: 0 # Forwards (from upper level)
   latGETnl: 57139459 # GET request latency on next level
   latGETnet: 0 # GET request latency on network to next level
  l2-10: # Cache stats
   hGETS: 0 # GETS hits
   hGETX: 0 # GETX hits
   mGETS: 250828 # GETS misses
   mGETXIM: 87899 # GETX I->M misses
   mGETXSM: 5 # GETX S->M misses (upgrade misses)
   PUTS: 249771 # Clean evictions (from lower level)
   PUTX: 87729 # Dirty evictions (from lower level)
   INV: 20834 # Invalidates (from upper level)
   INVX: 26 # Downgrades (from upper level)
   FWD: 0 # Forwards (from upper level)
   latGETnl: 57139492 # GET request latency on next level
   latGETnet: 0 # GET request latency on network to next level
  l2-11: # Cache stats
   hGETS: 0 # GETS hits
   hGETX: 0 # GETX hits
   mGETS: 250858 # GETS misses
   mGETXIM: 87910 # GETX I->M misses
   mGETXSM: 9 # GETX S->M misses (upgrade misses)
   PUTS: 249777 # Clean evictions (from lower level)
   PUTX: 87754 # Dirty evictions (from lower level)
   INV: 65131 # Invalidates (from upper level)
   INVX: 8 # Downgrades (from upper level)
   FWD: 0 # Forwards (from upper level)
   latGETnl: 57141623 # GET request latency on next level
   latGETnet: 0 # GET request latency on network to next level
  l2-12: # Cache stats
   hGETS: 0 # GETS hits
   hGETX: 0 # GETX hits
   mGETS: 250837 # GETS misses
   mGETXIM: 87895 # GETX I->M misses
   mGETXSM: 6 # GETX S->M misses (upgrade misses)
   PUTS: 249775 # Clean evictions (from lower level)
   PUTX: 87729 # Dirty evictions (from lower level)
   INV: 21570 # Invalidates (from upper level)
   INVX: 7 # Downgrades (from upper level)
   FWD: 0 # Forwards (from upper level)
   latGETnl: 57136900 # GET request latency on next level
   latGETnet: 0 # GET request latency on network to next level
  l2-13: # Cache stats
   hGETS: 0 # GETS hits
   hGETX: 0 # GETX hits
   mGETS: 250841 # GETS misses
   mGETXIM: 87892 # GETX I->M misses
   mGETXSM: 5 # GETX S->M misses (upgrade misses)
   PUTS: 249777 # Clean evictions (from lower level)
   PUTX: 87728 # Dirty evictions (from lower level)
   INV: 20539 # Invalidates (from upper level)
   INVX: 4 # Downgrades (from upper level)
   FWD: 0 # Forwards (from upper level)
   latGETnl: 57137018 # GET request latency on next level
   latGETnet: 0 # GET request latency on network to next level
  l2-14: # Cache stats
   hGETS: 0 # GETS hits
   hGETX: 0 # GETX hits
   mGETS: 250837 # GETS misses
   mGETXIM: 87893 # GETX I->M misses
   mGETXSM: 6 # GETX S->M misses (upgrade misses)
   PUTS: 249773 # Clean evictions (from lower level)
   PUTX: 87731 # Dirty evictions (from lower level)
   INV: 41279 # Invalidates (from upper level)
   INVX: 2 # Downgrades (from upper level)
   FWD: 0 # Forwards (from upper level)
   latGETnl: 57135318 # GET request latency on next level
   latGETnet: 0 # GET request latency on network to next level
  l2-15: # Cache stats
   hGETS: 0 # GETS hits
   hGETX: 0 # GETX hits
   mGETS: 250838 # GETS misses
   mGETXIM: 87890 # GETX I->M misses
   mGETXSM: 6 # GETX S->M misses (upgrade misses)
   PUTS: 249772 # Clean evictions (from lower level)
   PUTX: 87731 # Dirty evictions (from lower level)
   INV: 34916 # Invalidates (from upper level)
   INVX: 2 # Downgrades (from upper level)
   FWD: 0 # Forwards (from upper level)
   latGETnl: 57135376 # GET request latency on next level
   latGETnet: 0 # GET request latency on network to next level
  l2-16: # Cache stats
   hGETS: 0 # GETS hits
   hGETX: 0 # GETX hits
   mGETS: 250830 # GETS misses
   mGETXIM: 87895 # GETX I->M misses
   mGETXSM: 6 # GETX S->M misses (upgrade misses)
   PUTS: 249772 # Clean evictions (from lower level)
   PUTX: 87731 # Dirty evictions (from lower level)
   INV: 20926 # Invalidates (from upper level)
   INVX: 2 # Downgrades (from upper level)
   FWD: 0 # Forwards (from upper level)
   latGETnl: 57134605 # GET request latency on next level
   latGETnet: 0 # GET request latency on network to next level
  l2-17: # Cache stats
   hGETS: 0 # GETS hits
   hGETX: 0 # GETX hits
   mGETS: 250843 # GETS misses
   mGETXIM: 87896 # GETX I->M misses
   mGETXSM: 6 # GETX S->M misses (upgrade misses)
   PUTS: 249775 # Clean evictions (from lower level)
   PUTX: 87729 # Dirty evictions (from lower level)
   INV: 21094 # Invalidates (from upper level)
   INVX: 2 # Downgrades (from upper level)
   FWD: 0 # Forwards (from upper level)
   latGETnl: 57135519 # GET request latency on next level
   latGETnet: 0 # GET request latency on network to next level
  l2-18: # Cache stats
   hGETS: 0 # GETS hits
   hGETX: 0 # GETX hits
   mGETS: 250836 # GETS misses
   mGETXIM: 87895 # GETX I->M misses
   mGETXSM: 6 # GETX S->M misses (upgrade misses)
   PUTS: 249773 # Clean evictions (from lower level)
   PUTX: 87730 # Dirty evictions (from lower level)
   INV: 20619 # Invalidates (from upper level)
   INVX: 2 # Downgrades (from upper level)
   FWD: 0 # Forwards (from upper level)
   latGETnl: 57135223 # GET request latency on next level
   latGETnet: 0 # GET request latency on network to next level
  l2-19: # Cache stats
   hGETS: 0 # GETS hits
   hGETX: 0 # GETX hits
   mGETS: 250843 # GETS misses
   mGETXIM: 87899 # GETX I->M misses
   mGETXSM: 6 # GETX S->M misses (upgrade misses)
   PUTS: 249772 # Clean evictions (from lower level)
   PUTX: 87730 # Dirty evictions (from lower level)
   INV: 33672 # Invalidates (from upper level)
   INVX: 2 # Downgrades (from upper level)
   FWD: 0 # Forwards (from upper level)
   latGETnl: 57135234 # GET request latency on next level
   latGETnet: 0 # GET request latency on network to next level
  l2-20: # Cache stats
   hGETS: 0 # GETS hits
   hGETX: 0 # GETX hits
   mGETS: 250838 # GETS misses
   mGETXIM: 87891 # GETX I->M misses
   mGETXSM: 6 # GETX S->M misses (upgrade misses)
   PUTS: 249773 # Clean evictions (from lower level)
   PUTX: 87729 # Dirty evictions (from lower level)
   INV: 20218 # Invalidates (from upper level)
   INVX: 2 # Downgrades (from upper level)
   FWD: 0 # Forwards (from upper level)
   latGETnl: 57135149 # GET request latency on next level
   latGETnet: 0 # GET request latency on network to next level
  l2-21: # Cache stats
   hGETS: 0 # GETS hits
   hGETX: 0 # GETX hits
   mGETS: 250944 # GETS misses
   mGETXIM: 87884 # GETX I->M misses
   mGETXSM: 10 # GETX S->M misses (upgrade misses)
   PUTS: 249799 # Clean evictions (from lower level)
   PUTX: 87732 # Dirty evictions (from lower level)
   INV: 33534 # Invalidates (from upper level)
   INVX: 3 # Downgrades (from upper level)
   FWD: 0 # Forwards (from upper level)
   latGETnl: 57147702 # GET request latency on next level
   latGETnet: 0 # GET request latency on network to next level
  l2-22: # Cache stats
   hGETS: 0 # GETS hits
   hGETX: 0 # GETX hits
   mGETS: 250836 # GETS misses
   mGETXIM: 87897 # GETX I->M misses
   mGETXSM: 5 # GETX S->M misses (upgrade misses)
   PUTS: 249770 # Clean evictions (from lower level)
   PUTX: 87728 # Dirty evictions (from lower level)
   INV: 22606 # Invalidates (from upper level)
   INVX: 3 # Downgrades (from upper level)
   FWD: 0 # Forwards (from upper level)
   latGETnl: 57134704 # GET request latency on next level
   latGETnet: 0 # GET request latency on network to next level
  l2-23: # Cache stats
   hGETS: 0 # GETS hits
   hGETX: 0 # GETX hits
   mGETS: 0 # GETS misses
   mGETXIM: 0 # GETX I->M misses
   mGETXSM: 0 # GETX S->M misses (upgrade misses)
   PUTS: 0 # Clean evictions (from lower level)
   PUTX: 0 # Dirty evictions (from lower level)
   INV: 0 # Invalidates (from upper level)
   INVX: 0 # Downgrades (from upper level)
   FWD: 0 # Forwards (from upper level)
   latGETnl: 0 # GET request latency on next level
   latGETnet: 0 # GET request latency on network to next level
 l3: # Cache stats
  l3-0b0: # Cache stats
   hGETS: 212 # GETS hits
   hGETX: 32 # GETX hits
   mGETS: 239666 # GETS misses
   mGETXIM: 84205 # GETX I->M misses
   mGETXSM: 0 # GETX S->M misses (upgrade misses)
   PUTS: 207183 # Clean evictions (from lower level)
   PUTX: 71289 # Dirty evictions (from lower level)
   INV: 0 # Invalidates (from upper level)
   INVX: 0 # Downgrades (from upper level)
   FWD: 0 # Forwards (from upper level)
   latGETnl: 42750972 # GET request latency on next level
   latGETnet: 0 # GET request latency on network to next level
  l3-0b1: # Cache stats
   hGETS: 277 # GETS hits
   hGETX: 40 # GETX hits
   mGETS: 239671 # GETS misses
   mGETXIM: 84201 # GETX I->M misses
   mGETXSM: 0 # GETX S->M misses (upgrade misses)
   PUTS: 207265 # Clean evictions (from lower level)
   PUTX: 71394 # Dirty evictions (from lower level)
   INV: 0 # Invalidates (from upper level)
   INVX: 0 # Downgrades (from upper level)
   FWD: 0 # Forwards (from upper level)
   latGETnl: 42751104 # GET request latency on next level
   latGETnet: 0 # GET request latency on network to next level
  l3-0b2: # Cache stats
   hGETS: 676 # GETS hits
   hGETX: 20 # GETX hits
   mGETS: 239661 # GETS misses
   mGETXIM: 84213 # GETX I->M misses
   mGETXSM: 0 # GETX S->M misses (upgrade misses)
   PUTS: 207590 # Clean evictions (from lower level)
   PUTX: 71423 # Dirty evictions (from lower level)
   INV: 0 # Invalidates (from upper level)
   INVX: 0 # Downgrades (from upper level)
   FWD: 0 # Forwards (from upper level)
   latGETnl: 42751368 # GET request latency on next level
   latGETnet: 0 # GET request latency on network to next level
  l3-0b3: # Cache stats
   hGETS: 300 # GETS hits
   hGETX: 4 # GETX hits
   mGETS: 239655 # GETS misses
   mGETXIM: 84220 # GETX I->M misses
   mGETXSM: 0 # GETX S->M misses (upgrade misses)
   PUTS: 207355 # Clean evictions (from lower level)
   PUTX: 71447 # Dirty evictions (from lower level)
   INV: 0 # Invalidates (from upper level)
   INVX: 0 # Downgrades (from upper level)
   FWD: 0 # Forwards (from upper level)
   latGETnl: 42751500 # GET request latency on next level
   latGETnet: 0 # GET request latency on network to next level
  l3-0b4: # Cache stats
   hGETS: 700 # GETS hits
   hGETX: 0 # GETX hits
   mGETS: 239657 # GETS misses
   mGETXIM: 84152 # GETX I->M misses
   mGETXSM: 0 # GETX S->M misses (upgrade misses)
   PUTS: 207769 # Clean evictions (from lower level)
   PUTX: 71252 # Dirty evictions (from lower level)
   INV: 0 # Invalidates (from upper level)
   INVX: 0 # Downgrades (from upper level)
   FWD: 0 # Forwards (from upper level)
   latGETnl: 42742788 # GET request latency on next level
   latGETnet: 0 # GET request latency on network to next level
  l3-0b5: # Cache stats
   hGETS: 779 # GETS hits
   hGETX: 11 # GETX hits
   mGETS: 239664 # GETS misses
   mGETXIM: 84226 # GETX I->M misses
   mGETXSM: 0 # GETX S->M misses (upgrade misses)
   PUTS: 207769 # Clean evictions (from lower level)
   PUTX: 71369 # Dirty evictions (from lower level)
   INV: 0 # Invalidates (from upper level)
   INVX: 0 # Downgrades (from upper level)
   FWD: 0 # Forwards (from upper level)
   latGETnl: 42753480 # GET request latency on next level
   latGETnet: 0 # GET request latency on network to next level
  l3-0b6: # Cache stats
   hGETS: 740 # GETS hits
   hGETX: 41 # GETX hits
   mGETS: 239672 # GETS misses
   mGETXIM: 84192 # GETX I->M misses
   mGETXSM: 0 # GETX S->M misses (upgrade misses)
   PUTS: 207761 # Clean evictions (from lower level)
   PUTX: 71339 # Dirty evictions (from lower level)
   INV: 0 # Invalidates (from upper level)
   INVX: 0 # Downgrades (from upper level)
   FWD: 0 # Forwards (from upper level)
   latGETnl: 42750048 # GET request latency on next level
   latGETnet: 0 # GET request latency on network to next level
  l3-0b7: # Cache stats
   hGETS: 656 # GETS hits
   hGETX: 41 # GETX hits
   mGETS: 239665 # GETS misses
   mGETXIM: 84262 # GETX I->M misses
   mGETXSM: 0 # GETX S->M misses (upgrade misses)
   PUTS: 207681 # Clean evictions (from lower level)
   PUTX: 71450 # Dirty evictions (from lower level)
   INV: 0 # Invalidates (from upper level)
   INVX: 0 # Downgrades (from upper level)
   FWD: 0 # Forwards (from upper level)
   latGETnl: 42758364 # GET request latency on next level
   latGETnet: 0 # GET request latency on network to next level
  l3-0b8: # Cache stats
   hGETS: 673 # GETS hits
   hGETX: 16 # GETX hits
   mGETS: 239660 # GETS misses
   mGETXIM: 84352 # GETX I->M misses
   mGETXSM: 0 # GETX S->M misses (upgrade misses)
   PUTS: 207616 # Clean evictions (from lower level)
   PUTX: 71729 # Dirty evictions (from lower level)
   INV: 0 # Invalidates (from upper level)
   INVX: 0 # Downgrades (from upper level)
   FWD: 0 # Forwards (from upper level)
   latGETnl: 42769584 # GET request latency on next level
   latGETnet: 0 # GET request latency on network to next level
  l3-0b9: # Cache stats
   hGETS: 644 # GETS hits
   hGETX: 18 # GETX hits
   mGETS: 239667 # GETS misses
   mGETXIM: 84363 # GETX I->M misses
   mGETXSM: 0 # GETX S->M misses (upgrade misses)
   PUTS: 207736 # Clean evictions (from lower level)
   PUTX: 71740 # Dirty evictions (from lower level)
   INV: 0 # Invalidates (from upper level)
   INVX: 0 # Downgrades (from upper level)
   FWD: 0 # Forwards (from upper level)
   latGETnl: 42771960 # GET request latency on next level
   latGETnet: 0 # GET request latency on network to next level
  l3-0b10: # Cache stats
   hGETS: 1708 # GETS hits
   hGETX: 55 # GETX hits
   mGETS: 239672 # GETS misses
   mGETXIM: 84331 # GETX I->M misses
   mGETXSM: 0 # GETX S->M misses (upgrade misses)
   PUTS: 208786 # Clean evictions (from lower level)
   PUTX: 71581 # Dirty evictions (from lower level)
   INV: 0 # Invalidates (from upper level)
   INVX: 0 # Downgrades (from upper level)
   FWD: 0 # Forwards (from upper level)
   latGETnl: 42768396 # GET request latency on next level
   latGETnet: 0 # GET request latency on network to next level
  l3-0b11: # Cache stats
   hGETS: 716 # GETS hits
   hGETX: 46 # GETX hits
   mGETS: 239684 # GETS misses
   mGETXIM: 84294 # GETX I->M misses
   mGETXSM: 0 # GETX S->M misses (upgrade misses)
   PUTS: 207817 # Clean evictions (from lower level)
   PUTX: 71481 # Dirty evictions (from lower level)
   INV: 0 # Invalidates (from upper level)
   INVX: 0 # Downgrades (from upper level)
   FWD: 0 # Forwards (from upper level)
   latGETnl: 42765096 # GET request latency on next level
   latGETnet: 0 # GET request latency on network to next level
  l3-0b12: # Cache stats
   hGETS: 1284 # GETS hits
   hGETX: 51 # GETX hits
   mGETS: 239694 # GETS misses
   mGETXIM: 84516 # GETX I->M misses
   mGETXSM: 0 # GETX S->M misses (upgrade misses)
   PUTS: 208219 # Clean evictions (from lower level)
   PUTX: 71798 # Dirty evictions (from lower level)
   INV: 0 # Invalidates (from upper level)
   INVX: 0 # Downgrades (from upper level)
   FWD: 0 # Forwards (from upper level)
   latGETnl: 42795720 # GET request latency on next level
   latGETnet: 0 # GET request latency on network to next level
  l3-0b13: # Cache stats
   hGETS: 1223 # GETS hits
   hGETX: 75 # GETX hits
   mGETS: 239695 # GETS misses
   mGETXIM: 84461 # GETX I->M misses
   mGETXSM: 0 # GETX S->M misses (upgrade misses)
   PUTS: 208126 # Clean evictions (from lower level)
   PUTX: 71811 # Dirty evictions (from lower level)
   INV: 0 # Invalidates (from upper level)
   INVX: 0 # Downgrades (from upper level)
   FWD: 0 # Forwards (from upper level)
   latGETnl: 42788592 # GET request latency on next level
   latGETnet: 0 # GET request latency on network to next level
  l3-0b14: # Cache stats
   hGETS: 1252 # GETS hits
   hGETX: 50 # GETX hits
   mGETS: 239670 # GETS misses
   mGETXIM: 84485 # GETX I->M misses
   mGETXSM: 0 # GETX S->M misses (upgrade misses)
   PUTS: 208106 # Clean evictions (from lower level)
   PUTX: 71833 # Dirty evictions (from lower level)
   INV: 0 # Invalidates (from upper level)
   INVX: 0 # Downgrades (from upper level)
   FWD: 0 # Forwards (from upper level)
   latGETnl: 42788460 # GET request latency on next level
   latGETnet: 0 # GET request latency on network to next level
  l3-0b15: # Cache stats
   hGETS: 1245 # GETS hits
   hGETX: 35 # GETX hits
   mGETS: 239670 # GETS misses
   mGETXIM: 84385 # GETX I->M misses
   mGETXSM: 0 # GETX S->M misses (upgrade misses)
   PUTS: 208173 # Clean evictions (from lower level)
   PUTX: 71685 # Dirty evictions (from lower level)
   INV: 0 # Invalidates (from upper level)
   INVX: 0 # Downgrades (from upper level)
   FWD: 0 # Forwards (from upper level)
   latGETnl: 42775260 # GET request latency on next level
   latGETnet: 0 # GET request latency on network to next level
  l3-0b16: # Cache stats
   hGETS: 855 # GETS hits
   hGETX: 18 # GETX hits
   mGETS: 239585 # GETS misses
   mGETXIM: 84057 # GETX I->M misses
   mGETXSM: 0 # GETX S->M misses (upgrade misses)
   PUTS: 207984 # Clean evictions (from lower level)
   PUTX: 71367 # Dirty evictions (from lower level)
   INV: 0 # Invalidates (from upper level)
   INVX: 0 # Downgrades (from upper level)
   FWD: 0 # Forwards (from upper level)
   latGETnl: 42720744 # GET request latency on next level
   latGETnet: 0 # GET request latency on network to next level
  l3-0b17: # Cache stats
   hGETS: 819 # GETS hits
   hGETX: 18 # GETX hits
   mGETS: 239583 # GETS misses
   mGETXIM: 84046 # GETX I->M misses
   mGETXSM: 0 # GETX S->M misses (upgrade misses)
   PUTS: 207893 # Clean evictions (from lower level)
   PUTX: 71348 # Dirty evictions (from lower level)
   INV: 0 # Invalidates (from upper level)
   INVX: 0 # Downgrades (from upper level)
   FWD: 0 # Forwards (from upper level)
   latGETnl: 42719028 # GET request latency on next level
   latGETnet: 0 # GET request latency on network to next level
  l3-0b18: # Cache stats
   hGETS: 879 # GETS hits
   hGETX: 78 # GETX hits
   mGETS: 239591 # GETS misses
   mGETXIM: 84064 # GETX I->M misses
   mGETXSM: 0 # GETX S->M misses (upgrade misses)
   PUTS: 207890 # Clean evictions (from lower level)
   PUTX: 71385 # Dirty evictions (from lower level)
   INV: 0 # Invalidates (from upper level)
   INVX: 0 # Downgrades (from upper level)
   FWD: 0 # Forwards (from upper level)
   latGETnl: 42722460 # GET request latency on next level
   latGETnet: 0 # GET request latency on network to next level
  l3-0b19: # Cache stats
   hGETS: 878 # GETS hits
   hGETX: 93 # GETX hits
   mGETS: 239589 # GETS misses
   mGETXIM: 84106 # GETX I->M misses
   mGETXSM: 0 # GETX S->M misses (upgrade misses)
   PUTS: 207736 # Clean evictions (from lower level)
   PUTX: 71456 # Dirty evictions (from lower level)
   INV: 0 # Invalidates (from upper level)
   INVX: 0 # Downgrades (from upper level)
   FWD: 0 # Forwards (from upper level)
   latGETnl: 42727740 # GET request latency on next level
   latGETnet: 0 # GET request latency on network to next level
  l3-0b20: # Cache stats
   hGETS: 329 # GETS hits
   hGETX: 30 # GETX hits
   mGETS: 239578 # GETS misses
   mGETXIM: 83951 # GETX I->M misses
   mGETXSM: 0 # GETX S->M misses (upgrade misses)
   PUTS: 207537 # Clean evictions (from lower level)
   PUTX: 71319 # Dirty evictions (from lower level)
   INV: 0 # Invalidates (from upper level)
   INVX: 0 # Downgrades (from upper level)
   FWD: 0 # Forwards (from upper level)
   latGETnl: 42705828 # GET request latency on next level
   latGETnet: 0 # GET request latency on network to next level
  l3-0b21: # Cache stats
   hGETS: 848 # GETS hits
   hGETX: 38 # GETX hits
   mGETS: 239582 # GETS misses
   mGETXIM: 83930 # GETX I->M misses
   mGETXSM: 0 # GETX S->M misses (upgrade misses)
   PUTS: 208084 # Clean evictions (from lower level)
   PUTX: 71218 # Dirty evictions (from lower level)
   INV: 0 # Invalidates (from upper level)
   INVX: 0 # Downgrades (from upper level)
   FWD: 0 # Forwards (from upper level)
   latGETnl: 42703584 # GET request latency on next level
   latGETnet: 0 # GET request latency on network to next level
  l3-0b22: # Cache stats
   hGETS: 334 # GETS hits
   hGETX: 60 # GETX hits
   mGETS: 239590 # GETS misses
   mGETXIM: 83939 # GETX I->M misses
   mGETXSM: 0 # GETX S->M misses (upgrade misses)
   PUTS: 207555 # Clean evictions (from lower level)
   PUTX: 71325 # Dirty evictions (from lower level)
   INV: 0 # Invalidates (from upper level)
   INVX: 0 # Downgrades (from upper level)
   FWD: 0 # Forwards (from upper level)
   latGETnl: 42705828 # GET request latency on next level
   latGETnet: 0 # GET request latency on network to next level
  l3-0b23: # Cache stats
   hGETS: 366 # GETS hits
   hGETX: 53 # GETX hits
   mGETS: 239596 # GETS misses
   mGETXIM: 83958 # GETX I->M misses
   mGETXSM: 0 # GETX S->M misses (upgrade misses)
   PUTS: 207312 # Clean evictions (from lower level)
   PUTX: 71282 # Dirty evictions (from lower level)
   INV: 0 # Invalidates (from upper level)
   INVX: 0 # Downgrades (from upper level)
   FWD: 0 # Forwards (from upper level)
   latGETnl: 42709128 # GET request latency on next level
   latGETnet: 0 # GET request latency on network to next level
 mem: # Memory controller stats
  mem-0: # Memory controller stats
   rd: 7772326 # Read requests
   wr: 1879596 # Write requests
   rdlat: 1112383699 # Total latency experienced by read requests
   wrlat: 270093081 # Total latency experienced by write requests
 sched: # Scheduler stats
  thCr: 25 # Threads created
  thFn: 25 # Threads finished
  schedEvs: 26 # Schedule events
  waitEvs: 2 # Wait events
  handoffEvs: 1 # Handoff events
  sleepEvs: 1 # Sleep events
  idlePhases: 0 # Phases with no thread active
  idlePeriods: 0 # Periods with no thread active
  occHist: # Occupancy histogram
   0: 0
   1: 24
   2: 0
   3: 1
   4: 2
   5: 1
   6: 0
   7: 1
   8: 0
   9: 0
   10: 0
   11: 1
   12: 0
   13: 1
   14: 0
   15: 0
   16: 0
   17: 1
   18: 0
   19: 0
   20: 0
   21: 1
   22: 0
   23: 141661
   24: 0
  rqSzHist: # Run queue size histogram
   0: 141671
   1: 23
   2: 0
   3: 0
   4: 0
   5: 0
   6: 0
   7: 0
   8: 0
   9: 0
   10: 0
   11: 0
   12: 0
   13: 0
   14: 0
   15: 0
   16: 0
   17: 0
   18: 0
   19: 0
   20: 0
   21: 0
   22: 0
   23: 0
   24: 0
 procCycles: # Per-process unhalted core cycles
  0: 3258310255
  1: 0
  2: 0
  3: 0
  4: 0
  5: 0
  6: 0
  7: 0
  8: 0
  9: 0
  10: 0
  11: 0
  12: 0
  13: 0
  14: 0
  15: 0
  16: 0
  17: 0
  18: 0
  19: 0
  20: 0
  21: 0
  22: 0
  23: 0
  24: 0
  25: 0
  26: 0
  27: 0
  28: 0
  29: 0
  30: 0
  31: 0
  32: 0
  33: 0
  34: 0
  35: 0
  36: 0
  37: 0
  38: 0
  39: 0
  40: 0
  41: 0
  42: 0
  43: 0
  44: 0
  45: 0
  46: 0
  47: 0
  48: 0
  49: 0
  50: 0
  51: 0
  52: 0
  53: 0
  54: 0
  55: 0
  56: 0
  57: 0
  58: 0
  59: 0
  60: 0
  61: 0
  62: 0
  63: 0
 procInstrs: # Per-process instructions
  0: 4811235985
  1: 0
  2: 0
  3: 0
  4: 0
  5: 0
  6: 0
  7: 0
  8: 0
  9: 0
  10: 0
  11: 0
  12: 0
  13: 0
  14: 0
  15: 0
  16: 0
  17: 0
  18: 0
  19: 0
  20: 0
  21: 0
  22: 0
  23: 0
  24: 0
  25: 0
  26: 0
  27: 0
  28: 0
  29: 0
  30: 0
  31: 0
  32: 0
  33: 0
  34: 0
  35: 0
  36: 0
  37: 0
  38: 0
  39: 0
  40: 0
  41: 0
  42: 0
  43: 0
  44: 0
  45: 0
  46: 0
  47: 0
  48: 0
  49: 0
  50: 0
  51: 0
  52: 0
  53: 0
  54: 0
  55: 0
  56: 0
  57: 0
  58: 0
  59: 0
  60: 0
  61: 0
  62: 0
  63: 0
 heartbeats: # Per-process heartbeats
  0: 0
  1: 0
  2: 0
  3: 0
  4: 0
  5: 0
  6: 0
  7: 0
  8: 0
  9: 0
  10: 0
  11: 0
  12: 0
  13: 0
  14: 0
  15: 0
  16: 0
  17: 0
  18: 0
  19: 0
  20: 0
  21: 0
  22: 0
  23: 0
  24: 0
  25: 0
  26: 0
  27: 0
  28: 0
  29: 0
  30: 0
  31: 0
  32: 0
  33: 0
  34: 0
  35: 0
  36: 0
  37: 0
  38: 0
  39: 0
  40: 0
  41: 0
  42: 0
  43: 0
  44: 0
  45: 0
  46: 0
  47: 0
  48: 0
  49: 0
  50: 0
  51: 0
  52: 0
  53: 0
  54: 0
  55: 0
  56: 0
  57: 0
  58: 0
  59: 0
  60: 0
  61: 0
  62: 0
  63: 0
===
