# zsim stats
===
root: # Stats
 contention: # Contention simulation stats
  domain-0: # Domain stats
   time: 10551693831 # Weave simulation time
 time: # Simulator time breakdown
  init: 3342211446
  bound: 74504855355
  weave: 13128530302
  ff: 406967
 trigger: 20000 # Reason for this stats dump
 phase: 46739 # Simulated phases
 reqCycles: 0 # Requeue Cycles
 skylake: # Core stats
  skylake-0: # Core stats
   cycles: 46739217 # Simulated unhalted cycles
   cCycles: 7157850 # Cycles due to contention stalls
   instrs: 56044110 # Simulated instructions
   uops: 39090533 # issued micro-ops
   bbls: 18237742 # Basic blocks
   approxInstrs: 769751 # Instrs with approx uop decoding
   mispredBranches: 112000 # Mispredicted branches
   IdqNotDelivered: 39581367 # Stalls no uop delivered when no Bkend Stall
   IntMiscRecoveryCycles: 909816 # Stalls waiting machine clears
   uops executed: 39813872 # Executed microoperations
  skylake-1: # Core stats
   cycles: 46703145 # Simulated unhalted cycles
   cCycles: 7157791 # Cycles due to contention stalls
   instrs: 56042755 # Simulated instructions
   uops: 39089100 # issued micro-ops
   bbls: 18237459 # Basic blocks
   approxInstrs: 769749 # Instrs with approx uop decoding
   mispredBranches: 111964 # Mispredicted branches
   IdqNotDelivered: 39545354 # Stalls no uop delivered when no Bkend Stall
   IntMiscRecoveryCycles: 900035 # Stalls waiting machine clears
   uops executed: 39812478 # Executed microoperations
  skylake-2: # Core stats
   cycles: 46701865 # Simulated unhalted cycles
   cCycles: 7157837 # Cycles due to contention stalls
   instrs: 56039426 # Simulated instructions
   uops: 39086543 # issued micro-ops
   bbls: 18236446 # Basic blocks
   approxInstrs: 769704 # Instrs with approx uop decoding
   mispredBranches: 111964 # Mispredicted branches
   IdqNotDelivered: 39544028 # Stalls no uop delivered when no Bkend Stall
   IntMiscRecoveryCycles: 902876 # Stalls waiting machine clears
   uops executed: 39809875 # Executed microoperations
  skylake-3: # Core stats
   cycles: 46701232 # Simulated unhalted cycles
   cCycles: 7157770 # Cycles due to contention stalls
   instrs: 56042762 # Simulated instructions
   uops: 39088991 # issued micro-ops
   bbls: 18237491 # Basic blocks
   approxInstrs: 769747 # Instrs with approx uop decoding
   mispredBranches: 111964 # Mispredicted branches
   IdqNotDelivered: 39543462 # Stalls no uop delivered when no Bkend Stall
   IntMiscRecoveryCycles: 901312 # Stalls waiting machine clears
   uops executed: 39812369 # Executed microoperations
  skylake-4: # Core stats
   cycles: 46699218 # Simulated unhalted cycles
   cCycles: 7157791 # Cycles due to contention stalls
   instrs: 56042368 # Simulated instructions
   uops: 39088729 # issued micro-ops
   bbls: 18237362 # Basic blocks
   approxInstrs: 769748 # Instrs with approx uop decoding
   mispredBranches: 111965 # Mispredicted branches
   IdqNotDelivered: 39541427 # Stalls no uop delivered when no Bkend Stall
   IntMiscRecoveryCycles: 900762 # Stalls waiting machine clears
   uops executed: 39812082 # Executed microoperations
  skylake-5: # Core stats
   cycles: 46698385 # Simulated unhalted cycles
   cCycles: 7157890 # Cycles due to contention stalls
   instrs: 56043376 # Simulated instructions
   uops: 39089432 # issued micro-ops
   bbls: 18237691 # Basic blocks
   approxInstrs: 769755 # Instrs with approx uop decoding
   mispredBranches: 111969 # Mispredicted branches
   IdqNotDelivered: 39540495 # Stalls no uop delivered when no Bkend Stall
   IntMiscRecoveryCycles: 901113 # Stalls waiting machine clears
   uops executed: 39812780 # Executed microoperations
  skylake-6: # Core stats
   cycles: 46697146 # Simulated unhalted cycles
   cCycles: 7157831 # Cycles due to contention stalls
   instrs: 56042145 # Simulated instructions
   uops: 39088561 # issued micro-ops
   bbls: 18237291 # Basic blocks
   approxInstrs: 769740 # Instrs with approx uop decoding
   mispredBranches: 111965 # Mispredicted branches
   IdqNotDelivered: 39539315 # Stalls no uop delivered when no Bkend Stall
   IntMiscRecoveryCycles: 900762 # Stalls waiting machine clears
   uops executed: 39811907 # Executed microoperations
  skylake-7: # Core stats
   cycles: 46697217 # Simulated unhalted cycles
   cCycles: 7157819 # Cycles due to contention stalls
   instrs: 56042203 # Simulated instructions
   uops: 39088289 # issued micro-ops
   bbls: 18237381 # Basic blocks
   approxInstrs: 769742 # Instrs with approx uop decoding
   mispredBranches: 111959 # Mispredicted branches
   IdqNotDelivered: 39539398 # Stalls no uop delivered when no Bkend Stall
   IntMiscRecoveryCycles: 902912 # Stalls waiting machine clears
   uops executed: 39811649 # Executed microoperations
  skylake-8: # Core stats
   cycles: 46696217 # Simulated unhalted cycles
   cCycles: 7157847 # Cycles due to contention stalls
   instrs: 56042095 # Simulated instructions
   uops: 39088217 # issued micro-ops
   bbls: 18237345 # Basic blocks
   approxInstrs: 769742 # Instrs with approx uop decoding
   mispredBranches: 111959 # Mispredicted branches
   IdqNotDelivered: 39538370 # Stalls no uop delivered when no Bkend Stall
   IntMiscRecoveryCycles: 901367 # Stalls waiting machine clears
   uops executed: 39811577 # Executed microoperations
  skylake-9: # Core stats
   cycles: 46696123 # Simulated unhalted cycles
   cCycles: 7157876 # Cycles due to contention stalls
   instrs: 56042739 # Simulated instructions
   uops: 39088673 # issued micro-ops
   bbls: 18237555 # Basic blocks
   approxInstrs: 769749 # Instrs with approx uop decoding
   mispredBranches: 111963 # Mispredicted branches
   IdqNotDelivered: 39538247 # Stalls no uop delivered when no Bkend Stall
   IntMiscRecoveryCycles: 901660 # Stalls waiting machine clears
   uops executed: 39812025 # Executed microoperations
  skylake-10: # Core stats
   cycles: 46695944 # Simulated unhalted cycles
   cCycles: 7157742 # Cycles due to contention stalls
   instrs: 56041222 # Simulated instructions
   uops: 39087607 # issued micro-ops
   bbls: 18237062 # Basic blocks
   approxInstrs: 769729 # Instrs with approx uop decoding
   mispredBranches: 111958 # Mispredicted branches
   IdqNotDelivered: 39538202 # Stalls no uop delivered when no Bkend Stall
   IntMiscRecoveryCycles: 901886 # Stalls waiting machine clears
   uops executed: 39810952 # Executed microoperations
  skylake-11: # Core stats
   cycles: 46696003 # Simulated unhalted cycles
   cCycles: 7157883 # Cycles due to contention stalls
   instrs: 56042249 # Simulated instructions
   uops: 39088538 # issued micro-ops
   bbls: 18237310 # Basic blocks
   approxInstrs: 769738 # Instrs with approx uop decoding
   mispredBranches: 111962 # Mispredicted branches
   IdqNotDelivered: 39538120 # Stalls no uop delivered when no Bkend Stall
   IntMiscRecoveryCycles: 902166 # Stalls waiting machine clears
   uops executed: 39811977 # Executed microoperations
  skylake-12: # Core stats
   cycles: 46694934 # Simulated unhalted cycles
   cCycles: 7157752 # Cycles due to contention stalls
   instrs: 56041731 # Simulated instructions
   uops: 39087970 # issued micro-ops
   bbls: 18237226 # Basic blocks
   approxInstrs: 769742 # Instrs with approx uop decoding
   mispredBranches: 111959 # Mispredicted branches
   IdqNotDelivered: 39537182 # Stalls no uop delivered when no Bkend Stall
   IntMiscRecoveryCycles: 900841 # Stalls waiting machine clears
   uops executed: 39811327 # Executed microoperations
  skylake-13: # Core stats
   cycles: 46694930 # Simulated unhalted cycles
   cCycles: 7157858 # Cycles due to contention stalls
   instrs: 56042294 # Simulated instructions
   uops: 39088364 # issued micro-ops
   bbls: 18237408 # Basic blocks
   approxInstrs: 769747 # Instrs with approx uop decoding
   mispredBranches: 111960 # Mispredicted branches
   IdqNotDelivered: 39537072 # Stalls no uop delivered when no Bkend Stall
   IntMiscRecoveryCycles: 900900 # Stalls waiting machine clears
   uops executed: 39811730 # Executed microoperations
  skylake-14: # Core stats
   cycles: 46694007 # Simulated unhalted cycles
   cCycles: 7157844 # Cycles due to contention stalls
   instrs: 56042731 # Simulated instructions
   uops: 39088662 # issued micro-ops
   bbls: 18237553 # Basic blocks
   approxInstrs: 769749 # Instrs with approx uop decoding
   mispredBranches: 111962 # Mispredicted branches
   IdqNotDelivered: 39536163 # Stalls no uop delivered when no Bkend Stall
   IntMiscRecoveryCycles: 900720 # Stalls waiting machine clears
   uops executed: 39812024 # Executed microoperations
  skylake-15: # Core stats
   cycles: 46693930 # Simulated unhalted cycles
   cCycles: 7157907 # Cycles due to contention stalls
   instrs: 56042321 # Simulated instructions
   uops: 39088382 # issued micro-ops
   bbls: 18237417 # Basic blocks
   approxInstrs: 769747 # Instrs with approx uop decoding
   mispredBranches: 111960 # Mispredicted branches
   IdqNotDelivered: 39536023 # Stalls no uop delivered when no Bkend Stall
   IntMiscRecoveryCycles: 901125 # Stalls waiting machine clears
   uops executed: 39811748 # Executed microoperations
  skylake-16: # Core stats
   cycles: 46693931 # Simulated unhalted cycles
   cCycles: 7157803 # Cycles due to contention stalls
   instrs: 56015166 # Simulated instructions
   uops: 39071405 # issued micro-ops
   bbls: 18227817 # Basic blocks
   approxInstrs: 769283 # Instrs with approx uop decoding
   mispredBranches: 112006 # Mispredicted branches
   IdqNotDelivered: 39536128 # Stalls no uop delivered when no Bkend Stall
   IntMiscRecoveryCycles: 904728 # Stalls waiting machine clears
   uops executed: 39794461 # Executed microoperations
  skylake-17: # Core stats
   cycles: 46693930 # Simulated unhalted cycles
   cCycles: 7157809 # Cycles due to contention stalls
   instrs: 56042369 # Simulated instructions
   uops: 39088414 # issued micro-ops
   bbls: 18237433 # Basic blocks
   approxInstrs: 769747 # Instrs with approx uop decoding
   mispredBranches: 111960 # Mispredicted branches
   IdqNotDelivered: 39536121 # Stalls no uop delivered when no Bkend Stall
   IntMiscRecoveryCycles: 900704 # Stalls waiting machine clears
   uops executed: 39811780 # Executed microoperations
  skylake-18: # Core stats
   cycles: 46693217 # Simulated unhalted cycles
   cCycles: 7157912 # Cycles due to contention stalls
   instrs: 56042089 # Simulated instructions
   uops: 39088208 # issued micro-ops
   bbls: 18237343 # Basic blocks
   approxInstrs: 769741 # Instrs with approx uop decoding
   mispredBranches: 111958 # Mispredicted branches
   IdqNotDelivered: 39535305 # Stalls no uop delivered when no Bkend Stall
   IntMiscRecoveryCycles: 900998 # Stalls waiting machine clears
   uops executed: 39811566 # Executed microoperations
  skylake-19: # Core stats
   cycles: 46693165 # Simulated unhalted cycles
   cCycles: 7158011 # Cycles due to contention stalls
   instrs: 56042738 # Simulated instructions
   uops: 39088672 # issued micro-ops
   bbls: 18237554 # Basic blocks
   approxInstrs: 769749 # Instrs with approx uop decoding
   mispredBranches: 111963 # Mispredicted branches
   IdqNotDelivered: 39535154 # Stalls no uop delivered when no Bkend Stall
   IntMiscRecoveryCycles: 901611 # Stalls waiting machine clears
   uops executed: 39812024 # Executed microoperations
  skylake-20: # Core stats
   cycles: 46692930 # Simulated unhalted cycles
   cCycles: 7157927 # Cycles due to contention stalls
   instrs: 56041903 # Simulated instructions
   uops: 39088089 # issued micro-ops
   bbls: 18237281 # Basic blocks
   approxInstrs: 769742 # Instrs with approx uop decoding
   mispredBranches: 111959 # Mispredicted branches
   IdqNotDelivered: 39535003 # Stalls no uop delivered when no Bkend Stall
   IntMiscRecoveryCycles: 900696 # Stalls waiting machine clears
   uops executed: 39811449 # Executed microoperations
  skylake-21: # Core stats
   cycles: 46691931 # Simulated unhalted cycles
   cCycles: 7157786 # Cycles due to contention stalls
   instrs: 56040292 # Simulated instructions
   uops: 39086969 # issued micro-ops
   bbls: 18236756 # Basic blocks
   approxInstrs: 769721 # Instrs with approx uop decoding
   mispredBranches: 111954 # Mispredicted branches
   IdqNotDelivered: 39534145 # Stalls no uop delivered when no Bkend Stall
   IntMiscRecoveryCycles: 900625 # Stalls waiting machine clears
   uops executed: 39810317 # Executed microoperations
  skylake-22: # Core stats
   cycles: 46692018 # Simulated unhalted cycles
   cCycles: 7157923 # Cycles due to contention stalls
   instrs: 56040625 # Simulated instructions
   uops: 39087191 # issued micro-ops
   bbls: 18236867 # Basic blocks
   approxInstrs: 769721 # Instrs with approx uop decoding
   mispredBranches: 111956 # Mispredicted branches
   IdqNotDelivered: 39534095 # Stalls no uop delivered when no Bkend Stall
   IntMiscRecoveryCycles: 901015 # Stalls waiting machine clears
   uops executed: 39810532 # Executed microoperations
  skylake-23: # Core stats
   cycles: 0 # Simulated unhalted cycles
   cCycles: 0 # Cycles due to contention stalls
   instrs: 0 # Simulated instructions
   uops: 0 # issued micro-ops
   bbls: 0 # Basic blocks
   approxInstrs: 0 # Instrs with approx uop decoding
   mispredBranches: 0 # Mispredicted branches
   IdqNotDelivered: 0 # Stalls no uop delivered when no Bkend Stall
   IntMiscRecoveryCycles: 0 # Stalls waiting machine clears
   uops executed: 0 # Executed microoperations
 l1d: # Cache stats
  l1d-0: # Filter cache stats
   fhGETS: 742077 # Filtered GETS hits
   fhGETX: 682084 # Filtered GETX hits
   hGETS: 9166 # GETS hits
   hGETX: 15895 # GETX hits
   mGETS: 79190 # GETS misses
   mGETXIM: 250098 # GETX I->M misses
   mGETXSM: 7 # GETX S->M misses (upgrade misses)
   PUTS: 0 # Clean evictions (from lower level)
   PUTX: 0 # Dirty evictions (from lower level)
   INV: 97 # Invalidates (from upper level)
   INVX: 92 # Downgrades (from upper level)
   FWD: 0 # Forwards (from upper level)
   latGETnl: 89532562 # GET request latency on next level
   latGETnet: 0 # GET request latency on network to next level
  l1d-1: # Filter cache stats
   fhGETS: 741811 # Filtered GETS hits
   fhGETX: 681919 # Filtered GETX hits
   hGETS: 9090 # GETS hits
   hGETX: 15862 # GETX hits
   mGETS: 79147 # GETS misses
   mGETXIM: 250061 # GETX I->M misses
   mGETXSM: 9 # GETX S->M misses (upgrade misses)
   PUTS: 0 # Clean evictions (from lower level)
   PUTX: 0 # Dirty evictions (from lower level)
   INV: 82 # Invalidates (from upper level)
   INVX: 24 # Downgrades (from upper level)
   FWD: 0 # Forwards (from upper level)
   latGETnl: 89502725 # GET request latency on next level
   latGETnet: 0 # GET request latency on network to next level
  l1d-2: # Filter cache stats
   fhGETS: 741655 # Filtered GETS hits
   fhGETX: 681823 # Filtered GETX hits
   hGETS: 9057 # GETS hits
   hGETX: 15836 # GETX hits
   mGETS: 79138 # GETS misses
   mGETXIM: 250041 # GETX I->M misses
   mGETXSM: 6 # GETX S->M misses (upgrade misses)
   PUTS: 0 # Clean evictions (from lower level)
   PUTX: 0 # Dirty evictions (from lower level)
   INV: 63 # Invalidates (from upper level)
   INVX: 5 # Downgrades (from upper level)
   FWD: 0 # Forwards (from upper level)
   latGETnl: 89495569 # GET request latency on next level
   latGETnet: 0 # GET request latency on network to next level
  l1d-3: # Filter cache stats
   fhGETS: 741747 # Filtered GETS hits
   fhGETX: 681883 # Filtered GETX hits
   hGETS: 9096 # GETS hits
   hGETX: 15858 # GETX hits
   mGETS: 79138 # GETS misses
   mGETXIM: 250064 # GETX I->M misses
   mGETXSM: 7 # GETX S->M misses (upgrade misses)
   PUTS: 0 # Clean evictions (from lower level)
   PUTX: 0 # Dirty evictions (from lower level)
   INV: 77 # Invalidates (from upper level)
   INVX: 28 # Downgrades (from upper level)
   FWD: 0 # Forwards (from upper level)
   latGETnl: 89502911 # GET request latency on next level
   latGETnet: 0 # GET request latency on network to next level
  l1d-4: # Filter cache stats
   fhGETS: 741735 # Filtered GETS hits
   fhGETX: 681865 # Filtered GETX hits
   hGETS: 9100 # GETS hits
   hGETX: 15877 # GETX hits
   mGETS: 79143 # GETS misses
   mGETXIM: 250059 # GETX I->M misses
   mGETXSM: 9 # GETX S->M misses (upgrade misses)
   PUTS: 0 # Clean evictions (from lower level)
   PUTX: 0 # Dirty evictions (from lower level)
   INV: 78 # Invalidates (from upper level)
   INVX: 21 # Downgrades (from upper level)
   FWD: 0 # Forwards (from upper level)
   latGETnl: 89501220 # GET request latency on next level
   latGETnet: 0 # GET request latency on network to next level
  l1d-5: # Filter cache stats
   fhGETS: 741776 # Filtered GETS hits
   fhGETX: 681900 # Filtered GETX hits
   hGETS: 9081 # GETS hits
   hGETX: 15845 # GETX hits
   mGETS: 79141 # GETS misses
   mGETXIM: 250068 # GETX I->M misses
   mGETXSM: 9 # GETX S->M misses (upgrade misses)
   PUTS: 0 # Clean evictions (from lower level)
   PUTX: 0 # Dirty evictions (from lower level)
   INV: 79 # Invalidates (from upper level)
   INVX: 18 # Downgrades (from upper level)
   FWD: 0 # Forwards (from upper level)
   latGETnl: 89501085 # GET request latency on next level
   latGETnet: 0 # GET request latency on network to next level
  l1d-6: # Filter cache stats
   fhGETS: 741741 # Filtered GETS hits
   fhGETX: 681876 # Filtered GETX hits
   hGETS: 9094 # GETS hits
   hGETX: 15853 # GETX hits
   mGETS: 79135 # GETS misses
   mGETXIM: 250064 # GETX I->M misses
   mGETXSM: 8 # GETX S->M misses (upgrade misses)
   PUTS: 0 # Clean evictions (from lower level)
   PUTX: 0 # Dirty evictions (from lower level)
   INV: 81 # Invalidates (from upper level)
   INVX: 16 # Downgrades (from upper level)
   FWD: 0 # Forwards (from upper level)
   latGETnl: 89498192 # GET request latency on next level
   latGETnet: 0 # GET request latency on network to next level
  l1d-7: # Filter cache stats
   fhGETS: 741589 # Filtered GETS hits
   fhGETX: 681798 # Filtered GETX hits
   hGETS: 9078 # GETS hits
   hGETX: 15839 # GETX hits
   mGETS: 79122 # GETS misses
   mGETXIM: 250055 # GETX I->M misses
   mGETXSM: 5 # GETX S->M misses (upgrade misses)
   PUTS: 0 # Clean evictions (from lower level)
   PUTX: 0 # Dirty evictions (from lower level)
   INV: 63 # Invalidates (from upper level)
   INVX: 8 # Downgrades (from upper level)
   FWD: 0 # Forwards (from upper level)
   latGETnl: 89496341 # GET request latency on next level
   latGETnet: 0 # GET request latency on network to next level
  l1d-8: # Filter cache stats
   fhGETS: 741587 # Filtered GETS hits
   fhGETX: 681804 # Filtered GETX hits
   hGETS: 9081 # GETS hits
   hGETX: 15830 # GETX hits
   mGETS: 79121 # GETS misses
   mGETXIM: 250057 # GETX I->M misses
   mGETXSM: 6 # GETX S->M misses (upgrade misses)
   PUTS: 0 # Clean evictions (from lower level)
   PUTX: 0 # Dirty evictions (from lower level)
   INV: 64 # Invalidates (from upper level)
   INVX: 22 # Downgrades (from upper level)
   FWD: 0 # Forwards (from upper level)
   latGETnl: 89499107 # GET request latency on next level
   latGETnet: 0 # GET request latency on network to next level
  l1d-9: # Filter cache stats
   fhGETS: 741603 # Filtered GETS hits
   fhGETX: 681801 # Filtered GETX hits
   hGETS: 9078 # GETS hits
   hGETX: 15841 # GETX hits
   mGETS: 79124 # GETS misses
   mGETXIM: 250059 # GETX I->M misses
   mGETXSM: 5 # GETX S->M misses (upgrade misses)
   PUTS: 0 # Clean evictions (from lower level)
   PUTX: 0 # Dirty evictions (from lower level)
   INV: 65 # Invalidates (from upper level)
   INVX: 16 # Downgrades (from upper level)
   FWD: 0 # Forwards (from upper level)
   latGETnl: 89498775 # GET request latency on next level
   latGETnet: 0 # GET request latency on network to next level
  l1d-10: # Filter cache stats
   fhGETS: 741586 # Filtered GETS hits
   fhGETX: 681781 # Filtered GETX hits
   hGETS: 9071 # GETS hits
   hGETX: 15841 # GETX hits
   mGETS: 79119 # GETS misses
   mGETXIM: 250052 # GETX I->M misses
   mGETXSM: 6 # GETX S->M misses (upgrade misses)
   PUTS: 0 # Clean evictions (from lower level)
   PUTX: 0 # Dirty evictions (from lower level)
   INV: 63 # Invalidates (from upper level)
   INVX: 6 # Downgrades (from upper level)
   FWD: 0 # Forwards (from upper level)
   latGETnl: 89493898 # GET request latency on next level
   latGETnet: 0 # GET request latency on network to next level
  l1d-11: # Filter cache stats
   fhGETS: 741728 # Filtered GETS hits
   fhGETX: 681885 # Filtered GETX hits
   hGETS: 9104 # GETS hits
   hGETX: 15834 # GETX hits
   mGETS: 79135 # GETS misses
   mGETXIM: 250075 # GETX I->M misses
   mGETXSM: 8 # GETX S->M misses (upgrade misses)
   PUTS: 0 # Clean evictions (from lower level)
   PUTX: 0 # Dirty evictions (from lower level)
   INV: 77 # Invalidates (from upper level)
   INVX: 18 # Downgrades (from upper level)
   FWD: 0 # Forwards (from upper level)
   latGETnl: 89503082 # GET request latency on next level
   latGETnet: 0 # GET request latency on network to next level
  l1d-12: # Filter cache stats
   fhGETS: 741601 # Filtered GETS hits
   fhGETX: 681801 # Filtered GETX hits
   hGETS: 9065 # GETS hits
   hGETX: 15831 # GETX hits
   mGETS: 79119 # GETS misses
   mGETXIM: 250057 # GETX I->M misses
   mGETXSM: 5 # GETX S->M misses (upgrade misses)
   PUTS: 0 # Clean evictions (from lower level)
   PUTX: 0 # Dirty evictions (from lower level)
   INV: 64 # Invalidates (from upper level)
   INVX: 10 # Downgrades (from upper level)
   FWD: 0 # Forwards (from upper level)
   latGETnl: 89495184 # GET request latency on next level
   latGETnet: 0 # GET request latency on network to next level
  l1d-13: # Filter cache stats
   fhGETS: 741606 # Filtered GETS hits
   fhGETX: 681809 # Filtered GETX hits
   hGETS: 9069 # GETS hits
   hGETX: 15831 # GETX hits
   mGETS: 79120 # GETS misses
   mGETXIM: 250060 # GETX I->M misses
   mGETXSM: 5 # GETX S->M misses (upgrade misses)
   PUTS: 0 # Clean evictions (from lower level)
   PUTX: 0 # Dirty evictions (from lower level)
   INV: 65 # Invalidates (from upper level)
   INVX: 14 # Downgrades (from upper level)
   FWD: 0 # Forwards (from upper level)
   latGETnl: 89497214 # GET request latency on next level
   latGETnet: 0 # GET request latency on network to next level
  l1d-14: # Filter cache stats
   fhGETS: 741601 # Filtered GETS hits
   fhGETX: 681793 # Filtered GETX hits
   hGETS: 9079 # GETS hits
   hGETX: 15852 # GETX hits
   mGETS: 79122 # GETS misses
   mGETXIM: 250055 # GETX I->M misses
   mGETXSM: 5 # GETX S->M misses (upgrade misses)
   PUTS: 0 # Clean evictions (from lower level)
   PUTX: 0 # Dirty evictions (from lower level)
   INV: 62 # Invalidates (from upper level)
   INVX: 3 # Downgrades (from upper level)
   FWD: 0 # Forwards (from upper level)
   latGETnl: 89495161 # GET request latency on next level
   latGETnet: 0 # GET request latency on network to next level
  l1d-15: # Filter cache stats
   fhGETS: 741610 # Filtered GETS hits
   fhGETX: 681802 # Filtered GETX hits
   hGETS: 9063 # GETS hits
   hGETX: 15840 # GETX hits
   mGETS: 79122 # GETS misses
   mGETXIM: 250058 # GETX I->M misses
   mGETXSM: 5 # GETX S->M misses (upgrade misses)
   PUTS: 0 # Clean evictions (from lower level)
   PUTX: 0 # Dirty evictions (from lower level)
   INV: 65 # Invalidates (from upper level)
   INVX: 1 # Downgrades (from upper level)
   FWD: 0 # Forwards (from upper level)
   latGETnl: 89495316 # GET request latency on next level
   latGETnet: 0 # GET request latency on network to next level
  l1d-16: # Filter cache stats
   fhGETS: 742692 # Filtered GETS hits
   fhGETX: 681999 # Filtered GETX hits
   hGETS: 9421 # GETS hits
   hGETX: 15907 # GETX hits
   mGETS: 79145 # GETS misses
   mGETXIM: 249921 # GETX I->M misses
   mGETXSM: 12 # GETX S->M misses (upgrade misses)
   PUTS: 0 # Clean evictions (from lower level)
   PUTX: 0 # Dirty evictions (from lower level)
   INV: 62 # Invalidates (from upper level)
   INVX: 2 # Downgrades (from upper level)
   FWD: 0 # Forwards (from upper level)
   latGETnl: 89457921 # GET request latency on next level
   latGETnet: 0 # GET request latency on network to next level
  l1d-17: # Filter cache stats
   fhGETS: 741613 # Filtered GETS hits
   fhGETX: 681807 # Filtered GETX hits
   hGETS: 9062 # GETS hits
   hGETX: 15833 # GETX hits
   mGETS: 79120 # GETS misses
   mGETXIM: 250060 # GETX I->M misses
   mGETXSM: 5 # GETX S->M misses (upgrade misses)
   PUTS: 0 # Clean evictions (from lower level)
   PUTX: 0 # Dirty evictions (from lower level)
   INV: 65 # Invalidates (from upper level)
   INVX: 3 # Downgrades (from upper level)
   FWD: 0 # Forwards (from upper level)
   latGETnl: 89495105 # GET request latency on next level
   latGETnet: 0 # GET request latency on network to next level
  l1d-18: # Filter cache stats
   fhGETS: 741605 # Filtered GETS hits
   fhGETX: 681798 # Filtered GETX hits
   hGETS: 9062 # GETS hits
   hGETX: 15837 # GETX hits
   mGETS: 79121 # GETS misses
   mGETXIM: 250056 # GETX I->M misses
   mGETXSM: 5 # GETX S->M misses (upgrade misses)
   PUTS: 0 # Clean evictions (from lower level)
   PUTX: 0 # Dirty evictions (from lower level)
   INV: 63 # Invalidates (from upper level)
   INVX: 2 # Downgrades (from upper level)
   FWD: 0 # Forwards (from upper level)
   latGETnl: 89494261 # GET request latency on next level
   latGETnet: 0 # GET request latency on network to next level
  l1d-19: # Filter cache stats
   fhGETS: 741600 # Filtered GETS hits
   fhGETX: 681802 # Filtered GETX hits
   hGETS: 9082 # GETS hits
   hGETX: 15840 # GETX hits
   mGETS: 79123 # GETS misses
   mGETXIM: 250059 # GETX I->M misses
   mGETXSM: 5 # GETX S->M misses (upgrade misses)
   PUTS: 0 # Clean evictions (from lower level)
   PUTX: 0 # Dirty evictions (from lower level)
   INV: 64 # Invalidates (from upper level)
   INVX: 2 # Downgrades (from upper level)
   FWD: 0 # Forwards (from upper level)
   latGETnl: 89495171 # GET request latency on next level
   latGETnet: 0 # GET request latency on network to next level
  l1d-20: # Filter cache stats
   fhGETS: 741609 # Filtered GETS hits
   fhGETX: 681804 # Filtered GETX hits
   hGETS: 9059 # GETS hits
   hGETX: 15834 # GETX hits
   mGETS: 79121 # GETS misses
   mGETXIM: 250054 # GETX I->M misses
   mGETXSM: 5 # GETX S->M misses (upgrade misses)
   PUTS: 0 # Clean evictions (from lower level)
   PUTX: 0 # Dirty evictions (from lower level)
   INV: 63 # Invalidates (from upper level)
   INVX: 2 # Downgrades (from upper level)
   FWD: 0 # Forwards (from upper level)
   latGETnl: 89494392 # GET request latency on next level
   latGETnet: 0 # GET request latency on network to next level
  l1d-21: # Filter cache stats
   fhGETS: 741582 # Filtered GETS hits
   fhGETX: 681780 # Filtered GETX hits
   hGETS: 9061 # GETS hits
   hGETX: 15842 # GETX hits
   mGETS: 79123 # GETS misses
   mGETXIM: 250045 # GETX I->M misses
   mGETXSM: 5 # GETX S->M misses (upgrade misses)
   PUTS: 0 # Clean evictions (from lower level)
   PUTX: 0 # Dirty evictions (from lower level)
   INV: 63 # Invalidates (from upper level)
   INVX: 2 # Downgrades (from upper level)
   FWD: 0 # Forwards (from upper level)
   latGETnl: 89492952 # GET request latency on next level
   latGETnet: 0 # GET request latency on network to next level
  l1d-22: # Filter cache stats
   fhGETS: 741582 # Filtered GETS hits
   fhGETX: 681782 # Filtered GETX hits
   hGETS: 9059 # GETS hits
   hGETX: 15840 # GETX hits
   mGETS: 79125 # GETS misses
   mGETXIM: 250044 # GETX I->M misses
   mGETXSM: 6 # GETX S->M misses (upgrade misses)
   PUTS: 0 # Clean evictions (from lower level)
   PUTX: 0 # Dirty evictions (from lower level)
   INV: 63 # Invalidates (from upper level)
   INVX: 2 # Downgrades (from upper level)
   FWD: 0 # Forwards (from upper level)
   latGETnl: 89493285 # GET request latency on next level
   latGETnet: 0 # GET request latency on network to next level
  l1d-23: # Filter cache stats
   fhGETS: 0 # Filtered GETS hits
   fhGETX: 0 # Filtered GETX hits
   hGETS: 0 # GETS hits
   hGETX: 0 # GETX hits
   mGETS: 0 # GETS misses
   mGETXIM: 0 # GETX I->M misses
   mGETXSM: 0 # GETX S->M misses (upgrade misses)
   PUTS: 0 # Clean evictions (from lower level)
   PUTX: 0 # Dirty evictions (from lower level)
   INV: 0 # Invalidates (from upper level)
   INVX: 0 # Downgrades (from upper level)
   FWD: 0 # Forwards (from upper level)
   latGETnl: 0 # GET request latency on next level
   latGETnet: 0 # GET request latency on network to next level
 l1i: # Cache stats
  l1i-0: # Filter cache stats
   fhGETS: 18888687 # Filtered GETS hits
   fhGETX: 0 # Filtered GETX hits
   hGETS: 46 # GETS hits
   hGETX: 0 # GETX hits
   mGETS: 771 # GETS misses
   mGETXIM: 0 # GETX I->M misses
   mGETXSM: 0 # GETX S->M misses (upgrade misses)
   PUTS: 0 # Clean evictions (from lower level)
   PUTX: 0 # Dirty evictions (from lower level)
   INV: 747 # Invalidates (from upper level)
   INVX: 0 # Downgrades (from upper level)
   FWD: 0 # Forwards (from upper level)
   latGETnl: 76062 # GET request latency on next level
   latGETnet: 0 # GET request latency on network to next level
  l1i-1: # Filter cache stats
   fhGETS: 18888456 # Filtered GETS hits
   fhGETX: 0 # Filtered GETX hits
   hGETS: 37 # GETS hits
   hGETX: 0 # GETX hits
   mGETS: 674 # GETS misses
   mGETXIM: 0 # GETX I->M misses
   mGETXSM: 0 # GETX S->M misses (upgrade misses)
   PUTS: 0 # Clean evictions (from lower level)
   PUTX: 0 # Dirty evictions (from lower level)
   INV: 650 # Invalidates (from upper level)
   INVX: 0 # Downgrades (from upper level)
   FWD: 0 # Forwards (from upper level)
   latGETnl: 37078 # GET request latency on next level
   latGETnet: 0 # GET request latency on network to next level
  l1i-2: # Filter cache stats
   fhGETS: 18887387 # Filtered GETS hits
   fhGETX: 0 # Filtered GETX hits
   hGETS: 33 # GETS hits
   hGETX: 0 # GETX hits
   mGETS: 711 # GETS misses
   mGETXIM: 0 # GETX I->M misses
   mGETXSM: 0 # GETX S->M misses (upgrade misses)
   PUTS: 0 # Clean evictions (from lower level)
   PUTX: 0 # Dirty evictions (from lower level)
   INV: 687 # Invalidates (from upper level)
   INVX: 0 # Downgrades (from upper level)
   FWD: 0 # Forwards (from upper level)
   latGETnl: 43092 # GET request latency on next level
   latGETnet: 0 # GET request latency on network to next level
  l1i-3: # Filter cache stats
   fhGETS: 18888455 # Filtered GETS hits
   fhGETX: 0 # Filtered GETX hits
   hGETS: 31 # GETS hits
   hGETX: 0 # GETX hits
   mGETS: 684 # GETS misses
   mGETXIM: 0 # GETX I->M misses
   mGETXSM: 0 # GETX S->M misses (upgrade misses)
   PUTS: 0 # Clean evictions (from lower level)
   PUTX: 0 # Dirty evictions (from lower level)
   INV: 660 # Invalidates (from upper level)
   INVX: 0 # Downgrades (from upper level)
   FWD: 0 # Forwards (from upper level)
   latGETnl: 36648 # GET request latency on next level
   latGETnet: 0 # GET request latency on network to next level
  l1i-4: # Filter cache stats
   fhGETS: 18888361 # Filtered GETS hits
   fhGETX: 0 # Filtered GETX hits
   hGETS: 31 # GETS hits
   hGETX: 0 # GETX hits
   mGETS: 683 # GETS misses
   mGETXIM: 0 # GETX I->M misses
   mGETXSM: 0 # GETX S->M misses (upgrade misses)
   PUTS: 0 # Clean evictions (from lower level)
   PUTX: 0 # Dirty evictions (from lower level)
   INV: 659 # Invalidates (from upper level)
   INVX: 0 # Downgrades (from upper level)
   FWD: 0 # Forwards (from upper level)
   latGETnl: 33226 # GET request latency on next level
   latGETnet: 0 # GET request latency on network to next level
  l1i-5: # Filter cache stats
   fhGETS: 18888706 # Filtered GETS hits
   fhGETX: 0 # Filtered GETX hits
   hGETS: 31 # GETS hits
   hGETX: 0 # GETX hits
   mGETS: 691 # GETS misses
   mGETXIM: 0 # GETX I->M misses
   mGETXSM: 0 # GETX S->M misses (upgrade misses)
   PUTS: 0 # Clean evictions (from lower level)
   PUTX: 0 # Dirty evictions (from lower level)
   INV: 661 # Invalidates (from upper level)
   INVX: 0 # Downgrades (from upper level)
   FWD: 0 # Forwards (from upper level)
   latGETnl: 32927 # GET request latency on next level
   latGETnet: 0 # GET request latency on network to next level
  l1i-6: # Filter cache stats
   fhGETS: 18888299 # Filtered GETS hits
   fhGETX: 0 # Filtered GETX hits
   hGETS: 30 # GETS hits
   hGETX: 0 # GETX hits
   mGETS: 685 # GETS misses
   mGETXIM: 0 # GETX I->M misses
   mGETXSM: 0 # GETX S->M misses (upgrade misses)
   PUTS: 0 # Clean evictions (from lower level)
   PUTX: 0 # Dirty evictions (from lower level)
   INV: 661 # Invalidates (from upper level)
   INVX: 0 # Downgrades (from upper level)
   FWD: 0 # Forwards (from upper level)
   latGETnl: 32420 # GET request latency on next level
   latGETnet: 0 # GET request latency on network to next level
  l1i-7: # Filter cache stats
   fhGETS: 18888352 # Filtered GETS hits
   fhGETX: 0 # Filtered GETX hits
   hGETS: 29 # GETS hits
   hGETX: 0 # GETX hits
   mGETS: 663 # GETS misses
   mGETXIM: 0 # GETX I->M misses
   mGETXSM: 0 # GETX S->M misses (upgrade misses)
   PUTS: 0 # Clean evictions (from lower level)
   PUTX: 0 # Dirty evictions (from lower level)
   INV: 639 # Invalidates (from upper level)
   INVX: 0 # Downgrades (from upper level)
   FWD: 0 # Forwards (from upper level)
   latGETnl: 37686 # GET request latency on next level
   latGETnet: 0 # GET request latency on network to next level
  l1i-8: # Filter cache stats
   fhGETS: 18888286 # Filtered GETS hits
   fhGETX: 0 # Filtered GETX hits
   hGETS: 30 # GETS hits
   hGETX: 0 # GETX hits
   mGETS: 668 # GETS misses
   mGETXIM: 0 # GETX I->M misses
   mGETXSM: 0 # GETX S->M misses (upgrade misses)
   PUTS: 0 # Clean evictions (from lower level)
   PUTX: 0 # Dirty evictions (from lower level)
   INV: 644 # Invalidates (from upper level)
   INVX: 0 # Downgrades (from upper level)
   FWD: 0 # Forwards (from upper level)
   latGETnl: 34321 # GET request latency on next level
   latGETnet: 0 # GET request latency on network to next level
  l1i-9: # Filter cache stats
   fhGETS: 18888562 # Filtered GETS hits
   fhGETX: 0 # Filtered GETX hits
   hGETS: 30 # GETS hits
   hGETX: 0 # GETX hits
   mGETS: 675 # GETS misses
   mGETXIM: 0 # GETX I->M misses
   mGETXSM: 0 # GETX S->M misses (upgrade misses)
   PUTS: 0 # Clean evictions (from lower level)
   PUTX: 0 # Dirty evictions (from lower level)
   INV: 646 # Invalidates (from upper level)
   INVX: 0 # Downgrades (from upper level)
   FWD: 0 # Forwards (from upper level)
   latGETnl: 34200 # GET request latency on next level
   latGETnet: 0 # GET request latency on network to next level
  l1i-10: # Filter cache stats
   fhGETS: 18888049 # Filtered GETS hits
   fhGETX: 0 # Filtered GETX hits
   hGETS: 30 # GETS hits
   hGETX: 0 # GETX hits
   mGETS: 667 # GETS misses
   mGETXIM: 0 # GETX I->M misses
   mGETXSM: 0 # GETX S->M misses (upgrade misses)
   PUTS: 0 # Clean evictions (from lower level)
   PUTX: 0 # Dirty evictions (from lower level)
   INV: 643 # Invalidates (from upper level)
   INVX: 0 # Downgrades (from upper level)
   FWD: 0 # Forwards (from upper level)
   latGETnl: 35174 # GET request latency on next level
   latGETnet: 0 # GET request latency on network to next level
  l1i-11: # Filter cache stats
   fhGETS: 18888237 # Filtered GETS hits
   fhGETX: 0 # Filtered GETX hits
   hGETS: 119 # GETS hits
   hGETX: 0 # GETX hits
   mGETS: 670 # GETS misses
   mGETXIM: 0 # GETX I->M misses
   mGETXSM: 0 # GETX S->M misses (upgrade misses)
   PUTS: 0 # Clean evictions (from lower level)
   PUTX: 0 # Dirty evictions (from lower level)
   INV: 646 # Invalidates (from upper level)
   INVX: 0 # Downgrades (from upper level)
   FWD: 0 # Forwards (from upper level)
   latGETnl: 33515 # GET request latency on next level
   latGETnet: 0 # GET request latency on network to next level
  l1i-12: # Filter cache stats
   fhGETS: 18888221 # Filtered GETS hits
   fhGETX: 0 # Filtered GETX hits
   hGETS: 30 # GETS hits
   hGETX: 0 # GETX hits
   mGETS: 666 # GETS misses
   mGETXIM: 0 # GETX I->M misses
   mGETXSM: 0 # GETX S->M misses (upgrade misses)
   PUTS: 0 # Clean evictions (from lower level)
   PUTX: 0 # Dirty evictions (from lower level)
   INV: 642 # Invalidates (from upper level)
   INVX: 0 # Downgrades (from upper level)
   FWD: 0 # Forwards (from upper level)
   latGETnl: 34002 # GET request latency on next level
   latGETnet: 0 # GET request latency on network to next level
  l1i-13: # Filter cache stats
   fhGETS: 18888408 # Filtered GETS hits
   fhGETX: 0 # Filtered GETX hits
   hGETS: 30 # GETS hits
   hGETX: 0 # GETX hits
   mGETS: 670 # GETS misses
   mGETXIM: 0 # GETX I->M misses
   mGETXSM: 0 # GETX S->M misses (upgrade misses)
   PUTS: 0 # Clean evictions (from lower level)
   PUTX: 0 # Dirty evictions (from lower level)
   INV: 646 # Invalidates (from upper level)
   INVX: 0 # Downgrades (from upper level)
   FWD: 0 # Forwards (from upper level)
   latGETnl: 32615 # GET request latency on next level
   latGETnet: 0 # GET request latency on network to next level
  l1i-14: # Filter cache stats
   fhGETS: 18888562 # Filtered GETS hits
   fhGETX: 0 # Filtered GETX hits
   hGETS: 30 # GETS hits
   hGETX: 0 # GETX hits
   mGETS: 667 # GETS misses
   mGETXIM: 0 # GETX I->M misses
   mGETXSM: 0 # GETX S->M misses (upgrade misses)
   PUTS: 0 # Clean evictions (from lower level)
   PUTX: 0 # Dirty evictions (from lower level)
   INV: 642 # Invalidates (from upper level)
   INVX: 0 # Downgrades (from upper level)
   FWD: 0 # Forwards (from upper level)
   latGETnl: 32024 # GET request latency on next level
   latGETnet: 0 # GET request latency on network to next level
  l1i-15: # Filter cache stats
   fhGETS: 18888417 # Filtered GETS hits
   fhGETX: 0 # Filtered GETX hits
   hGETS: 30 # GETS hits
   hGETX: 0 # GETX hits
   mGETS: 670 # GETS misses
   mGETXIM: 0 # GETX I->M misses
   mGETXSM: 0 # GETX S->M misses (upgrade misses)
   PUTS: 0 # Clean evictions (from lower level)
   PUTX: 0 # Dirty evictions (from lower level)
   INV: 646 # Invalidates (from upper level)
   INVX: 0 # Downgrades (from upper level)
   FWD: 0 # Forwards (from upper level)
   latGETnl: 32390 # GET request latency on next level
   latGETnet: 0 # GET request latency on network to next level
  l1i-16: # Filter cache stats
   fhGETS: 18878714 # Filtered GETS hits
   fhGETX: 0 # Filtered GETX hits
   hGETS: 195 # GETS hits
   hGETX: 0 # GETX hits
   mGETS: 738 # GETS misses
   mGETXIM: 0 # GETX I->M misses
   mGETXSM: 0 # GETX S->M misses (upgrade misses)
   PUTS: 0 # Clean evictions (from lower level)
   PUTX: 0 # Dirty evictions (from lower level)
   INV: 714 # Invalidates (from upper level)
   INVX: 0 # Downgrades (from upper level)
   FWD: 0 # Forwards (from upper level)
   latGETnl: 47736 # GET request latency on next level
   latGETnet: 0 # GET request latency on network to next level
  l1i-17: # Filter cache stats
   fhGETS: 18888433 # Filtered GETS hits
   fhGETX: 0 # Filtered GETX hits
   hGETS: 30 # GETS hits
   hGETX: 0 # GETX hits
   mGETS: 666 # GETS misses
   mGETXIM: 0 # GETX I->M misses
   mGETXSM: 0 # GETX S->M misses (upgrade misses)
   PUTS: 0 # Clean evictions (from lower level)
   PUTX: 0 # Dirty evictions (from lower level)
   INV: 642 # Invalidates (from upper level)
   INVX: 0 # Downgrades (from upper level)
   FWD: 0 # Forwards (from upper level)
   latGETnl: 32202 # GET request latency on next level
   latGETnet: 0 # GET request latency on network to next level
  l1i-18: # Filter cache stats
   fhGETS: 18888328 # Filtered GETS hits
   fhGETX: 0 # Filtered GETX hits
   hGETS: 30 # GETS hits
   hGETX: 0 # GETX hits
   mGETS: 671 # GETS misses
   mGETXIM: 0 # GETX I->M misses
   mGETXSM: 0 # GETX S->M misses (upgrade misses)
   PUTS: 0 # Clean evictions (from lower level)
   PUTX: 0 # Dirty evictions (from lower level)
   INV: 647 # Invalidates (from upper level)
   INVX: 0 # Downgrades (from upper level)
   FWD: 0 # Forwards (from upper level)
   latGETnl: 32212 # GET request latency on next level
   latGETnet: 0 # GET request latency on network to next level
  l1i-19: # Filter cache stats
   fhGETS: 18888567 # Filtered GETS hits
   fhGETX: 0 # Filtered GETX hits
   hGETS: 30 # GETS hits
   hGETX: 0 # GETX hits
   mGETS: 673 # GETS misses
   mGETXIM: 0 # GETX I->M misses
   mGETXSM: 0 # GETX S->M misses (upgrade misses)
   PUTS: 0 # Clean evictions (from lower level)
   PUTX: 0 # Dirty evictions (from lower level)
   INV: 646 # Invalidates (from upper level)
   INVX: 0 # Downgrades (from upper level)
   FWD: 0 # Forwards (from upper level)
   latGETnl: 32531 # GET request latency on next level
   latGETnet: 0 # GET request latency on network to next level
  l1i-20: # Filter cache stats
   fhGETS: 18888276 # Filtered GETS hits
   fhGETX: 0 # Filtered GETX hits
   hGETS: 30 # GETS hits
   hGETX: 0 # GETX hits
   mGETS: 666 # GETS misses
   mGETXIM: 0 # GETX I->M misses
   mGETXSM: 0 # GETX S->M misses (upgrade misses)
   PUTS: 0 # Clean evictions (from lower level)
   PUTX: 0 # Dirty evictions (from lower level)
   INV: 642 # Invalidates (from upper level)
   INVX: 0 # Downgrades (from upper level)
   FWD: 0 # Forwards (from upper level)
   latGETnl: 31302 # GET request latency on next level
   latGETnet: 0 # GET request latency on network to next level
  l1i-21: # Filter cache stats
   fhGETS: 18887732 # Filtered GETS hits
   fhGETX: 0 # Filtered GETX hits
   hGETS: 30 # GETS hits
   hGETX: 0 # GETX hits
   mGETS: 664 # GETS misses
   mGETXIM: 0 # GETX I->M misses
   mGETXSM: 0 # GETX S->M misses (upgrade misses)
   PUTS: 0 # Clean evictions (from lower level)
   PUTX: 0 # Dirty evictions (from lower level)
   INV: 640 # Invalidates (from upper level)
   INVX: 0 # Downgrades (from upper level)
   FWD: 0 # Forwards (from upper level)
   latGETnl: 31208 # GET request latency on next level
   latGETnet: 0 # GET request latency on network to next level
  l1i-22: # Filter cache stats
   fhGETS: 18887847 # Filtered GETS hits
   fhGETX: 0 # Filtered GETX hits
   hGETS: 30 # GETS hits
   hGETX: 0 # GETX hits
   mGETS: 670 # GETS misses
   mGETXIM: 0 # GETX I->M misses
   mGETXSM: 0 # GETX S->M misses (upgrade misses)
   PUTS: 0 # Clean evictions (from lower level)
   PUTX: 0 # Dirty evictions (from lower level)
   INV: 646 # Invalidates (from upper level)
   INVX: 0 # Downgrades (from upper level)
   FWD: 0 # Forwards (from upper level)
   latGETnl: 31490 # GET request latency on next level
   latGETnet: 0 # GET request latency on network to next level
  l1i-23: # Filter cache stats
   fhGETS: 0 # Filtered GETS hits
   fhGETX: 0 # Filtered GETX hits
   hGETS: 0 # GETS hits
   hGETX: 0 # GETX hits
   mGETS: 0 # GETS misses
   mGETXIM: 0 # GETX I->M misses
   mGETXSM: 0 # GETX S->M misses (upgrade misses)
   PUTS: 0 # Clean evictions (from lower level)
   PUTX: 0 # Dirty evictions (from lower level)
   INV: 0 # Invalidates (from upper level)
   INVX: 0 # Downgrades (from upper level)
   FWD: 0 # Forwards (from upper level)
   latGETnl: 0 # GET request latency on next level
   latGETnet: 0 # GET request latency on network to next level
 l2: # Cache stats
  l2-0: # Cache stats
   hGETS: 0 # GETS hits
   hGETX: 0 # GETX hits
   mGETS: 79961 # GETS misses
   mGETXIM: 250098 # GETX I->M misses
   mGETXSM: 7 # GETX S->M misses (upgrade misses)
   PUTS: 79004 # Clean evictions (from lower level)
   PUTX: 249675 # Dirty evictions (from lower level)
   INV: 34465 # Invalidates (from upper level)
   INVX: 93 # Downgrades (from upper level)
   FWD: 0 # Forwards (from upper level)
   latGETnl: 86307964 # GET request latency on next level
   latGETnet: 0 # GET request latency on network to next level
  l2-1: # Cache stats
   hGETS: 0 # GETS hits
   hGETX: 0 # GETX hits
   mGETS: 79821 # GETS misses
   mGETXIM: 250061 # GETX I->M misses
   mGETXSM: 9 # GETX S->M misses (upgrade misses)
   PUTS: 78963 # Clean evictions (from lower level)
   PUTX: 249651 # Dirty evictions (from lower level)
   INV: 19103 # Invalidates (from upper level)
   INVX: 24 # Downgrades (from upper level)
   FWD: 0 # Forwards (from upper level)
   latGETnl: 86240893 # GET request latency on next level
   latGETnet: 0 # GET request latency on network to next level
  l2-2: # Cache stats
   hGETS: 0 # GETS hits
   hGETX: 0 # GETX hits
   mGETS: 79849 # GETS misses
   mGETXIM: 250041 # GETX I->M misses
   mGETXSM: 6 # GETX S->M misses (upgrade misses)
   PUTS: 78961 # Clean evictions (from lower level)
   PUTX: 249643 # Dirty evictions (from lower level)
   INV: 21992 # Invalidates (from upper level)
   INVX: 6 # Downgrades (from upper level)
   FWD: 0 # Forwards (from upper level)
   latGETnl: 86239701 # GET request latency on next level
   latGETnet: 0 # GET request latency on network to next level
  l2-3: # Cache stats
   hGETS: 0 # GETS hits
   hGETX: 0 # GETX hits
   mGETS: 79822 # GETS misses
   mGETXIM: 250064 # GETX I->M misses
   mGETXSM: 7 # GETX S->M misses (upgrade misses)
   PUTS: 78961 # Clean evictions (from lower level)
   PUTX: 249652 # Dirty evictions (from lower level)
   INV: 19215 # Invalidates (from upper level)
   INVX: 28 # Downgrades (from upper level)
   FWD: 0 # Forwards (from upper level)
   latGETnl: 86240629 # GET request latency on next level
   latGETnet: 0 # GET request latency on network to next level
  l2-4: # Cache stats
   hGETS: 0 # GETS hits
   hGETX: 0 # GETX hits
   mGETS: 79826 # GETS misses
   mGETXIM: 250059 # GETX I->M misses
   mGETXSM: 9 # GETX S->M misses (upgrade misses)
   PUTS: 78961 # Clean evictions (from lower level)
   PUTX: 249651 # Dirty evictions (from lower level)
   INV: 19196 # Invalidates (from upper level)
   INVX: 21 # Downgrades (from upper level)
   FWD: 0 # Forwards (from upper level)
   latGETnl: 86235506 # GET request latency on next level
   latGETnet: 0 # GET request latency on network to next level
  l2-5: # Cache stats
   hGETS: 0 # GETS hits
   hGETX: 0 # GETX hits
   mGETS: 79832 # GETS misses
   mGETXIM: 250068 # GETX I->M misses
   mGETXSM: 9 # GETX S->M misses (upgrade misses)
   PUTS: 78961 # Clean evictions (from lower level)
   PUTX: 249657 # Dirty evictions (from lower level)
   INV: 21950 # Invalidates (from upper level)
   INVX: 18 # Downgrades (from upper level)
   FWD: 0 # Forwards (from upper level)
   latGETnl: 86234922 # GET request latency on next level
   latGETnet: 0 # GET request latency on network to next level
  l2-6: # Cache stats
   hGETS: 0 # GETS hits
   hGETX: 0 # GETX hits
   mGETS: 79820 # GETS misses
   mGETXIM: 250066 # GETX I->M misses
   mGETXSM: 6 # GETX S->M misses (upgrade misses)
   PUTS: 78960 # Clean evictions (from lower level)
   PUTX: 249649 # Dirty evictions (from lower level)
   INV: 33382 # Invalidates (from upper level)
   INVX: 17 # Downgrades (from upper level)
   FWD: 0 # Forwards (from upper level)
   latGETnl: 86231692 # GET request latency on next level
   latGETnet: 0 # GET request latency on network to next level
  l2-7: # Cache stats
   hGETS: 0 # GETS hits
   hGETX: 0 # GETX hits
   mGETS: 79785 # GETS misses
   mGETXIM: 250055 # GETX I->M misses
   mGETXSM: 5 # GETX S->M misses (upgrade misses)
   PUTS: 78951 # Clean evictions (from lower level)
   PUTX: 249651 # Dirty evictions (from lower level)
   INV: 19185 # Invalidates (from upper level)
   INVX: 8 # Downgrades (from upper level)
   FWD: 0 # Forwards (from upper level)
   latGETnl: 86235577 # GET request latency on next level
   latGETnet: 0 # GET request latency on network to next level
  l2-8: # Cache stats
   hGETS: 0 # GETS hits
   hGETX: 0 # GETX hits
   mGETS: 79789 # GETS misses
   mGETXIM: 250057 # GETX I->M misses
   mGETXSM: 6 # GETX S->M misses (upgrade misses)
   PUTS: 78951 # Clean evictions (from lower level)
   PUTX: 249651 # Dirty evictions (from lower level)
   INV: 23908 # Invalidates (from upper level)
   INVX: 22 # Downgrades (from upper level)
   FWD: 0 # Forwards (from upper level)
   latGETnl: 86234908 # GET request latency on next level
   latGETnet: 0 # GET request latency on network to next level
  l2-9: # Cache stats
   hGETS: 0 # GETS hits
   hGETX: 0 # GETX hits
   mGETS: 79799 # GETS misses
   mGETXIM: 250059 # GETX I->M misses
   mGETXSM: 5 # GETX S->M misses (upgrade misses)
   PUTS: 78953 # Clean evictions (from lower level)
   PUTX: 249653 # Dirty evictions (from lower level)
   INV: 18984 # Invalidates (from upper level)
   INVX: 16 # Downgrades (from upper level)
   FWD: 0 # Forwards (from upper level)
   latGETnl: 86234345 # GET request latency on next level
   latGETnet: 0 # GET request latency on network to next level
  l2-10: # Cache stats
   hGETS: 0 # GETS hits
   hGETX: 0 # GETX hits
   mGETS: 79786 # GETS misses
   mGETXIM: 250052 # GETX I->M misses
   mGETXSM: 6 # GETX S->M misses (upgrade misses)
   PUTS: 78949 # Clean evictions (from lower level)
   PUTX: 249647 # Dirty evictions (from lower level)
   INV: 19213 # Invalidates (from upper level)
   INVX: 6 # Downgrades (from upper level)
   FWD: 0 # Forwards (from upper level)
   latGETnl: 86230632 # GET request latency on next level
   latGETnet: 0 # GET request latency on network to next level
  l2-11: # Cache stats
   hGETS: 0 # GETS hits
   hGETX: 0 # GETX hits
   mGETS: 79805 # GETS misses
   mGETXIM: 250075 # GETX I->M misses
   mGETXSM: 8 # GETX S->M misses (upgrade misses)
   PUTS: 78956 # Clean evictions (from lower level)
   PUTX: 249665 # Dirty evictions (from lower level)
   INV: 36615 # Invalidates (from upper level)
   INVX: 19 # Downgrades (from upper level)
   FWD: 0 # Forwards (from upper level)
   latGETnl: 86237717 # GET request latency on next level
   latGETnet: 0 # GET request latency on network to next level
  l2-12: # Cache stats
   hGETS: 0 # GETS hits
   hGETX: 0 # GETX hits
   mGETS: 79785 # GETS misses
   mGETXIM: 250057 # GETX I->M misses
   mGETXSM: 5 # GETX S->M misses (upgrade misses)
   PUTS: 78950 # Clean evictions (from lower level)
   PUTX: 249650 # Dirty evictions (from lower level)
   INV: 24926 # Invalidates (from upper level)
   INVX: 10 # Downgrades (from upper level)
   FWD: 0 # Forwards (from upper level)
   latGETnl: 86230716 # GET request latency on next level
   latGETnet: 0 # GET request latency on network to next level
  l2-13: # Cache stats
   hGETS: 0 # GETS hits
   hGETX: 0 # GETX hits
   mGETS: 79790 # GETS misses
   mGETXIM: 250060 # GETX I->M misses
   mGETXSM: 5 # GETX S->M misses (upgrade misses)
   PUTS: 78951 # Clean evictions (from lower level)
   PUTX: 249652 # Dirty evictions (from lower level)
   INV: 19052 # Invalidates (from upper level)
   INVX: 14 # Downgrades (from upper level)
   FWD: 0 # Forwards (from upper level)
   latGETnl: 86231279 # GET request latency on next level
   latGETnet: 0 # GET request latency on network to next level
  l2-14: # Cache stats
   hGETS: 0 # GETS hits
   hGETX: 0 # GETX hits
   mGETS: 79789 # GETS misses
   mGETXIM: 250055 # GETX I->M misses
   mGETXSM: 5 # GETX S->M misses (upgrade misses)
   PUTS: 78950 # Clean evictions (from lower level)
   PUTX: 249653 # Dirty evictions (from lower level)
   INV: 19175 # Invalidates (from upper level)
   INVX: 3 # Downgrades (from upper level)
   FWD: 0 # Forwards (from upper level)
   latGETnl: 86228695 # GET request latency on next level
   latGETnet: 0 # GET request latency on network to next level
  l2-15: # Cache stats
   hGETS: 0 # GETS hits
   hGETX: 0 # GETX hits
   mGETS: 79792 # GETS misses
   mGETXIM: 250058 # GETX I->M misses
   mGETXSM: 5 # GETX S->M misses (upgrade misses)
   PUTS: 78951 # Clean evictions (from lower level)
   PUTX: 249652 # Dirty evictions (from lower level)
   INV: 19423 # Invalidates (from upper level)
   INVX: 1 # Downgrades (from upper level)
   FWD: 0 # Forwards (from upper level)
   latGETnl: 86229156 # GET request latency on next level
   latGETnet: 0 # GET request latency on network to next level
  l2-16: # Cache stats
   hGETS: 0 # GETS hits
   hGETX: 0 # GETX hits
   mGETS: 79883 # GETS misses
   mGETXIM: 249921 # GETX I->M misses
   mGETXSM: 12 # GETX S->M misses (upgrade misses)
   PUTS: 78963 # Clean evictions (from lower level)
   PUTX: 249529 # Dirty evictions (from lower level)
   INV: 33858 # Invalidates (from upper level)
   INVX: 2 # Downgrades (from upper level)
   FWD: 0 # Forwards (from upper level)
   latGETnl: 86207497 # GET request latency on next level
   latGETnet: 0 # GET request latency on network to next level
  l2-17: # Cache stats
   hGETS: 0 # GETS hits
   hGETX: 0 # GETX hits
   mGETS: 79786 # GETS misses
   mGETXIM: 250060 # GETX I->M misses
   mGETXSM: 5 # GETX S->M misses (upgrade misses)
   PUTS: 78951 # Clean evictions (from lower level)
   PUTX: 249652 # Dirty evictions (from lower level)
   INV: 28860 # Invalidates (from upper level)
   INVX: 3 # Downgrades (from upper level)
   FWD: 0 # Forwards (from upper level)
   latGETnl: 86228797 # GET request latency on next level
   latGETnet: 0 # GET request latency on network to next level
  l2-18: # Cache stats
   hGETS: 0 # GETS hits
   hGETX: 0 # GETX hits
   mGETS: 79792 # GETS misses
   mGETXIM: 250056 # GETX I->M misses
   mGETXSM: 5 # GETX S->M misses (upgrade misses)
   PUTS: 78951 # Clean evictions (from lower level)
   PUTX: 249651 # Dirty evictions (from lower level)
   INV: 34867 # Invalidates (from upper level)
   INVX: 2 # Downgrades (from upper level)
   FWD: 0 # Forwards (from upper level)
   latGETnl: 86227943 # GET request latency on next level
   latGETnet: 0 # GET request latency on network to next level
  l2-19: # Cache stats
   hGETS: 0 # GETS hits
   hGETX: 0 # GETX hits
   mGETS: 79796 # GETS misses
   mGETXIM: 250059 # GETX I->M misses
   mGETXSM: 5 # GETX S->M misses (upgrade misses)
   PUTS: 78951 # Clean evictions (from lower level)
   PUTX: 249655 # Dirty evictions (from lower level)
   INV: 19230 # Invalidates (from upper level)
   INVX: 2 # Downgrades (from upper level)
   FWD: 0 # Forwards (from upper level)
   latGETnl: 86229102 # GET request latency on next level
   latGETnet: 0 # GET request latency on network to next level
  l2-20: # Cache stats
   hGETS: 0 # GETS hits
   hGETX: 0 # GETX hits
   mGETS: 79787 # GETS misses
   mGETXIM: 250054 # GETX I->M misses
   mGETXSM: 5 # GETX S->M misses (upgrade misses)
   PUTS: 78950 # Clean evictions (from lower level)
   PUTX: 249650 # Dirty evictions (from lower level)
   INV: 19306 # Invalidates (from upper level)
   INVX: 2 # Downgrades (from upper level)
   FWD: 0 # Forwards (from upper level)
   latGETnl: 86227234 # GET request latency on next level
   latGETnet: 0 # GET request latency on network to next level
  l2-21: # Cache stats
   hGETS: 0 # GETS hits
   hGETX: 0 # GETX hits
   mGETS: 79787 # GETS misses
   mGETXIM: 250045 # GETX I->M misses
   mGETXSM: 5 # GETX S->M misses (upgrade misses)
   PUTS: 78949 # Clean evictions (from lower level)
   PUTX: 249644 # Dirty evictions (from lower level)
   INV: 37867 # Invalidates (from upper level)
   INVX: 2 # Downgrades (from upper level)
   FWD: 0 # Forwards (from upper level)
   latGETnl: 86225790 # GET request latency on next level
   latGETnet: 0 # GET request latency on network to next level
  l2-22: # Cache stats
   hGETS: 0 # GETS hits
   hGETX: 0 # GETX hits
   mGETS: 79795 # GETS misses
   mGETXIM: 250044 # GETX I->M misses
   mGETXSM: 6 # GETX S->M misses (upgrade misses)
   PUTS: 78949 # Clean evictions (from lower level)
   PUTX: 249645 # Dirty evictions (from lower level)
   INV: 29330 # Invalidates (from upper level)
   INVX: 2 # Downgrades (from upper level)
   FWD: 0 # Forwards (from upper level)
   latGETnl: 86226325 # GET request latency on next level
   latGETnet: 0 # GET request latency on network to next level
  l2-23: # Cache stats
   hGETS: 0 # GETS hits
   hGETX: 0 # GETX hits
   mGETS: 0 # GETS misses
   mGETXIM: 0 # GETX I->M misses
   mGETXSM: 0 # GETX S->M misses (upgrade misses)
   PUTS: 0 # Clean evictions (from lower level)
   PUTX: 0 # Dirty evictions (from lower level)
   INV: 0 # Invalidates (from upper level)
   INVX: 0 # Downgrades (from upper level)
   FWD: 0 # Forwards (from upper level)
   latGETnl: 0 # GET request latency on next level
   latGETnet: 0 # GET request latency on network to next level
 l3: # Cache stats
  l3-0b0: # Cache stats
   hGETS: 861 # GETS hits
   hGETX: 45 # GETX hits
   mGETS: 75715 # GETS misses
   mGETXIM: 239637 # GETX I->M misses
   mGETXSM: 0 # GETX S->M misses (upgrade misses)
   PUTS: 66166 # Clean evictions (from lower level)
   PUTX: 210895 # Dirty evictions (from lower level)
   INV: 0 # Invalidates (from upper level)
   INVX: 0 # Downgrades (from upper level)
   FWD: 0 # Forwards (from upper level)
   latGETnl: 70954200 # GET request latency on next level
   latGETnet: 0 # GET request latency on network to next level
  l3-0b1: # Cache stats
   hGETS: 852 # GETS hits
   hGETX: 36 # GETX hits
   mGETS: 75728 # GETS misses
   mGETXIM: 239635 # GETX I->M misses
   mGETXSM: 0 # GETX S->M misses (upgrade misses)
   PUTS: 66099 # Clean evictions (from lower level)
   PUTX: 210489 # Dirty evictions (from lower level)
   INV: 0 # Invalidates (from upper level)
   INVX: 0 # Downgrades (from upper level)
   FWD: 0 # Forwards (from upper level)
   latGETnl: 70956675 # GET request latency on next level
   latGETnet: 0 # GET request latency on network to next level
  l3-0b2: # Cache stats
   hGETS: 678 # GETS hits
   hGETX: 31 # GETX hits
   mGETS: 75720 # GETS misses
   mGETXIM: 239637 # GETX I->M misses
   mGETXSM: 0 # GETX S->M misses (upgrade misses)
   PUTS: 65954 # Clean evictions (from lower level)
   PUTX: 210662 # Dirty evictions (from lower level)
   INV: 0 # Invalidates (from upper level)
   INVX: 0 # Downgrades (from upper level)
   FWD: 0 # Forwards (from upper level)
   latGETnl: 70955325 # GET request latency on next level
   latGETnet: 0 # GET request latency on network to next level
  l3-0b3: # Cache stats
   hGETS: 791 # GETS hits
   hGETX: 37 # GETX hits
   mGETS: 75729 # GETS misses
   mGETXIM: 239640 # GETX I->M misses
   mGETXSM: 0 # GETX S->M misses (upgrade misses)
   PUTS: 66098 # Clean evictions (from lower level)
   PUTX: 210964 # Dirty evictions (from lower level)
   INV: 0 # Invalidates (from upper level)
   INVX: 0 # Downgrades (from upper level)
   FWD: 0 # Forwards (from upper level)
   latGETnl: 70958025 # GET request latency on next level
   latGETnet: 0 # GET request latency on network to next level
  l3-0b4: # Cache stats
   hGETS: 755 # GETS hits
   hGETX: 30 # GETX hits
   mGETS: 75758 # GETS misses
   mGETXIM: 239633 # GETX I->M misses
   mGETXSM: 0 # GETX S->M misses (upgrade misses)
   PUTS: 66074 # Clean evictions (from lower level)
   PUTX: 210904 # Dirty evictions (from lower level)
   INV: 0 # Invalidates (from upper level)
   INVX: 0 # Downgrades (from upper level)
   FWD: 0 # Forwards (from upper level)
   latGETnl: 70962975 # GET request latency on next level
   latGETnet: 0 # GET request latency on network to next level
  l3-0b5: # Cache stats
   hGETS: 834 # GETS hits
   hGETX: 18 # GETX hits
   mGETS: 75738 # GETS misses
   mGETXIM: 239638 # GETX I->M misses
   mGETXSM: 0 # GETX S->M misses (upgrade misses)
   PUTS: 66141 # Clean evictions (from lower level)
   PUTX: 210916 # Dirty evictions (from lower level)
   INV: 0 # Invalidates (from upper level)
   INVX: 0 # Downgrades (from upper level)
   FWD: 0 # Forwards (from upper level)
   latGETnl: 70959600 # GET request latency on next level
   latGETnet: 0 # GET request latency on network to next level
  l3-0b6: # Cache stats
   hGETS: 606 # GETS hits
   hGETX: 16 # GETX hits
   mGETS: 75701 # GETS misses
   mGETXIM: 239629 # GETX I->M misses
   mGETXSM: 0 # GETX S->M misses (upgrade misses)
   PUTS: 65807 # Clean evictions (from lower level)
   PUTX: 210755 # Dirty evictions (from lower level)
   INV: 0 # Invalidates (from upper level)
   INVX: 0 # Downgrades (from upper level)
   FWD: 0 # Forwards (from upper level)
   latGETnl: 70949250 # GET request latency on next level
   latGETnet: 0 # GET request latency on network to next level
  l3-0b7: # Cache stats
   hGETS: 1102 # GETS hits
   hGETX: 46 # GETX hits
   mGETS: 75719 # GETS misses
   mGETXIM: 239631 # GETX I->M misses
   mGETXSM: 0 # GETX S->M misses (upgrade misses)
   PUTS: 66398 # Clean evictions (from lower level)
   PUTX: 210853 # Dirty evictions (from lower level)
   INV: 0 # Invalidates (from upper level)
   INVX: 0 # Downgrades (from upper level)
   FWD: 0 # Forwards (from upper level)
   latGETnl: 70953750 # GET request latency on next level
   latGETnet: 0 # GET request latency on network to next level
  l3-0b8: # Cache stats
   hGETS: 716 # GETS hits
   hGETX: 60 # GETX hits
   mGETS: 75708 # GETS misses
   mGETXIM: 239638 # GETX I->M misses
   mGETXSM: 0 # GETX S->M misses (upgrade misses)
   PUTS: 65801 # Clean evictions (from lower level)
   PUTX: 210859 # Dirty evictions (from lower level)
   INV: 0 # Invalidates (from upper level)
   INVX: 0 # Downgrades (from upper level)
   FWD: 0 # Forwards (from upper level)
   latGETnl: 70952850 # GET request latency on next level
   latGETnet: 0 # GET request latency on network to next level
  l3-0b9: # Cache stats
   hGETS: 728 # GETS hits
   hGETX: 45 # GETX hits
   mGETS: 75725 # GETS misses
   mGETXIM: 239633 # GETX I->M misses
   mGETXSM: 0 # GETX S->M misses (upgrade misses)
   PUTS: 65938 # Clean evictions (from lower level)
   PUTX: 210949 # Dirty evictions (from lower level)
   INV: 0 # Invalidates (from upper level)
   INVX: 0 # Downgrades (from upper level)
   FWD: 0 # Forwards (from upper level)
   latGETnl: 70955550 # GET request latency on next level
   latGETnet: 0 # GET request latency on network to next level
  l3-0b10: # Cache stats
   hGETS: 1191 # GETS hits
   hGETX: 26 # GETX hits
   mGETS: 75735 # GETS misses
   mGETXIM: 239635 # GETX I->M misses
   mGETXSM: 0 # GETX S->M misses (upgrade misses)
   PUTS: 66477 # Clean evictions (from lower level)
   PUTX: 210667 # Dirty evictions (from lower level)
   INV: 0 # Invalidates (from upper level)
   INVX: 0 # Downgrades (from upper level)
   FWD: 0 # Forwards (from upper level)
   latGETnl: 70958250 # GET request latency on next level
   latGETnet: 0 # GET request latency on network to next level
  l3-0b11: # Cache stats
   hGETS: 772 # GETS hits
   hGETX: 46 # GETX hits
   mGETS: 75710 # GETS misses
   mGETXIM: 239632 # GETX I->M misses
   mGETXSM: 0 # GETX S->M misses (upgrade misses)
   PUTS: 65925 # Clean evictions (from lower level)
   PUTX: 210778 # Dirty evictions (from lower level)
   INV: 0 # Invalidates (from upper level)
   INVX: 0 # Downgrades (from upper level)
   FWD: 0 # Forwards (from upper level)
   latGETnl: 70951950 # GET request latency on next level
   latGETnet: 0 # GET request latency on network to next level
  l3-0b12: # Cache stats
   hGETS: 1265 # GETS hits
   hGETX: 61 # GETX hits
   mGETS: 75669 # GETS misses
   mGETXIM: 239633 # GETX I->M misses
   mGETXSM: 0 # GETX S->M misses (upgrade misses)
   PUTS: 66394 # Clean evictions (from lower level)
   PUTX: 210767 # Dirty evictions (from lower level)
   INV: 0 # Invalidates (from upper level)
   INVX: 0 # Downgrades (from upper level)
   FWD: 0 # Forwards (from upper level)
   latGETnl: 70942950 # GET request latency on next level
   latGETnet: 0 # GET request latency on network to next level
  l3-0b13: # Cache stats
   hGETS: 1220 # GETS hits
   hGETX: 49 # GETX hits
   mGETS: 75701 # GETS misses
   mGETXIM: 239635 # GETX I->M misses
   mGETXSM: 0 # GETX S->M misses (upgrade misses)
   PUTS: 66369 # Clean evictions (from lower level)
   PUTX: 210609 # Dirty evictions (from lower level)
   INV: 0 # Invalidates (from upper level)
   INVX: 0 # Downgrades (from upper level)
   FWD: 0 # Forwards (from upper level)
   latGETnl: 70950600 # GET request latency on next level
   latGETnet: 0 # GET request latency on network to next level
  l3-0b14: # Cache stats
   hGETS: 836 # GETS hits
   hGETX: 47 # GETX hits
   mGETS: 75717 # GETS misses
   mGETXIM: 239636 # GETX I->M misses
   mGETXSM: 0 # GETX S->M misses (upgrade misses)
   PUTS: 66049 # Clean evictions (from lower level)
   PUTX: 210722 # Dirty evictions (from lower level)
   INV: 0 # Invalidates (from upper level)
   INVX: 0 # Downgrades (from upper level)
   FWD: 0 # Forwards (from upper level)
   latGETnl: 70954425 # GET request latency on next level
   latGETnet: 0 # GET request latency on network to next level
  l3-0b15: # Cache stats
   hGETS: 1239 # GETS hits
   hGETX: 53 # GETX hits
   mGETS: 75712 # GETS misses
   mGETXIM: 239631 # GETX I->M misses
   mGETXSM: 0 # GETX S->M misses (upgrade misses)
   PUTS: 66445 # Clean evictions (from lower level)
   PUTX: 210773 # Dirty evictions (from lower level)
   INV: 0 # Invalidates (from upper level)
   INVX: 0 # Downgrades (from upper level)
   FWD: 0 # Forwards (from upper level)
   latGETnl: 70952175 # GET request latency on next level
   latGETnet: 0 # GET request latency on network to next level
  l3-0b16: # Cache stats
   hGETS: 312 # GETS hits
   hGETX: 38 # GETX hits
   mGETS: 75701 # GETS misses
   mGETXIM: 239535 # GETX I->M misses
   mGETXSM: 0 # GETX S->M misses (upgrade misses)
   PUTS: 65553 # Clean evictions (from lower level)
   PUTX: 210710 # Dirty evictions (from lower level)
   INV: 0 # Invalidates (from upper level)
   INVX: 0 # Downgrades (from upper level)
   FWD: 0 # Forwards (from upper level)
   latGETnl: 70928100 # GET request latency on next level
   latGETnet: 0 # GET request latency on network to next level
  l3-0b17: # Cache stats
   hGETS: 323 # GETS hits
   hGETX: 17 # GETX hits
   mGETS: 75676 # GETS misses
   mGETXIM: 239538 # GETX I->M misses
   mGETXSM: 0 # GETX S->M misses (upgrade misses)
   PUTS: 65691 # Clean evictions (from lower level)
   PUTX: 210920 # Dirty evictions (from lower level)
   INV: 0 # Invalidates (from upper level)
   INVX: 0 # Downgrades (from upper level)
   FWD: 0 # Forwards (from upper level)
   latGETnl: 70923150 # GET request latency on next level
   latGETnet: 0 # GET request latency on network to next level
  l3-0b18: # Cache stats
   hGETS: 315 # GETS hits
   hGETX: 19 # GETX hits
   mGETS: 75651 # GETS misses
   mGETXIM: 239540 # GETX I->M misses
   mGETXSM: 0 # GETX S->M misses (upgrade misses)
   PUTS: 65596 # Clean evictions (from lower level)
   PUTX: 211062 # Dirty evictions (from lower level)
   INV: 0 # Invalidates (from upper level)
   INVX: 0 # Downgrades (from upper level)
   FWD: 0 # Forwards (from upper level)
   latGETnl: 70917975 # GET request latency on next level
   latGETnet: 0 # GET request latency on network to next level
  l3-0b19: # Cache stats
   hGETS: 255 # GETS hits
   hGETX: 53 # GETX hits
   mGETS: 75685 # GETS misses
   mGETXIM: 239539 # GETX I->M misses
   mGETXSM: 0 # GETX S->M misses (upgrade misses)
   PUTS: 65585 # Clean evictions (from lower level)
   PUTX: 210699 # Dirty evictions (from lower level)
   INV: 0 # Invalidates (from upper level)
   INVX: 0 # Downgrades (from upper level)
   FWD: 0 # Forwards (from upper level)
   latGETnl: 70925400 # GET request latency on next level
   latGETnet: 0 # GET request latency on network to next level
  l3-0b20: # Cache stats
   hGETS: 695 # GETS hits
   hGETX: 18 # GETX hits
   mGETS: 75675 # GETS misses
   mGETXIM: 239538 # GETX I->M misses
   mGETXSM: 0 # GETX S->M misses (upgrade misses)
   PUTS: 65945 # Clean evictions (from lower level)
   PUTX: 210679 # Dirty evictions (from lower level)
   INV: 0 # Invalidates (from upper level)
   INVX: 0 # Downgrades (from upper level)
   FWD: 0 # Forwards (from upper level)
   latGETnl: 70922925 # GET request latency on next level
   latGETnet: 0 # GET request latency on network to next level
  l3-0b21: # Cache stats
   hGETS: 720 # GETS hits
   hGETX: 20 # GETX hits
   mGETS: 75672 # GETS misses
   mGETXIM: 239542 # GETX I->M misses
   mGETXSM: 0 # GETX S->M misses (upgrade misses)
   PUTS: 65868 # Clean evictions (from lower level)
   PUTX: 210815 # Dirty evictions (from lower level)
   INV: 0 # Invalidates (from upper level)
   INVX: 0 # Downgrades (from upper level)
   FWD: 0 # Forwards (from upper level)
   latGETnl: 70923150 # GET request latency on next level
   latGETnet: 0 # GET request latency on network to next level
  l3-0b22: # Cache stats
   hGETS: 870 # GETS hits
   hGETX: 42 # GETX hits
   mGETS: 75698 # GETS misses
   mGETXIM: 239545 # GETX I->M misses
   mGETXSM: 0 # GETX S->M misses (upgrade misses)
   PUTS: 66103 # Clean evictions (from lower level)
   PUTX: 210912 # Dirty evictions (from lower level)
   INV: 0 # Invalidates (from upper level)
   INVX: 0 # Downgrades (from upper level)
   FWD: 0 # Forwards (from upper level)
   latGETnl: 70929675 # GET request latency on next level
   latGETnet: 0 # GET request latency on network to next level
  l3-0b23: # Cache stats
   hGETS: 796 # GETS hits
   hGETX: 45 # GETX hits
   mGETS: 75702 # GETS misses
   mGETXIM: 239542 # GETX I->M misses
   mGETXSM: 0 # GETX S->M misses (upgrade misses)
   PUTS: 65905 # Clean evictions (from lower level)
   PUTX: 210823 # Dirty evictions (from lower level)
   INV: 0 # Invalidates (from upper level)
   INVX: 0 # Downgrades (from upper level)
   FWD: 0 # Forwards (from upper level)
   latGETnl: 70929900 # GET request latency on next level
   latGETnet: 0 # GET request latency on network to next level
 mem: # Memory controller stats
  mem-0: # Memory controller stats
   rd: 7547114 # Read requests
   wr: 5299351 # Write requests
   rdlat: 2173687803 # Total latency experienced by read requests
   wrlat: 1551450833 # Total latency experienced by write requests
 sched: # Scheduler stats
  thCr: 25 # Threads created
  thFn: 25 # Threads finished
  schedEvs: 26 # Schedule events
  waitEvs: 2 # Wait events
  handoffEvs: 1 # Handoff events
  sleepEvs: 1 # Sleep events
  idlePhases: 0 # Phases with no thread active
  idlePeriods: 0 # Periods with no thread active
  occHist: # Occupancy histogram
   0: 0
   1: 36
   2: 0
   3: 2
   4: 2
   5: 1
   6: 1
   7: 0
   8: 1
   9: 0
   10: 0
   11: 0
   12: 1
   13: 0
   14: 1
   15: 0
   16: 0
   17: 1
   18: 0
   19: 0
   20: 1
   21: 0
   22: 0
   23: 46692
   24: 0
  rqSzHist: # Run queue size histogram
   0: 46709
   1: 30
   2: 0
   3: 0
   4: 0
   5: 0
   6: 0
   7: 0
   8: 0
   9: 0
   10: 0
   11: 0
   12: 0
   13: 0
   14: 0
   15: 0
   16: 0
   17: 0
   18: 0
   19: 0
   20: 0
   21: 0
   22: 0
   23: 0
   24: 0
 procCycles: # Per-process unhalted core cycles
  0: 1074050635
  1: 0
  2: 0
  3: 0
  4: 0
  5: 0
  6: 0
  7: 0
  8: 0
  9: 0
  10: 0
  11: 0
  12: 0
  13: 0
  14: 0
  15: 0
  16: 0
  17: 0
  18: 0
  19: 0
  20: 0
  21: 0
  22: 0
  23: 0
  24: 0
  25: 0
  26: 0
  27: 0
  28: 0
  29: 0
  30: 0
  31: 0
  32: 0
  33: 0
  34: 0
  35: 0
  36: 0
  37: 0
  38: 0
  39: 0
  40: 0
  41: 0
  42: 0
  43: 0
  44: 0
  45: 0
  46: 0
  47: 0
  48: 0
  49: 0
  50: 0
  51: 0
  52: 0
  53: 0
  54: 0
  55: 0
  56: 0
  57: 0
  58: 0
  59: 0
  60: 0
  61: 0
  62: 0
  63: 0
 procInstrs: # Per-process instructions
  0: 1288941709
  1: 0
  2: 0
  3: 0
  4: 0
  5: 0
  6: 0
  7: 0
  8: 0
  9: 0
  10: 0
  11: 0
  12: 0
  13: 0
  14: 0
  15: 0
  16: 0
  17: 0
  18: 0
  19: 0
  20: 0
  21: 0
  22: 0
  23: 0
  24: 0
  25: 0
  26: 0
  27: 0
  28: 0
  29: 0
  30: 0
  31: 0
  32: 0
  33: 0
  34: 0
  35: 0
  36: 0
  37: 0
  38: 0
  39: 0
  40: 0
  41: 0
  42: 0
  43: 0
  44: 0
  45: 0
  46: 0
  47: 0
  48: 0
  49: 0
  50: 0
  51: 0
  52: 0
  53: 0
  54: 0
  55: 0
  56: 0
  57: 0
  58: 0
  59: 0
  60: 0
  61: 0
  62: 0
  63: 0
 heartbeats: # Per-process heartbeats
  0: 0
  1: 0
  2: 0
  3: 0
  4: 0
  5: 0
  6: 0
  7: 0
  8: 0
  9: 0
  10: 0
  11: 0
  12: 0
  13: 0
  14: 0
  15: 0
  16: 0
  17: 0
  18: 0
  19: 0
  20: 0
  21: 0
  22: 0
  23: 0
  24: 0
  25: 0
  26: 0
  27: 0
  28: 0
  29: 0
  30: 0
  31: 0
  32: 0
  33: 0
  34: 0
  35: 0
  36: 0
  37: 0
  38: 0
  39: 0
  40: 0
  41: 0
  42: 0
  43: 0
  44: 0
  45: 0
  46: 0
  47: 0
  48: 0
  49: 0
  50: 0
  51: 0
  52: 0
  53: 0
  54: 0
  55: 0
  56: 0
  57: 0
  58: 0
  59: 0
  60: 0
  61: 0
  62: 0
  63: 0
===
