# zsim stats
===
root: # Stats
 contention: # Contention simulation stats
  domain-0: # Domain stats
   time: 7496561174 # Weave simulation time
 time: # Simulator time breakdown
  init: 3177872626
  bound: 64819244601
  weave: 9673413223
  ff: 36135
 trigger: 20000 # Reason for this stats dump
 phase: 34226 # Simulated phases
 reqCycles: 0 # Requeue Cycles
 skylake: # Core stats
  skylake-0: # Core stats
   cycles: 34226369 # Simulated unhalted cycles
   cCycles: 17084525 # Cycles due to contention stalls
   instrs: 23388215 # Simulated instructions
   uops: 16798562 # issued micro-ops
   bbls: 7394589 # Basic blocks
   approxInstrs: 696516 # Instrs with approx uop decoding
   mispredBranches: 101362 # Mispredicted branches
   IdqNotDelivered: 17141844 # Stalls no uop delivered when no Bkend Stall
   IntMiscRecoveryCycles: 824728 # Stalls waiting machine clears
   uops executed: 17095853 # Executed microoperations
  skylake-1: # Core stats
   cycles: 34190339 # Simulated unhalted cycles
   cCycles: 17064151 # Cycles due to contention stalls
   instrs: 23360358 # Simulated instructions
   uops: 16778072 # issued micro-ops
   bbls: 7385931 # Basic blocks
   approxInstrs: 695720 # Instrs with approx uop decoding
   mispredBranches: 101211 # Mispredicted branches
   IdqNotDelivered: 17126188 # Stalls no uop delivered when no Bkend Stall
   IntMiscRecoveryCycles: 814085 # Stalls waiting machine clears
   uops executed: 17075040 # Executed microoperations
  skylake-2: # Core stats
   cycles: 34188973 # Simulated unhalted cycles
   cCycles: 17078614 # Cycles due to contention stalls
   instrs: 23376778 # Simulated instructions
   uops: 16789652 # issued micro-ops
   bbls: 7391186 # Basic blocks
   approxInstrs: 696221 # Instrs with approx uop decoding
   mispredBranches: 101287 # Mispredicted branches
   IdqNotDelivered: 17110359 # Stalls no uop delivered when no Bkend Stall
   IntMiscRecoveryCycles: 817333 # Stalls waiting machine clears
   uops executed: 17086866 # Executed microoperations
  skylake-3: # Core stats
   cycles: 34188679 # Simulated unhalted cycles
   cCycles: 17065757 # Cycles due to contention stalls
   instrs: 23362557 # Simulated instructions
   uops: 16779556 # issued micro-ops
   bbls: 7386652 # Basic blocks
   approxInstrs: 695790 # Instrs with approx uop decoding
   mispredBranches: 101219 # Mispredicted branches
   IdqNotDelivered: 17122922 # Stalls no uop delivered when no Bkend Stall
   IntMiscRecoveryCycles: 815088 # Stalls waiting machine clears
   uops executed: 17076590 # Executed microoperations
  skylake-4: # Core stats
   cycles: 34186359 # Simulated unhalted cycles
   cCycles: 17075021 # Cycles due to contention stalls
   instrs: 23374972 # Simulated instructions
   uops: 16788476 # issued micro-ops
   bbls: 7390577 # Basic blocks
   approxInstrs: 696160 # Instrs with approx uop decoding
   mispredBranches: 101273 # Mispredicted branches
   IdqNotDelivered: 17111338 # Stalls no uop delivered when no Bkend Stall
   IntMiscRecoveryCycles: 815103 # Stalls waiting machine clears
   uops executed: 17085648 # Executed microoperations
  skylake-5: # Core stats
   cycles: 34185646 # Simulated unhalted cycles
   cCycles: 17079435 # Cycles due to contention stalls
   instrs: 23380229 # Simulated instructions
   uops: 16792255 # issued micro-ops
   bbls: 7392238 # Basic blocks
   approxInstrs: 696319 # Instrs with approx uop decoding
   mispredBranches: 101296 # Mispredicted branches
   IdqNotDelivered: 17106211 # Stalls no uop delivered when no Bkend Stall
   IntMiscRecoveryCycles: 814964 # Stalls waiting machine clears
   uops executed: 17089495 # Executed microoperations
  skylake-6: # Core stats
   cycles: 34184655 # Simulated unhalted cycles
   cCycles: 17056980 # Cycles due to contention stalls
   instrs: 23350767 # Simulated instructions
   uops: 16770791 # issued micro-ops
   bbls: 7382989 # Basic blocks
   approxInstrs: 695452 # Instrs with approx uop decoding
   mispredBranches: 101165 # Mispredicted branches
   IdqNotDelivered: 17127675 # Stalls no uop delivered when no Bkend Stall
   IntMiscRecoveryCycles: 815081 # Stalls waiting machine clears
   uops executed: 17067667 # Executed microoperations
  skylake-7: # Core stats
   cycles: 34184372 # Simulated unhalted cycles
   cCycles: 17059508 # Cycles due to contention stalls
   instrs: 23353463 # Simulated instructions
   uops: 16773022 # issued micro-ops
   bbls: 7383777 # Basic blocks
   approxInstrs: 695520 # Instrs with approx uop decoding
   mispredBranches: 101181 # Mispredicted branches
   IdqNotDelivered: 17124864 # Stalls no uop delivered when no Bkend Stall
   IntMiscRecoveryCycles: 813913 # Stalls waiting machine clears
   uops executed: 17069917 # Executed microoperations
  skylake-8: # Core stats
   cycles: 34183676 # Simulated unhalted cycles
   cCycles: 17074637 # Cycles due to contention stalls
   instrs: 23371436 # Simulated instructions
   uops: 16785642 # issued micro-ops
   bbls: 7389522 # Basic blocks
   approxInstrs: 696072 # Instrs with approx uop decoding
   mispredBranches: 101255 # Mispredicted branches
   IdqNotDelivered: 17109039 # Stalls no uop delivered when no Bkend Stall
   IntMiscRecoveryCycles: 815914 # Stalls waiting machine clears
   uops executed: 17082783 # Executed microoperations
  skylake-9: # Core stats
   cycles: 34183460 # Simulated unhalted cycles
   cCycles: 17066725 # Cycles due to contention stalls
   instrs: 23362773 # Simulated instructions
   uops: 16779414 # issued micro-ops
   bbls: 7386785 # Basic blocks
   approxInstrs: 695810 # Instrs with approx uop decoding
   mispredBranches: 101217 # Mispredicted branches
   IdqNotDelivered: 17116735 # Stalls no uop delivered when no Bkend Stall
   IntMiscRecoveryCycles: 815876 # Stalls waiting machine clears
   uops executed: 17076443 # Executed microoperations
  skylake-10: # Core stats
   cycles: 34183460 # Simulated unhalted cycles
   cCycles: 17076224 # Cycles due to contention stalls
   instrs: 23375196 # Simulated instructions
   uops: 16788339 # issued micro-ops
   bbls: 7390712 # Basic blocks
   approxInstrs: 696182 # Instrs with approx uop decoding
   mispredBranches: 101271 # Mispredicted branches
   IdqNotDelivered: 17107236 # Stalls no uop delivered when no Bkend Stall
   IntMiscRecoveryCycles: 815786 # Stalls waiting machine clears
   uops executed: 17085527 # Executed microoperations
  skylake-11: # Core stats
   cycles: 34183158 # Simulated unhalted cycles
   cCycles: 17068806 # Cycles due to contention stalls
   instrs: 23366459 # Simulated instructions
   uops: 16782335 # issued micro-ops
   bbls: 7387807 # Basic blocks
   approxInstrs: 695904 # Instrs with approx uop decoding
   mispredBranches: 101237 # Mispredicted branches
   IdqNotDelivered: 17114352 # Stalls no uop delivered when no Bkend Stall
   IntMiscRecoveryCycles: 816024 # Stalls waiting machine clears
   uops executed: 17079435 # Executed microoperations
  skylake-12: # Core stats
   cycles: 34182445 # Simulated unhalted cycles
   cCycles: 17059356 # Cycles due to contention stalls
   instrs: 23353188 # Simulated instructions
   uops: 16772537 # issued micro-ops
   bbls: 7383752 # Basic blocks
   approxInstrs: 695529 # Instrs with approx uop decoding
   mispredBranches: 101176 # Mispredicted branches
   IdqNotDelivered: 17123089 # Stalls no uop delivered when no Bkend Stall
   IntMiscRecoveryCycles: 814495 # Stalls waiting machine clears
   uops executed: 17069446 # Executed microoperations
  skylake-13: # Core stats
   cycles: 34182407 # Simulated unhalted cycles
   cCycles: 17048751 # Cycles due to contention stalls
   instrs: 23340685 # Simulated instructions
   uops: 16763558 # issued micro-ops
   bbls: 7379799 # Basic blocks
   approxInstrs: 695157 # Instrs with approx uop decoding
   mispredBranches: 101122 # Mispredicted branches
   IdqNotDelivered: 17133656 # Stalls no uop delivered when no Bkend Stall
   IntMiscRecoveryCycles: 813784 # Stalls waiting machine clears
   uops executed: 17060308 # Executed microoperations
  skylake-14: # Core stats
   cycles: 34181460 # Simulated unhalted cycles
   cCycles: 17060856 # Cycles due to contention stalls
   instrs: 23331637 # Simulated instructions
   uops: 16758827 # issued micro-ops
   bbls: 7376294 # Basic blocks
   approxInstrs: 694700 # Instrs with approx uop decoding
   mispredBranches: 101161 # Mispredicted branches
   IdqNotDelivered: 17120604 # Stalls no uop delivered when no Bkend Stall
   IntMiscRecoveryCycles: 817447 # Stalls waiting machine clears
   uops executed: 17055544 # Executed microoperations
  skylake-15: # Core stats
   cycles: 34181451 # Simulated unhalted cycles
   cCycles: 17073426 # Cycles due to contention stalls
   instrs: 23371889 # Simulated instructions
   uops: 16785968 # issued micro-ops
   bbls: 7389665 # Basic blocks
   approxInstrs: 696086 # Instrs with approx uop decoding
   mispredBranches: 101257 # Mispredicted branches
   IdqNotDelivered: 17108025 # Stalls no uop delivered when no Bkend Stall
   IntMiscRecoveryCycles: 814996 # Stalls waiting machine clears
   uops executed: 17083115 # Executed microoperations
  skylake-16: # Core stats
   cycles: 34181193 # Simulated unhalted cycles
   cCycles: 17070078 # Cycles due to contention stalls
   instrs: 23367703 # Simulated instructions
   uops: 16782954 # issued micro-ops
   bbls: 7388345 # Basic blocks
   approxInstrs: 695956 # Instrs with approx uop decoding
   mispredBranches: 101239 # Mispredicted branches
   IdqNotDelivered: 17111115 # Stalls no uop delivered when no Bkend Stall
   IntMiscRecoveryCycles: 814821 # Stalls waiting machine clears
   uops executed: 17080043 # Executed microoperations
  skylake-17: # Core stats
   cycles: 34181633 # Simulated unhalted cycles
   cCycles: 17039233 # Cycles due to contention stalls
   instrs: 23327047 # Simulated instructions
   uops: 16753747 # issued micro-ops
   bbls: 7375488 # Basic blocks
   approxInstrs: 694749 # Instrs with approx uop decoding
   mispredBranches: 101057 # Mispredicted branches
   IdqNotDelivered: 17142400 # Stalls no uop delivered when no Bkend Stall
   IntMiscRecoveryCycles: 812821 # Stalls waiting machine clears
   uops executed: 17050357 # Executed microoperations
  skylake-18: # Core stats
   cycles: 34180338 # Simulated unhalted cycles
   cCycles: 17064148 # Cycles due to contention stalls
   instrs: 23358172 # Simulated instructions
   uops: 16776110 # issued micro-ops
   bbls: 7385330 # Basic blocks
   approxInstrs: 695674 # Instrs with approx uop decoding
   mispredBranches: 101197 # Mispredicted branches
   IdqNotDelivered: 17116190 # Stalls no uop delivered when no Bkend Stall
   IntMiscRecoveryCycles: 814248 # Stalls waiting machine clears
   uops executed: 17073081 # Executed microoperations
  skylake-19: # Core stats
   cycles: 34180382 # Simulated unhalted cycles
   cCycles: 17060778 # Cycles due to contention stalls
   instrs: 23356283 # Simulated instructions
   uops: 16774738 # issued micro-ops
   bbls: 7384734 # Basic blocks
   approxInstrs: 695617 # Instrs with approx uop decoding
   mispredBranches: 101183 # Mispredicted branches
   IdqNotDelivered: 17119604 # Stalls no uop delivered when no Bkend Stall
   IntMiscRecoveryCycles: 814025 # Stalls waiting machine clears
   uops executed: 17071719 # Executed microoperations
  skylake-20: # Core stats
   cycles: 34180124 # Simulated unhalted cycles
   cCycles: 17076650 # Cycles due to contention stalls
   instrs: 23375370 # Simulated instructions
   uops: 16788467 # issued micro-ops
   bbls: 7390766 # Basic blocks
   approxInstrs: 696189 # Instrs with approx uop decoding
   mispredBranches: 101272 # Mispredicted branches
   IdqNotDelivered: 17103474 # Stalls no uop delivered when no Bkend Stall
   IntMiscRecoveryCycles: 815191 # Stalls waiting machine clears
   uops executed: 17085658 # Executed microoperations
  skylake-21: # Core stats
   cycles: 34179461 # Simulated unhalted cycles
   cCycles: 17058257 # Cycles due to contention stalls
   instrs: 23350229 # Simulated instructions
   uops: 16770410 # issued micro-ops
   bbls: 7382817 # Basic blocks
   approxInstrs: 695440 # Instrs with approx uop decoding
   mispredBranches: 101161 # Mispredicted branches
   IdqNotDelivered: 17121204 # Stalls no uop delivered when no Bkend Stall
   IntMiscRecoveryCycles: 813929 # Stalls waiting machine clears
   uops executed: 17067288 # Executed microoperations
  skylake-22: # Core stats
   cycles: 34179460 # Simulated unhalted cycles
   cCycles: 17068817 # Cycles due to contention stalls
   instrs: 23362683 # Simulated instructions
   uops: 16779354 # issued micro-ops
   bbls: 7386755 # Basic blocks
   approxInstrs: 695810 # Instrs with approx uop decoding
   mispredBranches: 101217 # Mispredicted branches
   IdqNotDelivered: 17110643 # Stalls no uop delivered when no Bkend Stall
   IntMiscRecoveryCycles: 814751 # Stalls waiting machine clears
   uops executed: 17076383 # Executed microoperations
  skylake-23: # Core stats
   cycles: 0 # Simulated unhalted cycles
   cCycles: 0 # Cycles due to contention stalls
   instrs: 0 # Simulated instructions
   uops: 0 # issued micro-ops
   bbls: 0 # Basic blocks
   approxInstrs: 0 # Instrs with approx uop decoding
   mispredBranches: 0 # Mispredicted branches
   IdqNotDelivered: 0 # Stalls no uop delivered when no Bkend Stall
   IntMiscRecoveryCycles: 0 # Stalls waiting machine clears
   uops executed: 0 # Executed microoperations
 l1d: # Cache stats
  l1d-0: # Filter cache stats
   fhGETS: 850173 # Filtered GETS hits
   fhGETX: 438650 # Filtered GETX hits
   hGETS: 8312 # GETS hits
   hGETX: 14395 # GETX hits
   mGETS: 250268 # GETS misses
   mGETXIM: 47718 # GETX I->M misses
   mGETXSM: 6 # GETX S->M misses (upgrade misses)
   PUTS: 0 # Clean evictions (from lower level)
   PUTX: 0 # Dirty evictions (from lower level)
   INV: 91 # Invalidates (from upper level)
   INVX: 84 # Downgrades (from upper level)
   FWD: 0 # Forwards (from upper level)
   latGETnl: 81020085 # GET request latency on next level
   latGETnet: 0 # GET request latency on network to next level
  l1d-1: # Filter cache stats
   fhGETS: 848935 # Filtered GETS hits
   fhGETX: 437992 # Filtered GETX hits
   hGETS: 8225 # GETS hits
   hGETX: 14333 # GETX hits
   mGETS: 249936 # GETS misses
   mGETXIM: 47631 # GETX I->M misses
   mGETXSM: 7 # GETX S->M misses (upgrade misses)
   PUTS: 0 # Clean evictions (from lower level)
   PUTX: 0 # Dirty evictions (from lower level)
   INV: 77 # Invalidates (from upper level)
   INVX: 24 # Downgrades (from upper level)
   FWD: 0 # Forwards (from upper level)
   latGETnl: 80896434 # GET request latency on next level
   latGETnet: 0 # GET request latency on network to next level
  l1d-2: # Filter cache stats
   fhGETS: 849437 # Filtered GETS hits
   fhGETX: 438240 # Filtered GETX hits
   hGETS: 8199 # GETS hits
   hGETX: 14331 # GETX hits
   mGETS: 250110 # GETS misses
   mGETXIM: 47658 # GETX I->M misses
   mGETXSM: 5 # GETX S->M misses (upgrade misses)
   PUTS: 0 # Clean evictions (from lower level)
   PUTX: 0 # Dirty evictions (from lower level)
   INV: 55 # Invalidates (from upper level)
   INVX: 5 # Downgrades (from upper level)
   FWD: 0 # Forwards (from upper level)
   latGETnl: 80953741 # GET request latency on next level
   latGETnet: 0 # GET request latency on network to next level
  l1d-3: # Filter cache stats
   fhGETS: 848957 # Filtered GETS hits
   fhGETX: 437989 # Filtered GETX hits
   hGETS: 8231 # GETS hits
   hGETX: 14346 # GETX hits
   mGETS: 249957 # GETS misses
   mGETXIM: 47635 # GETX I->M misses
   mGETXSM: 8 # GETX S->M misses (upgrade misses)
   PUTS: 0 # Clean evictions (from lower level)
   PUTX: 0 # Dirty evictions (from lower level)
   INV: 74 # Invalidates (from upper level)
   INVX: 23 # Downgrades (from upper level)
   FWD: 0 # Forwards (from upper level)
   latGETnl: 80904054 # GET request latency on next level
   latGETnet: 0 # GET request latency on network to next level
  l1d-4: # Filter cache stats
   fhGETS: 849408 # Filtered GETS hits
   fhGETX: 438214 # Filtered GETX hits
   hGETS: 8237 # GETS hits
   hGETX: 14358 # GETX hits
   mGETS: 250089 # GETS misses
   mGETXIM: 47663 # GETX I->M misses
   mGETXSM: 10 # GETX S->M misses (upgrade misses)
   PUTS: 0 # Clean evictions (from lower level)
   PUTX: 0 # Dirty evictions (from lower level)
   INV: 75 # Invalidates (from upper level)
   INVX: 21 # Downgrades (from upper level)
   FWD: 0 # Forwards (from upper level)
   latGETnl: 80945995 # GET request latency on next level
   latGETnet: 0 # GET request latency on network to next level
  l1d-5: # Filter cache stats
   fhGETS: 849615 # Filtered GETS hits
   fhGETX: 438337 # Filtered GETX hits
   hGETS: 8223 # GETS hits
   hGETX: 14340 # GETX hits
   mGETS: 250148 # GETS misses
   mGETXIM: 47673 # GETX I->M misses
   mGETXSM: 9 # GETX S->M misses (upgrade misses)
   PUTS: 0 # Clean evictions (from lower level)
   PUTX: 0 # Dirty evictions (from lower level)
   INV: 77 # Invalidates (from upper level)
   INVX: 18 # Downgrades (from upper level)
   FWD: 0 # Forwards (from upper level)
   latGETnl: 80963760 # GET request latency on next level
   latGETnet: 0 # GET request latency on network to next level
  l1d-6: # Filter cache stats
   fhGETS: 848400 # Filtered GETS hits
   fhGETX: 437697 # Filtered GETX hits
   hGETS: 8207 # GETS hits
   hGETX: 14316 # GETX hits
   mGETS: 249818 # GETS misses
   mGETXIM: 47607 # GETX I->M misses
   mGETXSM: 5 # GETX S->M misses (upgrade misses)
   PUTS: 0 # Clean evictions (from lower level)
   PUTX: 0 # Dirty evictions (from lower level)
   INV: 59 # Invalidates (from upper level)
   INVX: 29 # Downgrades (from upper level)
   FWD: 0 # Forwards (from upper level)
   latGETnl: 80864424 # GET request latency on next level
   latGETnet: 0 # GET request latency on network to next level
  l1d-7: # Filter cache stats
   fhGETS: 848622 # Filtered GETS hits
   fhGETX: 437831 # Filtered GETX hits
   hGETS: 8229 # GETS hits
   hGETX: 14329 # GETX hits
   mGETS: 249862 # GETS misses
   mGETXIM: 47614 # GETX I->M misses
   mGETXSM: 8 # GETX S->M misses (upgrade misses)
   PUTS: 0 # Clean evictions (from lower level)
   PUTX: 0 # Dirty evictions (from lower level)
   INV: 72 # Invalidates (from upper level)
   INVX: 16 # Downgrades (from upper level)
   FWD: 0 # Forwards (from upper level)
   latGETnl: 80871364 # GET request latency on next level
   latGETnet: 0 # GET request latency on network to next level
  l1d-8: # Filter cache stats
   fhGETS: 849159 # Filtered GETS hits
   fhGETX: 438104 # Filtered GETX hits
   hGETS: 8211 # GETS hits
   hGETX: 14307 # GETX hits
   mGETS: 250040 # GETS misses
   mGETXIM: 47652 # GETX I->M misses
   mGETXSM: 7 # GETX S->M misses (upgrade misses)
   PUTS: 0 # Clean evictions (from lower level)
   PUTX: 0 # Dirty evictions (from lower level)
   INV: 62 # Invalidates (from upper level)
   INVX: 4 # Downgrades (from upper level)
   FWD: 0 # Forwards (from upper level)
   latGETnl: 80930941 # GET request latency on next level
   latGETnet: 0 # GET request latency on network to next level
  l1d-9: # Filter cache stats
   fhGETS: 848830 # Filtered GETS hits
   fhGETX: 437915 # Filtered GETX hits
   hGETS: 8213 # GETS hits
   hGETX: 14333 # GETX hits
   mGETS: 249951 # GETS misses
   mGETXIM: 47628 # GETX I->M misses
   mGETXSM: 6 # GETX S->M misses (upgrade misses)
   PUTS: 0 # Clean evictions (from lower level)
   PUTX: 0 # Dirty evictions (from lower level)
   INV: 59 # Invalidates (from upper level)
   INVX: 14 # Downgrades (from upper level)
   FWD: 0 # Forwards (from upper level)
   latGETnl: 80903828 # GET request latency on next level
   latGETnet: 0 # GET request latency on network to next level
  l1d-10: # Filter cache stats
   fhGETS: 849294 # Filtered GETS hits
   fhGETX: 438159 # Filtered GETX hits
   hGETS: 8210 # GETS hits
   hGETX: 14330 # GETX hits
   mGETS: 250081 # GETS misses
   mGETXIM: 47653 # GETX I->M misses
   mGETXSM: 7 # GETX S->M misses (upgrade misses)
   PUTS: 0 # Clean evictions (from lower level)
   PUTX: 0 # Dirty evictions (from lower level)
   INV: 58 # Invalidates (from upper level)
   INVX: 8 # Downgrades (from upper level)
   FWD: 0 # Forwards (from upper level)
   latGETnl: 80944418 # GET request latency on next level
   latGETnet: 0 # GET request latency on network to next level
  l1d-11: # Filter cache stats
   fhGETS: 849133 # Filtered GETS hits
   fhGETX: 438093 # Filtered GETX hits
   hGETS: 8239 # GETS hits
   hGETX: 14328 # GETX hits
   mGETS: 249996 # GETS misses
   mGETXIM: 47656 # GETX I->M misses
   mGETXSM: 10 # GETX S->M misses (upgrade misses)
   PUTS: 0 # Clean evictions (from lower level)
   PUTX: 0 # Dirty evictions (from lower level)
   INV: 64 # Invalidates (from upper level)
   INVX: 13 # Downgrades (from upper level)
   FWD: 0 # Forwards (from upper level)
   latGETnl: 80920918 # GET request latency on next level
   latGETnet: 0 # GET request latency on network to next level
  l1d-12: # Filter cache stats
   fhGETS: 848507 # Filtered GETS hits
   fhGETX: 437759 # Filtered GETX hits
   hGETS: 8190 # GETS hits
   hGETX: 14307 # GETX hits
   mGETS: 249849 # GETS misses
   mGETXIM: 47608 # GETX I->M misses
   mGETXSM: 6 # GETX S->M misses (upgrade misses)
   PUTS: 0 # Clean evictions (from lower level)
   PUTX: 0 # Dirty evictions (from lower level)
   INV: 57 # Invalidates (from upper level)
   INVX: 17 # Downgrades (from upper level)
   FWD: 0 # Forwards (from upper level)
   latGETnl: 80871586 # GET request latency on next level
   latGETnet: 0 # GET request latency on network to next level
  l1d-13: # Filter cache stats
   fhGETS: 848055 # Filtered GETS hits
   fhGETX: 437522 # Filtered GETX hits
   hGETS: 8189 # GETS hits
   hGETX: 14300 # GETX hits
   mGETS: 249710 # GETS misses
   mGETXIM: 47586 # GETX I->M misses
   mGETXSM: 5 # GETX S->M misses (upgrade misses)
   PUTS: 0 # Clean evictions (from lower level)
   PUTX: 0 # Dirty evictions (from lower level)
   INV: 58 # Invalidates (from upper level)
   INVX: 7 # Downgrades (from upper level)
   FWD: 0 # Forwards (from upper level)
   latGETnl: 80824639 # GET request latency on next level
   latGETnet: 0 # GET request latency on network to next level
  l1d-14: # Filter cache stats
   fhGETS: 848975 # Filtered GETS hits
   fhGETX: 437804 # Filtered GETX hits
   hGETS: 8543 # GETS hits
   hGETX: 14379 # GETX hits
   mGETS: 249622 # GETS misses
   mGETXIM: 47565 # GETX I->M misses
   mGETXSM: 14 # GETX S->M misses (upgrade misses)
   PUTS: 0 # Clean evictions (from lower level)
   PUTX: 0 # Dirty evictions (from lower level)
   INV: 57 # Invalidates (from upper level)
   INVX: 5 # Downgrades (from upper level)
   FWD: 0 # Forwards (from upper level)
   latGETnl: 80787813 # GET request latency on next level
   latGETnet: 0 # GET request latency on network to next level
  l1d-15: # Filter cache stats
   fhGETS: 849187 # Filtered GETS hits
   fhGETX: 438104 # Filtered GETX hits
   hGETS: 8201 # GETS hits
   hGETX: 14320 # GETX hits
   mGETS: 250044 # GETS misses
   mGETXIM: 47651 # GETX I->M misses
   mGETXSM: 5 # GETX S->M misses (upgrade misses)
   PUTS: 0 # Clean evictions (from lower level)
   PUTX: 0 # Dirty evictions (from lower level)
   INV: 58 # Invalidates (from upper level)
   INVX: 4 # Downgrades (from upper level)
   FWD: 0 # Forwards (from upper level)
   latGETnl: 80933196 # GET request latency on next level
   latGETnet: 0 # GET request latency on network to next level
  l1d-16: # Filter cache stats
   fhGETS: 849012 # Filtered GETS hits
   fhGETX: 438012 # Filtered GETX hits
   hGETS: 8214 # GETS hits
   hGETX: 14326 # GETX hits
   mGETS: 250000 # GETS misses
   mGETXIM: 47642 # GETX I->M misses
   mGETXSM: 6 # GETX S->M misses (upgrade misses)
   PUTS: 0 # Clean evictions (from lower level)
   PUTX: 0 # Dirty evictions (from lower level)
   INV: 61 # Invalidates (from upper level)
   INVX: 2 # Downgrades (from upper level)
   FWD: 0 # Forwards (from upper level)
   latGETnl: 80916591 # GET request latency on next level
   latGETnet: 0 # GET request latency on network to next level
  l1d-17: # Filter cache stats
   fhGETS: 847554 # Filtered GETS hits
   fhGETX: 437254 # Filtered GETX hits
   hGETS: 8185 # GETS hits
   hGETX: 14300 # GETX hits
   mGETS: 249564 # GETS misses
   mGETXIM: 47558 # GETX I->M misses
   mGETXSM: 4 # GETX S->M misses (upgrade misses)
   PUTS: 0 # Clean evictions (from lower level)
   PUTX: 0 # Dirty evictions (from lower level)
   INV: 57 # Invalidates (from upper level)
   INVX: 10 # Downgrades (from upper level)
   FWD: 0 # Forwards (from upper level)
   latGETnl: 80778263 # GET request latency on next level
   latGETnet: 0 # GET request latency on network to next level
  l1d-18: # Filter cache stats
   fhGETS: 848686 # Filtered GETS hits
   fhGETX: 437856 # Filtered GETX hits
   hGETS: 8193 # GETS hits
   hGETX: 14304 # GETX hits
   mGETS: 249897 # GETS misses
   mGETXIM: 47619 # GETX I->M misses
   mGETXSM: 5 # GETX S->M misses (upgrade misses)
   PUTS: 0 # Clean evictions (from lower level)
   PUTX: 0 # Dirty evictions (from lower level)
   INV: 55 # Invalidates (from upper level)
   INVX: 2 # Downgrades (from upper level)
   FWD: 0 # Forwards (from upper level)
   latGETnl: 80884944 # GET request latency on next level
   latGETnet: 0 # GET request latency on network to next level
  l1d-19: # Filter cache stats
   fhGETS: 848615 # Filtered GETS hits
   fhGETX: 437800 # Filtered GETX hits
   hGETS: 8188 # GETS hits
   hGETX: 14322 # GETX hits
   mGETS: 249879 # GETS misses
   mGETXIM: 47613 # GETX I->M misses
   mGETXSM: 4 # GETX S->M misses (upgrade misses)
   PUTS: 0 # Clean evictions (from lower level)
   PUTX: 0 # Dirty evictions (from lower level)
   INV: 54 # Invalidates (from upper level)
   INVX: 1 # Downgrades (from upper level)
   FWD: 0 # Forwards (from upper level)
   latGETnl: 80878341 # GET request latency on next level
   latGETnet: 0 # GET request latency on network to next level
  l1d-20: # Filter cache stats
   fhGETS: 849295 # Filtered GETS hits
   fhGETX: 438164 # Filtered GETX hits
   hGETS: 8221 # GETS hits
   hGETX: 14326 # GETX hits
   mGETS: 250080 # GETS misses
   mGETXIM: 47659 # GETX I->M misses
   mGETXSM: 5 # GETX S->M misses (upgrade misses)
   PUTS: 0 # Clean evictions (from lower level)
   PUTX: 0 # Dirty evictions (from lower level)
   INV: 58 # Invalidates (from upper level)
   INVX: 2 # Downgrades (from upper level)
   FWD: 0 # Forwards (from upper level)
   latGETnl: 80944475 # GET request latency on next level
   latGETnet: 0 # GET request latency on network to next level
  l1d-21: # Filter cache stats
   fhGETS: 848392 # Filtered GETS hits
   fhGETX: 437686 # Filtered GETX hits
   hGETS: 8192 # GETS hits
   hGETX: 14331 # GETX hits
   mGETS: 249820 # GETS misses
   mGETXIM: 47594 # GETX I->M misses
   mGETXSM: 5 # GETX S->M misses (upgrade misses)
   PUTS: 0 # Clean evictions (from lower level)
   PUTX: 0 # Dirty evictions (from lower level)
   INV: 53 # Invalidates (from upper level)
   INVX: 2 # Downgrades (from upper level)
   FWD: 0 # Forwards (from upper level)
   latGETnl: 80858550 # GET request latency on next level
   latGETnet: 0 # GET request latency on network to next level
  l1d-22: # Filter cache stats
   fhGETS: 848855 # Filtered GETS hits
   fhGETX: 437931 # Filtered GETX hits
   hGETS: 8190 # GETS hits
   hGETX: 14315 # GETX hits
   mGETS: 249949 # GETS misses
   mGETXIM: 47630 # GETX I->M misses
   mGETXSM: 6 # GETX S->M misses (upgrade misses)
   PUTS: 0 # Clean evictions (from lower level)
   PUTX: 0 # Dirty evictions (from lower level)
   INV: 59 # Invalidates (from upper level)
   INVX: 2 # Downgrades (from upper level)
   FWD: 0 # Forwards (from upper level)
   latGETnl: 80900130 # GET request latency on next level
   latGETnet: 0 # GET request latency on network to next level
  l1d-23: # Filter cache stats
   fhGETS: 0 # Filtered GETS hits
   fhGETX: 0 # Filtered GETX hits
   hGETS: 0 # GETS hits
   hGETX: 0 # GETX hits
   mGETS: 0 # GETS misses
   mGETXIM: 0 # GETX I->M misses
   mGETXSM: 0 # GETX S->M misses (upgrade misses)
   PUTS: 0 # Clean evictions (from lower level)
   PUTX: 0 # Dirty evictions (from lower level)
   INV: 0 # Invalidates (from upper level)
   INVX: 0 # Downgrades (from upper level)
   FWD: 0 # Forwards (from upper level)
   latGETnl: 0 # GET request latency on next level
   latGETnet: 0 # GET request latency on network to next level
 l1i: # Cache stats
  l1i-0: # Filter cache stats
   fhGETS: 7989606 # Filtered GETS hits
   fhGETX: 0 # Filtered GETX hits
   hGETS: 46 # GETS hits
   hGETX: 0 # GETX hits
   mGETS: 706 # GETS misses
   mGETXIM: 0 # GETX I->M misses
   mGETXSM: 0 # GETX S->M misses (upgrade misses)
   PUTS: 0 # Clean evictions (from lower level)
   PUTX: 0 # Dirty evictions (from lower level)
   INV: 679 # Invalidates (from upper level)
   INVX: 0 # Downgrades (from upper level)
   FWD: 0 # Forwards (from upper level)
   latGETnl: 73232 # GET request latency on next level
   latGETnet: 0 # GET request latency on network to next level
  l1i-1: # Filter cache stats
   fhGETS: 7980327 # Filtered GETS hits
   fhGETX: 0 # Filtered GETX hits
   hGETS: 39 # GETS hits
   hGETX: 0 # GETX hits
   mGETS: 607 # GETS misses
   mGETXIM: 0 # GETX I->M misses
   mGETXSM: 0 # GETX S->M misses (upgrade misses)
   PUTS: 0 # Clean evictions (from lower level)
   PUTX: 0 # Dirty evictions (from lower level)
   INV: 584 # Invalidates (from upper level)
   INVX: 0 # Downgrades (from upper level)
   FWD: 0 # Forwards (from upper level)
   latGETnl: 34379 # GET request latency on next level
   latGETnet: 0 # GET request latency on network to next level
  l1i-2: # Filter cache stats
   fhGETS: 7985981 # Filtered GETS hits
   fhGETX: 0 # Filtered GETX hits
   hGETS: 33 # GETS hits
   hGETX: 0 # GETX hits
   mGETS: 643 # GETS misses
   mGETXIM: 0 # GETX I->M misses
   mGETXSM: 0 # GETX S->M misses (upgrade misses)
   PUTS: 0 # Clean evictions (from lower level)
   PUTX: 0 # Dirty evictions (from lower level)
   INV: 620 # Invalidates (from upper level)
   INVX: 0 # Downgrades (from upper level)
   FWD: 0 # Forwards (from upper level)
   latGETnl: 40121 # GET request latency on next level
   latGETnet: 0 # GET request latency on network to next level
  l1i-3: # Filter cache stats
   fhGETS: 7981082 # Filtered GETS hits
   fhGETX: 0 # Filtered GETX hits
   hGETS: 31 # GETS hits
   hGETX: 0 # GETX hits
   mGETS: 616 # GETS misses
   mGETXIM: 0 # GETX I->M misses
   mGETXSM: 0 # GETX S->M misses (upgrade misses)
   PUTS: 0 # Clean evictions (from lower level)
   PUTX: 0 # Dirty evictions (from lower level)
   INV: 593 # Invalidates (from upper level)
   INVX: 0 # Downgrades (from upper level)
   FWD: 0 # Forwards (from upper level)
   latGETnl: 34352 # GET request latency on next level
   latGETnet: 0 # GET request latency on network to next level
  l1i-4: # Filter cache stats
   fhGETS: 7985348 # Filtered GETS hits
   fhGETX: 0 # Filtered GETX hits
   hGETS: 31 # GETS hits
   hGETX: 0 # GETX hits
   mGETS: 616 # GETS misses
   mGETXIM: 0 # GETX I->M misses
   mGETXSM: 0 # GETX S->M misses (upgrade misses)
   PUTS: 0 # Clean evictions (from lower level)
   PUTX: 0 # Dirty evictions (from lower level)
   INV: 593 # Invalidates (from upper level)
   INVX: 0 # Downgrades (from upper level)
   FWD: 0 # Forwards (from upper level)
   latGETnl: 30752 # GET request latency on next level
   latGETnet: 0 # GET request latency on network to next level
  l1i-5: # Filter cache stats
   fhGETS: 7987138 # Filtered GETS hits
   fhGETX: 0 # Filtered GETX hits
   hGETS: 31 # GETS hits
   hGETX: 0 # GETX hits
   mGETS: 617 # GETS misses
   mGETXIM: 0 # GETX I->M misses
   mGETXSM: 0 # GETX S->M misses (upgrade misses)
   PUTS: 0 # Clean evictions (from lower level)
   PUTX: 0 # Dirty evictions (from lower level)
   INV: 594 # Invalidates (from upper level)
   INVX: 0 # Downgrades (from upper level)
   FWD: 0 # Forwards (from upper level)
   latGETnl: 29224 # GET request latency on next level
   latGETnet: 0 # GET request latency on network to next level
  l1i-6: # Filter cache stats
   fhGETS: 7977135 # Filtered GETS hits
   fhGETX: 0 # Filtered GETX hits
   hGETS: 29 # GETS hits
   hGETX: 0 # GETX hits
   mGETS: 597 # GETS misses
   mGETXIM: 0 # GETX I->M misses
   mGETXSM: 0 # GETX S->M misses (upgrade misses)
   PUTS: 0 # Clean evictions (from lower level)
   PUTX: 0 # Dirty evictions (from lower level)
   INV: 574 # Invalidates (from upper level)
   INVX: 0 # Downgrades (from upper level)
   FWD: 0 # Forwards (from upper level)
   latGETnl: 33234 # GET request latency on next level
   latGETnet: 0 # GET request latency on network to next level
  l1i-7: # Filter cache stats
   fhGETS: 7978007 # Filtered GETS hits
   fhGETX: 0 # Filtered GETX hits
   hGETS: 30 # GETS hits
   hGETX: 0 # GETX hits
   mGETS: 618 # GETS misses
   mGETXIM: 0 # GETX I->M misses
   mGETXSM: 0 # GETX S->M misses (upgrade misses)
   PUTS: 0 # Clean evictions (from lower level)
   PUTX: 0 # Dirty evictions (from lower level)
   INV: 595 # Invalidates (from upper level)
   INVX: 0 # Downgrades (from upper level)
   FWD: 0 # Forwards (from upper level)
   latGETnl: 29046 # GET request latency on next level
   latGETnet: 0 # GET request latency on network to next level
  l1i-8: # Filter cache stats
   fhGETS: 7984209 # Filtered GETS hits
   fhGETX: 0 # Filtered GETX hits
   hGETS: 30 # GETS hits
   hGETX: 0 # GETX hits
   mGETS: 600 # GETS misses
   mGETXIM: 0 # GETX I->M misses
   mGETXSM: 0 # GETX S->M misses (upgrade misses)
   PUTS: 0 # Clean evictions (from lower level)
   PUTX: 0 # Dirty evictions (from lower level)
   INV: 577 # Invalidates (from upper level)
   INVX: 0 # Downgrades (from upper level)
   FWD: 0 # Forwards (from upper level)
   latGETnl: 31350 # GET request latency on next level
   latGETnet: 0 # GET request latency on network to next level
  l1i-9: # Filter cache stats
   fhGETS: 7981251 # Filtered GETS hits
   fhGETX: 0 # Filtered GETX hits
   hGETS: 30 # GETS hits
   hGETX: 0 # GETX hits
   mGETS: 603 # GETS misses
   mGETXIM: 0 # GETX I->M misses
   mGETXSM: 0 # GETX S->M misses (upgrade misses)
   PUTS: 0 # Clean evictions (from lower level)
   PUTX: 0 # Dirty evictions (from lower level)
   INV: 580 # Invalidates (from upper level)
   INVX: 0 # Downgrades (from upper level)
   FWD: 0 # Forwards (from upper level)
   latGETnl: 31491 # GET request latency on next level
   latGETnet: 0 # GET request latency on network to next level
  l1i-10: # Filter cache stats
   fhGETS: 7985474 # Filtered GETS hits
   fhGETX: 0 # Filtered GETX hits
   hGETS: 30 # GETS hits
   hGETX: 0 # GETX hits
   mGETS: 597 # GETS misses
   mGETXIM: 0 # GETX I->M misses
   mGETXSM: 0 # GETX S->M misses (upgrade misses)
   PUTS: 0 # Clean evictions (from lower level)
   PUTX: 0 # Dirty evictions (from lower level)
   INV: 574 # Invalidates (from upper level)
   INVX: 0 # Downgrades (from upper level)
   FWD: 0 # Forwards (from upper level)
   latGETnl: 32334 # GET request latency on next level
   latGETnet: 0 # GET request latency on network to next level
  l1i-11: # Filter cache stats
   fhGETS: 7982285 # Filtered GETS hits
   fhGETX: 0 # Filtered GETX hits
   hGETS: 129 # GETS hits
   hGETX: 0 # GETX hits
   mGETS: 607 # GETS misses
   mGETXIM: 0 # GETX I->M misses
   mGETXSM: 0 # GETX S->M misses (upgrade misses)
   PUTS: 0 # Clean evictions (from lower level)
   PUTX: 0 # Dirty evictions (from lower level)
   INV: 584 # Invalidates (from upper level)
   INVX: 0 # Downgrades (from upper level)
   FWD: 0 # Forwards (from upper level)
   latGETnl: 30779 # GET request latency on next level
   latGETnet: 0 # GET request latency on network to next level
  l1i-12: # Filter cache stats
   fhGETS: 7977974 # Filtered GETS hits
   fhGETX: 0 # Filtered GETX hits
   hGETS: 30 # GETS hits
   hGETX: 0 # GETX hits
   mGETS: 603 # GETS misses
   mGETXIM: 0 # GETX I->M misses
   mGETXSM: 0 # GETX S->M misses (upgrade misses)
   PUTS: 0 # Clean evictions (from lower level)
   PUTX: 0 # Dirty evictions (from lower level)
   INV: 580 # Invalidates (from upper level)
   INVX: 0 # Downgrades (from upper level)
   FWD: 0 # Forwards (from upper level)
   latGETnl: 29691 # GET request latency on next level
   latGETnet: 0 # GET request latency on network to next level
  l1i-13: # Filter cache stats
   fhGETS: 7973693 # Filtered GETS hits
   fhGETX: 0 # Filtered GETX hits
   hGETS: 30 # GETS hits
   hGETX: 0 # GETX hits
   mGETS: 598 # GETS misses
   mGETXIM: 0 # GETX I->M misses
   mGETXSM: 0 # GETX S->M misses (upgrade misses)
   PUTS: 0 # Clean evictions (from lower level)
   PUTX: 0 # Dirty evictions (from lower level)
   INV: 575 # Invalidates (from upper level)
   INVX: 0 # Downgrades (from upper level)
   FWD: 0 # Forwards (from upper level)
   latGETnl: 30356 # GET request latency on next level
   latGETnet: 0 # GET request latency on network to next level
  l1i-14: # Filter cache stats
   fhGETS: 7970050 # Filtered GETS hits
   fhGETX: 0 # Filtered GETX hits
   hGETS: 198 # GETS hits
   hGETX: 0 # GETX hits
   mGETS: 673 # GETS misses
   mGETXIM: 0 # GETX I->M misses
   mGETXSM: 0 # GETX S->M misses (upgrade misses)
   PUTS: 0 # Clean evictions (from lower level)
   PUTX: 0 # Dirty evictions (from lower level)
   INV: 650 # Invalidates (from upper level)
   INVX: 0 # Downgrades (from upper level)
   FWD: 0 # Forwards (from upper level)
   latGETnl: 44006 # GET request latency on next level
   latGETnet: 0 # GET request latency on network to next level
  l1i-15: # Filter cache stats
   fhGETS: 7984360 # Filtered GETS hits
   fhGETX: 0 # Filtered GETX hits
   hGETS: 30 # GETS hits
   hGETX: 0 # GETX hits
   mGETS: 603 # GETS misses
   mGETXIM: 0 # GETX I->M misses
   mGETXSM: 0 # GETX S->M misses (upgrade misses)
   PUTS: 0 # Clean evictions (from lower level)
   PUTX: 0 # Dirty evictions (from lower level)
   INV: 580 # Invalidates (from upper level)
   INVX: 0 # Downgrades (from upper level)
   FWD: 0 # Forwards (from upper level)
   latGETnl: 29016 # GET request latency on next level
   latGETnet: 0 # GET request latency on network to next level
  l1i-16: # Filter cache stats
   fhGETS: 7982938 # Filtered GETS hits
   fhGETX: 0 # Filtered GETX hits
   hGETS: 30 # GETS hits
   hGETX: 0 # GETX hits
   mGETS: 599 # GETS misses
   mGETXIM: 0 # GETX I->M misses
   mGETXSM: 0 # GETX S->M misses (upgrade misses)
   PUTS: 0 # Clean evictions (from lower level)
   PUTX: 0 # Dirty evictions (from lower level)
   INV: 576 # Invalidates (from upper level)
   INVX: 0 # Downgrades (from upper level)
   FWD: 0 # Forwards (from upper level)
   latGETnl: 29728 # GET request latency on next level
   latGETnet: 0 # GET request latency on network to next level
  l1i-17: # Filter cache stats
   fhGETS: 7969030 # Filtered GETS hits
   fhGETX: 0 # Filtered GETX hits
   hGETS: 30 # GETS hits
   hGETX: 0 # GETX hits
   mGETS: 593 # GETS misses
   mGETXIM: 0 # GETX I->M misses
   mGETXSM: 0 # GETX S->M misses (upgrade misses)
   PUTS: 0 # Clean evictions (from lower level)
   PUTX: 0 # Dirty evictions (from lower level)
   INV: 570 # Invalidates (from upper level)
   INVX: 0 # Downgrades (from upper level)
   FWD: 0 # Forwards (from upper level)
   latGETnl: 28546 # GET request latency on next level
   latGETnet: 0 # GET request latency on network to next level
  l1i-18: # Filter cache stats
   fhGETS: 7979677 # Filtered GETS hits
   fhGETX: 0 # Filtered GETX hits
   hGETS: 30 # GETS hits
   hGETX: 0 # GETX hits
   mGETS: 599 # GETS misses
   mGETXIM: 0 # GETX I->M misses
   mGETXSM: 0 # GETX S->M misses (upgrade misses)
   PUTS: 0 # Clean evictions (from lower level)
   PUTX: 0 # Dirty evictions (from lower level)
   INV: 576 # Invalidates (from upper level)
   INVX: 0 # Downgrades (from upper level)
   FWD: 0 # Forwards (from upper level)
   latGETnl: 28153 # GET request latency on next level
   latGETnet: 0 # GET request latency on network to next level
  l1i-19: # Filter cache stats
   fhGETS: 7979017 # Filtered GETS hits
   fhGETX: 0 # Filtered GETX hits
   hGETS: 30 # GETS hits
   hGETX: 0 # GETX hits
   mGETS: 597 # GETS misses
   mGETXIM: 0 # GETX I->M misses
   mGETXSM: 0 # GETX S->M misses (upgrade misses)
   PUTS: 0 # Clean evictions (from lower level)
   PUTX: 0 # Dirty evictions (from lower level)
   INV: 574 # Invalidates (from upper level)
   INVX: 0 # Downgrades (from upper level)
   FWD: 0 # Forwards (from upper level)
   latGETnl: 28284 # GET request latency on next level
   latGETnet: 0 # GET request latency on network to next level
  l1i-20: # Filter cache stats
   fhGETS: 7985556 # Filtered GETS hits
   fhGETX: 0 # Filtered GETX hits
   hGETS: 30 # GETS hits
   hGETX: 0 # GETX hits
   mGETS: 603 # GETS misses
   mGETXIM: 0 # GETX I->M misses
   mGETXSM: 0 # GETX S->M misses (upgrade misses)
   PUTS: 0 # Clean evictions (from lower level)
   PUTX: 0 # Dirty evictions (from lower level)
   INV: 580 # Invalidates (from upper level)
   INVX: 0 # Downgrades (from upper level)
   FWD: 0 # Forwards (from upper level)
   latGETnl: 28341 # GET request latency on next level
   latGETnet: 0 # GET request latency on network to next level
  l1i-21: # Filter cache stats
   fhGETS: 7976963 # Filtered GETS hits
   fhGETX: 0 # Filtered GETX hits
   hGETS: 30 # GETS hits
   hGETX: 0 # GETX hits
   mGETS: 597 # GETS misses
   mGETXIM: 0 # GETX I->M misses
   mGETXSM: 0 # GETX S->M misses (upgrade misses)
   PUTS: 0 # Clean evictions (from lower level)
   PUTX: 0 # Dirty evictions (from lower level)
   INV: 574 # Invalidates (from upper level)
   INVX: 0 # Downgrades (from upper level)
   FWD: 0 # Forwards (from upper level)
   latGETnl: 28284 # GET request latency on next level
   latGETnet: 0 # GET request latency on network to next level
  l1i-22: # Filter cache stats
   fhGETS: 7981221 # Filtered GETS hits
   fhGETX: 0 # Filtered GETX hits
   hGETS: 30 # GETS hits
   hGETX: 0 # GETX hits
   mGETS: 603 # GETS misses
   mGETXIM: 0 # GETX I->M misses
   mGETXSM: 0 # GETX S->M misses (upgrade misses)
   PUTS: 0 # Clean evictions (from lower level)
   PUTX: 0 # Dirty evictions (from lower level)
   INV: 580 # Invalidates (from upper level)
   INVX: 0 # Downgrades (from upper level)
   FWD: 0 # Forwards (from upper level)
   latGETnl: 28341 # GET request latency on next level
   latGETnet: 0 # GET request latency on network to next level
  l1i-23: # Filter cache stats
   fhGETS: 0 # Filtered GETS hits
   fhGETX: 0 # Filtered GETX hits
   hGETS: 0 # GETS hits
   hGETX: 0 # GETX hits
   mGETS: 0 # GETS misses
   mGETXIM: 0 # GETX I->M misses
   mGETXSM: 0 # GETX S->M misses (upgrade misses)
   PUTS: 0 # Clean evictions (from lower level)
   PUTX: 0 # Dirty evictions (from lower level)
   INV: 0 # Invalidates (from upper level)
   INVX: 0 # Downgrades (from upper level)
   FWD: 0 # Forwards (from upper level)
   latGETnl: 0 # GET request latency on next level
   latGETnet: 0 # GET request latency on network to next level
 l2: # Cache stats
  l2-0: # Cache stats
   hGETS: 0 # GETS hits
   hGETX: 0 # GETX hits
   mGETS: 250974 # GETS misses
   mGETXIM: 47718 # GETX I->M misses
   mGETXSM: 6 # GETX S->M misses (upgrade misses)
   PUTS: 249784 # Clean evictions (from lower level)
   PUTX: 47600 # Dirty evictions (from lower level)
   INV: 20793 # Invalidates (from upper level)
   INVX: 89 # Downgrades (from upper level)
   FWD: 0 # Forwards (from upper level)
   latGETnl: 78106337 # GET request latency on next level
   latGETnet: 0 # GET request latency on network to next level
  l2-1: # Cache stats
   hGETS: 0 # GETS hits
   hGETX: 0 # GETX hits
   mGETS: 250543 # GETS misses
   mGETXIM: 47631 # GETX I->M misses
   mGETXSM: 7 # GETX S->M misses (upgrade misses)
   PUTS: 249454 # Clean evictions (from lower level)
   PUTX: 47524 # Dirty evictions (from lower level)
   INV: 17429 # Invalidates (from upper level)
   INVX: 24 # Downgrades (from upper level)
   FWD: 0 # Forwards (from upper level)
   latGETnl: 77949003 # GET request latency on next level
   latGETnet: 0 # GET request latency on network to next level
  l2-2: # Cache stats
   hGETS: 0 # GETS hits
   hGETX: 0 # GETX hits
   mGETS: 250753 # GETS misses
   mGETXIM: 47658 # GETX I->M misses
   mGETXSM: 5 # GETX S->M misses (upgrade misses)
   PUTS: 249636 # Clean evictions (from lower level)
   PUTX: 47565 # Dirty evictions (from lower level)
   INV: 17822 # Invalidates (from upper level)
   INVX: 7 # Downgrades (from upper level)
   FWD: 0 # Forwards (from upper level)
   latGETnl: 78009702 # GET request latency on next level
   latGETnet: 0 # GET request latency on network to next level
  l2-3: # Cache stats
   hGETS: 0 # GETS hits
   hGETX: 0 # GETX hits
   mGETS: 250573 # GETS misses
   mGETXIM: 47635 # GETX I->M misses
   mGETXSM: 8 # GETX S->M misses (upgrade misses)
   PUTS: 249478 # Clean evictions (from lower level)
   PUTX: 47529 # Dirty evictions (from lower level)
   INV: 17353 # Invalidates (from upper level)
   INVX: 23 # Downgrades (from upper level)
   FWD: 0 # Forwards (from upper level)
   latGETnl: 77956246 # GET request latency on next level
   latGETnet: 0 # GET request latency on network to next level
  l2-4: # Cache stats
   hGETS: 0 # GETS hits
   hGETX: 0 # GETX hits
   mGETS: 250705 # GETS misses
   mGETXIM: 47663 # GETX I->M misses
   mGETXSM: 10 # GETX S->M misses (upgrade misses)
   PUTS: 249612 # Clean evictions (from lower level)
   PUTX: 47553 # Dirty evictions (from lower level)
   INV: 17399 # Invalidates (from upper level)
   INVX: 21 # Downgrades (from upper level)
   FWD: 0 # Forwards (from upper level)
   latGETnl: 77992967 # GET request latency on next level
   latGETnet: 0 # GET request latency on network to next level
  l2-5: # Cache stats
   hGETS: 0 # GETS hits
   hGETX: 0 # GETX hits
   mGETS: 250765 # GETS misses
   mGETXIM: 47673 # GETX I->M misses
   mGETXSM: 9 # GETX S->M misses (upgrade misses)
   PUTS: 249667 # Clean evictions (from lower level)
   PUTX: 47565 # Dirty evictions (from lower level)
   INV: 17838 # Invalidates (from upper level)
   INVX: 18 # Downgrades (from upper level)
   FWD: 0 # Forwards (from upper level)
   latGETnl: 78008514 # GET request latency on next level
   latGETnet: 0 # GET request latency on network to next level
  l2-6: # Cache stats
   hGETS: 0 # GETS hits
   hGETX: 0 # GETX hits
   mGETS: 250415 # GETS misses
   mGETXIM: 47607 # GETX I->M misses
   mGETXSM: 5 # GETX S->M misses (upgrade misses)
   PUTS: 249349 # Clean evictions (from lower level)
   PUTX: 47505 # Dirty evictions (from lower level)
   INV: 17451 # Invalidates (from upper level)
   INVX: 29 # Downgrades (from upper level)
   FWD: 0 # Forwards (from upper level)
   latGETnl: 77917388 # GET request latency on next level
   latGETnet: 0 # GET request latency on network to next level
  l2-7: # Cache stats
   hGETS: 0 # GETS hits
   hGETX: 0 # GETX hits
   mGETS: 250480 # GETS misses
   mGETXIM: 47614 # GETX I->M misses
   mGETXSM: 8 # GETX S->M misses (upgrade misses)
   PUTS: 249382 # Clean evictions (from lower level)
   PUTX: 47510 # Dirty evictions (from lower level)
   INV: 21829 # Invalidates (from upper level)
   INVX: 17 # Downgrades (from upper level)
   FWD: 0 # Forwards (from upper level)
   latGETnl: 77919390 # GET request latency on next level
   latGETnet: 0 # GET request latency on network to next level
  l2-8: # Cache stats
   hGETS: 0 # GETS hits
   hGETX: 0 # GETX hits
   mGETS: 250640 # GETS misses
   mGETXIM: 47652 # GETX I->M misses
   mGETXSM: 7 # GETX S->M misses (upgrade misses)
   PUTS: 249571 # Clean evictions (from lower level)
   PUTX: 47549 # Dirty evictions (from lower level)
   INV: 19288 # Invalidates (from upper level)
   INVX: 4 # Downgrades (from upper level)
   FWD: 0 # Forwards (from upper level)
   latGETnl: 77979301 # GET request latency on next level
   latGETnet: 0 # GET request latency on network to next level
  l2-9: # Cache stats
   hGETS: 0 # GETS hits
   hGETX: 0 # GETX hits
   mGETS: 250554 # GETS misses
   mGETXIM: 47628 # GETX I->M misses
   mGETXSM: 6 # GETX S->M misses (upgrade misses)
   PUTS: 249479 # Clean evictions (from lower level)
   PUTX: 47529 # Dirty evictions (from lower level)
   INV: 17328 # Invalidates (from upper level)
   INVX: 14 # Downgrades (from upper level)
   FWD: 0 # Forwards (from upper level)
   latGETnl: 77953439 # GET request latency on next level
   latGETnet: 0 # GET request latency on network to next level
  l2-10: # Cache stats
   hGETS: 0 # GETS hits
   hGETX: 0 # GETX hits
   mGETS: 250678 # GETS misses
   mGETXIM: 47653 # GETX I->M misses
   mGETXSM: 7 # GETX S->M misses (upgrade misses)
   PUTS: 249607 # Clean evictions (from lower level)
   PUTX: 47558 # Dirty evictions (from lower level)
   INV: 17322 # Invalidates (from upper level)
   INVX: 8 # Downgrades (from upper level)
   FWD: 0 # Forwards (from upper level)
   latGETnl: 77993372 # GET request latency on next level
   latGETnet: 0 # GET request latency on network to next level
  l2-11: # Cache stats
   hGETS: 0 # GETS hits
   hGETX: 0 # GETX hits
   mGETS: 250603 # GETS misses
   mGETXIM: 47656 # GETX I->M misses
   mGETXSM: 10 # GETX S->M misses (upgrade misses)
   PUTS: 249516 # Clean evictions (from lower level)
   PUTX: 47560 # Dirty evictions (from lower level)
   INV: 28994 # Invalidates (from upper level)
   INVX: 18 # Downgrades (from upper level)
   FWD: 0 # Forwards (from upper level)
   latGETnl: 77969007 # GET request latency on next level
   latGETnet: 0 # GET request latency on network to next level
  l2-12: # Cache stats
   hGETS: 0 # GETS hits
   hGETX: 0 # GETX hits
   mGETS: 250452 # GETS misses
   mGETXIM: 47608 # GETX I->M misses
   mGETXSM: 6 # GETX S->M misses (upgrade misses)
   PUTS: 249378 # Clean evictions (from lower level)
   PUTX: 47510 # Dirty evictions (from lower level)
   INV: 17319 # Invalidates (from upper level)
   INVX: 17 # Downgrades (from upper level)
   FWD: 0 # Forwards (from upper level)
   latGETnl: 77920617 # GET request latency on next level
   latGETnet: 0 # GET request latency on network to next level
  l2-13: # Cache stats
   hGETS: 0 # GETS hits
   hGETX: 0 # GETX hits
   mGETS: 250308 # GETS misses
   mGETXIM: 47586 # GETX I->M misses
   mGETXSM: 5 # GETX S->M misses (upgrade misses)
   PUTS: 249241 # Clean evictions (from lower level)
   PUTX: 47485 # Dirty evictions (from lower level)
   INV: 19824 # Invalidates (from upper level)
   INVX: 7 # Downgrades (from upper level)
   FWD: 0 # Forwards (from upper level)
   latGETnl: 77876005 # GET request latency on next level
   latGETnet: 0 # GET request latency on network to next level
  l2-14: # Cache stats
   hGETS: 0 # GETS hits
   hGETX: 0 # GETX hits
   mGETS: 250295 # GETS misses
   mGETXIM: 47565 # GETX I->M misses
   mGETXSM: 14 # GETX S->M misses (upgrade misses)
   PUTS: 249138 # Clean evictions (from lower level)
   PUTX: 47480 # Dirty evictions (from lower level)
   INV: 22733 # Invalidates (from upper level)
   INVX: 5 # Downgrades (from upper level)
   FWD: 0 # Forwards (from upper level)
   latGETnl: 77853079 # GET request latency on next level
   latGETnet: 0 # GET request latency on network to next level
  l2-15: # Cache stats
   hGETS: 0 # GETS hits
   hGETX: 0 # GETX hits
   mGETS: 250647 # GETS misses
   mGETXIM: 47651 # GETX I->M misses
   mGETXSM: 5 # GETX S->M misses (upgrade misses)
   PUTS: 249576 # Clean evictions (from lower level)
   PUTX: 47549 # Dirty evictions (from lower level)
   INV: 17438 # Invalidates (from upper level)
   INVX: 4 # Downgrades (from upper level)
   FWD: 0 # Forwards (from upper level)
   latGETnl: 77979182 # GET request latency on next level
   latGETnet: 0 # GET request latency on network to next level
  l2-16: # Cache stats
   hGETS: 0 # GETS hits
   hGETX: 0 # GETX hits
   mGETS: 250599 # GETS misses
   mGETXIM: 47642 # GETX I->M misses
   mGETXSM: 6 # GETX S->M misses (upgrade misses)
   PUTS: 249527 # Clean evictions (from lower level)
   PUTX: 47542 # Dirty evictions (from lower level)
   INV: 17369 # Invalidates (from upper level)
   INVX: 2 # Downgrades (from upper level)
   FWD: 0 # Forwards (from upper level)
   latGETnl: 77963849 # GET request latency on next level
   latGETnet: 0 # GET request latency on network to next level
  l2-17: # Cache stats
   hGETS: 0 # GETS hits
   hGETX: 0 # GETX hits
   mGETS: 250157 # GETS misses
   mGETXIM: 47558 # GETX I->M misses
   mGETXSM: 4 # GETX S->M misses (upgrade misses)
   PUTS: 249097 # Clean evictions (from lower level)
   PUTX: 47456 # Dirty evictions (from lower level)
   INV: 19814 # Invalidates (from upper level)
   INVX: 10 # Downgrades (from upper level)
   FWD: 0 # Forwards (from upper level)
   latGETnl: 77829619 # GET request latency on next level
   latGETnet: 0 # GET request latency on network to next level
  l2-18: # Cache stats
   hGETS: 0 # GETS hits
   hGETX: 0 # GETX hits
   mGETS: 250496 # GETS misses
   mGETXIM: 47619 # GETX I->M misses
   mGETXSM: 5 # GETX S->M misses (upgrade misses)
   PUTS: 249429 # Clean evictions (from lower level)
   PUTX: 47520 # Dirty evictions (from lower level)
   INV: 17404 # Invalidates (from upper level)
   INVX: 2 # Downgrades (from upper level)
   FWD: 0 # Forwards (from upper level)
   latGETnl: 77931897 # GET request latency on next level
   latGETnet: 0 # GET request latency on network to next level
  l2-19: # Cache stats
   hGETS: 0 # GETS hits
   hGETX: 0 # GETX hits
   mGETS: 250476 # GETS misses
   mGETXIM: 47613 # GETX I->M misses
   mGETXSM: 4 # GETX S->M misses (upgrade misses)
   PUTS: 249408 # Clean evictions (from lower level)
   PUTX: 47518 # Dirty evictions (from lower level)
   INV: 21659 # Invalidates (from upper level)
   INVX: 1 # Downgrades (from upper level)
   FWD: 0 # Forwards (from upper level)
   latGETnl: 77925695 # GET request latency on next level
   latGETnet: 0 # GET request latency on network to next level
  l2-20: # Cache stats
   hGETS: 0 # GETS hits
   hGETX: 0 # GETX hits
   mGETS: 250683 # GETS misses
   mGETXIM: 47659 # GETX I->M misses
   mGETXSM: 5 # GETX S->M misses (upgrade misses)
   PUTS: 249614 # Clean evictions (from lower level)
   PUTX: 47555 # Dirty evictions (from lower level)
   INV: 17359 # Invalidates (from upper level)
   INVX: 2 # Downgrades (from upper level)
   FWD: 0 # Forwards (from upper level)
   latGETnl: 77989346 # GET request latency on next level
   latGETnet: 0 # GET request latency on network to next level
  l2-21: # Cache stats
   hGETS: 0 # GETS hits
   hGETX: 0 # GETX hits
   mGETS: 250417 # GETS misses
   mGETXIM: 47594 # GETX I->M misses
   mGETXSM: 5 # GETX S->M misses (upgrade misses)
   PUTS: 249345 # Clean evictions (from lower level)
   PUTX: 47504 # Dirty evictions (from lower level)
   INV: 28051 # Invalidates (from upper level)
   INVX: 2 # Downgrades (from upper level)
   FWD: 0 # Forwards (from upper level)
   latGETnl: 77906674 # GET request latency on next level
   latGETnet: 0 # GET request latency on network to next level
  l2-22: # Cache stats
   hGETS: 0 # GETS hits
   hGETX: 0 # GETX hits
   mGETS: 250552 # GETS misses
   mGETXIM: 47630 # GETX I->M misses
   mGETXSM: 6 # GETX S->M misses (upgrade misses)
   PUTS: 249478 # Clean evictions (from lower level)
   PUTX: 47530 # Dirty evictions (from lower level)
   INV: 19322 # Invalidates (from upper level)
   INVX: 2 # Downgrades (from upper level)
   FWD: 0 # Forwards (from upper level)
   latGETnl: 77946591 # GET request latency on next level
   latGETnet: 0 # GET request latency on network to next level
  l2-23: # Cache stats
   hGETS: 0 # GETS hits
   hGETX: 0 # GETX hits
   mGETS: 0 # GETS misses
   mGETXIM: 0 # GETX I->M misses
   mGETXSM: 0 # GETX S->M misses (upgrade misses)
   PUTS: 0 # Clean evictions (from lower level)
   PUTX: 0 # Dirty evictions (from lower level)
   INV: 0 # Invalidates (from upper level)
   INVX: 0 # Downgrades (from upper level)
   FWD: 0 # Forwards (from upper level)
   latGETnl: 0 # GET request latency on next level
   latGETnet: 0 # GET request latency on network to next level
 l3: # Cache stats
  l3-0b0: # Cache stats
   hGETS: 828 # GETS hits
   hGETX: 50 # GETX hits
   mGETS: 239434 # GETS misses
   mGETXIM: 45617 # GETX I->M misses
   mGETXSM: 0 # GETX S->M misses (upgrade misses)
   PUTS: 211129 # Clean evictions (from lower level)
   PUTX: 40573 # Dirty evictions (from lower level)
   INV: 0 # Invalidates (from upper level)
   INVX: 0 # Downgrades (from upper level)
   FWD: 0 # Forwards (from upper level)
   latGETnl: 64136475 # GET request latency on next level
   latGETnet: 0 # GET request latency on network to next level
  l3-0b1: # Cache stats
   hGETS: 802 # GETS hits
   hGETX: 14 # GETX hits
   mGETS: 239437 # GETS misses
   mGETXIM: 45578 # GETX I->M misses
   mGETXSM: 0 # GETX S->M misses (upgrade misses)
   PUTS: 211076 # Clean evictions (from lower level)
   PUTX: 40516 # Dirty evictions (from lower level)
   INV: 0 # Invalidates (from upper level)
   INVX: 0 # Downgrades (from upper level)
   FWD: 0 # Forwards (from upper level)
   latGETnl: 64128375 # GET request latency on next level
   latGETnet: 0 # GET request latency on network to next level
  l3-0b2: # Cache stats
   hGETS: 607 # GETS hits
   hGETX: 16 # GETX hits
   mGETS: 239423 # GETS misses
   mGETXIM: 45528 # GETX I->M misses
   mGETXSM: 0 # GETX S->M misses (upgrade misses)
   PUTS: 210864 # Clean evictions (from lower level)
   PUTX: 40442 # Dirty evictions (from lower level)
   INV: 0 # Invalidates (from upper level)
   INVX: 0 # Downgrades (from upper level)
   FWD: 0 # Forwards (from upper level)
   latGETnl: 64113975 # GET request latency on next level
   latGETnet: 0 # GET request latency on network to next level
  l3-0b3: # Cache stats
   hGETS: 790 # GETS hits
   hGETX: 27 # GETX hits
   mGETS: 239443 # GETS misses
   mGETXIM: 45599 # GETX I->M misses
   mGETXSM: 0 # GETX S->M misses (upgrade misses)
   PUTS: 211280 # Clean evictions (from lower level)
   PUTX: 40539 # Dirty evictions (from lower level)
   INV: 0 # Invalidates (from upper level)
   INVX: 0 # Downgrades (from upper level)
   FWD: 0 # Forwards (from upper level)
   latGETnl: 64134450 # GET request latency on next level
   latGETnet: 0 # GET request latency on network to next level
  l3-0b4: # Cache stats
   hGETS: 711 # GETS hits
   hGETX: 37 # GETX hits
   mGETS: 239431 # GETS misses
   mGETXIM: 45662 # GETX I->M misses
   mGETXSM: 0 # GETX S->M misses (upgrade misses)
   PUTS: 211023 # Clean evictions (from lower level)
   PUTX: 40593 # Dirty evictions (from lower level)
   INV: 0 # Invalidates (from upper level)
   INVX: 0 # Downgrades (from upper level)
   FWD: 0 # Forwards (from upper level)
   latGETnl: 64145925 # GET request latency on next level
   latGETnet: 0 # GET request latency on network to next level
  l3-0b5: # Cache stats
   hGETS: 783 # GETS hits
   hGETX: 31 # GETX hits
   mGETS: 239436 # GETS misses
   mGETXIM: 45608 # GETX I->M misses
   mGETXSM: 0 # GETX S->M misses (upgrade misses)
   PUTS: 211071 # Clean evictions (from lower level)
   PUTX: 40486 # Dirty evictions (from lower level)
   INV: 0 # Invalidates (from upper level)
   INVX: 0 # Downgrades (from upper level)
   FWD: 0 # Forwards (from upper level)
   latGETnl: 64134900 # GET request latency on next level
   latGETnet: 0 # GET request latency on network to next level
  l3-0b6: # Cache stats
   hGETS: 567 # GETS hits
   hGETX: 51 # GETX hits
   mGETS: 239437 # GETS misses
   mGETXIM: 45562 # GETX I->M misses
   mGETXSM: 0 # GETX S->M misses (upgrade misses)
   PUTS: 210869 # Clean evictions (from lower level)
   PUTX: 40475 # Dirty evictions (from lower level)
   INV: 0 # Invalidates (from upper level)
   INVX: 0 # Downgrades (from upper level)
   FWD: 0 # Forwards (from upper level)
   latGETnl: 64124775 # GET request latency on next level
   latGETnet: 0 # GET request latency on network to next level
  l3-0b7: # Cache stats
   hGETS: 1016 # GETS hits
   hGETX: 78 # GETX hits
   mGETS: 239445 # GETS misses
   mGETXIM: 45674 # GETX I->M misses
   mGETXSM: 0 # GETX S->M misses (upgrade misses)
   PUTS: 211382 # Clean evictions (from lower level)
   PUTX: 40652 # Dirty evictions (from lower level)
   INV: 0 # Invalidates (from upper level)
   INVX: 0 # Downgrades (from upper level)
   FWD: 0 # Forwards (from upper level)
   latGETnl: 64151775 # GET request latency on next level
   latGETnet: 0 # GET request latency on network to next level
  l3-0b8: # Cache stats
   hGETS: 627 # GETS hits
   hGETX: 36 # GETX hits
   mGETS: 239420 # GETS misses
   mGETXIM: 45675 # GETX I->M misses
   mGETXSM: 0 # GETX S->M misses (upgrade misses)
   PUTS: 210904 # Clean evictions (from lower level)
   PUTX: 40632 # Dirty evictions (from lower level)
   INV: 0 # Invalidates (from upper level)
   INVX: 0 # Downgrades (from upper level)
   FWD: 0 # Forwards (from upper level)
   latGETnl: 64146375 # GET request latency on next level
   latGETnet: 0 # GET request latency on network to next level
  l3-0b9: # Cache stats
   hGETS: 714 # GETS hits
   hGETX: 32 # GETX hits
   mGETS: 239426 # GETS misses
   mGETXIM: 45554 # GETX I->M misses
   mGETXSM: 0 # GETX S->M misses (upgrade misses)
   PUTS: 211139 # Clean evictions (from lower level)
   PUTX: 40473 # Dirty evictions (from lower level)
   INV: 0 # Invalidates (from upper level)
   INVX: 0 # Downgrades (from upper level)
   FWD: 0 # Forwards (from upper level)
   latGETnl: 64120500 # GET request latency on next level
   latGETnet: 0 # GET request latency on network to next level
  l3-0b10: # Cache stats
   hGETS: 1119 # GETS hits
   hGETX: 42 # GETX hits
   mGETS: 239435 # GETS misses
   mGETXIM: 45668 # GETX I->M misses
   mGETXSM: 0 # GETX S->M misses (upgrade misses)
   PUTS: 211378 # Clean evictions (from lower level)
   PUTX: 40649 # Dirty evictions (from lower level)
   INV: 0 # Invalidates (from upper level)
   INVX: 0 # Downgrades (from upper level)
   FWD: 0 # Forwards (from upper level)
   latGETnl: 64148175 # GET request latency on next level
   latGETnet: 0 # GET request latency on network to next level
  l3-0b11: # Cache stats
   hGETS: 705 # GETS hits
   hGETX: 57 # GETX hits
   mGETS: 239436 # GETS misses
   mGETXIM: 45681 # GETX I->M misses
   mGETXSM: 0 # GETX S->M misses (upgrade misses)
   PUTS: 211076 # Clean evictions (from lower level)
   PUTX: 40675 # Dirty evictions (from lower level)
   INV: 0 # Invalidates (from upper level)
   INVX: 0 # Downgrades (from upper level)
   FWD: 0 # Forwards (from upper level)
   latGETnl: 64151325 # GET request latency on next level
   latGETnet: 0 # GET request latency on network to next level
  l3-0b12: # Cache stats
   hGETS: 1178 # GETS hits
   hGETX: 39 # GETX hits
   mGETS: 239438 # GETS misses
   mGETXIM: 45647 # GETX I->M misses
   mGETXSM: 0 # GETX S->M misses (upgrade misses)
   PUTS: 211401 # Clean evictions (from lower level)
   PUTX: 40596 # Dirty evictions (from lower level)
   INV: 0 # Invalidates (from upper level)
   INVX: 0 # Downgrades (from upper level)
   FWD: 0 # Forwards (from upper level)
   latGETnl: 64144125 # GET request latency on next level
   latGETnet: 0 # GET request latency on network to next level
  l3-0b13: # Cache stats
   hGETS: 1128 # GETS hits
   hGETX: 27 # GETX hits
   mGETS: 239438 # GETS misses
   mGETXIM: 45536 # GETX I->M misses
   mGETXSM: 0 # GETX S->M misses (upgrade misses)
   PUTS: 211438 # Clean evictions (from lower level)
   PUTX: 40470 # Dirty evictions (from lower level)
   INV: 0 # Invalidates (from upper level)
   INVX: 0 # Downgrades (from upper level)
   FWD: 0 # Forwards (from upper level)
   latGETnl: 64119150 # GET request latency on next level
   latGETnet: 0 # GET request latency on network to next level
  l3-0b14: # Cache stats
   hGETS: 1210 # GETS hits
   hGETX: 13 # GETX hits
   mGETS: 239432 # GETS misses
   mGETXIM: 45661 # GETX I->M misses
   mGETXSM: 0 # GETX S->M misses (upgrade misses)
   PUTS: 211485 # Clean evictions (from lower level)
   PUTX: 40577 # Dirty evictions (from lower level)
   INV: 0 # Invalidates (from upper level)
   INVX: 0 # Downgrades (from upper level)
   FWD: 0 # Forwards (from upper level)
   latGETnl: 64145925 # GET request latency on next level
   latGETnet: 0 # GET request latency on network to next level
  l3-0b15: # Cache stats
   hGETS: 1149 # GETS hits
   hGETX: 23 # GETX hits
   mGETS: 239426 # GETS misses
   mGETXIM: 45644 # GETX I->M misses
   mGETXSM: 0 # GETX S->M misses (upgrade misses)
   PUTS: 211348 # Clean evictions (from lower level)
   PUTX: 40520 # Dirty evictions (from lower level)
   INV: 0 # Invalidates (from upper level)
   INVX: 0 # Downgrades (from upper level)
   FWD: 0 # Forwards (from upper level)
   latGETnl: 64140750 # GET request latency on next level
   latGETnet: 0 # GET request latency on network to next level
  l3-0b16: # Cache stats
   hGETS: 774 # GETS hits
   hGETX: 56 # GETX hits
   mGETS: 239348 # GETS misses
   mGETXIM: 45567 # GETX I->M misses
   mGETXSM: 0 # GETX S->M misses (upgrade misses)
   PUTS: 211096 # Clean evictions (from lower level)
   PUTX: 40456 # Dirty evictions (from lower level)
   INV: 0 # Invalidates (from upper level)
   INVX: 0 # Downgrades (from upper level)
   FWD: 0 # Forwards (from upper level)
   latGETnl: 64105875 # GET request latency on next level
   latGETnet: 0 # GET request latency on network to next level
  l3-0b17: # Cache stats
   hGETS: 727 # GETS hits
   hGETX: 45 # GETX hits
   mGETS: 239346 # GETS misses
   mGETXIM: 45726 # GETX I->M misses
   mGETXSM: 0 # GETX S->M misses (upgrade misses)
   PUTS: 210934 # Clean evictions (from lower level)
   PUTX: 40702 # Dirty evictions (from lower level)
   INV: 0 # Invalidates (from upper level)
   INVX: 0 # Downgrades (from upper level)
   FWD: 0 # Forwards (from upper level)
   latGETnl: 64141200 # GET request latency on next level
   latGETnet: 0 # GET request latency on network to next level
  l3-0b18: # Cache stats
   hGETS: 296 # GETS hits
   hGETX: 12 # GETX hits
   mGETS: 239343 # GETS misses
   mGETXIM: 45652 # GETX I->M misses
   mGETXSM: 0 # GETX S->M misses (upgrade misses)
   PUTS: 210617 # Clean evictions (from lower level)
   PUTX: 40591 # Dirty evictions (from lower level)
   INV: 0 # Invalidates (from upper level)
   INVX: 0 # Downgrades (from upper level)
   FWD: 0 # Forwards (from upper level)
   latGETnl: 64123875 # GET request latency on next level
   latGETnet: 0 # GET request latency on network to next level
  l3-0b19: # Cache stats
   hGETS: 227 # GETS hits
   hGETX: 49 # GETX hits
   mGETS: 239336 # GETS misses
   mGETXIM: 45570 # GETX I->M misses
   mGETXSM: 0 # GETX S->M misses (upgrade misses)
   PUTS: 210348 # Clean evictions (from lower level)
   PUTX: 40457 # Dirty evictions (from lower level)
   INV: 0 # Invalidates (from upper level)
   INVX: 0 # Downgrades (from upper level)
   FWD: 0 # Forwards (from upper level)
   latGETnl: 64103850 # GET request latency on next level
   latGETnet: 0 # GET request latency on network to next level
  l3-0b20: # Cache stats
   hGETS: 202 # GETS hits
   hGETX: 33 # GETX hits
   mGETS: 239333 # GETS misses
   mGETXIM: 45543 # GETX I->M misses
   mGETXSM: 0 # GETX S->M misses (upgrade misses)
   PUTS: 210529 # Clean evictions (from lower level)
   PUTX: 40448 # Dirty evictions (from lower level)
   INV: 0 # Invalidates (from upper level)
   INVX: 0 # Downgrades (from upper level)
   FWD: 0 # Forwards (from upper level)
   latGETnl: 64097100 # GET request latency on next level
   latGETnet: 0 # GET request latency on network to next level
  l3-0b21: # Cache stats
   hGETS: 240 # GETS hits
   hGETX: 32 # GETX hits
   mGETS: 239331 # GETS misses
   mGETXIM: 45720 # GETX I->M misses
   mGETXSM: 0 # GETX S->M misses (upgrade misses)
   PUTS: 210482 # Clean evictions (from lower level)
   PUTX: 40638 # Dirty evictions (from lower level)
   INV: 0 # Invalidates (from upper level)
   INVX: 0 # Downgrades (from upper level)
   FWD: 0 # Forwards (from upper level)
   latGETnl: 64136475 # GET request latency on next level
   latGETnet: 0 # GET request latency on network to next level
  l3-0b22: # Cache stats
   hGETS: 414 # GETS hits
   hGETX: 12 # GETX hits
   mGETS: 239336 # GETS misses
   mGETXIM: 45628 # GETX I->M misses
   mGETXSM: 0 # GETX S->M misses (upgrade misses)
   PUTS: 210733 # Clean evictions (from lower level)
   PUTX: 40564 # Dirty evictions (from lower level)
   INV: 0 # Invalidates (from upper level)
   INVX: 0 # Downgrades (from upper level)
   FWD: 0 # Forwards (from upper level)
   latGETnl: 64116900 # GET request latency on next level
   latGETnet: 0 # GET request latency on network to next level
  l3-0b23: # Cache stats
   hGETS: 305 # GETS hits
   hGETX: 21 # GETX hits
   mGETS: 239336 # GETS misses
   mGETXIM: 45533 # GETX I->M misses
   mGETXSM: 0 # GETX S->M misses (upgrade misses)
   PUTS: 210530 # Clean evictions (from lower level)
   PUTX: 40409 # Dirty evictions (from lower level)
   INV: 0 # Invalidates (from upper level)
   INVX: 0 # Downgrades (from upper level)
   FWD: 0 # Forwards (from upper level)
   latGETnl: 64095525 # GET request latency on next level
   latGETnet: 0 # GET request latency on network to next level
 mem: # Memory controller stats
  mem-0: # Memory controller stats
   rd: 6810847 # Read requests
   wr: 1007121 # Write requests
   rdlat: 3824412964 # Total latency experienced by read requests
   wrlat: 585912367 # Total latency experienced by write requests
 sched: # Scheduler stats
  thCr: 25 # Threads created
  thFn: 25 # Threads finished
  schedEvs: 26 # Schedule events
  waitEvs: 2 # Wait events
  handoffEvs: 1 # Handoff events
  sleepEvs: 1 # Sleep events
  idlePhases: 0 # Phases with no thread active
  idlePeriods: 0 # Periods with no thread active
  occHist: # Occupancy histogram
   0: 0
   1: 36
   2: 0
   3: 2
   4: 2
   5: 1
   6: 1
   7: 0
   8: 1
   9: 0
   10: 0
   11: 0
   12: 1
   13: 0
   14: 1
   15: 0
   16: 0
   17: 1
   18: 0
   19: 0
   20: 1
   21: 0
   22: 0
   23: 34179
   24: 0
  rqSzHist: # Run queue size histogram
   0: 34196
   1: 30
   2: 0
   3: 0
   4: 0
   5: 0
   6: 0
   7: 0
   8: 0
   9: 0
   10: 0
   11: 0
   12: 0
   13: 0
   14: 0
   15: 0
   16: 0
   17: 0
   18: 0
   19: 0
   20: 0
   21: 0
   22: 0
   23: 0
   24: 0
 procCycles: # Per-process unhalted core cycles
  0: 786259500
  1: 0
  2: 0
  3: 0
  4: 0
  5: 0
  6: 0
  7: 0
  8: 0
  9: 0
  10: 0
  11: 0
  12: 0
  13: 0
  14: 0
  15: 0
  16: 0
  17: 0
  18: 0
  19: 0
  20: 0
  21: 0
  22: 0
  23: 0
  24: 0
  25: 0
  26: 0
  27: 0
  28: 0
  29: 0
  30: 0
  31: 0
  32: 0
  33: 0
  34: 0
  35: 0
  36: 0
  37: 0
  38: 0
  39: 0
  40: 0
  41: 0
  42: 0
  43: 0
  44: 0
  45: 0
  46: 0
  47: 0
  48: 0
  49: 0
  50: 0
  51: 0
  52: 0
  53: 0
  54: 0
  55: 0
  56: 0
  57: 0
  58: 0
  59: 0
  60: 0
  61: 0
  62: 0
  63: 0
 procInstrs: # Per-process instructions
  0: 537318089
  1: 0
  2: 0
  3: 0
  4: 0
  5: 0
  6: 0
  7: 0
  8: 0
  9: 0
  10: 0
  11: 0
  12: 0
  13: 0
  14: 0
  15: 0
  16: 0
  17: 0
  18: 0
  19: 0
  20: 0
  21: 0
  22: 0
  23: 0
  24: 0
  25: 0
  26: 0
  27: 0
  28: 0
  29: 0
  30: 0
  31: 0
  32: 0
  33: 0
  34: 0
  35: 0
  36: 0
  37: 0
  38: 0
  39: 0
  40: 0
  41: 0
  42: 0
  43: 0
  44: 0
  45: 0
  46: 0
  47: 0
  48: 0
  49: 0
  50: 0
  51: 0
  52: 0
  53: 0
  54: 0
  55: 0
  56: 0
  57: 0
  58: 0
  59: 0
  60: 0
  61: 0
  62: 0
  63: 0
 heartbeats: # Per-process heartbeats
  0: 0
  1: 0
  2: 0
  3: 0
  4: 0
  5: 0
  6: 0
  7: 0
  8: 0
  9: 0
  10: 0
  11: 0
  12: 0
  13: 0
  14: 0
  15: 0
  16: 0
  17: 0
  18: 0
  19: 0
  20: 0
  21: 0
  22: 0
  23: 0
  24: 0
  25: 0
  26: 0
  27: 0
  28: 0
  29: 0
  30: 0
  31: 0
  32: 0
  33: 0
  34: 0
  35: 0
  36: 0
  37: 0
  38: 0
  39: 0
  40: 0
  41: 0
  42: 0
  43: 0
  44: 0
  45: 0
  46: 0
  47: 0
  48: 0
  49: 0
  50: 0
  51: 0
  52: 0
  53: 0
  54: 0
  55: 0
  56: 0
  57: 0
  58: 0
  59: 0
  60: 0
  61: 0
  62: 0
  63: 0
===
