# zsim stats
===
root: # Stats
 contention: # Contention simulation stats
  domain-0: # Domain stats
   time: 14593406450 # Weave simulation time
 time: # Simulator time breakdown
  init: 3171989875
  bound: 173994529832
  weave: 25211127354
  ff: 391470
 trigger: 20000 # Reason for this stats dump
 phase: 253590 # Simulated phases
 reqCycles: 0 # Requeue Cycles
 skylake: # Core stats
  skylake-0: # Core stats
   cycles: 253590032 # Simulated unhalted cycles
   cCycles: 781131 # Cycles due to contention stalls
   instrs: 377640205 # Simulated instructions
   uops: 253632178 # issued micro-ops
   bbls: 125384319 # Basic blocks
   approxInstrs: 860316 # Instrs with approx uop decoding
   mispredBranches: 125162 # Mispredicted branches
   IdqNotDelivered: 252808901 # Stalls no uop delivered when no Bkend Stall
   IntMiscRecoveryCycles: 1014969 # Stalls waiting machine clears
   uops executed: 254381825 # Executed microoperations
  skylake-1: # Core stats
   cycles: 253554008 # Simulated unhalted cycles
   cCycles: 781135 # Cycles due to contention stalls
   instrs: 377638296 # Simulated instructions
   uops: 253630355 # issued micro-ops
   bbls: 125383855 # Basic blocks
   approxInstrs: 860311 # Instrs with approx uop decoding
   mispredBranches: 125126 # Mispredicted branches
   IdqNotDelivered: 252772873 # Stalls no uop delivered when no Bkend Stall
   IntMiscRecoveryCycles: 1005835 # Stalls waiting machine clears
   uops executed: 254380017 # Executed microoperations
  skylake-2: # Core stats
   cycles: 253552425 # Simulated unhalted cycles
   cCycles: 781125 # Cycles due to contention stalls
   instrs: 377635896 # Simulated instructions
   uops: 253628519 # issued micro-ops
   bbls: 125383126 # Basic blocks
   approxInstrs: 860309 # Instrs with approx uop decoding
   mispredBranches: 125129 # Mispredicted branches
   IdqNotDelivered: 252771300 # Stalls no uop delivered when no Bkend Stall
   IntMiscRecoveryCycles: 1008597 # Stalls waiting machine clears
   uops executed: 254378212 # Executed microoperations
  skylake-3: # Core stats
   cycles: 253552009 # Simulated unhalted cycles
   cCycles: 781129 # Cycles due to contention stalls
   instrs: 377638731 # Simulated instructions
   uops: 253630540 # issued micro-ops
   bbls: 125384028 # Basic blocks
   approxInstrs: 860310 # Instrs with approx uop decoding
   mispredBranches: 125123 # Mispredicted branches
   IdqNotDelivered: 252770880 # Stalls no uop delivered when no Bkend Stall
   IntMiscRecoveryCycles: 1007421 # Stalls waiting machine clears
   uops executed: 254380240 # Executed microoperations
  skylake-4: # Core stats
   cycles: 253550010 # Simulated unhalted cycles
   cCycles: 781129 # Cycles due to contention stalls
   instrs: 377638828 # Simulated instructions
   uops: 253630622 # issued micro-ops
   bbls: 125384059 # Basic blocks
   approxInstrs: 860313 # Instrs with approx uop decoding
   mispredBranches: 125127 # Mispredicted branches
   IdqNotDelivered: 252768881 # Stalls no uop delivered when no Bkend Stall
   IntMiscRecoveryCycles: 1006602 # Stalls waiting machine clears
   uops executed: 254380286 # Executed microoperations
  skylake-5: # Core stats
   cycles: 253549008 # Simulated unhalted cycles
   cCycles: 781131 # Cycles due to contention stalls
   instrs: 377637879 # Simulated instructions
   uops: 253629977 # issued micro-ops
   bbls: 125383744 # Basic blocks
   approxInstrs: 860311 # Instrs with approx uop decoding
   mispredBranches: 125124 # Mispredicted branches
   IdqNotDelivered: 252767877 # Stalls no uop delivered when no Bkend Stall
   IntMiscRecoveryCycles: 1006292 # Stalls waiting machine clears
   uops executed: 254379655 # Executed microoperations
  skylake-6: # Core stats
   cycles: 253548001 # Simulated unhalted cycles
   cCycles: 781125 # Cycles due to contention stalls
   instrs: 377636785 # Simulated instructions
   uops: 253629239 # issued micro-ops
   bbls: 125383381 # Basic blocks
   approxInstrs: 860310 # Instrs with approx uop decoding
   mispredBranches: 125125 # Mispredicted branches
   IdqNotDelivered: 252766876 # Stalls no uop delivered when no Bkend Stall
   IntMiscRecoveryCycles: 1006523 # Stalls waiting machine clears
   uops executed: 254378913 # Executed microoperations
  skylake-7: # Core stats
   cycles: 253548008 # Simulated unhalted cycles
   cCycles: 781131 # Cycles due to contention stalls
   instrs: 377638064 # Simulated instructions
   uops: 253629766 # issued micro-ops
   bbls: 125383882 # Basic blocks
   approxInstrs: 860305 # Instrs with approx uop decoding
   mispredBranches: 125118 # Mispredicted branches
   IdqNotDelivered: 252766877 # Stalls no uop delivered when no Bkend Stall
   IntMiscRecoveryCycles: 1007933 # Stalls waiting machine clears
   uops executed: 254379448 # Executed microoperations
  skylake-8: # Core stats
   cycles: 253547046 # Simulated unhalted cycles
   cCycles: 781128 # Cycles due to contention stalls
   instrs: 377638190 # Simulated instructions
   uops: 253629862 # issued micro-ops
   bbls: 125383922 # Basic blocks
   approxInstrs: 860307 # Instrs with approx uop decoding
   mispredBranches: 125121 # Mispredicted branches
   IdqNotDelivered: 252765918 # Stalls no uop delivered when no Bkend Stall
   IntMiscRecoveryCycles: 1007945 # Stalls waiting machine clears
   uops executed: 254379530 # Executed microoperations
  skylake-9: # Core stats
   cycles: 253546793 # Simulated unhalted cycles
   cCycles: 781129 # Cycles due to contention stalls
   instrs: 377637470 # Simulated instructions
   uops: 253629370 # issued micro-ops
   bbls: 125383684 # Basic blocks
   approxInstrs: 860305 # Instrs with approx uop decoding
   mispredBranches: 125118 # Mispredicted branches
   IdqNotDelivered: 252765664 # Stalls no uop delivered when no Bkend Stall
   IntMiscRecoveryCycles: 1007917 # Stalls waiting machine clears
   uops executed: 254379052 # Executed microoperations
  skylake-10: # Core stats
   cycles: 253546791 # Simulated unhalted cycles
   cCycles: 781126 # Cycles due to contention stalls
   instrs: 377638196 # Simulated instructions
   uops: 253629869 # issued micro-ops
   bbls: 125383924 # Basic blocks
   approxInstrs: 860307 # Instrs with approx uop decoding
   mispredBranches: 125121 # Mispredicted branches
   IdqNotDelivered: 252765665 # Stalls no uop delivered when no Bkend Stall
   IntMiscRecoveryCycles: 1007775 # Stalls waiting machine clears
   uops executed: 254379538 # Executed microoperations
  skylake-11: # Core stats
   cycles: 253546793 # Simulated unhalted cycles
   cCycles: 781125 # Cycles due to contention stalls
   instrs: 377636212 # Simulated instructions
   uops: 253628828 # issued micro-ops
   bbls: 125383118 # Basic blocks
   approxInstrs: 860308 # Instrs with approx uop decoding
   mispredBranches: 125125 # Mispredicted branches
   IdqNotDelivered: 252765668 # Stalls no uop delivered when no Bkend Stall
   IntMiscRecoveryCycles: 1007289 # Stalls waiting machine clears
   uops executed: 254378529 # Executed microoperations
  skylake-12: # Core stats
   cycles: 253545803 # Simulated unhalted cycles
   cCycles: 781130 # Cycles due to contention stalls
   instrs: 377638190 # Simulated instructions
   uops: 253629862 # issued micro-ops
   bbls: 125383922 # Basic blocks
   approxInstrs: 860307 # Instrs with approx uop decoding
   mispredBranches: 125121 # Mispredicted branches
   IdqNotDelivered: 252764673 # Stalls no uop delivered when no Bkend Stall
   IntMiscRecoveryCycles: 1006775 # Stalls waiting machine clears
   uops executed: 254379530 # Executed microoperations
  skylake-13: # Core stats
   cycles: 253545794 # Simulated unhalted cycles
   cCycles: 781132 # Cycles due to contention stalls
   instrs: 377637911 # Simulated instructions
   uops: 253629664 # issued micro-ops
   bbls: 125383831 # Basic blocks
   approxInstrs: 860305 # Instrs with approx uop decoding
   mispredBranches: 125118 # Mispredicted branches
   IdqNotDelivered: 252764662 # Stalls no uop delivered when no Bkend Stall
   IntMiscRecoveryCycles: 1006819 # Stalls waiting machine clears
   uops executed: 254379346 # Executed microoperations
  skylake-14: # Core stats
   cycles: 253544793 # Simulated unhalted cycles
   cCycles: 781132 # Cycles due to contention stalls
   instrs: 377637716 # Simulated instructions
   uops: 253629534 # issued micro-ops
   bbls: 125383766 # Basic blocks
   approxInstrs: 860305 # Instrs with approx uop decoding
   mispredBranches: 125118 # Mispredicted branches
   IdqNotDelivered: 252763661 # Stalls no uop delivered when no Bkend Stall
   IntMiscRecoveryCycles: 1006449 # Stalls waiting machine clears
   uops executed: 254379216 # Executed microoperations
  skylake-15: # Core stats
   cycles: 253545131 # Simulated unhalted cycles
   cCycles: 781136 # Cycles due to contention stalls
   instrs: 377638191 # Simulated instructions
   uops: 253629863 # issued micro-ops
   bbls: 125383923 # Basic blocks
   approxInstrs: 860307 # Instrs with approx uop decoding
   mispredBranches: 125121 # Mispredicted branches
   IdqNotDelivered: 252763995 # Stalls no uop delivered when no Bkend Stall
   IntMiscRecoveryCycles: 1007080 # Stalls waiting machine clears
   uops executed: 254379531 # Executed microoperations
  skylake-16: # Core stats
   cycles: 253544794 # Simulated unhalted cycles
   cCycles: 781148 # Cycles due to contention stalls
   instrs: 377608431 # Simulated instructions
   uops: 253611949 # issued micro-ops
   bbls: 125373295 # Basic blocks
   approxInstrs: 860234 # Instrs with approx uop decoding
   mispredBranches: 125213 # Mispredicted branches
   IdqNotDelivered: 252763646 # Stalls no uop delivered when no Bkend Stall
   IntMiscRecoveryCycles: 1010567 # Stalls waiting machine clears
   uops executed: 254361729 # Executed microoperations
  skylake-17: # Core stats
   cycles: 253545076 # Simulated unhalted cycles
   cCycles: 781129 # Cycles due to contention stalls
   instrs: 377638165 # Simulated instructions
   uops: 253629829 # issued micro-ops
   bbls: 125383916 # Basic blocks
   approxInstrs: 860306 # Instrs with approx uop decoding
   mispredBranches: 125115 # Mispredicted branches
   IdqNotDelivered: 252763947 # Stalls no uop delivered when no Bkend Stall
   IntMiscRecoveryCycles: 1006441 # Stalls waiting machine clears
   uops executed: 254379531 # Executed microoperations
  skylake-18: # Core stats
   cycles: 253544289 # Simulated unhalted cycles
   cCycles: 781131 # Cycles due to contention stalls
   instrs: 377638165 # Simulated instructions
   uops: 253629829 # issued micro-ops
   bbls: 125383916 # Basic blocks
   approxInstrs: 860306 # Instrs with approx uop decoding
   mispredBranches: 125115 # Mispredicted branches
   IdqNotDelivered: 252763158 # Stalls no uop delivered when no Bkend Stall
   IntMiscRecoveryCycles: 1006727 # Stalls waiting machine clears
   uops executed: 254379531 # Executed microoperations
  skylake-19: # Core stats
   cycles: 253543794 # Simulated unhalted cycles
   cCycles: 781131 # Cycles due to contention stalls
   instrs: 377637704 # Simulated instructions
   uops: 253629526 # issued micro-ops
   bbls: 125383762 # Basic blocks
   approxInstrs: 860305 # Instrs with approx uop decoding
   mispredBranches: 125118 # Mispredicted branches
   IdqNotDelivered: 252762663 # Stalls no uop delivered when no Bkend Stall
   IntMiscRecoveryCycles: 1006449 # Stalls waiting machine clears
   uops executed: 254379208 # Executed microoperations
  skylake-20: # Core stats
   cycles: 253543793 # Simulated unhalted cycles
   cCycles: 781132 # Cycles due to contention stalls
   instrs: 377637527 # Simulated instructions
   uops: 253629408 # issued micro-ops
   bbls: 125383703 # Basic blocks
   approxInstrs: 860305 # Instrs with approx uop decoding
   mispredBranches: 125118 # Mispredicted branches
   IdqNotDelivered: 252762661 # Stalls no uop delivered when no Bkend Stall
   IntMiscRecoveryCycles: 1007379 # Stalls waiting machine clears
   uops executed: 254379090 # Executed microoperations
  skylake-21: # Core stats
   cycles: 253542790 # Simulated unhalted cycles
   cCycles: 781128 # Cycles due to contention stalls
   instrs: 377635748 # Simulated instructions
   uops: 253628227 # issued micro-ops
   bbls: 125383110 # Basic blocks
   approxInstrs: 860306 # Instrs with approx uop decoding
   mispredBranches: 125116 # Mispredicted branches
   IdqNotDelivered: 252761662 # Stalls no uop delivered when no Bkend Stall
   IntMiscRecoveryCycles: 1006702 # Stalls waiting machine clears
   uops executed: 254377926 # Executed microoperations
  skylake-22: # Core stats
   cycles: 253542787 # Simulated unhalted cycles
   cCycles: 781132 # Cycles due to contention stalls
   instrs: 377636183 # Simulated instructions
   uops: 253628512 # issued micro-ops
   bbls: 125383255 # Basic blocks
   approxInstrs: 860305 # Instrs with approx uop decoding
   mispredBranches: 125116 # Mispredicted branches
   IdqNotDelivered: 252761655 # Stalls no uop delivered when no Bkend Stall
   IntMiscRecoveryCycles: 1006273 # Stalls waiting machine clears
   uops executed: 254378201 # Executed microoperations
  skylake-23: # Core stats
   cycles: 0 # Simulated unhalted cycles
   cCycles: 0 # Cycles due to contention stalls
   instrs: 0 # Simulated instructions
   uops: 0 # issued micro-ops
   bbls: 0 # Basic blocks
   approxInstrs: 0 # Instrs with approx uop decoding
   mispredBranches: 0 # Mispredicted branches
   IdqNotDelivered: 0 # Stalls no uop delivered when no Bkend Stall
   IntMiscRecoveryCycles: 0 # Stalls waiting machine clears
   uops executed: 0 # Executed microoperations
 l1d: # Cache stats
  l1d-0: # Filter cache stats
   fhGETS: 863267 # Filtered GETS hits
   fhGETX: 739309 # Filtered GETX hits
   hGETS: 5634 # GETS hits
   hGETX: 11308 # GETX hits
   mGETS: 117896 # GETS misses
   mGETXIM: 250102 # GETX I->M misses
   mGETXSM: 6 # GETX S->M misses (upgrade misses)
   PUTS: 0 # Clean evictions (from lower level)
   PUTX: 0 # Dirty evictions (from lower level)
   INV: 103 # Invalidates (from upper level)
   INVX: 98 # Downgrades (from upper level)
   FWD: 0 # Forwards (from upper level)
   latGETnl: 100061874 # GET request latency on next level
   latGETnet: 0 # GET request latency on network to next level
  l1d-1: # Filter cache stats
   fhGETS: 862993 # Filtered GETS hits
   fhGETX: 739123 # Filtered GETX hits
   hGETS: 5556 # GETS hits
   hGETX: 11290 # GETX hits
   mGETS: 117849 # GETS misses
   mGETXIM: 250066 # GETX I->M misses
   mGETXSM: 8 # GETX S->M misses (upgrade misses)
   PUTS: 0 # Clean evictions (from lower level)
   PUTX: 0 # Dirty evictions (from lower level)
   INV: 88 # Invalidates (from upper level)
   INVX: 23 # Downgrades (from upper level)
   FWD: 0 # Forwards (from upper level)
   latGETnl: 100029759 # GET request latency on next level
   latGETnet: 0 # GET request latency on network to next level
  l1d-2: # Filter cache stats
   fhGETS: 862877 # Filtered GETS hits
   fhGETX: 739068 # Filtered GETX hits
   hGETS: 5527 # GETS hits
   hGETX: 11264 # GETX hits
   mGETS: 117845 # GETS misses
   mGETXIM: 250059 # GETX I->M misses
   mGETXSM: 6 # GETX S->M misses (upgrade misses)
   PUTS: 0 # Clean evictions (from lower level)
   PUTX: 0 # Dirty evictions (from lower level)
   INV: 69 # Invalidates (from upper level)
   INVX: 5 # Downgrades (from upper level)
   FWD: 0 # Forwards (from upper level)
   latGETnl: 100027644 # GET request latency on next level
   latGETnet: 0 # GET request latency on network to next level
  l1d-3: # Filter cache stats
   fhGETS: 862931 # Filtered GETS hits
   fhGETX: 739087 # Filtered GETX hits
   hGETS: 5561 # GETS hits
   hGETX: 11286 # GETX hits
   mGETS: 117843 # GETS misses
   mGETXIM: 250071 # GETX I->M misses
   mGETXSM: 8 # GETX S->M misses (upgrade misses)
   PUTS: 0 # Clean evictions (from lower level)
   PUTX: 0 # Dirty evictions (from lower level)
   INV: 87 # Invalidates (from upper level)
   INVX: 29 # Downgrades (from upper level)
   FWD: 0 # Forwards (from upper level)
   latGETnl: 100030315 # GET request latency on next level
   latGETnet: 0 # GET request latency on network to next level
  l1d-4: # Filter cache stats
   fhGETS: 862935 # Filtered GETS hits
   fhGETX: 739082 # Filtered GETX hits
   hGETS: 5565 # GETS hits
   hGETX: 11295 # GETX hits
   mGETS: 117846 # GETS misses
   mGETXIM: 250069 # GETX I->M misses
   mGETXSM: 8 # GETX S->M misses (upgrade misses)
   PUTS: 0 # Clean evictions (from lower level)
   PUTX: 0 # Dirty evictions (from lower level)
   INV: 87 # Invalidates (from upper level)
   INVX: 19 # Downgrades (from upper level)
   FWD: 0 # Forwards (from upper level)
   latGETnl: 100027439 # GET request latency on next level
   latGETnet: 0 # GET request latency on network to next level
  l1d-5: # Filter cache stats
   fhGETS: 862938 # Filtered GETS hits
   fhGETX: 739104 # Filtered GETX hits
   hGETS: 5549 # GETS hits
   hGETX: 11276 # GETX hits
   mGETS: 117849 # GETS misses
   mGETXIM: 250064 # GETX I->M misses
   mGETXSM: 9 # GETX S->M misses (upgrade misses)
   PUTS: 0 # Clean evictions (from lower level)
   PUTX: 0 # Dirty evictions (from lower level)
   INV: 85 # Invalidates (from upper level)
   INVX: 18 # Downgrades (from upper level)
   FWD: 0 # Forwards (from upper level)
   latGETnl: 100028348 # GET request latency on next level
   latGETnet: 0 # GET request latency on network to next level
  l1d-6: # Filter cache stats
   fhGETS: 862924 # Filtered GETS hits
   fhGETX: 739086 # Filtered GETX hits
   hGETS: 5561 # GETS hits
   hGETX: 11294 # GETX hits
   mGETS: 117847 # GETS misses
   mGETXIM: 250062 # GETX I->M misses
   mGETXSM: 7 # GETX S->M misses (upgrade misses)
   PUTS: 0 # Clean evictions (from lower level)
   PUTX: 0 # Dirty evictions (from lower level)
   INV: 84 # Invalidates (from upper level)
   INVX: 18 # Downgrades (from upper level)
   FWD: 0 # Forwards (from upper level)
   latGETnl: 100027518 # GET request latency on next level
   latGETnet: 0 # GET request latency on network to next level
  l1d-7: # Filter cache stats
   fhGETS: 862775 # Filtered GETS hits
   fhGETX: 739007 # Filtered GETX hits
   hGETS: 5542 # GETS hits
   hGETX: 11263 # GETX hits
   mGETS: 117826 # GETS misses
   mGETXIM: 250060 # GETX I->M misses
   mGETXSM: 7 # GETX S->M misses (upgrade misses)
   PUTS: 0 # Clean evictions (from lower level)
   PUTX: 0 # Dirty evictions (from lower level)
   INV: 70 # Invalidates (from upper level)
   INVX: 6 # Downgrades (from upper level)
   FWD: 0 # Forwards (from upper level)
   latGETnl: 100023132 # GET request latency on next level
   latGETnet: 0 # GET request latency on network to next level
  l1d-8: # Filter cache stats
   fhGETS: 862780 # Filtered GETS hits
   fhGETX: 739011 # Filtered GETX hits
   hGETS: 5546 # GETS hits
   hGETX: 11258 # GETX hits
   mGETS: 117827 # GETS misses
   mGETXIM: 250063 # GETX I->M misses
   mGETXSM: 6 # GETX S->M misses (upgrade misses)
   PUTS: 0 # Clean evictions (from lower level)
   PUTX: 0 # Dirty evictions (from lower level)
   INV: 72 # Invalidates (from upper level)
   INVX: 19 # Downgrades (from upper level)
   FWD: 0 # Forwards (from upper level)
   latGETnl: 100026297 # GET request latency on next level
   latGETnet: 0 # GET request latency on network to next level
  l1d-9: # Filter cache stats
   fhGETS: 862765 # Filtered GETS hits
   fhGETX: 739000 # Filtered GETX hits
   hGETS: 5550 # GETS hits
   hGETX: 11277 # GETX hits
   mGETS: 117828 # GETS misses
   mGETXIM: 250055 # GETX I->M misses
   mGETXSM: 5 # GETX S->M misses (upgrade misses)
   PUTS: 0 # Clean evictions (from lower level)
   PUTX: 0 # Dirty evictions (from lower level)
   INV: 67 # Invalidates (from upper level)
   INVX: 16 # Downgrades (from upper level)
   FWD: 0 # Forwards (from upper level)
   latGETnl: 100025456 # GET request latency on next level
   latGETnet: 0 # GET request latency on network to next level
  l1d-10: # Filter cache stats
   fhGETS: 862798 # Filtered GETS hits
   fhGETX: 739015 # Filtered GETX hits
   hGETS: 5530 # GETS hits
   hGETX: 11258 # GETX hits
   mGETS: 117826 # GETS misses
   mGETXIM: 250061 # GETX I->M misses
   mGETXSM: 5 # GETX S->M misses (upgrade misses)
   PUTS: 0 # Clean evictions (from lower level)
   PUTX: 0 # Dirty evictions (from lower level)
   INV: 69 # Invalidates (from upper level)
   INVX: 4 # Downgrades (from upper level)
   FWD: 0 # Forwards (from upper level)
   latGETnl: 100022326 # GET request latency on next level
   latGETnet: 0 # GET request latency on network to next level
  l1d-11: # Filter cache stats
   fhGETS: 862940 # Filtered GETS hits
   fhGETX: 739109 # Filtered GETX hits
   hGETS: 5576 # GETS hits
   hGETX: 11276 # GETX hits
   mGETS: 117850 # GETS misses
   mGETXIM: 250070 # GETX I->M misses
   mGETXSM: 9 # GETX S->M misses (upgrade misses)
   PUTS: 0 # Clean evictions (from lower level)
   PUTX: 0 # Dirty evictions (from lower level)
   INV: 78 # Invalidates (from upper level)
   INVX: 18 # Downgrades (from upper level)
   FWD: 0 # Forwards (from upper level)
   latGETnl: 100032713 # GET request latency on next level
   latGETnet: 0 # GET request latency on network to next level
  l1d-12: # Filter cache stats
   fhGETS: 862791 # Filtered GETS hits
   fhGETX: 739012 # Filtered GETX hits
   hGETS: 5534 # GETS hits
   hGETX: 11260 # GETX hits
   mGETS: 117828 # GETS misses
   mGETXIM: 250061 # GETX I->M misses
   mGETXSM: 5 # GETX S->M misses (upgrade misses)
   PUTS: 0 # Clean evictions (from lower level)
   PUTX: 0 # Dirty evictions (from lower level)
   INV: 72 # Invalidates (from upper level)
   INVX: 14 # Downgrades (from upper level)
   FWD: 0 # Forwards (from upper level)
   latGETnl: 100025372 # GET request latency on next level
   latGETnet: 0 # GET request latency on network to next level
  l1d-13: # Filter cache stats
   fhGETS: 862783 # Filtered GETS hits
   fhGETX: 739015 # Filtered GETX hits
   hGETS: 5533 # GETS hits
   hGETX: 11257 # GETX hits
   mGETS: 117827 # GETS misses
   mGETXIM: 250059 # GETX I->M misses
   mGETXSM: 6 # GETX S->M misses (upgrade misses)
   PUTS: 0 # Clean evictions (from lower level)
   PUTX: 0 # Dirty evictions (from lower level)
   INV: 71 # Invalidates (from upper level)
   INVX: 18 # Downgrades (from upper level)
   FWD: 0 # Forwards (from upper level)
   latGETnl: 100025490 # GET request latency on next level
   latGETnet: 0 # GET request latency on network to next level
  l1d-14: # Filter cache stats
   fhGETS: 862770 # Filtered GETS hits
   fhGETX: 738996 # Filtered GETX hits
   hGETS: 5544 # GETS hits
   hGETX: 11279 # GETX hits
   mGETS: 117829 # GETS misses
   mGETXIM: 250056 # GETX I->M misses
   mGETXSM: 6 # GETX S->M misses (upgrade misses)
   PUTS: 0 # Clean evictions (from lower level)
   PUTX: 0 # Dirty evictions (from lower level)
   INV: 70 # Invalidates (from upper level)
   INVX: 3 # Downgrades (from upper level)
   FWD: 0 # Forwards (from upper level)
   latGETnl: 100022251 # GET request latency on next level
   latGETnet: 0 # GET request latency on network to next level
  l1d-15: # Filter cache stats
   fhGETS: 862792 # Filtered GETS hits
   fhGETX: 739009 # Filtered GETX hits
   hGETS: 5533 # GETS hits
   hGETX: 11265 # GETX hits
   mGETS: 117828 # GETS misses
   mGETXIM: 250059 # GETX I->M misses
   mGETXSM: 5 # GETX S->M misses (upgrade misses)
   PUTS: 0 # Clean evictions (from lower level)
   PUTX: 0 # Dirty evictions (from lower level)
   INV: 70 # Invalidates (from upper level)
   INVX: 1 # Downgrades (from upper level)
   FWD: 0 # Forwards (from upper level)
   latGETnl: 100022481 # GET request latency on next level
   latGETnet: 0 # GET request latency on network to next level
  l1d-16: # Filter cache stats
   fhGETS: 864197 # Filtered GETS hits
   fhGETX: 739518 # Filtered GETX hits
   hGETS: 5889 # GETS hits
   hGETX: 11350 # GETX hits
   mGETS: 117892 # GETS misses
   mGETXIM: 250048 # GETX I->M misses
   mGETXSM: 13 # GETX S->M misses (upgrade misses)
   PUTS: 0 # Clean evictions (from lower level)
   PUTX: 0 # Dirty evictions (from lower level)
   INV: 69 # Invalidates (from upper level)
   INVX: 2 # Downgrades (from upper level)
   FWD: 0 # Forwards (from upper level)
   latGETnl: 100029908 # GET request latency on next level
   latGETnet: 0 # GET request latency on network to next level
  l1d-17: # Filter cache stats
   fhGETS: 862791 # Filtered GETS hits
   fhGETX: 739004 # Filtered GETX hits
   hGETS: 5530 # GETS hits
   hGETX: 11269 # GETX hits
   mGETS: 117826 # GETS misses
   mGETXIM: 250055 # GETX I->M misses
   mGETXSM: 5 # GETX S->M misses (upgrade misses)
   PUTS: 0 # Clean evictions (from lower level)
   PUTX: 0 # Dirty evictions (from lower level)
   INV: 65 # Invalidates (from upper level)
   INVX: 4 # Downgrades (from upper level)
   FWD: 0 # Forwards (from upper level)
   latGETnl: 100022732 # GET request latency on next level
   latGETnet: 0 # GET request latency on network to next level
  l1d-18: # Filter cache stats
   fhGETS: 862792 # Filtered GETS hits
   fhGETX: 739001 # Filtered GETX hits
   hGETS: 5529 # GETS hits
   hGETX: 11268 # GETX hits
   mGETS: 117826 # GETS misses
   mGETXIM: 250060 # GETX I->M misses
   mGETXSM: 4 # GETX S->M misses (upgrade misses)
   PUTS: 0 # Clean evictions (from lower level)
   PUTX: 0 # Dirty evictions (from lower level)
   INV: 68 # Invalidates (from upper level)
   INVX: 1 # Downgrades (from upper level)
   FWD: 0 # Forwards (from upper level)
   latGETnl: 100022359 # GET request latency on next level
   latGETnet: 0 # GET request latency on network to next level
  l1d-19: # Filter cache stats
   fhGETS: 862789 # Filtered GETS hits
   fhGETX: 739010 # Filtered GETX hits
   hGETS: 5525 # GETS hits
   hGETX: 11266 # GETX hits
   mGETS: 117829 # GETS misses
   mGETXIM: 250056 # GETX I->M misses
   mGETXSM: 5 # GETX S->M misses (upgrade misses)
   PUTS: 0 # Clean evictions (from lower level)
   PUTX: 0 # Dirty evictions (from lower level)
   INV: 71 # Invalidates (from upper level)
   INVX: 2 # Downgrades (from upper level)
   FWD: 0 # Forwards (from upper level)
   latGETnl: 100022387 # GET request latency on next level
   latGETnet: 0 # GET request latency on network to next level
  l1d-20: # Filter cache stats
   fhGETS: 862762 # Filtered GETS hits
   fhGETX: 738998 # Filtered GETX hits
   hGETS: 5552 # GETS hits
   hGETX: 11277 # GETX hits
   mGETS: 117829 # GETS misses
   mGETXIM: 250056 # GETX I->M misses
   mGETXSM: 6 # GETX S->M misses (upgrade misses)
   PUTS: 0 # Clean evictions (from lower level)
   PUTX: 0 # Dirty evictions (from lower level)
   INV: 69 # Invalidates (from upper level)
   INVX: 2 # Downgrades (from upper level)
   FWD: 0 # Forwards (from upper level)
   latGETnl: 100022237 # GET request latency on next level
   latGETnet: 0 # GET request latency on network to next level
  l1d-21: # Filter cache stats
   fhGETS: 862786 # Filtered GETS hits
   fhGETX: 739013 # Filtered GETX hits
   hGETS: 5529 # GETS hits
   hGETX: 11262 # GETX hits
   mGETS: 117829 # GETS misses
   mGETXIM: 250057 # GETX I->M misses
   mGETXSM: 6 # GETX S->M misses (upgrade misses)
   PUTS: 0 # Clean evictions (from lower level)
   PUTX: 0 # Dirty evictions (from lower level)
   INV: 70 # Invalidates (from upper level)
   INVX: 2 # Downgrades (from upper level)
   FWD: 0 # Forwards (from upper level)
   latGETnl: 100022284 # GET request latency on next level
   latGETnet: 0 # GET request latency on network to next level
  l1d-22: # Filter cache stats
   fhGETS: 862787 # Filtered GETS hits
   fhGETX: 739008 # Filtered GETX hits
   hGETS: 5528 # GETS hits
   hGETX: 11265 # GETX hits
   mGETS: 117828 # GETS misses
   mGETXIM: 250058 # GETX I->M misses
   mGETXSM: 6 # GETX S->M misses (upgrade misses)
   PUTS: 0 # Clean evictions (from lower level)
   PUTX: 0 # Dirty evictions (from lower level)
   INV: 71 # Invalidates (from upper level)
   INVX: 2 # Downgrades (from upper level)
   FWD: 0 # Forwards (from upper level)
   latGETnl: 100021834 # GET request latency on next level
   latGETnet: 0 # GET request latency on network to next level
  l1d-23: # Filter cache stats
   fhGETS: 0 # Filtered GETS hits
   fhGETX: 0 # Filtered GETX hits
   hGETS: 0 # GETS hits
   hGETX: 0 # GETX hits
   mGETS: 0 # GETS misses
   mGETXIM: 0 # GETX I->M misses
   mGETXSM: 0 # GETX S->M misses (upgrade misses)
   PUTS: 0 # Clean evictions (from lower level)
   PUTX: 0 # Dirty evictions (from lower level)
   INV: 0 # Invalidates (from upper level)
   INVX: 0 # Downgrades (from upper level)
   FWD: 0 # Forwards (from upper level)
   latGETnl: 0 # GET request latency on next level
   latGETnet: 0 # GET request latency on network to next level
 l1i: # Cache stats
  l1i-0: # Filter cache stats
   fhGETS: 126111860 # Filtered GETS hits
   fhGETX: 0 # Filtered GETX hits
   hGETS: 46 # GETS hits
   hGETX: 0 # GETX hits
   mGETS: 820 # GETS misses
   mGETXIM: 0 # GETX I->M misses
   mGETXSM: 0 # GETX S->M misses (upgrade misses)
   PUTS: 0 # Clean evictions (from lower level)
   PUTX: 0 # Dirty evictions (from lower level)
   INV: 792 # Invalidates (from upper level)
   INVX: 0 # Downgrades (from upper level)
   FWD: 0 # Forwards (from upper level)
   latGETnl: 78140 # GET request latency on next level
   latGETnet: 0 # GET request latency on network to next level
  l1i-1: # Filter cache stats
   fhGETS: 126111421 # Filtered GETS hits
   fhGETX: 0 # Filtered GETX hits
   hGETS: 39 # GETS hits
   hGETX: 0 # GETX hits
   mGETS: 731 # GETS misses
   mGETXIM: 0 # GETX I->M misses
   mGETXSM: 0 # GETX S->M misses (upgrade misses)
   PUTS: 0 # Clean evictions (from lower level)
   PUTX: 0 # Dirty evictions (from lower level)
   INV: 707 # Invalidates (from upper level)
   INVX: 0 # Downgrades (from upper level)
   FWD: 0 # Forwards (from upper level)
   latGETnl: 39757 # GET request latency on next level
   latGETnet: 0 # GET request latency on network to next level
  l1i-2: # Filter cache stats
   fhGETS: 126110674 # Filtered GETS hits
   fhGETX: 0 # Filtered GETX hits
   hGETS: 33 # GETS hits
   hGETX: 0 # GETX hits
   mGETS: 760 # GETS misses
   mGETXIM: 0 # GETX I->M misses
   mGETXSM: 0 # GETX S->M misses (upgrade misses)
   PUTS: 0 # Clean evictions (from lower level)
   PUTX: 0 # Dirty evictions (from lower level)
   INV: 736 # Invalidates (from upper level)
   INVX: 0 # Downgrades (from upper level)
   FWD: 0 # Forwards (from upper level)
   latGETnl: 44945 # GET request latency on next level
   latGETnet: 0 # GET request latency on network to next level
  l1i-3: # Filter cache stats
   fhGETS: 126111583 # Filtered GETS hits
   fhGETX: 0 # Filtered GETX hits
   hGETS: 31 # GETS hits
   hGETX: 0 # GETX hits
   mGETS: 732 # GETS misses
   mGETXIM: 0 # GETX I->M misses
   mGETXSM: 0 # GETX S->M misses (upgrade misses)
   PUTS: 0 # Clean evictions (from lower level)
   PUTX: 0 # Dirty evictions (from lower level)
   INV: 708 # Invalidates (from upper level)
   INVX: 0 # Downgrades (from upper level)
   FWD: 0 # Forwards (from upper level)
   latGETnl: 40704 # GET request latency on next level
   latGETnet: 0 # GET request latency on network to next level
  l1i-4: # Filter cache stats
   fhGETS: 126111647 # Filtered GETS hits
   fhGETX: 0 # Filtered GETX hits
   hGETS: 31 # GETS hits
   hGETX: 0 # GETX hits
   mGETS: 737 # GETS misses
   mGETXIM: 0 # GETX I->M misses
   mGETXSM: 0 # GETX S->M misses (upgrade misses)
   PUTS: 0 # Clean evictions (from lower level)
   PUTX: 0 # Dirty evictions (from lower level)
   INV: 707 # Invalidates (from upper level)
   INVX: 0 # Downgrades (from upper level)
   FWD: 0 # Forwards (from upper level)
   latGETnl: 35764 # GET request latency on next level
   latGETnet: 0 # GET request latency on network to next level
  l1i-5: # Filter cache stats
   fhGETS: 126111313 # Filtered GETS hits
   fhGETX: 0 # Filtered GETX hits
   hGETS: 31 # GETS hits
   hGETX: 0 # GETX hits
   mGETS: 736 # GETS misses
   mGETXIM: 0 # GETX I->M misses
   mGETXSM: 0 # GETX S->M misses (upgrade misses)
   PUTS: 0 # Clean evictions (from lower level)
   PUTX: 0 # Dirty evictions (from lower level)
   INV: 712 # Invalidates (from upper level)
   INVX: 0 # Downgrades (from upper level)
   FWD: 0 # Forwards (from upper level)
   latGETnl: 34817 # GET request latency on next level
   latGETnet: 0 # GET request latency on network to next level
  l1i-6: # Filter cache stats
   fhGETS: 126110953 # Filtered GETS hits
   fhGETX: 0 # Filtered GETX hits
   hGETS: 30 # GETS hits
   hGETX: 0 # GETX hits
   mGETS: 740 # GETS misses
   mGETXIM: 0 # GETX I->M misses
   mGETXSM: 0 # GETX S->M misses (upgrade misses)
   PUTS: 0 # Clean evictions (from lower level)
   PUTX: 0 # Dirty evictions (from lower level)
   INV: 716 # Invalidates (from upper level)
   INVX: 0 # Downgrades (from upper level)
   FWD: 0 # Forwards (from upper level)
   latGETnl: 35005 # GET request latency on next level
   latGETnet: 0 # GET request latency on network to next level
  l1i-7: # Filter cache stats
   fhGETS: 126111421 # Filtered GETS hits
   fhGETX: 0 # Filtered GETX hits
   hGETS: 29 # GETS hits
   hGETX: 0 # GETX hits
   mGETS: 717 # GETS misses
   mGETXIM: 0 # GETX I->M misses
   mGETXSM: 0 # GETX S->M misses (upgrade misses)
   PUTS: 0 # Clean evictions (from lower level)
   PUTX: 0 # Dirty evictions (from lower level)
   INV: 693 # Invalidates (from upper level)
   INVX: 0 # Downgrades (from upper level)
   FWD: 0 # Forwards (from upper level)
   latGETnl: 39099 # GET request latency on next level
   latGETnet: 0 # GET request latency on network to next level
  l1i-8: # Filter cache stats
   fhGETS: 126111469 # Filtered GETS hits
   fhGETX: 0 # Filtered GETX hits
   hGETS: 30 # GETS hits
   hGETX: 0 # GETX hits
   mGETS: 720 # GETS misses
   mGETXIM: 0 # GETX I->M misses
   mGETXSM: 0 # GETX S->M misses (upgrade misses)
   PUTS: 0 # Clean evictions (from lower level)
   PUTX: 0 # Dirty evictions (from lower level)
   INV: 691 # Invalidates (from upper level)
   INVX: 0 # Downgrades (from upper level)
   FWD: 0 # Forwards (from upper level)
   latGETnl: 36990 # GET request latency on next level
   latGETnet: 0 # GET request latency on network to next level
  l1i-9: # Filter cache stats
   fhGETS: 126111232 # Filtered GETS hits
   fhGETX: 0 # Filtered GETX hits
   hGETS: 30 # GETS hits
   hGETX: 0 # GETX hits
   mGETS: 733 # GETS misses
   mGETXIM: 0 # GETX I->M misses
   mGETXSM: 0 # GETX S->M misses (upgrade misses)
   PUTS: 0 # Clean evictions (from lower level)
   PUTX: 0 # Dirty evictions (from lower level)
   INV: 709 # Invalidates (from upper level)
   INVX: 0 # Downgrades (from upper level)
   FWD: 0 # Forwards (from upper level)
   latGETnl: 37376 # GET request latency on next level
   latGETnet: 0 # GET request latency on network to next level
  l1i-10: # Filter cache stats
   fhGETS: 126111491 # Filtered GETS hits
   fhGETX: 0 # Filtered GETX hits
   hGETS: 30 # GETS hits
   hGETX: 0 # GETX hits
   mGETS: 726 # GETS misses
   mGETXIM: 0 # GETX I->M misses
   mGETXSM: 0 # GETX S->M misses (upgrade misses)
   PUTS: 0 # Clean evictions (from lower level)
   PUTX: 0 # Dirty evictions (from lower level)
   INV: 695 # Invalidates (from upper level)
   INVX: 0 # Downgrades (from upper level)
   FWD: 0 # Forwards (from upper level)
   latGETnl: 37722 # GET request latency on next level
   latGETnet: 0 # GET request latency on network to next level
  l1i-11: # Filter cache stats
   fhGETS: 126110576 # Filtered GETS hits
   fhGETX: 0 # Filtered GETX hits
   hGETS: 123 # GETS hits
   hGETX: 0 # GETX hits
   mGETS: 719 # GETS misses
   mGETXIM: 0 # GETX I->M misses
   mGETXSM: 0 # GETX S->M misses (upgrade misses)
   PUTS: 0 # Clean evictions (from lower level)
   PUTX: 0 # Dirty evictions (from lower level)
   INV: 695 # Invalidates (from upper level)
   INVX: 0 # Downgrades (from upper level)
   FWD: 0 # Forwards (from upper level)
   latGETnl: 36943 # GET request latency on next level
   latGETnet: 0 # GET request latency on network to next level
  l1i-12: # Filter cache stats
   fhGETS: 126111498 # Filtered GETS hits
   fhGETX: 0 # Filtered GETX hits
   hGETS: 28 # GETS hits
   hGETX: 0 # GETX hits
   mGETS: 724 # GETS misses
   mGETXIM: 0 # GETX I->M misses
   mGETXSM: 0 # GETX S->M misses (upgrade misses)
   PUTS: 0 # Clean evictions (from lower level)
   PUTX: 0 # Dirty evictions (from lower level)
   INV: 695 # Invalidates (from upper level)
   INVX: 0 # Downgrades (from upper level)
   FWD: 0 # Forwards (from upper level)
   latGETnl: 35603 # GET request latency on next level
   latGETnet: 0 # GET request latency on network to next level
  l1i-13: # Filter cache stats
   fhGETS: 126111386 # Filtered GETS hits
   fhGETX: 0 # Filtered GETX hits
   hGETS: 30 # GETS hits
   hGETX: 0 # GETX hits
   mGETS: 717 # GETS misses
   mGETXIM: 0 # GETX I->M misses
   mGETXSM: 0 # GETX S->M misses (upgrade misses)
   PUTS: 0 # Clean evictions (from lower level)
   PUTX: 0 # Dirty evictions (from lower level)
   INV: 693 # Invalidates (from upper level)
   INVX: 0 # Downgrades (from upper level)
   FWD: 0 # Forwards (from upper level)
   latGETnl: 34824 # GET request latency on next level
   latGETnet: 0 # GET request latency on network to next level
  l1i-14: # Filter cache stats
   fhGETS: 126111321 # Filtered GETS hits
   fhGETX: 0 # Filtered GETX hits
   hGETS: 30 # GETS hits
   hGETX: 0 # GETX hits
   mGETS: 719 # GETS misses
   mGETXIM: 0 # GETX I->M misses
   mGETXSM: 0 # GETX S->M misses (upgrade misses)
   PUTS: 0 # Clean evictions (from lower level)
   PUTX: 0 # Dirty evictions (from lower level)
   INV: 695 # Invalidates (from upper level)
   INVX: 0 # Downgrades (from upper level)
   FWD: 0 # Forwards (from upper level)
   latGETnl: 34693 # GET request latency on next level
   latGETnet: 0 # GET request latency on network to next level
  l1i-15: # Filter cache stats
   fhGETS: 126111498 # Filtered GETS hits
   fhGETX: 0 # Filtered GETX hits
   hGETS: 30 # GETS hits
   hGETX: 0 # GETX hits
   mGETS: 722 # GETS misses
   mGETXIM: 0 # GETX I->M misses
   mGETXSM: 0 # GETX S->M misses (upgrade misses)
   PUTS: 0 # Clean evictions (from lower level)
   PUTX: 0 # Dirty evictions (from lower level)
   INV: 694 # Invalidates (from upper level)
   INVX: 0 # Downgrades (from upper level)
   FWD: 0 # Forwards (from upper level)
   latGETnl: 35059 # GET request latency on next level
   latGETnet: 0 # GET request latency on network to next level
  l1i-16: # Filter cache stats
   fhGETS: 126101046 # Filtered GETS hits
   fhGETX: 0 # Filtered GETX hits
   hGETS: 194 # GETS hits
   hGETX: 0 # GETX hits
   mGETS: 787 # GETS misses
   mGETXIM: 0 # GETX I->M misses
   mGETXSM: 0 # GETX S->M misses (upgrade misses)
   PUTS: 0 # Clean evictions (from lower level)
   PUTX: 0 # Dirty evictions (from lower level)
   INV: 763 # Invalidates (from upper level)
   INVX: 0 # Downgrades (from upper level)
   FWD: 0 # Forwards (from upper level)
   latGETnl: 50039 # GET request latency on next level
   latGETnet: 0 # GET request latency on network to next level
  l1i-17: # Filter cache stats
   fhGETS: 126111469 # Filtered GETS hits
   fhGETX: 0 # Filtered GETX hits
   hGETS: 30 # GETS hits
   hGETX: 0 # GETX hits
   mGETS: 716 # GETS misses
   mGETXIM: 0 # GETX I->M misses
   mGETXSM: 0 # GETX S->M misses (upgrade misses)
   PUTS: 0 # Clean evictions (from lower level)
   PUTX: 0 # Dirty evictions (from lower level)
   INV: 690 # Invalidates (from upper level)
   INVX: 0 # Downgrades (from upper level)
   FWD: 0 # Forwards (from upper level)
   latGETnl: 35002 # GET request latency on next level
   latGETnet: 0 # GET request latency on network to next level
  l1i-18: # Filter cache stats
   fhGETS: 126111463 # Filtered GETS hits
   fhGETX: 0 # Filtered GETX hits
   hGETS: 30 # GETS hits
   hGETX: 0 # GETX hits
   mGETS: 724 # GETS misses
   mGETXIM: 0 # GETX I->M misses
   mGETXSM: 0 # GETX S->M misses (upgrade misses)
   PUTS: 0 # Clean evictions (from lower level)
   PUTX: 0 # Dirty evictions (from lower level)
   INV: 694 # Invalidates (from upper level)
   INVX: 0 # Downgrades (from upper level)
   FWD: 0 # Forwards (from upper level)
   latGETnl: 34478 # GET request latency on next level
   latGETnet: 0 # GET request latency on network to next level
  l1i-19: # Filter cache stats
   fhGETS: 126111315 # Filtered GETS hits
   fhGETX: 0 # Filtered GETX hits
   hGETS: 30 # GETS hits
   hGETX: 0 # GETX hits
   mGETS: 721 # GETS misses
   mGETXIM: 0 # GETX I->M misses
   mGETXSM: 0 # GETX S->M misses (upgrade misses)
   PUTS: 0 # Clean evictions (from lower level)
   PUTX: 0 # Dirty evictions (from lower level)
   INV: 697 # Invalidates (from upper level)
   INVX: 0 # Downgrades (from upper level)
   FWD: 0 # Forwards (from upper level)
   latGETnl: 33887 # GET request latency on next level
   latGETnet: 0 # GET request latency on network to next level
  l1i-20: # Filter cache stats
   fhGETS: 126111267 # Filtered GETS hits
   fhGETX: 0 # Filtered GETX hits
   hGETS: 30 # GETS hits
   hGETX: 0 # GETX hits
   mGETS: 720 # GETS misses
   mGETXIM: 0 # GETX I->M misses
   mGETXSM: 0 # GETX S->M misses (upgrade misses)
   PUTS: 0 # Clean evictions (from lower level)
   PUTX: 0 # Dirty evictions (from lower level)
   INV: 696 # Invalidates (from upper level)
   INVX: 0 # Downgrades (from upper level)
   FWD: 0 # Forwards (from upper level)
   latGETnl: 34515 # GET request latency on next level
   latGETnet: 0 # GET request latency on network to next level
  l1i-21: # Filter cache stats
   fhGETS: 126110673 # Filtered GETS hits
   fhGETX: 0 # Filtered GETX hits
   hGETS: 27 # GETS hits
   hGETX: 0 # GETX hits
   mGETS: 720 # GETS misses
   mGETXIM: 0 # GETX I->M misses
   mGETXSM: 0 # GETX S->M misses (upgrade misses)
   PUTS: 0 # Clean evictions (from lower level)
   PUTX: 0 # Dirty evictions (from lower level)
   INV: 696 # Invalidates (from upper level)
   INVX: 0 # Downgrades (from upper level)
   FWD: 0 # Forwards (from upper level)
   latGETnl: 34290 # GET request latency on next level
   latGETnet: 0 # GET request latency on network to next level
  l1i-22: # Filter cache stats
   fhGETS: 126110820 # Filtered GETS hits
   fhGETX: 0 # Filtered GETX hits
   hGETS: 30 # GETS hits
   hGETX: 0 # GETX hits
   mGETS: 712 # GETS misses
   mGETXIM: 0 # GETX I->M misses
   mGETXSM: 0 # GETX S->M misses (upgrade misses)
   PUTS: 0 # Clean evictions (from lower level)
   PUTX: 0 # Dirty evictions (from lower level)
   INV: 688 # Invalidates (from upper level)
   INVX: 0 # Downgrades (from upper level)
   FWD: 0 # Forwards (from upper level)
   latGETnl: 33689 # GET request latency on next level
   latGETnet: 0 # GET request latency on network to next level
  l1i-23: # Filter cache stats
   fhGETS: 0 # Filtered GETS hits
   fhGETX: 0 # Filtered GETX hits
   hGETS: 0 # GETS hits
   hGETX: 0 # GETX hits
   mGETS: 0 # GETS misses
   mGETXIM: 0 # GETX I->M misses
   mGETXSM: 0 # GETX S->M misses (upgrade misses)
   PUTS: 0 # Clean evictions (from lower level)
   PUTX: 0 # Dirty evictions (from lower level)
   INV: 0 # Invalidates (from upper level)
   INVX: 0 # Downgrades (from upper level)
   FWD: 0 # Forwards (from upper level)
   latGETnl: 0 # GET request latency on next level
   latGETnet: 0 # GET request latency on network to next level
 l2: # Cache stats
  l2-0: # Cache stats
   hGETS: 0 # GETS hits
   hGETX: 0 # GETX hits
   mGETS: 118716 # GETS misses
   mGETXIM: 250102 # GETX I->M misses
   mGETXSM: 6 # GETX S->M misses (upgrade misses)
   PUTS: 117659 # Clean evictions (from lower level)
   PUTX: 249724 # Dirty evictions (from lower level)
   INV: 35345 # Invalidates (from upper level)
   INVX: 98 # Downgrades (from upper level)
   FWD: 0 # Forwards (from upper level)
   latGETnl: 96451774 # GET request latency on next level
   latGETnet: 0 # GET request latency on network to next level
  l2-1: # Cache stats
   hGETS: 0 # GETS hits
   hGETX: 0 # GETX hits
   mGETS: 118580 # GETS misses
   mGETXIM: 250066 # GETX I->M misses
   mGETXSM: 8 # GETX S->M misses (upgrade misses)
   PUTS: 117616 # Clean evictions (from lower level)
   PUTX: 249700 # Dirty evictions (from lower level)
   INV: 22348 # Invalidates (from upper level)
   INVX: 23 # Downgrades (from upper level)
   FWD: 0 # Forwards (from upper level)
   latGETnl: 96382976 # GET request latency on next level
   latGETnet: 0 # GET request latency on network to next level
  l2-2: # Cache stats
   hGETS: 0 # GETS hits
   hGETX: 0 # GETX hits
   mGETS: 118605 # GETS misses
   mGETXIM: 250059 # GETX I->M misses
   mGETXSM: 6 # GETX S->M misses (upgrade misses)
   PUTS: 117617 # Clean evictions (from lower level)
   PUTX: 249706 # Dirty evictions (from lower level)
   INV: 23196 # Invalidates (from upper level)
   INVX: 5 # Downgrades (from upper level)
   FWD: 0 # Forwards (from upper level)
   latGETnl: 96385889 # GET request latency on next level
   latGETnet: 0 # GET request latency on network to next level
  l2-3: # Cache stats
   hGETS: 0 # GETS hits
   hGETX: 0 # GETX hits
   mGETS: 118575 # GETS misses
   mGETXIM: 250071 # GETX I->M misses
   mGETXSM: 8 # GETX S->M misses (upgrade misses)
   PUTS: 117614 # Clean evictions (from lower level)
   PUTX: 249701 # Dirty evictions (from lower level)
   INV: 21889 # Invalidates (from upper level)
   INVX: 29 # Downgrades (from upper level)
   FWD: 0 # Forwards (from upper level)
   latGETnl: 96384479 # GET request latency on next level
   latGETnet: 0 # GET request latency on network to next level
  l2-4: # Cache stats
   hGETS: 0 # GETS hits
   hGETX: 0 # GETX hits
   mGETS: 118583 # GETS misses
   mGETXIM: 250069 # GETX I->M misses
   mGETXSM: 8 # GETX S->M misses (upgrade misses)
   PUTS: 117616 # Clean evictions (from lower level)
   PUTX: 249700 # Dirty evictions (from lower level)
   INV: 21883 # Invalidates (from upper level)
   INVX: 19 # Downgrades (from upper level)
   FWD: 0 # Forwards (from upper level)
   latGETnl: 96376603 # GET request latency on next level
   latGETnet: 0 # GET request latency on network to next level
  l2-5: # Cache stats
   hGETS: 0 # GETS hits
   hGETX: 0 # GETX hits
   mGETS: 118585 # GETS misses
   mGETXIM: 250064 # GETX I->M misses
   mGETXSM: 9 # GETX S->M misses (upgrade misses)
   PUTS: 117614 # Clean evictions (from lower level)
   PUTX: 249702 # Dirty evictions (from lower level)
   INV: 23277 # Invalidates (from upper level)
   INVX: 18 # Downgrades (from upper level)
   FWD: 0 # Forwards (from upper level)
   latGETnl: 96376585 # GET request latency on next level
   latGETnet: 0 # GET request latency on network to next level
  l2-6: # Cache stats
   hGETS: 0 # GETS hits
   hGETX: 0 # GETX hits
   mGETS: 118587 # GETS misses
   mGETXIM: 250062 # GETX I->M misses
   mGETXSM: 7 # GETX S->M misses (upgrade misses)
   PUTS: 117613 # Clean evictions (from lower level)
   PUTX: 249701 # Dirty evictions (from lower level)
   INV: 36406 # Invalidates (from upper level)
   INVX: 18 # Downgrades (from upper level)
   FWD: 0 # Forwards (from upper level)
   latGETnl: 96375963 # GET request latency on next level
   latGETnet: 0 # GET request latency on network to next level
  l2-7: # Cache stats
   hGETS: 0 # GETS hits
   hGETX: 0 # GETX hits
   mGETS: 118543 # GETS misses
   mGETXIM: 250060 # GETX I->M misses
   mGETXSM: 7 # GETX S->M misses (upgrade misses)
   PUTS: 117605 # Clean evictions (from lower level)
   PUTX: 249699 # Dirty evictions (from lower level)
   INV: 22361 # Invalidates (from upper level)
   INVX: 6 # Downgrades (from upper level)
   FWD: 0 # Forwards (from upper level)
   latGETnl: 96376131 # GET request latency on next level
   latGETnet: 0 # GET request latency on network to next level
  l2-8: # Cache stats
   hGETS: 0 # GETS hits
   hGETX: 0 # GETX hits
   mGETS: 118547 # GETS misses
   mGETXIM: 250063 # GETX I->M misses
   mGETXSM: 6 # GETX S->M misses (upgrade misses)
   PUTS: 117604 # Clean evictions (from lower level)
   PUTX: 249702 # Dirty evictions (from lower level)
   INV: 28576 # Invalidates (from upper level)
   INVX: 19 # Downgrades (from upper level)
   FWD: 0 # Forwards (from upper level)
   latGETnl: 96377127 # GET request latency on next level
   latGETnet: 0 # GET request latency on network to next level
  l2-9: # Cache stats
   hGETS: 0 # GETS hits
   hGETX: 0 # GETX hits
   mGETS: 118561 # GETS misses
   mGETXIM: 250055 # GETX I->M misses
   mGETXSM: 5 # GETX S->M misses (upgrade misses)
   PUTS: 117604 # Clean evictions (from lower level)
   PUTX: 249700 # Dirty evictions (from lower level)
   INV: 21822 # Invalidates (from upper level)
   INVX: 16 # Downgrades (from upper level)
   FWD: 0 # Forwards (from upper level)
   latGETnl: 96376622 # GET request latency on next level
   latGETnet: 0 # GET request latency on network to next level
  l2-10: # Cache stats
   hGETS: 0 # GETS hits
   hGETX: 0 # GETX hits
   mGETS: 118552 # GETS misses
   mGETXIM: 250061 # GETX I->M misses
   mGETXSM: 5 # GETX S->M misses (upgrade misses)
   PUTS: 117607 # Clean evictions (from lower level)
   PUTX: 249699 # Dirty evictions (from lower level)
   INV: 35942 # Invalidates (from upper level)
   INVX: 4 # Downgrades (from upper level)
   FWD: 0 # Forwards (from upper level)
   latGETnl: 96373868 # GET request latency on next level
   latGETnet: 0 # GET request latency on network to next level
  l2-11: # Cache stats
   hGETS: 0 # GETS hits
   hGETX: 0 # GETX hits
   mGETS: 118569 # GETS misses
   mGETXIM: 250070 # GETX I->M misses
   mGETXSM: 9 # GETX S->M misses (upgrade misses)
   PUTS: 117613 # Clean evictions (from lower level)
   PUTX: 249717 # Dirty evictions (from lower level)
   INV: 38278 # Invalidates (from upper level)
   INVX: 19 # Downgrades (from upper level)
   FWD: 0 # Forwards (from upper level)
   latGETnl: 96383176 # GET request latency on next level
   latGETnet: 0 # GET request latency on network to next level
  l2-12: # Cache stats
   hGETS: 0 # GETS hits
   hGETX: 0 # GETX hits
   mGETS: 118552 # GETS misses
   mGETXIM: 250061 # GETX I->M misses
   mGETXSM: 5 # GETX S->M misses (upgrade misses)
   PUTS: 117604 # Clean evictions (from lower level)
   PUTX: 249701 # Dirty evictions (from lower level)
   INV: 21789 # Invalidates (from upper level)
   INVX: 14 # Downgrades (from upper level)
   FWD: 0 # Forwards (from upper level)
   latGETnl: 96374795 # GET request latency on next level
   latGETnet: 0 # GET request latency on network to next level
  l2-13: # Cache stats
   hGETS: 0 # GETS hits
   hGETX: 0 # GETX hits
   mGETS: 118544 # GETS misses
   mGETXIM: 250059 # GETX I->M misses
   mGETXSM: 6 # GETX S->M misses (upgrade misses)
   PUTS: 117604 # Clean evictions (from lower level)
   PUTX: 249699 # Dirty evictions (from lower level)
   INV: 28179 # Invalidates (from upper level)
   INVX: 18 # Downgrades (from upper level)
   FWD: 0 # Forwards (from upper level)
   latGETnl: 96374224 # GET request latency on next level
   latGETnet: 0 # GET request latency on network to next level
  l2-14: # Cache stats
   hGETS: 0 # GETS hits
   hGETX: 0 # GETX hits
   mGETS: 118548 # GETS misses
   mGETXIM: 250056 # GETX I->M misses
   mGETXSM: 6 # GETX S->M misses (upgrade misses)
   PUTS: 117604 # Clean evictions (from lower level)
   PUTX: 249699 # Dirty evictions (from lower level)
   INV: 21866 # Invalidates (from upper level)
   INVX: 3 # Downgrades (from upper level)
   FWD: 0 # Forwards (from upper level)
   latGETnl: 96370844 # GET request latency on next level
   latGETnet: 0 # GET request latency on network to next level
  l2-15: # Cache stats
   hGETS: 0 # GETS hits
   hGETX: 0 # GETX hits
   mGETS: 118550 # GETS misses
   mGETXIM: 250059 # GETX I->M misses
   mGETXSM: 5 # GETX S->M misses (upgrade misses)
   PUTS: 117605 # Clean evictions (from lower level)
   PUTX: 249700 # Dirty evictions (from lower level)
   INV: 22029 # Invalidates (from upper level)
   INVX: 1 # Downgrades (from upper level)
   FWD: 0 # Forwards (from upper level)
   latGETnl: 96371400 # GET request latency on next level
   latGETnet: 0 # GET request latency on network to next level
  l2-16: # Cache stats
   hGETS: 0 # GETS hits
   hGETX: 0 # GETX hits
   mGETS: 118679 # GETS misses
   mGETXIM: 250048 # GETX I->M misses
   mGETXSM: 13 # GETX S->M misses (upgrade misses)
   PUTS: 117653 # Clean evictions (from lower level)
   PUTX: 249706 # Dirty evictions (from lower level)
   INV: 22017 # Invalidates (from upper level)
   INVX: 2 # Downgrades (from upper level)
   FWD: 0 # Forwards (from upper level)
   latGETnl: 96392547 # GET request latency on next level
   latGETnet: 0 # GET request latency on network to next level
  l2-17: # Cache stats
   hGETS: 0 # GETS hits
   hGETX: 0 # GETX hits
   mGETS: 118542 # GETS misses
   mGETXIM: 250055 # GETX I->M misses
   mGETXSM: 5 # GETX S->M misses (upgrade misses)
   PUTS: 117604 # Clean evictions (from lower level)
   PUTX: 249701 # Dirty evictions (from lower level)
   INV: 28615 # Invalidates (from upper level)
   INVX: 4 # Downgrades (from upper level)
   FWD: 0 # Forwards (from upper level)
   latGETnl: 96371714 # GET request latency on next level
   latGETnet: 0 # GET request latency on network to next level
  l2-18: # Cache stats
   hGETS: 0 # GETS hits
   hGETX: 0 # GETX hits
   mGETS: 118550 # GETS misses
   mGETXIM: 250060 # GETX I->M misses
   mGETXSM: 4 # GETX S->M misses (upgrade misses)
   PUTS: 117606 # Clean evictions (from lower level)
   PUTX: 249700 # Dirty evictions (from lower level)
   INV: 36666 # Invalidates (from upper level)
   INVX: 1 # Downgrades (from upper level)
   FWD: 0 # Forwards (from upper level)
   latGETnl: 96370697 # GET request latency on next level
   latGETnet: 0 # GET request latency on network to next level
  l2-19: # Cache stats
   hGETS: 0 # GETS hits
   hGETX: 0 # GETX hits
   mGETS: 118550 # GETS misses
   mGETXIM: 250056 # GETX I->M misses
   mGETXSM: 5 # GETX S->M misses (upgrade misses)
   PUTS: 117604 # Clean evictions (from lower level)
   PUTX: 249698 # Dirty evictions (from lower level)
   INV: 21802 # Invalidates (from upper level)
   INVX: 2 # Downgrades (from upper level)
   FWD: 0 # Forwards (from upper level)
   latGETnl: 96370164 # GET request latency on next level
   latGETnet: 0 # GET request latency on network to next level
  l2-20: # Cache stats
   hGETS: 0 # GETS hits
   hGETX: 0 # GETX hits
   mGETS: 118549 # GETS misses
   mGETXIM: 250056 # GETX I->M misses
   mGETXSM: 6 # GETX S->M misses (upgrade misses)
   PUTS: 117604 # Clean evictions (from lower level)
   PUTX: 249700 # Dirty evictions (from lower level)
   INV: 22089 # Invalidates (from upper level)
   INVX: 2 # Downgrades (from upper level)
   FWD: 0 # Forwards (from upper level)
   latGETnl: 96370642 # GET request latency on next level
   latGETnet: 0 # GET request latency on network to next level
  l2-21: # Cache stats
   hGETS: 0 # GETS hits
   hGETX: 0 # GETX hits
   mGETS: 118549 # GETS misses
   mGETXIM: 250057 # GETX I->M misses
   mGETXSM: 6 # GETX S->M misses (upgrade misses)
   PUTS: 117605 # Clean evictions (from lower level)
   PUTX: 249699 # Dirty evictions (from lower level)
   INV: 29484 # Invalidates (from upper level)
   INVX: 2 # Downgrades (from upper level)
   FWD: 0 # Forwards (from upper level)
   latGETnl: 96370454 # GET request latency on next level
   latGETnet: 0 # GET request latency on network to next level
  l2-22: # Cache stats
   hGETS: 0 # GETS hits
   hGETX: 0 # GETX hits
   mGETS: 118540 # GETS misses
   mGETXIM: 250058 # GETX I->M misses
   mGETXSM: 6 # GETX S->M misses (upgrade misses)
   PUTS: 117603 # Clean evictions (from lower level)
   PUTX: 249700 # Dirty evictions (from lower level)
   INV: 39287 # Invalidates (from upper level)
   INVX: 2 # Downgrades (from upper level)
   FWD: 0 # Forwards (from upper level)
   latGETnl: 96369483 # GET request latency on next level
   latGETnet: 0 # GET request latency on network to next level
  l2-23: # Cache stats
   hGETS: 0 # GETS hits
   hGETX: 0 # GETX hits
   mGETS: 0 # GETS misses
   mGETXIM: 0 # GETX I->M misses
   mGETXSM: 0 # GETX S->M misses (upgrade misses)
   PUTS: 0 # Clean evictions (from lower level)
   PUTX: 0 # Dirty evictions (from lower level)
   INV: 0 # Invalidates (from upper level)
   INVX: 0 # Downgrades (from upper level)
   FWD: 0 # Forwards (from upper level)
   latGETnl: 0 # GET request latency on next level
   latGETnet: 0 # GET request latency on network to next level
 l3: # Cache stats
  l3-0b0: # Cache stats
   hGETS: 821 # GETS hits
   hGETX: 54 # GETX hits
   mGETS: 112827 # GETS misses
   mGETXIM: 239636 # GETX I->M misses
   mGETXSM: 0 # GETX S->M misses (upgrade misses)
   PUTS: 100117 # Clean evictions (from lower level)
   PUTX: 212454 # Dirty evictions (from lower level)
   INV: 0 # Invalidates (from upper level)
   INVX: 0 # Downgrades (from upper level)
   FWD: 0 # Forwards (from upper level)
   latGETnl: 79304175 # GET request latency on next level
   latGETnet: 0 # GET request latency on network to next level
  l3-0b1: # Cache stats
   hGETS: 814 # GETS hits
   hGETX: 35 # GETX hits
   mGETS: 112751 # GETS misses
   mGETXIM: 239638 # GETX I->M misses
   mGETXSM: 0 # GETX S->M misses (upgrade misses)
   PUTS: 99868 # Clean evictions (from lower level)
   PUTX: 212097 # Dirty evictions (from lower level)
   INV: 0 # Invalidates (from upper level)
   INVX: 0 # Downgrades (from upper level)
   FWD: 0 # Forwards (from upper level)
   latGETnl: 79287525 # GET request latency on next level
   latGETnet: 0 # GET request latency on network to next level
  l3-0b2: # Cache stats
   hGETS: 724 # GETS hits
   hGETX: 40 # GETX hits
   mGETS: 112768 # GETS misses
   mGETXIM: 239647 # GETX I->M misses
   mGETXSM: 0 # GETX S->M misses (upgrade misses)
   PUTS: 99918 # Clean evictions (from lower level)
   PUTX: 212242 # Dirty evictions (from lower level)
   INV: 0 # Invalidates (from upper level)
   INVX: 0 # Downgrades (from upper level)
   FWD: 0 # Forwards (from upper level)
   latGETnl: 79293375 # GET request latency on next level
   latGETnet: 0 # GET request latency on network to next level
  l3-0b3: # Cache stats
   hGETS: 837 # GETS hits
   hGETX: 61 # GETX hits
   mGETS: 112840 # GETS misses
   mGETXIM: 239640 # GETX I->M misses
   mGETXSM: 0 # GETX S->M misses (upgrade misses)
   PUTS: 100028 # Clean evictions (from lower level)
   PUTX: 212357 # Dirty evictions (from lower level)
   INV: 0 # Invalidates (from upper level)
   INVX: 0 # Downgrades (from upper level)
   FWD: 0 # Forwards (from upper level)
   latGETnl: 79308000 # GET request latency on next level
   latGETnet: 0 # GET request latency on network to next level
  l3-0b4: # Cache stats
   hGETS: 822 # GETS hits
   hGETX: 27 # GETX hits
   mGETS: 112814 # GETS misses
   mGETXIM: 239631 # GETX I->M misses
   mGETXSM: 0 # GETX S->M misses (upgrade misses)
   PUTS: 100012 # Clean evictions (from lower level)
   PUTX: 212166 # Dirty evictions (from lower level)
   INV: 0 # Invalidates (from upper level)
   INVX: 0 # Downgrades (from upper level)
   FWD: 0 # Forwards (from upper level)
   latGETnl: 79300125 # GET request latency on next level
   latGETnet: 0 # GET request latency on network to next level
  l3-0b5: # Cache stats
   hGETS: 911 # GETS hits
   hGETX: 22 # GETX hits
   mGETS: 112829 # GETS misses
   mGETXIM: 239641 # GETX I->M misses
   mGETXSM: 0 # GETX S->M misses (upgrade misses)
   PUTS: 100152 # Clean evictions (from lower level)
   PUTX: 212531 # Dirty evictions (from lower level)
   INV: 0 # Invalidates (from upper level)
   INVX: 0 # Downgrades (from upper level)
   FWD: 0 # Forwards (from upper level)
   latGETnl: 79305750 # GET request latency on next level
   latGETnet: 0 # GET request latency on network to next level
  l3-0b6: # Cache stats
   hGETS: 719 # GETS hits
   hGETX: 36 # GETX hits
   mGETS: 112815 # GETS misses
   mGETXIM: 239634 # GETX I->M misses
   mGETXSM: 0 # GETX S->M misses (upgrade misses)
   PUTS: 99945 # Clean evictions (from lower level)
   PUTX: 212221 # Dirty evictions (from lower level)
   INV: 0 # Invalidates (from upper level)
   INVX: 0 # Downgrades (from upper level)
   FWD: 0 # Forwards (from upper level)
   latGETnl: 79301025 # GET request latency on next level
   latGETnet: 0 # GET request latency on network to next level
  l3-0b7: # Cache stats
   hGETS: 1246 # GETS hits
   hGETX: 59 # GETX hits
   mGETS: 112824 # GETS misses
   mGETXIM: 239632 # GETX I->M misses
   mGETXSM: 0 # GETX S->M misses (upgrade misses)
   PUTS: 100446 # Clean evictions (from lower level)
   PUTX: 212361 # Dirty evictions (from lower level)
   INV: 0 # Invalidates (from upper level)
   INVX: 0 # Downgrades (from upper level)
   FWD: 0 # Forwards (from upper level)
   latGETnl: 79302600 # GET request latency on next level
   latGETnet: 0 # GET request latency on network to next level
  l3-0b8: # Cache stats
   hGETS: 805 # GETS hits
   hGETX: 50 # GETX hits
   mGETS: 112818 # GETS misses
   mGETXIM: 239643 # GETX I->M misses
   mGETXSM: 0 # GETX S->M misses (upgrade misses)
   PUTS: 100174 # Clean evictions (from lower level)
   PUTX: 212392 # Dirty evictions (from lower level)
   INV: 0 # Invalidates (from upper level)
   INVX: 0 # Downgrades (from upper level)
   FWD: 0 # Forwards (from upper level)
   latGETnl: 79303725 # GET request latency on next level
   latGETnet: 0 # GET request latency on network to next level
  l3-0b9: # Cache stats
   hGETS: 798 # GETS hits
   hGETX: 39 # GETX hits
   mGETS: 112992 # GETS misses
   mGETXIM: 239637 # GETX I->M misses
   mGETXSM: 0 # GETX S->M misses (upgrade misses)
   PUTS: 100135 # Clean evictions (from lower level)
   PUTX: 212299 # Dirty evictions (from lower level)
   INV: 0 # Invalidates (from upper level)
   INVX: 0 # Downgrades (from upper level)
   FWD: 0 # Forwards (from upper level)
   latGETnl: 79341525 # GET request latency on next level
   latGETnet: 0 # GET request latency on network to next level
  l3-0b10: # Cache stats
   hGETS: 1337 # GETS hits
   hGETX: 14 # GETX hits
   mGETS: 112885 # GETS misses
   mGETXIM: 239641 # GETX I->M misses
   mGETXSM: 0 # GETX S->M misses (upgrade misses)
   PUTS: 100687 # Clean evictions (from lower level)
   PUTX: 212329 # Dirty evictions (from lower level)
   INV: 0 # Invalidates (from upper level)
   INVX: 0 # Downgrades (from upper level)
   FWD: 0 # Forwards (from upper level)
   latGETnl: 79318350 # GET request latency on next level
   latGETnet: 0 # GET request latency on network to next level
  l3-0b11: # Cache stats
   hGETS: 753 # GETS hits
   hGETX: 25 # GETX hits
   mGETS: 112890 # GETS misses
   mGETXIM: 239644 # GETX I->M misses
   mGETXSM: 0 # GETX S->M misses (upgrade misses)
   PUTS: 100073 # Clean evictions (from lower level)
   PUTX: 212294 # Dirty evictions (from lower level)
   INV: 0 # Invalidates (from upper level)
   INVX: 0 # Downgrades (from upper level)
   FWD: 0 # Forwards (from upper level)
   latGETnl: 79320150 # GET request latency on next level
   latGETnet: 0 # GET request latency on network to next level
  l3-0b12: # Cache stats
   hGETS: 1275 # GETS hits
   hGETX: 62 # GETX hits
   mGETS: 112786 # GETS misses
   mGETXIM: 239642 # GETX I->M misses
   mGETXSM: 0 # GETX S->M misses (upgrade misses)
   PUTS: 100444 # Clean evictions (from lower level)
   PUTX: 212265 # Dirty evictions (from lower level)
   INV: 0 # Invalidates (from upper level)
   INVX: 0 # Downgrades (from upper level)
   FWD: 0 # Forwards (from upper level)
   latGETnl: 79296300 # GET request latency on next level
   latGETnet: 0 # GET request latency on network to next level
  l3-0b13: # Cache stats
   hGETS: 1254 # GETS hits
   hGETX: 54 # GETX hits
   mGETS: 112641 # GETS misses
   mGETXIM: 239642 # GETX I->M misses
   mGETXSM: 0 # GETX S->M misses (upgrade misses)
   PUTS: 100351 # Clean evictions (from lower level)
   PUTX: 212162 # Dirty evictions (from lower level)
   INV: 0 # Invalidates (from upper level)
   INVX: 0 # Downgrades (from upper level)
   FWD: 0 # Forwards (from upper level)
   latGETnl: 79263675 # GET request latency on next level
   latGETnet: 0 # GET request latency on network to next level
  l3-0b14: # Cache stats
   hGETS: 1367 # GETS hits
   hGETX: 16 # GETX hits
   mGETS: 112774 # GETS misses
   mGETXIM: 239644 # GETX I->M misses
   mGETXSM: 0 # GETX S->M misses (upgrade misses)
   PUTS: 100565 # Clean evictions (from lower level)
   PUTX: 212159 # Dirty evictions (from lower level)
   INV: 0 # Invalidates (from upper level)
   INVX: 0 # Downgrades (from upper level)
   FWD: 0 # Forwards (from upper level)
   latGETnl: 79294050 # GET request latency on next level
   latGETnet: 0 # GET request latency on network to next level
  l3-0b15: # Cache stats
   hGETS: 1318 # GETS hits
   hGETX: 23 # GETX hits
   mGETS: 112675 # GETS misses
   mGETXIM: 239645 # GETX I->M misses
   mGETXSM: 0 # GETX S->M misses (upgrade misses)
   PUTS: 100486 # Clean evictions (from lower level)
   PUTX: 212405 # Dirty evictions (from lower level)
   INV: 0 # Invalidates (from upper level)
   INVX: 0 # Downgrades (from upper level)
   FWD: 0 # Forwards (from upper level)
   latGETnl: 79272000 # GET request latency on next level
   latGETnet: 0 # GET request latency on network to next level
  l3-0b16: # Cache stats
   hGETS: 357 # GETS hits
   hGETX: 55 # GETX hits
   mGETS: 112760 # GETS misses
   mGETXIM: 239548 # GETX I->M misses
   mGETXSM: 0 # GETX S->M misses (upgrade misses)
   PUTS: 99352 # Clean evictions (from lower level)
   PUTX: 212024 # Dirty evictions (from lower level)
   INV: 0 # Invalidates (from upper level)
   INVX: 0 # Downgrades (from upper level)
   FWD: 0 # Forwards (from upper level)
   latGETnl: 79269300 # GET request latency on next level
   latGETnet: 0 # GET request latency on network to next level
  l3-0b17: # Cache stats
   hGETS: 924 # GETS hits
   hGETX: 36 # GETX hits
   mGETS: 112664 # GETS misses
   mGETXIM: 239548 # GETX I->M misses
   mGETXSM: 0 # GETX S->M misses (upgrade misses)
   PUTS: 100204 # Clean evictions (from lower level)
   PUTX: 212336 # Dirty evictions (from lower level)
   INV: 0 # Invalidates (from upper level)
   INVX: 0 # Downgrades (from upper level)
   FWD: 0 # Forwards (from upper level)
   latGETnl: 79247700 # GET request latency on next level
   latGETnet: 0 # GET request latency on network to next level
  l3-0b18: # Cache stats
   hGETS: 246 # GETS hits
   hGETX: 17 # GETX hits
   mGETS: 112738 # GETS misses
   mGETXIM: 239544 # GETX I->M misses
   mGETXSM: 0 # GETX S->M misses (upgrade misses)
   PUTS: 99382 # Clean evictions (from lower level)
   PUTX: 212265 # Dirty evictions (from lower level)
   INV: 0 # Invalidates (from upper level)
   INVX: 0 # Downgrades (from upper level)
   FWD: 0 # Forwards (from upper level)
   latGETnl: 79263450 # GET request latency on next level
   latGETnet: 0 # GET request latency on network to next level
  l3-0b19: # Cache stats
   hGETS: 318 # GETS hits
   hGETX: 53 # GETX hits
   mGETS: 112677 # GETS misses
   mGETXIM: 239545 # GETX I->M misses
   mGETXSM: 0 # GETX S->M misses (upgrade misses)
   PUTS: 99392 # Clean evictions (from lower level)
   PUTX: 212212 # Dirty evictions (from lower level)
   INV: 0 # Invalidates (from upper level)
   INVX: 0 # Downgrades (from upper level)
   FWD: 0 # Forwards (from upper level)
   latGETnl: 79249950 # GET request latency on next level
   latGETnet: 0 # GET request latency on network to next level
  l3-0b20: # Cache stats
   hGETS: 309 # GETS hits
   hGETX: 24 # GETX hits
   mGETS: 112777 # GETS misses
   mGETXIM: 239555 # GETX I->M misses
   mGETXSM: 0 # GETX S->M misses (upgrade misses)
   PUTS: 99616 # Clean evictions (from lower level)
   PUTX: 212308 # Dirty evictions (from lower level)
   INV: 0 # Invalidates (from upper level)
   INVX: 0 # Downgrades (from upper level)
   FWD: 0 # Forwards (from upper level)
   latGETnl: 79274700 # GET request latency on next level
   latGETnet: 0 # GET request latency on network to next level
  l3-0b21: # Cache stats
   hGETS: 283 # GETS hits
   hGETX: 22 # GETX hits
   mGETS: 112916 # GETS misses
   mGETXIM: 239552 # GETX I->M misses
   mGETXSM: 0 # GETX S->M misses (upgrade misses)
   PUTS: 99602 # Clean evictions (from lower level)
   PUTX: 212138 # Dirty evictions (from lower level)
   INV: 0 # Invalidates (from upper level)
   INVX: 0 # Downgrades (from upper level)
   FWD: 0 # Forwards (from upper level)
   latGETnl: 79305300 # GET request latency on next level
   latGETnet: 0 # GET request latency on network to next level
  l3-0b22: # Cache stats
   hGETS: 902 # GETS hits
   hGETX: 59 # GETX hits
   mGETS: 112812 # GETS misses
   mGETXIM: 239550 # GETX I->M misses
   mGETXSM: 0 # GETX S->M misses (upgrade misses)
   PUTS: 100200 # Clean evictions (from lower level)
   PUTX: 212288 # Dirty evictions (from lower level)
   INV: 0 # Invalidates (from upper level)
   INVX: 0 # Downgrades (from upper level)
   FWD: 0 # Forwards (from upper level)
   latGETnl: 79281450 # GET request latency on next level
   latGETnet: 0 # GET request latency on network to next level
  l3-0b23: # Cache stats
   hGETS: 830 # GETS hits
   hGETX: 70 # GETX hits
   mGETS: 112913 # GETS misses
   mGETXIM: 239546 # GETX I->M misses
   mGETXSM: 0 # GETX S->M misses (upgrade misses)
   PUTS: 100017 # Clean evictions (from lower level)
   PUTX: 212035 # Dirty evictions (from lower level)
   INV: 0 # Invalidates (from upper level)
   INVX: 0 # Downgrades (from upper level)
   FWD: 0 # Forwards (from upper level)
   latGETnl: 79303275 # GET request latency on next level
   latGETnet: 0 # GET request latency on network to next level
 mem: # Memory controller stats
  mem-0: # Memory controller stats
   rd: 8451548 # Read requests
   wr: 5365677 # Write requests
   rdlat: 1951711531 # Total latency experienced by read requests
   wrlat: 1241400581 # Total latency experienced by write requests
 sched: # Scheduler stats
  thCr: 25 # Threads created
  thFn: 25 # Threads finished
  schedEvs: 26 # Schedule events
  waitEvs: 2 # Wait events
  handoffEvs: 1 # Handoff events
  sleepEvs: 1 # Sleep events
  idlePhases: 0 # Phases with no thread active
  idlePeriods: 0 # Periods with no thread active
  occHist: # Occupancy histogram
   0: 0
   1: 36
   2: 0
   3: 2
   4: 2
   5: 1
   6: 1
   7: 0
   8: 1
   9: 0
   10: 0
   11: 0
   12: 1
   13: 0
   14: 1
   15: 0
   16: 0
   17: 1
   18: 0
   19: 0
   20: 1
   21: 0
   22: 0
   23: 253543
   24: 0
  rqSzHist: # Run queue size histogram
   0: 253561
   1: 29
   2: 0
   3: 0
   4: 0
   5: 0
   6: 0
   7: 0
   8: 0
   9: 0
   10: 0
   11: 0
   12: 0
   13: 0
   14: 0
   15: 0
   16: 0
   17: 0
   18: 0
   19: 0
   20: 0
   21: 0
   22: 0
   23: 0
   24: 0
 procCycles: # Per-process unhalted core cycles
  0: 5831619768
  1: 0
  2: 0
  3: 0
  4: 0
  5: 0
  6: 0
  7: 0
  8: 0
  9: 0
  10: 0
  11: 0
  12: 0
  13: 0
  14: 0
  15: 0
  16: 0
  17: 0
  18: 0
  19: 0
  20: 0
  21: 0
  22: 0
  23: 0
  24: 0
  25: 0
  26: 0
  27: 0
  28: 0
  29: 0
  30: 0
  31: 0
  32: 0
  33: 0
  34: 0
  35: 0
  36: 0
  37: 0
  38: 0
  39: 0
  40: 0
  41: 0
  42: 0
  43: 0
  44: 0
  45: 0
  46: 0
  47: 0
  48: 0
  49: 0
  50: 0
  51: 0
  52: 0
  53: 0
  54: 0
  55: 0
  56: 0
  57: 0
  58: 0
  59: 0
  60: 0
  61: 0
  62: 0
  63: 0
 procInstrs: # Per-process instructions
  0: 8685638683
  1: 0
  2: 0
  3: 0
  4: 0
  5: 0
  6: 0
  7: 0
  8: 0
  9: 0
  10: 0
  11: 0
  12: 0
  13: 0
  14: 0
  15: 0
  16: 0
  17: 0
  18: 0
  19: 0
  20: 0
  21: 0
  22: 0
  23: 0
  24: 0
  25: 0
  26: 0
  27: 0
  28: 0
  29: 0
  30: 0
  31: 0
  32: 0
  33: 0
  34: 0
  35: 0
  36: 0
  37: 0
  38: 0
  39: 0
  40: 0
  41: 0
  42: 0
  43: 0
  44: 0
  45: 0
  46: 0
  47: 0
  48: 0
  49: 0
  50: 0
  51: 0
  52: 0
  53: 0
  54: 0
  55: 0
  56: 0
  57: 0
  58: 0
  59: 0
  60: 0
  61: 0
  62: 0
  63: 0
 heartbeats: # Per-process heartbeats
  0: 0
  1: 0
  2: 0
  3: 0
  4: 0
  5: 0
  6: 0
  7: 0
  8: 0
  9: 0
  10: 0
  11: 0
  12: 0
  13: 0
  14: 0
  15: 0
  16: 0
  17: 0
  18: 0
  19: 0
  20: 0
  21: 0
  22: 0
  23: 0
  24: 0
  25: 0
  26: 0
  27: 0
  28: 0
  29: 0
  30: 0
  31: 0
  32: 0
  33: 0
  34: 0
  35: 0
  36: 0
  37: 0
  38: 0
  39: 0
  40: 0
  41: 0
  42: 0
  43: 0
  44: 0
  45: 0
  46: 0
  47: 0
  48: 0
  49: 0
  50: 0
  51: 0
  52: 0
  53: 0
  54: 0
  55: 0
  56: 0
  57: 0
  58: 0
  59: 0
  60: 0
  61: 0
  62: 0
  63: 0
===
