# zsim stats
===
root: # Stats
 contention: # Contention simulation stats
  domain-0: # Domain stats
   time: 7713161386 # Weave simulation time
 time: # Simulator time breakdown
  init: 3102347483
  bound: 766517126382
  weave: 13083924617
  ff: 1619693
 trigger: 20000 # Reason for this stats dump
 phase: 194629 # Simulated phases
 reqCycles: 0 # Requeue Cycles
 skylake: # Core stats
  skylake-0: # Core stats
   cycles: 194629012 # Simulated unhalted cycles
   cCycles: 1001420 # Cycles due to contention stalls
   instrs: 289116974 # Simulated instructions
   uops: 194036175 # issued micro-ops
   bbls: 95950841 # Basic blocks
   approxInstrs: 731266 # Instrs with approx uop decoding
   mispredBranches: 106407 # Mispredicted branches
   IdqNotDelivered: 193627592 # Stalls no uop delivered when no Bkend Stall
   IntMiscRecoveryCycles: 860801 # Stalls waiting machine clears
   uops executed: 194373353 # Executed microoperations
  skylake-1: # Core stats
   cycles: 194605302 # Simulated unhalted cycles
   cCycles: 1001423 # Cycles due to contention stalls
   instrs: 289116204 # Simulated instructions
   uops: 194035135 # issued micro-ops
   bbls: 95950755 # Basic blocks
   approxInstrs: 731264 # Instrs with approx uop decoding
   mispredBranches: 106381 # Mispredicted branches
   IdqNotDelivered: 193603879 # Stalls no uop delivered when no Bkend Stall
   IntMiscRecoveryCycles: 855867 # Stalls waiting machine clears
   uops executed: 194372286 # Executed microoperations
  skylake-2: # Core stats
   cycles: 194602263 # Simulated unhalted cycles
   cCycles: 1001424 # Cycles due to contention stalls
   instrs: 289112043 # Simulated instructions
   uops: 194032122 # issued micro-ops
   bbls: 95949442 # Basic blocks
   approxInstrs: 731252 # Instrs with approx uop decoding
   mispredBranches: 106376 # Mispredicted branches
   IdqNotDelivered: 193600839 # Stalls no uop delivered when no Bkend Stall
   IntMiscRecoveryCycles: 857409 # Stalls waiting machine clears
   uops executed: 194369330 # Executed microoperations
  skylake-3: # Core stats
   cycles: 194603704 # Simulated unhalted cycles
   cCycles: 1001409 # Cycles due to contention stalls
   instrs: 289115635 # Simulated instructions
   uops: 194034618 # issued micro-ops
   bbls: 95950598 # Basic blocks
   approxInstrs: 731260 # Instrs with approx uop decoding
   mispredBranches: 106373 # Mispredicted branches
   IdqNotDelivered: 193602295 # Stalls no uop delivered when no Bkend Stall
   IntMiscRecoveryCycles: 856123 # Stalls waiting machine clears
   uops executed: 194371790 # Executed microoperations
  skylake-4: # Core stats
   cycles: 194602121 # Simulated unhalted cycles
   cCycles: 1001415 # Cycles due to contention stalls
   instrs: 289115960 # Simulated instructions
   uops: 194034851 # issued micro-ops
   bbls: 95950705 # Basic blocks
   approxInstrs: 731262 # Instrs with approx uop decoding
   mispredBranches: 106376 # Mispredicted branches
   IdqNotDelivered: 193600706 # Stalls no uop delivered when no Bkend Stall
   IntMiscRecoveryCycles: 855721 # Stalls waiting machine clears
   uops executed: 194372010 # Executed microoperations
  skylake-5: # Core stats
   cycles: 194601011 # Simulated unhalted cycles
   cCycles: 1001420 # Cycles due to contention stalls
   instrs: 289115446 # Simulated instructions
   uops: 194034492 # issued micro-ops
   bbls: 95950535 # Basic blocks
   approxInstrs: 731260 # Instrs with approx uop decoding
   mispredBranches: 106373 # Mispredicted branches
   IdqNotDelivered: 193599591 # Stalls no uop delivered when no Bkend Stall
   IntMiscRecoveryCycles: 855328 # Stalls waiting machine clears
   uops executed: 194371664 # Executed microoperations
  skylake-6: # Core stats
   cycles: 194600722 # Simulated unhalted cycles
   cCycles: 1001421 # Cycles due to contention stalls
   instrs: 289115323 # Simulated instructions
   uops: 194034092 # issued micro-ops
   bbls: 95950569 # Basic blocks
   approxInstrs: 731256 # Instrs with approx uop decoding
   mispredBranches: 106370 # Mispredicted branches
   IdqNotDelivered: 193599301 # Stalls no uop delivered when no Bkend Stall
   IntMiscRecoveryCycles: 856815 # Stalls waiting machine clears
   uops executed: 194371255 # Executed microoperations
  skylake-7: # Core stats
   cycles: 194600011 # Simulated unhalted cycles
   cCycles: 1001410 # Cycles due to contention stalls
   instrs: 289115022 # Simulated instructions
   uops: 194033875 # issued micro-ops
   bbls: 95950470 # Basic blocks
   approxInstrs: 731254 # Instrs with approx uop decoding
   mispredBranches: 106367 # Mispredicted branches
   IdqNotDelivered: 193598601 # Stalls no uop delivered when no Bkend Stall
   IntMiscRecoveryCycles: 855901 # Stalls waiting machine clears
   uops executed: 194371051 # Executed microoperations
  skylake-8: # Core stats
   cycles: 194600002 # Simulated unhalted cycles
   cCycles: 1001419 # Cycles due to contention stalls
   instrs: 289114084 # Simulated instructions
   uops: 194033584 # issued micro-ops
   bbls: 95950081 # Basic blocks
   approxInstrs: 731260 # Instrs with approx uop decoding
   mispredBranches: 106373 # Mispredicted branches
   IdqNotDelivered: 193598583 # Stalls no uop delivered when no Bkend Stall
   IntMiscRecoveryCycles: 855392 # Stalls waiting machine clears
   uops executed: 194370756 # Executed microoperations
  skylake-9: # Core stats
   cycles: 194599710 # Simulated unhalted cycles
   cCycles: 1001419 # Cycles due to contention stalls
   instrs: 289115323 # Simulated instructions
   uops: 194034092 # issued micro-ops
   bbls: 95950569 # Basic blocks
   approxInstrs: 731256 # Instrs with approx uop decoding
   mispredBranches: 106370 # Mispredicted branches
   IdqNotDelivered: 193598291 # Stalls no uop delivered when no Bkend Stall
   IntMiscRecoveryCycles: 856248 # Stalls waiting machine clears
   uops executed: 194371255 # Executed microoperations
  skylake-10: # Core stats
   cycles: 194599703 # Simulated unhalted cycles
   cCycles: 1001450 # Cycles due to contention stalls
   instrs: 289114845 # Simulated instructions
   uops: 194033757 # issued micro-ops
   bbls: 95950411 # Basic blocks
   approxInstrs: 731254 # Instrs with approx uop decoding
   mispredBranches: 106367 # Mispredicted branches
   IdqNotDelivered: 193598253 # Stalls no uop delivered when no Bkend Stall
   IntMiscRecoveryCycles: 855899 # Stalls waiting machine clears
   uops executed: 194370933 # Executed microoperations
  skylake-11: # Core stats
   cycles: 194599011 # Simulated unhalted cycles
   cCycles: 1001410 # Cycles due to contention stalls
   instrs: 289114711 # Simulated instructions
   uops: 194033891 # issued micro-ops
   bbls: 95950271 # Basic blocks
   approxInstrs: 731258 # Instrs with approx uop decoding
   mispredBranches: 106370 # Mispredicted branches
   IdqNotDelivered: 193597601 # Stalls no uop delivered when no Bkend Stall
   IntMiscRecoveryCycles: 855815 # Stalls waiting machine clears
   uops executed: 194371150 # Executed microoperations
  skylake-12: # Core stats
   cycles: 194599064 # Simulated unhalted cycles
   cCycles: 1001416 # Cycles due to contention stalls
   instrs: 289115328 # Simulated instructions
   uops: 194034099 # issued micro-ops
   bbls: 95950571 # Basic blocks
   approxInstrs: 731256 # Instrs with approx uop decoding
   mispredBranches: 106370 # Mispredicted branches
   IdqNotDelivered: 193597648 # Stalls no uop delivered when no Bkend Stall
   IntMiscRecoveryCycles: 856215 # Stalls waiting machine clears
   uops executed: 194371262 # Executed microoperations
  skylake-13: # Core stats
   cycles: 194598803 # Simulated unhalted cycles
   cCycles: 1001427 # Cycles due to contention stalls
   instrs: 289115317 # Simulated instructions
   uops: 194034084 # issued micro-ops
   bbls: 95950567 # Basic blocks
   approxInstrs: 731256 # Instrs with approx uop decoding
   mispredBranches: 106370 # Mispredicted branches
   IdqNotDelivered: 193597376 # Stalls no uop delivered when no Bkend Stall
   IntMiscRecoveryCycles: 855804 # Stalls waiting machine clears
   uops executed: 194371246 # Executed microoperations
  skylake-14: # Core stats
   cycles: 194598019 # Simulated unhalted cycles
   cCycles: 1001411 # Cycles due to contention stalls
   instrs: 289115309 # Simulated instructions
   uops: 194034073 # issued micro-ops
   bbls: 95950565 # Basic blocks
   approxInstrs: 731256 # Instrs with approx uop decoding
   mispredBranches: 106369 # Mispredicted branches
   IdqNotDelivered: 193596608 # Stalls no uop delivered when no Bkend Stall
   IntMiscRecoveryCycles: 855608 # Stalls waiting machine clears
   uops executed: 194371245 # Executed microoperations
  skylake-15: # Core stats
   cycles: 194598029 # Simulated unhalted cycles
   cCycles: 1001415 # Cycles due to contention stalls
   instrs: 289115316 # Simulated instructions
   uops: 194034083 # issued micro-ops
   bbls: 95950566 # Basic blocks
   approxInstrs: 731256 # Instrs with approx uop decoding
   mispredBranches: 106370 # Mispredicted branches
   IdqNotDelivered: 193596614 # Stalls no uop delivered when no Bkend Stall
   IntMiscRecoveryCycles: 855740 # Stalls waiting machine clears
   uops executed: 194371245 # Executed microoperations
  skylake-16: # Core stats
   cycles: 194598012 # Simulated unhalted cycles
   cCycles: 1001414 # Cycles due to contention stalls
   instrs: 289115277 # Simulated instructions
   uops: 194034045 # issued micro-ops
   bbls: 95950555 # Basic blocks
   approxInstrs: 731254 # Instrs with approx uop decoding
   mispredBranches: 106367 # Mispredicted branches
   IdqNotDelivered: 193596598 # Stalls no uop delivered when no Bkend Stall
   IntMiscRecoveryCycles: 855396 # Stalls waiting machine clears
   uops executed: 194371221 # Executed microoperations
  skylake-17: # Core stats
   cycles: 194598045 # Simulated unhalted cycles
   cCycles: 1001422 # Cycles due to contention stalls
   instrs: 289115316 # Simulated instructions
   uops: 194034083 # issued micro-ops
   bbls: 95950566 # Basic blocks
   approxInstrs: 731256 # Instrs with approx uop decoding
   mispredBranches: 106370 # Mispredicted branches
   IdqNotDelivered: 193596623 # Stalls no uop delivered when no Bkend Stall
   IntMiscRecoveryCycles: 855804 # Stalls waiting machine clears
   uops executed: 194371245 # Executed microoperations
  skylake-18: # Core stats
   cycles: 194597002 # Simulated unhalted cycles
   cCycles: 1001453 # Cycles due to contention stalls
   instrs: 289113837 # Simulated instructions
   uops: 194033085 # issued micro-ops
   bbls: 95950075 # Basic blocks
   approxInstrs: 731254 # Instrs with approx uop decoding
   mispredBranches: 106367 # Mispredicted branches
   IdqNotDelivered: 193595549 # Stalls no uop delivered when no Bkend Stall
   IntMiscRecoveryCycles: 855396 # Stalls waiting machine clears
   uops executed: 194370261 # Executed microoperations
  skylake-19: # Core stats
   cycles: 194597001 # Simulated unhalted cycles
   cCycles: 1001405 # Cycles due to contention stalls
   instrs: 289114206 # Simulated instructions
   uops: 194033331 # issued micro-ops
   bbls: 95950198 # Basic blocks
   approxInstrs: 731254 # Instrs with approx uop decoding
   mispredBranches: 106367 # Mispredicted branches
   IdqNotDelivered: 193595596 # Stalls no uop delivered when no Bkend Stall
   IntMiscRecoveryCycles: 855739 # Stalls waiting machine clears
   uops executed: 194370507 # Executed microoperations
  skylake-20: # Core stats
   cycles: 194597011 # Simulated unhalted cycles
   cCycles: 1001411 # Cycles due to contention stalls
   instrs: 289095390 # Simulated instructions
   uops: 194022162 # issued micro-ops
   bbls: 95943420 # Basic blocks
   approxInstrs: 731197 # Instrs with approx uop decoding
   mispredBranches: 106443 # Mispredicted branches
   IdqNotDelivered: 193595600 # Stalls no uop delivered when no Bkend Stall
   IntMiscRecoveryCycles: 858374 # Stalls waiting machine clears
   uops executed: 194359391 # Executed microoperations
  skylake-21: # Core stats
   cycles: 194597001 # Simulated unhalted cycles
   cCycles: 1001404 # Cycles due to contention stalls
   instrs: 289114020 # Simulated instructions
   uops: 194033207 # issued micro-ops
   bbls: 95950136 # Basic blocks
   approxInstrs: 731254 # Instrs with approx uop decoding
   mispredBranches: 106367 # Mispredicted branches
   IdqNotDelivered: 193595597 # Stalls no uop delivered when no Bkend Stall
   IntMiscRecoveryCycles: 855739 # Stalls waiting machine clears
   uops executed: 194370383 # Executed microoperations
  skylake-22: # Core stats
   cycles: 194595012 # Simulated unhalted cycles
   cCycles: 1001435 # Cycles due to contention stalls
   instrs: 289111121 # Simulated instructions
   uops: 194031263 # issued micro-ops
   bbls: 95949173 # Basic blocks
   approxInstrs: 731249 # Instrs with approx uop decoding
   mispredBranches: 106364 # Mispredicted branches
   IdqNotDelivered: 193593577 # Stalls no uop delivered when no Bkend Stall
   IntMiscRecoveryCycles: 855341 # Stalls waiting machine clears
   uops executed: 194368443 # Executed microoperations
  skylake-23: # Core stats
   cycles: 0 # Simulated unhalted cycles
   cCycles: 0 # Cycles due to contention stalls
   instrs: 0 # Simulated instructions
   uops: 0 # issued micro-ops
   bbls: 0 # Basic blocks
   approxInstrs: 0 # Instrs with approx uop decoding
   mispredBranches: 0 # Mispredicted branches
   IdqNotDelivered: 0 # Stalls no uop delivered when no Bkend Stall
   IntMiscRecoveryCycles: 0 # Stalls waiting machine clears
   uops executed: 0 # Executed microoperations
 l1d: # Cache stats
  l1d-0: # Filter cache stats
   fhGETS: 880813 # Filtered GETS hits
   fhGETX: 473218 # Filtered GETX hits
   hGETS: 7937 # GETS hits
   hGETX: 14909 # GETX hits
   mGETS: 250247 # GETS misses
   mGETXIM: 62595 # GETX I->M misses
   mGETXSM: 6 # GETX S->M misses (upgrade misses)
   PUTS: 0 # Clean evictions (from lower level)
   PUTX: 0 # Dirty evictions (from lower level)
   INV: 99 # Invalidates (from upper level)
   INVX: 97 # Downgrades (from upper level)
   FWD: 0 # Forwards (from upper level)
   latGETnl: 55979690 # GET request latency on next level
   latGETnet: 0 # GET request latency on network to next level
  l1d-1: # Filter cache stats
   fhGETS: 879770 # Filtered GETS hits
   fhGETX: 472253 # Filtered GETX hits
   hGETS: 8640 # GETS hits
   hGETX: 15664 # GETX hits
   mGETS: 250206 # GETS misses
   mGETXIM: 62562 # GETX I->M misses
   mGETXSM: 10 # GETX S->M misses (upgrade misses)
   PUTS: 0 # Clean evictions (from lower level)
   PUTX: 0 # Dirty evictions (from lower level)
   INV: 87 # Invalidates (from upper level)
   INVX: 25 # Downgrades (from upper level)
   FWD: 0 # Forwards (from upper level)
   latGETnl: 55960394 # GET request latency on next level
   latGETnet: 0 # GET request latency on network to next level
  l1d-2: # Filter cache stats
   fhGETS: 880429 # Filtered GETS hits
   fhGETX: 472978 # Filtered GETX hits
   hGETS: 7827 # GETS hits
   hGETX: 14854 # GETX hits
   mGETS: 250200 # GETS misses
   mGETXIM: 62554 # GETX I->M misses
   mGETXSM: 8 # GETX S->M misses (upgrade misses)
   PUTS: 0 # Clean evictions (from lower level)
   PUTX: 0 # Dirty evictions (from lower level)
   INV: 67 # Invalidates (from upper level)
   INVX: 9 # Downgrades (from upper level)
   FWD: 0 # Forwards (from upper level)
   latGETnl: 55958688 # GET request latency on next level
   latGETnet: 0 # GET request latency on network to next level
  l1d-3: # Filter cache stats
   fhGETS: 880469 # Filtered GETS hits
   fhGETX: 472992 # Filtered GETX hits
   hGETS: 7865 # GETS hits
   hGETX: 14892 # GETX hits
   mGETS: 250200 # GETS misses
   mGETXIM: 62553 # GETX I->M misses
   mGETXSM: 8 # GETX S->M misses (upgrade misses)
   PUTS: 0 # Clean evictions (from lower level)
   PUTX: 0 # Dirty evictions (from lower level)
   INV: 75 # Invalidates (from upper level)
   INVX: 35 # Downgrades (from upper level)
   FWD: 0 # Forwards (from upper level)
   latGETnl: 55961033 # GET request latency on next level
   latGETnet: 0 # GET request latency on network to next level
  l1d-4: # Filter cache stats
   fhGETS: 879696 # Filtered GETS hits
   fhGETX: 472206 # Filtered GETX hits
   hGETS: 8647 # GETS hits
   hGETX: 15673 # GETX hits
   mGETS: 250203 # GETS misses
   mGETXIM: 62559 # GETX I->M misses
   mGETXSM: 9 # GETX S->M misses (upgrade misses)
   PUTS: 0 # Clean evictions (from lower level)
   PUTX: 0 # Dirty evictions (from lower level)
   INV: 83 # Invalidates (from upper level)
   INVX: 21 # Downgrades (from upper level)
   FWD: 0 # Forwards (from upper level)
   latGETnl: 55959021 # GET request latency on next level
   latGETnet: 0 # GET request latency on network to next level
  l1d-5: # Filter cache stats
   fhGETS: 880491 # Filtered GETS hits
   fhGETX: 473015 # Filtered GETX hits
   hGETS: 7850 # GETS hits
   hGETX: 14854 # GETX hits
   mGETS: 250193 # GETS misses
   mGETXIM: 62567 # GETX I->M misses
   mGETXSM: 9 # GETX S->M misses (upgrade misses)
   PUTS: 0 # Clean evictions (from lower level)
   PUTX: 0 # Dirty evictions (from lower level)
   INV: 84 # Invalidates (from upper level)
   INVX: 20 # Downgrades (from upper level)
   FWD: 0 # Forwards (from upper level)
   latGETnl: 55957635 # GET request latency on next level
   latGETnet: 0 # GET request latency on network to next level
  l1d-6: # Filter cache stats
   fhGETS: 879557 # Filtered GETS hits
   fhGETX: 473700 # Filtered GETX hits
   hGETS: 8618 # GETS hits
   hGETX: 14072 # GETX hits
   mGETS: 250178 # GETS misses
   mGETXIM: 62554 # GETX I->M misses
   mGETXSM: 5 # GETX S->M misses (upgrade misses)
   PUTS: 0 # Clean evictions (from lower level)
   PUTX: 0 # Dirty evictions (from lower level)
   INV: 64 # Invalidates (from upper level)
   INVX: 4 # Downgrades (from upper level)
   FWD: 0 # Forwards (from upper level)
   latGETnl: 55954951 # GET request latency on next level
   latGETnet: 0 # GET request latency on network to next level
  l1d-7: # Filter cache stats
   fhGETS: 879542 # Filtered GETS hits
   fhGETX: 471362 # Filtered GETX hits
   hGETS: 8621 # GETS hits
   hGETX: 16408 # GETX hits
   mGETS: 250178 # GETS misses
   mGETXIM: 62552 # GETX I->M misses
   mGETXSM: 7 # GETX S->M misses (upgrade misses)
   PUTS: 0 # Clean evictions (from lower level)
   PUTX: 0 # Dirty evictions (from lower level)
   INV: 64 # Invalidates (from upper level)
   INVX: 11 # Downgrades (from upper level)
   FWD: 0 # Forwards (from upper level)
   latGETnl: 55955903 # GET request latency on next level
   latGETnet: 0 # GET request latency on network to next level
  l1d-8: # Filter cache stats
   fhGETS: 880479 # Filtered GETS hits
   fhGETX: 473009 # Filtered GETX hits
   hGETS: 7862 # GETS hits
   hGETX: 14863 # GETX hits
   mGETS: 250193 # GETS misses
   mGETXIM: 62564 # GETX I->M misses
   mGETXSM: 9 # GETX S->M misses (upgrade misses)
   PUTS: 0 # Clean evictions (from lower level)
   PUTX: 0 # Dirty evictions (from lower level)
   INV: 81 # Invalidates (from upper level)
   INVX: 20 # Downgrades (from upper level)
   FWD: 0 # Forwards (from upper level)
   latGETnl: 55957452 # GET request latency on next level
   latGETnet: 0 # GET request latency on network to next level
  l1d-9: # Filter cache stats
   fhGETS: 879560 # Filtered GETS hits
   fhGETX: 471352 # Filtered GETX hits
   hGETS: 8610 # GETS hits
   hGETX: 16427 # GETX hits
   mGETS: 250183 # GETS misses
   mGETXIM: 62547 # GETX I->M misses
   mGETXSM: 5 # GETX S->M misses (upgrade misses)
   PUTS: 0 # Clean evictions (from lower level)
   PUTX: 0 # Dirty evictions (from lower level)
   INV: 63 # Invalidates (from upper level)
   INVX: 18 # Downgrades (from upper level)
   FWD: 0 # Forwards (from upper level)
   latGETnl: 55957407 # GET request latency on next level
   latGETnet: 0 # GET request latency on network to next level
  l1d-10: # Filter cache stats
   fhGETS: 879535 # Filtered GETS hits
   fhGETX: 473695 # Filtered GETX hits
   hGETS: 8628 # GETS hits
   hGETX: 14087 # GETX hits
   mGETS: 250178 # GETS misses
   mGETXIM: 62542 # GETX I->M misses
   mGETXSM: 5 # GETX S->M misses (upgrade misses)
   PUTS: 0 # Clean evictions (from lower level)
   PUTX: 0 # Dirty evictions (from lower level)
   INV: 56 # Invalidates (from upper level)
   INVX: 34 # Downgrades (from upper level)
   FWD: 0 # Forwards (from upper level)
   latGETnl: 55958429 # GET request latency on next level
   latGETnet: 0 # GET request latency on network to next level
  l1d-11: # Filter cache stats
   fhGETS: 880483 # Filtered GETS hits
   fhGETX: 473000 # Filtered GETX hits
   hGETS: 7869 # GETS hits
   hGETX: 14866 # GETX hits
   mGETS: 250197 # GETS misses
   mGETXIM: 62559 # GETX I->M misses
   mGETXSM: 10 # GETX S->M misses (upgrade misses)
   PUTS: 0 # Clean evictions (from lower level)
   PUTX: 0 # Dirty evictions (from lower level)
   INV: 62 # Invalidates (from upper level)
   INVX: 12 # Downgrades (from upper level)
   FWD: 0 # Forwards (from upper level)
   latGETnl: 55959620 # GET request latency on next level
   latGETnet: 0 # GET request latency on network to next level
  l1d-12: # Filter cache stats
   fhGETS: 780335 # Filtered GETS hits
   fhGETX: 366663 # Filtered GETX hits
   hGETS: 107839 # GETS hits
   hGETX: 121111 # GETX hits
   mGETS: 250182 # GETS misses
   mGETXIM: 62551 # GETX I->M misses
   mGETXSM: 6 # GETX S->M misses (upgrade misses)
   PUTS: 0 # Clean evictions (from lower level)
   PUTX: 0 # Dirty evictions (from lower level)
   INV: 62 # Invalidates (from upper level)
   INVX: 7 # Downgrades (from upper level)
   FWD: 0 # Forwards (from upper level)
   latGETnl: 55955585 # GET request latency on next level
   latGETnet: 0 # GET request latency on network to next level
  l1d-13: # Filter cache stats
   fhGETS: 880337 # Filtered GETS hits
   fhGETX: 472912 # Filtered GETX hits
   hGETS: 7830 # GETS hits
   hGETX: 14872 # GETX hits
   mGETS: 250184 # GETS misses
   mGETXIM: 62541 # GETX I->M misses
   mGETXSM: 5 # GETX S->M misses (upgrade misses)
   PUTS: 0 # Clean evictions (from lower level)
   PUTX: 0 # Dirty evictions (from lower level)
   INV: 58 # Invalidates (from upper level)
   INVX: 3 # Downgrades (from upper level)
   FWD: 0 # Forwards (from upper level)
   latGETnl: 55955120 # GET request latency on next level
   latGETnet: 0 # GET request latency on network to next level
  l1d-14: # Filter cache stats
   fhGETS: 879563 # Filtered GETS hits
   fhGETX: 472140 # Filtered GETX hits
   hGETS: 8607 # GETS hits
   hGETX: 15628 # GETX hits
   mGETS: 250178 # GETS misses
   mGETXIM: 62555 # GETX I->M misses
   mGETXSM: 6 # GETX S->M misses (upgrade misses)
   PUTS: 0 # Clean evictions (from lower level)
   PUTX: 0 # Dirty evictions (from lower level)
   INV: 67 # Invalidates (from upper level)
   INVX: 2 # Downgrades (from upper level)
   FWD: 0 # Forwards (from upper level)
   latGETnl: 55954487 # GET request latency on next level
   latGETnet: 0 # GET request latency on network to next level
  l1d-15: # Filter cache stats
   fhGETS: 879562 # Filtered GETS hits
   fhGETX: 471361 # Filtered GETX hits
   hGETS: 8611 # GETS hits
   hGETX: 16410 # GETX hits
   mGETS: 250178 # GETS misses
   mGETXIM: 62553 # GETX I->M misses
   mGETXSM: 6 # GETX S->M misses (upgrade misses)
   PUTS: 0 # Clean evictions (from lower level)
   PUTX: 0 # Dirty evictions (from lower level)
   INV: 64 # Invalidates (from upper level)
   INVX: 2 # Downgrades (from upper level)
   FWD: 0 # Forwards (from upper level)
   latGETnl: 55954261 # GET request latency on next level
   latGETnet: 0 # GET request latency on network to next level
  l1d-16: # Filter cache stats
   fhGETS: 780321 # Filtered GETS hits
   fhGETX: 366656 # Filtered GETX hits
   hGETS: 107843 # GETS hits
   hGETX: 121114 # GETX hits
   mGETS: 250177 # GETS misses
   mGETXIM: 62553 # GETX I->M misses
   mGETXSM: 6 # GETX S->M misses (upgrade misses)
   PUTS: 0 # Clean evictions (from lower level)
   PUTX: 0 # Dirty evictions (from lower level)
   INV: 65 # Invalidates (from upper level)
   INVX: 2 # Downgrades (from upper level)
   FWD: 0 # Forwards (from upper level)
   latGETnl: 55954214 # GET request latency on next level
   latGETnet: 0 # GET request latency on network to next level
  l1d-17: # Filter cache stats
   fhGETS: 879572 # Filtered GETS hits
   fhGETX: 473711 # Filtered GETX hits
   hGETS: 8604 # GETS hits
   hGETX: 14058 # GETX hits
   mGETS: 250175 # GETS misses
   mGETXIM: 62555 # GETX I->M misses
   mGETXSM: 6 # GETX S->M misses (upgrade misses)
   PUTS: 0 # Clean evictions (from lower level)
   PUTX: 0 # Dirty evictions (from lower level)
   INV: 62 # Invalidates (from upper level)
   INVX: 2 # Downgrades (from upper level)
   FWD: 0 # Forwards (from upper level)
   latGETnl: 55953950 # GET request latency on next level
   latGETnet: 0 # GET request latency on network to next level
  l1d-18: # Filter cache stats
   fhGETS: 879554 # Filtered GETS hits
   fhGETX: 473699 # Filtered GETX hits
   hGETS: 8608 # GETS hits
   hGETX: 14078 # GETX hits
   mGETS: 250179 # GETS misses
   mGETXIM: 62546 # GETX I->M misses
   mGETXSM: 6 # GETX S->M misses (upgrade misses)
   PUTS: 0 # Clean evictions (from lower level)
   PUTX: 0 # Dirty evictions (from lower level)
   INV: 60 # Invalidates (from upper level)
   INVX: 2 # Downgrades (from upper level)
   FWD: 0 # Forwards (from upper level)
   latGETnl: 55954111 # GET request latency on next level
   latGETnet: 0 # GET request latency on network to next level
  l1d-19: # Filter cache stats
   fhGETS: 879537 # Filtered GETS hits
   fhGETX: 472133 # Filtered GETX hits
   hGETS: 8629 # GETS hits
   hGETX: 15632 # GETX hits
   mGETS: 250175 # GETS misses
   mGETXIM: 62558 # GETX I->M misses
   mGETXSM: 6 # GETX S->M misses (upgrade misses)
   PUTS: 0 # Clean evictions (from lower level)
   PUTX: 0 # Dirty evictions (from lower level)
   INV: 67 # Invalidates (from upper level)
   INVX: 2 # Downgrades (from upper level)
   FWD: 0 # Forwards (from upper level)
   latGETnl: 55954091 # GET request latency on next level
   latGETnet: 0 # GET request latency on network to next level
  l1d-20: # Filter cache stats
   fhGETS: 880488 # Filtered GETS hits
   fhGETX: 471743 # Filtered GETX hits
   hGETS: 8855 # GETS hits
   hGETX: 16483 # GETX hits
   mGETS: 250222 # GETS misses
   mGETXIM: 62545 # GETX I->M misses
   mGETXSM: 10 # GETX S->M misses (upgrade misses)
   PUTS: 0 # Clean evictions (from lower level)
   PUTX: 0 # Dirty evictions (from lower level)
   INV: 58 # Invalidates (from upper level)
   INVX: 3 # Downgrades (from upper level)
   FWD: 0 # Forwards (from upper level)
   latGETnl: 55959735 # GET request latency on next level
   latGETnet: 0 # GET request latency on network to next level
  l1d-21: # Filter cache stats
   fhGETS: 879556 # Filtered GETS hits
   fhGETX: 472138 # Filtered GETX hits
   hGETS: 8607 # GETS hits
   hGETX: 15634 # GETX hits
   mGETS: 250178 # GETS misses
   mGETXIM: 62551 # GETX I->M misses
   mGETXSM: 6 # GETX S->M misses (upgrade misses)
   PUTS: 0 # Clean evictions (from lower level)
   PUTX: 0 # Dirty evictions (from lower level)
   INV: 63 # Invalidates (from upper level)
   INVX: 2 # Downgrades (from upper level)
   FWD: 0 # Forwards (from upper level)
   latGETnl: 55954299 # GET request latency on next level
   latGETnet: 0 # GET request latency on network to next level
  l1d-22: # Filter cache stats
   fhGETS: 879545 # Filtered GETS hits
   fhGETX: 473700 # Filtered GETX hits
   hGETS: 8611 # GETS hits
   hGETX: 14070 # GETX hits
   mGETS: 250176 # GETS misses
   mGETXIM: 62548 # GETX I->M misses
   mGETXSM: 6 # GETX S->M misses (upgrade misses)
   PUTS: 0 # Clean evictions (from lower level)
   PUTX: 0 # Dirty evictions (from lower level)
   INV: 60 # Invalidates (from upper level)
   INVX: 3 # Downgrades (from upper level)
   FWD: 0 # Forwards (from upper level)
   latGETnl: 55953668 # GET request latency on next level
   latGETnet: 0 # GET request latency on network to next level
  l1d-23: # Filter cache stats
   fhGETS: 0 # Filtered GETS hits
   fhGETX: 0 # Filtered GETX hits
   hGETS: 0 # GETS hits
   hGETX: 0 # GETX hits
   mGETS: 0 # GETS misses
   mGETXIM: 0 # GETX I->M misses
   mGETXSM: 0 # GETX S->M misses (upgrade misses)
   PUTS: 0 # Clean evictions (from lower level)
   PUTX: 0 # Dirty evictions (from lower level)
   INV: 0 # Invalidates (from upper level)
   INVX: 0 # Downgrades (from upper level)
   FWD: 0 # Forwards (from upper level)
   latGETnl: 0 # GET request latency on next level
   latGETnet: 0 # GET request latency on network to next level
 l1i: # Cache stats
  l1i-0: # Filter cache stats
   fhGETS: 96575507 # Filtered GETS hits
   fhGETX: 0 # Filtered GETX hits
   hGETS: 51 # GETS hits
   hGETX: 0 # GETX hits
   mGETS: 708 # GETS misses
   mGETXIM: 0 # GETX I->M misses
   mGETXSM: 0 # GETX S->M misses (upgrade misses)
   PUTS: 0 # Clean evictions (from lower level)
   PUTX: 0 # Dirty evictions (from lower level)
   INV: 685 # Invalidates (from upper level)
   INVX: 0 # Downgrades (from upper level)
   FWD: 0 # Forwards (from upper level)
   latGETnl: 57564 # GET request latency on next level
   latGETnet: 0 # GET request latency on network to next level
  l1i-1: # Filter cache stats
   fhGETS: 96575519 # Filtered GETS hits
   fhGETX: 0 # Filtered GETX hits
   hGETS: 38 # GETS hits
   hGETX: 0 # GETX hits
   mGETS: 627 # GETS misses
   mGETXIM: 0 # GETX I->M misses
   mGETXSM: 0 # GETX S->M misses (upgrade misses)
   PUTS: 0 # Clean evictions (from lower level)
   PUTX: 0 # Dirty evictions (from lower level)
   INV: 600 # Invalidates (from upper level)
   INVX: 0 # Downgrades (from upper level)
   FWD: 0 # Forwards (from upper level)
   latGETnl: 33297 # GET request latency on next level
   latGETnet: 0 # GET request latency on network to next level
  l1i-2: # Filter cache stats
   fhGETS: 96574129 # Filtered GETS hits
   fhGETX: 0 # Filtered GETX hits
   hGETS: 45 # GETS hits
   hGETX: 0 # GETX hits
   mGETS: 654 # GETS misses
   mGETXIM: 0 # GETX I->M misses
   mGETXSM: 0 # GETX S->M misses (upgrade misses)
   PUTS: 0 # Clean evictions (from lower level)
   PUTX: 0 # Dirty evictions (from lower level)
   INV: 631 # Invalidates (from upper level)
   INVX: 0 # Downgrades (from upper level)
   FWD: 0 # Forwards (from upper level)
   latGETnl: 36810 # GET request latency on next level
   latGETnet: 0 # GET request latency on network to next level
  l1i-3: # Filter cache stats
   fhGETS: 96575325 # Filtered GETS hits
   fhGETX: 0 # Filtered GETX hits
   hGETS: 30 # GETS hits
   hGETX: 0 # GETX hits
   mGETS: 626 # GETS misses
   mGETXIM: 0 # GETX I->M misses
   mGETXSM: 0 # GETX S->M misses (upgrade misses)
   PUTS: 0 # Clean evictions (from lower level)
   PUTX: 0 # Dirty evictions (from lower level)
   INV: 603 # Invalidates (from upper level)
   INVX: 0 # Downgrades (from upper level)
   FWD: 0 # Forwards (from upper level)
   latGETnl: 32986 # GET request latency on next level
   latGETnet: 0 # GET request latency on network to next level
  l1i-4: # Filter cache stats
   fhGETS: 96575460 # Filtered GETS hits
   fhGETX: 0 # Filtered GETX hits
   hGETS: 31 # GETS hits
   hGETX: 0 # GETX hits
   mGETS: 632 # GETS misses
   mGETXIM: 0 # GETX I->M misses
   mGETXSM: 0 # GETX S->M misses (upgrade misses)
   PUTS: 0 # Clean evictions (from lower level)
   PUTX: 0 # Dirty evictions (from lower level)
   INV: 602 # Invalidates (from upper level)
   INVX: 0 # Downgrades (from upper level)
   FWD: 0 # Forwards (from upper level)
   latGETnl: 30364 # GET request latency on next level
   latGETnet: 0 # GET request latency on network to next level
  l1i-5: # Filter cache stats
   fhGETS: 96575275 # Filtered GETS hits
   fhGETX: 0 # Filtered GETX hits
   hGETS: 31 # GETS hits
   hGETX: 0 # GETX hits
   mGETS: 628 # GETS misses
   mGETXIM: 0 # GETX I->M misses
   mGETXSM: 0 # GETX S->M misses (upgrade misses)
   PUTS: 0 # Clean evictions (from lower level)
   PUTX: 0 # Dirty evictions (from lower level)
   INV: 605 # Invalidates (from upper level)
   INVX: 0 # Downgrades (from upper level)
   FWD: 0 # Forwards (from upper level)
   latGETnl: 29648 # GET request latency on next level
   latGETnet: 0 # GET request latency on network to next level
  l1i-6: # Filter cache stats
   fhGETS: 96575305 # Filtered GETS hits
   fhGETX: 0 # Filtered GETX hits
   hGETS: 29 # GETS hits
   hGETX: 0 # GETX hits
   mGETS: 614 # GETS misses
   mGETXIM: 0 # GETX I->M misses
   mGETXSM: 0 # GETX S->M misses (upgrade misses)
   PUTS: 0 # Clean evictions (from lower level)
   PUTX: 0 # Dirty evictions (from lower level)
   INV: 583 # Invalidates (from upper level)
   INVX: 0 # Downgrades (from upper level)
   FWD: 0 # Forwards (from upper level)
   latGETnl: 33082 # GET request latency on next level
   latGETnet: 0 # GET request latency on network to next level
  l1i-7: # Filter cache stats
   fhGETS: 96575204 # Filtered GETS hits
   fhGETX: 0 # Filtered GETX hits
   hGETS: 29 # GETS hits
   hGETX: 0 # GETX hits
   mGETS: 607 # GETS misses
   mGETXIM: 0 # GETX I->M misses
   mGETXSM: 0 # GETX S->M misses (upgrade misses)
   PUTS: 0 # Clean evictions (from lower level)
   PUTX: 0 # Dirty evictions (from lower level)
   INV: 584 # Invalidates (from upper level)
   INVX: 0 # Downgrades (from upper level)
   FWD: 0 # Forwards (from upper level)
   latGETnl: 31169 # GET request latency on next level
   latGETnet: 0 # GET request latency on network to next level
  l1i-8: # Filter cache stats
   fhGETS: 96574829 # Filtered GETS hits
   fhGETX: 0 # Filtered GETX hits
   hGETS: 31 # GETS hits
   hGETX: 0 # GETX hits
   mGETS: 627 # GETS misses
   mGETXIM: 0 # GETX I->M misses
   mGETXSM: 0 # GETX S->M misses (upgrade misses)
   PUTS: 0 # Clean evictions (from lower level)
   PUTX: 0 # Dirty evictions (from lower level)
   INV: 604 # Invalidates (from upper level)
   INVX: 0 # Downgrades (from upper level)
   FWD: 0 # Forwards (from upper level)
   latGETnl: 29469 # GET request latency on next level
   latGETnet: 0 # GET request latency on network to next level
  l1i-9: # Filter cache stats
   fhGETS: 96575310 # Filtered GETS hits
   fhGETX: 0 # Filtered GETX hits
   hGETS: 29 # GETS hits
   hGETX: 0 # GETX hits
   mGETS: 617 # GETS misses
   mGETXIM: 0 # GETX I->M misses
   mGETXSM: 0 # GETX S->M misses (upgrade misses)
   PUTS: 0 # Clean evictions (from lower level)
   PUTX: 0 # Dirty evictions (from lower level)
   INV: 586 # Invalidates (from upper level)
   INVX: 0 # Downgrades (from upper level)
   FWD: 0 # Forwards (from upper level)
   latGETnl: 29923 # GET request latency on next level
   latGETnet: 0 # GET request latency on network to next level
  l1i-10: # Filter cache stats
   fhGETS: 96575133 # Filtered GETS hits
   fhGETX: 0 # Filtered GETX hits
   hGETS: 29 # GETS hits
   hGETX: 0 # GETX hits
   mGETS: 607 # GETS misses
   mGETXIM: 0 # GETX I->M misses
   mGETXSM: 0 # GETX S->M misses (upgrade misses)
   PUTS: 0 # Clean evictions (from lower level)
   PUTX: 0 # Dirty evictions (from lower level)
   INV: 584 # Invalidates (from upper level)
   INVX: 0 # Downgrades (from upper level)
   FWD: 0 # Forwards (from upper level)
   latGETnl: 30905 # GET request latency on next level
   latGETnet: 0 # GET request latency on network to next level
  l1i-11: # Filter cache stats
   fhGETS: 96574947 # Filtered GETS hits
   fhGETX: 0 # Filtered GETX hits
   hGETS: 113 # GETS hits
   hGETX: 0 # GETX hits
   mGETS: 608 # GETS misses
   mGETXIM: 0 # GETX I->M misses
   mGETXSM: 0 # GETX S->M misses (upgrade misses)
   PUTS: 0 # Clean evictions (from lower level)
   PUTX: 0 # Dirty evictions (from lower level)
   INV: 585 # Invalidates (from upper level)
   INVX: 0 # Downgrades (from upper level)
   FWD: 0 # Forwards (from upper level)
   latGETnl: 29236 # GET request latency on next level
   latGETnet: 0 # GET request latency on network to next level
  l1i-12: # Filter cache stats
   fhGETS: 96575316 # Filtered GETS hits
   fhGETX: 0 # Filtered GETX hits
   hGETS: 29 # GETS hits
   hGETX: 0 # GETX hits
   mGETS: 620 # GETS misses
   mGETXIM: 0 # GETX I->M misses
   mGETXSM: 0 # GETX S->M misses (upgrade misses)
   PUTS: 0 # Clean evictions (from lower level)
   PUTX: 0 # Dirty evictions (from lower level)
   INV: 588 # Invalidates (from upper level)
   INVX: 0 # Downgrades (from upper level)
   FWD: 0 # Forwards (from upper level)
   latGETnl: 30064 # GET request latency on next level
   latGETnet: 0 # GET request latency on network to next level
  l1i-13: # Filter cache stats
   fhGETS: 96575312 # Filtered GETS hits
   fhGETX: 0 # Filtered GETX hits
   hGETS: 29 # GETS hits
   hGETX: 0 # GETX hits
   mGETS: 617 # GETS misses
   mGETXIM: 0 # GETX I->M misses
   mGETXSM: 0 # GETX S->M misses (upgrade misses)
   PUTS: 0 # Clean evictions (from lower level)
   PUTX: 0 # Dirty evictions (from lower level)
   INV: 588 # Invalidates (from upper level)
   INVX: 0 # Downgrades (from upper level)
   FWD: 0 # Forwards (from upper level)
   latGETnl: 29395 # GET request latency on next level
   latGETnet: 0 # GET request latency on network to next level
  l1i-14: # Filter cache stats
   fhGETS: 96575308 # Filtered GETS hits
   fhGETX: 0 # Filtered GETX hits
   hGETS: 29 # GETS hits
   hGETX: 0 # GETX hits
   mGETS: 614 # GETS misses
   mGETXIM: 0 # GETX I->M misses
   mGETXSM: 0 # GETX S->M misses (upgrade misses)
   PUTS: 0 # Clean evictions (from lower level)
   PUTX: 0 # Dirty evictions (from lower level)
   INV: 590 # Invalidates (from upper level)
   INVX: 0 # Downgrades (from upper level)
   FWD: 0 # Forwards (from upper level)
   latGETnl: 28858 # GET request latency on next level
   latGETnet: 0 # GET request latency on network to next level
  l1i-15: # Filter cache stats
   fhGETS: 96575310 # Filtered GETS hits
   fhGETX: 0 # Filtered GETX hits
   hGETS: 29 # GETS hits
   hGETX: 0 # GETX hits
   mGETS: 614 # GETS misses
   mGETXIM: 0 # GETX I->M misses
   mGETXSM: 0 # GETX S->M misses (upgrade misses)
   PUTS: 0 # Clean evictions (from lower level)
   PUTX: 0 # Dirty evictions (from lower level)
   INV: 586 # Invalidates (from upper level)
   INVX: 0 # Downgrades (from upper level)
   FWD: 0 # Forwards (from upper level)
   latGETnl: 29122 # GET request latency on next level
   latGETnet: 0 # GET request latency on network to next level
  l1i-16: # Filter cache stats
   fhGETS: 96575289 # Filtered GETS hits
   fhGETX: 0 # Filtered GETX hits
   hGETS: 29 # GETS hits
   hGETX: 0 # GETX hits
   mGETS: 609 # GETS misses
   mGETXIM: 0 # GETX I->M misses
   mGETXSM: 0 # GETX S->M misses (upgrade misses)
   PUTS: 0 # Clean evictions (from lower level)
   PUTX: 0 # Dirty evictions (from lower level)
   INV: 586 # Invalidates (from upper level)
   INVX: 0 # Downgrades (from upper level)
   FWD: 0 # Forwards (from upper level)
   latGETnl: 28755 # GET request latency on next level
   latGETnet: 0 # GET request latency on network to next level
  l1i-17: # Filter cache stats
   fhGETS: 96575310 # Filtered GETS hits
   fhGETX: 0 # Filtered GETX hits
   hGETS: 29 # GETS hits
   hGETX: 0 # GETX hits
   mGETS: 618 # GETS misses
   mGETXIM: 0 # GETX I->M misses
   mGETXSM: 0 # GETX S->M misses (upgrade misses)
   PUTS: 0 # Clean evictions (from lower level)
   PUTX: 0 # Dirty evictions (from lower level)
   INV: 590 # Invalidates (from upper level)
   INVX: 0 # Downgrades (from upper level)
   FWD: 0 # Forwards (from upper level)
   latGETnl: 29178 # GET request latency on next level
   latGETnet: 0 # GET request latency on network to next level
  l1i-18: # Filter cache stats
   fhGETS: 96574809 # Filtered GETS hits
   fhGETX: 0 # Filtered GETX hits
   hGETS: 29 # GETS hits
   hGETX: 0 # GETX hits
   mGETS: 609 # GETS misses
   mGETXIM: 0 # GETX I->M misses
   mGETXSM: 0 # GETX S->M misses (upgrade misses)
   PUTS: 0 # Clean evictions (from lower level)
   PUTX: 0 # Dirty evictions (from lower level)
   INV: 586 # Invalidates (from upper level)
   INVX: 0 # Downgrades (from upper level)
   FWD: 0 # Forwards (from upper level)
   latGETnl: 28623 # GET request latency on next level
   latGETnet: 0 # GET request latency on network to next level
  l1i-19: # Filter cache stats
   fhGETS: 96574937 # Filtered GETS hits
   fhGETX: 0 # Filtered GETX hits
   hGETS: 29 # GETS hits
   hGETX: 0 # GETX hits
   mGETS: 611 # GETS misses
   mGETXIM: 0 # GETX I->M misses
   mGETXSM: 0 # GETX S->M misses (upgrade misses)
   PUTS: 0 # Clean evictions (from lower level)
   PUTX: 0 # Dirty evictions (from lower level)
   INV: 588 # Invalidates (from upper level)
   INVX: 0 # Downgrades (from upper level)
   FWD: 0 # Forwards (from upper level)
   latGETnl: 28717 # GET request latency on next level
   latGETnet: 0 # GET request latency on network to next level
  l1i-20: # Filter cache stats
   fhGETS: 96568318 # Filtered GETS hits
   fhGETX: 0 # Filtered GETX hits
   hGETS: 115 # GETS hits
   hGETX: 0 # GETX hits
   mGETS: 675 # GETS misses
   mGETXIM: 0 # GETX I->M misses
   mGETXSM: 0 # GETX S->M misses (upgrade misses)
   PUTS: 0 # Clean evictions (from lower level)
   PUTX: 0 # Dirty evictions (from lower level)
   INV: 652 # Invalidates (from upper level)
   INVX: 0 # Downgrades (from upper level)
   FWD: 0 # Forwards (from upper level)
   latGETnl: 38985 # GET request latency on next level
   latGETnet: 0 # GET request latency on network to next level
  l1i-21: # Filter cache stats
   fhGETS: 96574875 # Filtered GETS hits
   fhGETX: 0 # Filtered GETX hits
   hGETS: 29 # GETS hits
   hGETX: 0 # GETX hits
   mGETS: 611 # GETS misses
   mGETXIM: 0 # GETX I->M misses
   mGETXSM: 0 # GETX S->M misses (upgrade misses)
   PUTS: 0 # Clean evictions (from lower level)
   PUTX: 0 # Dirty evictions (from lower level)
   INV: 588 # Invalidates (from upper level)
   INVX: 0 # Downgrades (from upper level)
   FWD: 0 # Forwards (from upper level)
   latGETnl: 28717 # GET request latency on next level
   latGETnet: 0 # GET request latency on network to next level
  l1i-22: # Filter cache stats
   fhGETS: 96573901 # Filtered GETS hits
   fhGETX: 0 # Filtered GETX hits
   hGETS: 29 # GETS hits
   hGETX: 0 # GETX hits
   mGETS: 607 # GETS misses
   mGETXIM: 0 # GETX I->M misses
   mGETXSM: 0 # GETX S->M misses (upgrade misses)
   PUTS: 0 # Clean evictions (from lower level)
   PUTX: 0 # Dirty evictions (from lower level)
   INV: 584 # Invalidates (from upper level)
   INVX: 0 # Downgrades (from upper level)
   FWD: 0 # Forwards (from upper level)
   latGETnl: 28529 # GET request latency on next level
   latGETnet: 0 # GET request latency on network to next level
  l1i-23: # Filter cache stats
   fhGETS: 0 # Filtered GETS hits
   fhGETX: 0 # Filtered GETX hits
   hGETS: 0 # GETS hits
   hGETX: 0 # GETX hits
   mGETS: 0 # GETS misses
   mGETXIM: 0 # GETX I->M misses
   mGETXSM: 0 # GETX S->M misses (upgrade misses)
   PUTS: 0 # Clean evictions (from lower level)
   PUTX: 0 # Dirty evictions (from lower level)
   INV: 0 # Invalidates (from upper level)
   INVX: 0 # Downgrades (from upper level)
   FWD: 0 # Forwards (from upper level)
   latGETnl: 0 # GET request latency on next level
   latGETnet: 0 # GET request latency on network to next level
 l2: # Cache stats
  l2-0: # Cache stats
   hGETS: 0 # GETS hits
   hGETX: 0 # GETX hits
   mGETS: 250955 # GETS misses
   mGETXIM: 62595 # GETX I->M misses
   mGETXSM: 6 # GETX S->M misses (upgrade misses)
   PUTS: 249776 # Clean evictions (from lower level)
   PUTX: 62455 # Dirty evictions (from lower level)
   INV: 38903 # Invalidates (from upper level)
   INVX: 97 # Downgrades (from upper level)
   FWD: 0 # Forwards (from upper level)
   latGETnl: 52901694 # GET request latency on next level
   latGETnet: 0 # GET request latency on network to next level
  l2-1: # Cache stats
   hGETS: 0 # GETS hits
   hGETX: 0 # GETX hits
   mGETS: 250833 # GETS misses
   mGETXIM: 62562 # GETX I->M misses
   mGETXSM: 10 # GETX S->M misses (upgrade misses)
   PUTS: 249736 # Clean evictions (from lower level)
   PUTX: 62433 # Dirty evictions (from lower level)
   INV: 19796 # Invalidates (from upper level)
   INVX: 25 # Downgrades (from upper level)
   FWD: 0 # Forwards (from upper level)
   latGETnl: 52859641 # GET request latency on next level
   latGETnet: 0 # GET request latency on network to next level
  l2-2: # Cache stats
   hGETS: 0 # GETS hits
   hGETX: 0 # GETX hits
   mGETS: 250854 # GETS misses
   mGETXIM: 62554 # GETX I->M misses
   mGETXSM: 8 # GETX S->M misses (upgrade misses)
   PUTS: 249738 # Clean evictions (from lower level)
   PUTX: 62437 # Dirty evictions (from lower level)
   INV: 19480 # Invalidates (from upper level)
   INVX: 9 # Downgrades (from upper level)
   FWD: 0 # Forwards (from upper level)
   latGETnl: 52861338 # GET request latency on next level
   latGETnet: 0 # GET request latency on network to next level
  l2-3: # Cache stats
   hGETS: 0 # GETS hits
   hGETX: 0 # GETX hits
   mGETS: 250826 # GETS misses
   mGETXIM: 62553 # GETX I->M misses
   mGETXSM: 8 # GETX S->M misses (upgrade misses)
   PUTS: 249733 # Clean evictions (from lower level)
   PUTX: 62433 # Dirty evictions (from lower level)
   INV: 17753 # Invalidates (from upper level)
   INVX: 35 # Downgrades (from upper level)
   FWD: 0 # Forwards (from upper level)
   latGETnl: 52860149 # GET request latency on next level
   latGETnet: 0 # GET request latency on network to next level
  l2-4: # Cache stats
   hGETS: 0 # GETS hits
   hGETX: 0 # GETX hits
   mGETS: 250835 # GETS misses
   mGETXIM: 62559 # GETX I->M misses
   mGETXSM: 9 # GETX S->M misses (upgrade misses)
   PUTS: 249735 # Clean evictions (from lower level)
   PUTX: 62432 # Dirty evictions (from lower level)
   INV: 18116 # Invalidates (from upper level)
   INVX: 21 # Downgrades (from upper level)
   FWD: 0 # Forwards (from upper level)
   latGETnl: 52855355 # GET request latency on next level
   latGETnet: 0 # GET request latency on network to next level
  l2-5: # Cache stats
   hGETS: 0 # GETS hits
   hGETX: 0 # GETX hits
   mGETS: 250821 # GETS misses
   mGETXIM: 62567 # GETX I->M misses
   mGETXSM: 9 # GETX S->M misses (upgrade misses)
   PUTS: 249733 # Clean evictions (from lower level)
   PUTX: 62431 # Dirty evictions (from lower level)
   INV: 19016 # Invalidates (from upper level)
   INVX: 20 # Downgrades (from upper level)
   FWD: 0 # Forwards (from upper level)
   latGETnl: 52853313 # GET request latency on next level
   latGETnet: 0 # GET request latency on network to next level
  l2-6: # Cache stats
   hGETS: 0 # GETS hits
   hGETX: 0 # GETX hits
   mGETS: 250792 # GETS misses
   mGETXIM: 62554 # GETX I->M misses
   mGETXSM: 5 # GETX S->M misses (upgrade misses)
   PUTS: 249724 # Clean evictions (from lower level)
   PUTX: 62432 # Dirty evictions (from lower level)
   INV: 18871 # Invalidates (from upper level)
   INVX: 4 # Downgrades (from upper level)
   FWD: 0 # Forwards (from upper level)
   latGETnl: 52854523 # GET request latency on next level
   latGETnet: 0 # GET request latency on network to next level
  l2-7: # Cache stats
   hGETS: 0 # GETS hits
   hGETX: 0 # GETX hits
   mGETS: 250785 # GETS misses
   mGETXIM: 62552 # GETX I->M misses
   mGETXSM: 7 # GETX S->M misses (upgrade misses)
   PUTS: 249723 # Clean evictions (from lower level)
   PUTX: 62431 # Dirty evictions (from lower level)
   INV: 28233 # Invalidates (from upper level)
   INVX: 11 # Downgrades (from upper level)
   FWD: 0 # Forwards (from upper level)
   latGETnl: 52853632 # GET request latency on next level
   latGETnet: 0 # GET request latency on network to next level
  l2-8: # Cache stats
   hGETS: 0 # GETS hits
   hGETX: 0 # GETX hits
   mGETS: 250820 # GETS misses
   mGETXIM: 62564 # GETX I->M misses
   mGETXSM: 9 # GETX S->M misses (upgrade misses)
   PUTS: 249733 # Clean evictions (from lower level)
   PUTX: 62431 # Dirty evictions (from lower level)
   INV: 45340 # Invalidates (from upper level)
   INVX: 20 # Downgrades (from upper level)
   FWD: 0 # Forwards (from upper level)
   latGETnl: 52852991 # GET request latency on next level
   latGETnet: 0 # GET request latency on network to next level
  l2-9: # Cache stats
   hGETS: 0 # GETS hits
   hGETX: 0 # GETX hits
   mGETS: 250800 # GETS misses
   mGETXIM: 62547 # GETX I->M misses
   mGETXSM: 5 # GETX S->M misses (upgrade misses)
   PUTS: 249722 # Clean evictions (from lower level)
   PUTX: 62433 # Dirty evictions (from lower level)
   INV: 43103 # Invalidates (from upper level)
   INVX: 18 # Downgrades (from upper level)
   FWD: 0 # Forwards (from upper level)
   latGETnl: 52853810 # GET request latency on next level
   latGETnet: 0 # GET request latency on network to next level
  l2-10: # Cache stats
   hGETS: 0 # GETS hits
   hGETX: 0 # GETX hits
   mGETS: 250785 # GETS misses
   mGETXIM: 62542 # GETX I->M misses
   mGETXSM: 5 # GETX S->M misses (upgrade misses)
   PUTS: 249723 # Clean evictions (from lower level)
   PUTX: 62429 # Dirty evictions (from lower level)
   INV: 17903 # Invalidates (from upper level)
   INVX: 34 # Downgrades (from upper level)
   FWD: 0 # Forwards (from upper level)
   latGETnl: 52856014 # GET request latency on next level
   latGETnet: 0 # GET request latency on network to next level
  l2-11: # Cache stats
   hGETS: 0 # GETS hits
   hGETX: 0 # GETX hits
   mGETS: 250805 # GETS misses
   mGETXIM: 62559 # GETX I->M misses
   mGETXSM: 10 # GETX S->M misses (upgrade misses)
   PUTS: 249731 # Clean evictions (from lower level)
   PUTX: 62451 # Dirty evictions (from lower level)
   INV: 55886 # Invalidates (from upper level)
   INVX: 12 # Downgrades (from upper level)
   FWD: 0 # Forwards (from upper level)
   latGETnl: 52855116 # GET request latency on next level
   latGETnet: 0 # GET request latency on network to next level
  l2-12: # Cache stats
   hGETS: 0 # GETS hits
   hGETX: 0 # GETX hits
   mGETS: 250802 # GETS misses
   mGETXIM: 62551 # GETX I->M misses
   mGETXSM: 6 # GETX S->M misses (upgrade misses)
   PUTS: 249728 # Clean evictions (from lower level)
   PUTX: 62431 # Dirty evictions (from lower level)
   INV: 17489 # Invalidates (from upper level)
   INVX: 7 # Downgrades (from upper level)
   FWD: 0 # Forwards (from upper level)
   latGETnl: 52852059 # GET request latency on next level
   latGETnet: 0 # GET request latency on network to next level
  l2-13: # Cache stats
   hGETS: 0 # GETS hits
   hGETX: 0 # GETX hits
   mGETS: 250801 # GETS misses
   mGETXIM: 62541 # GETX I->M misses
   mGETXSM: 5 # GETX S->M misses (upgrade misses)
   PUTS: 249724 # Clean evictions (from lower level)
   PUTX: 62431 # Dirty evictions (from lower level)
   INV: 17622 # Invalidates (from upper level)
   INVX: 3 # Downgrades (from upper level)
   FWD: 0 # Forwards (from upper level)
   latGETnl: 52851045 # GET request latency on next level
   latGETnet: 0 # GET request latency on network to next level
  l2-14: # Cache stats
   hGETS: 0 # GETS hits
   hGETX: 0 # GETX hits
   mGETS: 250792 # GETS misses
   mGETXIM: 62555 # GETX I->M misses
   mGETXSM: 6 # GETX S->M misses (upgrade misses)
   PUTS: 249724 # Clean evictions (from lower level)
   PUTX: 62430 # Dirty evictions (from lower level)
   INV: 37266 # Invalidates (from upper level)
   INVX: 2 # Downgrades (from upper level)
   FWD: 0 # Forwards (from upper level)
   latGETnl: 52849815 # GET request latency on next level
   latGETnet: 0 # GET request latency on network to next level
  l2-15: # Cache stats
   hGETS: 0 # GETS hits
   hGETX: 0 # GETX hits
   mGETS: 250792 # GETS misses
   mGETXIM: 62553 # GETX I->M misses
   mGETXSM: 6 # GETX S->M misses (upgrade misses)
   PUTS: 249725 # Clean evictions (from lower level)
   PUTX: 62430 # Dirty evictions (from lower level)
   INV: 29995 # Invalidates (from upper level)
   INVX: 2 # Downgrades (from upper level)
   FWD: 0 # Forwards (from upper level)
   latGETnl: 52849873 # GET request latency on next level
   latGETnet: 0 # GET request latency on network to next level
  l2-16: # Cache stats
   hGETS: 0 # GETS hits
   hGETX: 0 # GETX hits
   mGETS: 250786 # GETS misses
   mGETXIM: 62553 # GETX I->M misses
   mGETXSM: 6 # GETX S->M misses (upgrade misses)
   PUTS: 249723 # Clean evictions (from lower level)
   PUTX: 62430 # Dirty evictions (from lower level)
   INV: 17855 # Invalidates (from upper level)
   INVX: 2 # Downgrades (from upper level)
   FWD: 0 # Forwards (from upper level)
   latGETnl: 52849519 # GET request latency on next level
   latGETnet: 0 # GET request latency on network to next level
  l2-17: # Cache stats
   hGETS: 0 # GETS hits
   hGETX: 0 # GETX hits
   mGETS: 250793 # GETS misses
   mGETXIM: 62555 # GETX I->M misses
   mGETXSM: 6 # GETX S->M misses (upgrade misses)
   PUTS: 249726 # Clean evictions (from lower level)
   PUTX: 62430 # Dirty evictions (from lower level)
   INV: 17272 # Invalidates (from upper level)
   INVX: 2 # Downgrades (from upper level)
   FWD: 0 # Forwards (from upper level)
   latGETnl: 52849588 # GET request latency on next level
   latGETnet: 0 # GET request latency on network to next level
  l2-18: # Cache stats
   hGETS: 0 # GETS hits
   hGETX: 0 # GETX hits
   mGETS: 250788 # GETS misses
   mGETXIM: 62546 # GETX I->M misses
   mGETXSM: 6 # GETX S->M misses (upgrade misses)
   PUTS: 249721 # Clean evictions (from lower level)
   PUTX: 62432 # Dirty evictions (from lower level)
   INV: 17387 # Invalidates (from upper level)
   INVX: 2 # Downgrades (from upper level)
   FWD: 0 # Forwards (from upper level)
   latGETnl: 52849334 # GET request latency on next level
   latGETnet: 0 # GET request latency on network to next level
  l2-19: # Cache stats
   hGETS: 0 # GETS hits
   hGETX: 0 # GETX hits
   mGETS: 250786 # GETS misses
   mGETXIM: 62558 # GETX I->M misses
   mGETXSM: 6 # GETX S->M misses (upgrade misses)
   PUTS: 249724 # Clean evictions (from lower level)
   PUTX: 62430 # Dirty evictions (from lower level)
   INV: 17856 # Invalidates (from upper level)
   INVX: 2 # Downgrades (from upper level)
   FWD: 0 # Forwards (from upper level)
   latGETnl: 52849308 # GET request latency on next level
   latGETnet: 0 # GET request latency on network to next level
  l2-20: # Cache stats
   hGETS: 0 # GETS hits
   hGETX: 0 # GETX hits
   mGETS: 250897 # GETS misses
   mGETXIM: 62545 # GETX I->M misses
   mGETXSM: 10 # GETX S->M misses (upgrade misses)
   PUTS: 249758 # Clean evictions (from lower level)
   PUTX: 62439 # Dirty evictions (from lower level)
   INV: 30314 # Invalidates (from upper level)
   INVX: 3 # Downgrades (from upper level)
   FWD: 0 # Forwards (from upper level)
   latGETnl: 52864200 # GET request latency on next level
   latGETnet: 0 # GET request latency on network to next level
  l2-21: # Cache stats
   hGETS: 0 # GETS hits
   hGETX: 0 # GETX hits
   mGETS: 250789 # GETS misses
   mGETXIM: 62551 # GETX I->M misses
   mGETXSM: 6 # GETX S->M misses (upgrade misses)
   PUTS: 249723 # Clean evictions (from lower level)
   PUTX: 62431 # Dirty evictions (from lower level)
   INV: 29087 # Invalidates (from upper level)
   INVX: 2 # Downgrades (from upper level)
   FWD: 0 # Forwards (from upper level)
   latGETnl: 52849556 # GET request latency on next level
   latGETnet: 0 # GET request latency on network to next level
  l2-22: # Cache stats
   hGETS: 0 # GETS hits
   hGETX: 0 # GETX hits
   mGETS: 250783 # GETS misses
   mGETXIM: 62548 # GETX I->M misses
   mGETXSM: 6 # GETX S->M misses (upgrade misses)
   PUTS: 249722 # Clean evictions (from lower level)
   PUTX: 62430 # Dirty evictions (from lower level)
   INV: 55135 # Invalidates (from upper level)
   INVX: 3 # Downgrades (from upper level)
   FWD: 0 # Forwards (from upper level)
   latGETnl: 52848827 # GET request latency on next level
   latGETnet: 0 # GET request latency on network to next level
  l2-23: # Cache stats
   hGETS: 0 # GETS hits
   hGETX: 0 # GETX hits
   mGETS: 0 # GETS misses
   mGETXIM: 0 # GETX I->M misses
   mGETXSM: 0 # GETX S->M misses (upgrade misses)
   PUTS: 0 # Clean evictions (from lower level)
   PUTX: 0 # Dirty evictions (from lower level)
   INV: 0 # Invalidates (from upper level)
   INVX: 0 # Downgrades (from upper level)
   FWD: 0 # Forwards (from upper level)
   latGETnl: 0 # GET request latency on next level
   latGETnet: 0 # GET request latency on network to next level
 l3: # Cache stats
  l3-0b0: # Cache stats
   hGETS: 727 # GETS hits
   hGETX: 12 # GETX hits
   mGETS: 239660 # GETS misses
   mGETXIM: 59971 # GETX I->M misses
   mGETXSM: 0 # GETX S->M misses (upgrade misses)
   PUTS: 207563 # Clean evictions (from lower level)
   PUTX: 51383 # Dirty evictions (from lower level)
   INV: 0 # Invalidates (from upper level)
   INVX: 0 # Downgrades (from upper level)
   FWD: 0 # Forwards (from upper level)
   latGETnl: 39551292 # GET request latency on next level
   latGETnet: 0 # GET request latency on network to next level
  l3-0b1: # Cache stats
   hGETS: 719 # GETS hits
   hGETX: 24 # GETX hits
   mGETS: 239662 # GETS misses
   mGETXIM: 59972 # GETX I->M misses
   mGETXSM: 0 # GETX S->M misses (upgrade misses)
   PUTS: 207793 # Clean evictions (from lower level)
   PUTX: 51384 # Dirty evictions (from lower level)
   INV: 0 # Invalidates (from upper level)
   INVX: 0 # Downgrades (from upper level)
   FWD: 0 # Forwards (from upper level)
   latGETnl: 39551688 # GET request latency on next level
   latGETnet: 0 # GET request latency on network to next level
  l3-0b2: # Cache stats
   hGETS: 622 # GETS hits
   hGETX: 67 # GETX hits
   mGETS: 239663 # GETS misses
   mGETXIM: 59964 # GETX I->M misses
   mGETXSM: 0 # GETX S->M misses (upgrade misses)
   PUTS: 207556 # Clean evictions (from lower level)
   PUTX: 51387 # Dirty evictions (from lower level)
   INV: 0 # Invalidates (from upper level)
   INVX: 0 # Downgrades (from upper level)
   FWD: 0 # Forwards (from upper level)
   latGETnl: 39550764 # GET request latency on next level
   latGETnet: 0 # GET request latency on network to next level
  l3-0b3: # Cache stats
   hGETS: 799 # GETS hits
   hGETX: 44 # GETX hits
   mGETS: 239671 # GETS misses
   mGETXIM: 59980 # GETX I->M misses
   mGETXSM: 0 # GETX S->M misses (upgrade misses)
   PUTS: 207751 # Clean evictions (from lower level)
   PUTX: 51468 # Dirty evictions (from lower level)
   INV: 0 # Invalidates (from upper level)
   INVX: 0 # Downgrades (from upper level)
   FWD: 0 # Forwards (from upper level)
   latGETnl: 39553932 # GET request latency on next level
   latGETnet: 0 # GET request latency on network to next level
  l3-0b4: # Cache stats
   hGETS: 212 # GETS hits
   hGETX: 42 # GETX hits
   mGETS: 239665 # GETS misses
   mGETXIM: 59820 # GETX I->M misses
   mGETXSM: 0 # GETX S->M misses (upgrade misses)
   PUTS: 207390 # Clean evictions (from lower level)
   PUTX: 51513 # Dirty evictions (from lower level)
   INV: 0 # Invalidates (from upper level)
   INVX: 0 # Downgrades (from upper level)
   FWD: 0 # Forwards (from upper level)
   latGETnl: 39532020 # GET request latency on next level
   latGETnet: 0 # GET request latency on network to next level
  l3-0b5: # Cache stats
   hGETS: 727 # GETS hits
   hGETX: 55 # GETX hits
   mGETS: 239673 # GETS misses
   mGETXIM: 59974 # GETX I->M misses
   mGETXSM: 0 # GETX S->M misses (upgrade misses)
   PUTS: 207485 # Clean evictions (from lower level)
   PUTX: 51299 # Dirty evictions (from lower level)
   INV: 0 # Invalidates (from upper level)
   INVX: 0 # Downgrades (from upper level)
   FWD: 0 # Forwards (from upper level)
   latGETnl: 39553404 # GET request latency on next level
   latGETnet: 0 # GET request latency on network to next level
  l3-0b6: # Cache stats
   hGETS: 250 # GETS hits
   hGETX: 60 # GETX hits
   mGETS: 239668 # GETS misses
   mGETXIM: 60098 # GETX I->M misses
   mGETXSM: 0 # GETX S->M misses (upgrade misses)
   PUTS: 207150 # Clean evictions (from lower level)
   PUTX: 51431 # Dirty evictions (from lower level)
   INV: 0 # Invalidates (from upper level)
   INVX: 0 # Downgrades (from upper level)
   FWD: 0 # Forwards (from upper level)
   latGETnl: 39569112 # GET request latency on next level
   latGETnet: 0 # GET request latency on network to next level
  l3-0b7: # Cache stats
   hGETS: 163 # GETS hits
   hGETX: 58 # GETX hits
   mGETS: 239661 # GETS misses
   mGETXIM: 59881 # GETX I->M misses
   mGETXSM: 0 # GETX S->M misses (upgrade misses)
   PUTS: 207139 # Clean evictions (from lower level)
   PUTX: 51471 # Dirty evictions (from lower level)
   INV: 0 # Invalidates (from upper level)
   INVX: 0 # Downgrades (from upper level)
   FWD: 0 # Forwards (from upper level)
   latGETnl: 39539544 # GET request latency on next level
   latGETnet: 0 # GET request latency on network to next level
  l3-0b8: # Cache stats
   hGETS: 185 # GETS hits
   hGETX: 16 # GETX hits
   mGETS: 239649 # GETS misses
   mGETXIM: 60027 # GETX I->M misses
   mGETXSM: 0 # GETX S->M misses (upgrade misses)
   PUTS: 207320 # Clean evictions (from lower level)
   PUTX: 51355 # Dirty evictions (from lower level)
   INV: 0 # Invalidates (from upper level)
   INVX: 0 # Downgrades (from upper level)
   FWD: 0 # Forwards (from upper level)
   latGETnl: 39557232 # GET request latency on next level
   latGETnet: 0 # GET request latency on network to next level
  l3-0b9: # Cache stats
   hGETS: 160 # GETS hits
   hGETX: 18 # GETX hits
   mGETS: 239656 # GETS misses
   mGETXIM: 60027 # GETX I->M misses
   mGETXSM: 0 # GETX S->M misses (upgrade misses)
   PUTS: 207127 # Clean evictions (from lower level)
   PUTX: 51446 # Dirty evictions (from lower level)
   INV: 0 # Invalidates (from upper level)
   INVX: 0 # Downgrades (from upper level)
   FWD: 0 # Forwards (from upper level)
   latGETnl: 39558156 # GET request latency on next level
   latGETnet: 0 # GET request latency on network to next level
  l3-0b10: # Cache stats
   hGETS: 1583 # GETS hits
   hGETX: 66 # GETX hits
   mGETS: 239669 # GETS misses
   mGETXIM: 59902 # GETX I->M misses
   mGETXSM: 0 # GETX S->M misses (upgrade misses)
   PUTS: 208594 # Clean evictions (from lower level)
   PUTX: 51459 # Dirty evictions (from lower level)
   INV: 0 # Invalidates (from upper level)
   INVX: 0 # Downgrades (from upper level)
   FWD: 0 # Forwards (from upper level)
   latGETnl: 39543372 # GET request latency on next level
   latGETnet: 0 # GET request latency on network to next level
  l3-0b11: # Cache stats
   hGETS: 248 # GETS hits
   hGETX: 65 # GETX hits
   mGETS: 239670 # GETS misses
   mGETXIM: 59955 # GETX I->M misses
   mGETXSM: 0 # GETX S->M misses (upgrade misses)
   PUTS: 207340 # Clean evictions (from lower level)
   PUTX: 51314 # Dirty evictions (from lower level)
   INV: 0 # Invalidates (from upper level)
   INVX: 0 # Downgrades (from upper level)
   FWD: 0 # Forwards (from upper level)
   latGETnl: 39550500 # GET request latency on next level
   latGETnet: 0 # GET request latency on network to next level
  l3-0b12: # Cache stats
   hGETS: 1181 # GETS hits
   hGETX: 39 # GETX hits
   mGETS: 239678 # GETS misses
   mGETXIM: 59827 # GETX I->M misses
   mGETXSM: 0 # GETX S->M misses (upgrade misses)
   PUTS: 208175 # Clean evictions (from lower level)
   PUTX: 51269 # Dirty evictions (from lower level)
   INV: 0 # Invalidates (from upper level)
   INVX: 0 # Downgrades (from upper level)
   FWD: 0 # Forwards (from upper level)
   latGETnl: 39534660 # GET request latency on next level
   latGETnet: 0 # GET request latency on network to next level
  l3-0b13: # Cache stats
   hGETS: 1117 # GETS hits
   hGETX: 44 # GETX hits
   mGETS: 239680 # GETS misses
   mGETXIM: 59969 # GETX I->M misses
   mGETXSM: 0 # GETX S->M misses (upgrade misses)
   PUTS: 208174 # Clean evictions (from lower level)
   PUTX: 51353 # Dirty evictions (from lower level)
   INV: 0 # Invalidates (from upper level)
   INVX: 0 # Downgrades (from upper level)
   FWD: 0 # Forwards (from upper level)
   latGETnl: 39553668 # GET request latency on next level
   latGETnet: 0 # GET request latency on network to next level
  l3-0b14: # Cache stats
   hGETS: 1149 # GETS hits
   hGETX: 74 # GETX hits
   mGETS: 239674 # GETS misses
   mGETXIM: 59859 # GETX I->M misses
   mGETXSM: 0 # GETX S->M misses (upgrade misses)
   PUTS: 208105 # Clean evictions (from lower level)
   PUTX: 51181 # Dirty evictions (from lower level)
   INV: 0 # Invalidates (from upper level)
   INVX: 0 # Downgrades (from upper level)
   FWD: 0 # Forwards (from upper level)
   latGETnl: 39538356 # GET request latency on next level
   latGETnet: 0 # GET request latency on network to next level
  l3-0b15: # Cache stats
   hGETS: 1142 # GETS hits
   hGETX: 59 # GETX hits
   mGETS: 239679 # GETS misses
   mGETXIM: 59770 # GETX I->M misses
   mGETXSM: 0 # GETX S->M misses (upgrade misses)
   PUTS: 208298 # Clean evictions (from lower level)
   PUTX: 51259 # Dirty evictions (from lower level)
   INV: 0 # Invalidates (from upper level)
   INVX: 0 # Downgrades (from upper level)
   FWD: 0 # Forwards (from upper level)
   latGETnl: 39527268 # GET request latency on next level
   latGETnet: 0 # GET request latency on network to next level
  l3-0b16: # Cache stats
   hGETS: 883 # GETS hits
   hGETX: 19 # GETX hits
   mGETS: 239589 # GETS misses
   mGETXIM: 59865 # GETX I->M misses
   mGETXSM: 0 # GETX S->M misses (upgrade misses)
   PUTS: 207744 # Clean evictions (from lower level)
   PUTX: 51250 # Dirty evictions (from lower level)
   INV: 0 # Invalidates (from upper level)
   INVX: 0 # Downgrades (from upper level)
   FWD: 0 # Forwards (from upper level)
   latGETnl: 39527928 # GET request latency on next level
   latGETnet: 0 # GET request latency on network to next level
  l3-0b17: # Cache stats
   hGETS: 771 # GETS hits
   hGETX: 30 # GETX hits
   mGETS: 239584 # GETS misses
   mGETXIM: 59867 # GETX I->M misses
   mGETXSM: 0 # GETX S->M misses (upgrade misses)
   PUTS: 207657 # Clean evictions (from lower level)
   PUTX: 51271 # Dirty evictions (from lower level)
   INV: 0 # Invalidates (from upper level)
   INVX: 0 # Downgrades (from upper level)
   FWD: 0 # Forwards (from upper level)
   latGETnl: 39527532 # GET request latency on next level
   latGETnet: 0 # GET request latency on network to next level
  l3-0b18: # Cache stats
   hGETS: 823 # GETS hits
   hGETX: 8 # GETX hits
   mGETS: 239568 # GETS misses
   mGETXIM: 59994 # GETX I->M misses
   mGETXSM: 0 # GETX S->M misses (upgrade misses)
   PUTS: 207637 # Clean evictions (from lower level)
   PUTX: 51443 # Dirty evictions (from lower level)
   INV: 0 # Invalidates (from upper level)
   INVX: 0 # Downgrades (from upper level)
   FWD: 0 # Forwards (from upper level)
   latGETnl: 39542184 # GET request latency on next level
   latGETnet: 0 # GET request latency on network to next level
  l3-0b19: # Cache stats
   hGETS: 859 # GETS hits
   hGETX: 28 # GETX hits
   mGETS: 239564 # GETS misses
   mGETXIM: 59936 # GETX I->M misses
   mGETXSM: 0 # GETX S->M misses (upgrade misses)
   PUTS: 207577 # Clean evictions (from lower level)
   PUTX: 51342 # Dirty evictions (from lower level)
   INV: 0 # Invalidates (from upper level)
   INVX: 0 # Downgrades (from upper level)
   FWD: 0 # Forwards (from upper level)
   latGETnl: 39534000 # GET request latency on next level
   latGETnet: 0 # GET request latency on network to next level
  l3-0b20: # Cache stats
   hGETS: 766 # GETS hits
   hGETX: 0 # GETX hits
   mGETS: 239562 # GETS misses
   mGETXIM: 59791 # GETX I->M misses
   mGETXSM: 0 # GETX S->M misses (upgrade misses)
   PUTS: 207943 # Clean evictions (from lower level)
   PUTX: 51201 # Dirty evictions (from lower level)
   INV: 0 # Invalidates (from upper level)
   INVX: 0 # Downgrades (from upper level)
   FWD: 0 # Forwards (from upper level)
   latGETnl: 39514596 # GET request latency on next level
   latGETnet: 0 # GET request latency on network to next level
  l3-0b21: # Cache stats
   hGETS: 795 # GETS hits
   hGETX: 8 # GETX hits
   mGETS: 239569 # GETS misses
   mGETXIM: 59927 # GETX I->M misses
   mGETXSM: 0 # GETX S->M misses (upgrade misses)
   PUTS: 207792 # Clean evictions (from lower level)
   PUTX: 51344 # Dirty evictions (from lower level)
   INV: 0 # Invalidates (from upper level)
   INVX: 0 # Downgrades (from upper level)
   FWD: 0 # Forwards (from upper level)
   latGETnl: 39533472 # GET request latency on next level
   latGETnet: 0 # GET request latency on network to next level
  l3-0b22: # Cache stats
   hGETS: 778 # GETS hits
   hGETX: 18 # GETX hits
   mGETS: 239569 # GETS misses
   mGETXIM: 59911 # GETX I->M misses
   mGETXSM: 0 # GETX S->M misses (upgrade misses)
   PUTS: 207857 # Clean evictions (from lower level)
   PUTX: 51262 # Dirty evictions (from lower level)
   INV: 0 # Invalidates (from upper level)
   INVX: 0 # Downgrades (from upper level)
   FWD: 0 # Forwards (from upper level)
   latGETnl: 39531360 # GET request latency on next level
   latGETnet: 0 # GET request latency on network to next level
  l3-0b23: # Cache stats
   hGETS: 809 # GETS hits
   hGETX: 4 # GETX hits
   mGETS: 239569 # GETS misses
   mGETXIM: 59779 # GETX I->M misses
   mGETXSM: 0 # GETX S->M misses (upgrade misses)
   PUTS: 208063 # Clean evictions (from lower level)
   PUTX: 51154 # Dirty evictions (from lower level)
   INV: 0 # Invalidates (from upper level)
   INVX: 0 # Downgrades (from upper level)
   FWD: 0 # Forwards (from upper level)
   latGETnl: 39513936 # GET request latency on next level
   latGETnet: 0 # GET request latency on network to next level
 mem: # Memory controller stats
  mem-0: # Memory controller stats
   rd: 7189318 # Read requests
   wr: 1330703 # Write requests
   rdlat: 1016734652 # Total latency experienced by read requests
   wrlat: 188868340 # Total latency experienced by write requests
 sched: # Scheduler stats
  thCr: 25 # Threads created
  thFn: 25 # Threads finished
  schedEvs: 28 # Schedule events
  waitEvs: 2 # Wait events
  handoffEvs: 1 # Handoff events
  sleepEvs: 1 # Sleep events
  idlePhases: 0 # Phases with no thread active
  idlePeriods: 0 # Periods with no thread active
  occHist: # Occupancy histogram
   0: 0
   1: 24
   2: 0
   3: 1
   4: 2
   5: 1
   6: 0
   7: 1
   8: 0
   9: 0
   10: 0
   11: 1
   12: 0
   13: 1
   14: 0
   15: 0
   16: 0
   17: 1
   18: 0
   19: 0
   20: 0
   21: 1
   22: 0
   23: 194596
   24: 0
  rqSzHist: # Run queue size histogram
   0: 194606
   1: 23
   2: 0
   3: 0
   4: 0
   5: 0
   6: 0
   7: 0
   8: 0
   9: 0
   10: 0
   11: 0
   12: 0
   13: 0
   14: 0
   15: 0
   16: 0
   17: 0
   18: 0
   19: 0
   20: 0
   21: 0
   22: 0
   23: 0
   24: 0
 procCycles: # Per-process unhalted core cycles
  0: 4475815571
  1: 0
  2: 0
  3: 0
  4: 0
  5: 0
  6: 0
  7: 0
  8: 0
  9: 0
  10: 0
  11: 0
  12: 0
  13: 0
  14: 0
  15: 0
  16: 0
  17: 0
  18: 0
  19: 0
  20: 0
  21: 0
  22: 0
  23: 0
  24: 0
  25: 0
  26: 0
  27: 0
  28: 0
  29: 0
  30: 0
  31: 0
  32: 0
  33: 0
  34: 0
  35: 0
  36: 0
  37: 0
  38: 0
  39: 0
  40: 0
  41: 0
  42: 0
  43: 0
  44: 0
  45: 0
  46: 0
  47: 0
  48: 0
  49: 0
  50: 0
  51: 0
  52: 0
  53: 0
  54: 0
  55: 0
  56: 0
  57: 0
  58: 0
  59: 0
  60: 0
  61: 0
  62: 0
  63: 0
 procInstrs: # Per-process instructions
  0: 6649622007
  1: 0
  2: 0
  3: 0
  4: 0
  5: 0
  6: 0
  7: 0
  8: 0
  9: 0
  10: 0
  11: 0
  12: 0
  13: 0
  14: 0
  15: 0
  16: 0
  17: 0
  18: 0
  19: 0
  20: 0
  21: 0
  22: 0
  23: 0
  24: 0
  25: 0
  26: 0
  27: 0
  28: 0
  29: 0
  30: 0
  31: 0
  32: 0
  33: 0
  34: 0
  35: 0
  36: 0
  37: 0
  38: 0
  39: 0
  40: 0
  41: 0
  42: 0
  43: 0
  44: 0
  45: 0
  46: 0
  47: 0
  48: 0
  49: 0
  50: 0
  51: 0
  52: 0
  53: 0
  54: 0
  55: 0
  56: 0
  57: 0
  58: 0
  59: 0
  60: 0
  61: 0
  62: 0
  63: 0
 heartbeats: # Per-process heartbeats
  0: 0
  1: 0
  2: 0
  3: 0
  4: 0
  5: 0
  6: 0
  7: 0
  8: 0
  9: 0
  10: 0
  11: 0
  12: 0
  13: 0
  14: 0
  15: 0
  16: 0
  17: 0
  18: 0
  19: 0
  20: 0
  21: 0
  22: 0
  23: 0
  24: 0
  25: 0
  26: 0
  27: 0
  28: 0
  29: 0
  30: 0
  31: 0
  32: 0
  33: 0
  34: 0
  35: 0
  36: 0
  37: 0
  38: 0
  39: 0
  40: 0
  41: 0
  42: 0
  43: 0
  44: 0
  45: 0
  46: 0
  47: 0
  48: 0
  49: 0
  50: 0
  51: 0
  52: 0
  53: 0
  54: 0
  55: 0
  56: 0
  57: 0
  58: 0
  59: 0
  60: 0
  61: 0
  62: 0
  63: 0
===
