# zsim stats
===
root: # Stats
 contention: # Contention simulation stats
  domain-0: # Domain stats
   time: 14192247635 # Weave simulation time
 time: # Simulator time breakdown
  init: 3053581460
  bound: 1204465969604
  weave: 23146515785
  ff: 407743
 trigger: 20000 # Reason for this stats dump
 phase: 311559 # Simulated phases
 reqCycles: 0 # Requeue Cycles
 skylake: # Core stats
  skylake-0: # Core stats
   cycles: 311559002 # Simulated unhalted cycles
   cCycles: 1782355 # Cycles due to contention stalls
   instrs: 462583667 # Simulated instructions
   uops: 310754387 # issued micro-ops
   bbls: 153520572 # Basic blocks
   approxInstrs: 1170016 # Instrs with approx uop decoding
   mispredBranches: 170157 # Mispredicted branches
   IdqNotDelivered: 309776647 # Stalls no uop delivered when no Bkend Stall
   IntMiscRecoveryCycles: 1372256 # Stalls waiting machine clears
   uops executed: 311594065 # Executed microoperations
  skylake-1: # Core stats
   cycles: 311535013 # Simulated unhalted cycles
   cCycles: 1782333 # Cycles due to contention stalls
   instrs: 462582869 # Simulated instructions
   uops: 310753316 # issued micro-ops
   bbls: 153520478 # Basic blocks
   approxInstrs: 1170012 # Instrs with approx uop decoding
   mispredBranches: 170128 # Mispredicted branches
   IdqNotDelivered: 309752680 # Stalls no uop delivered when no Bkend Stall
   IntMiscRecoveryCycles: 1367381 # Stalls waiting machine clears
   uops executed: 311592981 # Executed microoperations
  skylake-2: # Core stats
   cycles: 311532532 # Simulated unhalted cycles
   cCycles: 1782318 # Cycles due to contention stalls
   instrs: 462580124 # Simulated instructions
   uops: 310751230 # issued micro-ops
   bbls: 153519633 # Basic blocks
   approxInstrs: 1170004 # Instrs with approx uop decoding
   mispredBranches: 170128 # Mispredicted branches
   IdqNotDelivered: 309750214 # Stalls no uop delivered when no Bkend Stall
   IntMiscRecoveryCycles: 1368413 # Stalls waiting machine clears
   uops executed: 311590900 # Executed microoperations
  skylake-3: # Core stats
   cycles: 311533705 # Simulated unhalted cycles
   cCycles: 1782310 # Cycles due to contention stalls
   instrs: 462582718 # Simulated instructions
   uops: 310753090 # issued micro-ops
   bbls: 153520459 # Basic blocks
   approxInstrs: 1170010 # Instrs with approx uop decoding
   mispredBranches: 170123 # Mispredicted branches
   IdqNotDelivered: 309751395 # Stalls no uop delivered when no Bkend Stall
   IntMiscRecoveryCycles: 1367868 # Stalls waiting machine clears
   uops executed: 311592762 # Executed microoperations
  skylake-4: # Core stats
   cycles: 311532002 # Simulated unhalted cycles
   cCycles: 1782331 # Cycles due to contention stalls
   instrs: 462582331 # Simulated instructions
   uops: 310752832 # issued micro-ops
   bbls: 153520330 # Basic blocks
   approxInstrs: 1170010 # Instrs with approx uop decoding
   mispredBranches: 170123 # Mispredicted branches
   IdqNotDelivered: 309749671 # Stalls no uop delivered when no Bkend Stall
   IntMiscRecoveryCycles: 1367186 # Stalls waiting machine clears
   uops executed: 311592504 # Executed microoperations
  skylake-5: # Core stats
   cycles: 311531012 # Simulated unhalted cycles
   cCycles: 1782304 # Cycles due to contention stalls
   instrs: 462582523 # Simulated instructions
   uops: 310752960 # issued micro-ops
   bbls: 153520394 # Basic blocks
   approxInstrs: 1170010 # Instrs with approx uop decoding
   mispredBranches: 170123 # Mispredicted branches
   IdqNotDelivered: 309748708 # Stalls no uop delivered when no Bkend Stall
   IntMiscRecoveryCycles: 1367088 # Stalls waiting machine clears
   uops executed: 311592632 # Executed microoperations
  skylake-6: # Core stats
   cycles: 311530928 # Simulated unhalted cycles
   cCycles: 1782320 # Cycles due to contention stalls
   instrs: 462582817 # Simulated instructions
   uops: 310752834 # issued micro-ops
   bbls: 153520567 # Basic blocks
   approxInstrs: 1170006 # Instrs with approx uop decoding
   mispredBranches: 170120 # Mispredicted branches
   IdqNotDelivered: 309748608 # Stalls no uop delivered when no Bkend Stall
   IntMiscRecoveryCycles: 1368672 # Stalls waiting machine clears
   uops executed: 311592496 # Executed microoperations
  skylake-7: # Core stats
   cycles: 311530013 # Simulated unhalted cycles
   cCycles: 1782310 # Cycles due to contention stalls
   instrs: 462582279 # Simulated instructions
   uops: 310752463 # issued micro-ops
   bbls: 153520389 # Basic blocks
   approxInstrs: 1170004 # Instrs with approx uop decoding
   mispredBranches: 170117 # Mispredicted branches
   IdqNotDelivered: 309747703 # Stalls no uop delivered when no Bkend Stall
   IntMiscRecoveryCycles: 1368198 # Stalls waiting machine clears
   uops executed: 311592139 # Executed microoperations
  skylake-8: # Core stats
   cycles: 311530013 # Simulated unhalted cycles
   cCycles: 1782311 # Cycles due to contention stalls
   instrs: 462581077 # Simulated instructions
   uops: 310751996 # issued micro-ops
   bbls: 153519912 # Basic blocks
   approxInstrs: 1170010 # Instrs with approx uop decoding
   mispredBranches: 170123 # Mispredicted branches
   IdqNotDelivered: 309747702 # Stalls no uop delivered when no Bkend Stall
   IntMiscRecoveryCycles: 1367152 # Stalls waiting machine clears
   uops executed: 311591668 # Executed microoperations
  skylake-9: # Core stats
   cycles: 311529705 # Simulated unhalted cycles
   cCycles: 1782292 # Cycles due to contention stalls
   instrs: 462582480 # Simulated instructions
   uops: 310752597 # issued micro-ops
   bbls: 153520456 # Basic blocks
   approxInstrs: 1170004 # Instrs with approx uop decoding
   mispredBranches: 170117 # Mispredicted branches
   IdqNotDelivered: 309747413 # Stalls no uop delivered when no Bkend Stall
   IntMiscRecoveryCycles: 1367482 # Stalls waiting machine clears
   uops executed: 311592273 # Executed microoperations
  skylake-10: # Core stats
   cycles: 311529704 # Simulated unhalted cycles
   cCycles: 1782303 # Cycles due to contention stalls
   instrs: 462582618 # Simulated instructions
   uops: 310752689 # issued micro-ops
   bbls: 153520502 # Basic blocks
   approxInstrs: 1170004 # Instrs with approx uop decoding
   mispredBranches: 170117 # Mispredicted branches
   IdqNotDelivered: 309747401 # Stalls no uop delivered when no Bkend Stall
   IntMiscRecoveryCycles: 1367793 # Stalls waiting machine clears
   uops executed: 311592365 # Executed microoperations
  skylake-11: # Core stats
   cycles: 311529002 # Simulated unhalted cycles
   cCycles: 1782284 # Cycles due to contention stalls
   instrs: 462581854 # Simulated instructions
   uops: 310752404 # issued micro-ops
   bbls: 153520152 # Basic blocks
   approxInstrs: 1170008 # Instrs with approx uop decoding
   mispredBranches: 170120 # Mispredicted branches
   IdqNotDelivered: 309746718 # Stalls no uop delivered when no Bkend Stall
   IntMiscRecoveryCycles: 1367443 # Stalls waiting machine clears
   uops executed: 311592164 # Executed microoperations
  skylake-12: # Core stats
   cycles: 311529318 # Simulated unhalted cycles
   cCycles: 1782299 # Cycles due to contention stalls
   instrs: 462582817 # Simulated instructions
   uops: 310752834 # issued micro-ops
   bbls: 153520567 # Basic blocks
   approxInstrs: 1170006 # Instrs with approx uop decoding
   mispredBranches: 170120 # Mispredicted branches
   IdqNotDelivered: 309747019 # Stalls no uop delivered when no Bkend Stall
   IntMiscRecoveryCycles: 1368009 # Stalls waiting machine clears
   uops executed: 311592496 # Executed microoperations
  skylake-13: # Core stats
   cycles: 311528704 # Simulated unhalted cycles
   cCycles: 1782312 # Cycles due to contention stalls
   instrs: 462582573 # Simulated instructions
   uops: 310752659 # issued micro-ops
   bbls: 153520487 # Basic blocks
   approxInstrs: 1170004 # Instrs with approx uop decoding
   mispredBranches: 170117 # Mispredicted branches
   IdqNotDelivered: 309746392 # Stalls no uop delivered when no Bkend Stall
   IntMiscRecoveryCycles: 1367352 # Stalls waiting machine clears
   uops executed: 311592335 # Executed microoperations
  skylake-14: # Core stats
   cycles: 311528013 # Simulated unhalted cycles
   cCycles: 1782294 # Cycles due to contention stalls
   instrs: 462582606 # Simulated instructions
   uops: 310752681 # issued micro-ops
   bbls: 153520498 # Basic blocks
   approxInstrs: 1170004 # Instrs with approx uop decoding
   mispredBranches: 170117 # Mispredicted branches
   IdqNotDelivered: 309745719 # Stalls no uop delivered when no Bkend Stall
   IntMiscRecoveryCycles: 1367352 # Stalls waiting machine clears
   uops executed: 311592357 # Executed microoperations
  skylake-15: # Core stats
   cycles: 311528019 # Simulated unhalted cycles
   cCycles: 1782301 # Cycles due to contention stalls
   instrs: 462582809 # Simulated instructions
   uops: 310752823 # issued micro-ops
   bbls: 153520565 # Basic blocks
   approxInstrs: 1170006 # Instrs with approx uop decoding
   mispredBranches: 170119 # Mispredicted branches
   IdqNotDelivered: 309745718 # Stalls no uop delivered when no Bkend Stall
   IntMiscRecoveryCycles: 1367172 # Stalls waiting machine clears
   uops executed: 311592495 # Executed microoperations
  skylake-16: # Core stats
   cycles: 311528001 # Simulated unhalted cycles
   cCycles: 1782312 # Cycles due to contention stalls
   instrs: 462581697 # Simulated instructions
   uops: 310752075 # issued micro-ops
   bbls: 153520195 # Basic blocks
   approxInstrs: 1170004 # Instrs with approx uop decoding
   mispredBranches: 170117 # Mispredicted branches
   IdqNotDelivered: 309745689 # Stalls no uop delivered when no Bkend Stall
   IntMiscRecoveryCycles: 1367156 # Stalls waiting machine clears
   uops executed: 311591751 # Executed microoperations
  skylake-17: # Core stats
   cycles: 311528013 # Simulated unhalted cycles
   cCycles: 1782304 # Cycles due to contention stalls
   instrs: 462582729 # Simulated instructions
   uops: 310752763 # issued micro-ops
   bbls: 153520539 # Basic blocks
   approxInstrs: 1170004 # Instrs with approx uop decoding
   mispredBranches: 170117 # Mispredicted branches
   IdqNotDelivered: 309745709 # Stalls no uop delivered when no Bkend Stall
   IntMiscRecoveryCycles: 1367176 # Stalls waiting machine clears
   uops executed: 311592439 # Executed microoperations
  skylake-18: # Core stats
   cycles: 311527001 # Simulated unhalted cycles
   cCycles: 1782295 # Cycles due to contention stalls
   instrs: 462581067 # Simulated instructions
   uops: 310751655 # issued micro-ops
   bbls: 153519985 # Basic blocks
   approxInstrs: 1170004 # Instrs with approx uop decoding
   mispredBranches: 170117 # Mispredicted branches
   IdqNotDelivered: 309744706 # Stalls no uop delivered when no Bkend Stall
   IntMiscRecoveryCycles: 1367156 # Stalls waiting machine clears
   uops executed: 311591331 # Executed microoperations
  skylake-19: # Core stats
   cycles: 311527013 # Simulated unhalted cycles
   cCycles: 1782297 # Cycles due to contention stalls
   instrs: 462580218 # Simulated instructions
   uops: 310751089 # issued micro-ops
   bbls: 153519702 # Basic blocks
   approxInstrs: 1170004 # Instrs with approx uop decoding
   mispredBranches: 170117 # Mispredicted branches
   IdqNotDelivered: 309744716 # Stalls no uop delivered when no Bkend Stall
   IntMiscRecoveryCycles: 1367499 # Stalls waiting machine clears
   uops executed: 311590765 # Executed microoperations
  skylake-20: # Core stats
   cycles: 311527013 # Simulated unhalted cycles
   cCycles: 1782343 # Cycles due to contention stalls
   instrs: 462580410 # Simulated instructions
   uops: 310751217 # issued micro-ops
   bbls: 153519766 # Basic blocks
   approxInstrs: 1170004 # Instrs with approx uop decoding
   mispredBranches: 170117 # Mispredicted branches
   IdqNotDelivered: 309744670 # Stalls no uop delivered when no Bkend Stall
   IntMiscRecoveryCycles: 1367499 # Stalls waiting machine clears
   uops executed: 311590893 # Executed microoperations
  skylake-21: # Core stats
   cycles: 311527012 # Simulated unhalted cycles
   cCycles: 1782330 # Cycles due to contention stalls
   instrs: 462562692 # Simulated instructions
   uops: 310740765 # issued micro-ops
   bbls: 153513354 # Basic blocks
   approxInstrs: 1169947 # Instrs with approx uop decoding
   mispredBranches: 170193 # Mispredicted branches
   IdqNotDelivered: 309744682 # Stalls no uop delivered when no Bkend Stall
   IntMiscRecoveryCycles: 1370134 # Stalls waiting machine clears
   uops executed: 311580479 # Executed microoperations
  skylake-22: # Core stats
   cycles: 311524704 # Simulated unhalted cycles
   cCycles: 1782310 # Cycles due to contention stalls
   instrs: 462576879 # Simulated instructions
   uops: 310748876 # issued micro-ops
   bbls: 153518593 # Basic blocks
   approxInstrs: 1169991 # Instrs with approx uop decoding
   mispredBranches: 170113 # Mispredicted branches
   IdqNotDelivered: 309742394 # Stalls no uop delivered when no Bkend Stall
   IntMiscRecoveryCycles: 1367189 # Stalls waiting machine clears
   uops executed: 311588563 # Executed microoperations
  skylake-23: # Core stats
   cycles: 0 # Simulated unhalted cycles
   cCycles: 0 # Cycles due to contention stalls
   instrs: 0 # Simulated instructions
   uops: 0 # issued micro-ops
   bbls: 0 # Basic blocks
   approxInstrs: 0 # Instrs with approx uop decoding
   mispredBranches: 0 # Mispredicted branches
   IdqNotDelivered: 0 # Stalls no uop delivered when no Bkend Stall
   IntMiscRecoveryCycles: 0 # Stalls waiting machine clears
   uops executed: 0 # Executed microoperations
 l1d: # Cache stats
  l1d-0: # Filter cache stats
   fhGETS: 1015968 # Filtered GETS hits
   fhGETX: 670245 # Filtered GETX hits
   hGETS: 255273 # GETS hits
   hGETX: 260357 # GETX hits
   mGETS: 250256 # GETS misses
   mGETXIM: 250119 # GETX I->M misses
   mGETXSM: 7 # GETX S->M misses (upgrade misses)
   PUTS: 0 # Clean evictions (from lower level)
   PUTX: 0 # Dirty evictions (from lower level)
   INV: 132 # Invalidates (from upper level)
   INVX: 93 # Downgrades (from upper level)
   FWD: 0 # Forwards (from upper level)
   latGETnl: 89543224 # GET request latency on next level
   latGETnet: 0 # GET request latency on network to next level
  l1d-1: # Filter cache stats
   fhGETS: 1015699 # Filtered GETS hits
   fhGETX: 670071 # Filtered GETX hits
   hGETS: 255195 # GETS hits
   hGETX: 260327 # GETX hits
   mGETS: 250212 # GETS misses
   mGETXIM: 250080 # GETX I->M misses
   mGETXSM: 10 # GETX S->M misses (upgrade misses)
   PUTS: 0 # Clean evictions (from lower level)
   PUTX: 0 # Dirty evictions (from lower level)
   INV: 113 # Invalidates (from upper level)
   INVX: 25 # Downgrades (from upper level)
   FWD: 0 # Forwards (from upper level)
   latGETnl: 89523640 # GET request latency on next level
   latGETnet: 0 # GET request latency on network to next level
  l1d-2: # Filter cache stats
   fhGETS: 1015586 # Filtered GETS hits
   fhGETX: 670003 # Filtered GETX hits
   hGETS: 255169 # GETS hits
   hGETX: 260305 # GETX hits
   mGETS: 250200 # GETS misses
   mGETXIM: 250074 # GETX I->M misses
   mGETXSM: 5 # GETX S->M misses (upgrade misses)
   PUTS: 0 # Clean evictions (from lower level)
   PUTX: 0 # Dirty evictions (from lower level)
   INV: 92 # Invalidates (from upper level)
   INVX: 5 # Downgrades (from upper level)
   FWD: 0 # Forwards (from upper level)
   latGETnl: 89520861 # GET request latency on next level
   latGETnet: 0 # GET request latency on network to next level
  l1d-3: # Filter cache stats
   fhGETS: 1015625 # Filtered GETS hits
   fhGETX: 670027 # Filtered GETX hits
   hGETS: 255202 # GETS hits
   hGETX: 260336 # GETX hits
   mGETS: 250207 # GETS misses
   mGETXIM: 250075 # GETX I->M misses
   mGETXSM: 7 # GETX S->M misses (upgrade misses)
   PUTS: 0 # Clean evictions (from lower level)
   PUTX: 0 # Dirty evictions (from lower level)
   INV: 104 # Invalidates (from upper level)
   INVX: 32 # Downgrades (from upper level)
   FWD: 0 # Forwards (from upper level)
   latGETnl: 89524815 # GET request latency on next level
   latGETnet: 0 # GET request latency on network to next level
  l1d-4: # Filter cache stats
   fhGETS: 1015616 # Filtered GETS hits
   fhGETX: 670012 # Filtered GETX hits
   hGETS: 255203 # GETS hits
   hGETX: 260358 # GETX hits
   mGETS: 250215 # GETS misses
   mGETXIM: 250066 # GETX I->M misses
   mGETXSM: 9 # GETX S->M misses (upgrade misses)
   PUTS: 0 # Clean evictions (from lower level)
   PUTX: 0 # Dirty evictions (from lower level)
   INV: 105 # Invalidates (from upper level)
   INVX: 19 # Downgrades (from upper level)
   FWD: 0 # Forwards (from upper level)
   latGETnl: 89522928 # GET request latency on next level
   latGETnet: 0 # GET request latency on network to next level
  l1d-5: # Filter cache stats
   fhGETS: 1015642 # Filtered GETS hits
   fhGETX: 670045 # Filtered GETX hits
   hGETS: 255187 # GETS hits
   hGETX: 260309 # GETX hits
   mGETS: 250205 # GETS misses
   mGETXIM: 250082 # GETX I->M misses
   mGETXSM: 9 # GETX S->M misses (upgrade misses)
   PUTS: 0 # Clean evictions (from lower level)
   PUTX: 0 # Dirty evictions (from lower level)
   INV: 111 # Invalidates (from upper level)
   INVX: 19 # Downgrades (from upper level)
   FWD: 0 # Forwards (from upper level)
   latGETnl: 89521918 # GET request latency on next level
   latGETnet: 0 # GET request latency on network to next level
  l1d-6: # Filter cache stats
   fhGETS: 1015482 # Filtered GETS hits
   fhGETX: 669944 # Filtered GETX hits
   hGETS: 255179 # GETS hits
   hGETX: 260306 # GETX hits
   mGETS: 250190 # GETS misses
   mGETXIM: 250075 # GETX I->M misses
   mGETXSM: 5 # GETX S->M misses (upgrade misses)
   PUTS: 0 # Clean evictions (from lower level)
   PUTX: 0 # Dirty evictions (from lower level)
   INV: 98 # Invalidates (from upper level)
   INVX: 17 # Downgrades (from upper level)
   FWD: 0 # Forwards (from upper level)
   latGETnl: 89521322 # GET request latency on next level
   latGETnet: 0 # GET request latency on network to next level
  l1d-7: # Filter cache stats
   fhGETS: 1015472 # Filtered GETS hits
   fhGETX: 669954 # Filtered GETX hits
   hGETS: 255182 # GETS hits
   hGETX: 260298 # GETX hits
   mGETS: 250187 # GETS misses
   mGETXIM: 250071 # GETX I->M misses
   mGETXSM: 6 # GETX S->M misses (upgrade misses)
   PUTS: 0 # Clean evictions (from lower level)
   PUTX: 0 # Dirty evictions (from lower level)
   INV: 92 # Invalidates (from upper level)
   INVX: 16 # Downgrades (from upper level)
   FWD: 0 # Forwards (from upper level)
   latGETnl: 89520568 # GET request latency on next level
   latGETnet: 0 # GET request latency on network to next level
  l1d-8: # Filter cache stats
   fhGETS: 1015628 # Filtered GETS hits
   fhGETX: 670032 # Filtered GETX hits
   hGETS: 255200 # GETS hits
   hGETX: 260323 # GETX hits
   mGETS: 250206 # GETS misses
   mGETXIM: 250081 # GETX I->M misses
   mGETXSM: 9 # GETX S->M misses (upgrade misses)
   PUTS: 0 # Clean evictions (from lower level)
   PUTX: 0 # Dirty evictions (from lower level)
   INV: 111 # Invalidates (from upper level)
   INVX: 18 # Downgrades (from upper level)
   FWD: 0 # Forwards (from upper level)
   latGETnl: 89522154 # GET request latency on next level
   latGETnet: 0 # GET request latency on network to next level
  l1d-9: # Filter cache stats
   fhGETS: 1015491 # Filtered GETS hits
   fhGETX: 669946 # Filtered GETX hits
   hGETS: 255165 # GETS hits
   hGETX: 260307 # GETX hits
   mGETS: 250185 # GETS misses
   mGETXIM: 250070 # GETX I->M misses
   mGETXSM: 6 # GETX S->M misses (upgrade misses)
   PUTS: 0 # Clean evictions (from lower level)
   PUTX: 0 # Dirty evictions (from lower level)
   INV: 90 # Invalidates (from upper level)
   INVX: 19 # Downgrades (from upper level)
   FWD: 0 # Forwards (from upper level)
   latGETnl: 89520789 # GET request latency on next level
   latGETnet: 0 # GET request latency on network to next level
  l1d-10: # Filter cache stats
   fhGETS: 1015478 # Filtered GETS hits
   fhGETX: 669946 # Filtered GETX hits
   hGETS: 255180 # GETS hits
   hGETX: 260306 # GETX hits
   mGETS: 250183 # GETS misses
   mGETXIM: 250072 # GETX I->M misses
   mGETXSM: 5 # GETX S->M misses (upgrade misses)
   PUTS: 0 # Clean evictions (from lower level)
   PUTX: 0 # Dirty evictions (from lower level)
   INV: 91 # Invalidates (from upper level)
   INVX: 26 # Downgrades (from upper level)
   FWD: 0 # Forwards (from upper level)
   latGETnl: 89521240 # GET request latency on next level
   latGETnet: 0 # GET request latency on network to next level
  l1d-11: # Filter cache stats
   fhGETS: 1015631 # Filtered GETS hits
   fhGETX: 670026 # Filtered GETX hits
   hGETS: 255205 # GETS hits
   hGETX: 260328 # GETX hits
   mGETS: 250212 # GETS misses
   mGETXIM: 250072 # GETX I->M misses
   mGETXSM: 10 # GETX S->M misses (upgrade misses)
   PUTS: 0 # Clean evictions (from lower level)
   PUTX: 0 # Dirty evictions (from lower level)
   INV: 90 # Invalidates (from upper level)
   INVX: 9 # Downgrades (from upper level)
   FWD: 0 # Forwards (from upper level)
   latGETnl: 89524138 # GET request latency on next level
   latGETnet: 0 # GET request latency on network to next level
  l1d-12: # Filter cache stats
   fhGETS: 850641 # Filtered GETS hits
   fhGETX: 499940 # Filtered GETX hits
   hGETS: 420019 # GETS hits
   hGETX: 430317 # GETX hits
   mGETS: 250191 # GETS misses
   mGETXIM: 250067 # GETX I->M misses
   mGETXSM: 6 # GETX S->M misses (upgrade misses)
   PUTS: 0 # Clean evictions (from lower level)
   PUTX: 0 # Dirty evictions (from lower level)
   INV: 90 # Invalidates (from upper level)
   INVX: 7 # Downgrades (from upper level)
   FWD: 0 # Forwards (from upper level)
   latGETnl: 89519538 # GET request latency on next level
   latGETnet: 0 # GET request latency on network to next level
  l1d-13: # Filter cache stats
   fhGETS: 1015485 # Filtered GETS hits
   fhGETX: 669944 # Filtered GETX hits
   hGETS: 255169 # GETS hits
   hGETX: 260313 # GETX hits
   mGETS: 250187 # GETS misses
   mGETXIM: 250067 # GETX I->M misses
   mGETXSM: 5 # GETX S->M misses (upgrade misses)
   PUTS: 0 # Clean evictions (from lower level)
   PUTX: 0 # Dirty evictions (from lower level)
   INV: 89 # Invalidates (from upper level)
   INVX: 4 # Downgrades (from upper level)
   FWD: 0 # Forwards (from upper level)
   latGETnl: 89518893 # GET request latency on next level
   latGETnet: 0 # GET request latency on network to next level
  l1d-14: # Filter cache stats
   fhGETS: 1015492 # Filtered GETS hits
   fhGETX: 669947 # Filtered GETX hits
   hGETS: 255163 # GETS hits
   hGETX: 260304 # GETX hits
   mGETS: 250186 # GETS misses
   mGETXIM: 250072 # GETX I->M misses
   mGETXSM: 6 # GETX S->M misses (upgrade misses)
   PUTS: 0 # Clean evictions (from lower level)
   PUTX: 0 # Dirty evictions (from lower level)
   INV: 92 # Invalidates (from upper level)
   INVX: 2 # Downgrades (from upper level)
   FWD: 0 # Forwards (from upper level)
   latGETnl: 89518294 # GET request latency on next level
   latGETnet: 0 # GET request latency on network to next level
  l1d-15: # Filter cache stats
   fhGETS: 1015494 # Filtered GETS hits
   fhGETX: 669950 # Filtered GETX hits
   hGETS: 255167 # GETS hits
   hGETX: 260305 # GETX hits
   mGETS: 250187 # GETS misses
   mGETXIM: 250068 # GETX I->M misses
   mGETXSM: 6 # GETX S->M misses (upgrade misses)
   PUTS: 0 # Clean evictions (from lower level)
   PUTX: 0 # Dirty evictions (from lower level)
   INV: 90 # Invalidates (from upper level)
   INVX: 2 # Downgrades (from upper level)
   FWD: 0 # Forwards (from upper level)
   latGETnl: 89518021 # GET request latency on next level
   latGETnet: 0 # GET request latency on network to next level
  l1d-16: # Filter cache stats
   fhGETS: 850619 # Filtered GETS hits
   fhGETX: 499922 # Filtered GETX hits
   hGETS: 420023 # GETS hits
   hGETX: 430345 # GETX hits
   mGETS: 250199 # GETS misses
   mGETXIM: 250056 # GETX I->M misses
   mGETXSM: 6 # GETX S->M misses (upgrade misses)
   PUTS: 0 # Clean evictions (from lower level)
   PUTX: 0 # Dirty evictions (from lower level)
   INV: 90 # Invalidates (from upper level)
   INVX: 2 # Downgrades (from upper level)
   FWD: 0 # Forwards (from upper level)
   latGETnl: 89519605 # GET request latency on next level
   latGETnet: 0 # GET request latency on network to next level
  l1d-17: # Filter cache stats
   fhGETS: 1015494 # Filtered GETS hits
   fhGETX: 669956 # Filtered GETX hits
   hGETS: 255163 # GETS hits
   hGETX: 260294 # GETX hits
   mGETS: 250184 # GETS misses
   mGETXIM: 250073 # GETX I->M misses
   mGETXSM: 6 # GETX S->M misses (upgrade misses)
   PUTS: 0 # Clean evictions (from lower level)
   PUTX: 0 # Dirty evictions (from lower level)
   INV: 91 # Invalidates (from upper level)
   INVX: 2 # Downgrades (from upper level)
   FWD: 0 # Forwards (from upper level)
   latGETnl: 89517983 # GET request latency on next level
   latGETnet: 0 # GET request latency on network to next level
  l1d-18: # Filter cache stats
   fhGETS: 1015486 # Filtered GETS hits
   fhGETX: 669949 # Filtered GETX hits
   hGETS: 255165 # GETS hits
   hGETX: 260310 # GETX hits
   mGETS: 250190 # GETS misses
   mGETXIM: 250065 # GETX I->M misses
   mGETXSM: 5 # GETX S->M misses (upgrade misses)
   PUTS: 0 # Clean evictions (from lower level)
   PUTX: 0 # Dirty evictions (from lower level)
   INV: 90 # Invalidates (from upper level)
   INVX: 3 # Downgrades (from upper level)
   FWD: 0 # Forwards (from upper level)
   latGETnl: 89518738 # GET request latency on next level
   latGETnet: 0 # GET request latency on network to next level
  l1d-19: # Filter cache stats
   fhGETS: 1015484 # Filtered GETS hits
   fhGETX: 669940 # Filtered GETX hits
   hGETS: 255162 # GETS hits
   hGETX: 260320 # GETX hits
   mGETS: 250195 # GETS misses
   mGETXIM: 250063 # GETX I->M misses
   mGETXSM: 6 # GETX S->M misses (upgrade misses)
   PUTS: 0 # Clean evictions (from lower level)
   PUTX: 0 # Dirty evictions (from lower level)
   INV: 92 # Invalidates (from upper level)
   INVX: 2 # Downgrades (from upper level)
   FWD: 0 # Forwards (from upper level)
   latGETnl: 89519350 # GET request latency on next level
   latGETnet: 0 # GET request latency on network to next level
  l1d-20: # Filter cache stats
   fhGETS: 1015460 # Filtered GETS hits
   fhGETX: 669933 # Filtered GETX hits
   hGETS: 255185 # GETS hits
   hGETX: 260334 # GETX hits
   mGETS: 250196 # GETS misses
   mGETXIM: 250057 # GETX I->M misses
   mGETXSM: 5 # GETX S->M misses (upgrade misses)
   PUTS: 0 # Clean evictions (from lower level)
   PUTX: 0 # Dirty evictions (from lower level)
   INV: 87 # Invalidates (from upper level)
   INVX: 2 # Downgrades (from upper level)
   FWD: 0 # Forwards (from upper level)
   latGETnl: 89519304 # GET request latency on next level
   latGETnet: 0 # GET request latency on network to next level
  l1d-21: # Filter cache stats
   fhGETS: 1016445 # Filtered GETS hits
   fhGETX: 670340 # Filtered GETX hits
   hGETS: 255398 # GETS hits
   hGETX: 260357 # GETX hits
   mGETS: 250237 # GETS misses
   mGETXIM: 250060 # GETX I->M misses
   mGETXSM: 9 # GETX S->M misses (upgrade misses)
   PUTS: 0 # Clean evictions (from lower level)
   PUTX: 0 # Dirty evictions (from lower level)
   INV: 87 # Invalidates (from upper level)
   INVX: 3 # Downgrades (from upper level)
   FWD: 0 # Forwards (from upper level)
   latGETnl: 89523466 # GET request latency on next level
   latGETnet: 0 # GET request latency on network to next level
  l1d-22: # Filter cache stats
   fhGETS: 1015494 # Filtered GETS hits
   fhGETX: 669950 # Filtered GETX hits
   hGETS: 255157 # GETS hits
   hGETX: 260302 # GETX hits
   mGETS: 250191 # GETS misses
   mGETXIM: 250066 # GETX I->M misses
   mGETXSM: 8 # GETX S->M misses (upgrade misses)
   PUTS: 0 # Clean evictions (from lower level)
   PUTX: 0 # Dirty evictions (from lower level)
   INV: 92 # Invalidates (from upper level)
   INVX: 7 # Downgrades (from upper level)
   FWD: 0 # Forwards (from upper level)
   latGETnl: 89518661 # GET request latency on next level
   latGETnet: 0 # GET request latency on network to next level
  l1d-23: # Filter cache stats
   fhGETS: 0 # Filtered GETS hits
   fhGETX: 0 # Filtered GETX hits
   hGETS: 0 # GETS hits
   hGETX: 0 # GETX hits
   mGETS: 0 # GETS misses
   mGETXIM: 0 # GETX I->M misses
   mGETXSM: 0 # GETX S->M misses (upgrade misses)
   PUTS: 0 # Clean evictions (from lower level)
   PUTX: 0 # Dirty evictions (from lower level)
   INV: 0 # Invalidates (from upper level)
   INVX: 0 # Downgrades (from upper level)
   FWD: 0 # Forwards (from upper level)
   latGETnl: 0 # GET request latency on next level
   latGETnet: 0 # GET request latency on network to next level
 l1i: # Cache stats
  l1i-0: # Filter cache stats
   fhGETS: 154509987 # Filtered GETS hits
   fhGETX: 0 # Filtered GETX hits
   hGETS: 51 # GETS hits
   hGETX: 0 # GETX hits
   mGETS: 921 # GETS misses
   mGETXIM: 0 # GETX I->M misses
   mGETXSM: 0 # GETX S->M misses (upgrade misses)
   PUTS: 0 # Clean evictions (from lower level)
   PUTX: 0 # Dirty evictions (from lower level)
   INV: 897 # Invalidates (from upper level)
   INVX: 0 # Downgrades (from upper level)
   FWD: 0 # Forwards (from upper level)
   latGETnl: 67839 # GET request latency on next level
   latGETnet: 0 # GET request latency on network to next level
  l1i-1: # Filter cache stats
   fhGETS: 154509959 # Filtered GETS hits
   fhGETX: 0 # Filtered GETX hits
   hGETS: 38 # GETS hits
   hGETX: 0 # GETX hits
   mGETS: 837 # GETS misses
   mGETXIM: 0 # GETX I->M misses
   mGETXSM: 0 # GETX S->M misses (upgrade misses)
   PUTS: 0 # Clean evictions (from lower level)
   PUTX: 0 # Dirty evictions (from lower level)
   INV: 814 # Invalidates (from upper level)
   INVX: 0 # Downgrades (from upper level)
   FWD: 0 # Forwards (from upper level)
   latGETnl: 43431 # GET request latency on next level
   latGETnet: 0 # GET request latency on network to next level
  l1i-2: # Filter cache stats
   fhGETS: 154509081 # Filtered GETS hits
   fhGETX: 0 # Filtered GETX hits
   hGETS: 34 # GETS hits
   hGETX: 0 # GETX hits
   mGETS: 862 # GETS misses
   mGETXIM: 0 # GETX I->M misses
   mGETXSM: 0 # GETX S->M misses (upgrade misses)
   PUTS: 0 # Clean evictions (from lower level)
   PUTX: 0 # Dirty evictions (from lower level)
   INV: 839 # Invalidates (from upper level)
   INVX: 0 # Downgrades (from upper level)
   FWD: 0 # Forwards (from upper level)
   latGETnl: 46190 # GET request latency on next level
   latGETnet: 0 # GET request latency on network to next level
  l1i-3: # Filter cache stats
   fhGETS: 154509913 # Filtered GETS hits
   fhGETX: 0 # Filtered GETX hits
   hGETS: 30 # GETS hits
   hGETX: 0 # GETX hits
   mGETS: 840 # GETS misses
   mGETXIM: 0 # GETX I->M misses
   mGETXSM: 0 # GETX S->M misses (upgrade misses)
   PUTS: 0 # Clean evictions (from lower level)
   PUTX: 0 # Dirty evictions (from lower level)
   INV: 817 # Invalidates (from upper level)
   INVX: 0 # Downgrades (from upper level)
   FWD: 0 # Forwards (from upper level)
   latGETnl: 43176 # GET request latency on next level
   latGETnet: 0 # GET request latency on network to next level
  l1i-4: # Filter cache stats
   fhGETS: 154509806 # Filtered GETS hits
   fhGETX: 0 # Filtered GETX hits
   hGETS: 31 # GETS hits
   hGETX: 0 # GETX hits
   mGETS: 837 # GETS misses
   mGETXIM: 0 # GETX I->M misses
   mGETXSM: 0 # GETX S->M misses (upgrade misses)
   PUTS: 0 # Clean evictions (from lower level)
   PUTX: 0 # Dirty evictions (from lower level)
   INV: 814 # Invalidates (from upper level)
   INVX: 0 # Downgrades (from upper level)
   FWD: 0 # Forwards (from upper level)
   latGETnl: 40395 # GET request latency on next level
   latGETnet: 0 # GET request latency on network to next level
  l1i-5: # Filter cache stats
   fhGETS: 154509860 # Filtered GETS hits
   fhGETX: 0 # Filtered GETX hits
   hGETS: 31 # GETS hits
   hGETX: 0 # GETX hits
   mGETS: 842 # GETS misses
   mGETXIM: 0 # GETX I->M misses
   mGETXSM: 0 # GETX S->M misses (upgrade misses)
   PUTS: 0 # Clean evictions (from lower level)
   PUTX: 0 # Dirty evictions (from lower level)
   INV: 819 # Invalidates (from upper level)
   INVX: 0 # Downgrades (from upper level)
   FWD: 0 # Forwards (from upper level)
   latGETnl: 39706 # GET request latency on next level
   latGETnet: 0 # GET request latency on network to next level
  l1i-6: # Filter cache stats
   fhGETS: 154510020 # Filtered GETS hits
   fhGETX: 0 # Filtered GETX hits
   hGETS: 29 # GETS hits
   hGETX: 0 # GETX hits
   mGETS: 832 # GETS misses
   mGETXIM: 0 # GETX I->M misses
   mGETXSM: 0 # GETX S->M misses (upgrade misses)
   PUTS: 0 # Clean evictions (from lower level)
   PUTX: 0 # Dirty evictions (from lower level)
   INV: 804 # Invalidates (from upper level)
   INVX: 0 # Downgrades (from upper level)
   FWD: 0 # Forwards (from upper level)
   latGETnl: 42536 # GET request latency on next level
   latGETnet: 0 # GET request latency on network to next level
  l1i-7: # Filter cache stats
   fhGETS: 154509823 # Filtered GETS hits
   fhGETX: 0 # Filtered GETX hits
   hGETS: 29 # GETS hits
   hGETX: 0 # GETX hits
   mGETS: 831 # GETS misses
   mGETXIM: 0 # GETX I->M misses
   mGETXSM: 0 # GETX S->M misses (upgrade misses)
   PUTS: 0 # Clean evictions (from lower level)
   PUTX: 0 # Dirty evictions (from lower level)
   INV: 808 # Invalidates (from upper level)
   INVX: 0 # Downgrades (from upper level)
   FWD: 0 # Forwards (from upper level)
   latGETnl: 41829 # GET request latency on next level
   latGETnet: 0 # GET request latency on network to next level
  l1i-8: # Filter cache stats
   fhGETS: 154509386 # Filtered GETS hits
   fhGETX: 0 # Filtered GETX hits
   hGETS: 31 # GETS hits
   hGETX: 0 # GETX hits
   mGETS: 841 # GETS misses
   mGETXIM: 0 # GETX I->M misses
   mGETXSM: 0 # GETX S->M misses (upgrade misses)
   PUTS: 0 # Clean evictions (from lower level)
   PUTX: 0 # Dirty evictions (from lower level)
   INV: 818 # Invalidates (from upper level)
   INVX: 0 # Downgrades (from upper level)
   FWD: 0 # Forwards (from upper level)
   latGETnl: 39527 # GET request latency on next level
   latGETnet: 0 # GET request latency on network to next level
  l1i-9: # Filter cache stats
   fhGETS: 154509914 # Filtered GETS hits
   fhGETX: 0 # Filtered GETX hits
   hGETS: 29 # GETS hits
   hGETX: 0 # GETX hits
   mGETS: 826 # GETS misses
   mGETXIM: 0 # GETX I->M misses
   mGETXSM: 0 # GETX S->M misses (upgrade misses)
   PUTS: 0 # Clean evictions (from lower level)
   PUTX: 0 # Dirty evictions (from lower level)
   INV: 803 # Invalidates (from upper level)
   INVX: 0 # Downgrades (from upper level)
   FWD: 0 # Forwards (from upper level)
   latGETnl: 40274 # GET request latency on next level
   latGETnet: 0 # GET request latency on network to next level
  l1i-10: # Filter cache stats
   fhGETS: 154509936 # Filtered GETS hits
   fhGETX: 0 # Filtered GETX hits
   hGETS: 29 # GETS hits
   hGETX: 0 # GETX hits
   mGETS: 822 # GETS misses
   mGETXIM: 0 # GETX I->M misses
   mGETXSM: 0 # GETX S->M misses (upgrade misses)
   PUTS: 0 # Clean evictions (from lower level)
   PUTX: 0 # Dirty evictions (from lower level)
   INV: 799 # Invalidates (from upper level)
   INVX: 0 # Downgrades (from upper level)
   FWD: 0 # Forwards (from upper level)
   latGETnl: 40350 # GET request latency on next level
   latGETnet: 0 # GET request latency on network to next level
  l1i-11: # Filter cache stats
   fhGETS: 154509554 # Filtered GETS hits
   fhGETX: 0 # Filtered GETX hits
   hGETS: 114 # GETS hits
   hGETX: 0 # GETX hits
   mGETS: 820 # GETS misses
   mGETXIM: 0 # GETX I->M misses
   mGETXSM: 0 # GETX S->M misses (upgrade misses)
   PUTS: 0 # Clean evictions (from lower level)
   PUTX: 0 # Dirty evictions (from lower level)
   INV: 797 # Invalidates (from upper level)
   INVX: 0 # Downgrades (from upper level)
   FWD: 0 # Forwards (from upper level)
   latGETnl: 39200 # GET request latency on next level
   latGETnet: 0 # GET request latency on network to next level
  l1i-12: # Filter cache stats
   fhGETS: 154510039 # Filtered GETS hits
   fhGETX: 0 # Filtered GETX hits
   hGETS: 29 # GETS hits
   hGETX: 0 # GETX hits
   mGETS: 831 # GETS misses
   mGETXIM: 0 # GETX I->M misses
   mGETXSM: 0 # GETX S->M misses (upgrade misses)
   PUTS: 0 # Clean evictions (from lower level)
   PUTX: 0 # Dirty evictions (from lower level)
   INV: 804 # Invalidates (from upper level)
   INVX: 0 # Downgrades (from upper level)
   FWD: 0 # Forwards (from upper level)
   latGETnl: 40245 # GET request latency on next level
   latGETnet: 0 # GET request latency on network to next level
  l1i-13: # Filter cache stats
   fhGETS: 154509947 # Filtered GETS hits
   fhGETX: 0 # Filtered GETX hits
   hGETS: 29 # GETS hits
   hGETX: 0 # GETX hits
   mGETS: 827 # GETS misses
   mGETXIM: 0 # GETX I->M misses
   mGETXSM: 0 # GETX S->M misses (upgrade misses)
   PUTS: 0 # Clean evictions (from lower level)
   PUTX: 0 # Dirty evictions (from lower level)
   INV: 804 # Invalidates (from upper level)
   INVX: 0 # Downgrades (from upper level)
   FWD: 0 # Forwards (from upper level)
   latGETnl: 39265 # GET request latency on next level
   latGETnet: 0 # GET request latency on network to next level
  l1i-14: # Filter cache stats
   fhGETS: 154509958 # Filtered GETS hits
   fhGETX: 0 # Filtered GETX hits
   hGETS: 29 # GETS hits
   hGETX: 0 # GETX hits
   mGETS: 827 # GETS misses
   mGETXIM: 0 # GETX I->M misses
   mGETXSM: 0 # GETX S->M misses (upgrade misses)
   PUTS: 0 # Clean evictions (from lower level)
   PUTX: 0 # Dirty evictions (from lower level)
   INV: 804 # Invalidates (from upper level)
   INVX: 0 # Downgrades (from upper level)
   FWD: 0 # Forwards (from upper level)
   latGETnl: 38869 # GET request latency on next level
   latGETnet: 0 # GET request latency on network to next level
  l1i-15: # Filter cache stats
   fhGETS: 154510034 # Filtered GETS hits
   fhGETX: 0 # Filtered GETX hits
   hGETS: 29 # GETS hits
   hGETX: 0 # GETX hits
   mGETS: 824 # GETS misses
   mGETXIM: 0 # GETX I->M misses
   mGETXSM: 0 # GETX S->M misses (upgrade misses)
   PUTS: 0 # Clean evictions (from lower level)
   PUTX: 0 # Dirty evictions (from lower level)
   INV: 800 # Invalidates (from upper level)
   INVX: 0 # Downgrades (from upper level)
   FWD: 0 # Forwards (from upper level)
   latGETnl: 38728 # GET request latency on next level
   latGETnet: 0 # GET request latency on network to next level
  l1i-16: # Filter cache stats
   fhGETS: 154509648 # Filtered GETS hits
   fhGETX: 0 # Filtered GETX hits
   hGETS: 29 # GETS hits
   hGETX: 0 # GETX hits
   mGETS: 830 # GETS misses
   mGETXIM: 0 # GETX I->M misses
   mGETXSM: 0 # GETX S->M misses (upgrade misses)
   PUTS: 0 # Clean evictions (from lower level)
   PUTX: 0 # Dirty evictions (from lower level)
   INV: 807 # Invalidates (from upper level)
   INVX: 0 # Downgrades (from upper level)
   FWD: 0 # Forwards (from upper level)
   latGETnl: 39010 # GET request latency on next level
   latGETnet: 0 # GET request latency on network to next level
  l1i-17: # Filter cache stats
   fhGETS: 154510010 # Filtered GETS hits
   fhGETX: 0 # Filtered GETX hits
   hGETS: 29 # GETS hits
   hGETX: 0 # GETX hits
   mGETS: 822 # GETS misses
   mGETXIM: 0 # GETX I->M misses
   mGETXSM: 0 # GETX S->M misses (upgrade misses)
   PUTS: 0 # Clean evictions (from lower level)
   PUTX: 0 # Dirty evictions (from lower level)
   INV: 799 # Invalidates (from upper level)
   INVX: 0 # Downgrades (from upper level)
   FWD: 0 # Forwards (from upper level)
   latGETnl: 38634 # GET request latency on next level
   latGETnet: 0 # GET request latency on network to next level
  l1i-18: # Filter cache stats
   fhGETS: 154509445 # Filtered GETS hits
   fhGETX: 0 # Filtered GETX hits
   hGETS: 29 # GETS hits
   hGETX: 0 # GETX hits
   mGETS: 823 # GETS misses
   mGETXIM: 0 # GETX I->M misses
   mGETXSM: 0 # GETX S->M misses (upgrade misses)
   PUTS: 0 # Clean evictions (from lower level)
   PUTX: 0 # Dirty evictions (from lower level)
   INV: 800 # Invalidates (from upper level)
   INVX: 0 # Downgrades (from upper level)
   FWD: 0 # Forwards (from upper level)
   latGETnl: 38681 # GET request latency on next level
   latGETnet: 0 # GET request latency on network to next level
  l1i-19: # Filter cache stats
   fhGETS: 154509158 # Filtered GETS hits
   fhGETX: 0 # Filtered GETX hits
   hGETS: 29 # GETS hits
   hGETX: 0 # GETX hits
   mGETS: 834 # GETS misses
   mGETXIM: 0 # GETX I->M misses
   mGETXSM: 0 # GETX S->M misses (upgrade misses)
   PUTS: 0 # Clean evictions (from lower level)
   PUTX: 0 # Dirty evictions (from lower level)
   INV: 811 # Invalidates (from upper level)
   INVX: 0 # Downgrades (from upper level)
   FWD: 0 # Forwards (from upper level)
   latGETnl: 39198 # GET request latency on next level
   latGETnet: 0 # GET request latency on network to next level
  l1i-20: # Filter cache stats
   fhGETS: 154509229 # Filtered GETS hits
   fhGETX: 0 # Filtered GETX hits
   hGETS: 29 # GETS hits
   hGETX: 0 # GETX hits
   mGETS: 827 # GETS misses
   mGETXIM: 0 # GETX I->M misses
   mGETXSM: 0 # GETX S->M misses (upgrade misses)
   PUTS: 0 # Clean evictions (from lower level)
   PUTX: 0 # Dirty evictions (from lower level)
   INV: 804 # Invalidates (from upper level)
   INVX: 0 # Downgrades (from upper level)
   FWD: 0 # Forwards (from upper level)
   latGETnl: 38869 # GET request latency on next level
   latGETnet: 0 # GET request latency on network to next level
  l1i-21: # Filter cache stats
   fhGETS: 154502983 # Filtered GETS hits
   fhGETX: 0 # Filtered GETX hits
   hGETS: 115 # GETS hits
   hGETX: 0 # GETX hits
   mGETS: 885 # GETS misses
   mGETXIM: 0 # GETX I->M misses
   mGETXSM: 0 # GETX S->M misses (upgrade misses)
   PUTS: 0 # Clean evictions (from lower level)
   PUTX: 0 # Dirty evictions (from lower level)
   INV: 862 # Invalidates (from upper level)
   INVX: 0 # Downgrades (from upper level)
   FWD: 0 # Forwards (from upper level)
   latGETnl: 48855 # GET request latency on next level
   latGETnet: 0 # GET request latency on network to next level
  l1i-22: # Filter cache stats
   fhGETS: 154508024 # Filtered GETS hits
   fhGETX: 0 # Filtered GETX hits
   hGETS: 43 # GETS hits
   hGETX: 0 # GETX hits
   mGETS: 829 # GETS misses
   mGETXIM: 0 # GETX I->M misses
   mGETXSM: 0 # GETX S->M misses (upgrade misses)
   PUTS: 0 # Clean evictions (from lower level)
   PUTX: 0 # Dirty evictions (from lower level)
   INV: 806 # Invalidates (from upper level)
   INVX: 0 # Downgrades (from upper level)
   FWD: 0 # Forwards (from upper level)
   latGETnl: 39095 # GET request latency on next level
   latGETnet: 0 # GET request latency on network to next level
  l1i-23: # Filter cache stats
   fhGETS: 0 # Filtered GETS hits
   fhGETX: 0 # Filtered GETX hits
   hGETS: 0 # GETS hits
   hGETX: 0 # GETX hits
   mGETS: 0 # GETS misses
   mGETXIM: 0 # GETX I->M misses
   mGETXSM: 0 # GETX S->M misses (upgrade misses)
   PUTS: 0 # Clean evictions (from lower level)
   PUTX: 0 # Dirty evictions (from lower level)
   INV: 0 # Invalidates (from upper level)
   INVX: 0 # Downgrades (from upper level)
   FWD: 0 # Forwards (from upper level)
   latGETnl: 0 # GET request latency on next level
   latGETnet: 0 # GET request latency on network to next level
 l2: # Cache stats
  l2-0: # Cache stats
   hGETS: 0 # GETS hits
   hGETX: 0 # GETX hits
   mGETS: 251177 # GETS misses
   mGETXIM: 250119 # GETX I->M misses
   mGETXSM: 7 # GETX S->M misses (upgrade misses)
   PUTS: 249932 # Clean evictions (from lower level)
   PUTX: 249800 # Dirty evictions (from lower level)
   INV: 71765 # Invalidates (from upper level)
   INVX: 93 # Downgrades (from upper level)
   FWD: 0 # Forwards (from upper level)
   latGETnl: 84598033 # GET request latency on next level
   latGETnet: 0 # GET request latency on network to next level
  l2-1: # Cache stats
   hGETS: 0 # GETS hits
   hGETX: 0 # GETX hits
   mGETS: 251049 # GETS misses
   mGETXIM: 250080 # GETX I->M misses
   mGETXSM: 10 # GETX S->M misses (upgrade misses)
   PUTS: 249890 # Clean evictions (from lower level)
   PUTX: 249777 # Dirty evictions (from lower level)
   INV: 42282 # Invalidates (from upper level)
   INVX: 25 # Downgrades (from upper level)
   FWD: 0 # Forwards (from upper level)
   latGETnl: 84555681 # GET request latency on next level
   latGETnet: 0 # GET request latency on network to next level
  l2-2: # Cache stats
   hGETS: 0 # GETS hits
   hGETX: 0 # GETX hits
   mGETS: 251062 # GETS misses
   mGETXIM: 250074 # GETX I->M misses
   mGETXSM: 5 # GETX S->M misses (upgrade misses)
   PUTS: 249889 # Clean evictions (from lower level)
   PUTX: 249781 # Dirty evictions (from lower level)
   INV: 109951 # Invalidates (from upper level)
   INVX: 5 # Downgrades (from upper level)
   FWD: 0 # Forwards (from upper level)
   latGETnl: 84555641 # GET request latency on next level
   latGETnet: 0 # GET request latency on network to next level
  l2-3: # Cache stats
   hGETS: 0 # GETS hits
   hGETX: 0 # GETX hits
   mGETS: 251047 # GETS misses
   mGETXIM: 250075 # GETX I->M misses
   mGETXSM: 7 # GETX S->M misses (upgrade misses)
   PUTS: 249888 # Clean evictions (from lower level)
   PUTX: 249778 # Dirty evictions (from lower level)
   INV: 38250 # Invalidates (from upper level)
   INVX: 32 # Downgrades (from upper level)
   FWD: 0 # Forwards (from upper level)
   latGETnl: 84556701 # GET request latency on next level
   latGETnet: 0 # GET request latency on network to next level
  l2-4: # Cache stats
   hGETS: 0 # GETS hits
   hGETX: 0 # GETX hits
   mGETS: 251052 # GETS misses
   mGETXIM: 250066 # GETX I->M misses
   mGETXSM: 9 # GETX S->M misses (upgrade misses)
   PUTS: 249888 # Clean evictions (from lower level)
   PUTX: 249776 # Dirty evictions (from lower level)
   INV: 35063 # Invalidates (from upper level)
   INVX: 19 # Downgrades (from upper level)
   FWD: 0 # Forwards (from upper level)
   latGETnl: 84552053 # GET request latency on next level
   latGETnet: 0 # GET request latency on network to next level
  l2-5: # Cache stats
   hGETS: 0 # GETS hits
   hGETX: 0 # GETX hits
   mGETS: 251047 # GETS misses
   mGETXIM: 250082 # GETX I->M misses
   mGETXSM: 9 # GETX S->M misses (upgrade misses)
   PUTS: 249888 # Clean evictions (from lower level)
   PUTX: 249776 # Dirty evictions (from lower level)
   INV: 42431 # Invalidates (from upper level)
   INVX: 19 # Downgrades (from upper level)
   FWD: 0 # Forwards (from upper level)
   latGETnl: 84550244 # GET request latency on next level
   latGETnet: 0 # GET request latency on network to next level
  l2-6: # Cache stats
   hGETS: 0 # GETS hits
   hGETX: 0 # GETX hits
   mGETS: 251022 # GETS misses
   mGETXIM: 250075 # GETX I->M misses
   mGETXSM: 5 # GETX S->M misses (upgrade misses)
   PUTS: 249880 # Clean evictions (from lower level)
   PUTX: 249775 # Dirty evictions (from lower level)
   INV: 42720 # Invalidates (from upper level)
   INVX: 17 # Downgrades (from upper level)
   FWD: 0 # Forwards (from upper level)
   latGETnl: 84552838 # GET request latency on next level
   latGETnet: 0 # GET request latency on network to next level
  l2-7: # Cache stats
   hGETS: 0 # GETS hits
   hGETX: 0 # GETX hits
   mGETS: 251018 # GETS misses
   mGETXIM: 250071 # GETX I->M misses
   mGETXSM: 6 # GETX S->M misses (upgrade misses)
   PUTS: 249878 # Clean evictions (from lower level)
   PUTX: 249776 # Dirty evictions (from lower level)
   INV: 51349 # Invalidates (from upper level)
   INVX: 16 # Downgrades (from upper level)
   FWD: 0 # Forwards (from upper level)
   latGETnl: 84551447 # GET request latency on next level
   latGETnet: 0 # GET request latency on network to next level
  l2-8: # Cache stats
   hGETS: 0 # GETS hits
   hGETX: 0 # GETX hits
   mGETS: 251047 # GETS misses
   mGETXIM: 250081 # GETX I->M misses
   mGETXSM: 9 # GETX S->M misses (upgrade misses)
   PUTS: 249888 # Clean evictions (from lower level)
   PUTX: 249776 # Dirty evictions (from lower level)
   INV: 75862 # Invalidates (from upper level)
   INVX: 18 # Downgrades (from upper level)
   FWD: 0 # Forwards (from upper level)
   latGETnl: 84550311 # GET request latency on next level
   latGETnet: 0 # GET request latency on network to next level
  l2-9: # Cache stats
   hGETS: 0 # GETS hits
   hGETX: 0 # GETX hits
   mGETS: 251011 # GETS misses
   mGETXIM: 250070 # GETX I->M misses
   mGETXSM: 6 # GETX S->M misses (upgrade misses)
   PUTS: 249878 # Clean evictions (from lower level)
   PUTX: 249775 # Dirty evictions (from lower level)
   INV: 78340 # Invalidates (from upper level)
   INVX: 19 # Downgrades (from upper level)
   FWD: 0 # Forwards (from upper level)
   latGETnl: 84550193 # GET request latency on next level
   latGETnet: 0 # GET request latency on network to next level
  l2-10: # Cache stats
   hGETS: 0 # GETS hits
   hGETX: 0 # GETX hits
   mGETS: 251005 # GETS misses
   mGETXIM: 250072 # GETX I->M misses
   mGETXSM: 5 # GETX S->M misses (upgrade misses)
   PUTS: 249877 # Clean evictions (from lower level)
   PUTX: 249775 # Dirty evictions (from lower level)
   INV: 39190 # Invalidates (from upper level)
   INVX: 26 # Downgrades (from upper level)
   FWD: 0 # Forwards (from upper level)
   latGETnl: 84550770 # GET request latency on next level
   latGETnet: 0 # GET request latency on network to next level
  l2-11: # Cache stats
   hGETS: 0 # GETS hits
   hGETX: 0 # GETX hits
   mGETS: 251032 # GETS misses
   mGETXIM: 250072 # GETX I->M misses
   mGETXSM: 10 # GETX S->M misses (upgrade misses)
   PUTS: 249886 # Clean evictions (from lower level)
   PUTX: 249796 # Dirty evictions (from lower level)
   INV: 112331 # Invalidates (from upper level)
   INVX: 9 # Downgrades (from upper level)
   FWD: 0 # Forwards (from upper level)
   latGETnl: 84552198 # GET request latency on next level
   latGETnet: 0 # GET request latency on network to next level
  l2-12: # Cache stats
   hGETS: 0 # GETS hits
   hGETX: 0 # GETX hits
   mGETS: 251022 # GETS misses
   mGETXIM: 250067 # GETX I->M misses
   mGETXSM: 6 # GETX S->M misses (upgrade misses)
   PUTS: 249879 # Clean evictions (from lower level)
   PUTX: 249777 # Dirty evictions (from lower level)
   INV: 34951 # Invalidates (from upper level)
   INVX: 7 # Downgrades (from upper level)
   FWD: 0 # Forwards (from upper level)
   latGETnl: 84548833 # GET request latency on next level
   latGETnet: 0 # GET request latency on network to next level
  l2-13: # Cache stats
   hGETS: 0 # GETS hits
   hGETX: 0 # GETX hits
   mGETS: 251014 # GETS misses
   mGETXIM: 250067 # GETX I->M misses
   mGETXSM: 5 # GETX S->M misses (upgrade misses)
   PUTS: 249878 # Clean evictions (from lower level)
   PUTX: 249775 # Dirty evictions (from lower level)
   INV: 38839 # Invalidates (from upper level)
   INVX: 4 # Downgrades (from upper level)
   FWD: 0 # Forwards (from upper level)
   latGETnl: 84547298 # GET request latency on next level
   latGETnet: 0 # GET request latency on network to next level
  l2-14: # Cache stats
   hGETS: 0 # GETS hits
   hGETX: 0 # GETX hits
   mGETS: 251013 # GETS misses
   mGETXIM: 250072 # GETX I->M misses
   mGETXSM: 6 # GETX S->M misses (upgrade misses)
   PUTS: 249878 # Clean evictions (from lower level)
   PUTX: 249776 # Dirty evictions (from lower level)
   INV: 70397 # Invalidates (from upper level)
   INVX: 2 # Downgrades (from upper level)
   FWD: 0 # Forwards (from upper level)
   latGETnl: 84546253 # GET request latency on next level
   latGETnet: 0 # GET request latency on network to next level
  l2-15: # Cache stats
   hGETS: 0 # GETS hits
   hGETX: 0 # GETX hits
   mGETS: 251011 # GETS misses
   mGETXIM: 250068 # GETX I->M misses
   mGETXSM: 6 # GETX S->M misses (upgrade misses)
   PUTS: 249877 # Clean evictions (from lower level)
   PUTX: 249776 # Dirty evictions (from lower level)
   INV: 64828 # Invalidates (from upper level)
   INVX: 2 # Downgrades (from upper level)
   FWD: 0 # Forwards (from upper level)
   latGETnl: 84545899 # GET request latency on next level
   latGETnet: 0 # GET request latency on network to next level
  l2-16: # Cache stats
   hGETS: 0 # GETS hits
   hGETX: 0 # GETX hits
   mGETS: 251029 # GETS misses
   mGETXIM: 250056 # GETX I->M misses
   mGETXSM: 6 # GETX S->M misses (upgrade misses)
   PUTS: 249876 # Clean evictions (from lower level)
   PUTX: 249777 # Dirty evictions (from lower level)
   INV: 35169 # Invalidates (from upper level)
   INVX: 2 # Downgrades (from upper level)
   FWD: 0 # Forwards (from upper level)
   latGETnl: 84547705 # GET request latency on next level
   latGETnet: 0 # GET request latency on network to next level
  l2-17: # Cache stats
   hGETS: 0 # GETS hits
   hGETX: 0 # GETX hits
   mGETS: 251006 # GETS misses
   mGETXIM: 250073 # GETX I->M misses
   mGETXSM: 6 # GETX S->M misses (upgrade misses)
   PUTS: 249878 # Clean evictions (from lower level)
   PUTX: 249776 # Dirty evictions (from lower level)
   INV: 36036 # Invalidates (from upper level)
   INVX: 2 # Downgrades (from upper level)
   FWD: 0 # Forwards (from upper level)
   latGETnl: 84545767 # GET request latency on next level
   latGETnet: 0 # GET request latency on network to next level
  l2-18: # Cache stats
   hGETS: 0 # GETS hits
   hGETX: 0 # GETX hits
   mGETS: 251013 # GETS misses
   mGETXIM: 250065 # GETX I->M misses
   mGETXSM: 5 # GETX S->M misses (upgrade misses)
   PUTS: 249877 # Clean evictions (from lower level)
   PUTX: 249776 # Dirty evictions (from lower level)
   INV: 35424 # Invalidates (from upper level)
   INVX: 3 # Downgrades (from upper level)
   FWD: 0 # Forwards (from upper level)
   latGETnl: 84546589 # GET request latency on next level
   latGETnet: 0 # GET request latency on network to next level
  l2-19: # Cache stats
   hGETS: 0 # GETS hits
   hGETX: 0 # GETX hits
   mGETS: 251029 # GETS misses
   mGETXIM: 250063 # GETX I->M misses
   mGETXSM: 6 # GETX S->M misses (upgrade misses)
   PUTS: 249878 # Clean evictions (from lower level)
   PUTX: 249776 # Dirty evictions (from lower level)
   INV: 63353 # Invalidates (from upper level)
   INVX: 2 # Downgrades (from upper level)
   FWD: 0 # Forwards (from upper level)
   latGETnl: 84547568 # GET request latency on next level
   latGETnet: 0 # GET request latency on network to next level
  l2-20: # Cache stats
   hGETS: 0 # GETS hits
   hGETX: 0 # GETX hits
   mGETS: 251023 # GETS misses
   mGETXIM: 250057 # GETX I->M misses
   mGETXSM: 5 # GETX S->M misses (upgrade misses)
   PUTS: 249878 # Clean evictions (from lower level)
   PUTX: 249776 # Dirty evictions (from lower level)
   INV: 34337 # Invalidates (from upper level)
   INVX: 2 # Downgrades (from upper level)
   FWD: 0 # Forwards (from upper level)
   latGETnl: 84547323 # GET request latency on next level
   latGETnet: 0 # GET request latency on network to next level
  l2-21: # Cache stats
   hGETS: 0 # GETS hits
   hGETX: 0 # GETX hits
   mGETS: 251122 # GETS misses
   mGETXIM: 250060 # GETX I->M misses
   mGETXSM: 9 # GETX S->M misses (upgrade misses)
   PUTS: 249922 # Clean evictions (from lower level)
   PUTX: 249776 # Dirty evictions (from lower level)
   INV: 53096 # Invalidates (from upper level)
   INVX: 3 # Downgrades (from upper level)
   FWD: 0 # Forwards (from upper level)
   latGETnl: 84560411 # GET request latency on next level
   latGETnet: 0 # GET request latency on network to next level
  l2-22: # Cache stats
   hGETS: 0 # GETS hits
   hGETX: 0 # GETX hits
   mGETS: 251020 # GETS misses
   mGETXIM: 250066 # GETX I->M misses
   mGETXSM: 8 # GETX S->M misses (upgrade misses)
   PUTS: 249878 # Clean evictions (from lower level)
   PUTX: 249775 # Dirty evictions (from lower level)
   INV: 42978 # Invalidates (from upper level)
   INVX: 7 # Downgrades (from upper level)
   FWD: 0 # Forwards (from upper level)
   latGETnl: 84546816 # GET request latency on next level
   latGETnet: 0 # GET request latency on network to next level
  l2-23: # Cache stats
   hGETS: 0 # GETS hits
   hGETX: 0 # GETX hits
   mGETS: 0 # GETS misses
   mGETXIM: 0 # GETX I->M misses
   mGETXSM: 0 # GETX S->M misses (upgrade misses)
   PUTS: 0 # Clean evictions (from lower level)
   PUTX: 0 # Dirty evictions (from lower level)
   INV: 0 # Invalidates (from upper level)
   INVX: 0 # Downgrades (from upper level)
   FWD: 0 # Forwards (from upper level)
   latGETnl: 0 # GET request latency on next level
   latGETnet: 0 # GET request latency on network to next level
 l3: # Cache stats
  l3-0b0: # Cache stats
   hGETS: 895 # GETS hits
   hGETX: 43 # GETX hits
   mGETS: 239665 # GETS misses
   mGETXIM: 239645 # GETX I->M misses
   mGETXSM: 0 # GETX S->M misses (upgrade misses)
   PUTS: 209381 # Clean evictions (from lower level)
   PUTX: 203756 # Dirty evictions (from lower level)
   INV: 0 # Invalidates (from upper level)
   INVX: 0 # Downgrades (from upper level)
   FWD: 0 # Forwards (from upper level)
   latGETnl: 63268920 # GET request latency on next level
   latGETnet: 0 # GET request latency on network to next level
  l3-0b1: # Cache stats
   hGETS: 939 # GETS hits
   hGETX: 50 # GETX hits
   mGETS: 239670 # GETS misses
   mGETXIM: 239645 # GETX I->M misses
   mGETXSM: 0 # GETX S->M misses (upgrade misses)
   PUTS: 209426 # Clean evictions (from lower level)
   PUTX: 203746 # Dirty evictions (from lower level)
   INV: 0 # Invalidates (from upper level)
   INVX: 0 # Downgrades (from upper level)
   FWD: 0 # Forwards (from upper level)
   latGETnl: 63269580 # GET request latency on next level
   latGETnet: 0 # GET request latency on network to next level
  l3-0b2: # Cache stats
   hGETS: 893 # GETS hits
   hGETX: 39 # GETX hits
   mGETS: 239665 # GETS misses
   mGETXIM: 239639 # GETX I->M misses
   mGETXSM: 0 # GETX S->M misses (upgrade misses)
   PUTS: 209407 # Clean evictions (from lower level)
   PUTX: 203686 # Dirty evictions (from lower level)
   INV: 0 # Invalidates (from upper level)
   INVX: 0 # Downgrades (from upper level)
   FWD: 0 # Forwards (from upper level)
   latGETnl: 63268128 # GET request latency on next level
   latGETnet: 0 # GET request latency on network to next level
  l3-0b3: # Cache stats
   hGETS: 966 # GETS hits
   hGETX: 23 # GETX hits
   mGETS: 239660 # GETS misses
   mGETXIM: 239641 # GETX I->M misses
   mGETXSM: 0 # GETX S->M misses (upgrade misses)
   PUTS: 209533 # Clean evictions (from lower level)
   PUTX: 203778 # Dirty evictions (from lower level)
   INV: 0 # Invalidates (from upper level)
   INVX: 0 # Downgrades (from upper level)
   FWD: 0 # Forwards (from upper level)
   latGETnl: 63267732 # GET request latency on next level
   latGETnet: 0 # GET request latency on network to next level
  l3-0b4: # Cache stats
   hGETS: 880 # GETS hits
   hGETX: 25 # GETX hits
   mGETS: 239652 # GETS misses
   mGETXIM: 239642 # GETX I->M misses
   mGETXSM: 0 # GETX S->M misses (upgrade misses)
   PUTS: 209411 # Clean evictions (from lower level)
   PUTX: 203722 # Dirty evictions (from lower level)
   INV: 0 # Invalidates (from upper level)
   INVX: 0 # Downgrades (from upper level)
   FWD: 0 # Forwards (from upper level)
   latGETnl: 63266808 # GET request latency on next level
   latGETnet: 0 # GET request latency on network to next level
  l3-0b5: # Cache stats
   hGETS: 1003 # GETS hits
   hGETX: 37 # GETX hits
   mGETS: 239660 # GETS misses
   mGETXIM: 239644 # GETX I->M misses
   mGETXSM: 0 # GETX S->M misses (upgrade misses)
   PUTS: 209413 # Clean evictions (from lower level)
   PUTX: 203672 # Dirty evictions (from lower level)
   INV: 0 # Invalidates (from upper level)
   INVX: 0 # Downgrades (from upper level)
   FWD: 0 # Forwards (from upper level)
   latGETnl: 63268128 # GET request latency on next level
   latGETnet: 0 # GET request latency on network to next level
  l3-0b6: # Cache stats
   hGETS: 889 # GETS hits
   hGETX: 51 # GETX hits
   mGETS: 239657 # GETS misses
   mGETXIM: 239643 # GETX I->M misses
   mGETXSM: 0 # GETX S->M misses (upgrade misses)
   PUTS: 209388 # Clean evictions (from lower level)
   PUTX: 203682 # Dirty evictions (from lower level)
   INV: 0 # Invalidates (from upper level)
   INVX: 0 # Downgrades (from upper level)
   FWD: 0 # Forwards (from upper level)
   latGETnl: 63267600 # GET request latency on next level
   latGETnet: 0 # GET request latency on network to next level
  l3-0b7: # Cache stats
   hGETS: 850 # GETS hits
   hGETX: 48 # GETX hits
   mGETS: 239658 # GETS misses
   mGETXIM: 239640 # GETX I->M misses
   mGETXSM: 0 # GETX S->M misses (upgrade misses)
   PUTS: 209343 # Clean evictions (from lower level)
   PUTX: 203652 # Dirty evictions (from lower level)
   INV: 0 # Invalidates (from upper level)
   INVX: 0 # Downgrades (from upper level)
   FWD: 0 # Forwards (from upper level)
   latGETnl: 63267336 # GET request latency on next level
   latGETnet: 0 # GET request latency on network to next level
  l3-0b8: # Cache stats
   hGETS: 850 # GETS hits
   hGETX: 18 # GETX hits
   mGETS: 239656 # GETS misses
   mGETXIM: 239625 # GETX I->M misses
   mGETXSM: 0 # GETX S->M misses (upgrade misses)
   PUTS: 209168 # Clean evictions (from lower level)
   PUTX: 203805 # Dirty evictions (from lower level)
   INV: 0 # Invalidates (from upper level)
   INVX: 0 # Downgrades (from upper level)
   FWD: 0 # Forwards (from upper level)
   latGETnl: 63265092 # GET request latency on next level
   latGETnet: 0 # GET request latency on network to next level
  l3-0b9: # Cache stats
   hGETS: 848 # GETS hits
   hGETX: 22 # GETX hits
   mGETS: 239662 # GETS misses
   mGETXIM: 239625 # GETX I->M misses
   mGETXSM: 0 # GETX S->M misses (upgrade misses)
   PUTS: 209274 # Clean evictions (from lower level)
   PUTX: 203902 # Dirty evictions (from lower level)
   INV: 0 # Invalidates (from upper level)
   INVX: 0 # Downgrades (from upper level)
   FWD: 0 # Forwards (from upper level)
   latGETnl: 63265884 # GET request latency on next level
   latGETnet: 0 # GET request latency on network to next level
  l3-0b10: # Cache stats
   hGETS: 2215 # GETS hits
   hGETX: 54 # GETX hits
   mGETS: 239663 # GETS misses
   mGETXIM: 239631 # GETX I->M misses
   mGETXSM: 0 # GETX S->M misses (upgrade misses)
   PUTS: 210532 # Clean evictions (from lower level)
   PUTX: 203952 # Dirty evictions (from lower level)
   INV: 0 # Invalidates (from upper level)
   INVX: 0 # Downgrades (from upper level)
   FWD: 0 # Forwards (from upper level)
   latGETnl: 63266808 # GET request latency on next level
   latGETnet: 0 # GET request latency on network to next level
  l3-0b11: # Cache stats
   hGETS: 895 # GETS hits
   hGETX: 56 # GETX hits
   mGETS: 239665 # GETS misses
   mGETXIM: 239632 # GETX I->M misses
   mGETXSM: 0 # GETX S->M misses (upgrade misses)
   PUTS: 209282 # Clean evictions (from lower level)
   PUTX: 203892 # Dirty evictions (from lower level)
   INV: 0 # Invalidates (from upper level)
   INVX: 0 # Downgrades (from upper level)
   FWD: 0 # Forwards (from upper level)
   latGETnl: 63267204 # GET request latency on next level
   latGETnet: 0 # GET request latency on network to next level
  l3-0b12: # Cache stats
   hGETS: 1642 # GETS hits
   hGETX: 73 # GETX hits
   mGETS: 239676 # GETS misses
   mGETXIM: 239633 # GETX I->M misses
   mGETXSM: 0 # GETX S->M misses (upgrade misses)
   PUTS: 210026 # Clean evictions (from lower level)
   PUTX: 204028 # Dirty evictions (from lower level)
   INV: 0 # Invalidates (from upper level)
   INVX: 0 # Downgrades (from upper level)
   FWD: 0 # Forwards (from upper level)
   latGETnl: 63268788 # GET request latency on next level
   latGETnet: 0 # GET request latency on network to next level
  l3-0b13: # Cache stats
   hGETS: 1537 # GETS hits
   hGETX: 81 # GETX hits
   mGETS: 239682 # GETS misses
   mGETXIM: 239632 # GETX I->M misses
   mGETXSM: 0 # GETX S->M misses (upgrade misses)
   PUTS: 210059 # Clean evictions (from lower level)
   PUTX: 204083 # Dirty evictions (from lower level)
   INV: 0 # Invalidates (from upper level)
   INVX: 0 # Downgrades (from upper level)
   FWD: 0 # Forwards (from upper level)
   latGETnl: 63269448 # GET request latency on next level
   latGETnet: 0 # GET request latency on network to next level
  l3-0b14: # Cache stats
   hGETS: 923 # GETS hits
   hGETX: 67 # GETX hits
   mGETS: 239660 # GETS misses
   mGETXIM: 239633 # GETX I->M misses
   mGETXSM: 0 # GETX S->M misses (upgrade misses)
   PUTS: 209326 # Clean evictions (from lower level)
   PUTX: 203968 # Dirty evictions (from lower level)
   INV: 0 # Invalidates (from upper level)
   INVX: 0 # Downgrades (from upper level)
   FWD: 0 # Forwards (from upper level)
   latGETnl: 63266676 # GET request latency on next level
   latGETnet: 0 # GET request latency on network to next level
  l3-0b15: # Cache stats
   hGETS: 1542 # GETS hits
   hGETX: 51 # GETX hits
   mGETS: 239659 # GETS misses
   mGETXIM: 239629 # GETX I->M misses
   mGETXSM: 0 # GETX S->M misses (upgrade misses)
   PUTS: 209984 # Clean evictions (from lower level)
   PUTX: 203937 # Dirty evictions (from lower level)
   INV: 0 # Invalidates (from upper level)
   INVX: 0 # Downgrades (from upper level)
   FWD: 0 # Forwards (from upper level)
   latGETnl: 63266016 # GET request latency on next level
   latGETnet: 0 # GET request latency on network to next level
  l3-0b16: # Cache stats
   hGETS: 349 # GETS hits
   hGETX: 17 # GETX hits
   mGETS: 239588 # GETS misses
   mGETXIM: 239551 # GETX I->M misses
   mGETXSM: 0 # GETX S->M misses (upgrade misses)
   PUTS: 208880 # Clean evictions (from lower level)
   PUTX: 203664 # Dirty evictions (from lower level)
   INV: 0 # Invalidates (from upper level)
   INVX: 0 # Downgrades (from upper level)
   FWD: 0 # Forwards (from upper level)
   latGETnl: 63246348 # GET request latency on next level
   latGETnet: 0 # GET request latency on network to next level
  l3-0b17: # Cache stats
   hGETS: 312 # GETS hits
   hGETX: 21 # GETX hits
   mGETS: 239583 # GETS misses
   mGETXIM: 239549 # GETX I->M misses
   mGETXSM: 0 # GETX S->M misses (upgrade misses)
   PUTS: 208735 # Clean evictions (from lower level)
   PUTX: 203588 # Dirty evictions (from lower level)
   INV: 0 # Invalidates (from upper level)
   INVX: 0 # Downgrades (from upper level)
   FWD: 0 # Forwards (from upper level)
   latGETnl: 63245424 # GET request latency on next level
   latGETnet: 0 # GET request latency on network to next level
  l3-0b18: # Cache stats
   hGETS: 321 # GETS hits
   hGETX: 103 # GETX hits
   mGETS: 239590 # GETS misses
   mGETXIM: 239546 # GETX I->M misses
   mGETXSM: 0 # GETX S->M misses (upgrade misses)
   PUTS: 208707 # Clean evictions (from lower level)
   PUTX: 203609 # Dirty evictions (from lower level)
   INV: 0 # Invalidates (from upper level)
   INVX: 0 # Downgrades (from upper level)
   FWD: 0 # Forwards (from upper level)
   latGETnl: 63245952 # GET request latency on next level
   latGETnet: 0 # GET request latency on network to next level
  l3-0b19: # Cache stats
   hGETS: 306 # GETS hits
   hGETX: 123 # GETX hits
   mGETS: 239584 # GETS misses
   mGETXIM: 239552 # GETX I->M misses
   mGETXSM: 0 # GETX S->M misses (upgrade misses)
   PUTS: 208640 # Clean evictions (from lower level)
   PUTX: 203634 # Dirty evictions (from lower level)
   INV: 0 # Invalidates (from upper level)
   INVX: 0 # Downgrades (from upper level)
   FWD: 0 # Forwards (from upper level)
   latGETnl: 63245952 # GET request latency on next level
   latGETnet: 0 # GET request latency on network to next level
  l3-0b20: # Cache stats
   hGETS: 992 # GETS hits
   hGETX: 45 # GETX hits
   mGETS: 239581 # GETS misses
   mGETXIM: 239547 # GETX I->M misses
   mGETXSM: 0 # GETX S->M misses (upgrade misses)
   PUTS: 209261 # Clean evictions (from lower level)
   PUTX: 203589 # Dirty evictions (from lower level)
   INV: 0 # Invalidates (from upper level)
   INVX: 0 # Downgrades (from upper level)
   FWD: 0 # Forwards (from upper level)
   latGETnl: 63244896 # GET request latency on next level
   latGETnet: 0 # GET request latency on network to next level
  l3-0b21: # Cache stats
   hGETS: 359 # GETS hits
   hGETX: 53 # GETX hits
   mGETS: 239583 # GETS misses
   mGETXIM: 239547 # GETX I->M misses
   mGETXSM: 0 # GETX S->M misses (upgrade misses)
   PUTS: 208700 # Clean evictions (from lower level)
   PUTX: 203626 # Dirty evictions (from lower level)
   INV: 0 # Invalidates (from upper level)
   INVX: 0 # Downgrades (from upper level)
   FWD: 0 # Forwards (from upper level)
   latGETnl: 63245160 # GET request latency on next level
   latGETnet: 0 # GET request latency on network to next level
  l3-0b22: # Cache stats
   hGETS: 1064 # GETS hits
   hGETX: 80 # GETX hits
   mGETS: 239600 # GETS misses
   mGETXIM: 239545 # GETX I->M misses
   mGETXSM: 0 # GETX S->M misses (upgrade misses)
   PUTS: 209335 # Clean evictions (from lower level)
   PUTX: 203606 # Dirty evictions (from lower level)
   INV: 0 # Invalidates (from upper level)
   INVX: 0 # Downgrades (from upper level)
   FWD: 0 # Forwards (from upper level)
   latGETnl: 63247140 # GET request latency on next level
   latGETnet: 0 # GET request latency on network to next level
  l3-0b23: # Cache stats
   hGETS: 1076 # GETS hits
   hGETX: 68 # GETX hits
   mGETS: 239606 # GETS misses
   mGETXIM: 239543 # GETX I->M misses
   mGETXSM: 0 # GETX S->M misses (upgrade misses)
   PUTS: 209315 # Clean evictions (from lower level)
   PUTX: 203635 # Dirty evictions (from lower level)
   INV: 0 # Invalidates (from upper level)
   INVX: 0 # Downgrades (from upper level)
   FWD: 0 # Forwards (from upper level)
   latGETnl: 63247668 # GET request latency on next level
   latGETnet: 0 # GET request latency on network to next level
 mem: # Memory controller stats
  mem-0: # Memory controller stats
   rd: 11501884 # Read requests
   wr: 5475441 # Write requests
   rdlat: 1638818758 # Total latency experienced by read requests
   wrlat: 782138728 # Total latency experienced by write requests
 sched: # Scheduler stats
  thCr: 25 # Threads created
  thFn: 25 # Threads finished
  schedEvs: 28 # Schedule events
  waitEvs: 2 # Wait events
  handoffEvs: 1 # Handoff events
  sleepEvs: 1 # Sleep events
  idlePhases: 0 # Phases with no thread active
  idlePeriods: 0 # Periods with no thread active
  occHist: # Occupancy histogram
   0: 0
   1: 24
   2: 0
   3: 1
   4: 2
   5: 1
   6: 0
   7: 1
   8: 0
   9: 0
   10: 0
   11: 1
   12: 0
   13: 1
   14: 0
   15: 0
   16: 0
   17: 1
   18: 0
   19: 0
   20: 0
   21: 1
   22: 0
   23: 311526
   24: 0
  rqSzHist: # Run queue size histogram
   0: 311536
   1: 23
   2: 0
   3: 0
   4: 0
   5: 0
   6: 0
   7: 0
   8: 0
   9: 0
   10: 0
   11: 0
   12: 0
   13: 0
   14: 0
   15: 0
   16: 0
   17: 0
   18: 0
   19: 0
   20: 0
   21: 0
   22: 0
   23: 0
   24: 0
 procCycles: # Per-process unhalted core cycles
  0: 7165205442
  1: 0
  2: 0
  3: 0
  4: 0
  5: 0
  6: 0
  7: 0
  8: 0
  9: 0
  10: 0
  11: 0
  12: 0
  13: 0
  14: 0
  15: 0
  16: 0
  17: 0
  18: 0
  19: 0
  20: 0
  21: 0
  22: 0
  23: 0
  24: 0
  25: 0
  26: 0
  27: 0
  28: 0
  29: 0
  30: 0
  31: 0
  32: 0
  33: 0
  34: 0
  35: 0
  36: 0
  37: 0
  38: 0
  39: 0
  40: 0
  41: 0
  42: 0
  43: 0
  44: 0
  45: 0
  46: 0
  47: 0
  48: 0
  49: 0
  50: 0
  51: 0
  52: 0
  53: 0
  54: 0
  55: 0
  56: 0
  57: 0
  58: 0
  59: 0
  60: 0
  61: 0
  62: 0
  63: 0
 procInstrs: # Per-process instructions
  0: 10639363854
  1: 0
  2: 0
  3: 0
  4: 0
  5: 0
  6: 0
  7: 0
  8: 0
  9: 0
  10: 0
  11: 0
  12: 0
  13: 0
  14: 0
  15: 0
  16: 0
  17: 0
  18: 0
  19: 0
  20: 0
  21: 0
  22: 0
  23: 0
  24: 0
  25: 0
  26: 0
  27: 0
  28: 0
  29: 0
  30: 0
  31: 0
  32: 0
  33: 0
  34: 0
  35: 0
  36: 0
  37: 0
  38: 0
  39: 0
  40: 0
  41: 0
  42: 0
  43: 0
  44: 0
  45: 0
  46: 0
  47: 0
  48: 0
  49: 0
  50: 0
  51: 0
  52: 0
  53: 0
  54: 0
  55: 0
  56: 0
  57: 0
  58: 0
  59: 0
  60: 0
  61: 0
  62: 0
  63: 0
 heartbeats: # Per-process heartbeats
  0: 0
  1: 0
  2: 0
  3: 0
  4: 0
  5: 0
  6: 0
  7: 0
  8: 0
  9: 0
  10: 0
  11: 0
  12: 0
  13: 0
  14: 0
  15: 0
  16: 0
  17: 0
  18: 0
  19: 0
  20: 0
  21: 0
  22: 0
  23: 0
  24: 0
  25: 0
  26: 0
  27: 0
  28: 0
  29: 0
  30: 0
  31: 0
  32: 0
  33: 0
  34: 0
  35: 0
  36: 0
  37: 0
  38: 0
  39: 0
  40: 0
  41: 0
  42: 0
  43: 0
  44: 0
  45: 0
  46: 0
  47: 0
  48: 0
  49: 0
  50: 0
  51: 0
  52: 0
  53: 0
  54: 0
  55: 0
  56: 0
  57: 0
  58: 0
  59: 0
  60: 0
  61: 0
  62: 0
  63: 0
===
