# zsim stats
===
root: # Stats
 contention: # Contention simulation stats
  domain-0: # Domain stats
   time: 7292188343 # Weave simulation time
 time: # Simulator time breakdown
  init: 3122350039
  bound: 71779346667
  weave: 9348747793
  ff: 2844577
 trigger: 20000 # Reason for this stats dump
 phase: 39090 # Simulated phases
 reqCycles: 0 # Requeue Cycles
 skylake: # Core stats
  skylake-0: # Core stats
   cycles: 39090053 # Simulated unhalted cycles
   cCycles: 2134621 # Cycles due to contention stalls
   instrs: 54199151 # Simulated instructions
   uops: 37261612 # issued micro-ops
   bbls: 17683152 # Basic blocks
   approxInstrs: 664803 # Instrs with approx uop decoding
   mispredBranches: 96750 # Mispredicted branches
   IdqNotDelivered: 36955432 # Stalls no uop delivered when no Bkend Stall
   IntMiscRecoveryCycles: 785932 # Stalls waiting machine clears
   uops executed: 37522652 # Executed microoperations
  skylake-1: # Core stats
   cycles: 39054031 # Simulated unhalted cycles
   cCycles: 2134630 # Cycles due to contention stalls
   instrs: 54198622 # Simulated instructions
   uops: 37260758 # issued micro-ops
   bbls: 17683140 # Basic blocks
   approxInstrs: 664807 # Instrs with approx uop decoding
   mispredBranches: 96720 # Mispredicted branches
   IdqNotDelivered: 36919401 # Stalls no uop delivered when no Bkend Stall
   IntMiscRecoveryCycles: 778281 # Stalls waiting machine clears
   uops executed: 37521804 # Executed microoperations
  skylake-2: # Core stats
   cycles: 39051551 # Simulated unhalted cycles
   cCycles: 2134688 # Cycles due to contention stalls
   instrs: 54196819 # Simulated instructions
   uops: 37259247 # issued micro-ops
   bbls: 17682623 # Basic blocks
   approxInstrs: 664789 # Instrs with approx uop decoding
   mispredBranches: 96714 # Mispredicted branches
   IdqNotDelivered: 36916863 # Stalls no uop delivered when no Bkend Stall
   IntMiscRecoveryCycles: 779804 # Stalls waiting machine clears
   uops executed: 37520341 # Executed microoperations
  skylake-3: # Core stats
   cycles: 39052301 # Simulated unhalted cycles
   cCycles: 2134651 # Cycles due to contention stalls
   instrs: 54198347 # Simulated instructions
   uops: 37260438 # issued micro-ops
   bbls: 17683081 # Basic blocks
   approxInstrs: 664804 # Instrs with approx uop decoding
   mispredBranches: 96720 # Mispredicted branches
   IdqNotDelivered: 36917650 # Stalls no uop delivered when no Bkend Stall
   IntMiscRecoveryCycles: 780301 # Stalls waiting machine clears
   uops executed: 37521486 # Executed microoperations
  skylake-4: # Core stats
   cycles: 39050059 # Simulated unhalted cycles
   cCycles: 2134644 # Cycles due to contention stalls
   instrs: 54198213 # Simulated instructions
   uops: 37260350 # issued micro-ops
   bbls: 17683036 # Basic blocks
   approxInstrs: 664804 # Instrs with approx uop decoding
   mispredBranches: 96717 # Mispredicted branches
   IdqNotDelivered: 36915415 # Stalls no uop delivered when no Bkend Stall
   IntMiscRecoveryCycles: 778254 # Stalls waiting machine clears
   uops executed: 37521394 # Executed microoperations
  skylake-5: # Core stats
   cycles: 39049080 # Simulated unhalted cycles
   cCycles: 2134637 # Cycles due to contention stalls
   instrs: 54197990 # Simulated instructions
   uops: 37260184 # issued micro-ops
   bbls: 17682965 # Basic blocks
   approxInstrs: 664802 # Instrs with approx uop decoding
   mispredBranches: 96718 # Mispredicted branches
   IdqNotDelivered: 36914443 # Stalls no uop delivered when no Bkend Stall
   IntMiscRecoveryCycles: 778156 # Stalls waiting machine clears
   uops executed: 37521200 # Executed microoperations
  skylake-6: # Core stats
   cycles: 39048054 # Simulated unhalted cycles
   cCycles: 2134594 # Cycles due to contention stalls
   instrs: 54197725 # Simulated instructions
   uops: 37259697 # issued micro-ops
   bbls: 17682949 # Basic blocks
   approxInstrs: 664800 # Instrs with approx uop decoding
   mispredBranches: 96713 # Mispredicted branches
   IdqNotDelivered: 36913460 # Stalls no uop delivered when no Bkend Stall
   IntMiscRecoveryCycles: 779592 # Stalls waiting machine clears
   uops executed: 37520741 # Executed microoperations
  skylake-7: # Core stats
   cycles: 39048079 # Simulated unhalted cycles
   cCycles: 2134644 # Cycles due to contention stalls
   instrs: 54197052 # Simulated instructions
   uops: 37259545 # issued micro-ops
   bbls: 17682658 # Basic blocks
   approxInstrs: 664791 # Instrs with approx uop decoding
   mispredBranches: 96716 # Mispredicted branches
   IdqNotDelivered: 36913435 # Stalls no uop delivered when no Bkend Stall
   IntMiscRecoveryCycles: 778242 # Stalls waiting machine clears
   uops executed: 37520580 # Executed microoperations
  skylake-8: # Core stats
   cycles: 39046969 # Simulated unhalted cycles
   cCycles: 2134648 # Cycles due to contention stalls
   instrs: 54197744 # Simulated instructions
   uops: 37259723 # issued micro-ops
   bbls: 17682955 # Basic blocks
   approxInstrs: 664800 # Instrs with approx uop decoding
   mispredBranches: 96714 # Mispredicted branches
   IdqNotDelivered: 36912321 # Stalls no uop delivered when no Bkend Stall
   IntMiscRecoveryCycles: 779821 # Stalls waiting machine clears
   uops executed: 37520758 # Executed microoperations
  skylake-9: # Core stats
   cycles: 39047093 # Simulated unhalted cycles
   cCycles: 2134643 # Cycles due to contention stalls
   instrs: 54197733 # Simulated instructions
   uops: 37259708 # issued micro-ops
   bbls: 17682951 # Basic blocks
   approxInstrs: 664800 # Instrs with approx uop decoding
   mispredBranches: 96714 # Mispredicted branches
   IdqNotDelivered: 36912450 # Stalls no uop delivered when no Bkend Stall
   IntMiscRecoveryCycles: 778994 # Stalls waiting machine clears
   uops executed: 37520742 # Executed microoperations
  skylake-10: # Core stats
   cycles: 39047059 # Simulated unhalted cycles
   cCycles: 2134630 # Cycles due to contention stalls
   instrs: 54197738 # Simulated instructions
   uops: 37259714 # issued micro-ops
   bbls: 17682952 # Basic blocks
   approxInstrs: 664800 # Instrs with approx uop decoding
   mispredBranches: 96714 # Mispredicted branches
   IdqNotDelivered: 36912429 # Stalls no uop delivered when no Bkend Stall
   IntMiscRecoveryCycles: 780116 # Stalls waiting machine clears
   uops executed: 37520749 # Executed microoperations
  skylake-11: # Core stats
   cycles: 39046865 # Simulated unhalted cycles
   cCycles: 2134628 # Cycles due to contention stalls
   instrs: 54197074 # Simulated instructions
   uops: 37259546 # issued micro-ops
   bbls: 17682583 # Basic blocks
   approxInstrs: 664789 # Instrs with approx uop decoding
   mispredBranches: 96716 # Mispredicted branches
   IdqNotDelivered: 36912237 # Stalls no uop delivered when no Bkend Stall
   IntMiscRecoveryCycles: 779337 # Stalls waiting machine clears
   uops executed: 37520624 # Executed microoperations
  skylake-12: # Core stats
   cycles: 39046082 # Simulated unhalted cycles
   cCycles: 2134666 # Cycles due to contention stalls
   instrs: 54197761 # Simulated instructions
   uops: 37259741 # issued micro-ops
   bbls: 17682959 # Basic blocks
   approxInstrs: 664800 # Instrs with approx uop decoding
   mispredBranches: 96715 # Mispredicted branches
   IdqNotDelivered: 36911416 # Stalls no uop delivered when no Bkend Stall
   IntMiscRecoveryCycles: 779637 # Stalls waiting machine clears
   uops executed: 37520769 # Executed microoperations
  skylake-13: # Core stats
   cycles: 39046115 # Simulated unhalted cycles
   cCycles: 2134651 # Cycles due to contention stalls
   instrs: 54197733 # Simulated instructions
   uops: 37259708 # issued micro-ops
   bbls: 17682951 # Basic blocks
   approxInstrs: 664800 # Instrs with approx uop decoding
   mispredBranches: 96714 # Mispredicted branches
   IdqNotDelivered: 36911464 # Stalls no uop delivered when no Bkend Stall
   IntMiscRecoveryCycles: 778713 # Stalls waiting machine clears
   uops executed: 37520742 # Executed microoperations
  skylake-14: # Core stats
   cycles: 39045101 # Simulated unhalted cycles
   cCycles: 2134661 # Cycles due to contention stalls
   instrs: 54197712 # Simulated instructions
   uops: 37259680 # issued micro-ops
   bbls: 17682945 # Basic blocks
   approxInstrs: 664799 # Instrs with approx uop decoding
   mispredBranches: 96708 # Mispredicted branches
   IdqNotDelivered: 36910440 # Stalls no uop delivered when no Bkend Stall
   IntMiscRecoveryCycles: 778237 # Stalls waiting machine clears
   uops executed: 37520749 # Executed microoperations
  skylake-15: # Core stats
   cycles: 39045009 # Simulated unhalted cycles
   cCycles: 2134665 # Cycles due to contention stalls
   instrs: 54197733 # Simulated instructions
   uops: 37259708 # issued micro-ops
   bbls: 17682951 # Basic blocks
   approxInstrs: 664800 # Instrs with approx uop decoding
   mispredBranches: 96714 # Mispredicted branches
   IdqNotDelivered: 36910344 # Stalls no uop delivered when no Bkend Stall
   IntMiscRecoveryCycles: 778396 # Stalls waiting machine clears
   uops executed: 37520742 # Executed microoperations
  skylake-16: # Core stats
   cycles: 39044999 # Simulated unhalted cycles
   cCycles: 2134643 # Cycles due to contention stalls
   instrs: 54197733 # Simulated instructions
   uops: 37259708 # issued micro-ops
   bbls: 17682951 # Basic blocks
   approxInstrs: 664800 # Instrs with approx uop decoding
   mispredBranches: 96714 # Mispredicted branches
   IdqNotDelivered: 36910356 # Stalls no uop delivered when no Bkend Stall
   IntMiscRecoveryCycles: 778396 # Stalls waiting machine clears
   uops executed: 37520742 # Executed microoperations
  skylake-17: # Core stats
   cycles: 39044865 # Simulated unhalted cycles
   cCycles: 2134643 # Cycles due to contention stalls
   instrs: 54170061 # Simulated instructions
   uops: 37242646 # issued micro-ops
   bbls: 17673212 # Basic blocks
   approxInstrs: 664390 # Instrs with approx uop decoding
   mispredBranches: 96757 # Mispredicted branches
   IdqNotDelivered: 36910222 # Stalls no uop delivered when no Bkend Stall
   IntMiscRecoveryCycles: 782039 # Stalls waiting machine clears
   uops executed: 37503696 # Executed microoperations
  skylake-18: # Core stats
   cycles: 39044059 # Simulated unhalted cycles
   cCycles: 2134656 # Cycles due to contention stalls
   instrs: 54197576 # Simulated instructions
   uops: 37259591 # issued micro-ops
   bbls: 17682900 # Basic blocks
   approxInstrs: 664798 # Instrs with approx uop decoding
   mispredBranches: 96711 # Mispredicted branches
   IdqNotDelivered: 36909403 # Stalls no uop delivered when no Bkend Stall
   IntMiscRecoveryCycles: 778380 # Stalls waiting machine clears
   uops executed: 37520639 # Executed microoperations
  skylake-19: # Core stats
   cycles: 39044077 # Simulated unhalted cycles
   cCycles: 2134628 # Cycles due to contention stalls
   instrs: 54197718 # Simulated instructions
   uops: 37259689 # issued micro-ops
   bbls: 17682948 # Basic blocks
   approxInstrs: 664799 # Instrs with approx uop decoding
   mispredBranches: 96708 # Mispredicted branches
   IdqNotDelivered: 36909449 # Stalls no uop delivered when no Bkend Stall
   IntMiscRecoveryCycles: 778041 # Stalls waiting machine clears
   uops executed: 37520758 # Executed microoperations
  skylake-20: # Core stats
   cycles: 39043838 # Simulated unhalted cycles
   cCycles: 2134647 # Cycles due to contention stalls
   instrs: 54197636 # Simulated instructions
   uops: 37259631 # issued micro-ops
   bbls: 17682920 # Basic blocks
   approxInstrs: 664798 # Instrs with approx uop decoding
   mispredBranches: 96711 # Mispredicted branches
   IdqNotDelivered: 36909191 # Stalls no uop delivered when no Bkend Stall
   IntMiscRecoveryCycles: 778527 # Stalls waiting machine clears
   uops executed: 37520679 # Executed microoperations
  skylake-21: # Core stats
   cycles: 39042865 # Simulated unhalted cycles
   cCycles: 2134635 # Cycles due to contention stalls
   instrs: 54196288 # Simulated instructions
   uops: 37258710 # issued micro-ops
   bbls: 17682478 # Basic blocks
   approxInstrs: 664786 # Instrs with approx uop decoding
   mispredBranches: 96709 # Mispredicted branches
   IdqNotDelivered: 36908230 # Stalls no uop delivered when no Bkend Stall
   IntMiscRecoveryCycles: 778511 # Stalls waiting machine clears
   uops executed: 37519753 # Executed microoperations
  skylake-22: # Core stats
   cycles: 39042838 # Simulated unhalted cycles
   cCycles: 2134666 # Cycles due to contention stalls
   instrs: 54197008 # Simulated instructions
   uops: 37259202 # issued micro-ops
   bbls: 17682714 # Basic blocks
   approxInstrs: 664793 # Instrs with approx uop decoding
   mispredBranches: 96708 # Mispredicted branches
   IdqNotDelivered: 36908172 # Stalls no uop delivered when no Bkend Stall
   IntMiscRecoveryCycles: 778129 # Stalls waiting machine clears
   uops executed: 37520255 # Executed microoperations
  skylake-23: # Core stats
   cycles: 0 # Simulated unhalted cycles
   cCycles: 0 # Cycles due to contention stalls
   instrs: 0 # Simulated instructions
   uops: 0 # issued micro-ops
   bbls: 0 # Basic blocks
   approxInstrs: 0 # Instrs with approx uop decoding
   mispredBranches: 0 # Mispredicted branches
   IdqNotDelivered: 0 # Stalls no uop delivered when no Bkend Stall
   IntMiscRecoveryCycles: 0 # Stalls waiting machine clears
   uops executed: 0 # Executed microoperations
 l1d: # Cache stats
  l1d-0: # Filter cache stats
   fhGETS: 822521 # Filtered GETS hits
   fhGETX: 408951 # Filtered GETX hits
   hGETS: 8292 # GETS hits
   hGETX: 12135 # GETX hits
   mGETS: 250246 # GETS misses
   mGETXIM: 34184 # GETX I->M misses
   mGETXSM: 6 # GETX S->M misses (upgrade misses)
   PUTS: 0 # Clean evictions (from lower level)
   PUTX: 0 # Dirty evictions (from lower level)
   INV: 89 # Invalidates (from upper level)
   INVX: 95 # Downgrades (from upper level)
   FWD: 0 # Forwards (from upper level)
   latGETnl: 77333994 # GET request latency on next level
   latGETnet: 0 # GET request latency on network to next level
  l1d-1: # Filter cache stats
   fhGETS: 822273 # Filtered GETS hits
   fhGETX: 408778 # Filtered GETX hits
   hGETS: 8218 # GETS hits
   hGETX: 12107 # GETX hits
   mGETS: 250208 # GETS misses
   mGETXIM: 34155 # GETX I->M misses
   mGETXSM: 8 # GETX S->M misses (upgrade misses)
   PUTS: 0 # Clean evictions (from lower level)
   PUTX: 0 # Dirty evictions (from lower level)
   INV: 75 # Invalidates (from upper level)
   INVX: 25 # Downgrades (from upper level)
   FWD: 0 # Forwards (from upper level)
   latGETnl: 77303474 # GET request latency on next level
   latGETnet: 0 # GET request latency on network to next level
  l1d-2: # Filter cache stats
   fhGETS: 822128 # Filtered GETS hits
   fhGETX: 408706 # Filtered GETX hits
   hGETS: 8185 # GETS hits
   hGETX: 12073 # GETX hits
   mGETS: 250187 # GETS misses
   mGETXIM: 34152 # GETX I->M misses
   mGETXSM: 4 # GETX S->M misses (upgrade misses)
   PUTS: 0 # Clean evictions (from lower level)
   PUTX: 0 # Dirty evictions (from lower level)
   INV: 58 # Invalidates (from upper level)
   INVX: 4 # Downgrades (from upper level)
   FWD: 0 # Forwards (from upper level)
   latGETnl: 77298714 # GET request latency on next level
   latGETnet: 0 # GET request latency on network to next level
  l1d-3: # Filter cache stats
   fhGETS: 822197 # Filtered GETS hits
   fhGETX: 408733 # Filtered GETX hits
   hGETS: 8225 # GETS hits
   hGETX: 12113 # GETX hits
   mGETS: 250197 # GETS misses
   mGETXIM: 34148 # GETX I->M misses
   mGETXSM: 7 # GETX S->M misses (upgrade misses)
   PUTS: 0 # Clean evictions (from lower level)
   PUTX: 0 # Dirty evictions (from lower level)
   INV: 67 # Invalidates (from upper level)
   INVX: 30 # Downgrades (from upper level)
   FWD: 0 # Forwards (from upper level)
   latGETnl: 77304310 # GET request latency on next level
   latGETnet: 0 # GET request latency on network to next level
  l1d-4: # Filter cache stats
   fhGETS: 822188 # Filtered GETS hits
   fhGETX: 408728 # Filtered GETX hits
   hGETS: 8228 # GETS hits
   hGETX: 12117 # GETX hits
   mGETS: 250198 # GETS misses
   mGETXIM: 34151 # GETX I->M misses
   mGETXSM: 9 # GETX S->M misses (upgrade misses)
   PUTS: 0 # Clean evictions (from lower level)
   PUTX: 0 # Dirty evictions (from lower level)
   INV: 73 # Invalidates (from upper level)
   INVX: 20 # Downgrades (from upper level)
   FWD: 0 # Forwards (from upper level)
   latGETnl: 77300712 # GET request latency on next level
   latGETnet: 0 # GET request latency on network to next level
  l1d-5: # Filter cache stats
   fhGETS: 822195 # Filtered GETS hits
   fhGETX: 408741 # Filtered GETX hits
   hGETS: 8211 # GETS hits
   hGETX: 12105 # GETX hits
   mGETS: 250200 # GETS misses
   mGETXIM: 34144 # GETX I->M misses
   mGETXSM: 7 # GETX S->M misses (upgrade misses)
   PUTS: 0 # Clean evictions (from lower level)
   PUTX: 0 # Dirty evictions (from lower level)
   INV: 67 # Invalidates (from upper level)
   INVX: 14 # Downgrades (from upper level)
   FWD: 0 # Forwards (from upper level)
   latGETnl: 77301213 # GET request latency on next level
   latGETnet: 0 # GET request latency on network to next level
  l1d-6: # Filter cache stats
   fhGETS: 820624 # Filtered GETS hits
   fhGETX: 407231 # Filtered GETX hits
   hGETS: 9625 # GETS hits
   hGETX: 13511 # GETX hits
   mGETS: 250179 # GETS misses
   mGETXIM: 34141 # GETX I->M misses
   mGETXSM: 6 # GETX S->M misses (upgrade misses)
   PUTS: 0 # Clean evictions (from lower level)
   PUTX: 0 # Dirty evictions (from lower level)
   INV: 54 # Invalidates (from upper level)
   INVX: 5 # Downgrades (from upper level)
   FWD: 0 # Forwards (from upper level)
   latGETnl: 77296732 # GET request latency on next level
   latGETnet: 0 # GET request latency on network to next level
  l1d-7: # Filter cache stats
   fhGETS: 822170 # Filtered GETS hits
   fhGETX: 408729 # Filtered GETX hits
   hGETS: 8223 # GETS hits
   hGETX: 12111 # GETX hits
   mGETS: 250196 # GETS misses
   mGETXIM: 34145 # GETX I->M misses
   mGETXSM: 7 # GETX S->M misses (upgrade misses)
   PUTS: 0 # Clean evictions (from lower level)
   PUTX: 0 # Dirty evictions (from lower level)
   INV: 69 # Invalidates (from upper level)
   INVX: 19 # Downgrades (from upper level)
   FWD: 0 # Forwards (from upper level)
   latGETnl: 77299947 # GET request latency on next level
   latGETnet: 0 # GET request latency on network to next level
  l1d-8: # Filter cache stats
   fhGETS: 820629 # Filtered GETS hits
   fhGETX: 407233 # Filtered GETX hits
   hGETS: 9626 # GETS hits
   hGETX: 13506 # GETX hits
   mGETS: 250181 # GETS misses
   mGETXIM: 34147 # GETX I->M misses
   mGETXSM: 5 # GETX S->M misses (upgrade misses)
   PUTS: 0 # Clean evictions (from lower level)
   PUTX: 0 # Dirty evictions (from lower level)
   INV: 58 # Invalidates (from upper level)
   INVX: 22 # Downgrades (from upper level)
   FWD: 0 # Forwards (from upper level)
   latGETnl: 77300309 # GET request latency on next level
   latGETnet: 0 # GET request latency on network to next level
  l1d-9: # Filter cache stats
   fhGETS: 820641 # Filtered GETS hits
   fhGETX: 407234 # Filtered GETX hits
   hGETS: 9613 # GETS hits
   hGETX: 13508 # GETX hits
   mGETS: 250177 # GETS misses
   mGETXIM: 34143 # GETX I->M misses
   mGETXSM: 5 # GETX S->M misses (upgrade misses)
   PUTS: 0 # Clean evictions (from lower level)
   PUTX: 0 # Dirty evictions (from lower level)
   INV: 54 # Invalidates (from upper level)
   INVX: 11 # Downgrades (from upper level)
   FWD: 0 # Forwards (from upper level)
   latGETnl: 77297502 # GET request latency on next level
   latGETnet: 0 # GET request latency on network to next level
  l1d-10: # Filter cache stats
   fhGETS: 820629 # Filtered GETS hits
   fhGETX: 407243 # Filtered GETX hits
   hGETS: 9625 # GETS hits
   hGETX: 13498 # GETX hits
   mGETS: 250178 # GETS misses
   mGETXIM: 34145 # GETX I->M misses
   mGETXSM: 5 # GETX S->M misses (upgrade misses)
   PUTS: 0 # Clean evictions (from lower level)
   PUTX: 0 # Dirty evictions (from lower level)
   INV: 55 # Invalidates (from upper level)
   INVX: 10 # Downgrades (from upper level)
   FWD: 0 # Forwards (from upper level)
   latGETnl: 77297376 # GET request latency on next level
   latGETnet: 0 # GET request latency on network to next level
  l1d-11: # Filter cache stats
   fhGETS: 822198 # Filtered GETS hits
   fhGETX: 408754 # Filtered GETX hits
   hGETS: 8240 # GETS hits
   hGETX: 12104 # GETX hits
   mGETS: 250197 # GETS misses
   mGETXIM: 34155 # GETX I->M misses
   mGETXSM: 10 # GETX S->M misses (upgrade misses)
   PUTS: 0 # Clean evictions (from lower level)
   PUTX: 0 # Dirty evictions (from lower level)
   INV: 64 # Invalidates (from upper level)
   INVX: 18 # Downgrades (from upper level)
   FWD: 0 # Forwards (from upper level)
   latGETnl: 77305512 # GET request latency on next level
   latGETnet: 0 # GET request latency on network to next level
  l1d-12: # Filter cache stats
   fhGETS: 820644 # Filtered GETS hits
   fhGETX: 407247 # Filtered GETX hits
   hGETS: 9610 # GETS hits
   hGETX: 13498 # GETX hits
   mGETS: 250186 # GETS misses
   mGETXIM: 34144 # GETX I->M misses
   mGETXSM: 5 # GETX S->M misses (upgrade misses)
   PUTS: 0 # Clean evictions (from lower level)
   PUTX: 0 # Dirty evictions (from lower level)
   INV: 57 # Invalidates (from upper level)
   INVX: 11 # Downgrades (from upper level)
   FWD: 0 # Forwards (from upper level)
   latGETnl: 77298267 # GET request latency on next level
   latGETnet: 0 # GET request latency on network to next level
  l1d-13: # Filter cache stats
   fhGETS: 820642 # Filtered GETS hits
   fhGETX: 407239 # Filtered GETX hits
   hGETS: 9611 # GETS hits
   hGETX: 13503 # GETX hits
   mGETS: 250178 # GETS misses
   mGETXIM: 34143 # GETX I->M misses
   mGETXSM: 5 # GETX S->M misses (upgrade misses)
   PUTS: 0 # Clean evictions (from lower level)
   PUTX: 0 # Dirty evictions (from lower level)
   INV: 54 # Invalidates (from upper level)
   INVX: 16 # Downgrades (from upper level)
   FWD: 0 # Forwards (from upper level)
   latGETnl: 77298449 # GET request latency on next level
   latGETnet: 0 # GET request latency on network to next level
  l1d-14: # Filter cache stats
   fhGETS: 822050 # Filtered GETS hits
   fhGETX: 408654 # Filtered GETX hits
   hGETS: 8197 # GETS hits
   hGETX: 12085 # GETX hits
   mGETS: 250179 # GETS misses
   mGETXIM: 34143 # GETX I->M misses
   mGETXSM: 4 # GETX S->M misses (upgrade misses)
   PUTS: 0 # Clean evictions (from lower level)
   PUTX: 0 # Dirty evictions (from lower level)
   INV: 54 # Invalidates (from upper level)
   INVX: 11 # Downgrades (from upper level)
   FWD: 0 # Forwards (from upper level)
   latGETnl: 77297830 # GET request latency on next level
   latGETnet: 0 # GET request latency on network to next level
  l1d-15: # Filter cache stats
   fhGETS: 820640 # Filtered GETS hits
   fhGETX: 407235 # Filtered GETX hits
   hGETS: 9609 # GETS hits
   hGETX: 13511 # GETX hits
   mGETS: 250182 # GETS misses
   mGETXIM: 34137 # GETX I->M misses
   mGETXSM: 7 # GETX S->M misses (upgrade misses)
   PUTS: 0 # Clean evictions (from lower level)
   PUTX: 0 # Dirty evictions (from lower level)
   INV: 52 # Invalidates (from upper level)
   INVX: 3 # Downgrades (from upper level)
   FWD: 0 # Forwards (from upper level)
   latGETnl: 77296171 # GET request latency on next level
   latGETnet: 0 # GET request latency on network to next level
  l1d-16: # Filter cache stats
   fhGETS: 820626 # Filtered GETS hits
   fhGETX: 407227 # Filtered GETX hits
   hGETS: 9626 # GETS hits
   hGETX: 13514 # GETX hits
   mGETS: 250179 # GETS misses
   mGETXIM: 34144 # GETX I->M misses
   mGETXSM: 5 # GETX S->M misses (upgrade misses)
   PUTS: 0 # Clean evictions (from lower level)
   PUTX: 0 # Dirty evictions (from lower level)
   INV: 56 # Invalidates (from upper level)
   INVX: 3 # Downgrades (from upper level)
   FWD: 0 # Forwards (from upper level)
   latGETnl: 77295576 # GET request latency on next level
   latGETnet: 0 # GET request latency on network to next level
  l1d-17: # Filter cache stats
   fhGETS: 821601 # Filtered GETS hits
   fhGETX: 407560 # Filtered GETX hits
   hGETS: 9968 # GETS hits
   hGETX: 13581 # GETX hits
   mGETS: 250100 # GETS misses
   mGETXIM: 34131 # GETX I->M misses
   mGETXSM: 15 # GETX S->M misses (upgrade misses)
   PUTS: 0 # Clean evictions (from lower level)
   PUTX: 0 # Dirty evictions (from lower level)
   INV: 54 # Invalidates (from upper level)
   INVX: 2 # Downgrades (from upper level)
   FWD: 0 # Forwards (from upper level)
   latGETnl: 77263928 # GET request latency on next level
   latGETnet: 0 # GET request latency on network to next level
  l1d-18: # Filter cache stats
   fhGETS: 822053 # Filtered GETS hits
   fhGETX: 408657 # Filtered GETX hits
   hGETS: 8189 # GETS hits
   hGETX: 12085 # GETX hits
   mGETS: 250179 # GETS misses
   mGETXIM: 34141 # GETX I->M misses
   mGETXSM: 6 # GETX S->M misses (upgrade misses)
   PUTS: 0 # Clean evictions (from lower level)
   PUTX: 0 # Dirty evictions (from lower level)
   INV: 54 # Invalidates (from upper level)
   INVX: 2 # Downgrades (from upper level)
   FWD: 0 # Forwards (from upper level)
   latGETnl: 77295257 # GET request latency on next level
   latGETnet: 0 # GET request latency on network to next level
  l1d-19: # Filter cache stats
   fhGETS: 820641 # Filtered GETS hits
   fhGETX: 407236 # Filtered GETX hits
   hGETS: 9607 # GETS hits
   hGETX: 13506 # GETX hits
   mGETS: 250182 # GETS misses
   mGETXIM: 34140 # GETX I->M misses
   mGETXSM: 4 # GETX S->M misses (upgrade misses)
   PUTS: 0 # Clean evictions (from lower level)
   PUTX: 0 # Dirty evictions (from lower level)
   INV: 53 # Invalidates (from upper level)
   INVX: 1 # Downgrades (from upper level)
   FWD: 0 # Forwards (from upper level)
   latGETnl: 77295440 # GET request latency on next level
   latGETnet: 0 # GET request latency on network to next level
  l1d-20: # Filter cache stats
   fhGETS: 822031 # Filtered GETS hits
   fhGETX: 408646 # Filtered GETX hits
   hGETS: 8211 # GETS hits
   hGETX: 12093 # GETX hits
   mGETS: 250179 # GETS misses
   mGETXIM: 34144 # GETX I->M misses
   mGETXSM: 6 # GETX S->M misses (upgrade misses)
   PUTS: 0 # Clean evictions (from lower level)
   PUTX: 0 # Dirty evictions (from lower level)
   INV: 57 # Invalidates (from upper level)
   INVX: 2 # Downgrades (from upper level)
   FWD: 0 # Forwards (from upper level)
   latGETnl: 77295623 # GET request latency on next level
   latGETnet: 0 # GET request latency on network to next level
  l1d-21: # Filter cache stats
   fhGETS: 822037 # Filtered GETS hits
   fhGETX: 408647 # Filtered GETX hits
   hGETS: 8189 # GETS hits
   hGETX: 12088 # GETX hits
   mGETS: 250174 # GETS misses
   mGETXIM: 34140 # GETX I->M misses
   mGETXSM: 5 # GETX S->M misses (upgrade misses)
   PUTS: 0 # Clean evictions (from lower level)
   PUTX: 0 # Dirty evictions (from lower level)
   INV: 53 # Invalidates (from upper level)
   INVX: 2 # Downgrades (from upper level)
   FWD: 0 # Forwards (from upper level)
   latGETnl: 77294450 # GET request latency on next level
   latGETnet: 0 # GET request latency on network to next level
  l1d-22: # Filter cache stats
   fhGETS: 820629 # Filtered GETS hits
   fhGETX: 407236 # Filtered GETX hits
   hGETS: 9608 # GETS hits
   hGETX: 13501 # GETX hits
   mGETS: 250174 # GETS misses
   mGETXIM: 34142 # GETX I->M misses
   mGETXSM: 6 # GETX S->M misses (upgrade misses)
   PUTS: 0 # Clean evictions (from lower level)
   PUTX: 0 # Dirty evictions (from lower level)
   INV: 53 # Invalidates (from upper level)
   INVX: 2 # Downgrades (from upper level)
   FWD: 0 # Forwards (from upper level)
   latGETnl: 77293944 # GET request latency on next level
   latGETnet: 0 # GET request latency on network to next level
  l1d-23: # Filter cache stats
   fhGETS: 0 # Filtered GETS hits
   fhGETX: 0 # Filtered GETX hits
   hGETS: 0 # GETS hits
   hGETX: 0 # GETX hits
   mGETS: 0 # GETS misses
   mGETXIM: 0 # GETX I->M misses
   mGETXSM: 0 # GETX S->M misses (upgrade misses)
   PUTS: 0 # Clean evictions (from lower level)
   PUTX: 0 # Dirty evictions (from lower level)
   INV: 0 # Invalidates (from upper level)
   INVX: 0 # Downgrades (from upper level)
   FWD: 0 # Forwards (from upper level)
   latGETnl: 0 # GET request latency on next level
   latGETnet: 0 # GET request latency on network to next level
 l1i: # Cache stats
  l1i-0: # Filter cache stats
   fhGETS: 18165923 # Filtered GETS hits
   fhGETX: 0 # Filtered GETX hits
   hGETS: 79515 # GETS hits
   hGETX: 0 # GETX hits
   mGETS: 677 # GETS misses
   mGETXIM: 0 # GETX I->M misses
   mGETXSM: 0 # GETX S->M misses (upgrade misses)
   PUTS: 0 # Clean evictions (from lower level)
   PUTX: 0 # Dirty evictions (from lower level)
   INV: 654 # Invalidates (from upper level)
   INVX: 0 # Downgrades (from upper level)
   FWD: 0 # Forwards (from upper level)
   latGETnl: 70294 # GET request latency on next level
   latGETnet: 0 # GET request latency on network to next level
  l1i-1: # Filter cache stats
   fhGETS: 18165980 # Filtered GETS hits
   fhGETX: 0 # Filtered GETX hits
   hGETS: 79510 # GETS hits
   hGETX: 0 # GETX hits
   mGETS: 595 # GETS misses
   mGETXIM: 0 # GETX I->M misses
   mGETXSM: 0 # GETX S->M misses (upgrade misses)
   PUTS: 0 # Clean evictions (from lower level)
   PUTX: 0 # Dirty evictions (from lower level)
   INV: 559 # Invalidates (from upper level)
   INVX: 0 # Downgrades (from upper level)
   FWD: 0 # Forwards (from upper level)
   latGETnl: 33815 # GET request latency on next level
   latGETnet: 0 # GET request latency on network to next level
  l1i-2: # Filter cache stats
   fhGETS: 18165428 # Filtered GETS hits
   fhGETX: 0 # Filtered GETX hits
   hGETS: 79488 # GETS hits
   hGETX: 0 # GETX hits
   mGETS: 610 # GETS misses
   mGETXIM: 0 # GETX I->M misses
   mGETXSM: 0 # GETX S->M misses (upgrade misses)
   PUTS: 0 # Clean evictions (from lower level)
   PUTX: 0 # Dirty evictions (from lower level)
   INV: 587 # Invalidates (from upper level)
   INVX: 0 # Downgrades (from upper level)
   FWD: 0 # Forwards (from upper level)
   latGETnl: 37445 # GET request latency on next level
   latGETnet: 0 # GET request latency on network to next level
  l1i-3: # Filter cache stats
   fhGETS: 18165924 # Filtered GETS hits
   fhGETX: 0 # Filtered GETX hits
   hGETS: 79497 # GETS hits
   hGETX: 0 # GETX hits
   mGETS: 594 # GETS misses
   mGETXIM: 0 # GETX I->M misses
   mGETXSM: 0 # GETX S->M misses (upgrade misses)
   PUTS: 0 # Clean evictions (from lower level)
   PUTX: 0 # Dirty evictions (from lower level)
   INV: 567 # Invalidates (from upper level)
   INVX: 0 # Downgrades (from upper level)
   FWD: 0 # Forwards (from upper level)
   latGETnl: 35118 # GET request latency on next level
   latGETnet: 0 # GET request latency on network to next level
  l1i-4: # Filter cache stats
   fhGETS: 18165888 # Filtered GETS hits
   fhGETX: 0 # Filtered GETX hits
   hGETS: 79497 # GETS hits
   hGETX: 0 # GETX hits
   mGETS: 593 # GETS misses
   mGETXIM: 0 # GETX I->M misses
   mGETXSM: 0 # GETX S->M misses (upgrade misses)
   PUTS: 0 # Clean evictions (from lower level)
   PUTX: 0 # Dirty evictions (from lower level)
   INV: 570 # Invalidates (from upper level)
   INVX: 0 # Downgrades (from upper level)
   FWD: 0 # Forwards (from upper level)
   latGETnl: 29671 # GET request latency on next level
   latGETnet: 0 # GET request latency on network to next level
  l1i-5: # Filter cache stats
   fhGETS: 18165812 # Filtered GETS hits
   fhGETX: 0 # Filtered GETX hits
   hGETS: 79504 # GETS hits
   hGETX: 0 # GETX hits
   mGETS: 591 # GETS misses
   mGETXIM: 0 # GETX I->M misses
   mGETXSM: 0 # GETX S->M misses (upgrade misses)
   PUTS: 0 # Clean evictions (from lower level)
   PUTX: 0 # Dirty evictions (from lower level)
   INV: 568 # Invalidates (from upper level)
   INVX: 0 # Downgrades (from upper level)
   FWD: 0 # Forwards (from upper level)
   latGETnl: 28227 # GET request latency on next level
   latGETnet: 0 # GET request latency on network to next level
  l1i-6: # Filter cache stats
   fhGETS: 18165780 # Filtered GETS hits
   fhGETX: 0 # Filtered GETX hits
   hGETS: 79501 # GETS hits
   hGETX: 0 # GETX hits
   mGETS: 571 # GETS misses
   mGETXIM: 0 # GETX I->M misses
   mGETXSM: 0 # GETX S->M misses (upgrade misses)
   PUTS: 0 # Clean evictions (from lower level)
   PUTX: 0 # Dirty evictions (from lower level)
   INV: 547 # Invalidates (from upper level)
   INVX: 0 # Downgrades (from upper level)
   FWD: 0 # Forwards (from upper level)
   latGETnl: 31562 # GET request latency on next level
   latGETnet: 0 # GET request latency on network to next level
  l1i-7: # Filter cache stats
   fhGETS: 18165513 # Filtered GETS hits
   fhGETX: 0 # Filtered GETX hits
   hGETS: 79493 # GETS hits
   hGETX: 0 # GETX hits
   mGETS: 590 # GETS misses
   mGETXIM: 0 # GETX I->M misses
   mGETXSM: 0 # GETX S->M misses (upgrade misses)
   PUTS: 0 # Clean evictions (from lower level)
   PUTX: 0 # Dirty evictions (from lower level)
   INV: 567 # Invalidates (from upper level)
   INVX: 0 # Downgrades (from upper level)
   FWD: 0 # Forwards (from upper level)
   latGETnl: 27955 # GET request latency on next level
   latGETnet: 0 # GET request latency on network to next level
  l1i-8: # Filter cache stats
   fhGETS: 18165796 # Filtered GETS hits
   fhGETX: 0 # Filtered GETX hits
   hGETS: 79504 # GETS hits
   hGETX: 0 # GETX hits
   mGETS: 581 # GETS misses
   mGETXIM: 0 # GETX I->M misses
   mGETXSM: 0 # GETX S->M misses (upgrade misses)
   PUTS: 0 # Clean evictions (from lower level)
   PUTX: 0 # Dirty evictions (from lower level)
   INV: 550 # Invalidates (from upper level)
   INVX: 0 # Downgrades (from upper level)
   FWD: 0 # Forwards (from upper level)
   latGETnl: 30682 # GET request latency on next level
   latGETnet: 0 # GET request latency on network to next level
  l1i-9: # Filter cache stats
   fhGETS: 18165742 # Filtered GETS hits
   fhGETX: 0 # Filtered GETX hits
   hGETS: 79503 # GETS hits
   hGETX: 0 # GETX hits
   mGETS: 585 # GETS misses
   mGETXIM: 0 # GETX I->M misses
   mGETXSM: 0 # GETX S->M misses (upgrade misses)
   PUTS: 0 # Clean evictions (from lower level)
   PUTX: 0 # Dirty evictions (from lower level)
   INV: 556 # Invalidates (from upper level)
   INVX: 0 # Downgrades (from upper level)
   FWD: 0 # Forwards (from upper level)
   latGETnl: 31095 # GET request latency on next level
   latGETnet: 0 # GET request latency on network to next level
  l1i-10: # Filter cache stats
   fhGETS: 18165787 # Filtered GETS hits
   fhGETX: 0 # Filtered GETX hits
   hGETS: 79503 # GETS hits
   hGETX: 0 # GETX hits
   mGETS: 581 # GETS misses
   mGETXIM: 0 # GETX I->M misses
   mGETXSM: 0 # GETX S->M misses (upgrade misses)
   PUTS: 0 # Clean evictions (from lower level)
   PUTX: 0 # Dirty evictions (from lower level)
   INV: 551 # Invalidates (from upper level)
   INVX: 0 # Downgrades (from upper level)
   FWD: 0 # Forwards (from upper level)
   latGETnl: 31357 # GET request latency on next level
   latGETnet: 0 # GET request latency on network to next level
  l1i-11: # Filter cache stats
   fhGETS: 18165337 # Filtered GETS hits
   fhGETX: 0 # Filtered GETX hits
   hGETS: 79586 # GETS hits
   hGETX: 0 # GETX hits
   mGETS: 584 # GETS misses
   mGETXIM: 0 # GETX I->M misses
   mGETXSM: 0 # GETX S->M misses (upgrade misses)
   PUTS: 0 # Clean evictions (from lower level)
   PUTX: 0 # Dirty evictions (from lower level)
   INV: 561 # Invalidates (from upper level)
   INVX: 0 # Downgrades (from upper level)
   FWD: 0 # Forwards (from upper level)
   latGETnl: 29698 # GET request latency on next level
   latGETnet: 0 # GET request latency on network to next level
  l1i-12: # Filter cache stats
   fhGETS: 18165800 # Filtered GETS hits
   fhGETX: 0 # Filtered GETX hits
   hGETS: 79503 # GETS hits
   hGETX: 0 # GETX hits
   mGETS: 589 # GETS misses
   mGETXIM: 0 # GETX I->M misses
   mGETXSM: 0 # GETX S->M misses (upgrade misses)
   PUTS: 0 # Clean evictions (from lower level)
   PUTX: 0 # Dirty evictions (from lower level)
   INV: 552 # Invalidates (from upper level)
   INVX: 0 # Downgrades (from upper level)
   FWD: 0 # Forwards (from upper level)
   latGETnl: 29933 # GET request latency on next level
   latGETnet: 0 # GET request latency on network to next level
  l1i-13: # Filter cache stats
   fhGETS: 18165792 # Filtered GETS hits
   fhGETX: 0 # Filtered GETX hits
   hGETS: 79502 # GETS hits
   hGETX: 0 # GETX hits
   mGETS: 582 # GETS misses
   mGETXIM: 0 # GETX I->M misses
   mGETXSM: 0 # GETX S->M misses (upgrade misses)
   PUTS: 0 # Clean evictions (from lower level)
   PUTX: 0 # Dirty evictions (from lower level)
   INV: 553 # Invalidates (from upper level)
   INVX: 0 # Downgrades (from upper level)
   FWD: 0 # Forwards (from upper level)
   latGETnl: 28929 # GET request latency on next level
   latGETnet: 0 # GET request latency on network to next level
  l1i-14: # Filter cache stats
   fhGETS: 18165768 # Filtered GETS hits
   fhGETX: 0 # Filtered GETX hits
   hGETS: 79503 # GETS hits
   hGETX: 0 # GETX hits
   mGETS: 582 # GETS misses
   mGETXIM: 0 # GETX I->M misses
   mGETXSM: 0 # GETX S->M misses (upgrade misses)
   PUTS: 0 # Clean evictions (from lower level)
   PUTX: 0 # Dirty evictions (from lower level)
   INV: 552 # Invalidates (from upper level)
   INVX: 0 # Downgrades (from upper level)
   FWD: 0 # Forwards (from upper level)
   latGETnl: 28704 # GET request latency on next level
   latGETnet: 0 # GET request latency on network to next level
  l1i-15: # Filter cache stats
   fhGETS: 18165793 # Filtered GETS hits
   fhGETX: 0 # Filtered GETX hits
   hGETS: 79505 # GETS hits
   hGETX: 0 # GETX hits
   mGETS: 579 # GETS misses
   mGETXIM: 0 # GETX I->M misses
   mGETXSM: 0 # GETX S->M misses (upgrade misses)
   PUTS: 0 # Clean evictions (from lower level)
   PUTX: 0 # Dirty evictions (from lower level)
   INV: 550 # Invalidates (from upper level)
   INVX: 0 # Downgrades (from upper level)
   FWD: 0 # Forwards (from upper level)
   latGETnl: 28338 # GET request latency on next level
   latGETnet: 0 # GET request latency on network to next level
  l1i-16: # Filter cache stats
   fhGETS: 18165791 # Filtered GETS hits
   fhGETX: 0 # Filtered GETX hits
   hGETS: 79502 # GETS hits
   hGETX: 0 # GETX hits
   mGETS: 584 # GETS misses
   mGETXIM: 0 # GETX I->M misses
   mGETXSM: 0 # GETX S->M misses (upgrade misses)
   PUTS: 0 # Clean evictions (from lower level)
   PUTX: 0 # Dirty evictions (from lower level)
   INV: 555 # Invalidates (from upper level)
   INVX: 0 # Downgrades (from upper level)
   FWD: 0 # Forwards (from upper level)
   latGETnl: 28348 # GET request latency on next level
   latGETnet: 0 # GET request latency on network to next level
  l1i-17: # Filter cache stats
   fhGETS: 18155995 # Filtered GETS hits
   fhGETX: 0 # Filtered GETX hits
   hGETS: 79615 # GETS hits
   hGETX: 0 # GETX hits
   mGETS: 650 # GETS misses
   mGETXIM: 0 # GETX I->M misses
   mGETXSM: 0 # GETX S->M misses (upgrade misses)
   PUTS: 0 # Clean evictions (from lower level)
   PUTX: 0 # Dirty evictions (from lower level)
   INV: 627 # Invalidates (from upper level)
   INVX: 0 # Downgrades (from upper level)
   FWD: 0 # Forwards (from upper level)
   latGETnl: 42925 # GET request latency on next level
   latGETnet: 0 # GET request latency on network to next level
  l1i-18: # Filter cache stats
   fhGETS: 18165734 # Filtered GETS hits
   fhGETX: 0 # Filtered GETX hits
   hGETS: 79500 # GETS hits
   hGETX: 0 # GETX hits
   mGETS: 581 # GETS misses
   mGETXIM: 0 # GETX I->M misses
   mGETXSM: 0 # GETX S->M misses (upgrade misses)
   PUTS: 0 # Clean evictions (from lower level)
   PUTX: 0 # Dirty evictions (from lower level)
   INV: 558 # Invalidates (from upper level)
   INVX: 0 # Downgrades (from upper level)
   FWD: 0 # Forwards (from upper level)
   latGETnl: 27307 # GET request latency on next level
   latGETnet: 0 # GET request latency on network to next level
  l1i-19: # Filter cache stats
   fhGETS: 18165769 # Filtered GETS hits
   fhGETX: 0 # Filtered GETX hits
   hGETS: 79503 # GETS hits
   hGETX: 0 # GETX hits
   mGETS: 580 # GETS misses
   mGETXIM: 0 # GETX I->M misses
   mGETXSM: 0 # GETX S->M misses (upgrade misses)
   PUTS: 0 # Clean evictions (from lower level)
   PUTX: 0 # Dirty evictions (from lower level)
   INV: 548 # Invalidates (from upper level)
   INVX: 0 # Downgrades (from upper level)
   FWD: 0 # Forwards (from upper level)
   latGETnl: 27485 # GET request latency on next level
   latGETnet: 0 # GET request latency on network to next level
  l1i-20: # Filter cache stats
   fhGETS: 18165758 # Filtered GETS hits
   fhGETX: 0 # Filtered GETX hits
   hGETS: 79498 # GETS hits
   hGETX: 0 # GETX hits
   mGETS: 582 # GETS misses
   mGETXIM: 0 # GETX I->M misses
   mGETXSM: 0 # GETX S->M misses (upgrade misses)
   PUTS: 0 # Clean evictions (from lower level)
   PUTX: 0 # Dirty evictions (from lower level)
   INV: 559 # Invalidates (from upper level)
   INVX: 0 # Downgrades (from upper level)
   FWD: 0 # Forwards (from upper level)
   latGETnl: 27354 # GET request latency on next level
   latGETnet: 0 # GET request latency on network to next level
  l1i-21: # Filter cache stats
   fhGETS: 18165321 # Filtered GETS hits
   fhGETX: 0 # Filtered GETX hits
   hGETS: 79487 # GETS hits
   hGETX: 0 # GETX hits
   mGETS: 577 # GETS misses
   mGETXIM: 0 # GETX I->M misses
   mGETXSM: 0 # GETX S->M misses (upgrade misses)
   PUTS: 0 # Clean evictions (from lower level)
   PUTX: 0 # Dirty evictions (from lower level)
   INV: 554 # Invalidates (from upper level)
   INVX: 0 # Downgrades (from upper level)
   FWD: 0 # Forwards (from upper level)
   latGETnl: 27119 # GET request latency on next level
   latGETnet: 0 # GET request latency on network to next level
  l1i-22: # Filter cache stats
   fhGETS: 18165547 # Filtered GETS hits
   fhGETX: 0 # Filtered GETX hits
   hGETS: 79498 # GETS hits
   hGETX: 0 # GETX hits
   mGETS: 572 # GETS misses
   mGETXIM: 0 # GETX I->M misses
   mGETXSM: 0 # GETX S->M misses (upgrade misses)
   PUTS: 0 # Clean evictions (from lower level)
   PUTX: 0 # Dirty evictions (from lower level)
   INV: 549 # Invalidates (from upper level)
   INVX: 0 # Downgrades (from upper level)
   FWD: 0 # Forwards (from upper level)
   latGETnl: 26884 # GET request latency on next level
   latGETnet: 0 # GET request latency on network to next level
  l1i-23: # Filter cache stats
   fhGETS: 0 # Filtered GETS hits
   fhGETX: 0 # Filtered GETX hits
   hGETS: 0 # GETS hits
   hGETX: 0 # GETX hits
   mGETS: 0 # GETS misses
   mGETXIM: 0 # GETX I->M misses
   mGETXSM: 0 # GETX S->M misses (upgrade misses)
   PUTS: 0 # Clean evictions (from lower level)
   PUTX: 0 # Dirty evictions (from lower level)
   INV: 0 # Invalidates (from upper level)
   INVX: 0 # Downgrades (from upper level)
   FWD: 0 # Forwards (from upper level)
   latGETnl: 0 # GET request latency on next level
   latGETnet: 0 # GET request latency on network to next level
 l2: # Cache stats
  l2-0: # Cache stats
   hGETS: 0 # GETS hits
   hGETX: 0 # GETX hits
   mGETS: 250923 # GETS misses
   mGETXIM: 34184 # GETX I->M misses
   mGETXSM: 6 # GETX S->M misses (upgrade misses)
   PUTS: 249745 # Clean evictions (from lower level)
   PUTX: 34084 # Dirty evictions (from lower level)
   INV: 38273 # Invalidates (from upper level)
   INVX: 95 # Downgrades (from upper level)
   FWD: 0 # Forwards (from upper level)
   latGETnl: 74553158 # GET request latency on next level
   latGETnet: 0 # GET request latency on network to next level
  l2-1: # Cache stats
   hGETS: 0 # GETS hits
   hGETX: 0 # GETX hits
   mGETS: 250803 # GETS misses
   mGETXIM: 34155 # GETX I->M misses
   mGETXSM: 8 # GETX S->M misses (upgrade misses)
   PUTS: 249712 # Clean evictions (from lower level)
   PUTX: 34064 # Dirty evictions (from lower level)
   INV: 18343 # Invalidates (from upper level)
   INVX: 25 # Downgrades (from upper level)
   FWD: 0 # Forwards (from upper level)
   latGETnl: 74487629 # GET request latency on next level
   latGETnet: 0 # GET request latency on network to next level
  l2-2: # Cache stats
   hGETS: 0 # GETS hits
   hGETX: 0 # GETX hits
   mGETS: 250797 # GETS misses
   mGETXIM: 34152 # GETX I->M misses
   mGETXSM: 4 # GETX S->M misses (upgrade misses)
   PUTS: 249702 # Clean evictions (from lower level)
   PUTX: 34067 # Dirty evictions (from lower level)
   INV: 17280 # Invalidates (from upper level)
   INVX: 5 # Downgrades (from upper level)
   FWD: 0 # Forwards (from upper level)
   latGETnl: 74486629 # GET request latency on next level
   latGETnet: 0 # GET request latency on network to next level
  l2-3: # Cache stats
   hGETS: 0 # GETS hits
   hGETX: 0 # GETX hits
   mGETS: 250791 # GETS misses
   mGETXIM: 34148 # GETX I->M misses
   mGETXSM: 7 # GETX S->M misses (upgrade misses)
   PUTS: 249706 # Clean evictions (from lower level)
   PUTX: 34060 # Dirty evictions (from lower level)
   INV: 16185 # Invalidates (from upper level)
   INVX: 30 # Downgrades (from upper level)
   FWD: 0 # Forwards (from upper level)
   latGETnl: 74489968 # GET request latency on next level
   latGETnet: 0 # GET request latency on network to next level
  l2-4: # Cache stats
   hGETS: 0 # GETS hits
   hGETX: 0 # GETX hits
   mGETS: 250791 # GETS misses
   mGETXIM: 34151 # GETX I->M misses
   mGETXSM: 9 # GETX S->M misses (upgrade misses)
   PUTS: 249704 # Clean evictions (from lower level)
   PUTX: 34060 # Dirty evictions (from lower level)
   INV: 16300 # Invalidates (from upper level)
   INVX: 20 # Downgrades (from upper level)
   FWD: 0 # Forwards (from upper level)
   latGETnl: 74480873 # GET request latency on next level
   latGETnet: 0 # GET request latency on network to next level
  l2-5: # Cache stats
   hGETS: 0 # GETS hits
   hGETX: 0 # GETX hits
   mGETS: 250791 # GETS misses
   mGETXIM: 34144 # GETX I->M misses
   mGETXSM: 7 # GETX S->M misses (upgrade misses)
   PUTS: 249703 # Clean evictions (from lower level)
   PUTX: 34062 # Dirty evictions (from lower level)
   INV: 16741 # Invalidates (from upper level)
   INVX: 14 # Downgrades (from upper level)
   FWD: 0 # Forwards (from upper level)
   latGETnl: 74480020 # GET request latency on next level
   latGETnet: 0 # GET request latency on network to next level
  l2-6: # Cache stats
   hGETS: 0 # GETS hits
   hGETX: 0 # GETX hits
   mGETS: 250750 # GETS misses
   mGETXIM: 34141 # GETX I->M misses
   mGETXSM: 6 # GETX S->M misses (upgrade misses)
   PUTS: 249694 # Clean evictions (from lower level)
   PUTX: 34060 # Dirty evictions (from lower level)
   INV: 17347 # Invalidates (from upper level)
   INVX: 5 # Downgrades (from upper level)
   FWD: 0 # Forwards (from upper level)
   latGETnl: 74479324 # GET request latency on next level
   latGETnet: 0 # GET request latency on network to next level
  l2-7: # Cache stats
   hGETS: 0 # GETS hits
   hGETX: 0 # GETX hits
   mGETS: 250786 # GETS misses
   mGETXIM: 34145 # GETX I->M misses
   mGETXSM: 7 # GETX S->M misses (upgrade misses)
   PUTS: 249699 # Clean evictions (from lower level)
   PUTX: 34061 # Dirty evictions (from lower level)
   INV: 39097 # Invalidates (from upper level)
   INVX: 19 # Downgrades (from upper level)
   FWD: 0 # Forwards (from upper level)
   latGETnl: 74478522 # GET request latency on next level
   latGETnet: 0 # GET request latency on network to next level
  l2-8: # Cache stats
   hGETS: 0 # GETS hits
   hGETX: 0 # GETX hits
   mGETS: 250762 # GETS misses
   mGETXIM: 34147 # GETX I->M misses
   mGETXSM: 5 # GETX S->M misses (upgrade misses)
   PUTS: 249698 # Clean evictions (from lower level)
   PUTX: 34060 # Dirty evictions (from lower level)
   INV: 16540 # Invalidates (from upper level)
   INVX: 22 # Downgrades (from upper level)
   FWD: 0 # Forwards (from upper level)
   latGETnl: 74481851 # GET request latency on next level
   latGETnet: 0 # GET request latency on network to next level
  l2-9: # Cache stats
   hGETS: 0 # GETS hits
   hGETX: 0 # GETX hits
   mGETS: 250762 # GETS misses
   mGETXIM: 34143 # GETX I->M misses
   mGETXSM: 5 # GETX S->M misses (upgrade misses)
   PUTS: 249696 # Clean evictions (from lower level)
   PUTX: 34059 # Dirty evictions (from lower level)
   INV: 39230 # Invalidates (from upper level)
   INVX: 11 # Downgrades (from upper level)
   FWD: 0 # Forwards (from upper level)
   latGETnl: 74479497 # GET request latency on next level
   latGETnet: 0 # GET request latency on network to next level
  l2-10: # Cache stats
   hGETS: 0 # GETS hits
   hGETX: 0 # GETX hits
   mGETS: 250759 # GETS misses
   mGETXIM: 34145 # GETX I->M misses
   mGETXSM: 5 # GETX S->M misses (upgrade misses)
   PUTS: 249694 # Clean evictions (from lower level)
   PUTX: 34062 # Dirty evictions (from lower level)
   INV: 25207 # Invalidates (from upper level)
   INVX: 10 # Downgrades (from upper level)
   FWD: 0 # Forwards (from upper level)
   latGETnl: 74479643 # GET request latency on next level
   latGETnet: 0 # GET request latency on network to next level
  l2-11: # Cache stats
   hGETS: 0 # GETS hits
   hGETX: 0 # GETX hits
   mGETS: 250781 # GETS misses
   mGETXIM: 34155 # GETX I->M misses
   mGETXSM: 10 # GETX S->M misses (upgrade misses)
   PUTS: 249698 # Clean evictions (from lower level)
   PUTX: 34078 # Dirty evictions (from lower level)
   INV: 50269 # Invalidates (from upper level)
   INVX: 18 # Downgrades (from upper level)
   FWD: 0 # Forwards (from upper level)
   latGETnl: 74485750 # GET request latency on next level
   latGETnet: 0 # GET request latency on network to next level
  l2-12: # Cache stats
   hGETS: 0 # GETS hits
   hGETX: 0 # GETX hits
   mGETS: 250775 # GETS misses
   mGETXIM: 34144 # GETX I->M misses
   mGETXSM: 5 # GETX S->M misses (upgrade misses)
   PUTS: 249700 # Clean evictions (from lower level)
   PUTX: 34061 # Dirty evictions (from lower level)
   INV: 16336 # Invalidates (from upper level)
   INVX: 11 # Downgrades (from upper level)
   FWD: 0 # Forwards (from upper level)
   latGETnl: 74478960 # GET request latency on next level
   latGETnet: 0 # GET request latency on network to next level
  l2-13: # Cache stats
   hGETS: 0 # GETS hits
   hGETX: 0 # GETX hits
   mGETS: 250760 # GETS misses
   mGETXIM: 34143 # GETX I->M misses
   mGETXSM: 5 # GETX S->M misses (upgrade misses)
   PUTS: 249695 # Clean evictions (from lower level)
   PUTX: 34060 # Dirty evictions (from lower level)
   INV: 27595 # Invalidates (from upper level)
   INVX: 16 # Downgrades (from upper level)
   FWD: 0 # Forwards (from upper level)
   latGETnl: 74478298 # GET request latency on next level
   latGETnet: 0 # GET request latency on network to next level
  l2-14: # Cache stats
   hGETS: 0 # GETS hits
   hGETX: 0 # GETX hits
   mGETS: 250761 # GETS misses
   mGETXIM: 34143 # GETX I->M misses
   mGETXSM: 4 # GETX S->M misses (upgrade misses)
   PUTS: 249696 # Clean evictions (from lower level)
   PUTX: 34060 # Dirty evictions (from lower level)
   INV: 16553 # Invalidates (from upper level)
   INVX: 11 # Downgrades (from upper level)
   FWD: 0 # Forwards (from upper level)
   latGETnl: 74477454 # GET request latency on next level
   latGETnet: 0 # GET request latency on network to next level
  l2-15: # Cache stats
   hGETS: 0 # GETS hits
   hGETX: 0 # GETX hits
   mGETS: 250761 # GETS misses
   mGETXIM: 34137 # GETX I->M misses
   mGETXSM: 7 # GETX S->M misses (upgrade misses)
   PUTS: 249694 # Clean evictions (from lower level)
   PUTX: 34061 # Dirty evictions (from lower level)
   INV: 27475 # Invalidates (from upper level)
   INVX: 3 # Downgrades (from upper level)
   FWD: 0 # Forwards (from upper level)
   latGETnl: 74475459 # GET request latency on next level
   latGETnet: 0 # GET request latency on network to next level
  l2-16: # Cache stats
   hGETS: 0 # GETS hits
   hGETX: 0 # GETX hits
   mGETS: 250763 # GETS misses
   mGETXIM: 34144 # GETX I->M misses
   mGETXSM: 5 # GETX S->M misses (upgrade misses)
   PUTS: 249695 # Clean evictions (from lower level)
   PUTX: 34060 # Dirty evictions (from lower level)
   INV: 16889 # Invalidates (from upper level)
   INVX: 3 # Downgrades (from upper level)
   FWD: 0 # Forwards (from upper level)
   latGETnl: 74474804 # GET request latency on next level
   latGETnet: 0 # GET request latency on network to next level
  l2-17: # Cache stats
   hGETS: 0 # GETS hits
   hGETX: 0 # GETX hits
   mGETS: 250750 # GETS misses
   mGETXIM: 34131 # GETX I->M misses
   mGETXSM: 15 # GETX S->M misses (upgrade misses)
   PUTS: 249602 # Clean evictions (from lower level)
   PUTX: 34063 # Dirty evictions (from lower level)
   INV: 17381 # Invalidates (from upper level)
   INVX: 2 # Downgrades (from upper level)
   FWD: 0 # Forwards (from upper level)
   latGETnl: 74457893 # GET request latency on next level
   latGETnet: 0 # GET request latency on network to next level
  l2-18: # Cache stats
   hGETS: 0 # GETS hits
   hGETX: 0 # GETX hits
   mGETS: 250760 # GETS misses
   mGETXIM: 34141 # GETX I->M misses
   mGETXSM: 6 # GETX S->M misses (upgrade misses)
   PUTS: 249693 # Clean evictions (from lower level)
   PUTX: 34061 # Dirty evictions (from lower level)
   INV: 36344 # Invalidates (from upper level)
   INVX: 2 # Downgrades (from upper level)
   FWD: 0 # Forwards (from upper level)
   latGETnl: 74473494 # GET request latency on next level
   latGETnet: 0 # GET request latency on network to next level
  l2-19: # Cache stats
   hGETS: 0 # GETS hits
   hGETX: 0 # GETX hits
   mGETS: 250762 # GETS misses
   mGETXIM: 34140 # GETX I->M misses
   mGETXSM: 4 # GETX S->M misses (upgrade misses)
   PUTS: 249698 # Clean evictions (from lower level)
   PUTX: 34060 # Dirty evictions (from lower level)
   INV: 16812 # Invalidates (from upper level)
   INVX: 1 # Downgrades (from upper level)
   FWD: 0 # Forwards (from upper level)
   latGETnl: 74473865 # GET request latency on next level
   latGETnet: 0 # GET request latency on network to next level
  l2-20: # Cache stats
   hGETS: 0 # GETS hits
   hGETX: 0 # GETX hits
   mGETS: 250761 # GETS misses
   mGETXIM: 34144 # GETX I->M misses
   mGETXSM: 6 # GETX S->M misses (upgrade misses)
   PUTS: 249694 # Clean evictions (from lower level)
   PUTX: 34060 # Dirty evictions (from lower level)
   INV: 16843 # Invalidates (from upper level)
   INVX: 2 # Downgrades (from upper level)
   FWD: 0 # Forwards (from upper level)
   latGETnl: 74473867 # GET request latency on next level
   latGETnet: 0 # GET request latency on network to next level
  l2-21: # Cache stats
   hGETS: 0 # GETS hits
   hGETX: 0 # GETX hits
   mGETS: 250751 # GETS misses
   mGETXIM: 34140 # GETX I->M misses
   mGETXSM: 5 # GETX S->M misses (upgrade misses)
   PUTS: 249690 # Clean evictions (from lower level)
   PUTX: 34059 # Dirty evictions (from lower level)
   INV: 26067 # Invalidates (from upper level)
   INVX: 2 # Downgrades (from upper level)
   FWD: 0 # Forwards (from upper level)
   latGETnl: 74472609 # GET request latency on next level
   latGETnet: 0 # GET request latency on network to next level
  l2-22: # Cache stats
   hGETS: 0 # GETS hits
   hGETX: 0 # GETX hits
   mGETS: 250746 # GETS misses
   mGETXIM: 34142 # GETX I->M misses
   mGETXSM: 6 # GETX S->M misses (upgrade misses)
   PUTS: 249691 # Clean evictions (from lower level)
   PUTX: 34060 # Dirty evictions (from lower level)
   INV: 48772 # Invalidates (from upper level)
   INVX: 2 # Downgrades (from upper level)
   FWD: 0 # Forwards (from upper level)
   latGETnl: 74471888 # GET request latency on next level
   latGETnet: 0 # GET request latency on network to next level
  l2-23: # Cache stats
   hGETS: 0 # GETS hits
   hGETX: 0 # GETX hits
   mGETS: 0 # GETS misses
   mGETXIM: 0 # GETX I->M misses
   mGETXSM: 0 # GETX S->M misses (upgrade misses)
   PUTS: 0 # Clean evictions (from lower level)
   PUTX: 0 # Dirty evictions (from lower level)
   INV: 0 # Invalidates (from upper level)
   INVX: 0 # Downgrades (from upper level)
   FWD: 0 # Forwards (from upper level)
   latGETnl: 0 # GET request latency on next level
   latGETnet: 0 # GET request latency on network to next level
 l3: # Cache stats
  l3-0b0: # Cache stats
   hGETS: 677 # GETS hits
   hGETX: 36 # GETX hits
   mGETS: 239661 # GETS misses
   mGETXIM: 32829 # GETX I->M misses
   mGETXSM: 0 # GETX S->M misses (upgrade misses)
   PUTS: 205783 # Clean evictions (from lower level)
   PUTX: 27962 # Dirty evictions (from lower level)
   INV: 0 # Invalidates (from upper level)
   INVX: 0 # Downgrades (from upper level)
   FWD: 0 # Forwards (from upper level)
   latGETnl: 61310250 # GET request latency on next level
   latGETnet: 0 # GET request latency on network to next level
  l3-0b1: # Cache stats
   hGETS: 621 # GETS hits
   hGETX: 37 # GETX hits
   mGETS: 239664 # GETS misses
   mGETXIM: 32705 # GETX I->M misses
   mGETXSM: 0 # GETX S->M misses (upgrade misses)
   PUTS: 205680 # Clean evictions (from lower level)
   PUTX: 27985 # Dirty evictions (from lower level)
   INV: 0 # Invalidates (from upper level)
   INVX: 0 # Downgrades (from upper level)
   FWD: 0 # Forwards (from upper level)
   latGETnl: 61283025 # GET request latency on next level
   latGETnet: 0 # GET request latency on network to next level
  l3-0b2: # Cache stats
   hGETS: 587 # GETS hits
   hGETX: 28 # GETX hits
   mGETS: 239666 # GETS misses
   mGETXIM: 32720 # GETX I->M misses
   mGETXSM: 0 # GETX S->M misses (upgrade misses)
   PUTS: 205662 # Clean evictions (from lower level)
   PUTX: 27946 # Dirty evictions (from lower level)
   INV: 0 # Invalidates (from upper level)
   INVX: 0 # Downgrades (from upper level)
   FWD: 0 # Forwards (from upper level)
   latGETnl: 61286850 # GET request latency on next level
   latGETnet: 0 # GET request latency on network to next level
  l3-0b3: # Cache stats
   hGETS: 708 # GETS hits
   hGETX: 27 # GETX hits
   mGETS: 239670 # GETS misses
   mGETXIM: 32874 # GETX I->M misses
   mGETXSM: 0 # GETX S->M misses (upgrade misses)
   PUTS: 205861 # Clean evictions (from lower level)
   PUTX: 27985 # Dirty evictions (from lower level)
   INV: 0 # Invalidates (from upper level)
   INVX: 0 # Downgrades (from upper level)
   FWD: 0 # Forwards (from upper level)
   latGETnl: 61322400 # GET request latency on next level
   latGETnet: 0 # GET request latency on network to next level
  l3-0b4: # Cache stats
   hGETS: 609 # GETS hits
   hGETX: 64 # GETX hits
   mGETS: 239674 # GETS misses
   mGETXIM: 32787 # GETX I->M misses
   mGETXSM: 0 # GETX S->M misses (upgrade misses)
   PUTS: 205812 # Clean evictions (from lower level)
   PUTX: 28003 # Dirty evictions (from lower level)
   INV: 0 # Invalidates (from upper level)
   INVX: 0 # Downgrades (from upper level)
   FWD: 0 # Forwards (from upper level)
   latGETnl: 61303725 # GET request latency on next level
   latGETnet: 0 # GET request latency on network to next level
  l3-0b5: # Cache stats
   hGETS: 632 # GETS hits
   hGETX: 76 # GETX hits
   mGETS: 239672 # GETS misses
   mGETXIM: 32774 # GETX I->M misses
   mGETXSM: 0 # GETX S->M misses (upgrade misses)
   PUTS: 205758 # Clean evictions (from lower level)
   PUTX: 28042 # Dirty evictions (from lower level)
   INV: 0 # Invalidates (from upper level)
   INVX: 0 # Downgrades (from upper level)
   FWD: 0 # Forwards (from upper level)
   latGETnl: 61300350 # GET request latency on next level
   latGETnet: 0 # GET request latency on network to next level
  l3-0b6: # Cache stats
   hGETS: 114 # GETS hits
   hGETX: 59 # GETX hits
   mGETS: 239658 # GETS misses
   mGETXIM: 32766 # GETX I->M misses
   mGETXSM: 0 # GETX S->M misses (upgrade misses)
   PUTS: 205184 # Clean evictions (from lower level)
   PUTX: 28016 # Dirty evictions (from lower level)
   INV: 0 # Invalidates (from upper level)
   INVX: 0 # Downgrades (from upper level)
   FWD: 0 # Forwards (from upper level)
   latGETnl: 61295400 # GET request latency on next level
   latGETnet: 0 # GET request latency on network to next level
  l3-0b7: # Cache stats
   hGETS: 1044 # GETS hits
   hGETX: 66 # GETX hits
   mGETS: 239668 # GETS misses
   mGETXIM: 32928 # GETX I->M misses
   mGETXSM: 0 # GETX S->M misses (upgrade misses)
   PUTS: 206058 # Clean evictions (from lower level)
   PUTX: 28063 # Dirty evictions (from lower level)
   INV: 0 # Invalidates (from upper level)
   INVX: 0 # Downgrades (from upper level)
   FWD: 0 # Forwards (from upper level)
   latGETnl: 61334100 # GET request latency on next level
   latGETnet: 0 # GET request latency on network to next level
  l3-0b8: # Cache stats
   hGETS: 214 # GETS hits
   hGETX: 27 # GETX hits
   mGETS: 239659 # GETS misses
   mGETXIM: 32657 # GETX I->M misses
   mGETXSM: 0 # GETX S->M misses (upgrade misses)
   PUTS: 205593 # Clean evictions (from lower level)
   PUTX: 27898 # Dirty evictions (from lower level)
   INV: 0 # Invalidates (from upper level)
   INVX: 0 # Downgrades (from upper level)
   FWD: 0 # Forwards (from upper level)
   latGETnl: 61271100 # GET request latency on next level
   latGETnet: 0 # GET request latency on network to next level
  l3-0b9: # Cache stats
   hGETS: 250 # GETS hits
   hGETX: 30 # GETX hits
   mGETS: 239660 # GETS misses
   mGETXIM: 32597 # GETX I->M misses
   mGETXSM: 0 # GETX S->M misses (upgrade misses)
   PUTS: 205379 # Clean evictions (from lower level)
   PUTX: 27819 # Dirty evictions (from lower level)
   INV: 0 # Invalidates (from upper level)
   INVX: 0 # Downgrades (from upper level)
   FWD: 0 # Forwards (from upper level)
   latGETnl: 61257825 # GET request latency on next level
   latGETnet: 0 # GET request latency on network to next level
  l3-0b10: # Cache stats
   hGETS: 783 # GETS hits
   hGETX: 26 # GETX hits
   mGETS: 239677 # GETS misses
   mGETXIM: 32548 # GETX I->M misses
   mGETXSM: 0 # GETX S->M misses (upgrade misses)
   PUTS: 205947 # Clean evictions (from lower level)
   PUTX: 27775 # Dirty evictions (from lower level)
   INV: 0 # Invalidates (from upper level)
   INVX: 0 # Downgrades (from upper level)
   FWD: 0 # Forwards (from upper level)
   latGETnl: 61250625 # GET request latency on next level
   latGETnet: 0 # GET request latency on network to next level
  l3-0b11: # Cache stats
   hGETS: 330 # GETS hits
   hGETX: 24 # GETX hits
   mGETS: 239667 # GETS misses
   mGETXIM: 32585 # GETX I->M misses
   mGETXSM: 0 # GETX S->M misses (upgrade misses)
   PUTS: 205555 # Clean evictions (from lower level)
   PUTX: 27847 # Dirty evictions (from lower level)
   INV: 0 # Invalidates (from upper level)
   INVX: 0 # Downgrades (from upper level)
   FWD: 0 # Forwards (from upper level)
   latGETnl: 61256700 # GET request latency on next level
   latGETnet: 0 # GET request latency on network to next level
  l3-0b12: # Cache stats
   hGETS: 1197 # GETS hits
   hGETX: 21 # GETX hits
   mGETS: 239665 # GETS misses
   mGETXIM: 32651 # GETX I->M misses
   mGETXSM: 0 # GETX S->M misses (upgrade misses)
   PUTS: 206425 # Clean evictions (from lower level)
   PUTX: 27861 # Dirty evictions (from lower level)
   INV: 0 # Invalidates (from upper level)
   INVX: 0 # Downgrades (from upper level)
   FWD: 0 # Forwards (from upper level)
   latGETnl: 61271100 # GET request latency on next level
   latGETnet: 0 # GET request latency on network to next level
  l3-0b13: # Cache stats
   hGETS: 712 # GETS hits
   hGETX: 20 # GETX hits
   mGETS: 239666 # GETS misses
   mGETXIM: 32534 # GETX I->M misses
   mGETXSM: 0 # GETX S->M misses (upgrade misses)
   PUTS: 205992 # Clean evictions (from lower level)
   PUTX: 27837 # Dirty evictions (from lower level)
   INV: 0 # Invalidates (from upper level)
   INVX: 0 # Downgrades (from upper level)
   FWD: 0 # Forwards (from upper level)
   latGETnl: 61245000 # GET request latency on next level
   latGETnet: 0 # GET request latency on network to next level
  l3-0b14: # Cache stats
   hGETS: 1049 # GETS hits
   hGETX: 6 # GETX hits
   mGETS: 239651 # GETS misses
   mGETXIM: 32497 # GETX I->M misses
   mGETXSM: 0 # GETX S->M misses (upgrade misses)
   PUTS: 206226 # Clean evictions (from lower level)
   PUTX: 27846 # Dirty evictions (from lower level)
   INV: 0 # Invalidates (from upper level)
   INVX: 0 # Downgrades (from upper level)
   FWD: 0 # Forwards (from upper level)
   latGETnl: 61233300 # GET request latency on next level
   latGETnet: 0 # GET request latency on network to next level
  l3-0b15: # Cache stats
   hGETS: 1157 # GETS hits
   hGETX: 0 # GETX hits
   mGETS: 239655 # GETS misses
   mGETXIM: 32584 # GETX I->M misses
   mGETXSM: 0 # GETX S->M misses (upgrade misses)
   PUTS: 206451 # Clean evictions (from lower level)
   PUTX: 27805 # Dirty evictions (from lower level)
   INV: 0 # Invalidates (from upper level)
   INVX: 0 # Downgrades (from upper level)
   FWD: 0 # Forwards (from upper level)
   latGETnl: 61253775 # GET request latency on next level
   latGETnet: 0 # GET request latency on network to next level
  l3-0b16: # Cache stats
   hGETS: 667 # GETS hits
   hGETX: 26 # GETX hits
   mGETS: 239576 # GETS misses
   mGETXIM: 32703 # GETX I->M misses
   mGETXSM: 0 # GETX S->M misses (upgrade misses)
   PUTS: 205929 # Clean evictions (from lower level)
   PUTX: 27920 # Dirty evictions (from lower level)
   INV: 0 # Invalidates (from upper level)
   INVX: 0 # Downgrades (from upper level)
   FWD: 0 # Forwards (from upper level)
   latGETnl: 61262775 # GET request latency on next level
   latGETnet: 0 # GET request latency on network to next level
  l3-0b17: # Cache stats
   hGETS: 769 # GETS hits
   hGETX: 42 # GETX hits
   mGETS: 239578 # GETS misses
   mGETXIM: 32683 # GETX I->M misses
   mGETXSM: 0 # GETX S->M misses (upgrade misses)
   PUTS: 206036 # Clean evictions (from lower level)
   PUTX: 27930 # Dirty evictions (from lower level)
   INV: 0 # Invalidates (from upper level)
   INVX: 0 # Downgrades (from upper level)
   FWD: 0 # Forwards (from upper level)
   latGETnl: 61258725 # GET request latency on next level
   latGETnet: 0 # GET request latency on network to next level
  l3-0b18: # Cache stats
   hGETS: 636 # GETS hits
   hGETX: 46 # GETX hits
   mGETS: 239581 # GETS misses
   mGETXIM: 32724 # GETX I->M misses
   mGETXSM: 0 # GETX S->M misses (upgrade misses)
   PUTS: 205756 # Clean evictions (from lower level)
   PUTX: 27972 # Dirty evictions (from lower level)
   INV: 0 # Invalidates (from upper level)
   INVX: 0 # Downgrades (from upper level)
   FWD: 0 # Forwards (from upper level)
   latGETnl: 61268625 # GET request latency on next level
   latGETnet: 0 # GET request latency on network to next level
  l3-0b19: # Cache stats
   hGETS: 765 # GETS hits
   hGETX: 59 # GETX hits
   mGETS: 239578 # GETS misses
   mGETXIM: 32720 # GETX I->M misses
   mGETXSM: 0 # GETX S->M misses (upgrade misses)
   PUTS: 206004 # Clean evictions (from lower level)
   PUTX: 28017 # Dirty evictions (from lower level)
   INV: 0 # Invalidates (from upper level)
   INVX: 0 # Downgrades (from upper level)
   FWD: 0 # Forwards (from upper level)
   latGETnl: 61267050 # GET request latency on next level
   latGETnet: 0 # GET request latency on network to next level
  l3-0b20: # Cache stats
   hGETS: 763 # GETS hits
   hGETX: 3 # GETX hits
   mGETS: 239571 # GETS misses
   mGETXIM: 32742 # GETX I->M misses
   mGETXSM: 0 # GETX S->M misses (upgrade misses)
   PUTS: 205913 # Clean evictions (from lower level)
   PUTX: 27989 # Dirty evictions (from lower level)
   INV: 0 # Invalidates (from upper level)
   INVX: 0 # Downgrades (from upper level)
   FWD: 0 # Forwards (from upper level)
   latGETnl: 61270425 # GET request latency on next level
   latGETnet: 0 # GET request latency on network to next level
  l3-0b21: # Cache stats
   hGETS: 771 # GETS hits
   hGETX: 33 # GETX hits
   mGETS: 239568 # GETS misses
   mGETXIM: 32686 # GETX I->M misses
   mGETXSM: 0 # GETX S->M misses (upgrade misses)
   PUTS: 205803 # Clean evictions (from lower level)
   PUTX: 27847 # Dirty evictions (from lower level)
   INV: 0 # Invalidates (from upper level)
   INVX: 0 # Downgrades (from upper level)
   FWD: 0 # Forwards (from upper level)
   latGETnl: 61257150 # GET request latency on next level
   latGETnet: 0 # GET request latency on network to next level
  l3-0b22: # Cache stats
   hGETS: 814 # GETS hits
   hGETX: 26 # GETX hits
   mGETS: 239588 # GETS misses
   mGETXIM: 32736 # GETX I->M misses
   mGETXSM: 0 # GETX S->M misses (upgrade misses)
   PUTS: 205936 # Clean evictions (from lower level)
   PUTX: 27892 # Dirty evictions (from lower level)
   INV: 0 # Invalidates (from upper level)
   INVX: 0 # Downgrades (from upper level)
   FWD: 0 # Forwards (from upper level)
   latGETnl: 61272900 # GET request latency on next level
   latGETnet: 0 # GET request latency on network to next level
  l3-0b23: # Cache stats
   hGETS: 730 # GETS hits
   hGETX: 16 # GETX hits
   mGETS: 239574 # GETS misses
   mGETXIM: 32678 # GETX I->M misses
   mGETXSM: 0 # GETX S->M misses (upgrade misses)
   PUTS: 205930 # Clean evictions (from lower level)
   PUTX: 28071 # Dirty evictions (from lower level)
   INV: 0 # Invalidates (from upper level)
   INVX: 0 # Downgrades (from upper level)
   FWD: 0 # Forwards (from upper level)
   latGETnl: 61256700 # GET request latency on next level
   latGETnet: 0 # GET request latency on network to next level
 mem: # Memory controller stats
  mem-0: # Memory controller stats
   rd: 6522140 # Read requests
   wr: 719805 # Write requests
   rdlat: 1609818610 # Total latency experienced by read requests
   wrlat: 179034591 # Total latency experienced by write requests
 sched: # Scheduler stats
  thCr: 25 # Threads created
  thFn: 25 # Threads finished
  schedEvs: 26 # Schedule events
  waitEvs: 2 # Wait events
  handoffEvs: 1 # Handoff events
  sleepEvs: 1 # Sleep events
  idlePhases: 0 # Phases with no thread active
  idlePeriods: 0 # Periods with no thread active
  occHist: # Occupancy histogram
   0: 0
   1: 36
   2: 0
   3: 2
   4: 2
   5: 1
   6: 1
   7: 0
   8: 1
   9: 0
   10: 0
   11: 0
   12: 1
   13: 0
   14: 1
   15: 0
   16: 0
   17: 1
   18: 0
   19: 0
   20: 1
   21: 0
   22: 1
   23: 39042
   24: 0
  rqSzHist: # Run queue size histogram
   0: 39061
   1: 29
   2: 0
   3: 0
   4: 0
   5: 0
   6: 0
   7: 0
   8: 0
   9: 0
   10: 0
   11: 0
   12: 0
   13: 0
   14: 0
   15: 0
   16: 0
   17: 0
   18: 0
   19: 0
   20: 0
   21: 0
   22: 0
   23: 0
   24: 0
 procCycles: # Per-process unhalted core cycles
  0: 898121042
  1: 0
  2: 0
  3: 0
  4: 0
  5: 0
  6: 0
  7: 0
  8: 0
  9: 0
  10: 0
  11: 0
  12: 0
  13: 0
  14: 0
  15: 0
  16: 0
  17: 0
  18: 0
  19: 0
  20: 0
  21: 0
  22: 0
  23: 0
  24: 0
  25: 0
  26: 0
  27: 0
  28: 0
  29: 0
  30: 0
  31: 0
  32: 0
  33: 0
  34: 0
  35: 0
  36: 0
  37: 0
  38: 0
  39: 0
  40: 0
  41: 0
  42: 0
  43: 0
  44: 0
  45: 0
  46: 0
  47: 0
  48: 0
  49: 0
  50: 0
  51: 0
  52: 0
  53: 0
  54: 0
  55: 0
  56: 0
  57: 0
  58: 0
  59: 0
  60: 0
  61: 0
  62: 0
  63: 0
 procInstrs: # Per-process instructions
  0: 1246519167
  1: 0
  2: 0
  3: 0
  4: 0
  5: 0
  6: 0
  7: 0
  8: 0
  9: 0
  10: 0
  11: 0
  12: 0
  13: 0
  14: 0
  15: 0
  16: 0
  17: 0
  18: 0
  19: 0
  20: 0
  21: 0
  22: 0
  23: 0
  24: 0
  25: 0
  26: 0
  27: 0
  28: 0
  29: 0
  30: 0
  31: 0
  32: 0
  33: 0
  34: 0
  35: 0
  36: 0
  37: 0
  38: 0
  39: 0
  40: 0
  41: 0
  42: 0
  43: 0
  44: 0
  45: 0
  46: 0
  47: 0
  48: 0
  49: 0
  50: 0
  51: 0
  52: 0
  53: 0
  54: 0
  55: 0
  56: 0
  57: 0
  58: 0
  59: 0
  60: 0
  61: 0
  62: 0
  63: 0
 heartbeats: # Per-process heartbeats
  0: 0
  1: 0
  2: 0
  3: 0
  4: 0
  5: 0
  6: 0
  7: 0
  8: 0
  9: 0
  10: 0
  11: 0
  12: 0
  13: 0
  14: 0
  15: 0
  16: 0
  17: 0
  18: 0
  19: 0
  20: 0
  21: 0
  22: 0
  23: 0
  24: 0
  25: 0
  26: 0
  27: 0
  28: 0
  29: 0
  30: 0
  31: 0
  32: 0
  33: 0
  34: 0
  35: 0
  36: 0
  37: 0
  38: 0
  39: 0
  40: 0
  41: 0
  42: 0
  43: 0
  44: 0
  45: 0
  46: 0
  47: 0
  48: 0
  49: 0
  50: 0
  51: 0
  52: 0
  53: 0
  54: 0
  55: 0
  56: 0
  57: 0
  58: 0
  59: 0
  60: 0
  61: 0
  62: 0
  63: 0
===
