# zsim stats
===
root: # Stats
 contention: # Contention simulation stats
  domain-0: # Domain stats
   time: 9927095434 # Weave simulation time
 time: # Simulator time breakdown
  init: 3178851828
  bound: 79537012744
  weave: 13053272109
  ff: 497030
 trigger: 20000 # Reason for this stats dump
 phase: 57408 # Simulated phases
 reqCycles: 0 # Requeue Cycles
 skylake: # Core stats
  skylake-0: # Core stats
   cycles: 57408299 # Simulated unhalted cycles
   cCycles: 3776493 # Cycles due to contention stalls
   instrs: 79179884 # Simulated instructions
   uops: 54371864 # issued micro-ops
   bbls: 26001172 # Basic blocks
   approxInstrs: 680253 # Instrs with approx uop decoding
   mispredBranches: 98999 # Mispredicted branches
   IdqNotDelivered: 53631806 # Stalls no uop delivered when no Bkend Stall
   IntMiscRecoveryCycles: 805470 # Stalls waiting machine clears
   uops executed: 55069185 # Executed microoperations
  skylake-1: # Core stats
   cycles: 57372090 # Simulated unhalted cycles
   cCycles: 3776496 # Cycles due to contention stalls
   instrs: 79178432 # Simulated instructions
   uops: 54370354 # issued micro-ops
   bbls: 26000858 # Basic blocks
   approxInstrs: 680249 # Instrs with approx uop decoding
   mispredBranches: 98960 # Mispredicted branches
   IdqNotDelivered: 53595594 # Stalls no uop delivered when no Bkend Stall
   IntMiscRecoveryCycles: 795700 # Stalls waiting machine clears
   uops executed: 55067728 # Executed microoperations
  skylake-2: # Core stats
   cycles: 57369823 # Simulated unhalted cycles
   cCycles: 3776536 # Cycles due to contention stalls
   instrs: 79174875 # Simulated instructions
   uops: 54367660 # issued micro-ops
   bbls: 25999762 # Basic blocks
   approxInstrs: 680219 # Instrs with approx uop decoding
   mispredBranches: 98958 # Mispredicted branches
   IdqNotDelivered: 53593287 # Stalls no uop delivered when no Bkend Stall
   IntMiscRecoveryCycles: 797748 # Stalls waiting machine clears
   uops executed: 55065026 # Executed microoperations
  skylake-3: # Core stats
   cycles: 57370090 # Simulated unhalted cycles
   cCycles: 3776465 # Cycles due to contention stalls
   instrs: 79177181 # Simulated instructions
   uops: 54369393 # issued micro-ops
   bbls: 26000474 # Basic blocks
   approxInstrs: 680242 # Instrs with approx uop decoding
   mispredBranches: 98959 # Mispredicted branches
   IdqNotDelivered: 53593625 # Stalls no uop delivered when no Bkend Stall
   IntMiscRecoveryCycles: 797563 # Stalls waiting machine clears
   uops executed: 55066762 # Executed microoperations
  skylake-4: # Core stats
   cycles: 57368089 # Simulated unhalted cycles
   cCycles: 3776481 # Cycles due to contention stalls
   instrs: 79178238 # Simulated instructions
   uops: 54370116 # issued micro-ops
   bbls: 26000823 # Basic blocks
   approxInstrs: 680248 # Instrs with approx uop decoding
   mispredBranches: 98961 # Mispredicted branches
   IdqNotDelivered: 53591608 # Stalls no uop delivered when no Bkend Stall
   IntMiscRecoveryCycles: 796206 # Stalls waiting machine clears
   uops executed: 55067468 # Executed microoperations
  skylake-5: # Core stats
   cycles: 57367046 # Simulated unhalted cycles
   cCycles: 3776463 # Cycles due to contention stalls
   instrs: 79177775 # Simulated instructions
   uops: 54369790 # issued micro-ops
   bbls: 26000672 # Basic blocks
   approxInstrs: 680246 # Instrs with approx uop decoding
   mispredBranches: 98962 # Mispredicted branches
   IdqNotDelivered: 53590583 # Stalls no uop delivered when no Bkend Stall
   IntMiscRecoveryCycles: 796108 # Stalls waiting machine clears
   uops executed: 55067114 # Executed microoperations
  skylake-6: # Core stats
   cycles: 57366096 # Simulated unhalted cycles
   cCycles: 3776548 # Cycles due to contention stalls
   instrs: 79176655 # Simulated instructions
   uops: 54368713 # issued micro-ops
   bbls: 26000375 # Basic blocks
   approxInstrs: 680237 # Instrs with approx uop decoding
   mispredBranches: 98954 # Mispredicted branches
   IdqNotDelivered: 53589548 # Stalls no uop delivered when no Bkend Stall
   IntMiscRecoveryCycles: 797977 # Stalls waiting machine clears
   uops executed: 55066064 # Executed microoperations
  skylake-7: # Core stats
   cycles: 57366089 # Simulated unhalted cycles
   cCycles: 3776545 # Cycles due to contention stalls
   instrs: 79176549 # Simulated instructions
   uops: 54368952 # issued micro-ops
   bbls: 26000269 # Basic blocks
   approxInstrs: 680235 # Instrs with approx uop decoding
   mispredBranches: 98960 # Mispredicted branches
   IdqNotDelivered: 53589544 # Stalls no uop delivered when no Bkend Stall
   IntMiscRecoveryCycles: 795969 # Stalls waiting machine clears
   uops executed: 55066288 # Executed microoperations
  skylake-8: # Core stats
   cycles: 57365089 # Simulated unhalted cycles
   cCycles: 3776516 # Cycles due to contention stalls
   instrs: 79177769 # Simulated instructions
   uops: 54369469 # issued micro-ops
   bbls: 26000743 # Basic blocks
   approxInstrs: 680242 # Instrs with approx uop decoding
   mispredBranches: 98955 # Mispredicted branches
   IdqNotDelivered: 53588573 # Stalls no uop delivered when no Bkend Stall
   IntMiscRecoveryCycles: 796426 # Stalls waiting machine clears
   uops executed: 55066825 # Executed microoperations
  skylake-9: # Core stats
   cycles: 57364875 # Simulated unhalted cycles
   cCycles: 3776499 # Cycles due to contention stalls
   instrs: 79177595 # Simulated instructions
   uops: 54369353 # issued micro-ops
   bbls: 26000685 # Basic blocks
   approxInstrs: 680242 # Instrs with approx uop decoding
   mispredBranches: 98955 # Mispredicted branches
   IdqNotDelivered: 53588376 # Stalls no uop delivered when no Bkend Stall
   IntMiscRecoveryCycles: 797115 # Stalls waiting machine clears
   uops executed: 55066709 # Executed microoperations
  skylake-10: # Core stats
   cycles: 57365071 # Simulated unhalted cycles
   cCycles: 3776488 # Cycles due to contention stalls
   instrs: 79177868 # Simulated instructions
   uops: 54369547 # issued micro-ops
   bbls: 26000774 # Basic blocks
   approxInstrs: 680244 # Instrs with approx uop decoding
   mispredBranches: 98958 # Mispredicted branches
   IdqNotDelivered: 53588583 # Stalls no uop delivered when no Bkend Stall
   IntMiscRecoveryCycles: 797831 # Stalls waiting machine clears
   uops executed: 55066889 # Executed microoperations
  skylake-11: # Core stats
   cycles: 57364875 # Simulated unhalted cycles
   cCycles: 3776489 # Cycles due to contention stalls
   instrs: 79176573 # Simulated instructions
   uops: 54368865 # issued micro-ops
   bbls: 26000270 # Basic blocks
   approxInstrs: 680233 # Instrs with approx uop decoding
   mispredBranches: 98957 # Mispredicted branches
   IdqNotDelivered: 53588386 # Stalls no uop delivered when no Bkend Stall
   IntMiscRecoveryCycles: 797244 # Stalls waiting machine clears
   uops executed: 55066281 # Executed microoperations
  skylake-12: # Core stats
   cycles: 57363830 # Simulated unhalted cycles
   cCycles: 3776469 # Cycles due to contention stalls
   instrs: 79177103 # Simulated instructions
   uops: 54369025 # issued micro-ops
   bbls: 26000521 # Basic blocks
   approxInstrs: 680242 # Instrs with approx uop decoding
   mispredBranches: 98955 # Mispredicted branches
   IdqNotDelivered: 53587361 # Stalls no uop delivered when no Bkend Stall
   IntMiscRecoveryCycles: 796551 # Stalls waiting machine clears
   uops executed: 55066381 # Executed microoperations
  skylake-13: # Core stats
   cycles: 57363869 # Simulated unhalted cycles
   cCycles: 3776516 # Cycles due to contention stalls
   instrs: 79177868 # Simulated instructions
   uops: 54369547 # issued micro-ops
   bbls: 26000774 # Basic blocks
   approxInstrs: 680244 # Instrs with approx uop decoding
   mispredBranches: 98958 # Mispredicted branches
   IdqNotDelivered: 53587353 # Stalls no uop delivered when no Bkend Stall
   IntMiscRecoveryCycles: 796671 # Stalls waiting machine clears
   uops executed: 55066889 # Executed microoperations
  skylake-14: # Core stats
   cycles: 57362875 # Simulated unhalted cycles
   cCycles: 3776557 # Cycles due to contention stalls
   instrs: 79177301 # Simulated instructions
   uops: 54369157 # issued micro-ops
   bbls: 26000587 # Basic blocks
   approxInstrs: 680242 # Instrs with approx uop decoding
   mispredBranches: 98955 # Mispredicted branches
   IdqNotDelivered: 53586318 # Stalls no uop delivered when no Bkend Stall
   IntMiscRecoveryCycles: 796361 # Stalls waiting machine clears
   uops executed: 55066513 # Executed microoperations
  skylake-15: # Core stats
   cycles: 57362874 # Simulated unhalted cycles
   cCycles: 3776538 # Cycles due to contention stalls
   instrs: 79177580 # Simulated instructions
   uops: 54369343 # issued micro-ops
   bbls: 26000680 # Basic blocks
   approxInstrs: 680242 # Instrs with approx uop decoding
   mispredBranches: 98955 # Mispredicted branches
   IdqNotDelivered: 53586336 # Stalls no uop delivered when no Bkend Stall
   IntMiscRecoveryCycles: 796332 # Stalls waiting machine clears
   uops executed: 55066699 # Executed microoperations
  skylake-16: # Core stats
   cycles: 57362830 # Simulated unhalted cycles
   cCycles: 3776507 # Cycles due to contention stalls
   instrs: 79177772 # Simulated instructions
   uops: 54369471 # issued micro-ops
   bbls: 26000744 # Basic blocks
   approxInstrs: 680242 # Instrs with approx uop decoding
   mispredBranches: 98955 # Mispredicted branches
   IdqNotDelivered: 53586323 # Stalls no uop delivered when no Bkend Stall
   IntMiscRecoveryCycles: 796136 # Stalls waiting machine clears
   uops executed: 55066827 # Executed microoperations
  skylake-17: # Core stats
   cycles: 57362831 # Simulated unhalted cycles
   cCycles: 3776532 # Cycles due to contention stalls
   instrs: 79147762 # Simulated instructions
   uops: 54350928 # issued micro-ops
   bbls: 25990093 # Basic blocks
   approxInstrs: 679937 # Instrs with approx uop decoding
   mispredBranches: 99024 # Mispredicted branches
   IdqNotDelivered: 53586299 # Stalls no uop delivered when no Bkend Stall
   IntMiscRecoveryCycles: 800164 # Stalls waiting machine clears
   uops executed: 55048105 # Executed microoperations
  skylake-18: # Core stats
   cycles: 57362090 # Simulated unhalted cycles
   cCycles: 3776487 # Cycles due to contention stalls
   instrs: 79177728 # Simulated instructions
   uops: 54369425 # issued micro-ops
   bbls: 26000731 # Basic blocks
   approxInstrs: 680241 # Instrs with approx uop decoding
   mispredBranches: 98949 # Mispredicted branches
   IdqNotDelivered: 53585603 # Stalls no uop delivered when no Bkend Stall
   IntMiscRecoveryCycles: 795977 # Stalls waiting machine clears
   uops executed: 55066815 # Executed microoperations
  skylake-19: # Core stats
   cycles: 57362090 # Simulated unhalted cycles
   cCycles: 3776478 # Cycles due to contention stalls
   instrs: 79177518 # Simulated instructions
   uops: 54369285 # issued micro-ops
   bbls: 26000661 # Basic blocks
   approxInstrs: 680241 # Instrs with approx uop decoding
   mispredBranches: 98949 # Mispredicted branches
   IdqNotDelivered: 53585612 # Stalls no uop delivered when no Bkend Stall
   IntMiscRecoveryCycles: 796321 # Stalls waiting machine clears
   uops executed: 55066675 # Executed microoperations
  skylake-20: # Core stats
   cycles: 57361874 # Simulated unhalted cycles
   cCycles: 3776553 # Cycles due to contention stalls
   instrs: 79176574 # Simulated instructions
   uops: 54368659 # issued micro-ops
   bbls: 26000348 # Basic blocks
   approxInstrs: 680237 # Instrs with approx uop decoding
   mispredBranches: 98954 # Mispredicted branches
   IdqNotDelivered: 53585321 # Stalls no uop delivered when no Bkend Stall
   IntMiscRecoveryCycles: 796471 # Stalls waiting machine clears
   uops executed: 55066010 # Executed microoperations
  skylake-21: # Core stats
   cycles: 57360830 # Simulated unhalted cycles
   cCycles: 3776477 # Cycles due to contention stalls
   instrs: 79175500 # Simulated instructions
   uops: 54367927 # issued micro-ops
   bbls: 25999994 # Basic blocks
   approxInstrs: 680230 # Instrs with approx uop decoding
   mispredBranches: 98951 # Mispredicted branches
   IdqNotDelivered: 53584353 # Stalls no uop delivered when no Bkend Stall
   IntMiscRecoveryCycles: 796120 # Stalls waiting machine clears
   uops executed: 55065278 # Executed microoperations
  skylake-22: # Core stats
   cycles: 57360874 # Simulated unhalted cycles
   cCycles: 3776508 # Cycles due to contention stalls
   instrs: 79175359 # Simulated instructions
   uops: 54367816 # issued micro-ops
   bbls: 25999951 # Basic blocks
   approxInstrs: 680223 # Instrs with approx uop decoding
   mispredBranches: 98952 # Mispredicted branches
   IdqNotDelivered: 53584366 # Stalls no uop delivered when no Bkend Stall
   IntMiscRecoveryCycles: 796502 # Stalls waiting machine clears
   uops executed: 55065152 # Executed microoperations
  skylake-23: # Core stats
   cycles: 0 # Simulated unhalted cycles
   cCycles: 0 # Cycles due to contention stalls
   instrs: 0 # Simulated instructions
   uops: 0 # issued micro-ops
   bbls: 0 # Basic blocks
   approxInstrs: 0 # Instrs with approx uop decoding
   mispredBranches: 0 # Mispredicted branches
   IdqNotDelivered: 0 # Stalls no uop delivered when no Bkend Stall
   IntMiscRecoveryCycles: 0 # Stalls waiting machine clears
   uops executed: 0 # Executed microoperations
 l1d: # Cache stats
  l1d-0: # Filter cache stats
   fhGETS: 627138 # Filtered GETS hits
   fhGETX: 632371 # Filtered GETX hits
   hGETS: 7848 # GETS hits
   hGETX: 13591 # GETX hits
   mGETS: 40933 # GETS misses
   mGETXIM: 250105 # GETX I->M misses
   mGETXSM: 6 # GETX S->M misses (upgrade misses)
   PUTS: 0 # Clean evictions (from lower level)
   PUTX: 0 # Dirty evictions (from lower level)
   INV: 94 # Invalidates (from upper level)
   INVX: 94 # Downgrades (from upper level)
   FWD: 0 # Forwards (from upper level)
   latGETnl: 79128248 # GET request latency on next level
   latGETnet: 0 # GET request latency on network to next level
  l1d-1: # Filter cache stats
   fhGETS: 626867 # Filtered GETS hits
   fhGETX: 632202 # Filtered GETX hits
   hGETS: 7766 # GETS hits
   hGETX: 13566 # GETX hits
   mGETS: 40891 # GETS misses
   mGETXIM: 250062 # GETX I->M misses
   mGETXSM: 9 # GETX S->M misses (upgrade misses)
   PUTS: 0 # Clean evictions (from lower level)
   PUTX: 0 # Dirty evictions (from lower level)
   INV: 75 # Invalidates (from upper level)
   INVX: 24 # Downgrades (from upper level)
   FWD: 0 # Forwards (from upper level)
   latGETnl: 79098673 # GET request latency on next level
   latGETnet: 0 # GET request latency on network to next level
  l1d-2: # Filter cache stats
   fhGETS: 626725 # Filtered GETS hits
   fhGETX: 632117 # Filtered GETX hits
   hGETS: 7728 # GETS hits
   hGETX: 13540 # GETX hits
   mGETS: 40885 # GETS misses
   mGETXIM: 250044 # GETX I->M misses
   mGETXSM: 4 # GETX S->M misses (upgrade misses)
   PUTS: 0 # Clean evictions (from lower level)
   PUTX: 0 # Dirty evictions (from lower level)
   INV: 54 # Invalidates (from upper level)
   INVX: 5 # Downgrades (from upper level)
   FWD: 0 # Forwards (from upper level)
   latGETnl: 79093233 # GET request latency on next level
   latGETnet: 0 # GET request latency on network to next level
  l1d-3: # Filter cache stats
   fhGETS: 626795 # Filtered GETS hits
   fhGETX: 632162 # Filtered GETX hits
   hGETS: 7767 # GETS hits
   hGETX: 13563 # GETX hits
   mGETS: 40888 # GETS misses
   mGETXIM: 250059 # GETX I->M misses
   mGETXSM: 9 # GETX S->M misses (upgrade misses)
   PUTS: 0 # Clean evictions (from lower level)
   PUTX: 0 # Dirty evictions (from lower level)
   INV: 70 # Invalidates (from upper level)
   INVX: 24 # Downgrades (from upper level)
   FWD: 0 # Forwards (from upper level)
   latGETnl: 79097996 # GET request latency on next level
   latGETnet: 0 # GET request latency on network to next level
  l1d-4: # Filter cache stats
   fhGETS: 626786 # Filtered GETS hits
   fhGETX: 632146 # Filtered GETX hits
   hGETS: 7779 # GETS hits
   hGETX: 13589 # GETX hits
   mGETS: 40893 # GETS misses
   mGETXIM: 250056 # GETX I->M misses
   mGETXSM: 10 # GETX S->M misses (upgrade misses)
   PUTS: 0 # Clean evictions (from lower level)
   PUTX: 0 # Dirty evictions (from lower level)
   INV: 73 # Invalidates (from upper level)
   INVX: 20 # Downgrades (from upper level)
   FWD: 0 # Forwards (from upper level)
   latGETnl: 79096971 # GET request latency on next level
   latGETnet: 0 # GET request latency on network to next level
  l1d-5: # Filter cache stats
   fhGETS: 626804 # Filtered GETS hits
   fhGETX: 632164 # Filtered GETX hits
   hGETS: 7762 # GETS hits
   hGETX: 13559 # GETX hits
   mGETS: 40884 # GETS misses
   mGETXIM: 250063 # GETX I->M misses
   mGETXSM: 7 # GETX S->M misses (upgrade misses)
   PUTS: 0 # Clean evictions (from lower level)
   PUTX: 0 # Dirty evictions (from lower level)
   INV: 71 # Invalidates (from upper level)
   INVX: 16 # Downgrades (from upper level)
   FWD: 0 # Forwards (from upper level)
   latGETnl: 79095668 # GET request latency on next level
   latGETnet: 0 # GET request latency on network to next level
  l1d-6: # Filter cache stats
   fhGETS: 626630 # Filtered GETS hits
   fhGETX: 632070 # Filtered GETX hits
   hGETS: 7758 # GETS hits
   hGETX: 13556 # GETX hits
   mGETS: 40870 # GETS misses
   mGETXIM: 250048 # GETX I->M misses
   mGETXSM: 4 # GETX S->M misses (upgrade misses)
   PUTS: 0 # Clean evictions (from lower level)
   PUTX: 0 # Dirty evictions (from lower level)
   INV: 53 # Invalidates (from upper level)
   INVX: 12 # Downgrades (from upper level)
   FWD: 0 # Forwards (from upper level)
   latGETnl: 79093292 # GET request latency on next level
   latGETnet: 0 # GET request latency on network to next level
  l1d-7: # Filter cache stats
   fhGETS: 626780 # Filtered GETS hits
   fhGETX: 632154 # Filtered GETX hits
   hGETS: 7774 # GETS hits
   hGETX: 13563 # GETX hits
   mGETS: 40886 # GETS misses
   mGETXIM: 250057 # GETX I->M misses
   mGETXSM: 7 # GETX S->M misses (upgrade misses)
   PUTS: 0 # Clean evictions (from lower level)
   PUTX: 0 # Dirty evictions (from lower level)
   INV: 72 # Invalidates (from upper level)
   INVX: 19 # Downgrades (from upper level)
   FWD: 0 # Forwards (from upper level)
   latGETnl: 79094341 # GET request latency on next level
   latGETnet: 0 # GET request latency on network to next level
  l1d-8: # Filter cache stats
   fhGETS: 626634 # Filtered GETS hits
   fhGETX: 632082 # Filtered GETX hits
   hGETS: 7763 # GETS hits
   hGETX: 13541 # GETX hits
   mGETS: 40868 # GETS misses
   mGETXIM: 250056 # GETX I->M misses
   mGETXSM: 6 # GETX S->M misses (upgrade misses)
   PUTS: 0 # Clean evictions (from lower level)
   PUTX: 0 # Dirty evictions (from lower level)
   INV: 58 # Invalidates (from upper level)
   INVX: 16 # Downgrades (from upper level)
   FWD: 0 # Forwards (from upper level)
   latGETnl: 79094117 # GET request latency on next level
   latGETnet: 0 # GET request latency on network to next level
  l1d-9: # Filter cache stats
   fhGETS: 626649 # Filtered GETS hits
   fhGETX: 632088 # Filtered GETX hits
   hGETS: 7746 # GETS hits
   hGETX: 13535 # GETX hits
   mGETS: 40870 # GETS misses
   mGETXIM: 250056 # GETX I->M misses
   mGETXSM: 6 # GETX S->M misses (upgrade misses)
   PUTS: 0 # Clean evictions (from lower level)
   PUTX: 0 # Dirty evictions (from lower level)
   INV: 60 # Invalidates (from upper level)
   INVX: 22 # Downgrades (from upper level)
   FWD: 0 # Forwards (from upper level)
   latGETnl: 79095604 # GET request latency on next level
   latGETnet: 0 # GET request latency on network to next level
  l1d-10: # Filter cache stats
   fhGETS: 626651 # Filtered GETS hits
   fhGETX: 632076 # Filtered GETX hits
   hGETS: 7756 # GETS hits
   hGETX: 13550 # GETX hits
   mGETS: 40868 # GETS misses
   mGETXIM: 250055 # GETX I->M misses
   mGETXSM: 5 # GETX S->M misses (upgrade misses)
   PUTS: 0 # Clean evictions (from lower level)
   PUTX: 0 # Dirty evictions (from lower level)
   INV: 58 # Invalidates (from upper level)
   INVX: 10 # Downgrades (from upper level)
   FWD: 0 # Forwards (from upper level)
   latGETnl: 79092154 # GET request latency on next level
   latGETnet: 0 # GET request latency on network to next level
  l1d-11: # Filter cache stats
   fhGETS: 626771 # Filtered GETS hits
   fhGETX: 632146 # Filtered GETX hits
   hGETS: 7780 # GETS hits
   hGETX: 13548 # GETX hits
   mGETS: 40882 # GETS misses
   mGETXIM: 250067 # GETX I->M misses
   mGETXSM: 8 # GETX S->M misses (upgrade misses)
   PUTS: 0 # Clean evictions (from lower level)
   PUTX: 0 # Dirty evictions (from lower level)
   INV: 65 # Invalidates (from upper level)
   INVX: 10 # Downgrades (from upper level)
   FWD: 0 # Forwards (from upper level)
   latGETnl: 79096512 # GET request latency on next level
   latGETnet: 0 # GET request latency on network to next level
  l1d-12: # Filter cache stats
   fhGETS: 626646 # Filtered GETS hits
   fhGETX: 632078 # Filtered GETX hits
   hGETS: 7748 # GETS hits
   hGETX: 13552 # GETX hits
   mGETS: 40871 # GETS misses
   mGETXIM: 250049 # GETX I->M misses
   mGETXSM: 6 # GETX S->M misses (upgrade misses)
   PUTS: 0 # Clean evictions (from lower level)
   PUTX: 0 # Dirty evictions (from lower level)
   INV: 54 # Invalidates (from upper level)
   INVX: 10 # Downgrades (from upper level)
   FWD: 0 # Forwards (from upper level)
   latGETnl: 79093268 # GET request latency on next level
   latGETnet: 0 # GET request latency on network to next level
  l1d-13: # Filter cache stats
   fhGETS: 626661 # Filtered GETS hits
   fhGETX: 632098 # Filtered GETX hits
   hGETS: 7747 # GETS hits
   hGETX: 13523 # GETX hits
   mGETS: 40867 # GETS misses
   mGETXIM: 250059 # GETX I->M misses
   mGETXSM: 6 # GETX S->M misses (upgrade misses)
   PUTS: 0 # Clean evictions (from lower level)
   PUTX: 0 # Dirty evictions (from lower level)
   INV: 59 # Invalidates (from upper level)
   INVX: 18 # Downgrades (from upper level)
   FWD: 0 # Forwards (from upper level)
   latGETnl: 79093551 # GET request latency on next level
   latGETnet: 0 # GET request latency on network to next level
  l1d-14: # Filter cache stats
   fhGETS: 626655 # Filtered GETS hits
   fhGETX: 632084 # Filtered GETX hits
   hGETS: 7746 # GETS hits
   hGETX: 13533 # GETX hits
   mGETS: 40864 # GETS misses
   mGETXIM: 250063 # GETX I->M misses
   mGETXSM: 5 # GETX S->M misses (upgrade misses)
   PUTS: 0 # Clean evictions (from lower level)
   PUTX: 0 # Dirty evictions (from lower level)
   INV: 62 # Invalidates (from upper level)
   INVX: 3 # Downgrades (from upper level)
   FWD: 0 # Forwards (from upper level)
   latGETnl: 79089642 # GET request latency on next level
   latGETnet: 0 # GET request latency on network to next level
  l1d-15: # Filter cache stats
   fhGETS: 626663 # Filtered GETS hits
   fhGETX: 632079 # Filtered GETX hits
   hGETS: 7738 # GETS hits
   hGETX: 13542 # GETX hits
   mGETS: 40864 # GETS misses
   mGETXIM: 250059 # GETX I->M misses
   mGETXSM: 5 # GETX S->M misses (upgrade misses)
   PUTS: 0 # Clean evictions (from lower level)
   PUTX: 0 # Dirty evictions (from lower level)
   INV: 58 # Invalidates (from upper level)
   INVX: 2 # Downgrades (from upper level)
   FWD: 0 # Forwards (from upper level)
   latGETnl: 79089848 # GET request latency on next level
   latGETnet: 0 # GET request latency on network to next level
  l1d-16: # Filter cache stats
   fhGETS: 626636 # Filtered GETS hits
   fhGETX: 632070 # Filtered GETX hits
   hGETS: 7762 # GETS hits
   hGETX: 13552 # GETX hits
   mGETS: 40867 # GETS misses
   mGETXIM: 250057 # GETX I->M misses
   mGETXSM: 6 # GETX S->M misses (upgrade misses)
   PUTS: 0 # Clean evictions (from lower level)
   PUTX: 0 # Dirty evictions (from lower level)
   INV: 59 # Invalidates (from upper level)
   INVX: 3 # Downgrades (from upper level)
   FWD: 0 # Forwards (from upper level)
   latGETnl: 79089984 # GET request latency on next level
   latGETnet: 0 # GET request latency on network to next level
  l1d-17: # Filter cache stats
   fhGETS: 627893 # Filtered GETS hits
   fhGETX: 632397 # Filtered GETX hits
   hGETS: 8113 # GETS hits
   hGETX: 13630 # GETX hits
   mGETS: 40921 # GETS misses
   mGETXIM: 249957 # GETX I->M misses
   mGETXSM: 13 # GETX S->M misses (upgrade misses)
   PUTS: 0 # Clean evictions (from lower level)
   PUTX: 0 # Dirty evictions (from lower level)
   INV: 54 # Invalidates (from upper level)
   INVX: 2 # Downgrades (from upper level)
   FWD: 0 # Forwards (from upper level)
   latGETnl: 79072620 # GET request latency on next level
   latGETnet: 0 # GET request latency on network to next level
  l1d-18: # Filter cache stats
   fhGETS: 626657 # Filtered GETS hits
   fhGETX: 632071 # Filtered GETX hits
   hGETS: 7735 # GETS hits
   hGETX: 13551 # GETX hits
   mGETS: 40867 # GETS misses
   mGETXIM: 250054 # GETX I->M misses
   mGETXSM: 4 # GETX S->M misses (upgrade misses)
   PUTS: 0 # Clean evictions (from lower level)
   PUTX: 0 # Dirty evictions (from lower level)
   INV: 55 # Invalidates (from upper level)
   INVX: 1 # Downgrades (from upper level)
   FWD: 0 # Forwards (from upper level)
   latGETnl: 79090129 # GET request latency on next level
   latGETnet: 0 # GET request latency on network to next level
  l1d-19: # Filter cache stats
   fhGETS: 626646 # Filtered GETS hits
   fhGETX: 632077 # Filtered GETX hits
   hGETS: 7742 # GETS hits
   hGETX: 13550 # GETX hits
   mGETS: 40871 # GETS misses
   mGETXIM: 250049 # GETX I->M misses
   mGETXSM: 4 # GETX S->M misses (upgrade misses)
   PUTS: 0 # Clean evictions (from lower level)
   PUTX: 0 # Dirty evictions (from lower level)
   INV: 55 # Invalidates (from upper level)
   INVX: 1 # Downgrades (from upper level)
   FWD: 0 # Forwards (from upper level)
   latGETnl: 79090982 # GET request latency on next level
   latGETnet: 0 # GET request latency on network to next level
  l1d-20: # Filter cache stats
   fhGETS: 626640 # Filtered GETS hits
   fhGETX: 632079 # Filtered GETX hits
   hGETS: 7750 # GETS hits
   hGETX: 13543 # GETX hits
   mGETS: 40868 # GETS misses
   mGETXIM: 250051 # GETX I->M misses
   mGETXSM: 5 # GETX S->M misses (upgrade misses)
   PUTS: 0 # Clean evictions (from lower level)
   PUTX: 0 # Dirty evictions (from lower level)
   INV: 56 # Invalidates (from upper level)
   INVX: 2 # Downgrades (from upper level)
   FWD: 0 # Forwards (from upper level)
   latGETnl: 79090335 # GET request latency on next level
   latGETnet: 0 # GET request latency on network to next level
  l1d-21: # Filter cache stats
   fhGETS: 626643 # Filtered GETS hits
   fhGETX: 632081 # Filtered GETX hits
   hGETS: 7738 # GETS hits
   hGETX: 13536 # GETX hits
   mGETS: 40870 # GETS misses
   mGETXIM: 250046 # GETX I->M misses
   mGETXSM: 6 # GETX S->M misses (upgrade misses)
   PUTS: 0 # Clean evictions (from lower level)
   PUTX: 0 # Dirty evictions (from lower level)
   INV: 56 # Invalidates (from upper level)
   INVX: 1 # Downgrades (from upper level)
   FWD: 0 # Forwards (from upper level)
   latGETnl: 79088919 # GET request latency on next level
   latGETnet: 0 # GET request latency on network to next level
  l1d-22: # Filter cache stats
   fhGETS: 626641 # Filtered GETS hits
   fhGETX: 632061 # Filtered GETX hits
   hGETS: 7735 # GETS hits
   hGETX: 13549 # GETX hits
   mGETS: 40869 # GETS misses
   mGETXIM: 250044 # GETX I->M misses
   mGETXSM: 5 # GETX S->M misses (upgrade misses)
   PUTS: 0 # Clean evictions (from lower level)
   PUTX: 0 # Dirty evictions (from lower level)
   INV: 56 # Invalidates (from upper level)
   INVX: 2 # Downgrades (from upper level)
   FWD: 0 # Forwards (from upper level)
   latGETnl: 79088478 # GET request latency on next level
   latGETnet: 0 # GET request latency on network to next level
  l1d-23: # Filter cache stats
   fhGETS: 0 # Filtered GETS hits
   fhGETX: 0 # Filtered GETX hits
   hGETS: 0 # GETS hits
   hGETX: 0 # GETX hits
   mGETS: 0 # GETS misses
   mGETXIM: 0 # GETX I->M misses
   mGETXSM: 0 # GETX S->M misses (upgrade misses)
   PUTS: 0 # Clean evictions (from lower level)
   PUTX: 0 # Dirty evictions (from lower level)
   INV: 0 # Invalidates (from upper level)
   INVX: 0 # Downgrades (from upper level)
   FWD: 0 # Forwards (from upper level)
   latGETnl: 0 # GET request latency on next level
   latGETnet: 0 # GET request latency on network to next level
 l1i: # Cache stats
  l1i-0: # Filter cache stats
   fhGETS: 26576507 # Filtered GETS hits
   fhGETX: 0 # Filtered GETX hits
   hGETS: 46 # GETS hits
   hGETX: 0 # GETX hits
   mGETS: 689 # GETS misses
   mGETXIM: 0 # GETX I->M misses
   mGETXSM: 0 # GETX S->M misses (upgrade misses)
   PUTS: 0 # Clean evictions (from lower level)
   PUTX: 0 # Dirty evictions (from lower level)
   INV: 659 # Invalidates (from upper level)
   INVX: 0 # Downgrades (from upper level)
   FWD: 0 # Forwards (from upper level)
   latGETnl: 71533 # GET request latency on next level
   latGETnet: 0 # GET request latency on network to next level
  l1i-1: # Filter cache stats
   fhGETS: 26576233 # Filtered GETS hits
   fhGETX: 0 # Filtered GETX hits
   hGETS: 37 # GETS hits
   hGETX: 0 # GETX hits
   mGETS: 584 # GETS misses
   mGETXIM: 0 # GETX I->M misses
   mGETXSM: 0 # GETX S->M misses (upgrade misses)
   PUTS: 0 # Clean evictions (from lower level)
   PUTX: 0 # Dirty evictions (from lower level)
   INV: 561 # Invalidates (from upper level)
   INVX: 0 # Downgrades (from upper level)
   FWD: 0 # Forwards (from upper level)
   latGETnl: 32398 # GET request latency on next level
   latGETnet: 0 # GET request latency on network to next level
  l1i-2: # Filter cache stats
   fhGETS: 26575086 # Filtered GETS hits
   fhGETX: 0 # Filtered GETX hits
   hGETS: 31 # GETS hits
   hGETX: 0 # GETX hits
   mGETS: 613 # GETS misses
   mGETXIM: 0 # GETX I->M misses
   mGETXSM: 0 # GETX S->M misses (upgrade misses)
   PUTS: 0 # Clean evictions (from lower level)
   PUTX: 0 # Dirty evictions (from lower level)
   INV: 590 # Invalidates (from upper level)
   INVX: 0 # Downgrades (from upper level)
   FWD: 0 # Forwards (from upper level)
   latGETnl: 38261 # GET request latency on next level
   latGETnet: 0 # GET request latency on network to next level
  l1i-3: # Filter cache stats
   fhGETS: 26575828 # Filtered GETS hits
   fhGETX: 0 # Filtered GETX hits
   hGETS: 31 # GETS hits
   hGETX: 0 # GETX hits
   mGETS: 593 # GETS misses
   mGETXIM: 0 # GETX I->M misses
   mGETXSM: 0 # GETX S->M misses (upgrade misses)
   PUTS: 0 # Clean evictions (from lower level)
   PUTX: 0 # Dirty evictions (from lower level)
   INV: 570 # Invalidates (from upper level)
   INVX: 0 # Downgrades (from upper level)
   FWD: 0 # Forwards (from upper level)
   latGETnl: 34171 # GET request latency on next level
   latGETnet: 0 # GET request latency on network to next level
  l1i-4: # Filter cache stats
   fhGETS: 26576209 # Filtered GETS hits
   fhGETX: 0 # Filtered GETX hits
   hGETS: 31 # GETS hits
   hGETX: 0 # GETX hits
   mGETS: 593 # GETS misses
   mGETXIM: 0 # GETX I->M misses
   mGETXSM: 0 # GETX S->M misses (upgrade misses)
   PUTS: 0 # Clean evictions (from lower level)
   PUTX: 0 # Dirty evictions (from lower level)
   INV: 570 # Invalidates (from upper level)
   INVX: 0 # Downgrades (from upper level)
   FWD: 0 # Forwards (from upper level)
   latGETnl: 28546 # GET request latency on next level
   latGETnet: 0 # GET request latency on network to next level
  l1i-5: # Filter cache stats
   fhGETS: 26576056 # Filtered GETS hits
   fhGETX: 0 # Filtered GETX hits
   hGETS: 32 # GETS hits
   hGETX: 0 # GETX hits
   mGETS: 594 # GETS misses
   mGETXIM: 0 # GETX I->M misses
   mGETXSM: 0 # GETX S->M misses (upgrade misses)
   PUTS: 0 # Clean evictions (from lower level)
   PUTX: 0 # Dirty evictions (from lower level)
   INV: 571 # Invalidates (from upper level)
   INVX: 0 # Downgrades (from upper level)
   FWD: 0 # Forwards (from upper level)
   latGETnl: 28368 # GET request latency on next level
   latGETnet: 0 # GET request latency on network to next level
  l1i-6: # Filter cache stats
   fhGETS: 26575679 # Filtered GETS hits
   fhGETX: 0 # Filtered GETX hits
   hGETS: 29 # GETS hits
   hGETX: 0 # GETX hits
   mGETS: 573 # GETS misses
   mGETXIM: 0 # GETX I->M misses
   mGETXSM: 0 # GETX S->M misses (upgrade misses)
   PUTS: 0 # Clean evictions (from lower level)
   PUTX: 0 # Dirty evictions (from lower level)
   INV: 550 # Invalidates (from upper level)
   INVX: 0 # Downgrades (from upper level)
   FWD: 0 # Forwards (from upper level)
   latGETnl: 32331 # GET request latency on next level
   latGETnet: 0 # GET request latency on network to next level
  l1i-7: # Filter cache stats
   fhGETS: 26575650 # Filtered GETS hits
   fhGETX: 0 # Filtered GETX hits
   hGETS: 30 # GETS hits
   hGETX: 0 # GETX hits
   mGETS: 595 # GETS misses
   mGETXIM: 0 # GETX I->M misses
   mGETXSM: 0 # GETX S->M misses (upgrade misses)
   PUTS: 0 # Clean evictions (from lower level)
   PUTX: 0 # Dirty evictions (from lower level)
   INV: 572 # Invalidates (from upper level)
   INVX: 0 # Downgrades (from upper level)
   FWD: 0 # Forwards (from upper level)
   latGETnl: 27965 # GET request latency on next level
   latGETnet: 0 # GET request latency on network to next level
  l1i-8: # Filter cache stats
   fhGETS: 26576097 # Filtered GETS hits
   fhGETX: 0 # Filtered GETX hits
   hGETS: 30 # GETS hits
   hGETX: 0 # GETX hits
   mGETS: 582 # GETS misses
   mGETXIM: 0 # GETX I->M misses
   mGETXSM: 0 # GETX S->M misses (upgrade misses)
   PUTS: 0 # Clean evictions (from lower level)
   PUTX: 0 # Dirty evictions (from lower level)
   INV: 559 # Invalidates (from upper level)
   INVX: 0 # Downgrades (from upper level)
   FWD: 0 # Forwards (from upper level)
   latGETnl: 29379 # GET request latency on next level
   latGETnet: 0 # GET request latency on network to next level
  l1i-9: # Filter cache stats
   fhGETS: 26576043 # Filtered GETS hits
   fhGETX: 0 # Filtered GETX hits
   hGETS: 30 # GETS hits
   hGETX: 0 # GETX hits
   mGETS: 577 # GETS misses
   mGETXIM: 0 # GETX I->M misses
   mGETXSM: 0 # GETX S->M misses (upgrade misses)
   PUTS: 0 # Clean evictions (from lower level)
   PUTX: 0 # Dirty evictions (from lower level)
   INV: 554 # Invalidates (from upper level)
   INVX: 0 # Downgrades (from upper level)
   FWD: 0 # Forwards (from upper level)
   latGETnl: 30269 # GET request latency on next level
   latGETnet: 0 # GET request latency on network to next level
  l1i-10: # Filter cache stats
   fhGETS: 26576123 # Filtered GETS hits
   fhGETX: 0 # Filtered GETX hits
   hGETS: 30 # GETS hits
   hGETX: 0 # GETX hits
   mGETS: 580 # GETS misses
   mGETXIM: 0 # GETX I->M misses
   mGETXSM: 0 # GETX S->M misses (upgrade misses)
   PUTS: 0 # Clean evictions (from lower level)
   PUTX: 0 # Dirty evictions (from lower level)
   INV: 554 # Invalidates (from upper level)
   INVX: 0 # Downgrades (from upper level)
   FWD: 0 # Forwards (from upper level)
   latGETnl: 31310 # GET request latency on next level
   latGETnet: 0 # GET request latency on network to next level
  l1i-11: # Filter cache stats
   fhGETS: 26575576 # Filtered GETS hits
   fhGETX: 0 # Filtered GETX hits
   hGETS: 115 # GETS hits
   hGETX: 0 # GETX hits
   mGETS: 580 # GETS misses
   mGETXIM: 0 # GETX I->M misses
   mGETXSM: 0 # GETX S->M misses (upgrade misses)
   PUTS: 0 # Clean evictions (from lower level)
   PUTX: 0 # Dirty evictions (from lower level)
   INV: 557 # Invalidates (from upper level)
   INVX: 0 # Downgrades (from upper level)
   FWD: 0 # Forwards (from upper level)
   latGETnl: 29960 # GET request latency on next level
   latGETnet: 0 # GET request latency on network to next level
  l1i-12: # Filter cache stats
   fhGETS: 26575891 # Filtered GETS hits
   fhGETX: 0 # Filtered GETX hits
   hGETS: 30 # GETS hits
   hGETX: 0 # GETX hits
   mGETS: 580 # GETS misses
   mGETXIM: 0 # GETX I->M misses
   mGETXSM: 0 # GETX S->M misses (upgrade misses)
   PUTS: 0 # Clean evictions (from lower level)
   PUTX: 0 # Dirty evictions (from lower level)
   INV: 561 # Invalidates (from upper level)
   INVX: 0 # Downgrades (from upper level)
   FWD: 0 # Forwards (from upper level)
   latGETnl: 28385 # GET request latency on next level
   latGETnet: 0 # GET request latency on network to next level
  l1i-13: # Filter cache stats
   fhGETS: 26576159 # Filtered GETS hits
   fhGETX: 0 # Filtered GETX hits
   hGETS: 30 # GETS hits
   hGETX: 0 # GETX hits
   mGETS: 580 # GETS misses
   mGETXIM: 0 # GETX I->M misses
   mGETXSM: 0 # GETX S->M misses (upgrade misses)
   PUTS: 0 # Clean evictions (from lower level)
   PUTX: 0 # Dirty evictions (from lower level)
   INV: 553 # Invalidates (from upper level)
   INVX: 0 # Downgrades (from upper level)
   FWD: 0 # Forwards (from upper level)
   latGETnl: 29285 # GET request latency on next level
   latGETnet: 0 # GET request latency on network to next level
  l1i-14: # Filter cache stats
   fhGETS: 26575954 # Filtered GETS hits
   fhGETX: 0 # Filtered GETX hits
   hGETS: 30 # GETS hits
   hGETX: 0 # GETX hits
   mGETS: 582 # GETS misses
   mGETXIM: 0 # GETX I->M misses
   mGETXSM: 0 # GETX S->M misses (upgrade misses)
   PUTS: 0 # Clean evictions (from lower level)
   PUTX: 0 # Dirty evictions (from lower level)
   INV: 559 # Invalidates (from upper level)
   INVX: 0 # Downgrades (from upper level)
   FWD: 0 # Forwards (from upper level)
   latGETnl: 28704 # GET request latency on next level
   latGETnet: 0 # GET request latency on network to next level
  l1i-15: # Filter cache stats
   fhGETS: 26576053 # Filtered GETS hits
   fhGETX: 0 # Filtered GETX hits
   hGETS: 30 # GETS hits
   hGETX: 0 # GETX hits
   mGETS: 580 # GETS misses
   mGETXIM: 0 # GETX I->M misses
   mGETXSM: 0 # GETX S->M misses (upgrade misses)
   PUTS: 0 # Clean evictions (from lower level)
   PUTX: 0 # Dirty evictions (from lower level)
   INV: 557 # Invalidates (from upper level)
   INVX: 0 # Downgrades (from upper level)
   FWD: 0 # Forwards (from upper level)
   latGETnl: 28160 # GET request latency on next level
   latGETnet: 0 # GET request latency on network to next level
  l1i-16: # Filter cache stats
   fhGETS: 26576117 # Filtered GETS hits
   fhGETX: 0 # Filtered GETX hits
   hGETS: 30 # GETS hits
   hGETX: 0 # GETX hits
   mGETS: 576 # GETS misses
   mGETXIM: 0 # GETX I->M misses
   mGETXSM: 0 # GETX S->M misses (upgrade misses)
   PUTS: 0 # Clean evictions (from lower level)
   PUTX: 0 # Dirty evictions (from lower level)
   INV: 553 # Invalidates (from upper level)
   INVX: 0 # Downgrades (from upper level)
   FWD: 0 # Forwards (from upper level)
   latGETnl: 27972 # GET request latency on next level
   latGETnet: 0 # GET request latency on network to next level
  l1i-17: # Filter cache stats
   fhGETS: 26565494 # Filtered GETS hits
   fhGETX: 0 # Filtered GETX hits
   hGETS: 195 # GETS hits
   hGETX: 0 # GETX hits
   mGETS: 649 # GETS misses
   mGETXIM: 0 # GETX I->M misses
   mGETXSM: 0 # GETX S->M misses (upgrade misses)
   PUTS: 0 # Clean evictions (from lower level)
   PUTX: 0 # Dirty evictions (from lower level)
   INV: 626 # Invalidates (from upper level)
   INVX: 0 # Downgrades (from upper level)
   FWD: 0 # Forwards (from upper level)
   latGETnl: 43553 # GET request latency on next level
   latGETnet: 0 # GET request latency on network to next level
  l1i-18: # Filter cache stats
   fhGETS: 26576088 # Filtered GETS hits
   fhGETX: 0 # Filtered GETX hits
   hGETS: 30 # GETS hits
   hGETX: 0 # GETX hits
   mGETS: 574 # GETS misses
   mGETXIM: 0 # GETX I->M misses
   mGETXSM: 0 # GETX S->M misses (upgrade misses)
   PUTS: 0 # Clean evictions (from lower level)
   PUTX: 0 # Dirty evictions (from lower level)
   INV: 551 # Invalidates (from upper level)
   INVX: 0 # Downgrades (from upper level)
   FWD: 0 # Forwards (from upper level)
   latGETnl: 27203 # GET request latency on next level
   latGETnet: 0 # GET request latency on network to next level
  l1i-19: # Filter cache stats
   fhGETS: 26576013 # Filtered GETS hits
   fhGETX: 0 # Filtered GETX hits
   hGETS: 30 # GETS hits
   hGETX: 0 # GETX hits
   mGETS: 572 # GETS misses
   mGETXIM: 0 # GETX I->M misses
   mGETXSM: 0 # GETX S->M misses (upgrade misses)
   PUTS: 0 # Clean evictions (from lower level)
   PUTX: 0 # Dirty evictions (from lower level)
   INV: 549 # Invalidates (from upper level)
   INVX: 0 # Downgrades (from upper level)
   FWD: 0 # Forwards (from upper level)
   latGETnl: 27784 # GET request latency on next level
   latGETnet: 0 # GET request latency on network to next level
  l1i-20: # Filter cache stats
   fhGETS: 26575719 # Filtered GETS hits
   fhGETX: 0 # Filtered GETX hits
   hGETS: 30 # GETS hits
   hGETX: 0 # GETX hits
   mGETS: 580 # GETS misses
   mGETXIM: 0 # GETX I->M misses
   mGETXSM: 0 # GETX S->M misses (upgrade misses)
   PUTS: 0 # Clean evictions (from lower level)
   PUTX: 0 # Dirty evictions (from lower level)
   INV: 557 # Invalidates (from upper level)
   INVX: 0 # Downgrades (from upper level)
   FWD: 0 # Forwards (from upper level)
   latGETnl: 27260 # GET request latency on next level
   latGETnet: 0 # GET request latency on network to next level
  l1i-21: # Filter cache stats
   fhGETS: 26575353 # Filtered GETS hits
   fhGETX: 0 # Filtered GETX hits
   hGETS: 30 # GETS hits
   hGETX: 0 # GETX hits
   mGETS: 576 # GETS misses
   mGETXIM: 0 # GETX I->M misses
   mGETXSM: 0 # GETX S->M misses (upgrade misses)
   PUTS: 0 # Clean evictions (from lower level)
   PUTX: 0 # Dirty evictions (from lower level)
   INV: 553 # Invalidates (from upper level)
   INVX: 0 # Downgrades (from upper level)
   FWD: 0 # Forwards (from upper level)
   latGETnl: 27072 # GET request latency on next level
   latGETnet: 0 # GET request latency on network to next level
  l1i-22: # Filter cache stats
   fhGETS: 26575309 # Filtered GETS hits
   fhGETX: 0 # Filtered GETX hits
   hGETS: 30 # GETS hits
   hGETX: 0 # GETX hits
   mGETS: 581 # GETS misses
   mGETXIM: 0 # GETX I->M misses
   mGETXSM: 0 # GETX S->M misses (upgrade misses)
   PUTS: 0 # Clean evictions (from lower level)
   PUTX: 0 # Dirty evictions (from lower level)
   INV: 558 # Invalidates (from upper level)
   INVX: 0 # Downgrades (from upper level)
   FWD: 0 # Forwards (from upper level)
   latGETnl: 27307 # GET request latency on next level
   latGETnet: 0 # GET request latency on network to next level
  l1i-23: # Filter cache stats
   fhGETS: 0 # Filtered GETS hits
   fhGETX: 0 # Filtered GETX hits
   hGETS: 0 # GETS hits
   hGETX: 0 # GETX hits
   mGETS: 0 # GETS misses
   mGETXIM: 0 # GETX I->M misses
   mGETXSM: 0 # GETX S->M misses (upgrade misses)
   PUTS: 0 # Clean evictions (from lower level)
   PUTX: 0 # Dirty evictions (from lower level)
   INV: 0 # Invalidates (from upper level)
   INVX: 0 # Downgrades (from upper level)
   FWD: 0 # Forwards (from upper level)
   latGETnl: 0 # GET request latency on next level
   latGETnet: 0 # GET request latency on network to next level
 l2: # Cache stats
  l2-0: # Cache stats
   hGETS: 0 # GETS hits
   hGETX: 0 # GETX hits
   mGETS: 41622 # GETS misses
   mGETXIM: 250105 # GETX I->M misses
   mGETXSM: 6 # GETX S->M misses (upgrade misses)
   PUTS: 40819 # Clean evictions (from lower level)
   PUTX: 249614 # Dirty evictions (from lower level)
   INV: 25688 # Invalidates (from upper level)
   INVX: 94 # Downgrades (from upper level)
   FWD: 0 # Forwards (from upper level)
   latGETnl: 76282451 # GET request latency on next level
   latGETnet: 0 # GET request latency on network to next level
  l2-1: # Cache stats
   hGETS: 0 # GETS hits
   hGETX: 0 # GETX hits
   mGETS: 41475 # GETS misses
   mGETXIM: 250063 # GETX I->M misses
   mGETXSM: 8 # GETX S->M misses (upgrade misses)
   PUTS: 40777 # Clean evictions (from lower level)
   PUTX: 249590 # Dirty evictions (from lower level)
   INV: 17316 # Invalidates (from upper level)
   INVX: 24 # Downgrades (from upper level)
   FWD: 0 # Forwards (from upper level)
   latGETnl: 76215611 # GET request latency on next level
   latGETnet: 0 # GET request latency on network to next level
  l2-2: # Cache stats
   hGETS: 0 # GETS hits
   hGETX: 0 # GETX hits
   mGETS: 41498 # GETS misses
   mGETXIM: 250044 # GETX I->M misses
   mGETXSM: 4 # GETX S->M misses (upgrade misses)
   PUTS: 40777 # Clean evictions (from lower level)
   PUTX: 249586 # Dirty evictions (from lower level)
   INV: 18736 # Invalidates (from upper level)
   INVX: 5 # Downgrades (from upper level)
   FWD: 0 # Forwards (from upper level)
   latGETnl: 76216034 # GET request latency on next level
   latGETnet: 0 # GET request latency on network to next level
  l2-3: # Cache stats
   hGETS: 0 # GETS hits
   hGETX: 0 # GETX hits
   mGETS: 41481 # GETS misses
   mGETXIM: 250059 # GETX I->M misses
   mGETXSM: 9 # GETX S->M misses (upgrade misses)
   PUTS: 40774 # Clean evictions (from lower level)
   PUTX: 249591 # Dirty evictions (from lower level)
   INV: 17240 # Invalidates (from upper level)
   INVX: 24 # Downgrades (from upper level)
   FWD: 0 # Forwards (from upper level)
   latGETnl: 76216677 # GET request latency on next level
   latGETnet: 0 # GET request latency on network to next level
  l2-4: # Cache stats
   hGETS: 0 # GETS hits
   hGETX: 0 # GETX hits
   mGETS: 41486 # GETS misses
   mGETXIM: 250056 # GETX I->M misses
   mGETXSM: 10 # GETX S->M misses (upgrade misses)
   PUTS: 40775 # Clean evictions (from lower level)
   PUTX: 249590 # Dirty evictions (from lower level)
   INV: 17032 # Invalidates (from upper level)
   INVX: 20 # Downgrades (from upper level)
   FWD: 0 # Forwards (from upper level)
   latGETnl: 76209997 # GET request latency on next level
   latGETnet: 0 # GET request latency on network to next level
  l2-5: # Cache stats
   hGETS: 0 # GETS hits
   hGETX: 0 # GETX hits
   mGETS: 41478 # GETS misses
   mGETXIM: 250063 # GETX I->M misses
   mGETXSM: 7 # GETX S->M misses (upgrade misses)
   PUTS: 40775 # Clean evictions (from lower level)
   PUTX: 249589 # Dirty evictions (from lower level)
   INV: 18499 # Invalidates (from upper level)
   INVX: 16 # Downgrades (from upper level)
   FWD: 0 # Forwards (from upper level)
   latGETnl: 76208556 # GET request latency on next level
   latGETnet: 0 # GET request latency on network to next level
  l2-6: # Cache stats
   hGETS: 0 # GETS hits
   hGETX: 0 # GETX hits
   mGETS: 41443 # GETS misses
   mGETXIM: 250048 # GETX I->M misses
   mGETXSM: 4 # GETX S->M misses (upgrade misses)
   PUTS: 40765 # Clean evictions (from lower level)
   PUTX: 249588 # Dirty evictions (from lower level)
   INV: 17302 # Invalidates (from upper level)
   INVX: 12 # Downgrades (from upper level)
   FWD: 0 # Forwards (from upper level)
   latGETnl: 76210673 # GET request latency on next level
   latGETnet: 0 # GET request latency on network to next level
  l2-7: # Cache stats
   hGETS: 0 # GETS hits
   hGETX: 0 # GETX hits
   mGETS: 41481 # GETS misses
   mGETXIM: 250057 # GETX I->M misses
   mGETXSM: 7 # GETX S->M misses (upgrade misses)
   PUTS: 40773 # Clean evictions (from lower level)
   PUTX: 249586 # Dirty evictions (from lower level)
   INV: 26740 # Invalidates (from upper level)
   INVX: 19 # Downgrades (from upper level)
   FWD: 0 # Forwards (from upper level)
   latGETnl: 76206856 # GET request latency on next level
   latGETnet: 0 # GET request latency on network to next level
  l2-8: # Cache stats
   hGETS: 0 # GETS hits
   hGETX: 0 # GETX hits
   mGETS: 41450 # GETS misses
   mGETXIM: 250056 # GETX I->M misses
   mGETXSM: 6 # GETX S->M misses (upgrade misses)
   PUTS: 40764 # Clean evictions (from lower level)
   PUTX: 249590 # Dirty evictions (from lower level)
   INV: 21117 # Invalidates (from upper level)
   INVX: 16 # Downgrades (from upper level)
   FWD: 0 # Forwards (from upper level)
   latGETnl: 76208376 # GET request latency on next level
   latGETnet: 0 # GET request latency on network to next level
  l2-9: # Cache stats
   hGETS: 0 # GETS hits
   hGETX: 0 # GETX hits
   mGETS: 41447 # GETS misses
   mGETXIM: 250056 # GETX I->M misses
   mGETXSM: 6 # GETX S->M misses (upgrade misses)
   PUTS: 40764 # Clean evictions (from lower level)
   PUTX: 249590 # Dirty evictions (from lower level)
   INV: 26312 # Invalidates (from upper level)
   INVX: 22 # Downgrades (from upper level)
   FWD: 0 # Forwards (from upper level)
   latGETnl: 76210783 # GET request latency on next level
   latGETnet: 0 # GET request latency on network to next level
  l2-10: # Cache stats
   hGETS: 0 # GETS hits
   hGETX: 0 # GETX hits
   mGETS: 41448 # GETS misses
   mGETXIM: 250055 # GETX I->M misses
   mGETXSM: 5 # GETX S->M misses (upgrade misses)
   PUTS: 40765 # Clean evictions (from lower level)
   PUTX: 249589 # Dirty evictions (from lower level)
   INV: 17333 # Invalidates (from upper level)
   INVX: 10 # Downgrades (from upper level)
   FWD: 0 # Forwards (from upper level)
   latGETnl: 76208384 # GET request latency on next level
   latGETnet: 0 # GET request latency on network to next level
  l2-11: # Cache stats
   hGETS: 0 # GETS hits
   hGETX: 0 # GETX hits
   mGETS: 41462 # GETS misses
   mGETXIM: 250067 # GETX I->M misses
   mGETXSM: 8 # GETX S->M misses (upgrade misses)
   PUTS: 40769 # Clean evictions (from lower level)
   PUTX: 249603 # Dirty evictions (from lower level)
   INV: 35011 # Invalidates (from upper level)
   INVX: 10 # Downgrades (from upper level)
   FWD: 0 # Forwards (from upper level)
   latGETnl: 76211102 # GET request latency on next level
   latGETnet: 0 # GET request latency on network to next level
  l2-12: # Cache stats
   hGETS: 0 # GETS hits
   hGETX: 0 # GETX hits
   mGETS: 41451 # GETS misses
   mGETXIM: 250049 # GETX I->M misses
   mGETXSM: 6 # GETX S->M misses (upgrade misses)
   PUTS: 40764 # Clean evictions (from lower level)
   PUTX: 249590 # Dirty evictions (from lower level)
   INV: 17263 # Invalidates (from upper level)
   INVX: 10 # Downgrades (from upper level)
   FWD: 0 # Forwards (from upper level)
   latGETnl: 76206593 # GET request latency on next level
   latGETnet: 0 # GET request latency on network to next level
  l2-13: # Cache stats
   hGETS: 0 # GETS hits
   hGETX: 0 # GETX hits
   mGETS: 41447 # GETS misses
   mGETXIM: 250059 # GETX I->M misses
   mGETXSM: 6 # GETX S->M misses (upgrade misses)
   PUTS: 40763 # Clean evictions (from lower level)
   PUTX: 249592 # Dirty evictions (from lower level)
   INV: 21440 # Invalidates (from upper level)
   INVX: 18 # Downgrades (from upper level)
   FWD: 0 # Forwards (from upper level)
   latGETnl: 76207716 # GET request latency on next level
   latGETnet: 0 # GET request latency on network to next level
  l2-14: # Cache stats
   hGETS: 0 # GETS hits
   hGETX: 0 # GETX hits
   mGETS: 41446 # GETS misses
   mGETXIM: 250063 # GETX I->M misses
   mGETXSM: 5 # GETX S->M misses (upgrade misses)
   PUTS: 40764 # Clean evictions (from lower level)
   PUTX: 249589 # Dirty evictions (from lower level)
   INV: 22721 # Invalidates (from upper level)
   INVX: 3 # Downgrades (from upper level)
   FWD: 0 # Forwards (from upper level)
   latGETnl: 76203206 # GET request latency on next level
   latGETnet: 0 # GET request latency on network to next level
  l2-15: # Cache stats
   hGETS: 0 # GETS hits
   hGETX: 0 # GETX hits
   mGETS: 41444 # GETS misses
   mGETXIM: 250059 # GETX I->M misses
   mGETXSM: 5 # GETX S->M misses (upgrade misses)
   PUTS: 40764 # Clean evictions (from lower level)
   PUTX: 249589 # Dirty evictions (from lower level)
   INV: 17220 # Invalidates (from upper level)
   INVX: 2 # Downgrades (from upper level)
   FWD: 0 # Forwards (from upper level)
   latGETnl: 76202928 # GET request latency on next level
   latGETnet: 0 # GET request latency on network to next level
  l2-16: # Cache stats
   hGETS: 0 # GETS hits
   hGETX: 0 # GETX hits
   mGETS: 41443 # GETS misses
   mGETXIM: 250057 # GETX I->M misses
   mGETXSM: 6 # GETX S->M misses (upgrade misses)
   PUTS: 40763 # Clean evictions (from lower level)
   PUTX: 249590 # Dirty evictions (from lower level)
   INV: 17204 # Invalidates (from upper level)
   INVX: 3 # Downgrades (from upper level)
   FWD: 0 # Forwards (from upper level)
   latGETnl: 76202896 # GET request latency on next level
   latGETnet: 0 # GET request latency on network to next level
  l2-17: # Cache stats
   hGETS: 0 # GETS hits
   hGETX: 0 # GETX hits
   mGETS: 41570 # GETS misses
   mGETXIM: 249957 # GETX I->M misses
   mGETXSM: 13 # GETX S->M misses (upgrade misses)
   PUTS: 40807 # Clean evictions (from lower level)
   PUTX: 249505 # Dirty evictions (from lower level)
   INV: 17060 # Invalidates (from upper level)
   INVX: 2 # Downgrades (from upper level)
   FWD: 0 # Forwards (from upper level)
   latGETnl: 76200773 # GET request latency on next level
   latGETnet: 0 # GET request latency on network to next level
  l2-18: # Cache stats
   hGETS: 0 # GETS hits
   hGETX: 0 # GETX hits
   mGETS: 41441 # GETS misses
   mGETXIM: 250054 # GETX I->M misses
   mGETXSM: 4 # GETX S->M misses (upgrade misses)
   PUTS: 40765 # Clean evictions (from lower level)
   PUTX: 249589 # Dirty evictions (from lower level)
   INV: 26060 # Invalidates (from upper level)
   INVX: 1 # Downgrades (from upper level)
   FWD: 0 # Forwards (from upper level)
   latGETnl: 76202342 # GET request latency on next level
   latGETnet: 0 # GET request latency on network to next level
  l2-19: # Cache stats
   hGETS: 0 # GETS hits
   hGETX: 0 # GETX hits
   mGETS: 41443 # GETS misses
   mGETXIM: 250049 # GETX I->M misses
   mGETXSM: 4 # GETX S->M misses (upgrade misses)
   PUTS: 40763 # Clean evictions (from lower level)
   PUTX: 249590 # Dirty evictions (from lower level)
   INV: 17362 # Invalidates (from upper level)
   INVX: 1 # Downgrades (from upper level)
   FWD: 0 # Forwards (from upper level)
   latGETnl: 76203806 # GET request latency on next level
   latGETnet: 0 # GET request latency on network to next level
  l2-20: # Cache stats
   hGETS: 0 # GETS hits
   hGETX: 0 # GETX hits
   mGETS: 41448 # GETS misses
   mGETXIM: 250051 # GETX I->M misses
   mGETXSM: 5 # GETX S->M misses (upgrade misses)
   PUTS: 40763 # Clean evictions (from lower level)
   PUTX: 249589 # Dirty evictions (from lower level)
   INV: 17120 # Invalidates (from upper level)
   INVX: 2 # Downgrades (from upper level)
   FWD: 0 # Forwards (from upper level)
   latGETnl: 76202555 # GET request latency on next level
   latGETnet: 0 # GET request latency on network to next level
  l2-21: # Cache stats
   hGETS: 0 # GETS hits
   hGETX: 0 # GETX hits
   mGETS: 41446 # GETS misses
   mGETXIM: 250046 # GETX I->M misses
   mGETXSM: 6 # GETX S->M misses (upgrade misses)
   PUTS: 40762 # Clean evictions (from lower level)
   PUTX: 249586 # Dirty evictions (from lower level)
   INV: 35825 # Invalidates (from upper level)
   INVX: 1 # Downgrades (from upper level)
   FWD: 0 # Forwards (from upper level)
   latGETnl: 76201011 # GET request latency on next level
   latGETnet: 0 # GET request latency on network to next level
  l2-22: # Cache stats
   hGETS: 0 # GETS hits
   hGETX: 0 # GETX hits
   mGETS: 41450 # GETS misses
   mGETXIM: 250044 # GETX I->M misses
   mGETXSM: 5 # GETX S->M misses (upgrade misses)
   PUTS: 40762 # Clean evictions (from lower level)
   PUTX: 249583 # Dirty evictions (from lower level)
   INV: 23262 # Invalidates (from upper level)
   INVX: 2 # Downgrades (from upper level)
   FWD: 0 # Forwards (from upper level)
   latGETnl: 76200795 # GET request latency on next level
   latGETnet: 0 # GET request latency on network to next level
  l2-23: # Cache stats
   hGETS: 0 # GETS hits
   hGETX: 0 # GETX hits
   mGETS: 0 # GETS misses
   mGETXIM: 0 # GETX I->M misses
   mGETXSM: 0 # GETX S->M misses (upgrade misses)
   PUTS: 0 # Clean evictions (from lower level)
   PUTX: 0 # Dirty evictions (from lower level)
   INV: 0 # Invalidates (from upper level)
   INVX: 0 # Downgrades (from upper level)
   FWD: 0 # Forwards (from upper level)
   latGETnl: 0 # GET request latency on next level
   latGETnet: 0 # GET request latency on network to next level
 l3: # Cache stats
  l3-0b0: # Cache stats
   hGETS: 740 # GETS hits
   hGETX: 65 # GETX hits
   mGETS: 38786 # GETS misses
   mGETXIM: 239632 # GETX I->M misses
   mGETXSM: 0 # GETX S->M misses (upgrade misses)
   PUTS: 34375 # Clean evictions (from lower level)
   PUTX: 209285 # Dirty evictions (from lower level)
   INV: 0 # Invalidates (from upper level)
   INVX: 0 # Downgrades (from upper level)
   FWD: 0 # Forwards (from upper level)
   latGETnl: 62644050 # GET request latency on next level
   latGETnet: 0 # GET request latency on network to next level
  l3-0b1: # Cache stats
   hGETS: 716 # GETS hits
   hGETX: 32 # GETX hits
   mGETS: 39275 # GETS misses
   mGETXIM: 239633 # GETX I->M misses
   mGETXSM: 0 # GETX S->M misses (upgrade misses)
   PUTS: 34918 # Clean evictions (from lower level)
   PUTX: 209034 # Dirty evictions (from lower level)
   INV: 0 # Invalidates (from upper level)
   INVX: 0 # Downgrades (from upper level)
   FWD: 0 # Forwards (from upper level)
   latGETnl: 62754300 # GET request latency on next level
   latGETnet: 0 # GET request latency on network to next level
  l3-0b2: # Cache stats
   hGETS: 566 # GETS hits
   hGETX: 13 # GETX hits
   mGETS: 38843 # GETS misses
   mGETXIM: 239638 # GETX I->M misses
   mGETXSM: 0 # GETX S->M misses (upgrade misses)
   PUTS: 34551 # Clean evictions (from lower level)
   PUTX: 209509 # Dirty evictions (from lower level)
   INV: 0 # Invalidates (from upper level)
   INVX: 0 # Downgrades (from upper level)
   FWD: 0 # Forwards (from upper level)
   latGETnl: 62658225 # GET request latency on next level
   latGETnet: 0 # GET request latency on network to next level
  l3-0b3: # Cache stats
   hGETS: 679 # GETS hits
   hGETX: 25 # GETX hits
   mGETS: 38447 # GETS misses
   mGETXIM: 239634 # GETX I->M misses
   mGETXSM: 0 # GETX S->M misses (upgrade misses)
   PUTS: 34297 # Clean evictions (from lower level)
   PUTX: 209779 # Dirty evictions (from lower level)
   INV: 0 # Invalidates (from upper level)
   INVX: 0 # Downgrades (from upper level)
   FWD: 0 # Forwards (from upper level)
   latGETnl: 62568225 # GET request latency on next level
   latGETnet: 0 # GET request latency on network to next level
  l3-0b4: # Cache stats
   hGETS: 647 # GETS hits
   hGETX: 22 # GETX hits
   mGETS: 38901 # GETS misses
   mGETXIM: 239625 # GETX I->M misses
   mGETXSM: 0 # GETX S->M misses (upgrade misses)
   PUTS: 34517 # Clean evictions (from lower level)
   PUTX: 209479 # Dirty evictions (from lower level)
   INV: 0 # Invalidates (from upper level)
   INVX: 0 # Downgrades (from upper level)
   FWD: 0 # Forwards (from upper level)
   latGETnl: 62668350 # GET request latency on next level
   latGETnet: 0 # GET request latency on network to next level
  l3-0b5: # Cache stats
   hGETS: 739 # GETS hits
   hGETX: 16 # GETX hits
   mGETS: 39140 # GETS misses
   mGETXIM: 239628 # GETX I->M misses
   mGETXSM: 0 # GETX S->M misses (upgrade misses)
   PUTS: 34840 # Clean evictions (from lower level)
   PUTX: 209315 # Dirty evictions (from lower level)
   INV: 0 # Invalidates (from upper level)
   INVX: 0 # Downgrades (from upper level)
   FWD: 0 # Forwards (from upper level)
   latGETnl: 62722800 # GET request latency on next level
   latGETnet: 0 # GET request latency on network to next level
  l3-0b6: # Cache stats
   hGETS: 590 # GETS hits
   hGETX: 43 # GETX hits
   mGETS: 39060 # GETS misses
   mGETXIM: 239627 # GETX I->M misses
   mGETXSM: 0 # GETX S->M misses (upgrade misses)
   PUTS: 34718 # Clean evictions (from lower level)
   PUTX: 209373 # Dirty evictions (from lower level)
   INV: 0 # Invalidates (from upper level)
   INVX: 0 # Downgrades (from upper level)
   FWD: 0 # Forwards (from upper level)
   latGETnl: 62704575 # GET request latency on next level
   latGETnet: 0 # GET request latency on network to next level
  l3-0b7: # Cache stats
   hGETS: 995 # GETS hits
   hGETX: 59 # GETX hits
   mGETS: 38865 # GETS misses
   mGETXIM: 239628 # GETX I->M misses
   mGETXSM: 0 # GETX S->M misses (upgrade misses)
   PUTS: 34878 # Clean evictions (from lower level)
   PUTX: 209505 # Dirty evictions (from lower level)
   INV: 0 # Invalidates (from upper level)
   INVX: 0 # Downgrades (from upper level)
   FWD: 0 # Forwards (from upper level)
   latGETnl: 62660925 # GET request latency on next level
   latGETnet: 0 # GET request latency on network to next level
  l3-0b8: # Cache stats
   hGETS: 693 # GETS hits
   hGETX: 59 # GETX hits
   mGETS: 38616 # GETS misses
   mGETXIM: 239639 # GETX I->M misses
   mGETXSM: 0 # GETX S->M misses (upgrade misses)
   PUTS: 34527 # Clean evictions (from lower level)
   PUTX: 209427 # Dirty evictions (from lower level)
   INV: 0 # Invalidates (from upper level)
   INVX: 0 # Downgrades (from upper level)
   FWD: 0 # Forwards (from upper level)
   latGETnl: 62607375 # GET request latency on next level
   latGETnet: 0 # GET request latency on network to next level
  l3-0b9: # Cache stats
   hGETS: 714 # GETS hits
   hGETX: 51 # GETX hits
   mGETS: 38601 # GETS misses
   mGETXIM: 239642 # GETX I->M misses
   mGETXSM: 0 # GETX S->M misses (upgrade misses)
   PUTS: 34343 # Clean evictions (from lower level)
   PUTX: 209723 # Dirty evictions (from lower level)
   INV: 0 # Invalidates (from upper level)
   INVX: 0 # Downgrades (from upper level)
   FWD: 0 # Forwards (from upper level)
   latGETnl: 62604675 # GET request latency on next level
   latGETnet: 0 # GET request latency on network to next level
  l3-0b10: # Cache stats
   hGETS: 1139 # GETS hits
   hGETX: 23 # GETX hits
   mGETS: 39812 # GETS misses
   mGETXIM: 239636 # GETX I->M misses
   mGETXSM: 0 # GETX S->M misses (upgrade misses)
   PUTS: 35692 # Clean evictions (from lower level)
   PUTX: 209040 # Dirty evictions (from lower level)
   INV: 0 # Invalidates (from upper level)
   INVX: 0 # Downgrades (from upper level)
   FWD: 0 # Forwards (from upper level)
   latGETnl: 62875800 # GET request latency on next level
   latGETnet: 0 # GET request latency on network to next level
  l3-0b11: # Cache stats
   hGETS: 728 # GETS hits
   hGETX: 40 # GETX hits
   mGETS: 39878 # GETS misses
   mGETXIM: 239643 # GETX I->M misses
   mGETXSM: 0 # GETX S->M misses (upgrade misses)
   PUTS: 35396 # Clean evictions (from lower level)
   PUTX: 208819 # Dirty evictions (from lower level)
   INV: 0 # Invalidates (from upper level)
   INVX: 0 # Downgrades (from upper level)
   FWD: 0 # Forwards (from upper level)
   latGETnl: 62892225 # GET request latency on next level
   latGETnet: 0 # GET request latency on network to next level
  l3-0b12: # Cache stats
   hGETS: 1113 # GETS hits
   hGETX: 47 # GETX hits
   mGETS: 38819 # GETS misses
   mGETXIM: 239635 # GETX I->M misses
   mGETXSM: 0 # GETX S->M misses (upgrade misses)
   PUTS: 34986 # Clean evictions (from lower level)
   PUTX: 209334 # Dirty evictions (from lower level)
   INV: 0 # Invalidates (from upper level)
   INVX: 0 # Downgrades (from upper level)
   FWD: 0 # Forwards (from upper level)
   latGETnl: 62652150 # GET request latency on next level
   latGETnet: 0 # GET request latency on network to next level
  l3-0b13: # Cache stats
   hGETS: 1061 # GETS hits
   hGETX: 26 # GETX hits
   mGETS: 38893 # GETS misses
   mGETXIM: 239644 # GETX I->M misses
   mGETXSM: 0 # GETX S->M misses (upgrade misses)
   PUTS: 34948 # Clean evictions (from lower level)
   PUTX: 209455 # Dirty evictions (from lower level)
   INV: 0 # Invalidates (from upper level)
   INVX: 0 # Downgrades (from upper level)
   FWD: 0 # Forwards (from upper level)
   latGETnl: 62670825 # GET request latency on next level
   latGETnet: 0 # GET request latency on network to next level
  l3-0b14: # Cache stats
   hGETS: 1124 # GETS hits
   hGETX: 21 # GETX hits
   mGETS: 39386 # GETS misses
   mGETXIM: 239637 # GETX I->M misses
   mGETXSM: 0 # GETX S->M misses (upgrade misses)
   PUTS: 35306 # Clean evictions (from lower level)
   PUTX: 209335 # Dirty evictions (from lower level)
   INV: 0 # Invalidates (from upper level)
   INVX: 0 # Downgrades (from upper level)
   FWD: 0 # Forwards (from upper level)
   latGETnl: 62780175 # GET request latency on next level
   latGETnet: 0 # GET request latency on network to next level
  l3-0b15: # Cache stats
   hGETS: 1062 # GETS hits
   hGETX: 30 # GETX hits
   mGETS: 39344 # GETS misses
   mGETXIM: 239637 # GETX I->M misses
   mGETXSM: 0 # GETX S->M misses (upgrade misses)
   PUTS: 35279 # Clean evictions (from lower level)
   PUTX: 209208 # Dirty evictions (from lower level)
   INV: 0 # Invalidates (from upper level)
   INVX: 0 # Downgrades (from upper level)
   FWD: 0 # Forwards (from upper level)
   latGETnl: 62770725 # GET request latency on next level
   latGETnet: 0 # GET request latency on network to next level
  l3-0b16: # Cache stats
   hGETS: 725 # GETS hits
   hGETX: 22 # GETX hits
   mGETS: 39753 # GETS misses
   mGETXIM: 239543 # GETX I->M misses
   mGETXSM: 0 # GETX S->M misses (upgrade misses)
   PUTS: 35385 # Clean evictions (from lower level)
   PUTX: 209310 # Dirty evictions (from lower level)
   INV: 0 # Invalidates (from upper level)
   INVX: 0 # Downgrades (from upper level)
   FWD: 0 # Forwards (from upper level)
   latGETnl: 62841600 # GET request latency on next level
   latGETnet: 0 # GET request latency on network to next level
  l3-0b17: # Cache stats
   hGETS: 744 # GETS hits
   hGETX: 16 # GETX hits
   mGETS: 39279 # GETS misses
   mGETXIM: 239537 # GETX I->M misses
   mGETXSM: 0 # GETX S->M misses (upgrade misses)
   PUTS: 35039 # Clean evictions (from lower level)
   PUTX: 209190 # Dirty evictions (from lower level)
   INV: 0 # Invalidates (from upper level)
   INVX: 0 # Downgrades (from upper level)
   FWD: 0 # Forwards (from upper level)
   latGETnl: 62733600 # GET request latency on next level
   latGETnet: 0 # GET request latency on network to next level
  l3-0b18: # Cache stats
   hGETS: 271 # GETS hits
   hGETX: 45 # GETX hits
   mGETS: 38487 # GETS misses
   mGETXIM: 239544 # GETX I->M misses
   mGETXSM: 0 # GETX S->M misses (upgrade misses)
   PUTS: 33940 # Clean evictions (from lower level)
   PUTX: 209491 # Dirty evictions (from lower level)
   INV: 0 # Invalidates (from upper level)
   INVX: 0 # Downgrades (from upper level)
   FWD: 0 # Forwards (from upper level)
   latGETnl: 62556975 # GET request latency on next level
   latGETnet: 0 # GET request latency on network to next level
  l3-0b19: # Cache stats
   hGETS: 268 # GETS hits
   hGETX: 74 # GETX hits
   mGETS: 38837 # GETS misses
   mGETXIM: 239541 # GETX I->M misses
   mGETXSM: 0 # GETX S->M misses (upgrade misses)
   PUTS: 34069 # Clean evictions (from lower level)
   PUTX: 209426 # Dirty evictions (from lower level)
   INV: 0 # Invalidates (from upper level)
   INVX: 0 # Downgrades (from upper level)
   FWD: 0 # Forwards (from upper level)
   latGETnl: 62635050 # GET request latency on next level
   latGETnet: 0 # GET request latency on network to next level
  l3-0b20: # Cache stats
   hGETS: 269 # GETS hits
   hGETX: 13 # GETX hits
   mGETS: 39415 # GETS misses
   mGETXIM: 239552 # GETX I->M misses
   mGETXSM: 0 # GETX S->M misses (upgrade misses)
   PUTS: 34608 # Clean evictions (from lower level)
   PUTX: 209159 # Dirty evictions (from lower level)
   INV: 0 # Invalidates (from upper level)
   INVX: 0 # Downgrades (from upper level)
   FWD: 0 # Forwards (from upper level)
   latGETnl: 62767575 # GET request latency on next level
   latGETnet: 0 # GET request latency on network to next level
  l3-0b21: # Cache stats
   hGETS: 262 # GETS hits
   hGETX: 22 # GETX hits
   mGETS: 39107 # GETS misses
   mGETXIM: 239549 # GETX I->M misses
   mGETXSM: 0 # GETX S->M misses (upgrade misses)
   PUTS: 34428 # Clean evictions (from lower level)
   PUTX: 209312 # Dirty evictions (from lower level)
   INV: 0 # Invalidates (from upper level)
   INVX: 0 # Downgrades (from upper level)
   FWD: 0 # Forwards (from upper level)
   latGETnl: 62697600 # GET request latency on next level
   latGETnet: 0 # GET request latency on network to next level
  l3-0b22: # Cache stats
   hGETS: 415 # GETS hits
   hGETX: 31 # GETX hits
   mGETS: 38714 # GETS misses
   mGETXIM: 239552 # GETX I->M misses
   mGETXSM: 0 # GETX S->M misses (upgrade misses)
   PUTS: 34247 # Clean evictions (from lower level)
   PUTX: 209363 # Dirty evictions (from lower level)
   INV: 0 # Invalidates (from upper level)
   INVX: 0 # Downgrades (from upper level)
   FWD: 0 # Forwards (from upper level)
   latGETnl: 62609850 # GET request latency on next level
   latGETnet: 0 # GET request latency on network to next level
  l3-0b23: # Cache stats
   hGETS: 327 # GETS hits
   hGETX: 39 # GETX hits
   mGETS: 38955 # GETS misses
   mGETXIM: 239552 # GETX I->M misses
   mGETXSM: 0 # GETX S->M misses (upgrade misses)
   PUTS: 34334 # Clean evictions (from lower level)
   PUTX: 209397 # Dirty evictions (from lower level)
   INV: 0 # Invalidates (from upper level)
   INVX: 0 # Downgrades (from upper level)
   FWD: 0 # Forwards (from upper level)
   latGETnl: 62664075 # GET request latency on next level
   latGETnet: 0 # GET request latency on network to next level
 mem: # Memory controller stats
  mem-0: # Memory controller stats
   rd: 6672940 # Read requests
   wr: 5246365 # Write requests
   rdlat: 1754667269 # Total latency experienced by read requests
   wrlat: 1392953157 # Total latency experienced by write requests
 sched: # Scheduler stats
  thCr: 25 # Threads created
  thFn: 25 # Threads finished
  schedEvs: 26 # Schedule events
  waitEvs: 2 # Wait events
  handoffEvs: 1 # Handoff events
  sleepEvs: 1 # Sleep events
  idlePhases: 0 # Phases with no thread active
  idlePeriods: 0 # Periods with no thread active
  occHist: # Occupancy histogram
   0: 0
   1: 36
   2: 0
   3: 2
   4: 2
   5: 1
   6: 1
   7: 0
   8: 1
   9: 0
   10: 0
   11: 0
   12: 1
   13: 0
   14: 1
   15: 0
   16: 0
   17: 1
   18: 0
   19: 0
   20: 1
   21: 0
   22: 1
   23: 57360
   24: 0
  rqSzHist: # Run queue size histogram
   0: 57378
   1: 30
   2: 0
   3: 0
   4: 0
   5: 0
   6: 0
   7: 0
   8: 0
   9: 0
   10: 0
   11: 0
   12: 0
   13: 0
   14: 0
   15: 0
   16: 0
   17: 0
   18: 0
   19: 0
   20: 0
   21: 0
   22: 0
   23: 0
   24: 0
 procCycles: # Per-process unhalted core cycles
  0: 1319434399
  1: 0
  2: 0
  3: 0
  4: 0
  5: 0
  6: 0
  7: 0
  8: 0
  9: 0
  10: 0
  11: 0
  12: 0
  13: 0
  14: 0
  15: 0
  16: 0
  17: 0
  18: 0
  19: 0
  20: 0
  21: 0
  22: 0
  23: 0
  24: 0
  25: 0
  26: 0
  27: 0
  28: 0
  29: 0
  30: 0
  31: 0
  32: 0
  33: 0
  34: 0
  35: 0
  36: 0
  37: 0
  38: 0
  39: 0
  40: 0
  41: 0
  42: 0
  43: 0
  44: 0
  45: 0
  46: 0
  47: 0
  48: 0
  49: 0
  50: 0
  51: 0
  52: 0
  53: 0
  54: 0
  55: 0
  56: 0
  57: 0
  58: 0
  59: 0
  60: 0
  61: 0
  62: 0
  63: 0
 procInstrs: # Per-process instructions
  0: 1821047459
  1: 0
  2: 0
  3: 0
  4: 0
  5: 0
  6: 0
  7: 0
  8: 0
  9: 0
  10: 0
  11: 0
  12: 0
  13: 0
  14: 0
  15: 0
  16: 0
  17: 0
  18: 0
  19: 0
  20: 0
  21: 0
  22: 0
  23: 0
  24: 0
  25: 0
  26: 0
  27: 0
  28: 0
  29: 0
  30: 0
  31: 0
  32: 0
  33: 0
  34: 0
  35: 0
  36: 0
  37: 0
  38: 0
  39: 0
  40: 0
  41: 0
  42: 0
  43: 0
  44: 0
  45: 0
  46: 0
  47: 0
  48: 0
  49: 0
  50: 0
  51: 0
  52: 0
  53: 0
  54: 0
  55: 0
  56: 0
  57: 0
  58: 0
  59: 0
  60: 0
  61: 0
  62: 0
  63: 0
 heartbeats: # Per-process heartbeats
  0: 0
  1: 0
  2: 0
  3: 0
  4: 0
  5: 0
  6: 0
  7: 0
  8: 0
  9: 0
  10: 0
  11: 0
  12: 0
  13: 0
  14: 0
  15: 0
  16: 0
  17: 0
  18: 0
  19: 0
  20: 0
  21: 0
  22: 0
  23: 0
  24: 0
  25: 0
  26: 0
  27: 0
  28: 0
  29: 0
  30: 0
  31: 0
  32: 0
  33: 0
  34: 0
  35: 0
  36: 0
  37: 0
  38: 0
  39: 0
  40: 0
  41: 0
  42: 0
  43: 0
  44: 0
  45: 0
  46: 0
  47: 0
  48: 0
  49: 0
  50: 0
  51: 0
  52: 0
  53: 0
  54: 0
  55: 0
  56: 0
  57: 0
  58: 0
  59: 0
  60: 0
  61: 0
  62: 0
  63: 0
===
