# zsim stats
===
root: # Stats
 contention: # Contention simulation stats
  domain-0: # Domain stats
   time: 6006364093 # Weave simulation time
 time: # Simulator time breakdown
  init: 3071828538
  bound: 280060926355
  weave: 7817540739
  ff: 487965
 trigger: 20000 # Reason for this stats dump
 phase: 52680 # Simulated phases
 reqCycles: 0 # Requeue Cycles
 skylake: # Core stats
  skylake-0: # Core stats
   cycles: 52680018 # Simulated unhalted cycles
   cCycles: 1446187 # Cycles due to contention stalls
   instrs: 75665731 # Simulated instructions
   uops: 51536591 # issued micro-ops
   bbls: 24847156 # Basic blocks
   approxInstrs: 650068 # Instrs with approx uop decoding
   mispredBranches: 94609 # Mispredicted branches
   IdqNotDelivered: 51233831 # Stalls no uop delivered when no Bkend Stall
   IntMiscRecoveryCycles: 765844 # Stalls waiting machine clears
   uops executed: 51780733 # Executed microoperations
  skylake-1: # Core stats
   cycles: 52656036 # Simulated unhalted cycles
   cCycles: 1446195 # Cycles due to contention stalls
   instrs: 75664921 # Simulated instructions
   uops: 51535512 # issued micro-ops
   bbls: 24847058 # Basic blocks
   approxInstrs: 650064 # Instrs with approx uop decoding
   mispredBranches: 94580 # Mispredicted branches
   IdqNotDelivered: 51209841 # Stalls no uop delivered when no Bkend Stall
   IntMiscRecoveryCycles: 760753 # Stalls waiting machine clears
   uops executed: 51779641 # Executed microoperations
  skylake-2: # Core stats
   cycles: 52653557 # Simulated unhalted cycles
   cCycles: 1446210 # Cycles due to contention stalls
   instrs: 75661806 # Simulated instructions
   uops: 51533145 # issued micro-ops
   bbls: 24846104 # Basic blocks
   approxInstrs: 650041 # Instrs with approx uop decoding
   mispredBranches: 94574 # Mispredicted branches
   IdqNotDelivered: 51207347 # Stalls no uop delivered when no Bkend Stall
   IntMiscRecoveryCycles: 762177 # Stalls waiting machine clears
   uops executed: 51777309 # Executed microoperations
  skylake-3: # Core stats
   cycles: 52654710 # Simulated unhalted cycles
   cCycles: 1446186 # Cycles due to contention stalls
   instrs: 75664190 # Simulated instructions
   uops: 51534888 # issued micro-ops
   bbls: 24846849 # Basic blocks
   approxInstrs: 650057 # Instrs with approx uop decoding
   mispredBranches: 94574 # Mispredicted branches
   IdqNotDelivered: 51208524 # Stalls no uop delivered when no Bkend Stall
   IntMiscRecoveryCycles: 761456 # Stalls waiting machine clears
   uops executed: 51779021 # Executed microoperations
  skylake-4: # Core stats
   cycles: 52653036 # Simulated unhalted cycles
   cCycles: 1446208 # Cycles due to contention stalls
   instrs: 75664692 # Simulated instructions
   uops: 51535234 # issued micro-ops
   bbls: 24847013 # Basic blocks
   approxInstrs: 650062 # Instrs with approx uop decoding
   mispredBranches: 94575 # Mispredicted branches
   IdqNotDelivered: 51206828 # Stalls no uop delivered when no Bkend Stall
   IntMiscRecoveryCycles: 760866 # Stalls waiting machine clears
   uops executed: 51779370 # Executed microoperations
  skylake-5: # Core stats
   cycles: 52652036 # Simulated unhalted cycles
   cCycles: 1446192 # Cycles due to contention stalls
   instrs: 75663890 # Simulated instructions
   uops: 51534688 # issued micro-ops
   bbls: 24846749 # Basic blocks
   approxInstrs: 650057 # Instrs with approx uop decoding
   mispredBranches: 94574 # Mispredicted branches
   IdqNotDelivered: 51205844 # Stalls no uop delivered when no Bkend Stall
   IntMiscRecoveryCycles: 760760 # Stalls waiting machine clears
   uops executed: 51778821 # Executed microoperations
  skylake-6: # Core stats
   cycles: 52651865 # Simulated unhalted cycles
   cCycles: 1446186 # Cycles due to contention stalls
   instrs: 75664424 # Simulated instructions
   uops: 51534733 # issued micro-ops
   bbls: 24846998 # Basic blocks
   approxInstrs: 650058 # Instrs with approx uop decoding
   mispredBranches: 94572 # Mispredicted branches
   IdqNotDelivered: 51205679 # Stalls no uop delivered when no Bkend Stall
   IntMiscRecoveryCycles: 762056 # Stalls waiting machine clears
   uops executed: 51778859 # Executed microoperations
  skylake-7: # Core stats
   cycles: 52651025 # Simulated unhalted cycles
   cCycles: 1446194 # Cycles due to contention stalls
   instrs: 75664424 # Simulated instructions
   uops: 51534733 # issued micro-ops
   bbls: 24846998 # Basic blocks
   approxInstrs: 650058 # Instrs with approx uop decoding
   mispredBranches: 94572 # Mispredicted branches
   IdqNotDelivered: 51204831 # Stalls no uop delivered when no Bkend Stall
   IntMiscRecoveryCycles: 761777 # Stalls waiting machine clears
   uops executed: 51778859 # Executed microoperations
  skylake-8: # Core stats
   cycles: 52651019 # Simulated unhalted cycles
   cCycles: 1446189 # Cycles due to contention stalls
   instrs: 75662621 # Simulated instructions
   uops: 51533819 # issued micro-ops
   bbls: 24846334 # Basic blocks
   approxInstrs: 650043 # Instrs with approx uop decoding
   mispredBranches: 94572 # Mispredicted branches
   IdqNotDelivered: 51204830 # Stalls no uop delivered when no Bkend Stall
   IntMiscRecoveryCycles: 760673 # Stalls waiting machine clears
   uops executed: 51777947 # Executed microoperations
  skylake-9: # Core stats
   cycles: 52650711 # Simulated unhalted cycles
   cCycles: 1446200 # Cycles due to contention stalls
   instrs: 75664361 # Simulated instructions
   uops: 51534679 # issued micro-ops
   bbls: 24846979 # Basic blocks
   approxInstrs: 650056 # Instrs with approx uop decoding
   mispredBranches: 94569 # Mispredicted branches
   IdqNotDelivered: 51204511 # Stalls no uop delivered when no Bkend Stall
   IntMiscRecoveryCycles: 761426 # Stalls waiting machine clears
   uops executed: 51778819 # Executed microoperations
  skylake-10: # Core stats
   cycles: 52650728 # Simulated unhalted cycles
   cCycles: 1446207 # Cycles due to contention stalls
   instrs: 75664022 # Simulated instructions
   uops: 51534453 # issued micro-ops
   bbls: 24846866 # Basic blocks
   approxInstrs: 650056 # Instrs with approx uop decoding
   mispredBranches: 94569 # Mispredicted branches
   IdqNotDelivered: 51204521 # Stalls no uop delivered when no Bkend Stall
   IntMiscRecoveryCycles: 761339 # Stalls waiting machine clears
   uops executed: 51778593 # Executed microoperations
  skylake-11: # Core stats
   cycles: 52650036 # Simulated unhalted cycles
   cCycles: 1446190 # Cycles due to contention stalls
   instrs: 75662970 # Simulated instructions
   uops: 51533963 # issued micro-ops
   bbls: 24846424 # Basic blocks
   approxInstrs: 650053 # Instrs with approx uop decoding
   mispredBranches: 94571 # Mispredicted branches
   IdqNotDelivered: 51203846 # Stalls no uop delivered when no Bkend Stall
   IntMiscRecoveryCycles: 761295 # Stalls waiting machine clears
   uops executed: 51778183 # Executed microoperations
  skylake-12: # Core stats
   cycles: 52650055 # Simulated unhalted cycles
   cCycles: 1446210 # Cycles due to contention stalls
   instrs: 75664425 # Simulated instructions
   uops: 51534734 # issued micro-ops
   bbls: 24846999 # Basic blocks
   approxInstrs: 650058 # Instrs with approx uop decoding
   mispredBranches: 94572 # Mispredicted branches
   IdqNotDelivered: 51203845 # Stalls no uop delivered when no Bkend Stall
   IntMiscRecoveryCycles: 761347 # Stalls waiting machine clears
   uops executed: 51778860 # Executed microoperations
  skylake-13: # Core stats
   cycles: 52649754 # Simulated unhalted cycles
   cCycles: 1446214 # Cycles due to contention stalls
   instrs: 75664424 # Simulated instructions
   uops: 51534733 # issued micro-ops
   bbls: 24846998 # Basic blocks
   approxInstrs: 650058 # Instrs with approx uop decoding
   mispredBranches: 94572 # Mispredicted branches
   IdqNotDelivered: 51203540 # Stalls no uop delivered when no Bkend Stall
   IntMiscRecoveryCycles: 761503 # Stalls waiting machine clears
   uops executed: 51778859 # Executed microoperations
  skylake-14: # Core stats
   cycles: 52649035 # Simulated unhalted cycles
   cCycles: 1446207 # Cycles due to contention stalls
   instrs: 75664016 # Simulated instructions
   uops: 51534449 # issued micro-ops
   bbls: 24846864 # Basic blocks
   approxInstrs: 650056 # Instrs with approx uop decoding
   mispredBranches: 94569 # Mispredicted branches
   IdqNotDelivered: 51202828 # Stalls no uop delivered when no Bkend Stall
   IntMiscRecoveryCycles: 760856 # Stalls waiting machine clears
   uops executed: 51778589 # Executed microoperations
  skylake-15: # Core stats
   cycles: 52649036 # Simulated unhalted cycles
   cCycles: 1446204 # Cycles due to contention stalls
   instrs: 75663971 # Simulated instructions
   uops: 51534419 # issued micro-ops
   bbls: 24846849 # Basic blocks
   approxInstrs: 650056 # Instrs with approx uop decoding
   mispredBranches: 94569 # Mispredicted branches
   IdqNotDelivered: 51202832 # Stalls no uop delivered when no Bkend Stall
   IntMiscRecoveryCycles: 760836 # Stalls waiting machine clears
   uops executed: 51778559 # Executed microoperations
  skylake-16: # Core stats
   cycles: 52649018 # Simulated unhalted cycles
   cCycles: 1446220 # Cycles due to contention stalls
   instrs: 75664403 # Simulated instructions
   uops: 51534707 # issued micro-ops
   bbls: 24846993 # Basic blocks
   approxInstrs: 650056 # Instrs with approx uop decoding
   mispredBranches: 94569 # Mispredicted branches
   IdqNotDelivered: 51202798 # Stalls no uop delivered when no Bkend Stall
   IntMiscRecoveryCycles: 760744 # Stalls waiting machine clears
   uops executed: 51778847 # Executed microoperations
  skylake-17: # Core stats
   cycles: 52649035 # Simulated unhalted cycles
   cCycles: 1446219 # Cycles due to contention stalls
   instrs: 75664025 # Simulated instructions
   uops: 51534455 # issued micro-ops
   bbls: 24846867 # Basic blocks
   approxInstrs: 650056 # Instrs with approx uop decoding
   mispredBranches: 94569 # Mispredicted branches
   IdqNotDelivered: 51202816 # Stalls no uop delivered when no Bkend Stall
   IntMiscRecoveryCycles: 760948 # Stalls waiting machine clears
   uops executed: 51778595 # Executed microoperations
  skylake-18: # Core stats
   cycles: 52648036 # Simulated unhalted cycles
   cCycles: 1446213 # Cycles due to contention stalls
   instrs: 75662650 # Simulated instructions
   uops: 51533516 # issued micro-ops
   bbls: 24846416 # Basic blocks
   approxInstrs: 650044 # Instrs with approx uop decoding
   mispredBranches: 94567 # Mispredicted branches
   IdqNotDelivered: 51201823 # Stalls no uop delivered when no Bkend Stall
   IntMiscRecoveryCycles: 760732 # Stalls waiting machine clears
   uops executed: 51777651 # Executed microoperations
  skylake-19: # Core stats
   cycles: 52648035 # Simulated unhalted cycles
   cCycles: 1446243 # Cycles due to contention stalls
   instrs: 75662395 # Simulated instructions
   uops: 51533346 # issued micro-ops
   bbls: 24846331 # Basic blocks
   approxInstrs: 650044 # Instrs with approx uop decoding
   mispredBranches: 94567 # Mispredicted branches
   IdqNotDelivered: 51201792 # Stalls no uop delivered when no Bkend Stall
   IntMiscRecoveryCycles: 761122 # Stalls waiting machine clears
   uops executed: 51777481 # Executed microoperations
  skylake-20: # Core stats
   cycles: 52648036 # Simulated unhalted cycles
   cCycles: 1446236 # Cycles due to contention stalls
   instrs: 75662413 # Simulated instructions
   uops: 51533358 # issued micro-ops
   bbls: 24846337 # Basic blocks
   approxInstrs: 650044 # Instrs with approx uop decoding
   mispredBranches: 94567 # Mispredicted branches
   IdqNotDelivered: 51201800 # Stalls no uop delivered when no Bkend Stall
   IntMiscRecoveryCycles: 761163 # Stalls waiting machine clears
   uops executed: 51777493 # Executed microoperations
  skylake-21: # Core stats
   cycles: 52648019 # Simulated unhalted cycles
   cCycles: 1446214 # Cycles due to contention stalls
   instrs: 75644045 # Simulated instructions
   uops: 51522261 # issued micro-ops
   bbls: 24839789 # Basic blocks
   approxInstrs: 649845 # Instrs with approx uop decoding
   mispredBranches: 94623 # Mispredicted branches
   IdqNotDelivered: 51201805 # Stalls no uop delivered when no Bkend Stall
   IntMiscRecoveryCycles: 763554 # Stalls waiting machine clears
   uops executed: 51766403 # Executed microoperations
  skylake-22: # Core stats
   cycles: 52645728 # Simulated unhalted cycles
   cCycles: 1446182 # Cycles due to contention stalls
   instrs: 75658334 # Simulated instructions
   uops: 51530620 # issued micro-ops
   bbls: 24844994 # Basic blocks
   approxInstrs: 650008 # Instrs with approx uop decoding
   mispredBranches: 94560 # Mispredicted branches
   IdqNotDelivered: 51199546 # Stalls no uop delivered when no Bkend Stall
   IntMiscRecoveryCycles: 760737 # Stalls waiting machine clears
   uops executed: 51774762 # Executed microoperations
  skylake-23: # Core stats
   cycles: 0 # Simulated unhalted cycles
   cCycles: 0 # Cycles due to contention stalls
   instrs: 0 # Simulated instructions
   uops: 0 # issued micro-ops
   bbls: 0 # Basic blocks
   approxInstrs: 0 # Instrs with approx uop decoding
   mispredBranches: 0 # Mispredicted branches
   IdqNotDelivered: 0 # Stalls no uop delivered when no Bkend Stall
   IntMiscRecoveryCycles: 0 # Stalls waiting machine clears
   uops executed: 0 # Executed microoperations
 l1d: # Cache stats
  l1d-0: # Filter cache stats
   fhGETS: 809961 # Filtered GETS hits
   fhGETX: 393735 # Filtered GETX hits
   hGETS: 8025 # GETS hits
   hGETX: 12480 # GETX hits
   mGETS: 250263 # GETS misses
   mGETXIM: 27874 # GETX I->M misses
   mGETXSM: 7 # GETX S->M misses (upgrade misses)
   PUTS: 0 # Clean evictions (from lower level)
   PUTX: 0 # Dirty evictions (from lower level)
   INV: 94 # Invalidates (from upper level)
   INVX: 93 # Downgrades (from upper level)
   FWD: 0 # Forwards (from upper level)
   latGETnl: 49767006 # GET request latency on next level
   latGETnet: 0 # GET request latency on network to next level
  l1d-1: # Filter cache stats
   fhGETS: 809695 # Filtered GETS hits
   fhGETX: 393558 # Filtered GETX hits
   hGETS: 7944 # GETS hits
   hGETX: 12452 # GETX hits
   mGETS: 250219 # GETS misses
   mGETXIM: 27836 # GETX I->M misses
   mGETXSM: 10 # GETX S->M misses (upgrade misses)
   PUTS: 0 # Clean evictions (from lower level)
   PUTX: 0 # Dirty evictions (from lower level)
   INV: 76 # Invalidates (from upper level)
   INVX: 25 # Downgrades (from upper level)
   FWD: 0 # Forwards (from upper level)
   latGETnl: 49747969 # GET request latency on next level
   latGETnet: 0 # GET request latency on network to next level
  l1d-2: # Filter cache stats
   fhGETS: 809543 # Filtered GETS hits
   fhGETX: 393481 # Filtered GETX hits
   hGETS: 7922 # GETS hits
   hGETX: 12427 # GETX hits
   mGETS: 250202 # GETS misses
   mGETXIM: 27830 # GETX I->M misses
   mGETXSM: 5 # GETX S->M misses (upgrade misses)
   PUTS: 0 # Clean evictions (from lower level)
   PUTX: 0 # Dirty evictions (from lower level)
   INV: 56 # Invalidates (from upper level)
   INVX: 5 # Downgrades (from upper level)
   FWD: 0 # Forwards (from upper level)
   latGETnl: 49744295 # GET request latency on next level
   latGETnet: 0 # GET request latency on network to next level
  l1d-3: # Filter cache stats
   fhGETS: 809618 # Filtered GETS hits
   fhGETX: 393515 # Filtered GETX hits
   hGETS: 7950 # GETS hits
   hGETX: 12446 # GETX hits
   mGETS: 250209 # GETS misses
   mGETXIM: 27840 # GETX I->M misses
   mGETXSM: 7 # GETX S->M misses (upgrade misses)
   PUTS: 0 # Clean evictions (from lower level)
   PUTX: 0 # Dirty evictions (from lower level)
   INV: 72 # Invalidates (from upper level)
   INVX: 36 # Downgrades (from upper level)
   FWD: 0 # Forwards (from upper level)
   latGETnl: 49748720 # GET request latency on next level
   latGETnet: 0 # GET request latency on network to next level
  l1d-4: # Filter cache stats
   fhGETS: 809616 # Filtered GETS hits
   fhGETX: 393510 # Filtered GETX hits
   hGETS: 7954 # GETS hits
   hGETX: 12463 # GETX hits
   mGETS: 250216 # GETS misses
   mGETXIM: 27831 # GETX I->M misses
   mGETXSM: 9 # GETX S->M misses (upgrade misses)
   PUTS: 0 # Clean evictions (from lower level)
   PUTX: 0 # Dirty evictions (from lower level)
   INV: 71 # Invalidates (from upper level)
   INVX: 20 # Downgrades (from upper level)
   FWD: 0 # Forwards (from upper level)
   latGETnl: 49746620 # GET request latency on next level
   latGETnet: 0 # GET request latency on network to next level
  l1d-5: # Filter cache stats
   fhGETS: 809624 # Filtered GETS hits
   fhGETX: 393520 # Filtered GETX hits
   hGETS: 7937 # GETS hits
   hGETX: 12449 # GETX hits
   mGETS: 250216 # GETS misses
   mGETXIM: 27830 # GETX I->M misses
   mGETXSM: 9 # GETX S->M misses (upgrade misses)
   PUTS: 0 # Clean evictions (from lower level)
   PUTX: 0 # Dirty evictions (from lower level)
   INV: 71 # Invalidates (from upper level)
   INVX: 20 # Downgrades (from upper level)
   FWD: 0 # Forwards (from upper level)
   latGETnl: 49746601 # GET request latency on next level
   latGETnet: 0 # GET request latency on network to next level
  l1d-6: # Filter cache stats
   fhGETS: 809477 # Filtered GETS hits
   fhGETX: 393432 # Filtered GETX hits
   hGETS: 7932 # GETS hits
   hGETX: 12435 # GETX hits
   mGETS: 250194 # GETS misses
   mGETXIM: 27826 # GETX I->M misses
   mGETXSM: 5 # GETX S->M misses (upgrade misses)
   PUTS: 0 # Clean evictions (from lower level)
   PUTX: 0 # Dirty evictions (from lower level)
   INV: 53 # Invalidates (from upper level)
   INVX: 4 # Downgrades (from upper level)
   FWD: 0 # Forwards (from upper level)
   latGETnl: 49743337 # GET request latency on next level
   latGETnet: 0 # GET request latency on network to next level
  l1d-7: # Filter cache stats
   fhGETS: 809470 # Filtered GETS hits
   fhGETX: 393438 # Filtered GETX hits
   hGETS: 7938 # GETS hits
   hGETX: 12428 # GETX hits
   mGETS: 250195 # GETS misses
   mGETXIM: 27825 # GETX I->M misses
   mGETXSM: 7 # GETX S->M misses (upgrade misses)
   PUTS: 0 # Clean evictions (from lower level)
   PUTX: 0 # Dirty evictions (from lower level)
   INV: 52 # Invalidates (from upper level)
   INVX: 18 # Downgrades (from upper level)
   FWD: 0 # Forwards (from upper level)
   latGETnl: 49745147 # GET request latency on next level
   latGETnet: 0 # GET request latency on network to next level
  l1d-8: # Filter cache stats
   fhGETS: 809600 # Filtered GETS hits
   fhGETX: 393511 # Filtered GETX hits
   hGETS: 7948 # GETS hits
   hGETX: 12446 # GETX hits
   mGETS: 250206 # GETS misses
   mGETXIM: 27833 # GETX I->M misses
   mGETXSM: 9 # GETX S->M misses (upgrade misses)
   PUTS: 0 # Clean evictions (from lower level)
   PUTX: 0 # Dirty evictions (from lower level)
   INV: 71 # Invalidates (from upper level)
   INVX: 19 # Downgrades (from upper level)
   FWD: 0 # Forwards (from upper level)
   latGETnl: 49744910 # GET request latency on next level
   latGETnet: 0 # GET request latency on network to next level
  l1d-9: # Filter cache stats
   fhGETS: 809485 # Filtered GETS hits
   fhGETX: 393438 # Filtered GETX hits
   hGETS: 7919 # GETS hits
   hGETX: 12424 # GETX hits
   mGETS: 250189 # GETS misses
   mGETXIM: 27830 # GETX I->M misses
   mGETXSM: 5 # GETX S->M misses (upgrade misses)
   PUTS: 0 # Clean evictions (from lower level)
   PUTX: 0 # Dirty evictions (from lower level)
   INV: 54 # Invalidates (from upper level)
   INVX: 18 # Downgrades (from upper level)
   FWD: 0 # Forwards (from upper level)
   latGETnl: 49744658 # GET request latency on next level
   latGETnet: 0 # GET request latency on network to next level
  l1d-10: # Filter cache stats
   fhGETS: 809469 # Filtered GETS hits
   fhGETX: 393430 # Filtered GETX hits
   hGETS: 7931 # GETS hits
   hGETX: 12438 # GETX hits
   mGETS: 250193 # GETS misses
   mGETXIM: 27824 # GETX I->M misses
   mGETXSM: 5 # GETX S->M misses (upgrade misses)
   PUTS: 0 # Clean evictions (from lower level)
   PUTX: 0 # Dirty evictions (from lower level)
   INV: 53 # Invalidates (from upper level)
   INVX: 23 # Downgrades (from upper level)
   FWD: 0 # Forwards (from upper level)
   latGETnl: 49745620 # GET request latency on next level
   latGETnet: 0 # GET request latency on network to next level
  l1d-11: # Filter cache stats
   fhGETS: 809623 # Filtered GETS hits
   fhGETX: 393512 # Filtered GETX hits
   hGETS: 7957 # GETS hits
   hGETX: 12437 # GETX hits
   mGETS: 250210 # GETS misses
   mGETXIM: 27839 # GETX I->M misses
   mGETXSM: 10 # GETX S->M misses (upgrade misses)
   PUTS: 0 # Clean evictions (from lower level)
   PUTX: 0 # Dirty evictions (from lower level)
   INV: 58 # Invalidates (from upper level)
   INVX: 9 # Downgrades (from upper level)
   FWD: 0 # Forwards (from upper level)
   latGETnl: 49747193 # GET request latency on next level
   latGETnet: 0 # GET request latency on network to next level
  l1d-12: # Filter cache stats
   fhGETS: 721363 # Filtered GETS hits
   fhGETX: 299411 # Filtered GETX hits
   hGETS: 96047 # GETS hits
   hGETX: 106451 # GETX hits
   mGETS: 250193 # GETS misses
   mGETXIM: 27830 # GETX I->M misses
   mGETXSM: 6 # GETX S->M misses (upgrade misses)
   PUTS: 0 # Clean evictions (from lower level)
   PUTX: 0 # Dirty evictions (from lower level)
   INV: 55 # Invalidates (from upper level)
   INVX: 4 # Downgrades (from upper level)
   FWD: 0 # Forwards (from upper level)
   latGETnl: 49742863 # GET request latency on next level
   latGETnet: 0 # GET request latency on network to next level
  l1d-13: # Filter cache stats
   fhGETS: 809487 # Filtered GETS hits
   fhGETX: 393435 # Filtered GETX hits
   hGETS: 7923 # GETS hits
   hGETX: 12426 # GETX hits
   mGETS: 250193 # GETS misses
   mGETXIM: 27832 # GETX I->M misses
   mGETXSM: 5 # GETX S->M misses (upgrade misses)
   PUTS: 0 # Clean evictions (from lower level)
   PUTX: 0 # Dirty evictions (from lower level)
   INV: 58 # Invalidates (from upper level)
   INVX: 17 # Downgrades (from upper level)
   FWD: 0 # Forwards (from upper level)
   latGETnl: 49744988 # GET request latency on next level
   latGETnet: 0 # GET request latency on network to next level
  l1d-14: # Filter cache stats
   fhGETS: 809482 # Filtered GETS hits
   fhGETX: 393436 # Filtered GETX hits
   hGETS: 7919 # GETS hits
   hGETX: 12427 # GETX hits
   mGETS: 250192 # GETS misses
   mGETXIM: 27828 # GETX I->M misses
   mGETXSM: 6 # GETX S->M misses (upgrade misses)
   PUTS: 0 # Clean evictions (from lower level)
   PUTX: 0 # Dirty evictions (from lower level)
   INV: 54 # Invalidates (from upper level)
   INVX: 2 # Downgrades (from upper level)
   FWD: 0 # Forwards (from upper level)
   latGETnl: 49742312 # GET request latency on next level
   latGETnet: 0 # GET request latency on network to next level
  l1d-15: # Filter cache stats
   fhGETS: 809480 # Filtered GETS hits
   fhGETX: 393435 # Filtered GETX hits
   hGETS: 7918 # GETS hits
   hGETX: 12431 # GETX hits
   mGETS: 250195 # GETS misses
   mGETXIM: 27825 # GETX I->M misses
   mGETXSM: 6 # GETX S->M misses (upgrade misses)
   PUTS: 0 # Clean evictions (from lower level)
   PUTX: 0 # Dirty evictions (from lower level)
   INV: 55 # Invalidates (from upper level)
   INVX: 2 # Downgrades (from upper level)
   FWD: 0 # Forwards (from upper level)
   latGETnl: 49742708 # GET request latency on next level
   latGETnet: 0 # GET request latency on network to next level
  l1d-16: # Filter cache stats
   fhGETS: 721351 # Filtered GETS hits
   fhGETX: 299405 # Filtered GETX hits
   hGETS: 96049 # GETS hits
   hGETX: 106463 # GETX hits
   mGETS: 250193 # GETS misses
   mGETXIM: 27823 # GETX I->M misses
   mGETXSM: 6 # GETX S->M misses (upgrade misses)
   PUTS: 0 # Clean evictions (from lower level)
   PUTX: 0 # Dirty evictions (from lower level)
   INV: 51 # Invalidates (from upper level)
   INVX: 2 # Downgrades (from upper level)
   FWD: 0 # Forwards (from upper level)
   latGETnl: 49742256 # GET request latency on next level
   latGETnet: 0 # GET request latency on network to next level
  l1d-17: # Filter cache stats
   fhGETS: 809486 # Filtered GETS hits
   fhGETX: 393444 # Filtered GETX hits
   hGETS: 7917 # GETS hits
   hGETX: 12415 # GETX hits
   mGETS: 250190 # GETS misses
   mGETXIM: 27832 # GETX I->M misses
   mGETXSM: 6 # GETX S->M misses (upgrade misses)
   PUTS: 0 # Clean evictions (from lower level)
   PUTX: 0 # Dirty evictions (from lower level)
   INV: 56 # Invalidates (from upper level)
   INVX: 2 # Downgrades (from upper level)
   FWD: 0 # Forwards (from upper level)
   latGETnl: 49742142 # GET request latency on next level
   latGETnet: 0 # GET request latency on network to next level
  l1d-18: # Filter cache stats
   fhGETS: 809464 # Filtered GETS hits
   fhGETX: 393430 # Filtered GETX hits
   hGETS: 7917 # GETS hits
   hGETX: 12428 # GETX hits
   mGETS: 250191 # GETS misses
   mGETXIM: 27824 # GETX I->M misses
   mGETXSM: 6 # GETX S->M misses (upgrade misses)
   PUTS: 0 # Clean evictions (from lower level)
   PUTX: 0 # Dirty evictions (from lower level)
   INV: 54 # Invalidates (from upper level)
   INVX: 2 # Downgrades (from upper level)
   FWD: 0 # Forwards (from upper level)
   latGETnl: 49741813 # GET request latency on next level
   latGETnet: 0 # GET request latency on network to next level
  l1d-19: # Filter cache stats
   fhGETS: 809466 # Filtered GETS hits
   fhGETX: 393426 # Filtered GETX hits
   hGETS: 7916 # GETS hits
   hGETX: 12429 # GETX hits
   mGETS: 250190 # GETS misses
   mGETXIM: 27827 # GETX I->M misses
   mGETXSM: 6 # GETX S->M misses (upgrade misses)
   PUTS: 0 # Clean evictions (from lower level)
   PUTX: 0 # Dirty evictions (from lower level)
   INV: 55 # Invalidates (from upper level)
   INVX: 2 # Downgrades (from upper level)
   FWD: 0 # Forwards (from upper level)
   latGETnl: 49741907 # GET request latency on next level
   latGETnet: 0 # GET request latency on network to next level
  l1d-20: # Filter cache stats
   fhGETS: 809441 # Filtered GETS hits
   fhGETX: 393415 # Filtered GETX hits
   hGETS: 7942 # GETS hits
   hGETX: 12441 # GETX hits
   mGETS: 250189 # GETS misses
   mGETXIM: 27826 # GETX I->M misses
   mGETXSM: 6 # GETX S->M misses (upgrade misses)
   PUTS: 0 # Clean evictions (from lower level)
   PUTX: 0 # Dirty evictions (from lower level)
   INV: 53 # Invalidates (from upper level)
   INVX: 2 # Downgrades (from upper level)
   FWD: 0 # Forwards (from upper level)
   latGETnl: 49741945 # GET request latency on next level
   latGETnet: 0 # GET request latency on network to next level
  l1d-21: # Filter cache stats
   fhGETS: 810222 # Filtered GETS hits
   fhGETX: 393739 # Filtered GETX hits
   hGETS: 8163 # GETS hits
   hGETX: 12485 # GETX hits
   mGETS: 250175 # GETS misses
   mGETXIM: 27820 # GETX I->M misses
   mGETXSM: 10 # GETX S->M misses (upgrade misses)
   PUTS: 0 # Clean evictions (from lower level)
   PUTX: 0 # Dirty evictions (from lower level)
   INV: 51 # Invalidates (from upper level)
   INVX: 3 # Downgrades (from upper level)
   FWD: 0 # Forwards (from upper level)
   latGETnl: 49736103 # GET request latency on next level
   latGETnet: 0 # GET request latency on network to next level
  l1d-22: # Filter cache stats
   fhGETS: 809438 # Filtered GETS hits
   fhGETX: 393423 # Filtered GETX hits
   hGETS: 7914 # GETS hits
   hGETX: 12421 # GETX hits
   mGETS: 250181 # GETS misses
   mGETXIM: 27823 # GETX I->M misses
   mGETXSM: 8 # GETX S->M misses (upgrade misses)
   PUTS: 0 # Clean evictions (from lower level)
   PUTX: 0 # Dirty evictions (from lower level)
   INV: 55 # Invalidates (from upper level)
   INVX: 7 # Downgrades (from upper level)
   FWD: 0 # Forwards (from upper level)
   latGETnl: 49739994 # GET request latency on next level
   latGETnet: 0 # GET request latency on network to next level
  l1d-23: # Filter cache stats
   fhGETS: 0 # Filtered GETS hits
   fhGETX: 0 # Filtered GETX hits
   hGETS: 0 # GETS hits
   hGETX: 0 # GETX hits
   mGETS: 0 # GETS misses
   mGETXIM: 0 # GETX I->M misses
   mGETXSM: 0 # GETX S->M misses (upgrade misses)
   PUTS: 0 # Clean evictions (from lower level)
   PUTX: 0 # Dirty evictions (from lower level)
   INV: 0 # Invalidates (from upper level)
   INVX: 0 # Downgrades (from upper level)
   FWD: 0 # Forwards (from upper level)
   latGETnl: 0 # GET request latency on next level
   latGETnet: 0 # GET request latency on network to next level
 l1i: # Cache stats
  l1i-0: # Filter cache stats
   fhGETS: 25385828 # Filtered GETS hits
   fhGETX: 0 # Filtered GETX hits
   hGETS: 11145 # GETS hits
   hGETX: 0 # GETX hits
   mGETS: 681 # GETS misses
   mGETXIM: 0 # GETX I->M misses
   mGETXSM: 0 # GETX S->M misses (upgrade misses)
   PUTS: 0 # Clean evictions (from lower level)
   PUTX: 0 # Dirty evictions (from lower level)
   INV: 656 # Invalidates (from upper level)
   INVX: 0 # Downgrades (from upper level)
   FWD: 0 # Forwards (from upper level)
   latGETnl: 56295 # GET request latency on next level
   latGETnet: 0 # GET request latency on network to next level
  l1i-1: # Filter cache stats
   fhGETS: 25385807 # Filtered GETS hits
   fhGETX: 0 # Filtered GETX hits
   hGETS: 11130 # GETS hits
   hGETX: 0 # GETX hits
   mGETS: 593 # GETS misses
   mGETXIM: 0 # GETX I->M misses
   mGETXSM: 0 # GETX S->M misses (upgrade misses)
   PUTS: 0 # Clean evictions (from lower level)
   PUTX: 0 # Dirty evictions (from lower level)
   INV: 569 # Invalidates (from upper level)
   INVX: 0 # Downgrades (from upper level)
   FWD: 0 # Forwards (from upper level)
   latGETnl: 31567 # GET request latency on next level
   latGETnet: 0 # GET request latency on network to next level
  l1i-2: # Filter cache stats
   fhGETS: 25384783 # Filtered GETS hits
   fhGETX: 0 # Filtered GETX hits
   hGETS: 11121 # GETS hits
   hGETX: 0 # GETX hits
   mGETS: 619 # GETS misses
   mGETXIM: 0 # GETX I->M misses
   mGETXSM: 0 # GETX S->M misses (upgrade misses)
   PUTS: 0 # Clean evictions (from lower level)
   PUTX: 0 # Dirty evictions (from lower level)
   INV: 595 # Invalidates (from upper level)
   INVX: 0 # Downgrades (from upper level)
   FWD: 0 # Forwards (from upper level)
   latGETnl: 34769 # GET request latency on next level
   latGETnet: 0 # GET request latency on network to next level
  l1i-3: # Filter cache stats
   fhGETS: 25385561 # Filtered GETS hits
   fhGETX: 0 # Filtered GETX hits
   hGETS: 11121 # GETS hits
   hGETX: 0 # GETX hits
   mGETS: 601 # GETS misses
   mGETXIM: 0 # GETX I->M misses
   mGETXSM: 0 # GETX S->M misses (upgrade misses)
   PUTS: 0 # Clean evictions (from lower level)
   PUTX: 0 # Dirty evictions (from lower level)
   INV: 577 # Invalidates (from upper level)
   INVX: 0 # Downgrades (from upper level)
   FWD: 0 # Forwards (from upper level)
   latGETnl: 31811 # GET request latency on next level
   latGETnet: 0 # GET request latency on network to next level
  l1i-4: # Filter cache stats
   fhGETS: 25385743 # Filtered GETS hits
   fhGETX: 0 # Filtered GETX hits
   hGETS: 11124 # GETS hits
   hGETX: 0 # GETX hits
   mGETS: 600 # GETS misses
   mGETXIM: 0 # GETX I->M misses
   mGETXSM: 0 # GETX S->M misses (upgrade misses)
   PUTS: 0 # Clean evictions (from lower level)
   PUTX: 0 # Dirty evictions (from lower level)
   INV: 576 # Invalidates (from upper level)
   INVX: 0 # Downgrades (from upper level)
   FWD: 0 # Forwards (from upper level)
   latGETnl: 28728 # GET request latency on next level
   latGETnet: 0 # GET request latency on network to next level
  l1i-5: # Filter cache stats
   fhGETS: 25385469 # Filtered GETS hits
   fhGETX: 0 # Filtered GETX hits
   hGETS: 11124 # GETS hits
   hGETX: 0 # GETX hits
   mGETS: 600 # GETS misses
   mGETXIM: 0 # GETX I->M misses
   mGETXSM: 0 # GETX S->M misses (upgrade misses)
   PUTS: 0 # Clean evictions (from lower level)
   PUTX: 0 # Dirty evictions (from lower level)
   INV: 576 # Invalidates (from upper level)
   INVX: 0 # Downgrades (from upper level)
   FWD: 0 # Forwards (from upper level)
   latGETnl: 28332 # GET request latency on next level
   latGETnet: 0 # GET request latency on network to next level
  l1i-6: # Filter cache stats
   fhGETS: 25385722 # Filtered GETS hits
   fhGETX: 0 # Filtered GETX hits
   hGETS: 11124 # GETS hits
   hGETX: 0 # GETX hits
   mGETS: 578 # GETS misses
   mGETXIM: 0 # GETX I->M misses
   mGETXSM: 0 # GETX S->M misses (upgrade misses)
   PUTS: 0 # Clean evictions (from lower level)
   PUTX: 0 # Dirty evictions (from lower level)
   INV: 551 # Invalidates (from upper level)
   INVX: 0 # Downgrades (from upper level)
   FWD: 0 # Forwards (from upper level)
   latGETnl: 31126 # GET request latency on next level
   latGETnet: 0 # GET request latency on network to next level
  l1i-7: # Filter cache stats
   fhGETS: 25385706 # Filtered GETS hits
   fhGETX: 0 # Filtered GETX hits
   hGETS: 11123 # GETS hits
   hGETX: 0 # GETX hits
   mGETS: 585 # GETS misses
   mGETXIM: 0 # GETX I->M misses
   mGETXSM: 0 # GETX S->M misses (upgrade misses)
   PUTS: 0 # Clean evictions (from lower level)
   PUTX: 0 # Dirty evictions (from lower level)
   INV: 557 # Invalidates (from upper level)
   INVX: 0 # Downgrades (from upper level)
   FWD: 0 # Forwards (from upper level)
   latGETnl: 29739 # GET request latency on next level
   latGETnet: 0 # GET request latency on network to next level
  l1i-8: # Filter cache stats
   fhGETS: 25385052 # Filtered GETS hits
   fhGETX: 0 # Filtered GETX hits
   hGETS: 11125 # GETS hits
   hGETX: 0 # GETX hits
   mGETS: 599 # GETS misses
   mGETXIM: 0 # GETX I->M misses
   mGETXSM: 0 # GETX S->M misses (upgrade misses)
   PUTS: 0 # Clean evictions (from lower level)
   PUTX: 0 # Dirty evictions (from lower level)
   INV: 575 # Invalidates (from upper level)
   INVX: 0 # Downgrades (from upper level)
   FWD: 0 # Forwards (from upper level)
   latGETnl: 28153 # GET request latency on next level
   latGETnet: 0 # GET request latency on network to next level
  l1i-9: # Filter cache stats
   fhGETS: 25385704 # Filtered GETS hits
   fhGETX: 0 # Filtered GETX hits
   hGETS: 11112 # GETS hits
   hGETX: 0 # GETX hits
   mGETS: 586 # GETS misses
   mGETXIM: 0 # GETX I->M misses
   mGETXSM: 0 # GETX S->M misses (upgrade misses)
   PUTS: 0 # Clean evictions (from lower level)
   PUTX: 0 # Dirty evictions (from lower level)
   INV: 563 # Invalidates (from upper level)
   INVX: 0 # Downgrades (from upper level)
   FWD: 0 # Forwards (from upper level)
   latGETnl: 28862 # GET request latency on next level
   latGETnet: 0 # GET request latency on network to next level
  l1i-10: # Filter cache stats
   fhGETS: 25385558 # Filtered GETS hits
   fhGETX: 0 # Filtered GETX hits
   hGETS: 11122 # GETS hits
   hGETX: 0 # GETX hits
   mGETS: 580 # GETS misses
   mGETXIM: 0 # GETX I->M misses
   mGETXSM: 0 # GETX S->M misses (upgrade misses)
   PUTS: 0 # Clean evictions (from lower level)
   PUTX: 0 # Dirty evictions (from lower level)
   INV: 556 # Invalidates (from upper level)
   INVX: 0 # Downgrades (from upper level)
   FWD: 0 # Forwards (from upper level)
   latGETnl: 29240 # GET request latency on next level
   latGETnet: 0 # GET request latency on network to next level
  l1i-11: # Filter cache stats
   fhGETS: 25385073 # Filtered GETS hits
   fhGETX: 0 # Filtered GETX hits
   hGETS: 11216 # GETS hits
   hGETX: 0 # GETX hits
   mGETS: 584 # GETS misses
   mGETXIM: 0 # GETX I->M misses
   mGETXSM: 0 # GETX S->M misses (upgrade misses)
   PUTS: 0 # Clean evictions (from lower level)
   PUTX: 0 # Dirty evictions (from lower level)
   INV: 560 # Invalidates (from upper level)
   INVX: 0 # Downgrades (from upper level)
   FWD: 0 # Forwards (from upper level)
   latGETnl: 28768 # GET request latency on next level
   latGETnet: 0 # GET request latency on network to next level
  l1i-12: # Filter cache stats
   fhGETS: 25385738 # Filtered GETS hits
   fhGETX: 0 # Filtered GETX hits
   hGETS: 11123 # GETS hits
   hGETX: 0 # GETX hits
   mGETS: 588 # GETS misses
   mGETXIM: 0 # GETX I->M misses
   mGETXSM: 0 # GETX S->M misses (upgrade misses)
   PUTS: 0 # Clean evictions (from lower level)
   PUTX: 0 # Dirty evictions (from lower level)
   INV: 558 # Invalidates (from upper level)
   INVX: 0 # Downgrades (from upper level)
   FWD: 0 # Forwards (from upper level)
   latGETnl: 28164 # GET request latency on next level
   latGETnet: 0 # GET request latency on network to next level
  l1i-13: # Filter cache stats
   fhGETS: 25385716 # Filtered GETS hits
   fhGETX: 0 # Filtered GETX hits
   hGETS: 11123 # GETS hits
   hGETX: 0 # GETX hits
   mGETS: 593 # GETS misses
   mGETXIM: 0 # GETX I->M misses
   mGETXSM: 0 # GETX S->M misses (upgrade misses)
   PUTS: 0 # Clean evictions (from lower level)
   PUTX: 0 # Dirty evictions (from lower level)
   INV: 564 # Invalidates (from upper level)
   INVX: 0 # Downgrades (from upper level)
   FWD: 0 # Forwards (from upper level)
   latGETnl: 28531 # GET request latency on next level
   latGETnet: 0 # GET request latency on network to next level
  l1i-14: # Filter cache stats
   fhGETS: 25385590 # Filtered GETS hits
   fhGETX: 0 # Filtered GETX hits
   hGETS: 11123 # GETS hits
   hGETX: 0 # GETX hits
   mGETS: 583 # GETS misses
   mGETXIM: 0 # GETX I->M misses
   mGETXSM: 0 # GETX S->M misses (upgrade misses)
   PUTS: 0 # Clean evictions (from lower level)
   PUTX: 0 # Dirty evictions (from lower level)
   INV: 559 # Invalidates (from upper level)
   INVX: 0 # Downgrades (from upper level)
   FWD: 0 # Forwards (from upper level)
   latGETnl: 27401 # GET request latency on next level
   latGETnet: 0 # GET request latency on network to next level
  l1i-15: # Filter cache stats
   fhGETS: 25385568 # Filtered GETS hits
   fhGETX: 0 # Filtered GETX hits
   hGETS: 11122 # GETS hits
   hGETX: 0 # GETX hits
   mGETS: 581 # GETS misses
   mGETXIM: 0 # GETX I->M misses
   mGETXSM: 0 # GETX S->M misses (upgrade misses)
   PUTS: 0 # Clean evictions (from lower level)
   PUTX: 0 # Dirty evictions (from lower level)
   INV: 557 # Invalidates (from upper level)
   INVX: 0 # Downgrades (from upper level)
   FWD: 0 # Forwards (from upper level)
   latGETnl: 27439 # GET request latency on next level
   latGETnet: 0 # GET request latency on network to next level
  l1i-16: # Filter cache stats
   fhGETS: 25385723 # Filtered GETS hits
   fhGETX: 0 # Filtered GETX hits
   hGETS: 11114 # GETS hits
   hGETX: 0 # GETX hits
   mGETS: 579 # GETS misses
   mGETXIM: 0 # GETX I->M misses
   mGETXSM: 0 # GETX S->M misses (upgrade misses)
   PUTS: 0 # Clean evictions (from lower level)
   PUTX: 0 # Dirty evictions (from lower level)
   INV: 555 # Invalidates (from upper level)
   INVX: 0 # Downgrades (from upper level)
   FWD: 0 # Forwards (from upper level)
   latGETnl: 27213 # GET request latency on next level
   latGETnet: 0 # GET request latency on network to next level
  l1i-17: # Filter cache stats
   fhGETS: 25385594 # Filtered GETS hits
   fhGETX: 0 # Filtered GETX hits
   hGETS: 11120 # GETS hits
   hGETX: 0 # GETX hits
   mGETS: 584 # GETS misses
   mGETXIM: 0 # GETX I->M misses
   mGETXSM: 0 # GETX S->M misses (upgrade misses)
   PUTS: 0 # Clean evictions (from lower level)
   PUTX: 0 # Dirty evictions (from lower level)
   INV: 560 # Invalidates (from upper level)
   INVX: 0 # Downgrades (from upper level)
   FWD: 0 # Forwards (from upper level)
   latGETnl: 27448 # GET request latency on next level
   latGETnet: 0 # GET request latency on network to next level
  l1i-18: # Filter cache stats
   fhGETS: 25385126 # Filtered GETS hits
   fhGETX: 0 # Filtered GETX hits
   hGETS: 11123 # GETS hits
   hGETX: 0 # GETX hits
   mGETS: 581 # GETS misses
   mGETXIM: 0 # GETX I->M misses
   mGETXSM: 0 # GETX S->M misses (upgrade misses)
   PUTS: 0 # Clean evictions (from lower level)
   PUTX: 0 # Dirty evictions (from lower level)
   INV: 557 # Invalidates (from upper level)
   INVX: 0 # Downgrades (from upper level)
   FWD: 0 # Forwards (from upper level)
   latGETnl: 27307 # GET request latency on next level
   latGETnet: 0 # GET request latency on network to next level
  l1i-19: # Filter cache stats
   fhGETS: 25385046 # Filtered GETS hits
   fhGETX: 0 # Filtered GETX hits
   hGETS: 11120 # GETS hits
   hGETX: 0 # GETX hits
   mGETS: 586 # GETS misses
   mGETXIM: 0 # GETX I->M misses
   mGETXSM: 0 # GETX S->M misses (upgrade misses)
   PUTS: 0 # Clean evictions (from lower level)
   PUTX: 0 # Dirty evictions (from lower level)
   INV: 562 # Invalidates (from upper level)
   INVX: 0 # Downgrades (from upper level)
   FWD: 0 # Forwards (from upper level)
   latGETnl: 27542 # GET request latency on next level
   latGETnet: 0 # GET request latency on network to next level
  l1i-20: # Filter cache stats
   fhGETS: 25385048 # Filtered GETS hits
   fhGETX: 0 # Filtered GETX hits
   hGETS: 11122 # GETS hits
   hGETX: 0 # GETX hits
   mGETS: 585 # GETS misses
   mGETXIM: 0 # GETX I->M misses
   mGETXSM: 0 # GETX S->M misses (upgrade misses)
   PUTS: 0 # Clean evictions (from lower level)
   PUTX: 0 # Dirty evictions (from lower level)
   INV: 561 # Invalidates (from upper level)
   INVX: 0 # Downgrades (from upper level)
   FWD: 0 # Forwards (from upper level)
   latGETnl: 27495 # GET request latency on next level
   latGETnet: 0 # GET request latency on network to next level
  l1i-21: # Filter cache stats
   fhGETS: 25378548 # Filtered GETS hits
   fhGETX: 0 # Filtered GETX hits
   hGETS: 11205 # GETS hits
   hGETX: 0 # GETX hits
   mGETS: 648 # GETS misses
   mGETXIM: 0 # GETX I->M misses
   mGETXSM: 0 # GETX S->M misses (upgrade misses)
   PUTS: 0 # Clean evictions (from lower level)
   PUTX: 0 # Dirty evictions (from lower level)
   INV: 624 # Invalidates (from upper level)
   INVX: 0 # Downgrades (from upper level)
   FWD: 0 # Forwards (from upper level)
   latGETnl: 37716 # GET request latency on next level
   latGETnet: 0 # GET request latency on network to next level
  l1i-22: # Filter cache stats
   fhGETS: 25383653 # Filtered GETS hits
   fhGETX: 0 # Filtered GETX hits
   hGETS: 11137 # GETS hits
   hGETX: 0 # GETX hits
   mGETS: 588 # GETS misses
   mGETXIM: 0 # GETX I->M misses
   mGETXSM: 0 # GETX S->M misses (upgrade misses)
   PUTS: 0 # Clean evictions (from lower level)
   PUTX: 0 # Dirty evictions (from lower level)
   INV: 565 # Invalidates (from upper level)
   INVX: 0 # Downgrades (from upper level)
   FWD: 0 # Forwards (from upper level)
   latGETnl: 27768 # GET request latency on next level
   latGETnet: 0 # GET request latency on network to next level
  l1i-23: # Filter cache stats
   fhGETS: 0 # Filtered GETS hits
   fhGETX: 0 # Filtered GETX hits
   hGETS: 0 # GETS hits
   hGETX: 0 # GETX hits
   mGETS: 0 # GETS misses
   mGETXIM: 0 # GETX I->M misses
   mGETXSM: 0 # GETX S->M misses (upgrade misses)
   PUTS: 0 # Clean evictions (from lower level)
   PUTX: 0 # Dirty evictions (from lower level)
   INV: 0 # Invalidates (from upper level)
   INVX: 0 # Downgrades (from upper level)
   FWD: 0 # Forwards (from upper level)
   latGETnl: 0 # GET request latency on next level
   latGETnet: 0 # GET request latency on network to next level
 l2: # Cache stats
  l2-0: # Cache stats
   hGETS: 0 # GETS hits
   hGETX: 0 # GETX hits
   mGETS: 250944 # GETS misses
   mGETXIM: 27874 # GETX I->M misses
   mGETXSM: 7 # GETX S->M misses (upgrade misses)
   PUTS: 249748 # Clean evictions (from lower level)
   PUTX: 27784 # Dirty evictions (from lower level)
   INV: 37299 # Invalidates (from upper level)
   INVX: 93 # Downgrades (from upper level)
   FWD: 0 # Forwards (from upper level)
   latGETnl: 47035051 # GET request latency on next level
   latGETnet: 0 # GET request latency on network to next level
  l2-1: # Cache stats
   hGETS: 0 # GETS hits
   hGETX: 0 # GETX hits
   mGETS: 250812 # GETS misses
   mGETXIM: 27836 # GETX I->M misses
   mGETXSM: 10 # GETX S->M misses (upgrade misses)
   PUTS: 249706 # Clean evictions (from lower level)
   PUTX: 27761 # Dirty evictions (from lower level)
   INV: 19176 # Invalidates (from upper level)
   INVX: 25 # Downgrades (from upper level)
   FWD: 0 # Forwards (from upper level)
   latGETnl: 46992956 # GET request latency on next level
   latGETnet: 0 # GET request latency on network to next level
  l2-2: # Cache stats
   hGETS: 0 # GETS hits
   hGETX: 0 # GETX hits
   mGETS: 250821 # GETS misses
   mGETXIM: 27830 # GETX I->M misses
   mGETXSM: 5 # GETX S->M misses (upgrade misses)
   PUTS: 249698 # Clean evictions (from lower level)
   PUTX: 27766 # Dirty evictions (from lower level)
   INV: 53383 # Invalidates (from upper level)
   INVX: 5 # Downgrades (from upper level)
   FWD: 0 # Forwards (from upper level)
   latGETnl: 46992504 # GET request latency on next level
   latGETnet: 0 # GET request latency on network to next level
  l2-3: # Cache stats
   hGETS: 0 # GETS hits
   hGETX: 0 # GETX hits
   mGETS: 250810 # GETS misses
   mGETXIM: 27840 # GETX I->M misses
   mGETXSM: 7 # GETX S->M misses (upgrade misses)
   PUTS: 249703 # Clean evictions (from lower level)
   PUTX: 27762 # Dirty evictions (from lower level)
   INV: 17676 # Invalidates (from upper level)
   INVX: 36 # Downgrades (from upper level)
   FWD: 0 # Forwards (from upper level)
   latGETnl: 46993961 # GET request latency on next level
   latGETnet: 0 # GET request latency on network to next level
  l2-4: # Cache stats
   hGETS: 0 # GETS hits
   hGETX: 0 # GETX hits
   mGETS: 250816 # GETS misses
   mGETXIM: 27831 # GETX I->M misses
   mGETXSM: 9 # GETX S->M misses (upgrade misses)
   PUTS: 249704 # Clean evictions (from lower level)
   PUTX: 27760 # Dirty evictions (from lower level)
   INV: 17947 # Invalidates (from upper level)
   INVX: 20 # Downgrades (from upper level)
   FWD: 0 # Forwards (from upper level)
   latGETnl: 46988788 # GET request latency on next level
   latGETnet: 0 # GET request latency on network to next level
  l2-5: # Cache stats
   hGETS: 0 # GETS hits
   hGETX: 0 # GETX hits
   mGETS: 250816 # GETS misses
   mGETXIM: 27830 # GETX I->M misses
   mGETXSM: 9 # GETX S->M misses (upgrade misses)
   PUTS: 249703 # Clean evictions (from lower level)
   PUTX: 27760 # Dirty evictions (from lower level)
   INV: 18561 # Invalidates (from upper level)
   INVX: 20 # Downgrades (from upper level)
   FWD: 0 # Forwards (from upper level)
   latGETnl: 46988383 # GET request latency on next level
   latGETnet: 0 # GET request latency on network to next level
  l2-6: # Cache stats
   hGETS: 0 # GETS hits
   hGETX: 0 # GETX hits
   mGETS: 250772 # GETS misses
   mGETXIM: 27826 # GETX I->M misses
   mGETXSM: 5 # GETX S->M misses (upgrade misses)
   PUTS: 249696 # Clean evictions (from lower level)
   PUTX: 27759 # Dirty evictions (from lower level)
   INV: 18935 # Invalidates (from upper level)
   INVX: 4 # Downgrades (from upper level)
   FWD: 0 # Forwards (from upper level)
   latGETnl: 46988433 # GET request latency on next level
   latGETnet: 0 # GET request latency on network to next level
  l2-7: # Cache stats
   hGETS: 0 # GETS hits
   hGETX: 0 # GETX hits
   mGETS: 250780 # GETS misses
   mGETXIM: 27825 # GETX I->M misses
   mGETXSM: 7 # GETX S->M misses (upgrade misses)
   PUTS: 249695 # Clean evictions (from lower level)
   PUTX: 27761 # Dirty evictions (from lower level)
   INV: 26933 # Invalidates (from upper level)
   INVX: 18 # Downgrades (from upper level)
   FWD: 0 # Forwards (from upper level)
   latGETnl: 46988766 # GET request latency on next level
   latGETnet: 0 # GET request latency on network to next level
  l2-8: # Cache stats
   hGETS: 0 # GETS hits
   hGETX: 0 # GETX hits
   mGETS: 250805 # GETS misses
   mGETXIM: 27833 # GETX I->M misses
   mGETXSM: 9 # GETX S->M misses (upgrade misses)
   PUTS: 249696 # Clean evictions (from lower level)
   PUTX: 27760 # Dirty evictions (from lower level)
   INV: 45227 # Invalidates (from upper level)
   INVX: 19 # Downgrades (from upper level)
   FWD: 0 # Forwards (from upper level)
   latGETnl: 46986593 # GET request latency on next level
   latGETnet: 0 # GET request latency on network to next level
  l2-9: # Cache stats
   hGETS: 0 # GETS hits
   hGETX: 0 # GETX hits
   mGETS: 250775 # GETS misses
   mGETXIM: 27830 # GETX I->M misses
   mGETXSM: 5 # GETX S->M misses (upgrade misses)
   PUTS: 249694 # Clean evictions (from lower level)
   PUTX: 27759 # Dirty evictions (from lower level)
   INV: 44054 # Invalidates (from upper level)
   INVX: 18 # Downgrades (from upper level)
   FWD: 0 # Forwards (from upper level)
   latGETnl: 46987420 # GET request latency on next level
   latGETnet: 0 # GET request latency on network to next level
  l2-10: # Cache stats
   hGETS: 0 # GETS hits
   hGETX: 0 # GETX hits
   mGETS: 250773 # GETS misses
   mGETXIM: 27824 # GETX I->M misses
   mGETXSM: 5 # GETX S->M misses (upgrade misses)
   PUTS: 249693 # Clean evictions (from lower level)
   PUTX: 27759 # Dirty evictions (from lower level)
   INV: 17731 # Invalidates (from upper level)
   INVX: 23 # Downgrades (from upper level)
   FWD: 0 # Forwards (from upper level)
   latGETnl: 46988840 # GET request latency on next level
   latGETnet: 0 # GET request latency on network to next level
  l2-11: # Cache stats
   hGETS: 0 # GETS hits
   hGETX: 0 # GETX hits
   mGETS: 250794 # GETS misses
   mGETXIM: 27839 # GETX I->M misses
   mGETXSM: 10 # GETX S->M misses (upgrade misses)
   PUTS: 249700 # Clean evictions (from lower level)
   PUTX: 27779 # Dirty evictions (from lower level)
   INV: 54242 # Invalidates (from upper level)
   INVX: 9 # Downgrades (from upper level)
   FWD: 0 # Forwards (from upper level)
   latGETnl: 46989531 # GET request latency on next level
   latGETnet: 0 # GET request latency on network to next level
  l2-12: # Cache stats
   hGETS: 0 # GETS hits
   hGETX: 0 # GETX hits
   mGETS: 250781 # GETS misses
   mGETXIM: 27830 # GETX I->M misses
   mGETXSM: 6 # GETX S->M misses (upgrade misses)
   PUTS: 249696 # Clean evictions (from lower level)
   PUTX: 27760 # Dirty evictions (from lower level)
   INV: 18157 # Invalidates (from upper level)
   INVX: 4 # Downgrades (from upper level)
   FWD: 0 # Forwards (from upper level)
   latGETnl: 46984857 # GET request latency on next level
   latGETnet: 0 # GET request latency on network to next level
  l2-13: # Cache stats
   hGETS: 0 # GETS hits
   hGETX: 0 # GETX hits
   mGETS: 250786 # GETS misses
   mGETXIM: 27832 # GETX I->M misses
   mGETXSM: 5 # GETX S->M misses (upgrade misses)
   PUTS: 249696 # Clean evictions (from lower level)
   PUTX: 27759 # Dirty evictions (from lower level)
   INV: 17788 # Invalidates (from upper level)
   INVX: 17 # Downgrades (from upper level)
   FWD: 0 # Forwards (from upper level)
   latGETnl: 46987289 # GET request latency on next level
   latGETnet: 0 # GET request latency on network to next level
  l2-14: # Cache stats
   hGETS: 0 # GETS hits
   hGETX: 0 # GETX hits
   mGETS: 250775 # GETS misses
   mGETXIM: 27828 # GETX I->M misses
   mGETXSM: 6 # GETX S->M misses (upgrade misses)
   PUTS: 249694 # Clean evictions (from lower level)
   PUTX: 27760 # Dirty evictions (from lower level)
   INV: 34956 # Invalidates (from upper level)
   INVX: 2 # Downgrades (from upper level)
   FWD: 0 # Forwards (from upper level)
   latGETnl: 46983623 # GET request latency on next level
   latGETnet: 0 # GET request latency on network to next level
  l2-15: # Cache stats
   hGETS: 0 # GETS hits
   hGETX: 0 # GETX hits
   mGETS: 250776 # GETS misses
   mGETXIM: 27825 # GETX I->M misses
   mGETXSM: 6 # GETX S->M misses (upgrade misses)
   PUTS: 249693 # Clean evictions (from lower level)
   PUTX: 27760 # Dirty evictions (from lower level)
   INV: 31526 # Invalidates (from upper level)
   INVX: 2 # Downgrades (from upper level)
   FWD: 0 # Forwards (from upper level)
   latGETnl: 46984077 # GET request latency on next level
   latGETnet: 0 # GET request latency on network to next level
  l2-16: # Cache stats
   hGETS: 0 # GETS hits
   hGETX: 0 # GETX hits
   mGETS: 250772 # GETS misses
   mGETXIM: 27823 # GETX I->M misses
   mGETXSM: 6 # GETX S->M misses (upgrade misses)
   PUTS: 249693 # Clean evictions (from lower level)
   PUTX: 27760 # Dirty evictions (from lower level)
   INV: 17891 # Invalidates (from upper level)
   INVX: 2 # Downgrades (from upper level)
   FWD: 0 # Forwards (from upper level)
   latGETnl: 46983459 # GET request latency on next level
   latGETnet: 0 # GET request latency on network to next level
  l2-17: # Cache stats
   hGETS: 0 # GETS hits
   hGETX: 0 # GETX hits
   mGETS: 250774 # GETS misses
   mGETXIM: 27832 # GETX I->M misses
   mGETXSM: 6 # GETX S->M misses (upgrade misses)
   PUTS: 249692 # Clean evictions (from lower level)
   PUTX: 27762 # Dirty evictions (from lower level)
   INV: 17821 # Invalidates (from upper level)
   INVX: 2 # Downgrades (from upper level)
   FWD: 0 # Forwards (from upper level)
   latGETnl: 46983470 # GET request latency on next level
   latGETnet: 0 # GET request latency on network to next level
  l2-18: # Cache stats
   hGETS: 0 # GETS hits
   hGETX: 0 # GETX hits
   mGETS: 250772 # GETS misses
   mGETXIM: 27824 # GETX I->M misses
   mGETXSM: 6 # GETX S->M misses (upgrade misses)
   PUTS: 249689 # Clean evictions (from lower level)
   PUTX: 27760 # Dirty evictions (from lower level)
   INV: 17427 # Invalidates (from upper level)
   INVX: 2 # Downgrades (from upper level)
   FWD: 0 # Forwards (from upper level)
   latGETnl: 46983100 # GET request latency on next level
   latGETnet: 0 # GET request latency on network to next level
  l2-19: # Cache stats
   hGETS: 0 # GETS hits
   hGETX: 0 # GETX hits
   mGETS: 250776 # GETS misses
   mGETXIM: 27827 # GETX I->M misses
   mGETXSM: 6 # GETX S->M misses (upgrade misses)
   PUTS: 249690 # Clean evictions (from lower level)
   PUTX: 27760 # Dirty evictions (from lower level)
   INV: 29206 # Invalidates (from upper level)
   INVX: 2 # Downgrades (from upper level)
   FWD: 0 # Forwards (from upper level)
   latGETnl: 46983359 # GET request latency on next level
   latGETnet: 0 # GET request latency on network to next level
  l2-20: # Cache stats
   hGETS: 0 # GETS hits
   hGETX: 0 # GETX hits
   mGETS: 250774 # GETS misses
   mGETXIM: 27826 # GETX I->M misses
   mGETXSM: 6 # GETX S->M misses (upgrade misses)
   PUTS: 249690 # Clean evictions (from lower level)
   PUTX: 27760 # Dirty evictions (from lower level)
   INV: 17914 # Invalidates (from upper level)
   INVX: 2 # Downgrades (from upper level)
   FWD: 0 # Forwards (from upper level)
   latGETnl: 46983380 # GET request latency on next level
   latGETnet: 0 # GET request latency on network to next level
  l2-21: # Cache stats
   hGETS: 0 # GETS hits
   hGETX: 0 # GETX hits
   mGETS: 250823 # GETS misses
   mGETXIM: 27820 # GETX I->M misses
   mGETXSM: 10 # GETX S->M misses (upgrade misses)
   PUTS: 249667 # Clean evictions (from lower level)
   PUTX: 27765 # Dirty evictions (from lower level)
   INV: 29823 # Invalidates (from upper level)
   INVX: 3 # Downgrades (from upper level)
   FWD: 0 # Forwards (from upper level)
   latGETnl: 46987289 # GET request latency on next level
   latGETnet: 0 # GET request latency on network to next level
  l2-22: # Cache stats
   hGETS: 0 # GETS hits
   hGETX: 0 # GETX hits
   mGETS: 250769 # GETS misses
   mGETXIM: 27823 # GETX I->M misses
   mGETXSM: 8 # GETX S->M misses (upgrade misses)
   PUTS: 249676 # Clean evictions (from lower level)
   PUTX: 27761 # Dirty evictions (from lower level)
   INV: 19025 # Invalidates (from upper level)
   INVX: 7 # Downgrades (from upper level)
   FWD: 0 # Forwards (from upper level)
   latGETnl: 46981762 # GET request latency on next level
   latGETnet: 0 # GET request latency on network to next level
  l2-23: # Cache stats
   hGETS: 0 # GETS hits
   hGETX: 0 # GETX hits
   mGETS: 0 # GETS misses
   mGETXIM: 0 # GETX I->M misses
   mGETXSM: 0 # GETX S->M misses (upgrade misses)
   PUTS: 0 # Clean evictions (from lower level)
   PUTX: 0 # Dirty evictions (from lower level)
   INV: 0 # Invalidates (from upper level)
   INVX: 0 # Downgrades (from upper level)
   FWD: 0 # Forwards (from upper level)
   latGETnl: 0 # GET request latency on next level
   latGETnet: 0 # GET request latency on network to next level
 l3: # Cache stats
  l3-0b0: # Cache stats
   hGETS: 640 # GETS hits
   hGETX: 0 # GETX hits
   mGETS: 239665 # GETS misses
   mGETXIM: 26575 # GETX I->M misses
   mGETXSM: 0 # GETX S->M misses (upgrade misses)
   PUTS: 202597 # Clean evictions (from lower level)
   PUTX: 23043 # Dirty evictions (from lower level)
   INV: 0 # Invalidates (from upper level)
   INVX: 0 # Downgrades (from upper level)
   FWD: 0 # Forwards (from upper level)
   latGETnl: 35143680 # GET request latency on next level
   latGETnet: 0 # GET request latency on network to next level
  l3-0b1: # Cache stats
   hGETS: 683 # GETS hits
   hGETX: 8 # GETX hits
   mGETS: 239670 # GETS misses
   mGETXIM: 26619 # GETX I->M misses
   mGETXSM: 0 # GETX S->M misses (upgrade misses)
   PUTS: 202619 # Clean evictions (from lower level)
   PUTX: 23112 # Dirty evictions (from lower level)
   INV: 0 # Invalidates (from upper level)
   INVX: 0 # Downgrades (from upper level)
   FWD: 0 # Forwards (from upper level)
   latGETnl: 35150148 # GET request latency on next level
   latGETnet: 0 # GET request latency on network to next level
  l3-0b2: # Cache stats
   hGETS: 229 # GETS hits
   hGETX: 86 # GETX hits
   mGETS: 239686 # GETS misses
   mGETXIM: 26636 # GETX I->M misses
   mGETXSM: 0 # GETX S->M misses (upgrade misses)
   PUTS: 202233 # Clean evictions (from lower level)
   PUTX: 23237 # Dirty evictions (from lower level)
   INV: 0 # Invalidates (from upper level)
   INVX: 0 # Downgrades (from upper level)
   FWD: 0 # Forwards (from upper level)
   latGETnl: 35154504 # GET request latency on next level
   latGETnet: 0 # GET request latency on network to next level
  l3-0b3: # Cache stats
   hGETS: 304 # GETS hits
   hGETX: 56 # GETX hits
   mGETS: 239697 # GETS misses
   mGETXIM: 26699 # GETX I->M misses
   mGETXSM: 0 # GETX S->M misses (upgrade misses)
   PUTS: 202291 # Clean evictions (from lower level)
   PUTX: 23247 # Dirty evictions (from lower level)
   INV: 0 # Invalidates (from upper level)
   INVX: 0 # Downgrades (from upper level)
   FWD: 0 # Forwards (from upper level)
   latGETnl: 35164272 # GET request latency on next level
   latGETnet: 0 # GET request latency on network to next level
  l3-0b4: # Cache stats
   hGETS: 212 # GETS hits
   hGETX: 11 # GETX hits
   mGETS: 239667 # GETS misses
   mGETXIM: 26669 # GETX I->M misses
   mGETXSM: 0 # GETX S->M misses (upgrade misses)
   PUTS: 202233 # Clean evictions (from lower level)
   PUTX: 23218 # Dirty evictions (from lower level)
   INV: 0 # Invalidates (from upper level)
   INVX: 0 # Downgrades (from upper level)
   FWD: 0 # Forwards (from upper level)
   latGETnl: 35156352 # GET request latency on next level
   latGETnet: 0 # GET request latency on network to next level
  l3-0b5: # Cache stats
   hGETS: 335 # GETS hits
   hGETX: 27 # GETX hits
   mGETS: 239673 # GETS misses
   mGETXIM: 26641 # GETX I->M misses
   mGETXSM: 0 # GETX S->M misses (upgrade misses)
   PUTS: 202276 # Clean evictions (from lower level)
   PUTX: 23244 # Dirty evictions (from lower level)
   INV: 0 # Invalidates (from upper level)
   INVX: 0 # Downgrades (from upper level)
   FWD: 0 # Forwards (from upper level)
   latGETnl: 35153448 # GET request latency on next level
   latGETnet: 0 # GET request latency on network to next level
  l3-0b6: # Cache stats
   hGETS: 631 # GETS hits
   hGETX: 58 # GETX hits
   mGETS: 239675 # GETS misses
   mGETXIM: 26593 # GETX I->M misses
   mGETXSM: 0 # GETX S->M misses (upgrade misses)
   PUTS: 202452 # Clean evictions (from lower level)
   PUTX: 23147 # Dirty evictions (from lower level)
   INV: 0 # Invalidates (from upper level)
   INVX: 0 # Downgrades (from upper level)
   FWD: 0 # Forwards (from upper level)
   latGETnl: 35147376 # GET request latency on next level
   latGETnet: 0 # GET request latency on network to next level
  l3-0b7: # Cache stats
   hGETS: 206 # GETS hits
   hGETX: 46 # GETX hits
   mGETS: 239682 # GETS misses
   mGETXIM: 26533 # GETX I->M misses
   mGETXSM: 0 # GETX S->M misses (upgrade misses)
   PUTS: 202034 # Clean evictions (from lower level)
   PUTX: 23059 # Dirty evictions (from lower level)
   INV: 0 # Invalidates (from upper level)
   INVX: 0 # Downgrades (from upper level)
   FWD: 0 # Forwards (from upper level)
   latGETnl: 35140380 # GET request latency on next level
   latGETnet: 0 # GET request latency on network to next level
  l3-0b8: # Cache stats
   hGETS: 588 # GETS hits
   hGETX: 34 # GETX hits
   mGETS: 239673 # GETS misses
   mGETXIM: 26618 # GETX I->M misses
   mGETXSM: 0 # GETX S->M misses (upgrade misses)
   PUTS: 202374 # Clean evictions (from lower level)
   PUTX: 23179 # Dirty evictions (from lower level)
   INV: 0 # Invalidates (from upper level)
   INVX: 0 # Downgrades (from upper level)
   FWD: 0 # Forwards (from upper level)
   latGETnl: 35150412 # GET request latency on next level
   latGETnet: 0 # GET request latency on network to next level
  l3-0b9: # Cache stats
   hGETS: 584 # GETS hits
   hGETX: 42 # GETX hits
   mGETS: 239679 # GETS misses
   mGETXIM: 26567 # GETX I->M misses
   mGETXSM: 0 # GETX S->M misses (upgrade misses)
   PUTS: 202616 # Clean evictions (from lower level)
   PUTX: 23217 # Dirty evictions (from lower level)
   INV: 0 # Invalidates (from upper level)
   INVX: 0 # Downgrades (from upper level)
   FWD: 0 # Forwards (from upper level)
   latGETnl: 35144472 # GET request latency on next level
   latGETnet: 0 # GET request latency on network to next level
  l3-0b10: # Cache stats
   hGETS: 1443 # GETS hits
   hGETX: 22 # GETX hits
   mGETS: 239667 # GETS misses
   mGETXIM: 26643 # GETX I->M misses
   mGETXSM: 0 # GETX S->M misses (upgrade misses)
   PUTS: 203363 # Clean evictions (from lower level)
   PUTX: 23162 # Dirty evictions (from lower level)
   INV: 0 # Invalidates (from upper level)
   INVX: 0 # Downgrades (from upper level)
   FWD: 0 # Forwards (from upper level)
   latGETnl: 35152920 # GET request latency on next level
   latGETnet: 0 # GET request latency on network to next level
  l3-0b11: # Cache stats
   hGETS: 653 # GETS hits
   hGETX: 17 # GETX hits
   mGETS: 239674 # GETS misses
   mGETXIM: 26589 # GETX I->M misses
   mGETXSM: 0 # GETX S->M misses (upgrade misses)
   PUTS: 202601 # Clean evictions (from lower level)
   PUTX: 23130 # Dirty evictions (from lower level)
   INV: 0 # Invalidates (from upper level)
   INVX: 0 # Downgrades (from upper level)
   FWD: 0 # Forwards (from upper level)
   latGETnl: 35146716 # GET request latency on next level
   latGETnet: 0 # GET request latency on network to next level
  l3-0b12: # Cache stats
   hGETS: 1142 # GETS hits
   hGETX: 30 # GETX hits
   mGETS: 239677 # GETS misses
   mGETXIM: 26699 # GETX I->M misses
   mGETXSM: 0 # GETX S->M misses (upgrade misses)
   PUTS: 203005 # Clean evictions (from lower level)
   PUTX: 23238 # Dirty evictions (from lower level)
   INV: 0 # Invalidates (from upper level)
   INVX: 0 # Downgrades (from upper level)
   FWD: 0 # Forwards (from upper level)
   latGETnl: 35161632 # GET request latency on next level
   latGETnet: 0 # GET request latency on network to next level
  l3-0b13: # Cache stats
   hGETS: 1036 # GETS hits
   hGETX: 34 # GETX hits
   mGETS: 239681 # GETS misses
   mGETXIM: 26736 # GETX I->M misses
   mGETXSM: 0 # GETX S->M misses (upgrade misses)
   PUTS: 202780 # Clean evictions (from lower level)
   PUTX: 23269 # Dirty evictions (from lower level)
   INV: 0 # Invalidates (from upper level)
   INVX: 0 # Downgrades (from upper level)
   FWD: 0 # Forwards (from upper level)
   latGETnl: 35167044 # GET request latency on next level
   latGETnet: 0 # GET request latency on network to next level
  l3-0b14: # Cache stats
   hGETS: 1061 # GETS hits
   hGETX: 20 # GETX hits
   mGETS: 239663 # GETS misses
   mGETXIM: 26733 # GETX I->M misses
   mGETXSM: 0 # GETX S->M misses (upgrade misses)
   PUTS: 203044 # Clean evictions (from lower level)
   PUTX: 23214 # Dirty evictions (from lower level)
   INV: 0 # Invalidates (from upper level)
   INVX: 0 # Downgrades (from upper level)
   FWD: 0 # Forwards (from upper level)
   latGETnl: 35164272 # GET request latency on next level
   latGETnet: 0 # GET request latency on network to next level
  l3-0b15: # Cache stats
   hGETS: 1034 # GETS hits
   hGETX: 2 # GETX hits
   mGETS: 239662 # GETS misses
   mGETXIM: 26774 # GETX I->M misses
   mGETXSM: 0 # GETX S->M misses (upgrade misses)
   PUTS: 203116 # Clean evictions (from lower level)
   PUTX: 23223 # Dirty evictions (from lower level)
   INV: 0 # Invalidates (from upper level)
   INVX: 0 # Downgrades (from upper level)
   FWD: 0 # Forwards (from upper level)
   latGETnl: 35169552 # GET request latency on next level
   latGETnet: 0 # GET request latency on network to next level
  l3-0b16: # Cache stats
   hGETS: 752 # GETS hits
   hGETX: 10 # GETX hits
   mGETS: 239602 # GETS misses
   mGETXIM: 26742 # GETX I->M misses
   mGETXSM: 0 # GETX S->M misses (upgrade misses)
   PUTS: 202706 # Clean evictions (from lower level)
   PUTX: 23232 # Dirty evictions (from lower level)
   INV: 0 # Invalidates (from upper level)
   INVX: 0 # Downgrades (from upper level)
   FWD: 0 # Forwards (from upper level)
   latGETnl: 35157408 # GET request latency on next level
   latGETnet: 0 # GET request latency on network to next level
  l3-0b17: # Cache stats
   hGETS: 717 # GETS hits
   hGETX: 15 # GETX hits
   mGETS: 239594 # GETS misses
   mGETXIM: 26745 # GETX I->M misses
   mGETXSM: 0 # GETX S->M misses (upgrade misses)
   PUTS: 202600 # Clean evictions (from lower level)
   PUTX: 23174 # Dirty evictions (from lower level)
   INV: 0 # Invalidates (from upper level)
   INVX: 0 # Downgrades (from upper level)
   FWD: 0 # Forwards (from upper level)
   latGETnl: 35156748 # GET request latency on next level
   latGETnet: 0 # GET request latency on network to next level
  l3-0b18: # Cache stats
   hGETS: 724 # GETS hits
   hGETX: 21 # GETX hits
   mGETS: 239588 # GETS misses
   mGETXIM: 26654 # GETX I->M misses
   mGETXSM: 0 # GETX S->M misses (upgrade misses)
   PUTS: 202642 # Clean evictions (from lower level)
   PUTX: 23130 # Dirty evictions (from lower level)
   INV: 0 # Invalidates (from upper level)
   INVX: 0 # Downgrades (from upper level)
   FWD: 0 # Forwards (from upper level)
   latGETnl: 35143944 # GET request latency on next level
   latGETnet: 0 # GET request latency on network to next level
  l3-0b19: # Cache stats
   hGETS: 709 # GETS hits
   hGETX: 38 # GETX hits
   mGETS: 239584 # GETS misses
   mGETXIM: 26654 # GETX I->M misses
   mGETXSM: 0 # GETX S->M misses (upgrade misses)
   PUTS: 202520 # Clean evictions (from lower level)
   PUTX: 23134 # Dirty evictions (from lower level)
   INV: 0 # Invalidates (from upper level)
   INVX: 0 # Downgrades (from upper level)
   FWD: 0 # Forwards (from upper level)
   latGETnl: 35143416 # GET request latency on next level
   latGETnet: 0 # GET request latency on network to next level
  l3-0b20: # Cache stats
   hGETS: 709 # GETS hits
   hGETX: 38 # GETX hits
   mGETS: 239596 # GETS misses
   mGETXIM: 26576 # GETX I->M misses
   mGETXSM: 0 # GETX S->M misses (upgrade misses)
   PUTS: 202542 # Clean evictions (from lower level)
   PUTX: 23152 # Dirty evictions (from lower level)
   INV: 0 # Invalidates (from upper level)
   INVX: 0 # Downgrades (from upper level)
   FWD: 0 # Forwards (from upper level)
   latGETnl: 35134704 # GET request latency on next level
   latGETnet: 0 # GET request latency on network to next level
  l3-0b21: # Cache stats
   hGETS: 741 # GETS hits
   hGETX: 45 # GETX hits
   mGETS: 239604 # GETS misses
   mGETXIM: 26559 # GETX I->M misses
   mGETXSM: 0 # GETX S->M misses (upgrade misses)
   PUTS: 202700 # Clean evictions (from lower level)
   PUTX: 23149 # Dirty evictions (from lower level)
   INV: 0 # Invalidates (from upper level)
   INVX: 0 # Downgrades (from upper level)
   FWD: 0 # Forwards (from upper level)
   latGETnl: 35133516 # GET request latency on next level
   latGETnet: 0 # GET request latency on network to next level
  l3-0b22: # Cache stats
   hGETS: 785 # GETS hits
   hGETX: 62 # GETX hits
   mGETS: 239610 # GETS misses
   mGETXIM: 26618 # GETX I->M misses
   mGETXSM: 0 # GETX S->M misses (upgrade misses)
   PUTS: 202672 # Clean evictions (from lower level)
   PUTX: 23255 # Dirty evictions (from lower level)
   INV: 0 # Invalidates (from upper level)
   INVX: 0 # Downgrades (from upper level)
   FWD: 0 # Forwards (from upper level)
   latGETnl: 35142096 # GET request latency on next level
   latGETnet: 0 # GET request latency on network to next level
  l3-0b23: # Cache stats
   hGETS: 797 # GETS hits
   hGETX: 49 # GETX hits
   mGETS: 239612 # GETS misses
   mGETXIM: 26624 # GETX I->M misses
   mGETXSM: 0 # GETX S->M misses (upgrade misses)
   PUTS: 202642 # Clean evictions (from lower level)
   PUTX: 23284 # Dirty evictions (from lower level)
   INV: 0 # Invalidates (from upper level)
   INVX: 0 # Downgrades (from upper level)
   FWD: 0 # Forwards (from upper level)
   latGETnl: 35143152 # GET request latency on next level
   latGETnet: 0 # GET request latency on network to next level
 mem: # Memory controller stats
  mem-0: # Memory controller stats
   rd: 6391077 # Read requests
   wr: 586398 # Write requests
   rdlat: 941457727 # Total latency experienced by read requests
   wrlat: 86966065 # Total latency experienced by write requests
 sched: # Scheduler stats
  thCr: 25 # Threads created
  thFn: 25 # Threads finished
  schedEvs: 28 # Schedule events
  waitEvs: 2 # Wait events
  handoffEvs: 1 # Handoff events
  sleepEvs: 1 # Sleep events
  idlePhases: 0 # Phases with no thread active
  idlePeriods: 0 # Periods with no thread active
  occHist: # Occupancy histogram
   0: 0
   1: 24
   2: 0
   3: 1
   4: 2
   5: 1
   6: 0
   7: 1
   8: 0
   9: 0
   10: 0
   11: 1
   12: 0
   13: 1
   14: 0
   15: 0
   16: 0
   17: 1
   18: 0
   19: 0
   20: 0
   21: 1
   22: 0
   23: 52647
   24: 0
  rqSzHist: # Run queue size histogram
   0: 52657
   1: 23
   2: 0
   3: 0
   4: 0
   5: 0
   6: 0
   7: 0
   8: 0
   9: 0
   10: 0
   11: 0
   12: 0
   13: 0
   14: 0
   15: 0
   16: 0
   17: 0
   18: 0
   19: 0
   20: 0
   21: 0
   22: 0
   23: 0
   24: 0
 procCycles: # Per-process unhalted core cycles
  0: 1210988564
  1: 0
  2: 0
  3: 0
  4: 0
  5: 0
  6: 0
  7: 0
  8: 0
  9: 0
  10: 0
  11: 0
  12: 0
  13: 0
  14: 0
  15: 0
  16: 0
  17: 0
  18: 0
  19: 0
  20: 0
  21: 0
  22: 0
  23: 0
  24: 0
  25: 0
  26: 0
  27: 0
  28: 0
  29: 0
  30: 0
  31: 0
  32: 0
  33: 0
  34: 0
  35: 0
  36: 0
  37: 0
  38: 0
  39: 0
  40: 0
  41: 0
  42: 0
  43: 0
  44: 0
  45: 0
  46: 0
  47: 0
  48: 0
  49: 0
  50: 0
  51: 0
  52: 0
  53: 0
  54: 0
  55: 0
  56: 0
  57: 0
  58: 0
  59: 0
  60: 0
  61: 0
  62: 0
  63: 0
 procInstrs: # Per-process instructions
  0: 1740243153
  1: 0
  2: 0
  3: 0
  4: 0
  5: 0
  6: 0
  7: 0
  8: 0
  9: 0
  10: 0
  11: 0
  12: 0
  13: 0
  14: 0
  15: 0
  16: 0
  17: 0
  18: 0
  19: 0
  20: 0
  21: 0
  22: 0
  23: 0
  24: 0
  25: 0
  26: 0
  27: 0
  28: 0
  29: 0
  30: 0
  31: 0
  32: 0
  33: 0
  34: 0
  35: 0
  36: 0
  37: 0
  38: 0
  39: 0
  40: 0
  41: 0
  42: 0
  43: 0
  44: 0
  45: 0
  46: 0
  47: 0
  48: 0
  49: 0
  50: 0
  51: 0
  52: 0
  53: 0
  54: 0
  55: 0
  56: 0
  57: 0
  58: 0
  59: 0
  60: 0
  61: 0
  62: 0
  63: 0
 heartbeats: # Per-process heartbeats
  0: 0
  1: 0
  2: 0
  3: 0
  4: 0
  5: 0
  6: 0
  7: 0
  8: 0
  9: 0
  10: 0
  11: 0
  12: 0
  13: 0
  14: 0
  15: 0
  16: 0
  17: 0
  18: 0
  19: 0
  20: 0
  21: 0
  22: 0
  23: 0
  24: 0
  25: 0
  26: 0
  27: 0
  28: 0
  29: 0
  30: 0
  31: 0
  32: 0
  33: 0
  34: 0
  35: 0
  36: 0
  37: 0
  38: 0
  39: 0
  40: 0
  41: 0
  42: 0
  43: 0
  44: 0
  45: 0
  46: 0
  47: 0
  48: 0
  49: 0
  50: 0
  51: 0
  52: 0
  53: 0
  54: 0
  55: 0
  56: 0
  57: 0
  58: 0
  59: 0
  60: 0
  61: 0
  62: 0
  63: 0
===
