# zsim stats
===
root: # Stats
 contention: # Contention simulation stats
  domain-0: # Domain stats
   time: 12098111445 # Weave simulation time
 time: # Simulator time breakdown
  init: 3165362065
  bound: 153007619273
  weave: 21282702493
  ff: 2926469
 trigger: 20000 # Reason for this stats dump
 phase: 215592 # Simulated phases
 reqCycles: 0 # Requeue Cycles
 skylake: # Core stats
  skylake-0: # Core stats
   cycles: 215592005 # Simulated unhalted cycles
   cCycles: 420632 # Cycles due to contention stalls
   instrs: 321266445 # Simulated instructions
   uops: 215668100 # issued micro-ops
   bbls: 106620538 # Basic blocks
   approxInstrs: 812579 # Instrs with approx uop decoding
   mispredBranches: 118222 # Mispredicted branches
   IdqNotDelivered: 215171373 # Stalls no uop delivered when no Bkend Stall
   IntMiscRecoveryCycles: 959001 # Stalls waiting machine clears
   uops executed: 216098360 # Executed microoperations
  skylake-1: # Core stats
   cycles: 215556016 # Simulated unhalted cycles
   cCycles: 420630 # Cycles due to contention stalls
   instrs: 321265499 # Simulated instructions
   uops: 215666951 # issued micro-ops
   bbls: 106620392 # Basic blocks
   approxInstrs: 812578 # Instrs with approx uop decoding
   mispredBranches: 118190 # Mispredicted branches
   IdqNotDelivered: 215135386 # Stalls no uop delivered when no Bkend Stall
   IntMiscRecoveryCycles: 950657 # Stalls waiting machine clears
   uops executed: 216097222 # Executed microoperations
  skylake-2: # Core stats
   cycles: 215553639 # Simulated unhalted cycles
   cCycles: 420634 # Cycles due to contention stalls
   instrs: 321263193 # Simulated instructions
   uops: 215665149 # issued micro-ops
   bbls: 106619697 # Basic blocks
   approxInstrs: 812573 # Instrs with approx uop decoding
   mispredBranches: 118191 # Mispredicted branches
   IdqNotDelivered: 215133005 # Stalls no uop delivered when no Bkend Stall
   IntMiscRecoveryCycles: 952719 # Stalls waiting machine clears
   uops executed: 216095433 # Executed microoperations
  skylake-3: # Core stats
   cycles: 215554475 # Simulated unhalted cycles
   cCycles: 420634 # Cycles due to contention stalls
   instrs: 321265272 # Simulated instructions
   uops: 215666686 # issued micro-ops
   bbls: 106620346 # Basic blocks
   approxInstrs: 812575 # Instrs with approx uop decoding
   mispredBranches: 118192 # Mispredicted branches
   IdqNotDelivered: 215133841 # Stalls no uop delivered when no Bkend Stall
   IntMiscRecoveryCycles: 953060 # Stalls waiting machine clears
   uops executed: 216096946 # Executed microoperations
  skylake-4: # Core stats
   cycles: 215552268 # Simulated unhalted cycles
   cCycles: 420634 # Cycles due to contention stalls
   instrs: 321265307 # Simulated instructions
   uops: 215666728 # issued micro-ops
   bbls: 106620353 # Basic blocks
   approxInstrs: 812577 # Instrs with approx uop decoding
   mispredBranches: 118192 # Mispredicted branches
   IdqNotDelivered: 215131634 # Stalls no uop delivered when no Bkend Stall
   IntMiscRecoveryCycles: 951079 # Stalls waiting machine clears
   uops executed: 216096972 # Executed microoperations
  skylake-5: # Core stats
   cycles: 215551179 # Simulated unhalted cycles
   cCycles: 420633 # Cycles due to contention stalls
   instrs: 321265266 # Simulated instructions
   uops: 215666683 # issued micro-ops
   bbls: 106620346 # Basic blocks
   approxInstrs: 812576 # Instrs with approx uop decoding
   mispredBranches: 118192 # Mispredicted branches
   IdqNotDelivered: 215130546 # Stalls no uop delivered when no Bkend Stall
   IntMiscRecoveryCycles: 951098 # Stalls waiting machine clears
   uops executed: 216096929 # Executed microoperations
  skylake-6: # Core stats
   cycles: 215550010 # Simulated unhalted cycles
   cCycles: 420629 # Cycles due to contention stalls
   instrs: 321264655 # Simulated instructions
   uops: 215665952 # issued micro-ops
   bbls: 106620215 # Basic blocks
   approxInstrs: 812571 # Instrs with approx uop decoding
   mispredBranches: 118186 # Mispredicted branches
   IdqNotDelivered: 215129381 # Stalls no uop delivered when no Bkend Stall
   IntMiscRecoveryCycles: 952285 # Stalls waiting machine clears
   uops executed: 216096198 # Executed microoperations
  skylake-7: # Core stats
   cycles: 215550005 # Simulated unhalted cycles
   cCycles: 420632 # Cycles due to contention stalls
   instrs: 321265105 # Simulated instructions
   uops: 215666551 # issued micro-ops
   bbls: 106620293 # Basic blocks
   approxInstrs: 812574 # Instrs with approx uop decoding
   mispredBranches: 118189 # Mispredicted branches
   IdqNotDelivered: 215129373 # Stalls no uop delivered when no Bkend Stall
   IntMiscRecoveryCycles: 950730 # Stalls waiting machine clears
   uops executed: 216096809 # Executed microoperations
  skylake-8: # Core stats
   cycles: 215549147 # Simulated unhalted cycles
   cCycles: 420634 # Cycles due to contention stalls
   instrs: 321264632 # Simulated instructions
   uops: 215665925 # issued micro-ops
   bbls: 106620208 # Basic blocks
   approxInstrs: 812571 # Instrs with approx uop decoding
   mispredBranches: 118185 # Mispredicted branches
   IdqNotDelivered: 215128513 # Stalls no uop delivered when no Bkend Stall
   IntMiscRecoveryCycles: 951569 # Stalls waiting machine clears
   uops executed: 216096178 # Executed microoperations
  skylake-9: # Core stats
   cycles: 215548883 # Simulated unhalted cycles
   cCycles: 420634 # Cycles due to contention stalls
   instrs: 321264695 # Simulated instructions
   uops: 215665995 # issued micro-ops
   bbls: 106620218 # Basic blocks
   approxInstrs: 812571 # Instrs with approx uop decoding
   mispredBranches: 118187 # Mispredicted branches
   IdqNotDelivered: 215128249 # Stalls no uop delivered when no Bkend Stall
   IntMiscRecoveryCycles: 952270 # Stalls waiting machine clears
   uops executed: 216096217 # Executed microoperations
  skylake-10: # Core stats
   cycles: 215548975 # Simulated unhalted cycles
   cCycles: 420631 # Cycles due to contention stalls
   instrs: 321264627 # Simulated instructions
   uops: 215665919 # issued micro-ops
   bbls: 106620207 # Basic blocks
   approxInstrs: 812571 # Instrs with approx uop decoding
   mispredBranches: 118185 # Mispredicted branches
   IdqNotDelivered: 215128344 # Stalls no uop delivered when no Bkend Stall
   IntMiscRecoveryCycles: 952714 # Stalls waiting machine clears
   uops executed: 216096171 # Executed microoperations
  skylake-11: # Core stats
   cycles: 215548837 # Simulated unhalted cycles
   cCycles: 420630 # Cycles due to contention stalls
   instrs: 321265455 # Simulated instructions
   uops: 215666783 # issued micro-ops
   bbls: 106620326 # Basic blocks
   approxInstrs: 812574 # Instrs with approx uop decoding
   mispredBranches: 118192 # Mispredicted branches
   IdqNotDelivered: 215128207 # Stalls no uop delivered when no Bkend Stall
   IntMiscRecoveryCycles: 951879 # Stalls waiting machine clears
   uops executed: 216097070 # Executed microoperations
  skylake-12: # Core stats
   cycles: 215547815 # Simulated unhalted cycles
   cCycles: 420635 # Cycles due to contention stalls
   instrs: 321264658 # Simulated instructions
   uops: 215665956 # issued micro-ops
   bbls: 106620216 # Basic blocks
   approxInstrs: 812571 # Instrs with approx uop decoding
   mispredBranches: 118186 # Mispredicted branches
   IdqNotDelivered: 215127180 # Stalls no uop delivered when no Bkend Stall
   IntMiscRecoveryCycles: 951385 # Stalls waiting machine clears
   uops executed: 216096202 # Executed microoperations
  skylake-13: # Core stats
   cycles: 215547817 # Simulated unhalted cycles
   cCycles: 420633 # Cycles due to contention stalls
   instrs: 321264695 # Simulated instructions
   uops: 215665995 # issued micro-ops
   bbls: 106620218 # Basic blocks
   approxInstrs: 812571 # Instrs with approx uop decoding
   mispredBranches: 118187 # Mispredicted branches
   IdqNotDelivered: 215127184 # Stalls no uop delivered when no Bkend Stall
   IntMiscRecoveryCycles: 952698 # Stalls waiting machine clears
   uops executed: 216096217 # Executed microoperations
  skylake-14: # Core stats
   cycles: 215546822 # Simulated unhalted cycles
   cCycles: 420631 # Cycles due to contention stalls
   instrs: 321264627 # Simulated instructions
   uops: 215665919 # issued micro-ops
   bbls: 106620207 # Basic blocks
   approxInstrs: 812571 # Instrs with approx uop decoding
   mispredBranches: 118185 # Mispredicted branches
   IdqNotDelivered: 215126191 # Stalls no uop delivered when no Bkend Stall
   IntMiscRecoveryCycles: 950868 # Stalls waiting machine clears
   uops executed: 216096171 # Executed microoperations
  skylake-15: # Core stats
   cycles: 215546977 # Simulated unhalted cycles
   cCycles: 420632 # Cycles due to contention stalls
   instrs: 321264627 # Simulated instructions
   uops: 215665919 # issued micro-ops
   bbls: 106620207 # Basic blocks
   approxInstrs: 812571 # Instrs with approx uop decoding
   mispredBranches: 118185 # Mispredicted branches
   IdqNotDelivered: 215126345 # Stalls no uop delivered when no Bkend Stall
   IntMiscRecoveryCycles: 951093 # Stalls waiting machine clears
   uops executed: 216096171 # Executed microoperations
  skylake-16: # Core stats
   cycles: 215547137 # Simulated unhalted cycles
   cCycles: 420635 # Cycles due to contention stalls
   instrs: 321264612 # Simulated instructions
   uops: 215665900 # issued micro-ops
   bbls: 106620204 # Basic blocks
   approxInstrs: 812570 # Instrs with approx uop decoding
   mispredBranches: 118179 # Mispredicted branches
   IdqNotDelivered: 215126502 # Stalls no uop delivered when no Bkend Stall
   IntMiscRecoveryCycles: 951159 # Stalls waiting machine clears
   uops executed: 216096187 # Executed microoperations
  skylake-17: # Core stats
   cycles: 215546790 # Simulated unhalted cycles
   cCycles: 420654 # Cycles due to contention stalls
   instrs: 321235023 # Simulated instructions
   uops: 215648106 # issued micro-ops
   bbls: 106609638 # Basic blocks
   approxInstrs: 812484 # Instrs with approx uop decoding
   mispredBranches: 118275 # Mispredicted branches
   IdqNotDelivered: 215126136 # Stalls no uop delivered when no Bkend Stall
   IntMiscRecoveryCycles: 954887 # Stalls waiting machine clears
   uops executed: 216078490 # Executed microoperations
  skylake-18: # Core stats
   cycles: 215545006 # Simulated unhalted cycles
   cCycles: 420632 # Cycles due to contention stalls
   instrs: 321263852 # Simulated instructions
   uops: 215665390 # issued micro-ops
   bbls: 106619950 # Basic blocks
   approxInstrs: 812569 # Instrs with approx uop decoding
   mispredBranches: 118182 # Mispredicted branches
   IdqNotDelivered: 215124374 # Stalls no uop delivered when no Bkend Stall
   IntMiscRecoveryCycles: 950852 # Stalls waiting machine clears
   uops executed: 216095656 # Executed microoperations
  skylake-19: # Core stats
   cycles: 215545821 # Simulated unhalted cycles
   cCycles: 420631 # Cycles due to contention stalls
   instrs: 321264646 # Simulated instructions
   uops: 215665944 # issued micro-ops
   bbls: 106620214 # Basic blocks
   approxInstrs: 812571 # Instrs with approx uop decoding
   mispredBranches: 118185 # Mispredicted branches
   IdqNotDelivered: 215125190 # Stalls no uop delivered when no Bkend Stall
   IntMiscRecoveryCycles: 950868 # Stalls waiting machine clears
   uops executed: 216096198 # Executed microoperations
  skylake-20: # Core stats
   cycles: 215544790 # Simulated unhalted cycles
   cCycles: 420632 # Cycles due to contention stalls
   instrs: 321263858 # Simulated instructions
   uops: 215665394 # issued micro-ops
   bbls: 106619952 # Basic blocks
   approxInstrs: 812569 # Instrs with approx uop decoding
   mispredBranches: 118182 # Mispredicted branches
   IdqNotDelivered: 215124158 # Stalls no uop delivered when no Bkend Stall
   IntMiscRecoveryCycles: 950999 # Stalls waiting machine clears
   uops executed: 216095660 # Executed microoperations
  skylake-21: # Core stats
   cycles: 215543794 # Simulated unhalted cycles
   cCycles: 420634 # Cycles due to contention stalls
   instrs: 321262361 # Simulated instructions
   uops: 215664396 # issued micro-ops
   bbls: 106619453 # Basic blocks
   approxInstrs: 812569 # Instrs with approx uop decoding
   mispredBranches: 118182 # Mispredicted branches
   IdqNotDelivered: 215123160 # Stalls no uop delivered when no Bkend Stall
   IntMiscRecoveryCycles: 950999 # Stalls waiting machine clears
   uops executed: 216094662 # Executed microoperations
  skylake-22: # Core stats
   cycles: 215545006 # Simulated unhalted cycles
   cCycles: 420632 # Cycles due to contention stalls
   instrs: 321264033 # Simulated instructions
   uops: 215665494 # issued micro-ops
   bbls: 106620012 # Basic blocks
   approxInstrs: 812568 # Instrs with approx uop decoding
   mispredBranches: 118176 # Mispredicted branches
   IdqNotDelivered: 215124374 # Stalls no uop delivered when no Bkend Stall
   IntMiscRecoveryCycles: 950869 # Stalls waiting machine clears
   uops executed: 216095794 # Executed microoperations
  skylake-23: # Core stats
   cycles: 0 # Simulated unhalted cycles
   cCycles: 0 # Cycles due to contention stalls
   instrs: 0 # Simulated instructions
   uops: 0 # issued micro-ops
   bbls: 0 # Basic blocks
   approxInstrs: 0 # Instrs with approx uop decoding
   mispredBranches: 0 # Mispredicted branches
   IdqNotDelivered: 0 # Stalls no uop delivered when no Bkend Stall
   IntMiscRecoveryCycles: 0 # Stalls waiting machine clears
   uops executed: 0 # Executed microoperations
 l1d: # Cache stats
  l1d-0: # Filter cache stats
   fhGETS: 954325 # Filtered GETS hits
   fhGETX: 559628 # Filtered GETX hits
   hGETS: 5329 # GETS hits
   hGETX: 10475 # GETX hits
   mGETS: 250265 # GETS misses
   mGETXIM: 97329 # GETX I->M misses
   mGETXSM: 8 # GETX S->M misses (upgrade misses)
   PUTS: 0 # Clean evictions (from lower level)
   PUTX: 0 # Dirty evictions (from lower level)
   INV: 101 # Invalidates (from upper level)
   INVX: 82 # Downgrades (from upper level)
   FWD: 0 # Forwards (from upper level)
   latGETnl: 94508452 # GET request latency on next level
   latGETnet: 0 # GET request latency on network to next level
  l1d-1: # Filter cache stats
   fhGETS: 954068 # Filtered GETS hits
   fhGETX: 559455 # Filtered GETX hits
   hGETS: 5252 # GETS hits
   hGETX: 10446 # GETX hits
   mGETS: 250225 # GETS misses
   mGETXIM: 97296 # GETX I->M misses
   mGETXSM: 8 # GETX S->M misses (upgrade misses)
   PUTS: 0 # Clean evictions (from lower level)
   PUTX: 0 # Dirty evictions (from lower level)
   INV: 88 # Invalidates (from upper level)
   INVX: 26 # Downgrades (from upper level)
   FWD: 0 # Forwards (from upper level)
   latGETnl: 94481086 # GET request latency on next level
   latGETnet: 0 # GET request latency on network to next level
  l1d-2: # Filter cache stats
   fhGETS: 953933 # Filtered GETS hits
   fhGETX: 558953 # Filtered GETX hits
   hGETS: 5231 # GETS hits
   hGETX: 10864 # GETX hits
   mGETS: 250213 # GETS misses
   mGETXIM: 97287 # GETX I->M misses
   mGETXSM: 5 # GETX S->M misses (upgrade misses)
   PUTS: 0 # Clean evictions (from lower level)
   PUTX: 0 # Dirty evictions (from lower level)
   INV: 66 # Invalidates (from upper level)
   INVX: 6 # Downgrades (from upper level)
   FWD: 0 # Forwards (from upper level)
   latGETnl: 94477906 # GET request latency on next level
   latGETnet: 0 # GET request latency on network to next level
  l1d-3: # Filter cache stats
   fhGETS: 953997 # Filtered GETS hits
   fhGETX: 559416 # Filtered GETX hits
   hGETS: 5260 # GETS hits
   hGETX: 10450 # GETX hits
   mGETS: 250223 # GETS misses
   mGETXIM: 97292 # GETX I->M misses
   mGETXSM: 7 # GETX S->M misses (upgrade misses)
   PUTS: 0 # Clean evictions (from lower level)
   PUTX: 0 # Dirty evictions (from lower level)
   INV: 81 # Invalidates (from upper level)
   INVX: 28 # Downgrades (from upper level)
   FWD: 0 # Forwards (from upper level)
   latGETnl: 94481417 # GET request latency on next level
   latGETnet: 0 # GET request latency on network to next level
  l1d-4: # Filter cache stats
   fhGETS: 953994 # Filtered GETS hits
   fhGETX: 559407 # Filtered GETX hits
   hGETS: 5265 # GETS hits
   hGETX: 10465 # GETX hits
   mGETS: 250229 # GETS misses
   mGETXIM: 97291 # GETX I->M misses
   mGETXSM: 9 # GETX S->M misses (upgrade misses)
   PUTS: 0 # Clean evictions (from lower level)
   PUTX: 0 # Dirty evictions (from lower level)
   INV: 80 # Invalidates (from upper level)
   INVX: 24 # Downgrades (from upper level)
   FWD: 0 # Forwards (from upper level)
   latGETnl: 94481859 # GET request latency on next level
   latGETnet: 0 # GET request latency on network to next level
  l1d-5: # Filter cache stats
   fhGETS: 954010 # Filtered GETS hits
   fhGETX: 559426 # Filtered GETX hits
   hGETS: 5246 # GETS hits
   hGETX: 10442 # GETX hits
   mGETS: 250221 # GETS misses
   mGETXIM: 97289 # GETX I->M misses
   mGETXSM: 7 # GETX S->M misses (upgrade misses)
   PUTS: 0 # Clean evictions (from lower level)
   PUTX: 0 # Dirty evictions (from lower level)
   INV: 78 # Invalidates (from upper level)
   INVX: 18 # Downgrades (from upper level)
   FWD: 0 # Forwards (from upper level)
   latGETnl: 94478835 # GET request latency on next level
   latGETnet: 0 # GET request latency on network to next level
  l1d-6: # Filter cache stats
   fhGETS: 953847 # Filtered GETS hits
   fhGETX: 558901 # Filtered GETX hits
   hGETS: 5238 # GETS hits
   hGETX: 10865 # GETX hits
   mGETS: 250205 # GETS misses
   mGETXIM: 97283 # GETX I->M misses
   mGETXSM: 5 # GETX S->M misses (upgrade misses)
   PUTS: 0 # Clean evictions (from lower level)
   PUTX: 0 # Dirty evictions (from lower level)
   INV: 64 # Invalidates (from upper level)
   INVX: 11 # Downgrades (from upper level)
   FWD: 0 # Forwards (from upper level)
   latGETnl: 94476300 # GET request latency on next level
   latGETnet: 0 # GET request latency on network to next level
  l1d-7: # Filter cache stats
   fhGETS: 953989 # Filtered GETS hits
   fhGETX: 559422 # Filtered GETX hits
   hGETS: 5258 # GETS hits
   hGETX: 10436 # GETX hits
   mGETS: 250213 # GETS misses
   mGETXIM: 97295 # GETX I->M misses
   mGETXSM: 8 # GETX S->M misses (upgrade misses)
   PUTS: 0 # Clean evictions (from lower level)
   PUTX: 0 # Dirty evictions (from lower level)
   INV: 82 # Invalidates (from upper level)
   INVX: 17 # Downgrades (from upper level)
   FWD: 0 # Forwards (from upper level)
   latGETnl: 94477593 # GET request latency on next level
   latGETnet: 0 # GET request latency on network to next level
  l1d-8: # Filter cache stats
   fhGETS: 953846 # Filtered GETS hits
   fhGETX: 558911 # Filtered GETX hits
   hGETS: 5242 # GETS hits
   hGETX: 10843 # GETX hits
   mGETS: 250194 # GETS misses
   mGETXIM: 97291 # GETX I->M misses
   mGETXSM: 6 # GETX S->M misses (upgrade misses)
   PUTS: 0 # Clean evictions (from lower level)
   PUTX: 0 # Dirty evictions (from lower level)
   INV: 67 # Invalidates (from upper level)
   INVX: 25 # Downgrades (from upper level)
   FWD: 0 # Forwards (from upper level)
   latGETnl: 94478555 # GET request latency on next level
   latGETnet: 0 # GET request latency on network to next level
  l1d-9: # Filter cache stats
   fhGETS: 953855 # Filtered GETS hits
   fhGETX: 558912 # Filtered GETX hits
   hGETS: 5238 # GETS hits
   hGETX: 10860 # GETX hits
   mGETS: 250210 # GETS misses
   mGETXIM: 97290 # GETX I->M misses
   mGETXSM: 6 # GETX S->M misses (upgrade misses)
   PUTS: 0 # Clean evictions (from lower level)
   PUTX: 0 # Dirty evictions (from lower level)
   INV: 67 # Invalidates (from upper level)
   INVX: 13 # Downgrades (from upper level)
   FWD: 0 # Forwards (from upper level)
   latGETnl: 94477404 # GET request latency on next level
   latGETnet: 0 # GET request latency on network to next level
  l1d-10: # Filter cache stats
   fhGETS: 953839 # Filtered GETS hits
   fhGETX: 558890 # Filtered GETX hits
   hGETS: 5243 # GETS hits
   hGETX: 10872 # GETX hits
   mGETS: 250199 # GETS misses
   mGETXIM: 97283 # GETX I->M misses
   mGETXSM: 5 # GETX S->M misses (upgrade misses)
   PUTS: 0 # Clean evictions (from lower level)
   PUTX: 0 # Dirty evictions (from lower level)
   INV: 65 # Invalidates (from upper level)
   INVX: 16 # Downgrades (from upper level)
   FWD: 0 # Forwards (from upper level)
   latGETnl: 94477369 # GET request latency on next level
   latGETnet: 0 # GET request latency on network to next level
  l1d-11: # Filter cache stats
   fhGETS: 954030 # Filtered GETS hits
   fhGETX: 559447 # Filtered GETX hits
   hGETS: 5270 # GETS hits
   hGETX: 10432 # GETX hits
   mGETS: 250216 # GETS misses
   mGETXIM: 97304 # GETX I->M misses
   mGETXSM: 10 # GETX S->M misses (upgrade misses)
   PUTS: 0 # Clean evictions (from lower level)
   PUTX: 0 # Dirty evictions (from lower level)
   INV: 79 # Invalidates (from upper level)
   INVX: 14 # Downgrades (from upper level)
   FWD: 0 # Forwards (from upper level)
   latGETnl: 94483088 # GET request latency on next level
   latGETnet: 0 # GET request latency on network to next level
  l1d-12: # Filter cache stats
   fhGETS: 953859 # Filtered GETS hits
   fhGETX: 558909 # Filtered GETX hits
   hGETS: 5230 # GETS hits
   hGETX: 10854 # GETX hits
   mGETS: 250203 # GETS misses
   mGETXIM: 97286 # GETX I->M misses
   mGETXSM: 5 # GETX S->M misses (upgrade misses)
   PUTS: 0 # Clean evictions (from lower level)
   PUTX: 0 # Dirty evictions (from lower level)
   INV: 67 # Invalidates (from upper level)
   INVX: 17 # Downgrades (from upper level)
   FWD: 0 # Forwards (from upper level)
   latGETnl: 94476545 # GET request latency on next level
   latGETnet: 0 # GET request latency on network to next level
  l1d-13: # Filter cache stats
   fhGETS: 953866 # Filtered GETS hits
   fhGETX: 558920 # Filtered GETX hits
   hGETS: 5227 # GETS hits
   hGETX: 10854 # GETX hits
   mGETS: 250210 # GETS misses
   mGETXIM: 97289 # GETX I->M misses
   mGETXSM: 5 # GETX S->M misses (upgrade misses)
   PUTS: 0 # Clean evictions (from lower level)
   PUTX: 0 # Dirty evictions (from lower level)
   INV: 67 # Invalidates (from upper level)
   INVX: 16 # Downgrades (from upper level)
   FWD: 0 # Forwards (from upper level)
   latGETnl: 94479166 # GET request latency on next level
   latGETnet: 0 # GET request latency on network to next level
  l1d-14: # Filter cache stats
   fhGETS: 953838 # Filtered GETS hits
   fhGETX: 558883 # Filtered GETX hits
   hGETS: 5242 # GETS hits
   hGETX: 10881 # GETX hits
   mGETS: 250201 # GETS misses
   mGETXIM: 97280 # GETX I->M misses
   mGETXSM: 6 # GETX S->M misses (upgrade misses)
   PUTS: 0 # Clean evictions (from lower level)
   PUTX: 0 # Dirty evictions (from lower level)
   INV: 65 # Invalidates (from upper level)
   INVX: 4 # Downgrades (from upper level)
   FWD: 0 # Forwards (from upper level)
   latGETnl: 94474402 # GET request latency on next level
   latGETnet: 0 # GET request latency on network to next level
  l1d-15: # Filter cache stats
   fhGETS: 953853 # Filtered GETS hits
   fhGETX: 558896 # Filtered GETX hits
   hGETS: 5226 # GETS hits
   hGETX: 10867 # GETX hits
   mGETS: 250202 # GETS misses
   mGETXIM: 97281 # GETX I->M misses
   mGETXSM: 6 # GETX S->M misses (upgrade misses)
   PUTS: 0 # Clean evictions (from lower level)
   PUTX: 0 # Dirty evictions (from lower level)
   INV: 66 # Invalidates (from upper level)
   INVX: 1 # Downgrades (from upper level)
   FWD: 0 # Forwards (from upper level)
   latGETnl: 94474088 # GET request latency on next level
   latGETnet: 0 # GET request latency on network to next level
  l1d-16: # Filter cache stats
   fhGETS: 953850 # Filtered GETS hits
   fhGETX: 559327 # Filtered GETX hits
   hGETS: 5229 # GETS hits
   hGETX: 10430 # GETX hits
   mGETS: 250201 # GETS misses
   mGETXIM: 97285 # GETX I->M misses
   mGETXSM: 4 # GETX S->M misses (upgrade misses)
   PUTS: 0 # Clean evictions (from lower level)
   PUTX: 0 # Dirty evictions (from lower level)
   INV: 66 # Invalidates (from upper level)
   INVX: 5 # Downgrades (from upper level)
   FWD: 0 # Forwards (from upper level)
   latGETnl: 94474768 # GET request latency on next level
   latGETnet: 0 # GET request latency on network to next level
  l1d-17: # Filter cache stats
   fhGETS: 955231 # Filtered GETS hits
   fhGETX: 559421 # Filtered GETX hits
   hGETS: 5582 # GETS hits
   hGETX: 10935 # GETX hits
   mGETS: 250242 # GETS misses
   mGETXIM: 97287 # GETX I->M misses
   mGETXSM: 14 # GETX S->M misses (upgrade misses)
   PUTS: 0 # Clean evictions (from lower level)
   PUTX: 0 # Dirty evictions (from lower level)
   INV: 65 # Invalidates (from upper level)
   INVX: 2 # Downgrades (from upper level)
   FWD: 0 # Forwards (from upper level)
   latGETnl: 94478888 # GET request latency on next level
   latGETnet: 0 # GET request latency on network to next level
  l1d-18: # Filter cache stats
   fhGETS: 953850 # Filtered GETS hits
   fhGETX: 559333 # Filtered GETX hits
   hGETS: 5224 # GETS hits
   hGETX: 10425 # GETX hits
   mGETS: 250197 # GETS misses
   mGETXIM: 97285 # GETX I->M misses
   mGETXSM: 6 # GETX S->M misses (upgrade misses)
   PUTS: 0 # Clean evictions (from lower level)
   PUTX: 0 # Dirty evictions (from lower level)
   INV: 66 # Invalidates (from upper level)
   INVX: 2 # Downgrades (from upper level)
   FWD: 0 # Forwards (from upper level)
   latGETnl: 94473296 # GET request latency on next level
   latGETnet: 0 # GET request latency on network to next level
  l1d-19: # Filter cache stats
   fhGETS: 953859 # Filtered GETS hits
   fhGETX: 558904 # Filtered GETX hits
   hGETS: 5223 # GETS hits
   hGETX: 10863 # GETX hits
   mGETS: 250206 # GETS misses
   mGETXIM: 97279 # GETX I->M misses
   mGETXSM: 6 # GETX S->M misses (upgrade misses)
   PUTS: 0 # Clean evictions (from lower level)
   PUTX: 0 # Dirty evictions (from lower level)
   INV: 64 # Invalidates (from upper level)
   INVX: 2 # Downgrades (from upper level)
   FWD: 0 # Forwards (from upper level)
   latGETnl: 94473887 # GET request latency on next level
   latGETnet: 0 # GET request latency on network to next level
  l1d-20: # Filter cache stats
   fhGETS: 953829 # Filtered GETS hits
   fhGETX: 559326 # Filtered GETX hits
   hGETS: 5246 # GETS hits
   hGETX: 10432 # GETX hits
   mGETS: 250196 # GETS misses
   mGETXIM: 97286 # GETX I->M misses
   mGETXSM: 5 # GETX S->M misses (upgrade misses)
   PUTS: 0 # Clean evictions (from lower level)
   PUTX: 0 # Dirty evictions (from lower level)
   INV: 67 # Invalidates (from upper level)
   INVX: 1 # Downgrades (from upper level)
   FWD: 0 # Forwards (from upper level)
   latGETnl: 94472771 # GET request latency on next level
   latGETnet: 0 # GET request latency on network to next level
  l1d-21: # Filter cache stats
   fhGETS: 953848 # Filtered GETS hits
   fhGETX: 559332 # Filtered GETX hits
   hGETS: 5223 # GETS hits
   hGETX: 10430 # GETX hits
   mGETS: 250200 # GETS misses
   mGETXIM: 97281 # GETX I->M misses
   mGETXSM: 6 # GETX S->M misses (upgrade misses)
   PUTS: 0 # Clean evictions (from lower level)
   PUTX: 0 # Dirty evictions (from lower level)
   INV: 65 # Invalidates (from upper level)
   INVX: 3 # Downgrades (from upper level)
   FWD: 0 # Forwards (from upper level)
   latGETnl: 94473474 # GET request latency on next level
   latGETnet: 0 # GET request latency on network to next level
  l1d-22: # Filter cache stats
   fhGETS: 953850 # Filtered GETS hits
   fhGETX: 559336 # Filtered GETX hits
   hGETS: 5217 # GETS hits
   hGETX: 10424 # GETX hits
   mGETS: 250198 # GETS misses
   mGETXIM: 97280 # GETX I->M misses
   mGETXSM: 4 # GETX S->M misses (upgrade misses)
   PUTS: 0 # Clean evictions (from lower level)
   PUTX: 0 # Dirty evictions (from lower level)
   INV: 62 # Invalidates (from upper level)
   INVX: 1 # Downgrades (from upper level)
   FWD: 0 # Forwards (from upper level)
   latGETnl: 94473408 # GET request latency on next level
   latGETnet: 0 # GET request latency on network to next level
  l1d-23: # Filter cache stats
   fhGETS: 0 # Filtered GETS hits
   fhGETX: 0 # Filtered GETX hits
   hGETS: 0 # GETS hits
   hGETX: 0 # GETX hits
   mGETS: 0 # GETS misses
   mGETXIM: 0 # GETX I->M misses
   mGETXSM: 0 # GETX S->M misses (upgrade misses)
   PUTS: 0 # Clean evictions (from lower level)
   PUTX: 0 # Dirty evictions (from lower level)
   INV: 0 # Invalidates (from upper level)
   INVX: 0 # Downgrades (from upper level)
   FWD: 0 # Forwards (from upper level)
   latGETnl: 0 # GET request latency on next level
   latGETnet: 0 # GET request latency on network to next level
 l1i: # Cache stats
  l1i-0: # Filter cache stats
   fhGETS: 107307712 # Filtered GETS hits
   fhGETX: 0 # Filtered GETX hits
   hGETS: 47 # GETS hits
   hGETX: 0 # GETX hits
   mGETS: 773 # GETS misses
   mGETXIM: 0 # GETX I->M misses
   mGETXSM: 0 # GETX S->M misses (upgrade misses)
   PUTS: 0 # Clean evictions (from lower level)
   PUTX: 0 # Dirty evictions (from lower level)
   INV: 750 # Invalidates (from upper level)
   INVX: 0 # Downgrades (from upper level)
   FWD: 0 # Forwards (from upper level)
   latGETnl: 76381 # GET request latency on next level
   latGETnet: 0 # GET request latency on network to next level
  l1i-1: # Filter cache stats
   fhGETS: 107307625 # Filtered GETS hits
   fhGETX: 0 # Filtered GETX hits
   hGETS: 37 # GETS hits
   hGETX: 0 # GETX hits
   mGETS: 686 # GETS misses
   mGETXIM: 0 # GETX I->M misses
   mGETXSM: 0 # GETX S->M misses (upgrade misses)
   PUTS: 0 # Clean evictions (from lower level)
   PUTX: 0 # Dirty evictions (from lower level)
   INV: 654 # Invalidates (from upper level)
   INVX: 0 # Downgrades (from upper level)
   FWD: 0 # Forwards (from upper level)
   latGETnl: 38317 # GET request latency on next level
   latGETnet: 0 # GET request latency on network to next level
  l1i-2: # Filter cache stats
   fhGETS: 107306902 # Filtered GETS hits
   fhGETX: 0 # Filtered GETX hits
   hGETS: 33 # GETS hits
   hGETX: 0 # GETX hits
   mGETS: 707 # GETS misses
   mGETXIM: 0 # GETX I->M misses
   mGETXSM: 0 # GETX S->M misses (upgrade misses)
   PUTS: 0 # Clean evictions (from lower level)
   PUTX: 0 # Dirty evictions (from lower level)
   INV: 684 # Invalidates (from upper level)
   INVX: 0 # Downgrades (from upper level)
   FWD: 0 # Forwards (from upper level)
   latGETnl: 43129 # GET request latency on next level
   latGETnet: 0 # GET request latency on network to next level
  l1i-3: # Filter cache stats
   fhGETS: 107307541 # Filtered GETS hits
   fhGETX: 0 # Filtered GETX hits
   hGETS: 30 # GETS hits
   hGETX: 0 # GETX hits
   mGETS: 702 # GETS misses
   mGETXIM: 0 # GETX I->M misses
   mGETXSM: 0 # GETX S->M misses (upgrade misses)
   PUTS: 0 # Clean evictions (from lower level)
   PUTX: 0 # Dirty evictions (from lower level)
   INV: 664 # Invalidates (from upper level)
   INVX: 0 # Downgrades (from upper level)
   FWD: 0 # Forwards (from upper level)
   latGETnl: 39069 # GET request latency on next level
   latGETnet: 0 # GET request latency on network to next level
  l1i-4: # Filter cache stats
   fhGETS: 107307584 # Filtered GETS hits
   fhGETX: 0 # Filtered GETX hits
   hGETS: 31 # GETS hits
   hGETX: 0 # GETX hits
   mGETS: 703 # GETS misses
   mGETXIM: 0 # GETX I->M misses
   mGETXSM: 0 # GETX S->M misses (upgrade misses)
   PUTS: 0 # Clean evictions (from lower level)
   PUTX: 0 # Dirty evictions (from lower level)
   INV: 663 # Invalidates (from upper level)
   INVX: 0 # Downgrades (from upper level)
   FWD: 0 # Forwards (from upper level)
   latGETnl: 34841 # GET request latency on next level
   latGETnet: 0 # GET request latency on network to next level
  l1i-5: # Filter cache stats
   fhGETS: 107307588 # Filtered GETS hits
   fhGETX: 0 # Filtered GETX hits
   hGETS: 30 # GETS hits
   hGETX: 0 # GETX hits
   mGETS: 696 # GETS misses
   mGETXIM: 0 # GETX I->M misses
   mGETXSM: 0 # GETX S->M misses (upgrade misses)
   PUTS: 0 # Clean evictions (from lower level)
   PUTX: 0 # Dirty evictions (from lower level)
   INV: 664 # Invalidates (from upper level)
   INVX: 0 # Downgrades (from upper level)
   FWD: 0 # Forwards (from upper level)
   latGETnl: 33837 # GET request latency on next level
   latGETnet: 0 # GET request latency on network to next level
  l1i-6: # Filter cache stats
   fhGETS: 107307379 # Filtered GETS hits
   fhGETX: 0 # Filtered GETX hits
   hGETS: 29 # GETS hits
   hGETX: 0 # GETX hits
   mGETS: 680 # GETS misses
   mGETXIM: 0 # GETX I->M misses
   mGETXSM: 0 # GETX S->M misses (upgrade misses)
   PUTS: 0 # Clean evictions (from lower level)
   PUTX: 0 # Dirty evictions (from lower level)
   INV: 643 # Invalidates (from upper level)
   INVX: 0 # Downgrades (from upper level)
   FWD: 0 # Forwards (from upper level)
   latGETnl: 37360 # GET request latency on next level
   latGETnet: 0 # GET request latency on network to next level
  l1i-7: # Filter cache stats
   fhGETS: 107307537 # Filtered GETS hits
   fhGETX: 0 # Filtered GETX hits
   hGETS: 30 # GETS hits
   hGETX: 0 # GETX hits
   mGETS: 688 # GETS misses
   mGETXIM: 0 # GETX I->M misses
   mGETXSM: 0 # GETX S->M misses (upgrade misses)
   PUTS: 0 # Clean evictions (from lower level)
   PUTX: 0 # Dirty evictions (from lower level)
   INV: 665 # Invalidates (from upper level)
   INVX: 0 # Downgrades (from upper level)
   FWD: 0 # Forwards (from upper level)
   latGETnl: 32561 # GET request latency on next level
   latGETnet: 0 # GET request latency on network to next level
  l1i-8: # Filter cache stats
   fhGETS: 107307440 # Filtered GETS hits
   fhGETX: 0 # Filtered GETX hits
   hGETS: 30 # GETS hits
   hGETX: 0 # GETX hits
   mGETS: 676 # GETS misses
   mGETXIM: 0 # GETX I->M misses
   mGETXSM: 0 # GETX S->M misses (upgrade misses)
   PUTS: 0 # Clean evictions (from lower level)
   PUTX: 0 # Dirty evictions (from lower level)
   INV: 646 # Invalidates (from upper level)
   INVX: 0 # Downgrades (from upper level)
   FWD: 0 # Forwards (from upper level)
   latGETnl: 34697 # GET request latency on next level
   latGETnet: 0 # GET request latency on network to next level
  l1i-9: # Filter cache stats
   fhGETS: 107307436 # Filtered GETS hits
   fhGETX: 0 # Filtered GETX hits
   hGETS: 28 # GETS hits
   hGETX: 0 # GETX hits
   mGETS: 689 # GETS misses
   mGETXIM: 0 # GETX I->M misses
   mGETXSM: 0 # GETX S->M misses (upgrade misses)
   PUTS: 0 # Clean evictions (from lower level)
   PUTX: 0 # Dirty evictions (from lower level)
   INV: 644 # Invalidates (from upper level)
   INVX: 0 # Downgrades (from upper level)
   FWD: 0 # Forwards (from upper level)
   latGETnl: 35983 # GET request latency on next level
   latGETnet: 0 # GET request latency on network to next level
  l1i-10: # Filter cache stats
   fhGETS: 107307442 # Filtered GETS hits
   fhGETX: 0 # Filtered GETX hits
   hGETS: 30 # GETS hits
   hGETX: 0 # GETX hits
   mGETS: 677 # GETS misses
   mGETXIM: 0 # GETX I->M misses
   mGETXSM: 0 # GETX S->M misses (upgrade misses)
   PUTS: 0 # Clean evictions (from lower level)
   PUTX: 0 # Dirty evictions (from lower level)
   INV: 648 # Invalidates (from upper level)
   INVX: 0 # Downgrades (from upper level)
   FWD: 0 # Forwards (from upper level)
   latGETnl: 35644 # GET request latency on next level
   latGETnet: 0 # GET request latency on network to next level
  l1i-11: # Filter cache stats
   fhGETS: 107307499 # Filtered GETS hits
   fhGETX: 0 # Filtered GETX hits
   hGETS: 130 # GETS hits
   hGETX: 0 # GETX hits
   mGETS: 683 # GETS misses
   mGETXIM: 0 # GETX I->M misses
   mGETXSM: 0 # GETX S->M misses (upgrade misses)
   PUTS: 0 # Clean evictions (from lower level)
   PUTX: 0 # Dirty evictions (from lower level)
   INV: 654 # Invalidates (from upper level)
   INVX: 0 # Downgrades (from upper level)
   FWD: 0 # Forwards (from upper level)
   latGETnl: 33451 # GET request latency on next level
   latGETnet: 0 # GET request latency on network to next level
  l1i-12: # Filter cache stats
   fhGETS: 107307449 # Filtered GETS hits
   fhGETX: 0 # Filtered GETX hits
   hGETS: 30 # GETS hits
   hGETX: 0 # GETX hits
   mGETS: 684 # GETS misses
   mGETXIM: 0 # GETX I->M misses
   mGETXSM: 0 # GETX S->M misses (upgrade misses)
   PUTS: 0 # Clean evictions (from lower level)
   PUTX: 0 # Dirty evictions (from lower level)
   INV: 646 # Invalidates (from upper level)
   INVX: 0 # Downgrades (from upper level)
   FWD: 0 # Forwards (from upper level)
   latGETnl: 34173 # GET request latency on next level
   latGETnet: 0 # GET request latency on network to next level
  l1i-13: # Filter cache stats
   fhGETS: 107307442 # Filtered GETS hits
   fhGETX: 0 # Filtered GETX hits
   hGETS: 30 # GETS hits
   hGETX: 0 # GETX hits
   mGETS: 693 # GETS misses
   mGETXIM: 0 # GETX I->M misses
   mGETXSM: 0 # GETX S->M misses (upgrade misses)
   PUTS: 0 # Clean evictions (from lower level)
   PUTX: 0 # Dirty evictions (from lower level)
   INV: 650 # Invalidates (from upper level)
   INVX: 0 # Downgrades (from upper level)
   FWD: 0 # Forwards (from upper level)
   latGETnl: 34596 # GET request latency on next level
   latGETnet: 0 # GET request latency on network to next level
  l1i-14: # Filter cache stats
   fhGETS: 107307441 # Filtered GETS hits
   fhGETX: 0 # Filtered GETX hits
   hGETS: 30 # GETS hits
   hGETX: 0 # GETX hits
   mGETS: 675 # GETS misses
   mGETXIM: 0 # GETX I->M misses
   mGETXSM: 0 # GETX S->M misses (upgrade misses)
   PUTS: 0 # Clean evictions (from lower level)
   PUTX: 0 # Dirty evictions (from lower level)
   INV: 646 # Invalidates (from upper level)
   INVX: 0 # Downgrades (from upper level)
   FWD: 0 # Forwards (from upper level)
   latGETnl: 32850 # GET request latency on next level
   latGETnet: 0 # GET request latency on network to next level
  l1i-15: # Filter cache stats
   fhGETS: 107307441 # Filtered GETS hits
   fhGETX: 0 # Filtered GETX hits
   hGETS: 30 # GETS hits
   hGETX: 0 # GETX hits
   mGETS: 675 # GETS misses
   mGETXIM: 0 # GETX I->M misses
   mGETXSM: 0 # GETX S->M misses (upgrade misses)
   PUTS: 0 # Clean evictions (from lower level)
   PUTX: 0 # Dirty evictions (from lower level)
   INV: 646 # Invalidates (from upper level)
   INVX: 0 # Downgrades (from upper level)
   FWD: 0 # Forwards (from upper level)
   latGETnl: 32625 # GET request latency on next level
   latGETnet: 0 # GET request latency on network to next level
  l1i-16: # Filter cache stats
   fhGETS: 107307419 # Filtered GETS hits
   fhGETX: 0 # Filtered GETX hits
   hGETS: 30 # GETS hits
   hGETX: 0 # GETX hits
   mGETS: 676 # GETS misses
   mGETXIM: 0 # GETX I->M misses
   mGETXSM: 0 # GETX S->M misses (upgrade misses)
   PUTS: 0 # Clean evictions (from lower level)
   PUTX: 0 # Dirty evictions (from lower level)
   INV: 644 # Invalidates (from upper level)
   INVX: 0 # Downgrades (from upper level)
   FWD: 0 # Forwards (from upper level)
   latGETnl: 33797 # GET request latency on next level
   latGETnet: 0 # GET request latency on network to next level
  l1i-17: # Filter cache stats
   fhGETS: 107297033 # Filtered GETS hits
   fhGETX: 0 # Filtered GETX hits
   hGETS: 198 # GETS hits
   hGETX: 0 # GETX hits
   mGETS: 741 # GETS misses
   mGETXIM: 0 # GETX I->M misses
   mGETXSM: 0 # GETX S->M misses (upgrade misses)
   PUTS: 0 # Clean evictions (from lower level)
   PUTX: 0 # Dirty evictions (from lower level)
   INV: 718 # Invalidates (from upper level)
   INVX: 0 # Downgrades (from upper level)
   FWD: 0 # Forwards (from upper level)
   latGETnl: 48777 # GET request latency on next level
   latGETnet: 0 # GET request latency on network to next level
  l1i-18: # Filter cache stats
   fhGETS: 107307175 # Filtered GETS hits
   fhGETX: 0 # Filtered GETX hits
   hGETS: 30 # GETS hits
   hGETX: 0 # GETX hits
   mGETS: 673 # GETS misses
   mGETXIM: 0 # GETX I->M misses
   mGETXSM: 0 # GETX S->M misses (upgrade misses)
   PUTS: 0 # Clean evictions (from lower level)
   PUTX: 0 # Dirty evictions (from lower level)
   INV: 650 # Invalidates (from upper level)
   INVX: 0 # Downgrades (from upper level)
   FWD: 0 # Forwards (from upper level)
   latGETnl: 31631 # GET request latency on next level
   latGETnet: 0 # GET request latency on network to next level
  l1i-19: # Filter cache stats
   fhGETS: 107307443 # Filtered GETS hits
   fhGETX: 0 # Filtered GETX hits
   hGETS: 30 # GETS hits
   hGETX: 0 # GETX hits
   mGETS: 680 # GETS misses
   mGETXIM: 0 # GETX I->M misses
   mGETXSM: 0 # GETX S->M misses (upgrade misses)
   PUTS: 0 # Clean evictions (from lower level)
   PUTX: 0 # Dirty evictions (from lower level)
   INV: 646 # Invalidates (from upper level)
   INVX: 0 # Downgrades (from upper level)
   FWD: 0 # Forwards (from upper level)
   latGETnl: 31960 # GET request latency on next level
   latGETnet: 0 # GET request latency on network to next level
  l1i-20: # Filter cache stats
   fhGETS: 107307180 # Filtered GETS hits
   fhGETX: 0 # Filtered GETX hits
   hGETS: 30 # GETS hits
   hGETX: 0 # GETX hits
   mGETS: 673 # GETS misses
   mGETXIM: 0 # GETX I->M misses
   mGETXSM: 0 # GETX S->M misses (upgrade misses)
   PUTS: 0 # Clean evictions (from lower level)
   PUTX: 0 # Dirty evictions (from lower level)
   INV: 650 # Invalidates (from upper level)
   INVX: 0 # Downgrades (from upper level)
   FWD: 0 # Forwards (from upper level)
   latGETnl: 31631 # GET request latency on next level
   latGETnet: 0 # GET request latency on network to next level
  l1i-21: # Filter cache stats
   fhGETS: 107306681 # Filtered GETS hits
   fhGETX: 0 # Filtered GETX hits
   hGETS: 30 # GETS hits
   hGETX: 0 # GETX hits
   mGETS: 673 # GETS misses
   mGETXIM: 0 # GETX I->M misses
   mGETXSM: 0 # GETX S->M misses (upgrade misses)
   PUTS: 0 # Clean evictions (from lower level)
   PUTX: 0 # Dirty evictions (from lower level)
   INV: 650 # Invalidates (from upper level)
   INVX: 0 # Downgrades (from upper level)
   FWD: 0 # Forwards (from upper level)
   latGETnl: 31631 # GET request latency on next level
   latGETnet: 0 # GET request latency on network to next level
  l1i-22: # Filter cache stats
   fhGETS: 107307224 # Filtered GETS hits
   fhGETX: 0 # Filtered GETX hits
   hGETS: 30 # GETS hits
   hGETX: 0 # GETX hits
   mGETS: 667 # GETS misses
   mGETXIM: 0 # GETX I->M misses
   mGETXSM: 0 # GETX S->M misses (upgrade misses)
   PUTS: 0 # Clean evictions (from lower level)
   PUTX: 0 # Dirty evictions (from lower level)
   INV: 644 # Invalidates (from upper level)
   INVX: 0 # Downgrades (from upper level)
   FWD: 0 # Forwards (from upper level)
   latGETnl: 31574 # GET request latency on next level
   latGETnet: 0 # GET request latency on network to next level
  l1i-23: # Filter cache stats
   fhGETS: 0 # Filtered GETS hits
   fhGETX: 0 # Filtered GETX hits
   hGETS: 0 # GETS hits
   hGETX: 0 # GETX hits
   mGETS: 0 # GETS misses
   mGETXIM: 0 # GETX I->M misses
   mGETXSM: 0 # GETX S->M misses (upgrade misses)
   PUTS: 0 # Clean evictions (from lower level)
   PUTX: 0 # Dirty evictions (from lower level)
   INV: 0 # Invalidates (from upper level)
   INVX: 0 # Downgrades (from upper level)
   FWD: 0 # Forwards (from upper level)
   latGETnl: 0 # GET request latency on next level
   latGETnet: 0 # GET request latency on network to next level
 l2: # Cache stats
  l2-0: # Cache stats
   hGETS: 0 # GETS hits
   hGETX: 0 # GETX hits
   mGETS: 251038 # GETS misses
   mGETXIM: 97329 # GETX I->M misses
   mGETXSM: 8 # GETX S->M misses (upgrade misses)
   PUTS: 249839 # Clean evictions (from lower level)
   PUTX: 97142 # Dirty evictions (from lower level)
   INV: 26346 # Invalidates (from upper level)
   INVX: 82 # Downgrades (from upper level)
   FWD: 0 # Forwards (from upper level)
   latGETnl: 91101083 # GET request latency on next level
   latGETnet: 0 # GET request latency on network to next level
  l2-1: # Cache stats
   hGETS: 0 # GETS hits
   hGETX: 0 # GETX hits
   mGETS: 250911 # GETS misses
   mGETXIM: 97296 # GETX I->M misses
   mGETXSM: 8 # GETX S->M misses (upgrade misses)
   PUTS: 249801 # Clean evictions (from lower level)
   PUTX: 97120 # Dirty evictions (from lower level)
   INV: 20970 # Invalidates (from upper level)
   INVX: 26 # Downgrades (from upper level)
   FWD: 0 # Forwards (from upper level)
   latGETnl: 91037253 # GET request latency on next level
   latGETnet: 0 # GET request latency on network to next level
  l2-2: # Cache stats
   hGETS: 0 # GETS hits
   hGETX: 0 # GETX hits
   mGETS: 250920 # GETS misses
   mGETXIM: 97287 # GETX I->M misses
   mGETXSM: 5 # GETX S->M misses (upgrade misses)
   PUTS: 249798 # Clean evictions (from lower level)
   PUTX: 97124 # Dirty evictions (from lower level)
   INV: 32217 # Invalidates (from upper level)
   INVX: 6 # Downgrades (from upper level)
   FWD: 0 # Forwards (from upper level)
   latGETnl: 91038915 # GET request latency on next level
   latGETnet: 0 # GET request latency on network to next level
  l2-3: # Cache stats
   hGETS: 0 # GETS hits
   hGETX: 0 # GETX hits
   mGETS: 250925 # GETS misses
   mGETXIM: 97292 # GETX I->M misses
   mGETXSM: 7 # GETX S->M misses (upgrade misses)
   PUTS: 249801 # Clean evictions (from lower level)
   PUTX: 97121 # Dirty evictions (from lower level)
   INV: 20747 # Invalidates (from upper level)
   INVX: 28 # Downgrades (from upper level)
   FWD: 0 # Forwards (from upper level)
   latGETnl: 91038246 # GET request latency on next level
   latGETnet: 0 # GET request latency on network to next level
  l2-4: # Cache stats
   hGETS: 0 # GETS hits
   hGETX: 0 # GETX hits
   mGETS: 250932 # GETS misses
   mGETXIM: 97291 # GETX I->M misses
   mGETXSM: 9 # GETX S->M misses (upgrade misses)
   PUTS: 249803 # Clean evictions (from lower level)
   PUTX: 97125 # Dirty evictions (from lower level)
   INV: 20679 # Invalidates (from upper level)
   INVX: 24 # Downgrades (from upper level)
   FWD: 0 # Forwards (from upper level)
   latGETnl: 91034380 # GET request latency on next level
   latGETnet: 0 # GET request latency on network to next level
  l2-5: # Cache stats
   hGETS: 0 # GETS hits
   hGETX: 0 # GETX hits
   mGETS: 250917 # GETS misses
   mGETXIM: 97290 # GETX I->M misses
   mGETXSM: 6 # GETX S->M misses (upgrade misses)
   PUTS: 249798 # Clean evictions (from lower level)
   PUTX: 97123 # Dirty evictions (from lower level)
   INV: 21312 # Invalidates (from upper level)
   INVX: 18 # Downgrades (from upper level)
   FWD: 0 # Forwards (from upper level)
   latGETnl: 91030542 # GET request latency on next level
   latGETnet: 0 # GET request latency on network to next level
  l2-6: # Cache stats
   hGETS: 0 # GETS hits
   hGETX: 0 # GETX hits
   mGETS: 250885 # GETS misses
   mGETXIM: 97283 # GETX I->M misses
   mGETXSM: 5 # GETX S->M misses (upgrade misses)
   PUTS: 249790 # Clean evictions (from lower level)
   PUTX: 97122 # Dirty evictions (from lower level)
   INV: 21170 # Invalidates (from upper level)
   INVX: 11 # Downgrades (from upper level)
   FWD: 0 # Forwards (from upper level)
   latGETnl: 91031930 # GET request latency on next level
   latGETnet: 0 # GET request latency on network to next level
  l2-7: # Cache stats
   hGETS: 0 # GETS hits
   hGETX: 0 # GETX hits
   mGETS: 250901 # GETS misses
   mGETXIM: 97295 # GETX I->M misses
   mGETXSM: 8 # GETX S->M misses (upgrade misses)
   PUTS: 249796 # Clean evictions (from lower level)
   PUTX: 97118 # Dirty evictions (from lower level)
   INV: 30432 # Invalidates (from upper level)
   INVX: 17 # Downgrades (from upper level)
   FWD: 0 # Forwards (from upper level)
   latGETnl: 91028114 # GET request latency on next level
   latGETnet: 0 # GET request latency on network to next level
  l2-8: # Cache stats
   hGETS: 0 # GETS hits
   hGETX: 0 # GETX hits
   mGETS: 250870 # GETS misses
   mGETXIM: 97291 # GETX I->M misses
   mGETXSM: 6 # GETX S->M misses (upgrade misses)
   PUTS: 249786 # Clean evictions (from lower level)
   PUTX: 97120 # Dirty evictions (from lower level)
   INV: 23006 # Invalidates (from upper level)
   INVX: 25 # Downgrades (from upper level)
   FWD: 0 # Forwards (from upper level)
   latGETnl: 91031582 # GET request latency on next level
   latGETnet: 0 # GET request latency on network to next level
  l2-9: # Cache stats
   hGETS: 0 # GETS hits
   hGETX: 0 # GETX hits
   mGETS: 250899 # GETS misses
   mGETXIM: 97290 # GETX I->M misses
   mGETXSM: 6 # GETX S->M misses (upgrade misses)
   PUTS: 249798 # Clean evictions (from lower level)
   PUTX: 97123 # Dirty evictions (from lower level)
   INV: 20610 # Invalidates (from upper level)
   INVX: 13 # Downgrades (from upper level)
   FWD: 0 # Forwards (from upper level)
   latGETnl: 91031437 # GET request latency on next level
   latGETnet: 0 # GET request latency on network to next level
  l2-10: # Cache stats
   hGETS: 0 # GETS hits
   hGETX: 0 # GETX hits
   mGETS: 250876 # GETS misses
   mGETXIM: 97283 # GETX I->M misses
   mGETXSM: 5 # GETX S->M misses (upgrade misses)
   PUTS: 249788 # Clean evictions (from lower level)
   PUTX: 97117 # Dirty evictions (from lower level)
   INV: 20806 # Invalidates (from upper level)
   INVX: 16 # Downgrades (from upper level)
   FWD: 0 # Forwards (from upper level)
   latGETnl: 91031373 # GET request latency on next level
   latGETnet: 0 # GET request latency on network to next level
  l2-11: # Cache stats
   hGETS: 0 # GETS hits
   hGETX: 0 # GETX hits
   mGETS: 250899 # GETS misses
   mGETXIM: 97304 # GETX I->M misses
   mGETXSM: 10 # GETX S->M misses (upgrade misses)
   PUTS: 249794 # Clean evictions (from lower level)
   PUTX: 97136 # Dirty evictions (from lower level)
   INV: 30937 # Invalidates (from upper level)
   INVX: 14 # Downgrades (from upper level)
   FWD: 0 # Forwards (from upper level)
   latGETnl: 91034409 # GET request latency on next level
   latGETnet: 0 # GET request latency on network to next level
  l2-12: # Cache stats
   hGETS: 0 # GETS hits
   hGETX: 0 # GETX hits
   mGETS: 250887 # GETS misses
   mGETXIM: 97286 # GETX I->M misses
   mGETXSM: 5 # GETX S->M misses (upgrade misses)
   PUTS: 249788 # Clean evictions (from lower level)
   PUTX: 97122 # Dirty evictions (from lower level)
   INV: 22674 # Invalidates (from upper level)
   INVX: 17 # Downgrades (from upper level)
   FWD: 0 # Forwards (from upper level)
   latGETnl: 91028938 # GET request latency on next level
   latGETnet: 0 # GET request latency on network to next level
  l2-13: # Cache stats
   hGETS: 0 # GETS hits
   hGETX: 0 # GETX hits
   mGETS: 250903 # GETS misses
   mGETXIM: 97289 # GETX I->M misses
   mGETXSM: 5 # GETX S->M misses (upgrade misses)
   PUTS: 249799 # Clean evictions (from lower level)
   PUTX: 97122 # Dirty evictions (from lower level)
   INV: 20640 # Invalidates (from upper level)
   INVX: 16 # Downgrades (from upper level)
   FWD: 0 # Forwards (from upper level)
   latGETnl: 91031792 # GET request latency on next level
   latGETnet: 0 # GET request latency on network to next level
  l2-14: # Cache stats
   hGETS: 0 # GETS hits
   hGETX: 0 # GETX hits
   mGETS: 250876 # GETS misses
   mGETXIM: 97280 # GETX I->M misses
   mGETXSM: 6 # GETX S->M misses (upgrade misses)
   PUTS: 249786 # Clean evictions (from lower level)
   PUTX: 97119 # Dirty evictions (from lower level)
   INV: 20708 # Invalidates (from upper level)
   INVX: 4 # Downgrades (from upper level)
   FWD: 0 # Forwards (from upper level)
   latGETnl: 91025632 # GET request latency on next level
   latGETnet: 0 # GET request latency on network to next level
  l2-15: # Cache stats
   hGETS: 0 # GETS hits
   hGETX: 0 # GETX hits
   mGETS: 250877 # GETS misses
   mGETXIM: 97281 # GETX I->M misses
   mGETXSM: 6 # GETX S->M misses (upgrade misses)
   PUTS: 249787 # Clean evictions (from lower level)
   PUTX: 97118 # Dirty evictions (from lower level)
   INV: 25862 # Invalidates (from upper level)
   INVX: 1 # Downgrades (from upper level)
   FWD: 0 # Forwards (from upper level)
   latGETnl: 91025073 # GET request latency on next level
   latGETnet: 0 # GET request latency on network to next level
  l2-16: # Cache stats
   hGETS: 0 # GETS hits
   hGETX: 0 # GETX hits
   mGETS: 250877 # GETS misses
   mGETXIM: 97285 # GETX I->M misses
   mGETXSM: 4 # GETX S->M misses (upgrade misses)
   PUTS: 249788 # Clean evictions (from lower level)
   PUTX: 97121 # Dirty evictions (from lower level)
   INV: 20948 # Invalidates (from upper level)
   INVX: 5 # Downgrades (from upper level)
   FWD: 0 # Forwards (from upper level)
   latGETnl: 91026905 # GET request latency on next level
   latGETnet: 0 # GET request latency on network to next level
  l2-17: # Cache stats
   hGETS: 0 # GETS hits
   hGETX: 0 # GETX hits
   mGETS: 250983 # GETS misses
   mGETXIM: 97287 # GETX I->M misses
   mGETXSM: 14 # GETX S->M misses (upgrade misses)
   PUTS: 249819 # Clean evictions (from lower level)
   PUTX: 97133 # Dirty evictions (from lower level)
   INV: 29871 # Invalidates (from upper level)
   INVX: 2 # Downgrades (from upper level)
   FWD: 0 # Forwards (from upper level)
   latGETnl: 91044825 # GET request latency on next level
   latGETnet: 0 # GET request latency on network to next level
  l2-18: # Cache stats
   hGETS: 0 # GETS hits
   hGETX: 0 # GETX hits
   mGETS: 250870 # GETS misses
   mGETXIM: 97285 # GETX I->M misses
   mGETXSM: 6 # GETX S->M misses (upgrade misses)
   PUTS: 249786 # Clean evictions (from lower level)
   PUTX: 97118 # Dirty evictions (from lower level)
   INV: 26626 # Invalidates (from upper level)
   INVX: 2 # Downgrades (from upper level)
   FWD: 0 # Forwards (from upper level)
   latGETnl: 91023317 # GET request latency on next level
   latGETnet: 0 # GET request latency on network to next level
  l2-19: # Cache stats
   hGETS: 0 # GETS hits
   hGETX: 0 # GETX hits
   mGETS: 250886 # GETS misses
   mGETXIM: 97279 # GETX I->M misses
   mGETXSM: 6 # GETX S->M misses (upgrade misses)
   PUTS: 249788 # Clean evictions (from lower level)
   PUTX: 97121 # Dirty evictions (from lower level)
   INV: 20722 # Invalidates (from upper level)
   INVX: 2 # Downgrades (from upper level)
   FWD: 0 # Forwards (from upper level)
   latGETnl: 91024137 # GET request latency on next level
   latGETnet: 0 # GET request latency on network to next level
  l2-20: # Cache stats
   hGETS: 0 # GETS hits
   hGETX: 0 # GETX hits
   mGETS: 250869 # GETS misses
   mGETXIM: 97286 # GETX I->M misses
   mGETXSM: 5 # GETX S->M misses (upgrade misses)
   PUTS: 249786 # Clean evictions (from lower level)
   PUTX: 97117 # Dirty evictions (from lower level)
   INV: 20930 # Invalidates (from upper level)
   INVX: 1 # Downgrades (from upper level)
   FWD: 0 # Forwards (from upper level)
   latGETnl: 91022802 # GET request latency on next level
   latGETnet: 0 # GET request latency on network to next level
  l2-21: # Cache stats
   hGETS: 0 # GETS hits
   hGETX: 0 # GETX hits
   mGETS: 250873 # GETS misses
   mGETXIM: 97281 # GETX I->M misses
   mGETXSM: 6 # GETX S->M misses (upgrade misses)
   PUTS: 249785 # Clean evictions (from lower level)
   PUTX: 97119 # Dirty evictions (from lower level)
   INV: 26096 # Invalidates (from upper level)
   INVX: 3 # Downgrades (from upper level)
   FWD: 0 # Forwards (from upper level)
   latGETnl: 91023505 # GET request latency on next level
   latGETnet: 0 # GET request latency on network to next level
  l2-22: # Cache stats
   hGETS: 0 # GETS hits
   hGETX: 0 # GETX hits
   mGETS: 250865 # GETS misses
   mGETXIM: 97280 # GETX I->M misses
   mGETXSM: 4 # GETX S->M misses (upgrade misses)
   PUTS: 249786 # Clean evictions (from lower level)
   PUTX: 97118 # Dirty evictions (from lower level)
   INV: 21036 # Invalidates (from upper level)
   INVX: 1 # Downgrades (from upper level)
   FWD: 0 # Forwards (from upper level)
   latGETnl: 91023492 # GET request latency on next level
   latGETnet: 0 # GET request latency on network to next level
  l2-23: # Cache stats
   hGETS: 0 # GETS hits
   hGETX: 0 # GETX hits
   mGETS: 0 # GETS misses
   mGETXIM: 0 # GETX I->M misses
   mGETXSM: 0 # GETX S->M misses (upgrade misses)
   PUTS: 0 # Clean evictions (from lower level)
   PUTX: 0 # Dirty evictions (from lower level)
   INV: 0 # Invalidates (from upper level)
   INVX: 0 # Downgrades (from upper level)
   FWD: 0 # Forwards (from upper level)
   latGETnl: 0 # GET request latency on next level
   latGETnet: 0 # GET request latency on network to next level
 l3: # Cache stats
  l3-0b0: # Cache stats
   hGETS: 921 # GETS hits
   hGETX: 60 # GETX hits
   mGETS: 239697 # GETS misses
   mGETXIM: 93321 # GETX I->M misses
   mGETXSM: 0 # GETX S->M misses (upgrade misses)
   PUTS: 212429 # Clean evictions (from lower level)
   PUTX: 83238 # Dirty evictions (from lower level)
   INV: 0 # Invalidates (from upper level)
   INVX: 0 # Downgrades (from upper level)
   FWD: 0 # Forwards (from upper level)
   latGETnl: 74929050 # GET request latency on next level
   latGETnet: 0 # GET request latency on network to next level
  l3-0b1: # Cache stats
   hGETS: 873 # GETS hits
   hGETX: 52 # GETX hits
   mGETS: 239698 # GETS misses
   mGETXIM: 93138 # GETX I->M misses
   mGETXSM: 0 # GETX S->M misses (upgrade misses)
   PUTS: 213123 # Clean evictions (from lower level)
   PUTX: 83236 # Dirty evictions (from lower level)
   INV: 0 # Invalidates (from upper level)
   INVX: 0 # Downgrades (from upper level)
   FWD: 0 # Forwards (from upper level)
   latGETnl: 74888100 # GET request latency on next level
   latGETnet: 0 # GET request latency on network to next level
  l3-0b2: # Cache stats
   hGETS: 205 # GETS hits
   hGETX: 32 # GETX hits
   mGETS: 239683 # GETS misses
   mGETXIM: 93133 # GETX I->M misses
   mGETXSM: 0 # GETX S->M misses (upgrade misses)
   PUTS: 212394 # Clean evictions (from lower level)
   PUTX: 83180 # Dirty evictions (from lower level)
   INV: 0 # Invalidates (from upper level)
   INVX: 0 # Downgrades (from upper level)
   FWD: 0 # Forwards (from upper level)
   latGETnl: 74883600 # GET request latency on next level
   latGETnet: 0 # GET request latency on network to next level
  l3-0b3: # Cache stats
   hGETS: 855 # GETS hits
   hGETX: 40 # GETX hits
   mGETS: 239691 # GETS misses
   mGETXIM: 93338 # GETX I->M misses
   mGETXSM: 0 # GETX S->M misses (upgrade misses)
   PUTS: 212289 # Clean evictions (from lower level)
   PUTX: 83268 # Dirty evictions (from lower level)
   INV: 0 # Invalidates (from upper level)
   INVX: 0 # Downgrades (from upper level)
   FWD: 0 # Forwards (from upper level)
   latGETnl: 74931525 # GET request latency on next level
   latGETnet: 0 # GET request latency on network to next level
  l3-0b4: # Cache stats
   hGETS: 284 # GETS hits
   hGETX: 36 # GETX hits
   mGETS: 239675 # GETS misses
   mGETXIM: 93211 # GETX I->M misses
   mGETXSM: 0 # GETX S->M misses (upgrade misses)
   PUTS: 212048 # Clean evictions (from lower level)
   PUTX: 83201 # Dirty evictions (from lower level)
   INV: 0 # Invalidates (from upper level)
   INVX: 0 # Downgrades (from upper level)
   FWD: 0 # Forwards (from upper level)
   latGETnl: 74899350 # GET request latency on next level
   latGETnet: 0 # GET request latency on network to next level
  l3-0b5: # Cache stats
   hGETS: 364 # GETS hits
   hGETX: 20 # GETX hits
   mGETS: 239684 # GETS misses
   mGETXIM: 93032 # GETX I->M misses
   mGETXSM: 0 # GETX S->M misses (upgrade misses)
   PUTS: 212678 # Clean evictions (from lower level)
   PUTX: 83063 # Dirty evictions (from lower level)
   INV: 0 # Invalidates (from upper level)
   INVX: 0 # Downgrades (from upper level)
   FWD: 0 # Forwards (from upper level)
   latGETnl: 74861100 # GET request latency on next level
   latGETnet: 0 # GET request latency on network to next level
  l3-0b6: # Cache stats
   hGETS: 129 # GETS hits
   hGETX: 31 # GETX hits
   mGETS: 239675 # GETS misses
   mGETXIM: 93016 # GETX I->M misses
   mGETXSM: 0 # GETX S->M misses (upgrade misses)
   PUTS: 212426 # Clean evictions (from lower level)
   PUTX: 83042 # Dirty evictions (from lower level)
   INV: 0 # Invalidates (from upper level)
   INVX: 0 # Downgrades (from upper level)
   FWD: 0 # Forwards (from upper level)
   latGETnl: 74855475 # GET request latency on next level
   latGETnet: 0 # GET request latency on network to next level
  l3-0b7: # Cache stats
   hGETS: 623 # GETS hits
   hGETX: 65 # GETX hits
   mGETS: 239682 # GETS misses
   mGETXIM: 93219 # GETX I->M misses
   mGETXSM: 0 # GETX S->M misses (upgrade misses)
   PUTS: 212272 # Clean evictions (from lower level)
   PUTX: 83186 # Dirty evictions (from lower level)
   INV: 0 # Invalidates (from upper level)
   INVX: 0 # Downgrades (from upper level)
   FWD: 0 # Forwards (from upper level)
   latGETnl: 74902725 # GET request latency on next level
   latGETnet: 0 # GET request latency on network to next level
  l3-0b8: # Cache stats
   hGETS: 762 # GETS hits
   hGETX: 49 # GETX hits
   mGETS: 239679 # GETS misses
   mGETXIM: 93136 # GETX I->M misses
   mGETXSM: 0 # GETX S->M misses (upgrade misses)
   PUTS: 212335 # Clean evictions (from lower level)
   PUTX: 83236 # Dirty evictions (from lower level)
   INV: 0 # Invalidates (from upper level)
   INVX: 0 # Downgrades (from upper level)
   FWD: 0 # Forwards (from upper level)
   latGETnl: 74883375 # GET request latency on next level
   latGETnet: 0 # GET request latency on network to next level
  l3-0b9: # Cache stats
   hGETS: 268 # GETS hits
   hGETX: 38 # GETX hits
   mGETS: 239674 # GETS misses
   mGETXIM: 93292 # GETX I->M misses
   mGETXSM: 0 # GETX S->M misses (upgrade misses)
   PUTS: 212186 # Clean evictions (from lower level)
   PUTX: 83283 # Dirty evictions (from lower level)
   INV: 0 # Invalidates (from upper level)
   INVX: 0 # Downgrades (from upper level)
   FWD: 0 # Forwards (from upper level)
   latGETnl: 74917350 # GET request latency on next level
   latGETnet: 0 # GET request latency on network to next level
  l3-0b10: # Cache stats
   hGETS: 1198 # GETS hits
   hGETX: 30 # GETX hits
   mGETS: 239686 # GETS misses
   mGETXIM: 93305 # GETX I->M misses
   mGETXSM: 0 # GETX S->M misses (upgrade misses)
   PUTS: 213231 # Clean evictions (from lower level)
   PUTX: 83297 # Dirty evictions (from lower level)
   INV: 0 # Invalidates (from upper level)
   INVX: 0 # Downgrades (from upper level)
   FWD: 0 # Forwards (from upper level)
   latGETnl: 74922975 # GET request latency on next level
   latGETnet: 0 # GET request latency on network to next level
  l3-0b11: # Cache stats
   hGETS: 819 # GETS hits
   hGETX: 38 # GETX hits
   mGETS: 239689 # GETS misses
   mGETXIM: 93132 # GETX I->M misses
   mGETXSM: 0 # GETX S->M misses (upgrade misses)
   PUTS: 212440 # Clean evictions (from lower level)
   PUTX: 83194 # Dirty evictions (from lower level)
   INV: 0 # Invalidates (from upper level)
   INVX: 0 # Downgrades (from upper level)
   FWD: 0 # Forwards (from upper level)
   latGETnl: 74884725 # GET request latency on next level
   latGETnet: 0 # GET request latency on network to next level
  l3-0b12: # Cache stats
   hGETS: 1353 # GETS hits
   hGETX: 33 # GETX hits
   mGETS: 239678 # GETS misses
   mGETXIM: 93190 # GETX I->M misses
   mGETXSM: 0 # GETX S->M misses (upgrade misses)
   PUTS: 212753 # Clean evictions (from lower level)
   PUTX: 83261 # Dirty evictions (from lower level)
   INV: 0 # Invalidates (from upper level)
   INVX: 0 # Downgrades (from upper level)
   FWD: 0 # Forwards (from upper level)
   latGETnl: 74895300 # GET request latency on next level
   latGETnet: 0 # GET request latency on network to next level
  l3-0b13: # Cache stats
   hGETS: 1216 # GETS hits
   hGETX: 35 # GETX hits
   mGETS: 239685 # GETS misses
   mGETXIM: 93322 # GETX I->M misses
   mGETXSM: 0 # GETX S->M misses (upgrade misses)
   PUTS: 212976 # Clean evictions (from lower level)
   PUTX: 83413 # Dirty evictions (from lower level)
   INV: 0 # Invalidates (from upper level)
   INVX: 0 # Downgrades (from upper level)
   FWD: 0 # Forwards (from upper level)
   latGETnl: 74926575 # GET request latency on next level
   latGETnet: 0 # GET request latency on network to next level
  l3-0b14: # Cache stats
   hGETS: 1313 # GETS hits
   hGETX: 40 # GETX hits
   mGETS: 239696 # GETS misses
   mGETXIM: 93333 # GETX I->M misses
   mGETXSM: 0 # GETX S->M misses (upgrade misses)
   PUTS: 213307 # Clean evictions (from lower level)
   PUTX: 83399 # Dirty evictions (from lower level)
   INV: 0 # Invalidates (from upper level)
   INVX: 0 # Downgrades (from upper level)
   FWD: 0 # Forwards (from upper level)
   latGETnl: 74931525 # GET request latency on next level
   latGETnet: 0 # GET request latency on network to next level
  l3-0b15: # Cache stats
   hGETS: 1343 # GETS hits
   hGETX: 56 # GETX hits
   mGETS: 239695 # GETS misses
   mGETXIM: 93169 # GETX I->M misses
   mGETXSM: 0 # GETX S->M misses (upgrade misses)
   PUTS: 212740 # Clean evictions (from lower level)
   PUTX: 83250 # Dirty evictions (from lower level)
   INV: 0 # Invalidates (from upper level)
   INVX: 0 # Downgrades (from upper level)
   FWD: 0 # Forwards (from upper level)
   latGETnl: 74894400 # GET request latency on next level
   latGETnet: 0 # GET request latency on network to next level
  l3-0b16: # Cache stats
   hGETS: 859 # GETS hits
   hGETX: 42 # GETX hits
   mGETS: 239604 # GETS misses
   mGETXIM: 93273 # GETX I->M misses
   mGETXSM: 0 # GETX S->M misses (upgrade misses)
   PUTS: 212509 # Clean evictions (from lower level)
   PUTX: 83359 # Dirty evictions (from lower level)
   INV: 0 # Invalidates (from upper level)
   INVX: 0 # Downgrades (from upper level)
   FWD: 0 # Forwards (from upper level)
   latGETnl: 74897325 # GET request latency on next level
   latGETnet: 0 # GET request latency on network to next level
  l3-0b17: # Cache stats
   hGETS: 805 # GETS hits
   hGETX: 20 # GETX hits
   mGETS: 239601 # GETS misses
   mGETXIM: 93058 # GETX I->M misses
   mGETXSM: 0 # GETX S->M misses (upgrade misses)
   PUTS: 212881 # Clean evictions (from lower level)
   PUTX: 83119 # Dirty evictions (from lower level)
   INV: 0 # Invalidates (from upper level)
   INVX: 0 # Downgrades (from upper level)
   FWD: 0 # Forwards (from upper level)
   latGETnl: 74848275 # GET request latency on next level
   latGETnet: 0 # GET request latency on network to next level
  l3-0b18: # Cache stats
   hGETS: 772 # GETS hits
   hGETX: 19 # GETX hits
   mGETS: 239591 # GETS misses
   mGETXIM: 93051 # GETX I->M misses
   mGETXSM: 0 # GETX S->M misses (upgrade misses)
   PUTS: 212768 # Clean evictions (from lower level)
   PUTX: 83163 # Dirty evictions (from lower level)
   INV: 0 # Invalidates (from upper level)
   INVX: 0 # Downgrades (from upper level)
   FWD: 0 # Forwards (from upper level)
   latGETnl: 74844450 # GET request latency on next level
   latGETnet: 0 # GET request latency on network to next level
  l3-0b19: # Cache stats
   hGETS: 797 # GETS hits
   hGETX: 49 # GETX hits
   mGETS: 239603 # GETS misses
   mGETXIM: 93264 # GETX I->M misses
   mGETXSM: 0 # GETX S->M misses (upgrade misses)
   PUTS: 212327 # Clean evictions (from lower level)
   PUTX: 83478 # Dirty evictions (from lower level)
   INV: 0 # Invalidates (from upper level)
   INVX: 0 # Downgrades (from upper level)
   FWD: 0 # Forwards (from upper level)
   latGETnl: 74895075 # GET request latency on next level
   latGETnet: 0 # GET request latency on network to next level
  l3-0b20: # Cache stats
   hGETS: 753 # GETS hits
   hGETX: 29 # GETX hits
   mGETS: 239598 # GETS misses
   mGETXIM: 93333 # GETX I->M misses
   mGETXSM: 0 # GETX S->M misses (upgrade misses)
   PUTS: 212315 # Clean evictions (from lower level)
   PUTX: 83425 # Dirty evictions (from lower level)
   INV: 0 # Invalidates (from upper level)
   INVX: 0 # Downgrades (from upper level)
   FWD: 0 # Forwards (from upper level)
   latGETnl: 74909475 # GET request latency on next level
   latGETnet: 0 # GET request latency on network to next level
  l3-0b21: # Cache stats
   hGETS: 721 # GETS hits
   hGETX: 36 # GETX hits
   mGETS: 239593 # GETS misses
   mGETXIM: 93135 # GETX I->M misses
   mGETXSM: 0 # GETX S->M misses (upgrade misses)
   PUTS: 212748 # Clean evictions (from lower level)
   PUTX: 83176 # Dirty evictions (from lower level)
   INV: 0 # Invalidates (from upper level)
   INVX: 0 # Downgrades (from upper level)
   FWD: 0 # Forwards (from upper level)
   latGETnl: 74863800 # GET request latency on next level
   latGETnet: 0 # GET request latency on network to next level
  l3-0b22: # Cache stats
   hGETS: 883 # GETS hits
   hGETX: 33 # GETX hits
   mGETS: 239607 # GETS misses
   mGETXIM: 93137 # GETX I->M misses
   mGETXSM: 0 # GETX S->M misses (upgrade misses)
   PUTS: 212856 # Clean evictions (from lower level)
   PUTX: 83191 # Dirty evictions (from lower level)
   INV: 0 # Invalidates (from upper level)
   INVX: 0 # Downgrades (from upper level)
   FWD: 0 # Forwards (from upper level)
   latGETnl: 74867400 # GET request latency on next level
   latGETnet: 0 # GET request latency on network to next level
  l3-0b23: # Cache stats
   hGETS: 856 # GETS hits
   hGETX: 35 # GETX hits
   mGETS: 239603 # GETS misses
   mGETXIM: 93344 # GETX I->M misses
   mGETXSM: 0 # GETX S->M misses (upgrade misses)
   PUTS: 212406 # Clean evictions (from lower level)
   PUTX: 83437 # Dirty evictions (from lower level)
   INV: 0 # Invalidates (from upper level)
   INVX: 0 # Downgrades (from upper level)
   FWD: 0 # Forwards (from upper level)
   latGETnl: 74913075 # GET request latency on next level
   latGETnet: 0 # GET request latency on network to next level
 mem: # Memory controller stats
  mem-0: # Memory controller stats
   rd: 7981988 # Read requests
   wr: 2082327 # Write requests
   rdlat: 1823427789 # Total latency experienced by read requests
   wrlat: 476171366 # Total latency experienced by write requests
 sched: # Scheduler stats
  thCr: 25 # Threads created
  thFn: 25 # Threads finished
  schedEvs: 26 # Schedule events
  waitEvs: 2 # Wait events
  handoffEvs: 1 # Handoff events
  sleepEvs: 1 # Sleep events
  idlePhases: 0 # Phases with no thread active
  idlePeriods: 0 # Periods with no thread active
  occHist: # Occupancy histogram
   0: 0
   1: 36
   2: 0
   3: 2
   4: 2
   5: 1
   6: 1
   7: 0
   8: 1
   9: 0
   10: 0
   11: 0
   12: 1
   13: 0
   14: 1
   15: 0
   16: 0
   17: 1
   18: 0
   19: 1
   20: 1
   21: 0
   22: 0
   23: 215544
   24: 0
  rqSzHist: # Run queue size histogram
   0: 215563
   1: 29
   2: 0
   3: 0
   4: 0
   5: 0
   6: 0
   7: 0
   8: 0
   9: 0
   10: 0
   11: 0
   12: 0
   13: 0
   14: 0
   15: 0
   16: 0
   17: 0
   18: 0
   19: 0
   20: 0
   21: 0
   22: 0
   23: 0
   24: 0
 procCycles: # Per-process unhalted core cycles
  0: 4957663206
  1: 0
  2: 0
  3: 0
  4: 0
  5: 0
  6: 0
  7: 0
  8: 0
  9: 0
  10: 0
  11: 0
  12: 0
  13: 0
  14: 0
  15: 0
  16: 0
  17: 0
  18: 0
  19: 0
  20: 0
  21: 0
  22: 0
  23: 0
  24: 0
  25: 0
  26: 0
  27: 0
  28: 0
  29: 0
  30: 0
  31: 0
  32: 0
  33: 0
  34: 0
  35: 0
  36: 0
  37: 0
  38: 0
  39: 0
  40: 0
  41: 0
  42: 0
  43: 0
  44: 0
  45: 0
  46: 0
  47: 0
  48: 0
  49: 0
  50: 0
  51: 0
  52: 0
  53: 0
  54: 0
  55: 0
  56: 0
  57: 0
  58: 0
  59: 0
  60: 0
  61: 0
  62: 0
  63: 0
 procInstrs: # Per-process instructions
  0: 7389057143
  1: 0
  2: 0
  3: 0
  4: 0
  5: 0
  6: 0
  7: 0
  8: 0
  9: 0
  10: 0
  11: 0
  12: 0
  13: 0
  14: 0
  15: 0
  16: 0
  17: 0
  18: 0
  19: 0
  20: 0
  21: 0
  22: 0
  23: 0
  24: 0
  25: 0
  26: 0
  27: 0
  28: 0
  29: 0
  30: 0
  31: 0
  32: 0
  33: 0
  34: 0
  35: 0
  36: 0
  37: 0
  38: 0
  39: 0
  40: 0
  41: 0
  42: 0
  43: 0
  44: 0
  45: 0
  46: 0
  47: 0
  48: 0
  49: 0
  50: 0
  51: 0
  52: 0
  53: 0
  54: 0
  55: 0
  56: 0
  57: 0
  58: 0
  59: 0
  60: 0
  61: 0
  62: 0
  63: 0
 heartbeats: # Per-process heartbeats
  0: 0
  1: 0
  2: 0
  3: 0
  4: 0
  5: 0
  6: 0
  7: 0
  8: 0
  9: 0
  10: 0
  11: 0
  12: 0
  13: 0
  14: 0
  15: 0
  16: 0
  17: 0
  18: 0
  19: 0
  20: 0
  21: 0
  22: 0
  23: 0
  24: 0
  25: 0
  26: 0
  27: 0
  28: 0
  29: 0
  30: 0
  31: 0
  32: 0
  33: 0
  34: 0
  35: 0
  36: 0
  37: 0
  38: 0
  39: 0
  40: 0
  41: 0
  42: 0
  43: 0
  44: 0
  45: 0
  46: 0
  47: 0
  48: 0
  49: 0
  50: 0
  51: 0
  52: 0
  53: 0
  54: 0
  55: 0
  56: 0
  57: 0
  58: 0
  59: 0
  60: 0
  61: 0
  62: 0
  63: 0
===
