# zsim stats
===
root: # Stats
 contention: # Contention simulation stats
  domain-0: # Domain stats
   time: 13286241688 # Weave simulation time
 time: # Simulator time breakdown
  init: 3118839097
  bound: 103359450244
  weave: 18544082546
  ff: 1710149
 trigger: 20000 # Reason for this stats dump
 phase: 99374 # Simulated phases
 reqCycles: 0 # Requeue Cycles
 skylake: # Core stats
  skylake-0: # Core stats
   cycles: 99374273 # Simulated unhalted cycles
   cCycles: 3086954 # Cycles due to contention stalls
   instrs: 142739219 # Simulated instructions
   uops: 97164225 # issued micro-ops
   bbls: 47036048 # Basic blocks
   approxInstrs: 943621 # Instrs with approx uop decoding
   mispredBranches: 137265 # Mispredicted branches
   IdqNotDelivered: 96287319 # Stalls no uop delivered when no Bkend Stall
   IntMiscRecoveryCycles: 1111995 # Stalls waiting machine clears
   uops executed: 97938121 # Executed microoperations
  skylake-1: # Core stats
   cycles: 99338034 # Simulated unhalted cycles
   cCycles: 3086907 # Cycles due to contention stalls
   instrs: 142738032 # Simulated instructions
   uops: 97162886 # issued micro-ops
   bbls: 47035824 # Basic blocks
   approxInstrs: 943617 # Instrs with approx uop decoding
   mispredBranches: 137228 # Mispredicted branches
   IdqNotDelivered: 96251127 # Stalls no uop delivered when no Bkend Stall
   IntMiscRecoveryCycles: 1102765 # Stalls waiting machine clears
   uops executed: 97936818 # Executed microoperations
  skylake-2: # Core stats
   cycles: 99336475 # Simulated unhalted cycles
   cCycles: 3086983 # Cycles due to contention stalls
   instrs: 142735906 # Simulated instructions
   uops: 97161206 # issued micro-ops
   bbls: 47035191 # Basic blocks
   approxInstrs: 943607 # Instrs with approx uop decoding
   mispredBranches: 137232 # Mispredicted branches
   IdqNotDelivered: 96249492 # Stalls no uop delivered when no Bkend Stall
   IntMiscRecoveryCycles: 1105773 # Stalls waiting machine clears
   uops executed: 97935127 # Executed microoperations
  skylake-3: # Core stats
   cycles: 99336285 # Simulated unhalted cycles
   cCycles: 3086947 # Cycles due to contention stalls
   instrs: 142737801 # Simulated instructions
   uops: 97162619 # issued micro-ops
   bbls: 47035777 # Basic blocks
   approxInstrs: 943615 # Instrs with approx uop decoding
   mispredBranches: 137231 # Mispredicted branches
   IdqNotDelivered: 96249338 # Stalls no uop delivered when no Bkend Stall
   IntMiscRecoveryCycles: 1104437 # Stalls waiting machine clears
   uops executed: 97936535 # Executed microoperations
  skylake-4: # Core stats
   cycles: 99334198 # Simulated unhalted cycles
   cCycles: 3086943 # Cycles due to contention stalls
   instrs: 142737824 # Simulated instructions
   uops: 97162648 # issued micro-ops
   bbls: 47035783 # Basic blocks
   approxInstrs: 943617 # Instrs with approx uop decoding
   mispredBranches: 137231 # Mispredicted branches
   IdqNotDelivered: 96247255 # Stalls no uop delivered when no Bkend Stall
   IntMiscRecoveryCycles: 1103925 # Stalls waiting machine clears
   uops executed: 97936546 # Executed microoperations
  skylake-5: # Core stats
   cycles: 99333257 # Simulated unhalted cycles
   cCycles: 3086939 # Cycles due to contention stalls
   instrs: 142737824 # Simulated instructions
   uops: 97162648 # issued micro-ops
   bbls: 47035783 # Basic blocks
   approxInstrs: 943617 # Instrs with approx uop decoding
   mispredBranches: 137231 # Mispredicted branches
   IdqNotDelivered: 96246318 # Stalls no uop delivered when no Bkend Stall
   IntMiscRecoveryCycles: 1103688 # Stalls waiting machine clears
   uops executed: 97936546 # Executed microoperations
  skylake-6: # Core stats
   cycles: 99332267 # Simulated unhalted cycles
   cCycles: 3086938 # Cycles due to contention stalls
   instrs: 142737187 # Simulated instructions
   uops: 97161889 # issued micro-ops
   bbls: 47035647 # Basic blocks
   approxInstrs: 943611 # Instrs with approx uop decoding
   mispredBranches: 137225 # Mispredicted branches
   IdqNotDelivered: 96245329 # Stalls no uop delivered when no Bkend Stall
   IntMiscRecoveryCycles: 1104932 # Stalls waiting machine clears
   uops executed: 97935791 # Executed microoperations
  skylake-7: # Core stats
   cycles: 99332051 # Simulated unhalted cycles
   cCycles: 3086998 # Cycles due to contention stalls
   instrs: 142735945 # Simulated instructions
   uops: 97161360 # issued micro-ops
   bbls: 47035163 # Basic blocks
   approxInstrs: 943609 # Instrs with approx uop decoding
   mispredBranches: 137228 # Mispredicted branches
   IdqNotDelivered: 96245053 # Stalls no uop delivered when no Bkend Stall
   IntMiscRecoveryCycles: 1103439 # Stalls waiting machine clears
   uops executed: 97935232 # Executed microoperations
  skylake-8: # Core stats
   cycles: 99331136 # Simulated unhalted cycles
   cCycles: 3086949 # Cycles due to contention stalls
   instrs: 142737198 # Simulated instructions
   uops: 97161904 # issued micro-ops
   bbls: 47035651 # Basic blocks
   approxInstrs: 943611 # Instrs with approx uop decoding
   mispredBranches: 137225 # Mispredicted branches
   IdqNotDelivered: 96244187 # Stalls no uop delivered when no Bkend Stall
   IntMiscRecoveryCycles: 1104828 # Stalls waiting machine clears
   uops executed: 97935807 # Executed microoperations
  skylake-9: # Core stats
   cycles: 99330812 # Simulated unhalted cycles
   cCycles: 3086930 # Cycles due to contention stalls
   instrs: 142736634 # Simulated instructions
   uops: 97161508 # issued micro-ops
   bbls: 47035464 # Basic blocks
   approxInstrs: 943609 # Instrs with approx uop decoding
   mispredBranches: 137222 # Mispredicted branches
   IdqNotDelivered: 96243882 # Stalls no uop delivered when no Bkend Stall
   IntMiscRecoveryCycles: 1104391 # Stalls waiting machine clears
   uops executed: 97935424 # Executed microoperations
  skylake-10: # Core stats
   cycles: 99330843 # Simulated unhalted cycles
   cCycles: 3086938 # Cycles due to contention stalls
   instrs: 142737187 # Simulated instructions
   uops: 97161889 # issued micro-ops
   bbls: 47035647 # Basic blocks
   approxInstrs: 943611 # Instrs with approx uop decoding
   mispredBranches: 137225 # Mispredicted branches
   IdqNotDelivered: 96243905 # Stalls no uop delivered when no Bkend Stall
   IntMiscRecoveryCycles: 1104636 # Stalls waiting machine clears
   uops executed: 97935791 # Executed microoperations
  skylake-11: # Core stats
   cycles: 99330837 # Simulated unhalted cycles
   cCycles: 3086911 # Cycles due to contention stalls
   instrs: 142737206 # Simulated instructions
   uops: 97162174 # issued micro-ops
   bbls: 47035498 # Basic blocks
   approxInstrs: 943612 # Instrs with approx uop decoding
   mispredBranches: 137223 # Mispredicted branches
   IdqNotDelivered: 96243926 # Stalls no uop delivered when no Bkend Stall
   IntMiscRecoveryCycles: 1104904 # Stalls waiting machine clears
   uops executed: 97936164 # Executed microoperations
  skylake-12: # Core stats
   cycles: 99330036 # Simulated unhalted cycles
   cCycles: 3086974 # Cycles due to contention stalls
   instrs: 142737187 # Simulated instructions
   uops: 97161889 # issued micro-ops
   bbls: 47035647 # Basic blocks
   approxInstrs: 943611 # Instrs with approx uop decoding
   mispredBranches: 137225 # Mispredicted branches
   IdqNotDelivered: 96243062 # Stalls no uop delivered when no Bkend Stall
   IntMiscRecoveryCycles: 1104137 # Stalls waiting machine clears
   uops executed: 97935791 # Executed microoperations
  skylake-13: # Core stats
   cycles: 99329929 # Simulated unhalted cycles
   cCycles: 3086938 # Cycles due to contention stalls
   instrs: 142737187 # Simulated instructions
   uops: 97161889 # issued micro-ops
   bbls: 47035647 # Basic blocks
   approxInstrs: 943611 # Instrs with approx uop decoding
   mispredBranches: 137225 # Mispredicted branches
   IdqNotDelivered: 96242991 # Stalls no uop delivered when no Bkend Stall
   IntMiscRecoveryCycles: 1104393 # Stalls waiting machine clears
   uops executed: 97935791 # Executed microoperations
  skylake-14: # Core stats
   cycles: 99328812 # Simulated unhalted cycles
   cCycles: 3086935 # Cycles due to contention stalls
   instrs: 142736715 # Simulated instructions
   uops: 97161562 # issued micro-ops
   bbls: 47035491 # Basic blocks
   approxInstrs: 943609 # Instrs with approx uop decoding
   mispredBranches: 137222 # Mispredicted branches
   IdqNotDelivered: 96241877 # Stalls no uop delivered when no Bkend Stall
   IntMiscRecoveryCycles: 1103459 # Stalls waiting machine clears
   uops executed: 97935478 # Executed microoperations
  skylake-15: # Core stats
   cycles: 99329132 # Simulated unhalted cycles
   cCycles: 3086964 # Cycles due to contention stalls
   instrs: 142737167 # Simulated instructions
   uops: 97161863 # issued micro-ops
   bbls: 47035642 # Basic blocks
   approxInstrs: 943610 # Instrs with approx uop decoding
   mispredBranches: 137219 # Mispredicted branches
   IdqNotDelivered: 96242168 # Stalls no uop delivered when no Bkend Stall
   IntMiscRecoveryCycles: 1103512 # Stalls waiting machine clears
   uops executed: 97935800 # Executed microoperations
  skylake-16: # Core stats
   cycles: 99329086 # Simulated unhalted cycles
   cCycles: 3086971 # Cycles due to contention stalls
   instrs: 142737187 # Simulated instructions
   uops: 97161889 # issued micro-ops
   bbls: 47035647 # Basic blocks
   approxInstrs: 943611 # Instrs with approx uop decoding
   mispredBranches: 137225 # Mispredicted branches
   IdqNotDelivered: 96242115 # Stalls no uop delivered when no Bkend Stall
   IntMiscRecoveryCycles: 1103716 # Stalls waiting machine clears
   uops executed: 97935791 # Executed microoperations
  skylake-17: # Core stats
   cycles: 99328811 # Simulated unhalted cycles
   cCycles: 3086927 # Cycles due to contention stalls
   instrs: 142709008 # Simulated instructions
   uops: 97144709 # issued micro-ops
   bbls: 47025633 # Basic blocks
   approxInstrs: 943386 # Instrs with approx uop decoding
   mispredBranches: 137295 # Mispredicted branches
   IdqNotDelivered: 96241884 # Stalls no uop delivered when no Bkend Stall
   IntMiscRecoveryCycles: 1107710 # Stalls waiting machine clears
   uops executed: 97918602 # Executed microoperations
  skylake-18: # Core stats
   cycles: 99327978 # Simulated unhalted cycles
   cCycles: 3086942 # Cycles due to contention stalls
   instrs: 142737193 # Simulated instructions
   uops: 97161898 # issued micro-ops
   bbls: 47035649 # Basic blocks
   approxInstrs: 943612 # Instrs with approx uop decoding
   mispredBranches: 137223 # Mispredicted branches
   IdqNotDelivered: 96241036 # Stalls no uop delivered when no Bkend Stall
   IntMiscRecoveryCycles: 1103931 # Stalls waiting machine clears
   uops executed: 97935817 # Executed microoperations
  skylake-19: # Core stats
   cycles: 99327812 # Simulated unhalted cycles
   cCycles: 3086928 # Cycles due to contention stalls
   instrs: 142737072 # Simulated instructions
   uops: 97161800 # issued micro-ops
   bbls: 47035610 # Basic blocks
   approxInstrs: 943609 # Instrs with approx uop decoding
   mispredBranches: 137222 # Mispredicted branches
   IdqNotDelivered: 96240884 # Stalls no uop delivered when no Bkend Stall
   IntMiscRecoveryCycles: 1103847 # Stalls waiting machine clears
   uops executed: 97935716 # Executed microoperations
  skylake-20: # Core stats
   cycles: 99328026 # Simulated unhalted cycles
   cCycles: 3086934 # Cycles due to contention stalls
   instrs: 142737090 # Simulated instructions
   uops: 97161812 # issued micro-ops
   bbls: 47035616 # Basic blocks
   approxInstrs: 943609 # Instrs with approx uop decoding
   mispredBranches: 137222 # Mispredicted branches
   IdqNotDelivered: 96241092 # Stalls no uop delivered when no Bkend Stall
   IntMiscRecoveryCycles: 1103700 # Stalls waiting machine clears
   uops executed: 97935728 # Executed microoperations
  skylake-21: # Core stats
   cycles: 99326836 # Simulated unhalted cycles
   cCycles: 3086940 # Cycles due to contention stalls
   instrs: 142734489 # Simulated instructions
   uops: 97160086 # issued micro-ops
   bbls: 47034753 # Basic blocks
   approxInstrs: 943596 # Instrs with approx uop decoding
   mispredBranches: 137218 # Mispredicted branches
   IdqNotDelivered: 96239896 # Stalls no uop delivered when no Bkend Stall
   IntMiscRecoveryCycles: 1103398 # Stalls waiting machine clears
   uops executed: 97934008 # Executed microoperations
  skylake-22: # Core stats
   cycles: 99327052 # Simulated unhalted cycles
   cCycles: 3086931 # Cycles due to contention stalls
   instrs: 142736464 # Simulated instructions
   uops: 97161378 # issued micro-ops
   bbls: 47035409 # Basic blocks
   approxInstrs: 943608 # Instrs with approx uop decoding
   mispredBranches: 137214 # Mispredicted branches
   IdqNotDelivered: 96240121 # Stalls no uop delivered when no Bkend Stall
   IntMiscRecoveryCycles: 1103012 # Stalls waiting machine clears
   uops executed: 97935335 # Executed microoperations
  skylake-23: # Core stats
   cycles: 0 # Simulated unhalted cycles
   cCycles: 0 # Cycles due to contention stalls
   instrs: 0 # Simulated instructions
   uops: 0 # issued micro-ops
   bbls: 0 # Basic blocks
   approxInstrs: 0 # Instrs with approx uop decoding
   mispredBranches: 0 # Mispredicted branches
   IdqNotDelivered: 0 # Stalls no uop delivered when no Bkend Stall
   IntMiscRecoveryCycles: 0 # Stalls waiting machine clears
   uops executed: 0 # Executed microoperations
 l1d: # Cache stats
  l1d-0: # Filter cache stats
   fhGETS: 819103 # Filtered GETS hits
   fhGETX: 636433 # Filtered GETX hits
   hGETS: 158009 # GETS hits
   hGETX: 162613 # GETX hits
   mGETS: 153487 # GETS misses
   mGETXIM: 250117 # GETX I->M misses
   mGETXSM: 8 # GETX S->M misses (upgrade misses)
   PUTS: 0 # Clean evictions (from lower level)
   PUTX: 0 # Dirty evictions (from lower level)
   INV: 108 # Invalidates (from upper level)
   INVX: 81 # Downgrades (from upper level)
   FWD: 0 # Forwards (from upper level)
   latGETnl: 109742272 # GET request latency on next level
   latGETnet: 0 # GET request latency on network to next level
  l1d-1: # Filter cache stats
   fhGETS: 818825 # Filtered GETS hits
   fhGETX: 636254 # Filtered GETX hits
   hGETS: 157940 # GETS hits
   hGETX: 162582 # GETX hits
   mGETS: 153437 # GETS misses
   mGETXIM: 250089 # GETX I->M misses
   mGETXSM: 8 # GETX S->M misses (upgrade misses)
   PUTS: 0 # Clean evictions (from lower level)
   PUTX: 0 # Dirty evictions (from lower level)
   INV: 98 # Invalidates (from upper level)
   INVX: 27 # Downgrades (from upper level)
   FWD: 0 # Forwards (from upper level)
   latGETnl: 109714221 # GET request latency on next level
   latGETnet: 0 # GET request latency on network to next level
  l1d-2: # Filter cache stats
   fhGETS: 818693 # Filtered GETS hits
   fhGETX: 636180 # Filtered GETX hits
   hGETS: 157912 # GETS hits
   hGETX: 162567 # GETX hits
   mGETS: 153436 # GETS misses
   mGETXIM: 250076 # GETX I->M misses
   mGETXSM: 8 # GETX S->M misses (upgrade misses)
   PUTS: 0 # Clean evictions (from lower level)
   PUTX: 0 # Dirty evictions (from lower level)
   INV: 79 # Invalidates (from upper level)
   INVX: 7 # Downgrades (from upper level)
   FWD: 0 # Forwards (from upper level)
   latGETnl: 109710709 # GET request latency on next level
   latGETnet: 0 # GET request latency on network to next level
  l1d-3: # Filter cache stats
   fhGETS: 818754 # Filtered GETS hits
   fhGETX: 636213 # Filtered GETX hits
   hGETS: 157947 # GETS hits
   hGETX: 162589 # GETX hits
   mGETS: 153438 # GETS misses
   mGETXIM: 250082 # GETX I->M misses
   mGETXSM: 7 # GETX S->M misses (upgrade misses)
   PUTS: 0 # Clean evictions (from lower level)
   PUTX: 0 # Dirty evictions (from lower level)
   INV: 93 # Invalidates (from upper level)
   INVX: 35 # Downgrades (from upper level)
   FWD: 0 # Forwards (from upper level)
   latGETnl: 109716479 # GET request latency on next level
   latGETnet: 0 # GET request latency on network to next level
  l1d-4: # Filter cache stats
   fhGETS: 818757 # Filtered GETS hits
   fhGETX: 636207 # Filtered GETX hits
   hGETS: 157952 # GETS hits
   hGETX: 162595 # GETX hits
   mGETS: 153435 # GETS misses
   mGETXIM: 250085 # GETX I->M misses
   mGETXSM: 9 # GETX S->M misses (upgrade misses)
   PUTS: 0 # Clean evictions (from lower level)
   PUTX: 0 # Dirty evictions (from lower level)
   INV: 92 # Invalidates (from upper level)
   INVX: 23 # Downgrades (from upper level)
   FWD: 0 # Forwards (from upper level)
   latGETnl: 109712819 # GET request latency on next level
   latGETnet: 0 # GET request latency on network to next level
  l1d-5: # Filter cache stats
   fhGETS: 818775 # Filtered GETS hits
   fhGETX: 636229 # Filtered GETX hits
   hGETS: 157932 # GETS hits
   hGETX: 162576 # GETX hits
   mGETS: 153437 # GETS misses
   mGETXIM: 250083 # GETX I->M misses
   mGETXSM: 8 # GETX S->M misses (upgrade misses)
   PUTS: 0 # Clean evictions (from lower level)
   PUTX: 0 # Dirty evictions (from lower level)
   INV: 91 # Invalidates (from upper level)
   INVX: 18 # Downgrades (from upper level)
   FWD: 0 # Forwards (from upper level)
   latGETnl: 109711788 # GET request latency on next level
   latGETnet: 0 # GET request latency on network to next level
  l1d-6: # Filter cache stats
   fhGETS: 818612 # Filtered GETS hits
   fhGETX: 636128 # Filtered GETX hits
   hGETS: 157924 # GETS hits
   hGETX: 162568 # GETX hits
   mGETS: 153415 # GETS misses
   mGETXIM: 250079 # GETX I->M misses
   mGETXSM: 5 # GETX S->M misses (upgrade misses)
   PUTS: 0 # Clean evictions (from lower level)
   PUTX: 0 # Dirty evictions (from lower level)
   INV: 76 # Invalidates (from upper level)
   INVX: 9 # Downgrades (from upper level)
   FWD: 0 # Forwards (from upper level)
   latGETnl: 109708934 # GET request latency on next level
   latGETnet: 0 # GET request latency on network to next level
  l1d-7: # Filter cache stats
   fhGETS: 818742 # Filtered GETS hits
   fhGETX: 636207 # Filtered GETX hits
   hGETS: 157943 # GETS hits
   hGETX: 162594 # GETX hits
   mGETS: 153439 # GETS misses
   mGETXIM: 250074 # GETX I->M misses
   mGETXSM: 8 # GETX S->M misses (upgrade misses)
   PUTS: 0 # Clean evictions (from lower level)
   PUTX: 0 # Dirty evictions (from lower level)
   INV: 89 # Invalidates (from upper level)
   INVX: 18 # Downgrades (from upper level)
   FWD: 0 # Forwards (from upper level)
   latGETnl: 109711417 # GET request latency on next level
   latGETnet: 0 # GET request latency on network to next level
  l1d-8: # Filter cache stats
   fhGETS: 818609 # Filtered GETS hits
   fhGETX: 636143 # Filtered GETX hits
   hGETS: 157928 # GETS hits
   hGETX: 162555 # GETX hits
   mGETS: 153419 # GETS misses
   mGETXIM: 250078 # GETX I->M misses
   mGETXSM: 5 # GETX S->M misses (upgrade misses)
   PUTS: 0 # Clean evictions (from lower level)
   PUTX: 0 # Dirty evictions (from lower level)
   INV: 76 # Invalidates (from upper level)
   INVX: 15 # Downgrades (from upper level)
   FWD: 0 # Forwards (from upper level)
   latGETnl: 109709680 # GET request latency on next level
   latGETnet: 0 # GET request latency on network to next level
  l1d-9: # Filter cache stats
   fhGETS: 818618 # Filtered GETS hits
   fhGETX: 636131 # Filtered GETX hits
   hGETS: 157907 # GETS hits
   hGETX: 162565 # GETX hits
   mGETS: 153416 # GETS misses
   mGETXIM: 250077 # GETX I->M misses
   mGETXSM: 6 # GETX S->M misses (upgrade misses)
   PUTS: 0 # Clean evictions (from lower level)
   PUTX: 0 # Dirty evictions (from lower level)
   INV: 77 # Invalidates (from upper level)
   INVX: 10 # Downgrades (from upper level)
   FWD: 0 # Forwards (from upper level)
   latGETnl: 109708611 # GET request latency on next level
   latGETnet: 0 # GET request latency on network to next level
  l1d-10: # Filter cache stats
   fhGETS: 818613 # Filtered GETS hits
   fhGETX: 636129 # Filtered GETX hits
   hGETS: 157922 # GETS hits
   hGETX: 162570 # GETX hits
   mGETS: 153416 # GETS misses
   mGETXIM: 250076 # GETX I->M misses
   mGETXSM: 5 # GETX S->M misses (upgrade misses)
   PUTS: 0 # Clean evictions (from lower level)
   PUTX: 0 # Dirty evictions (from lower level)
   INV: 75 # Invalidates (from upper level)
   INVX: 14 # Downgrades (from upper level)
   FWD: 0 # Forwards (from upper level)
   latGETnl: 109709009 # GET request latency on next level
   latGETnet: 0 # GET request latency on network to next level
  l1d-11: # Filter cache stats
   fhGETS: 818768 # Filtered GETS hits
   fhGETX: 636238 # Filtered GETX hits
   hGETS: 157959 # GETS hits
   hGETX: 162578 # GETX hits
   mGETS: 153435 # GETS misses
   mGETXIM: 250090 # GETX I->M misses
   mGETXSM: 11 # GETX S->M misses (upgrade misses)
   PUTS: 0 # Clean evictions (from lower level)
   PUTX: 0 # Dirty evictions (from lower level)
   INV: 86 # Invalidates (from upper level)
   INVX: 18 # Downgrades (from upper level)
   FWD: 0 # Forwards (from upper level)
   latGETnl: 109716059 # GET request latency on next level
   latGETnet: 0 # GET request latency on network to next level
  l1d-12: # Filter cache stats
   fhGETS: 818620 # Filtered GETS hits
   fhGETX: 636141 # Filtered GETX hits
   hGETS: 157913 # GETS hits
   hGETX: 162561 # GETX hits
   mGETS: 153418 # GETS misses
   mGETXIM: 250073 # GETX I->M misses
   mGETXSM: 5 # GETX S->M misses (upgrade misses)
   PUTS: 0 # Clean evictions (from lower level)
   PUTX: 0 # Dirty evictions (from lower level)
   INV: 74 # Invalidates (from upper level)
   INVX: 10 # Downgrades (from upper level)
   FWD: 0 # Forwards (from upper level)
   latGETnl: 109708441 # GET request latency on next level
   latGETnet: 0 # GET request latency on network to next level
  l1d-13: # Filter cache stats
   fhGETS: 818622 # Filtered GETS hits
   fhGETX: 636141 # Filtered GETX hits
   hGETS: 157916 # GETS hits
   hGETX: 162554 # GETX hits
   mGETS: 153413 # GETS misses
   mGETXIM: 250080 # GETX I->M misses
   mGETXSM: 5 # GETX S->M misses (upgrade misses)
   PUTS: 0 # Clean evictions (from lower level)
   PUTX: 0 # Dirty evictions (from lower level)
   INV: 77 # Invalidates (from upper level)
   INVX: 15 # Downgrades (from upper level)
   FWD: 0 # Forwards (from upper level)
   latGETnl: 109708620 # GET request latency on next level
   latGETnet: 0 # GET request latency on network to next level
  l1d-14: # Filter cache stats
   fhGETS: 818599 # Filtered GETS hits
   fhGETX: 636124 # Filtered GETX hits
   hGETS: 157927 # GETS hits
   hGETX: 162572 # GETX hits
   mGETS: 153415 # GETS misses
   mGETXIM: 250078 # GETX I->M misses
   mGETXSM: 5 # GETX S->M misses (upgrade misses)
   PUTS: 0 # Clean evictions (from lower level)
   PUTX: 0 # Dirty evictions (from lower level)
   INV: 78 # Invalidates (from upper level)
   INVX: 3 # Downgrades (from upper level)
   FWD: 0 # Forwards (from upper level)
   latGETnl: 109705302 # GET request latency on next level
   latGETnet: 0 # GET request latency on network to next level
  l1d-15: # Filter cache stats
   fhGETS: 818616 # Filtered GETS hits
   fhGETX: 636130 # Filtered GETX hits
   hGETS: 157914 # GETS hits
   hGETX: 162565 # GETX hits
   mGETS: 153417 # GETS misses
   mGETXIM: 250077 # GETX I->M misses
   mGETXSM: 4 # GETX S->M misses (upgrade misses)
   PUTS: 0 # Clean evictions (from lower level)
   PUTX: 0 # Dirty evictions (from lower level)
   INV: 75 # Invalidates (from upper level)
   INVX: 9 # Downgrades (from upper level)
   FWD: 0 # Forwards (from upper level)
   latGETnl: 109707861 # GET request latency on next level
   latGETnet: 0 # GET request latency on network to next level
  l1d-16: # Filter cache stats
   fhGETS: 818618 # Filtered GETS hits
   fhGETX: 636132 # Filtered GETX hits
   hGETS: 157911 # GETS hits
   hGETX: 162571 # GETX hits
   mGETS: 153422 # GETS misses
   mGETXIM: 250070 # GETX I->M misses
   mGETXSM: 7 # GETX S->M misses (upgrade misses)
   PUTS: 0 # Clean evictions (from lower level)
   PUTX: 0 # Dirty evictions (from lower level)
   INV: 75 # Invalidates (from upper level)
   INVX: 3 # Downgrades (from upper level)
   FWD: 0 # Forwards (from upper level)
   latGETnl: 109706713 # GET request latency on next level
   latGETnet: 0 # GET request latency on network to next level
  l1d-17: # Filter cache stats
   fhGETS: 819901 # Filtered GETS hits
   fhGETX: 636559 # Filtered GETX hits
   hGETS: 158235 # GETS hits
   hGETX: 162605 # GETX hits
   mGETS: 153454 # GETS misses
   mGETXIM: 250027 # GETX I->M misses
   mGETXSM: 15 # GETX S->M misses (upgrade misses)
   PUTS: 0 # Clean evictions (from lower level)
   PUTX: 0 # Dirty evictions (from lower level)
   INV: 74 # Invalidates (from upper level)
   INVX: 2 # Downgrades (from upper level)
   FWD: 0 # Forwards (from upper level)
   latGETnl: 109696159 # GET request latency on next level
   latGETnet: 0 # GET request latency on network to next level
  l1d-18: # Filter cache stats
   fhGETS: 818627 # Filtered GETS hits
   fhGETX: 636142 # Filtered GETX hits
   hGETS: 157908 # GETS hits
   hGETX: 162557 # GETX hits
   mGETS: 153417 # GETS misses
   mGETXIM: 250076 # GETX I->M misses
   mGETXSM: 6 # GETX S->M misses (upgrade misses)
   PUTS: 0 # Clean evictions (from lower level)
   PUTX: 0 # Dirty evictions (from lower level)
   INV: 76 # Invalidates (from upper level)
   INVX: 2 # Downgrades (from upper level)
   FWD: 0 # Forwards (from upper level)
   latGETnl: 109705813 # GET request latency on next level
   latGETnet: 0 # GET request latency on network to next level
  l1d-19: # Filter cache stats
   fhGETS: 818591 # Filtered GETS hits
   fhGETX: 636122 # Filtered GETX hits
   hGETS: 157931 # GETS hits
   hGETX: 162578 # GETX hits
   mGETS: 153419 # GETS misses
   mGETXIM: 250074 # GETX I->M misses
   mGETXSM: 5 # GETX S->M misses (upgrade misses)
   PUTS: 0 # Clean evictions (from lower level)
   PUTX: 0 # Dirty evictions (from lower level)
   INV: 78 # Invalidates (from upper level)
   INVX: 2 # Downgrades (from upper level)
   FWD: 0 # Forwards (from upper level)
   latGETnl: 109706413 # GET request latency on next level
   latGETnet: 0 # GET request latency on network to next level
  l1d-20: # Filter cache stats
   fhGETS: 818617 # Filtered GETS hits
   fhGETX: 636138 # Filtered GETX hits
   hGETS: 157910 # GETS hits
   hGETX: 162557 # GETX hits
   mGETS: 153414 # GETS misses
   mGETXIM: 250078 # GETX I->M misses
   mGETXSM: 6 # GETX S->M misses (upgrade misses)
   PUTS: 0 # Clean evictions (from lower level)
   PUTX: 0 # Dirty evictions (from lower level)
   INV: 76 # Invalidates (from upper level)
   INVX: 2 # Downgrades (from upper level)
   FWD: 0 # Forwards (from upper level)
   latGETnl: 109705316 # GET request latency on next level
   latGETnet: 0 # GET request latency on network to next level
  l1d-21: # Filter cache stats
   fhGETS: 818622 # Filtered GETS hits
   fhGETX: 636133 # Filtered GETX hits
   hGETS: 157902 # GETS hits
   hGETX: 162557 # GETX hits
   mGETS: 153423 # GETS misses
   mGETXIM: 250071 # GETX I->M misses
   mGETXSM: 10 # GETX S->M misses (upgrade misses)
   PUTS: 0 # Clean evictions (from lower level)
   PUTX: 0 # Dirty evictions (from lower level)
   INV: 81 # Invalidates (from upper level)
   INVX: 10 # Downgrades (from upper level)
   FWD: 0 # Forwards (from upper level)
   latGETnl: 109705710 # GET request latency on next level
   latGETnet: 0 # GET request latency on network to next level
  l1d-22: # Filter cache stats
   fhGETS: 818607 # Filtered GETS hits
   fhGETX: 636130 # Filtered GETX hits
   hGETS: 157911 # GETS hits
   hGETX: 162566 # GETX hits
   mGETS: 153417 # GETS misses
   mGETXIM: 250074 # GETX I->M misses
   mGETXSM: 4 # GETX S->M misses (upgrade misses)
   PUTS: 0 # Clean evictions (from lower level)
   PUTX: 0 # Dirty evictions (from lower level)
   INV: 76 # Invalidates (from upper level)
   INVX: 1 # Downgrades (from upper level)
   FWD: 0 # Forwards (from upper level)
   latGETnl: 109706019 # GET request latency on next level
   latGETnet: 0 # GET request latency on network to next level
  l1d-23: # Filter cache stats
   fhGETS: 0 # Filtered GETS hits
   fhGETX: 0 # Filtered GETX hits
   hGETS: 0 # GETS hits
   hGETX: 0 # GETX hits
   mGETS: 0 # GETS misses
   mGETXIM: 0 # GETX I->M misses
   mGETXSM: 0 # GETX S->M misses (upgrade misses)
   PUTS: 0 # Clean evictions (from lower level)
   PUTX: 0 # Dirty evictions (from lower level)
   INV: 0 # Invalidates (from upper level)
   INVX: 0 # Downgrades (from upper level)
   FWD: 0 # Forwards (from upper level)
   latGETnl: 0 # GET request latency on next level
   latGETnet: 0 # GET request latency on network to next level
 l1i: # Cache stats
  l1i-0: # Filter cache stats
   fhGETS: 47834016 # Filtered GETS hits
   fhGETX: 0 # Filtered GETX hits
   hGETS: 47 # GETS hits
   hGETX: 0 # GETX hits
   mGETS: 832 # GETS misses
   mGETXIM: 0 # GETX I->M misses
   mGETXSM: 0 # GETX S->M misses (upgrade misses)
   PUTS: 0 # Clean evictions (from lower level)
   PUTX: 0 # Dirty evictions (from lower level)
   INV: 805 # Invalidates (from upper level)
   INVX: 0 # Downgrades (from upper level)
   FWD: 0 # Forwards (from upper level)
   latGETnl: 79829 # GET request latency on next level
   latGETnet: 0 # GET request latency on network to next level
  l1i-1: # Filter cache stats
   fhGETS: 47833857 # Filtered GETS hits
   fhGETX: 0 # Filtered GETX hits
   hGETS: 37 # GETS hits
   hGETX: 0 # GETX hits
   mGETS: 742 # GETS misses
   mGETXIM: 0 # GETX I->M misses
   mGETXSM: 0 # GETX S->M misses (upgrade misses)
   PUTS: 0 # Clean evictions (from lower level)
   PUTX: 0 # Dirty evictions (from lower level)
   INV: 719 # Invalidates (from upper level)
   INVX: 0 # Downgrades (from upper level)
   FWD: 0 # Forwards (from upper level)
   latGETnl: 40724 # GET request latency on next level
   latGETnet: 0 # GET request latency on network to next level
  l1i-2: # Filter cache stats
   fhGETS: 47833193 # Filtered GETS hits
   fhGETX: 0 # Filtered GETX hits
   hGETS: 38 # GETS hits
   hGETX: 0 # GETX hits
   mGETS: 772 # GETS misses
   mGETXIM: 0 # GETX I->M misses
   mGETXSM: 0 # GETX S->M misses (upgrade misses)
   PUTS: 0 # Clean evictions (from lower level)
   PUTX: 0 # Dirty evictions (from lower level)
   INV: 749 # Invalidates (from upper level)
   INVX: 0 # Downgrades (from upper level)
   FWD: 0 # Forwards (from upper level)
   latGETnl: 45509 # GET request latency on next level
   latGETnet: 0 # GET request latency on network to next level
  l1i-3: # Filter cache stats
   fhGETS: 47833813 # Filtered GETS hits
   fhGETX: 0 # Filtered GETX hits
   hGETS: 30 # GETS hits
   hGETX: 0 # GETX hits
   mGETS: 752 # GETS misses
   mGETXIM: 0 # GETX I->M misses
   mGETXSM: 0 # GETX S->M misses (upgrade misses)
   PUTS: 0 # Clean evictions (from lower level)
   PUTX: 0 # Dirty evictions (from lower level)
   INV: 723 # Invalidates (from upper level)
   INVX: 0 # Downgrades (from upper level)
   FWD: 0 # Forwards (from upper level)
   latGETnl: 39394 # GET request latency on next level
   latGETnet: 0 # GET request latency on network to next level
  l1i-4: # Filter cache stats
   fhGETS: 47833833 # Filtered GETS hits
   fhGETX: 0 # Filtered GETX hits
   hGETS: 31 # GETS hits
   hGETX: 0 # GETX hits
   mGETS: 755 # GETS misses
   mGETXIM: 0 # GETX I->M misses
   mGETXSM: 0 # GETX S->M misses (upgrade misses)
   PUTS: 0 # Clean evictions (from lower level)
   PUTX: 0 # Dirty evictions (from lower level)
   INV: 726 # Invalidates (from upper level)
   INVX: 0 # Downgrades (from upper level)
   FWD: 0 # Forwards (from upper level)
   latGETnl: 36610 # GET request latency on next level
   latGETnet: 0 # GET request latency on network to next level
  l1i-5: # Filter cache stats
   fhGETS: 47833822 # Filtered GETS hits
   fhGETX: 0 # Filtered GETX hits
   hGETS: 31 # GETS hits
   hGETX: 0 # GETX hits
   mGETS: 757 # GETS misses
   mGETXIM: 0 # GETX I->M misses
   mGETXSM: 0 # GETX S->M misses (upgrade misses)
   PUTS: 0 # Clean evictions (from lower level)
   PUTX: 0 # Dirty evictions (from lower level)
   INV: 728 # Invalidates (from upper level)
   INVX: 0 # Downgrades (from upper level)
   FWD: 0 # Forwards (from upper level)
   latGETnl: 35804 # GET request latency on next level
   latGETnet: 0 # GET request latency on network to next level
  l1i-6: # Filter cache stats
   fhGETS: 47833668 # Filtered GETS hits
   fhGETX: 0 # Filtered GETX hits
   hGETS: 29 # GETS hits
   hGETX: 0 # GETX hits
   mGETS: 734 # GETS misses
   mGETXIM: 0 # GETX I->M misses
   mGETXSM: 0 # GETX S->M misses (upgrade misses)
   PUTS: 0 # Clean evictions (from lower level)
   PUTX: 0 # Dirty evictions (from lower level)
   INV: 705 # Invalidates (from upper level)
   INVX: 0 # Downgrades (from upper level)
   FWD: 0 # Forwards (from upper level)
   latGETnl: 40123 # GET request latency on next level
   latGETnet: 0 # GET request latency on network to next level
  l1i-7: # Filter cache stats
   fhGETS: 47833204 # Filtered GETS hits
   fhGETX: 0 # Filtered GETX hits
   hGETS: 29 # GETS hits
   hGETX: 0 # GETX hits
   mGETS: 749 # GETS misses
   mGETXIM: 0 # GETX I->M misses
   mGETXSM: 0 # GETX S->M misses (upgrade misses)
   PUTS: 0 # Clean evictions (from lower level)
   PUTX: 0 # Dirty evictions (from lower level)
   INV: 726 # Invalidates (from upper level)
   INVX: 0 # Downgrades (from upper level)
   FWD: 0 # Forwards (from upper level)
   latGETnl: 35203 # GET request latency on next level
   latGETnet: 0 # GET request latency on network to next level
  l1i-8: # Filter cache stats
   fhGETS: 47833637 # Filtered GETS hits
   fhGETX: 0 # Filtered GETX hits
   hGETS: 30 # GETS hits
   hGETX: 0 # GETX hits
   mGETS: 740 # GETS misses
   mGETXIM: 0 # GETX I->M misses
   mGETXSM: 0 # GETX S->M misses (upgrade misses)
   PUTS: 0 # Clean evictions (from lower level)
   PUTX: 0 # Dirty evictions (from lower level)
   INV: 708 # Invalidates (from upper level)
   INVX: 0 # Downgrades (from upper level)
   FWD: 0 # Forwards (from upper level)
   latGETnl: 38830 # GET request latency on next level
   latGETnet: 0 # GET request latency on network to next level
  l1i-9: # Filter cache stats
   fhGETS: 47833490 # Filtered GETS hits
   fhGETX: 0 # Filtered GETX hits
   hGETS: 30 # GETS hits
   hGETX: 0 # GETX hits
   mGETS: 733 # GETS misses
   mGETXIM: 0 # GETX I->M misses
   mGETXSM: 0 # GETX S->M misses (upgrade misses)
   PUTS: 0 # Clean evictions (from lower level)
   PUTX: 0 # Dirty evictions (from lower level)
   INV: 710 # Invalidates (from upper level)
   INVX: 0 # Downgrades (from upper level)
   FWD: 0 # Forwards (from upper level)
   latGETnl: 36926 # GET request latency on next level
   latGETnet: 0 # GET request latency on network to next level
  l1i-10: # Filter cache stats
   fhGETS: 47833674 # Filtered GETS hits
   fhGETX: 0 # Filtered GETX hits
   hGETS: 30 # GETS hits
   hGETX: 0 # GETX hits
   mGETS: 736 # GETS misses
   mGETXIM: 0 # GETX I->M misses
   mGETXSM: 0 # GETX S->M misses (upgrade misses)
   PUTS: 0 # Clean evictions (from lower level)
   PUTX: 0 # Dirty evictions (from lower level)
   INV: 707 # Invalidates (from upper level)
   INVX: 0 # Downgrades (from upper level)
   FWD: 0 # Forwards (from upper level)
   latGETnl: 37517 # GET request latency on next level
   latGETnet: 0 # GET request latency on network to next level
  l1i-11: # Filter cache stats
   fhGETS: 47833461 # Filtered GETS hits
   fhGETX: 0 # Filtered GETX hits
   hGETS: 103 # GETS hits
   hGETX: 0 # GETX hits
   mGETS: 737 # GETS misses
   mGETXIM: 0 # GETX I->M misses
   mGETXSM: 0 # GETX S->M misses (upgrade misses)
   PUTS: 0 # Clean evictions (from lower level)
   PUTX: 0 # Dirty evictions (from lower level)
   INV: 714 # Invalidates (from upper level)
   INVX: 0 # Downgrades (from upper level)
   FWD: 0 # Forwards (from upper level)
   latGETnl: 36889 # GET request latency on next level
   latGETnet: 0 # GET request latency on network to next level
  l1i-12: # Filter cache stats
   fhGETS: 47833684 # Filtered GETS hits
   fhGETX: 0 # Filtered GETX hits
   hGETS: 30 # GETS hits
   hGETX: 0 # GETX hits
   mGETS: 738 # GETS misses
   mGETXIM: 0 # GETX I->M misses
   mGETXSM: 0 # GETX S->M misses (upgrade misses)
   PUTS: 0 # Clean evictions (from lower level)
   PUTX: 0 # Dirty evictions (from lower level)
   INV: 709 # Invalidates (from upper level)
   INVX: 0 # Downgrades (from upper level)
   FWD: 0 # Forwards (from upper level)
   latGETnl: 35361 # GET request latency on next level
   latGETnet: 0 # GET request latency on network to next level
  l1i-13: # Filter cache stats
   fhGETS: 47833680 # Filtered GETS hits
   fhGETX: 0 # Filtered GETX hits
   hGETS: 28 # GETS hits
   hGETX: 0 # GETX hits
   mGETS: 739 # GETS misses
   mGETXIM: 0 # GETX I->M misses
   mGETXSM: 0 # GETX S->M misses (upgrade misses)
   PUTS: 0 # Clean evictions (from lower level)
   PUTX: 0 # Dirty evictions (from lower level)
   INV: 710 # Invalidates (from upper level)
   INVX: 0 # Downgrades (from upper level)
   FWD: 0 # Forwards (from upper level)
   latGETnl: 37658 # GET request latency on next level
   latGETnet: 0 # GET request latency on network to next level
  l1i-14: # Filter cache stats
   fhGETS: 47833514 # Filtered GETS hits
   fhGETX: 0 # Filtered GETX hits
   hGETS: 30 # GETS hits
   hGETX: 0 # GETX hits
   mGETS: 734 # GETS misses
   mGETXIM: 0 # GETX I->M misses
   mGETXSM: 0 # GETX S->M misses (upgrade misses)
   PUTS: 0 # Clean evictions (from lower level)
   PUTX: 0 # Dirty evictions (from lower level)
   INV: 711 # Invalidates (from upper level)
   INVX: 0 # Downgrades (from upper level)
   FWD: 0 # Forwards (from upper level)
   latGETnl: 36073 # GET request latency on next level
   latGETnet: 0 # GET request latency on network to next level
  l1i-15: # Filter cache stats
   fhGETS: 47833656 # Filtered GETS hits
   fhGETX: 0 # Filtered GETX hits
   hGETS: 30 # GETS hits
   hGETX: 0 # GETX hits
   mGETS: 740 # GETS misses
   mGETXIM: 0 # GETX I->M misses
   mGETXSM: 0 # GETX S->M misses (upgrade misses)
   PUTS: 0 # Clean evictions (from lower level)
   PUTX: 0 # Dirty evictions (from lower level)
   INV: 709 # Invalidates (from upper level)
   INVX: 0 # Downgrades (from upper level)
   FWD: 0 # Forwards (from upper level)
   latGETnl: 35905 # GET request latency on next level
   latGETnet: 0 # GET request latency on network to next level
  l1i-16: # Filter cache stats
   fhGETS: 47833679 # Filtered GETS hits
   fhGETX: 0 # Filtered GETX hits
   hGETS: 30 # GETS hits
   hGETX: 0 # GETX hits
   mGETS: 739 # GETS misses
   mGETXIM: 0 # GETX I->M misses
   mGETXSM: 0 # GETX S->M misses (upgrade misses)
   PUTS: 0 # Clean evictions (from lower level)
   PUTX: 0 # Dirty evictions (from lower level)
   INV: 710 # Invalidates (from upper level)
   INVX: 0 # Downgrades (from upper level)
   FWD: 0 # Forwards (from upper level)
   latGETnl: 35633 # GET request latency on next level
   latGETnet: 0 # GET request latency on network to next level
  l1i-17: # Filter cache stats
   fhGETS: 47823719 # Filtered GETS hits
   fhGETX: 0 # Filtered GETX hits
   hGETS: 194 # GETS hits
   hGETX: 0 # GETX hits
   mGETS: 802 # GETS misses
   mGETXIM: 0 # GETX I->M misses
   mGETXSM: 0 # GETX S->M misses (upgrade misses)
   PUTS: 0 # Clean evictions (from lower level)
   PUTX: 0 # Dirty evictions (from lower level)
   INV: 779 # Invalidates (from upper level)
   INVX: 0 # Downgrades (from upper level)
   FWD: 0 # Forwards (from upper level)
   latGETnl: 50519 # GET request latency on next level
   latGETnet: 0 # GET request latency on network to next level
  l1i-18: # Filter cache stats
   fhGETS: 47833678 # Filtered GETS hits
   fhGETX: 0 # Filtered GETX hits
   hGETS: 27 # GETS hits
   hGETX: 0 # GETX hits
   mGETS: 737 # GETS misses
   mGETXIM: 0 # GETX I->M misses
   mGETXSM: 0 # GETX S->M misses (upgrade misses)
   PUTS: 0 # Clean evictions (from lower level)
   PUTX: 0 # Dirty evictions (from lower level)
   INV: 709 # Invalidates (from upper level)
   INVX: 0 # Downgrades (from upper level)
   FWD: 0 # Forwards (from upper level)
   latGETnl: 35314 # GET request latency on next level
   latGETnet: 0 # GET request latency on network to next level
  l1i-19: # Filter cache stats
   fhGETS: 47833639 # Filtered GETS hits
   fhGETX: 0 # Filtered GETX hits
   hGETS: 30 # GETS hits
   hGETX: 0 # GETX hits
   mGETS: 734 # GETS misses
   mGETXIM: 0 # GETX I->M misses
   mGETXSM: 0 # GETX S->M misses (upgrade misses)
   PUTS: 0 # Clean evictions (from lower level)
   PUTX: 0 # Dirty evictions (from lower level)
   INV: 711 # Invalidates (from upper level)
   INVX: 0 # Downgrades (from upper level)
   FWD: 0 # Forwards (from upper level)
   latGETnl: 34498 # GET request latency on next level
   latGETnet: 0 # GET request latency on network to next level
  l1i-20: # Filter cache stats
   fhGETS: 47833640 # Filtered GETS hits
   fhGETX: 0 # Filtered GETX hits
   hGETS: 30 # GETS hits
   hGETX: 0 # GETX hits
   mGETS: 736 # GETS misses
   mGETXIM: 0 # GETX I->M misses
   mGETXSM: 0 # GETX S->M misses (upgrade misses)
   PUTS: 0 # Clean evictions (from lower level)
   PUTX: 0 # Dirty evictions (from lower level)
   INV: 713 # Invalidates (from upper level)
   INVX: 0 # Downgrades (from upper level)
   FWD: 0 # Forwards (from upper level)
   latGETnl: 34592 # GET request latency on next level
   latGETnet: 0 # GET request latency on network to next level
  l1i-21: # Filter cache stats
   fhGETS: 47832748 # Filtered GETS hits
   fhGETX: 0 # Filtered GETX hits
   hGETS: 44 # GETS hits
   hGETX: 0 # GETX hits
   mGETS: 739 # GETS misses
   mGETXIM: 0 # GETX I->M misses
   mGETXSM: 0 # GETX S->M misses (upgrade misses)
   PUTS: 0 # Clean evictions (from lower level)
   PUTX: 0 # Dirty evictions (from lower level)
   INV: 716 # Invalidates (from upper level)
   INVX: 0 # Downgrades (from upper level)
   FWD: 0 # Forwards (from upper level)
   latGETnl: 34733 # GET request latency on next level
   latGETnet: 0 # GET request latency on network to next level
  l1i-22: # Filter cache stats
   fhGETS: 47833420 # Filtered GETS hits
   fhGETX: 0 # Filtered GETX hits
   hGETS: 30 # GETS hits
   hGETX: 0 # GETX hits
   mGETS: 722 # GETS misses
   mGETXIM: 0 # GETX I->M misses
   mGETXSM: 0 # GETX S->M misses (upgrade misses)
   PUTS: 0 # Clean evictions (from lower level)
   PUTX: 0 # Dirty evictions (from lower level)
   INV: 699 # Invalidates (from upper level)
   INVX: 0 # Downgrades (from upper level)
   FWD: 0 # Forwards (from upper level)
   latGETnl: 33934 # GET request latency on next level
   latGETnet: 0 # GET request latency on network to next level
  l1i-23: # Filter cache stats
   fhGETS: 0 # Filtered GETS hits
   fhGETX: 0 # Filtered GETX hits
   hGETS: 0 # GETS hits
   hGETX: 0 # GETX hits
   mGETS: 0 # GETS misses
   mGETXIM: 0 # GETX I->M misses
   mGETXSM: 0 # GETX S->M misses (upgrade misses)
   PUTS: 0 # Clean evictions (from lower level)
   PUTX: 0 # Dirty evictions (from lower level)
   INV: 0 # Invalidates (from upper level)
   INVX: 0 # Downgrades (from upper level)
   FWD: 0 # Forwards (from upper level)
   latGETnl: 0 # GET request latency on next level
   latGETnet: 0 # GET request latency on network to next level
 l2: # Cache stats
  l2-0: # Cache stats
   hGETS: 0 # GETS hits
   hGETX: 0 # GETX hits
   mGETS: 154319 # GETS misses
   mGETXIM: 250117 # GETX I->M misses
   mGETXSM: 8 # GETX S->M misses (upgrade misses)
   PUTS: 153229 # Clean evictions (from lower level)
   PUTX: 249755 # Dirty evictions (from lower level)
   INV: 80045 # Invalidates (from upper level)
   INVX: 81 # Downgrades (from upper level)
   FWD: 0 # Forwards (from upper level)
   latGETnl: 105777661 # GET request latency on next level
   latGETnet: 0 # GET request latency on network to next level
  l2-1: # Cache stats
   hGETS: 0 # GETS hits
   hGETX: 0 # GETX hits
   mGETS: 154179 # GETS misses
   mGETXIM: 250089 # GETX I->M misses
   mGETXSM: 8 # GETX S->M misses (upgrade misses)
   PUTS: 153188 # Clean evictions (from lower level)
   PUTX: 249728 # Dirty evictions (from lower level)
   INV: 46637 # Invalidates (from upper level)
   INVX: 27 # Downgrades (from upper level)
   FWD: 0 # Forwards (from upper level)
   latGETnl: 105712185 # GET request latency on next level
   latGETnet: 0 # GET request latency on network to next level
  l2-2: # Cache stats
   hGETS: 0 # GETS hits
   hGETX: 0 # GETX hits
   mGETS: 154208 # GETS misses
   mGETXIM: 250076 # GETX I->M misses
   mGETXSM: 8 # GETX S->M misses (upgrade misses)
   PUTS: 153186 # Clean evictions (from lower level)
   PUTX: 249735 # Dirty evictions (from lower level)
   INV: 58884 # Invalidates (from upper level)
   INVX: 8 # Downgrades (from upper level)
   FWD: 0 # Forwards (from upper level)
   latGETnl: 105713298 # GET request latency on next level
   latGETnet: 0 # GET request latency on network to next level
  l2-3: # Cache stats
   hGETS: 0 # GETS hits
   hGETX: 0 # GETX hits
   mGETS: 154190 # GETS misses
   mGETXIM: 250082 # GETX I->M misses
   mGETXSM: 7 # GETX S->M misses (upgrade misses)
   PUTS: 153186 # Clean evictions (from lower level)
   PUTX: 249730 # Dirty evictions (from lower level)
   INV: 39253 # Invalidates (from upper level)
   INVX: 35 # Downgrades (from upper level)
   FWD: 0 # Forwards (from upper level)
   latGETnl: 105713083 # GET request latency on next level
   latGETnet: 0 # GET request latency on network to next level
  l2-4: # Cache stats
   hGETS: 0 # GETS hits
   hGETX: 0 # GETX hits
   mGETS: 154190 # GETS misses
   mGETXIM: 250086 # GETX I->M misses
   mGETXSM: 8 # GETX S->M misses (upgrade misses)
   PUTS: 153186 # Clean evictions (from lower level)
   PUTX: 249732 # Dirty evictions (from lower level)
   INV: 40249 # Invalidates (from upper level)
   INVX: 23 # Downgrades (from upper level)
   FWD: 0 # Forwards (from upper level)
   latGETnl: 105706589 # GET request latency on next level
   latGETnet: 0 # GET request latency on network to next level
  l2-5: # Cache stats
   hGETS: 0 # GETS hits
   hGETX: 0 # GETX hits
   mGETS: 154194 # GETS misses
   mGETXIM: 250083 # GETX I->M misses
   mGETXSM: 8 # GETX S->M misses (upgrade misses)
   PUTS: 153186 # Clean evictions (from lower level)
   PUTX: 249731 # Dirty evictions (from lower level)
   INV: 41117 # Invalidates (from upper level)
   INVX: 18 # Downgrades (from upper level)
   FWD: 0 # Forwards (from upper level)
   latGETnl: 105704742 # GET request latency on next level
   latGETnet: 0 # GET request latency on network to next level
  l2-6: # Cache stats
   hGETS: 0 # GETS hits
   hGETX: 0 # GETX hits
   mGETS: 154149 # GETS misses
   mGETXIM: 250079 # GETX I->M misses
   mGETXSM: 5 # GETX S->M misses (upgrade misses)
   PUTS: 153177 # Clean evictions (from lower level)
   PUTX: 249729 # Dirty evictions (from lower level)
   INV: 44940 # Invalidates (from upper level)
   INVX: 9 # Downgrades (from upper level)
   FWD: 0 # Forwards (from upper level)
   latGETnl: 105706727 # GET request latency on next level
   latGETnet: 0 # GET request latency on network to next level
  l2-7: # Cache stats
   hGETS: 0 # GETS hits
   hGETX: 0 # GETX hits
   mGETS: 154188 # GETS misses
   mGETXIM: 250074 # GETX I->M misses
   mGETXSM: 8 # GETX S->M misses (upgrade misses)
   PUTS: 153185 # Clean evictions (from lower level)
   PUTX: 249727 # Dirty evictions (from lower level)
   INV: 79479 # Invalidates (from upper level)
   INVX: 18 # Downgrades (from upper level)
   FWD: 0 # Forwards (from upper level)
   latGETnl: 105703920 # GET request latency on next level
   latGETnet: 0 # GET request latency on network to next level
  l2-8: # Cache stats
   hGETS: 0 # GETS hits
   hGETX: 0 # GETX hits
   mGETS: 154159 # GETS misses
   mGETXIM: 250078 # GETX I->M misses
   mGETXSM: 5 # GETX S->M misses (upgrade misses)
   PUTS: 153176 # Clean evictions (from lower level)
   PUTX: 249733 # Dirty evictions (from lower level)
   INV: 50995 # Invalidates (from upper level)
   INVX: 15 # Downgrades (from upper level)
   FWD: 0 # Forwards (from upper level)
   latGETnl: 105706090 # GET request latency on next level
   latGETnet: 0 # GET request latency on network to next level
  l2-9: # Cache stats
   hGETS: 0 # GETS hits
   hGETX: 0 # GETX hits
   mGETS: 154149 # GETS misses
   mGETXIM: 250077 # GETX I->M misses
   mGETXSM: 6 # GETX S->M misses (upgrade misses)
   PUTS: 153176 # Clean evictions (from lower level)
   PUTX: 249728 # Dirty evictions (from lower level)
   INV: 81578 # Invalidates (from upper level)
   INVX: 10 # Downgrades (from upper level)
   FWD: 0 # Forwards (from upper level)
   latGETnl: 105703217 # GET request latency on next level
   latGETnet: 0 # GET request latency on network to next level
  l2-10: # Cache stats
   hGETS: 0 # GETS hits
   hGETX: 0 # GETX hits
   mGETS: 154152 # GETS misses
   mGETXIM: 250076 # GETX I->M misses
   mGETXSM: 5 # GETX S->M misses (upgrade misses)
   PUTS: 153176 # Clean evictions (from lower level)
   PUTX: 249729 # Dirty evictions (from lower level)
   INV: 37381 # Invalidates (from upper level)
   INVX: 14 # Downgrades (from upper level)
   FWD: 0 # Forwards (from upper level)
   latGETnl: 105704196 # GET request latency on next level
   latGETnet: 0 # GET request latency on network to next level
  l2-11: # Cache stats
   hGETS: 0 # GETS hits
   hGETX: 0 # GETX hits
   mGETS: 154172 # GETS misses
   mGETXIM: 250090 # GETX I->M misses
   mGETXSM: 11 # GETX S->M misses (upgrade misses)
   PUTS: 153184 # Clean evictions (from lower level)
   PUTX: 249743 # Dirty evictions (from lower level)
   INV: 107926 # Invalidates (from upper level)
   INVX: 18 # Downgrades (from upper level)
   FWD: 0 # Forwards (from upper level)
   latGETnl: 105710218 # GET request latency on next level
   latGETnet: 0 # GET request latency on network to next level
  l2-12: # Cache stats
   hGETS: 0 # GETS hits
   hGETX: 0 # GETX hits
   mGETS: 154156 # GETS misses
   mGETXIM: 250073 # GETX I->M misses
   mGETXSM: 5 # GETX S->M misses (upgrade misses)
   PUTS: 153177 # Clean evictions (from lower level)
   PUTX: 249728 # Dirty evictions (from lower level)
   INV: 40978 # Invalidates (from upper level)
   INVX: 10 # Downgrades (from upper level)
   FWD: 0 # Forwards (from upper level)
   latGETnl: 105701462 # GET request latency on next level
   latGETnet: 0 # GET request latency on network to next level
  l2-13: # Cache stats
   hGETS: 0 # GETS hits
   hGETX: 0 # GETX hits
   mGETS: 154152 # GETS misses
   mGETXIM: 250080 # GETX I->M misses
   mGETXSM: 5 # GETX S->M misses (upgrade misses)
   PUTS: 153175 # Clean evictions (from lower level)
   PUTX: 249729 # Dirty evictions (from lower level)
   INV: 53793 # Invalidates (from upper level)
   INVX: 15 # Downgrades (from upper level)
   FWD: 0 # Forwards (from upper level)
   latGETnl: 105703908 # GET request latency on next level
   latGETnet: 0 # GET request latency on network to next level
  l2-14: # Cache stats
   hGETS: 0 # GETS hits
   hGETX: 0 # GETX hits
   mGETS: 154149 # GETS misses
   mGETXIM: 250078 # GETX I->M misses
   mGETXSM: 5 # GETX S->M misses (upgrade misses)
   PUTS: 153175 # Clean evictions (from lower level)
   PUTX: 249728 # Dirty evictions (from lower level)
   INV: 39179 # Invalidates (from upper level)
   INVX: 3 # Downgrades (from upper level)
   FWD: 0 # Forwards (from upper level)
   latGETnl: 105699055 # GET request latency on next level
   latGETnet: 0 # GET request latency on network to next level
  l2-15: # Cache stats
   hGETS: 0 # GETS hits
   hGETX: 0 # GETX hits
   mGETS: 154157 # GETS misses
   mGETXIM: 250077 # GETX I->M misses
   mGETXSM: 4 # GETX S->M misses (upgrade misses)
   PUTS: 153178 # Clean evictions (from lower level)
   PUTX: 249729 # Dirty evictions (from lower level)
   INV: 38422 # Invalidates (from upper level)
   INVX: 9 # Downgrades (from upper level)
   FWD: 0 # Forwards (from upper level)
   latGETnl: 105701386 # GET request latency on next level
   latGETnet: 0 # GET request latency on network to next level
  l2-16: # Cache stats
   hGETS: 0 # GETS hits
   hGETX: 0 # GETX hits
   mGETS: 154161 # GETS misses
   mGETXIM: 250070 # GETX I->M misses
   mGETXSM: 7 # GETX S->M misses (upgrade misses)
   PUTS: 153176 # Clean evictions (from lower level)
   PUTX: 249729 # Dirty evictions (from lower level)
   INV: 60196 # Invalidates (from upper level)
   INVX: 3 # Downgrades (from upper level)
   FWD: 0 # Forwards (from upper level)
   latGETnl: 105699966 # GET request latency on next level
   latGETnet: 0 # GET request latency on network to next level
  l2-17: # Cache stats
   hGETS: 0 # GETS hits
   hGETX: 0 # GETX hits
   mGETS: 154256 # GETS misses
   mGETXIM: 250027 # GETX I->M misses
   mGETXSM: 15 # GETX S->M misses (upgrade misses)
   PUTS: 153203 # Clean evictions (from lower level)
   PUTX: 249692 # Dirty evictions (from lower level)
   INV: 39517 # Invalidates (from upper level)
   INVX: 2 # Downgrades (from upper level)
   FWD: 0 # Forwards (from upper level)
   latGETnl: 105703698 # GET request latency on next level
   latGETnet: 0 # GET request latency on network to next level
  l2-18: # Cache stats
   hGETS: 0 # GETS hits
   hGETX: 0 # GETX hits
   mGETS: 154154 # GETS misses
   mGETXIM: 250076 # GETX I->M misses
   mGETXSM: 6 # GETX S->M misses (upgrade misses)
   PUTS: 153175 # Clean evictions (from lower level)
   PUTX: 249730 # Dirty evictions (from lower level)
   INV: 39027 # Invalidates (from upper level)
   INVX: 2 # Downgrades (from upper level)
   FWD: 0 # Forwards (from upper level)
   latGETnl: 105698767 # GET request latency on next level
   latGETnet: 0 # GET request latency on network to next level
  l2-19: # Cache stats
   hGETS: 0 # GETS hits
   hGETX: 0 # GETX hits
   mGETS: 154153 # GETS misses
   mGETXIM: 250074 # GETX I->M misses
   mGETXSM: 5 # GETX S->M misses (upgrade misses)
   PUTS: 153178 # Clean evictions (from lower level)
   PUTX: 249725 # Dirty evictions (from lower level)
   INV: 38247 # Invalidates (from upper level)
   INVX: 2 # Downgrades (from upper level)
   FWD: 0 # Forwards (from upper level)
   latGETnl: 105698591 # GET request latency on next level
   latGETnet: 0 # GET request latency on network to next level
  l2-20: # Cache stats
   hGETS: 0 # GETS hits
   hGETX: 0 # GETX hits
   mGETS: 154150 # GETS misses
   mGETXIM: 250078 # GETX I->M misses
   mGETXSM: 6 # GETX S->M misses (upgrade misses)
   PUTS: 153176 # Clean evictions (from lower level)
   PUTX: 249728 # Dirty evictions (from lower level)
   INV: 77056 # Invalidates (from upper level)
   INVX: 2 # Downgrades (from upper level)
   FWD: 0 # Forwards (from upper level)
   latGETnl: 105697568 # GET request latency on next level
   latGETnet: 0 # GET request latency on network to next level
  l2-21: # Cache stats
   hGETS: 0 # GETS hits
   hGETX: 0 # GETX hits
   mGETS: 154162 # GETS misses
   mGETXIM: 250071 # GETX I->M misses
   mGETXSM: 10 # GETX S->M misses (upgrade misses)
   PUTS: 153176 # Clean evictions (from lower level)
   PUTX: 249725 # Dirty evictions (from lower level)
   INV: 43302 # Invalidates (from upper level)
   INVX: 10 # Downgrades (from upper level)
   FWD: 0 # Forwards (from upper level)
   latGETnl: 105698013 # GET request latency on next level
   latGETnet: 0 # GET request latency on network to next level
  l2-22: # Cache stats
   hGETS: 0 # GETS hits
   hGETX: 0 # GETX hits
   mGETS: 154139 # GETS misses
   mGETXIM: 250074 # GETX I->M misses
   mGETXSM: 4 # GETX S->M misses (upgrade misses)
   PUTS: 153175 # Clean evictions (from lower level)
   PUTX: 249728 # Dirty evictions (from lower level)
   INV: 105094 # Invalidates (from upper level)
   INVX: 1 # Downgrades (from upper level)
   FWD: 0 # Forwards (from upper level)
   latGETnl: 105697783 # GET request latency on next level
   latGETnet: 0 # GET request latency on network to next level
  l2-23: # Cache stats
   hGETS: 0 # GETS hits
   hGETX: 0 # GETX hits
   mGETS: 0 # GETS misses
   mGETXIM: 0 # GETX I->M misses
   mGETXSM: 0 # GETX S->M misses (upgrade misses)
   PUTS: 0 # Clean evictions (from lower level)
   PUTX: 0 # Dirty evictions (from lower level)
   INV: 0 # Invalidates (from upper level)
   INVX: 0 # Downgrades (from upper level)
   FWD: 0 # Forwards (from upper level)
   latGETnl: 0 # GET request latency on next level
   latGETnet: 0 # GET request latency on network to next level
 l3: # Cache stats
  l3-0b0: # Cache stats
   hGETS: 245 # GETS hits
   hGETX: 9 # GETX hits
   mGETS: 146836 # GETS misses
   mGETXIM: 239654 # GETX I->M misses
   mGETXSM: 0 # GETX S->M misses (upgrade misses)
   PUTS: 120506 # Clean evictions (from lower level)
   PUTX: 197864 # Dirty evictions (from lower level)
   INV: 0 # Invalidates (from upper level)
   INVX: 0 # Downgrades (from upper level)
   FWD: 0 # Forwards (from upper level)
   latGETnl: 86960250 # GET request latency on next level
   latGETnet: 0 # GET request latency on network to next level
  l3-0b1: # Cache stats
   hGETS: 230 # GETS hits
   hGETX: 4 # GETX hits
   mGETS: 146924 # GETS misses
   mGETXIM: 239645 # GETX I->M misses
   mGETXSM: 0 # GETX S->M misses (upgrade misses)
   PUTS: 120597 # Clean evictions (from lower level)
   PUTX: 197636 # Dirty evictions (from lower level)
   INV: 0 # Invalidates (from upper level)
   INVX: 0 # Downgrades (from upper level)
   FWD: 0 # Forwards (from upper level)
   latGETnl: 86978025 # GET request latency on next level
   latGETnet: 0 # GET request latency on network to next level
  l3-0b2: # Cache stats
   hGETS: 197 # GETS hits
   hGETX: 78 # GETX hits
   mGETS: 146995 # GETS misses
   mGETXIM: 239648 # GETX I->M misses
   mGETXSM: 0 # GETX S->M misses (upgrade misses)
   PUTS: 120575 # Clean evictions (from lower level)
   PUTX: 197724 # Dirty evictions (from lower level)
   INV: 0 # Invalidates (from upper level)
   INVX: 0 # Downgrades (from upper level)
   FWD: 0 # Forwards (from upper level)
   latGETnl: 86994675 # GET request latency on next level
   latGETnet: 0 # GET request latency on network to next level
  l3-0b3: # Cache stats
   hGETS: 275 # GETS hits
   hGETX: 64 # GETX hits
   mGETS: 146914 # GETS misses
   mGETXIM: 239653 # GETX I->M misses
   mGETXSM: 0 # GETX S->M misses (upgrade misses)
   PUTS: 120501 # Clean evictions (from lower level)
   PUTX: 197729 # Dirty evictions (from lower level)
   INV: 0 # Invalidates (from upper level)
   INVX: 0 # Downgrades (from upper level)
   FWD: 0 # Forwards (from upper level)
   latGETnl: 86977575 # GET request latency on next level
   latGETnet: 0 # GET request latency on network to next level
  l3-0b4: # Cache stats
   hGETS: 204 # GETS hits
   hGETX: 19 # GETX hits
   mGETS: 146913 # GETS misses
   mGETXIM: 239645 # GETX I->M misses
   mGETXSM: 0 # GETX S->M misses (upgrade misses)
   PUTS: 120238 # Clean evictions (from lower level)
   PUTX: 197591 # Dirty evictions (from lower level)
   INV: 0 # Invalidates (from upper level)
   INVX: 0 # Downgrades (from upper level)
   FWD: 0 # Forwards (from upper level)
   latGETnl: 86975550 # GET request latency on next level
   latGETnet: 0 # GET request latency on network to next level
  l3-0b5: # Cache stats
   hGETS: 245 # GETS hits
   hGETX: 39 # GETX hits
   mGETS: 146921 # GETS misses
   mGETXIM: 239654 # GETX I->M misses
   mGETXSM: 0 # GETX S->M misses (upgrade misses)
   PUTS: 120306 # Clean evictions (from lower level)
   PUTX: 197688 # Dirty evictions (from lower level)
   INV: 0 # Invalidates (from upper level)
   INVX: 0 # Downgrades (from upper level)
   FWD: 0 # Forwards (from upper level)
   latGETnl: 86979375 # GET request latency on next level
   latGETnet: 0 # GET request latency on network to next level
  l3-0b6: # Cache stats
   hGETS: 683 # GETS hits
   hGETX: 30 # GETX hits
   mGETS: 146872 # GETS misses
   mGETXIM: 239660 # GETX I->M misses
   mGETXSM: 0 # GETX S->M misses (upgrade misses)
   PUTS: 121024 # Clean evictions (from lower level)
   PUTX: 197902 # Dirty evictions (from lower level)
   INV: 0 # Invalidates (from upper level)
   INVX: 0 # Downgrades (from upper level)
   FWD: 0 # Forwards (from upper level)
   latGETnl: 86969700 # GET request latency on next level
   latGETnet: 0 # GET request latency on network to next level
  l3-0b7: # Cache stats
   hGETS: 1366 # GETS hits
   hGETX: 42 # GETX hits
   mGETS: 146905 # GETS misses
   mGETXIM: 239657 # GETX I->M misses
   mGETXSM: 0 # GETX S->M misses (upgrade misses)
   PUTS: 121591 # Clean evictions (from lower level)
   PUTX: 197822 # Dirty evictions (from lower level)
   INV: 0 # Invalidates (from upper level)
   INVX: 0 # Downgrades (from upper level)
   FWD: 0 # Forwards (from upper level)
   latGETnl: 86976450 # GET request latency on next level
   latGETnet: 0 # GET request latency on network to next level
  l3-0b8: # Cache stats
   hGETS: 780 # GETS hits
   hGETX: 78 # GETX hits
   mGETS: 146938 # GETS misses
   mGETXIM: 239659 # GETX I->M misses
   mGETXSM: 0 # GETX S->M misses (upgrade misses)
   PUTS: 120954 # Clean evictions (from lower level)
   PUTX: 197771 # Dirty evictions (from lower level)
   INV: 0 # Invalidates (from upper level)
   INVX: 0 # Downgrades (from upper level)
   FWD: 0 # Forwards (from upper level)
   latGETnl: 86984325 # GET request latency on next level
   latGETnet: 0 # GET request latency on network to next level
  l3-0b9: # Cache stats
   hGETS: 818 # GETS hits
   hGETX: 82 # GETX hits
   mGETS: 146931 # GETS misses
   mGETXIM: 239653 # GETX I->M misses
   mGETXSM: 0 # GETX S->M misses (upgrade misses)
   PUTS: 120969 # Clean evictions (from lower level)
   PUTX: 197783 # Dirty evictions (from lower level)
   INV: 0 # Invalidates (from upper level)
   INVX: 0 # Downgrades (from upper level)
   FWD: 0 # Forwards (from upper level)
   latGETnl: 86981400 # GET request latency on next level
   latGETnet: 0 # GET request latency on network to next level
  l3-0b10: # Cache stats
   hGETS: 1529 # GETS hits
   hGETX: 2 # GETX hits
   mGETS: 146840 # GETS misses
   mGETXIM: 239651 # GETX I->M misses
   mGETXSM: 0 # GETX S->M misses (upgrade misses)
   PUTS: 121641 # Clean evictions (from lower level)
   PUTX: 198058 # Dirty evictions (from lower level)
   INV: 0 # Invalidates (from upper level)
   INVX: 0 # Downgrades (from upper level)
   FWD: 0 # Forwards (from upper level)
   latGETnl: 86960475 # GET request latency on next level
   latGETnet: 0 # GET request latency on network to next level
  l3-0b11: # Cache stats
   hGETS: 901 # GETS hits
   hGETX: 0 # GETX hits
   mGETS: 146879 # GETS misses
   mGETXIM: 239649 # GETX I->M misses
   mGETXSM: 0 # GETX S->M misses (upgrade misses)
   PUTS: 121162 # Clean evictions (from lower level)
   PUTX: 197760 # Dirty evictions (from lower level)
   INV: 0 # Invalidates (from upper level)
   INVX: 0 # Downgrades (from upper level)
   FWD: 0 # Forwards (from upper level)
   latGETnl: 86968800 # GET request latency on next level
   latGETnet: 0 # GET request latency on network to next level
  l3-0b12: # Cache stats
   hGETS: 1468 # GETS hits
   hGETX: 23 # GETX hits
   mGETS: 146924 # GETS misses
   mGETXIM: 239656 # GETX I->M misses
   mGETXSM: 0 # GETX S->M misses (upgrade misses)
   PUTS: 121800 # Clean evictions (from lower level)
   PUTX: 197849 # Dirty evictions (from lower level)
   INV: 0 # Invalidates (from upper level)
   INVX: 0 # Downgrades (from upper level)
   FWD: 0 # Forwards (from upper level)
   latGETnl: 86980500 # GET request latency on next level
   latGETnet: 0 # GET request latency on network to next level
  l3-0b13: # Cache stats
   hGETS: 1441 # GETS hits
   hGETX: 30 # GETX hits
   mGETS: 146869 # GETS misses
   mGETXIM: 239652 # GETX I->M misses
   mGETXSM: 0 # GETX S->M misses (upgrade misses)
   PUTS: 121747 # Clean evictions (from lower level)
   PUTX: 197783 # Dirty evictions (from lower level)
   INV: 0 # Invalidates (from upper level)
   INVX: 0 # Downgrades (from upper level)
   FWD: 0 # Forwards (from upper level)
   latGETnl: 86967225 # GET request latency on next level
   latGETnet: 0 # GET request latency on network to next level
  l3-0b14: # Cache stats
   hGETS: 1405 # GETS hits
   hGETX: 47 # GETX hits
   mGETS: 146956 # GETS misses
   mGETXIM: 239650 # GETX I->M misses
   mGETXSM: 0 # GETX S->M misses (upgrade misses)
   PUTS: 121620 # Clean evictions (from lower level)
   PUTX: 197759 # Dirty evictions (from lower level)
   INV: 0 # Invalidates (from upper level)
   INVX: 0 # Downgrades (from upper level)
   FWD: 0 # Forwards (from upper level)
   latGETnl: 86986350 # GET request latency on next level
   latGETnet: 0 # GET request latency on network to next level
  l3-0b15: # Cache stats
   hGETS: 1428 # GETS hits
   hGETX: 37 # GETX hits
   mGETS: 146928 # GETS misses
   mGETXIM: 239652 # GETX I->M misses
   mGETXSM: 0 # GETX S->M misses (upgrade misses)
   PUTS: 121783 # Clean evictions (from lower level)
   PUTX: 197789 # Dirty evictions (from lower level)
   INV: 0 # Invalidates (from upper level)
   INVX: 0 # Downgrades (from upper level)
   FWD: 0 # Forwards (from upper level)
   latGETnl: 86980500 # GET request latency on next level
   latGETnet: 0 # GET request latency on network to next level
  l3-0b16: # Cache stats
   hGETS: 804 # GETS hits
   hGETX: 43 # GETX hits
   mGETS: 146919 # GETS misses
   mGETXIM: 239556 # GETX I->M misses
   mGETXSM: 0 # GETX S->M misses (upgrade misses)
   PUTS: 121068 # Clean evictions (from lower level)
   PUTX: 197542 # Dirty evictions (from lower level)
   INV: 0 # Invalidates (from upper level)
   INVX: 0 # Downgrades (from upper level)
   FWD: 0 # Forwards (from upper level)
   latGETnl: 86956875 # GET request latency on next level
   latGETnet: 0 # GET request latency on network to next level
  l3-0b17: # Cache stats
   hGETS: 946 # GETS hits
   hGETX: 53 # GETX hits
   mGETS: 146849 # GETS misses
   mGETXIM: 239559 # GETX I->M misses
   mGETXSM: 0 # GETX S->M misses (upgrade misses)
   PUTS: 121175 # Clean evictions (from lower level)
   PUTX: 197650 # Dirty evictions (from lower level)
   INV: 0 # Invalidates (from upper level)
   INVX: 0 # Downgrades (from upper level)
   FWD: 0 # Forwards (from upper level)
   latGETnl: 86941800 # GET request latency on next level
   latGETnet: 0 # GET request latency on network to next level
  l3-0b18: # Cache stats
   hGETS: 812 # GETS hits
   hGETX: 44 # GETX hits
   mGETS: 146874 # GETS misses
   mGETXIM: 239559 # GETX I->M misses
   mGETXSM: 0 # GETX S->M misses (upgrade misses)
   PUTS: 120998 # Clean evictions (from lower level)
   PUTX: 197499 # Dirty evictions (from lower level)
   INV: 0 # Invalidates (from upper level)
   INVX: 0 # Downgrades (from upper level)
   FWD: 0 # Forwards (from upper level)
   latGETnl: 86947425 # GET request latency on next level
   latGETnet: 0 # GET request latency on network to next level
  l3-0b19: # Cache stats
   hGETS: 901 # GETS hits
   hGETX: 59 # GETX hits
   mGETS: 146920 # GETS misses
   mGETXIM: 239555 # GETX I->M misses
   mGETXSM: 0 # GETX S->M misses (upgrade misses)
   PUTS: 121156 # Clean evictions (from lower level)
   PUTX: 197639 # Dirty evictions (from lower level)
   INV: 0 # Invalidates (from upper level)
   INVX: 0 # Downgrades (from upper level)
   FWD: 0 # Forwards (from upper level)
   latGETnl: 86956875 # GET request latency on next level
   latGETnet: 0 # GET request latency on network to next level
  l3-0b20: # Cache stats
   hGETS: 896 # GETS hits
   hGETX: 66 # GETX hits
   mGETS: 146876 # GETS misses
   mGETXIM: 239561 # GETX I->M misses
   mGETXSM: 0 # GETX S->M misses (upgrade misses)
   PUTS: 121165 # Clean evictions (from lower level)
   PUTX: 197802 # Dirty evictions (from lower level)
   INV: 0 # Invalidates (from upper level)
   INVX: 0 # Downgrades (from upper level)
   FWD: 0 # Forwards (from upper level)
   latGETnl: 86948325 # GET request latency on next level
   latGETnet: 0 # GET request latency on network to next level
  l3-0b21: # Cache stats
   hGETS: 947 # GETS hits
   hGETX: 105 # GETX hits
   mGETS: 146920 # GETS misses
   mGETXIM: 239563 # GETX I->M misses
   mGETXSM: 0 # GETX S->M misses (upgrade misses)
   PUTS: 121128 # Clean evictions (from lower level)
   PUTX: 197861 # Dirty evictions (from lower level)
   INV: 0 # Invalidates (from upper level)
   INVX: 0 # Downgrades (from upper level)
   FWD: 0 # Forwards (from upper level)
   latGETnl: 86958675 # GET request latency on next level
   latGETnet: 0 # GET request latency on network to next level
  l3-0b22: # Cache stats
   hGETS: 992 # GETS hits
   hGETX: 45 # GETX hits
   mGETS: 146884 # GETS misses
   mGETXIM: 239559 # GETX I->M misses
   mGETXSM: 0 # GETX S->M misses (upgrade misses)
   PUTS: 121055 # Clean evictions (from lower level)
   PUTX: 197439 # Dirty evictions (from lower level)
   INV: 0 # Invalidates (from upper level)
   INVX: 0 # Downgrades (from upper level)
   FWD: 0 # Forwards (from upper level)
   latGETnl: 86949675 # GET request latency on next level
   latGETnet: 0 # GET request latency on network to next level
  l3-0b23: # Cache stats
   hGETS: 861 # GETS hits
   hGETX: 36 # GETX hits
   mGETS: 146877 # GETS misses
   mGETXIM: 239559 # GETX I->M misses
   mGETXSM: 0 # GETX S->M misses (upgrade misses)
   PUTS: 120856 # Clean evictions (from lower level)
   PUTX: 197432 # Dirty evictions (from lower level)
   INV: 0 # Invalidates (from upper level)
   INVX: 0 # Downgrades (from upper level)
   FWD: 0 # Forwards (from upper level)
   latGETnl: 86948100 # GET request latency on next level
   latGETnet: 0 # GET request latency on network to next level
 mem: # Memory controller stats
  mem-0: # Memory controller stats
   rd: 9262058 # Read requests
   wr: 5396648 # Write requests
   rdlat: 2290355784 # Total latency experienced by read requests
   wrlat: 1339800938 # Total latency experienced by write requests
 sched: # Scheduler stats
  thCr: 25 # Threads created
  thFn: 25 # Threads finished
  schedEvs: 29 # Schedule events
  waitEvs: 3 # Wait events
  handoffEvs: 1 # Handoff events
  sleepEvs: 1 # Sleep events
  idlePhases: 0 # Phases with no thread active
  idlePeriods: 0 # Periods with no thread active
  occHist: # Occupancy histogram
   0: 0
   1: 36
   2: 0
   3: 2
   4: 2
   5: 1
   6: 1
   7: 0
   8: 1
   9: 0
   10: 0
   11: 0
   12: 1
   13: 0
   14: 1
   15: 0
   16: 0
   17: 1
   18: 0
   19: 0
   20: 1
   21: 0
   22: 0
   23: 99327
   24: 0
  rqSzHist: # Run queue size histogram
   0: 99345
   1: 29
   2: 0
   3: 0
   4: 0
   5: 0
   6: 0
   7: 0
   8: 0
   9: 0
   10: 0
   11: 0
   12: 0
   13: 0
   14: 0
   15: 0
   16: 0
   17: 0
   18: 0
   19: 0
   20: 0
   21: 0
   22: 0
   23: 0
   24: 0
 procCycles: # Per-process unhalted core cycles
  0: 2284653978
  1: 0
  2: 0
  3: 0
  4: 0
  5: 0
  6: 0
  7: 0
  8: 0
  9: 0
  10: 0
  11: 0
  12: 0
  13: 0
  14: 0
  15: 0
  16: 0
  17: 0
  18: 0
  19: 0
  20: 0
  21: 0
  22: 0
  23: 0
  24: 0
  25: 0
  26: 0
  27: 0
  28: 0
  29: 0
  30: 0
  31: 0
  32: 0
  33: 0
  34: 0
  35: 0
  36: 0
  37: 0
  38: 0
  39: 0
  40: 0
  41: 0
  42: 0
  43: 0
  44: 0
  45: 0
  46: 0
  47: 0
  48: 0
  49: 0
  50: 0
  51: 0
  52: 0
  53: 0
  54: 0
  55: 0
  56: 0
  57: 0
  58: 0
  59: 0
  60: 0
  61: 0
  62: 0
  63: 0
 procInstrs: # Per-process instructions
  0: 3282924722
  1: 0
  2: 0
  3: 0
  4: 0
  5: 0
  6: 0
  7: 0
  8: 0
  9: 0
  10: 0
  11: 0
  12: 0
  13: 0
  14: 0
  15: 0
  16: 0
  17: 0
  18: 0
  19: 0
  20: 0
  21: 0
  22: 0
  23: 0
  24: 0
  25: 0
  26: 0
  27: 0
  28: 0
  29: 0
  30: 0
  31: 0
  32: 0
  33: 0
  34: 0
  35: 0
  36: 0
  37: 0
  38: 0
  39: 0
  40: 0
  41: 0
  42: 0
  43: 0
  44: 0
  45: 0
  46: 0
  47: 0
  48: 0
  49: 0
  50: 0
  51: 0
  52: 0
  53: 0
  54: 0
  55: 0
  56: 0
  57: 0
  58: 0
  59: 0
  60: 0
  61: 0
  62: 0
  63: 0
 heartbeats: # Per-process heartbeats
  0: 0
  1: 0
  2: 0
  3: 0
  4: 0
  5: 0
  6: 0
  7: 0
  8: 0
  9: 0
  10: 0
  11: 0
  12: 0
  13: 0
  14: 0
  15: 0
  16: 0
  17: 0
  18: 0
  19: 0
  20: 0
  21: 0
  22: 0
  23: 0
  24: 0
  25: 0
  26: 0
  27: 0
  28: 0
  29: 0
  30: 0
  31: 0
  32: 0
  33: 0
  34: 0
  35: 0
  36: 0
  37: 0
  38: 0
  39: 0
  40: 0
  41: 0
  42: 0
  43: 0
  44: 0
  45: 0
  46: 0
  47: 0
  48: 0
  49: 0
  50: 0
  51: 0
  52: 0
  53: 0
  54: 0
  55: 0
  56: 0
  57: 0
  58: 0
  59: 0
  60: 0
  61: 0
  62: 0
  63: 0
===
