# zsim stats
===
root: # Stats
 contention: # Contention simulation stats
  domain-0: # Domain stats
   time: 15376851548 # Weave simulation time
 time: # Simulator time breakdown
  init: 3181575730
  bound: 195095551585
  weave: 27264497297
  ff: 55932
 trigger: 20000 # Reason for this stats dump
 phase: 287156 # Simulated phases
 reqCycles: 0 # Requeue Cycles
 skylake: # Core stats
  skylake-0: # Core stats
   cycles: 287156007 # Simulated unhalted cycles
   cCycles: 626082 # Cycles due to contention stalls
   instrs: 428021638 # Simulated instructions
   uops: 287235937 # issued micro-ops
   bbls: 142112078 # Basic blocks
   approxInstrs: 975091 # Instrs with approx uop decoding
   mispredBranches: 141836 # Mispredicted branches
   IdqNotDelivered: 286529925 # Stalls no uop delivered when no Bkend Stall
   IntMiscRecoveryCycles: 1149429 # Stalls waiting machine clears
   uops executed: 287852308 # Executed microoperations
  skylake-1: # Core stats
   cycles: 287120006 # Simulated unhalted cycles
   cCycles: 626083 # Cycles due to contention stalls
   instrs: 428020203 # Simulated instructions
   uops: 287234442 # issued micro-ops
   bbls: 142111770 # Basic blocks
   approxInstrs: 975088 # Instrs with approx uop decoding
   mispredBranches: 141801 # Mispredicted branches
   IdqNotDelivered: 286493923 # Stalls no uop delivered when no Bkend Stall
   IntMiscRecoveryCycles: 1139677 # Stalls waiting machine clears
   uops executed: 287850848 # Executed microoperations
  skylake-2: # Core stats
   cycles: 287117709 # Simulated unhalted cycles
   cCycles: 626079 # Cycles due to contention stalls
   instrs: 428016027 # Simulated instructions
   uops: 287231435 # issued micro-ops
   bbls: 142110451 # Basic blocks
   approxInstrs: 975080 # Instrs with approx uop decoding
   mispredBranches: 141805 # Mispredicted branches
   IdqNotDelivered: 286491630 # Stalls no uop delivered when no Bkend Stall
   IntMiscRecoveryCycles: 1142407 # Stalls waiting machine clears
   uops executed: 287847828 # Executed microoperations
  skylake-3: # Core stats
   cycles: 287118006 # Simulated unhalted cycles
   cCycles: 626081 # Cycles due to contention stalls
   instrs: 428020789 # Simulated instructions
   uops: 287234719 # issued micro-ops
   bbls: 142111995 # Basic blocks
   approxInstrs: 975086 # Instrs with approx uop decoding
   mispredBranches: 141801 # Mispredicted branches
   IdqNotDelivered: 286491925 # Stalls no uop delivered when no Bkend Stall
   IntMiscRecoveryCycles: 1141228 # Stalls waiting machine clears
   uops executed: 287851125 # Executed microoperations
  skylake-4: # Core stats
   cycles: 287116006 # Simulated unhalted cycles
   cCycles: 626081 # Cycles due to contention stalls
   instrs: 428020731 # Simulated instructions
   uops: 287234694 # issued micro-ops
   bbls: 142111974 # Basic blocks
   approxInstrs: 975088 # Instrs with approx uop decoding
   mispredBranches: 141801 # Mispredicted branches
   IdqNotDelivered: 286489925 # Stalls no uop delivered when no Bkend Stall
   IntMiscRecoveryCycles: 1140735 # Stalls waiting machine clears
   uops executed: 287851082 # Executed microoperations
  skylake-5: # Core stats
   cycles: 287115006 # Simulated unhalted cycles
   cCycles: 626081 # Cycles due to contention stalls
   instrs: 428020552 # Simulated instructions
   uops: 287234566 # issued micro-ops
   bbls: 142111916 # Basic blocks
   approxInstrs: 975087 # Instrs with approx uop decoding
   mispredBranches: 141802 # Mispredicted branches
   IdqNotDelivered: 286488925 # Stalls no uop delivered when no Bkend Stall
   IntMiscRecoveryCycles: 1140412 # Stalls waiting machine clears
   uops executed: 287850920 # Executed microoperations
  skylake-6: # Core stats
   cycles: 287114006 # Simulated unhalted cycles
   cCycles: 626081 # Cycles due to contention stalls
   instrs: 428019872 # Simulated instructions
   uops: 287233787 # issued micro-ops
   bbls: 142111764 # Basic blocks
   approxInstrs: 975082 # Instrs with approx uop decoding
   mispredBranches: 141795 # Mispredicted branches
   IdqNotDelivered: 286487925 # Stalls no uop delivered when no Bkend Stall
   IntMiscRecoveryCycles: 1142149 # Stalls waiting machine clears
   uops executed: 287850179 # Executed microoperations
  skylake-7: # Core stats
   cycles: 287114001 # Simulated unhalted cycles
   cCycles: 626079 # Cycles due to contention stalls
   instrs: 428018971 # Simulated instructions
   uops: 287233512 # issued micro-ops
   bbls: 142111389 # Basic blocks
   approxInstrs: 975087 # Instrs with approx uop decoding
   mispredBranches: 141802 # Mispredicted branches
   IdqNotDelivered: 286487922 # Stalls no uop delivered when no Bkend Stall
   IntMiscRecoveryCycles: 1140289 # Stalls waiting machine clears
   uops executed: 287849896 # Executed microoperations
  skylake-8: # Core stats
   cycles: 287112884 # Simulated unhalted cycles
   cCycles: 626081 # Cycles due to contention stalls
   instrs: 428020388 # Simulated instructions
   uops: 287234143 # issued micro-ops
   bbls: 142111934 # Basic blocks
   approxInstrs: 975084 # Instrs with approx uop decoding
   mispredBranches: 141798 # Mispredicted branches
   IdqNotDelivered: 286486803 # Stalls no uop delivered when no Bkend Stall
   IntMiscRecoveryCycles: 1141935 # Stalls waiting machine clears
   uops executed: 287850521 # Executed microoperations
  skylake-9: # Core stats
   cycles: 287112792 # Simulated unhalted cycles
   cCycles: 626082 # Cycles due to contention stalls
   instrs: 428019842 # Simulated instructions
   uops: 287233767 # issued micro-ops
   bbls: 142111754 # Basic blocks
   approxInstrs: 975082 # Instrs with approx uop decoding
   mispredBranches: 141795 # Mispredicted branches
   IdqNotDelivered: 286486710 # Stalls no uop delivered when no Bkend Stall
   IntMiscRecoveryCycles: 1142035 # Stalls waiting machine clears
   uops executed: 287850159 # Executed microoperations
  skylake-10: # Core stats
   cycles: 287112792 # Simulated unhalted cycles
   cCycles: 626082 # Cycles due to contention stalls
   instrs: 428019776 # Simulated instructions
   uops: 287233723 # issued micro-ops
   bbls: 142111732 # Basic blocks
   approxInstrs: 975082 # Instrs with approx uop decoding
   mispredBranches: 141795 # Mispredicted branches
   IdqNotDelivered: 286486710 # Stalls no uop delivered when no Bkend Stall
   IntMiscRecoveryCycles: 1141654 # Stalls waiting machine clears
   uops executed: 287850115 # Executed microoperations
  skylake-11: # Core stats
   cycles: 287113007 # Simulated unhalted cycles
   cCycles: 626081 # Cycles due to contention stalls
   instrs: 428020725 # Simulated instructions
   uops: 287234648 # issued micro-ops
   bbls: 142111890 # Basic blocks
   approxInstrs: 975085 # Instrs with approx uop decoding
   mispredBranches: 141796 # Mispredicted branches
   IdqNotDelivered: 286486926 # Stalls no uop delivered when no Bkend Stall
   IntMiscRecoveryCycles: 1141231 # Stalls waiting machine clears
   uops executed: 287851116 # Executed microoperations
  skylake-12: # Core stats
   cycles: 287111791 # Simulated unhalted cycles
   cCycles: 626081 # Cycles due to contention stalls
   instrs: 428019596 # Simulated instructions
   uops: 287233603 # issued micro-ops
   bbls: 142111672 # Basic blocks
   approxInstrs: 975082 # Instrs with approx uop decoding
   mispredBranches: 141795 # Mispredicted branches
   IdqNotDelivered: 286485710 # Stalls no uop delivered when no Bkend Stall
   IntMiscRecoveryCycles: 1140532 # Stalls waiting machine clears
   uops executed: 287849995 # Executed microoperations
  skylake-13: # Core stats
   cycles: 287111792 # Simulated unhalted cycles
   cCycles: 626081 # Cycles due to contention stalls
   instrs: 428019605 # Simulated instructions
   uops: 287233609 # issued micro-ops
   bbls: 142111675 # Basic blocks
   approxInstrs: 975082 # Instrs with approx uop decoding
   mispredBranches: 141795 # Mispredicted branches
   IdqNotDelivered: 286485711 # Stalls no uop delivered when no Bkend Stall
   IntMiscRecoveryCycles: 1140636 # Stalls waiting machine clears
   uops executed: 287850001 # Executed microoperations
  skylake-14: # Core stats
   cycles: 287110792 # Simulated unhalted cycles
   cCycles: 626081 # Cycles due to contention stalls
   instrs: 428020079 # Simulated instructions
   uops: 287233925 # issued micro-ops
   bbls: 142111833 # Basic blocks
   approxInstrs: 975082 # Instrs with approx uop decoding
   mispredBranches: 141795 # Mispredicted branches
   IdqNotDelivered: 286484711 # Stalls no uop delivered when no Bkend Stall
   IntMiscRecoveryCycles: 1141074 # Stalls waiting machine clears
   uops executed: 287850317 # Executed microoperations
  skylake-15: # Core stats
   cycles: 287111006 # Simulated unhalted cycles
   cCycles: 626083 # Cycles due to contention stalls
   instrs: 428019744 # Simulated instructions
   uops: 287233685 # issued micro-ops
   bbls: 142111723 # Basic blocks
   approxInstrs: 975081 # Instrs with approx uop decoding
   mispredBranches: 141789 # Mispredicted branches
   IdqNotDelivered: 286484923 # Stalls no uop delivered when no Bkend Stall
   IntMiscRecoveryCycles: 1140506 # Stalls waiting machine clears
   uops executed: 287850111 # Executed microoperations
  skylake-16: # Core stats
   cycles: 287110792 # Simulated unhalted cycles
   cCycles: 626087 # Cycles due to contention stalls
   instrs: 428019548 # Simulated instructions
   uops: 287233571 # issued micro-ops
   bbls: 142111656 # Basic blocks
   approxInstrs: 975082 # Instrs with approx uop decoding
   mispredBranches: 141795 # Mispredicted branches
   IdqNotDelivered: 286484705 # Stalls no uop delivered when no Bkend Stall
   IntMiscRecoveryCycles: 1140389 # Stalls waiting machine clears
   uops executed: 287849963 # Executed microoperations
  skylake-17: # Core stats
   cycles: 287110791 # Simulated unhalted cycles
   cCycles: 626089 # Cycles due to contention stalls
   instrs: 427989950 # Simulated instructions
   uops: 287215777 # issued micro-ops
   bbls: 142101087 # Basic blocks
   approxInstrs: 975004 # Instrs with approx uop decoding
   mispredBranches: 141887 # Mispredicted branches
   IdqNotDelivered: 286484702 # Stalls no uop delivered when no Bkend Stall
   IntMiscRecoveryCycles: 1144904 # Stalls waiting machine clears
   uops executed: 287832296 # Executed microoperations
  skylake-18: # Core stats
   cycles: 287110006 # Simulated unhalted cycles
   cCycles: 626084 # Cycles due to contention stalls
   instrs: 428019768 # Simulated instructions
   uops: 287233701 # issued micro-ops
   bbls: 142111731 # Basic blocks
   approxInstrs: 975081 # Instrs with approx uop decoding
   mispredBranches: 141789 # Mispredicted branches
   IdqNotDelivered: 286483922 # Stalls no uop delivered when no Bkend Stall
   IntMiscRecoveryCycles: 1140281 # Stalls waiting machine clears
   uops executed: 287850127 # Executed microoperations
  skylake-19: # Core stats
   cycles: 287110007 # Simulated unhalted cycles
   cCycles: 626084 # Cycles due to contention stalls
   instrs: 428020131 # Simulated instructions
   uops: 287233943 # issued micro-ops
   bbls: 142111852 # Basic blocks
   approxInstrs: 975081 # Instrs with approx uop decoding
   mispredBranches: 141789 # Mispredicted branches
   IdqNotDelivered: 286483923 # Stalls no uop delivered when no Bkend Stall
   IntMiscRecoveryCycles: 1140085 # Stalls waiting machine clears
   uops executed: 287850369 # Executed microoperations
  skylake-20: # Core stats
   cycles: 287109791 # Simulated unhalted cycles
   cCycles: 626084 # Cycles due to contention stalls
   instrs: 428019407 # Simulated instructions
   uops: 287233477 # issued micro-ops
   bbls: 142111609 # Basic blocks
   approxInstrs: 975082 # Instrs with approx uop decoding
   mispredBranches: 141795 # Mispredicted branches
   IdqNotDelivered: 286483707 # Stalls no uop delivered when no Bkend Stall
   IntMiscRecoveryCycles: 1140783 # Stalls waiting machine clears
   uops executed: 287849869 # Executed microoperations
  skylake-21: # Core stats
   cycles: 287108792 # Simulated unhalted cycles
   cCycles: 626079 # Cycles due to contention stalls
   instrs: 428017616 # Simulated instructions
   uops: 287232283 # issued micro-ops
   bbls: 142111012 # Basic blocks
   approxInstrs: 975082 # Instrs with approx uop decoding
   mispredBranches: 141793 # Mispredicted branches
   IdqNotDelivered: 286482713 # Stalls no uop delivered when no Bkend Stall
   IntMiscRecoveryCycles: 1140393 # Stalls waiting machine clears
   uops executed: 287848682 # Executed microoperations
  skylake-22: # Core stats
   cycles: 287109002 # Simulated unhalted cycles
   cCycles: 626079 # Cycles due to contention stalls
   instrs: 428018646 # Simulated instructions
   uops: 287232953 # issued micro-ops
   bbls: 142111357 # Basic blocks
   approxInstrs: 975081 # Instrs with approx uop decoding
   mispredBranches: 141789 # Mispredicted branches
   IdqNotDelivered: 286482923 # Stalls no uop delivered when no Bkend Stall
   IntMiscRecoveryCycles: 1140428 # Stalls waiting machine clears
   uops executed: 287849379 # Executed microoperations
  skylake-23: # Core stats
   cycles: 0 # Simulated unhalted cycles
   cCycles: 0 # Cycles due to contention stalls
   instrs: 0 # Simulated instructions
   uops: 0 # issued micro-ops
   bbls: 0 # Basic blocks
   approxInstrs: 0 # Instrs with approx uop decoding
   mispredBranches: 0 # Mispredicted branches
   IdqNotDelivered: 0 # Stalls no uop delivered when no Bkend Stall
   IntMiscRecoveryCycles: 0 # Stalls waiting machine clears
   uops executed: 0 # Executed microoperations
 l1d: # Cache stats
  l1d-0: # Filter cache stats
   fhGETS: 929836 # Filtered GETS hits
   fhGETX: 557626 # Filtered GETX hits
   hGETS: 171485 # GETS hits
   hGETX: 176372 # GETX hits
   mGETS: 250272 # GETS misses
   mGETXIM: 166784 # GETX I->M misses
   mGETXSM: 6 # GETX S->M misses (upgrade misses)
   PUTS: 0 # Clean evictions (from lower level)
   PUTX: 0 # Dirty evictions (from lower level)
   INV: 113 # Invalidates (from upper level)
   INVX: 90 # Downgrades (from upper level)
   FWD: 0 # Forwards (from upper level)
   latGETnl: 113402246 # GET request latency on next level
   latGETnet: 0 # GET request latency on network to next level
  l1d-1: # Filter cache stats
   fhGETS: 929574 # Filtered GETS hits
   fhGETX: 557456 # Filtered GETX hits
   hGETS: 171405 # GETS hits
   hGETX: 176333 # GETX hits
   mGETS: 250225 # GETS misses
   mGETXIM: 166755 # GETX I->M misses
   mGETXSM: 7 # GETX S->M misses (upgrade misses)
   PUTS: 0 # Clean evictions (from lower level)
   PUTX: 0 # Dirty evictions (from lower level)
   INV: 101 # Invalidates (from upper level)
   INVX: 22 # Downgrades (from upper level)
   FWD: 0 # Forwards (from upper level)
   latGETnl: 113371581 # GET request latency on next level
   latGETnet: 0 # GET request latency on network to next level
  l1d-2: # Filter cache stats
   fhGETS: 929459 # Filtered GETS hits
   fhGETX: 557399 # Filtered GETX hits
   hGETS: 171379 # GETS hits
   hGETX: 176308 # GETX hits
   mGETS: 250219 # GETS misses
   mGETXIM: 166749 # GETX I->M misses
   mGETXSM: 6 # GETX S->M misses (upgrade misses)
   PUTS: 0 # Clean evictions (from lower level)
   PUTX: 0 # Dirty evictions (from lower level)
   INV: 83 # Invalidates (from upper level)
   INVX: 10 # Downgrades (from upper level)
   FWD: 0 # Forwards (from upper level)
   latGETnl: 113369902 # GET request latency on next level
   latGETnet: 0 # GET request latency on network to next level
  l1d-3: # Filter cache stats
   fhGETS: 929511 # Filtered GETS hits
   fhGETX: 557420 # Filtered GETX hits
   hGETS: 171409 # GETS hits
   hGETX: 176330 # GETX hits
   mGETS: 250217 # GETS misses
   mGETXIM: 166755 # GETX I->M misses
   mGETXSM: 7 # GETX S->M misses (upgrade misses)
   PUTS: 0 # Clean evictions (from lower level)
   PUTX: 0 # Dirty evictions (from lower level)
   INV: 96 # Invalidates (from upper level)
   INVX: 26 # Downgrades (from upper level)
   FWD: 0 # Forwards (from upper level)
   latGETnl: 113370895 # GET request latency on next level
   latGETnet: 0 # GET request latency on network to next level
  l1d-4: # Filter cache stats
   fhGETS: 929506 # Filtered GETS hits
   fhGETX: 557413 # Filtered GETX hits
   hGETS: 171415 # GETS hits
   hGETX: 176341 # GETX hits
   mGETS: 250221 # GETS misses
   mGETXIM: 166754 # GETX I->M misses
   mGETXSM: 9 # GETX S->M misses (upgrade misses)
   PUTS: 0 # Clean evictions (from lower level)
   PUTX: 0 # Dirty evictions (from lower level)
   INV: 97 # Invalidates (from upper level)
   INVX: 18 # Downgrades (from upper level)
   FWD: 0 # Forwards (from upper level)
   latGETnl: 113369120 # GET request latency on next level
   latGETnet: 0 # GET request latency on network to next level
  l1d-5: # Filter cache stats
   fhGETS: 929520 # Filtered GETS hits
   fhGETX: 557430 # Filtered GETX hits
   hGETS: 171399 # GETS hits
   hGETX: 176321 # GETX hits
   mGETS: 250219 # GETS misses
   mGETXIM: 166754 # GETX I->M misses
   mGETXSM: 8 # GETX S->M misses (upgrade misses)
   PUTS: 0 # Clean evictions (from lower level)
   PUTX: 0 # Dirty evictions (from lower level)
   INV: 97 # Invalidates (from upper level)
   INVX: 17 # Downgrades (from upper level)
   FWD: 0 # Forwards (from upper level)
   latGETnl: 113368965 # GET request latency on next level
   latGETnet: 0 # GET request latency on network to next level
  l1d-6: # Filter cache stats
   fhGETS: 929357 # Filtered GETS hits
   fhGETX: 557333 # Filtered GETX hits
   hGETS: 171390 # GETS hits
   hGETX: 176316 # GETX hits
   mGETS: 250202 # GETS misses
   mGETXIM: 166746 # GETX I->M misses
   mGETXSM: 6 # GETX S->M misses (upgrade misses)
   PUTS: 0 # Clean evictions (from lower level)
   PUTX: 0 # Dirty evictions (from lower level)
   INV: 82 # Invalidates (from upper level)
   INVX: 6 # Downgrades (from upper level)
   FWD: 0 # Forwards (from upper level)
   latGETnl: 113365586 # GET request latency on next level
   latGETnet: 0 # GET request latency on network to next level
  l1d-7: # Filter cache stats
   fhGETS: 929506 # Filtered GETS hits
   fhGETX: 557422 # Filtered GETX hits
   hGETS: 171411 # GETS hits
   hGETX: 176329 # GETX hits
   mGETS: 250221 # GETS misses
   mGETXIM: 166754 # GETX I->M misses
   mGETXSM: 8 # GETX S->M misses (upgrade misses)
   PUTS: 0 # Clean evictions (from lower level)
   PUTX: 0 # Dirty evictions (from lower level)
   INV: 99 # Invalidates (from upper level)
   INVX: 18 # Downgrades (from upper level)
   FWD: 0 # Forwards (from upper level)
   latGETnl: 113369270 # GET request latency on next level
   latGETnet: 0 # GET request latency on network to next level
  l1d-8: # Filter cache stats
   fhGETS: 929374 # Filtered GETS hits
   fhGETX: 557339 # Filtered GETX hits
   hGETS: 171381 # GETS hits
   hGETX: 176314 # GETX hits
   mGETS: 250204 # GETS misses
   mGETXIM: 166745 # GETX I->M misses
   mGETXSM: 4 # GETX S->M misses (upgrade misses)
   PUTS: 0 # Clean evictions (from lower level)
   PUTX: 0 # Dirty evictions (from lower level)
   INV: 82 # Invalidates (from upper level)
   INVX: 12 # Downgrades (from upper level)
   FWD: 0 # Forwards (from upper level)
   latGETnl: 113367086 # GET request latency on next level
   latGETnet: 0 # GET request latency on network to next level
  l1d-9: # Filter cache stats
   fhGETS: 929349 # Filtered GETS hits
   fhGETX: 557332 # Filtered GETX hits
   hGETS: 171401 # GETS hits
   hGETX: 176318 # GETX hits
   mGETS: 250199 # GETS misses
   mGETXIM: 166746 # GETX I->M misses
   mGETXSM: 5 # GETX S->M misses (upgrade misses)
   PUTS: 0 # Clean evictions (from lower level)
   PUTX: 0 # Dirty evictions (from lower level)
   INV: 79 # Invalidates (from upper level)
   INVX: 31 # Downgrades (from upper level)
   FWD: 0 # Forwards (from upper level)
   latGETnl: 113370672 # GET request latency on next level
   latGETnet: 0 # GET request latency on network to next level
  l1d-10: # Filter cache stats
   fhGETS: 929358 # Filtered GETS hits
   fhGETX: 557334 # Filtered GETX hits
   hGETS: 171390 # GETS hits
   hGETX: 176316 # GETX hits
   mGETS: 250201 # GETS misses
   mGETXIM: 166745 # GETX I->M misses
   mGETXSM: 6 # GETX S->M misses (upgrade misses)
   PUTS: 0 # Clean evictions (from lower level)
   PUTX: 0 # Dirty evictions (from lower level)
   INV: 81 # Invalidates (from upper level)
   INVX: 9 # Downgrades (from upper level)
   FWD: 0 # Forwards (from upper level)
   latGETnl: 113365464 # GET request latency on next level
   latGETnet: 0 # GET request latency on network to next level
  l1d-11: # Filter cache stats
   fhGETS: 929529 # Filtered GETS hits
   fhGETX: 557444 # Filtered GETX hits
   hGETS: 171432 # GETS hits
   hGETX: 176325 # GETX hits
   mGETS: 250220 # GETS misses
   mGETXIM: 166760 # GETX I->M misses
   mGETXSM: 12 # GETX S->M misses (upgrade misses)
   PUTS: 0 # Clean evictions (from lower level)
   PUTX: 0 # Dirty evictions (from lower level)
   INV: 92 # Invalidates (from upper level)
   INVX: 16 # Downgrades (from upper level)
   FWD: 0 # Forwards (from upper level)
   latGETnl: 113372969 # GET request latency on next level
   latGETnet: 0 # GET request latency on network to next level
  l1d-12: # Filter cache stats
   fhGETS: 929361 # Filtered GETS hits
   fhGETX: 557344 # Filtered GETX hits
   hGETS: 171386 # GETS hits
   hGETX: 176312 # GETX hits
   mGETS: 250202 # GETS misses
   mGETXIM: 166740 # GETX I->M misses
   mGETXSM: 5 # GETX S->M misses (upgrade misses)
   PUTS: 0 # Clean evictions (from lower level)
   PUTX: 0 # Dirty evictions (from lower level)
   INV: 78 # Invalidates (from upper level)
   INVX: 15 # Downgrades (from upper level)
   FWD: 0 # Forwards (from upper level)
   latGETnl: 113367297 # GET request latency on next level
   latGETnet: 0 # GET request latency on network to next level
  l1d-13: # Filter cache stats
   fhGETS: 929366 # Filtered GETS hits
   fhGETX: 557339 # Filtered GETX hits
   hGETS: 171378 # GETS hits
   hGETX: 176316 # GETX hits
   mGETS: 250205 # GETS misses
   mGETXIM: 166740 # GETX I->M misses
   mGETXSM: 6 # GETX S->M misses (upgrade misses)
   PUTS: 0 # Clean evictions (from lower level)
   PUTX: 0 # Dirty evictions (from lower level)
   INV: 79 # Invalidates (from upper level)
   INVX: 7 # Downgrades (from upper level)
   FWD: 0 # Forwards (from upper level)
   latGETnl: 113366219 # GET request latency on next level
   latGETnet: 0 # GET request latency on network to next level
  l1d-14: # Filter cache stats
   fhGETS: 929352 # Filtered GETS hits
   fhGETX: 557323 # Filtered GETX hits
   hGETS: 171396 # GETS hits
   hGETX: 176327 # GETX hits
   mGETS: 250201 # GETS misses
   mGETXIM: 166746 # GETX I->M misses
   mGETXSM: 5 # GETX S->M misses (upgrade misses)
   PUTS: 0 # Clean evictions (from lower level)
   PUTX: 0 # Dirty evictions (from lower level)
   INV: 83 # Invalidates (from upper level)
   INVX: 2 # Downgrades (from upper level)
   FWD: 0 # Forwards (from upper level)
   latGETnl: 113363468 # GET request latency on next level
   latGETnet: 0 # GET request latency on network to next level
  l1d-15: # Filter cache stats
   fhGETS: 929357 # Filtered GETS hits
   fhGETX: 557331 # Filtered GETX hits
   hGETS: 171383 # GETS hits
   hGETX: 176319 # GETX hits
   mGETS: 250203 # GETS misses
   mGETXIM: 166742 # GETX I->M misses
   mGETXSM: 4 # GETX S->M misses (upgrade misses)
   PUTS: 0 # Clean evictions (from lower level)
   PUTX: 0 # Dirty evictions (from lower level)
   INV: 79 # Invalidates (from upper level)
   INVX: 9 # Downgrades (from upper level)
   FWD: 0 # Forwards (from upper level)
   latGETnl: 113366041 # GET request latency on next level
   latGETnet: 0 # GET request latency on network to next level
  l1d-16: # Filter cache stats
   fhGETS: 929363 # Filtered GETS hits
   fhGETX: 557334 # Filtered GETX hits
   hGETS: 171380 # GETS hits
   hGETX: 176325 # GETX hits
   mGETS: 250206 # GETS misses
   mGETXIM: 166736 # GETX I->M misses
   mGETXSM: 6 # GETX S->M misses (upgrade misses)
   PUTS: 0 # Clean evictions (from lower level)
   PUTX: 0 # Dirty evictions (from lower level)
   INV: 77 # Invalidates (from upper level)
   INVX: 3 # Downgrades (from upper level)
   FWD: 0 # Forwards (from upper level)
   latGETnl: 113364827 # GET request latency on next level
   latGETnet: 0 # GET request latency on network to next level
  l1d-17: # Filter cache stats
   fhGETS: 930757 # Filtered GETS hits
   fhGETX: 557877 # Filtered GETX hits
   hGETS: 171724 # GETS hits
   hGETX: 176376 # GETX hits
   mGETS: 250259 # GETS misses
   mGETXIM: 166738 # GETX I->M misses
   mGETXSM: 15 # GETX S->M misses (upgrade misses)
   PUTS: 0 # Clean evictions (from lower level)
   PUTX: 0 # Dirty evictions (from lower level)
   INV: 78 # Invalidates (from upper level)
   INVX: 6 # Downgrades (from upper level)
   FWD: 0 # Forwards (from upper level)
   latGETnl: 113372712 # GET request latency on next level
   latGETnet: 0 # GET request latency on network to next level
  l1d-18: # Filter cache stats
   fhGETS: 929363 # Filtered GETS hits
   fhGETX: 557333 # Filtered GETX hits
   hGETS: 171376 # GETS hits
   hGETX: 176318 # GETX hits
   mGETS: 250204 # GETS misses
   mGETXIM: 166741 # GETX I->M misses
   mGETXSM: 4 # GETX S->M misses (upgrade misses)
   PUTS: 0 # Clean evictions (from lower level)
   PUTX: 0 # Dirty evictions (from lower level)
   INV: 79 # Invalidates (from upper level)
   INVX: 1 # Downgrades (from upper level)
   FWD: 0 # Forwards (from upper level)
   latGETnl: 113364607 # GET request latency on next level
   latGETnet: 0 # GET request latency on network to next level
  l1d-19: # Filter cache stats
   fhGETS: 929364 # Filtered GETS hits
   fhGETX: 557339 # Filtered GETX hits
   hGETS: 171377 # GETS hits
   hGETX: 176311 # GETX hits
   mGETS: 250202 # GETS misses
   mGETXIM: 166742 # GETX I->M misses
   mGETXSM: 4 # GETX S->M misses (upgrade misses)
   PUTS: 0 # Clean evictions (from lower level)
   PUTX: 0 # Dirty evictions (from lower level)
   INV: 79 # Invalidates (from upper level)
   INVX: 1 # Downgrades (from upper level)
   FWD: 0 # Forwards (from upper level)
   latGETnl: 113363660 # GET request latency on next level
   latGETnet: 0 # GET request latency on network to next level
  l1d-20: # Filter cache stats
   fhGETS: 929349 # Filtered GETS hits
   fhGETX: 557328 # Filtered GETX hits
   hGETS: 171399 # GETS hits
   hGETX: 176323 # GETX hits
   mGETS: 250201 # GETS misses
   mGETXIM: 166745 # GETX I->M misses
   mGETXSM: 5 # GETX S->M misses (upgrade misses)
   PUTS: 0 # Clean evictions (from lower level)
   PUTX: 0 # Dirty evictions (from lower level)
   INV: 82 # Invalidates (from upper level)
   INVX: 2 # Downgrades (from upper level)
   FWD: 0 # Forwards (from upper level)
   latGETnl: 113363815 # GET request latency on next level
   latGETnet: 0 # GET request latency on network to next level
  l1d-21: # Filter cache stats
   fhGETS: 929362 # Filtered GETS hits
   fhGETX: 557333 # Filtered GETX hits
   hGETS: 171380 # GETS hits
   hGETX: 176328 # GETX hits
   mGETS: 250207 # GETS misses
   mGETXIM: 166735 # GETX I->M misses
   mGETXSM: 5 # GETX S->M misses (upgrade misses)
   PUTS: 0 # Clean evictions (from lower level)
   PUTX: 0 # Dirty evictions (from lower level)
   INV: 77 # Invalidates (from upper level)
   INVX: 1 # Downgrades (from upper level)
   FWD: 0 # Forwards (from upper level)
   latGETnl: 113365455 # GET request latency on next level
   latGETnet: 0 # GET request latency on network to next level
  l1d-22: # Filter cache stats
   fhGETS: 929363 # Filtered GETS hits
   fhGETX: 557331 # Filtered GETX hits
   hGETS: 171376 # GETS hits
   hGETX: 176322 # GETX hits
   mGETS: 250204 # GETS misses
   mGETXIM: 166739 # GETX I->M misses
   mGETXSM: 4 # GETX S->M misses (upgrade misses)
   PUTS: 0 # Clean evictions (from lower level)
   PUTX: 0 # Dirty evictions (from lower level)
   INV: 77 # Invalidates (from upper level)
   INVX: 1 # Downgrades (from upper level)
   FWD: 0 # Forwards (from upper level)
   latGETnl: 113364288 # GET request latency on next level
   latGETnet: 0 # GET request latency on network to next level
  l1d-23: # Filter cache stats
   fhGETS: 0 # Filtered GETS hits
   fhGETX: 0 # Filtered GETX hits
   hGETS: 0 # GETS hits
   hGETX: 0 # GETX hits
   mGETS: 0 # GETS misses
   mGETXIM: 0 # GETX I->M misses
   mGETXSM: 0 # GETX S->M misses (upgrade misses)
   PUTS: 0 # Clean evictions (from lower level)
   PUTX: 0 # Dirty evictions (from lower level)
   INV: 0 # Invalidates (from upper level)
   INVX: 0 # Downgrades (from upper level)
   FWD: 0 # Forwards (from upper level)
   latGETnl: 0 # GET request latency on next level
   latGETnet: 0 # GET request latency on network to next level
 l1i: # Cache stats
  l1i-0: # Filter cache stats
   fhGETS: 142919952 # Filtered GETS hits
   fhGETX: 0 # Filtered GETX hits
   hGETS: 16685 # GETS hits
   hGETX: 0 # GETX hits
   mGETS: 913 # GETS misses
   mGETXIM: 0 # GETX I->M misses
   mGETXSM: 0 # GETX S->M misses (upgrade misses)
   PUTS: 0 # Clean evictions (from lower level)
   PUTX: 0 # Dirty evictions (from lower level)
   INV: 889 # Invalidates (from upper level)
   INVX: 0 # Downgrades (from upper level)
   FWD: 0 # Forwards (from upper level)
   latGETnl: 82286 # GET request latency on next level
   latGETnet: 0 # GET request latency on network to next level
  l1i-1: # Filter cache stats
   fhGETS: 142919703 # Filtered GETS hits
   fhGETX: 0 # Filtered GETX hits
   hGETS: 16675 # GETS hits
   hGETX: 0 # GETX hits
   mGETS: 818 # GETS misses
   mGETXIM: 0 # GETX I->M misses
   mGETXSM: 0 # GETX S->M misses (upgrade misses)
   PUTS: 0 # Clean evictions (from lower level)
   PUTX: 0 # Dirty evictions (from lower level)
   INV: 794 # Invalidates (from upper level)
   INVX: 0 # Downgrades (from upper level)
   FWD: 0 # Forwards (from upper level)
   latGETnl: 43846 # GET request latency on next level
   latGETnet: 0 # GET request latency on network to next level
  l1i-2: # Filter cache stats
   fhGETS: 142918348 # Filtered GETS hits
   fhGETX: 0 # Filtered GETX hits
   hGETS: 16676 # GETS hits
   hGETX: 0 # GETX hits
   mGETS: 853 # GETS misses
   mGETXIM: 0 # GETX I->M misses
   mGETXSM: 0 # GETX S->M misses (upgrade misses)
   PUTS: 0 # Clean evictions (from lower level)
   PUTX: 0 # Dirty evictions (from lower level)
   INV: 829 # Invalidates (from upper level)
   INVX: 0 # Downgrades (from upper level)
   FWD: 0 # Forwards (from upper level)
   latGETnl: 49766 # GET request latency on next level
   latGETnet: 0 # GET request latency on network to next level
  l1i-3: # Filter cache stats
   fhGETS: 142919934 # Filtered GETS hits
   fhGETX: 0 # Filtered GETX hits
   hGETS: 16664 # GETS hits
   hGETX: 0 # GETX hits
   mGETS: 822 # GETS misses
   mGETXIM: 0 # GETX I->M misses
   mGETXSM: 0 # GETX S->M misses (upgrade misses)
   PUTS: 0 # Clean evictions (from lower level)
   PUTX: 0 # Dirty evictions (from lower level)
   INV: 798 # Invalidates (from upper level)
   INVX: 0 # Downgrades (from upper level)
   FWD: 0 # Forwards (from upper level)
   latGETnl: 43359 # GET request latency on next level
   latGETnet: 0 # GET request latency on network to next level
  l1i-4: # Filter cache stats
   fhGETS: 142919913 # Filtered GETS hits
   fhGETX: 0 # Filtered GETX hits
   hGETS: 16670 # GETS hits
   hGETX: 0 # GETX hits
   mGETS: 827 # GETS misses
   mGETXIM: 0 # GETX I->M misses
   mGETXSM: 0 # GETX S->M misses (upgrade misses)
   PUTS: 0 # Clean evictions (from lower level)
   PUTX: 0 # Dirty evictions (from lower level)
   INV: 803 # Invalidates (from upper level)
   INVX: 0 # Downgrades (from upper level)
   FWD: 0 # Forwards (from upper level)
   latGETnl: 40219 # GET request latency on next level
   latGETnet: 0 # GET request latency on network to next level
  l1i-5: # Filter cache stats
   fhGETS: 142919857 # Filtered GETS hits
   fhGETX: 0 # Filtered GETX hits
   hGETS: 16668 # GETS hits
   hGETX: 0 # GETX hits
   mGETS: 827 # GETS misses
   mGETXIM: 0 # GETX I->M misses
   mGETXSM: 0 # GETX S->M misses (upgrade misses)
   PUTS: 0 # Clean evictions (from lower level)
   PUTX: 0 # Dirty evictions (from lower level)
   INV: 803 # Invalidates (from upper level)
   INVX: 0 # Downgrades (from upper level)
   FWD: 0 # Forwards (from upper level)
   latGETnl: 39094 # GET request latency on next level
   latGETnet: 0 # GET request latency on network to next level
  l1i-6: # Filter cache stats
   fhGETS: 142919688 # Filtered GETS hits
   fhGETX: 0 # Filtered GETX hits
   hGETS: 16662 # GETS hits
   hGETX: 0 # GETX hits
   mGETS: 802 # GETS misses
   mGETXIM: 0 # GETX I->M misses
   mGETXSM: 0 # GETX S->M misses (upgrade misses)
   PUTS: 0 # Clean evictions (from lower level)
   PUTX: 0 # Dirty evictions (from lower level)
   INV: 778 # Invalidates (from upper level)
   INVX: 0 # Downgrades (from upper level)
   FWD: 0 # Forwards (from upper level)
   latGETnl: 43994 # GET request latency on next level
   latGETnet: 0 # GET request latency on network to next level
  l1i-7: # Filter cache stats
   fhGETS: 142919339 # Filtered GETS hits
   fhGETX: 0 # Filtered GETX hits
   hGETS: 16669 # GETS hits
   hGETX: 0 # GETX hits
   mGETS: 824 # GETS misses
   mGETXIM: 0 # GETX I->M misses
   mGETXSM: 0 # GETX S->M misses (upgrade misses)
   PUTS: 0 # Clean evictions (from lower level)
   PUTX: 0 # Dirty evictions (from lower level)
   INV: 800 # Invalidates (from upper level)
   INVX: 0 # Downgrades (from upper level)
   FWD: 0 # Forwards (from upper level)
   latGETnl: 38728 # GET request latency on next level
   latGETnet: 0 # GET request latency on network to next level
  l1i-8: # Filter cache stats
   fhGETS: 142919838 # Filtered GETS hits
   fhGETX: 0 # Filtered GETX hits
   hGETS: 16664 # GETS hits
   hGETX: 0 # GETX hits
   mGETS: 808 # GETS misses
   mGETXIM: 0 # GETX I->M misses
   mGETXSM: 0 # GETX S->M misses (upgrade misses)
   PUTS: 0 # Clean evictions (from lower level)
   PUTX: 0 # Dirty evictions (from lower level)
   INV: 781 # Invalidates (from upper level)
   INVX: 0 # Downgrades (from upper level)
   FWD: 0 # Forwards (from upper level)
   latGETnl: 41801 # GET request latency on next level
   latGETnet: 0 # GET request latency on network to next level
  l1i-9: # Filter cache stats
   fhGETS: 142919685 # Filtered GETS hits
   fhGETX: 0 # Filtered GETX hits
   hGETS: 16669 # GETS hits
   hGETX: 0 # GETX hits
   mGETS: 810 # GETS misses
   mGETXIM: 0 # GETX I->M misses
   mGETXSM: 0 # GETX S->M misses (upgrade misses)
   PUTS: 0 # Clean evictions (from lower level)
   PUTX: 0 # Dirty evictions (from lower level)
   INV: 786 # Invalidates (from upper level)
   INVX: 0 # Downgrades (from upper level)
   FWD: 0 # Forwards (from upper level)
   latGETnl: 40545 # GET request latency on next level
   latGETnet: 0 # GET request latency on network to next level
  l1i-10: # Filter cache stats
   fhGETS: 142919655 # Filtered GETS hits
   fhGETX: 0 # Filtered GETX hits
   hGETS: 16670 # GETS hits
   hGETX: 0 # GETX hits
   mGETS: 807 # GETS misses
   mGETXIM: 0 # GETX I->M misses
   mGETXSM: 0 # GETX S->M misses (upgrade misses)
   PUTS: 0 # Clean evictions (from lower level)
   PUTX: 0 # Dirty evictions (from lower level)
   INV: 783 # Invalidates (from upper level)
   INVX: 0 # Downgrades (from upper level)
   FWD: 0 # Forwards (from upper level)
   latGETnl: 42429 # GET request latency on next level
   latGETnet: 0 # GET request latency on network to next level
  l1i-11: # Filter cache stats
   fhGETS: 142919720 # Filtered GETS hits
   fhGETX: 0 # Filtered GETX hits
   hGETS: 16746 # GETS hits
   hGETX: 0 # GETX hits
   mGETS: 808 # GETS misses
   mGETXIM: 0 # GETX I->M misses
   mGETXSM: 0 # GETX S->M misses (upgrade misses)
   PUTS: 0 # Clean evictions (from lower level)
   PUTX: 0 # Dirty evictions (from lower level)
   INV: 784 # Invalidates (from upper level)
   INVX: 0 # Downgrades (from upper level)
   FWD: 0 # Forwards (from upper level)
   latGETnl: 40001 # GET request latency on next level
   latGETnet: 0 # GET request latency on network to next level
  l1i-12: # Filter cache stats
   fhGETS: 142919599 # Filtered GETS hits
   fhGETX: 0 # Filtered GETX hits
   hGETS: 16669 # GETS hits
   hGETX: 0 # GETX hits
   mGETS: 808 # GETS misses
   mGETXIM: 0 # GETX I->M misses
   mGETXSM: 0 # GETX S->M misses (upgrade misses)
   PUTS: 0 # Clean evictions (from lower level)
   PUTX: 0 # Dirty evictions (from lower level)
   INV: 784 # Invalidates (from upper level)
   INVX: 0 # Downgrades (from upper level)
   FWD: 0 # Forwards (from upper level)
   latGETnl: 39101 # GET request latency on next level
   latGETnet: 0 # GET request latency on network to next level
  l1i-13: # Filter cache stats
   fhGETS: 142919611 # Filtered GETS hits
   fhGETX: 0 # Filtered GETX hits
   hGETS: 16664 # GETS hits
   hGETX: 0 # GETX hits
   mGETS: 809 # GETS misses
   mGETXIM: 0 # GETX I->M misses
   mGETXSM: 0 # GETX S->M misses (upgrade misses)
   PUTS: 0 # Clean evictions (from lower level)
   PUTX: 0 # Dirty evictions (from lower level)
   INV: 785 # Invalidates (from upper level)
   INVX: 0 # Downgrades (from upper level)
   FWD: 0 # Forwards (from upper level)
   latGETnl: 38698 # GET request latency on next level
   latGETnet: 0 # GET request latency on network to next level
  l1i-14: # Filter cache stats
   fhGETS: 142919767 # Filtered GETS hits
   fhGETX: 0 # Filtered GETX hits
   hGETS: 16667 # GETS hits
   hGETX: 0 # GETX hits
   mGETS: 807 # GETS misses
   mGETXIM: 0 # GETX I->M misses
   mGETXSM: 0 # GETX S->M misses (upgrade misses)
   PUTS: 0 # Clean evictions (from lower level)
   PUTX: 0 # Dirty evictions (from lower level)
   INV: 783 # Invalidates (from upper level)
   INVX: 0 # Downgrades (from upper level)
   FWD: 0 # Forwards (from upper level)
   latGETnl: 39279 # GET request latency on next level
   latGETnet: 0 # GET request latency on network to next level
  l1i-15: # Filter cache stats
   fhGETS: 142919634 # Filtered GETS hits
   fhGETX: 0 # Filtered GETX hits
   hGETS: 16669 # GETS hits
   hGETX: 0 # GETX hits
   mGETS: 807 # GETS misses
   mGETXIM: 0 # GETX I->M misses
   mGETXSM: 0 # GETX S->M misses (upgrade misses)
   PUTS: 0 # Clean evictions (from lower level)
   PUTX: 0 # Dirty evictions (from lower level)
   INV: 783 # Invalidates (from upper level)
   INVX: 0 # Downgrades (from upper level)
   FWD: 0 # Forwards (from upper level)
   latGETnl: 38829 # GET request latency on next level
   latGETnet: 0 # GET request latency on network to next level
  l1i-16: # Filter cache stats
   fhGETS: 142919580 # Filtered GETS hits
   fhGETX: 0 # Filtered GETX hits
   hGETS: 16664 # GETS hits
   hGETX: 0 # GETX hits
   mGETS: 808 # GETS misses
   mGETXIM: 0 # GETX I->M misses
   mGETXSM: 0 # GETX S->M misses (upgrade misses)
   PUTS: 0 # Clean evictions (from lower level)
   PUTX: 0 # Dirty evictions (from lower level)
   INV: 784 # Invalidates (from upper level)
   INVX: 0 # Downgrades (from upper level)
   FWD: 0 # Forwards (from upper level)
   latGETnl: 39101 # GET request latency on next level
   latGETnet: 0 # GET request latency on network to next level
  l1i-17: # Filter cache stats
   fhGETS: 142909182 # Filtered GETS hits
   fhGETX: 0 # Filtered GETX hits
   hGETS: 16837 # GETS hits
   hGETX: 0 # GETX hits
   mGETS: 879 # GETS misses
   mGETXIM: 0 # GETX I->M misses
   mGETXSM: 0 # GETX S->M misses (upgrade misses)
   PUTS: 0 # Clean evictions (from lower level)
   PUTX: 0 # Dirty evictions (from lower level)
   INV: 855 # Invalidates (from upper level)
   INVX: 0 # Downgrades (from upper level)
   FWD: 0 # Forwards (from upper level)
   latGETnl: 54363 # GET request latency on next level
   latGETnet: 0 # GET request latency on network to next level
  l1i-18: # Filter cache stats
   fhGETS: 142919650 # Filtered GETS hits
   fhGETX: 0 # Filtered GETX hits
   hGETS: 16664 # GETS hits
   hGETX: 0 # GETX hits
   mGETS: 804 # GETS misses
   mGETXIM: 0 # GETX I->M misses
   mGETXSM: 0 # GETX S->M misses (upgrade misses)
   PUTS: 0 # Clean evictions (from lower level)
   PUTX: 0 # Dirty evictions (from lower level)
   INV: 780 # Invalidates (from upper level)
   INVX: 0 # Downgrades (from upper level)
   FWD: 0 # Forwards (from upper level)
   latGETnl: 37788 # GET request latency on next level
   latGETnet: 0 # GET request latency on network to next level
  l1i-19: # Filter cache stats
   fhGETS: 142919767 # Filtered GETS hits
   fhGETX: 0 # Filtered GETX hits
   hGETS: 16669 # GETS hits
   hGETX: 0 # GETX hits
   mGETS: 799 # GETS misses
   mGETXIM: 0 # GETX I->M misses
   mGETXSM: 0 # GETX S->M misses (upgrade misses)
   PUTS: 0 # Clean evictions (from lower level)
   PUTX: 0 # Dirty evictions (from lower level)
   INV: 775 # Invalidates (from upper level)
   INVX: 0 # Downgrades (from upper level)
   FWD: 0 # Forwards (from upper level)
   latGETnl: 38228 # GET request latency on next level
   latGETnet: 0 # GET request latency on network to next level
  l1i-20: # Filter cache stats
   fhGETS: 142919539 # Filtered GETS hits
   fhGETX: 0 # Filtered GETX hits
   hGETS: 16669 # GETS hits
   hGETX: 0 # GETX hits
   mGETS: 813 # GETS misses
   mGETXIM: 0 # GETX I->M misses
   mGETXSM: 0 # GETX S->M misses (upgrade misses)
   PUTS: 0 # Clean evictions (from lower level)
   PUTX: 0 # Dirty evictions (from lower level)
   INV: 789 # Invalidates (from upper level)
   INVX: 0 # Downgrades (from upper level)
   FWD: 0 # Forwards (from upper level)
   latGETnl: 38211 # GET request latency on next level
   latGETnet: 0 # GET request latency on network to next level
  l1i-21: # Filter cache stats
   fhGETS: 142918938 # Filtered GETS hits
   fhGETX: 0 # Filtered GETX hits
   hGETS: 16669 # GETS hits
   hGETX: 0 # GETX hits
   mGETS: 807 # GETS misses
   mGETXIM: 0 # GETX I->M misses
   mGETXSM: 0 # GETX S->M misses (upgrade misses)
   PUTS: 0 # Clean evictions (from lower level)
   PUTX: 0 # Dirty evictions (from lower level)
   INV: 783 # Invalidates (from upper level)
   INVX: 0 # Downgrades (from upper level)
   FWD: 0 # Forwards (from upper level)
   latGETnl: 37929 # GET request latency on next level
   latGETnet: 0 # GET request latency on network to next level
  l1i-22: # Filter cache stats
   fhGETS: 142919273 # Filtered GETS hits
   fhGETX: 0 # Filtered GETX hits
   hGETS: 16669 # GETS hits
   hGETX: 0 # GETX hits
   mGETS: 805 # GETS misses
   mGETXIM: 0 # GETX I->M misses
   mGETXSM: 0 # GETX S->M misses (upgrade misses)
   PUTS: 0 # Clean evictions (from lower level)
   PUTX: 0 # Dirty evictions (from lower level)
   INV: 781 # Invalidates (from upper level)
   INVX: 0 # Downgrades (from upper level)
   FWD: 0 # Forwards (from upper level)
   latGETnl: 37835 # GET request latency on next level
   latGETnet: 0 # GET request latency on network to next level
  l1i-23: # Filter cache stats
   fhGETS: 0 # Filtered GETS hits
   fhGETX: 0 # Filtered GETX hits
   hGETS: 0 # GETS hits
   hGETX: 0 # GETX hits
   mGETS: 0 # GETS misses
   mGETXIM: 0 # GETX I->M misses
   mGETXSM: 0 # GETX S->M misses (upgrade misses)
   PUTS: 0 # Clean evictions (from lower level)
   PUTX: 0 # Dirty evictions (from lower level)
   INV: 0 # Invalidates (from upper level)
   INVX: 0 # Downgrades (from upper level)
   FWD: 0 # Forwards (from upper level)
   latGETnl: 0 # GET request latency on next level
   latGETnet: 0 # GET request latency on network to next level
 l2: # Cache stats
  l2-0: # Cache stats
   hGETS: 0 # GETS hits
   hGETX: 0 # GETX hits
   mGETS: 251185 # GETS misses
   mGETXIM: 166784 # GETX I->M misses
   mGETXSM: 6 # GETX S->M misses (upgrade misses)
   PUTS: 249909 # Clean evictions (from lower level)
   PUTX: 166522 # Dirty evictions (from lower level)
   INV: 44410 # Invalidates (from upper level)
   INVX: 90 # Downgrades (from upper level)
   FWD: 0 # Forwards (from upper level)
   latGETnl: 109304782 # GET request latency on next level
   latGETnet: 0 # GET request latency on network to next level
  l2-1: # Cache stats
   hGETS: 0 # GETS hits
   hGETX: 0 # GETX hits
   mGETS: 251043 # GETS misses
   mGETXIM: 166755 # GETX I->M misses
   mGETXSM: 7 # GETX S->M misses (upgrade misses)
   PUTS: 249868 # Clean evictions (from lower level)
   PUTX: 166499 # Dirty evictions (from lower level)
   INV: 24007 # Invalidates (from upper level)
   INVX: 22 # Downgrades (from upper level)
   FWD: 0 # Forwards (from upper level)
   latGETnl: 109237377 # GET request latency on next level
   latGETnet: 0 # GET request latency on network to next level
  l2-2: # Cache stats
   hGETS: 0 # GETS hits
   hGETX: 0 # GETX hits
   mGETS: 251072 # GETS misses
   mGETXIM: 166749 # GETX I->M misses
   mGETXSM: 6 # GETX S->M misses (upgrade misses)
   PUTS: 249869 # Clean evictions (from lower level)
   PUTX: 166504 # Dirty evictions (from lower level)
   INV: 45319 # Invalidates (from upper level)
   INVX: 10 # Downgrades (from upper level)
   FWD: 0 # Forwards (from upper level)
   latGETnl: 109241398 # GET request latency on next level
   latGETnet: 0 # GET request latency on network to next level
  l2-3: # Cache stats
   hGETS: 0 # GETS hits
   hGETX: 0 # GETX hits
   mGETS: 251039 # GETS misses
   mGETXIM: 166755 # GETX I->M misses
   mGETXSM: 7 # GETX S->M misses (upgrade misses)
   PUTS: 249866 # Clean evictions (from lower level)
   PUTX: 166498 # Dirty evictions (from lower level)
   INV: 23556 # Invalidates (from upper level)
   INVX: 26 # Downgrades (from upper level)
   FWD: 0 # Forwards (from upper level)
   latGETnl: 109236244 # GET request latency on next level
   latGETnet: 0 # GET request latency on network to next level
  l2-4: # Cache stats
   hGETS: 0 # GETS hits
   hGETX: 0 # GETX hits
   mGETS: 251048 # GETS misses
   mGETXIM: 166754 # GETX I->M misses
   mGETXSM: 9 # GETX S->M misses (upgrade misses)
   PUTS: 249866 # Clean evictions (from lower level)
   PUTX: 166500 # Dirty evictions (from lower level)
   INV: 23779 # Invalidates (from upper level)
   INVX: 18 # Downgrades (from upper level)
   FWD: 0 # Forwards (from upper level)
   latGETnl: 109231229 # GET request latency on next level
   latGETnet: 0 # GET request latency on network to next level
  l2-5: # Cache stats
   hGETS: 0 # GETS hits
   hGETX: 0 # GETX hits
   mGETS: 251046 # GETS misses
   mGETXIM: 166754 # GETX I->M misses
   mGETXSM: 8 # GETX S->M misses (upgrade misses)
   PUTS: 249866 # Clean evictions (from lower level)
   PUTX: 166498 # Dirty evictions (from lower level)
   INV: 26349 # Invalidates (from upper level)
   INVX: 17 # Downgrades (from upper level)
   FWD: 0 # Forwards (from upper level)
   latGETnl: 109229979 # GET request latency on next level
   latGETnet: 0 # GET request latency on network to next level
  l2-6: # Cache stats
   hGETS: 0 # GETS hits
   hGETX: 0 # GETX hits
   mGETS: 251004 # GETS misses
   mGETXIM: 166746 # GETX I->M misses
   mGETXSM: 6 # GETX S->M misses (upgrade misses)
   PUTS: 249856 # Clean evictions (from lower level)
   PUTX: 166498 # Dirty evictions (from lower level)
   INV: 24181 # Invalidates (from upper level)
   INVX: 6 # Downgrades (from upper level)
   FWD: 0 # Forwards (from upper level)
   latGETnl: 109232020 # GET request latency on next level
   latGETnet: 0 # GET request latency on network to next level
  l2-7: # Cache stats
   hGETS: 0 # GETS hits
   hGETX: 0 # GETX hits
   mGETS: 251045 # GETS misses
   mGETXIM: 166754 # GETX I->M misses
   mGETXSM: 8 # GETX S->M misses (upgrade misses)
   PUTS: 249867 # Clean evictions (from lower level)
   PUTX: 166497 # Dirty evictions (from lower level)
   INV: 46404 # Invalidates (from upper level)
   INVX: 18 # Downgrades (from upper level)
   FWD: 0 # Forwards (from upper level)
   latGETnl: 109229928 # GET request latency on next level
   latGETnet: 0 # GET request latency on network to next level
  l2-8: # Cache stats
   hGETS: 0 # GETS hits
   hGETX: 0 # GETX hits
   mGETS: 251012 # GETS misses
   mGETXIM: 166745 # GETX I->M misses
   mGETXSM: 4 # GETX S->M misses (upgrade misses)
   PUTS: 249860 # Clean evictions (from lower level)
   PUTX: 166495 # Dirty evictions (from lower level)
   INV: 45719 # Invalidates (from upper level)
   INVX: 12 # Downgrades (from upper level)
   FWD: 0 # Forwards (from upper level)
   latGETnl: 109231277 # GET request latency on next level
   latGETnet: 0 # GET request latency on network to next level
  l2-9: # Cache stats
   hGETS: 0 # GETS hits
   hGETX: 0 # GETX hits
   mGETS: 251009 # GETS misses
   mGETXIM: 166746 # GETX I->M misses
   mGETXSM: 5 # GETX S->M misses (upgrade misses)
   PUTS: 249858 # Clean evictions (from lower level)
   PUTX: 166496 # Dirty evictions (from lower level)
   INV: 23360 # Invalidates (from upper level)
   INVX: 31 # Downgrades (from upper level)
   FWD: 0 # Forwards (from upper level)
   latGETnl: 109233617 # GET request latency on next level
   latGETnet: 0 # GET request latency on network to next level
  l2-10: # Cache stats
   hGETS: 0 # GETS hits
   hGETX: 0 # GETX hits
   mGETS: 251008 # GETS misses
   mGETXIM: 166745 # GETX I->M misses
   mGETXSM: 6 # GETX S->M misses (upgrade misses)
   PUTS: 249856 # Clean evictions (from lower level)
   PUTX: 166497 # Dirty evictions (from lower level)
   INV: 24062 # Invalidates (from upper level)
   INVX: 9 # Downgrades (from upper level)
   FWD: 0 # Forwards (from upper level)
   latGETnl: 109230303 # GET request latency on next level
   latGETnet: 0 # GET request latency on network to next level
  l2-11: # Cache stats
   hGETS: 0 # GETS hits
   hGETX: 0 # GETX hits
   mGETS: 251028 # GETS misses
   mGETXIM: 166760 # GETX I->M misses
   mGETXSM: 12 # GETX S->M misses (upgrade misses)
   PUTS: 249863 # Clean evictions (from lower level)
   PUTX: 166513 # Dirty evictions (from lower level)
   INV: 27003 # Invalidates (from upper level)
   INVX: 16 # Downgrades (from upper level)
   FWD: 0 # Forwards (from upper level)
   latGETnl: 109234970 # GET request latency on next level
   latGETnet: 0 # GET request latency on network to next level
  l2-12: # Cache stats
   hGETS: 0 # GETS hits
   hGETX: 0 # GETX hits
   mGETS: 251010 # GETS misses
   mGETXIM: 166740 # GETX I->M misses
   mGETXSM: 5 # GETX S->M misses (upgrade misses)
   PUTS: 249857 # Clean evictions (from lower level)
   PUTX: 166495 # Dirty evictions (from lower level)
   INV: 32137 # Invalidates (from upper level)
   INVX: 15 # Downgrades (from upper level)
   FWD: 0 # Forwards (from upper level)
   latGETnl: 109228848 # GET request latency on next level
   latGETnet: 0 # GET request latency on network to next level
  l2-13: # Cache stats
   hGETS: 0 # GETS hits
   hGETX: 0 # GETX hits
   mGETS: 251014 # GETS misses
   mGETXIM: 166740 # GETX I->M misses
   mGETXSM: 6 # GETX S->M misses (upgrade misses)
   PUTS: 249858 # Clean evictions (from lower level)
   PUTX: 166496 # Dirty evictions (from lower level)
   INV: 23818 # Invalidates (from upper level)
   INVX: 7 # Downgrades (from upper level)
   FWD: 0 # Forwards (from upper level)
   latGETnl: 109227317 # GET request latency on next level
   latGETnet: 0 # GET request latency on network to next level
  l2-14: # Cache stats
   hGETS: 0 # GETS hits
   hGETX: 0 # GETX hits
   mGETS: 251008 # GETS misses
   mGETXIM: 166746 # GETX I->M misses
   mGETXSM: 5 # GETX S->M misses (upgrade misses)
   PUTS: 249856 # Clean evictions (from lower level)
   PUTX: 166496 # Dirty evictions (from lower level)
   INV: 23869 # Invalidates (from upper level)
   INVX: 2 # Downgrades (from upper level)
   FWD: 0 # Forwards (from upper level)
   latGETnl: 109225157 # GET request latency on next level
   latGETnet: 0 # GET request latency on network to next level
  l2-15: # Cache stats
   hGETS: 0 # GETS hits
   hGETX: 0 # GETX hits
   mGETS: 251010 # GETS misses
   mGETXIM: 166742 # GETX I->M misses
   mGETXSM: 4 # GETX S->M misses (upgrade misses)
   PUTS: 249855 # Clean evictions (from lower level)
   PUTX: 166499 # Dirty evictions (from lower level)
   INV: 23900 # Invalidates (from upper level)
   INVX: 9 # Downgrades (from upper level)
   FWD: 0 # Forwards (from upper level)
   latGETnl: 109227310 # GET request latency on next level
   latGETnet: 0 # GET request latency on network to next level
  l2-16: # Cache stats
   hGETS: 0 # GETS hits
   hGETX: 0 # GETX hits
   mGETS: 251014 # GETS misses
   mGETXIM: 166736 # GETX I->M misses
   mGETXSM: 6 # GETX S->M misses (upgrade misses)
   PUTS: 249857 # Clean evictions (from lower level)
   PUTX: 166496 # Dirty evictions (from lower level)
   INV: 30707 # Invalidates (from upper level)
   INVX: 3 # Downgrades (from upper level)
   FWD: 0 # Forwards (from upper level)
   latGETnl: 109226368 # GET request latency on next level
   latGETnet: 0 # GET request latency on network to next level
  l2-17: # Cache stats
   hGETS: 0 # GETS hits
   hGETX: 0 # GETX hits
   mGETS: 251138 # GETS misses
   mGETXIM: 166738 # GETX I->M misses
   mGETXSM: 15 # GETX S->M misses (upgrade misses)
   PUTS: 249898 # Clean evictions (from lower level)
   PUTX: 166509 # Dirty evictions (from lower level)
   INV: 33841 # Invalidates (from upper level)
   INVX: 6 # Downgrades (from upper level)
   FWD: 0 # Forwards (from upper level)
   latGETnl: 109248165 # GET request latency on next level
   latGETnet: 0 # GET request latency on network to next level
  l2-18: # Cache stats
   hGETS: 0 # GETS hits
   hGETX: 0 # GETX hits
   mGETS: 251008 # GETS misses
   mGETXIM: 166741 # GETX I->M misses
   mGETXSM: 4 # GETX S->M misses (upgrade misses)
   PUTS: 249857 # Clean evictions (from lower level)
   PUTX: 166497 # Dirty evictions (from lower level)
   INV: 46353 # Invalidates (from upper level)
   INVX: 1 # Downgrades (from upper level)
   FWD: 0 # Forwards (from upper level)
   latGETnl: 109224865 # GET request latency on next level
   latGETnet: 0 # GET request latency on network to next level
  l2-19: # Cache stats
   hGETS: 0 # GETS hits
   hGETX: 0 # GETX hits
   mGETS: 251001 # GETS misses
   mGETXIM: 166742 # GETX I->M misses
   mGETXSM: 4 # GETX S->M misses (upgrade misses)
   PUTS: 249856 # Clean evictions (from lower level)
   PUTX: 166497 # Dirty evictions (from lower level)
   INV: 23981 # Invalidates (from upper level)
   INVX: 1 # Downgrades (from upper level)
   FWD: 0 # Forwards (from upper level)
   latGETnl: 109224418 # GET request latency on next level
   latGETnet: 0 # GET request latency on network to next level
  l2-20: # Cache stats
   hGETS: 0 # GETS hits
   hGETX: 0 # GETX hits
   mGETS: 251014 # GETS misses
   mGETXIM: 166745 # GETX I->M misses
   mGETXSM: 5 # GETX S->M misses (upgrade misses)
   PUTS: 249857 # Clean evictions (from lower level)
   PUTX: 166496 # Dirty evictions (from lower level)
   INV: 23901 # Invalidates (from upper level)
   INVX: 2 # Downgrades (from upper level)
   FWD: 0 # Forwards (from upper level)
   latGETnl: 109224386 # GET request latency on next level
   latGETnet: 0 # GET request latency on network to next level
  l2-21: # Cache stats
   hGETS: 0 # GETS hits
   hGETX: 0 # GETX hits
   mGETS: 251014 # GETS misses
   mGETXIM: 166735 # GETX I->M misses
   mGETXSM: 5 # GETX S->M misses (upgrade misses)
   PUTS: 249857 # Clean evictions (from lower level)
   PUTX: 166496 # Dirty evictions (from lower level)
   INV: 47378 # Invalidates (from upper level)
   INVX: 1 # Downgrades (from upper level)
   FWD: 0 # Forwards (from upper level)
   latGETnl: 109225844 # GET request latency on next level
   latGETnet: 0 # GET request latency on network to next level
  l2-22: # Cache stats
   hGETS: 0 # GETS hits
   hGETX: 0 # GETX hits
   mGETS: 251009 # GETS misses
   mGETXIM: 166739 # GETX I->M misses
   mGETXSM: 4 # GETX S->M misses (upgrade misses)
   PUTS: 249857 # Clean evictions (from lower level)
   PUTX: 166497 # Dirty evictions (from lower level)
   INV: 31374 # Invalidates (from upper level)
   INVX: 1 # Downgrades (from upper level)
   FWD: 0 # Forwards (from upper level)
   latGETnl: 109224603 # GET request latency on next level
   latGETnet: 0 # GET request latency on network to next level
  l2-23: # Cache stats
   hGETS: 0 # GETS hits
   hGETX: 0 # GETX hits
   mGETS: 0 # GETS misses
   mGETXIM: 0 # GETX I->M misses
   mGETXSM: 0 # GETX S->M misses (upgrade misses)
   PUTS: 0 # Clean evictions (from lower level)
   PUTX: 0 # Dirty evictions (from lower level)
   INV: 0 # Invalidates (from upper level)
   INVX: 0 # Downgrades (from upper level)
   FWD: 0 # Forwards (from upper level)
   latGETnl: 0 # GET request latency on next level
   latGETnet: 0 # GET request latency on network to next level
 l3: # Cache stats
  l3-0b0: # Cache stats
   hGETS: 952 # GETS hits
   hGETX: 52 # GETX hits
   mGETS: 239690 # GETS misses
   mGETXIM: 159660 # GETX I->M misses
   mGETXSM: 0 # GETX S->M misses (upgrade misses)
   PUTS: 214188 # Clean evictions (from lower level)
   PUTX: 140874 # Dirty evictions (from lower level)
   INV: 0 # Invalidates (from upper level)
   INVX: 0 # Downgrades (from upper level)
   FWD: 0 # Forwards (from upper level)
   latGETnl: 89853750 # GET request latency on next level
   latGETnet: 0 # GET request latency on network to next level
  l3-0b1: # Cache stats
   hGETS: 961 # GETS hits
   hGETX: 48 # GETX hits
   mGETS: 239690 # GETS misses
   mGETXIM: 159922 # GETX I->M misses
   mGETXSM: 0 # GETX S->M misses (upgrade misses)
   PUTS: 213974 # Clean evictions (from lower level)
   PUTX: 141072 # Dirty evictions (from lower level)
   INV: 0 # Invalidates (from upper level)
   INVX: 0 # Downgrades (from upper level)
   FWD: 0 # Forwards (from upper level)
   latGETnl: 89912700 # GET request latency on next level
   latGETnet: 0 # GET request latency on network to next level
  l3-0b2: # Cache stats
   hGETS: 835 # GETS hits
   hGETX: 58 # GETX hits
   mGETS: 239689 # GETS misses
   mGETXIM: 159880 # GETX I->M misses
   mGETXSM: 0 # GETX S->M misses (upgrade misses)
   PUTS: 213718 # Clean evictions (from lower level)
   PUTX: 141316 # Dirty evictions (from lower level)
   INV: 0 # Invalidates (from upper level)
   INVX: 0 # Downgrades (from upper level)
   FWD: 0 # Forwards (from upper level)
   latGETnl: 89903025 # GET request latency on next level
   latGETnet: 0 # GET request latency on network to next level
  l3-0b3: # Cache stats
   hGETS: 989 # GETS hits
   hGETX: 79 # GETX hits
   mGETS: 239701 # GETS misses
   mGETXIM: 159704 # GETX I->M misses
   mGETXSM: 0 # GETX S->M misses (upgrade misses)
   PUTS: 214029 # Clean evictions (from lower level)
   PUTX: 141057 # Dirty evictions (from lower level)
   INV: 0 # Invalidates (from upper level)
   INVX: 0 # Downgrades (from upper level)
   FWD: 0 # Forwards (from upper level)
   latGETnl: 89866125 # GET request latency on next level
   latGETnet: 0 # GET request latency on network to next level
  l3-0b4: # Cache stats
   hGETS: 934 # GETS hits
   hGETX: 16 # GETX hits
   mGETS: 239674 # GETS misses
   mGETXIM: 159756 # GETX I->M misses
   mGETXSM: 0 # GETX S->M misses (upgrade misses)
   PUTS: 213967 # Clean evictions (from lower level)
   PUTX: 141001 # Dirty evictions (from lower level)
   INV: 0 # Invalidates (from upper level)
   INVX: 0 # Downgrades (from upper level)
   FWD: 0 # Forwards (from upper level)
   latGETnl: 89871750 # GET request latency on next level
   latGETnet: 0 # GET request latency on network to next level
  l3-0b5: # Cache stats
   hGETS: 991 # GETS hits
   hGETX: 6 # GETX hits
   mGETS: 239678 # GETS misses
   mGETXIM: 159952 # GETX I->M misses
   mGETXSM: 0 # GETX S->M misses (upgrade misses)
   PUTS: 213786 # Clean evictions (from lower level)
   PUTX: 141056 # Dirty evictions (from lower level)
   INV: 0 # Invalidates (from upper level)
   INVX: 0 # Downgrades (from upper level)
   FWD: 0 # Forwards (from upper level)
   latGETnl: 89916750 # GET request latency on next level
   latGETnet: 0 # GET request latency on network to next level
  l3-0b6: # Cache stats
   hGETS: 765 # GETS hits
   hGETX: 41 # GETX hits
   mGETS: 239682 # GETS misses
   mGETXIM: 159812 # GETX I->M misses
   mGETXSM: 0 # GETX S->M misses (upgrade misses)
   PUTS: 213683 # Clean evictions (from lower level)
   PUTX: 140792 # Dirty evictions (from lower level)
   INV: 0 # Invalidates (from upper level)
   INVX: 0 # Downgrades (from upper level)
   FWD: 0 # Forwards (from upper level)
   latGETnl: 89886150 # GET request latency on next level
   latGETnet: 0 # GET request latency on network to next level
  l3-0b7: # Cache stats
   hGETS: 1379 # GETS hits
   hGETX: 70 # GETX hits
   mGETS: 239692 # GETS misses
   mGETXIM: 159656 # GETX I->M misses
   mGETXSM: 0 # GETX S->M misses (upgrade misses)
   PUTS: 214396 # Clean evictions (from lower level)
   PUTX: 140927 # Dirty evictions (from lower level)
   INV: 0 # Invalidates (from upper level)
   INVX: 0 # Downgrades (from upper level)
   FWD: 0 # Forwards (from upper level)
   latGETnl: 89853300 # GET request latency on next level
   latGETnet: 0 # GET request latency on network to next level
  l3-0b8: # Cache stats
   hGETS: 845 # GETS hits
   hGETX: 56 # GETX hits
   mGETS: 239673 # GETS misses
   mGETXIM: 159846 # GETX I->M misses
   mGETXSM: 0 # GETX S->M misses (upgrade misses)
   PUTS: 213480 # Clean evictions (from lower level)
   PUTX: 141008 # Dirty evictions (from lower level)
   INV: 0 # Invalidates (from upper level)
   INVX: 0 # Downgrades (from upper level)
   FWD: 0 # Forwards (from upper level)
   latGETnl: 89891775 # GET request latency on next level
   latGETnet: 0 # GET request latency on network to next level
  l3-0b9: # Cache stats
   hGETS: 861 # GETS hits
   hGETX: 39 # GETX hits
   mGETS: 239675 # GETS misses
   mGETXIM: 159791 # GETX I->M misses
   mGETXSM: 0 # GETX S->M misses (upgrade misses)
   PUTS: 214049 # Clean evictions (from lower level)
   PUTX: 140917 # Dirty evictions (from lower level)
   INV: 0 # Invalidates (from upper level)
   INVX: 0 # Downgrades (from upper level)
   FWD: 0 # Forwards (from upper level)
   latGETnl: 89879850 # GET request latency on next level
   latGETnet: 0 # GET request latency on network to next level
  l3-0b10: # Cache stats
   hGETS: 1468 # GETS hits
   hGETX: 0 # GETX hits
   mGETS: 239666 # GETS misses
   mGETXIM: 159712 # GETX I->M misses
   mGETXSM: 0 # GETX S->M misses (upgrade misses)
   PUTS: 214422 # Clean evictions (from lower level)
   PUTX: 140819 # Dirty evictions (from lower level)
   INV: 0 # Invalidates (from upper level)
   INVX: 0 # Downgrades (from upper level)
   FWD: 0 # Forwards (from upper level)
   latGETnl: 89860050 # GET request latency on next level
   latGETnet: 0 # GET request latency on network to next level
  l3-0b11: # Cache stats
   hGETS: 839 # GETS hits
   hGETX: 9 # GETX hits
   mGETS: 239666 # GETS misses
   mGETXIM: 159874 # GETX I->M misses
   mGETXSM: 0 # GETX S->M misses (upgrade misses)
   PUTS: 213830 # Clean evictions (from lower level)
   PUTX: 140892 # Dirty evictions (from lower level)
   INV: 0 # Invalidates (from upper level)
   INVX: 0 # Downgrades (from upper level)
   FWD: 0 # Forwards (from upper level)
   latGETnl: 89896500 # GET request latency on next level
   latGETnet: 0 # GET request latency on network to next level
  l3-0b12: # Cache stats
   hGETS: 871 # GETS hits
   hGETX: 51 # GETX hits
   mGETS: 239673 # GETS misses
   mGETXIM: 159822 # GETX I->M misses
   mGETXSM: 0 # GETX S->M misses (upgrade misses)
   PUTS: 213582 # Clean evictions (from lower level)
   PUTX: 141052 # Dirty evictions (from lower level)
   INV: 0 # Invalidates (from upper level)
   INVX: 0 # Downgrades (from upper level)
   FWD: 0 # Forwards (from upper level)
   latGETnl: 89886375 # GET request latency on next level
   latGETnet: 0 # GET request latency on network to next level
  l3-0b13: # Cache stats
   hGETS: 827 # GETS hits
   hGETX: 46 # GETX hits
   mGETS: 239676 # GETS misses
   mGETXIM: 159757 # GETX I->M misses
   mGETXSM: 0 # GETX S->M misses (upgrade misses)
   PUTS: 213850 # Clean evictions (from lower level)
   PUTX: 140944 # Dirty evictions (from lower level)
   INV: 0 # Invalidates (from upper level)
   INVX: 0 # Downgrades (from upper level)
   FWD: 0 # Forwards (from upper level)
   latGETnl: 89872425 # GET request latency on next level
   latGETnet: 0 # GET request latency on network to next level
  l3-0b14: # Cache stats
   hGETS: 945 # GETS hits
   hGETX: 49 # GETX hits
   mGETS: 239691 # GETS misses
   mGETXIM: 159763 # GETX I->M misses
   mGETXSM: 0 # GETX S->M misses (upgrade misses)
   PUTS: 214152 # Clean evictions (from lower level)
   PUTX: 140942 # Dirty evictions (from lower level)
   INV: 0 # Invalidates (from upper level)
   INVX: 0 # Downgrades (from upper level)
   FWD: 0 # Forwards (from upper level)
   latGETnl: 89877150 # GET request latency on next level
   latGETnet: 0 # GET request latency on network to next level
  l3-0b15: # Cache stats
   hGETS: 893 # GETS hits
   hGETX: 60 # GETX hits
   mGETS: 239688 # GETS misses
   mGETXIM: 159875 # GETX I->M misses
   mGETXSM: 0 # GETX S->M misses (upgrade misses)
   PUTS: 213594 # Clean evictions (from lower level)
   PUTX: 141082 # Dirty evictions (from lower level)
   INV: 0 # Invalidates (from upper level)
   INVX: 0 # Downgrades (from upper level)
   FWD: 0 # Forwards (from upper level)
   latGETnl: 89901675 # GET request latency on next level
   latGETnet: 0 # GET request latency on network to next level
  l3-0b16: # Cache stats
   hGETS: 974 # GETS hits
   hGETX: 63 # GETX hits
   mGETS: 239612 # GETS misses
   mGETXIM: 159770 # GETX I->M misses
   mGETXSM: 0 # GETX S->M misses (upgrade misses)
   PUTS: 214205 # Clean evictions (from lower level)
   PUTX: 140882 # Dirty evictions (from lower level)
   INV: 0 # Invalidates (from upper level)
   INVX: 0 # Downgrades (from upper level)
   FWD: 0 # Forwards (from upper level)
   latGETnl: 89860950 # GET request latency on next level
   latGETnet: 0 # GET request latency on network to next level
  l3-0b17: # Cache stats
   hGETS: 346 # GETS hits
   hGETX: 41 # GETX hits
   mGETS: 239606 # GETS misses
   mGETXIM: 159565 # GETX I->M misses
   mGETXSM: 0 # GETX S->M misses (upgrade misses)
   PUTS: 213272 # Clean evictions (from lower level)
   PUTX: 140893 # Dirty evictions (from lower level)
   INV: 0 # Invalidates (from upper level)
   INVX: 0 # Downgrades (from upper level)
   FWD: 0 # Forwards (from upper level)
   latGETnl: 89813475 # GET request latency on next level
   latGETnet: 0 # GET request latency on network to next level
  l3-0b18: # Cache stats
   hGETS: 885 # GETS hits
   hGETX: 38 # GETX hits
   mGETS: 239593 # GETS misses
   mGETXIM: 159695 # GETX I->M misses
   mGETXSM: 0 # GETX S->M misses (upgrade misses)
   PUTS: 213973 # Clean evictions (from lower level)
   PUTX: 140644 # Dirty evictions (from lower level)
   INV: 0 # Invalidates (from upper level)
   INVX: 0 # Downgrades (from upper level)
   FWD: 0 # Forwards (from upper level)
   latGETnl: 89839800 # GET request latency on next level
   latGETnet: 0 # GET request latency on network to next level
  l3-0b19: # Cache stats
   hGETS: 867 # GETS hits
   hGETX: 74 # GETX hits
   mGETS: 239599 # GETS misses
   mGETXIM: 159698 # GETX I->M misses
   mGETXSM: 0 # GETX S->M misses (upgrade misses)
   PUTS: 213888 # Clean evictions (from lower level)
   PUTX: 140869 # Dirty evictions (from lower level)
   INV: 0 # Invalidates (from upper level)
   INVX: 0 # Downgrades (from upper level)
   FWD: 0 # Forwards (from upper level)
   latGETnl: 89841825 # GET request latency on next level
   latGETnet: 0 # GET request latency on network to next level
  l3-0b20: # Cache stats
   hGETS: 831 # GETS hits
   hGETX: 60 # GETX hits
   mGETS: 239596 # GETS misses
   mGETXIM: 159703 # GETX I->M misses
   mGETXSM: 0 # GETX S->M misses (upgrade misses)
   PUTS: 213892 # Clean evictions (from lower level)
   PUTX: 140835 # Dirty evictions (from lower level)
   INV: 0 # Invalidates (from upper level)
   INVX: 0 # Downgrades (from upper level)
   FWD: 0 # Forwards (from upper level)
   latGETnl: 89842275 # GET request latency on next level
   latGETnet: 0 # GET request latency on network to next level
  l3-0b21: # Cache stats
   hGETS: 881 # GETS hits
   hGETX: 67 # GETX hits
   mGETS: 239594 # GETS misses
   mGETXIM: 159571 # GETX I->M misses
   mGETXSM: 0 # GETX S->M misses (upgrade misses)
   PUTS: 213914 # Clean evictions (from lower level)
   PUTX: 140840 # Dirty evictions (from lower level)
   INV: 0 # Invalidates (from upper level)
   INVX: 0 # Downgrades (from upper level)
   FWD: 0 # Forwards (from upper level)
   latGETnl: 89812125 # GET request latency on next level
   latGETnet: 0 # GET request latency on network to next level
  l3-0b22: # Cache stats
   hGETS: 1007 # GETS hits
   hGETX: 40 # GETX hits
   mGETS: 239598 # GETS misses
   mGETXIM: 159702 # GETX I->M misses
   mGETXSM: 0 # GETX S->M misses (upgrade misses)
   PUTS: 213867 # Clean evictions (from lower level)
   PUTX: 141117 # Dirty evictions (from lower level)
   INV: 0 # Invalidates (from upper level)
   INVX: 0 # Downgrades (from upper level)
   FWD: 0 # Forwards (from upper level)
   latGETnl: 89842500 # GET request latency on next level
   latGETnet: 0 # GET request latency on network to next level
  l3-0b23: # Cache stats
   hGETS: 932 # GETS hits
   hGETX: 40 # GETX hits
   mGETS: 239599 # GETS misses
   mGETXIM: 159749 # GETX I->M misses
   mGETXSM: 0 # GETX S->M misses (upgrade misses)
   PUTS: 214150 # Clean evictions (from lower level)
   PUTX: 140817 # Dirty evictions (from lower level)
   INV: 0 # Invalidates (from upper level)
   INVX: 0 # Downgrades (from upper level)
   FWD: 0 # Forwards (from upper level)
   latGETnl: 89853300 # GET request latency on next level
   latGETnet: 0 # GET request latency on network to next level
 mem: # Memory controller stats
  mem-0: # Memory controller stats
   rd: 9574236 # Read requests
   wr: 3611118 # Write requests
   rdlat: 2195017644 # Total latency experienced by read requests
   wrlat: 828554577 # Total latency experienced by write requests
 sched: # Scheduler stats
  thCr: 25 # Threads created
  thFn: 25 # Threads finished
  schedEvs: 27 # Schedule events
  waitEvs: 3 # Wait events
  handoffEvs: 1 # Handoff events
  sleepEvs: 1 # Sleep events
  idlePhases: 0 # Phases with no thread active
  idlePeriods: 0 # Periods with no thread active
  occHist: # Occupancy histogram
   0: 0
   1: 36
   2: 0
   3: 2
   4: 2
   5: 1
   6: 1
   7: 0
   8: 1
   9: 0
   10: 0
   11: 0
   12: 1
   13: 0
   14: 1
   15: 0
   16: 0
   17: 1
   18: 0
   19: 0
   20: 1
   21: 0
   22: 1
   23: 287108
   24: 0
  rqSzHist: # Run queue size histogram
   0: 287126
   1: 30
   2: 0
   3: 0
   4: 0
   5: 0
   6: 0
   7: 0
   8: 0
   9: 0
   10: 0
   11: 0
   12: 0
   13: 0
   14: 0
   15: 0
   16: 0
   17: 0
   18: 0
   19: 0
   20: 0
   21: 0
   22: 0
   23: 0
   24: 0
 procCycles: # Per-process unhalted core cycles
  0: 6603636784
  1: 0
  2: 0
  3: 0
  4: 0
  5: 0
  6: 0
  7: 0
  8: 0
  9: 0
  10: 0
  11: 0
  12: 0
  13: 0
  14: 0
  15: 0
  16: 0
  17: 0
  18: 0
  19: 0
  20: 0
  21: 0
  22: 0
  23: 0
  24: 0
  25: 0
  26: 0
  27: 0
  28: 0
  29: 0
  30: 0
  31: 0
  32: 0
  33: 0
  34: 0
  35: 0
  36: 0
  37: 0
  38: 0
  39: 0
  40: 0
  41: 0
  42: 0
  43: 0
  44: 0
  45: 0
  46: 0
  47: 0
  48: 0
  49: 0
  50: 0
  51: 0
  52: 0
  53: 0
  54: 0
  55: 0
  56: 0
  57: 0
  58: 0
  59: 0
  60: 0
  61: 0
  62: 0
  63: 0
 procInstrs: # Per-process instructions
  0: 9844423604
  1: 0
  2: 0
  3: 0
  4: 0
  5: 0
  6: 0
  7: 0
  8: 0
  9: 0
  10: 0
  11: 0
  12: 0
  13: 0
  14: 0
  15: 0
  16: 0
  17: 0
  18: 0
  19: 0
  20: 0
  21: 0
  22: 0
  23: 0
  24: 0
  25: 0
  26: 0
  27: 0
  28: 0
  29: 0
  30: 0
  31: 0
  32: 0
  33: 0
  34: 0
  35: 0
  36: 0
  37: 0
  38: 0
  39: 0
  40: 0
  41: 0
  42: 0
  43: 0
  44: 0
  45: 0
  46: 0
  47: 0
  48: 0
  49: 0
  50: 0
  51: 0
  52: 0
  53: 0
  54: 0
  55: 0
  56: 0
  57: 0
  58: 0
  59: 0
  60: 0
  61: 0
  62: 0
  63: 0
 heartbeats: # Per-process heartbeats
  0: 0
  1: 0
  2: 0
  3: 0
  4: 0
  5: 0
  6: 0
  7: 0
  8: 0
  9: 0
  10: 0
  11: 0
  12: 0
  13: 0
  14: 0
  15: 0
  16: 0
  17: 0
  18: 0
  19: 0
  20: 0
  21: 0
  22: 0
  23: 0
  24: 0
  25: 0
  26: 0
  27: 0
  28: 0
  29: 0
  30: 0
  31: 0
  32: 0
  33: 0
  34: 0
  35: 0
  36: 0
  37: 0
  38: 0
  39: 0
  40: 0
  41: 0
  42: 0
  43: 0
  44: 0
  45: 0
  46: 0
  47: 0
  48: 0
  49: 0
  50: 0
  51: 0
  52: 0
  53: 0
  54: 0
  55: 0
  56: 0
  57: 0
  58: 0
  59: 0
  60: 0
  61: 0
  62: 0
  63: 0
===
