# zsim stats
===
root: # Stats
 contention: # Contention simulation stats
  domain-0: # Domain stats
   time: 6872776977 # Weave simulation time
 time: # Simulator time breakdown
  init: 3183880751
  bound: 66404897788
  weave: 8517928646
  ff: 1026928
 trigger: 20000 # Reason for this stats dump
 phase: 33450 # Simulated phases
 reqCycles: 0 # Requeue Cycles
 skylake: # Core stats
  skylake-0: # Core stats
   cycles: 33450185 # Simulated unhalted cycles
   cCycles: 4856155 # Cycles due to contention stalls
   instrs: 35990035 # Simulated instructions
   uops: 25085922 # issued micro-ops
   bbls: 11621993 # Basic blocks
   approxInstrs: 649950 # Instrs with approx uop decoding
   mispredBranches: 94592 # Mispredicted branches
   IdqNotDelivered: 28594030 # Stalls no uop delivered when no Bkend Stall
   IntMiscRecoveryCycles: 767931 # Stalls waiting machine clears
   uops executed: 25330016 # Executed microoperations
  skylake-1: # Core stats
   cycles: 33424069 # Simulated unhalted cycles
   cCycles: 4853013 # Cycles due to contention stalls
   instrs: 35995590 # Simulated instructions
   uops: 25089376 # issued micro-ops
   bbls: 11623936 # Basic blocks
   approxInstrs: 650065 # Instrs with approx uop decoding
   mispredBranches: 94583 # Mispredicted branches
   IdqNotDelivered: 28571056 # Stalls no uop delivered when no Bkend Stall
   IntMiscRecoveryCycles: 761499 # Stalls waiting machine clears
   uops executed: 25333519 # Executed microoperations
  skylake-2: # Core stats
   cycles: 33414342 # Simulated unhalted cycles
   cCycles: 4855757 # Cycles due to contention stalls
   instrs: 35985051 # Simulated instructions
   uops: 25081732 # issued micro-ops
   bbls: 11620609 # Basic blocks
   approxInstrs: 649881 # Instrs with approx uop decoding
   mispredBranches: 94553 # Mispredicted branches
   IdqNotDelivered: 28558585 # Stalls no uop delivered when no Bkend Stall
   IntMiscRecoveryCycles: 763164 # Stalls waiting machine clears
   uops executed: 25325821 # Executed microoperations
  skylake-3: # Core stats
   cycles: 33415185 # Simulated unhalted cycles
   cCycles: 4856060 # Cycles due to contention stalls
   instrs: 35989241 # Simulated instructions
   uops: 25084760 # issued micro-ops
   bbls: 11621922 # Basic blocks
   approxInstrs: 649959 # Instrs with approx uop decoding
   mispredBranches: 94560 # Mispredicted branches
   IdqNotDelivered: 28559125 # Stalls no uop delivered when no Bkend Stall
   IntMiscRecoveryCycles: 762360 # Stalls waiting machine clears
   uops executed: 25328857 # Executed microoperations
  skylake-4: # Core stats
   cycles: 33413328 # Simulated unhalted cycles
   cCycles: 4852896 # Cycles due to contention stalls
   instrs: 35995211 # Simulated instructions
   uops: 25088921 # issued micro-ops
   bbls: 11623853 # Basic blocks
   approxInstrs: 650063 # Instrs with approx uop decoding
   mispredBranches: 94579 # Mispredicted branches
   IdqNotDelivered: 28560432 # Stalls no uop delivered when no Bkend Stall
   IntMiscRecoveryCycles: 762027 # Stalls waiting machine clears
   uops executed: 25333010 # Executed microoperations
  skylake-5: # Core stats
   cycles: 33411185 # Simulated unhalted cycles
   cCycles: 4855109 # Cycles due to contention stalls
   instrs: 35989506 # Simulated instructions
   uops: 25084939 # issued micro-ops
   bbls: 11622008 # Basic blocks
   approxInstrs: 649965 # Instrs with approx uop decoding
   mispredBranches: 94562 # Mispredicted branches
   IdqNotDelivered: 28556076 # Stalls no uop delivered when no Bkend Stall
   IntMiscRecoveryCycles: 761167 # Stalls waiting machine clears
   uops executed: 25329004 # Executed microoperations
  skylake-6: # Core stats
   cycles: 33411186 # Simulated unhalted cycles
   cCycles: 4853469 # Cycles due to contention stalls
   instrs: 35994025 # Simulated instructions
   uops: 25087777 # issued micro-ops
   bbls: 11623537 # Basic blocks
   approxInstrs: 650051 # Instrs with approx uop decoding
   mispredBranches: 94568 # Mispredicted branches
   IdqNotDelivered: 28557717 # Stalls no uop delivered when no Bkend Stall
   IntMiscRecoveryCycles: 762536 # Stalls waiting machine clears
   uops executed: 25331914 # Executed microoperations
  skylake-7: # Core stats
   cycles: 33411185 # Simulated unhalted cycles
   cCycles: 4855617 # Cycles due to contention stalls
   instrs: 35988465 # Simulated instructions
   uops: 25084211 # issued micro-ops
   bbls: 11621673 # Basic blocks
   approxInstrs: 649944 # Instrs with approx uop decoding
   mispredBranches: 94559 # Mispredicted branches
   IdqNotDelivered: 28555568 # Stalls no uop delivered when no Bkend Stall
   IntMiscRecoveryCycles: 760700 # Stalls waiting machine clears
   uops executed: 25328299 # Executed microoperations
  skylake-8: # Core stats
   cycles: 33409971 # Simulated unhalted cycles
   cCycles: 4856257 # Cycles due to contention stalls
   instrs: 35988877 # Simulated instructions
   uops: 25084194 # issued micro-ops
   bbls: 11621873 # Basic blocks
   approxInstrs: 649960 # Instrs with approx uop decoding
   mispredBranches: 94555 # Mispredicted branches
   IdqNotDelivered: 28553714 # Stalls no uop delivered when no Bkend Stall
   IntMiscRecoveryCycles: 761749 # Stalls waiting machine clears
   uops executed: 25328297 # Executed microoperations
  skylake-9: # Core stats
   cycles: 33410029 # Simulated unhalted cycles
   cCycles: 4857477 # Cycles due to contention stalls
   instrs: 35986188 # Simulated instructions
   uops: 25082313 # issued micro-ops
   bbls: 11621008 # Basic blocks
   approxInstrs: 649907 # Instrs with approx uop decoding
   mispredBranches: 94548 # Mispredicted branches
   IdqNotDelivered: 28552552 # Stalls no uop delivered when no Bkend Stall
   IntMiscRecoveryCycles: 761779 # Stalls waiting machine clears
   uops executed: 25326394 # Executed microoperations
  skylake-10: # Core stats
   cycles: 33409878 # Simulated unhalted cycles
   cCycles: 4855907 # Cycles due to contention stalls
   instrs: 35988730 # Simulated instructions
   uops: 25084085 # issued micro-ops
   bbls: 11621828 # Basic blocks
   approxInstrs: 649953 # Instrs with approx uop decoding
   mispredBranches: 94554 # Mispredicted branches
   IdqNotDelivered: 28553971 # Stalls no uop delivered when no Bkend Stall
   IntMiscRecoveryCycles: 762692 # Stalls waiting machine clears
   uops executed: 25328186 # Executed microoperations
  skylake-11: # Core stats
   cycles: 33410235 # Simulated unhalted cycles
   cCycles: 4854605 # Cycles due to contention stalls
   instrs: 35990606 # Simulated instructions
   uops: 25085819 # issued micro-ops
   bbls: 11622211 # Basic blocks
   approxInstrs: 649964 # Instrs with approx uop decoding
   mispredBranches: 94569 # Mispredicted branches
   IdqNotDelivered: 28555630 # Stalls no uop delivered when no Bkend Stall
   IntMiscRecoveryCycles: 761558 # Stalls waiting machine clears
   uops executed: 25329988 # Executed microoperations
  skylake-12: # Core stats
   cycles: 33409151 # Simulated unhalted cycles
   cCycles: 4853634 # Cycles due to contention stalls
   instrs: 35994584 # Simulated instructions
   uops: 25088173 # issued micro-ops
   bbls: 11623718 # Basic blocks
   approxInstrs: 650058 # Instrs with approx uop decoding
   mispredBranches: 94572 # Mispredicted branches
   IdqNotDelivered: 28555517 # Stalls no uop delivered when no Bkend Stall
   IntMiscRecoveryCycles: 762074 # Stalls waiting machine clears
   uops executed: 25332299 # Executed microoperations
  skylake-13: # Core stats
   cycles: 33408971 # Simulated unhalted cycles
   cCycles: 4855802 # Cycles due to contention stalls
   instrs: 35988565 # Simulated instructions
   uops: 25083975 # issued micro-ops
   bbls: 11621773 # Basic blocks
   approxInstrs: 649953 # Instrs with approx uop decoding
   mispredBranches: 94554 # Mispredicted branches
   IdqNotDelivered: 28553169 # Stalls no uop delivered when no Bkend Stall
   IntMiscRecoveryCycles: 761367 # Stalls waiting machine clears
   uops executed: 25328076 # Executed microoperations
  skylake-14: # Core stats
   cycles: 33407970 # Simulated unhalted cycles
   cCycles: 4853542 # Cycles due to contention stalls
   instrs: 35993825 # Simulated instructions
   uops: 25087643 # issued micro-ops
   bbls: 11623471 # Basic blocks
   approxInstrs: 650051 # Instrs with approx uop decoding
   mispredBranches: 94568 # Mispredicted branches
   IdqNotDelivered: 28554428 # Stalls no uop delivered when no Bkend Stall
   IntMiscRecoveryCycles: 761440 # Stalls waiting machine clears
   uops executed: 25331780 # Executed microoperations
  skylake-15: # Core stats
   cycles: 33408237 # Simulated unhalted cycles
   cCycles: 4856091 # Cycles due to contention stalls
   instrs: 35988856 # Simulated instructions
   uops: 25084172 # issued micro-ops
   bbls: 11621870 # Basic blocks
   approxInstrs: 649954 # Instrs with approx uop decoding
   mispredBranches: 94555 # Mispredicted branches
   IdqNotDelivered: 28552146 # Stalls no uop delivered when no Bkend Stall
   IntMiscRecoveryCycles: 761017 # Stalls waiting machine clears
   uops executed: 25328271 # Executed microoperations
  skylake-16: # Core stats
   cycles: 33408236 # Simulated unhalted cycles
   cCycles: 4853456 # Cycles due to contention stalls
   instrs: 35994543 # Simulated instructions
   uops: 25088120 # issued micro-ops
   bbls: 11623708 # Basic blocks
   approxInstrs: 650056 # Instrs with approx uop decoding
   mispredBranches: 94564 # Mispredicted branches
   IdqNotDelivered: 28554780 # Stalls no uop delivered when no Bkend Stall
   IntMiscRecoveryCycles: 760803 # Stalls waiting machine clears
   uops executed: 25332292 # Executed microoperations
  skylake-17: # Core stats
   cycles: 33407970 # Simulated unhalted cycles
   cCycles: 4854371 # Cycles due to contention stalls
   instrs: 35972859 # Simulated instructions
   uops: 25074763 # issued micro-ops
   bbls: 11616092 # Basic blocks
   approxInstrs: 649566 # Instrs with approx uop decoding
   mispredBranches: 94604 # Mispredicted branches
   IdqNotDelivered: 28553599 # Stalls no uop delivered when no Bkend Stall
   IntMiscRecoveryCycles: 764839 # Stalls waiting machine clears
   uops executed: 25318835 # Executed microoperations
  skylake-18: # Core stats
   cycles: 33407021 # Simulated unhalted cycles
   cCycles: 4855908 # Cycles due to contention stalls
   instrs: 35988475 # Simulated instructions
   uops: 25083906 # issued micro-ops
   bbls: 11621747 # Basic blocks
   approxInstrs: 649947 # Instrs with approx uop decoding
   mispredBranches: 94554 # Mispredicted branches
   IdqNotDelivered: 28551113 # Stalls no uop delivered when no Bkend Stall
   IntMiscRecoveryCycles: 761397 # Stalls waiting machine clears
   uops executed: 25328002 # Executed microoperations
  skylake-19: # Core stats
   cycles: 33406971 # Simulated unhalted cycles
   cCycles: 4855882 # Cycles due to contention stalls
   instrs: 35988679 # Simulated instructions
   uops: 25084051 # issued micro-ops
   bbls: 11621811 # Basic blocks
   approxInstrs: 649953 # Instrs with approx uop decoding
   mispredBranches: 94554 # Mispredicted branches
   IdqNotDelivered: 28551089 # Stalls no uop delivered when no Bkend Stall
   IntMiscRecoveryCycles: 761203 # Stalls waiting machine clears
   uops executed: 25328152 # Executed microoperations
  skylake-20: # Core stats
   cycles: 33405971 # Simulated unhalted cycles
   cCycles: 4854066 # Cycles due to contention stalls
   instrs: 35991235 # Simulated instructions
   uops: 25085836 # issued micro-ops
   bbls: 11622635 # Basic blocks
   approxInstrs: 650002 # Instrs with approx uop decoding
   mispredBranches: 94561 # Mispredicted branches
   IdqNotDelivered: 28551905 # Stalls no uop delivered when no Bkend Stall
   IntMiscRecoveryCycles: 760990 # Stalls waiting machine clears
   uops executed: 25329955 # Executed microoperations
  skylake-21: # Core stats
   cycles: 33406186 # Simulated unhalted cycles
   cCycles: 4855697 # Cycles due to contention stalls
   instrs: 35986992 # Simulated instructions
   uops: 25082881 # issued micro-ops
   bbls: 11621264 # Basic blocks
   approxInstrs: 649927 # Instrs with approx uop decoding
   mispredBranches: 94550 # Mispredicted branches
   IdqNotDelivered: 28550489 # Stalls no uop delivered when no Bkend Stall
   IntMiscRecoveryCycles: 761187 # Stalls waiting machine clears
   uops executed: 25326972 # Executed microoperations
  skylake-22: # Core stats
   cycles: 33406281 # Simulated unhalted cycles
   cCycles: 4852046 # Cycles due to contention stalls
   instrs: 35994564 # Simulated instructions
   uops: 25088146 # issued micro-ops
   bbls: 11623713 # Basic blocks
   approxInstrs: 650057 # Instrs with approx uop decoding
   mispredBranches: 94564 # Mispredicted branches
   IdqNotDelivered: 28554235 # Stalls no uop delivered when no Bkend Stall
   IntMiscRecoveryCycles: 760988 # Stalls waiting machine clears
   uops executed: 25332314 # Executed microoperations
  skylake-23: # Core stats
   cycles: 0 # Simulated unhalted cycles
   cCycles: 0 # Cycles due to contention stalls
   instrs: 0 # Simulated instructions
   uops: 0 # issued micro-ops
   bbls: 0 # Basic blocks
   approxInstrs: 0 # Instrs with approx uop decoding
   mispredBranches: 0 # Mispredicted branches
   IdqNotDelivered: 0 # Stalls no uop delivered when no Bkend Stall
   IntMiscRecoveryCycles: 0 # Stalls waiting machine clears
   uops executed: 0 # Executed microoperations
 l1d: # Cache stats
  l1d-0: # Filter cache stats
   fhGETS: 809817 # Filtered GETS hits
   fhGETX: 393658 # Filtered GETX hits
   hGETS: 8022 # GETS hits
   hGETX: 12480 # GETX hits
   mGETS: 250214 # GETS misses
   mGETXIM: 27868 # GETX I->M misses
   mGETXSM: 8 # GETX S->M misses (upgrade misses)
   PUTS: 0 # Clean evictions (from lower level)
   PUTX: 0 # Dirty evictions (from lower level)
   INV: 90 # Invalidates (from upper level)
   INVX: 88 # Downgrades (from upper level)
   FWD: 0 # Forwards (from upper level)
   latGETnl: 75604618 # GET request latency on next level
   latGETnet: 0 # GET request latency on network to next level
  l1d-1: # Filter cache stats
   fhGETS: 809732 # Filtered GETS hits
   fhGETX: 393581 # Filtered GETX hits
   hGETS: 7955 # GETS hits
   hGETX: 12448 # GETX hits
   mGETS: 250219 # GETS misses
   mGETXIM: 27844 # GETX I->M misses
   mGETXSM: 8 # GETX S->M misses (upgrade misses)
   PUTS: 0 # Clean evictions (from lower level)
   PUTX: 0 # Dirty evictions (from lower level)
   INV: 78 # Invalidates (from upper level)
   INVX: 47 # Downgrades (from upper level)
   FWD: 0 # Forwards (from upper level)
   latGETnl: 75596019 # GET request latency on next level
   latGETnet: 0 # GET request latency on network to next level
  l1d-2: # Filter cache stats
   fhGETS: 809362 # Filtered GETS hits
   fhGETX: 393393 # Filtered GETX hits
   hGETS: 7916 # GETS hits
   hGETX: 12416 # GETX hits
   mGETS: 250141 # GETS misses
   mGETXIM: 27826 # GETX I->M misses
   mGETXSM: 7 # GETX S->M misses (upgrade misses)
   PUTS: 0 # Clean evictions (from lower level)
   PUTX: 0 # Dirty evictions (from lower level)
   INV: 56 # Invalidates (from upper level)
   INVX: 7 # Downgrades (from upper level)
   FWD: 0 # Forwards (from upper level)
   latGETnl: 75567133 # GET request latency on next level
   latGETnet: 0 # GET request latency on network to next level
  l1d-3: # Filter cache stats
   fhGETS: 809493 # Filtered GETS hits
   fhGETX: 393456 # Filtered GETX hits
   hGETS: 7954 # GETS hits
   hGETX: 12445 # GETX hits
   mGETS: 250170 # GETS misses
   mGETXIM: 27834 # GETX I->M misses
   mGETXSM: 9 # GETX S->M misses (upgrade misses)
   PUTS: 0 # Clean evictions (from lower level)
   PUTX: 0 # Dirty evictions (from lower level)
   INV: 70 # Invalidates (from upper level)
   INVX: 32 # Downgrades (from upper level)
   FWD: 0 # Forwards (from upper level)
   latGETnl: 75578865 # GET request latency on next level
   latGETnet: 0 # GET request latency on network to next level
  l1d-4: # Filter cache stats
   fhGETS: 809630 # Filtered GETS hits
   fhGETX: 393515 # Filtered GETX hits
   hGETS: 7953 # GETS hits
   hGETX: 12452 # GETX hits
   mGETS: 250211 # GETS misses
   mGETXIM: 27837 # GETX I->M misses
   mGETXSM: 7 # GETX S->M misses (upgrade misses)
   PUTS: 0 # Clean evictions (from lower level)
   PUTX: 0 # Dirty evictions (from lower level)
   INV: 68 # Invalidates (from upper level)
   INVX: 17 # Downgrades (from upper level)
   FWD: 0 # Forwards (from upper level)
   latGETnl: 75588307 # GET request latency on next level
   latGETnet: 0 # GET request latency on network to next level
  l1d-5: # Filter cache stats
   fhGETS: 809508 # Filtered GETS hits
   fhGETX: 393465 # Filtered GETX hits
   hGETS: 7947 # GETS hits
   hGETX: 12436 # GETX hits
   mGETS: 250170 # GETS misses
   mGETXIM: 27837 # GETX I->M misses
   mGETXSM: 6 # GETX S->M misses (upgrade misses)
   PUTS: 0 # Clean evictions (from lower level)
   PUTX: 0 # Dirty evictions (from lower level)
   INV: 71 # Invalidates (from upper level)
   INVX: 18 # Downgrades (from upper level)
   FWD: 0 # Forwards (from upper level)
   latGETnl: 75575463 # GET request latency on next level
   latGETnet: 0 # GET request latency on network to next level
  l1d-6: # Filter cache stats
   fhGETS: 809464 # Filtered GETS hits
   fhGETX: 393428 # Filtered GETX hits
   hGETS: 7931 # GETS hits
   hGETX: 12428 # GETX hits
   mGETS: 250189 # GETS misses
   mGETXIM: 27829 # GETX I->M misses
   mGETXSM: 7 # GETX S->M misses (upgrade misses)
   PUTS: 0 # Clean evictions (from lower level)
   PUTX: 0 # Dirty evictions (from lower level)
   INV: 54 # Invalidates (from upper level)
   INVX: 7 # Downgrades (from upper level)
   FWD: 0 # Forwards (from upper level)
   latGETnl: 75582931 # GET request latency on next level
   latGETnet: 0 # GET request latency on network to next level
  l1d-7: # Filter cache stats
   fhGETS: 809490 # Filtered GETS hits
   fhGETX: 393456 # Filtered GETX hits
   hGETS: 7936 # GETS hits
   hGETX: 12437 # GETX hits
   mGETS: 250164 # GETS misses
   mGETXIM: 27831 # GETX I->M misses
   mGETXSM: 7 # GETX S->M misses (upgrade misses)
   PUTS: 0 # Clean evictions (from lower level)
   PUTX: 0 # Dirty evictions (from lower level)
   INV: 68 # Invalidates (from upper level)
   INVX: 17 # Downgrades (from upper level)
   FWD: 0 # Forwards (from upper level)
   latGETnl: 75573877 # GET request latency on next level
   latGETnet: 0 # GET request latency on network to next level
  l1d-8: # Filter cache stats
   fhGETS: 809361 # Filtered GETS hits
   fhGETX: 393375 # Filtered GETX hits
   hGETS: 7920 # GETS hits
   hGETX: 12429 # GETX hits
   mGETS: 250155 # GETS misses
   mGETXIM: 27823 # GETX I->M misses
   mGETXSM: 5 # GETX S->M misses (upgrade misses)
   PUTS: 0 # Clean evictions (from lower level)
   PUTX: 0 # Dirty evictions (from lower level)
   INV: 52 # Invalidates (from upper level)
   INVX: 19 # Downgrades (from upper level)
   FWD: 0 # Forwards (from upper level)
   latGETnl: 75575262 # GET request latency on next level
   latGETnet: 0 # GET request latency on network to next level
  l1d-9: # Filter cache stats
   fhGETS: 809288 # Filtered GETS hits
   fhGETX: 393347 # Filtered GETX hits
   hGETS: 7930 # GETS hits
   hGETX: 12417 # GETX hits
   mGETS: 250130 # GETS misses
   mGETXIM: 27826 # GETX I->M misses
   mGETXSM: 6 # GETX S->M misses (upgrade misses)
   PUTS: 0 # Clean evictions (from lower level)
   PUTX: 0 # Dirty evictions (from lower level)
   INV: 56 # Invalidates (from upper level)
   INVX: 5 # Downgrades (from upper level)
   FWD: 0 # Forwards (from upper level)
   latGETnl: 75564530 # GET request latency on next level
   latGETnet: 0 # GET request latency on network to next level
  l1d-10: # Filter cache stats
   fhGETS: 809341 # Filtered GETS hits
   fhGETX: 393367 # Filtered GETX hits
   hGETS: 7931 # GETS hits
   hGETX: 12434 # GETX hits
   mGETS: 250152 # GETS misses
   mGETXIM: 27822 # GETX I->M misses
   mGETXSM: 5 # GETX S->M misses (upgrade misses)
   PUTS: 0 # Clean evictions (from lower level)
   PUTX: 0 # Dirty evictions (from lower level)
   INV: 51 # Invalidates (from upper level)
   INVX: 8 # Downgrades (from upper level)
   FWD: 0 # Forwards (from upper level)
   latGETnl: 75571994 # GET request latency on next level
   latGETnet: 0 # GET request latency on network to next level
  l1d-11: # Filter cache stats
   fhGETS: 809613 # Filtered GETS hits
   fhGETX: 393528 # Filtered GETX hits
   hGETS: 8004 # GETS hits
   hGETX: 12428 # GETX hits
   mGETS: 250169 # GETS misses
   mGETXIM: 27848 # GETX I->M misses
   mGETXSM: 12 # GETX S->M misses (upgrade misses)
   PUTS: 0 # Clean evictions (from lower level)
   PUTX: 0 # Dirty evictions (from lower level)
   INV: 68 # Invalidates (from upper level)
   INVX: 23 # Downgrades (from upper level)
   FWD: 0 # Forwards (from upper level)
   latGETnl: 75581558 # GET request latency on next level
   latGETnet: 0 # GET request latency on network to next level
  l1d-12: # Filter cache stats
   fhGETS: 809489 # Filtered GETS hits
   fhGETX: 393438 # Filtered GETX hits
   hGETS: 7922 # GETS hits
   hGETX: 12427 # GETX hits
   mGETS: 250192 # GETS misses
   mGETXIM: 27828 # GETX I->M misses
   mGETXSM: 5 # GETX S->M misses (upgrade misses)
   PUTS: 0 # Clean evictions (from lower level)
   PUTX: 0 # Dirty evictions (from lower level)
   INV: 54 # Invalidates (from upper level)
   INVX: 11 # Downgrades (from upper level)
   FWD: 0 # Forwards (from upper level)
   latGETnl: 75584140 # GET request latency on next level
   latGETnet: 0 # GET request latency on network to next level
  l1d-13: # Filter cache stats
   fhGETS: 809349 # Filtered GETS hits
   fhGETX: 393368 # Filtered GETX hits
   hGETS: 7923 # GETS hits
   hGETX: 12432 # GETX hits
   mGETS: 250152 # GETS misses
   mGETXIM: 27822 # GETX I->M misses
   mGETXSM: 6 # GETX S->M misses (upgrade misses)
   PUTS: 0 # Clean evictions (from lower level)
   PUTX: 0 # Dirty evictions (from lower level)
   INV: 52 # Invalidates (from upper level)
   INVX: 2 # Downgrades (from upper level)
   FWD: 0 # Forwards (from upper level)
   latGETnl: 75570298 # GET request latency on next level
   latGETnet: 0 # GET request latency on network to next level
  l1d-14: # Filter cache stats
   fhGETS: 809480 # Filtered GETS hits
   fhGETX: 393435 # Filtered GETX hits
   hGETS: 7915 # GETS hits
   hGETX: 12420 # GETX hits
   mGETS: 250188 # GETS misses
   mGETXIM: 27831 # GETX I->M misses
   mGETXSM: 6 # GETX S->M misses (upgrade misses)
   PUTS: 0 # Clean evictions (from lower level)
   PUTX: 0 # Dirty evictions (from lower level)
   INV: 54 # Invalidates (from upper level)
   INVX: 2 # Downgrades (from upper level)
   FWD: 0 # Forwards (from upper level)
   latGETnl: 75581610 # GET request latency on next level
   latGETnet: 0 # GET request latency on network to next level
  l1d-15: # Filter cache stats
   fhGETS: 809353 # Filtered GETS hits
   fhGETX: 393379 # Filtered GETX hits
   hGETS: 7924 # GETS hits
   hGETX: 12415 # GETX hits
   mGETS: 250149 # GETS misses
   mGETXIM: 27828 # GETX I->M misses
   mGETXSM: 6 # GETX S->M misses (upgrade misses)
   PUTS: 0 # Clean evictions (from lower level)
   PUTX: 0 # Dirty evictions (from lower level)
   INV: 55 # Invalidates (from upper level)
   INVX: 3 # Downgrades (from upper level)
   FWD: 0 # Forwards (from upper level)
   latGETnl: 75569525 # GET request latency on next level
   latGETnet: 0 # GET request latency on network to next level
  l1d-16: # Filter cache stats
   fhGETS: 809460 # Filtered GETS hits
   fhGETX: 393417 # Filtered GETX hits
   hGETS: 7940 # GETS hits
   hGETX: 12444 # GETX hits
   mGETS: 250189 # GETS misses
   mGETXIM: 27827 # GETX I->M misses
   mGETXSM: 4 # GETX S->M misses (upgrade misses)
   PUTS: 0 # Clean evictions (from lower level)
   PUTX: 0 # Dirty evictions (from lower level)
   INV: 52 # Invalidates (from upper level)
   INVX: 11 # Downgrades (from upper level)
   FWD: 0 # Forwards (from upper level)
   latGETnl: 75584370 # GET request latency on next level
   latGETnet: 0 # GET request latency on network to next level
  l1d-17: # Filter cache stats
   fhGETS: 810248 # Filtered GETS hits
   fhGETX: 393687 # Filtered GETX hits
   hGETS: 8246 # GETS hits
   hGETX: 12479 # GETX hits
   mGETS: 250080 # GETS misses
   mGETXIM: 27817 # GETX I->M misses
   mGETXSM: 17 # GETX S->M misses (upgrade misses)
   PUTS: 0 # Clean evictions (from lower level)
   PUTX: 0 # Dirty evictions (from lower level)
   INV: 54 # Invalidates (from upper level)
   INVX: 2 # Downgrades (from upper level)
   FWD: 0 # Forwards (from upper level)
   latGETnl: 75540326 # GET request latency on next level
   latGETnet: 0 # GET request latency on network to next level
  l1d-18: # Filter cache stats
   fhGETS: 809327 # Filtered GETS hits
   fhGETX: 393361 # Filtered GETX hits
   hGETS: 7943 # GETS hits
   hGETX: 12430 # GETX hits
   mGETS: 250145 # GETS misses
   mGETXIM: 27827 # GETX I->M misses
   mGETXSM: 5 # GETX S->M misses (upgrade misses)
   PUTS: 0 # Clean evictions (from lower level)
   PUTX: 0 # Dirty evictions (from lower level)
   INV: 54 # Invalidates (from upper level)
   INVX: 2 # Downgrades (from upper level)
   FWD: 0 # Forwards (from upper level)
   latGETnl: 75568526 # GET request latency on next level
   latGETnet: 0 # GET request latency on network to next level
  l1d-19: # Filter cache stats
   fhGETS: 809355 # Filtered GETS hits
   fhGETX: 393374 # Filtered GETX hits
   hGETS: 7920 # GETS hits
   hGETX: 12421 # GETX hits
   mGETS: 250149 # GETS misses
   mGETXIM: 27828 # GETX I->M misses
   mGETXSM: 5 # GETX S->M misses (upgrade misses)
   PUTS: 0 # Clean evictions (from lower level)
   PUTX: 0 # Dirty evictions (from lower level)
   INV: 55 # Invalidates (from upper level)
   INVX: 2 # Downgrades (from upper level)
   FWD: 0 # Forwards (from upper level)
   latGETnl: 75569886 # GET request latency on next level
   latGETnet: 0 # GET request latency on network to next level
  l1d-20: # Filter cache stats
   fhGETS: 809419 # Filtered GETS hits
   fhGETX: 393405 # Filtered GETX hits
   hGETS: 7919 # GETS hits
   hGETX: 12421 # GETX hits
   mGETS: 250166 # GETS misses
   mGETXIM: 27829 # GETX I->M misses
   mGETXSM: 5 # GETX S->M misses (upgrade misses)
   PUTS: 0 # Clean evictions (from lower level)
   PUTX: 0 # Dirty evictions (from lower level)
   INV: 53 # Invalidates (from upper level)
   INVX: 2 # Downgrades (from upper level)
   FWD: 0 # Forwards (from upper level)
   latGETnl: 75575457 # GET request latency on next level
   latGETnet: 0 # GET request latency on network to next level
  l1d-21: # Filter cache stats
   fhGETS: 809314 # Filtered GETS hits
   fhGETX: 393355 # Filtered GETX hits
   hGETS: 7922 # GETS hits
   hGETX: 12428 # GETX hits
   mGETS: 250144 # GETS misses
   mGETXIM: 27821 # GETX I->M misses
   mGETXSM: 6 # GETX S->M misses (upgrade misses)
   PUTS: 0 # Clean evictions (from lower level)
   PUTX: 0 # Dirty evictions (from lower level)
   INV: 53 # Invalidates (from upper level)
   INVX: 2 # Downgrades (from upper level)
   FWD: 0 # Forwards (from upper level)
   latGETnl: 75567597 # GET request latency on next level
   latGETnet: 0 # GET request latency on network to next level
  l1d-22: # Filter cache stats
   fhGETS: 809483 # Filtered GETS hits
   fhGETX: 393432 # Filtered GETX hits
   hGETS: 7921 # GETS hits
   hGETX: 12435 # GETX hits
   mGETS: 250194 # GETS misses
   mGETXIM: 27823 # GETX I->M misses
   mGETXSM: 4 # GETX S->M misses (upgrade misses)
   PUTS: 0 # Clean evictions (from lower level)
   PUTX: 0 # Dirty evictions (from lower level)
   INV: 50 # Invalidates (from upper level)
   INVX: 1 # Downgrades (from upper level)
   FWD: 0 # Forwards (from upper level)
   latGETnl: 75582941 # GET request latency on next level
   latGETnet: 0 # GET request latency on network to next level
  l1d-23: # Filter cache stats
   fhGETS: 0 # Filtered GETS hits
   fhGETX: 0 # Filtered GETX hits
   hGETS: 0 # GETS hits
   hGETX: 0 # GETX hits
   mGETS: 0 # GETS misses
   mGETXIM: 0 # GETX I->M misses
   mGETXSM: 0 # GETX S->M misses (upgrade misses)
   PUTS: 0 # Clean evictions (from lower level)
   PUTX: 0 # Dirty evictions (from lower level)
   INV: 0 # Invalidates (from upper level)
   INVX: 0 # Downgrades (from upper level)
   FWD: 0 # Forwards (from upper level)
   latGETnl: 0 # GET request latency on next level
   latGETnet: 0 # GET request latency on network to next level
 l1i: # Cache stats
  l1i-0: # Filter cache stats
   fhGETS: 12160625 # Filtered GETS hits
   fhGETX: 0 # Filtered GETX hits
   hGETS: 11139 # GETS hits
   hGETX: 0 # GETX hits
   mGETS: 689 # GETS misses
   mGETXIM: 0 # GETX I->M misses
   mGETXSM: 0 # GETX S->M misses (upgrade misses)
   PUTS: 0 # Clean evictions (from lower level)
   PUTX: 0 # Dirty evictions (from lower level)
   INV: 665 # Invalidates (from upper level)
   INVX: 0 # Downgrades (from upper level)
   FWD: 0 # Forwards (from upper level)
   latGETnl: 67933 # GET request latency on next level
   latGETnet: 0 # GET request latency on network to next level
  l1i-1: # Filter cache stats
   fhGETS: 12162722 # Filtered GETS hits
   fhGETX: 0 # Filtered GETX hits
   hGETS: 11136 # GETS hits
   hGETX: 0 # GETX hits
   mGETS: 609 # GETS misses
   mGETXIM: 0 # GETX I->M misses
   mGETXSM: 0 # GETX S->M misses (upgrade misses)
   PUTS: 0 # Clean evictions (from lower level)
   PUTX: 0 # Dirty evictions (from lower level)
   INV: 585 # Invalidates (from upper level)
   INVX: 0 # Downgrades (from upper level)
   FWD: 0 # Forwards (from upper level)
   latGETnl: 38523 # GET request latency on next level
   latGETnet: 0 # GET request latency on network to next level
  l1i-2: # Filter cache stats
   fhGETS: 12159200 # Filtered GETS hits
   fhGETX: 0 # Filtered GETX hits
   hGETS: 11132 # GETS hits
   hGETX: 0 # GETX hits
   mGETS: 632 # GETS misses
   mGETXIM: 0 # GETX I->M misses
   mGETXSM: 0 # GETX S->M misses (upgrade misses)
   PUTS: 0 # Clean evictions (from lower level)
   PUTX: 0 # Dirty evictions (from lower level)
   INV: 608 # Invalidates (from upper level)
   INVX: 0 # Downgrades (from upper level)
   FWD: 0 # Forwards (from upper level)
   latGETnl: 40729 # GET request latency on next level
   latGETnet: 0 # GET request latency on network to next level
  l1i-3: # Filter cache stats
   fhGETS: 12160631 # Filtered GETS hits
   fhGETX: 0 # Filtered GETX hits
   hGETS: 11123 # GETS hits
   hGETX: 0 # GETX hits
   mGETS: 599 # GETS misses
   mGETXIM: 0 # GETX I->M misses
   mGETXSM: 0 # GETX S->M misses (upgrade misses)
   PUTS: 0 # Clean evictions (from lower level)
   PUTX: 0 # Dirty evictions (from lower level)
   INV: 577 # Invalidates (from upper level)
   INVX: 0 # Downgrades (from upper level)
   FWD: 0 # Forwards (from upper level)
   latGETnl: 32653 # GET request latency on next level
   latGETnet: 0 # GET request latency on network to next level
  l1i-4: # Filter cache stats
   fhGETS: 12162664 # Filtered GETS hits
   fhGETX: 0 # Filtered GETX hits
   hGETS: 11123 # GETS hits
   hGETX: 0 # GETX hits
   mGETS: 612 # GETS misses
   mGETXIM: 0 # GETX I->M misses
   mGETXSM: 0 # GETX S->M misses (upgrade misses)
   PUTS: 0 # Clean evictions (from lower level)
   PUTX: 0 # Dirty evictions (from lower level)
   INV: 580 # Invalidates (from upper level)
   INVX: 0 # Downgrades (from upper level)
   FWD: 0 # Forwards (from upper level)
   latGETnl: 31014 # GET request latency on next level
   latGETnet: 0 # GET request latency on network to next level
  l1i-5: # Filter cache stats
   fhGETS: 12160731 # Filtered GETS hits
   fhGETX: 0 # Filtered GETX hits
   hGETS: 11120 # GETS hits
   hGETX: 0 # GETX hits
   mGETS: 604 # GETS misses
   mGETXIM: 0 # GETX I->M misses
   mGETXSM: 0 # GETX S->M misses (upgrade misses)
   PUTS: 0 # Clean evictions (from lower level)
   PUTX: 0 # Dirty evictions (from lower level)
   INV: 580 # Invalidates (from upper level)
   INVX: 0 # Downgrades (from upper level)
   FWD: 0 # Forwards (from upper level)
   latGETnl: 28838 # GET request latency on next level
   latGETnet: 0 # GET request latency on network to next level
  l1i-6: # Filter cache stats
   fhGETS: 12162294 # Filtered GETS hits
   fhGETX: 0 # Filtered GETX hits
   hGETS: 11120 # GETS hits
   hGETX: 0 # GETX hits
   mGETS: 580 # GETS misses
   mGETXIM: 0 # GETX I->M misses
   mGETXSM: 0 # GETX S->M misses (upgrade misses)
   PUTS: 0 # Clean evictions (from lower level)
   PUTX: 0 # Dirty evictions (from lower level)
   INV: 556 # Invalidates (from upper level)
   INVX: 0 # Downgrades (from upper level)
   FWD: 0 # Forwards (from upper level)
   latGETnl: 31760 # GET request latency on next level
   latGETnet: 0 # GET request latency on network to next level
  l1i-7: # Filter cache stats
   fhGETS: 12160360 # Filtered GETS hits
   fhGETX: 0 # Filtered GETX hits
   hGETS: 11119 # GETS hits
   hGETX: 0 # GETX hits
   mGETS: 607 # GETS misses
   mGETXIM: 0 # GETX I->M misses
   mGETXSM: 0 # GETX S->M misses (upgrade misses)
   PUTS: 0 # Clean evictions (from lower level)
   PUTX: 0 # Dirty evictions (from lower level)
   INV: 583 # Invalidates (from upper level)
   INVX: 0 # Downgrades (from upper level)
   FWD: 0 # Forwards (from upper level)
   latGETnl: 28529 # GET request latency on next level
   latGETnet: 0 # GET request latency on network to next level
  l1i-8: # Filter cache stats
   fhGETS: 12160575 # Filtered GETS hits
   fhGETX: 0 # Filtered GETX hits
   hGETS: 11120 # GETS hits
   hGETX: 0 # GETX hits
   mGETS: 591 # GETS misses
   mGETXIM: 0 # GETX I->M misses
   mGETXSM: 0 # GETX S->M misses (upgrade misses)
   PUTS: 0 # Clean evictions (from lower level)
   PUTX: 0 # Dirty evictions (from lower level)
   INV: 567 # Invalidates (from upper level)
   INVX: 0 # Downgrades (from upper level)
   FWD: 0 # Forwards (from upper level)
   latGETnl: 30927 # GET request latency on next level
   latGETnet: 0 # GET request latency on network to next level
  l1i-9: # Filter cache stats
   fhGETS: 12159643 # Filtered GETS hits
   fhGETX: 0 # Filtered GETX hits
   hGETS: 11120 # GETS hits
   hGETX: 0 # GETX hits
   mGETS: 586 # GETS misses
   mGETXIM: 0 # GETX I->M misses
   mGETXSM: 0 # GETX S->M misses (upgrade misses)
   PUTS: 0 # Clean evictions (from lower level)
   PUTX: 0 # Dirty evictions (from lower level)
   INV: 562 # Invalidates (from upper level)
   INVX: 0 # Downgrades (from upper level)
   FWD: 0 # Forwards (from upper level)
   latGETnl: 31592 # GET request latency on next level
   latGETnet: 0 # GET request latency on network to next level
  l1i-10: # Filter cache stats
   fhGETS: 12160526 # Filtered GETS hits
   fhGETX: 0 # Filtered GETX hits
   hGETS: 11123 # GETS hits
   hGETX: 0 # GETX hits
   mGETS: 583 # GETS misses
   mGETXIM: 0 # GETX I->M misses
   mGETXSM: 0 # GETX S->M misses (upgrade misses)
   PUTS: 0 # Clean evictions (from lower level)
   PUTX: 0 # Dirty evictions (from lower level)
   INV: 559 # Invalidates (from upper level)
   INVX: 0 # Downgrades (from upper level)
   FWD: 0 # Forwards (from upper level)
   latGETnl: 31226 # GET request latency on next level
   latGETnet: 0 # GET request latency on network to next level
  l1i-11: # Filter cache stats
   fhGETS: 12160887 # Filtered GETS hits
   fhGETX: 0 # Filtered GETX hits
   hGETS: 11230 # GETS hits
   hGETX: 0 # GETX hits
   mGETS: 587 # GETS misses
   mGETXIM: 0 # GETX I->M misses
   mGETXSM: 0 # GETX S->M misses (upgrade misses)
   PUTS: 0 # Clean evictions (from lower level)
   PUTX: 0 # Dirty evictions (from lower level)
   INV: 563 # Invalidates (from upper level)
   INVX: 0 # Downgrades (from upper level)
   FWD: 0 # Forwards (from upper level)
   latGETnl: 30289 # GET request latency on next level
   latGETnet: 0 # GET request latency on network to next level
  l1i-12: # Filter cache stats
   fhGETS: 12162507 # Filtered GETS hits
   fhGETX: 0 # Filtered GETX hits
   hGETS: 11122 # GETS hits
   hGETX: 0 # GETX hits
   mGETS: 588 # GETS misses
   mGETXIM: 0 # GETX I->M misses
   mGETXSM: 0 # GETX S->M misses (upgrade misses)
   PUTS: 0 # Clean evictions (from lower level)
   PUTX: 0 # Dirty evictions (from lower level)
   INV: 561 # Invalidates (from upper level)
   INVX: 0 # Downgrades (from upper level)
   FWD: 0 # Forwards (from upper level)
   latGETnl: 30336 # GET request latency on next level
   latGETnet: 0 # GET request latency on network to next level
  l1i-13: # Filter cache stats
   fhGETS: 12160467 # Filtered GETS hits
   fhGETX: 0 # Filtered GETX hits
   hGETS: 11123 # GETS hits
   hGETX: 0 # GETX hits
   mGETS: 591 # GETS misses
   mGETXIM: 0 # GETX I->M misses
   mGETXSM: 0 # GETX S->M misses (upgrade misses)
   PUTS: 0 # Clean evictions (from lower level)
   PUTX: 0 # Dirty evictions (from lower level)
   INV: 567 # Invalidates (from upper level)
   INVX: 0 # Downgrades (from upper level)
   FWD: 0 # Forwards (from upper level)
   latGETnl: 29577 # GET request latency on next level
   latGETnet: 0 # GET request latency on network to next level
  l1i-14: # Filter cache stats
   fhGETS: 12162250 # Filtered GETS hits
   fhGETX: 0 # Filtered GETX hits
   hGETS: 11122 # GETS hits
   hGETX: 0 # GETX hits
   mGETS: 589 # GETS misses
   mGETXIM: 0 # GETX I->M misses
   mGETXSM: 0 # GETX S->M misses (upgrade misses)
   PUTS: 0 # Clean evictions (from lower level)
   PUTX: 0 # Dirty evictions (from lower level)
   INV: 565 # Invalidates (from upper level)
   INVX: 0 # Downgrades (from upper level)
   FWD: 0 # Forwards (from upper level)
   latGETnl: 28583 # GET request latency on next level
   latGETnet: 0 # GET request latency on network to next level
  l1i-15: # Filter cache stats
   fhGETS: 12160580 # Filtered GETS hits
   fhGETX: 0 # Filtered GETX hits
   hGETS: 11124 # GETS hits
   hGETX: 0 # GETX hits
   mGETS: 584 # GETS misses
   mGETXIM: 0 # GETX I->M misses
   mGETXSM: 0 # GETX S->M misses (upgrade misses)
   PUTS: 0 # Clean evictions (from lower level)
   PUTX: 0 # Dirty evictions (from lower level)
   INV: 560 # Invalidates (from upper level)
   INVX: 0 # Downgrades (from upper level)
   FWD: 0 # Forwards (from upper level)
   latGETnl: 28348 # GET request latency on next level
   latGETnet: 0 # GET request latency on network to next level
  l1i-16: # Filter cache stats
   fhGETS: 12162482 # Filtered GETS hits
   fhGETX: 0 # Filtered GETX hits
   hGETS: 11118 # GETS hits
   hGETX: 0 # GETX hits
   mGETS: 578 # GETS misses
   mGETXIM: 0 # GETX I->M misses
   mGETXSM: 0 # GETX S->M misses (upgrade misses)
   PUTS: 0 # Clean evictions (from lower level)
   PUTX: 0 # Dirty evictions (from lower level)
   INV: 554 # Invalidates (from upper level)
   INVX: 0 # Downgrades (from upper level)
   FWD: 0 # Forwards (from upper level)
   latGETnl: 27841 # GET request latency on next level
   latGETnet: 0 # GET request latency on network to next level
  l1i-17: # Filter cache stats
   fhGETS: 12154740 # Filtered GETS hits
   fhGETX: 0 # Filtered GETX hits
   hGETS: 11269 # GETS hits
   hGETX: 0 # GETX hits
   mGETS: 659 # GETS misses
   mGETXIM: 0 # GETX I->M misses
   mGETXSM: 0 # GETX S->M misses (upgrade misses)
   PUTS: 0 # Clean evictions (from lower level)
   PUTX: 0 # Dirty evictions (from lower level)
   INV: 635 # Invalidates (from upper level)
   INVX: 0 # Downgrades (from upper level)
   FWD: 0 # Forwards (from upper level)
   latGETnl: 40873 # GET request latency on next level
   latGETnet: 0 # GET request latency on network to next level
  l1i-18: # Filter cache stats
   fhGETS: 12160451 # Filtered GETS hits
   fhGETX: 0 # Filtered GETX hits
   hGETS: 11123 # GETS hits
   hGETX: 0 # GETX hits
   mGETS: 591 # GETS misses
   mGETXIM: 0 # GETX I->M misses
   mGETXSM: 0 # GETX S->M misses (upgrade misses)
   PUTS: 0 # Clean evictions (from lower level)
   PUTX: 0 # Dirty evictions (from lower level)
   INV: 567 # Invalidates (from upper level)
   INVX: 0 # Downgrades (from upper level)
   FWD: 0 # Forwards (from upper level)
   latGETnl: 28002 # GET request latency on next level
   latGETnet: 0 # GET request latency on network to next level
  l1i-19: # Filter cache stats
   fhGETS: 12160515 # Filtered GETS hits
   fhGETX: 0 # Filtered GETX hits
   hGETS: 11122 # GETS hits
   hGETX: 0 # GETX hits
   mGETS: 589 # GETS misses
   mGETXIM: 0 # GETX I->M misses
   mGETXSM: 0 # GETX S->M misses (upgrade misses)
   PUTS: 0 # Clean evictions (from lower level)
   PUTX: 0 # Dirty evictions (from lower level)
   INV: 565 # Invalidates (from upper level)
   INVX: 0 # Downgrades (from upper level)
   FWD: 0 # Forwards (from upper level)
   latGETnl: 27683 # GET request latency on next level
   latGETnet: 0 # GET request latency on network to next level
  l1i-20: # Filter cache stats
   fhGETS: 12161370 # Filtered GETS hits
   fhGETX: 0 # Filtered GETX hits
   hGETS: 11122 # GETS hits
   hGETX: 0 # GETX hits
   mGETS: 583 # GETS misses
   mGETXIM: 0 # GETX I->M misses
   mGETXSM: 0 # GETX S->M misses (upgrade misses)
   PUTS: 0 # Clean evictions (from lower level)
   PUTX: 0 # Dirty evictions (from lower level)
   INV: 560 # Invalidates (from upper level)
   INVX: 0 # Downgrades (from upper level)
   FWD: 0 # Forwards (from upper level)
   latGETnl: 27401 # GET request latency on next level
   latGETnet: 0 # GET request latency on network to next level
  l1i-21: # Filter cache stats
   fhGETS: 12159956 # Filtered GETS hits
   fhGETX: 0 # Filtered GETX hits
   hGETS: 11122 # GETS hits
   hGETX: 0 # GETX hits
   mGETS: 588 # GETS misses
   mGETXIM: 0 # GETX I->M misses
   mGETXSM: 0 # GETX S->M misses (upgrade misses)
   PUTS: 0 # Clean evictions (from lower level)
   PUTX: 0 # Dirty evictions (from lower level)
   INV: 564 # Invalidates (from upper level)
   INVX: 0 # Downgrades (from upper level)
   FWD: 0 # Forwards (from upper level)
   latGETnl: 27636 # GET request latency on next level
   latGETnet: 0 # GET request latency on network to next level
  l1i-22: # Filter cache stats
   fhGETS: 12162504 # Filtered GETS hits
   fhGETX: 0 # Filtered GETX hits
   hGETS: 11123 # GETS hits
   hGETX: 0 # GETX hits
   mGETS: 583 # GETS misses
   mGETXIM: 0 # GETX I->M misses
   mGETXSM: 0 # GETX S->M misses (upgrade misses)
   PUTS: 0 # Clean evictions (from lower level)
   PUTX: 0 # Dirty evictions (from lower level)
   INV: 553 # Invalidates (from upper level)
   INVX: 0 # Downgrades (from upper level)
   FWD: 0 # Forwards (from upper level)
   latGETnl: 28076 # GET request latency on next level
   latGETnet: 0 # GET request latency on network to next level
  l1i-23: # Filter cache stats
   fhGETS: 0 # Filtered GETS hits
   fhGETX: 0 # Filtered GETX hits
   hGETS: 0 # GETS hits
   hGETX: 0 # GETX hits
   mGETS: 0 # GETS misses
   mGETXIM: 0 # GETX I->M misses
   mGETXSM: 0 # GETX S->M misses (upgrade misses)
   PUTS: 0 # Clean evictions (from lower level)
   PUTX: 0 # Dirty evictions (from lower level)
   INV: 0 # Invalidates (from upper level)
   INVX: 0 # Downgrades (from upper level)
   FWD: 0 # Forwards (from upper level)
   latGETnl: 0 # GET request latency on next level
   latGETnet: 0 # GET request latency on network to next level
 l2: # Cache stats
  l2-0: # Cache stats
   hGETS: 0 # GETS hits
   hGETX: 0 # GETX hits
   mGETS: 250903 # GETS misses
   mGETXIM: 27868 # GETX I->M misses
   mGETXSM: 8 # GETX S->M misses (upgrade misses)
   PUTS: 249702 # Clean evictions (from lower level)
   PUTX: 27778 # Dirty evictions (from lower level)
   INV: 20614 # Invalidates (from upper level)
   INVX: 88 # Downgrades (from upper level)
   FWD: 0 # Forwards (from upper level)
   latGETnl: 72884761 # GET request latency on next level
   latGETnet: 0 # GET request latency on network to next level
  l2-1: # Cache stats
   hGETS: 0 # GETS hits
   hGETX: 0 # GETX hits
   mGETS: 250828 # GETS misses
   mGETXIM: 27844 # GETX I->M misses
   mGETXSM: 8 # GETX S->M misses (upgrade misses)
   PUTS: 249711 # Clean evictions (from lower level)
   PUTX: 27762 # Dirty evictions (from lower level)
   INV: 16273 # Invalidates (from upper level)
   INVX: 47 # Downgrades (from upper level)
   FWD: 0 # Forwards (from upper level)
   latGETnl: 72847742 # GET request latency on next level
   latGETnet: 0 # GET request latency on network to next level
  l2-2: # Cache stats
   hGETS: 0 # GETS hits
   hGETX: 0 # GETX hits
   mGETS: 250773 # GETS misses
   mGETXIM: 27826 # GETX I->M misses
   mGETXSM: 7 # GETX S->M misses (upgrade misses)
   PUTS: 249637 # Clean evictions (from lower level)
   PUTX: 27762 # Dirty evictions (from lower level)
   INV: 17010 # Invalidates (from upper level)
   INVX: 8 # Downgrades (from upper level)
   FWD: 0 # Forwards (from upper level)
   latGETnl: 72821802 # GET request latency on next level
   latGETnet: 0 # GET request latency on network to next level
  l2-3: # Cache stats
   hGETS: 0 # GETS hits
   hGETX: 0 # GETX hits
   mGETS: 250769 # GETS misses
   mGETXIM: 27834 # GETX I->M misses
   mGETXSM: 9 # GETX S->M misses (upgrade misses)
   PUTS: 249665 # Clean evictions (from lower level)
   PUTX: 27757 # Dirty evictions (from lower level)
   INV: 16067 # Invalidates (from upper level)
   INVX: 32 # Downgrades (from upper level)
   FWD: 0 # Forwards (from upper level)
   latGETnl: 72825398 # GET request latency on next level
   latGETnet: 0 # GET request latency on network to next level
  l2-4: # Cache stats
   hGETS: 0 # GETS hits
   hGETX: 0 # GETX hits
   mGETS: 250823 # GETS misses
   mGETXIM: 27837 # GETX I->M misses
   mGETXSM: 7 # GETX S->M misses (upgrade misses)
   PUTS: 249707 # Clean evictions (from lower level)
   PUTX: 27761 # Dirty evictions (from lower level)
   INV: 16066 # Invalidates (from upper level)
   INVX: 17 # Downgrades (from upper level)
   FWD: 0 # Forwards (from upper level)
   latGETnl: 72832651 # GET request latency on next level
   latGETnet: 0 # GET request latency on network to next level
  l2-5: # Cache stats
   hGETS: 0 # GETS hits
   hGETX: 0 # GETX hits
   mGETS: 250774 # GETS misses
   mGETXIM: 27837 # GETX I->M misses
   mGETXSM: 6 # GETX S->M misses (upgrade misses)
   PUTS: 249668 # Clean evictions (from lower level)
   PUTX: 27756 # Dirty evictions (from lower level)
   INV: 21843 # Invalidates (from upper level)
   INVX: 18 # Downgrades (from upper level)
   FWD: 0 # Forwards (from upper level)
   latGETnl: 72818131 # GET request latency on next level
   latGETnet: 0 # GET request latency on network to next level
  l2-6: # Cache stats
   hGETS: 0 # GETS hits
   hGETX: 0 # GETX hits
   mGETS: 250769 # GETS misses
   mGETXIM: 27829 # GETX I->M misses
   mGETXSM: 7 # GETX S->M misses (upgrade misses)
   PUTS: 249693 # Clean evictions (from lower level)
   PUTX: 27760 # Dirty evictions (from lower level)
   INV: 16243 # Invalidates (from upper level)
   INVX: 7 # Downgrades (from upper level)
   FWD: 0 # Forwards (from upper level)
   latGETnl: 72828641 # GET request latency on next level
   latGETnet: 0 # GET request latency on network to next level
  l2-7: # Cache stats
   hGETS: 0 # GETS hits
   hGETX: 0 # GETX hits
   mGETS: 250771 # GETS misses
   mGETXIM: 27831 # GETX I->M misses
   mGETXSM: 7 # GETX S->M misses (upgrade misses)
   PUTS: 249659 # Clean evictions (from lower level)
   PUTX: 27756 # Dirty evictions (from lower level)
   INV: 17119 # Invalidates (from upper level)
   INVX: 17 # Downgrades (from upper level)
   FWD: 0 # Forwards (from upper level)
   latGETnl: 72816316 # GET request latency on next level
   latGETnet: 0 # GET request latency on network to next level
  l2-8: # Cache stats
   hGETS: 0 # GETS hits
   hGETX: 0 # GETX hits
   mGETS: 250746 # GETS misses
   mGETXIM: 27823 # GETX I->M misses
   mGETXSM: 5 # GETX S->M misses (upgrade misses)
   PUTS: 249658 # Clean evictions (from lower level)
   PUTX: 27756 # Dirty evictions (from lower level)
   INV: 20954 # Invalidates (from upper level)
   INVX: 19 # Downgrades (from upper level)
   FWD: 0 # Forwards (from upper level)
   latGETnl: 72820449 # GET request latency on next level
   latGETnet: 0 # GET request latency on network to next level
  l2-9: # Cache stats
   hGETS: 0 # GETS hits
   hGETX: 0 # GETX hits
   mGETS: 250716 # GETS misses
   mGETXIM: 27826 # GETX I->M misses
   mGETXSM: 6 # GETX S->M misses (upgrade misses)
   PUTS: 249635 # Clean evictions (from lower level)
   PUTX: 27755 # Dirty evictions (from lower level)
   INV: 16138 # Invalidates (from upper level)
   INVX: 5 # Downgrades (from upper level)
   FWD: 0 # Forwards (from upper level)
   latGETnl: 72810642 # GET request latency on next level
   latGETnet: 0 # GET request latency on network to next level
  l2-10: # Cache stats
   hGETS: 0 # GETS hits
   hGETX: 0 # GETX hits
   mGETS: 250735 # GETS misses
   mGETXIM: 27822 # GETX I->M misses
   mGETXSM: 5 # GETX S->M misses (upgrade misses)
   PUTS: 249654 # Clean evictions (from lower level)
   PUTX: 27757 # Dirty evictions (from lower level)
   INV: 15962 # Invalidates (from upper level)
   INVX: 8 # Downgrades (from upper level)
   FWD: 0 # Forwards (from upper level)
   latGETnl: 72817600 # GET request latency on next level
   latGETnet: 0 # GET request latency on network to next level
  l2-11: # Cache stats
   hGETS: 0 # GETS hits
   hGETX: 0 # GETX hits
   mGETS: 250756 # GETS misses
   mGETXIM: 27849 # GETX I->M misses
   mGETXSM: 11 # GETX S->M misses (upgrade misses)
   PUTS: 249666 # Clean evictions (from lower level)
   PUTX: 27772 # Dirty evictions (from lower level)
   INV: 25778 # Invalidates (from upper level)
   INVX: 24 # Downgrades (from upper level)
   FWD: 0 # Forwards (from upper level)
   latGETnl: 72825687 # GET request latency on next level
   latGETnet: 0 # GET request latency on network to next level
  l2-12: # Cache stats
   hGETS: 0 # GETS hits
   hGETX: 0 # GETX hits
   mGETS: 250780 # GETS misses
   mGETXIM: 27828 # GETX I->M misses
   mGETXSM: 5 # GETX S->M misses (upgrade misses)
   PUTS: 249695 # Clean evictions (from lower level)
   PUTX: 27759 # Dirty evictions (from lower level)
   INV: 18782 # Invalidates (from upper level)
   INVX: 11 # Downgrades (from upper level)
   FWD: 0 # Forwards (from upper level)
   latGETnl: 72828346 # GET request latency on next level
   latGETnet: 0 # GET request latency on network to next level
  l2-13: # Cache stats
   hGETS: 0 # GETS hits
   hGETX: 0 # GETX hits
   mGETS: 250743 # GETS misses
   mGETXIM: 27822 # GETX I->M misses
   mGETXSM: 6 # GETX S->M misses (upgrade misses)
   PUTS: 249655 # Clean evictions (from lower level)
   PUTX: 27755 # Dirty evictions (from lower level)
   INV: 16115 # Invalidates (from upper level)
   INVX: 2 # Downgrades (from upper level)
   FWD: 0 # Forwards (from upper level)
   latGETnl: 72814165 # GET request latency on next level
   latGETnet: 0 # GET request latency on network to next level
  l2-14: # Cache stats
   hGETS: 0 # GETS hits
   hGETX: 0 # GETX hits
   mGETS: 250777 # GETS misses
   mGETXIM: 27831 # GETX I->M misses
   mGETXSM: 6 # GETX S->M misses (upgrade misses)
   PUTS: 249691 # Clean evictions (from lower level)
   PUTX: 27762 # Dirty evictions (from lower level)
   INV: 15973 # Invalidates (from upper level)
   INVX: 2 # Downgrades (from upper level)
   FWD: 0 # Forwards (from upper level)
   latGETnl: 72824053 # GET request latency on next level
   latGETnet: 0 # GET request latency on network to next level
  l2-15: # Cache stats
   hGETS: 0 # GETS hits
   hGETX: 0 # GETX hits
   mGETS: 250733 # GETS misses
   mGETXIM: 27828 # GETX I->M misses
   mGETXSM: 6 # GETX S->M misses (upgrade misses)
   PUTS: 249654 # Clean evictions (from lower level)
   PUTX: 27756 # Dirty evictions (from lower level)
   INV: 19449 # Invalidates (from upper level)
   INVX: 3 # Downgrades (from upper level)
   FWD: 0 # Forwards (from upper level)
   latGETnl: 72812203 # GET request latency on next level
   latGETnet: 0 # GET request latency on network to next level
  l2-16: # Cache stats
   hGETS: 0 # GETS hits
   hGETX: 0 # GETX hits
   mGETS: 250767 # GETS misses
   mGETXIM: 27828 # GETX I->M misses
   mGETXSM: 3 # GETX S->M misses (upgrade misses)
   PUTS: 249693 # Clean evictions (from lower level)
   PUTX: 27760 # Dirty evictions (from lower level)
   INV: 16066 # Invalidates (from upper level)
   INVX: 11 # Downgrades (from upper level)
   FWD: 0 # Forwards (from upper level)
   latGETnl: 72826231 # GET request latency on next level
   latGETnet: 0 # GET request latency on network to next level
  l2-17: # Cache stats
   hGETS: 0 # GETS hits
   hGETX: 0 # GETX hits
   mGETS: 250739 # GETS misses
   mGETXIM: 27817 # GETX I->M misses
   mGETXSM: 17 # GETX S->M misses (upgrade misses)
   PUTS: 249566 # Clean evictions (from lower level)
   PUTX: 27765 # Dirty evictions (from lower level)
   INV: 18388 # Invalidates (from upper level)
   INVX: 2 # Downgrades (from upper level)
   FWD: 0 # Forwards (from upper level)
   latGETnl: 72795469 # GET request latency on next level
   latGETnet: 0 # GET request latency on network to next level
  l2-18: # Cache stats
   hGETS: 0 # GETS hits
   hGETX: 0 # GETX hits
   mGETS: 250736 # GETS misses
   mGETXIM: 27827 # GETX I->M misses
   mGETXSM: 5 # GETX S->M misses (upgrade misses)
   PUTS: 249652 # Clean evictions (from lower level)
   PUTX: 27754 # Dirty evictions (from lower level)
   INV: 16035 # Invalidates (from upper level)
   INVX: 2 # Downgrades (from upper level)
   FWD: 0 # Forwards (from upper level)
   latGETnl: 72810848 # GET request latency on next level
   latGETnet: 0 # GET request latency on network to next level
  l2-19: # Cache stats
   hGETS: 0 # GETS hits
   hGETX: 0 # GETX hits
   mGETS: 250738 # GETS misses
   mGETXIM: 27828 # GETX I->M misses
   mGETXSM: 5 # GETX S->M misses (upgrade misses)
   PUTS: 249655 # Clean evictions (from lower level)
   PUTX: 27755 # Dirty evictions (from lower level)
   INV: 19286 # Invalidates (from upper level)
   INVX: 2 # Downgrades (from upper level)
   FWD: 0 # Forwards (from upper level)
   latGETnl: 72811859 # GET request latency on next level
   latGETnet: 0 # GET request latency on network to next level
  l2-20: # Cache stats
   hGETS: 0 # GETS hits
   hGETX: 0 # GETX hits
   mGETS: 250749 # GETS misses
   mGETXIM: 27829 # GETX I->M misses
   mGETXSM: 5 # GETX S->M misses (upgrade misses)
   PUTS: 249671 # Clean evictions (from lower level)
   PUTX: 27759 # Dirty evictions (from lower level)
   INV: 16012 # Invalidates (from upper level)
   INVX: 2 # Downgrades (from upper level)
   FWD: 0 # Forwards (from upper level)
   latGETnl: 72817028 # GET request latency on next level
   latGETnet: 0 # GET request latency on network to next level
  l2-21: # Cache stats
   hGETS: 0 # GETS hits
   hGETX: 0 # GETX hits
   mGETS: 250732 # GETS misses
   mGETXIM: 27821 # GETX I->M misses
   mGETXSM: 6 # GETX S->M misses (upgrade misses)
   PUTS: 249645 # Clean evictions (from lower level)
   PUTX: 27755 # Dirty evictions (from lower level)
   INV: 20319 # Invalidates (from upper level)
   INVX: 2 # Downgrades (from upper level)
   FWD: 0 # Forwards (from upper level)
   latGETnl: 72809643 # GET request latency on next level
   latGETnet: 0 # GET request latency on network to next level
  l2-22: # Cache stats
   hGETS: 0 # GETS hits
   hGETX: 0 # GETX hits
   mGETS: 250777 # GETS misses
   mGETXIM: 27823 # GETX I->M misses
   mGETXSM: 4 # GETX S->M misses (upgrade misses)
   PUTS: 249695 # Clean evictions (from lower level)
   PUTX: 27760 # Dirty evictions (from lower level)
   INV: 24531 # Invalidates (from upper level)
   INVX: 1 # Downgrades (from upper level)
   FWD: 0 # Forwards (from upper level)
   latGETnl: 72824977 # GET request latency on next level
   latGETnet: 0 # GET request latency on network to next level
  l2-23: # Cache stats
   hGETS: 0 # GETS hits
   hGETX: 0 # GETX hits
   mGETS: 0 # GETS misses
   mGETXIM: 0 # GETX I->M misses
   mGETXSM: 0 # GETX S->M misses (upgrade misses)
   PUTS: 0 # Clean evictions (from lower level)
   PUTX: 0 # Dirty evictions (from lower level)
   INV: 0 # Invalidates (from upper level)
   INVX: 0 # Downgrades (from upper level)
   FWD: 0 # Forwards (from upper level)
   latGETnl: 0 # GET request latency on next level
   latGETnet: 0 # GET request latency on network to next level
 l3: # Cache stats
  l3-0b0: # Cache stats
   hGETS: 732 # GETS hits
   hGETX: 51 # GETX hits
   mGETS: 239651 # GETS misses
   mGETXIM: 26621 # GETX I->M misses
   mGETXSM: 0 # GETX S->M misses (upgrade misses)
   PUTS: 210603 # Clean evictions (from lower level)
   PUTX: 23817 # Dirty evictions (from lower level)
   INV: 0 # Invalidates (from upper level)
   INVX: 0 # Downgrades (from upper level)
   FWD: 0 # Forwards (from upper level)
   latGETnl: 59911200 # GET request latency on next level
   latGETnet: 0 # GET request latency on network to next level
  l3-0b1: # Cache stats
   hGETS: 710 # GETS hits
   hGETX: 14 # GETX hits
   mGETS: 239652 # GETS misses
   mGETXIM: 26708 # GETX I->M misses
   mGETXSM: 0 # GETX S->M misses (upgrade misses)
   PUTS: 210434 # Clean evictions (from lower level)
   PUTX: 23787 # Dirty evictions (from lower level)
   INV: 0 # Invalidates (from upper level)
   INVX: 0 # Downgrades (from upper level)
   FWD: 0 # Forwards (from upper level)
   latGETnl: 59931000 # GET request latency on next level
   latGETnet: 0 # GET request latency on network to next level
  l3-0b2: # Cache stats
   hGETS: 152 # GETS hits
   hGETX: 35 # GETX hits
   mGETS: 239638 # GETS misses
   mGETXIM: 26696 # GETX I->M misses
   mGETXSM: 0 # GETX S->M misses (upgrade misses)
   PUTS: 209889 # Clean evictions (from lower level)
   PUTX: 23871 # Dirty evictions (from lower level)
   INV: 0 # Invalidates (from upper level)
   INVX: 0 # Downgrades (from upper level)
   FWD: 0 # Forwards (from upper level)
   latGETnl: 59925150 # GET request latency on next level
   latGETnet: 0 # GET request latency on network to next level
  l3-0b3: # Cache stats
   hGETS: 309 # GETS hits
   hGETX: 46 # GETX hits
   mGETS: 239657 # GETS misses
   mGETXIM: 26629 # GETX I->M misses
   mGETXSM: 0 # GETX S->M misses (upgrade misses)
   PUTS: 210038 # Clean evictions (from lower level)
   PUTX: 23849 # Dirty evictions (from lower level)
   INV: 0 # Invalidates (from upper level)
   INVX: 0 # Downgrades (from upper level)
   FWD: 0 # Forwards (from upper level)
   latGETnl: 59914350 # GET request latency on next level
   latGETnet: 0 # GET request latency on network to next level
  l3-0b4: # Cache stats
   hGETS: 276 # GETS hits
   hGETX: 38 # GETX hits
   mGETS: 239645 # GETS misses
   mGETXIM: 26591 # GETX I->M misses
   mGETXSM: 0 # GETX S->M misses (upgrade misses)
   PUTS: 209987 # Clean evictions (from lower level)
   PUTX: 23733 # Dirty evictions (from lower level)
   INV: 0 # Invalidates (from upper level)
   INVX: 0 # Downgrades (from upper level)
   FWD: 0 # Forwards (from upper level)
   latGETnl: 59903100 # GET request latency on next level
   latGETnet: 0 # GET request latency on network to next level
  l3-0b5: # Cache stats
   hGETS: 328 # GETS hits
   hGETX: 42 # GETX hits
   mGETS: 239646 # GETS misses
   mGETXIM: 26664 # GETX I->M misses
   mGETXSM: 0 # GETX S->M misses (upgrade misses)
   PUTS: 210066 # Clean evictions (from lower level)
   PUTX: 23773 # Dirty evictions (from lower level)
   INV: 0 # Invalidates (from upper level)
   INVX: 0 # Downgrades (from upper level)
   FWD: 0 # Forwards (from upper level)
   latGETnl: 59919750 # GET request latency on next level
   latGETnet: 0 # GET request latency on network to next level
  l3-0b6: # Cache stats
   hGETS: 558 # GETS hits
   hGETX: 0 # GETX hits
   mGETS: 239636 # GETS misses
   mGETXIM: 26696 # GETX I->M misses
   mGETXSM: 0 # GETX S->M misses (upgrade misses)
   PUTS: 210325 # Clean evictions (from lower level)
   PUTX: 23772 # Dirty evictions (from lower level)
   INV: 0 # Invalidates (from upper level)
   INVX: 0 # Downgrades (from upper level)
   FWD: 0 # Forwards (from upper level)
   latGETnl: 59924700 # GET request latency on next level
   latGETnet: 0 # GET request latency on network to next level
  l3-0b7: # Cache stats
   hGETS: 572 # GETS hits
   hGETX: 28 # GETX hits
   mGETS: 239647 # GETS misses
   mGETXIM: 26657 # GETX I->M misses
   mGETXSM: 0 # GETX S->M misses (upgrade misses)
   PUTS: 210135 # Clean evictions (from lower level)
   PUTX: 23761 # Dirty evictions (from lower level)
   INV: 0 # Invalidates (from upper level)
   INVX: 0 # Downgrades (from upper level)
   FWD: 0 # Forwards (from upper level)
   latGETnl: 59918400 # GET request latency on next level
   latGETnet: 0 # GET request latency on network to next level
  l3-0b8: # Cache stats
   hGETS: 625 # GETS hits
   hGETX: 44 # GETX hits
   mGETS: 239634 # GETS misses
   mGETXIM: 26661 # GETX I->M misses
   mGETXSM: 0 # GETX S->M misses (upgrade misses)
   PUTS: 209945 # Clean evictions (from lower level)
   PUTX: 23834 # Dirty evictions (from lower level)
   INV: 0 # Invalidates (from upper level)
   INVX: 0 # Downgrades (from upper level)
   FWD: 0 # Forwards (from upper level)
   latGETnl: 59916375 # GET request latency on next level
   latGETnet: 0 # GET request latency on network to next level
  l3-0b9: # Cache stats
   hGETS: 664 # GETS hits
   hGETX: 28 # GETX hits
   mGETS: 239644 # GETS misses
   mGETXIM: 26634 # GETX I->M misses
   mGETXSM: 0 # GETX S->M misses (upgrade misses)
   PUTS: 210100 # Clean evictions (from lower level)
   PUTX: 23785 # Dirty evictions (from lower level)
   INV: 0 # Invalidates (from upper level)
   INVX: 0 # Downgrades (from upper level)
   FWD: 0 # Forwards (from upper level)
   latGETnl: 59912550 # GET request latency on next level
   latGETnet: 0 # GET request latency on network to next level
  l3-0b10: # Cache stats
   hGETS: 1080 # GETS hits
   hGETX: 11 # GETX hits
   mGETS: 239642 # GETS misses
   mGETXIM: 26640 # GETX I->M misses
   mGETXSM: 0 # GETX S->M misses (upgrade misses)
   PUTS: 210577 # Clean evictions (from lower level)
   PUTX: 23785 # Dirty evictions (from lower level)
   INV: 0 # Invalidates (from upper level)
   INVX: 0 # Downgrades (from upper level)
   FWD: 0 # Forwards (from upper level)
   latGETnl: 59913450 # GET request latency on next level
   latGETnet: 0 # GET request latency on network to next level
  l3-0b11: # Cache stats
   hGETS: 693 # GETS hits
   hGETX: 25 # GETX hits
   mGETS: 239648 # GETS misses
   mGETXIM: 26703 # GETX I->M misses
   mGETXSM: 0 # GETX S->M misses (upgrade misses)
   PUTS: 210187 # Clean evictions (from lower level)
   PUTX: 23818 # Dirty evictions (from lower level)
   INV: 0 # Invalidates (from upper level)
   INVX: 0 # Downgrades (from upper level)
   FWD: 0 # Forwards (from upper level)
   latGETnl: 59928975 # GET request latency on next level
   latGETnet: 0 # GET request latency on network to next level
  l3-0b12: # Cache stats
   hGETS: 1100 # GETS hits
   hGETX: 47 # GETX hits
   mGETS: 239644 # GETS misses
   mGETXIM: 26688 # GETX I->M misses
   mGETXSM: 0 # GETX S->M misses (upgrade misses)
   PUTS: 210762 # Clean evictions (from lower level)
   PUTX: 23853 # Dirty evictions (from lower level)
   INV: 0 # Invalidates (from upper level)
   INVX: 0 # Downgrades (from upper level)
   FWD: 0 # Forwards (from upper level)
   latGETnl: 59924700 # GET request latency on next level
   latGETnet: 0 # GET request latency on network to next level
  l3-0b13: # Cache stats
   hGETS: 1068 # GETS hits
   hGETX: 27 # GETX hits
   mGETS: 239647 # GETS misses
   mGETXIM: 26669 # GETX I->M misses
   mGETXSM: 0 # GETX S->M misses (upgrade misses)
   PUTS: 210511 # Clean evictions (from lower level)
   PUTX: 23879 # Dirty evictions (from lower level)
   INV: 0 # Invalidates (from upper level)
   INVX: 0 # Downgrades (from upper level)
   FWD: 0 # Forwards (from upper level)
   latGETnl: 59921100 # GET request latency on next level
   latGETnet: 0 # GET request latency on network to next level
  l3-0b14: # Cache stats
   hGETS: 1149 # GETS hits
   hGETX: 57 # GETX hits
   mGETS: 239651 # GETS misses
   mGETXIM: 26631 # GETX I->M misses
   mGETXSM: 0 # GETX S->M misses (upgrade misses)
   PUTS: 210705 # Clean evictions (from lower level)
   PUTX: 23779 # Dirty evictions (from lower level)
   INV: 0 # Invalidates (from upper level)
   INVX: 0 # Downgrades (from upper level)
   FWD: 0 # Forwards (from upper level)
   latGETnl: 59913450 # GET request latency on next level
   latGETnet: 0 # GET request latency on network to next level
  l3-0b15: # Cache stats
   hGETS: 1092 # GETS hits
   hGETX: 65 # GETX hits
   mGETS: 239659 # GETS misses
   mGETXIM: 26666 # GETX I->M misses
   mGETXSM: 0 # GETX S->M misses (upgrade misses)
   PUTS: 210691 # Clean evictions (from lower level)
   PUTX: 23830 # Dirty evictions (from lower level)
   INV: 0 # Invalidates (from upper level)
   INVX: 0 # Downgrades (from upper level)
   FWD: 0 # Forwards (from upper level)
   latGETnl: 59923125 # GET request latency on next level
   latGETnet: 0 # GET request latency on network to next level
  l3-0b16: # Cache stats
   hGETS: 784 # GETS hits
   hGETX: 37 # GETX hits
   mGETS: 239575 # GETS misses
   mGETXIM: 26654 # GETX I->M misses
   mGETXSM: 0 # GETX S->M misses (upgrade misses)
   PUTS: 210164 # Clean evictions (from lower level)
   PUTX: 23806 # Dirty evictions (from lower level)
   INV: 0 # Invalidates (from upper level)
   INVX: 0 # Downgrades (from upper level)
   FWD: 0 # Forwards (from upper level)
   latGETnl: 59901525 # GET request latency on next level
   latGETnet: 0 # GET request latency on network to next level
  l3-0b17: # Cache stats
   hGETS: 782 # GETS hits
   hGETX: 42 # GETX hits
   mGETS: 239564 # GETS misses
   mGETXIM: 26590 # GETX I->M misses
   mGETXSM: 0 # GETX S->M misses (upgrade misses)
   PUTS: 210391 # Clean evictions (from lower level)
   PUTX: 23730 # Dirty evictions (from lower level)
   INV: 0 # Invalidates (from upper level)
   INVX: 0 # Downgrades (from upper level)
   FWD: 0 # Forwards (from upper level)
   latGETnl: 59884650 # GET request latency on next level
   latGETnet: 0 # GET request latency on network to next level
  l3-0b18: # Cache stats
   hGETS: 698 # GETS hits
   hGETX: 10 # GETX hits
   mGETS: 239561 # GETS misses
   mGETXIM: 26607 # GETX I->M misses
   mGETXSM: 0 # GETX S->M misses (upgrade misses)
   PUTS: 210233 # Clean evictions (from lower level)
   PUTX: 23712 # Dirty evictions (from lower level)
   INV: 0 # Invalidates (from upper level)
   INVX: 0 # Downgrades (from upper level)
   FWD: 0 # Forwards (from upper level)
   latGETnl: 59887800 # GET request latency on next level
   latGETnet: 0 # GET request latency on network to next level
  l3-0b19: # Cache stats
   hGETS: 649 # GETS hits
   hGETX: 44 # GETX hits
   mGETS: 239557 # GETS misses
   mGETXIM: 26610 # GETX I->M misses
   mGETXSM: 0 # GETX S->M misses (upgrade misses)
   PUTS: 210179 # Clean evictions (from lower level)
   PUTX: 23770 # Dirty evictions (from lower level)
   INV: 0 # Invalidates (from upper level)
   INVX: 0 # Downgrades (from upper level)
   FWD: 0 # Forwards (from upper level)
   latGETnl: 59887575 # GET request latency on next level
   latGETnet: 0 # GET request latency on network to next level
  l3-0b20: # Cache stats
   hGETS: 629 # GETS hits
   hGETX: 1 # GETX hits
   mGETS: 239553 # GETS misses
   mGETXIM: 26654 # GETX I->M misses
   mGETXSM: 0 # GETX S->M misses (upgrade misses)
   PUTS: 210001 # Clean evictions (from lower level)
   PUTX: 23728 # Dirty evictions (from lower level)
   INV: 0 # Invalidates (from upper level)
   INVX: 0 # Downgrades (from upper level)
   FWD: 0 # Forwards (from upper level)
   latGETnl: 59896575 # GET request latency on next level
   latGETnet: 0 # GET request latency on network to next level
  l3-0b21: # Cache stats
   hGETS: 667 # GETS hits
   hGETX: 5 # GETX hits
   mGETS: 239552 # GETS misses
   mGETXIM: 26610 # GETX I->M misses
   mGETXSM: 0 # GETX S->M misses (upgrade misses)
   PUTS: 210167 # Clean evictions (from lower level)
   PUTX: 23773 # Dirty evictions (from lower level)
   INV: 0 # Invalidates (from upper level)
   INVX: 0 # Downgrades (from upper level)
   FWD: 0 # Forwards (from upper level)
   latGETnl: 59886450 # GET request latency on next level
   latGETnet: 0 # GET request latency on network to next level
  l3-0b22: # Cache stats
   hGETS: 778 # GETS hits
   hGETX: 28 # GETX hits
   mGETS: 239562 # GETS misses
   mGETXIM: 26612 # GETX I->M misses
   mGETXSM: 0 # GETX S->M misses (upgrade misses)
   PUTS: 210224 # Clean evictions (from lower level)
   PUTX: 23837 # Dirty evictions (from lower level)
   INV: 0 # Invalidates (from upper level)
   INVX: 0 # Downgrades (from upper level)
   FWD: 0 # Forwards (from upper level)
   latGETnl: 59889150 # GET request latency on next level
   latGETnet: 0 # GET request latency on network to next level
  l3-0b23: # Cache stats
   hGETS: 712 # GETS hits
   hGETX: 32 # GETX hits
   mGETS: 239562 # GETS misses
   mGETXIM: 26614 # GETX I->M misses
   mGETXSM: 0 # GETX S->M misses (upgrade misses)
   PUTS: 210165 # Clean evictions (from lower level)
   PUTX: 23745 # Dirty evictions (from lower level)
   INV: 0 # Invalidates (from upper level)
   INVX: 0 # Downgrades (from upper level)
   FWD: 0 # Forwards (from upper level)
   latGETnl: 59889600 # GET request latency on next level
   latGETnet: 0 # GET request latency on network to next level
 mem: # Memory controller stats
  mem-0: # Memory controller stats
   rd: 6368721 # Read requests
   wr: 585980 # Write requests
   rdlat: 1888542634 # Total latency experienced by read requests
   wrlat: 177475871 # Total latency experienced by write requests
 sched: # Scheduler stats
  thCr: 25 # Threads created
  thFn: 25 # Threads finished
  schedEvs: 27 # Schedule events
  waitEvs: 2 # Wait events
  handoffEvs: 1 # Handoff events
  sleepEvs: 1 # Sleep events
  idlePhases: 0 # Phases with no thread active
  idlePeriods: 0 # Periods with no thread active
  occHist: # Occupancy histogram
   0: 0
   1: 0
   2: 25
   3: 12
   4: 2
   5: 0
   6: 0
   7: 1
   8: 0
   9: 0
   10: 0
   11: 1
   12: 0
   13: 1
   14: 0
   15: 0
   16: 0
   17: 1
   18: 0
   19: 1
   20: 0
   21: 0
   22: 2
   23: 33404
   24: 0
  rqSzHist: # Run queue size histogram
   0: 33424
   1: 26
   2: 0
   3: 0
   4: 0
   5: 0
   6: 0
   7: 0
   8: 0
   9: 0
   10: 0
   11: 0
   12: 0
   13: 0
   14: 0
   15: 0
   16: 0
   17: 0
   18: 0
   19: 0
   20: 0
   21: 0
   22: 0
   23: 0
   24: 0
 procCycles: # Per-process unhalted core cycles
  0: 768473743
  1: 0
  2: 0
  3: 0
  4: 0
  5: 0
  6: 0
  7: 0
  8: 0
  9: 0
  10: 0
  11: 0
  12: 0
  13: 0
  14: 0
  15: 0
  16: 0
  17: 0
  18: 0
  19: 0
  20: 0
  21: 0
  22: 0
  23: 0
  24: 0
  25: 0
  26: 0
  27: 0
  28: 0
  29: 0
  30: 0
  31: 0
  32: 0
  33: 0
  34: 0
  35: 0
  36: 0
  37: 0
  38: 0
  39: 0
  40: 0
  41: 0
  42: 0
  43: 0
  44: 0
  45: 0
  46: 0
  47: 0
  48: 0
  49: 0
  50: 0
  51: 0
  52: 0
  53: 0
  54: 0
  55: 0
  56: 0
  57: 0
  58: 0
  59: 0
  60: 0
  61: 0
  62: 0
  63: 0
 procInstrs: # Per-process instructions
  0: 827764702
  1: 0
  2: 0
  3: 0
  4: 0
  5: 0
  6: 0
  7: 0
  8: 0
  9: 0
  10: 0
  11: 0
  12: 0
  13: 0
  14: 0
  15: 0
  16: 0
  17: 0
  18: 0
  19: 0
  20: 0
  21: 0
  22: 0
  23: 0
  24: 0
  25: 0
  26: 0
  27: 0
  28: 0
  29: 0
  30: 0
  31: 0
  32: 0
  33: 0
  34: 0
  35: 0
  36: 0
  37: 0
  38: 0
  39: 0
  40: 0
  41: 0
  42: 0
  43: 0
  44: 0
  45: 0
  46: 0
  47: 0
  48: 0
  49: 0
  50: 0
  51: 0
  52: 0
  53: 0
  54: 0
  55: 0
  56: 0
  57: 0
  58: 0
  59: 0
  60: 0
  61: 0
  62: 0
  63: 0
 heartbeats: # Per-process heartbeats
  0: 0
  1: 0
  2: 0
  3: 0
  4: 0
  5: 0
  6: 0
  7: 0
  8: 0
  9: 0
  10: 0
  11: 0
  12: 0
  13: 0
  14: 0
  15: 0
  16: 0
  17: 0
  18: 0
  19: 0
  20: 0
  21: 0
  22: 0
  23: 0
  24: 0
  25: 0
  26: 0
  27: 0
  28: 0
  29: 0
  30: 0
  31: 0
  32: 0
  33: 0
  34: 0
  35: 0
  36: 0
  37: 0
  38: 0
  39: 0
  40: 0
  41: 0
  42: 0
  43: 0
  44: 0
  45: 0
  46: 0
  47: 0
  48: 0
  49: 0
  50: 0
  51: 0
  52: 0
  53: 0
  54: 0
  55: 0
  56: 0
  57: 0
  58: 0
  59: 0
  60: 0
  61: 0
  62: 0
  63: 0
===
