# zsim stats
===
root: # Stats
 contention: # Contention simulation stats
  domain-0: # Domain stats
   time: 14755896466 # Weave simulation time
 time: # Simulator time breakdown
  init: 3195386178
  bound: 161721911921
  weave: 25039331970
  ff: 1272447
 trigger: 20000 # Reason for this stats dump
 phase: 235626 # Simulated phases
 reqCycles: 0 # Requeue Cycles
 skylake: # Core stats
  skylake-0: # Core stats
   cycles: 235626009 # Simulated unhalted cycles
   cCycles: 918423 # Cycles due to contention stalls
   instrs: 350455268 # Simulated instructions
   uops: 235550439 # issued micro-ops
   bbls: 116307660 # Basic blocks
   approxInstrs: 886405 # Instrs with approx uop decoding
   mispredBranches: 128951 # Mispredicted branches
   IdqNotDelivered: 234707586 # Stalls no uop delivered when no Bkend Stall
   IntMiscRecoveryCycles: 1045817 # Stalls waiting machine clears
   uops executed: 236307683 # Executed microoperations
  skylake-1: # Core stats
   cycles: 235590010 # Simulated unhalted cycles
   cCycles: 918426 # Cycles due to contention stalls
   instrs: 350454099 # Simulated instructions
   uops: 235549130 # issued micro-ops
   bbls: 116307439 # Basic blocks
   approxInstrs: 886403 # Instrs with approx uop decoding
   mispredBranches: 128914 # Mispredicted branches
   IdqNotDelivered: 234671584 # Stalls no uop delivered when no Bkend Stall
   IntMiscRecoveryCycles: 1036611 # Stalls waiting machine clears
   uops executed: 236306424 # Executed microoperations
  skylake-2: # Core stats
   cycles: 235587509 # Simulated unhalted cycles
   cCycles: 918428 # Cycles due to contention stalls
   instrs: 350451019 # Simulated instructions
   uops: 235546811 # issued micro-ops
   bbls: 116306489 # Basic blocks
   approxInstrs: 886399 # Instrs with approx uop decoding
   mispredBranches: 128915 # Mispredicted branches
   IdqNotDelivered: 234669081 # Stalls no uop delivered when no Bkend Stall
   IntMiscRecoveryCycles: 1038468 # Stalls waiting machine clears
   uops executed: 236304128 # Executed microoperations
  skylake-3: # Core stats
   cycles: 235588009 # Simulated unhalted cycles
   cCycles: 918427 # Cycles due to contention stalls
   instrs: 350453722 # Simulated instructions
   uops: 235548765 # issued micro-ops
   bbls: 116307343 # Basic blocks
   approxInstrs: 886401 # Instrs with approx uop decoding
   mispredBranches: 128914 # Mispredicted branches
   IdqNotDelivered: 234669582 # Stalls no uop delivered when no Bkend Stall
   IntMiscRecoveryCycles: 1037743 # Stalls waiting machine clears
   uops executed: 236306059 # Executed microoperations
  skylake-4: # Core stats
   cycles: 235586010 # Simulated unhalted cycles
   cCycles: 918442 # Cycles due to contention stalls
   instrs: 350453261 # Simulated instructions
   uops: 235548454 # issued micro-ops
   bbls: 116307191 # Basic blocks
   approxInstrs: 886401 # Instrs with approx uop decoding
   mispredBranches: 128916 # Mispredicted branches
   IdqNotDelivered: 234667568 # Stalls no uop delivered when no Bkend Stall
   IntMiscRecoveryCycles: 1036894 # Stalls waiting machine clears
   uops executed: 236305692 # Executed microoperations
  skylake-5: # Core stats
   cycles: 235585241 # Simulated unhalted cycles
   cCycles: 918428 # Cycles due to contention stalls
   instrs: 350454028 # Simulated instructions
   uops: 235548969 # issued micro-ops
   bbls: 116307447 # Basic blocks
   approxInstrs: 886402 # Instrs with approx uop decoding
   mispredBranches: 128919 # Mispredicted branches
   IdqNotDelivered: 234666813 # Stalls no uop delivered when no Bkend Stall
   IntMiscRecoveryCycles: 1037409 # Stalls waiting machine clears
   uops executed: 236306199 # Executed microoperations
  skylake-6: # Core stats
   cycles: 235584010 # Simulated unhalted cycles
   cCycles: 918436 # Cycles due to contention stalls
   instrs: 350453397 # Simulated instructions
   uops: 235548219 # issued micro-ops
   bbls: 116307311 # Basic blocks
   approxInstrs: 886396 # Instrs with approx uop decoding
   mispredBranches: 128909 # Mispredicted branches
   IdqNotDelivered: 234665574 # Stalls no uop delivered when no Bkend Stall
   IntMiscRecoveryCycles: 1038126 # Stalls waiting machine clears
   uops executed: 236305495 # Executed microoperations
  skylake-7: # Core stats
   cycles: 235584010 # Simulated unhalted cycles
   cCycles: 918422 # Cycles due to contention stalls
   instrs: 350451609 # Simulated instructions
   uops: 235547344 # issued micro-ops
   bbls: 116306642 # Basic blocks
   approxInstrs: 886400 # Instrs with approx uop decoding
   mispredBranches: 128916 # Mispredicted branches
   IdqNotDelivered: 234665588 # Stalls no uop delivered when no Bkend Stall
   IntMiscRecoveryCycles: 1036767 # Stalls waiting machine clears
   uops executed: 236304588 # Executed microoperations
  skylake-8: # Core stats
   cycles: 235583336 # Simulated unhalted cycles
   cCycles: 918431 # Cycles due to contention stalls
   instrs: 350453425 # Simulated instructions
   uops: 235548250 # issued micro-ops
   bbls: 116307319 # Basic blocks
   approxInstrs: 886398 # Instrs with approx uop decoding
   mispredBranches: 128912 # Mispredicted branches
   IdqNotDelivered: 234664905 # Stalls no uop delivered when no Bkend Stall
   IntMiscRecoveryCycles: 1038561 # Stalls waiting machine clears
   uops executed: 236305512 # Executed microoperations
  skylake-9: # Core stats
   cycles: 235582795 # Simulated unhalted cycles
   cCycles: 918431 # Cycles due to contention stalls
   instrs: 350453145 # Simulated instructions
   uops: 235548051 # issued micro-ops
   bbls: 116307227 # Basic blocks
   approxInstrs: 886396 # Instrs with approx uop decoding
   mispredBranches: 128909 # Mispredicted branches
   IdqNotDelivered: 234664364 # Stalls no uop delivered when no Bkend Stall
   IntMiscRecoveryCycles: 1037640 # Stalls waiting machine clears
   uops executed: 236305327 # Executed microoperations
  skylake-10: # Core stats
   cycles: 235583177 # Simulated unhalted cycles
   cCycles: 918432 # Cycles due to contention stalls
   instrs: 350453425 # Simulated instructions
   uops: 235548250 # issued micro-ops
   bbls: 116307319 # Basic blocks
   approxInstrs: 886398 # Instrs with approx uop decoding
   mispredBranches: 128912 # Mispredicted branches
   IdqNotDelivered: 234664745 # Stalls no uop delivered when no Bkend Stall
   IntMiscRecoveryCycles: 1038208 # Stalls waiting machine clears
   uops executed: 236305512 # Executed microoperations
  skylake-11: # Core stats
   cycles: 235582787 # Simulated unhalted cycles
   cCycles: 918421 # Cycles due to contention stalls
   instrs: 350453141 # Simulated instructions
   uops: 235548357 # issued micro-ops
   bbls: 116307068 # Basic blocks
   approxInstrs: 886399 # Instrs with approx uop decoding
   mispredBranches: 128916 # Mispredicted branches
   IdqNotDelivered: 234664366 # Stalls no uop delivered when no Bkend Stall
   IntMiscRecoveryCycles: 1038197 # Stalls waiting machine clears
   uops executed: 236305668 # Executed microoperations
  skylake-12: # Core stats
   cycles: 235582247 # Simulated unhalted cycles
   cCycles: 918432 # Cycles due to contention stalls
   instrs: 350453405 # Simulated instructions
   uops: 235548224 # issued micro-ops
   bbls: 116307314 # Basic blocks
   approxInstrs: 886397 # Instrs with approx uop decoding
   mispredBranches: 128906 # Mispredicted branches
   IdqNotDelivered: 234663815 # Stalls no uop delivered when no Bkend Stall
   IntMiscRecoveryCycles: 1037222 # Stalls waiting machine clears
   uops executed: 236305521 # Executed microoperations
  skylake-13: # Core stats
   cycles: 235581795 # Simulated unhalted cycles
   cCycles: 918428 # Cycles due to contention stalls
   instrs: 350453304 # Simulated instructions
   uops: 235548157 # issued micro-ops
   bbls: 116307280 # Basic blocks
   approxInstrs: 886396 # Instrs with approx uop decoding
   mispredBranches: 128909 # Mispredicted branches
   IdqNotDelivered: 234663367 # Stalls no uop delivered when no Bkend Stall
   IntMiscRecoveryCycles: 1037196 # Stalls waiting machine clears
   uops executed: 236305433 # Executed microoperations
  skylake-14: # Core stats
   cycles: 235580990 # Simulated unhalted cycles
   cCycles: 918428 # Cycles due to contention stalls
   instrs: 350453425 # Simulated instructions
   uops: 235548250 # issued micro-ops
   bbls: 116307319 # Basic blocks
   approxInstrs: 886398 # Instrs with approx uop decoding
   mispredBranches: 128912 # Mispredicted branches
   IdqNotDelivered: 234662562 # Stalls no uop delivered when no Bkend Stall
   IntMiscRecoveryCycles: 1037457 # Stalls waiting machine clears
   uops executed: 236305512 # Executed microoperations
  skylake-15: # Core stats
   cycles: 235581009 # Simulated unhalted cycles
   cCycles: 918436 # Cycles due to contention stalls
   instrs: 350452759 # Simulated instructions
   uops: 235547777 # issued micro-ops
   bbls: 116307100 # Basic blocks
   approxInstrs: 886395 # Instrs with approx uop decoding
   mispredBranches: 128903 # Mispredicted branches
   IdqNotDelivered: 234662573 # Stalls no uop delivered when no Bkend Stall
   IntMiscRecoveryCycles: 1036516 # Stalls waiting machine clears
   uops executed: 236305087 # Executed microoperations
  skylake-16: # Core stats
   cycles: 235580794 # Simulated unhalted cycles
   cCycles: 918436 # Cycles due to contention stalls
   instrs: 350453121 # Simulated instructions
   uops: 235548035 # issued micro-ops
   bbls: 116307219 # Basic blocks
   approxInstrs: 886396 # Instrs with approx uop decoding
   mispredBranches: 128909 # Mispredicted branches
   IdqNotDelivered: 234662358 # Stalls no uop delivered when no Bkend Stall
   IntMiscRecoveryCycles: 1037225 # Stalls waiting machine clears
   uops executed: 236305311 # Executed microoperations
  skylake-17: # Core stats
   cycles: 235580794 # Simulated unhalted cycles
   cCycles: 918434 # Cycles due to contention stalls
   instrs: 350424008 # Simulated instructions
   uops: 235530531 # issued micro-ops
   bbls: 116296813 # Basic blocks
   approxInstrs: 886311 # Instrs with approx uop decoding
   mispredBranches: 129002 # Mispredicted branches
   IdqNotDelivered: 234662360 # Stalls no uop delivered when no Bkend Stall
   IntMiscRecoveryCycles: 1041280 # Stalls waiting machine clears
   uops executed: 236287891 # Executed microoperations
  skylake-18: # Core stats
   cycles: 235579794 # Simulated unhalted cycles
   cCycles: 918429 # Cycles due to contention stalls
   instrs: 350452653 # Simulated instructions
   uops: 235547723 # issued micro-ops
   bbls: 116307063 # Basic blocks
   approxInstrs: 886396 # Instrs with approx uop decoding
   mispredBranches: 128909 # Mispredicted branches
   IdqNotDelivered: 234661365 # Stalls no uop delivered when no Bkend Stall
   IntMiscRecoveryCycles: 1037167 # Stalls waiting machine clears
   uops executed: 236304999 # Executed microoperations
  skylake-19: # Core stats
   cycles: 235580009 # Simulated unhalted cycles
   cCycles: 918428 # Cycles due to contention stalls
   instrs: 350452881 # Simulated instructions
   uops: 235547870 # issued micro-ops
   bbls: 116307139 # Basic blocks
   approxInstrs: 886395 # Instrs with approx uop decoding
   mispredBranches: 128908 # Mispredicted branches
   IdqNotDelivered: 234661581 # Stalls no uop delivered when no Bkend Stall
   IntMiscRecoveryCycles: 1036930 # Stalls waiting machine clears
   uops executed: 236305144 # Executed microoperations
  skylake-20: # Core stats
   cycles: 235579786 # Simulated unhalted cycles
   cCycles: 918429 # Cycles due to contention stalls
   instrs: 350452104 # Simulated instructions
   uops: 235547357 # issued micro-ops
   bbls: 116306880 # Basic blocks
   approxInstrs: 886396 # Instrs with approx uop decoding
   mispredBranches: 128909 # Mispredicted branches
   IdqNotDelivered: 234661357 # Stalls no uop delivered when no Bkend Stall
   IntMiscRecoveryCycles: 1037020 # Stalls waiting machine clears
   uops executed: 236304633 # Executed microoperations
  skylake-21: # Core stats
   cycles: 235578794 # Simulated unhalted cycles
   cCycles: 918422 # Cycles due to contention stalls
   instrs: 350451309 # Simulated instructions
   uops: 235546827 # issued micro-ops
   bbls: 116306615 # Basic blocks
   approxInstrs: 886396 # Instrs with approx uop decoding
   mispredBranches: 128909 # Mispredicted branches
   IdqNotDelivered: 234660372 # Stalls no uop delivered when no Bkend Stall
   IntMiscRecoveryCycles: 1037167 # Stalls waiting machine clears
   uops executed: 236304103 # Executed microoperations
  skylake-22: # Core stats
   cycles: 235579001 # Simulated unhalted cycles
   cCycles: 918422 # Cycles due to contention stalls
   instrs: 350452044 # Simulated instructions
   uops: 235547312 # issued micro-ops
   bbls: 116306860 # Basic blocks
   approxInstrs: 886395 # Instrs with approx uop decoding
   mispredBranches: 128906 # Mispredicted branches
   IdqNotDelivered: 234660579 # Stalls no uop delivered when no Bkend Stall
   IntMiscRecoveryCycles: 1036658 # Stalls waiting machine clears
   uops executed: 236304593 # Executed microoperations
  skylake-23: # Core stats
   cycles: 0 # Simulated unhalted cycles
   cCycles: 0 # Cycles due to contention stalls
   instrs: 0 # Simulated instructions
   uops: 0 # issued micro-ops
   bbls: 0 # Basic blocks
   approxInstrs: 0 # Instrs with approx uop decoding
   mispredBranches: 0 # Mispredicted branches
   IdqNotDelivered: 0 # Stalls no uop delivered when no Bkend Stall
   IntMiscRecoveryCycles: 0 # Stalls waiting machine clears
   uops executed: 0 # Executed microoperations
 l1d: # Cache stats
  l1d-0: # Filter cache stats
   fhGETS: 769248 # Filtered GETS hits
   fhGETX: 627698 # Filtered GETX hits
   hGETS: 133531 # GETS hits
   hGETX: 138089 # GETX hits
   mGETS: 129042 # GETS misses
   mGETXIM: 250105 # GETX I->M misses
   mGETXSM: 8 # GETX S->M misses (upgrade misses)
   PUTS: 0 # Clean evictions (from lower level)
   PUTX: 0 # Dirty evictions (from lower level)
   INV: 106 # Invalidates (from upper level)
   INVX: 88 # Downgrades (from upper level)
   FWD: 0 # Forwards (from upper level)
   latGETnl: 103092654 # GET request latency on next level
   latGETnet: 0 # GET request latency on network to next level
  l1d-1: # Filter cache stats
   fhGETS: 768989 # Filtered GETS hits
   fhGETX: 627532 # Filtered GETX hits
   hGETS: 133450 # GETS hits
   hGETX: 138052 # GETX hits
   mGETS: 128997 # GETS misses
   mGETXIM: 250075 # GETX I->M misses
   mGETXSM: 8 # GETX S->M misses (upgrade misses)
   PUTS: 0 # Clean evictions (from lower level)
   PUTX: 0 # Dirty evictions (from lower level)
   INV: 92 # Invalidates (from upper level)
   INVX: 25 # Downgrades (from upper level)
   FWD: 0 # Forwards (from upper level)
   latGETnl: 103062719 # GET request latency on next level
   latGETnet: 0 # GET request latency on network to next level
  l1d-2: # Filter cache stats
   fhGETS: 768865 # Filtered GETS hits
   fhGETX: 627462 # Filtered GETX hits
   hGETS: 133419 # GETS hits
   hGETX: 138033 # GETX hits
   mGETS: 128989 # GETS misses
   mGETXIM: 250066 # GETX I->M misses
   mGETXSM: 4 # GETX S->M misses (upgrade misses)
   PUTS: 0 # Clean evictions (from lower level)
   PUTX: 0 # Dirty evictions (from lower level)
   INV: 70 # Invalidates (from upper level)
   INVX: 4 # Downgrades (from upper level)
   FWD: 0 # Forwards (from upper level)
   latGETnl: 103060580 # GET request latency on next level
   latGETnet: 0 # GET request latency on network to next level
  l1d-3: # Filter cache stats
   fhGETS: 768918 # Filtered GETS hits
   fhGETX: 627487 # Filtered GETX hits
   hGETS: 133455 # GETS hits
   hGETX: 138065 # GETX hits
   mGETS: 128996 # GETS misses
   mGETXIM: 250067 # GETX I->M misses
   mGETXSM: 9 # GETX S->M misses (upgrade misses)
   PUTS: 0 # Clean evictions (from lower level)
   PUTX: 0 # Dirty evictions (from lower level)
   INV: 89 # Invalidates (from upper level)
   INVX: 26 # Downgrades (from upper level)
   FWD: 0 # Forwards (from upper level)
   latGETnl: 103063313 # GET request latency on next level
   latGETnet: 0 # GET request latency on network to next level
  l1d-4: # Filter cache stats
   fhGETS: 768915 # Filtered GETS hits
   fhGETX: 627483 # Filtered GETX hits
   hGETS: 133461 # GETS hits
   hGETX: 138059 # GETX hits
   mGETS: 128990 # GETS misses
   mGETXIM: 250075 # GETX I->M misses
   mGETXSM: 8 # GETX S->M misses (upgrade misses)
   PUTS: 0 # Clean evictions (from lower level)
   PUTX: 0 # Dirty evictions (from lower level)
   INV: 88 # Invalidates (from upper level)
   INVX: 24 # Downgrades (from upper level)
   FWD: 0 # Forwards (from upper level)
   latGETnl: 103062264 # GET request latency on next level
   latGETnet: 0 # GET request latency on network to next level
  l1d-5: # Filter cache stats
   fhGETS: 768938 # Filtered GETS hits
   fhGETX: 627501 # Filtered GETX hits
   hGETS: 133443 # GETS hits
   hGETX: 138042 # GETX hits
   mGETS: 128991 # GETS misses
   mGETXIM: 250072 # GETX I->M misses
   mGETXSM: 7 # GETX S->M misses (upgrade misses)
   PUTS: 0 # Clean evictions (from lower level)
   PUTX: 0 # Dirty evictions (from lower level)
   INV: 84 # Invalidates (from upper level)
   INVX: 16 # Downgrades (from upper level)
   FWD: 0 # Forwards (from upper level)
   latGETnl: 103060534 # GET request latency on next level
   latGETnet: 0 # GET request latency on network to next level
  l1d-6: # Filter cache stats
   fhGETS: 768772 # Filtered GETS hits
   fhGETX: 627409 # Filtered GETX hits
   hGETS: 133433 # GETS hits
   hGETX: 138030 # GETX hits
   mGETS: 128972 # GETS misses
   mGETXIM: 250068 # GETX I->M misses
   mGETXSM: 6 # GETX S->M misses (upgrade misses)
   PUTS: 0 # Clean evictions (from lower level)
   PUTX: 0 # Dirty evictions (from lower level)
   INV: 74 # Invalidates (from upper level)
   INVX: 8 # Downgrades (from upper level)
   FWD: 0 # Forwards (from upper level)
   latGETnl: 103056593 # GET request latency on next level
   latGETnet: 0 # GET request latency on network to next level
  l1d-7: # Filter cache stats
   fhGETS: 768914 # Filtered GETS hits
   fhGETX: 627487 # Filtered GETX hits
   hGETS: 133455 # GETS hits
   hGETX: 138054 # GETX hits
   mGETS: 128993 # GETS misses
   mGETXIM: 250071 # GETX I->M misses
   mGETXSM: 9 # GETX S->M misses (upgrade misses)
   PUTS: 0 # Clean evictions (from lower level)
   PUTX: 0 # Dirty evictions (from lower level)
   INV: 88 # Invalidates (from upper level)
   INVX: 18 # Downgrades (from upper level)
   FWD: 0 # Forwards (from upper level)
   latGETnl: 103060689 # GET request latency on next level
   latGETnet: 0 # GET request latency on network to next level
  l1d-8: # Filter cache stats
   fhGETS: 768773 # Filtered GETS hits
   fhGETX: 627418 # Filtered GETX hits
   hGETS: 133442 # GETS hits
   hGETX: 138024 # GETX hits
   mGETS: 128972 # GETS misses
   mGETXIM: 250066 # GETX I->M misses
   mGETXSM: 6 # GETX S->M misses (upgrade misses)
   PUTS: 0 # Clean evictions (from lower level)
   PUTX: 0 # Dirty evictions (from lower level)
   INV: 70 # Invalidates (from upper level)
   INVX: 19 # Downgrades (from upper level)
   FWD: 0 # Forwards (from upper level)
   latGETnl: 103059438 # GET request latency on next level
   latGETnet: 0 # GET request latency on network to next level
  l1d-9: # Filter cache stats
   fhGETS: 768761 # Filtered GETS hits
   fhGETX: 627398 # Filtered GETX hits
   hGETS: 133441 # GETS hits
   hGETX: 138046 # GETX hits
   mGETS: 128975 # GETS misses
   mGETXIM: 250064 # GETX I->M misses
   mGETXSM: 5 # GETX S->M misses (upgrade misses)
   PUTS: 0 # Clean evictions (from lower level)
   PUTX: 0 # Dirty evictions (from lower level)
   INV: 74 # Invalidates (from upper level)
   INVX: 16 # Downgrades (from upper level)
   FWD: 0 # Forwards (from upper level)
   latGETnl: 103059691 # GET request latency on next level
   latGETnet: 0 # GET request latency on network to next level
  l1d-10: # Filter cache stats
   fhGETS: 768793 # Filtered GETS hits
   fhGETX: 627415 # Filtered GETX hits
   hGETS: 133424 # GETS hits
   hGETX: 138020 # GETX hits
   mGETS: 128970 # GETS misses
   mGETXIM: 250073 # GETX I->M misses
   mGETXSM: 6 # GETX S->M misses (upgrade misses)
   PUTS: 0 # Clean evictions (from lower level)
   PUTX: 0 # Dirty evictions (from lower level)
   INV: 75 # Invalidates (from upper level)
   INVX: 13 # Downgrades (from upper level)
   FWD: 0 # Forwards (from upper level)
   latGETnl: 103057494 # GET request latency on next level
   latGETnet: 0 # GET request latency on network to next level
  l1d-11: # Filter cache stats
   fhGETS: 768950 # Filtered GETS hits
   fhGETX: 627527 # Filtered GETX hits
   hGETS: 133469 # GETS hits
   hGETX: 138035 # GETX hits
   mGETS: 128991 # GETS misses
   mGETXIM: 250085 # GETX I->M misses
   mGETXSM: 9 # GETX S->M misses (upgrade misses)
   PUTS: 0 # Clean evictions (from lower level)
   PUTX: 0 # Dirty evictions (from lower level)
   INV: 84 # Invalidates (from upper level)
   INVX: 13 # Downgrades (from upper level)
   FWD: 0 # Forwards (from upper level)
   latGETnl: 103064009 # GET request latency on next level
   latGETnet: 0 # GET request latency on network to next level
  l1d-12: # Filter cache stats
   fhGETS: 768786 # Filtered GETS hits
   fhGETX: 627417 # Filtered GETX hits
   hGETS: 133429 # GETS hits
   hGETX: 138018 # GETX hits
   mGETS: 128968 # GETS misses
   mGETXIM: 250072 # GETX I->M misses
   mGETXSM: 3 # GETX S->M misses (upgrade misses)
   PUTS: 0 # Clean evictions (from lower level)
   PUTX: 0 # Dirty evictions (from lower level)
   INV: 72 # Invalidates (from upper level)
   INVX: 15 # Downgrades (from upper level)
   FWD: 0 # Forwards (from upper level)
   latGETnl: 103058280 # GET request latency on next level
   latGETnet: 0 # GET request latency on network to next level
  l1d-13: # Filter cache stats
   fhGETS: 768784 # Filtered GETS hits
   fhGETX: 627415 # Filtered GETX hits
   hGETS: 133421 # GETS hits
   hGETX: 138026 # GETX hits
   mGETS: 128972 # GETS misses
   mGETXIM: 250067 # GETX I->M misses
   mGETXSM: 5 # GETX S->M misses (upgrade misses)
   PUTS: 0 # Clean evictions (from lower level)
   PUTX: 0 # Dirty evictions (from lower level)
   INV: 74 # Invalidates (from upper level)
   INVX: 9 # Downgrades (from upper level)
   FWD: 0 # Forwards (from upper level)
   latGETnl: 103056921 # GET request latency on next level
   latGETnet: 0 # GET request latency on network to next level
  l1d-14: # Filter cache stats
   fhGETS: 768789 # Filtered GETS hits
   fhGETX: 627409 # Filtered GETX hits
   hGETS: 133425 # GETS hits
   hGETX: 138032 # GETX hits
   mGETS: 128973 # GETS misses
   mGETXIM: 250067 # GETX I->M misses
   mGETXSM: 6 # GETX S->M misses (upgrade misses)
   PUTS: 0 # Clean evictions (from lower level)
   PUTX: 0 # Dirty evictions (from lower level)
   INV: 72 # Invalidates (from upper level)
   INVX: 2 # Downgrades (from upper level)
   FWD: 0 # Forwards (from upper level)
   latGETnl: 103055497 # GET request latency on next level
   latGETnet: 0 # GET request latency on network to next level
  l1d-15: # Filter cache stats
   fhGETS: 768757 # Filtered GETS hits
   fhGETX: 627394 # Filtered GETX hits
   hGETS: 133440 # GETS hits
   hGETX: 138049 # GETX hits
   mGETS: 128974 # GETS misses
   mGETXIM: 250060 # GETX I->M misses
   mGETXSM: 5 # GETX S->M misses (upgrade misses)
   PUTS: 0 # Clean evictions (from lower level)
   PUTX: 0 # Dirty evictions (from lower level)
   INV: 69 # Invalidates (from upper level)
   INVX: 8 # Downgrades (from upper level)
   FWD: 0 # Forwards (from upper level)
   latGETnl: 103057066 # GET request latency on next level
   latGETnet: 0 # GET request latency on network to next level
  l1d-16: # Filter cache stats
   fhGETS: 768780 # Filtered GETS hits
   fhGETX: 627407 # Filtered GETX hits
   hGETS: 133422 # GETS hits
   hGETX: 138042 # GETX hits
   mGETS: 128975 # GETS misses
   mGETXIM: 250059 # GETX I->M misses
   mGETXSM: 5 # GETX S->M misses (upgrade misses)
   PUTS: 0 # Clean evictions (from lower level)
   PUTX: 0 # Dirty evictions (from lower level)
   INV: 70 # Invalidates (from upper level)
   INVX: 3 # Downgrades (from upper level)
   FWD: 0 # Forwards (from upper level)
   latGETnl: 103055421 # GET request latency on next level
   latGETnet: 0 # GET request latency on network to next level
  l1d-17: # Filter cache stats
   fhGETS: 770189 # Filtered GETS hits
   fhGETX: 627922 # Filtered GETX hits
   hGETS: 133771 # GETS hits
   hGETX: 138100 # GETX hits
   mGETS: 129037 # GETS misses
   mGETXIM: 250050 # GETX I->M misses
   mGETXSM: 15 # GETX S->M misses (upgrade misses)
   PUTS: 0 # Clean evictions (from lower level)
   PUTX: 0 # Dirty evictions (from lower level)
   INV: 72 # Invalidates (from upper level)
   INVX: 2 # Downgrades (from upper level)
   FWD: 0 # Forwards (from upper level)
   latGETnl: 103061156 # GET request latency on next level
   latGETnet: 0 # GET request latency on network to next level
  l1d-18: # Filter cache stats
   fhGETS: 768762 # Filtered GETS hits
   fhGETX: 627402 # Filtered GETX hits
   hGETS: 133443 # GETS hits
   hGETX: 138042 # GETX hits
   mGETS: 128972 # GETS misses
   mGETXIM: 250064 # GETX I->M misses
   mGETXSM: 5 # GETX S->M misses (upgrade misses)
   PUTS: 0 # Clean evictions (from lower level)
   PUTX: 0 # Dirty evictions (from lower level)
   INV: 70 # Invalidates (from upper level)
   INVX: 2 # Downgrades (from upper level)
   FWD: 0 # Forwards (from upper level)
   latGETnl: 103054559 # GET request latency on next level
   latGETnet: 0 # GET request latency on network to next level
  l1d-19: # Filter cache stats
   fhGETS: 768785 # Filtered GETS hits
   fhGETX: 627418 # Filtered GETX hits
   hGETS: 133419 # GETS hits
   hGETX: 138023 # GETX hits
   mGETS: 128972 # GETS misses
   mGETXIM: 250066 # GETX I->M misses
   mGETXSM: 5 # GETX S->M misses (upgrade misses)
   PUTS: 0 # Clean evictions (from lower level)
   PUTX: 0 # Dirty evictions (from lower level)
   INV: 73 # Invalidates (from upper level)
   INVX: 2 # Downgrades (from upper level)
   FWD: 0 # Forwards (from upper level)
   latGETnl: 103054653 # GET request latency on next level
   latGETnet: 0 # GET request latency on network to next level
  l1d-20: # Filter cache stats
   fhGETS: 768781 # Filtered GETS hits
   fhGETX: 627412 # Filtered GETX hits
   hGETS: 133421 # GETS hits
   hGETX: 138035 # GETX hits
   mGETS: 128975 # GETS misses
   mGETXIM: 250061 # GETX I->M misses
   mGETXSM: 5 # GETX S->M misses (upgrade misses)
   PUTS: 0 # Clean evictions (from lower level)
   PUTX: 0 # Dirty evictions (from lower level)
   INV: 71 # Invalidates (from upper level)
   INVX: 2 # Downgrades (from upper level)
   FWD: 0 # Forwards (from upper level)
   latGETnl: 103055234 # GET request latency on next level
   latGETnet: 0 # GET request latency on network to next level
  l1d-21: # Filter cache stats
   fhGETS: 768780 # Filtered GETS hits
   fhGETX: 627411 # Filtered GETX hits
   hGETS: 133421 # GETS hits
   hGETX: 138038 # GETX hits
   mGETS: 128976 # GETS misses
   mGETXIM: 250059 # GETX I->M misses
   mGETXSM: 5 # GETX S->M misses (upgrade misses)
   PUTS: 0 # Clean evictions (from lower level)
   PUTX: 0 # Dirty evictions (from lower level)
   INV: 70 # Invalidates (from upper level)
   INVX: 3 # Downgrades (from upper level)
   FWD: 0 # Forwards (from upper level)
   latGETnl: 103055637 # GET request latency on next level
   latGETnet: 0 # GET request latency on network to next level
  l1d-22: # Filter cache stats
   fhGETS: 768782 # Filtered GETS hits
   fhGETX: 627408 # Filtered GETX hits
   hGETS: 133423 # GETS hits
   hGETX: 138031 # GETX hits
   mGETS: 128971 # GETS misses
   mGETXIM: 250068 # GETX I->M misses
   mGETXSM: 5 # GETX S->M misses (upgrade misses)
   PUTS: 0 # Clean evictions (from lower level)
   PUTX: 0 # Dirty evictions (from lower level)
   INV: 74 # Invalidates (from upper level)
   INVX: 3 # Downgrades (from upper level)
   FWD: 0 # Forwards (from upper level)
   latGETnl: 103054939 # GET request latency on next level
   latGETnet: 0 # GET request latency on network to next level
  l1d-23: # Filter cache stats
   fhGETS: 0 # Filtered GETS hits
   fhGETX: 0 # Filtered GETX hits
   hGETS: 0 # GETS hits
   hGETX: 0 # GETX hits
   mGETS: 0 # GETS misses
   mGETXIM: 0 # GETX I->M misses
   mGETXSM: 0 # GETX S->M misses (upgrade misses)
   PUTS: 0 # Clean evictions (from lower level)
   PUTX: 0 # Dirty evictions (from lower level)
   INV: 0 # Invalidates (from upper level)
   INVX: 0 # Downgrades (from upper level)
   FWD: 0 # Forwards (from upper level)
   latGETnl: 0 # GET request latency on next level
   latGETnet: 0 # GET request latency on network to next level
 l1i: # Cache stats
  l1i-0: # Filter cache stats
   fhGETS: 116936186 # Filtered GETS hits
   fhGETX: 0 # Filtered GETX hits
   hGETS: 121110 # GETS hits
   hGETX: 0 # GETX hits
   mGETS: 823 # GETS misses
   mGETXIM: 0 # GETX I->M misses
   mGETXSM: 0 # GETX S->M misses (upgrade misses)
   PUTS: 0 # Clean evictions (from lower level)
   PUTX: 0 # Dirty evictions (from lower level)
   INV: 800 # Invalidates (from upper level)
   INVX: 0 # Downgrades (from upper level)
   FWD: 0 # Forwards (from upper level)
   latGETnl: 78056 # GET request latency on next level
   latGETnet: 0 # GET request latency on network to next level
  l1i-1: # Filter cache stats
   fhGETS: 116936010 # Filtered GETS hits
   fhGETX: 0 # Filtered GETX hits
   hGETS: 121103 # GETS hits
   hGETX: 0 # GETX hits
   mGETS: 722 # GETS misses
   mGETXIM: 0 # GETX I->M misses
   mGETXSM: 0 # GETX S->M misses (upgrade misses)
   PUTS: 0 # Clean evictions (from lower level)
   PUTX: 0 # Dirty evictions (from lower level)
   INV: 699 # Invalidates (from upper level)
   INVX: 0 # Downgrades (from upper level)
   FWD: 0 # Forwards (from upper level)
   latGETnl: 39784 # GET request latency on next level
   latGETnet: 0 # GET request latency on network to next level
  l1i-2: # Filter cache stats
   fhGETS: 116935026 # Filtered GETS hits
   fhGETX: 0 # Filtered GETX hits
   hGETS: 121105 # GETS hits
   hGETX: 0 # GETX hits
   mGETS: 750 # GETS misses
   mGETXIM: 0 # GETX I->M misses
   mGETXSM: 0 # GETX S->M misses (upgrade misses)
   PUTS: 0 # Clean evictions (from lower level)
   PUTX: 0 # Dirty evictions (from lower level)
   INV: 727 # Invalidates (from upper level)
   INVX: 0 # Downgrades (from upper level)
   FWD: 0 # Forwards (from upper level)
   latGETnl: 44250 # GET request latency on next level
   latGETnet: 0 # GET request latency on network to next level
  l1i-3: # Filter cache stats
   fhGETS: 116935893 # Filtered GETS hits
   fhGETX: 0 # Filtered GETX hits
   hGETS: 121099 # GETS hits
   hGETX: 0 # GETX hits
   mGETS: 735 # GETS misses
   mGETXIM: 0 # GETX I->M misses
   mGETXSM: 0 # GETX S->M misses (upgrade misses)
   PUTS: 0 # Clean evictions (from lower level)
   PUTX: 0 # Dirty evictions (from lower level)
   INV: 712 # Invalidates (from upper level)
   INVX: 0 # Downgrades (from upper level)
   FWD: 0 # Forwards (from upper level)
   latGETnl: 39045 # GET request latency on next level
   latGETnet: 0 # GET request latency on network to next level
  l1i-4: # Filter cache stats
   fhGETS: 116935778 # Filtered GETS hits
   fhGETX: 0 # Filtered GETX hits
   hGETS: 121099 # GETS hits
   hGETX: 0 # GETX hits
   mGETS: 731 # GETS misses
   mGETXIM: 0 # GETX I->M misses
   mGETXSM: 0 # GETX S->M misses (upgrade misses)
   PUTS: 0 # Clean evictions (from lower level)
   PUTX: 0 # Dirty evictions (from lower level)
   INV: 708 # Invalidates (from upper level)
   INVX: 0 # Downgrades (from upper level)
   FWD: 0 # Forwards (from upper level)
   latGETnl: 35257 # GET request latency on next level
   latGETnet: 0 # GET request latency on network to next level
  l1i-5: # Filter cache stats
   fhGETS: 116936012 # Filtered GETS hits
   fhGETX: 0 # Filtered GETX hits
   hGETS: 121108 # GETS hits
   hGETX: 0 # GETX hits
   mGETS: 748 # GETS misses
   mGETXIM: 0 # GETX I->M misses
   mGETXSM: 0 # GETX S->M misses (upgrade misses)
   PUTS: 0 # Clean evictions (from lower level)
   PUTX: 0 # Dirty evictions (from lower level)
   INV: 719 # Invalidates (from upper level)
   INVX: 0 # Downgrades (from upper level)
   FWD: 0 # Forwards (from upper level)
   latGETnl: 35606 # GET request latency on next level
   latGETnet: 0 # GET request latency on network to next level
  l1i-6: # Filter cache stats
   fhGETS: 116935848 # Filtered GETS hits
   fhGETX: 0 # Filtered GETX hits
   hGETS: 121097 # GETS hits
   hGETX: 0 # GETX hits
   mGETS: 719 # GETS misses
   mGETXIM: 0 # GETX I->M misses
   mGETXSM: 0 # GETX S->M misses (upgrade misses)
   PUTS: 0 # Clean evictions (from lower level)
   PUTX: 0 # Dirty evictions (from lower level)
   INV: 696 # Invalidates (from upper level)
   INVX: 0 # Downgrades (from upper level)
   FWD: 0 # Forwards (from upper level)
   latGETnl: 40093 # GET request latency on next level
   latGETnet: 0 # GET request latency on network to next level
  l1i-7: # Filter cache stats
   fhGETS: 116935229 # Filtered GETS hits
   fhGETX: 0 # Filtered GETX hits
   hGETS: 121092 # GETS hits
   hGETX: 0 # GETX hits
   mGETS: 740 # GETS misses
   mGETXIM: 0 # GETX I->M misses
   mGETXSM: 0 # GETX S->M misses (upgrade misses)
   PUTS: 0 # Clean evictions (from lower level)
   PUTX: 0 # Dirty evictions (from lower level)
   INV: 717 # Invalidates (from upper level)
   INVX: 0 # Downgrades (from upper level)
   FWD: 0 # Forwards (from upper level)
   latGETnl: 34780 # GET request latency on next level
   latGETnet: 0 # GET request latency on network to next level
  l1i-8: # Filter cache stats
   fhGETS: 116935886 # Filtered GETS hits
   fhGETX: 0 # Filtered GETX hits
   hGETS: 121099 # GETS hits
   hGETX: 0 # GETX hits
   mGETS: 728 # GETS misses
   mGETXIM: 0 # GETX I->M misses
   mGETXSM: 0 # GETX S->M misses (upgrade misses)
   PUTS: 0 # Clean evictions (from lower level)
   PUTX: 0 # Dirty evictions (from lower level)
   INV: 699 # Invalidates (from upper level)
   INVX: 0 # Downgrades (from upper level)
   FWD: 0 # Forwards (from upper level)
   latGETnl: 37141 # GET request latency on next level
   latGETnet: 0 # GET request latency on network to next level
  l1i-9: # Filter cache stats
   fhGETS: 116935800 # Filtered GETS hits
   fhGETX: 0 # Filtered GETX hits
   hGETS: 121094 # GETS hits
   hGETX: 0 # GETX hits
   mGETS: 714 # GETS misses
   mGETXIM: 0 # GETX I->M misses
   mGETXSM: 0 # GETX S->M misses (upgrade misses)
   PUTS: 0 # Clean evictions (from lower level)
   PUTX: 0 # Dirty evictions (from lower level)
   INV: 691 # Invalidates (from upper level)
   INVX: 0 # Downgrades (from upper level)
   FWD: 0 # Forwards (from upper level)
   latGETnl: 36033 # GET request latency on next level
   latGETnet: 0 # GET request latency on network to next level
  l1i-10: # Filter cache stats
   fhGETS: 116935880 # Filtered GETS hits
   fhGETX: 0 # Filtered GETX hits
   hGETS: 121108 # GETS hits
   hGETX: 0 # GETX hits
   mGETS: 718 # GETS misses
   mGETXIM: 0 # GETX I->M misses
   mGETXSM: 0 # GETX S->M misses (upgrade misses)
   PUTS: 0 # Clean evictions (from lower level)
   PUTX: 0 # Dirty evictions (from lower level)
   INV: 691 # Invalidates (from upper level)
   INVX: 0 # Downgrades (from upper level)
   FWD: 0 # Forwards (from upper level)
   latGETnl: 38246 # GET request latency on next level
   latGETnet: 0 # GET request latency on network to next level
  l1i-11: # Filter cache stats
   fhGETS: 116935584 # Filtered GETS hits
   fhGETX: 0 # Filtered GETX hits
   hGETS: 121186 # GETS hits
   hGETX: 0 # GETX hits
   mGETS: 724 # GETS misses
   mGETXIM: 0 # GETX I->M misses
   mGETXSM: 0 # GETX S->M misses (upgrade misses)
   PUTS: 0 # Clean evictions (from lower level)
   PUTX: 0 # Dirty evictions (from lower level)
   INV: 701 # Invalidates (from upper level)
   INVX: 0 # Downgrades (from upper level)
   FWD: 0 # Forwards (from upper level)
   latGETnl: 36053 # GET request latency on next level
   latGETnet: 0 # GET request latency on network to next level
  l1i-12: # Filter cache stats
   fhGETS: 116935854 # Filtered GETS hits
   fhGETX: 0 # Filtered GETX hits
   hGETS: 121107 # GETS hits
   hGETX: 0 # GETX hits
   mGETS: 715 # GETS misses
   mGETXIM: 0 # GETX I->M misses
   mGETXSM: 0 # GETX S->M misses (upgrade misses)
   PUTS: 0 # Clean evictions (from lower level)
   PUTX: 0 # Dirty evictions (from lower level)
   INV: 685 # Invalidates (from upper level)
   INVX: 0 # Downgrades (from upper level)
   FWD: 0 # Forwards (from upper level)
   latGETnl: 36755 # GET request latency on next level
   latGETnet: 0 # GET request latency on network to next level
  l1i-13: # Filter cache stats
   fhGETS: 116935844 # Filtered GETS hits
   fhGETX: 0 # Filtered GETX hits
   hGETS: 121089 # GETS hits
   hGETX: 0 # GETX hits
   mGETS: 726 # GETS misses
   mGETXIM: 0 # GETX I->M misses
   mGETXSM: 0 # GETX S->M misses (upgrade misses)
   PUTS: 0 # Clean evictions (from lower level)
   PUTX: 0 # Dirty evictions (from lower level)
   INV: 703 # Invalidates (from upper level)
   INVX: 0 # Downgrades (from upper level)
   FWD: 0 # Forwards (from upper level)
   latGETnl: 35247 # GET request latency on next level
   latGETnet: 0 # GET request latency on network to next level
  l1i-14: # Filter cache stats
   fhGETS: 116935892 # Filtered GETS hits
   fhGETX: 0 # Filtered GETX hits
   hGETS: 121103 # GETS hits
   hGETX: 0 # GETX hits
   mGETS: 724 # GETS misses
   mGETXIM: 0 # GETX I->M misses
   mGETXSM: 0 # GETX S->M misses (upgrade misses)
   PUTS: 0 # Clean evictions (from lower level)
   PUTX: 0 # Dirty evictions (from lower level)
   INV: 695 # Invalidates (from upper level)
   INVX: 0 # Downgrades (from upper level)
   FWD: 0 # Forwards (from upper level)
   latGETnl: 34703 # GET request latency on next level
   latGETnet: 0 # GET request latency on network to next level
  l1i-15: # Filter cache stats
   fhGETS: 116935657 # Filtered GETS hits
   fhGETX: 0 # Filtered GETX hits
   hGETS: 121091 # GETS hits
   hGETX: 0 # GETX hits
   mGETS: 711 # GETS misses
   mGETXIM: 0 # GETX I->M misses
   mGETXSM: 0 # GETX S->M misses (upgrade misses)
   PUTS: 0 # Clean evictions (from lower level)
   PUTX: 0 # Dirty evictions (from lower level)
   INV: 688 # Invalidates (from upper level)
   INVX: 0 # Downgrades (from upper level)
   FWD: 0 # Forwards (from upper level)
   latGETnl: 34992 # GET request latency on next level
   latGETnet: 0 # GET request latency on network to next level
  l1i-16: # Filter cache stats
   fhGETS: 116935785 # Filtered GETS hits
   fhGETX: 0 # Filtered GETX hits
   hGETS: 121085 # GETS hits
   hGETX: 0 # GETX hits
   mGETS: 724 # GETS misses
   mGETXIM: 0 # GETX I->M misses
   mGETXSM: 0 # GETX S->M misses (upgrade misses)
   PUTS: 0 # Clean evictions (from lower level)
   PUTX: 0 # Dirty evictions (from lower level)
   INV: 701 # Invalidates (from upper level)
   INVX: 0 # Downgrades (from upper level)
   FWD: 0 # Forwards (from upper level)
   latGETnl: 35378 # GET request latency on next level
   latGETnet: 0 # GET request latency on network to next level
  l1i-17: # Filter cache stats
   fhGETS: 116925576 # Filtered GETS hits
   fhGETX: 0 # Filtered GETX hits
   hGETS: 121237 # GETS hits
   hGETX: 0 # GETX hits
   mGETS: 791 # GETS misses
   mGETXIM: 0 # GETX I->M misses
   mGETXSM: 0 # GETX S->M misses (upgrade misses)
   PUTS: 0 # Clean evictions (from lower level)
   PUTX: 0 # Dirty evictions (from lower level)
   INV: 768 # Invalidates (from upper level)
   INVX: 0 # Downgrades (from upper level)
   FWD: 0 # Forwards (from upper level)
   latGETnl: 50227 # GET request latency on next level
   latGETnet: 0 # GET request latency on network to next level
  l1i-18: # Filter cache stats
   fhGETS: 116935647 # Filtered GETS hits
   fhGETX: 0 # Filtered GETX hits
   hGETS: 121081 # GETS hits
   hGETX: 0 # GETX hits
   mGETS: 723 # GETS misses
   mGETXIM: 0 # GETX I->M misses
   mGETXSM: 0 # GETX S->M misses (upgrade misses)
   PUTS: 0 # Clean evictions (from lower level)
   PUTX: 0 # Dirty evictions (from lower level)
   INV: 700 # Invalidates (from upper level)
   INVX: 0 # Downgrades (from upper level)
   FWD: 0 # Forwards (from upper level)
   latGETnl: 33981 # GET request latency on next level
   latGETnet: 0 # GET request latency on network to next level
  l1i-19: # Filter cache stats
   fhGETS: 116935689 # Filtered GETS hits
   fhGETX: 0 # Filtered GETX hits
   hGETS: 121100 # GETS hits
   hGETX: 0 # GETX hits
   mGETS: 722 # GETS misses
   mGETXIM: 0 # GETX I->M misses
   mGETXSM: 0 # GETX S->M misses (upgrade misses)
   PUTS: 0 # Clean evictions (from lower level)
   PUTX: 0 # Dirty evictions (from lower level)
   INV: 699 # Invalidates (from upper level)
   INVX: 0 # Downgrades (from upper level)
   FWD: 0 # Forwards (from upper level)
   latGETnl: 34159 # GET request latency on next level
   latGETnet: 0 # GET request latency on network to next level
  l1i-20: # Filter cache stats
   fhGETS: 116935440 # Filtered GETS hits
   fhGETX: 0 # Filtered GETX hits
   hGETS: 121100 # GETS hits
   hGETX: 0 # GETX hits
   mGETS: 725 # GETS misses
   mGETXIM: 0 # GETX I->M misses
   mGETXSM: 0 # GETX S->M misses (upgrade misses)
   PUTS: 0 # Clean evictions (from lower level)
   PUTX: 0 # Dirty evictions (from lower level)
   INV: 702 # Invalidates (from upper level)
   INVX: 0 # Downgrades (from upper level)
   FWD: 0 # Forwards (from upper level)
   latGETnl: 34075 # GET request latency on next level
   latGETnet: 0 # GET request latency on network to next level
  l1i-21: # Filter cache stats
   fhGETS: 116935196 # Filtered GETS hits
   fhGETX: 0 # Filtered GETX hits
   hGETS: 121083 # GETS hits
   hGETX: 0 # GETX hits
   mGETS: 724 # GETS misses
   mGETXIM: 0 # GETX I->M misses
   mGETXSM: 0 # GETX S->M misses (upgrade misses)
   PUTS: 0 # Clean evictions (from lower level)
   PUTX: 0 # Dirty evictions (from lower level)
   INV: 701 # Invalidates (from upper level)
   INVX: 0 # Downgrades (from upper level)
   FWD: 0 # Forwards (from upper level)
   latGETnl: 34028 # GET request latency on next level
   latGETnet: 0 # GET request latency on network to next level
  l1i-22: # Filter cache stats
   fhGETS: 116935434 # Filtered GETS hits
   fhGETX: 0 # Filtered GETX hits
   hGETS: 121084 # GETS hits
   hGETX: 0 # GETX hits
   mGETS: 712 # GETS misses
   mGETXIM: 0 # GETX I->M misses
   mGETXSM: 0 # GETX S->M misses (upgrade misses)
   PUTS: 0 # Clean evictions (from lower level)
   PUTX: 0 # Dirty evictions (from lower level)
   INV: 689 # Invalidates (from upper level)
   INVX: 0 # Downgrades (from upper level)
   FWD: 0 # Forwards (from upper level)
   latGETnl: 33464 # GET request latency on next level
   latGETnet: 0 # GET request latency on network to next level
  l1i-23: # Filter cache stats
   fhGETS: 0 # Filtered GETS hits
   fhGETX: 0 # Filtered GETX hits
   hGETS: 0 # GETS hits
   hGETX: 0 # GETX hits
   mGETS: 0 # GETS misses
   mGETXIM: 0 # GETX I->M misses
   mGETXSM: 0 # GETX S->M misses (upgrade misses)
   PUTS: 0 # Clean evictions (from lower level)
   PUTX: 0 # Dirty evictions (from lower level)
   INV: 0 # Invalidates (from upper level)
   INVX: 0 # Downgrades (from upper level)
   FWD: 0 # Forwards (from upper level)
   latGETnl: 0 # GET request latency on next level
   latGETnet: 0 # GET request latency on network to next level
 l2: # Cache stats
  l2-0: # Cache stats
   hGETS: 0 # GETS hits
   hGETX: 0 # GETX hits
   mGETS: 129865 # GETS misses
   mGETXIM: 250105 # GETX I->M misses
   mGETXSM: 8 # GETX S->M misses (upgrade misses)
   PUTS: 128808 # Clean evictions (from lower level)
   PUTX: 249723 # Dirty evictions (from lower level)
   INV: 82601 # Invalidates (from upper level)
   INVX: 88 # Downgrades (from upper level)
   FWD: 0 # Forwards (from upper level)
   latGETnl: 99370930 # GET request latency on next level
   latGETnet: 0 # GET request latency on network to next level
  l2-1: # Cache stats
   hGETS: 0 # GETS hits
   hGETX: 0 # GETX hits
   mGETS: 129719 # GETS misses
   mGETXIM: 250075 # GETX I->M misses
   mGETXSM: 8 # GETX S->M misses (upgrade misses)
   PUTS: 128767 # Clean evictions (from lower level)
   PUTX: 249701 # Dirty evictions (from lower level)
   INV: 31434 # Invalidates (from upper level)
   INVX: 25 # Downgrades (from upper level)
   FWD: 0 # Forwards (from upper level)
   latGETnl: 99304483 # GET request latency on next level
   latGETnet: 0 # GET request latency on network to next level
  l2-2: # Cache stats
   hGETS: 0 # GETS hits
   hGETX: 0 # GETX hits
   mGETS: 129739 # GETS misses
   mGETXIM: 250066 # GETX I->M misses
   mGETXSM: 4 # GETX S->M misses (upgrade misses)
   PUTS: 128770 # Clean evictions (from lower level)
   PUTX: 249703 # Dirty evictions (from lower level)
   INV: 36340 # Invalidates (from upper level)
   INVX: 4 # Downgrades (from upper level)
   FWD: 0 # Forwards (from upper level)
   latGETnl: 99306740 # GET request latency on next level
   latGETnet: 0 # GET request latency on network to next level
  l2-3: # Cache stats
   hGETS: 0 # GETS hits
   hGETX: 0 # GETX hits
   mGETS: 129731 # GETS misses
   mGETXIM: 250067 # GETX I->M misses
   mGETXSM: 9 # GETX S->M misses (upgrade misses)
   PUTS: 128765 # Clean evictions (from lower level)
   PUTX: 249699 # Dirty evictions (from lower level)
   INV: 27810 # Invalidates (from upper level)
   INVX: 26 # Downgrades (from upper level)
   FWD: 0 # Forwards (from upper level)
   latGETnl: 99304288 # GET request latency on next level
   latGETnet: 0 # GET request latency on network to next level
  l2-4: # Cache stats
   hGETS: 0 # GETS hits
   hGETX: 0 # GETX hits
   mGETS: 129721 # GETS misses
   mGETXIM: 250075 # GETX I->M misses
   mGETXSM: 8 # GETX S->M misses (upgrade misses)
   PUTS: 128765 # Clean evictions (from lower level)
   PUTX: 249700 # Dirty evictions (from lower level)
   INV: 26470 # Invalidates (from upper level)
   INVX: 24 # Downgrades (from upper level)
   FWD: 0 # Forwards (from upper level)
   latGETnl: 99299481 # GET request latency on next level
   latGETnet: 0 # GET request latency on network to next level
  l2-5: # Cache stats
   hGETS: 0 # GETS hits
   hGETX: 0 # GETX hits
   mGETS: 129739 # GETS misses
   mGETXIM: 250072 # GETX I->M misses
   mGETXSM: 7 # GETX S->M misses (upgrade misses)
   PUTS: 128766 # Clean evictions (from lower level)
   PUTX: 249701 # Dirty evictions (from lower level)
   INV: 34126 # Invalidates (from upper level)
   INVX: 16 # Downgrades (from upper level)
   FWD: 0 # Forwards (from upper level)
   latGETnl: 99297960 # GET request latency on next level
   latGETnet: 0 # GET request latency on network to next level
  l2-6: # Cache stats
   hGETS: 0 # GETS hits
   hGETX: 0 # GETX hits
   mGETS: 129691 # GETS misses
   mGETXIM: 250068 # GETX I->M misses
   mGETXSM: 6 # GETX S->M misses (upgrade misses)
   PUTS: 128756 # Clean evictions (from lower level)
   PUTX: 249698 # Dirty evictions (from lower level)
   INV: 31052 # Invalidates (from upper level)
   INVX: 8 # Downgrades (from upper level)
   FWD: 0 # Forwards (from upper level)
   latGETnl: 99299036 # GET request latency on next level
   latGETnet: 0 # GET request latency on network to next level
  l2-7: # Cache stats
   hGETS: 0 # GETS hits
   hGETX: 0 # GETX hits
   mGETS: 129733 # GETS misses
   mGETXIM: 250071 # GETX I->M misses
   mGETXSM: 9 # GETX S->M misses (upgrade misses)
   PUTS: 128765 # Clean evictions (from lower level)
   PUTX: 249699 # Dirty evictions (from lower level)
   INV: 51048 # Invalidates (from upper level)
   INVX: 18 # Downgrades (from upper level)
   FWD: 0 # Forwards (from upper level)
   latGETnl: 99297339 # GET request latency on next level
   latGETnet: 0 # GET request latency on network to next level
  l2-8: # Cache stats
   hGETS: 0 # GETS hits
   hGETX: 0 # GETX hits
   mGETS: 129700 # GETS misses
   mGETXIM: 250066 # GETX I->M misses
   mGETXSM: 6 # GETX S->M misses (upgrade misses)
   PUTS: 128759 # Clean evictions (from lower level)
   PUTX: 249697 # Dirty evictions (from lower level)
   INV: 44522 # Invalidates (from upper level)
   INVX: 19 # Downgrades (from upper level)
   FWD: 0 # Forwards (from upper level)
   latGETnl: 99298859 # GET request latency on next level
   latGETnet: 0 # GET request latency on network to next level
  l2-9: # Cache stats
   hGETS: 0 # GETS hits
   hGETX: 0 # GETX hits
   mGETS: 129689 # GETS misses
   mGETXIM: 250064 # GETX I->M misses
   mGETXSM: 5 # GETX S->M misses (upgrade misses)
   PUTS: 128756 # Clean evictions (from lower level)
   PUTX: 249697 # Dirty evictions (from lower level)
   INV: 27177 # Invalidates (from upper level)
   INVX: 16 # Downgrades (from upper level)
   FWD: 0 # Forwards (from upper level)
   latGETnl: 99298144 # GET request latency on next level
   latGETnet: 0 # GET request latency on network to next level
  l2-10: # Cache stats
   hGETS: 0 # GETS hits
   hGETX: 0 # GETX hits
   mGETS: 129688 # GETS misses
   mGETXIM: 250073 # GETX I->M misses
   mGETXSM: 6 # GETX S->M misses (upgrade misses)
   PUTS: 128756 # Clean evictions (from lower level)
   PUTX: 249700 # Dirty evictions (from lower level)
   INV: 49360 # Invalidates (from upper level)
   INVX: 13 # Downgrades (from upper level)
   FWD: 0 # Forwards (from upper level)
   latGETnl: 99298070 # GET request latency on next level
   latGETnet: 0 # GET request latency on network to next level
  l2-11: # Cache stats
   hGETS: 0 # GETS hits
   hGETX: 0 # GETX hits
   mGETS: 129715 # GETS misses
   mGETXIM: 250085 # GETX I->M misses
   mGETXSM: 9 # GETX S->M misses (upgrade misses)
   PUTS: 128764 # Clean evictions (from lower level)
   PUTX: 249716 # Dirty evictions (from lower level)
   INV: 79967 # Invalidates (from upper level)
   INVX: 14 # Downgrades (from upper level)
   FWD: 0 # Forwards (from upper level)
   latGETnl: 99301972 # GET request latency on next level
   latGETnet: 0 # GET request latency on network to next level
  l2-12: # Cache stats
   hGETS: 0 # GETS hits
   hGETX: 0 # GETX hits
   mGETS: 129683 # GETS misses
   mGETXIM: 250072 # GETX I->M misses
   mGETXSM: 3 # GETX S->M misses (upgrade misses)
   PUTS: 128754 # Clean evictions (from lower level)
   PUTX: 249702 # Dirty evictions (from lower level)
   INV: 45534 # Invalidates (from upper level)
   INVX: 15 # Downgrades (from upper level)
   FWD: 0 # Forwards (from upper level)
   latGETnl: 99297455 # GET request latency on next level
   latGETnet: 0 # GET request latency on network to next level
  l2-13: # Cache stats
   hGETS: 0 # GETS hits
   hGETX: 0 # GETX hits
   mGETS: 129698 # GETS misses
   mGETXIM: 250067 # GETX I->M misses
   mGETXSM: 5 # GETX S->M misses (upgrade misses)
   PUTS: 128758 # Clean evictions (from lower level)
   PUTX: 249695 # Dirty evictions (from lower level)
   INV: 25767 # Invalidates (from upper level)
   INVX: 9 # Downgrades (from upper level)
   FWD: 0 # Forwards (from upper level)
   latGETnl: 99294468 # GET request latency on next level
   latGETnet: 0 # GET request latency on network to next level
  l2-14: # Cache stats
   hGETS: 0 # GETS hits
   hGETX: 0 # GETX hits
   mGETS: 129697 # GETS misses
   mGETXIM: 250067 # GETX I->M misses
   mGETXSM: 6 # GETX S->M misses (upgrade misses)
   PUTS: 128756 # Clean evictions (from lower level)
   PUTX: 249700 # Dirty evictions (from lower level)
   INV: 28150 # Invalidates (from upper level)
   INVX: 2 # Downgrades (from upper level)
   FWD: 0 # Forwards (from upper level)
   latGETnl: 99292500 # GET request latency on next level
   latGETnet: 0 # GET request latency on network to next level
  l2-15: # Cache stats
   hGETS: 0 # GETS hits
   hGETX: 0 # GETX hits
   mGETS: 129685 # GETS misses
   mGETXIM: 250060 # GETX I->M misses
   mGETXSM: 5 # GETX S->M misses (upgrade misses)
   PUTS: 128755 # Clean evictions (from lower level)
   PUTX: 249698 # Dirty evictions (from lower level)
   INV: 27769 # Invalidates (from upper level)
   INVX: 8 # Downgrades (from upper level)
   FWD: 0 # Forwards (from upper level)
   latGETnl: 99294558 # GET request latency on next level
   latGETnet: 0 # GET request latency on network to next level
  l2-16: # Cache stats
   hGETS: 0 # GETS hits
   hGETX: 0 # GETX hits
   mGETS: 129699 # GETS misses
   mGETXIM: 250059 # GETX I->M misses
   mGETXSM: 5 # GETX S->M misses (upgrade misses)
   PUTS: 128755 # Clean evictions (from lower level)
   PUTX: 249697 # Dirty evictions (from lower level)
   INV: 55505 # Invalidates (from upper level)
   INVX: 3 # Downgrades (from upper level)
   FWD: 0 # Forwards (from upper level)
   latGETnl: 99293169 # GET request latency on next level
   latGETnet: 0 # GET request latency on network to next level
  l2-17: # Cache stats
   hGETS: 0 # GETS hits
   hGETX: 0 # GETX hits
   mGETS: 129828 # GETS misses
   mGETXIM: 250050 # GETX I->M misses
   mGETXSM: 15 # GETX S->M misses (upgrade misses)
   PUTS: 128807 # Clean evictions (from lower level)
   PUTX: 249696 # Dirty evictions (from lower level)
   INV: 27441 # Invalidates (from upper level)
   INVX: 2 # Downgrades (from upper level)
   FWD: 0 # Forwards (from upper level)
   latGETnl: 99312453 # GET request latency on next level
   latGETnet: 0 # GET request latency on network to next level
  l2-18: # Cache stats
   hGETS: 0 # GETS hits
   hGETX: 0 # GETX hits
   mGETS: 129695 # GETS misses
   mGETXIM: 250064 # GETX I->M misses
   mGETXSM: 5 # GETX S->M misses (upgrade misses)
   PUTS: 128757 # Clean evictions (from lower level)
   PUTX: 249697 # Dirty evictions (from lower level)
   INV: 28188 # Invalidates (from upper level)
   INVX: 2 # Downgrades (from upper level)
   FWD: 0 # Forwards (from upper level)
   latGETnl: 99290900 # GET request latency on next level
   latGETnet: 0 # GET request latency on network to next level
  l2-19: # Cache stats
   hGETS: 0 # GETS hits
   hGETX: 0 # GETX hits
   mGETS: 129694 # GETS misses
   mGETXIM: 250066 # GETX I->M misses
   mGETXSM: 5 # GETX S->M misses (upgrade misses)
   PUTS: 128754 # Clean evictions (from lower level)
   PUTX: 249699 # Dirty evictions (from lower level)
   INV: 27558 # Invalidates (from upper level)
   INVX: 2 # Downgrades (from upper level)
   FWD: 0 # Forwards (from upper level)
   latGETnl: 99291162 # GET request latency on next level
   latGETnet: 0 # GET request latency on network to next level
  l2-20: # Cache stats
   hGETS: 0 # GETS hits
   hGETX: 0 # GETX hits
   mGETS: 129700 # GETS misses
   mGETXIM: 250061 # GETX I->M misses
   mGETXSM: 5 # GETX S->M misses (upgrade misses)
   PUTS: 128757 # Clean evictions (from lower level)
   PUTX: 249696 # Dirty evictions (from lower level)
   INV: 83774 # Invalidates (from upper level)
   INVX: 2 # Downgrades (from upper level)
   FWD: 0 # Forwards (from upper level)
   latGETnl: 99291649 # GET request latency on next level
   latGETnet: 0 # GET request latency on network to next level
  l2-21: # Cache stats
   hGETS: 0 # GETS hits
   hGETX: 0 # GETX hits
   mGETS: 129700 # GETS misses
   mGETXIM: 250059 # GETX I->M misses
   mGETXSM: 5 # GETX S->M misses (upgrade misses)
   PUTS: 128756 # Clean evictions (from lower level)
   PUTX: 249697 # Dirty evictions (from lower level)
   INV: 57677 # Invalidates (from upper level)
   INVX: 3 # Downgrades (from upper level)
   FWD: 0 # Forwards (from upper level)
   latGETnl: 99292025 # GET request latency on next level
   latGETnet: 0 # GET request latency on network to next level
  l2-22: # Cache stats
   hGETS: 0 # GETS hits
   hGETX: 0 # GETX hits
   mGETS: 129683 # GETS misses
   mGETXIM: 250068 # GETX I->M misses
   mGETXSM: 5 # GETX S->M misses (upgrade misses)
   PUTS: 128755 # Clean evictions (from lower level)
   PUTX: 249698 # Dirty evictions (from lower level)
   INV: 80014 # Invalidates (from upper level)
   INVX: 3 # Downgrades (from upper level)
   FWD: 0 # Forwards (from upper level)
   latGETnl: 99290843 # GET request latency on next level
   latGETnet: 0 # GET request latency on network to next level
  l2-23: # Cache stats
   hGETS: 0 # GETS hits
   hGETX: 0 # GETX hits
   mGETS: 0 # GETS misses
   mGETXIM: 0 # GETX I->M misses
   mGETXSM: 0 # GETX S->M misses (upgrade misses)
   PUTS: 0 # Clean evictions (from lower level)
   PUTX: 0 # Dirty evictions (from lower level)
   INV: 0 # Invalidates (from upper level)
   INVX: 0 # Downgrades (from upper level)
   FWD: 0 # Forwards (from upper level)
   latGETnl: 0 # GET request latency on next level
   latGETnet: 0 # GET request latency on network to next level
 l3: # Cache stats
  l3-0b0: # Cache stats
   hGETS: 849 # GETS hits
   hGETX: 48 # GETX hits
   mGETS: 123441 # GETS misses
   mGETXIM: 239648 # GETX I->M misses
   mGETXSM: 0 # GETX S->M misses (upgrade misses)
   PUTS: 107250 # Clean evictions (from lower level)
   PUTX: 199429 # Dirty evictions (from lower level)
   INV: 0 # Invalidates (from upper level)
   INVX: 0 # Downgrades (from upper level)
   FWD: 0 # Forwards (from upper level)
   latGETnl: 81695025 # GET request latency on next level
   latGETnet: 0 # GET request latency on network to next level
  l3-0b1: # Cache stats
   hGETS: 834 # GETS hits
   hGETX: 35 # GETX hits
   mGETS: 123554 # GETS misses
   mGETXIM: 239645 # GETX I->M misses
   mGETXSM: 0 # GETX S->M misses (upgrade misses)
   PUTS: 107326 # Clean evictions (from lower level)
   PUTX: 199580 # Dirty evictions (from lower level)
   INV: 0 # Invalidates (from upper level)
   INVX: 0 # Downgrades (from upper level)
   FWD: 0 # Forwards (from upper level)
   latGETnl: 81719775 # GET request latency on next level
   latGETnet: 0 # GET request latency on network to next level
  l3-0b2: # Cache stats
   hGETS: 729 # GETS hits
   hGETX: 33 # GETX hits
   mGETS: 123508 # GETS misses
   mGETXIM: 239650 # GETX I->M misses
   mGETXSM: 0 # GETX S->M misses (upgrade misses)
   PUTS: 107220 # Clean evictions (from lower level)
   PUTX: 199576 # Dirty evictions (from lower level)
   INV: 0 # Invalidates (from upper level)
   INVX: 0 # Downgrades (from upper level)
   FWD: 0 # Forwards (from upper level)
   latGETnl: 81710550 # GET request latency on next level
   latGETnet: 0 # GET request latency on network to next level
  l3-0b3: # Cache stats
   hGETS: 841 # GETS hits
   hGETX: 45 # GETX hits
   mGETS: 123430 # GETS misses
   mGETXIM: 239650 # GETX I->M misses
   mGETXSM: 0 # GETX S->M misses (upgrade misses)
   PUTS: 107255 # Clean evictions (from lower level)
   PUTX: 199595 # Dirty evictions (from lower level)
   INV: 0 # Invalidates (from upper level)
   INVX: 0 # Downgrades (from upper level)
   FWD: 0 # Forwards (from upper level)
   latGETnl: 81693000 # GET request latency on next level
   latGETnet: 0 # GET request latency on network to next level
  l3-0b4: # Cache stats
   hGETS: 780 # GETS hits
   hGETX: 73 # GETX hits
   mGETS: 123430 # GETS misses
   mGETXIM: 239648 # GETX I->M misses
   mGETXSM: 0 # GETX S->M misses (upgrade misses)
   PUTS: 107169 # Clean evictions (from lower level)
   PUTX: 199643 # Dirty evictions (from lower level)
   INV: 0 # Invalidates (from upper level)
   INVX: 0 # Downgrades (from upper level)
   FWD: 0 # Forwards (from upper level)
   latGETnl: 81692550 # GET request latency on next level
   latGETnet: 0 # GET request latency on network to next level
  l3-0b5: # Cache stats
   hGETS: 903 # GETS hits
   hGETX: 86 # GETX hits
   mGETS: 123529 # GETS misses
   mGETXIM: 239650 # GETX I->M misses
   mGETXSM: 0 # GETX S->M misses (upgrade misses)
   PUTS: 107387 # Clean evictions (from lower level)
   PUTX: 199559 # Dirty evictions (from lower level)
   INV: 0 # Invalidates (from upper level)
   INVX: 0 # Downgrades (from upper level)
   FWD: 0 # Forwards (from upper level)
   latGETnl: 81715275 # GET request latency on next level
   latGETnet: 0 # GET request latency on network to next level
  l3-0b6: # Cache stats
   hGETS: 751 # GETS hits
   hGETX: 53 # GETX hits
   mGETS: 123534 # GETS misses
   mGETXIM: 239646 # GETX I->M misses
   mGETXSM: 0 # GETX S->M misses (upgrade misses)
   PUTS: 107183 # Clean evictions (from lower level)
   PUTX: 199623 # Dirty evictions (from lower level)
   INV: 0 # Invalidates (from upper level)
   INVX: 0 # Downgrades (from upper level)
   FWD: 0 # Forwards (from upper level)
   latGETnl: 81715500 # GET request latency on next level
   latGETnet: 0 # GET request latency on network to next level
  l3-0b7: # Cache stats
   hGETS: 1342 # GETS hits
   hGETX: 71 # GETX hits
   mGETS: 123477 # GETS misses
   mGETXIM: 239647 # GETX I->M misses
   mGETXSM: 0 # GETX S->M misses (upgrade misses)
   PUTS: 107694 # Clean evictions (from lower level)
   PUTX: 199593 # Dirty evictions (from lower level)
   INV: 0 # Invalidates (from upper level)
   INVX: 0 # Downgrades (from upper level)
   FWD: 0 # Forwards (from upper level)
   latGETnl: 81702900 # GET request latency on next level
   latGETnet: 0 # GET request latency on network to next level
  l3-0b8: # Cache stats
   hGETS: 838 # GETS hits
   hGETX: 62 # GETX hits
   mGETS: 123494 # GETS misses
   mGETXIM: 239638 # GETX I->M misses
   mGETXSM: 0 # GETX S->M misses (upgrade misses)
   PUTS: 107319 # Clean evictions (from lower level)
   PUTX: 199640 # Dirty evictions (from lower level)
   INV: 0 # Invalidates (from upper level)
   INVX: 0 # Downgrades (from upper level)
   FWD: 0 # Forwards (from upper level)
   latGETnl: 81704700 # GET request latency on next level
   latGETnet: 0 # GET request latency on network to next level
  l3-0b9: # Cache stats
   hGETS: 872 # GETS hits
   hGETX: 39 # GETX hits
   mGETS: 123484 # GETS misses
   mGETXIM: 239640 # GETX I->M misses
   mGETXSM: 0 # GETX S->M misses (upgrade misses)
   PUTS: 107336 # Clean evictions (from lower level)
   PUTX: 199571 # Dirty evictions (from lower level)
   INV: 0 # Invalidates (from upper level)
   INVX: 0 # Downgrades (from upper level)
   FWD: 0 # Forwards (from upper level)
   latGETnl: 81702900 # GET request latency on next level
   latGETnet: 0 # GET request latency on network to next level
  l3-0b10: # Cache stats
   hGETS: 825 # GETS hits
   hGETX: 39 # GETX hits
   mGETS: 123507 # GETS misses
   mGETXIM: 239638 # GETX I->M misses
   mGETXSM: 0 # GETX S->M misses (upgrade misses)
   PUTS: 107342 # Clean evictions (from lower level)
   PUTX: 199538 # Dirty evictions (from lower level)
   INV: 0 # Invalidates (from upper level)
   INVX: 0 # Downgrades (from upper level)
   FWD: 0 # Forwards (from upper level)
   latGETnl: 81707625 # GET request latency on next level
   latGETnet: 0 # GET request latency on network to next level
  l3-0b11: # Cache stats
   hGETS: 783 # GETS hits
   hGETX: 55 # GETX hits
   mGETS: 123577 # GETS misses
   mGETXIM: 239638 # GETX I->M misses
   mGETXSM: 0 # GETX S->M misses (upgrade misses)
   PUTS: 107298 # Clean evictions (from lower level)
   PUTX: 199530 # Dirty evictions (from lower level)
   INV: 0 # Invalidates (from upper level)
   INVX: 0 # Downgrades (from upper level)
   FWD: 0 # Forwards (from upper level)
   latGETnl: 81723375 # GET request latency on next level
   latGETnet: 0 # GET request latency on network to next level
  l3-0b12: # Cache stats
   hGETS: 775 # GETS hits
   hGETX: 22 # GETX hits
   mGETS: 123522 # GETS misses
   mGETXIM: 239638 # GETX I->M misses
   mGETXSM: 0 # GETX S->M misses (upgrade misses)
   PUTS: 107279 # Clean evictions (from lower level)
   PUTX: 199637 # Dirty evictions (from lower level)
   INV: 0 # Invalidates (from upper level)
   INVX: 0 # Downgrades (from upper level)
   FWD: 0 # Forwards (from upper level)
   latGETnl: 81711000 # GET request latency on next level
   latGETnet: 0 # GET request latency on network to next level
  l3-0b13: # Cache stats
   hGETS: 745 # GETS hits
   hGETX: 6 # GETX hits
   mGETS: 123474 # GETS misses
   mGETXIM: 239644 # GETX I->M misses
   mGETXSM: 0 # GETX S->M misses (upgrade misses)
   PUTS: 107179 # Clean evictions (from lower level)
   PUTX: 199572 # Dirty evictions (from lower level)
   INV: 0 # Invalidates (from upper level)
   INVX: 0 # Downgrades (from upper level)
   FWD: 0 # Forwards (from upper level)
   latGETnl: 81701550 # GET request latency on next level
   latGETnet: 0 # GET request latency on network to next level
  l3-0b14: # Cache stats
   hGETS: 823 # GETS hits
   hGETX: 15 # GETX hits
   mGETS: 123484 # GETS misses
   mGETXIM: 239638 # GETX I->M misses
   mGETXSM: 0 # GETX S->M misses (upgrade misses)
   PUTS: 107304 # Clean evictions (from lower level)
   PUTX: 199630 # Dirty evictions (from lower level)
   INV: 0 # Invalidates (from upper level)
   INVX: 0 # Downgrades (from upper level)
   FWD: 0 # Forwards (from upper level)
   latGETnl: 81702450 # GET request latency on next level
   latGETnet: 0 # GET request latency on network to next level
  l3-0b15: # Cache stats
   hGETS: 768 # GETS hits
   hGETX: 27 # GETX hits
   mGETS: 123537 # GETS misses
   mGETXIM: 239638 # GETX I->M misses
   mGETXSM: 0 # GETX S->M misses (upgrade misses)
   PUTS: 107293 # Clean evictions (from lower level)
   PUTX: 199634 # Dirty evictions (from lower level)
   INV: 0 # Invalidates (from upper level)
   INVX: 0 # Downgrades (from upper level)
   FWD: 0 # Forwards (from upper level)
   latGETnl: 81714375 # GET request latency on next level
   latGETnet: 0 # GET request latency on network to next level
  l3-0b16: # Cache stats
   hGETS: 898 # GETS hits
   hGETX: 37 # GETX hits
   mGETS: 123514 # GETS misses
   mGETXIM: 239561 # GETX I->M misses
   mGETXSM: 0 # GETX S->M misses (upgrade misses)
   PUTS: 107446 # Clean evictions (from lower level)
   PUTX: 199662 # Dirty evictions (from lower level)
   INV: 0 # Invalidates (from upper level)
   INVX: 0 # Downgrades (from upper level)
   FWD: 0 # Forwards (from upper level)
   latGETnl: 81691875 # GET request latency on next level
   latGETnet: 0 # GET request latency on network to next level
  l3-0b17: # Cache stats
   hGETS: 364 # GETS hits
   hGETX: 34 # GETX hits
   mGETS: 123407 # GETS misses
   mGETXIM: 239554 # GETX I->M misses
   mGETXSM: 0 # GETX S->M misses (upgrade misses)
   PUTS: 106900 # Clean evictions (from lower level)
   PUTX: 199648 # Dirty evictions (from lower level)
   INV: 0 # Invalidates (from upper level)
   INVX: 0 # Downgrades (from upper level)
   FWD: 0 # Forwards (from upper level)
   latGETnl: 81666225 # GET request latency on next level
   latGETnet: 0 # GET request latency on network to next level
  l3-0b18: # Cache stats
   hGETS: 825 # GETS hits
   hGETX: 17 # GETX hits
   mGETS: 123401 # GETS misses
   mGETXIM: 239561 # GETX I->M misses
   mGETXSM: 0 # GETX S->M misses (upgrade misses)
   PUTS: 107286 # Clean evictions (from lower level)
   PUTX: 199721 # Dirty evictions (from lower level)
   INV: 0 # Invalidates (from upper level)
   INVX: 0 # Downgrades (from upper level)
   FWD: 0 # Forwards (from upper level)
   latGETnl: 81666450 # GET request latency on next level
   latGETnet: 0 # GET request latency on network to next level
  l3-0b19: # Cache stats
   hGETS: 888 # GETS hits
   hGETX: 49 # GETX hits
   mGETS: 123434 # GETS misses
   mGETXIM: 239558 # GETX I->M misses
   mGETXSM: 0 # GETX S->M misses (upgrade misses)
   PUTS: 107353 # Clean evictions (from lower level)
   PUTX: 199782 # Dirty evictions (from lower level)
   INV: 0 # Invalidates (from upper level)
   INVX: 0 # Downgrades (from upper level)
   FWD: 0 # Forwards (from upper level)
   latGETnl: 81673200 # GET request latency on next level
   latGETnet: 0 # GET request latency on network to next level
  l3-0b20: # Cache stats
   hGETS: 901 # GETS hits
   hGETX: 10 # GETX hits
   mGETS: 123473 # GETS misses
   mGETXIM: 239558 # GETX I->M misses
   mGETXSM: 0 # GETX S->M misses (upgrade misses)
   PUTS: 107381 # Clean evictions (from lower level)
   PUTX: 199637 # Dirty evictions (from lower level)
   INV: 0 # Invalidates (from upper level)
   INVX: 0 # Downgrades (from upper level)
   FWD: 0 # Forwards (from upper level)
   latGETnl: 81681975 # GET request latency on next level
   latGETnet: 0 # GET request latency on network to next level
  l3-0b21: # Cache stats
   hGETS: 863 # GETS hits
   hGETX: 7 # GETX hits
   mGETS: 123422 # GETS misses
   mGETXIM: 239557 # GETX I->M misses
   mGETXSM: 0 # GETX S->M misses (upgrade misses)
   PUTS: 107284 # Clean evictions (from lower level)
   PUTX: 199652 # Dirty evictions (from lower level)
   INV: 0 # Invalidates (from upper level)
   INVX: 0 # Downgrades (from upper level)
   FWD: 0 # Forwards (from upper level)
   latGETnl: 81670275 # GET request latency on next level
   latGETnet: 0 # GET request latency on network to next level
  l3-0b22: # Cache stats
   hGETS: 957 # GETS hits
   hGETX: 53 # GETX hits
   mGETS: 123425 # GETS misses
   mGETXIM: 239557 # GETX I->M misses
   mGETXSM: 0 # GETX S->M misses (upgrade misses)
   PUTS: 107332 # Clean evictions (from lower level)
   PUTX: 199632 # Dirty evictions (from lower level)
   INV: 0 # Invalidates (from upper level)
   INVX: 0 # Downgrades (from upper level)
   FWD: 0 # Forwards (from upper level)
   latGETnl: 81670950 # GET request latency on next level
   latGETnet: 0 # GET request latency on network to next level
  l3-0b23: # Cache stats
   hGETS: 842 # GETS hits
   hGETX: 52 # GETX hits
   mGETS: 123438 # GETS misses
   mGETXIM: 239559 # GETX I->M misses
   mGETXSM: 0 # GETX S->M misses (upgrade misses)
   PUTS: 107336 # Clean evictions (from lower level)
   PUTX: 199792 # Dirty evictions (from lower level)
   INV: 0 # Invalidates (from upper level)
   INVX: 0 # Downgrades (from upper level)
   FWD: 0 # Forwards (from upper level)
   latGETnl: 81674325 # GET request latency on next level
   latGETnet: 0 # GET request latency on network to next level
 mem: # Memory controller stats
  mem-0: # Memory controller stats
   rd: 8704815 # Read requests
   wr: 5377080 # Write requests
   rdlat: 2019488285 # Total latency experienced by read requests
   wrlat: 1248808393 # Total latency experienced by write requests
 sched: # Scheduler stats
  thCr: 25 # Threads created
  thFn: 25 # Threads finished
  schedEvs: 26 # Schedule events
  waitEvs: 2 # Wait events
  handoffEvs: 1 # Handoff events
  sleepEvs: 1 # Sleep events
  idlePhases: 0 # Phases with no thread active
  idlePeriods: 0 # Periods with no thread active
  occHist: # Occupancy histogram
   0: 0
   1: 36
   2: 0
   3: 2
   4: 2
   5: 1
   6: 1
   7: 0
   8: 1
   9: 0
   10: 0
   11: 0
   12: 1
   13: 0
   14: 1
   15: 0
   16: 0
   17: 1
   18: 0
   19: 0
   20: 1
   21: 0
   22: 1
   23: 235578
   24: 0
  rqSzHist: # Run queue size histogram
   0: 235596
   1: 30
   2: 0
   3: 0
   4: 0
   5: 0
   6: 0
   7: 0
   8: 0
   9: 0
   10: 0
   11: 0
   12: 0
   13: 0
   14: 0
   15: 0
   16: 0
   17: 0
   18: 0
   19: 0
   20: 0
   21: 0
   22: 0
   23: 0
   24: 0
 procCycles: # Per-process unhalted core cycles
  0: 5418447916
  1: 0
  2: 0
  3: 0
  4: 0
  5: 0
  6: 0
  7: 0
  8: 0
  9: 0
  10: 0
  11: 0
  12: 0
  13: 0
  14: 0
  15: 0
  16: 0
  17: 0
  18: 0
  19: 0
  20: 0
  21: 0
  22: 0
  23: 0
  24: 0
  25: 0
  26: 0
  27: 0
  28: 0
  29: 0
  30: 0
  31: 0
  32: 0
  33: 0
  34: 0
  35: 0
  36: 0
  37: 0
  38: 0
  39: 0
  40: 0
  41: 0
  42: 0
  43: 0
  44: 0
  45: 0
  46: 0
  47: 0
  48: 0
  49: 0
  50: 0
  51: 0
  52: 0
  53: 0
  54: 0
  55: 0
  56: 0
  57: 0
  58: 0
  59: 0
  60: 0
  61: 0
  62: 0
  63: 0
 procInstrs: # Per-process instructions
  0: 8060390552
  1: 0
  2: 0
  3: 0
  4: 0
  5: 0
  6: 0
  7: 0
  8: 0
  9: 0
  10: 0
  11: 0
  12: 0
  13: 0
  14: 0
  15: 0
  16: 0
  17: 0
  18: 0
  19: 0
  20: 0
  21: 0
  22: 0
  23: 0
  24: 0
  25: 0
  26: 0
  27: 0
  28: 0
  29: 0
  30: 0
  31: 0
  32: 0
  33: 0
  34: 0
  35: 0
  36: 0
  37: 0
  38: 0
  39: 0
  40: 0
  41: 0
  42: 0
  43: 0
  44: 0
  45: 0
  46: 0
  47: 0
  48: 0
  49: 0
  50: 0
  51: 0
  52: 0
  53: 0
  54: 0
  55: 0
  56: 0
  57: 0
  58: 0
  59: 0
  60: 0
  61: 0
  62: 0
  63: 0
 heartbeats: # Per-process heartbeats
  0: 0
  1: 0
  2: 0
  3: 0
  4: 0
  5: 0
  6: 0
  7: 0
  8: 0
  9: 0
  10: 0
  11: 0
  12: 0
  13: 0
  14: 0
  15: 0
  16: 0
  17: 0
  18: 0
  19: 0
  20: 0
  21: 0
  22: 0
  23: 0
  24: 0
  25: 0
  26: 0
  27: 0
  28: 0
  29: 0
  30: 0
  31: 0
  32: 0
  33: 0
  34: 0
  35: 0
  36: 0
  37: 0
  38: 0
  39: 0
  40: 0
  41: 0
  42: 0
  43: 0
  44: 0
  45: 0
  46: 0
  47: 0
  48: 0
  49: 0
  50: 0
  51: 0
  52: 0
  53: 0
  54: 0
  55: 0
  56: 0
  57: 0
  58: 0
  59: 0
  60: 0
  61: 0
  62: 0
  63: 0
===
