# zsim stats
===
root: # Stats
 contention: # Contention simulation stats
  domain-0: # Domain stats
   time: 12620381481 # Weave simulation time
 time: # Simulator time breakdown
  init: 3175734377
  bound: 90773197468
  weave: 15889326369
  ff: 1250006
 trigger: 20000 # Reason for this stats dump
 phase: 59250 # Simulated phases
 reqCycles: 0 # Requeue Cycles
 skylake: # Core stats
  skylake-0: # Core stats
   cycles: 59250133 # Simulated unhalted cycles
   cCycles: 6835832 # Cycles due to contention stalls
   instrs: 76928636 # Simulated instructions
   uops: 53290482 # issued micro-ops
   bbls: 25099190 # Basic blocks
   approxInstrs: 943618 # Instrs with approx uop decoding
   mispredBranches: 137264 # Mispredicted branches
   IdqNotDelivered: 52414301 # Stalls no uop delivered when no Bkend Stall
   IntMiscRecoveryCycles: 1112581 # Stalls waiting machine clears
   uops executed: 54064366 # Executed microoperations
  skylake-1: # Core stats
   cycles: 59214172 # Simulated unhalted cycles
   cCycles: 6835784 # Cycles due to contention stalls
   instrs: 76926914 # Simulated instructions
   uops: 53288790 # issued micro-ops
   bbls: 25098788 # Basic blocks
   approxInstrs: 943611 # Instrs with approx uop decoding
   mispredBranches: 137226 # Mispredicted branches
   IdqNotDelivered: 52378388 # Stalls no uop delivered when no Bkend Stall
   IntMiscRecoveryCycles: 1103011 # Stalls waiting machine clears
   uops executed: 54062718 # Executed microoperations
  skylake-2: # Core stats
   cycles: 59212745 # Simulated unhalted cycles
   cCycles: 6835715 # Cycles due to contention stalls
   instrs: 76923742 # Simulated instructions
   uops: 53286390 # issued micro-ops
   bbls: 25097820 # Basic blocks
   approxInstrs: 943572 # Instrs with approx uop decoding
   mispredBranches: 137227 # Mispredicted branches
   IdqNotDelivered: 52377030 # Stalls no uop delivered when no Bkend Stall
   IntMiscRecoveryCycles: 1106030 # Stalls waiting machine clears
   uops executed: 54060277 # Executed microoperations
  skylake-3: # Core stats
   cycles: 59212342 # Simulated unhalted cycles
   cCycles: 6835713 # Cycles due to contention stalls
   instrs: 76927417 # Simulated instructions
   uops: 53289038 # issued micro-ops
   bbls: 25098980 # Basic blocks
   approxInstrs: 943616 # Instrs with approx uop decoding
   mispredBranches: 137230 # Mispredicted branches
   IdqNotDelivered: 52376629 # Stalls no uop delivered when no Bkend Stall
   IntMiscRecoveryCycles: 1105080 # Stalls waiting machine clears
   uops executed: 54062958 # Executed microoperations
  skylake-4: # Core stats
   cycles: 59210166 # Simulated unhalted cycles
   cCycles: 6835741 # Cycles due to contention stalls
   instrs: 76927168 # Simulated instructions
   uops: 53288865 # issued micro-ops
   bbls: 25098899 # Basic blocks
   approxInstrs: 943615 # Instrs with approx uop decoding
   mispredBranches: 137228 # Mispredicted branches
   IdqNotDelivered: 52374425 # Stalls no uop delivered when no Bkend Stall
   IntMiscRecoveryCycles: 1103746 # Stalls waiting machine clears
   uops executed: 54062777 # Executed microoperations
  skylake-5: # Core stats
   cycles: 59209166 # Simulated unhalted cycles
   cCycles: 6835757 # Cycles due to contention stalls
   instrs: 76927111 # Simulated instructions
   uops: 53288827 # issued micro-ops
   bbls: 25098880 # Basic blocks
   approxInstrs: 943615 # Instrs with approx uop decoding
   mispredBranches: 137228 # Mispredicted branches
   IdqNotDelivered: 52373409 # Stalls no uop delivered when no Bkend Stall
   IntMiscRecoveryCycles: 1103652 # Stalls waiting machine clears
   uops executed: 54062739 # Executed microoperations
  skylake-6: # Core stats
   cycles: 59208111 # Simulated unhalted cycles
   cCycles: 6835749 # Cycles due to contention stalls
   instrs: 76926741 # Simulated instructions
   uops: 53288246 # issued micro-ops
   bbls: 25098833 # Basic blocks
   approxInstrs: 943609 # Instrs with approx uop decoding
   mispredBranches: 137222 # Mispredicted branches
   IdqNotDelivered: 52372362 # Stalls no uop delivered when no Bkend Stall
   IntMiscRecoveryCycles: 1105338 # Stalls waiting machine clears
   uops executed: 54062162 # Executed microoperations
  skylake-7: # Core stats
   cycles: 59208178 # Simulated unhalted cycles
   cCycles: 6835803 # Cycles due to contention stalls
   instrs: 76926673 # Simulated instructions
   uops: 53288512 # issued micro-ops
   bbls: 25098739 # Basic blocks
   approxInstrs: 943609 # Instrs with approx uop decoding
   mispredBranches: 137228 # Mispredicted branches
   IdqNotDelivered: 52372375 # Stalls no uop delivered when no Bkend Stall
   IntMiscRecoveryCycles: 1103615 # Stalls waiting machine clears
   uops executed: 54062384 # Executed microoperations
  skylake-8: # Core stats
   cycles: 59207138 # Simulated unhalted cycles
   cCycles: 6835734 # Cycles due to contention stalls
   instrs: 76926787 # Simulated instructions
   uops: 53288289 # issued micro-ops
   bbls: 25098847 # Basic blocks
   approxInstrs: 943611 # Instrs with approx uop decoding
   mispredBranches: 137225 # Mispredicted branches
   IdqNotDelivered: 52371404 # Stalls no uop delivered when no Bkend Stall
   IntMiscRecoveryCycles: 1105816 # Stalls waiting machine clears
   uops executed: 54062191 # Executed microoperations
  skylake-9: # Core stats
   cycles: 59207206 # Simulated unhalted cycles
   cCycles: 6835775 # Cycles due to contention stalls
   instrs: 76926787 # Simulated instructions
   uops: 53288289 # issued micro-ops
   bbls: 25098847 # Basic blocks
   approxInstrs: 943611 # Instrs with approx uop decoding
   mispredBranches: 137225 # Mispredicted branches
   IdqNotDelivered: 52371431 # Stalls no uop delivered when no Bkend Stall
   IntMiscRecoveryCycles: 1105235 # Stalls waiting machine clears
   uops executed: 54062191 # Executed microoperations
  skylake-10: # Core stats
   cycles: 59206951 # Simulated unhalted cycles
   cCycles: 6835757 # Cycles due to contention stalls
   instrs: 76926618 # Simulated instructions
   uops: 53288164 # issued micro-ops
   bbls: 25098792 # Basic blocks
   approxInstrs: 943609 # Instrs with approx uop decoding
   mispredBranches: 137222 # Mispredicted branches
   IdqNotDelivered: 52371194 # Stalls no uop delivered when no Bkend Stall
   IntMiscRecoveryCycles: 1104903 # Stalls waiting machine clears
   uops executed: 54062080 # Executed microoperations
  skylake-11: # Core stats
   cycles: 59206992 # Simulated unhalted cycles
   cCycles: 6835765 # Cycles due to contention stalls
   instrs: 76927578 # Simulated instructions
   uops: 53289101 # issued micro-ops
   bbls: 25098954 # Basic blocks
   approxInstrs: 943614 # Instrs with approx uop decoding
   mispredBranches: 137226 # Mispredicted branches
   IdqNotDelivered: 52371227 # Stalls no uop delivered when no Bkend Stall
   IntMiscRecoveryCycles: 1104394 # Stalls waiting machine clears
   uops executed: 54063077 # Executed microoperations
  skylake-12: # Core stats
   cycles: 59206233 # Simulated unhalted cycles
   cCycles: 6835764 # Cycles due to contention stalls
   instrs: 76926787 # Simulated instructions
   uops: 53288289 # issued micro-ops
   bbls: 25098847 # Basic blocks
   approxInstrs: 943611 # Instrs with approx uop decoding
   mispredBranches: 137225 # Mispredicted branches
   IdqNotDelivered: 52370469 # Stalls no uop delivered when no Bkend Stall
   IntMiscRecoveryCycles: 1104080 # Stalls waiting machine clears
   uops executed: 54062191 # Executed microoperations
  skylake-13: # Core stats
   cycles: 59206297 # Simulated unhalted cycles
   cCycles: 6835781 # Cycles due to contention stalls
   instrs: 76926761 # Simulated instructions
   uops: 53288255 # issued micro-ops
   bbls: 25098840 # Basic blocks
   approxInstrs: 943610 # Instrs with approx uop decoding
   mispredBranches: 137219 # Mispredicted branches
   IdqNotDelivered: 52370516 # Stalls no uop delivered when no Bkend Stall
   IntMiscRecoveryCycles: 1104093 # Stalls waiting machine clears
   uops executed: 54062191 # Executed microoperations
  skylake-14: # Core stats
   cycles: 59204897 # Simulated unhalted cycles
   cCycles: 6835729 # Cycles due to contention stalls
   instrs: 76926738 # Simulated instructions
   uops: 53288244 # issued micro-ops
   bbls: 25098832 # Basic blocks
   approxInstrs: 943609 # Instrs with approx uop decoding
   mispredBranches: 137222 # Mispredicted branches
   IdqNotDelivered: 52369168 # Stalls no uop delivered when no Bkend Stall
   IntMiscRecoveryCycles: 1103905 # Stalls waiting machine clears
   uops executed: 54062160 # Executed microoperations
  skylake-15: # Core stats
   cycles: 59204997 # Simulated unhalted cycles
   cCycles: 6835869 # Cycles due to contention stalls
   instrs: 76926793 # Simulated instructions
   uops: 53288297 # issued micro-ops
   bbls: 25098849 # Basic blocks
   approxInstrs: 943611 # Instrs with approx uop decoding
   mispredBranches: 137225 # Mispredicted branches
   IdqNotDelivered: 52369128 # Stalls no uop delivered when no Bkend Stall
   IntMiscRecoveryCycles: 1104088 # Stalls waiting machine clears
   uops executed: 54062200 # Executed microoperations
  skylake-16: # Core stats
   cycles: 59204897 # Simulated unhalted cycles
   cCycles: 6835779 # Cycles due to contention stalls
   instrs: 76926330 # Simulated instructions
   uops: 53287972 # issued micro-ops
   bbls: 25098696 # Basic blocks
   approxInstrs: 943609 # Instrs with approx uop decoding
   mispredBranches: 137222 # Mispredicted branches
   IdqNotDelivered: 52369118 # Stalls no uop delivered when no Bkend Stall
   IntMiscRecoveryCycles: 1103680 # Stalls waiting machine clears
   uops executed: 54061888 # Executed microoperations
  skylake-17: # Core stats
   cycles: 59204896 # Simulated unhalted cycles
   cCycles: 6835772 # Cycles due to contention stalls
   instrs: 76898645 # Simulated instructions
   uops: 53270721 # issued micro-ops
   bbls: 25088956 # Basic blocks
   approxInstrs: 943194 # Instrs with approx uop decoding
   mispredBranches: 137267 # Mispredicted branches
   IdqNotDelivered: 52369124 # Stalls no uop delivered when no Bkend Stall
   IntMiscRecoveryCycles: 1107752 # Stalls waiting machine clears
   uops executed: 54044452 # Executed microoperations
  skylake-18: # Core stats
   cycles: 59203897 # Simulated unhalted cycles
   cCycles: 6835811 # Cycles due to contention stalls
   instrs: 76925723 # Simulated instructions
   uops: 53287553 # issued micro-ops
   bbls: 25098497 # Basic blocks
   approxInstrs: 943604 # Instrs with approx uop decoding
   mispredBranches: 137221 # Mispredicted branches
   IdqNotDelivered: 52368086 # Stalls no uop delivered when no Bkend Stall
   IntMiscRecoveryCycles: 1103868 # Stalls waiting machine clears
   uops executed: 54061463 # Executed microoperations
  skylake-19: # Core stats
   cycles: 59204176 # Simulated unhalted cycles
   cCycles: 6835764 # Cycles due to contention stalls
   instrs: 76926787 # Simulated instructions
   uops: 53288289 # issued micro-ops
   bbls: 25098847 # Basic blocks
   approxInstrs: 943611 # Instrs with approx uop decoding
   mispredBranches: 137225 # Mispredicted branches
   IdqNotDelivered: 52368412 # Stalls no uop delivered when no Bkend Stall
   IntMiscRecoveryCycles: 1103892 # Stalls waiting machine clears
   uops executed: 54062191 # Executed microoperations
  skylake-20: # Core stats
   cycles: 59203951 # Simulated unhalted cycles
   cCycles: 6835861 # Cycles due to contention stalls
   instrs: 76926567 # Simulated instructions
   uops: 53288130 # issued micro-ops
   bbls: 25098775 # Basic blocks
   approxInstrs: 943609 # Instrs with approx uop decoding
   mispredBranches: 137222 # Mispredicted branches
   IdqNotDelivered: 52368090 # Stalls no uop delivered when no Bkend Stall
   IntMiscRecoveryCycles: 1104023 # Stalls waiting machine clears
   uops executed: 54062046 # Executed microoperations
  skylake-21: # Core stats
   cycles: 59202897 # Simulated unhalted cycles
   cCycles: 6835786 # Cycles due to contention stalls
   instrs: 76925087 # Simulated instructions
   uops: 53287095 # issued micro-ops
   bbls: 25098293 # Basic blocks
   approxInstrs: 943590 # Instrs with approx uop decoding
   mispredBranches: 137220 # Mispredicted branches
   IdqNotDelivered: 52367111 # Stalls no uop delivered when no Bkend Stall
   IntMiscRecoveryCycles: 1104007 # Stalls waiting machine clears
   uops executed: 54060987 # Executed microoperations
  skylake-22: # Core stats
   cycles: 59203111 # Simulated unhalted cycles
   cCycles: 6835709 # Cycles due to contention stalls
   instrs: 76926141 # Simulated instructions
   uops: 53287815 # issued micro-ops
   bbls: 25098638 # Basic blocks
   approxInstrs: 943603 # Instrs with approx uop decoding
   mispredBranches: 137213 # Mispredicted branches
   IdqNotDelivered: 52367402 # Stalls no uop delivered when no Bkend Stall
   IntMiscRecoveryCycles: 1103270 # Stalls waiting machine clears
   uops executed: 54061766 # Executed microoperations
  skylake-23: # Core stats
   cycles: 0 # Simulated unhalted cycles
   cCycles: 0 # Cycles due to contention stalls
   instrs: 0 # Simulated instructions
   uops: 0 # issued micro-ops
   bbls: 0 # Basic blocks
   approxInstrs: 0 # Instrs with approx uop decoding
   mispredBranches: 0 # Mispredicted branches
   IdqNotDelivered: 0 # Stalls no uop delivered when no Bkend Stall
   IntMiscRecoveryCycles: 0 # Stalls waiting machine clears
   uops executed: 0 # Executed microoperations
 l1d: # Cache stats
  l1d-0: # Filter cache stats
   fhGETS: 819084 # Filtered GETS hits
   fhGETX: 636427 # Filtered GETX hits
   hGETS: 158021 # GETS hits
   hGETX: 162606 # GETX hits
   mGETS: 153480 # GETS misses
   mGETXIM: 250126 # GETX I->M misses
   mGETXSM: 7 # GETX S->M misses (upgrade misses)
   PUTS: 0 # Clean evictions (from lower level)
   PUTX: 0 # Dirty evictions (from lower level)
   INV: 114 # Invalidates (from upper level)
   INVX: 95 # Downgrades (from upper level)
   FWD: 0 # Forwards (from upper level)
   latGETnl: 109744132 # GET request latency on next level
   latGETnet: 0 # GET request latency on network to next level
  l1d-1: # Filter cache stats
   fhGETS: 818815 # Filtered GETS hits
   fhGETX: 636249 # Filtered GETX hits
   hGETS: 157936 # GETS hits
   hGETX: 162588 # GETX hits
   mGETS: 153443 # GETS misses
   mGETXIM: 250080 # GETX I->M misses
   mGETXSM: 8 # GETX S->M misses (upgrade misses)
   PUTS: 0 # Clean evictions (from lower level)
   PUTX: 0 # Dirty evictions (from lower level)
   INV: 96 # Invalidates (from upper level)
   INVX: 23 # Downgrades (from upper level)
   FWD: 0 # Forwards (from upper level)
   latGETnl: 109713166 # GET request latency on next level
   latGETnet: 0 # GET request latency on network to next level
  l1d-2: # Filter cache stats
   fhGETS: 818679 # Filtered GETS hits
   fhGETX: 636161 # Filtered GETX hits
   hGETS: 157906 # GETS hits
   hGETX: 162566 # GETX hits
   mGETS: 153439 # GETS misses
   mGETXIM: 250062 # GETX I->M misses
   mGETXSM: 7 # GETX S->M misses (upgrade misses)
   PUTS: 0 # Clean evictions (from lower level)
   PUTX: 0 # Dirty evictions (from lower level)
   INV: 80 # Invalidates (from upper level)
   INVX: 10 # Downgrades (from upper level)
   FWD: 0 # Forwards (from upper level)
   latGETnl: 109708992 # GET request latency on next level
   latGETnet: 0 # GET request latency on network to next level
  l1d-3: # Filter cache stats
   fhGETS: 818768 # Filtered GETS hits
   fhGETX: 636217 # Filtered GETX hits
   hGETS: 157940 # GETS hits
   hGETX: 162583 # GETX hits
   mGETS: 153435 # GETS misses
   mGETXIM: 250086 # GETX I->M misses
   mGETXSM: 9 # GETX S->M misses (upgrade misses)
   PUTS: 0 # Clean evictions (from lower level)
   PUTX: 0 # Dirty evictions (from lower level)
   INV: 93 # Invalidates (from upper level)
   INVX: 22 # Downgrades (from upper level)
   FWD: 0 # Forwards (from upper level)
   latGETnl: 109712725 # GET request latency on next level
   latGETnet: 0 # GET request latency on network to next level
  l1d-4: # Filter cache stats
   fhGETS: 818751 # Filtered GETS hits
   fhGETX: 636205 # Filtered GETX hits
   hGETS: 157946 # GETS hits
   hGETX: 162599 # GETX hits
   mGETS: 153437 # GETS misses
   mGETXIM: 250083 # GETX I->M misses
   mGETXSM: 8 # GETX S->M misses (upgrade misses)
   PUTS: 0 # Clean evictions (from lower level)
   PUTX: 0 # Dirty evictions (from lower level)
   INV: 93 # Invalidates (from upper level)
   INVX: 18 # Downgrades (from upper level)
   FWD: 0 # Forwards (from upper level)
   latGETnl: 109711366 # GET request latency on next level
   latGETnet: 0 # GET request latency on network to next level
  l1d-5: # Filter cache stats
   fhGETS: 818766 # Filtered GETS hits
   fhGETX: 636224 # Filtered GETX hits
   hGETS: 157930 # GETS hits
   hGETX: 162580 # GETX hits
   mGETS: 153438 # GETS misses
   mGETXIM: 250082 # GETX I->M misses
   mGETXSM: 9 # GETX S->M misses (upgrade misses)
   PUTS: 0 # Clean evictions (from lower level)
   PUTX: 0 # Dirty evictions (from lower level)
   INV: 92 # Invalidates (from upper level)
   INVX: 17 # Downgrades (from upper level)
   FWD: 0 # Forwards (from upper level)
   latGETnl: 109712102 # GET request latency on next level
   latGETnet: 0 # GET request latency on network to next level
  l1d-6: # Filter cache stats
   fhGETS: 818603 # Filtered GETS hits
   fhGETX: 636131 # Filtered GETX hits
   hGETS: 157923 # GETS hits
   hGETX: 162565 # GETX hits
   mGETS: 153415 # GETS misses
   mGETXIM: 250077 # GETX I->M misses
   mGETXSM: 6 # GETX S->M misses (upgrade misses)
   PUTS: 0 # Clean evictions (from lower level)
   PUTX: 0 # Dirty evictions (from lower level)
   INV: 77 # Invalidates (from upper level)
   INVX: 10 # Downgrades (from upper level)
   FWD: 0 # Forwards (from upper level)
   latGETnl: 109708085 # GET request latency on next level
   latGETnet: 0 # GET request latency on network to next level
  l1d-7: # Filter cache stats
   fhGETS: 818750 # Filtered GETS hits
   fhGETX: 636217 # Filtered GETX hits
   hGETS: 157942 # GETS hits
   hGETX: 162573 # GETX hits
   mGETS: 153432 # GETS misses
   mGETXIM: 250086 # GETX I->M misses
   mGETXSM: 7 # GETX S->M misses (upgrade misses)
   PUTS: 0 # Clean evictions (from lower level)
   PUTX: 0 # Dirty evictions (from lower level)
   INV: 94 # Invalidates (from upper level)
   INVX: 18 # Downgrades (from upper level)
   FWD: 0 # Forwards (from upper level)
   latGETnl: 109709566 # GET request latency on next level
   latGETnet: 0 # GET request latency on network to next level
  l1d-8: # Filter cache stats
   fhGETS: 818615 # Filtered GETS hits
   fhGETX: 636128 # Filtered GETX hits
   hGETS: 157921 # GETS hits
   hGETX: 162567 # GETX hits
   mGETS: 153415 # GETS misses
   mGETXIM: 250080 # GETX I->M misses
   mGETXSM: 5 # GETX S->M misses (upgrade misses)
   PUTS: 0 # Clean evictions (from lower level)
   PUTX: 0 # Dirty evictions (from lower level)
   INV: 78 # Invalidates (from upper level)
   INVX: 5 # Downgrades (from upper level)
   FWD: 0 # Forwards (from upper level)
   latGETnl: 109707013 # GET request latency on next level
   latGETnet: 0 # GET request latency on network to next level
  l1d-9: # Filter cache stats
   fhGETS: 818607 # Filtered GETS hits
   fhGETX: 636139 # Filtered GETX hits
   hGETS: 157929 # GETS hits
   hGETX: 162557 # GETX hits
   mGETS: 153415 # GETS misses
   mGETXIM: 250079 # GETX I->M misses
   mGETXSM: 5 # GETX S->M misses (upgrade misses)
   PUTS: 0 # Clean evictions (from lower level)
   PUTX: 0 # Dirty evictions (from lower level)
   INV: 76 # Invalidates (from upper level)
   INVX: 25 # Downgrades (from upper level)
   FWD: 0 # Forwards (from upper level)
   latGETnl: 109711803 # GET request latency on next level
   latGETnet: 0 # GET request latency on network to next level
  l1d-10: # Filter cache stats
   fhGETS: 818614 # Filtered GETS hits
   fhGETX: 636136 # Filtered GETX hits
   hGETS: 157913 # GETS hits
   hGETX: 162557 # GETX hits
   mGETS: 153414 # GETS misses
   mGETXIM: 250081 # GETX I->M misses
   mGETXSM: 5 # GETX S->M misses (upgrade misses)
   PUTS: 0 # Clean evictions (from lower level)
   PUTX: 0 # Dirty evictions (from lower level)
   INV: 79 # Invalidates (from upper level)
   INVX: 13 # Downgrades (from upper level)
   FWD: 0 # Forwards (from upper level)
   latGETnl: 109707969 # GET request latency on next level
   latGETnet: 0 # GET request latency on network to next level
  l1d-11: # Filter cache stats
   fhGETS: 818783 # Filtered GETS hits
   fhGETX: 636250 # Filtered GETX hits
   hGETS: 157956 # GETS hits
   hGETX: 162560 # GETX hits
   mGETS: 153433 # GETS misses
   mGETXIM: 250097 # GETX I->M misses
   mGETXSM: 11 # GETX S->M misses (upgrade misses)
   PUTS: 0 # Clean evictions (from lower level)
   PUTX: 0 # Dirty evictions (from lower level)
   INV: 87 # Invalidates (from upper level)
   INVX: 14 # Downgrades (from upper level)
   FWD: 0 # Forwards (from upper level)
   latGETnl: 109714958 # GET request latency on next level
   latGETnet: 0 # GET request latency on network to next level
  l1d-12: # Filter cache stats
   fhGETS: 818621 # Filtered GETS hits
   fhGETX: 636142 # Filtered GETX hits
   hGETS: 157914 # GETS hits
   hGETX: 162555 # GETX hits
   mGETS: 153416 # GETS misses
   mGETXIM: 250078 # GETX I->M misses
   mGETXSM: 5 # GETX S->M misses (upgrade misses)
   PUTS: 0 # Clean evictions (from lower level)
   PUTX: 0 # Dirty evictions (from lower level)
   INV: 77 # Invalidates (from upper level)
   INVX: 14 # Downgrades (from upper level)
   FWD: 0 # Forwards (from upper level)
   latGETnl: 109708849 # GET request latency on next level
   latGETnet: 0 # GET request latency on network to next level
  l1d-13: # Filter cache stats
   fhGETS: 818613 # Filtered GETS hits
   fhGETX: 636139 # Filtered GETX hits
   hGETS: 157917 # GETS hits
   hGETX: 162557 # GETX hits
   mGETS: 153415 # GETS misses
   mGETXIM: 250076 # GETX I->M misses
   mGETXSM: 3 # GETX S->M misses (upgrade misses)
   PUTS: 0 # Clean evictions (from lower level)
   PUTX: 0 # Dirty evictions (from lower level)
   INV: 74 # Invalidates (from upper level)
   INVX: 17 # Downgrades (from upper level)
   FWD: 0 # Forwards (from upper level)
   latGETnl: 109709473 # GET request latency on next level
   latGETnet: 0 # GET request latency on network to next level
  l1d-14: # Filter cache stats
   fhGETS: 818597 # Filtered GETS hits
   fhGETX: 636125 # Filtered GETX hits
   hGETS: 157927 # GETS hits
   hGETX: 162571 # GETX hits
   mGETS: 153417 # GETS misses
   mGETXIM: 250077 # GETX I->M misses
   mGETXSM: 6 # GETX S->M misses (upgrade misses)
   PUTS: 0 # Clean evictions (from lower level)
   PUTX: 0 # Dirty evictions (from lower level)
   INV: 79 # Invalidates (from upper level)
   INVX: 3 # Downgrades (from upper level)
   FWD: 0 # Forwards (from upper level)
   latGETnl: 109705635 # GET request latency on next level
   latGETnet: 0 # GET request latency on network to next level
  l1d-15: # Filter cache stats
   fhGETS: 818622 # Filtered GETS hits
   fhGETX: 636128 # Filtered GETX hits
   hGETS: 157911 # GETS hits
   hGETX: 162570 # GETX hits
   mGETS: 153420 # GETS misses
   mGETXIM: 250078 # GETX I->M misses
   mGETXSM: 5 # GETX S->M misses (upgrade misses)
   PUTS: 0 # Clean evictions (from lower level)
   PUTX: 0 # Dirty evictions (from lower level)
   INV: 79 # Invalidates (from upper level)
   INVX: 2 # Downgrades (from upper level)
   FWD: 0 # Forwards (from upper level)
   latGETnl: 109707112 # GET request latency on next level
   latGETnet: 0 # GET request latency on network to next level
  l1d-16: # Filter cache stats
   fhGETS: 818612 # Filtered GETS hits
   fhGETX: 636135 # Filtered GETX hits
   hGETS: 157912 # GETS hits
   hGETX: 162565 # GETX hits
   mGETS: 153417 # GETS misses
   mGETXIM: 250074 # GETX I->M misses
   mGETXSM: 5 # GETX S->M misses (upgrade misses)
   PUTS: 0 # Clean evictions (from lower level)
   PUTX: 0 # Dirty evictions (from lower level)
   INV: 76 # Invalidates (from upper level)
   INVX: 5 # Downgrades (from upper level)
   FWD: 0 # Forwards (from upper level)
   latGETnl: 109706122 # GET request latency on next level
   latGETnet: 0 # GET request latency on network to next level
  l1d-17: # Filter cache stats
   fhGETS: 819734 # Filtered GETS hits
   fhGETX: 636423 # Filtered GETX hits
   hGETS: 158204 # GETS hits
   hGETX: 162574 # GETX hits
   mGETS: 153426 # GETS misses
   mGETXIM: 249976 # GETX I->M misses
   mGETXSM: 15 # GETX S->M misses (upgrade misses)
   PUTS: 0 # Clean evictions (from lower level)
   PUTX: 0 # Dirty evictions (from lower level)
   INV: 77 # Invalidates (from upper level)
   INVX: 3 # Downgrades (from upper level)
   FWD: 0 # Forwards (from upper level)
   latGETnl: 109674177 # GET request latency on next level
   latGETnet: 0 # GET request latency on network to next level
  l1d-18: # Filter cache stats
   fhGETS: 818612 # Filtered GETS hits
   fhGETX: 636129 # Filtered GETX hits
   hGETS: 157908 # GETS hits
   hGETX: 162561 # GETX hits
   mGETS: 153415 # GETS misses
   mGETXIM: 250075 # GETX I->M misses
   mGETXSM: 6 # GETX S->M misses (upgrade misses)
   PUTS: 0 # Clean evictions (from lower level)
   PUTX: 0 # Dirty evictions (from lower level)
   INV: 76 # Invalidates (from upper level)
   INVX: 2 # Downgrades (from upper level)
   FWD: 0 # Forwards (from upper level)
   latGETnl: 109705222 # GET request latency on next level
   latGETnet: 0 # GET request latency on network to next level
  l1d-19: # Filter cache stats
   fhGETS: 818624 # Filtered GETS hits
   fhGETX: 636141 # Filtered GETX hits
   hGETS: 157907 # GETS hits
   hGETX: 162560 # GETX hits
   mGETS: 153420 # GETS misses
   mGETXIM: 250074 # GETX I->M misses
   mGETXSM: 5 # GETX S->M misses (upgrade misses)
   PUTS: 0 # Clean evictions (from lower level)
   PUTX: 0 # Dirty evictions (from lower level)
   INV: 78 # Invalidates (from upper level)
   INVX: 2 # Downgrades (from upper level)
   FWD: 0 # Forwards (from upper level)
   latGETnl: 109706460 # GET request latency on next level
   latGETnet: 0 # GET request latency on network to next level
  l1d-20: # Filter cache stats
   fhGETS: 818597 # Filtered GETS hits
   fhGETX: 636125 # Filtered GETX hits
   hGETS: 157930 # GETS hits
   hGETX: 162572 # GETX hits
   mGETS: 153414 # GETS misses
   mGETXIM: 250077 # GETX I->M misses
   mGETXSM: 5 # GETX S->M misses (upgrade misses)
   PUTS: 0 # Clean evictions (from lower level)
   PUTX: 0 # Dirty evictions (from lower level)
   INV: 77 # Invalidates (from upper level)
   INVX: 2 # Downgrades (from upper level)
   FWD: 0 # Forwards (from upper level)
   latGETnl: 109705644 # GET request latency on next level
   latGETnet: 0 # GET request latency on network to next level
  l1d-21: # Filter cache stats
   fhGETS: 818602 # Filtered GETS hits
   fhGETX: 636117 # Filtered GETX hits
   hGETS: 157907 # GETS hits
   hGETX: 162556 # GETX hits
   mGETS: 153414 # GETS misses
   mGETXIM: 250073 # GETX I->M misses
   mGETXSM: 5 # GETX S->M misses (upgrade misses)
   PUTS: 0 # Clean evictions (from lower level)
   PUTX: 0 # Dirty evictions (from lower level)
   INV: 80 # Invalidates (from upper level)
   INVX: 2 # Downgrades (from upper level)
   FWD: 0 # Forwards (from upper level)
   latGETnl: 109703431 # GET request latency on next level
   latGETnet: 0 # GET request latency on network to next level
  l1d-22: # Filter cache stats
   fhGETS: 818603 # Filtered GETS hits
   fhGETX: 636121 # Filtered GETX hits
   hGETS: 157909 # GETS hits
   hGETX: 162572 # GETX hits
   mGETS: 153417 # GETS misses
   mGETXIM: 250069 # GETX I->M misses
   mGETXSM: 4 # GETX S->M misses (upgrade misses)
   PUTS: 0 # Clean evictions (from lower level)
   PUTX: 0 # Dirty evictions (from lower level)
   INV: 73 # Invalidates (from upper level)
   INVX: 0 # Downgrades (from upper level)
   FWD: 0 # Forwards (from upper level)
   latGETnl: 109705770 # GET request latency on next level
   latGETnet: 0 # GET request latency on network to next level
  l1d-23: # Filter cache stats
   fhGETS: 0 # Filtered GETS hits
   fhGETX: 0 # Filtered GETX hits
   hGETS: 0 # GETS hits
   hGETX: 0 # GETX hits
   mGETS: 0 # GETS misses
   mGETXIM: 0 # GETX I->M misses
   mGETXSM: 0 # GETX S->M misses (upgrade misses)
   PUTS: 0 # Clean evictions (from lower level)
   PUTX: 0 # Dirty evictions (from lower level)
   INV: 0 # Invalidates (from upper level)
   INVX: 0 # Downgrades (from upper level)
   FWD: 0 # Forwards (from upper level)
   latGETnl: 0 # GET request latency on next level
   latGETnet: 0 # GET request latency on network to next level
 l1i: # Cache stats
  l1i-0: # Filter cache stats
   fhGETS: 25897131 # Filtered GETS hits
   fhGETX: 0 # Filtered GETX hits
   hGETS: 43 # GETS hits
   hGETX: 0 # GETX hits
   mGETS: 867 # GETS misses
   mGETXIM: 0 # GETX I->M misses
   mGETXSM: 0 # GETX S->M misses (upgrade misses)
   PUTS: 0 # Clean evictions (from lower level)
   PUTX: 0 # Dirty evictions (from lower level)
   INV: 844 # Invalidates (from upper level)
   INVX: 0 # Downgrades (from upper level)
   FWD: 0 # Forwards (from upper level)
   latGETnl: 79899 # GET request latency on next level
   latGETnet: 0 # GET request latency on network to next level
  l1i-1: # Filter cache stats
   fhGETS: 25896775 # Filtered GETS hits
   fhGETX: 0 # Filtered GETX hits
   hGETS: 37 # GETS hits
   hGETX: 0 # GETX hits
   mGETS: 768 # GETS misses
   mGETXIM: 0 # GETX I->M misses
   mGETXSM: 0 # GETX S->M misses (upgrade misses)
   PUTS: 0 # Clean evictions (from lower level)
   PUTX: 0 # Dirty evictions (from lower level)
   INV: 745 # Invalidates (from upper level)
   INVX: 0 # Downgrades (from upper level)
   FWD: 0 # Forwards (from upper level)
   latGETnl: 41271 # GET request latency on next level
   latGETnet: 0 # GET request latency on network to next level
  l1i-2: # Filter cache stats
   fhGETS: 25895743 # Filtered GETS hits
   fhGETX: 0 # Filtered GETX hits
   hGETS: 46 # GETS hits
   hGETX: 0 # GETX hits
   mGETS: 807 # GETS misses
   mGETXIM: 0 # GETX I->M misses
   mGETXSM: 0 # GETX S->M misses (upgrade misses)
   PUTS: 0 # Clean evictions (from lower level)
   PUTX: 0 # Dirty evictions (from lower level)
   INV: 784 # Invalidates (from upper level)
   INVX: 0 # Downgrades (from upper level)
   FWD: 0 # Forwards (from upper level)
   latGETnl: 47829 # GET request latency on next level
   latGETnet: 0 # GET request latency on network to next level
  l1i-3: # Filter cache stats
   fhGETS: 25896950 # Filtered GETS hits
   fhGETX: 0 # Filtered GETX hits
   hGETS: 31 # GETS hits
   hGETX: 0 # GETX hits
   mGETS: 779 # GETS misses
   mGETXIM: 0 # GETX I->M misses
   mGETXSM: 0 # GETX S->M misses (upgrade misses)
   PUTS: 0 # Clean evictions (from lower level)
   PUTX: 0 # Dirty evictions (from lower level)
   INV: 753 # Invalidates (from upper level)
   INVX: 0 # Downgrades (from upper level)
   FWD: 0 # Forwards (from upper level)
   latGETnl: 42913 # GET request latency on next level
   latGETnet: 0 # GET request latency on network to next level
  l1i-4: # Filter cache stats
   fhGETS: 25896893 # Filtered GETS hits
   fhGETX: 0 # Filtered GETX hits
   hGETS: 31 # GETS hits
   hGETX: 0 # GETX hits
   mGETS: 777 # GETS misses
   mGETXIM: 0 # GETX I->M misses
   mGETXSM: 0 # GETX S->M misses (upgrade misses)
   PUTS: 0 # Clean evictions (from lower level)
   PUTX: 0 # Dirty evictions (from lower level)
   INV: 754 # Invalidates (from upper level)
   INVX: 0 # Downgrades (from upper level)
   FWD: 0 # Forwards (from upper level)
   latGETnl: 37869 # GET request latency on next level
   latGETnet: 0 # GET request latency on network to next level
  l1i-5: # Filter cache stats
   fhGETS: 25896877 # Filtered GETS hits
   fhGETX: 0 # Filtered GETX hits
   hGETS: 31 # GETS hits
   hGETX: 0 # GETX hits
   mGETS: 778 # GETS misses
   mGETXIM: 0 # GETX I->M misses
   mGETXSM: 0 # GETX S->M misses (upgrade misses)
   PUTS: 0 # Clean evictions (from lower level)
   PUTX: 0 # Dirty evictions (from lower level)
   INV: 755 # Invalidates (from upper level)
   INVX: 0 # Downgrades (from upper level)
   FWD: 0 # Forwards (from upper level)
   latGETnl: 36791 # GET request latency on next level
   latGETnet: 0 # GET request latency on network to next level
  l1i-6: # Filter cache stats
   fhGETS: 25896801 # Filtered GETS hits
   fhGETX: 0 # Filtered GETX hits
   hGETS: 29 # GETS hits
   hGETX: 0 # GETX hits
   mGETS: 756 # GETS misses
   mGETXIM: 0 # GETX I->M misses
   mGETXSM: 0 # GETX S->M misses (upgrade misses)
   PUTS: 0 # Clean evictions (from lower level)
   PUTX: 0 # Dirty evictions (from lower level)
   INV: 733 # Invalidates (from upper level)
   INVX: 0 # Downgrades (from upper level)
   FWD: 0 # Forwards (from upper level)
   latGETnl: 41607 # GET request latency on next level
   latGETnet: 0 # GET request latency on network to next level
  l1i-7: # Filter cache stats
   fhGETS: 25896744 # Filtered GETS hits
   fhGETX: 0 # Filtered GETX hits
   hGETS: 29 # GETS hits
   hGETX: 0 # GETX hits
   mGETS: 779 # GETS misses
   mGETXIM: 0 # GETX I->M misses
   mGETXSM: 0 # GETX S->M misses (upgrade misses)
   PUTS: 0 # Clean evictions (from lower level)
   PUTX: 0 # Dirty evictions (from lower level)
   INV: 756 # Invalidates (from upper level)
   INVX: 0 # Downgrades (from upper level)
   FWD: 0 # Forwards (from upper level)
   latGETnl: 36613 # GET request latency on next level
   latGETnet: 0 # GET request latency on network to next level
  l1i-8: # Filter cache stats
   fhGETS: 25896848 # Filtered GETS hits
   fhGETX: 0 # Filtered GETX hits
   hGETS: 30 # GETS hits
   hGETX: 0 # GETX hits
   mGETS: 765 # GETS misses
   mGETXIM: 0 # GETX I->M misses
   mGETXSM: 0 # GETX S->M misses (upgrade misses)
   PUTS: 0 # Clean evictions (from lower level)
   PUTX: 0 # Dirty evictions (from lower level)
   INV: 737 # Invalidates (from upper level)
   INVX: 0 # Downgrades (from upper level)
   FWD: 0 # Forwards (from upper level)
   latGETnl: 40230 # GET request latency on next level
   latGETnet: 0 # GET request latency on network to next level
  l1i-9: # Filter cache stats
   fhGETS: 25896838 # Filtered GETS hits
   fhGETX: 0 # Filtered GETX hits
   hGETS: 30 # GETS hits
   hGETX: 0 # GETX hits
   mGETS: 770 # GETS misses
   mGETXIM: 0 # GETX I->M misses
   mGETXSM: 0 # GETX S->M misses (upgrade misses)
   PUTS: 0 # Clean evictions (from lower level)
   PUTX: 0 # Dirty evictions (from lower level)
   INV: 741 # Invalidates (from upper level)
   INVX: 0 # Downgrades (from upper level)
   FWD: 0 # Forwards (from upper level)
   latGETnl: 39115 # GET request latency on next level
   latGETnet: 0 # GET request latency on network to next level
  l1i-10: # Filter cache stats
   fhGETS: 25896782 # Filtered GETS hits
   fhGETX: 0 # Filtered GETX hits
   hGETS: 30 # GETS hits
   hGETX: 0 # GETX hits
   mGETS: 762 # GETS misses
   mGETXIM: 0 # GETX I->M misses
   mGETXSM: 0 # GETX S->M misses (upgrade misses)
   PUTS: 0 # Clean evictions (from lower level)
   PUTX: 0 # Dirty evictions (from lower level)
   INV: 739 # Invalidates (from upper level)
   INVX: 0 # Downgrades (from upper level)
   FWD: 0 # Forwards (from upper level)
   latGETnl: 38739 # GET request latency on next level
   latGETnet: 0 # GET request latency on network to next level
  l1i-11: # Filter cache stats
   fhGETS: 25896891 # Filtered GETS hits
   fhGETX: 0 # Filtered GETX hits
   hGETS: 105 # GETS hits
   hGETX: 0 # GETX hits
   mGETS: 766 # GETS misses
   mGETXIM: 0 # GETX I->M misses
   mGETXSM: 0 # GETX S->M misses (upgrade misses)
   PUTS: 0 # Clean evictions (from lower level)
   PUTX: 0 # Dirty evictions (from lower level)
   INV: 737 # Invalidates (from upper level)
   INVX: 0 # Downgrades (from upper level)
   FWD: 0 # Forwards (from upper level)
   latGETnl: 37577 # GET request latency on next level
   latGETnet: 0 # GET request latency on network to next level
  l1i-12: # Filter cache stats
   fhGETS: 25896842 # Filtered GETS hits
   fhGETX: 0 # Filtered GETX hits
   hGETS: 30 # GETS hits
   hGETX: 0 # GETX hits
   mGETS: 769 # GETS misses
   mGETXIM: 0 # GETX I->M misses
   mGETXSM: 0 # GETX S->M misses (upgrade misses)
   PUTS: 0 # Clean evictions (from lower level)
   PUTX: 0 # Dirty evictions (from lower level)
   INV: 740 # Invalidates (from upper level)
   INVX: 0 # Downgrades (from upper level)
   FWD: 0 # Forwards (from upper level)
   latGETnl: 37268 # GET request latency on next level
   latGETnet: 0 # GET request latency on network to next level
  l1i-13: # Filter cache stats
   fhGETS: 25896780 # Filtered GETS hits
   fhGETX: 0 # Filtered GETX hits
   hGETS: 30 # GETS hits
   hGETX: 0 # GETX hits
   mGETS: 760 # GETS misses
   mGETXIM: 0 # GETX I->M misses
   mGETXSM: 0 # GETX S->M misses (upgrade misses)
   PUTS: 0 # Clean evictions (from lower level)
   PUTX: 0 # Dirty evictions (from lower level)
   INV: 731 # Invalidates (from upper level)
   INVX: 0 # Downgrades (from upper level)
   FWD: 0 # Forwards (from upper level)
   latGETnl: 38195 # GET request latency on next level
   latGETnet: 0 # GET request latency on network to next level
  l1i-14: # Filter cache stats
   fhGETS: 25896820 # Filtered GETS hits
   fhGETX: 0 # Filtered GETX hits
   hGETS: 30 # GETS hits
   hGETX: 0 # GETX hits
   mGETS: 762 # GETS misses
   mGETXIM: 0 # GETX I->M misses
   mGETXSM: 0 # GETX S->M misses (upgrade misses)
   PUTS: 0 # Clean evictions (from lower level)
   PUTX: 0 # Dirty evictions (from lower level)
   INV: 739 # Invalidates (from upper level)
   INVX: 0 # Downgrades (from upper level)
   FWD: 0 # Forwards (from upper level)
   latGETnl: 36939 # GET request latency on next level
   latGETnet: 0 # GET request latency on network to next level
  l1i-15: # Filter cache stats
   fhGETS: 25896846 # Filtered GETS hits
   fhGETX: 0 # Filtered GETX hits
   hGETS: 30 # GETS hits
   hGETX: 0 # GETX hits
   mGETS: 772 # GETS misses
   mGETXIM: 0 # GETX I->M misses
   mGETXSM: 0 # GETX S->M misses (upgrade misses)
   PUTS: 0 # Clean evictions (from lower level)
   PUTX: 0 # Dirty evictions (from lower level)
   INV: 741 # Invalidates (from upper level)
   INVX: 0 # Downgrades (from upper level)
   FWD: 0 # Forwards (from upper level)
   latGETnl: 37409 # GET request latency on next level
   latGETnet: 0 # GET request latency on network to next level
  l1i-16: # Filter cache stats
   fhGETS: 25896686 # Filtered GETS hits
   fhGETX: 0 # Filtered GETX hits
   hGETS: 30 # GETS hits
   hGETX: 0 # GETX hits
   mGETS: 760 # GETS misses
   mGETXIM: 0 # GETX I->M misses
   mGETXSM: 0 # GETX S->M misses (upgrade misses)
   PUTS: 0 # Clean evictions (from lower level)
   PUTX: 0 # Dirty evictions (from lower level)
   INV: 737 # Invalidates (from upper level)
   INVX: 0 # Downgrades (from upper level)
   FWD: 0 # Forwards (from upper level)
   latGETnl: 36620 # GET request latency on next level
   latGETnet: 0 # GET request latency on network to next level
  l1i-17: # Filter cache stats
   fhGETS: 25886841 # Filtered GETS hits
   fhGETX: 0 # Filtered GETX hits
   hGETS: 194 # GETS hits
   hGETX: 0 # GETX hits
   mGETS: 832 # GETS misses
   mGETXIM: 0 # GETX I->M misses
   mGETXSM: 0 # GETX S->M misses (upgrade misses)
   PUTS: 0 # Clean evictions (from lower level)
   PUTX: 0 # Dirty evictions (from lower level)
   INV: 809 # Invalidates (from upper level)
   INVX: 0 # Downgrades (from upper level)
   FWD: 0 # Forwards (from upper level)
   latGETnl: 51929 # GET request latency on next level
   latGETnet: 0 # GET request latency on network to next level
  l1i-18: # Filter cache stats
   fhGETS: 25896482 # Filtered GETS hits
   fhGETX: 0 # Filtered GETX hits
   hGETS: 30 # GETS hits
   hGETX: 0 # GETX hits
   mGETS: 764 # GETS misses
   mGETXIM: 0 # GETX I->M misses
   mGETXSM: 0 # GETX S->M misses (upgrade misses)
   PUTS: 0 # Clean evictions (from lower level)
   PUTX: 0 # Dirty evictions (from lower level)
   INV: 741 # Invalidates (from upper level)
   INVX: 0 # Downgrades (from upper level)
   FWD: 0 # Forwards (from upper level)
   latGETnl: 35908 # GET request latency on next level
   latGETnet: 0 # GET request latency on network to next level
  l1i-19: # Filter cache stats
   fhGETS: 25896846 # Filtered GETS hits
   fhGETX: 0 # Filtered GETX hits
   hGETS: 30 # GETS hits
   hGETX: 0 # GETX hits
   mGETS: 766 # GETS misses
   mGETXIM: 0 # GETX I->M misses
   mGETXSM: 0 # GETX S->M misses (upgrade misses)
   PUTS: 0 # Clean evictions (from lower level)
   PUTX: 0 # Dirty evictions (from lower level)
   INV: 737 # Invalidates (from upper level)
   INVX: 0 # Downgrades (from upper level)
   FWD: 0 # Forwards (from upper level)
   latGETnl: 36002 # GET request latency on next level
   latGETnet: 0 # GET request latency on network to next level
  l1i-20: # Filter cache stats
   fhGETS: 25896768 # Filtered GETS hits
   fhGETX: 0 # Filtered GETX hits
   hGETS: 30 # GETS hits
   hGETX: 0 # GETX hits
   mGETS: 764 # GETS misses
   mGETXIM: 0 # GETX I->M misses
   mGETXSM: 0 # GETX S->M misses (upgrade misses)
   PUTS: 0 # Clean evictions (from lower level)
   PUTX: 0 # Dirty evictions (from lower level)
   INV: 741 # Invalidates (from upper level)
   INVX: 0 # Downgrades (from upper level)
   FWD: 0 # Forwards (from upper level)
   latGETnl: 35908 # GET request latency on next level
   latGETnet: 0 # GET request latency on network to next level
  l1i-21: # Filter cache stats
   fhGETS: 25896274 # Filtered GETS hits
   fhGETX: 0 # Filtered GETX hits
   hGETS: 30 # GETS hits
   hGETX: 0 # GETX hits
   mGETS: 764 # GETS misses
   mGETXIM: 0 # GETX I->M misses
   mGETXSM: 0 # GETX S->M misses (upgrade misses)
   PUTS: 0 # Clean evictions (from lower level)
   PUTX: 0 # Dirty evictions (from lower level)
   INV: 741 # Invalidates (from upper level)
   INVX: 0 # Downgrades (from upper level)
   FWD: 0 # Forwards (from upper level)
   latGETnl: 35908 # GET request latency on next level
   latGETnet: 0 # GET request latency on network to next level
  l1i-22: # Filter cache stats
   fhGETS: 25896606 # Filtered GETS hits
   fhGETX: 0 # Filtered GETX hits
   hGETS: 30 # GETS hits
   hGETX: 0 # GETX hits
   mGETS: 752 # GETS misses
   mGETXIM: 0 # GETX I->M misses
   mGETXSM: 0 # GETX S->M misses (upgrade misses)
   PUTS: 0 # Clean evictions (from lower level)
   PUTX: 0 # Dirty evictions (from lower level)
   INV: 729 # Invalidates (from upper level)
   INVX: 0 # Downgrades (from upper level)
   FWD: 0 # Forwards (from upper level)
   latGETnl: 35344 # GET request latency on next level
   latGETnet: 0 # GET request latency on network to next level
  l1i-23: # Filter cache stats
   fhGETS: 0 # Filtered GETS hits
   fhGETX: 0 # Filtered GETX hits
   hGETS: 0 # GETS hits
   hGETX: 0 # GETX hits
   mGETS: 0 # GETS misses
   mGETXIM: 0 # GETX I->M misses
   mGETXSM: 0 # GETX S->M misses (upgrade misses)
   PUTS: 0 # Clean evictions (from lower level)
   PUTX: 0 # Dirty evictions (from lower level)
   INV: 0 # Invalidates (from upper level)
   INVX: 0 # Downgrades (from upper level)
   FWD: 0 # Forwards (from upper level)
   latGETnl: 0 # GET request latency on next level
   latGETnet: 0 # GET request latency on network to next level
 l2: # Cache stats
  l2-0: # Cache stats
   hGETS: 0 # GETS hits
   hGETX: 0 # GETX hits
   mGETS: 154347 # GETS misses
   mGETXIM: 250126 # GETX I->M misses
   mGETXSM: 7 # GETX S->M misses (upgrade misses)
   PUTS: 153229 # Clean evictions (from lower level)
   PUTX: 249751 # Dirty evictions (from lower level)
   INV: 83911 # Invalidates (from upper level)
   INVX: 95 # Downgrades (from upper level)
   FWD: 0 # Forwards (from upper level)
   latGETnl: 105779231 # GET request latency on next level
   latGETnet: 0 # GET request latency on network to next level
  l2-1: # Cache stats
   hGETS: 0 # GETS hits
   hGETX: 0 # GETX hits
   mGETS: 154211 # GETS misses
   mGETXIM: 250080 # GETX I->M misses
   mGETXSM: 8 # GETX S->M misses (upgrade misses)
   PUTS: 153186 # Clean evictions (from lower level)
   PUTX: 249729 # Dirty evictions (from lower level)
   INV: 31508 # Invalidates (from upper level)
   INVX: 23 # Downgrades (from upper level)
   FWD: 0 # Forwards (from upper level)
   latGETnl: 105711447 # GET request latency on next level
   latGETnet: 0 # GET request latency on network to next level
  l2-2: # Cache stats
   hGETS: 0 # GETS hits
   hGETX: 0 # GETX hits
   mGETS: 154246 # GETS misses
   mGETXIM: 250062 # GETX I->M misses
   mGETXSM: 7 # GETX S->M misses (upgrade misses)
   PUTS: 153182 # Clean evictions (from lower level)
   PUTX: 249727 # Dirty evictions (from lower level)
   INV: 30935 # Invalidates (from upper level)
   INVX: 10 # Downgrades (from upper level)
   FWD: 0 # Forwards (from upper level)
   latGETnl: 105713671 # GET request latency on next level
   latGETnet: 0 # GET request latency on network to next level
  l2-3: # Cache stats
   hGETS: 0 # GETS hits
   hGETX: 0 # GETX hits
   mGETS: 154214 # GETS misses
   mGETXIM: 250086 # GETX I->M misses
   mGETXSM: 9 # GETX S->M misses (upgrade misses)
   PUTS: 153186 # Clean evictions (from lower level)
   PUTX: 249730 # Dirty evictions (from lower level)
   INV: 28230 # Invalidates (from upper level)
   INVX: 22 # Downgrades (from upper level)
   FWD: 0 # Forwards (from upper level)
   latGETnl: 105712548 # GET request latency on next level
   latGETnet: 0 # GET request latency on network to next level
  l2-4: # Cache stats
   hGETS: 0 # GETS hits
   hGETX: 0 # GETX hits
   mGETS: 154214 # GETS misses
   mGETXIM: 250084 # GETX I->M misses
   mGETXSM: 7 # GETX S->M misses (upgrade misses)
   PUTS: 153186 # Clean evictions (from lower level)
   PUTX: 249730 # Dirty evictions (from lower level)
   INV: 26655 # Invalidates (from upper level)
   INVX: 18 # Downgrades (from upper level)
   FWD: 0 # Forwards (from upper level)
   latGETnl: 105706185 # GET request latency on next level
   latGETnet: 0 # GET request latency on network to next level
  l2-5: # Cache stats
   hGETS: 0 # GETS hits
   hGETX: 0 # GETX hits
   mGETS: 154216 # GETS misses
   mGETXIM: 250082 # GETX I->M misses
   mGETXSM: 9 # GETX S->M misses (upgrade misses)
   PUTS: 153186 # Clean evictions (from lower level)
   PUTX: 249730 # Dirty evictions (from lower level)
   INV: 30732 # Invalidates (from upper level)
   INVX: 17 # Downgrades (from upper level)
   FWD: 0 # Forwards (from upper level)
   latGETnl: 105705823 # GET request latency on next level
   latGETnet: 0 # GET request latency on network to next level
  l2-6: # Cache stats
   hGETS: 0 # GETS hits
   hGETX: 0 # GETX hits
   mGETS: 154171 # GETS misses
   mGETXIM: 250077 # GETX I->M misses
   mGETXSM: 6 # GETX S->M misses (upgrade misses)
   PUTS: 153177 # Clean evictions (from lower level)
   PUTX: 249727 # Dirty evictions (from lower level)
   INV: 31265 # Invalidates (from upper level)
   INVX: 10 # Downgrades (from upper level)
   FWD: 0 # Forwards (from upper level)
   latGETnl: 105707152 # GET request latency on next level
   latGETnet: 0 # GET request latency on network to next level
  l2-7: # Cache stats
   hGETS: 0 # GETS hits
   hGETX: 0 # GETX hits
   mGETS: 154211 # GETS misses
   mGETXIM: 250086 # GETX I->M misses
   mGETXSM: 7 # GETX S->M misses (upgrade misses)
   PUTS: 153185 # Clean evictions (from lower level)
   PUTX: 249727 # Dirty evictions (from lower level)
   INV: 46153 # Invalidates (from upper level)
   INVX: 18 # Downgrades (from upper level)
   FWD: 0 # Forwards (from upper level)
   latGETnl: 105703139 # GET request latency on next level
   latGETnet: 0 # GET request latency on network to next level
  l2-8: # Cache stats
   hGETS: 0 # GETS hits
   hGETX: 0 # GETX hits
   mGETS: 154180 # GETS misses
   mGETXIM: 250080 # GETX I->M misses
   mGETXSM: 5 # GETX S->M misses (upgrade misses)
   PUTS: 153177 # Clean evictions (from lower level)
   PUTX: 249728 # Dirty evictions (from lower level)
   INV: 28610 # Invalidates (from upper level)
   INVX: 5 # Downgrades (from upper level)
   FWD: 0 # Forwards (from upper level)
   latGETnl: 105704593 # GET request latency on next level
   latGETnet: 0 # GET request latency on network to next level
  l2-9: # Cache stats
   hGETS: 0 # GETS hits
   hGETX: 0 # GETX hits
   mGETS: 154185 # GETS misses
   mGETXIM: 250079 # GETX I->M misses
   mGETXSM: 5 # GETX S->M misses (upgrade misses)
   PUTS: 153176 # Clean evictions (from lower level)
   PUTX: 249730 # Dirty evictions (from lower level)
   INV: 45894 # Invalidates (from upper level)
   INVX: 25 # Downgrades (from upper level)
   FWD: 0 # Forwards (from upper level)
   latGETnl: 105708228 # GET request latency on next level
   latGETnet: 0 # GET request latency on network to next level
  l2-10: # Cache stats
   hGETS: 0 # GETS hits
   hGETX: 0 # GETX hits
   mGETS: 154176 # GETS misses
   mGETXIM: 250081 # GETX I->M misses
   mGETXSM: 5 # GETX S->M misses (upgrade misses)
   PUTS: 153176 # Clean evictions (from lower level)
   PUTX: 249728 # Dirty evictions (from lower level)
   INV: 45439 # Invalidates (from upper level)
   INVX: 13 # Downgrades (from upper level)
   FWD: 0 # Forwards (from upper level)
   latGETnl: 105704088 # GET request latency on next level
   latGETnet: 0 # GET request latency on network to next level
  l2-11: # Cache stats
   hGETS: 0 # GETS hits
   hGETX: 0 # GETX hits
   mGETS: 154199 # GETS misses
   mGETXIM: 250097 # GETX I->M misses
   mGETXSM: 11 # GETX S->M misses (upgrade misses)
   PUTS: 153182 # Clean evictions (from lower level)
   PUTX: 249749 # Dirty evictions (from lower level)
   INV: 73095 # Invalidates (from upper level)
   INVX: 17 # Downgrades (from upper level)
   FWD: 0 # Forwards (from upper level)
   latGETnl: 105709465 # GET request latency on next level
   latGETnet: 0 # GET request latency on network to next level
  l2-12: # Cache stats
   hGETS: 0 # GETS hits
   hGETX: 0 # GETX hits
   mGETS: 154185 # GETS misses
   mGETXIM: 250078 # GETX I->M misses
   mGETXSM: 5 # GETX S->M misses (upgrade misses)
   PUTS: 153177 # Clean evictions (from lower level)
   PUTX: 249728 # Dirty evictions (from lower level)
   INV: 26844 # Invalidates (from upper level)
   INVX: 14 # Downgrades (from upper level)
   FWD: 0 # Forwards (from upper level)
   latGETnl: 105703437 # GET request latency on next level
   latGETnet: 0 # GET request latency on network to next level
  l2-13: # Cache stats
   hGETS: 0 # GETS hits
   hGETX: 0 # GETX hits
   mGETS: 154175 # GETS misses
   mGETXIM: 250076 # GETX I->M misses
   mGETXSM: 3 # GETX S->M misses (upgrade misses)
   PUTS: 153175 # Clean evictions (from lower level)
   PUTX: 249730 # Dirty evictions (from lower level)
   INV: 45109 # Invalidates (from upper level)
   INVX: 17 # Downgrades (from upper level)
   FWD: 0 # Forwards (from upper level)
   latGETnl: 105705128 # GET request latency on next level
   latGETnet: 0 # GET request latency on network to next level
  l2-14: # Cache stats
   hGETS: 0 # GETS hits
   hGETX: 0 # GETX hits
   mGETS: 154179 # GETS misses
   mGETXIM: 250077 # GETX I->M misses
   mGETXSM: 6 # GETX S->M misses (upgrade misses)
   PUTS: 153175 # Clean evictions (from lower level)
   PUTX: 249728 # Dirty evictions (from lower level)
   INV: 27263 # Invalidates (from upper level)
   INVX: 3 # Downgrades (from upper level)
   FWD: 0 # Forwards (from upper level)
   latGETnl: 105699954 # GET request latency on next level
   latGETnet: 0 # GET request latency on network to next level
  l2-15: # Cache stats
   hGETS: 0 # GETS hits
   hGETX: 0 # GETX hits
   mGETS: 154192 # GETS misses
   mGETXIM: 250078 # GETX I->M misses
   mGETXSM: 5 # GETX S->M misses (upgrade misses)
   PUTS: 153178 # Clean evictions (from lower level)
   PUTX: 249729 # Dirty evictions (from lower level)
   INV: 26917 # Invalidates (from upper level)
   INVX: 2 # Downgrades (from upper level)
   FWD: 0 # Forwards (from upper level)
   latGETnl: 105701771 # GET request latency on next level
   latGETnet: 0 # GET request latency on network to next level
  l2-16: # Cache stats
   hGETS: 0 # GETS hits
   hGETX: 0 # GETX hits
   mGETS: 154177 # GETS misses
   mGETXIM: 250074 # GETX I->M misses
   mGETXSM: 5 # GETX S->M misses (upgrade misses)
   PUTS: 153175 # Clean evictions (from lower level)
   PUTX: 249728 # Dirty evictions (from lower level)
   INV: 43772 # Invalidates (from upper level)
   INVX: 5 # Downgrades (from upper level)
   FWD: 0 # Forwards (from upper level)
   latGETnl: 105700182 # GET request latency on next level
   latGETnet: 0 # GET request latency on network to next level
  l2-17: # Cache stats
   hGETS: 0 # GETS hits
   hGETX: 0 # GETX hits
   mGETS: 154258 # GETS misses
   mGETXIM: 249976 # GETX I->M misses
   mGETXSM: 15 # GETX S->M misses (upgrade misses)
   PUTS: 153167 # Clean evictions (from lower level)
   PUTX: 249646 # Dirty evictions (from lower level)
   INV: 26886 # Invalidates (from upper level)
   INVX: 3 # Downgrades (from upper level)
   FWD: 0 # Forwards (from upper level)
   latGETnl: 105683616 # GET request latency on next level
   latGETnet: 0 # GET request latency on network to next level
  l2-18: # Cache stats
   hGETS: 0 # GETS hits
   hGETX: 0 # GETX hits
   mGETS: 154179 # GETS misses
   mGETXIM: 250075 # GETX I->M misses
   mGETXSM: 6 # GETX S->M misses (upgrade misses)
   PUTS: 153174 # Clean evictions (from lower level)
   PUTX: 249728 # Dirty evictions (from lower level)
   INV: 85564 # Invalidates (from upper level)
   INVX: 2 # Downgrades (from upper level)
   FWD: 0 # Forwards (from upper level)
   latGETnl: 105698530 # GET request latency on next level
   latGETnet: 0 # GET request latency on network to next level
  l2-19: # Cache stats
   hGETS: 0 # GETS hits
   hGETX: 0 # GETX hits
   mGETS: 154186 # GETS misses
   mGETXIM: 250074 # GETX I->M misses
   mGETXSM: 5 # GETX S->M misses (upgrade misses)
   PUTS: 153175 # Clean evictions (from lower level)
   PUTX: 249729 # Dirty evictions (from lower level)
   INV: 26759 # Invalidates (from upper level)
   INVX: 2 # Downgrades (from upper level)
   FWD: 0 # Forwards (from upper level)
   latGETnl: 105699812 # GET request latency on next level
   latGETnet: 0 # GET request latency on network to next level
  l2-20: # Cache stats
   hGETS: 0 # GETS hits
   hGETX: 0 # GETX hits
   mGETS: 154178 # GETS misses
   mGETXIM: 250077 # GETX I->M misses
   mGETXSM: 5 # GETX S->M misses (upgrade misses)
   PUTS: 153178 # Clean evictions (from lower level)
   PUTX: 249725 # Dirty evictions (from lower level)
   INV: 26995 # Invalidates (from upper level)
   INVX: 2 # Downgrades (from upper level)
   FWD: 0 # Forwards (from upper level)
   latGETnl: 105698952 # GET request latency on next level
   latGETnet: 0 # GET request latency on network to next level
  l2-21: # Cache stats
   hGETS: 0 # GETS hits
   hGETX: 0 # GETX hits
   mGETS: 154178 # GETS misses
   mGETXIM: 250073 # GETX I->M misses
   mGETXSM: 5 # GETX S->M misses (upgrade misses)
   PUTS: 153172 # Clean evictions (from lower level)
   PUTX: 249723 # Dirty evictions (from lower level)
   INV: 45009 # Invalidates (from upper level)
   INVX: 2 # Downgrades (from upper level)
   FWD: 0 # Forwards (from upper level)
   latGETnl: 105696779 # GET request latency on next level
   latGETnet: 0 # GET request latency on network to next level
  l2-22: # Cache stats
   hGETS: 0 # GETS hits
   hGETX: 0 # GETX hits
   mGETS: 154169 # GETS misses
   mGETXIM: 250069 # GETX I->M misses
   mGETXSM: 4 # GETX S->M misses (upgrade misses)
   PUTS: 153174 # Clean evictions (from lower level)
   PUTX: 249727 # Dirty evictions (from lower level)
   INV: 73903 # Invalidates (from upper level)
   INVX: 0 # Downgrades (from upper level)
   FWD: 0 # Forwards (from upper level)
   latGETnl: 105698694 # GET request latency on next level
   latGETnet: 0 # GET request latency on network to next level
  l2-23: # Cache stats
   hGETS: 0 # GETS hits
   hGETX: 0 # GETX hits
   mGETS: 0 # GETS misses
   mGETXIM: 0 # GETX I->M misses
   mGETXSM: 0 # GETX S->M misses (upgrade misses)
   PUTS: 0 # Clean evictions (from lower level)
   PUTX: 0 # Dirty evictions (from lower level)
   INV: 0 # Invalidates (from upper level)
   INVX: 0 # Downgrades (from upper level)
   FWD: 0 # Forwards (from upper level)
   latGETnl: 0 # GET request latency on next level
   latGETnet: 0 # GET request latency on network to next level
 l3: # Cache stats
  l3-0b0: # Cache stats
   hGETS: 256 # GETS hits
   hGETX: 23 # GETX hits
   mGETS: 146901 # GETS misses
   mGETXIM: 239640 # GETX I->M misses
   mGETXSM: 0 # GETX S->M misses (upgrade misses)
   PUTS: 126001 # Clean evictions (from lower level)
   PUTX: 205541 # Dirty evictions (from lower level)
   INV: 0 # Invalidates (from upper level)
   INVX: 0 # Downgrades (from upper level)
   FWD: 0 # Forwards (from upper level)
   latGETnl: 86971725 # GET request latency on next level
   latGETnet: 0 # GET request latency on network to next level
  l3-0b1: # Cache stats
   hGETS: 305 # GETS hits
   hGETX: 1 # GETX hits
   mGETS: 146885 # GETS misses
   mGETXIM: 239637 # GETX I->M misses
   mGETXSM: 0 # GETX S->M misses (upgrade misses)
   PUTS: 126448 # Clean evictions (from lower level)
   PUTX: 205527 # Dirty evictions (from lower level)
   INV: 0 # Invalidates (from upper level)
   INVX: 0 # Downgrades (from upper level)
   FWD: 0 # Forwards (from upper level)
   latGETnl: 86967450 # GET request latency on next level
   latGETnet: 0 # GET request latency on network to next level
  l3-0b2: # Cache stats
   hGETS: 175 # GETS hits
   hGETX: 16 # GETX hits
   mGETS: 146898 # GETS misses
   mGETXIM: 239642 # GETX I->M misses
   mGETXSM: 0 # GETX S->M misses (upgrade misses)
   PUTS: 126151 # Clean evictions (from lower level)
   PUTX: 205380 # Dirty evictions (from lower level)
   INV: 0 # Invalidates (from upper level)
   INVX: 0 # Downgrades (from upper level)
   FWD: 0 # Forwards (from upper level)
   latGETnl: 86971500 # GET request latency on next level
   latGETnet: 0 # GET request latency on network to next level
  l3-0b3: # Cache stats
   hGETS: 333 # GETS hits
   hGETX: 25 # GETX hits
   mGETS: 146955 # GETS misses
   mGETXIM: 239641 # GETX I->M misses
   mGETXSM: 0 # GETX S->M misses (upgrade misses)
   PUTS: 126067 # Clean evictions (from lower level)
   PUTX: 205273 # Dirty evictions (from lower level)
   INV: 0 # Invalidates (from upper level)
   INVX: 0 # Downgrades (from upper level)
   FWD: 0 # Forwards (from upper level)
   latGETnl: 86984100 # GET request latency on next level
   latGETnet: 0 # GET request latency on network to next level
  l3-0b4: # Cache stats
   hGETS: 313 # GETS hits
   hGETX: 17 # GETX hits
   mGETS: 146870 # GETS misses
   mGETXIM: 239638 # GETX I->M misses
   mGETXSM: 0 # GETX S->M misses (upgrade misses)
   PUTS: 126221 # Clean evictions (from lower level)
   PUTX: 205379 # Dirty evictions (from lower level)
   INV: 0 # Invalidates (from upper level)
   INVX: 0 # Downgrades (from upper level)
   FWD: 0 # Forwards (from upper level)
   latGETnl: 86964300 # GET request latency on next level
   latGETnet: 0 # GET request latency on network to next level
  l3-0b5: # Cache stats
   hGETS: 392 # GETS hits
   hGETX: 23 # GETX hits
   mGETS: 146917 # GETS misses
   mGETXIM: 239636 # GETX I->M misses
   mGETXSM: 0 # GETX S->M misses (upgrade misses)
   PUTS: 126566 # Clean evictions (from lower level)
   PUTX: 205510 # Dirty evictions (from lower level)
   INV: 0 # Invalidates (from upper level)
   INVX: 0 # Downgrades (from upper level)
   FWD: 0 # Forwards (from upper level)
   latGETnl: 86974425 # GET request latency on next level
   latGETnet: 0 # GET request latency on network to next level
  l3-0b6: # Cache stats
   hGETS: 793 # GETS hits
   hGETX: 15 # GETX hits
   mGETS: 146925 # GETS misses
   mGETXIM: 239635 # GETX I->M misses
   mGETXSM: 0 # GETX S->M misses (upgrade misses)
   PUTS: 126617 # Clean evictions (from lower level)
   PUTX: 205446 # Dirty evictions (from lower level)
   INV: 0 # Invalidates (from upper level)
   INVX: 0 # Downgrades (from upper level)
   FWD: 0 # Forwards (from upper level)
   latGETnl: 86976000 # GET request latency on next level
   latGETnet: 0 # GET request latency on network to next level
  l3-0b7: # Cache stats
   hGETS: 1382 # GETS hits
   hGETX: 46 # GETX hits
   mGETS: 146900 # GETS misses
   mGETXIM: 239637 # GETX I->M misses
   mGETXSM: 0 # GETX S->M misses (upgrade misses)
   PUTS: 127265 # Clean evictions (from lower level)
   PUTX: 205359 # Dirty evictions (from lower level)
   INV: 0 # Invalidates (from upper level)
   INVX: 0 # Downgrades (from upper level)
   FWD: 0 # Forwards (from upper level)
   latGETnl: 86970825 # GET request latency on next level
   latGETnet: 0 # GET request latency on network to next level
  l3-0b8: # Cache stats
   hGETS: 880 # GETS hits
   hGETX: 124 # GETX hits
   mGETS: 146913 # GETS misses
   mGETXIM: 239655 # GETX I->M misses
   mGETXSM: 0 # GETX S->M misses (upgrade misses)
   PUTS: 126745 # Clean evictions (from lower level)
   PUTX: 205391 # Dirty evictions (from lower level)
   INV: 0 # Invalidates (from upper level)
   INVX: 0 # Downgrades (from upper level)
   FWD: 0 # Forwards (from upper level)
   latGETnl: 86977800 # GET request latency on next level
   latGETnet: 0 # GET request latency on network to next level
  l3-0b9: # Cache stats
   hGETS: 869 # GETS hits
   hGETX: 105 # GETX hits
   mGETS: 146919 # GETS misses
   mGETXIM: 239657 # GETX I->M misses
   mGETXSM: 0 # GETX S->M misses (upgrade misses)
   PUTS: 126625 # Clean evictions (from lower level)
   PUTX: 205361 # Dirty evictions (from lower level)
   INV: 0 # Invalidates (from upper level)
   INVX: 0 # Downgrades (from upper level)
   FWD: 0 # Forwards (from upper level)
   latGETnl: 86979600 # GET request latency on next level
   latGETnet: 0 # GET request latency on network to next level
  l3-0b10: # Cache stats
   hGETS: 1464 # GETS hits
   hGETX: 77 # GETX hits
   mGETS: 146919 # GETS misses
   mGETXIM: 239654 # GETX I->M misses
   mGETXSM: 0 # GETX S->M misses (upgrade misses)
   PUTS: 127197 # Clean evictions (from lower level)
   PUTX: 205471 # Dirty evictions (from lower level)
   INV: 0 # Invalidates (from upper level)
   INVX: 0 # Downgrades (from upper level)
   FWD: 0 # Forwards (from upper level)
   latGETnl: 86978925 # GET request latency on next level
   latGETnet: 0 # GET request latency on network to next level
  l3-0b11: # Cache stats
   hGETS: 846 # GETS hits
   hGETX: 85 # GETX hits
   mGETS: 146939 # GETS misses
   mGETXIM: 239654 # GETX I->M misses
   mGETXSM: 0 # GETX S->M misses (upgrade misses)
   PUTS: 126910 # Clean evictions (from lower level)
   PUTX: 205505 # Dirty evictions (from lower level)
   INV: 0 # Invalidates (from upper level)
   INVX: 0 # Downgrades (from upper level)
   FWD: 0 # Forwards (from upper level)
   latGETnl: 86983425 # GET request latency on next level
   latGETnet: 0 # GET request latency on network to next level
  l3-0b12: # Cache stats
   hGETS: 1439 # GETS hits
   hGETX: 41 # GETX hits
   mGETS: 146888 # GETS misses
   mGETXIM: 239648 # GETX I->M misses
   mGETXSM: 0 # GETX S->M misses (upgrade misses)
   PUTS: 127247 # Clean evictions (from lower level)
   PUTX: 205366 # Dirty evictions (from lower level)
   INV: 0 # Invalidates (from upper level)
   INVX: 0 # Downgrades (from upper level)
   FWD: 0 # Forwards (from upper level)
   latGETnl: 86970600 # GET request latency on next level
   latGETnet: 0 # GET request latency on network to next level
  l3-0b13: # Cache stats
   hGETS: 1384 # GETS hits
   hGETX: 23 # GETX hits
   mGETS: 146936 # GETS misses
   mGETXIM: 239652 # GETX I->M misses
   mGETXSM: 0 # GETX S->M misses (upgrade misses)
   PUTS: 127204 # Clean evictions (from lower level)
   PUTX: 205396 # Dirty evictions (from lower level)
   INV: 0 # Invalidates (from upper level)
   INVX: 0 # Downgrades (from upper level)
   FWD: 0 # Forwards (from upper level)
   latGETnl: 86982300 # GET request latency on next level
   latGETnet: 0 # GET request latency on network to next level
  l3-0b14: # Cache stats
   hGETS: 1461 # GETS hits
   hGETX: 58 # GETX hits
   mGETS: 146943 # GETS misses
   mGETXIM: 239641 # GETX I->M misses
   mGETXSM: 0 # GETX S->M misses (upgrade misses)
   PUTS: 127543 # Clean evictions (from lower level)
   PUTX: 205451 # Dirty evictions (from lower level)
   INV: 0 # Invalidates (from upper level)
   INVX: 0 # Downgrades (from upper level)
   FWD: 0 # Forwards (from upper level)
   latGETnl: 86981400 # GET request latency on next level
   latGETnet: 0 # GET request latency on network to next level
  l3-0b15: # Cache stats
   hGETS: 1429 # GETS hits
   hGETX: 62 # GETX hits
   mGETS: 146876 # GETS misses
   mGETXIM: 239647 # GETX I->M misses
   mGETXSM: 0 # GETX S->M misses (upgrade misses)
   PUTS: 127187 # Clean evictions (from lower level)
   PUTX: 205510 # Dirty evictions (from lower level)
   INV: 0 # Invalidates (from upper level)
   INVX: 0 # Downgrades (from upper level)
   FWD: 0 # Forwards (from upper level)
   latGETnl: 86967675 # GET request latency on next level
   latGETnet: 0 # GET request latency on network to next level
  l3-0b16: # Cache stats
   hGETS: 984 # GETS hits
   hGETX: 30 # GETX hits
   mGETS: 146891 # GETS misses
   mGETXIM: 239561 # GETX I->M misses
   mGETXSM: 0 # GETX S->M misses (upgrade misses)
   PUTS: 126884 # Clean evictions (from lower level)
   PUTX: 205406 # Dirty evictions (from lower level)
   INV: 0 # Invalidates (from upper level)
   INVX: 0 # Downgrades (from upper level)
   FWD: 0 # Forwards (from upper level)
   latGETnl: 86951700 # GET request latency on next level
   latGETnet: 0 # GET request latency on network to next level
  l3-0b17: # Cache stats
   hGETS: 962 # GETS hits
   hGETX: 15 # GETX hits
   mGETS: 146908 # GETS misses
   mGETXIM: 239560 # GETX I->M misses
   mGETXSM: 0 # GETX S->M misses (upgrade misses)
   PUTS: 126711 # Clean evictions (from lower level)
   PUTX: 205307 # Dirty evictions (from lower level)
   INV: 0 # Invalidates (from upper level)
   INVX: 0 # Downgrades (from upper level)
   FWD: 0 # Forwards (from upper level)
   latGETnl: 86955300 # GET request latency on next level
   latGETnet: 0 # GET request latency on network to next level
  l3-0b18: # Cache stats
   hGETS: 868 # GETS hits
   hGETX: 17 # GETX hits
   mGETS: 146867 # GETS misses
   mGETXIM: 239566 # GETX I->M misses
   mGETXSM: 0 # GETX S->M misses (upgrade misses)
   PUTS: 126687 # Clean evictions (from lower level)
   PUTX: 205418 # Dirty evictions (from lower level)
   INV: 0 # Invalidates (from upper level)
   INVX: 0 # Downgrades (from upper level)
   FWD: 0 # Forwards (from upper level)
   latGETnl: 86947425 # GET request latency on next level
   latGETnet: 0 # GET request latency on network to next level
  l3-0b19: # Cache stats
   hGETS: 865 # GETS hits
   hGETX: 52 # GETX hits
   mGETS: 146820 # GETS misses
   mGETXIM: 239563 # GETX I->M misses
   mGETXSM: 0 # GETX S->M misses (upgrade misses)
   PUTS: 126690 # Clean evictions (from lower level)
   PUTX: 205462 # Dirty evictions (from lower level)
   INV: 0 # Invalidates (from upper level)
   INVX: 0 # Downgrades (from upper level)
   FWD: 0 # Forwards (from upper level)
   latGETnl: 86936175 # GET request latency on next level
   latGETnet: 0 # GET request latency on network to next level
  l3-0b20: # Cache stats
   hGETS: 855 # GETS hits
   hGETX: 27 # GETX hits
   mGETS: 146913 # GETS misses
   mGETXIM: 239565 # GETX I->M misses
   mGETXSM: 0 # GETX S->M misses (upgrade misses)
   PUTS: 126796 # Clean evictions (from lower level)
   PUTX: 205410 # Dirty evictions (from lower level)
   INV: 0 # Invalidates (from upper level)
   INVX: 0 # Downgrades (from upper level)
   FWD: 0 # Forwards (from upper level)
   latGETnl: 86957550 # GET request latency on next level
   latGETnet: 0 # GET request latency on network to next level
  l3-0b21: # Cache stats
   hGETS: 861 # GETS hits
   hGETX: 25 # GETX hits
   mGETS: 146818 # GETS misses
   mGETXIM: 239573 # GETX I->M misses
   mGETXSM: 0 # GETX S->M misses (upgrade misses)
   PUTS: 126519 # Clean evictions (from lower level)
   PUTX: 205290 # Dirty evictions (from lower level)
   INV: 0 # Invalidates (from upper level)
   INVX: 0 # Downgrades (from upper level)
   FWD: 0 # Forwards (from upper level)
   latGETnl: 86937975 # GET request latency on next level
   latGETnet: 0 # GET request latency on network to next level
  l3-0b22: # Cache stats
   hGETS: 1005 # GETS hits
   hGETX: 64 # GETX hits
   mGETS: 146855 # GETS misses
   mGETXIM: 239572 # GETX I->M misses
   mGETXSM: 0 # GETX S->M misses (upgrade misses)
   PUTS: 126788 # Clean evictions (from lower level)
   PUTX: 205501 # Dirty evictions (from lower level)
   INV: 0 # Invalidates (from upper level)
   INVX: 0 # Downgrades (from upper level)
   FWD: 0 # Forwards (from upper level)
   latGETnl: 86946075 # GET request latency on next level
   latGETnet: 0 # GET request latency on network to next level
  l3-0b23: # Cache stats
   hGETS: 911 # GETS hits
   hGETX: 78 # GETX hits
   mGETS: 146938 # GETS misses
   mGETXIM: 239574 # GETX I->M misses
   mGETXSM: 0 # GETX S->M misses (upgrade misses)
   PUTS: 126942 # Clean evictions (from lower level)
   PUTX: 205374 # Dirty evictions (from lower level)
   INV: 0 # Invalidates (from upper level)
   INVX: 0 # Downgrades (from upper level)
   FWD: 0 # Forwards (from upper level)
   latGETnl: 86965200 # GET request latency on next level
   latGETnet: 0 # GET request latency on network to next level
 mem: # Memory controller stats
  mem-0: # Memory controller stats
   rd: 9253464 # Read requests
   wr: 5381034 # Write requests
   rdlat: 2534824259 # Total latency experienced by read requests
   wrlat: 1490796223 # Total latency experienced by write requests
 sched: # Scheduler stats
  thCr: 25 # Threads created
  thFn: 25 # Threads finished
  schedEvs: 28 # Schedule events
  waitEvs: 3 # Wait events
  handoffEvs: 1 # Handoff events
  sleepEvs: 1 # Sleep events
  idlePhases: 0 # Phases with no thread active
  idlePeriods: 0 # Periods with no thread active
  occHist: # Occupancy histogram
   0: 0
   1: 36
   2: 0
   3: 2
   4: 2
   5: 1
   6: 1
   7: 0
   8: 1
   9: 0
   10: 0
   11: 0
   12: 1
   13: 0
   14: 1
   15: 0
   16: 0
   17: 1
   18: 0
   19: 0
   20: 1
   21: 0
   22: 0
   23: 59203
   24: 0
  rqSzHist: # Run queue size histogram
   0: 59221
   1: 29
   2: 0
   3: 0
   4: 0
   5: 0
   6: 0
   7: 0
   8: 0
   9: 0
   10: 0
   11: 0
   12: 0
   13: 0
   14: 0
   15: 0
   16: 0
   17: 0
   18: 0
   19: 0
   20: 0
   21: 0
   22: 0
   23: 0
   24: 0
 procCycles: # Per-process unhalted core cycles
  0: 1361803549
  1: 0
  2: 0
  3: 0
  4: 0
  5: 0
  6: 0
  7: 0
  8: 0
  9: 0
  10: 0
  11: 0
  12: 0
  13: 0
  14: 0
  15: 0
  16: 0
  17: 0
  18: 0
  19: 0
  20: 0
  21: 0
  22: 0
  23: 0
  24: 0
  25: 0
  26: 0
  27: 0
  28: 0
  29: 0
  30: 0
  31: 0
  32: 0
  33: 0
  34: 0
  35: 0
  36: 0
  37: 0
  38: 0
  39: 0
  40: 0
  41: 0
  42: 0
  43: 0
  44: 0
  45: 0
  46: 0
  47: 0
  48: 0
  49: 0
  50: 0
  51: 0
  52: 0
  53: 0
  54: 0
  55: 0
  56: 0
  57: 0
  58: 0
  59: 0
  60: 0
  61: 0
  62: 0
  63: 0
 procInstrs: # Per-process instructions
  0: 1769284531
  1: 0
  2: 0
  3: 0
  4: 0
  5: 0
  6: 0
  7: 0
  8: 0
  9: 0
  10: 0
  11: 0
  12: 0
  13: 0
  14: 0
  15: 0
  16: 0
  17: 0
  18: 0
  19: 0
  20: 0
  21: 0
  22: 0
  23: 0
  24: 0
  25: 0
  26: 0
  27: 0
  28: 0
  29: 0
  30: 0
  31: 0
  32: 0
  33: 0
  34: 0
  35: 0
  36: 0
  37: 0
  38: 0
  39: 0
  40: 0
  41: 0
  42: 0
  43: 0
  44: 0
  45: 0
  46: 0
  47: 0
  48: 0
  49: 0
  50: 0
  51: 0
  52: 0
  53: 0
  54: 0
  55: 0
  56: 0
  57: 0
  58: 0
  59: 0
  60: 0
  61: 0
  62: 0
  63: 0
 heartbeats: # Per-process heartbeats
  0: 0
  1: 0
  2: 0
  3: 0
  4: 0
  5: 0
  6: 0
  7: 0
  8: 0
  9: 0
  10: 0
  11: 0
  12: 0
  13: 0
  14: 0
  15: 0
  16: 0
  17: 0
  18: 0
  19: 0
  20: 0
  21: 0
  22: 0
  23: 0
  24: 0
  25: 0
  26: 0
  27: 0
  28: 0
  29: 0
  30: 0
  31: 0
  32: 0
  33: 0
  34: 0
  35: 0
  36: 0
  37: 0
  38: 0
  39: 0
  40: 0
  41: 0
  42: 0
  43: 0
  44: 0
  45: 0
  46: 0
  47: 0
  48: 0
  49: 0
  50: 0
  51: 0
  52: 0
  53: 0
  54: 0
  55: 0
  56: 0
  57: 0
  58: 0
  59: 0
  60: 0
  61: 0
  62: 0
  63: 0
===
