# zsim stats
===
root: # Stats
 contention: # Contention simulation stats
  domain-0: # Domain stats
   time: 8594463258 # Weave simulation time
 time: # Simulator time breakdown
  init: 3190245412
  bound: 71471425341
  weave: 10825651149
  ff: 5420884
 trigger: 20000 # Reason for this stats dump
 phase: 35542 # Simulated phases
 reqCycles: 0 # Requeue Cycles
 skylake: # Core stats
  skylake-0: # Core stats
   cycles: 35542913 # Simulated unhalted cycles
   cCycles: 26075391 # Cycles due to contention stalls
   instrs: 8437168 # Simulated instructions
   uops: 6926019 # issued micro-ops
   bbls: 2399713 # Basic blocks
   approxInstrs: 715970 # Instrs with approx uop decoding
   mispredBranches: 208213 # Mispredicted branches
   IdqNotDelivered: 7756262 # Stalls no uop delivered when no Bkend Stall
   IntMiscRecoveryCycles: 844262 # Stalls waiting machine clears
   uops executed: 7084774 # Executed microoperations
  skylake-1: # Core stats
   cycles: 35506902 # Simulated unhalted cycles
   cCycles: 26075145 # Cycles due to contention stalls
   instrs: 8437343 # Simulated instructions
   uops: 6925814 # issued micro-ops
   bbls: 2399875 # Basic blocks
   approxInstrs: 716079 # Instrs with approx uop decoding
   mispredBranches: 208209 # Mispredicted branches
   IdqNotDelivered: 7719579 # Stalls no uop delivered when no Bkend Stall
   IntMiscRecoveryCycles: 835239 # Stalls waiting machine clears
   uops executed: 7084636 # Executed microoperations
  skylake-2: # Core stats
   cycles: 35505535 # Simulated unhalted cycles
   cCycles: 26076042 # Cycles due to contention stalls
   instrs: 8434447 # Simulated instructions
   uops: 6923279 # issued micro-ops
   bbls: 2399097 # Basic blocks
   approxInstrs: 715877 # Instrs with approx uop decoding
   mispredBranches: 208156 # Mispredicted branches
   IdqNotDelivered: 7719075 # Stalls no uop delivered when no Bkend Stall
   IntMiscRecoveryCycles: 837489 # Stalls waiting machine clears
   uops executed: 7082054 # Executed microoperations
  skylake-3: # Core stats
   cycles: 35504002 # Simulated unhalted cycles
   cCycles: 26071015 # Cycles due to contention stalls
   instrs: 8438058 # Simulated instructions
   uops: 6926327 # issued micro-ops
   bbls: 2400095 # Basic blocks
   approxInstrs: 716161 # Instrs with approx uop decoding
   mispredBranches: 208232 # Mispredicted branches
   IdqNotDelivered: 7720566 # Stalls no uop delivered when no Bkend Stall
   IntMiscRecoveryCycles: 836333 # Stalls waiting machine clears
   uops executed: 7085169 # Executed microoperations
  skylake-4: # Core stats
   cycles: 35502002 # Simulated unhalted cycles
   cCycles: 26077074 # Cycles due to contention stalls
   instrs: 8431150 # Simulated instructions
   uops: 6920665 # issued micro-ops
   bbls: 2398129 # Basic blocks
   approxInstrs: 715577 # Instrs with approx uop decoding
   mispredBranches: 208063 # Mispredicted branches
   IdqNotDelivered: 7711700 # Stalls no uop delivered when no Bkend Stall
   IntMiscRecoveryCycles: 835376 # Stalls waiting machine clears
   uops executed: 7079355 # Executed microoperations
  skylake-5: # Core stats
   cycles: 35501910 # Simulated unhalted cycles
   cCycles: 26074034 # Cycles due to contention stalls
   instrs: 8436050 # Simulated instructions
   uops: 6924683 # issued micro-ops
   bbls: 2399525 # Basic blocks
   approxInstrs: 715989 # Instrs with approx uop decoding
   mispredBranches: 208184 # Mispredicted branches
   IdqNotDelivered: 7715668 # Stalls no uop delivered when no Bkend Stall
   IntMiscRecoveryCycles: 835584 # Stalls waiting machine clears
   uops executed: 7083465 # Executed microoperations
  skylake-6: # Core stats
   cycles: 35500903 # Simulated unhalted cycles
   cCycles: 26074067 # Cycles due to contention stalls
   instrs: 8437923 # Simulated instructions
   uops: 6925983 # issued micro-ops
   bbls: 2400103 # Basic blocks
   approxInstrs: 716196 # Instrs with approx uop decoding
   mispredBranches: 208240 # Mispredicted branches
   IdqNotDelivered: 7713962 # Stalls no uop delivered when no Bkend Stall
   IntMiscRecoveryCycles: 837335 # Stalls waiting machine clears
   uops executed: 7084815 # Executed microoperations
  skylake-7: # Core stats
   cycles: 35500902 # Simulated unhalted cycles
   cCycles: 26081696 # Cycles due to contention stalls
   instrs: 8427750 # Simulated instructions
   uops: 6917867 # issued micro-ops
   bbls: 2397164 # Basic blocks
   approxInstrs: 715286 # Instrs with approx uop decoding
   mispredBranches: 207980 # Mispredicted branches
   IdqNotDelivered: 7708120 # Stalls no uop delivered when no Bkend Stall
   IntMiscRecoveryCycles: 834627 # Stalls waiting machine clears
   uops executed: 7076491 # Executed microoperations
  skylake-8: # Core stats
   cycles: 35499001 # Simulated unhalted cycles
   cCycles: 26075868 # Cycles due to contention stalls
   instrs: 8432171 # Simulated instructions
   uops: 6921260 # issued micro-ops
   bbls: 2398467 # Basic blocks
   approxInstrs: 715707 # Instrs with approx uop decoding
   mispredBranches: 208098 # Mispredicted branches
   IdqNotDelivered: 7709047 # Stalls no uop delivered when no Bkend Stall
   IntMiscRecoveryCycles: 836244 # Stalls waiting machine clears
   uops executed: 7079982 # Executed microoperations
  skylake-9: # Core stats
   cycles: 35499686 # Simulated unhalted cycles
   cCycles: 26078973 # Cycles due to contention stalls
   instrs: 8430799 # Simulated instructions
   uops: 6920133 # issued micro-ops
   bbls: 2398077 # Basic blocks
   approxInstrs: 715590 # Instrs with approx uop decoding
   mispredBranches: 208064 # Mispredicted branches
   IdqNotDelivered: 7706935 # Stalls no uop delivered when no Bkend Stall
   IntMiscRecoveryCycles: 836656 # Stalls waiting machine clears
   uops executed: 7078829 # Executed microoperations
  skylake-10: # Core stats
   cycles: 35499692 # Simulated unhalted cycles
   cCycles: 26076484 # Cycles due to contention stalls
   instrs: 8433245 # Simulated instructions
   uops: 6922144 # issued micro-ops
   bbls: 2398773 # Basic blocks
   approxInstrs: 715799 # Instrs with approx uop decoding
   mispredBranches: 208125 # Mispredicted branches
   IdqNotDelivered: 7709692 # Stalls no uop delivered when no Bkend Stall
   IntMiscRecoveryCycles: 836552 # Stalls waiting machine clears
   uops executed: 7080886 # Executed microoperations
  skylake-11: # Core stats
   cycles: 35499924 # Simulated unhalted cycles
   cCycles: 26204986 # Cycles due to contention stalls
   instrs: 9314792 # Simulated instructions
   uops: 7645865 # issued micro-ops
   bbls: 2649429 # Basic blocks
   approxInstrs: 790578 # Instrs with approx uop decoding
   mispredBranches: 114997 # Mispredicted branches
   IdqNotDelivered: 7501277 # Stalls no uop delivered when no Bkend Stall
   IntMiscRecoveryCycles: 926540 # Stalls waiting machine clears
   uops executed: 8050979 # Executed microoperations
  skylake-12: # Core stats
   cycles: 35498002 # Simulated unhalted cycles
   cCycles: 26074534 # Cycles due to contention stalls
   instrs: 8436612 # Simulated instructions
   uops: 6924893 # issued micro-ops
   bbls: 2399731 # Basic blocks
   approxInstrs: 716085 # Instrs with approx uop decoding
   mispredBranches: 208202 # Mispredicted branches
   IdqNotDelivered: 7715091 # Stalls no uop delivered when no Bkend Stall
   IntMiscRecoveryCycles: 835870 # Stalls waiting machine clears
   uops executed: 7083735 # Executed microoperations
  skylake-13: # Core stats
   cycles: 35498686 # Simulated unhalted cycles
   cCycles: 26080236 # Cycles due to contention stalls
   instrs: 8432252 # Simulated instructions
   uops: 6921327 # issued micro-ops
   bbls: 2398490 # Basic blocks
   approxInstrs: 715714 # Instrs with approx uop decoding
   mispredBranches: 208100 # Mispredicted branches
   IdqNotDelivered: 7707885 # Stalls no uop delivered when no Bkend Stall
   IntMiscRecoveryCycles: 835717 # Stalls waiting machine clears
   uops executed: 7080051 # Executed microoperations
  skylake-14: # Core stats
   cycles: 35497700 # Simulated unhalted cycles
   cCycles: 26076346 # Cycles due to contention stalls
   instrs: 8433954 # Simulated instructions
   uops: 6922726 # issued micro-ops
   bbls: 2398974 # Basic blocks
   approxInstrs: 715859 # Instrs with approx uop decoding
   mispredBranches: 208142 # Mispredicted branches
   IdqNotDelivered: 7712854 # Stalls no uop delivered when no Bkend Stall
   IntMiscRecoveryCycles: 835687 # Stalls waiting machine clears
   uops executed: 7081484 # Executed microoperations
  skylake-15: # Core stats
   cycles: 35497691 # Simulated unhalted cycles
   cCycles: 26078342 # Cycles due to contention stalls
   instrs: 8432927 # Simulated instructions
   uops: 6921889 # issued micro-ops
   bbls: 2398683 # Basic blocks
   approxInstrs: 715772 # Instrs with approx uop decoding
   mispredBranches: 208115 # Mispredicted branches
   IdqNotDelivered: 7708230 # Stalls no uop delivered when no Bkend Stall
   IntMiscRecoveryCycles: 836319 # Stalls waiting machine clears
   uops executed: 7080644 # Executed microoperations
  skylake-16: # Core stats
   cycles: 35497686 # Simulated unhalted cycles
   cCycles: 26072725 # Cycles due to contention stalls
   instrs: 8436674 # Simulated instructions
   uops: 6924964 # issued micro-ops
   bbls: 2399746 # Basic blocks
   approxInstrs: 716093 # Instrs with approx uop decoding
   mispredBranches: 208209 # Mispredicted branches
   IdqNotDelivered: 7711002 # Stalls no uop delivered when no Bkend Stall
   IntMiscRecoveryCycles: 835679 # Stalls waiting machine clears
   uops executed: 7083776 # Executed microoperations
  skylake-17: # Core stats
   cycles: 35496785 # Simulated unhalted cycles
   cCycles: 26195658 # Cycles due to contention stalls
   instrs: 9312593 # Simulated instructions
   uops: 7644989 # issued micro-ops
   bbls: 2648481 # Basic blocks
   approxInstrs: 789924 # Instrs with approx uop decoding
   mispredBranches: 114998 # Mispredicted branches
   IdqNotDelivered: 7509007 # Stalls no uop delivered when no Bkend Stall
   IntMiscRecoveryCycles: 928718 # Stalls waiting machine clears
   uops executed: 8049910 # Executed microoperations
  skylake-18: # Core stats
   cycles: 35496688 # Simulated unhalted cycles
   cCycles: 26078183 # Cycles due to contention stalls
   instrs: 8431405 # Simulated instructions
   uops: 6920641 # issued micro-ops
   bbls: 2398247 # Basic blocks
   approxInstrs: 715646 # Instrs with approx uop decoding
   mispredBranches: 208079 # Mispredicted branches
   IdqNotDelivered: 7708535 # Stalls no uop delivered when no Bkend Stall
   IntMiscRecoveryCycles: 835231 # Stalls waiting machine clears
   uops executed: 7079355 # Executed microoperations
  skylake-19: # Core stats
   cycles: 35496902 # Simulated unhalted cycles
   cCycles: 26073809 # Cycles due to contention stalls
   instrs: 8435771 # Simulated instructions
   uops: 6924211 # issued micro-ops
   bbls: 2399490 # Basic blocks
   approxInstrs: 716017 # Instrs with approx uop decoding
   mispredBranches: 208181 # Mispredicted branches
   IdqNotDelivered: 7708431 # Stalls no uop delivered when no Bkend Stall
   IntMiscRecoveryCycles: 835441 # Stalls waiting machine clears
   uops executed: 7083043 # Executed microoperations
  skylake-20: # Core stats
   cycles: 35496686 # Simulated unhalted cycles
   cCycles: 26079293 # Cycles due to contention stalls
   instrs: 8432642 # Simulated instructions
   uops: 6921652 # issued micro-ops
   bbls: 2398600 # Basic blocks
   approxInstrs: 715749 # Instrs with approx uop decoding
   mispredBranches: 208109 # Mispredicted branches
   IdqNotDelivered: 7707701 # Stalls no uop delivered when no Bkend Stall
   IntMiscRecoveryCycles: 835645 # Stalls waiting machine clears
   uops executed: 7080388 # Executed microoperations
  skylake-21: # Core stats
   cycles: 35495687 # Simulated unhalted cycles
   cCycles: 26076085 # Cycles due to contention stalls
   instrs: 8433161 # Simulated instructions
   uops: 6922074 # issued micro-ops
   bbls: 2398749 # Basic blocks
   approxInstrs: 715791 # Instrs with approx uop decoding
   mispredBranches: 208123 # Mispredicted branches
   IdqNotDelivered: 7708603 # Stalls no uop delivered when no Bkend Stall
   IntMiscRecoveryCycles: 835754 # Stalls waiting machine clears
   uops executed: 7080816 # Executed microoperations
  skylake-22: # Core stats
   cycles: 35495689 # Simulated unhalted cycles
   cCycles: 26076181 # Cycles due to contention stalls
   instrs: 8431618 # Simulated instructions
   uops: 6920814 # issued micro-ops
   bbls: 2398310 # Basic blocks
   approxInstrs: 715661 # Instrs with approx uop decoding
   mispredBranches: 208080 # Mispredicted branches
   IdqNotDelivered: 7707257 # Stalls no uop delivered when no Bkend Stall
   IntMiscRecoveryCycles: 835187 # Stalls waiting machine clears
   uops executed: 7079554 # Executed microoperations
  skylake-23: # Core stats
   cycles: 0 # Simulated unhalted cycles
   cCycles: 0 # Cycles due to contention stalls
   instrs: 0 # Simulated instructions
   uops: 0 # issued micro-ops
   bbls: 0 # Basic blocks
   approxInstrs: 0 # Instrs with approx uop decoding
   mispredBranches: 0 # Mispredicted branches
   IdqNotDelivered: 0 # Stalls no uop delivered when no Bkend Stall
   IntMiscRecoveryCycles: 0 # Stalls waiting machine clears
   uops executed: 0 # Executed microoperations
 l1d: # Cache stats
  l1d-0: # Filter cache stats
   fhGETS: 847012 # Filtered GETS hits
   fhGETX: 486831 # Filtered GETX hits
   hGETS: 4810 # GETS hits
   hGETX: 9444 # GETX hits
   mGETS: 226653 # GETS misses
   mGETXIM: 79646 # GETX I->M misses
   mGETXSM: 7 # GETX S->M misses (upgrade misses)
   PUTS: 0 # Clean evictions (from lower level)
   PUTX: 0 # Dirty evictions (from lower level)
   INV: 94 # Invalidates (from upper level)
   INVX: 76 # Downgrades (from upper level)
   FWD: 0 # Forwards (from upper level)
   latGETnl: 83280271 # GET request latency on next level
   latGETnet: 0 # GET request latency on network to next level
  l1d-1: # Filter cache stats
   fhGETS: 846889 # Filtered GETS hits
   fhGETX: 486748 # Filtered GETX hits
   hGETS: 4731 # GETS hits
   hGETX: 9399 # GETX hits
   mGETS: 226640 # GETS misses
   mGETXIM: 79632 # GETX I->M misses
   mGETXSM: 8 # GETX S->M misses (upgrade misses)
   PUTS: 0 # Clean evictions (from lower level)
   PUTX: 0 # Dirty evictions (from lower level)
   INV: 80 # Invalidates (from upper level)
   INVX: 24 # Downgrades (from upper level)
   FWD: 0 # Forwards (from upper level)
   latGETnl: 83263158 # GET request latency on next level
   latGETnet: 0 # GET request latency on network to next level
  l1d-2: # Filter cache stats
   fhGETS: 846529 # Filtered GETS hits
   fhGETX: 486551 # Filtered GETX hits
   hGETS: 4699 # GETS hits
   hGETX: 9385 # GETX hits
   mGETS: 226577 # GETS misses
   mGETXIM: 79594 # GETX I->M misses
   mGETXSM: 5 # GETX S->M misses (upgrade misses)
   PUTS: 0 # Clean evictions (from lower level)
   PUTX: 0 # Dirty evictions (from lower level)
   INV: 59 # Invalidates (from upper level)
   INVX: 5 # Downgrades (from upper level)
   FWD: 0 # Forwards (from upper level)
   latGETnl: 83240032 # GET request latency on next level
   latGETnet: 0 # GET request latency on network to next level
  l1d-3: # Filter cache stats
   fhGETS: 846908 # Filtered GETS hits
   fhGETX: 486761 # Filtered GETX hits
   hGETS: 4742 # GETS hits
   hGETX: 9416 # GETX hits
   mGETS: 226669 # GETS misses
   mGETXIM: 79630 # GETX I->M misses
   mGETXSM: 7 # GETX S->M misses (upgrade misses)
   PUTS: 0 # Clean evictions (from lower level)
   PUTX: 0 # Dirty evictions (from lower level)
   INV: 75 # Invalidates (from upper level)
   INVX: 34 # Downgrades (from upper level)
   FWD: 0 # Forwards (from upper level)
   latGETnl: 83275897 # GET request latency on next level
   latGETnet: 0 # GET request latency on network to next level
  l1d-4: # Filter cache stats
   fhGETS: 846223 # Filtered GETS hits
   fhGETX: 486361 # Filtered GETX hits
   hGETS: 4737 # GETS hits
   hGETX: 9399 # GETX hits
   mGETS: 226480 # GETS misses
   mGETXIM: 79576 # GETX I->M misses
   mGETXSM: 9 # GETX S->M misses (upgrade misses)
   PUTS: 0 # Clean evictions (from lower level)
   PUTX: 0 # Dirty evictions (from lower level)
   INV: 82 # Invalidates (from upper level)
   INVX: 20 # Downgrades (from upper level)
   FWD: 0 # Forwards (from upper level)
   latGETnl: 83203314 # GET request latency on next level
   latGETnet: 0 # GET request latency on network to next level
  l1d-5: # Filter cache stats
   fhGETS: 846725 # Filtered GETS hits
   fhGETX: 486660 # Filtered GETX hits
   hGETS: 4724 # GETS hits
   hGETX: 9392 # GETX hits
   mGETS: 226609 # GETS misses
   mGETXIM: 79620 # GETX I->M misses
   mGETXSM: 7 # GETX S->M misses (upgrade misses)
   PUTS: 0 # Clean evictions (from lower level)
   PUTX: 0 # Dirty evictions (from lower level)
   INV: 77 # Invalidates (from upper level)
   INVX: 17 # Downgrades (from upper level)
   FWD: 0 # Forwards (from upper level)
   latGETnl: 83251528 # GET request latency on next level
   latGETnet: 0 # GET request latency on network to next level
  l1d-6: # Filter cache stats
   fhGETS: 846809 # Filtered GETS hits
   fhGETX: 486713 # Filtered GETX hits
   hGETS: 4721 # GETS hits
   hGETX: 9381 # GETX hits
   mGETS: 226657 # GETS misses
   mGETXIM: 79632 # GETX I->M misses
   mGETXSM: 7 # GETX S->M misses (upgrade misses)
   PUTS: 0 # Clean evictions (from lower level)
   PUTX: 0 # Dirty evictions (from lower level)
   INV: 59 # Invalidates (from upper level)
   INVX: 9 # Downgrades (from upper level)
   FWD: 0 # Forwards (from upper level)
   latGETnl: 83271518 # GET request latency on next level
   latGETnet: 0 # GET request latency on network to next level
  l1d-7: # Filter cache stats
   fhGETS: 845877 # Filtered GETS hits
   fhGETX: 486175 # Filtered GETX hits
   hGETS: 4732 # GETS hits
   hGETX: 9391 # GETX hits
   mGETS: 226389 # GETS misses
   mGETXIM: 79537 # GETX I->M misses
   mGETXSM: 8 # GETX S->M misses (upgrade misses)
   PUTS: 0 # Clean evictions (from lower level)
   PUTX: 0 # Dirty evictions (from lower level)
   INV: 76 # Invalidates (from upper level)
   INVX: 18 # Downgrades (from upper level)
   FWD: 0 # Forwards (from upper level)
   latGETnl: 83169117 # GET request latency on next level
   latGETnet: 0 # GET request latency on network to next level
  l1d-8: # Filter cache stats
   fhGETS: 846228 # Filtered GETS hits
   fhGETX: 486388 # Filtered GETX hits
   hGETS: 4721 # GETS hits
   hGETX: 9370 # GETX hits
   mGETS: 226504 # GETS misses
   mGETXIM: 79576 # GETX I->M misses
   mGETXSM: 5 # GETX S->M misses (upgrade misses)
   PUTS: 0 # Clean evictions (from lower level)
   PUTX: 0 # Dirty evictions (from lower level)
   INV: 58 # Invalidates (from upper level)
   INVX: 10 # Downgrades (from upper level)
   FWD: 0 # Forwards (from upper level)
   latGETnl: 83215687 # GET request latency on next level
   latGETnet: 0 # GET request latency on network to next level
  l1d-9: # Filter cache stats
   fhGETS: 846104 # Filtered GETS hits
   fhGETX: 486306 # Filtered GETX hits
   hGETS: 4707 # GETS hits
   hGETX: 9368 # GETX hits
   mGETS: 226466 # GETS misses
   mGETXIM: 79566 # GETX I->M misses
   mGETXSM: 5 # GETX S->M misses (upgrade misses)
   PUTS: 0 # Clean evictions (from lower level)
   PUTX: 0 # Dirty evictions (from lower level)
   INV: 61 # Invalidates (from upper level)
   INVX: 25 # Downgrades (from upper level)
   FWD: 0 # Forwards (from upper level)
   latGETnl: 83205176 # GET request latency on next level
   latGETnet: 0 # GET request latency on network to next level
  l1d-10: # Filter cache stats
   fhGETS: 846344 # Filtered GETS hits
   fhGETX: 486435 # Filtered GETX hits
   hGETS: 4710 # GETS hits
   hGETX: 9389 # GETX hits
   mGETS: 226535 # GETS misses
   mGETXIM: 79583 # GETX I->M misses
   mGETXSM: 6 # GETX S->M misses (upgrade misses)
   PUTS: 0 # Clean evictions (from lower level)
   PUTX: 0 # Dirty evictions (from lower level)
   INV: 59 # Invalidates (from upper level)
   INVX: 10 # Downgrades (from upper level)
   FWD: 0 # Forwards (from upper level)
   latGETnl: 83226211 # GET request latency on next level
   latGETnet: 0 # GET request latency on network to next level
  l1d-11: # Filter cache stats
   fhGETS: 934879 # Filtered GETS hits
   fhGETX: 537349 # Filtered GETX hits
   hGETS: 5238 # GETS hits
   hGETX: 10350 # GETX hits
   mGETS: 250200 # GETS misses
   mGETXIM: 87924 # GETX I->M misses
   mGETXSM: 9 # GETX S->M misses (upgrade misses)
   PUTS: 0 # Clean evictions (from lower level)
   PUTX: 0 # Dirty evictions (from lower level)
   INV: 68 # Invalidates (from upper level)
   INVX: 7 # Downgrades (from upper level)
   FWD: 0 # Forwards (from upper level)
   latGETnl: 91926626 # GET request latency on next level
   latGETnet: 0 # GET request latency on network to next level
  l1d-12: # Filter cache stats
   fhGETS: 846683 # Filtered GETS hits
   fhGETX: 486645 # Filtered GETX hits
   hGETS: 4712 # GETS hits
   hGETX: 9372 # GETX hits
   mGETS: 226620 # GETS misses
   mGETXIM: 79619 # GETX I->M misses
   mGETXSM: 4 # GETX S->M misses (upgrade misses)
   PUTS: 0 # Clean evictions (from lower level)
   PUTX: 0 # Dirty evictions (from lower level)
   INV: 56 # Invalidates (from upper level)
   INVX: 18 # Downgrades (from upper level)
   FWD: 0 # Forwards (from upper level)
   latGETnl: 83260055 # GET request latency on next level
   latGETnet: 0 # GET request latency on network to next level
  l1d-13: # Filter cache stats
   fhGETS: 846253 # Filtered GETS hits
   fhGETX: 486391 # Filtered GETX hits
   hGETS: 4703 # GETS hits
   hGETX: 9373 # GETX hits
   mGETS: 226507 # GETS misses
   mGETXIM: 79576 # GETX I->M misses
   mGETXSM: 5 # GETX S->M misses (upgrade misses)
   PUTS: 0 # Clean evictions (from lower level)
   PUTX: 0 # Dirty evictions (from lower level)
   INV: 59 # Invalidates (from upper level)
   INVX: 10 # Downgrades (from upper level)
   FWD: 0 # Forwards (from upper level)
   latGETnl: 83216222 # GET request latency on next level
   latGETnet: 0 # GET request latency on network to next level
  l1d-14: # Filter cache stats
   fhGETS: 846406 # Filtered GETS hits
   fhGETX: 486475 # Filtered GETX hits
   hGETS: 4721 # GETS hits
   hGETX: 9391 # GETX hits
   mGETS: 226552 # GETS misses
   mGETXIM: 79591 # GETX I->M misses
   mGETXSM: 6 # GETX S->M misses (upgrade misses)
   PUTS: 0 # Clean evictions (from lower level)
   PUTX: 0 # Dirty evictions (from lower level)
   INV: 57 # Invalidates (from upper level)
   INVX: 4 # Downgrades (from upper level)
   FWD: 0 # Forwards (from upper level)
   latGETnl: 83231141 # GET request latency on next level
   latGETnet: 0 # GET request latency on network to next level
  l1d-15: # Filter cache stats
   fhGETS: 846322 # Filtered GETS hits
   fhGETX: 486423 # Filtered GETX hits
   hGETS: 4704 # GETS hits
   hGETX: 9377 # GETX hits
   mGETS: 226520 # GETS misses
   mGETXIM: 79589 # GETX I->M misses
   mGETXSM: 5 # GETX S->M misses (upgrade misses)
   PUTS: 0 # Clean evictions (from lower level)
   PUTX: 0 # Dirty evictions (from lower level)
   INV: 60 # Invalidates (from upper level)
   INVX: 2 # Downgrades (from upper level)
   FWD: 0 # Forwards (from upper level)
   latGETnl: 83220454 # GET request latency on next level
   latGETnet: 0 # GET request latency on network to next level
  l1d-16: # Filter cache stats
   fhGETS: 846701 # Filtered GETS hits
   fhGETX: 486643 # Filtered GETX hits
   hGETS: 4704 # GETS hits
   hGETX: 9384 # GETX hits
   mGETS: 226626 # GETS misses
   mGETXIM: 79619 # GETX I->M misses
   mGETXSM: 5 # GETX S->M misses (upgrade misses)
   PUTS: 0 # Clean evictions (from lower level)
   PUTX: 0 # Dirty evictions (from lower level)
   INV: 60 # Invalidates (from upper level)
   INVX: 3 # Downgrades (from upper level)
   FWD: 0 # Forwards (from upper level)
   latGETnl: 83258782 # GET request latency on next level
   latGETnet: 0 # GET request latency on network to next level
  l1d-17: # Filter cache stats
   fhGETS: 935404 # Filtered GETS hits
   fhGETX: 537361 # Filtered GETX hits
   hGETS: 5550 # GETS hits
   hGETX: 10430 # GETX hits
   mGETS: 250049 # GETS misses
   mGETXIM: 87836 # GETX I->M misses
   mGETXSM: 15 # GETX S->M misses (upgrade misses)
   PUTS: 0 # Clean evictions (from lower level)
   PUTX: 0 # Dirty evictions (from lower level)
   INV: 61 # Invalidates (from upper level)
   INVX: 2 # Downgrades (from upper level)
   FWD: 0 # Forwards (from upper level)
   latGETnl: 91856352 # GET request latency on next level
   latGETnet: 0 # GET request latency on network to next level
  l1d-18: # Filter cache stats
   fhGETS: 846177 # Filtered GETS hits
   fhGETX: 486344 # Filtered GETX hits
   hGETS: 4698 # GETS hits
   hGETX: 9371 # GETX hits
   mGETS: 226482 # GETS misses
   mGETXIM: 79573 # GETX I->M misses
   mGETXSM: 5 # GETX S->M misses (upgrade misses)
   PUTS: 0 # Clean evictions (from lower level)
   PUTX: 0 # Dirty evictions (from lower level)
   INV: 61 # Invalidates (from upper level)
   INVX: 2 # Downgrades (from upper level)
   FWD: 0 # Forwards (from upper level)
   latGETnl: 83206652 # GET request latency on next level
   latGETnet: 0 # GET request latency on network to next level
  l1d-19: # Filter cache stats
   fhGETS: 846609 # Filtered GETS hits
   fhGETX: 486594 # Filtered GETX hits
   hGETS: 4702 # GETS hits
   hGETX: 9377 # GETX hits
   mGETS: 226598 # GETS misses
   mGETXIM: 79613 # GETX I->M misses
   mGETXSM: 4 # GETX S->M misses (upgrade misses)
   PUTS: 0 # Clean evictions (from lower level)
   PUTX: 0 # Dirty evictions (from lower level)
   INV: 56 # Invalidates (from upper level)
   INVX: 1 # Downgrades (from upper level)
   FWD: 0 # Forwards (from upper level)
   latGETnl: 83249909 # GET request latency on next level
   latGETnet: 0 # GET request latency on network to next level
  l1d-20: # Filter cache stats
   fhGETS: 846276 # Filtered GETS hits
   fhGETX: 486405 # Filtered GETX hits
   hGETS: 4722 # GETS hits
   hGETX: 9380 # GETX hits
   mGETS: 226515 # GETS misses
   mGETXIM: 79585 # GETX I->M misses
   mGETXSM: 5 # GETX S->M misses (upgrade misses)
   PUTS: 0 # Clean evictions (from lower level)
   PUTX: 0 # Dirty evictions (from lower level)
   INV: 60 # Invalidates (from upper level)
   INVX: 2 # Downgrades (from upper level)
   FWD: 0 # Forwards (from upper level)
   latGETnl: 83217542 # GET request latency on next level
   latGETnet: 0 # GET request latency on network to next level
  l1d-21: # Filter cache stats
   fhGETS: 846348 # Filtered GETS hits
   fhGETX: 486437 # Filtered GETX hits
   hGETS: 4700 # GETS hits
   hGETX: 9374 # GETX hits
   mGETS: 226527 # GETS misses
   mGETXIM: 79592 # GETX I->M misses
   mGETXSM: 6 # GETX S->M misses (upgrade misses)
   PUTS: 0 # Clean evictions (from lower level)
   PUTX: 0 # Dirty evictions (from lower level)
   INV: 61 # Invalidates (from upper level)
   INVX: 2 # Downgrades (from upper level)
   FWD: 0 # Forwards (from upper level)
   latGETnl: 83223460 # GET request latency on next level
   latGETnet: 0 # GET request latency on network to next level
  l1d-22: # Filter cache stats
   fhGETS: 846187 # Filtered GETS hits
   fhGETX: 486347 # Filtered GETX hits
   hGETS: 4701 # GETS hits
   hGETX: 9381 # GETX hits
   mGETS: 226490 # GETS misses
   mGETXIM: 79572 # GETX I->M misses
   mGETXSM: 6 # GETX S->M misses (upgrade misses)
   PUTS: 0 # Clean evictions (from lower level)
   PUTX: 0 # Dirty evictions (from lower level)
   INV: 61 # Invalidates (from upper level)
   INVX: 2 # Downgrades (from upper level)
   FWD: 0 # Forwards (from upper level)
   latGETnl: 83209081 # GET request latency on next level
   latGETnet: 0 # GET request latency on network to next level
  l1d-23: # Filter cache stats
   fhGETS: 0 # Filtered GETS hits
   fhGETX: 0 # Filtered GETX hits
   hGETS: 0 # GETS hits
   hGETX: 0 # GETX hits
   mGETS: 0 # GETS misses
   mGETXIM: 0 # GETX I->M misses
   mGETXSM: 0 # GETX S->M misses (upgrade misses)
   PUTS: 0 # Clean evictions (from lower level)
   PUTX: 0 # Dirty evictions (from lower level)
   INV: 0 # Invalidates (from upper level)
   INVX: 0 # Downgrades (from upper level)
   FWD: 0 # Forwards (from upper level)
   latGETnl: 0 # GET request latency on next level
   latGETnet: 0 # GET request latency on network to next level
 l1i: # Cache stats
  l1i-0: # Filter cache stats
   fhGETS: 3464130 # Filtered GETS hits
   fhGETX: 0 # Filtered GETX hits
   hGETS: 61192 # GETS hits
   hGETX: 0 # GETX hits
   mGETS: 709 # GETS misses
   mGETXIM: 0 # GETX I->M misses
   mGETXSM: 0 # GETX S->M misses (upgrade misses)
   PUTS: 0 # Clean evictions (from lower level)
   PUTX: 0 # Dirty evictions (from lower level)
   INV: 686 # Invalidates (from upper level)
   INVX: 0 # Downgrades (from upper level)
   FWD: 0 # Forwards (from upper level)
   latGETnl: 72248 # GET request latency on next level
   latGETnet: 0 # GET request latency on network to next level
  l1i-1: # Filter cache stats
   fhGETS: 3464506 # Filtered GETS hits
   fhGETX: 0 # Filtered GETX hits
   hGETS: 61193 # GETS hits
   hGETX: 0 # GETX hits
   mGETS: 607 # GETS misses
   mGETXIM: 0 # GETX I->M misses
   mGETXSM: 0 # GETX S->M misses (upgrade misses)
   PUTS: 0 # Clean evictions (from lower level)
   PUTX: 0 # Dirty evictions (from lower level)
   INV: 584 # Invalidates (from upper level)
   INVX: 0 # Downgrades (from upper level)
   FWD: 0 # Forwards (from upper level)
   latGETnl: 33929 # GET request latency on next level
   latGETnet: 0 # GET request latency on network to next level
  l1i-2: # Filter cache stats
   fhGETS: 3463411 # Filtered GETS hits
   fhGETX: 0 # Filtered GETX hits
   hGETS: 61170 # GETS hits
   hGETX: 0 # GETX hits
   mGETS: 644 # GETS misses
   mGETXIM: 0 # GETX I->M misses
   mGETXSM: 0 # GETX S->M misses (upgrade misses)
   PUTS: 0 # Clean evictions (from lower level)
   PUTX: 0 # Dirty evictions (from lower level)
   INV: 621 # Invalidates (from upper level)
   INVX: 0 # Downgrades (from upper level)
   FWD: 0 # Forwards (from upper level)
   latGETnl: 39718 # GET request latency on next level
   latGETnet: 0 # GET request latency on network to next level
  l1i-3: # Filter cache stats
   fhGETS: 3464840 # Filtered GETS hits
   fhGETX: 0 # Filtered GETX hits
   hGETS: 61192 # GETS hits
   hGETX: 0 # GETX hits
   mGETS: 616 # GETS misses
   mGETXIM: 0 # GETX I->M misses
   mGETXSM: 0 # GETX S->M misses (upgrade misses)
   PUTS: 0 # Clean evictions (from lower level)
   PUTX: 0 # Dirty evictions (from lower level)
   INV: 593 # Invalidates (from upper level)
   INVX: 0 # Downgrades (from upper level)
   FWD: 0 # Forwards (from upper level)
   latGETnl: 33452 # GET request latency on next level
   latGETnet: 0 # GET request latency on network to next level
  l1i-4: # Filter cache stats
   fhGETS: 3462002 # Filtered GETS hits
   fhGETX: 0 # Filtered GETX hits
   hGETS: 61143 # GETS hits
   hGETX: 0 # GETX hits
   mGETS: 622 # GETS misses
   mGETXIM: 0 # GETX I->M misses
   mGETXSM: 0 # GETX S->M misses (upgrade misses)
   PUTS: 0 # Clean evictions (from lower level)
   PUTX: 0 # Dirty evictions (from lower level)
   INV: 599 # Invalidates (from upper level)
   INVX: 0 # Downgrades (from upper level)
   FWD: 0 # Forwards (from upper level)
   latGETnl: 30584 # GET request latency on next level
   latGETnet: 0 # GET request latency on network to next level
  l1i-5: # Filter cache stats
   fhGETS: 3464027 # Filtered GETS hits
   fhGETX: 0 # Filtered GETX hits
   hGETS: 61179 # GETS hits
   hGETX: 0 # GETX hits
   mGETS: 617 # GETS misses
   mGETXIM: 0 # GETX I->M misses
   mGETXSM: 0 # GETX S->M misses (upgrade misses)
   PUTS: 0 # Clean evictions (from lower level)
   PUTX: 0 # Dirty evictions (from lower level)
   INV: 594 # Invalidates (from upper level)
   INVX: 0 # Downgrades (from upper level)
   FWD: 0 # Forwards (from upper level)
   latGETnl: 29224 # GET request latency on next level
   latGETnet: 0 # GET request latency on network to next level
  l1i-6: # Filter cache stats
   fhGETS: 3464898 # Filtered GETS hits
   fhGETX: 0 # Filtered GETX hits
   hGETS: 61197 # GETS hits
   hGETX: 0 # GETX hits
   mGETS: 595 # GETS misses
   mGETXIM: 0 # GETX I->M misses
   mGETXSM: 0 # GETX S->M misses (upgrade misses)
   PUTS: 0 # Clean evictions (from lower level)
   PUTX: 0 # Dirty evictions (from lower level)
   INV: 572 # Invalidates (from upper level)
   INVX: 0 # Downgrades (from upper level)
   FWD: 0 # Forwards (from upper level)
   latGETnl: 34265 # GET request latency on next level
   latGETnet: 0 # GET request latency on network to next level
  l1i-7: # Filter cache stats
   fhGETS: 3460640 # Filtered GETS hits
   fhGETX: 0 # Filtered GETX hits
   hGETS: 61116 # GETS hits
   hGETX: 0 # GETX hits
   mGETS: 618 # GETS misses
   mGETXIM: 0 # GETX I->M misses
   mGETXSM: 0 # GETX S->M misses (upgrade misses)
   PUTS: 0 # Clean evictions (from lower level)
   PUTX: 0 # Dirty evictions (from lower level)
   INV: 595 # Invalidates (from upper level)
   INVX: 0 # Downgrades (from upper level)
   FWD: 0 # Forwards (from upper level)
   latGETnl: 29046 # GET request latency on next level
   latGETnet: 0 # GET request latency on network to next level
  l1i-8: # Filter cache stats
   fhGETS: 3462579 # Filtered GETS hits
   fhGETX: 0 # Filtered GETX hits
   hGETS: 61156 # GETS hits
   hGETX: 0 # GETX hits
   mGETS: 600 # GETS misses
   mGETXIM: 0 # GETX I->M misses
   mGETXSM: 0 # GETX S->M misses (upgrade misses)
   PUTS: 0 # Clean evictions (from lower level)
   PUTX: 0 # Dirty evictions (from lower level)
   INV: 577 # Invalidates (from upper level)
   INVX: 0 # Downgrades (from upper level)
   FWD: 0 # Forwards (from upper level)
   latGETnl: 31125 # GET request latency on next level
   latGETnet: 0 # GET request latency on network to next level
  l1i-9: # Filter cache stats
   fhGETS: 3461993 # Filtered GETS hits
   fhGETX: 0 # Filtered GETX hits
   hGETS: 61146 # GETS hits
   hGETX: 0 # GETX hits
   mGETS: 600 # GETS misses
   mGETXIM: 0 # GETX I->M misses
   mGETXSM: 0 # GETX S->M misses (upgrade misses)
   PUTS: 0 # Clean evictions (from lower level)
   PUTX: 0 # Dirty evictions (from lower level)
   INV: 577 # Invalidates (from upper level)
   INVX: 0 # Downgrades (from upper level)
   FWD: 0 # Forwards (from upper level)
   latGETnl: 30675 # GET request latency on next level
   latGETnet: 0 # GET request latency on network to next level
  l1i-10: # Filter cache stats
   fhGETS: 3462993 # Filtered GETS hits
   fhGETX: 0 # Filtered GETX hits
   hGETS: 61160 # GETS hits
   hGETX: 0 # GETX hits
   mGETS: 597 # GETS misses
   mGETXIM: 0 # GETX I->M misses
   mGETXSM: 0 # GETX S->M misses (upgrade misses)
   PUTS: 0 # Clean evictions (from lower level)
   PUTX: 0 # Dirty evictions (from lower level)
   INV: 574 # Invalidates (from upper level)
   INVX: 0 # Downgrades (from upper level)
   FWD: 0 # Forwards (from upper level)
   latGETnl: 32109 # GET request latency on next level
   latGETnet: 0 # GET request latency on network to next level
  l1i-11: # Filter cache stats
   fhGETS: 3250512 # Filtered GETS hits
   fhGETX: 0 # Filtered GETX hits
   hGETS: 67645 # GETS hits
   hGETX: 0 # GETX hits
   mGETS: 662 # GETS misses
   mGETXIM: 0 # GETX I->M misses
   mGETXSM: 0 # GETX S->M misses (upgrade misses)
   PUTS: 0 # Clean evictions (from lower level)
   PUTX: 0 # Dirty evictions (from lower level)
   INV: 633 # Invalidates (from upper level)
   INVX: 0 # Downgrades (from upper level)
   FWD: 0 # Forwards (from upper level)
   latGETnl: 34264 # GET request latency on next level
   latGETnet: 0 # GET request latency on network to next level
  l1i-12: # Filter cache stats
   fhGETS: 3464348 # Filtered GETS hits
   fhGETX: 0 # Filtered GETX hits
   hGETS: 61186 # GETS hits
   hGETX: 0 # GETX hits
   mGETS: 593 # GETS misses
   mGETXIM: 0 # GETX I->M misses
   mGETXSM: 0 # GETX S->M misses (upgrade misses)
   PUTS: 0 # Clean evictions (from lower level)
   PUTX: 0 # Dirty evictions (from lower level)
   INV: 570 # Invalidates (from upper level)
   INVX: 0 # Downgrades (from upper level)
   FWD: 0 # Forwards (from upper level)
   latGETnl: 30796 # GET request latency on next level
   latGETnet: 0 # GET request latency on network to next level
  l1i-13: # Filter cache stats
   fhGETS: 3462584 # Filtered GETS hits
   fhGETX: 0 # Filtered GETX hits
   hGETS: 61158 # GETS hits
   hGETX: 0 # GETX hits
   mGETS: 603 # GETS misses
   mGETXIM: 0 # GETX I->M misses
   mGETXSM: 0 # GETX S->M misses (upgrade misses)
   PUTS: 0 # Clean evictions (from lower level)
   PUTX: 0 # Dirty evictions (from lower level)
   INV: 580 # Invalidates (from upper level)
   INVX: 0 # Downgrades (from upper level)
   FWD: 0 # Forwards (from upper level)
   latGETnl: 29241 # GET request latency on next level
   latGETnet: 0 # GET request latency on network to next level
  l1i-14: # Filter cache stats
   fhGETS: 3463265 # Filtered GETS hits
   fhGETX: 0 # Filtered GETX hits
   hGETS: 61168 # GETS hits
   hGETX: 0 # GETX hits
   mGETS: 599 # GETS misses
   mGETXIM: 0 # GETX I->M misses
   mGETXSM: 0 # GETX S->M misses (upgrade misses)
   PUTS: 0 # Clean evictions (from lower level)
   PUTX: 0 # Dirty evictions (from lower level)
   INV: 576 # Invalidates (from upper level)
   INVX: 0 # Downgrades (from upper level)
   FWD: 0 # Forwards (from upper level)
   latGETnl: 28828 # GET request latency on next level
   latGETnet: 0 # GET request latency on network to next level
  l1i-15: # Filter cache stats
   fhGETS: 3462870 # Filtered GETS hits
   fhGETX: 0 # Filtered GETX hits
   hGETS: 61153 # GETS hits
   hGETX: 0 # GETX hits
   mGETS: 605 # GETS misses
   mGETXIM: 0 # GETX I->M misses
   mGETXSM: 0 # GETX S->M misses (upgrade misses)
   PUTS: 0 # Clean evictions (from lower level)
   PUTX: 0 # Dirty evictions (from lower level)
   INV: 582 # Invalidates (from upper level)
   INVX: 0 # Downgrades (from upper level)
   FWD: 0 # Forwards (from upper level)
   latGETnl: 30235 # GET request latency on next level
   latGETnet: 0 # GET request latency on network to next level
  l1i-16: # Filter cache stats
   fhGETS: 3464407 # Filtered GETS hits
   fhGETX: 0 # Filtered GETX hits
   hGETS: 61186 # GETS hits
   hGETX: 0 # GETX hits
   mGETS: 599 # GETS misses
   mGETXIM: 0 # GETX I->M misses
   mGETXSM: 0 # GETX S->M misses (upgrade misses)
   PUTS: 0 # Clean evictions (from lower level)
   PUTX: 0 # Dirty evictions (from lower level)
   INV: 576 # Invalidates (from upper level)
   INVX: 0 # Downgrades (from upper level)
   FWD: 0 # Forwards (from upper level)
   latGETnl: 29053 # GET request latency on next level
   latGETnet: 0 # GET request latency on network to next level
  l1i-17: # Filter cache stats
   fhGETS: 3249365 # Filtered GETS hits
   fhGETX: 0 # Filtered GETX hits
   hGETS: 67658 # GETS hits
   hGETX: 0 # GETX hits
   mGETS: 717 # GETS misses
   mGETXIM: 0 # GETX I->M misses
   mGETXSM: 0 # GETX S->M misses (upgrade misses)
   PUTS: 0 # Clean evictions (from lower level)
   PUTX: 0 # Dirty evictions (from lower level)
   INV: 694 # Invalidates (from upper level)
   INVX: 0 # Downgrades (from upper level)
   FWD: 0 # Forwards (from upper level)
   latGETnl: 46299 # GET request latency on next level
   latGETnet: 0 # GET request latency on network to next level
  l1i-18: # Filter cache stats
   fhGETS: 3462251 # Filtered GETS hits
   fhGETX: 0 # Filtered GETX hits
   hGETS: 61147 # GETS hits
   hGETX: 0 # GETX hits
   mGETS: 599 # GETS misses
   mGETXIM: 0 # GETX I->M misses
   mGETXSM: 0 # GETX S->M misses (upgrade misses)
   PUTS: 0 # Clean evictions (from lower level)
   PUTX: 0 # Dirty evictions (from lower level)
   INV: 576 # Invalidates (from upper level)
   INVX: 0 # Downgrades (from upper level)
   FWD: 0 # Forwards (from upper level)
   latGETnl: 28603 # GET request latency on next level
   latGETnet: 0 # GET request latency on network to next level
  l1i-19: # Filter cache stats
   fhGETS: 3464016 # Filtered GETS hits
   fhGETX: 0 # Filtered GETX hits
   hGETS: 61176 # GETS hits
   hGETX: 0 # GETX hits
   mGETS: 597 # GETS misses
   mGETXIM: 0 # GETX I->M misses
   mGETXSM: 0 # GETX S->M misses (upgrade misses)
   PUTS: 0 # Clean evictions (from lower level)
   PUTX: 0 # Dirty evictions (from lower level)
   INV: 574 # Invalidates (from upper level)
   INVX: 0 # Downgrades (from upper level)
   FWD: 0 # Forwards (from upper level)
   latGETnl: 28284 # GET request latency on next level
   latGETnet: 0 # GET request latency on network to next level
  l1i-20: # Filter cache stats
   fhGETS: 3462771 # Filtered GETS hits
   fhGETX: 0 # Filtered GETX hits
   hGETS: 61157 # GETS hits
   hGETX: 0 # GETX hits
   mGETS: 603 # GETS misses
   mGETXIM: 0 # GETX I->M misses
   mGETXSM: 0 # GETX S->M misses (upgrade misses)
   PUTS: 0 # Clean evictions (from lower level)
   PUTX: 0 # Dirty evictions (from lower level)
   INV: 580 # Invalidates (from upper level)
   INVX: 0 # Downgrades (from upper level)
   FWD: 0 # Forwards (from upper level)
   latGETnl: 28341 # GET request latency on next level
   latGETnet: 0 # GET request latency on network to next level
  l1i-21: # Filter cache stats
   fhGETS: 3462975 # Filtered GETS hits
   fhGETX: 0 # Filtered GETX hits
   hGETS: 61156 # GETS hits
   hGETX: 0 # GETX hits
   mGETS: 603 # GETS misses
   mGETXIM: 0 # GETX I->M misses
   mGETXSM: 0 # GETX S->M misses (upgrade misses)
   PUTS: 0 # Clean evictions (from lower level)
   PUTX: 0 # Dirty evictions (from lower level)
   INV: 580 # Invalidates (from upper level)
   INVX: 0 # Downgrades (from upper level)
   FWD: 0 # Forwards (from upper level)
   latGETnl: 28341 # GET request latency on next level
   latGETnet: 0 # GET request latency on network to next level
  l1i-22: # Filter cache stats
   fhGETS: 3462316 # Filtered GETS hits
   fhGETX: 0 # Filtered GETX hits
   hGETS: 61143 # GETS hits
   hGETX: 0 # GETX hits
   mGETS: 600 # GETS misses
   mGETXIM: 0 # GETX I->M misses
   mGETXSM: 0 # GETX S->M misses (upgrade misses)
   PUTS: 0 # Clean evictions (from lower level)
   PUTX: 0 # Dirty evictions (from lower level)
   INV: 577 # Invalidates (from upper level)
   INVX: 0 # Downgrades (from upper level)
   FWD: 0 # Forwards (from upper level)
   latGETnl: 28425 # GET request latency on next level
   latGETnet: 0 # GET request latency on network to next level
  l1i-23: # Filter cache stats
   fhGETS: 0 # Filtered GETS hits
   fhGETX: 0 # Filtered GETX hits
   hGETS: 0 # GETS hits
   hGETX: 0 # GETX hits
   mGETS: 0 # GETS misses
   mGETXIM: 0 # GETX I->M misses
   mGETXSM: 0 # GETX S->M misses (upgrade misses)
   PUTS: 0 # Clean evictions (from lower level)
   PUTX: 0 # Dirty evictions (from lower level)
   INV: 0 # Invalidates (from upper level)
   INVX: 0 # Downgrades (from upper level)
   FWD: 0 # Forwards (from upper level)
   latGETnl: 0 # GET request latency on next level
   latGETnet: 0 # GET request latency on network to next level
 l2: # Cache stats
  l2-0: # Cache stats
   hGETS: 0 # GETS hits
   hGETX: 0 # GETX hits
   mGETS: 227362 # GETS misses
   mGETXIM: 79646 # GETX I->M misses
   mGETXSM: 7 # GETX S->M misses (upgrade misses)
   PUTS: 226234 # Clean evictions (from lower level)
   PUTX: 79461 # Dirty evictions (from lower level)
   INV: 33890 # Invalidates (from upper level)
   INVX: 83 # Downgrades (from upper level)
   FWD: 0 # Forwards (from upper level)
   latGETnl: 80282369 # GET request latency on next level
   latGETnet: 0 # GET request latency on network to next level
  l2-1: # Cache stats
   hGETS: 0 # GETS hits
   hGETX: 0 # GETX hits
   mGETS: 227247 # GETS misses
   mGETXIM: 79632 # GETX I->M misses
   mGETXSM: 8 # GETX S->M misses (upgrade misses)
   PUTS: 226226 # Clean evictions (from lower level)
   PUTX: 79454 # Dirty evictions (from lower level)
   INV: 17452 # Invalidates (from upper level)
   INVX: 24 # Downgrades (from upper level)
   FWD: 0 # Forwards (from upper level)
   latGETnl: 80228217 # GET request latency on next level
   latGETnet: 0 # GET request latency on network to next level
  l2-2: # Cache stats
   hGETS: 0 # GETS hits
   hGETX: 0 # GETX hits
   mGETS: 227221 # GETS misses
   mGETXIM: 79594 # GETX I->M misses
   mGETXSM: 5 # GETX S->M misses (upgrade misses)
   PUTS: 226162 # Clean evictions (from lower level)
   PUTX: 79438 # Dirty evictions (from lower level)
   INV: 26028 # Invalidates (from upper level)
   INVX: 7 # Downgrades (from upper level)
   FWD: 0 # Forwards (from upper level)
   latGETnl: 80211550 # GET request latency on next level
   latGETnet: 0 # GET request latency on network to next level
  l2-3: # Cache stats
   hGETS: 0 # GETS hits
   hGETX: 0 # GETX hits
   mGETS: 227285 # GETS misses
   mGETXIM: 79630 # GETX I->M misses
   mGETXSM: 7 # GETX S->M misses (upgrade misses)
   PUTS: 226250 # Clean evictions (from lower level)
   PUTX: 79462 # Dirty evictions (from lower level)
   INV: 16130 # Invalidates (from upper level)
   INVX: 34 # Downgrades (from upper level)
   FWD: 0 # Forwards (from upper level)
   latGETnl: 80240129 # GET request latency on next level
   latGETnet: 0 # GET request latency on network to next level
  l2-4: # Cache stats
   hGETS: 0 # GETS hits
   hGETX: 0 # GETX hits
   mGETS: 227102 # GETS misses
   mGETXIM: 79576 # GETX I->M misses
   mGETXSM: 9 # GETX S->M misses (upgrade misses)
   PUTS: 226065 # Clean evictions (from lower level)
   PUTX: 79397 # Dirty evictions (from lower level)
   INV: 17010 # Invalidates (from upper level)
   INVX: 20 # Downgrades (from upper level)
   FWD: 0 # Forwards (from upper level)
   latGETnl: 80167028 # GET request latency on next level
   latGETnet: 0 # GET request latency on network to next level
  l2-5: # Cache stats
   hGETS: 0 # GETS hits
   hGETX: 0 # GETX hits
   mGETS: 227226 # GETS misses
   mGETXIM: 79620 # GETX I->M misses
   mGETXSM: 7 # GETX S->M misses (upgrade misses)
   PUTS: 226196 # Clean evictions (from lower level)
   PUTX: 79444 # Dirty evictions (from lower level)
   INV: 18165 # Invalidates (from upper level)
   INVX: 17 # Downgrades (from upper level)
   FWD: 0 # Forwards (from upper level)
   latGETnl: 80212222 # GET request latency on next level
   latGETnet: 0 # GET request latency on network to next level
  l2-6: # Cache stats
   hGETS: 0 # GETS hits
   hGETX: 0 # GETX hits
   mGETS: 227252 # GETS misses
   mGETXIM: 79632 # GETX I->M misses
   mGETXSM: 7 # GETX S->M misses (upgrade misses)
   PUTS: 226254 # Clean evictions (from lower level)
   PUTX: 79465 # Dirty evictions (from lower level)
   INV: 22891 # Invalidates (from upper level)
   INVX: 9 # Downgrades (from upper level)
   FWD: 0 # Forwards (from upper level)
   latGETnl: 80236873 # GET request latency on next level
   latGETnet: 0 # GET request latency on network to next level
  l2-7: # Cache stats
   hGETS: 0 # GETS hits
   hGETX: 0 # GETX hits
   mGETS: 227007 # GETS misses
   mGETXIM: 79537 # GETX I->M misses
   mGETXSM: 8 # GETX S->M misses (upgrade misses)
   PUTS: 225973 # Clean evictions (from lower level)
   PUTX: 79365 # Dirty evictions (from lower level)
   INV: 32381 # Invalidates (from upper level)
   INVX: 19 # Downgrades (from upper level)
   FWD: 0 # Forwards (from upper level)
   latGETnl: 80132643 # GET request latency on next level
   latGETnet: 0 # GET request latency on network to next level
  l2-8: # Cache stats
   hGETS: 0 # GETS hits
   hGETX: 0 # GETX hits
   mGETS: 227104 # GETS misses
   mGETXIM: 79576 # GETX I->M misses
   mGETXSM: 5 # GETX S->M misses (upgrade misses)
   PUTS: 226099 # Clean evictions (from lower level)
   PUTX: 79411 # Dirty evictions (from lower level)
   INV: 29284 # Invalidates (from upper level)
   INVX: 10 # Downgrades (from upper level)
   FWD: 0 # Forwards (from upper level)
   latGETnl: 80179962 # GET request latency on next level
   latGETnet: 0 # GET request latency on network to next level
  l2-9: # Cache stats
   hGETS: 0 # GETS hits
   hGETX: 0 # GETX hits
   mGETS: 227066 # GETS misses
   mGETXIM: 79566 # GETX I->M misses
   mGETXSM: 5 # GETX S->M misses (upgrade misses)
   PUTS: 226062 # Clean evictions (from lower level)
   PUTX: 79397 # Dirty evictions (from lower level)
   INV: 45196 # Invalidates (from upper level)
   INVX: 25 # Downgrades (from upper level)
   FWD: 0 # Forwards (from upper level)
   latGETnl: 80169481 # GET request latency on next level
   latGETnet: 0 # GET request latency on network to next level
  l2-10: # Cache stats
   hGETS: 0 # GETS hits
   hGETX: 0 # GETX hits
   mGETS: 227132 # GETS misses
   mGETXIM: 79583 # GETX I->M misses
   mGETXSM: 6 # GETX S->M misses (upgrade misses)
   PUTS: 226126 # Clean evictions (from lower level)
   PUTX: 79422 # Dirty evictions (from lower level)
   INV: 17284 # Invalidates (from upper level)
   INVX: 10 # Downgrades (from upper level)
   FWD: 0 # Forwards (from upper level)
   latGETnl: 80191110 # GET request latency on next level
   latGETnet: 0 # GET request latency on network to next level
  l2-11: # Cache stats
   hGETS: 0 # GETS hits
   hGETX: 0 # GETX hits
   mGETS: 250862 # GETS misses
   mGETXIM: 87924 # GETX I->M misses
   mGETXSM: 9 # GETX S->M misses (upgrade misses)
   PUTS: 249781 # Clean evictions (from lower level)
   PUTX: 87763 # Dirty evictions (from lower level)
   INV: 29698 # Invalidates (from upper level)
   INVX: 18 # Downgrades (from upper level)
   FWD: 0 # Forwards (from upper level)
   latGETnl: 88572940 # GET request latency on next level
   latGETnet: 0 # GET request latency on network to next level
  l2-12: # Cache stats
   hGETS: 0 # GETS hits
   hGETX: 0 # GETX hits
   mGETS: 227213 # GETS misses
   mGETXIM: 79619 # GETX I->M misses
   mGETXSM: 4 # GETX S->M misses (upgrade misses)
   PUTS: 226218 # Clean evictions (from lower level)
   PUTX: 79453 # Dirty evictions (from lower level)
   INV: 22726 # Invalidates (from upper level)
   INVX: 18 # Downgrades (from upper level)
   FWD: 0 # Forwards (from upper level)
   latGETnl: 80222491 # GET request latency on next level
   latGETnet: 0 # GET request latency on network to next level
  l2-13: # Cache stats
   hGETS: 0 # GETS hits
   hGETX: 0 # GETX hits
   mGETS: 227110 # GETS misses
   mGETXIM: 79576 # GETX I->M misses
   mGETXSM: 5 # GETX S->M misses (upgrade misses)
   PUTS: 226102 # Clean evictions (from lower level)
   PUTX: 79410 # Dirty evictions (from lower level)
   INV: 24061 # Invalidates (from upper level)
   INVX: 10 # Downgrades (from upper level)
   FWD: 0 # Forwards (from upper level)
   latGETnl: 80178553 # GET request latency on next level
   latGETnet: 0 # GET request latency on network to next level
  l2-14: # Cache stats
   hGETS: 0 # GETS hits
   hGETX: 0 # GETX hits
   mGETS: 227151 # GETS misses
   mGETXIM: 79591 # GETX I->M misses
   mGETXSM: 6 # GETX S->M misses (upgrade misses)
   PUTS: 226145 # Clean evictions (from lower level)
   PUTX: 79429 # Dirty evictions (from lower level)
   INV: 16859 # Invalidates (from upper level)
   INVX: 4 # Downgrades (from upper level)
   FWD: 0 # Forwards (from upper level)
   latGETnl: 80192489 # GET request latency on next level
   latGETnet: 0 # GET request latency on network to next level
  l2-15: # Cache stats
   hGETS: 0 # GETS hits
   hGETX: 0 # GETX hits
   mGETS: 227125 # GETS misses
   mGETXIM: 79589 # GETX I->M misses
   mGETXSM: 5 # GETX S->M misses (upgrade misses)
   PUTS: 226117 # Clean evictions (from lower level)
   PUTX: 79420 # Dirty evictions (from lower level)
   INV: 15548 # Invalidates (from upper level)
   INVX: 2 # Downgrades (from upper level)
   FWD: 0 # Forwards (from upper level)
   latGETnl: 80183499 # GET request latency on next level
   latGETnet: 0 # GET request latency on network to next level
  l2-16: # Cache stats
   hGETS: 0 # GETS hits
   hGETX: 0 # GETX hits
   mGETS: 227225 # GETS misses
   mGETXIM: 79619 # GETX I->M misses
   mGETXSM: 5 # GETX S->M misses (upgrade misses)
   PUTS: 226219 # Clean evictions (from lower level)
   PUTX: 79454 # Dirty evictions (from lower level)
   INV: 20887 # Invalidates (from upper level)
   INVX: 3 # Downgrades (from upper level)
   FWD: 0 # Forwards (from upper level)
   latGETnl: 80219345 # GET request latency on next level
   latGETnet: 0 # GET request latency on network to next level
  l2-17: # Cache stats
   hGETS: 0 # GETS hits
   hGETX: 0 # GETX hits
   mGETS: 250766 # GETS misses
   mGETXIM: 87836 # GETX I->M misses
   mGETXSM: 15 # GETX S->M misses (upgrade misses)
   PUTS: 249626 # Clean evictions (from lower level)
   PUTX: 87686 # Dirty evictions (from lower level)
   INV: 15783 # Invalidates (from upper level)
   INVX: 2 # Downgrades (from upper level)
   FWD: 0 # Forwards (from upper level)
   latGETnl: 88516481 # GET request latency on next level
   latGETnet: 0 # GET request latency on network to next level
  l2-18: # Cache stats
   hGETS: 0 # GETS hits
   hGETX: 0 # GETX hits
   mGETS: 227081 # GETS misses
   mGETXIM: 79573 # GETX I->M misses
   mGETXSM: 5 # GETX S->M misses (upgrade misses)
   PUTS: 226076 # Clean evictions (from lower level)
   PUTX: 79406 # Dirty evictions (from lower level)
   INV: 16971 # Invalidates (from upper level)
   INVX: 2 # Downgrades (from upper level)
   FWD: 0 # Forwards (from upper level)
   latGETnl: 80168665 # GET request latency on next level
   latGETnet: 0 # GET request latency on network to next level
  l2-19: # Cache stats
   hGETS: 0 # GETS hits
   hGETX: 0 # GETX hits
   mGETS: 227195 # GETS misses
   mGETXIM: 79613 # GETX I->M misses
   mGETXSM: 4 # GETX S->M misses (upgrade misses)
   PUTS: 226196 # Clean evictions (from lower level)
   PUTX: 79447 # Dirty evictions (from lower level)
   INV: 33224 # Invalidates (from upper level)
   INVX: 1 # Downgrades (from upper level)
   FWD: 0 # Forwards (from upper level)
   latGETnl: 80210073 # GET request latency on next level
   latGETnet: 0 # GET request latency on network to next level
  l2-20: # Cache stats
   hGETS: 0 # GETS hits
   hGETX: 0 # GETX hits
   mGETS: 227118 # GETS misses
   mGETXIM: 79585 # GETX I->M misses
   mGETXSM: 5 # GETX S->M misses (upgrade misses)
   PUTS: 226110 # Clean evictions (from lower level)
   PUTX: 79418 # Dirty evictions (from lower level)
   INV: 21666 # Invalidates (from upper level)
   INVX: 2 # Downgrades (from upper level)
   FWD: 0 # Forwards (from upper level)
   latGETnl: 80178803 # GET request latency on next level
   latGETnet: 0 # GET request latency on network to next level
  l2-21: # Cache stats
   hGETS: 0 # GETS hits
   hGETX: 0 # GETX hits
   mGETS: 227130 # GETS misses
   mGETXIM: 79592 # GETX I->M misses
   mGETXSM: 6 # GETX S->M misses (upgrade misses)
   PUTS: 226123 # Clean evictions (from lower level)
   PUTX: 79423 # Dirty evictions (from lower level)
   INV: 38624 # Invalidates (from upper level)
   INVX: 2 # Downgrades (from upper level)
   FWD: 0 # Forwards (from upper level)
   latGETnl: 80184521 # GET request latency on next level
   latGETnet: 0 # GET request latency on network to next level
  l2-22: # Cache stats
   hGETS: 0 # GETS hits
   hGETX: 0 # GETX hits
   mGETS: 227090 # GETS misses
   mGETXIM: 79572 # GETX I->M misses
   mGETXSM: 6 # GETX S->M misses (upgrade misses)
   PUTS: 226082 # Clean evictions (from lower level)
   PUTX: 79407 # Dirty evictions (from lower level)
   INV: 35455 # Invalidates (from upper level)
   INVX: 2 # Downgrades (from upper level)
   FWD: 0 # Forwards (from upper level)
   latGETnl: 80170826 # GET request latency on next level
   latGETnet: 0 # GET request latency on network to next level
  l2-23: # Cache stats
   hGETS: 0 # GETS hits
   hGETX: 0 # GETX hits
   mGETS: 0 # GETS misses
   mGETXIM: 0 # GETX I->M misses
   mGETXSM: 0 # GETX S->M misses (upgrade misses)
   PUTS: 0 # Clean evictions (from lower level)
   PUTX: 0 # Dirty evictions (from lower level)
   INV: 0 # Invalidates (from upper level)
   INVX: 0 # Downgrades (from upper level)
   FWD: 0 # Forwards (from upper level)
   latGETnl: 0 # GET request latency on next level
   latGETnet: 0 # GET request latency on network to next level
 l3: # Cache stats
  l3-0b0: # Cache stats
   hGETS: 346 # GETS hits
   hGETX: 59 # GETX hits
   mGETS: 218977 # GETS misses
   mGETXIM: 76405 # GETX I->M misses
   mGETXSM: 0 # GETX S->M misses (upgrade misses)
   PUTS: 193313 # Clean evictions (from lower level)
   PUTX: 63879 # Dirty evictions (from lower level)
   INV: 0 # Invalidates (from upper level)
   INVX: 0 # Downgrades (from upper level)
   FWD: 0 # Forwards (from upper level)
   latGETnl: 66460950 # GET request latency on next level
   latGETnet: 0 # GET request latency on network to next level
  l3-0b1: # Cache stats
   hGETS: 345 # GETS hits
   hGETX: 35 # GETX hits
   mGETS: 218980 # GETS misses
   mGETXIM: 76377 # GETX I->M misses
   mGETXSM: 0 # GETX S->M misses (upgrade misses)
   PUTS: 193306 # Clean evictions (from lower level)
   PUTX: 63952 # Dirty evictions (from lower level)
   INV: 0 # Invalidates (from upper level)
   INVX: 0 # Downgrades (from upper level)
   FWD: 0 # Forwards (from upper level)
   latGETnl: 66455325 # GET request latency on next level
   latGETnet: 0 # GET request latency on network to next level
  l3-0b2: # Cache stats
   hGETS: 612 # GETS hits
   hGETX: 1 # GETX hits
   mGETS: 218962 # GETS misses
   mGETXIM: 76523 # GETX I->M misses
   mGETXSM: 0 # GETX S->M misses (upgrade misses)
   PUTS: 193648 # Clean evictions (from lower level)
   PUTX: 64019 # Dirty evictions (from lower level)
   INV: 0 # Invalidates (from upper level)
   INVX: 0 # Downgrades (from upper level)
   FWD: 0 # Forwards (from upper level)
   latGETnl: 66484125 # GET request latency on next level
   latGETnet: 0 # GET request latency on network to next level
  l3-0b3: # Cache stats
   hGETS: 309 # GETS hits
   hGETX: 10 # GETX hits
   mGETS: 218977 # GETS misses
   mGETXIM: 76482 # GETX I->M misses
   mGETXSM: 0 # GETX S->M misses (upgrade misses)
   PUTS: 193288 # Clean evictions (from lower level)
   PUTX: 64051 # Dirty evictions (from lower level)
   INV: 0 # Invalidates (from upper level)
   INVX: 0 # Downgrades (from upper level)
   FWD: 0 # Forwards (from upper level)
   latGETnl: 66478275 # GET request latency on next level
   latGETnet: 0 # GET request latency on network to next level
  l3-0b4: # Cache stats
   hGETS: 673 # GETS hits
   hGETX: 54 # GETX hits
   mGETS: 218972 # GETS misses
   mGETXIM: 76614 # GETX I->M misses
   mGETXSM: 0 # GETX S->M misses (upgrade misses)
   PUTS: 193665 # Clean evictions (from lower level)
   PUTX: 64108 # Dirty evictions (from lower level)
   INV: 0 # Invalidates (from upper level)
   INVX: 0 # Downgrades (from upper level)
   FWD: 0 # Forwards (from upper level)
   latGETnl: 66506850 # GET request latency on next level
   latGETnet: 0 # GET request latency on network to next level
  l3-0b5: # Cache stats
   hGETS: 744 # GETS hits
   hGETX: 43 # GETX hits
   mGETS: 218982 # GETS misses
   mGETXIM: 76597 # GETX I->M misses
   mGETXSM: 0 # GETX S->M misses (upgrade misses)
   PUTS: 193827 # Clean evictions (from lower level)
   PUTX: 64111 # Dirty evictions (from lower level)
   INV: 0 # Invalidates (from upper level)
   INVX: 0 # Downgrades (from upper level)
   FWD: 0 # Forwards (from upper level)
   latGETnl: 66505275 # GET request latency on next level
   latGETnet: 0 # GET request latency on network to next level
  l3-0b6: # Cache stats
   hGETS: 596 # GETS hits
   hGETX: 53 # GETX hits
   mGETS: 218979 # GETS misses
   mGETXIM: 76635 # GETX I->M misses
   mGETXSM: 0 # GETX S->M misses (upgrade misses)
   PUTS: 193542 # Clean evictions (from lower level)
   PUTX: 64170 # Dirty evictions (from lower level)
   INV: 0 # Invalidates (from upper level)
   INVX: 0 # Downgrades (from upper level)
   FWD: 0 # Forwards (from upper level)
   latGETnl: 66513150 # GET request latency on next level
   latGETnet: 0 # GET request latency on network to next level
  l3-0b7: # Cache stats
   hGETS: 1028 # GETS hits
   hGETX: 77 # GETX hits
   mGETS: 218987 # GETS misses
   mGETXIM: 76608 # GETX I->M misses
   mGETXSM: 0 # GETX S->M misses (upgrade misses)
   PUTS: 194011 # Clean evictions (from lower level)
   PUTX: 64103 # Dirty evictions (from lower level)
   INV: 0 # Invalidates (from upper level)
   INVX: 0 # Downgrades (from upper level)
   FWD: 0 # Forwards (from upper level)
   latGETnl: 66508875 # GET request latency on next level
   latGETnet: 0 # GET request latency on network to next level
  l3-0b8: # Cache stats
   hGETS: 635 # GETS hits
   hGETX: 65 # GETX hits
   mGETS: 218977 # GETS misses
   mGETXIM: 76826 # GETX I->M misses
   mGETXSM: 0 # GETX S->M misses (upgrade misses)
   PUTS: 193610 # Clean evictions (from lower level)
   PUTX: 64607 # Dirty evictions (from lower level)
   INV: 0 # Invalidates (from upper level)
   INVX: 0 # Downgrades (from upper level)
   FWD: 0 # Forwards (from upper level)
   latGETnl: 66555675 # GET request latency on next level
   latGETnet: 0 # GET request latency on network to next level
  l3-0b9: # Cache stats
   hGETS: 700 # GETS hits
   hGETX: 58 # GETX hits
   mGETS: 218978 # GETS misses
   mGETXIM: 76835 # GETX I->M misses
   mGETXSM: 0 # GETX S->M misses (upgrade misses)
   PUTS: 193687 # Clean evictions (from lower level)
   PUTX: 64569 # Dirty evictions (from lower level)
   INV: 0 # Invalidates (from upper level)
   INVX: 0 # Downgrades (from upper level)
   FWD: 0 # Forwards (from upper level)
   latGETnl: 66557925 # GET request latency on next level
   latGETnet: 0 # GET request latency on network to next level
  l3-0b10: # Cache stats
   hGETS: 1151 # GETS hits
   hGETX: 18 # GETX hits
   mGETS: 218965 # GETS misses
   mGETXIM: 76802 # GETX I->M misses
   mGETXSM: 0 # GETX S->M misses (upgrade misses)
   PUTS: 194146 # Clean evictions (from lower level)
   PUTX: 64529 # Dirty evictions (from lower level)
   INV: 0 # Invalidates (from upper level)
   INVX: 0 # Downgrades (from upper level)
   FWD: 0 # Forwards (from upper level)
   latGETnl: 66547575 # GET request latency on next level
   latGETnet: 0 # GET request latency on network to next level
  l3-0b11: # Cache stats
   hGETS: 752 # GETS hits
   hGETX: 29 # GETX hits
   mGETS: 218973 # GETS misses
   mGETXIM: 76840 # GETX I->M misses
   mGETXSM: 0 # GETX S->M misses (upgrade misses)
   PUTS: 193757 # Clean evictions (from lower level)
   PUTX: 64532 # Dirty evictions (from lower level)
   INV: 0 # Invalidates (from upper level)
   INVX: 0 # Downgrades (from upper level)
   FWD: 0 # Forwards (from upper level)
   latGETnl: 66557925 # GET request latency on next level
   latGETnet: 0 # GET request latency on network to next level
  l3-0b12: # Cache stats
   hGETS: 1186 # GETS hits
   hGETX: 21 # GETX hits
   mGETS: 218968 # GETS misses
   mGETXIM: 76928 # GETX I->M misses
   mGETXSM: 0 # GETX S->M misses (upgrade misses)
   PUTS: 194187 # Clean evictions (from lower level)
   PUTX: 64616 # Dirty evictions (from lower level)
   INV: 0 # Invalidates (from upper level)
   INVX: 0 # Downgrades (from upper level)
   FWD: 0 # Forwards (from upper level)
   latGETnl: 66576600 # GET request latency on next level
   latGETnet: 0 # GET request latency on network to next level
  l3-0b13: # Cache stats
   hGETS: 1139 # GETS hits
   hGETX: 8 # GETX hits
   mGETS: 218970 # GETS misses
   mGETXIM: 76950 # GETX I->M misses
   mGETXSM: 0 # GETX S->M misses (upgrade misses)
   PUTS: 194021 # Clean evictions (from lower level)
   PUTX: 64543 # Dirty evictions (from lower level)
   INV: 0 # Invalidates (from upper level)
   INVX: 0 # Downgrades (from upper level)
   FWD: 0 # Forwards (from upper level)
   latGETnl: 66582000 # GET request latency on next level
   latGETnet: 0 # GET request latency on network to next level
  l3-0b14: # Cache stats
   hGETS: 1197 # GETS hits
   hGETX: 42 # GETX hits
   mGETS: 218983 # GETS misses
   mGETXIM: 76949 # GETX I->M misses
   mGETXSM: 0 # GETX S->M misses (upgrade misses)
   PUTS: 194097 # Clean evictions (from lower level)
   PUTX: 64640 # Dirty evictions (from lower level)
   INV: 0 # Invalidates (from upper level)
   INVX: 0 # Downgrades (from upper level)
   FWD: 0 # Forwards (from upper level)
   latGETnl: 66584700 # GET request latency on next level
   latGETnet: 0 # GET request latency on network to next level
  l3-0b15: # Cache stats
   hGETS: 1137 # GETS hits
   hGETX: 46 # GETX hits
   mGETS: 218979 # GETS misses
   mGETXIM: 76988 # GETX I->M misses
   mGETXSM: 0 # GETX S->M misses (upgrade misses)
   PUTS: 194110 # Clean evictions (from lower level)
   PUTX: 64574 # Dirty evictions (from lower level)
   INV: 0 # Invalidates (from upper level)
   INVX: 0 # Downgrades (from upper level)
   FWD: 0 # Forwards (from upper level)
   latGETnl: 66592575 # GET request latency on next level
   latGETnet: 0 # GET request latency on network to next level
  l3-0b16: # Cache stats
   hGETS: 825 # GETS hits
   hGETX: 10 # GETX hits
   mGETS: 218907 # GETS misses
   mGETXIM: 77593 # GETX I->M misses
   mGETXSM: 0 # GETX S->M misses (upgrade misses)
   PUTS: 193650 # Clean evictions (from lower level)
   PUTX: 64954 # Dirty evictions (from lower level)
   INV: 0 # Invalidates (from upper level)
   INVX: 0 # Downgrades (from upper level)
   FWD: 0 # Forwards (from upper level)
   latGETnl: 66712500 # GET request latency on next level
   latGETnet: 0 # GET request latency on network to next level
  l3-0b17: # Cache stats
   hGETS: 777 # GETS hits
   hGETX: 0 # GETX hits
   mGETS: 218900 # GETS misses
   mGETXIM: 77610 # GETX I->M misses
   mGETXSM: 0 # GETX S->M misses (upgrade misses)
   PUTS: 193584 # Clean evictions (from lower level)
   PUTX: 65020 # Dirty evictions (from lower level)
   INV: 0 # Invalidates (from upper level)
   INVX: 0 # Downgrades (from upper level)
   FWD: 0 # Forwards (from upper level)
   latGETnl: 66714750 # GET request latency on next level
   latGETnet: 0 # GET request latency on network to next level
  l3-0b18: # Cache stats
   hGETS: 712 # GETS hits
   hGETX: 54 # GETX hits
   mGETS: 218912 # GETS misses
   mGETXIM: 77501 # GETX I->M misses
   mGETXSM: 0 # GETX S->M misses (upgrade misses)
   PUTS: 193498 # Clean evictions (from lower level)
   PUTX: 64861 # Dirty evictions (from lower level)
   INV: 0 # Invalidates (from upper level)
   INVX: 0 # Downgrades (from upper level)
   FWD: 0 # Forwards (from upper level)
   latGETnl: 66692925 # GET request latency on next level
   latGETnet: 0 # GET request latency on network to next level
  l3-0b19: # Cache stats
   hGETS: 687 # GETS hits
   hGETX: 88 # GETX hits
   mGETS: 218908 # GETS misses
   mGETXIM: 77503 # GETX I->M misses
   mGETXSM: 0 # GETX S->M misses (upgrade misses)
   PUTS: 193515 # Clean evictions (from lower level)
   PUTX: 64846 # Dirty evictions (from lower level)
   INV: 0 # Invalidates (from upper level)
   INVX: 0 # Downgrades (from upper level)
   FWD: 0 # Forwards (from upper level)
   latGETnl: 66692475 # GET request latency on next level
   latGETnet: 0 # GET request latency on network to next level
  l3-0b20: # Cache stats
   hGETS: 247 # GETS hits
   hGETX: 27 # GETX hits
   mGETS: 218902 # GETS misses
   mGETXIM: 77276 # GETX I->M misses
   mGETXSM: 0 # GETX S->M misses (upgrade misses)
   PUTS: 192978 # Clean evictions (from lower level)
   PUTX: 64663 # Dirty evictions (from lower level)
   INV: 0 # Invalidates (from upper level)
   INVX: 0 # Downgrades (from upper level)
   FWD: 0 # Forwards (from upper level)
   latGETnl: 66640050 # GET request latency on next level
   latGETnet: 0 # GET request latency on network to next level
  l3-0b21: # Cache stats
   hGETS: 725 # GETS hits
   hGETX: 29 # GETX hits
   mGETS: 218895 # GETS misses
   mGETXIM: 77284 # GETX I->M misses
   mGETXSM: 0 # GETX S->M misses (upgrade misses)
   PUTS: 193537 # Clean evictions (from lower level)
   PUTX: 64714 # Dirty evictions (from lower level)
   INV: 0 # Invalidates (from upper level)
   INVX: 0 # Downgrades (from upper level)
   FWD: 0 # Forwards (from upper level)
   latGETnl: 66640275 # GET request latency on next level
   latGETnet: 0 # GET request latency on network to next level
  l3-0b22: # Cache stats
   hGETS: 391 # GETS hits
   hGETX: 0 # GETX hits
   mGETS: 218897 # GETS misses
   mGETXIM: 77239 # GETX I->M misses
   mGETXSM: 0 # GETX S->M misses (upgrade misses)
   PUTS: 193285 # Clean evictions (from lower level)
   PUTX: 64633 # Dirty evictions (from lower level)
   INV: 0 # Invalidates (from upper level)
   INVX: 0 # Downgrades (from upper level)
   FWD: 0 # Forwards (from upper level)
   latGETnl: 66630600 # GET request latency on next level
   latGETnet: 0 # GET request latency on network to next level
  l3-0b23: # Cache stats
   hGETS: 325 # GETS hits
   hGETX: 6 # GETX hits
   mGETS: 218901 # GETS misses
   mGETXIM: 77232 # GETX I->M misses
   mGETXSM: 0 # GETX S->M misses (upgrade misses)
   PUTS: 193131 # Clean evictions (from lower level)
   PUTX: 64676 # Dirty evictions (from lower level)
   INV: 0 # Invalidates (from upper level)
   INVX: 0 # Downgrades (from upper level)
   FWD: 0 # Forwards (from upper level)
   latGETnl: 66629925 # GET request latency on next level
   latGETnet: 0 # GET request latency on network to next level
 mem: # Memory controller stats
  mem-0: # Memory controller stats
   rd: 7073540 # Read requests
   wr: 1712265 # Write requests
   rdlat: 7610099269 # Total latency experienced by read requests
   wrlat: 1913678664 # Total latency experienced by write requests
 sched: # Scheduler stats
  thCr: 25 # Threads created
  thFn: 25 # Threads finished
  schedEvs: 26 # Schedule events
  waitEvs: 2 # Wait events
  handoffEvs: 1 # Handoff events
  sleepEvs: 1 # Sleep events
  idlePhases: 0 # Phases with no thread active
  idlePeriods: 0 # Periods with no thread active
  occHist: # Occupancy histogram
   0: 0
   1: 36
   2: 0
   3: 2
   4: 2
   5: 1
   6: 1
   7: 0
   8: 1
   9: 0
   10: 0
   11: 0
   12: 1
   13: 0
   14: 1
   15: 0
   16: 1
   17: 1
   18: 0
   19: 0
   20: 1
   21: 0
   22: 0
   23: 35494
   24: 0
  rqSzHist: # Run queue size histogram
   0: 35513
   1: 29
   2: 0
   3: 0
   4: 0
   5: 0
   6: 0
   7: 0
   8: 0
   9: 0
   10: 0
   11: 0
   12: 0
   13: 0
   14: 0
   15: 0
   16: 0
   17: 0
   18: 0
   19: 0
   20: 0
   21: 0
   22: 0
   23: 0
   24: 0
 procCycles: # Per-process unhalted core cycles
  0: 816525488
  1: 0
  2: 0
  3: 0
  4: 0
  5: 0
  6: 0
  7: 0
  8: 0
  9: 0
  10: 0
  11: 0
  12: 0
  13: 0
  14: 0
  15: 0
  16: 0
  17: 0
  18: 0
  19: 0
  20: 0
  21: 0
  22: 0
  23: 0
  24: 0
  25: 0
  26: 0
  27: 0
  28: 0
  29: 0
  30: 0
  31: 0
  32: 0
  33: 0
  34: 0
  35: 0
  36: 0
  37: 0
  38: 0
  39: 0
  40: 0
  41: 0
  42: 0
  43: 0
  44: 0
  45: 0
  46: 0
  47: 0
  48: 0
  49: 0
  50: 0
  51: 0
  52: 0
  53: 0
  54: 0
  55: 0
  56: 0
  57: 0
  58: 0
  59: 0
  60: 0
  61: 0
  62: 0
  63: 0
 procInstrs: # Per-process instructions
  0: 195740505
  1: 0
  2: 0
  3: 0
  4: 0
  5: 0
  6: 0
  7: 0
  8: 0
  9: 0
  10: 0
  11: 0
  12: 0
  13: 0
  14: 0
  15: 0
  16: 0
  17: 0
  18: 0
  19: 0
  20: 0
  21: 0
  22: 0
  23: 0
  24: 0
  25: 0
  26: 0
  27: 0
  28: 0
  29: 0
  30: 0
  31: 0
  32: 0
  33: 0
  34: 0
  35: 0
  36: 0
  37: 0
  38: 0
  39: 0
  40: 0
  41: 0
  42: 0
  43: 0
  44: 0
  45: 0
  46: 0
  47: 0
  48: 0
  49: 0
  50: 0
  51: 0
  52: 0
  53: 0
  54: 0
  55: 0
  56: 0
  57: 0
  58: 0
  59: 0
  60: 0
  61: 0
  62: 0
  63: 0
 heartbeats: # Per-process heartbeats
  0: 0
  1: 0
  2: 0
  3: 0
  4: 0
  5: 0
  6: 0
  7: 0
  8: 0
  9: 0
  10: 0
  11: 0
  12: 0
  13: 0
  14: 0
  15: 0
  16: 0
  17: 0
  18: 0
  19: 0
  20: 0
  21: 0
  22: 0
  23: 0
  24: 0
  25: 0
  26: 0
  27: 0
  28: 0
  29: 0
  30: 0
  31: 0
  32: 0
  33: 0
  34: 0
  35: 0
  36: 0
  37: 0
  38: 0
  39: 0
  40: 0
  41: 0
  42: 0
  43: 0
  44: 0
  45: 0
  46: 0
  47: 0
  48: 0
  49: 0
  50: 0
  51: 0
  52: 0
  53: 0
  54: 0
  55: 0
  56: 0
  57: 0
  58: 0
  59: 0
  60: 0
  61: 0
  62: 0
  63: 0
===
