# zsim stats
===
root: # Stats
 contention: # Contention simulation stats
  domain-0: # Domain stats
   time: 6909939252 # Weave simulation time
 time: # Simulator time breakdown
  init: 3431862433
  bound: 77422997121
  weave: 8773718267
  ff: 2647385
 trigger: 20000 # Reason for this stats dump
 phase: 34842 # Simulated phases
 reqCycles: 0 # Requeue Cycles
 skylake: # Core stats
  skylake-0: # Core stats
   cycles: 34842088 # Simulated unhalted cycles
   cCycles: 2306857 # Cycles due to contention stalls
   instrs: 46299481 # Simulated instructions
   uops: 31924437 # issued micro-ops
   bbls: 15066560 # Basic blocks
   approxInstrs: 635904 # Instrs with approx uop decoding
   mispredBranches: 92551 # Mispredicted branches
   IdqNotDelivered: 32535231 # Stalls no uop delivered when no Bkend Stall
   IntMiscRecoveryCycles: 752628 # Stalls waiting machine clears
   uops executed: 32152375 # Executed microoperations
  skylake-1: # Core stats
   cycles: 34806082 # Simulated unhalted cycles
   cCycles: 2306839 # Cycles due to contention stalls
   instrs: 46298990 # Simulated instructions
   uops: 31923585 # issued micro-ops
   bbls: 15066563 # Basic blocks
   approxInstrs: 635907 # Instrs with approx uop decoding
   mispredBranches: 92521 # Mispredicted branches
   IdqNotDelivered: 32499243 # Stalls no uop delivered when no Bkend Stall
   IntMiscRecoveryCycles: 744088 # Stalls waiting machine clears
   uops executed: 32151531 # Executed microoperations
  skylake-2: # Core stats
   cycles: 34803821 # Simulated unhalted cycles
   cCycles: 2306943 # Cycles due to contention stalls
   instrs: 46296866 # Simulated instructions
   uops: 31921871 # issued micro-ops
   bbls: 15065941 # Basic blocks
   approxInstrs: 635883 # Instrs with approx uop decoding
   mispredBranches: 92515 # Mispredicted branches
   IdqNotDelivered: 32496878 # Stalls no uop delivered when no Bkend Stall
   IntMiscRecoveryCycles: 746036 # Stalls waiting machine clears
   uops executed: 32149854 # Executed microoperations
  skylake-3: # Core stats
   cycles: 34804482 # Simulated unhalted cycles
   cCycles: 2306938 # Cycles due to contention stalls
   instrs: 46298809 # Simulated instructions
   uops: 31923376 # issued micro-ops
   bbls: 15066530 # Basic blocks
   approxInstrs: 635906 # Instrs with approx uop decoding
   mispredBranches: 92521 # Mispredicted branches
   IdqNotDelivered: 32497544 # Stalls no uop delivered when no Bkend Stall
   IntMiscRecoveryCycles: 746105 # Stalls waiting machine clears
   uops executed: 32151320 # Executed microoperations
  skylake-4: # Core stats
   cycles: 34802274 # Simulated unhalted cycles
   cCycles: 2306936 # Cycles due to contention stalls
   instrs: 46298784 # Simulated instructions
   uops: 31923348 # issued micro-ops
   bbls: 15066523 # Basic blocks
   approxInstrs: 635907 # Instrs with approx uop decoding
   mispredBranches: 92521 # Mispredicted branches
   IdqNotDelivered: 32495338 # Stalls no uop delivered when no Bkend Stall
   IntMiscRecoveryCycles: 744923 # Stalls waiting machine clears
   uops executed: 32151276 # Executed microoperations
  skylake-5: # Core stats
   cycles: 34801227 # Simulated unhalted cycles
   cCycles: 2306934 # Cycles due to contention stalls
   instrs: 46298750 # Simulated instructions
   uops: 31923308 # issued micro-ops
   bbls: 15066515 # Basic blocks
   approxInstrs: 635905 # Instrs with approx uop decoding
   mispredBranches: 92522 # Mispredicted branches
   IdqNotDelivered: 32494293 # Stalls no uop delivered when no Bkend Stall
   IntMiscRecoveryCycles: 744952 # Stalls waiting machine clears
   uops executed: 32151208 # Executed microoperations
  skylake-6: # Core stats
   cycles: 34800092 # Simulated unhalted cycles
   cCycles: 2306888 # Cycles due to contention stalls
   instrs: 46297667 # Simulated instructions
   uops: 31922560 # issued micro-ops
   bbls: 15066161 # Basic blocks
   approxInstrs: 635892 # Instrs with approx uop decoding
   mispredBranches: 92517 # Mispredicted branches
   IdqNotDelivered: 32493204 # Stalls no uop delivered when no Bkend Stall
   IntMiscRecoveryCycles: 744474 # Stalls waiting machine clears
   uops executed: 32150493 # Executed microoperations
  skylake-7: # Core stats
   cycles: 34800210 # Simulated unhalted cycles
   cCycles: 2306905 # Cycles due to contention stalls
   instrs: 46298147 # Simulated instructions
   uops: 31922589 # issued micro-ops
   bbls: 15066387 # Basic blocks
   approxInstrs: 635901 # Instrs with approx uop decoding
   mispredBranches: 92515 # Mispredicted branches
   IdqNotDelivered: 32493305 # Stalls no uop delivered when no Bkend Stall
   IntMiscRecoveryCycles: 746014 # Stalls waiting machine clears
   uops executed: 32150521 # Executed microoperations
  skylake-8: # Core stats
   cycles: 34799274 # Simulated unhalted cycles
   cCycles: 2306884 # Cycles due to contention stalls
   instrs: 46298147 # Simulated instructions
   uops: 31922589 # issued micro-ops
   bbls: 15066387 # Basic blocks
   approxInstrs: 635901 # Instrs with approx uop decoding
   mispredBranches: 92515 # Mispredicted branches
   IdqNotDelivered: 32492390 # Stalls no uop delivered when no Bkend Stall
   IntMiscRecoveryCycles: 745325 # Stalls waiting machine clears
   uops executed: 32150521 # Executed microoperations
  skylake-9: # Core stats
   cycles: 34798893 # Simulated unhalted cycles
   cCycles: 2306887 # Cycles due to contention stalls
   instrs: 46298147 # Simulated instructions
   uops: 31922589 # issued micro-ops
   bbls: 15066387 # Basic blocks
   approxInstrs: 635901 # Instrs with approx uop decoding
   mispredBranches: 92515 # Mispredicted branches
   IdqNotDelivered: 32492006 # Stalls no uop delivered when no Bkend Stall
   IntMiscRecoveryCycles: 745765 # Stalls waiting machine clears
   uops executed: 32150521 # Executed microoperations
  skylake-10: # Core stats
   cycles: 34798874 # Simulated unhalted cycles
   cCycles: 2306871 # Cycles due to contention stalls
   instrs: 46297404 # Simulated instructions
   uops: 31922071 # issued micro-ops
   bbls: 15066144 # Basic blocks
   approxInstrs: 635894 # Instrs with approx uop decoding
   mispredBranches: 92511 # Mispredicted branches
   IdqNotDelivered: 32492003 # Stalls no uop delivered when no Bkend Stall
   IntMiscRecoveryCycles: 745170 # Stalls waiting machine clears
   uops executed: 32150015 # Executed microoperations
  skylake-11: # Core stats
   cycles: 34798874 # Simulated unhalted cycles
   cCycles: 2306886 # Cycles due to contention stalls
   instrs: 46297766 # Simulated instructions
   uops: 31922609 # issued micro-ops
   bbls: 15066111 # Basic blocks
   approxInstrs: 635890 # Instrs with approx uop decoding
   mispredBranches: 92517 # Mispredicted branches
   IdqNotDelivered: 32491988 # Stalls no uop delivered when no Bkend Stall
   IntMiscRecoveryCycles: 746139 # Stalls waiting machine clears
   uops executed: 32150585 # Executed microoperations
  skylake-12: # Core stats
   cycles: 34797916 # Simulated unhalted cycles
   cCycles: 2306924 # Cycles due to contention stalls
   instrs: 46298153 # Simulated instructions
   uops: 31922597 # issued micro-ops
   bbls: 15066389 # Basic blocks
   approxInstrs: 635901 # Instrs with approx uop decoding
   mispredBranches: 92515 # Mispredicted branches
   IdqNotDelivered: 32490992 # Stalls no uop delivered when no Bkend Stall
   IntMiscRecoveryCycles: 745000 # Stalls waiting machine clears
   uops executed: 32150530 # Executed microoperations
  skylake-13: # Core stats
   cycles: 34797864 # Simulated unhalted cycles
   cCycles: 2306923 # Cycles due to contention stalls
   instrs: 46298166 # Simulated instructions
   uops: 31922614 # issued micro-ops
   bbls: 15066394 # Basic blocks
   approxInstrs: 635901 # Instrs with approx uop decoding
   mispredBranches: 92515 # Mispredicted branches
   IdqNotDelivered: 32490941 # Stalls no uop delivered when no Bkend Stall
   IntMiscRecoveryCycles: 745536 # Stalls waiting machine clears
   uops executed: 32150548 # Executed microoperations
  skylake-14: # Core stats
   cycles: 34796849 # Simulated unhalted cycles
   cCycles: 2306920 # Cycles due to contention stalls
   instrs: 46298157 # Simulated instructions
   uops: 31922602 # issued micro-ops
   bbls: 15066390 # Basic blocks
   approxInstrs: 635901 # Instrs with approx uop decoding
   mispredBranches: 92515 # Mispredicted branches
   IdqNotDelivered: 32489929 # Stalls no uop delivered when no Bkend Stall
   IntMiscRecoveryCycles: 744824 # Stalls waiting machine clears
   uops executed: 32150535 # Executed microoperations
  skylake-15: # Core stats
   cycles: 34797049 # Simulated unhalted cycles
   cCycles: 2306867 # Cycles due to contention stalls
   instrs: 46298163 # Simulated instructions
   uops: 31922611 # issued micro-ops
   bbls: 15066392 # Basic blocks
   approxInstrs: 635902 # Instrs with approx uop decoding
   mispredBranches: 92513 # Mispredicted branches
   IdqNotDelivered: 32490182 # Stalls no uop delivered when no Bkend Stall
   IntMiscRecoveryCycles: 745117 # Stalls waiting machine clears
   uops executed: 32150561 # Executed microoperations
  skylake-16: # Core stats
   cycles: 34796846 # Simulated unhalted cycles
   cCycles: 2306879 # Cycles due to contention stalls
   instrs: 46271481 # Simulated instructions
   uops: 31906149 # issued micro-ops
   bbls: 15057008 # Basic blocks
   approxInstrs: 635450 # Instrs with approx uop decoding
   mispredBranches: 92553 # Mispredicted branches
   IdqNotDelivered: 32489967 # Stalls no uop delivered when no Bkend Stall
   IntMiscRecoveryCycles: 748456 # Stalls waiting machine clears
   uops executed: 32134094 # Executed microoperations
  skylake-17: # Core stats
   cycles: 34796921 # Simulated unhalted cycles
   cCycles: 2306911 # Cycles due to contention stalls
   instrs: 46298147 # Simulated instructions
   uops: 31922589 # issued micro-ops
   bbls: 15066387 # Basic blocks
   approxInstrs: 635901 # Instrs with approx uop decoding
   mispredBranches: 92515 # Mispredicted branches
   IdqNotDelivered: 32490010 # Stalls no uop delivered when no Bkend Stall
   IntMiscRecoveryCycles: 744853 # Stalls waiting machine clears
   uops executed: 32150521 # Executed microoperations
  skylake-18: # Core stats
   cycles: 34796389 # Simulated unhalted cycles
   cCycles: 2306936 # Cycles due to contention stalls
   instrs: 46298147 # Simulated instructions
   uops: 31922589 # issued micro-ops
   bbls: 15066387 # Basic blocks
   approxInstrs: 635901 # Instrs with approx uop decoding
   mispredBranches: 92515 # Mispredicted branches
   IdqNotDelivered: 32489453 # Stalls no uop delivered when no Bkend Stall
   IntMiscRecoveryCycles: 745049 # Stalls waiting machine clears
   uops executed: 32150521 # Executed microoperations
  skylake-19: # Core stats
   cycles: 34796310 # Simulated unhalted cycles
   cCycles: 2306894 # Cycles due to contention stalls
   instrs: 46298121 # Simulated instructions
   uops: 31922555 # issued micro-ops
   bbls: 15066380 # Basic blocks
   approxInstrs: 635900 # Instrs with approx uop decoding
   mispredBranches: 92509 # Mispredicted branches
   IdqNotDelivered: 32489416 # Stalls no uop delivered when no Bkend Stall
   IntMiscRecoveryCycles: 744273 # Stalls waiting machine clears
   uops executed: 32150521 # Executed microoperations
  skylake-20: # Core stats
   cycles: 34795874 # Simulated unhalted cycles
   cCycles: 2306926 # Cycles due to contention stalls
   instrs: 46297407 # Simulated instructions
   uops: 31922073 # issued micro-ops
   bbls: 15066145 # Basic blocks
   approxInstrs: 635894 # Instrs with approx uop decoding
   mispredBranches: 92511 # Mispredicted branches
   IdqNotDelivered: 32488948 # Stalls no uop delivered when no Bkend Stall
   IntMiscRecoveryCycles: 744751 # Stalls waiting machine clears
   uops executed: 32150017 # Executed microoperations
  skylake-21: # Core stats
   cycles: 34794849 # Simulated unhalted cycles
   cCycles: 2306907 # Cycles due to contention stalls
   instrs: 46297131 # Simulated instructions
   uops: 31921880 # issued micro-ops
   bbls: 15066057 # Basic blocks
   approxInstrs: 635888 # Instrs with approx uop decoding
   mispredBranches: 92509 # Mispredicted branches
   IdqNotDelivered: 32487942 # Stalls no uop delivered when no Bkend Stall
   IntMiscRecoveryCycles: 744361 # Stalls waiting machine clears
   uops executed: 32149826 # Executed microoperations
  skylake-22: # Core stats
   cycles: 34795059 # Simulated unhalted cycles
   cCycles: 2306852 # Cycles due to contention stalls
   instrs: 46297090 # Simulated instructions
   uops: 31921833 # issued micro-ops
   bbls: 15066045 # Basic blocks
   approxInstrs: 635886 # Instrs with approx uop decoding
   mispredBranches: 92504 # Mispredicted branches
   IdqNotDelivered: 32488207 # Stalls no uop delivered when no Bkend Stall
   IntMiscRecoveryCycles: 744388 # Stalls waiting machine clears
   uops executed: 32149808 # Executed microoperations
  skylake-23: # Core stats
   cycles: 0 # Simulated unhalted cycles
   cCycles: 0 # Cycles due to contention stalls
   instrs: 0 # Simulated instructions
   uops: 0 # issued micro-ops
   bbls: 0 # Basic blocks
   approxInstrs: 0 # Instrs with approx uop decoding
   mispredBranches: 0 # Mispredicted branches
   IdqNotDelivered: 0 # Stalls no uop delivered when no Bkend Stall
   IntMiscRecoveryCycles: 0 # Stalls waiting machine clears
   uops executed: 0 # Executed microoperations
 l1d: # Cache stats
  l1d-0: # Filter cache stats
   fhGETS: 798190 # Filtered GETS hits
   fhGETX: 380316 # Filtered GETX hits
   hGETS: 7434 # GETS hits
   hGETX: 11621 # GETX hits
   mGETS: 250245 # GETS misses
   mGETXIM: 21832 # GETX I->M misses
   mGETXSM: 7 # GETX S->M misses (upgrade misses)
   PUTS: 0 # Clean evictions (from lower level)
   PUTX: 0 # Dirty evictions (from lower level)
   INV: 86 # Invalidates (from upper level)
   INVX: 90 # Downgrades (from upper level)
   FWD: 0 # Forwards (from upper level)
   latGETnl: 73973195 # GET request latency on next level
   latGETnet: 0 # GET request latency on network to next level
  l1d-1: # Filter cache stats
   fhGETS: 797939 # Filtered GETS hits
   fhGETX: 380149 # Filtered GETX hits
   hGETS: 7353 # GETS hits
   hGETX: 11585 # GETX hits
   mGETS: 250204 # GETS misses
   mGETXIM: 21798 # GETX I->M misses
   mGETXSM: 8 # GETX S->M misses (upgrade misses)
   PUTS: 0 # Clean evictions (from lower level)
   PUTX: 0 # Dirty evictions (from lower level)
   INV: 73 # Invalidates (from upper level)
   INVX: 24 # Downgrades (from upper level)
   FWD: 0 # Forwards (from upper level)
   latGETnl: 73943982 # GET request latency on next level
   latGETnet: 0 # GET request latency on network to next level
  l1d-2: # Filter cache stats
   fhGETS: 797789 # Filtered GETS hits
   fhGETX: 380080 # Filtered GETX hits
   hGETS: 7320 # GETS hits
   hGETX: 11557 # GETX hits
   mGETS: 250189 # GETS misses
   mGETXIM: 21790 # GETX I->M misses
   mGETXSM: 4 # GETX S->M misses (upgrade misses)
   PUTS: 0 # Clean evictions (from lower level)
   PUTX: 0 # Dirty evictions (from lower level)
   INV: 51 # Invalidates (from upper level)
   INVX: 4 # Downgrades (from upper level)
   FWD: 0 # Forwards (from upper level)
   latGETnl: 73939058 # GET request latency on next level
   latGETnet: 0 # GET request latency on network to next level
  l1d-3: # Filter cache stats
   fhGETS: 797874 # Filtered GETS hits
   fhGETX: 380116 # Filtered GETX hits
   hGETS: 7363 # GETS hits
   hGETX: 11589 # GETX hits
   mGETS: 250207 # GETS misses
   mGETXIM: 21795 # GETX I->M misses
   mGETXSM: 9 # GETX S->M misses (upgrade misses)
   PUTS: 0 # Clean evictions (from lower level)
   PUTX: 0 # Dirty evictions (from lower level)
   INV: 67 # Invalidates (from upper level)
   INVX: 31 # Downgrades (from upper level)
   FWD: 0 # Forwards (from upper level)
   latGETnl: 73945491 # GET request latency on next level
   latGETnet: 0 # GET request latency on network to next level
  l1d-4: # Filter cache stats
   fhGETS: 797872 # Filtered GETS hits
   fhGETX: 380106 # Filtered GETX hits
   hGETS: 7362 # GETS hits
   hGETX: 11590 # GETX hits
   mGETS: 250200 # GETS misses
   mGETXIM: 21801 # GETX I->M misses
   mGETXSM: 9 # GETX S->M misses (upgrade misses)
   PUTS: 0 # Clean evictions (from lower level)
   PUTX: 0 # Dirty evictions (from lower level)
   INV: 71 # Invalidates (from upper level)
   INVX: 20 # Downgrades (from upper level)
   FWD: 0 # Forwards (from upper level)
   latGETnl: 73941845 # GET request latency on next level
   latGETnet: 0 # GET request latency on network to next level
  l1d-5: # Filter cache stats
   fhGETS: 797883 # Filtered GETS hits
   fhGETX: 380124 # Filtered GETX hits
   hGETS: 7345 # GETS hits
   hGETX: 11570 # GETX hits
   mGETS: 250198 # GETS misses
   mGETXIM: 21797 # GETX I->M misses
   mGETXSM: 7 # GETX S->M misses (upgrade misses)
   PUTS: 0 # Clean evictions (from lower level)
   PUTX: 0 # Dirty evictions (from lower level)
   INV: 67 # Invalidates (from upper level)
   INVX: 15 # Downgrades (from upper level)
   FWD: 0 # Forwards (from upper level)
   latGETnl: 73941160 # GET request latency on next level
   latGETnet: 0 # GET request latency on network to next level
  l1d-6: # Filter cache stats
   fhGETS: 797848 # Filtered GETS hits
   fhGETX: 380104 # Filtered GETX hits
   hGETS: 7357 # GETS hits
   hGETX: 11585 # GETX hits
   mGETS: 250194 # GETS misses
   mGETXIM: 21796 # GETX I->M misses
   mGETXSM: 7 # GETX S->M misses (upgrade misses)
   PUTS: 0 # Clean evictions (from lower level)
   PUTX: 0 # Dirty evictions (from lower level)
   INV: 67 # Invalidates (from upper level)
   INVX: 18 # Downgrades (from upper level)
   FWD: 0 # Forwards (from upper level)
   latGETnl: 73940489 # GET request latency on next level
   latGETnet: 0 # GET request latency on network to next level
  l1d-7: # Filter cache stats
   fhGETS: 797718 # Filtered GETS hits
   fhGETX: 380030 # Filtered GETX hits
   hGETS: 7342 # GETS hits
   hGETX: 11564 # GETX hits
   mGETS: 250181 # GETS misses
   mGETXIM: 21791 # GETX I->M misses
   mGETXSM: 5 # GETX S->M misses (upgrade misses)
   PUTS: 0 # Clean evictions (from lower level)
   PUTX: 0 # Dirty evictions (from lower level)
   INV: 55 # Invalidates (from upper level)
   INVX: 14 # Downgrades (from upper level)
   FWD: 0 # Forwards (from upper level)
   latGETnl: 73939197 # GET request latency on next level
   latGETnet: 0 # GET request latency on network to next level
  l1d-8: # Filter cache stats
   fhGETS: 797717 # Filtered GETS hits
   fhGETX: 380039 # Filtered GETX hits
   hGETS: 7344 # GETS hits
   hGETX: 11555 # GETX hits
   mGETS: 250180 # GETS misses
   mGETXIM: 21792 # GETX I->M misses
   mGETXSM: 4 # GETX S->M misses (upgrade misses)
   PUTS: 0 # Clean evictions (from lower level)
   PUTX: 0 # Dirty evictions (from lower level)
   INV: 54 # Invalidates (from upper level)
   INVX: 11 # Downgrades (from upper level)
   FWD: 0 # Forwards (from upper level)
   latGETnl: 73938236 # GET request latency on next level
   latGETnet: 0 # GET request latency on network to next level
  l1d-9: # Filter cache stats
   fhGETS: 797730 # Filtered GETS hits
   fhGETX: 380033 # Filtered GETX hits
   hGETS: 7330 # GETS hits
   hGETX: 11559 # GETX hits
   mGETS: 250181 # GETS misses
   mGETXIM: 21792 # GETX I->M misses
   mGETXSM: 6 # GETX S->M misses (upgrade misses)
   PUTS: 0 # Clean evictions (from lower level)
   PUTX: 0 # Dirty evictions (from lower level)
   INV: 56 # Invalidates (from upper level)
   INVX: 16 # Downgrades (from upper level)
   FWD: 0 # Forwards (from upper level)
   latGETnl: 73940007 # GET request latency on next level
   latGETnet: 0 # GET request latency on network to next level
  l1d-10: # Filter cache stats
   fhGETS: 797702 # Filtered GETS hits
   fhGETX: 380020 # Filtered GETX hits
   hGETS: 7340 # GETS hits
   hGETX: 11571 # GETX hits
   mGETS: 250179 # GETS misses
   mGETXIM: 21787 # GETX I->M misses
   mGETXSM: 7 # GETX S->M misses (upgrade misses)
   PUTS: 0 # Clean evictions (from lower level)
   PUTX: 0 # Dirty evictions (from lower level)
   INV: 52 # Invalidates (from upper level)
   INVX: 11 # Downgrades (from upper level)
   FWD: 0 # Forwards (from upper level)
   latGETnl: 73938334 # GET request latency on next level
   latGETnet: 0 # GET request latency on network to next level
  l1d-11: # Filter cache stats
   fhGETS: 797877 # Filtered GETS hits
   fhGETX: 380141 # Filtered GETX hits
   hGETS: 7372 # GETS hits
   hGETX: 11566 # GETX hits
   mGETS: 250194 # GETS misses
   mGETXIM: 21807 # GETX I->M misses
   mGETXSM: 9 # GETX S->M misses (upgrade misses)
   PUTS: 0 # Clean evictions (from lower level)
   PUTX: 0 # Dirty evictions (from lower level)
   INV: 60 # Invalidates (from upper level)
   INVX: 18 # Downgrades (from upper level)
   FWD: 0 # Forwards (from upper level)
   latGETnl: 73945656 # GET request latency on next level
   latGETnet: 0 # GET request latency on network to next level
  l1d-12: # Filter cache stats
   fhGETS: 797737 # Filtered GETS hits
   fhGETX: 380043 # Filtered GETX hits
   hGETS: 7326 # GETS hits
   hGETX: 11550 # GETX hits
   mGETS: 250180 # GETS misses
   mGETXIM: 21793 # GETX I->M misses
   mGETXSM: 5 # GETX S->M misses (upgrade misses)
   PUTS: 0 # Clean evictions (from lower level)
   PUTX: 0 # Dirty evictions (from lower level)
   INV: 54 # Invalidates (from upper level)
   INVX: 13 # Downgrades (from upper level)
   FWD: 0 # Forwards (from upper level)
   latGETnl: 73938471 # GET request latency on next level
   latGETnet: 0 # GET request latency on network to next level
  l1d-13: # Filter cache stats
   fhGETS: 797734 # Filtered GETS hits
   fhGETX: 380039 # Filtered GETX hits
   hGETS: 7332 # GETS hits
   hGETX: 11558 # GETX hits
   mGETS: 250182 # GETS misses
   mGETXIM: 21790 # GETX I->M misses
   mGETXSM: 5 # GETX S->M misses (upgrade misses)
   PUTS: 0 # Clean evictions (from lower level)
   PUTX: 0 # Dirty evictions (from lower level)
   INV: 52 # Invalidates (from upper level)
   INVX: 14 # Downgrades (from upper level)
   FWD: 0 # Forwards (from upper level)
   latGETnl: 73938944 # GET request latency on next level
   latGETnet: 0 # GET request latency on network to next level
  l1d-14: # Filter cache stats
   fhGETS: 797735 # Filtered GETS hits
   fhGETX: 380037 # Filtered GETX hits
   hGETS: 7325 # GETS hits
   hGETX: 11562 # GETX hits
   mGETS: 250185 # GETS misses
   mGETXIM: 21786 # GETX I->M misses
   mGETXSM: 6 # GETX S->M misses (upgrade misses)
   PUTS: 0 # Clean evictions (from lower level)
   PUTX: 0 # Dirty evictions (from lower level)
   INV: 52 # Invalidates (from upper level)
   INVX: 2 # Downgrades (from upper level)
   FWD: 0 # Forwards (from upper level)
   latGETnl: 73936568 # GET request latency on next level
   latGETnet: 0 # GET request latency on network to next level
  l1d-15: # Filter cache stats
   fhGETS: 797739 # Filtered GETS hits
   fhGETX: 380034 # Filtered GETX hits
   hGETS: 7326 # GETS hits
   hGETX: 11561 # GETX hits
   mGETS: 250181 # GETS misses
   mGETXIM: 21792 # GETX I->M misses
   mGETXSM: 5 # GETX S->M misses (upgrade misses)
   PUTS: 0 # Clean evictions (from lower level)
   PUTX: 0 # Dirty evictions (from lower level)
   INV: 53 # Invalidates (from upper level)
   INVX: 5 # Downgrades (from upper level)
   FWD: 0 # Forwards (from upper level)
   latGETnl: 73937262 # GET request latency on next level
   latGETnet: 0 # GET request latency on network to next level
  l1d-16: # Filter cache stats
   fhGETS: 798643 # Filtered GETS hits
   fhGETX: 380338 # Filtered GETX hits
   hGETS: 7682 # GETS hits
   hGETX: 11632 # GETX hits
   mGETS: 250075 # GETS misses
   mGETXIM: 21789 # GETX I->M misses
   mGETXSM: 15 # GETX S->M misses (upgrade misses)
   PUTS: 0 # Clean evictions (from lower level)
   PUTX: 0 # Dirty evictions (from lower level)
   INV: 54 # Invalidates (from upper level)
   INVX: 2 # Downgrades (from upper level)
   FWD: 0 # Forwards (from upper level)
   latGETnl: 73899903 # GET request latency on next level
   latGETnet: 0 # GET request latency on network to next level
  l1d-17: # Filter cache stats
   fhGETS: 797718 # Filtered GETS hits
   fhGETX: 380025 # Filtered GETX hits
   hGETS: 7341 # GETS hits
   hGETX: 11574 # GETX hits
   mGETS: 250182 # GETS misses
   mGETXIM: 21785 # GETX I->M misses
   mGETXSM: 6 # GETX S->M misses (upgrade misses)
   PUTS: 0 # Clean evictions (from lower level)
   PUTX: 0 # Dirty evictions (from lower level)
   INV: 52 # Invalidates (from upper level)
   INVX: 3 # Downgrades (from upper level)
   FWD: 0 # Forwards (from upper level)
   latGETnl: 73936802 # GET request latency on next level
   latGETnet: 0 # GET request latency on network to next level
  l1d-18: # Filter cache stats
   fhGETS: 797737 # Filtered GETS hits
   fhGETX: 380032 # Filtered GETX hits
   hGETS: 7323 # GETS hits
   hGETX: 11561 # GETX hits
   mGETS: 250181 # GETS misses
   mGETXIM: 21791 # GETX I->M misses
   mGETXSM: 6 # GETX S->M misses (upgrade misses)
   PUTS: 0 # Clean evictions (from lower level)
   PUTX: 0 # Dirty evictions (from lower level)
   INV: 54 # Invalidates (from upper level)
   INVX: 2 # Downgrades (from upper level)
   FWD: 0 # Forwards (from upper level)
   latGETnl: 73936376 # GET request latency on next level
   latGETnet: 0 # GET request latency on network to next level
  l1d-19: # Filter cache stats
   fhGETS: 797732 # Filtered GETS hits
   fhGETX: 380034 # Filtered GETX hits
   hGETS: 7323 # GETS hits
   hGETX: 11558 # GETX hits
   mGETS: 250180 # GETS misses
   mGETXIM: 21789 # GETX I->M misses
   mGETXSM: 4 # GETX S->M misses (upgrade misses)
   PUTS: 0 # Clean evictions (from lower level)
   PUTX: 0 # Dirty evictions (from lower level)
   INV: 52 # Invalidates (from upper level)
   INVX: 1 # Downgrades (from upper level)
   FWD: 0 # Forwards (from upper level)
   latGETnl: 73935635 # GET request latency on next level
   latGETnet: 0 # GET request latency on network to next level
  l1d-20: # Filter cache stats
   fhGETS: 797700 # Filtered GETS hits
   fhGETX: 380020 # Filtered GETX hits
   hGETS: 7344 # GETS hits
   hGETX: 11569 # GETX hits
   mGETS: 250177 # GETS misses
   mGETXIM: 21791 # GETX I->M misses
   mGETXSM: 5 # GETX S->M misses (upgrade misses)
   PUTS: 0 # Clean evictions (from lower level)
   PUTX: 0 # Dirty evictions (from lower level)
   INV: 55 # Invalidates (from upper level)
   INVX: 2 # Downgrades (from upper level)
   FWD: 0 # Forwards (from upper level)
   latGETnl: 73935213 # GET request latency on next level
   latGETnet: 0 # GET request latency on network to next level
  l1d-21: # Filter cache stats
   fhGETS: 797710 # Filtered GETS hits
   fhGETX: 380025 # Filtered GETX hits
   hGETS: 7326 # GETS hits
   hGETX: 11563 # GETX hits
   mGETS: 250176 # GETS misses
   mGETXIM: 21787 # GETX I->M misses
   mGETXSM: 5 # GETX S->M misses (upgrade misses)
   PUTS: 0 # Clean evictions (from lower level)
   PUTX: 0 # Dirty evictions (from lower level)
   INV: 54 # Invalidates (from upper level)
   INVX: 2 # Downgrades (from upper level)
   FWD: 0 # Forwards (from upper level)
   latGETnl: 73934978 # GET request latency on next level
   latGETnet: 0 # GET request latency on network to next level
  l1d-22: # Filter cache stats
   fhGETS: 797708 # Filtered GETS hits
   fhGETX: 380019 # Filtered GETX hits
   hGETS: 7321 # GETS hits
   hGETX: 11563 # GETX hits
   mGETS: 250175 # GETS misses
   mGETXIM: 21789 # GETX I->M misses
   mGETXSM: 4 # GETX S->M misses (upgrade misses)
   PUTS: 0 # Clean evictions (from lower level)
   PUTX: 0 # Dirty evictions (from lower level)
   INV: 53 # Invalidates (from upper level)
   INVX: 0 # Downgrades (from upper level)
   FWD: 0 # Forwards (from upper level)
   latGETnl: 73934936 # GET request latency on next level
   latGETnet: 0 # GET request latency on network to next level
  l1d-23: # Filter cache stats
   fhGETS: 0 # Filtered GETS hits
   fhGETX: 0 # Filtered GETX hits
   hGETS: 0 # GETS hits
   hGETX: 0 # GETX hits
   mGETS: 0 # GETS misses
   mGETXIM: 0 # GETX I->M misses
   mGETXSM: 0 # GETX S->M misses (upgrade misses)
   PUTS: 0 # Clean evictions (from lower level)
   PUTX: 0 # Dirty evictions (from lower level)
   INV: 0 # Invalidates (from upper level)
   INVX: 0 # Downgrades (from upper level)
   FWD: 0 # Forwards (from upper level)
   latGETnl: 0 # GET request latency on next level
   latGETnet: 0 # GET request latency on network to next level
 l1i: # Cache stats
  l1i-0: # Filter cache stats
   fhGETS: 15604351 # Filtered GETS hits
   fhGETX: 0 # Filtered GETX hits
   hGETS: 47 # GETS hits
   hGETX: 0 # GETX hits
   mGETS: 657 # GETS misses
   mGETXIM: 0 # GETX I->M misses
   mGETXSM: 0 # GETX S->M misses (upgrade misses)
   PUTS: 0 # Clean evictions (from lower level)
   PUTX: 0 # Dirty evictions (from lower level)
   INV: 634 # Invalidates (from upper level)
   INVX: 0 # Downgrades (from upper level)
   FWD: 0 # Forwards (from upper level)
   latGETnl: 69579 # GET request latency on next level
   latGETnet: 0 # GET request latency on network to next level
  l1i-1: # Filter cache stats
   fhGETS: 15604459 # Filtered GETS hits
   fhGETX: 0 # Filtered GETX hits
   hGETS: 36 # GETS hits
   hGETX: 0 # GETX hits
   mGETS: 566 # GETS misses
   mGETXIM: 0 # GETX I->M misses
   mGETXSM: 0 # GETX S->M misses (upgrade misses)
   PUTS: 0 # Clean evictions (from lower level)
   PUTX: 0 # Dirty evictions (from lower level)
   INV: 538 # Invalidates (from upper level)
   INVX: 0 # Downgrades (from upper level)
   FWD: 0 # Forwards (from upper level)
   latGETnl: 32002 # GET request latency on next level
   latGETnet: 0 # GET request latency on network to next level
  l1i-2: # Filter cache stats
   fhGETS: 15603779 # Filtered GETS hits
   fhGETX: 0 # Filtered GETX hits
   hGETS: 31 # GETS hits
   hGETX: 0 # GETX hits
   mGETS: 589 # GETS misses
   mGETXIM: 0 # GETX I->M misses
   mGETXSM: 0 # GETX S->M misses (upgrade misses)
   PUTS: 0 # Clean evictions (from lower level)
   PUTX: 0 # Dirty evictions (from lower level)
   INV: 566 # Invalidates (from upper level)
   INVX: 0 # Downgrades (from upper level)
   FWD: 0 # Forwards (from upper level)
   latGETnl: 36908 # GET request latency on next level
   latGETnet: 0 # GET request latency on network to next level
  l1i-3: # Filter cache stats
   fhGETS: 15604412 # Filtered GETS hits
   fhGETX: 0 # Filtered GETX hits
   hGETS: 31 # GETS hits
   hGETX: 0 # GETX hits
   mGETS: 585 # GETS misses
   mGETXIM: 0 # GETX I->M misses
   mGETXSM: 0 # GETX S->M misses (upgrade misses)
   PUTS: 0 # Clean evictions (from lower level)
   PUTX: 0 # Dirty evictions (from lower level)
   INV: 547 # Invalidates (from upper level)
   INVX: 0 # Downgrades (from upper level)
   FWD: 0 # Forwards (from upper level)
   latGETnl: 32445 # GET request latency on next level
   latGETnet: 0 # GET request latency on network to next level
  l1i-4: # Filter cache stats
   fhGETS: 15604426 # Filtered GETS hits
   fhGETX: 0 # Filtered GETX hits
   hGETS: 31 # GETS hits
   hGETX: 0 # GETX hits
   mGETS: 576 # GETS misses
   mGETXIM: 0 # GETX I->M misses
   mGETXSM: 0 # GETX S->M misses (upgrade misses)
   PUTS: 0 # Clean evictions (from lower level)
   PUTX: 0 # Dirty evictions (from lower level)
   INV: 547 # Invalidates (from upper level)
   INVX: 0 # Downgrades (from upper level)
   FWD: 0 # Forwards (from upper level)
   latGETnl: 28197 # GET request latency on next level
   latGETnet: 0 # GET request latency on network to next level
  l1i-5: # Filter cache stats
   fhGETS: 15604416 # Filtered GETS hits
   fhGETX: 0 # Filtered GETX hits
   hGETS: 32 # GETS hits
   hGETX: 0 # GETX hits
   mGETS: 575 # GETS misses
   mGETXIM: 0 # GETX I->M misses
   mGETXSM: 0 # GETX S->M misses (upgrade misses)
   PUTS: 0 # Clean evictions (from lower level)
   PUTX: 0 # Dirty evictions (from lower level)
   INV: 548 # Invalidates (from upper level)
   INVX: 0 # Downgrades (from upper level)
   FWD: 0 # Forwards (from upper level)
   latGETnl: 28375 # GET request latency on next level
   latGETnet: 0 # GET request latency on network to next level
  l1i-6: # Filter cache stats
   fhGETS: 15604050 # Filtered GETS hits
   fhGETX: 0 # Filtered GETX hits
   hGETS: 30 # GETS hits
   hGETX: 0 # GETX hits
   mGETS: 572 # GETS misses
   mGETXIM: 0 # GETX I->M misses
   mGETXSM: 0 # GETX S->M misses (upgrade misses)
   PUTS: 0 # Clean evictions (from lower level)
   PUTX: 0 # Dirty evictions (from lower level)
   INV: 549 # Invalidates (from upper level)
   INVX: 0 # Downgrades (from upper level)
   FWD: 0 # Forwards (from upper level)
   latGETnl: 27109 # GET request latency on next level
   latGETnet: 0 # GET request latency on network to next level
  l1i-7: # Filter cache stats
   fhGETS: 15604257 # Filtered GETS hits
   fhGETX: 0 # Filtered GETX hits
   hGETS: 29 # GETS hits
   hGETX: 0 # GETX hits
   mGETS: 554 # GETS misses
   mGETXIM: 0 # GETX I->M misses
   mGETXSM: 0 # GETX S->M misses (upgrade misses)
   PUTS: 0 # Clean evictions (from lower level)
   PUTX: 0 # Dirty evictions (from lower level)
   INV: 525 # Invalidates (from upper level)
   INVX: 0 # Downgrades (from upper level)
   FWD: 0 # Forwards (from upper level)
   latGETnl: 31213 # GET request latency on next level
   latGETnet: 0 # GET request latency on network to next level
  l1i-8: # Filter cache stats
   fhGETS: 15604261 # Filtered GETS hits
   fhGETX: 0 # Filtered GETX hits
   hGETS: 30 # GETS hits
   hGETX: 0 # GETX hits
   mGETS: 559 # GETS misses
   mGETXIM: 0 # GETX I->M misses
   mGETXSM: 0 # GETX S->M misses (upgrade misses)
   PUTS: 0 # Clean evictions (from lower level)
   PUTX: 0 # Dirty evictions (from lower level)
   INV: 530 # Invalidates (from upper level)
   INVX: 0 # Downgrades (from upper level)
   FWD: 0 # Forwards (from upper level)
   latGETnl: 29648 # GET request latency on next level
   latGETnet: 0 # GET request latency on network to next level
  l1i-9: # Filter cache stats
   fhGETS: 15604246 # Filtered GETS hits
   fhGETX: 0 # Filtered GETX hits
   hGETS: 30 # GETS hits
   hGETX: 0 # GETX hits
   mGETS: 560 # GETS misses
   mGETXIM: 0 # GETX I->M misses
   mGETXSM: 0 # GETX S->M misses (upgrade misses)
   PUTS: 0 # Clean evictions (from lower level)
   PUTX: 0 # Dirty evictions (from lower level)
   INV: 531 # Invalidates (from upper level)
   INVX: 0 # Downgrades (from upper level)
   FWD: 0 # Forwards (from upper level)
   latGETnl: 30595 # GET request latency on next level
   latGETnet: 0 # GET request latency on network to next level
  l1i-10: # Filter cache stats
   fhGETS: 15604015 # Filtered GETS hits
   fhGETX: 0 # Filtered GETX hits
   hGETS: 30 # GETS hits
   hGETX: 0 # GETX hits
   mGETS: 555 # GETS misses
   mGETXIM: 0 # GETX I->M misses
   mGETXSM: 0 # GETX S->M misses (upgrade misses)
   PUTS: 0 # Clean evictions (from lower level)
   PUTX: 0 # Dirty evictions (from lower level)
   INV: 532 # Invalidates (from upper level)
   INVX: 0 # Downgrades (from upper level)
   FWD: 0 # Forwards (from upper level)
   latGETnl: 29235 # GET request latency on next level
   latGETnet: 0 # GET request latency on network to next level
  l1i-11: # Filter cache stats
   fhGETS: 15603931 # Filtered GETS hits
   fhGETX: 0 # Filtered GETX hits
   hGETS: 125 # GETS hits
   hGETX: 0 # GETX hits
   mGETS: 558 # GETS misses
   mGETXIM: 0 # GETX I->M misses
   mGETXSM: 0 # GETX S->M misses (upgrade misses)
   PUTS: 0 # Clean evictions (from lower level)
   PUTX: 0 # Dirty evictions (from lower level)
   INV: 535 # Invalidates (from upper level)
   INVX: 0 # Downgrades (from upper level)
   FWD: 0 # Forwards (from upper level)
   latGETnl: 28026 # GET request latency on next level
   latGETnet: 0 # GET request latency on network to next level
  l1i-12: # Filter cache stats
   fhGETS: 15604277 # Filtered GETS hits
   fhGETX: 0 # Filtered GETX hits
   hGETS: 30 # GETS hits
   hGETX: 0 # GETX hits
   mGETS: 564 # GETS misses
   mGETXIM: 0 # GETX I->M misses
   mGETXSM: 0 # GETX S->M misses (upgrade misses)
   PUTS: 0 # Clean evictions (from lower level)
   PUTX: 0 # Dirty evictions (from lower level)
   INV: 534 # Invalidates (from upper level)
   INVX: 0 # Downgrades (from upper level)
   FWD: 0 # Forwards (from upper level)
   latGETnl: 28308 # GET request latency on next level
   latGETnet: 0 # GET request latency on network to next level
  l1i-13: # Filter cache stats
   fhGETS: 15604244 # Filtered GETS hits
   fhGETX: 0 # Filtered GETX hits
   hGETS: 30 # GETS hits
   hGETX: 0 # GETX hits
   mGETS: 564 # GETS misses
   mGETXIM: 0 # GETX I->M misses
   mGETXSM: 0 # GETX S->M misses (upgrade misses)
   PUTS: 0 # Clean evictions (from lower level)
   PUTX: 0 # Dirty evictions (from lower level)
   INV: 530 # Invalidates (from upper level)
   INVX: 0 # Downgrades (from upper level)
   FWD: 0 # Forwards (from upper level)
   latGETnl: 29208 # GET request latency on next level
   latGETnet: 0 # GET request latency on network to next level
  l1i-14: # Filter cache stats
   fhGETS: 15604277 # Filtered GETS hits
   fhGETX: 0 # Filtered GETX hits
   hGETS: 30 # GETS hits
   hGETX: 0 # GETX hits
   mGETS: 566 # GETS misses
   mGETXIM: 0 # GETX I->M misses
   mGETXSM: 0 # GETX S->M misses (upgrade misses)
   PUTS: 0 # Clean evictions (from lower level)
   PUTX: 0 # Dirty evictions (from lower level)
   INV: 534 # Invalidates (from upper level)
   INVX: 0 # Downgrades (from upper level)
   FWD: 0 # Forwards (from upper level)
   latGETnl: 27277 # GET request latency on next level
   latGETnet: 0 # GET request latency on network to next level
  l1i-15: # Filter cache stats
   fhGETS: 15604273 # Filtered GETS hits
   fhGETX: 0 # Filtered GETX hits
   hGETS: 27 # GETS hits
   hGETX: 0 # GETX hits
   mGETS: 564 # GETS misses
   mGETXIM: 0 # GETX I->M misses
   mGETXSM: 0 # GETX S->M misses (upgrade misses)
   PUTS: 0 # Clean evictions (from lower level)
   PUTX: 0 # Dirty evictions (from lower level)
   INV: 532 # Invalidates (from upper level)
   INVX: 0 # Downgrades (from upper level)
   FWD: 0 # Forwards (from upper level)
   latGETnl: 28083 # GET request latency on next level
   latGETnet: 0 # GET request latency on network to next level
  l1i-16: # Filter cache stats
   fhGETS: 15594760 # Filtered GETS hits
   fhGETX: 0 # Filtered GETX hits
   hGETS: 194 # GETS hits
   hGETX: 0 # GETX hits
   mGETS: 625 # GETS misses
   mGETXIM: 0 # GETX I->M misses
   mGETXSM: 0 # GETX S->M misses (upgrade misses)
   PUTS: 0 # Clean evictions (from lower level)
   PUTX: 0 # Dirty evictions (from lower level)
   INV: 602 # Invalidates (from upper level)
   INVX: 0 # Downgrades (from upper level)
   FWD: 0 # Forwards (from upper level)
   latGETnl: 42200 # GET request latency on next level
   latGETnet: 0 # GET request latency on network to next level
  l1i-17: # Filter cache stats
   fhGETS: 15604277 # Filtered GETS hits
   fhGETX: 0 # Filtered GETX hits
   hGETS: 30 # GETS hits
   hGETX: 0 # GETX hits
   mGETS: 559 # GETS misses
   mGETXIM: 0 # GETX I->M misses
   mGETXSM: 0 # GETX S->M misses (upgrade misses)
   PUTS: 0 # Clean evictions (from lower level)
   PUTX: 0 # Dirty evictions (from lower level)
   INV: 530 # Invalidates (from upper level)
   INVX: 0 # Downgrades (from upper level)
   FWD: 0 # Forwards (from upper level)
   latGETnl: 27623 # GET request latency on next level
   latGETnet: 0 # GET request latency on network to next level
  l1i-18: # Filter cache stats
   fhGETS: 15604277 # Filtered GETS hits
   fhGETX: 0 # Filtered GETX hits
   hGETS: 30 # GETS hits
   hGETX: 0 # GETX hits
   mGETS: 563 # GETS misses
   mGETXIM: 0 # GETX I->M misses
   mGETXSM: 0 # GETX S->M misses (upgrade misses)
   PUTS: 0 # Clean evictions (from lower level)
   PUTX: 0 # Dirty evictions (from lower level)
   INV: 534 # Invalidates (from upper level)
   INVX: 0 # Downgrades (from upper level)
   FWD: 0 # Forwards (from upper level)
   latGETnl: 26686 # GET request latency on next level
   latGETnet: 0 # GET request latency on network to next level
  l1i-19: # Filter cache stats
   fhGETS: 15604254 # Filtered GETS hits
   fhGETX: 0 # Filtered GETX hits
   hGETS: 30 # GETS hits
   hGETX: 0 # GETX hits
   mGETS: 553 # GETS misses
   mGETXIM: 0 # GETX I->M misses
   mGETXSM: 0 # GETX S->M misses (upgrade misses)
   PUTS: 0 # Clean evictions (from lower level)
   PUTX: 0 # Dirty evictions (from lower level)
   INV: 524 # Invalidates (from upper level)
   INVX: 0 # Downgrades (from upper level)
   FWD: 0 # Forwards (from upper level)
   latGETnl: 27116 # GET request latency on next level
   latGETnet: 0 # GET request latency on network to next level
  l1i-20: # Filter cache stats
   fhGETS: 15604024 # Filtered GETS hits
   fhGETX: 0 # Filtered GETX hits
   hGETS: 30 # GETS hits
   hGETX: 0 # GETX hits
   mGETS: 557 # GETS misses
   mGETXIM: 0 # GETX I->M misses
   mGETXSM: 0 # GETX S->M misses (upgrade misses)
   PUTS: 0 # Clean evictions (from lower level)
   PUTX: 0 # Dirty evictions (from lower level)
   INV: 534 # Invalidates (from upper level)
   INVX: 0 # Downgrades (from upper level)
   FWD: 0 # Forwards (from upper level)
   latGETnl: 26179 # GET request latency on next level
   latGETnet: 0 # GET request latency on network to next level
  l1i-21: # Filter cache stats
   fhGETS: 15603932 # Filtered GETS hits
   fhGETX: 0 # Filtered GETX hits
   hGETS: 30 # GETS hits
   hGETX: 0 # GETX hits
   mGETS: 551 # GETS misses
   mGETXIM: 0 # GETX I->M misses
   mGETXSM: 0 # GETX S->M misses (upgrade misses)
   PUTS: 0 # Clean evictions (from lower level)
   PUTX: 0 # Dirty evictions (from lower level)
   INV: 528 # Invalidates (from upper level)
   INVX: 0 # Downgrades (from upper level)
   FWD: 0 # Forwards (from upper level)
   latGETnl: 25897 # GET request latency on next level
   latGETnet: 0 # GET request latency on network to next level
  l1i-22: # Filter cache stats
   fhGETS: 15603902 # Filtered GETS hits
   fhGETX: 0 # Filtered GETX hits
   hGETS: 30 # GETS hits
   hGETX: 0 # GETX hits
   mGETS: 551 # GETS misses
   mGETXIM: 0 # GETX I->M misses
   mGETXSM: 0 # GETX S->M misses (upgrade misses)
   PUTS: 0 # Clean evictions (from lower level)
   PUTX: 0 # Dirty evictions (from lower level)
   INV: 528 # Invalidates (from upper level)
   INVX: 0 # Downgrades (from upper level)
   FWD: 0 # Forwards (from upper level)
   latGETnl: 25897 # GET request latency on next level
   latGETnet: 0 # GET request latency on network to next level
  l1i-23: # Filter cache stats
   fhGETS: 0 # Filtered GETS hits
   fhGETX: 0 # Filtered GETX hits
   hGETS: 0 # GETS hits
   hGETX: 0 # GETX hits
   mGETS: 0 # GETS misses
   mGETXIM: 0 # GETX I->M misses
   mGETXSM: 0 # GETX S->M misses (upgrade misses)
   PUTS: 0 # Clean evictions (from lower level)
   PUTX: 0 # Dirty evictions (from lower level)
   INV: 0 # Invalidates (from upper level)
   INVX: 0 # Downgrades (from upper level)
   FWD: 0 # Forwards (from upper level)
   latGETnl: 0 # GET request latency on next level
   latGETnet: 0 # GET request latency on network to next level
 l2: # Cache stats
  l2-0: # Cache stats
   hGETS: 0 # GETS hits
   hGETX: 0 # GETX hits
   mGETS: 250902 # GETS misses
   mGETXIM: 21832 # GETX I->M misses
   mGETXSM: 7 # GETX S->M misses (upgrade misses)
   PUTS: 249722 # Clean evictions (from lower level)
   PUTX: 21757 # Dirty evictions (from lower level)
   INV: 18289 # Invalidates (from upper level)
   INVX: 91 # Downgrades (from upper level)
   FWD: 0 # Forwards (from upper level)
   latGETnl: 71315364 # GET request latency on next level
   latGETnet: 0 # GET request latency on network to next level
  l2-1: # Cache stats
   hGETS: 0 # GETS hits
   hGETX: 0 # GETX hits
   mGETS: 250770 # GETS misses
   mGETXIM: 21798 # GETX I->M misses
   mGETXSM: 8 # GETX S->M misses (upgrade misses)
   PUTS: 249685 # Clean evictions (from lower level)
   PUTX: 21733 # Dirty evictions (from lower level)
   INV: 16004 # Invalidates (from upper level)
   INVX: 24 # Downgrades (from upper level)
   FWD: 0 # Forwards (from upper level)
   latGETnl: 71250224 # GET request latency on next level
   latGETnet: 0 # GET request latency on network to next level
  l2-2: # Cache stats
   hGETS: 0 # GETS hits
   hGETX: 0 # GETX hits
   mGETS: 250778 # GETS misses
   mGETXIM: 21790 # GETX I->M misses
   mGETXSM: 4 # GETX S->M misses (upgrade misses)
   PUTS: 249677 # Clean evictions (from lower level)
   PUTX: 21739 # Dirty evictions (from lower level)
   INV: 16199 # Invalidates (from upper level)
   INVX: 5 # Downgrades (from upper level)
   FWD: 0 # Forwards (from upper level)
   latGETnl: 71250246 # GET request latency on next level
   latGETnet: 0 # GET request latency on network to next level
  l2-3: # Cache stats
   hGETS: 0 # GETS hits
   hGETX: 0 # GETX hits
   mGETS: 250792 # GETS misses
   mGETXIM: 21795 # GETX I->M misses
   mGETXSM: 9 # GETX S->M misses (upgrade misses)
   PUTS: 249687 # Clean evictions (from lower level)
   PUTX: 21736 # Dirty evictions (from lower level)
   INV: 16024 # Invalidates (from upper level)
   INVX: 31 # Downgrades (from upper level)
   FWD: 0 # Forwards (from upper level)
   latGETnl: 71251976 # GET request latency on next level
   latGETnet: 0 # GET request latency on network to next level
  l2-4: # Cache stats
   hGETS: 0 # GETS hits
   hGETX: 0 # GETX hits
   mGETS: 250776 # GETS misses
   mGETXIM: 21801 # GETX I->M misses
   mGETXSM: 9 # GETX S->M misses (upgrade misses)
   PUTS: 249683 # Clean evictions (from lower level)
   PUTX: 21735 # Dirty evictions (from lower level)
   INV: 16076 # Invalidates (from upper level)
   INVX: 20 # Downgrades (from upper level)
   FWD: 0 # Forwards (from upper level)
   latGETnl: 71244182 # GET request latency on next level
   latGETnet: 0 # GET request latency on network to next level
  l2-5: # Cache stats
   hGETS: 0 # GETS hits
   hGETX: 0 # GETX hits
   mGETS: 250773 # GETS misses
   mGETXIM: 21797 # GETX I->M misses
   mGETXSM: 7 # GETX S->M misses (upgrade misses)
   PUTS: 249683 # Clean evictions (from lower level)
   PUTX: 21733 # Dirty evictions (from lower level)
   INV: 16072 # Invalidates (from upper level)
   INVX: 15 # Downgrades (from upper level)
   FWD: 0 # Forwards (from upper level)
   latGETnl: 71243765 # GET request latency on next level
   latGETnet: 0 # GET request latency on network to next level
  l2-6: # Cache stats
   hGETS: 0 # GETS hits
   hGETX: 0 # GETX hits
   mGETS: 250766 # GETS misses
   mGETXIM: 21796 # GETX I->M misses
   mGETXSM: 7 # GETX S->M misses (upgrade misses)
   PUTS: 249677 # Clean evictions (from lower level)
   PUTX: 21734 # Dirty evictions (from lower level)
   INV: 18373 # Invalidates (from upper level)
   INVX: 18 # Downgrades (from upper level)
   FWD: 0 # Forwards (from upper level)
   latGETnl: 71241908 # GET request latency on next level
   latGETnet: 0 # GET request latency on network to next level
  l2-7: # Cache stats
   hGETS: 0 # GETS hits
   hGETX: 0 # GETX hits
   mGETS: 250735 # GETS misses
   mGETXIM: 21791 # GETX I->M misses
   mGETXSM: 5 # GETX S->M misses (upgrade misses)
   PUTS: 249672 # Clean evictions (from lower level)
   PUTX: 21734 # Dirty evictions (from lower level)
   INV: 15892 # Invalidates (from upper level)
   INVX: 14 # Downgrades (from upper level)
   FWD: 0 # Forwards (from upper level)
   latGETnl: 71245100 # GET request latency on next level
   latGETnet: 0 # GET request latency on network to next level
  l2-8: # Cache stats
   hGETS: 0 # GETS hits
   hGETX: 0 # GETX hits
   mGETS: 250739 # GETS misses
   mGETXIM: 21792 # GETX I->M misses
   mGETXSM: 4 # GETX S->M misses (upgrade misses)
   PUTS: 249673 # Clean evictions (from lower level)
   PUTX: 21733 # Dirty evictions (from lower level)
   INV: 16105 # Invalidates (from upper level)
   INVX: 11 # Downgrades (from upper level)
   FWD: 0 # Forwards (from upper level)
   latGETnl: 71242534 # GET request latency on next level
   latGETnet: 0 # GET request latency on network to next level
  l2-9: # Cache stats
   hGETS: 0 # GETS hits
   hGETX: 0 # GETX hits
   mGETS: 250741 # GETS misses
   mGETXIM: 21792 # GETX I->M misses
   mGETXSM: 6 # GETX S->M misses (upgrade misses)
   PUTS: 249673 # Clean evictions (from lower level)
   PUTX: 21733 # Dirty evictions (from lower level)
   INV: 18115 # Invalidates (from upper level)
   INVX: 16 # Downgrades (from upper level)
   FWD: 0 # Forwards (from upper level)
   latGETnl: 71245212 # GET request latency on next level
   latGETnet: 0 # GET request latency on network to next level
  l2-10: # Cache stats
   hGETS: 0 # GETS hits
   hGETX: 0 # GETX hits
   mGETS: 250734 # GETS misses
   mGETXIM: 21787 # GETX I->M misses
   mGETXSM: 7 # GETX S->M misses (upgrade misses)
   PUTS: 249669 # Clean evictions (from lower level)
   PUTX: 21733 # Dirty evictions (from lower level)
   INV: 15951 # Invalidates (from upper level)
   INVX: 11 # Downgrades (from upper level)
   FWD: 0 # Forwards (from upper level)
   latGETnl: 71242289 # GET request latency on next level
   latGETnet: 0 # GET request latency on network to next level
  l2-11: # Cache stats
   hGETS: 0 # GETS hits
   hGETX: 0 # GETX hits
   mGETS: 250752 # GETS misses
   mGETXIM: 21807 # GETX I->M misses
   mGETXSM: 9 # GETX S->M misses (upgrade misses)
   PUTS: 249676 # Clean evictions (from lower level)
   PUTX: 21753 # Dirty evictions (from lower level)
   INV: 21850 # Invalidates (from upper level)
   INVX: 21 # Downgrades (from upper level)
   FWD: 0 # Forwards (from upper level)
   latGETnl: 71248002 # GET request latency on next level
   latGETnet: 0 # GET request latency on network to next level
  l2-12: # Cache stats
   hGETS: 0 # GETS hits
   hGETX: 0 # GETX hits
   mGETS: 250744 # GETS misses
   mGETXIM: 21793 # GETX I->M misses
   mGETXSM: 5 # GETX S->M misses (upgrade misses)
   PUTS: 249674 # Clean evictions (from lower level)
   PUTX: 21733 # Dirty evictions (from lower level)
   INV: 15895 # Invalidates (from upper level)
   INVX: 13 # Downgrades (from upper level)
   FWD: 0 # Forwards (from upper level)
   latGETnl: 71241359 # GET request latency on next level
   latGETnet: 0 # GET request latency on network to next level
  l2-13: # Cache stats
   hGETS: 0 # GETS hits
   hGETX: 0 # GETX hits
   mGETS: 250746 # GETS misses
   mGETXIM: 21790 # GETX I->M misses
   mGETXSM: 5 # GETX S->M misses (upgrade misses)
   PUTS: 249676 # Clean evictions (from lower level)
   PUTX: 21732 # Dirty evictions (from lower level)
   INV: 16970 # Invalidates (from upper level)
   INVX: 14 # Downgrades (from upper level)
   FWD: 0 # Forwards (from upper level)
   latGETnl: 71242742 # GET request latency on next level
   latGETnet: 0 # GET request latency on network to next level
  l2-14: # Cache stats
   hGETS: 0 # GETS hits
   hGETX: 0 # GETX hits
   mGETS: 250751 # GETS misses
   mGETXIM: 21786 # GETX I->M misses
   mGETXSM: 6 # GETX S->M misses (upgrade misses)
   PUTS: 249674 # Clean evictions (from lower level)
   PUTX: 21734 # Dirty evictions (from lower level)
   INV: 16021 # Invalidates (from upper level)
   INVX: 2 # Downgrades (from upper level)
   FWD: 0 # Forwards (from upper level)
   latGETnl: 71238415 # GET request latency on next level
   latGETnet: 0 # GET request latency on network to next level
  l2-15: # Cache stats
   hGETS: 0 # GETS hits
   hGETX: 0 # GETX hits
   mGETS: 250745 # GETS misses
   mGETXIM: 21792 # GETX I->M misses
   mGETXSM: 5 # GETX S->M misses (upgrade misses)
   PUTS: 249675 # Clean evictions (from lower level)
   PUTX: 21733 # Dirty evictions (from lower level)
   INV: 17210 # Invalidates (from upper level)
   INVX: 5 # Downgrades (from upper level)
   FWD: 0 # Forwards (from upper level)
   latGETnl: 71239925 # GET request latency on next level
   latGETnet: 0 # GET request latency on network to next level
  l2-16: # Cache stats
   hGETS: 0 # GETS hits
   hGETX: 0 # GETX hits
   mGETS: 250700 # GETS misses
   mGETXIM: 21789 # GETX I->M misses
   mGETXSM: 15 # GETX S->M misses (upgrade misses)
   PUTS: 249557 # Clean evictions (from lower level)
   PUTX: 21741 # Dirty evictions (from lower level)
   INV: 15864 # Invalidates (from upper level)
   INVX: 2 # Downgrades (from upper level)
   FWD: 0 # Forwards (from upper level)
   latGETnl: 71217063 # GET request latency on next level
   latGETnet: 0 # GET request latency on network to next level
  l2-17: # Cache stats
   hGETS: 0 # GETS hits
   hGETX: 0 # GETX hits
   mGETS: 250741 # GETS misses
   mGETXIM: 21785 # GETX I->M misses
   mGETXSM: 6 # GETX S->M misses (upgrade misses)
   PUTS: 249671 # Clean evictions (from lower level)
   PUTX: 21733 # Dirty evictions (from lower level)
   INV: 15932 # Invalidates (from upper level)
   INVX: 3 # Downgrades (from upper level)
   FWD: 0 # Forwards (from upper level)
   latGETnl: 71239105 # GET request latency on next level
   latGETnet: 0 # GET request latency on network to next level
  l2-18: # Cache stats
   hGETS: 0 # GETS hits
   hGETX: 0 # GETX hits
   mGETS: 250744 # GETS misses
   mGETXIM: 21791 # GETX I->M misses
   mGETXSM: 6 # GETX S->M misses (upgrade misses)
   PUTS: 249673 # Clean evictions (from lower level)
   PUTX: 21733 # Dirty evictions (from lower level)
   INV: 18010 # Invalidates (from upper level)
   INVX: 2 # Downgrades (from upper level)
   FWD: 0 # Forwards (from upper level)
   latGETnl: 71237652 # GET request latency on next level
   latGETnet: 0 # GET request latency on network to next level
  l2-19: # Cache stats
   hGETS: 0 # GETS hits
   hGETX: 0 # GETX hits
   mGETS: 250733 # GETS misses
   mGETXIM: 21789 # GETX I->M misses
   mGETXSM: 4 # GETX S->M misses (upgrade misses)
   PUTS: 249673 # Clean evictions (from lower level)
   PUTX: 21732 # Dirty evictions (from lower level)
   INV: 15880 # Invalidates (from upper level)
   INVX: 1 # Downgrades (from upper level)
   FWD: 0 # Forwards (from upper level)
   latGETnl: 71237491 # GET request latency on next level
   latGETnet: 0 # GET request latency on network to next level
  l2-20: # Cache stats
   hGETS: 0 # GETS hits
   hGETX: 0 # GETX hits
   mGETS: 250734 # GETS misses
   mGETXIM: 21791 # GETX I->M misses
   mGETXSM: 5 # GETX S->M misses (upgrade misses)
   PUTS: 249670 # Clean evictions (from lower level)
   PUTX: 21731 # Dirty evictions (from lower level)
   INV: 16086 # Invalidates (from upper level)
   INVX: 2 # Downgrades (from upper level)
   FWD: 0 # Forwards (from upper level)
   latGETnl: 71236092 # GET request latency on next level
   latGETnet: 0 # GET request latency on network to next level
  l2-21: # Cache stats
   hGETS: 0 # GETS hits
   hGETX: 0 # GETX hits
   mGETS: 250727 # GETS misses
   mGETXIM: 21787 # GETX I->M misses
   mGETXSM: 5 # GETX S->M misses (upgrade misses)
   PUTS: 249667 # Clean evictions (from lower level)
   PUTX: 21731 # Dirty evictions (from lower level)
   INV: 21496 # Invalidates (from upper level)
   INVX: 2 # Downgrades (from upper level)
   FWD: 0 # Forwards (from upper level)
   latGETnl: 71235685 # GET request latency on next level
   latGETnet: 0 # GET request latency on network to next level
  l2-22: # Cache stats
   hGETS: 0 # GETS hits
   hGETX: 0 # GETX hits
   mGETS: 250726 # GETS misses
   mGETXIM: 21789 # GETX I->M misses
   mGETXSM: 4 # GETX S->M misses (upgrade misses)
   PUTS: 249667 # Clean evictions (from lower level)
   PUTX: 21733 # Dirty evictions (from lower level)
   INV: 17304 # Invalidates (from upper level)
   INVX: 0 # Downgrades (from upper level)
   FWD: 0 # Forwards (from upper level)
   latGETnl: 71235643 # GET request latency on next level
   latGETnet: 0 # GET request latency on network to next level
  l2-23: # Cache stats
   hGETS: 0 # GETS hits
   hGETX: 0 # GETX hits
   mGETS: 0 # GETS misses
   mGETXIM: 0 # GETX I->M misses
   mGETXSM: 0 # GETX S->M misses (upgrade misses)
   PUTS: 0 # Clean evictions (from lower level)
   PUTX: 0 # Dirty evictions (from lower level)
   INV: 0 # Invalidates (from upper level)
   INVX: 0 # Downgrades (from upper level)
   FWD: 0 # Forwards (from upper level)
   latGETnl: 0 # GET request latency on next level
   latGETnet: 0 # GET request latency on network to next level
 l3: # Cache stats
  l3-0b0: # Cache stats
   hGETS: 355 # GETS hits
   hGETX: 43 # GETX hits
   mGETS: 239668 # GETS misses
   mGETXIM: 20806 # GETX I->M misses
   mGETXSM: 0 # GETX S->M misses (upgrade misses)
   PUTS: 211232 # Clean evictions (from lower level)
   PUTX: 18438 # Dirty evictions (from lower level)
   INV: 0 # Invalidates (from upper level)
   INVX: 0 # Downgrades (from upper level)
   FWD: 0 # Forwards (from upper level)
   latGETnl: 58606650 # GET request latency on next level
   latGETnet: 0 # GET request latency on network to next level
  l3-0b1: # Cache stats
   hGETS: 313 # GETS hits
   hGETX: 12 # GETX hits
   mGETS: 239670 # GETS misses
   mGETXIM: 20823 # GETX I->M misses
   mGETXSM: 0 # GETX S->M misses (upgrade misses)
   PUTS: 211141 # Clean evictions (from lower level)
   PUTX: 18475 # Dirty evictions (from lower level)
   INV: 0 # Invalidates (from upper level)
   INVX: 0 # Downgrades (from upper level)
   FWD: 0 # Forwards (from upper level)
   latGETnl: 58610925 # GET request latency on next level
   latGETnet: 0 # GET request latency on network to next level
  l3-0b2: # Cache stats
   hGETS: 540 # GETS hits
   hGETX: 1 # GETX hits
   mGETS: 239652 # GETS misses
   mGETXIM: 20828 # GETX I->M misses
   mGETXSM: 0 # GETX S->M misses (upgrade misses)
   PUTS: 211153 # Clean evictions (from lower level)
   PUTX: 18420 # Dirty evictions (from lower level)
   INV: 0 # Invalidates (from upper level)
   INVX: 0 # Downgrades (from upper level)
   FWD: 0 # Forwards (from upper level)
   latGETnl: 58608000 # GET request latency on next level
   latGETnet: 0 # GET request latency on network to next level
  l3-0b3: # Cache stats
   hGETS: 713 # GETS hits
   hGETX: 11 # GETX hits
   mGETS: 239668 # GETS misses
   mGETXIM: 20817 # GETX I->M misses
   mGETXSM: 0 # GETX S->M misses (upgrade misses)
   PUTS: 211515 # Clean evictions (from lower level)
   PUTX: 18404 # Dirty evictions (from lower level)
   INV: 0 # Invalidates (from upper level)
   INVX: 0 # Downgrades (from upper level)
   FWD: 0 # Forwards (from upper level)
   latGETnl: 58609125 # GET request latency on next level
   latGETnet: 0 # GET request latency on network to next level
  l3-0b4: # Cache stats
   hGETS: 666 # GETS hits
   hGETX: 57 # GETX hits
   mGETS: 239674 # GETS misses
   mGETXIM: 20788 # GETX I->M misses
   mGETXSM: 0 # GETX S->M misses (upgrade misses)
   PUTS: 211342 # Clean evictions (from lower level)
   PUTX: 18497 # Dirty evictions (from lower level)
   INV: 0 # Invalidates (from upper level)
   INVX: 0 # Downgrades (from upper level)
   FWD: 0 # Forwards (from upper level)
   latGETnl: 58603950 # GET request latency on next level
   latGETnet: 0 # GET request latency on network to next level
  l3-0b5: # Cache stats
   hGETS: 717 # GETS hits
   hGETX: 58 # GETX hits
   mGETS: 239669 # GETS misses
   mGETXIM: 20824 # GETX I->M misses
   mGETXSM: 0 # GETX S->M misses (upgrade misses)
   PUTS: 211469 # Clean evictions (from lower level)
   PUTX: 18423 # Dirty evictions (from lower level)
   INV: 0 # Invalidates (from upper level)
   INVX: 0 # Downgrades (from upper level)
   FWD: 0 # Forwards (from upper level)
   latGETnl: 58610925 # GET request latency on next level
   latGETnet: 0 # GET request latency on network to next level
  l3-0b6: # Cache stats
   hGETS: 544 # GETS hits
   hGETX: 75 # GETX hits
   mGETS: 239673 # GETS misses
   mGETXIM: 20826 # GETX I->M misses
   mGETXSM: 0 # GETX S->M misses (upgrade misses)
   PUTS: 211306 # Clean evictions (from lower level)
   PUTX: 18505 # Dirty evictions (from lower level)
   INV: 0 # Invalidates (from upper level)
   INVX: 0 # Downgrades (from upper level)
   FWD: 0 # Forwards (from upper level)
   latGETnl: 58612275 # GET request latency on next level
   latGETnet: 0 # GET request latency on network to next level
  l3-0b7: # Cache stats
   hGETS: 926 # GETS hits
   hGETX: 94 # GETX hits
   mGETS: 239685 # GETS misses
   mGETXIM: 20829 # GETX I->M misses
   mGETXSM: 0 # GETX S->M misses (upgrade misses)
   PUTS: 211711 # Clean evictions (from lower level)
   PUTX: 18491 # Dirty evictions (from lower level)
   INV: 0 # Invalidates (from upper level)
   INVX: 0 # Downgrades (from upper level)
   FWD: 0 # Forwards (from upper level)
   latGETnl: 58615650 # GET request latency on next level
   latGETnet: 0 # GET request latency on network to next level
  l3-0b8: # Cache stats
   hGETS: 602 # GETS hits
   hGETX: 66 # GETX hits
   mGETS: 239666 # GETS misses
   mGETXIM: 20896 # GETX I->M misses
   mGETXSM: 0 # GETX S->M misses (upgrade misses)
   PUTS: 211276 # Clean evictions (from lower level)
   PUTX: 18433 # Dirty evictions (from lower level)
   INV: 0 # Invalidates (from upper level)
   INVX: 0 # Downgrades (from upper level)
   FWD: 0 # Forwards (from upper level)
   latGETnl: 58626450 # GET request latency on next level
   latGETnet: 0 # GET request latency on network to next level
  l3-0b9: # Cache stats
   hGETS: 648 # GETS hits
   hGETX: 54 # GETX hits
   mGETS: 239660 # GETS misses
   mGETXIM: 20898 # GETX I->M misses
   mGETXSM: 0 # GETX S->M misses (upgrade misses)
   PUTS: 211407 # Clean evictions (from lower level)
   PUTX: 18559 # Dirty evictions (from lower level)
   INV: 0 # Invalidates (from upper level)
   INVX: 0 # Downgrades (from upper level)
   FWD: 0 # Forwards (from upper level)
   latGETnl: 58625550 # GET request latency on next level
   latGETnet: 0 # GET request latency on network to next level
  l3-0b10: # Cache stats
   hGETS: 1053 # GETS hits
   hGETX: 41 # GETX hits
   mGETS: 239662 # GETS misses
   mGETXIM: 20899 # GETX I->M misses
   mGETXSM: 0 # GETX S->M misses (upgrade misses)
   PUTS: 211702 # Clean evictions (from lower level)
   PUTX: 18596 # Dirty evictions (from lower level)
   INV: 0 # Invalidates (from upper level)
   INVX: 0 # Downgrades (from upper level)
   FWD: 0 # Forwards (from upper level)
   latGETnl: 58626225 # GET request latency on next level
   latGETnet: 0 # GET request latency on network to next level
  l3-0b11: # Cache stats
   hGETS: 681 # GETS hits
   hGETX: 51 # GETX hits
   mGETS: 239671 # GETS misses
   mGETXIM: 20891 # GETX I->M misses
   mGETXSM: 0 # GETX S->M misses (upgrade misses)
   PUTS: 211458 # Clean evictions (from lower level)
   PUTX: 18526 # Dirty evictions (from lower level)
   INV: 0 # Invalidates (from upper level)
   INVX: 0 # Downgrades (from upper level)
   FWD: 0 # Forwards (from upper level)
   latGETnl: 58626450 # GET request latency on next level
   latGETnet: 0 # GET request latency on network to next level
  l3-0b12: # Cache stats
   hGETS: 1069 # GETS hits
   hGETX: 24 # GETX hits
   mGETS: 239658 # GETS misses
   mGETXIM: 20879 # GETX I->M misses
   mGETXSM: 0 # GETX S->M misses (upgrade misses)
   PUTS: 211824 # Clean evictions (from lower level)
   PUTX: 18482 # Dirty evictions (from lower level)
   INV: 0 # Invalidates (from upper level)
   INVX: 0 # Downgrades (from upper level)
   FWD: 0 # Forwards (from upper level)
   latGETnl: 58620825 # GET request latency on next level
   latGETnet: 0 # GET request latency on network to next level
  l3-0b13: # Cache stats
   hGETS: 1038 # GETS hits
   hGETX: 8 # GETX hits
   mGETS: 239657 # GETS misses
   mGETXIM: 20889 # GETX I->M misses
   mGETXSM: 0 # GETX S->M misses (upgrade misses)
   PUTS: 211690 # Clean evictions (from lower level)
   PUTX: 18477 # Dirty evictions (from lower level)
   INV: 0 # Invalidates (from upper level)
   INVX: 0 # Downgrades (from upper level)
   FWD: 0 # Forwards (from upper level)
   latGETnl: 58622850 # GET request latency on next level
   latGETnet: 0 # GET request latency on network to next level
  l3-0b14: # Cache stats
   hGETS: 1118 # GETS hits
   hGETX: 12 # GETX hits
   mGETS: 239670 # GETS misses
   mGETXIM: 20885 # GETX I->M misses
   mGETXSM: 0 # GETX S->M misses (upgrade misses)
   PUTS: 211920 # Clean evictions (from lower level)
   PUTX: 18455 # Dirty evictions (from lower level)
   INV: 0 # Invalidates (from upper level)
   INVX: 0 # Downgrades (from upper level)
   FWD: 0 # Forwards (from upper level)
   latGETnl: 58624875 # GET request latency on next level
   latGETnet: 0 # GET request latency on network to next level
  l3-0b15: # Cache stats
   hGETS: 1063 # GETS hits
   hGETX: 24 # GETX hits
   mGETS: 239662 # GETS misses
   mGETXIM: 20868 # GETX I->M misses
   mGETXSM: 0 # GETX S->M misses (upgrade misses)
   PUTS: 211867 # Clean evictions (from lower level)
   PUTX: 18489 # Dirty evictions (from lower level)
   INV: 0 # Invalidates (from upper level)
   INVX: 0 # Downgrades (from upper level)
   FWD: 0 # Forwards (from upper level)
   latGETnl: 58619250 # GET request latency on next level
   latGETnet: 0 # GET request latency on network to next level
  l3-0b16: # Cache stats
   hGETS: 776 # GETS hits
   hGETX: 17 # GETX hits
   mGETS: 239581 # GETS misses
   mGETXIM: 20876 # GETX I->M misses
   mGETXSM: 0 # GETX S->M misses (upgrade misses)
   PUTS: 211436 # Clean evictions (from lower level)
   PUTX: 18608 # Dirty evictions (from lower level)
   INV: 0 # Invalidates (from upper level)
   INVX: 0 # Downgrades (from upper level)
   FWD: 0 # Forwards (from upper level)
   latGETnl: 58602825 # GET request latency on next level
   latGETnet: 0 # GET request latency on network to next level
  l3-0b17: # Cache stats
   hGETS: 765 # GETS hits
   hGETX: 13 # GETX hits
   mGETS: 239580 # GETS misses
   mGETXIM: 20858 # GETX I->M misses
   mGETXSM: 0 # GETX S->M misses (upgrade misses)
   PUTS: 211372 # Clean evictions (from lower level)
   PUTX: 18498 # Dirty evictions (from lower level)
   INV: 0 # Invalidates (from upper level)
   INVX: 0 # Downgrades (from upper level)
   FWD: 0 # Forwards (from upper level)
   latGETnl: 58598550 # GET request latency on next level
   latGETnet: 0 # GET request latency on network to next level
  l3-0b18: # Cache stats
   hGETS: 683 # GETS hits
   hGETX: 38 # GETX hits
   mGETS: 239579 # GETS misses
   mGETXIM: 20862 # GETX I->M misses
   mGETXSM: 0 # GETX S->M misses (upgrade misses)
   PUTS: 211528 # Clean evictions (from lower level)
   PUTX: 18545 # Dirty evictions (from lower level)
   INV: 0 # Invalidates (from upper level)
   INVX: 0 # Downgrades (from upper level)
   FWD: 0 # Forwards (from upper level)
   latGETnl: 58599225 # GET request latency on next level
   latGETnet: 0 # GET request latency on network to next level
  l3-0b19: # Cache stats
   hGETS: 641 # GETS hits
   hGETX: 71 # GETX hits
   mGETS: 239576 # GETS misses
   mGETXIM: 20864 # GETX I->M misses
   mGETXSM: 0 # GETX S->M misses (upgrade misses)
   PUTS: 211231 # Clean evictions (from lower level)
   PUTX: 18593 # Dirty evictions (from lower level)
   INV: 0 # Invalidates (from upper level)
   INVX: 0 # Downgrades (from upper level)
   FWD: 0 # Forwards (from upper level)
   latGETnl: 58599000 # GET request latency on next level
   latGETnet: 0 # GET request latency on network to next level
  l3-0b20: # Cache stats
   hGETS: 236 # GETS hits
   hGETX: 0 # GETX hits
   mGETS: 239559 # GETS misses
   mGETXIM: 20901 # GETX I->M misses
   mGETXSM: 0 # GETX S->M misses (upgrade misses)
   PUTS: 210920 # Clean evictions (from lower level)
   PUTX: 18576 # Dirty evictions (from lower level)
   INV: 0 # Invalidates (from upper level)
   INVX: 0 # Downgrades (from upper level)
   FWD: 0 # Forwards (from upper level)
   latGETnl: 58603500 # GET request latency on next level
   latGETnet: 0 # GET request latency on network to next level
  l3-0b21: # Cache stats
   hGETS: 262 # GETS hits
   hGETX: 5 # GETX hits
   mGETS: 239563 # GETS misses
   mGETXIM: 20868 # GETX I->M misses
   mGETXSM: 0 # GETX S->M misses (upgrade misses)
   PUTS: 211030 # Clean evictions (from lower level)
   PUTX: 18592 # Dirty evictions (from lower level)
   INV: 0 # Invalidates (from upper level)
   INVX: 0 # Downgrades (from upper level)
   FWD: 0 # Forwards (from upper level)
   latGETnl: 58596975 # GET request latency on next level
   latGETnet: 0 # GET request latency on network to next level
  l3-0b22: # Cache stats
   hGETS: 382 # GETS hits
   hGETX: 0 # GETX hits
   mGETS: 239566 # GETS misses
   mGETXIM: 20878 # GETX I->M misses
   mGETXSM: 0 # GETX S->M misses (upgrade misses)
   PUTS: 210967 # Clean evictions (from lower level)
   PUTX: 18554 # Dirty evictions (from lower level)
   INV: 0 # Invalidates (from upper level)
   INVX: 0 # Downgrades (from upper level)
   FWD: 0 # Forwards (from upper level)
   latGETnl: 58599900 # GET request latency on next level
   latGETnet: 0 # GET request latency on network to next level
  l3-0b23: # Cache stats
   hGETS: 316 # GETS hits
   hGETX: 6 # GETX hits
   mGETS: 239573 # GETS misses
   mGETXIM: 20874 # GETX I->M misses
   mGETXSM: 0 # GETX S->M misses (upgrade misses)
   PUTS: 210915 # Clean evictions (from lower level)
   PUTX: 18517 # Dirty evictions (from lower level)
   INV: 0 # Invalidates (from upper level)
   INVX: 0 # Downgrades (from upper level)
   FWD: 0 # Forwards (from upper level)
   latGETnl: 58600575 # GET request latency on next level
   latGETnet: 0 # GET request latency on network to next level
 mem: # Memory controller stats
  mem-0: # Memory controller stats
   rd: 6236093 # Read requests
   wr: 457790 # Write requests
   rdlat: 1556626365 # Total latency experienced by read requests
   wrlat: 115345077 # Total latency experienced by write requests
 sched: # Scheduler stats
  thCr: 25 # Threads created
  thFn: 25 # Threads finished
  schedEvs: 26 # Schedule events
  waitEvs: 2 # Wait events
  handoffEvs: 1 # Handoff events
  sleepEvs: 1 # Sleep events
  idlePhases: 0 # Phases with no thread active
  idlePeriods: 0 # Periods with no thread active
  occHist: # Occupancy histogram
   0: 0
   1: 36
   2: 0
   3: 2
   4: 2
   5: 1
   6: 1
   7: 0
   8: 1
   9: 0
   10: 0
   11: 0
   12: 1
   13: 0
   14: 1
   15: 0
   16: 0
   17: 1
   18: 0
   19: 0
   20: 1
   21: 0
   22: 1
   23: 34794
   24: 0
  rqSzHist: # Run queue size histogram
   0: 34812
   1: 30
   2: 0
   3: 0
   4: 0
   5: 0
   6: 0
   7: 0
   8: 0
   9: 0
   10: 0
   11: 0
   12: 0
   13: 0
   14: 0
   15: 0
   16: 0
   17: 0
   18: 0
   19: 0
   20: 0
   21: 0
   22: 0
   23: 0
   24: 0
 procCycles: # Per-process unhalted core cycles
  0: 800418117
  1: 0
  2: 0
  3: 0
  4: 0
  5: 0
  6: 0
  7: 0
  8: 0
  9: 0
  10: 0
  11: 0
  12: 0
  13: 0
  14: 0
  15: 0
  16: 0
  17: 0
  18: 0
  19: 0
  20: 0
  21: 0
  22: 0
  23: 0
  24: 0
  25: 0
  26: 0
  27: 0
  28: 0
  29: 0
  30: 0
  31: 0
  32: 0
  33: 0
  34: 0
  35: 0
  36: 0
  37: 0
  38: 0
  39: 0
  40: 0
  41: 0
  42: 0
  43: 0
  44: 0
  45: 0
  46: 0
  47: 0
  48: 0
  49: 0
  50: 0
  51: 0
  52: 0
  53: 0
  54: 0
  55: 0
  56: 0
  57: 0
  58: 0
  59: 0
  60: 0
  61: 0
  62: 0
  63: 0
 procInstrs: # Per-process instructions
  0: 1064829121
  1: 0
  2: 0
  3: 0
  4: 0
  5: 0
  6: 0
  7: 0
  8: 0
  9: 0
  10: 0
  11: 0
  12: 0
  13: 0
  14: 0
  15: 0
  16: 0
  17: 0
  18: 0
  19: 0
  20: 0
  21: 0
  22: 0
  23: 0
  24: 0
  25: 0
  26: 0
  27: 0
  28: 0
  29: 0
  30: 0
  31: 0
  32: 0
  33: 0
  34: 0
  35: 0
  36: 0
  37: 0
  38: 0
  39: 0
  40: 0
  41: 0
  42: 0
  43: 0
  44: 0
  45: 0
  46: 0
  47: 0
  48: 0
  49: 0
  50: 0
  51: 0
  52: 0
  53: 0
  54: 0
  55: 0
  56: 0
  57: 0
  58: 0
  59: 0
  60: 0
  61: 0
  62: 0
  63: 0
 heartbeats: # Per-process heartbeats
  0: 0
  1: 0
  2: 0
  3: 0
  4: 0
  5: 0
  6: 0
  7: 0
  8: 0
  9: 0
  10: 0
  11: 0
  12: 0
  13: 0
  14: 0
  15: 0
  16: 0
  17: 0
  18: 0
  19: 0
  20: 0
  21: 0
  22: 0
  23: 0
  24: 0
  25: 0
  26: 0
  27: 0
  28: 0
  29: 0
  30: 0
  31: 0
  32: 0
  33: 0
  34: 0
  35: 0
  36: 0
  37: 0
  38: 0
  39: 0
  40: 0
  41: 0
  42: 0
  43: 0
  44: 0
  45: 0
  46: 0
  47: 0
  48: 0
  49: 0
  50: 0
  51: 0
  52: 0
  53: 0
  54: 0
  55: 0
  56: 0
  57: 0
  58: 0
  59: 0
  60: 0
  61: 0
  62: 0
  63: 0
===
