# zsim stats
===
root: # Stats
 contention: # Contention simulation stats
  domain-0: # Domain stats
   time: 7010866227 # Weave simulation time
 time: # Simulator time breakdown
  init: 3141707807
  bound: 64692723416
  weave: 8698952091
  ff: 444850
 trigger: 20000 # Reason for this stats dump
 phase: 32504 # Simulated phases
 reqCycles: 0 # Requeue Cycles
 skylake: # Core stats
  skylake-0: # Core stats
   cycles: 32505512 # Simulated unhalted cycles
   cCycles: 24728947 # Cycles due to contention stalls
   instrs: 6385718 # Simulated instructions
   uops: 5386004 # issued micro-ops
   bbls: 1745338 # Basic blocks
   approxInstrs: 664809 # Instrs with approx uop decoding
   mispredBranches: 96766 # Mispredicted branches
   IdqNotDelivered: 4857766 # Stalls no uop delivered when no Bkend Stall
   IntMiscRecoveryCycles: 787370 # Stalls waiting machine clears
   uops executed: 5646991 # Executed microoperations
  skylake-1: # Core stats
   cycles: 32468963 # Simulated unhalted cycles
   cCycles: 24732864 # Cycles due to contention stalls
   instrs: 6380925 # Simulated instructions
   uops: 5381633 # issued micro-ops
   bbls: 1744126 # Basic blocks
   approxInstrs: 664435 # Instrs with approx uop decoding
   mispredBranches: 96673 # Mispredicted branches
   IdqNotDelivered: 4816370 # Stalls no uop delivered when no Bkend Stall
   IntMiscRecoveryCycles: 777054 # Stalls waiting machine clears
   uops executed: 5642524 # Executed microoperations
  skylake-2: # Core stats
   cycles: 32467383 # Simulated unhalted cycles
   cCycles: 24734162 # Cycles due to contention stalls
   instrs: 6378689 # Simulated instructions
   uops: 5379588 # issued micro-ops
   bbls: 1743558 # Basic blocks
   approxInstrs: 664245 # Instrs with approx uop decoding
   mispredBranches: 96652 # Mispredicted branches
   IdqNotDelivered: 4814080 # Stalls no uop delivered when no Bkend Stall
   IntMiscRecoveryCycles: 779577 # Stalls waiting machine clears
   uops executed: 5640407 # Executed microoperations
  skylake-3: # Core stats
   cycles: 32466964 # Simulated unhalted cycles
   cCycles: 24731600 # Cycles due to contention stalls
   instrs: 6383660 # Simulated instructions
   uops: 5383863 # issued micro-ops
   bbls: 1744891 # Basic blocks
   approxInstrs: 664736 # Instrs with approx uop decoding
   mispredBranches: 96718 # Mispredicted branches
   IdqNotDelivered: 4814486 # Stalls no uop delivered when no Bkend Stall
   IntMiscRecoveryCycles: 778927 # Stalls waiting machine clears
   uops executed: 5644874 # Executed microoperations
  skylake-4: # Core stats
   cycles: 32464959 # Simulated unhalted cycles
   cCycles: 24732449 # Cycles due to contention stalls
   instrs: 6382237 # Simulated instructions
   uops: 5382671 # issued micro-ops
   bbls: 1744500 # Basic blocks
   approxInstrs: 664591 # Instrs with approx uop decoding
   mispredBranches: 96697 # Mispredicted branches
   IdqNotDelivered: 4811392 # Stalls no uop delivered when no Bkend Stall
   IntMiscRecoveryCycles: 778003 # Stalls waiting machine clears
   uops executed: 5643605 # Executed microoperations
  skylake-5: # Core stats
   cycles: 32463959 # Simulated unhalted cycles
   cCycles: 24733516 # Cycles due to contention stalls
   instrs: 6378817 # Simulated instructions
   uops: 5379784 # issued micro-ops
   bbls: 1743566 # Basic blocks
   approxInstrs: 664233 # Instrs with approx uop decoding
   mispredBranches: 96645 # Mispredicted branches
   IdqNotDelivered: 4811731 # Stalls no uop delivered when no Bkend Stall
   IntMiscRecoveryCycles: 777463 # Stalls waiting machine clears
   uops executed: 5640577 # Executed microoperations
  skylake-6: # Core stats
   cycles: 32462963 # Simulated unhalted cycles
   cCycles: 24732812 # Cycles due to contention stalls
   instrs: 6380989 # Simulated instructions
   uops: 5381396 # issued micro-ops
   bbls: 1744198 # Basic blocks
   approxInstrs: 664524 # Instrs with approx uop decoding
   mispredBranches: 96682 # Mispredicted branches
   IdqNotDelivered: 4809114 # Stalls no uop delivered when no Bkend Stall
   IntMiscRecoveryCycles: 779495 # Stalls waiting machine clears
   uops executed: 5642307 # Executed microoperations
  skylake-7: # Core stats
   cycles: 32462962 # Simulated unhalted cycles
   cCycles: 24733296 # Cycles due to contention stalls
   instrs: 6379421 # Simulated instructions
   uops: 5380287 # issued micro-ops
   bbls: 1743733 # Basic blocks
   approxInstrs: 664296 # Instrs with approx uop decoding
   mispredBranches: 96656 # Mispredicted branches
   IdqNotDelivered: 4809823 # Stalls no uop delivered when no Bkend Stall
   IntMiscRecoveryCycles: 777428 # Stalls waiting machine clears
   uops executed: 5641099 # Executed microoperations
  skylake-8: # Core stats
   cycles: 32461960 # Simulated unhalted cycles
   cCycles: 24733773 # Cycles due to contention stalls
   instrs: 6379116 # Simulated instructions
   uops: 5379814 # issued micro-ops
   bbls: 1743686 # Basic blocks
   approxInstrs: 664325 # Instrs with approx uop decoding
   mispredBranches: 96653 # Mispredicted branches
   IdqNotDelivered: 4809325 # Stalls no uop delivered when no Bkend Stall
   IntMiscRecoveryCycles: 778609 # Stalls waiting machine clears
   uops executed: 5640650 # Executed microoperations
  skylake-9: # Core stats
   cycles: 32461745 # Simulated unhalted cycles
   cCycles: 24733006 # Cycles due to contention stalls
   instrs: 6381236 # Simulated instructions
   uops: 5381600 # issued micro-ops
   bbls: 1744266 # Basic blocks
   approxInstrs: 664545 # Instrs with approx uop decoding
   mispredBranches: 96685 # Mispredicted branches
   IdqNotDelivered: 4812256 # Stalls no uop delivered when no Bkend Stall
   IntMiscRecoveryCycles: 779396 # Stalls waiting machine clears
   uops executed: 5642522 # Executed microoperations
  skylake-10: # Core stats
   cycles: 32461746 # Simulated unhalted cycles
   cCycles: 24731299 # Cycles due to contention stalls
   instrs: 6381592 # Simulated instructions
   uops: 5381906 # issued micro-ops
   bbls: 1744362 # Basic blocks
   approxInstrs: 664585 # Instrs with approx uop decoding
   mispredBranches: 96691 # Mispredicted branches
   IdqNotDelivered: 4811975 # Stalls no uop delivered when no Bkend Stall
   IntMiscRecoveryCycles: 778720 # Stalls waiting machine clears
   uops executed: 5642844 # Executed microoperations
  skylake-11: # Core stats
   cycles: 32461749 # Simulated unhalted cycles
   cCycles: 24733742 # Cycles due to contention stalls
   instrs: 6379097 # Simulated instructions
   uops: 5379960 # issued micro-ops
   bbls: 1743574 # Basic blocks
   approxInstrs: 664238 # Instrs with approx uop decoding
   mispredBranches: 96648 # Mispredicted branches
   IdqNotDelivered: 4806913 # Stalls no uop delivered when no Bkend Stall
   IntMiscRecoveryCycles: 779160 # Stalls waiting machine clears
   uops executed: 5640793 # Executed microoperations
  skylake-12: # Core stats
   cycles: 32459787 # Simulated unhalted cycles
   cCycles: 24736220 # Cycles due to contention stalls
   instrs: 6377324 # Simulated instructions
   uops: 5378303 # issued micro-ops
   bbls: 1743196 # Basic blocks
   approxInstrs: 664138 # Instrs with approx uop decoding
   mispredBranches: 96626 # Mispredicted branches
   IdqNotDelivered: 4807264 # Stalls no uop delivered when no Bkend Stall
   IntMiscRecoveryCycles: 777804 # Stalls waiting machine clears
   uops executed: 5639065 # Executed microoperations
  skylake-13: # Core stats
   cycles: 32459786 # Simulated unhalted cycles
   cCycles: 24734201 # Cycles due to contention stalls
   instrs: 6378396 # Simulated instructions
   uops: 5379204 # issued micro-ops
   bbls: 1743490 # Basic blocks
   approxInstrs: 664248 # Instrs with approx uop decoding
   mispredBranches: 96642 # Mispredicted branches
   IdqNotDelivered: 4807842 # Stalls no uop delivered when no Bkend Stall
   IntMiscRecoveryCycles: 778163 # Stalls waiting machine clears
   uops executed: 5640009 # Executed microoperations
  skylake-14: # Core stats
   cycles: 32458790 # Simulated unhalted cycles
   cCycles: 24732666 # Cycles due to contention stalls
   instrs: 6380831 # Simulated instructions
   uops: 5381265 # issued micro-ops
   bbls: 1744155 # Basic blocks
   approxInstrs: 664504 # Instrs with approx uop decoding
   mispredBranches: 96677 # Mispredicted branches
   IdqNotDelivered: 4808309 # Stalls no uop delivered when no Bkend Stall
   IntMiscRecoveryCycles: 777862 # Stalls waiting machine clears
   uops executed: 5642188 # Executed microoperations
  skylake-15: # Core stats
   cycles: 32459752 # Simulated unhalted cycles
   cCycles: 24730852 # Cycles due to contention stalls
   instrs: 6383029 # Simulated instructions
   uops: 5383113 # issued micro-ops
   bbls: 1744757 # Basic blocks
   approxInstrs: 664731 # Instrs with approx uop decoding
   mispredBranches: 96713 # Mispredicted branches
   IdqNotDelivered: 4811931 # Stalls no uop delivered when no Bkend Stall
   IntMiscRecoveryCycles: 778528 # Stalls waiting machine clears
   uops executed: 5644106 # Executed microoperations
  skylake-16: # Core stats
   cycles: 32459744 # Simulated unhalted cycles
   cCycles: 24729751 # Cycles due to contention stalls
   instrs: 6369019 # Simulated instructions
   uops: 5372266 # issued micro-ops
   bbls: 1740558 # Basic blocks
   approxInstrs: 662607 # Instrs with approx uop decoding
   mispredBranches: 96503 # Mispredicted branches
   IdqNotDelivered: 4813612 # Stalls no uop delivered when no Bkend Stall
   IntMiscRecoveryCycles: 779956 # Stalls waiting machine clears
   uops executed: 5632603 # Executed microoperations
  skylake-17: # Core stats
   cycles: 32459745 # Simulated unhalted cycles
   cCycles: 24730431 # Cycles due to contention stalls
   instrs: 6382641 # Simulated instructions
   uops: 5382788 # issued micro-ops
   bbls: 1744650 # Basic blocks
   approxInstrs: 664695 # Instrs with approx uop decoding
   mispredBranches: 96707 # Mispredicted branches
   IdqNotDelivered: 4811967 # Stalls no uop delivered when no Bkend Stall
   IntMiscRecoveryCycles: 778720 # Stalls waiting machine clears
   uops executed: 5643766 # Executed microoperations
  skylake-18: # Core stats
   cycles: 32457797 # Simulated unhalted cycles
   cCycles: 24734142 # Cycles due to contention stalls
   instrs: 6379402 # Simulated instructions
   uops: 5380058 # issued micro-ops
   bbls: 1743766 # Basic blocks
   approxInstrs: 664353 # Instrs with approx uop decoding
   mispredBranches: 96656 # Mispredicted branches
   IdqNotDelivered: 4802447 # Stalls no uop delivered when no Bkend Stall
   IntMiscRecoveryCycles: 777684 # Stalls waiting machine clears
   uops executed: 5640919 # Executed microoperations
  skylake-19: # Core stats
   cycles: 32458959 # Simulated unhalted cycles
   cCycles: 24733065 # Cycles due to contention stalls
   instrs: 6379559 # Simulated instructions
   uops: 5380173 # issued micro-ops
   bbls: 1743808 # Basic blocks
   approxInstrs: 664371 # Instrs with approx uop decoding
   mispredBranches: 96654 # Mispredicted branches
   IdqNotDelivered: 4805913 # Stalls no uop delivered when no Bkend Stall
   IntMiscRecoveryCycles: 777492 # Stalls waiting machine clears
   uops executed: 5641061 # Executed microoperations
  skylake-20: # Core stats
   cycles: 32458752 # Simulated unhalted cycles
   cCycles: 24734964 # Cycles due to contention stalls
   instrs: 6378603 # Simulated instructions
   uops: 5379381 # issued micro-ops
   bbls: 1743547 # Basic blocks
   approxInstrs: 664270 # Instrs with approx uop decoding
   mispredBranches: 96646 # Mispredicted branches
   IdqNotDelivered: 4804377 # Stalls no uop delivered when no Bkend Stall
   IntMiscRecoveryCycles: 777880 # Stalls waiting machine clears
   uops executed: 5640193 # Executed microoperations
  skylake-21: # Core stats
   cycles: 32456796 # Simulated unhalted cycles
   cCycles: 24733777 # Cycles due to contention stalls
   instrs: 6376753 # Simulated instructions
   uops: 5377821 # issued micro-ops
   bbls: 1743041 # Basic blocks
   approxInstrs: 664078 # Instrs with approx uop decoding
   mispredBranches: 96616 # Mispredicted branches
   IdqNotDelivered: 4804946 # Stalls no uop delivered when no Bkend Stall
   IntMiscRecoveryCycles: 777290 # Stalls waiting machine clears
   uops executed: 5638564 # Executed microoperations
  skylake-22: # Core stats
   cycles: 32457752 # Simulated unhalted cycles
   cCycles: 24730927 # Cycles due to contention stalls
   instrs: 6380717 # Simulated instructions
   uops: 5381163 # issued micro-ops
   bbls: 1744125 # Basic blocks
   approxInstrs: 664490 # Instrs with approx uop decoding
   mispredBranches: 96678 # Mispredicted branches
   IdqNotDelivered: 4808728 # Stalls no uop delivered when no Bkend Stall
   IntMiscRecoveryCycles: 778162 # Stalls waiting machine clears
   uops executed: 5642061 # Executed microoperations
  skylake-23: # Core stats
   cycles: 0 # Simulated unhalted cycles
   cCycles: 0 # Cycles due to contention stalls
   instrs: 0 # Simulated instructions
   uops: 0 # issued micro-ops
   bbls: 0 # Basic blocks
   approxInstrs: 0 # Instrs with approx uop decoding
   mispredBranches: 0 # Mispredicted branches
   IdqNotDelivered: 0 # Stalls no uop delivered when no Bkend Stall
   IntMiscRecoveryCycles: 0 # Stalls waiting machine clears
   uops executed: 0 # Executed microoperations
 l1d: # Cache stats
  l1d-0: # Filter cache stats
   fhGETS: 822530 # Filtered GETS hits
   fhGETX: 408944 # Filtered GETX hits
   hGETS: 8299 # GETS hits
   hGETX: 12140 # GETX hits
   mGETS: 250246 # GETS misses
   mGETXIM: 34187 # GETX I->M misses
   mGETXSM: 6 # GETX S->M misses (upgrade misses)
   PUTS: 0 # Clean evictions (from lower level)
   PUTX: 0 # Dirty evictions (from lower level)
   INV: 89 # Invalidates (from upper level)
   INVX: 78 # Downgrades (from upper level)
   FWD: 0 # Forwards (from upper level)
   latGETnl: 77332939 # GET request latency on next level
   latGETnet: 0 # GET request latency on network to next level
  l1d-1: # Filter cache stats
   fhGETS: 821801 # Filtered GETS hits
   fhGETX: 408542 # Filtered GETX hits
   hGETS: 8213 # GETS hits
   hGETX: 12100 # GETX hits
   mGETS: 250060 # GETS misses
   mGETXIM: 34136 # GETX I->M misses
   mGETXSM: 8 # GETX S->M misses (upgrade misses)
   PUTS: 0 # Clean evictions (from lower level)
   PUTX: 0 # Dirty evictions (from lower level)
   INV: 74 # Invalidates (from upper level)
   INVX: 25 # Downgrades (from upper level)
   FWD: 0 # Forwards (from upper level)
   latGETnl: 77260314 # GET request latency on next level
   latGETnet: 0 # GET request latency on network to next level
  l1d-2: # Filter cache stats
   fhGETS: 821454 # Filtered GETS hits
   fhGETX: 408362 # Filtered GETX hits
   hGETS: 8184 # GETS hits
   hGETX: 12082 # GETX hits
   mGETS: 249984 # GETS misses
   mGETXIM: 34118 # GETX I->M misses
   mGETXSM: 6 # GETX S->M misses (upgrade misses)
   PUTS: 0 # Clean evictions (from lower level)
   PUTX: 0 # Dirty evictions (from lower level)
   INV: 54 # Invalidates (from upper level)
   INVX: 3 # Downgrades (from upper level)
   FWD: 0 # Forwards (from upper level)
   latGETnl: 77236439 # GET request latency on next level
   latGETnet: 0 # GET request latency on network to next level
  l1d-3: # Filter cache stats
   fhGETS: 822107 # Filtered GETS hits
   fhGETX: 408691 # Filtered GETX hits
   hGETS: 8225 # GETS hits
   hGETX: 12109 # GETX hits
   mGETS: 250172 # GETS misses
   mGETXIM: 34150 # GETX I->M misses
   mGETXSM: 7 # GETX S->M misses (upgrade misses)
   PUTS: 0 # Clean evictions (from lower level)
   PUTX: 0 # Dirty evictions (from lower level)
   INV: 73 # Invalidates (from upper level)
   INVX: 29 # Downgrades (from upper level)
   FWD: 0 # Forwards (from upper level)
   latGETnl: 77295692 # GET request latency on next level
   latGETnet: 0 # GET request latency on network to next level
  l1d-4: # Filter cache stats
   fhGETS: 821927 # Filtered GETS hits
   fhGETX: 408595 # Filtered GETX hits
   hGETS: 8224 # GETS hits
   hGETX: 12113 # GETX hits
   mGETS: 250117 # GETS misses
   mGETXIM: 34141 # GETX I->M misses
   mGETXSM: 10 # GETX S->M misses (upgrade misses)
   PUTS: 0 # Clean evictions (from lower level)
   PUTX: 0 # Dirty evictions (from lower level)
   INV: 72 # Invalidates (from upper level)
   INVX: 23 # Downgrades (from upper level)
   FWD: 0 # Forwards (from upper level)
   latGETnl: 77277230 # GET request latency on next level
   latGETnet: 0 # GET request latency on network to next level
  l1d-5: # Filter cache stats
   fhGETS: 821505 # Filtered GETS hits
   fhGETX: 408396 # Filtered GETX hits
   hGETS: 8202 # GETS hits
   hGETX: 12088 # GETX hits
   mGETS: 249980 # GETS misses
   mGETXIM: 34122 # GETX I->M misses
   mGETXSM: 8 # GETX S->M misses (upgrade misses)
   PUTS: 0 # Clean evictions (from lower level)
   PUTX: 0 # Dirty evictions (from lower level)
   INV: 68 # Invalidates (from upper level)
   INVX: 18 # Downgrades (from upper level)
   FWD: 0 # Forwards (from upper level)
   latGETnl: 77234606 # GET request latency on next level
   latGETnet: 0 # GET request latency on network to next level
  l1d-6: # Filter cache stats
   fhGETS: 820280 # Filtered GETS hits
   fhGETX: 407062 # Filtered GETX hits
   hGETS: 9620 # GETS hits
   hGETX: 13496 # GETX hits
   mGETS: 250071 # GETS misses
   mGETXIM: 34134 # GETX I->M misses
   mGETXSM: 6 # GETX S->M misses (upgrade misses)
   PUTS: 0 # Clean evictions (from lower level)
   PUTX: 0 # Dirty evictions (from lower level)
   INV: 56 # Invalidates (from upper level)
   INVX: 12 # Downgrades (from upper level)
   FWD: 0 # Forwards (from upper level)
   latGETnl: 77265902 # GET request latency on next level
   latGETnet: 0 # GET request latency on network to next level
  l1d-7: # Filter cache stats
   fhGETS: 821567 # Filtered GETS hits
   fhGETX: 408424 # Filtered GETX hits
   hGETS: 8216 # GETS hits
   hGETX: 12097 # GETX hits
   mGETS: 250003 # GETS misses
   mGETXIM: 34124 # GETX I->M misses
   mGETXSM: 8 # GETX S->M misses (upgrade misses)
   PUTS: 0 # Clean evictions (from lower level)
   PUTX: 0 # Dirty evictions (from lower level)
   INV: 68 # Invalidates (from upper level)
   INVX: 17 # Downgrades (from upper level)
   FWD: 0 # Forwards (from upper level)
   latGETnl: 77242025 # GET request latency on next level
   latGETnet: 0 # GET request latency on network to next level
  l1d-8: # Filter cache stats
   fhGETS: 820032 # Filtered GETS hits
   fhGETX: 406951 # Filtered GETX hits
   hGETS: 9621 # GETS hits
   hGETX: 13488 # GETX hits
   mGETS: 249998 # GETS misses
   mGETXIM: 34120 # GETX I->M misses
   mGETXSM: 6 # GETX S->M misses (upgrade misses)
   PUTS: 0 # Clean evictions (from lower level)
   PUTX: 0 # Dirty evictions (from lower level)
   INV: 54 # Invalidates (from upper level)
   INVX: 15 # Downgrades (from upper level)
   FWD: 0 # Forwards (from upper level)
   latGETnl: 77243279 # GET request latency on next level
   latGETnet: 0 # GET request latency on network to next level
  l1d-9: # Filter cache stats
   fhGETS: 820308 # Filtered GETS hits
   fhGETX: 407073 # Filtered GETX hits
   hGETS: 9620 # GETS hits
   hGETX: 13503 # GETX hits
   mGETS: 250081 # GETS misses
   mGETXIM: 34133 # GETX I->M misses
   mGETXSM: 6 # GETX S->M misses (upgrade misses)
   PUTS: 0 # Clean evictions (from lower level)
   PUTX: 0 # Dirty evictions (from lower level)
   INV: 57 # Invalidates (from upper level)
   INVX: 20 # Downgrades (from upper level)
   FWD: 0 # Forwards (from upper level)
   latGETnl: 77270165 # GET request latency on next level
   latGETnet: 0 # GET request latency on network to next level
  l1d-10: # Filter cache stats
   fhGETS: 820371 # Filtered GETS hits
   fhGETX: 407107 # Filtered GETX hits
   hGETS: 9608 # GETS hits
   hGETX: 13496 # GETX hits
   mGETS: 250095 # GETS misses
   mGETXIM: 34135 # GETX I->M misses
   mGETXSM: 5 # GETX S->M misses (upgrade misses)
   PUTS: 0 # Clean evictions (from lower level)
   PUTX: 0 # Dirty evictions (from lower level)
   INV: 57 # Invalidates (from upper level)
   INVX: 12 # Downgrades (from upper level)
   FWD: 0 # Forwards (from upper level)
   latGETnl: 77272825 # GET request latency on next level
   latGETnet: 0 # GET request latency on network to next level
  l1d-11: # Filter cache stats
   fhGETS: 821530 # Filtered GETS hits
   fhGETX: 408424 # Filtered GETX hits
   hGETS: 8229 # GETS hits
   hGETX: 12077 # GETX hits
   mGETS: 249981 # GETS misses
   mGETXIM: 34136 # GETX I->M misses
   mGETXSM: 9 # GETX S->M misses (upgrade misses)
   PUTS: 0 # Clean evictions (from lower level)
   PUTX: 0 # Dirty evictions (from lower level)
   INV: 55 # Invalidates (from upper level)
   INVX: 11 # Downgrades (from upper level)
   FWD: 0 # Forwards (from upper level)
   latGETnl: 77240561 # GET request latency on next level
   latGETnet: 0 # GET request latency on network to next level
  l1d-12: # Filter cache stats
   fhGETS: 819820 # Filtered GETS hits
   fhGETX: 406831 # Filtered GETX hits
   hGETS: 9600 # GETS hits
   hGETX: 13495 # GETX hits
   mGETS: 249929 # GETS misses
   mGETXIM: 34105 # GETX I->M misses
   mGETXSM: 6 # GETX S->M misses (upgrade misses)
   PUTS: 0 # Clean evictions (from lower level)
   PUTX: 0 # Dirty evictions (from lower level)
   INV: 52 # Invalidates (from upper level)
   INVX: 11 # Downgrades (from upper level)
   FWD: 0 # Forwards (from upper level)
   latGETnl: 77221501 # GET request latency on next level
   latGETnet: 0 # GET request latency on network to next level
  l1d-13: # Filter cache stats
   fhGETS: 819957 # Filtered GETS hits
   fhGETX: 406906 # Filtered GETX hits
   hGETS: 9604 # GETS hits
   hGETX: 13480 # GETX hits
   mGETS: 249967 # GETS misses
   mGETXIM: 34121 # GETX I->M misses
   mGETXSM: 5 # GETX S->M misses (upgrade misses)
   PUTS: 0 # Clean evictions (from lower level)
   PUTX: 0 # Dirty evictions (from lower level)
   INV: 57 # Invalidates (from upper level)
   INVX: 10 # Downgrades (from upper level)
   FWD: 0 # Forwards (from upper level)
   latGETnl: 77232851 # GET request latency on next level
   latGETnet: 0 # GET request latency on network to next level
  l1d-14: # Filter cache stats
   fhGETS: 820253 # Filtered GETS hits
   fhGETX: 407044 # Filtered GETX hits
   hGETS: 9622 # GETS hits
   hGETX: 13515 # GETX hits
   mGETS: 250067 # GETS misses
   mGETXIM: 34124 # GETX I->M misses
   mGETXSM: 5 # GETX S->M misses (upgrade misses)
   PUTS: 0 # Clean evictions (from lower level)
   PUTX: 0 # Dirty evictions (from lower level)
   INV: 52 # Invalidates (from upper level)
   INVX: 2 # Downgrades (from upper level)
   FWD: 0 # Forwards (from upper level)
   latGETnl: 77261064 # GET request latency on next level
   latGETnet: 0 # GET request latency on network to next level
  l1d-15: # Filter cache stats
   fhGETS: 821973 # Filtered GETS hits
   fhGETX: 408613 # Filtered GETX hits
   hGETS: 8190 # GETS hits
   hGETX: 12079 # GETX hits
   mGETS: 250149 # GETS misses
   mGETXIM: 34144 # GETX I->M misses
   mGETXSM: 6 # GETX S->M misses (upgrade misses)
   PUTS: 0 # Clean evictions (from lower level)
   PUTX: 0 # Dirty evictions (from lower level)
   INV: 57 # Invalidates (from upper level)
   INVX: 2 # Downgrades (from upper level)
   FWD: 0 # Forwards (from upper level)
   latGETnl: 77287575 # GET request latency on next level
   latGETnet: 0 # GET request latency on network to next level
  l1d-16: # Filter cache stats
   fhGETS: 819416 # Filtered GETS hits
   fhGETX: 406468 # Filtered GETX hits
   hGETS: 9938 # GETS hits
   hGETX: 13539 # GETX hits
   mGETS: 249422 # GETS misses
   mGETXIM: 34047 # GETX I->M misses
   mGETXSM: 14 # GETX S->M misses (upgrade misses)
   PUTS: 0 # Clean evictions (from lower level)
   PUTX: 0 # Dirty evictions (from lower level)
   INV: 53 # Invalidates (from upper level)
   INVX: 2 # Downgrades (from upper level)
   FWD: 0 # Forwards (from upper level)
   latGETnl: 77056682 # GET request latency on next level
   latGETnet: 0 # GET request latency on network to next level
  l1d-17: # Filter cache stats
   fhGETS: 820505 # Filtered GETS hits
   fhGETX: 407170 # Filtered GETX hits
   hGETS: 9609 # GETS hits
   hGETX: 13500 # GETX hits
   mGETS: 250136 # GETS misses
   mGETXIM: 34140 # GETX I->M misses
   mGETXSM: 5 # GETX S->M misses (upgrade misses)
   PUTS: 0 # Clean evictions (from lower level)
   PUTX: 0 # Dirty evictions (from lower level)
   INV: 55 # Invalidates (from upper level)
   INVX: 3 # Downgrades (from upper level)
   FWD: 0 # Forwards (from upper level)
   latGETnl: 77283439 # GET request latency on next level
   latGETnet: 0 # GET request latency on network to next level
  l1d-18: # Filter cache stats
   fhGETS: 820090 # Filtered GETS hits
   fhGETX: 406966 # Filtered GETX hits
   hGETS: 9600 # GETS hits
   hGETX: 13492 # GETX hits
   mGETS: 250008 # GETS misses
   mGETXIM: 34120 # GETX I->M misses
   mGETXSM: 6 # GETX S->M misses (upgrade misses)
   PUTS: 0 # Clean evictions (from lower level)
   PUTX: 0 # Dirty evictions (from lower level)
   INV: 54 # Invalidates (from upper level)
   INVX: 2 # Downgrades (from upper level)
   FWD: 0 # Forwards (from upper level)
   latGETnl: 77243258 # GET request latency on next level
   latGETnet: 0 # GET request latency on network to next level
  l1d-19: # Filter cache stats
   fhGETS: 821529 # Filtered GETS hits
   fhGETX: 408390 # Filtered GETX hits
   hGETS: 8180 # GETS hits
   hGETX: 12080 # GETX hits
   mGETS: 250014 # GETS misses
   mGETXIM: 34118 # GETX I->M misses
   mGETXSM: 4 # GETX S->M misses (upgrade misses)
   PUTS: 0 # Clean evictions (from lower level)
   PUTX: 0 # Dirty evictions (from lower level)
   INV: 48 # Invalidates (from upper level)
   INVX: 1 # Downgrades (from upper level)
   FWD: 0 # Forwards (from upper level)
   latGETnl: 77245996 # GET request latency on next level
   latGETnet: 0 # GET request latency on network to next level
  l1d-20: # Filter cache stats
   fhGETS: 821384 # Filtered GETS hits
   fhGETX: 408329 # Filtered GETX hits
   hGETS: 8203 # GETS hits
   hGETX: 12077 # GETX hits
   mGETS: 249976 # GETS misses
   mGETXIM: 34116 # GETX I->M misses
   mGETXSM: 5 # GETX S->M misses (upgrade misses)
   PUTS: 0 # Clean evictions (from lower level)
   PUTX: 0 # Dirty evictions (from lower level)
   INV: 53 # Invalidates (from upper level)
   INVX: 2 # Downgrades (from upper level)
   FWD: 0 # Forwards (from upper level)
   latGETnl: 77233166 # GET request latency on next level
   latGETnet: 0 # GET request latency on network to next level
  l1d-21: # Filter cache stats
   fhGETS: 819746 # Filtered GETS hits
   fhGETX: 406800 # Filtered GETX hits
   hGETS: 9597 # GETS hits
   hGETX: 13486 # GETX hits
   mGETS: 249908 # GETS misses
   mGETXIM: 34103 # GETX I->M misses
   mGETXSM: 6 # GETX S->M misses (upgrade misses)
   PUTS: 0 # Clean evictions (from lower level)
   PUTX: 0 # Dirty evictions (from lower level)
   INV: 54 # Invalidates (from upper level)
   INVX: 2 # Downgrades (from upper level)
   FWD: 0 # Forwards (from upper level)
   latGETnl: 77211659 # GET request latency on next level
   latGETnet: 0 # GET request latency on network to next level
  l1d-22: # Filter cache stats
   fhGETS: 821687 # Filtered GETS hits
   fhGETX: 408469 # Filtered GETX hits
   hGETS: 8175 # GETS hits
   hGETX: 12075 # GETX hits
   mGETS: 250059 # GETS misses
   mGETXIM: 34128 # GETX I->M misses
   mGETXSM: 5 # GETX S->M misses (upgrade misses)
   PUTS: 0 # Clean evictions (from lower level)
   PUTX: 0 # Dirty evictions (from lower level)
   INV: 53 # Invalidates (from upper level)
   INVX: 3 # Downgrades (from upper level)
   FWD: 0 # Forwards (from upper level)
   latGETnl: 77259906 # GET request latency on next level
   latGETnet: 0 # GET request latency on network to next level
  l1d-23: # Filter cache stats
   fhGETS: 0 # Filtered GETS hits
   fhGETX: 0 # Filtered GETX hits
   hGETS: 0 # GETS hits
   hGETX: 0 # GETX hits
   mGETS: 0 # GETS misses
   mGETXIM: 0 # GETX I->M misses
   mGETXSM: 0 # GETX S->M misses (upgrade misses)
   PUTS: 0 # Clean evictions (from lower level)
   PUTX: 0 # Dirty evictions (from lower level)
   INV: 0 # Invalidates (from upper level)
   INVX: 0 # Downgrades (from upper level)
   FWD: 0 # Forwards (from upper level)
   latGETnl: 0 # GET request latency on next level
   latGETnet: 0 # GET request latency on network to next level
 l1i: # Cache stats
  l1i-0: # Filter cache stats
   fhGETS: 2228197 # Filtered GETS hits
   fhGETX: 0 # Filtered GETX hits
   hGETS: 79519 # GETS hits
   hGETX: 0 # GETX hits
   mGETS: 688 # GETS misses
   mGETXIM: 0 # GETX I->M misses
   mGETXSM: 0 # GETX S->M misses (upgrade misses)
   PUTS: 0 # Clean evictions (from lower level)
   PUTX: 0 # Dirty evictions (from lower level)
   INV: 661 # Invalidates (from upper level)
   INVX: 0 # Downgrades (from upper level)
   FWD: 0 # Forwards (from upper level)
   latGETnl: 72386 # GET request latency on next level
   latGETnet: 0 # GET request latency on network to next level
  l1i-1: # Filter cache stats
   fhGETS: 2226757 # Filtered GETS hits
   fhGETX: 0 # Filtered GETX hits
   hGETS: 79455 # GETS hits
   hGETX: 0 # GETX hits
   mGETS: 585 # GETS misses
   mGETXIM: 0 # GETX I->M misses
   mGETXSM: 0 # GETX S->M misses (upgrade misses)
   PUTS: 0 # Clean evictions (from lower level)
   PUTX: 0 # Dirty evictions (from lower level)
   INV: 562 # Invalidates (from upper level)
   INVX: 0 # Downgrades (from upper level)
   FWD: 0 # Forwards (from upper level)
   latGETnl: 32445 # GET request latency on next level
   latGETnet: 0 # GET request latency on network to next level
  l1i-2: # Filter cache stats
   fhGETS: 2226042 # Filtered GETS hits
   fhGETX: 0 # Filtered GETX hits
   hGETS: 79431 # GETS hits
   hGETX: 0 # GETX hits
   mGETS: 621 # GETS misses
   mGETXIM: 0 # GETX I->M misses
   mGETXSM: 0 # GETX S->M misses (upgrade misses)
   PUTS: 0 # Clean evictions (from lower level)
   PUTX: 0 # Dirty evictions (from lower level)
   INV: 598 # Invalidates (from upper level)
   INVX: 0 # Downgrades (from upper level)
   FWD: 0 # Forwards (from upper level)
   latGETnl: 38412 # GET request latency on next level
   latGETnet: 0 # GET request latency on network to next level
  l1i-3: # Filter cache stats
   fhGETS: 2227688 # Filtered GETS hits
   fhGETX: 0 # Filtered GETX hits
   hGETS: 79488 # GETS hits
   hGETX: 0 # GETX hits
   mGETS: 598 # GETS misses
   mGETXIM: 0 # GETX I->M misses
   mGETXSM: 0 # GETX S->M misses (upgrade misses)
   PUTS: 0 # Clean evictions (from lower level)
   PUTX: 0 # Dirty evictions (from lower level)
   INV: 575 # Invalidates (from upper level)
   INVX: 0 # Downgrades (from upper level)
   FWD: 0 # Forwards (from upper level)
   latGETnl: 32606 # GET request latency on next level
   latGETnet: 0 # GET request latency on network to next level
  l1i-4: # Filter cache stats
   fhGETS: 2227271 # Filtered GETS hits
   fhGETX: 0 # Filtered GETX hits
   hGETS: 79469 # GETS hits
   hGETX: 0 # GETX hits
   mGETS: 594 # GETS misses
   mGETXIM: 0 # GETX I->M misses
   mGETXSM: 0 # GETX S->M misses (upgrade misses)
   PUTS: 0 # Clean evictions (from lower level)
   PUTX: 0 # Dirty evictions (from lower level)
   INV: 571 # Invalidates (from upper level)
   INVX: 0 # Downgrades (from upper level)
   FWD: 0 # Forwards (from upper level)
   latGETnl: 29043 # GET request latency on next level
   latGETnet: 0 # GET request latency on network to next level
  l1i-5: # Filter cache stats
   fhGETS: 2226054 # Filtered GETS hits
   fhGETX: 0 # Filtered GETX hits
   hGETS: 79429 # GETS hits
   hGETX: 0 # GETX hits
   mGETS: 596 # GETS misses
   mGETXIM: 0 # GETX I->M misses
   mGETXSM: 0 # GETX S->M misses (upgrade misses)
   PUTS: 0 # Clean evictions (from lower level)
   PUTX: 0 # Dirty evictions (from lower level)
   INV: 573 # Invalidates (from upper level)
   INVX: 0 # Downgrades (from upper level)
   FWD: 0 # Forwards (from upper level)
   latGETnl: 28462 # GET request latency on next level
   latGETnet: 0 # GET request latency on network to next level
  l1i-6: # Filter cache stats
   fhGETS: 2226867 # Filtered GETS hits
   fhGETX: 0 # Filtered GETX hits
   hGETS: 79460 # GETS hits
   hGETX: 0 # GETX hits
   mGETS: 573 # GETS misses
   mGETXIM: 0 # GETX I->M misses
   mGETXSM: 0 # GETX S->M misses (upgrade misses)
   PUTS: 0 # Clean evictions (from lower level)
   PUTX: 0 # Dirty evictions (from lower level)
   INV: 550 # Invalidates (from upper level)
   INVX: 0 # Downgrades (from upper level)
   FWD: 0 # Forwards (from upper level)
   latGETnl: 32556 # GET request latency on next level
   latGETnet: 0 # GET request latency on network to next level
  l1i-7: # Filter cache stats
   fhGETS: 2226299 # Filtered GETS hits
   fhGETX: 0 # Filtered GETX hits
   hGETS: 79426 # GETS hits
   hGETX: 0 # GETX hits
   mGETS: 597 # GETS misses
   mGETXIM: 0 # GETX I->M misses
   mGETXSM: 0 # GETX S->M misses (upgrade misses)
   PUTS: 0 # Clean evictions (from lower level)
   PUTX: 0 # Dirty evictions (from lower level)
   INV: 574 # Invalidates (from upper level)
   INVX: 0 # Downgrades (from upper level)
   FWD: 0 # Forwards (from upper level)
   latGETnl: 28284 # GET request latency on next level
   latGETnet: 0 # GET request latency on network to next level
  l1i-8: # Filter cache stats
   fhGETS: 2226239 # Filtered GETS hits
   fhGETX: 0 # Filtered GETX hits
   hGETS: 79440 # GETS hits
   hGETX: 0 # GETX hits
   mGETS: 579 # GETS misses
   mGETXIM: 0 # GETX I->M misses
   mGETXSM: 0 # GETX S->M misses (upgrade misses)
   PUTS: 0 # Clean evictions (from lower level)
   PUTX: 0 # Dirty evictions (from lower level)
   INV: 556 # Invalidates (from upper level)
   INVX: 0 # Downgrades (from upper level)
   FWD: 0 # Forwards (from upper level)
   latGETnl: 30813 # GET request latency on next level
   latGETnet: 0 # GET request latency on network to next level
  l1i-9: # Filter cache stats
   fhGETS: 2226980 # Filtered GETS hits
   fhGETX: 0 # Filtered GETX hits
   hGETS: 79453 # GETS hits
   hGETX: 0 # GETX hits
   mGETS: 578 # GETS misses
   mGETXIM: 0 # GETX I->M misses
   mGETXSM: 0 # GETX S->M misses (upgrade misses)
   PUTS: 0 # Clean evictions (from lower level)
   PUTX: 0 # Dirty evictions (from lower level)
   INV: 555 # Invalidates (from upper level)
   INVX: 0 # Downgrades (from upper level)
   FWD: 0 # Forwards (from upper level)
   latGETnl: 30316 # GET request latency on next level
   latGETnet: 0 # GET request latency on network to next level
  l1i-10: # Filter cache stats
   fhGETS: 2227108 # Filtered GETS hits
   fhGETX: 0 # Filtered GETX hits
   hGETS: 79475 # GETS hits
   hGETX: 0 # GETX hits
   mGETS: 579 # GETS misses
   mGETXIM: 0 # GETX I->M misses
   mGETXSM: 0 # GETX S->M misses (upgrade misses)
   PUTS: 0 # Clean evictions (from lower level)
   PUTX: 0 # Dirty evictions (from lower level)
   INV: 556 # Invalidates (from upper level)
   INVX: 0 # Downgrades (from upper level)
   FWD: 0 # Forwards (from upper level)
   latGETnl: 31038 # GET request latency on next level
   latGETnet: 0 # GET request latency on network to next level
  l1i-11: # Filter cache stats
   fhGETS: 2226018 # Filtered GETS hits
   fhGETX: 0 # Filtered GETX hits
   hGETS: 79528 # GETS hits
   hGETX: 0 # GETX hits
   mGETS: 581 # GETS misses
   mGETXIM: 0 # GETX I->M misses
   mGETXSM: 0 # GETX S->M misses (upgrade misses)
   PUTS: 0 # Clean evictions (from lower level)
   PUTX: 0 # Dirty evictions (from lower level)
   INV: 558 # Invalidates (from upper level)
   INVX: 0 # Downgrades (from upper level)
   FWD: 0 # Forwards (from upper level)
   latGETnl: 29107 # GET request latency on next level
   latGETnet: 0 # GET request latency on network to next level
  l1i-12: # Filter cache stats
   fhGETS: 2225608 # Filtered GETS hits
   fhGETX: 0 # Filtered GETX hits
   hGETS: 79419 # GETS hits
   hGETX: 0 # GETX hits
   mGETS: 583 # GETS misses
   mGETXIM: 0 # GETX I->M misses
   mGETXSM: 0 # GETX S->M misses (upgrade misses)
   PUTS: 0 # Clean evictions (from lower level)
   PUTX: 0 # Dirty evictions (from lower level)
   INV: 560 # Invalidates (from upper level)
   INVX: 0 # Downgrades (from upper level)
   FWD: 0 # Forwards (from upper level)
   latGETnl: 29426 # GET request latency on next level
   latGETnet: 0 # GET request latency on network to next level
  l1i-13: # Filter cache stats
   fhGETS: 2225987 # Filtered GETS hits
   fhGETX: 0 # Filtered GETX hits
   hGETS: 79433 # GETS hits
   hGETX: 0 # GETX hits
   mGETS: 577 # GETS misses
   mGETXIM: 0 # GETX I->M misses
   mGETXSM: 0 # GETX S->M misses (upgrade misses)
   PUTS: 0 # Clean evictions (from lower level)
   PUTX: 0 # Dirty evictions (from lower level)
   INV: 554 # Invalidates (from upper level)
   INVX: 0 # Downgrades (from upper level)
   FWD: 0 # Forwards (from upper level)
   latGETnl: 29819 # GET request latency on next level
   latGETnet: 0 # GET request latency on network to next level
  l1i-14: # Filter cache stats
   fhGETS: 2226839 # Filtered GETS hits
   fhGETX: 0 # Filtered GETX hits
   hGETS: 79458 # GETS hits
   hGETX: 0 # GETX hits
   mGETS: 579 # GETS misses
   mGETXIM: 0 # GETX I->M misses
   mGETXSM: 0 # GETX S->M misses (upgrade misses)
   PUTS: 0 # Clean evictions (from lower level)
   PUTX: 0 # Dirty evictions (from lower level)
   INV: 556 # Invalidates (from upper level)
   INVX: 0 # Downgrades (from upper level)
   FWD: 0 # Forwards (from upper level)
   latGETnl: 28338 # GET request latency on next level
   latGETnet: 0 # GET request latency on network to next level
  l1i-15: # Filter cache stats
   fhGETS: 2227622 # Filtered GETS hits
   fhGETX: 0 # Filtered GETX hits
   hGETS: 79489 # GETS hits
   hGETX: 0 # GETX hits
   mGETS: 581 # GETS misses
   mGETXIM: 0 # GETX I->M misses
   mGETXSM: 0 # GETX S->M misses (upgrade misses)
   PUTS: 0 # Clean evictions (from lower level)
   PUTX: 0 # Dirty evictions (from lower level)
   INV: 558 # Invalidates (from upper level)
   INVX: 0 # Downgrades (from upper level)
   FWD: 0 # Forwards (from upper level)
   latGETnl: 28882 # GET request latency on next level
   latGETnet: 0 # GET request latency on network to next level
  l1i-16: # Filter cache stats
   fhGETS: 2222087 # Filtered GETS hits
   fhGETX: 0 # Filtered GETX hits
   hGETS: 79401 # GETS hits
   hGETX: 0 # GETX hits
   mGETS: 649 # GETS misses
   mGETXIM: 0 # GETX I->M misses
   mGETXSM: 0 # GETX S->M misses (upgrade misses)
   PUTS: 0 # Clean evictions (from lower level)
   PUTX: 0 # Dirty evictions (from lower level)
   INV: 626 # Invalidates (from upper level)
   INVX: 0 # Downgrades (from upper level)
   FWD: 0 # Forwards (from upper level)
   latGETnl: 43103 # GET request latency on next level
   latGETnet: 0 # GET request latency on network to next level
  l1i-17: # Filter cache stats
   fhGETS: 2227473 # Filtered GETS hits
   fhGETX: 0 # Filtered GETX hits
   hGETS: 79488 # GETS hits
   hGETX: 0 # GETX hits
   mGETS: 577 # GETS misses
   mGETXIM: 0 # GETX I->M misses
   mGETXSM: 0 # GETX S->M misses (upgrade misses)
   PUTS: 0 # Clean evictions (from lower level)
   PUTX: 0 # Dirty evictions (from lower level)
   INV: 554 # Invalidates (from upper level)
   INVX: 0 # Downgrades (from upper level)
   FWD: 0 # Forwards (from upper level)
   latGETnl: 28244 # GET request latency on next level
   latGETnet: 0 # GET request latency on network to next level
  l1i-18: # Filter cache stats
   fhGETS: 2226336 # Filtered GETS hits
   fhGETX: 0 # Filtered GETX hits
   hGETS: 79443 # GETS hits
   hGETX: 0 # GETX hits
   mGETS: 580 # GETS misses
   mGETXIM: 0 # GETX I->M misses
   mGETXSM: 0 # GETX S->M misses (upgrade misses)
   PUTS: 0 # Clean evictions (from lower level)
   PUTX: 0 # Dirty evictions (from lower level)
   INV: 557 # Invalidates (from upper level)
   INVX: 0 # Downgrades (from upper level)
   FWD: 0 # Forwards (from upper level)
   latGETnl: 27485 # GET request latency on next level
   latGETnet: 0 # GET request latency on network to next level
  l1i-19: # Filter cache stats
   fhGETS: 2226380 # Filtered GETS hits
   fhGETX: 0 # Filtered GETX hits
   hGETS: 79439 # GETS hits
   hGETX: 0 # GETX hits
   mGETS: 577 # GETS misses
   mGETXIM: 0 # GETX I->M misses
   mGETXSM: 0 # GETX S->M misses (upgrade misses)
   PUTS: 0 # Clean evictions (from lower level)
   PUTX: 0 # Dirty evictions (from lower level)
   INV: 554 # Invalidates (from upper level)
   INVX: 0 # Downgrades (from upper level)
   FWD: 0 # Forwards (from upper level)
   latGETnl: 28019 # GET request latency on next level
   latGETnet: 0 # GET request latency on network to next level
  l1i-20: # Filter cache stats
   fhGETS: 2226064 # Filtered GETS hits
   fhGETX: 0 # Filtered GETX hits
   hGETS: 79433 # GETS hits
   hGETX: 0 # GETX hits
   mGETS: 581 # GETS misses
   mGETXIM: 0 # GETX I->M misses
   mGETXSM: 0 # GETX S->M misses (upgrade misses)
   PUTS: 0 # Clean evictions (from lower level)
   PUTX: 0 # Dirty evictions (from lower level)
   INV: 558 # Invalidates (from upper level)
   INVX: 0 # Downgrades (from upper level)
   FWD: 0 # Forwards (from upper level)
   latGETnl: 27307 # GET request latency on next level
   latGETnet: 0 # GET request latency on network to next level
  l1i-21: # Filter cache stats
   fhGETS: 2225426 # Filtered GETS hits
   fhGETX: 0 # Filtered GETX hits
   hGETS: 79409 # GETS hits
   hGETX: 0 # GETX hits
   mGETS: 577 # GETS misses
   mGETXIM: 0 # GETX I->M misses
   mGETXSM: 0 # GETX S->M misses (upgrade misses)
   PUTS: 0 # Clean evictions (from lower level)
   PUTX: 0 # Dirty evictions (from lower level)
   INV: 554 # Invalidates (from upper level)
   INVX: 0 # Downgrades (from upper level)
   FWD: 0 # Forwards (from upper level)
   latGETnl: 27119 # GET request latency on next level
   latGETnet: 0 # GET request latency on network to next level
  l1i-22: # Filter cache stats
   fhGETS: 2226814 # Filtered GETS hits
   fhGETX: 0 # Filtered GETX hits
   hGETS: 79460 # GETS hits
   hGETX: 0 # GETX hits
   mGETS: 581 # GETS misses
   mGETXIM: 0 # GETX I->M misses
   mGETXSM: 0 # GETX S->M misses (upgrade misses)
   PUTS: 0 # Clean evictions (from lower level)
   PUTX: 0 # Dirty evictions (from lower level)
   INV: 558 # Invalidates (from upper level)
   INVX: 0 # Downgrades (from upper level)
   FWD: 0 # Forwards (from upper level)
   latGETnl: 27307 # GET request latency on next level
   latGETnet: 0 # GET request latency on network to next level
  l1i-23: # Filter cache stats
   fhGETS: 0 # Filtered GETS hits
   fhGETX: 0 # Filtered GETX hits
   hGETS: 0 # GETS hits
   hGETX: 0 # GETX hits
   mGETS: 0 # GETS misses
   mGETXIM: 0 # GETX I->M misses
   mGETXSM: 0 # GETX S->M misses (upgrade misses)
   PUTS: 0 # Clean evictions (from lower level)
   PUTX: 0 # Dirty evictions (from lower level)
   INV: 0 # Invalidates (from upper level)
   INVX: 0 # Downgrades (from upper level)
   FWD: 0 # Forwards (from upper level)
   latGETnl: 0 # GET request latency on next level
   latGETnet: 0 # GET request latency on network to next level
 l2: # Cache stats
  l2-0: # Cache stats
   hGETS: 0 # GETS hits
   hGETX: 0 # GETX hits
   mGETS: 250934 # GETS misses
   mGETXIM: 34187 # GETX I->M misses
   mGETXSM: 6 # GETX S->M misses (upgrade misses)
   PUTS: 249749 # Clean evictions (from lower level)
   PUTX: 34083 # Dirty evictions (from lower level)
   INV: 24187 # Invalidates (from upper level)
   INVX: 86 # Downgrades (from upper level)
   FWD: 0 # Forwards (from upper level)
   latGETnl: 74554055 # GET request latency on next level
   latGETnet: 0 # GET request latency on network to next level
  l2-1: # Cache stats
   hGETS: 0 # GETS hits
   hGETX: 0 # GETX hits
   mGETS: 250645 # GETS misses
   mGETXIM: 34136 # GETX I->M misses
   mGETXSM: 8 # GETX S->M misses (upgrade misses)
   PUTS: 249565 # Clean evictions (from lower level)
   PUTX: 34045 # Dirty evictions (from lower level)
   INV: 16559 # Invalidates (from upper level)
   INVX: 25 # Downgrades (from upper level)
   FWD: 0 # Forwards (from upper level)
   latGETnl: 74444869 # GET request latency on next level
   latGETnet: 0 # GET request latency on network to next level
  l2-2: # Cache stats
   hGETS: 0 # GETS hits
   hGETX: 0 # GETX hits
   mGETS: 250605 # GETS misses
   mGETXIM: 34118 # GETX I->M misses
   mGETXSM: 6 # GETX S->M misses (upgrade misses)
   PUTS: 249499 # Clean evictions (from lower level)
   PUTX: 34037 # Dirty evictions (from lower level)
   INV: 20112 # Invalidates (from upper level)
   INVX: 5 # Downgrades (from upper level)
   FWD: 0 # Forwards (from upper level)
   latGETnl: 74427561 # GET request latency on next level
   latGETnet: 0 # GET request latency on network to next level
  l2-3: # Cache stats
   hGETS: 0 # GETS hits
   hGETX: 0 # GETX hits
   mGETS: 250770 # GETS misses
   mGETXIM: 34150 # GETX I->M misses
   mGETXSM: 7 # GETX S->M misses (upgrade misses)
   PUTS: 249680 # Clean evictions (from lower level)
   PUTX: 34057 # Dirty evictions (from lower level)
   INV: 16600 # Invalidates (from upper level)
   INVX: 29 # Downgrades (from upper level)
   FWD: 0 # Forwards (from upper level)
   latGETnl: 74479028 # GET request latency on next level
   latGETnet: 0 # GET request latency on network to next level
  l2-4: # Cache stats
   hGETS: 0 # GETS hits
   hGETX: 0 # GETX hits
   mGETS: 250711 # GETS misses
   mGETXIM: 34141 # GETX I->M misses
   mGETXSM: 10 # GETX S->M misses (upgrade misses)
   PUTS: 249625 # Clean evictions (from lower level)
   PUTX: 34049 # Dirty evictions (from lower level)
   INV: 16549 # Invalidates (from upper level)
   INVX: 23 # Downgrades (from upper level)
   FWD: 0 # Forwards (from upper level)
   latGETnl: 74457653 # GET request latency on next level
   latGETnet: 0 # GET request latency on network to next level
  l2-5: # Cache stats
   hGETS: 0 # GETS hits
   hGETX: 0 # GETX hits
   mGETS: 250576 # GETS misses
   mGETXIM: 34122 # GETX I->M misses
   mGETXSM: 8 # GETX S->M misses (upgrade misses)
   PUTS: 249491 # Clean evictions (from lower level)
   PUTX: 34031 # Dirty evictions (from lower level)
   INV: 17226 # Invalidates (from upper level)
   INVX: 18 # Downgrades (from upper level)
   FWD: 0 # Forwards (from upper level)
   latGETnl: 74416008 # GET request latency on next level
   latGETnet: 0 # GET request latency on network to next level
  l2-6: # Cache stats
   hGETS: 0 # GETS hits
   hGETX: 0 # GETX hits
   mGETS: 250644 # GETS misses
   mGETXIM: 34134 # GETX I->M misses
   mGETXSM: 6 # GETX S->M misses (upgrade misses)
   PUTS: 249592 # Clean evictions (from lower level)
   PUTX: 34045 # Dirty evictions (from lower level)
   INV: 16522 # Invalidates (from upper level)
   INVX: 12 # Downgrades (from upper level)
   FWD: 0 # Forwards (from upper level)
   latGETnl: 74450618 # GET request latency on next level
   latGETnet: 0 # GET request latency on network to next level
  l2-7: # Cache stats
   hGETS: 0 # GETS hits
   hGETX: 0 # GETX hits
   mGETS: 250600 # GETS misses
   mGETXIM: 34124 # GETX I->M misses
   mGETXSM: 8 # GETX S->M misses (upgrade misses)
   PUTS: 249513 # Clean evictions (from lower level)
   PUTX: 34034 # Dirty evictions (from lower level)
   INV: 21128 # Invalidates (from upper level)
   INVX: 18 # Downgrades (from upper level)
   FWD: 0 # Forwards (from upper level)
   latGETnl: 74422989 # GET request latency on next level
   latGETnet: 0 # GET request latency on network to next level
  l2-8: # Cache stats
   hGETS: 0 # GETS hits
   hGETX: 0 # GETX hits
   mGETS: 250577 # GETS misses
   mGETXIM: 34120 # GETX I->M misses
   mGETXSM: 6 # GETX S->M misses (upgrade misses)
   PUTS: 249516 # Clean evictions (from lower level)
   PUTX: 34036 # Dirty evictions (from lower level)
   INV: 19105 # Invalidates (from upper level)
   INVX: 15 # Downgrades (from upper level)
   FWD: 0 # Forwards (from upper level)
   latGETnl: 74427062 # GET request latency on next level
   latGETnet: 0 # GET request latency on network to next level
  l2-9: # Cache stats
   hGETS: 0 # GETS hits
   hGETX: 0 # GETX hits
   mGETS: 250659 # GETS misses
   mGETXIM: 34133 # GETX I->M misses
   mGETXSM: 6 # GETX S->M misses (upgrade misses)
   PUTS: 249598 # Clean evictions (from lower level)
   PUTX: 34048 # Dirty evictions (from lower level)
   INV: 16401 # Invalidates (from upper level)
   INVX: 20 # Downgrades (from upper level)
   FWD: 0 # Forwards (from upper level)
   latGETnl: 74452501 # GET request latency on next level
   latGETnet: 0 # GET request latency on network to next level
  l2-10: # Cache stats
   hGETS: 0 # GETS hits
   hGETX: 0 # GETX hits
   mGETS: 250674 # GETS misses
   mGETXIM: 34135 # GETX I->M misses
   mGETXSM: 5 # GETX S->M misses (upgrade misses)
   PUTS: 249615 # Clean evictions (from lower level)
   PUTX: 34047 # Dirty evictions (from lower level)
   INV: 20582 # Invalidates (from upper level)
   INVX: 12 # Downgrades (from upper level)
   FWD: 0 # Forwards (from upper level)
   latGETnl: 74455723 # GET request latency on next level
   latGETnet: 0 # GET request latency on network to next level
  l2-11: # Cache stats
   hGETS: 0 # GETS hits
   hGETX: 0 # GETX hits
   mGETS: 250562 # GETS misses
   mGETXIM: 34136 # GETX I->M misses
   mGETXSM: 9 # GETX S->M misses (upgrade misses)
   PUTS: 249488 # Clean evictions (from lower level)
   PUTX: 34062 # Dirty evictions (from lower level)
   INV: 28533 # Invalidates (from upper level)
   INVX: 22 # Downgrades (from upper level)
   FWD: 0 # Forwards (from upper level)
   latGETnl: 74422598 # GET request latency on next level
   latGETnet: 0 # GET request latency on network to next level
  l2-12: # Cache stats
   hGETS: 0 # GETS hits
   hGETX: 0 # GETX hits
   mGETS: 250512 # GETS misses
   mGETXIM: 34105 # GETX I->M misses
   mGETXSM: 6 # GETX S->M misses (upgrade misses)
   PUTS: 249446 # Clean evictions (from lower level)
   PUTX: 34025 # Dirty evictions (from lower level)
   INV: 16414 # Invalidates (from upper level)
   INVX: 11 # Downgrades (from upper level)
   FWD: 0 # Forwards (from upper level)
   latGETnl: 74404697 # GET request latency on next level
   latGETnet: 0 # GET request latency on network to next level
  l2-13: # Cache stats
   hGETS: 0 # GETS hits
   hGETX: 0 # GETX hits
   mGETS: 250544 # GETS misses
   mGETXIM: 34121 # GETX I->M misses
   mGETXSM: 5 # GETX S->M misses (upgrade misses)
   PUTS: 249487 # Clean evictions (from lower level)
   PUTX: 34032 # Dirty evictions (from lower level)
   INV: 19917 # Invalidates (from upper level)
   INVX: 10 # Downgrades (from upper level)
   FWD: 0 # Forwards (from upper level)
   latGETnl: 74415970 # GET request latency on next level
   latGETnet: 0 # GET request latency on network to next level
  l2-14: # Cache stats
   hGETS: 0 # GETS hits
   hGETX: 0 # GETX hits
   mGETS: 250646 # GETS misses
   mGETXIM: 34124 # GETX I->M misses
   mGETXSM: 5 # GETX S->M misses (upgrade misses)
   PUTS: 249582 # Clean evictions (from lower level)
   PUTX: 34045 # Dirty evictions (from lower level)
   INV: 16594 # Invalidates (from upper level)
   INVX: 2 # Downgrades (from upper level)
   FWD: 0 # Forwards (from upper level)
   latGETnl: 74441652 # GET request latency on next level
   latGETnet: 0 # GET request latency on network to next level
  l2-15: # Cache stats
   hGETS: 0 # GETS hits
   hGETX: 0 # GETX hits
   mGETS: 250730 # GETS misses
   mGETXIM: 34144 # GETX I->M misses
   mGETXSM: 6 # GETX S->M misses (upgrade misses)
   PUTS: 249670 # Clean evictions (from lower level)
   PUTX: 34055 # Dirty evictions (from lower level)
   INV: 16808 # Invalidates (from upper level)
   INVX: 2 # Downgrades (from upper level)
   FWD: 0 # Forwards (from upper level)
   latGETnl: 74467657 # GET request latency on next level
   latGETnet: 0 # GET request latency on network to next level
  l2-16: # Cache stats
   hGETS: 0 # GETS hits
   hGETX: 0 # GETX hits
   mGETS: 250071 # GETS misses
   mGETXIM: 34047 # GETX I->M misses
   mGETXSM: 14 # GETX S->M misses (upgrade misses)
   PUTS: 248931 # Clean evictions (from lower level)
   PUTX: 33973 # Dirty evictions (from lower level)
   INV: 16790 # Invalidates (from upper level)
   INVX: 2 # Downgrades (from upper level)
   FWD: 0 # Forwards (from upper level)
   latGETnl: 74258465 # GET request latency on next level
   latGETnet: 0 # GET request latency on network to next level
  l2-17: # Cache stats
   hGETS: 0 # GETS hits
   hGETX: 0 # GETX hits
   mGETS: 250713 # GETS misses
   mGETXIM: 34140 # GETX I->M misses
   mGETXSM: 5 # GETX S->M misses (upgrade misses)
   PUTS: 249656 # Clean evictions (from lower level)
   PUTX: 34053 # Dirty evictions (from lower level)
   INV: 19926 # Invalidates (from upper level)
   INVX: 3 # Downgrades (from upper level)
   FWD: 0 # Forwards (from upper level)
   latGETnl: 74463103 # GET request latency on next level
   latGETnet: 0 # GET request latency on network to next level
  l2-18: # Cache stats
   hGETS: 0 # GETS hits
   hGETX: 0 # GETX hits
   mGETS: 250588 # GETS misses
   mGETXIM: 34120 # GETX I->M misses
   mGETXSM: 6 # GETX S->M misses (upgrade misses)
   PUTS: 249524 # Clean evictions (from lower level)
   PUTX: 34038 # Dirty evictions (from lower level)
   INV: 16485 # Invalidates (from upper level)
   INVX: 2 # Downgrades (from upper level)
   FWD: 0 # Forwards (from upper level)
   latGETnl: 74423603 # GET request latency on next level
   latGETnet: 0 # GET request latency on network to next level
  l2-19: # Cache stats
   hGETS: 0 # GETS hits
   hGETX: 0 # GETX hits
   mGETS: 250591 # GETS misses
   mGETXIM: 34118 # GETX I->M misses
   mGETXSM: 4 # GETX S->M misses (upgrade misses)
   PUTS: 249534 # Clean evictions (from lower level)
   PUTX: 34038 # Dirty evictions (from lower level)
   INV: 23895 # Invalidates (from upper level)
   INVX: 1 # Downgrades (from upper level)
   FWD: 0 # Forwards (from upper level)
   latGETnl: 74426885 # GET request latency on next level
   latGETnet: 0 # GET request latency on network to next level
  l2-20: # Cache stats
   hGETS: 0 # GETS hits
   hGETX: 0 # GETX hits
   mGETS: 250557 # GETS misses
   mGETXIM: 34116 # GETX I->M misses
   mGETXSM: 5 # GETX S->M misses (upgrade misses)
   PUTS: 249495 # Clean evictions (from lower level)
   PUTX: 34032 # Dirty evictions (from lower level)
   INV: 16575 # Invalidates (from upper level)
   INVX: 2 # Downgrades (from upper level)
   FWD: 0 # Forwards (from upper level)
   latGETnl: 74413693 # GET request latency on next level
   latGETnet: 0 # GET request latency on network to next level
  l2-21: # Cache stats
   hGETS: 0 # GETS hits
   hGETX: 0 # GETX hits
   mGETS: 250485 # GETS misses
   mGETXIM: 34103 # GETX I->M misses
   mGETXSM: 6 # GETX S->M misses (upgrade misses)
   PUTS: 249421 # Clean evictions (from lower level)
   PUTX: 34024 # Dirty evictions (from lower level)
   INV: 28941 # Invalidates (from upper level)
   INVX: 2 # Downgrades (from upper level)
   FWD: 0 # Forwards (from upper level)
   latGETnl: 74392838 # GET request latency on next level
   latGETnet: 0 # GET request latency on network to next level
  l2-22: # Cache stats
   hGETS: 0 # GETS hits
   hGETX: 0 # GETX hits
   mGETS: 250640 # GETS misses
   mGETXIM: 34128 # GETX I->M misses
   mGETXSM: 5 # GETX S->M misses (upgrade misses)
   PUTS: 249578 # Clean evictions (from lower level)
   PUTX: 34044 # Dirty evictions (from lower level)
   INV: 17386 # Invalidates (from upper level)
   INVX: 3 # Downgrades (from upper level)
   FWD: 0 # Forwards (from upper level)
   latGETnl: 74439483 # GET request latency on next level
   latGETnet: 0 # GET request latency on network to next level
  l2-23: # Cache stats
   hGETS: 0 # GETS hits
   hGETX: 0 # GETX hits
   mGETS: 0 # GETS misses
   mGETXIM: 0 # GETX I->M misses
   mGETXSM: 0 # GETX S->M misses (upgrade misses)
   PUTS: 0 # Clean evictions (from lower level)
   PUTX: 0 # Dirty evictions (from lower level)
   INV: 0 # Invalidates (from upper level)
   INVX: 0 # Downgrades (from upper level)
   FWD: 0 # Forwards (from upper level)
   latGETnl: 0 # GET request latency on next level
   latGETnet: 0 # GET request latency on network to next level
 l3: # Cache stats
  l3-0b0: # Cache stats
   hGETS: 782 # GETS hits
   hGETX: 76 # GETX hits
   mGETS: 239505 # GETS misses
   mGETXIM: 32683 # GETX I->M misses
   mGETXSM: 0 # GETX S->M misses (upgrade misses)
   PUTS: 210270 # Clean evictions (from lower level)
   PUTX: 28954 # Dirty evictions (from lower level)
   INV: 0 # Invalidates (from upper level)
   INVX: 0 # Downgrades (from upper level)
   FWD: 0 # Forwards (from upper level)
   latGETnl: 61242300 # GET request latency on next level
   latGETnet: 0 # GET request latency on network to next level
  l3-0b1: # Cache stats
   hGETS: 691 # GETS hits
   hGETX: 39 # GETX hits
   mGETS: 239505 # GETS misses
   mGETXIM: 32642 # GETX I->M misses
   mGETXSM: 0 # GETX S->M misses (upgrade misses)
   PUTS: 210590 # Clean evictions (from lower level)
   PUTX: 28750 # Dirty evictions (from lower level)
   INV: 0 # Invalidates (from upper level)
   INVX: 0 # Downgrades (from upper level)
   FWD: 0 # Forwards (from upper level)
   latGETnl: 61233075 # GET request latency on next level
   latGETnet: 0 # GET request latency on network to next level
  l3-0b2: # Cache stats
   hGETS: 606 # GETS hits
   hGETX: 12 # GETX hits
   mGETS: 239493 # GETS misses
   mGETXIM: 32631 # GETX I->M misses
   mGETXSM: 0 # GETX S->M misses (upgrade misses)
   PUTS: 210483 # Clean evictions (from lower level)
   PUTX: 28716 # Dirty evictions (from lower level)
   INV: 0 # Invalidates (from upper level)
   INVX: 0 # Downgrades (from upper level)
   FWD: 0 # Forwards (from upper level)
   latGETnl: 61227900 # GET request latency on next level
   latGETnet: 0 # GET request latency on network to next level
  l3-0b3: # Cache stats
   hGETS: 766 # GETS hits
   hGETX: 22 # GETX hits
   mGETS: 239507 # GETS misses
   mGETXIM: 32685 # GETX I->M misses
   mGETXSM: 0 # GETX S->M misses (upgrade misses)
   PUTS: 210380 # Clean evictions (from lower level)
   PUTX: 28900 # Dirty evictions (from lower level)
   INV: 0 # Invalidates (from upper level)
   INVX: 0 # Downgrades (from upper level)
   FWD: 0 # Forwards (from upper level)
   latGETnl: 61243200 # GET request latency on next level
   latGETnet: 0 # GET request latency on network to next level
  l3-0b4: # Cache stats
   hGETS: 755 # GETS hits
   hGETX: 38 # GETX hits
   mGETS: 239501 # GETS misses
   mGETXIM: 32690 # GETX I->M misses
   mGETXSM: 0 # GETX S->M misses (upgrade misses)
   PUTS: 210244 # Clean evictions (from lower level)
   PUTX: 28908 # Dirty evictions (from lower level)
   INV: 0 # Invalidates (from upper level)
   INVX: 0 # Downgrades (from upper level)
   FWD: 0 # Forwards (from upper level)
   latGETnl: 61242975 # GET request latency on next level
   latGETnet: 0 # GET request latency on network to next level
  l3-0b5: # Cache stats
   hGETS: 716 # GETS hits
   hGETX: 24 # GETX hits
   mGETS: 239502 # GETS misses
   mGETXIM: 32663 # GETX I->M misses
   mGETXSM: 0 # GETX S->M misses (upgrade misses)
   PUTS: 210491 # Clean evictions (from lower level)
   PUTX: 28803 # Dirty evictions (from lower level)
   INV: 0 # Invalidates (from upper level)
   INVX: 0 # Downgrades (from upper level)
   FWD: 0 # Forwards (from upper level)
   latGETnl: 61237125 # GET request latency on next level
   latGETnet: 0 # GET request latency on network to next level
  l3-0b6: # Cache stats
   hGETS: 154 # GETS hits
   hGETX: 37 # GETX hits
   mGETS: 239508 # GETS misses
   mGETXIM: 32637 # GETX I->M misses
   mGETXSM: 0 # GETX S->M misses (upgrade misses)
   PUTS: 209878 # Clean evictions (from lower level)
   PUTX: 28788 # Dirty evictions (from lower level)
   INV: 0 # Invalidates (from upper level)
   INVX: 0 # Downgrades (from upper level)
   FWD: 0 # Forwards (from upper level)
   latGETnl: 61232625 # GET request latency on next level
   latGETnet: 0 # GET request latency on network to next level
  l3-0b7: # Cache stats
   hGETS: 994 # GETS hits
   hGETX: 65 # GETX hits
   mGETS: 239514 # GETS misses
   mGETXIM: 32689 # GETX I->M misses
   mGETXSM: 0 # GETX S->M misses (upgrade misses)
   PUTS: 210558 # Clean evictions (from lower level)
   PUTX: 28891 # Dirty evictions (from lower level)
   INV: 0 # Invalidates (from upper level)
   INVX: 0 # Downgrades (from upper level)
   FWD: 0 # Forwards (from upper level)
   latGETnl: 61245675 # GET request latency on next level
   latGETnet: 0 # GET request latency on network to next level
  l3-0b8: # Cache stats
   hGETS: 220 # GETS hits
   hGETX: 32 # GETX hits
   mGETS: 239499 # GETS misses
   mGETXIM: 32758 # GETX I->M misses
   mGETXSM: 0 # GETX S->M misses (upgrade misses)
   PUTS: 209869 # Clean evictions (from lower level)
   PUTX: 28830 # Dirty evictions (from lower level)
   INV: 0 # Invalidates (from upper level)
   INVX: 0 # Downgrades (from upper level)
   FWD: 0 # Forwards (from upper level)
   latGETnl: 61257825 # GET request latency on next level
   latGETnet: 0 # GET request latency on network to next level
  l3-0b9: # Cache stats
   hGETS: 259 # GETS hits
   hGETX: 18 # GETX hits
   mGETS: 239500 # GETS misses
   mGETXIM: 32670 # GETX I->M misses
   mGETXSM: 0 # GETX S->M misses (upgrade misses)
   PUTS: 209960 # Clean evictions (from lower level)
   PUTX: 28721 # Dirty evictions (from lower level)
   INV: 0 # Invalidates (from upper level)
   INVX: 0 # Downgrades (from upper level)
   FWD: 0 # Forwards (from upper level)
   latGETnl: 61238250 # GET request latency on next level
   latGETnet: 0 # GET request latency on network to next level
  l3-0b10: # Cache stats
   hGETS: 682 # GETS hits
   hGETX: 34 # GETX hits
   mGETS: 239505 # GETS misses
   mGETXIM: 32691 # GETX I->M misses
   mGETXSM: 0 # GETX S->M misses (upgrade misses)
   PUTS: 210520 # Clean evictions (from lower level)
   PUTX: 28743 # Dirty evictions (from lower level)
   INV: 0 # Invalidates (from upper level)
   INVX: 0 # Downgrades (from upper level)
   FWD: 0 # Forwards (from upper level)
   latGETnl: 61244100 # GET request latency on next level
   latGETnet: 0 # GET request latency on network to next level
  l3-0b11: # Cache stats
   hGETS: 246 # GETS hits
   hGETX: 55 # GETX hits
   mGETS: 239510 # GETS misses
   mGETXIM: 32748 # GETX I->M misses
   mGETXSM: 0 # GETX S->M misses (upgrade misses)
   PUTS: 209911 # Clean evictions (from lower level)
   PUTX: 28907 # Dirty evictions (from lower level)
   INV: 0 # Invalidates (from upper level)
   INVX: 0 # Downgrades (from upper level)
   FWD: 0 # Forwards (from upper level)
   latGETnl: 61258050 # GET request latency on next level
   latGETnet: 0 # GET request latency on network to next level
  l3-0b12: # Cache stats
   hGETS: 1136 # GETS hits
   hGETX: 27 # GETX hits
   mGETS: 239506 # GETS misses
   mGETXIM: 32752 # GETX I->M misses
   mGETXSM: 0 # GETX S->M misses (upgrade misses)
   PUTS: 210674 # Clean evictions (from lower level)
   PUTX: 28827 # Dirty evictions (from lower level)
   INV: 0 # Invalidates (from upper level)
   INVX: 0 # Downgrades (from upper level)
   FWD: 0 # Forwards (from upper level)
   latGETnl: 61258050 # GET request latency on next level
   latGETnet: 0 # GET request latency on network to next level
  l3-0b13: # Cache stats
   hGETS: 628 # GETS hits
   hGETX: 18 # GETX hits
   mGETS: 239510 # GETS misses
   mGETXIM: 32662 # GETX I->M misses
   mGETXSM: 0 # GETX S->M misses (upgrade misses)
   PUTS: 210339 # Clean evictions (from lower level)
   PUTX: 28640 # Dirty evictions (from lower level)
   INV: 0 # Invalidates (from upper level)
   INVX: 0 # Downgrades (from upper level)
   FWD: 0 # Forwards (from upper level)
   latGETnl: 61238700 # GET request latency on next level
   latGETnet: 0 # GET request latency on network to next level
  l3-0b14: # Cache stats
   hGETS: 1120 # GETS hits
   hGETX: 9 # GETX hits
   mGETS: 239509 # GETS misses
   mGETXIM: 32658 # GETX I->M misses
   mGETXSM: 0 # GETX S->M misses (upgrade misses)
   PUTS: 210790 # Clean evictions (from lower level)
   PUTX: 28700 # Dirty evictions (from lower level)
   INV: 0 # Invalidates (from upper level)
   INVX: 0 # Downgrades (from upper level)
   FWD: 0 # Forwards (from upper level)
   latGETnl: 61237575 # GET request latency on next level
   latGETnet: 0 # GET request latency on network to next level
  l3-0b15: # Cache stats
   hGETS: 1150 # GETS hits
   hGETX: 21 # GETX hits
   mGETS: 239505 # GETS misses
   mGETXIM: 32736 # GETX I->M misses
   mGETXSM: 0 # GETX S->M misses (upgrade misses)
   PUTS: 210582 # Clean evictions (from lower level)
   PUTX: 28830 # Dirty evictions (from lower level)
   INV: 0 # Invalidates (from upper level)
   INVX: 0 # Downgrades (from upper level)
   FWD: 0 # Forwards (from upper level)
   latGETnl: 61254225 # GET request latency on next level
   latGETnet: 0 # GET request latency on network to next level
  l3-0b16: # Cache stats
   hGETS: 794 # GETS hits
   hGETX: 35 # GETX hits
   mGETS: 239431 # GETS misses
   mGETXIM: 32693 # GETX I->M misses
   mGETXSM: 0 # GETX S->M misses (upgrade misses)
   PUTS: 210233 # Clean evictions (from lower level)
   PUTX: 28906 # Dirty evictions (from lower level)
   INV: 0 # Invalidates (from upper level)
   INVX: 0 # Downgrades (from upper level)
   FWD: 0 # Forwards (from upper level)
   latGETnl: 61227900 # GET request latency on next level
   latGETnet: 0 # GET request latency on network to next level
  l3-0b17: # Cache stats
   hGETS: 766 # GETS hits
   hGETX: 20 # GETX hits
   mGETS: 239432 # GETS misses
   mGETXIM: 32621 # GETX I->M misses
   mGETXSM: 0 # GETX S->M misses (upgrade misses)
   PUTS: 210388 # Clean evictions (from lower level)
   PUTX: 28712 # Dirty evictions (from lower level)
   INV: 0 # Invalidates (from upper level)
   INVX: 0 # Downgrades (from upper level)
   FWD: 0 # Forwards (from upper level)
   latGETnl: 61211925 # GET request latency on next level
   latGETnet: 0 # GET request latency on network to next level
  l3-0b18: # Cache stats
   hGETS: 641 # GETS hits
   hGETX: 18 # GETX hits
   mGETS: 239417 # GETS misses
   mGETXIM: 32622 # GETX I->M misses
   mGETXSM: 0 # GETX S->M misses (upgrade misses)
   PUTS: 210290 # Clean evictions (from lower level)
   PUTX: 28670 # Dirty evictions (from lower level)
   INV: 0 # Invalidates (from upper level)
   INVX: 0 # Downgrades (from upper level)
   FWD: 0 # Forwards (from upper level)
   latGETnl: 61208775 # GET request latency on next level
   latGETnet: 0 # GET request latency on network to next level
  l3-0b19: # Cache stats
   hGETS: 684 # GETS hits
   hGETX: 45 # GETX hits
   mGETS: 239419 # GETS misses
   mGETXIM: 32692 # GETX I->M misses
   mGETXSM: 0 # GETX S->M misses (upgrade misses)
   PUTS: 210142 # Clean evictions (from lower level)
   PUTX: 28809 # Dirty evictions (from lower level)
   INV: 0 # Invalidates (from upper level)
   INVX: 0 # Downgrades (from upper level)
   FWD: 0 # Forwards (from upper level)
   latGETnl: 61224975 # GET request latency on next level
   latGETnet: 0 # GET request latency on network to next level
  l3-0b20: # Cache stats
   hGETS: 665 # GETS hits
   hGETX: 31 # GETX hits
   mGETS: 239410 # GETS misses
   mGETXIM: 32687 # GETX I->M misses
   mGETXSM: 0 # GETX S->M misses (upgrade misses)
   PUTS: 210352 # Clean evictions (from lower level)
   PUTX: 28863 # Dirty evictions (from lower level)
   INV: 0 # Invalidates (from upper level)
   INVX: 0 # Downgrades (from upper level)
   FWD: 0 # Forwards (from upper level)
   latGETnl: 61221825 # GET request latency on next level
   latGETnet: 0 # GET request latency on network to next level
  l3-0b21: # Cache stats
   hGETS: 653 # GETS hits
   hGETX: 35 # GETX hits
   mGETS: 239412 # GETS misses
   mGETXIM: 32611 # GETX I->M misses
   mGETXSM: 0 # GETX S->M misses (upgrade misses)
   PUTS: 210392 # Clean evictions (from lower level)
   PUTX: 28725 # Dirty evictions (from lower level)
   INV: 0 # Invalidates (from upper level)
   INVX: 0 # Downgrades (from upper level)
   FWD: 0 # Forwards (from upper level)
   latGETnl: 61205175 # GET request latency on next level
   latGETnet: 0 # GET request latency on network to next level
  l3-0b22: # Cache stats
   hGETS: 760 # GETS hits
   hGETX: 33 # GETX hits
   mGETS: 239420 # GETS misses
   mGETXIM: 32643 # GETX I->M misses
   mGETXSM: 0 # GETX S->M misses (upgrade misses)
   PUTS: 210561 # Clean evictions (from lower level)
   PUTX: 28782 # Dirty evictions (from lower level)
   INV: 0 # Invalidates (from upper level)
   INVX: 0 # Downgrades (from upper level)
   FWD: 0 # Forwards (from upper level)
   latGETnl: 61214175 # GET request latency on next level
   latGETnet: 0 # GET request latency on network to next level
  l3-0b23: # Cache stats
   hGETS: 723 # GETS hits
   hGETX: 42 # GETX hits
   mGETS: 239423 # GETS misses
   mGETXIM: 32704 # GETX I->M misses
   mGETXSM: 0 # GETX S->M misses (upgrade misses)
   PUTS: 210356 # Clean evictions (from lower level)
   PUTX: 28910 # Dirty evictions (from lower level)
   INV: 0 # Invalidates (from upper level)
   INVX: 0 # Downgrades (from upper level)
   FWD: 0 # Forwards (from upper level)
   latGETnl: 61228575 # GET request latency on next level
   latGETnet: 0 # GET request latency on network to next level
 mem: # Memory controller stats
  mem-0: # Memory controller stats
   rd: 6509145 # Read requests
   wr: 720307 # Write requests
   rdlat: 7826814867 # Total latency experienced by read requests
   wrlat: 904291268 # Total latency experienced by write requests
 sched: # Scheduler stats
  thCr: 25 # Threads created
  thFn: 25 # Threads finished
  schedEvs: 26 # Schedule events
  waitEvs: 2 # Wait events
  handoffEvs: 1 # Handoff events
  sleepEvs: 1 # Sleep events
  idlePhases: 0 # Phases with no thread active
  idlePeriods: 0 # Periods with no thread active
  occHist: # Occupancy histogram
   0: 0
   1: 36
   2: 0
   3: 2
   4: 2
   5: 1
   6: 1
   7: 0
   8: 1
   9: 0
   10: 0
   11: 0
   12: 1
   13: 0
   14: 1
   15: 0
   16: 0
   17: 1
   18: 0
   19: 0
   20: 1
   21: 0
   22: 0
   23: 32457
   24: 0
  rqSzHist: # Run queue size histogram
   0: 32475
   1: 29
   2: 0
   3: 0
   4: 0
   5: 0
   6: 0
   7: 0
   8: 0
   9: 0
   10: 0
   11: 0
   12: 0
   13: 0
   14: 0
   15: 0
   16: 0
   17: 0
   18: 0
   19: 0
   20: 0
   21: 0
   22: 0
   23: 0
   24: 0
 procCycles: # Per-process unhalted core cycles
  0: 746658525
  1: 0
  2: 0
  3: 0
  4: 0
  5: 0
  6: 0
  7: 0
  8: 0
  9: 0
  10: 0
  11: 0
  12: 0
  13: 0
  14: 0
  15: 0
  16: 0
  17: 0
  18: 0
  19: 0
  20: 0
  21: 0
  22: 0
  23: 0
  24: 0
  25: 0
  26: 0
  27: 0
  28: 0
  29: 0
  30: 0
  31: 0
  32: 0
  33: 0
  34: 0
  35: 0
  36: 0
  37: 0
  38: 0
  39: 0
  40: 0
  41: 0
  42: 0
  43: 0
  44: 0
  45: 0
  46: 0
  47: 0
  48: 0
  49: 0
  50: 0
  51: 0
  52: 0
  53: 0
  54: 0
  55: 0
  56: 0
  57: 0
  58: 0
  59: 0
  60: 0
  61: 0
  62: 0
  63: 0
 procInstrs: # Per-process instructions
  0: 146737771
  1: 0
  2: 0
  3: 0
  4: 0
  5: 0
  6: 0
  7: 0
  8: 0
  9: 0
  10: 0
  11: 0
  12: 0
  13: 0
  14: 0
  15: 0
  16: 0
  17: 0
  18: 0
  19: 0
  20: 0
  21: 0
  22: 0
  23: 0
  24: 0
  25: 0
  26: 0
  27: 0
  28: 0
  29: 0
  30: 0
  31: 0
  32: 0
  33: 0
  34: 0
  35: 0
  36: 0
  37: 0
  38: 0
  39: 0
  40: 0
  41: 0
  42: 0
  43: 0
  44: 0
  45: 0
  46: 0
  47: 0
  48: 0
  49: 0
  50: 0
  51: 0
  52: 0
  53: 0
  54: 0
  55: 0
  56: 0
  57: 0
  58: 0
  59: 0
  60: 0
  61: 0
  62: 0
  63: 0
 heartbeats: # Per-process heartbeats
  0: 0
  1: 0
  2: 0
  3: 0
  4: 0
  5: 0
  6: 0
  7: 0
  8: 0
  9: 0
  10: 0
  11: 0
  12: 0
  13: 0
  14: 0
  15: 0
  16: 0
  17: 0
  18: 0
  19: 0
  20: 0
  21: 0
  22: 0
  23: 0
  24: 0
  25: 0
  26: 0
  27: 0
  28: 0
  29: 0
  30: 0
  31: 0
  32: 0
  33: 0
  34: 0
  35: 0
  36: 0
  37: 0
  38: 0
  39: 0
  40: 0
  41: 0
  42: 0
  43: 0
  44: 0
  45: 0
  46: 0
  47: 0
  48: 0
  49: 0
  50: 0
  51: 0
  52: 0
  53: 0
  54: 0
  55: 0
  56: 0
  57: 0
  58: 0
  59: 0
  60: 0
  61: 0
  62: 0
  63: 0
===
