# zsim stats
===
root: # Stats
 contention: # Contention simulation stats
  domain-0: # Domain stats
   time: 11620912725 # Weave simulation time
 time: # Simulator time breakdown
  init: 3416348924
  bound: 82056530322
  weave: 14279918501
  ff: 538492
 trigger: 20000 # Reason for this stats dump
 phase: 44264 # Simulated phases
 reqCycles: 0 # Requeue Cycles
 skylake: # Core stats
  skylake-0: # Core stats
   cycles: 44264786 # Simulated unhalted cycles
   cCycles: 30222717 # Cycles due to contention stalls
   instrs: 12372784 # Simulated instructions
   uops: 10161559 # issued micro-ops
   bbls: 3613647 # Basic blocks
   approxInstrs: 886152 # Instrs with approx uop decoding
   mispredBranches: 128913 # Mispredicted branches
   IdqNotDelivered: 5911142 # Stalls no uop delivered when no Bkend Stall
   IntMiscRecoveryCycles: 1045488 # Stalls waiting machine clears
   uops executed: 10918589 # Executed microoperations
  skylake-1: # Core stats
   cycles: 44228726 # Simulated unhalted cycles
   cCycles: 30222543 # Cycles due to contention stalls
   instrs: 12372662 # Simulated instructions
   uops: 10161093 # issued micro-ops
   bbls: 3613735 # Basic blocks
   approxInstrs: 886218 # Instrs with approx uop decoding
   mispredBranches: 128889 # Mispredicted branches
   IdqNotDelivered: 5875214 # Stalls no uop delivered when no Bkend Stall
   IntMiscRecoveryCycles: 1035640 # Stalls waiting machine clears
   uops executed: 10918216 # Executed microoperations
  skylake-2: # Core stats
   cycles: 44227234 # Simulated unhalted cycles
   cCycles: 30222997 # Cycles due to contention stalls
   instrs: 12369837 # Simulated instructions
   uops: 10158660 # issued micro-ops
   bbls: 3612957 # Basic blocks
   approxInstrs: 886048 # Instrs with approx uop decoding
   mispredBranches: 128870 # Mispredicted branches
   IdqNotDelivered: 5872704 # Stalls no uop delivered when no Bkend Stall
   IntMiscRecoveryCycles: 1038294 # Stalls waiting machine clears
   uops executed: 10915641 # Executed microoperations
  skylake-3: # Core stats
   cycles: 44226048 # Simulated unhalted cycles
   cCycles: 30222486 # Cycles due to contention stalls
   instrs: 12373698 # Simulated instructions
   uops: 10161875 # issued micro-ops
   bbls: 3614057 # Basic blocks
   approxInstrs: 886306 # Instrs with approx uop decoding
   mispredBranches: 128901 # Mispredicted branches
   IdqNotDelivered: 5872503 # Stalls no uop delivered when no Bkend Stall
   IntMiscRecoveryCycles: 1037805 # Stalls waiting machine clears
   uops executed: 10919082 # Executed microoperations
  skylake-4: # Core stats
   cycles: 44224773 # Simulated unhalted cycles
   cCycles: 30220816 # Cycles due to contention stalls
   instrs: 12373016 # Simulated instructions
   uops: 10161315 # issued micro-ops
   bbls: 3613857 # Basic blocks
   approxInstrs: 886259 # Instrs with approx uop decoding
   mispredBranches: 128894 # Mispredicted branches
   IdqNotDelivered: 5873780 # Stalls no uop delivered when no Bkend Stall
   IntMiscRecoveryCycles: 1036597 # Stalls waiting machine clears
   uops executed: 10918457 # Executed microoperations
  skylake-5: # Core stats
   cycles: 44223791 # Simulated unhalted cycles
   cCycles: 30223036 # Cycles due to contention stalls
   instrs: 12372471 # Simulated instructions
   uops: 10160876 # issued micro-ops
   bbls: 3613696 # Basic blocks
   approxInstrs: 886224 # Instrs with approx uop decoding
   mispredBranches: 128889 # Mispredicted branches
   IdqNotDelivered: 5869126 # Stalls no uop delivered when no Bkend Stall
   IntMiscRecoveryCycles: 1036414 # Stalls waiting machine clears
   uops executed: 10917988 # Executed microoperations
  skylake-6: # Core stats
   cycles: 44222783 # Simulated unhalted cycles
   cCycles: 30220750 # Cycles due to contention stalls
   instrs: 12371354 # Simulated instructions
   uops: 10159727 # issued micro-ops
   bbls: 3613420 # Basic blocks
   approxInstrs: 886183 # Instrs with approx uop decoding
   mispredBranches: 128878 # Mispredicted branches
   IdqNotDelivered: 5870347 # Stalls no uop delivered when no Bkend Stall
   IntMiscRecoveryCycles: 1038438 # Stalls waiting machine clears
   uops executed: 10916818 # Executed microoperations
  skylake-7: # Core stats
   cycles: 44222779 # Simulated unhalted cycles
   cCycles: 30221272 # Cycles due to contention stalls
   instrs: 12371493 # Simulated instructions
   uops: 10160072 # issued micro-ops
   bbls: 3613411 # Basic blocks
   approxInstrs: 886155 # Instrs with approx uop decoding
   mispredBranches: 128880 # Mispredicted branches
   IdqNotDelivered: 5870688 # Stalls no uop delivered when no Bkend Stall
   IntMiscRecoveryCycles: 1036479 # Stalls waiting machine clears
   uops executed: 10917096 # Executed microoperations
  skylake-8: # Core stats
   cycles: 44222123 # Simulated unhalted cycles
   cCycles: 30222376 # Cycles due to contention stalls
   instrs: 12374425 # Simulated instructions
   uops: 10162250 # issued micro-ops
   bbls: 3614319 # Basic blocks
   approxInstrs: 886398 # Instrs with approx uop decoding
   mispredBranches: 128912 # Mispredicted branches
   IdqNotDelivered: 5868055 # Stalls no uop delivered when no Bkend Stall
   IntMiscRecoveryCycles: 1038101 # Stalls waiting machine clears
   uops executed: 10919512 # Executed microoperations
  skylake-9: # Core stats
   cycles: 44221580 # Simulated unhalted cycles
   cCycles: 30222787 # Cycles due to contention stalls
   instrs: 12371922 # Simulated instructions
   uops: 10160186 # issued micro-ops
   bbls: 3613587 # Basic blocks
   approxInstrs: 886225 # Instrs with approx uop decoding
   mispredBranches: 128884 # Mispredicted branches
   IdqNotDelivered: 5867575 # Stalls no uop delivered when no Bkend Stall
   IntMiscRecoveryCycles: 1036813 # Stalls waiting machine clears
   uops executed: 10917304 # Executed microoperations
  skylake-10: # Core stats
   cycles: 44221558 # Simulated unhalted cycles
   cCycles: 30221752 # Cycles due to contention stalls
   instrs: 12373304 # Simulated instructions
   uops: 10161322 # issued micro-ops
   bbls: 3613990 # Basic blocks
   approxInstrs: 886321 # Instrs with approx uop decoding
   mispredBranches: 128898 # Mispredicted branches
   IdqNotDelivered: 5868729 # Stalls no uop delivered when no Bkend Stall
   IntMiscRecoveryCycles: 1037703 # Stalls waiting machine clears
   uops executed: 10918528 # Executed microoperations
  skylake-11: # Core stats
   cycles: 44221571 # Simulated unhalted cycles
   cCycles: 30223034 # Cycles due to contention stalls
   instrs: 12374940 # Simulated instructions
   uops: 10162814 # issued micro-ops
   bbls: 3614379 # Basic blocks
   approxInstrs: 886399 # Instrs with approx uop decoding
   mispredBranches: 128909 # Mispredicted branches
   IdqNotDelivered: 5866596 # Stalls no uop delivered when no Bkend Stall
   IntMiscRecoveryCycles: 1038427 # Stalls waiting machine clears
   uops executed: 10920202 # Executed microoperations
  skylake-12: # Core stats
   cycles: 44220574 # Simulated unhalted cycles
   cCycles: 30221435 # Cycles due to contention stalls
   instrs: 12372122 # Simulated instructions
   uops: 10160351 # issued micro-ops
   bbls: 3613644 # Basic blocks
   approxInstrs: 886239 # Instrs with approx uop decoding
   mispredBranches: 128886 # Mispredicted branches
   IdqNotDelivered: 5866394 # Stalls no uop delivered when no Bkend Stall
   IntMiscRecoveryCycles: 1037265 # Stalls waiting machine clears
   uops executed: 10917482 # Executed microoperations
  skylake-13: # Core stats
   cycles: 44220566 # Simulated unhalted cycles
   cCycles: 30220622 # Cycles due to contention stalls
   instrs: 12370569 # Simulated instructions
   uops: 10159067 # issued micro-ops
   bbls: 3613193 # Basic blocks
   approxInstrs: 886123 # Instrs with approx uop decoding
   mispredBranches: 128870 # Mispredicted branches
   IdqNotDelivered: 5868666 # Stalls no uop delivered when no Bkend Stall
   IntMiscRecoveryCycles: 1036665 # Stalls waiting machine clears
   uops executed: 10916096 # Executed microoperations
  skylake-14: # Core stats
   cycles: 44219571 # Simulated unhalted cycles
   cCycles: 30221746 # Cycles due to contention stalls
   instrs: 12371632 # Simulated instructions
   uops: 10159949 # issued micro-ops
   bbls: 3613504 # Basic blocks
   approxInstrs: 886199 # Instrs with approx uop decoding
   mispredBranches: 128879 # Mispredicted branches
   IdqNotDelivered: 5866274 # Stalls no uop delivered when no Bkend Stall
   IntMiscRecoveryCycles: 1036992 # Stalls waiting machine clears
   uops executed: 10917065 # Executed microoperations
  skylake-15: # Core stats
   cycles: 44219571 # Simulated unhalted cycles
   cCycles: 30222900 # Cycles due to contention stalls
   instrs: 12371442 # Simulated instructions
   uops: 10159796 # issued micro-ops
   bbls: 3613447 # Basic blocks
   approxInstrs: 886190 # Instrs with approx uop decoding
   mispredBranches: 128879 # Mispredicted branches
   IdqNotDelivered: 5866578 # Stalls no uop delivered when no Bkend Stall
   IntMiscRecoveryCycles: 1036334 # Stalls waiting machine clears
   uops executed: 10916889 # Executed microoperations
  skylake-16: # Core stats
   cycles: 44219572 # Simulated unhalted cycles
   cCycles: 30222479 # Cycles due to contention stalls
   instrs: 12355362 # Simulated instructions
   uops: 10147723 # issued micro-ops
   bbls: 3608228 # Basic blocks
   approxInstrs: 884570 # Instrs with approx uop decoding
   mispredBranches: 128757 # Mispredicted branches
   IdqNotDelivered: 5865626 # Stalls no uop delivered when no Bkend Stall
   IntMiscRecoveryCycles: 1038871 # Stalls waiting machine clears
   uops executed: 10903556 # Executed microoperations
  skylake-17: # Core stats
   cycles: 44218840 # Simulated unhalted cycles
   cCycles: 30219966 # Cycles due to contention stalls
   instrs: 12373355 # Simulated instructions
   uops: 10161359 # issued micro-ops
   bbls: 3614007 # Basic blocks
   approxInstrs: 886322 # Instrs with approx uop decoding
   mispredBranches: 128899 # Mispredicted branches
   IdqNotDelivered: 5866228 # Stalls no uop delivered when no Bkend Stall
   IntMiscRecoveryCycles: 1036719 # Stalls waiting machine clears
   uops executed: 10918563 # Executed microoperations
  skylake-18: # Core stats
   cycles: 44218773 # Simulated unhalted cycles
   cCycles: 30223192 # Cycles due to contention stalls
   instrs: 12372452 # Simulated instructions
   uops: 10160605 # issued micro-ops
   bbls: 3613743 # Basic blocks
   approxInstrs: 886259 # Instrs with approx uop decoding
   mispredBranches: 128883 # Mispredicted branches
   IdqNotDelivered: 5864351 # Stalls no uop delivered when no Bkend Stall
   IntMiscRecoveryCycles: 1036630 # Stalls waiting machine clears
   uops executed: 10917793 # Executed microoperations
  skylake-19: # Core stats
   cycles: 44218562 # Simulated unhalted cycles
   cCycles: 30221306 # Cycles due to contention stalls
   instrs: 12372586 # Simulated instructions
   uops: 10160731 # issued micro-ops
   bbls: 3613782 # Basic blocks
   approxInstrs: 886268 # Instrs with approx uop decoding
   mispredBranches: 128891 # Mispredicted branches
   IdqNotDelivered: 5864364 # Stalls no uop delivered when no Bkend Stall
   IntMiscRecoveryCycles: 1036686 # Stalls waiting machine clears
   uops executed: 10917891 # Executed microoperations
  skylake-20: # Core stats
   cycles: 44218564 # Simulated unhalted cycles
   cCycles: 30222005 # Cycles due to contention stalls
   instrs: 12373651 # Simulated instructions
   uops: 10161605 # issued micro-ops
   bbls: 3614092 # Basic blocks
   approxInstrs: 886349 # Instrs with approx uop decoding
   mispredBranches: 128902 # Mispredicted branches
   IdqNotDelivered: 5865128 # Stalls no uop delivered when no Bkend Stall
   IntMiscRecoveryCycles: 1037092 # Stalls waiting machine clears
   uops executed: 10918828 # Executed microoperations
  skylake-21: # Core stats
   cycles: 44217747 # Simulated unhalted cycles
   cCycles: 30225482 # Cycles due to contention stalls
   instrs: 12367748 # Simulated instructions
   uops: 10156746 # issued micro-ops
   bbls: 3612369 # Basic blocks
   approxInstrs: 885922 # Instrs with approx uop decoding
   mispredBranches: 128832 # Mispredicted branches
   IdqNotDelivered: 5862637 # Stalls no uop delivered when no Bkend Stall
   IntMiscRecoveryCycles: 1035743 # Stalls waiting machine clears
   uops executed: 10913657 # Executed microoperations
  skylake-22: # Core stats
   cycles: 44217791 # Simulated unhalted cycles
   cCycles: 30220237 # Cycles due to contention stalls
   instrs: 12371128 # Simulated instructions
   uops: 10159528 # issued micro-ops
   bbls: 3613356 # Basic blocks
   approxInstrs: 886168 # Instrs with approx uop decoding
   mispredBranches: 128870 # Mispredicted branches
   IdqNotDelivered: 5865619 # Stalls no uop delivered when no Bkend Stall
   IntMiscRecoveryCycles: 1036554 # Stalls waiting machine clears
   uops executed: 10916640 # Executed microoperations
  skylake-23: # Core stats
   cycles: 0 # Simulated unhalted cycles
   cCycles: 0 # Cycles due to contention stalls
   instrs: 0 # Simulated instructions
   uops: 0 # issued micro-ops
   bbls: 0 # Basic blocks
   approxInstrs: 0 # Instrs with approx uop decoding
   mispredBranches: 0 # Mispredicted branches
   IdqNotDelivered: 0 # Stalls no uop delivered when no Bkend Stall
   IntMiscRecoveryCycles: 0 # Stalls waiting machine clears
   uops executed: 0 # Executed microoperations
 l1d: # Cache stats
  l1d-0: # Filter cache stats
   fhGETS: 769027 # Filtered GETS hits
   fhGETX: 627509 # Filtered GETX hits
   hGETS: 133496 # GETS hits
   hGETX: 138050 # GETX hits
   mGETS: 129004 # GETS misses
   mGETXIM: 250035 # GETX I->M misses
   mGETXSM: 7 # GETX S->M misses (upgrade misses)
   PUTS: 0 # Clean evictions (from lower level)
   PUTX: 0 # Dirty evictions (from lower level)
   INV: 105 # Invalidates (from upper level)
   INVX: 80 # Downgrades (from upper level)
   FWD: 0 # Forwards (from upper level)
   latGETnl: 103062767 # GET request latency on next level
   latGETnet: 0 # GET request latency on network to next level
  l1d-1: # Filter cache stats
   fhGETS: 768836 # Filtered GETS hits
   fhGETX: 627391 # Filtered GETX hits
   hGETS: 133425 # GETS hits
   hGETX: 138017 # GETX hits
   mGETS: 128964 # GETS misses
   mGETXIM: 250029 # GETX I->M misses
   mGETXSM: 7 # GETX S->M misses (upgrade misses)
   PUTS: 0 # Clean evictions (from lower level)
   PUTX: 0 # Dirty evictions (from lower level)
   INV: 93 # Invalidates (from upper level)
   INVX: 23 # Downgrades (from upper level)
   FWD: 0 # Forwards (from upper level)
   latGETnl: 103040917 # GET request latency on next level
   latGETnet: 0 # GET request latency on network to next level
  l1d-2: # Filter cache stats
   fhGETS: 768585 # Filtered GETS hits
   fhGETX: 627225 # Filtered GETX hits
   hGETS: 133370 # GETS hits
   hGETX: 137970 # GETX hits
   mGETS: 128937 # GETS misses
   mGETXIM: 249979 # GETX I->M misses
   mGETXSM: 7 # GETX S->M misses (upgrade misses)
   PUTS: 0 # Clean evictions (from lower level)
   PUTX: 0 # Dirty evictions (from lower level)
   INV: 79 # Invalidates (from upper level)
   INVX: 8 # Downgrades (from upper level)
   FWD: 0 # Forwards (from upper level)
   latGETnl: 103020958 # GET request latency on next level
   latGETnet: 0 # GET request latency on network to next level
  l1d-3: # Filter cache stats
   fhGETS: 768840 # Filtered GETS hits
   fhGETX: 627418 # Filtered GETX hits
   hGETS: 133447 # GETS hits
   hGETX: 138040 # GETX hits
   mGETS: 128975 # GETS misses
   mGETXIM: 250049 # GETX I->M misses
   mGETXSM: 8 # GETX S->M misses (upgrade misses)
   PUTS: 0 # Clean evictions (from lower level)
   PUTX: 0 # Dirty evictions (from lower level)
   INV: 88 # Invalidates (from upper level)
   INVX: 32 # Downgrades (from upper level)
   FWD: 0 # Forwards (from upper level)
   latGETnl: 103052278 # GET request latency on next level
   latGETnet: 0 # GET request latency on network to next level
  l1d-4: # Filter cache stats
   fhGETS: 768793 # Filtered GETS hits
   fhGETX: 627369 # Filtered GETX hits
   hGETS: 133443 # GETS hits
   hGETX: 138048 # GETX hits
   mGETS: 128974 # GETS misses
   mGETXIM: 250031 # GETX I->M misses
   mGETXSM: 9 # GETX S->M misses (upgrade misses)
   PUTS: 0 # Clean evictions (from lower level)
   PUTX: 0 # Dirty evictions (from lower level)
   INV: 88 # Invalidates (from upper level)
   INVX: 23 # Downgrades (from upper level)
   FWD: 0 # Forwards (from upper level)
   latGETnl: 103046187 # GET request latency on next level
   latGETnet: 0 # GET request latency on network to next level
  l1d-5: # Filter cache stats
   fhGETS: 768785 # Filtered GETS hits
   fhGETX: 627370 # Filtered GETX hits
   hGETS: 133420 # GETS hits
   hGETX: 138018 # GETX hits
   mGETS: 128964 # GETS misses
   mGETXIM: 250022 # GETX I->M misses
   mGETXSM: 7 # GETX S->M misses (upgrade misses)
   PUTS: 0 # Clean evictions (from lower level)
   PUTX: 0 # Dirty evictions (from lower level)
   INV: 84 # Invalidates (from upper level)
   INVX: 17 # Downgrades (from upper level)
   FWD: 0 # Forwards (from upper level)
   latGETnl: 103040068 # GET request latency on next level
   latGETnet: 0 # GET request latency on network to next level
  l1d-6: # Filter cache stats
   fhGETS: 768584 # Filtered GETS hits
   fhGETX: 627249 # Filtered GETX hits
   hGETS: 133407 # GETS hits
   hGETX: 138007 # GETX hits
   mGETS: 128940 # GETS misses
   mGETXIM: 250005 # GETX I->M misses
   mGETXSM: 5 # GETX S->M misses (upgrade misses)
   PUTS: 0 # Clean evictions (from lower level)
   PUTX: 0 # Dirty evictions (from lower level)
   INV: 69 # Invalidates (from upper level)
   INVX: 11 # Downgrades (from upper level)
   FWD: 0 # Forwards (from upper level)
   latGETnl: 103033926 # GET request latency on next level
   latGETnet: 0 # GET request latency on network to next level
  l1d-7: # Filter cache stats
   fhGETS: 768710 # Filtered GETS hits
   fhGETX: 627316 # Filtered GETX hits
   hGETS: 133419 # GETS hits
   hGETX: 138010 # GETX hits
   mGETS: 128952 # GETS misses
   mGETXIM: 250006 # GETX I->M misses
   mGETXSM: 7 # GETX S->M misses (upgrade misses)
   PUTS: 0 # Clean evictions (from lower level)
   PUTX: 0 # Dirty evictions (from lower level)
   INV: 87 # Invalidates (from upper level)
   INVX: 16 # Downgrades (from upper level)
   FWD: 0 # Forwards (from upper level)
   latGETnl: 103031482 # GET request latency on next level
   latGETnet: 0 # GET request latency on network to next level
  l1d-8: # Filter cache stats
   fhGETS: 768783 # Filtered GETS hits
   fhGETX: 627412 # Filtered GETX hits
   hGETS: 133435 # GETS hits
   hGETX: 138026 # GETX hits
   mGETS: 128969 # GETS misses
   mGETXIM: 250069 # GETX I->M misses
   mGETXSM: 7 # GETX S->M misses (upgrade misses)
   PUTS: 0 # Clean evictions (from lower level)
   PUTX: 0 # Dirty evictions (from lower level)
   INV: 70 # Invalidates (from upper level)
   INVX: 9 # Downgrades (from upper level)
   FWD: 0 # Forwards (from upper level)
   latGETnl: 103057545 # GET request latency on next level
   latGETnet: 0 # GET request latency on network to next level
  l1d-9: # Filter cache stats
   fhGETS: 768619 # Filtered GETS hits
   fhGETX: 627271 # Filtered GETX hits
   hGETS: 133417 # GETS hits
   hGETX: 138007 # GETX hits
   mGETS: 128946 # GETS misses
   mGETXIM: 250022 # GETX I->M misses
   mGETXSM: 5 # GETX S->M misses (upgrade misses)
   PUTS: 0 # Clean evictions (from lower level)
   PUTX: 0 # Dirty evictions (from lower level)
   INV: 74 # Invalidates (from upper level)
   INVX: 12 # Downgrades (from upper level)
   FWD: 0 # Forwards (from upper level)
   latGETnl: 103038536 # GET request latency on next level
   latGETnet: 0 # GET request latency on network to next level
  l1d-10: # Filter cache stats
   fhGETS: 768707 # Filtered GETS hits
   fhGETX: 627346 # Filtered GETX hits
   hGETS: 133429 # GETS hits
   hGETX: 138019 # GETX hits
   mGETS: 128959 # GETS misses
   mGETXIM: 250050 # GETX I->M misses
   mGETXSM: 6 # GETX S->M misses (upgrade misses)
   PUTS: 0 # Clean evictions (from lower level)
   PUTX: 0 # Dirty evictions (from lower level)
   INV: 77 # Invalidates (from upper level)
   INVX: 20 # Downgrades (from upper level)
   FWD: 0 # Forwards (from upper level)
   latGETnl: 103050763 # GET request latency on next level
   latGETnet: 0 # GET request latency on network to next level
  l1d-11: # Filter cache stats
   fhGETS: 768915 # Filtered GETS hits
   fhGETX: 627498 # Filtered GETX hits
   hGETS: 133468 # GETS hits
   hGETX: 138025 # GETX hits
   mGETS: 128979 # GETS misses
   mGETXIM: 250087 # GETX I->M misses
   mGETXSM: 11 # GETX S->M misses (upgrade misses)
   PUTS: 0 # Clean evictions (from lower level)
   PUTX: 0 # Dirty evictions (from lower level)
   INV: 70 # Invalidates (from upper level)
   INVX: 11 # Downgrades (from upper level)
   FWD: 0 # Forwards (from upper level)
   latGETnl: 103063647 # GET request latency on next level
   latGETnet: 0 # GET request latency on network to next level
  l1d-12: # Filter cache stats
   fhGETS: 768650 # Filtered GETS hits
   fhGETX: 627293 # Filtered GETX hits
   hGETS: 133404 # GETS hits
   hGETX: 138004 # GETX hits
   mGETS: 128949 # GETS misses
   mGETXIM: 250020 # GETX I->M misses
   mGETXSM: 5 # GETX S->M misses (upgrade misses)
   PUTS: 0 # Clean evictions (from lower level)
   PUTX: 0 # Dirty evictions (from lower level)
   INV: 70 # Invalidates (from upper level)
   INVX: 15 # Downgrades (from upper level)
   FWD: 0 # Forwards (from upper level)
   latGETnl: 103039850 # GET request latency on next level
   latGETnet: 0 # GET request latency on network to next level
  l1d-13: # Filter cache stats
   fhGETS: 768545 # Filtered GETS hits
   fhGETX: 627204 # Filtered GETX hits
   hGETS: 133390 # GETS hits
   hGETX: 137993 # GETX hits
   mGETS: 128935 # GETS misses
   mGETXIM: 249985 # GETX I->M misses
   mGETXSM: 6 # GETX S->M misses (upgrade misses)
   PUTS: 0 # Clean evictions (from lower level)
   PUTX: 0 # Dirty evictions (from lower level)
   INV: 71 # Invalidates (from upper level)
   INVX: 7 # Downgrades (from upper level)
   FWD: 0 # Forwards (from upper level)
   latGETnl: 103026105 # GET request latency on next level
   latGETnet: 0 # GET request latency on network to next level
  l1d-14: # Filter cache stats
   fhGETS: 768616 # Filtered GETS hits
   fhGETX: 627263 # Filtered GETX hits
   hGETS: 133398 # GETS hits
   hGETX: 137993 # GETX hits
   mGETS: 128939 # GETS misses
   mGETXIM: 250019 # GETX I->M misses
   mGETXSM: 6 # GETX S->M misses (upgrade misses)
   PUTS: 0 # Clean evictions (from lower level)
   PUTX: 0 # Dirty evictions (from lower level)
   INV: 76 # Invalidates (from upper level)
   INVX: 2 # Downgrades (from upper level)
   FWD: 0 # Forwards (from upper level)
   latGETnl: 103032068 # GET request latency on next level
   latGETnet: 0 # GET request latency on network to next level
  l1d-15: # Filter cache stats
   fhGETS: 768589 # Filtered GETS hits
   fhGETX: 627243 # Filtered GETX hits
   hGETS: 133410 # GETS hits
   hGETX: 138013 # GETX hits
   mGETS: 128938 # GETS misses
   mGETXIM: 250009 # GETX I->M misses
   mGETXSM: 5 # GETX S->M misses (upgrade misses)
   PUTS: 0 # Clean evictions (from lower level)
   PUTX: 0 # Dirty evictions (from lower level)
   INV: 71 # Invalidates (from upper level)
   INVX: 3 # Downgrades (from upper level)
   FWD: 0 # Forwards (from upper level)
   latGETnl: 103031940 # GET request latency on next level
   latGETnet: 0 # GET request latency on network to next level
  l1d-16: # Filter cache stats
   fhGETS: 768718 # Filtered GETS hits
   fhGETX: 626718 # Filtered GETX hits
   hGETS: 133515 # GETS hits
   hGETX: 137817 # GETX hits
   mGETS: 128773 # GETS misses
   mGETXIM: 249570 # GETX I->M misses
   mGETXSM: 13 # GETX S->M misses (upgrade misses)
   PUTS: 0 # Clean evictions (from lower level)
   PUTX: 0 # Dirty evictions (from lower level)
   INV: 72 # Invalidates (from upper level)
   INVX: 6 # Downgrades (from upper level)
   FWD: 0 # Forwards (from upper level)
   latGETnl: 102860794 # GET request latency on next level
   latGETnet: 0 # GET request latency on network to next level
  l1d-17: # Filter cache stats
   fhGETS: 768724 # Filtered GETS hits
   fhGETX: 627349 # Filtered GETX hits
   hGETS: 133416 # GETS hits
   hGETX: 138020 # GETX hits
   mGETS: 128957 # GETS misses
   mGETXIM: 250045 # GETX I->M misses
   mGETXSM: 7 # GETX S->M misses (upgrade misses)
   PUTS: 0 # Clean evictions (from lower level)
   PUTX: 0 # Dirty evictions (from lower level)
   INV: 70 # Invalidates (from upper level)
   INVX: 3 # Downgrades (from upper level)
   FWD: 0 # Forwards (from upper level)
   latGETnl: 103046628 # GET request latency on next level
   latGETnet: 0 # GET request latency on network to next level
  l1d-18: # Filter cache stats
   fhGETS: 768663 # Filtered GETS hits
   fhGETX: 627305 # Filtered GETX hits
   hGETS: 133406 # GETS hits
   hGETX: 138007 # GETX hits
   mGETS: 128948 # GETS misses
   mGETXIM: 250030 # GETX I->M misses
   mGETXSM: 4 # GETX S->M misses (upgrade misses)
   PUTS: 0 # Clean evictions (from lower level)
   PUTX: 0 # Dirty evictions (from lower level)
   INV: 71 # Invalidates (from upper level)
   INVX: 0 # Downgrades (from upper level)
   FWD: 0 # Forwards (from upper level)
   latGETnl: 103039622 # GET request latency on next level
   latGETnet: 0 # GET request latency on network to next level
  l1d-19: # Filter cache stats
   fhGETS: 768678 # Filtered GETS hits
   fhGETX: 627323 # Filtered GETX hits
   hGETS: 133403 # GETS hits
   hGETX: 138001 # GETX hits
   mGETS: 128950 # GETS misses
   mGETXIM: 250032 # GETX I->M misses
   mGETXSM: 5 # GETX S->M misses (upgrade misses)
   PUTS: 0 # Clean evictions (from lower level)
   PUTX: 0 # Dirty evictions (from lower level)
   INV: 73 # Invalidates (from upper level)
   INVX: 2 # Downgrades (from upper level)
   FWD: 0 # Forwards (from upper level)
   latGETnl: 103039646 # GET request latency on next level
   latGETnet: 0 # GET request latency on network to next level
  l1d-20: # Filter cache stats
   fhGETS: 768720 # Filtered GETS hits
   fhGETX: 627355 # Filtered GETX hits
   hGETS: 133443 # GETS hits
   hGETX: 138036 # GETX hits
   mGETS: 128964 # GETS misses
   mGETXIM: 250050 # GETX I->M misses
   mGETXSM: 5 # GETX S->M misses (upgrade misses)
   PUTS: 0 # Clean evictions (from lower level)
   PUTX: 0 # Dirty evictions (from lower level)
   INV: 69 # Invalidates (from upper level)
   INVX: 2 # Downgrades (from upper level)
   FWD: 0 # Forwards (from upper level)
   latGETnl: 103049475 # GET request latency on next level
   latGETnet: 0 # GET request latency on network to next level
  l1d-21: # Filter cache stats
   fhGETS: 768371 # Filtered GETS hits
   fhGETX: 627072 # Filtered GETX hits
   hGETS: 133351 # GETS hits
   hGETX: 137953 # GETX hits
   mGETS: 128899 # GETS misses
   mGETXIM: 249935 # GETX I->M misses
   mGETXSM: 4 # GETX S->M misses (upgrade misses)
   PUTS: 0 # Clean evictions (from lower level)
   PUTX: 0 # Dirty evictions (from lower level)
   INV: 71 # Invalidates (from upper level)
   INVX: 1 # Downgrades (from upper level)
   FWD: 0 # Forwards (from upper level)
   latGETnl: 102999765 # GET request latency on next level
   latGETnet: 0 # GET request latency on network to next level
  l1d-22: # Filter cache stats
   fhGETS: 768585 # Filtered GETS hits
   fhGETX: 627248 # Filtered GETX hits
   hGETS: 133388 # GETS hits
   hGETX: 137981 # GETX hits
   mGETS: 128931 # GETS misses
   mGETXIM: 250011 # GETX I->M misses
   mGETXSM: 4 # GETX S->M misses (upgrade misses)
   PUTS: 0 # Clean evictions (from lower level)
   PUTX: 0 # Dirty evictions (from lower level)
   INV: 72 # Invalidates (from upper level)
   INVX: 1 # Downgrades (from upper level)
   FWD: 0 # Forwards (from upper level)
   latGETnl: 103028466 # GET request latency on next level
   latGETnet: 0 # GET request latency on network to next level
  l1d-23: # Filter cache stats
   fhGETS: 0 # Filtered GETS hits
   fhGETX: 0 # Filtered GETX hits
   hGETS: 0 # GETS hits
   hGETX: 0 # GETX hits
   mGETS: 0 # GETS misses
   mGETXIM: 0 # GETX I->M misses
   mGETXSM: 0 # GETX S->M misses (upgrade misses)
   PUTS: 0 # Clean evictions (from lower level)
   PUTX: 0 # Dirty evictions (from lower level)
   INV: 0 # Invalidates (from upper level)
   INVX: 0 # Downgrades (from upper level)
   FWD: 0 # Forwards (from upper level)
   latGETnl: 0 # GET request latency on next level
   latGETnet: 0 # GET request latency on network to next level
 l1i: # Cache stats
  l1i-0: # Filter cache stats
   fhGETS: 4241989 # Filtered GETS hits
   fhGETX: 0 # Filtered GETX hits
   hGETS: 121086 # GETS hits
   hGETX: 0 # GETX hits
   mGETS: 815 # GETS misses
   mGETXIM: 0 # GETX I->M misses
   mGETXSM: 0 # GETX S->M misses (upgrade misses)
   PUTS: 0 # Clean evictions (from lower level)
   PUTX: 0 # Dirty evictions (from lower level)
   INV: 792 # Invalidates (from upper level)
   INVX: 0 # Downgrades (from upper level)
   FWD: 0 # Forwards (from upper level)
   latGETnl: 78580 # GET request latency on next level
   latGETnet: 0 # GET request latency on network to next level
  l1i-1: # Filter cache stats
   fhGETS: 4242206 # Filtered GETS hits
   fhGETX: 0 # Filtered GETX hits
   hGETS: 121084 # GETS hits
   hGETX: 0 # GETX hits
   mGETS: 706 # GETS misses
   mGETXIM: 0 # GETX I->M misses
   mGETXSM: 0 # GETX S->M misses (upgrade misses)
   PUTS: 0 # Clean evictions (from lower level)
   PUTX: 0 # Dirty evictions (from lower level)
   INV: 683 # Invalidates (from upper level)
   INVX: 0 # Downgrades (from upper level)
   FWD: 0 # Forwards (from upper level)
   latGETnl: 38582 # GET request latency on next level
   latGETnet: 0 # GET request latency on network to next level
  l1i-2: # Filter cache stats
   fhGETS: 4241276 # Filtered GETS hits
   fhGETX: 0 # Filtered GETX hits
   hGETS: 121069 # GETS hits
   hGETX: 0 # GETX hits
   mGETS: 744 # GETS misses
   mGETXIM: 0 # GETX I->M misses
   mGETXSM: 0 # GETX S->M misses (upgrade misses)
   PUTS: 0 # Clean evictions (from lower level)
   PUTX: 0 # Dirty evictions (from lower level)
   INV: 721 # Invalidates (from upper level)
   INVX: 0 # Downgrades (from upper level)
   FWD: 0 # Forwards (from upper level)
   latGETnl: 44418 # GET request latency on next level
   latGETnet: 0 # GET request latency on network to next level
  l1i-3: # Filter cache stats
   fhGETS: 4242547 # Filtered GETS hits
   fhGETX: 0 # Filtered GETX hits
   hGETS: 121097 # GETS hits
   hGETX: 0 # GETX hits
   mGETS: 709 # GETS misses
   mGETXIM: 0 # GETX I->M misses
   mGETXSM: 0 # GETX S->M misses (upgrade misses)
   PUTS: 0 # Clean evictions (from lower level)
   PUTX: 0 # Dirty evictions (from lower level)
   INV: 686 # Invalidates (from upper level)
   INVX: 0 # Downgrades (from upper level)
   FWD: 0 # Forwards (from upper level)
   latGETnl: 38723 # GET request latency on next level
   latGETnet: 0 # GET request latency on network to next level
  l1i-4: # Filter cache stats
   fhGETS: 4242350 # Filtered GETS hits
   fhGETX: 0 # Filtered GETX hits
   hGETS: 121082 # GETS hits
   hGETX: 0 # GETX hits
   mGETS: 721 # GETS misses
   mGETXIM: 0 # GETX I->M misses
   mGETXSM: 0 # GETX S->M misses (upgrade misses)
   PUTS: 0 # Clean evictions (from lower level)
   PUTX: 0 # Dirty evictions (from lower level)
   INV: 698 # Invalidates (from upper level)
   INVX: 0 # Downgrades (from upper level)
   FWD: 0 # Forwards (from upper level)
   latGETnl: 34337 # GET request latency on next level
   latGETnet: 0 # GET request latency on network to next level
  l1i-5: # Filter cache stats
   fhGETS: 4242166 # Filtered GETS hits
   fhGETX: 0 # Filtered GETX hits
   hGETS: 121093 # GETS hits
   hGETX: 0 # GETX hits
   mGETS: 699 # GETS misses
   mGETXIM: 0 # GETX I->M misses
   mGETXSM: 0 # GETX S->M misses (upgrade misses)
   PUTS: 0 # Clean evictions (from lower level)
   PUTX: 0 # Dirty evictions (from lower level)
   INV: 676 # Invalidates (from upper level)
   INVX: 0 # Downgrades (from upper level)
   FWD: 0 # Forwards (from upper level)
   latGETnl: 33078 # GET request latency on next level
   latGETnet: 0 # GET request latency on network to next level
  l1i-6: # Filter cache stats
   fhGETS: 4241793 # Filtered GETS hits
   fhGETX: 0 # Filtered GETX hits
   hGETS: 121075 # GETS hits
   hGETX: 0 # GETX hits
   mGETS: 689 # GETS misses
   mGETXIM: 0 # GETX I->M misses
   mGETXSM: 0 # GETX S->M misses (upgrade misses)
   PUTS: 0 # Clean evictions (from lower level)
   PUTX: 0 # Dirty evictions (from lower level)
   INV: 666 # Invalidates (from upper level)
   INVX: 0 # Downgrades (from upper level)
   FWD: 0 # Forwards (from upper level)
   latGETnl: 38008 # GET request latency on next level
   latGETnet: 0 # GET request latency on network to next level
  l1i-7: # Filter cache stats
   fhGETS: 4241846 # Filtered GETS hits
   fhGETX: 0 # Filtered GETX hits
   hGETS: 121057 # GETS hits
   hGETX: 0 # GETX hits
   mGETS: 718 # GETS misses
   mGETXIM: 0 # GETX I->M misses
   mGETXSM: 0 # GETX S->M misses (upgrade misses)
   PUTS: 0 # Clean evictions (from lower level)
   PUTX: 0 # Dirty evictions (from lower level)
   INV: 695 # Invalidates (from upper level)
   INVX: 0 # Downgrades (from upper level)
   FWD: 0 # Forwards (from upper level)
   latGETnl: 33746 # GET request latency on next level
   latGETnet: 0 # GET request latency on network to next level
  l1i-8: # Filter cache stats
   fhGETS: 4242913 # Filtered GETS hits
   fhGETX: 0 # Filtered GETX hits
   hGETS: 121094 # GETS hits
   hGETX: 0 # GETX hits
   mGETS: 711 # GETS misses
   mGETXIM: 0 # GETX I->M misses
   mGETXSM: 0 # GETX S->M misses (upgrade misses)
   PUTS: 0 # Clean evictions (from lower level)
   PUTX: 0 # Dirty evictions (from lower level)
   INV: 684 # Invalidates (from upper level)
   INVX: 0 # Downgrades (from upper level)
   FWD: 0 # Forwards (from upper level)
   latGETnl: 37017 # GET request latency on next level
   latGETnet: 0 # GET request latency on network to next level
  l1i-9: # Filter cache stats
   fhGETS: 4242052 # Filtered GETS hits
   fhGETX: 0 # Filtered GETX hits
   hGETS: 121078 # GETS hits
   hGETX: 0 # GETX hits
   mGETS: 705 # GETS misses
   mGETXIM: 0 # GETX I->M misses
   mGETXSM: 0 # GETX S->M misses (upgrade misses)
   PUTS: 0 # Clean evictions (from lower level)
   PUTX: 0 # Dirty evictions (from lower level)
   INV: 682 # Invalidates (from upper level)
   INVX: 0 # Downgrades (from upper level)
   FWD: 0 # Forwards (from upper level)
   latGETnl: 35610 # GET request latency on next level
   latGETnet: 0 # GET request latency on network to next level
  l1i-10: # Filter cache stats
   fhGETS: 4242483 # Filtered GETS hits
   fhGETX: 0 # Filtered GETX hits
   hGETS: 121103 # GETS hits
   hGETX: 0 # GETX hits
   mGETS: 706 # GETS misses
   mGETXIM: 0 # GETX I->M misses
   mGETXSM: 0 # GETX S->M misses (upgrade misses)
   PUTS: 0 # Clean evictions (from lower level)
   PUTX: 0 # Dirty evictions (from lower level)
   INV: 683 # Invalidates (from upper level)
   INVX: 0 # Downgrades (from upper level)
   FWD: 0 # Forwards (from upper level)
   latGETnl: 37457 # GET request latency on next level
   latGETnet: 0 # GET request latency on network to next level
  l1i-11: # Filter cache stats
   fhGETS: 4242923 # Filtered GETS hits
   fhGETX: 0 # Filtered GETX hits
   hGETS: 121166 # GETS hits
   hGETX: 0 # GETX hits
   mGETS: 688 # GETS misses
   mGETXIM: 0 # GETX I->M misses
   mGETXSM: 0 # GETX S->M misses (upgrade misses)
   PUTS: 0 # Clean evictions (from lower level)
   PUTX: 0 # Dirty evictions (from lower level)
   INV: 665 # Invalidates (from upper level)
   INVX: 0 # Downgrades (from upper level)
   FWD: 0 # Forwards (from upper level)
   latGETnl: 34811 # GET request latency on next level
   latGETnet: 0 # GET request latency on network to next level
  l1i-12: # Filter cache stats
   fhGETS: 4242141 # Filtered GETS hits
   fhGETX: 0 # Filtered GETX hits
   hGETS: 121092 # GETS hits
   hGETX: 0 # GETX hits
   mGETS: 680 # GETS misses
   mGETXIM: 0 # GETX I->M misses
   mGETXSM: 0 # GETX S->M misses (upgrade misses)
   PUTS: 0 # Clean evictions (from lower level)
   PUTX: 0 # Dirty evictions (from lower level)
   INV: 657 # Invalidates (from upper level)
   INVX: 0 # Downgrades (from upper level)
   FWD: 0 # Forwards (from upper level)
   latGETnl: 33310 # GET request latency on next level
   latGETnet: 0 # GET request latency on network to next level
  l1i-13: # Filter cache stats
   fhGETS: 4241588 # Filtered GETS hits
   fhGETX: 0 # Filtered GETX hits
   hGETS: 121070 # GETS hits
   hGETX: 0 # GETX hits
   mGETS: 696 # GETS misses
   mGETXIM: 0 # GETX I->M misses
   mGETXSM: 0 # GETX S->M misses (upgrade misses)
   PUTS: 0 # Clean evictions (from lower level)
   PUTX: 0 # Dirty evictions (from lower level)
   INV: 673 # Invalidates (from upper level)
   INVX: 0 # Downgrades (from upper level)
   FWD: 0 # Forwards (from upper level)
   latGETnl: 34062 # GET request latency on next level
   latGETnet: 0 # GET request latency on network to next level
  l1i-14: # Filter cache stats
   fhGETS: 4241968 # Filtered GETS hits
   fhGETX: 0 # Filtered GETX hits
   hGETS: 121065 # GETS hits
   hGETX: 0 # GETX hits
   mGETS: 694 # GETS misses
   mGETXIM: 0 # GETX I->M misses
   mGETXSM: 0 # GETX S->M misses (upgrade misses)
   PUTS: 0 # Clean evictions (from lower level)
   PUTX: 0 # Dirty evictions (from lower level)
   INV: 671 # Invalidates (from upper level)
   INVX: 0 # Downgrades (from upper level)
   FWD: 0 # Forwards (from upper level)
   latGETnl: 33518 # GET request latency on next level
   latGETnet: 0 # GET request latency on network to next level
  l1i-15: # Filter cache stats
   fhGETS: 4241909 # Filtered GETS hits
   fhGETX: 0 # Filtered GETX hits
   hGETS: 121068 # GETS hits
   hGETX: 0 # GETX hits
   mGETS: 691 # GETS misses
   mGETXIM: 0 # GETX I->M misses
   mGETXSM: 0 # GETX S->M misses (upgrade misses)
   PUTS: 0 # Clean evictions (from lower level)
   PUTX: 0 # Dirty evictions (from lower level)
   INV: 668 # Invalidates (from upper level)
   INVX: 0 # Downgrades (from upper level)
   FWD: 0 # Forwards (from upper level)
   latGETnl: 34052 # GET request latency on next level
   latGETnet: 0 # GET request latency on network to next level
  l1i-16: # Filter cache stats
   fhGETS: 4235803 # Filtered GETS hits
   fhGETX: 0 # Filtered GETX hits
   hGETS: 121023 # GETS hits
   hGETX: 0 # GETX hits
   mGETS: 773 # GETS misses
   mGETXIM: 0 # GETX I->M misses
   mGETXSM: 0 # GETX S->M misses (upgrade misses)
   PUTS: 0 # Clean evictions (from lower level)
   PUTX: 0 # Dirty evictions (from lower level)
   INV: 750 # Invalidates (from upper level)
   INVX: 0 # Downgrades (from upper level)
   FWD: 0 # Forwards (from upper level)
   latGETnl: 48706 # GET request latency on next level
   latGETnet: 0 # GET request latency on network to next level
  l1i-17: # Filter cache stats
   fhGETS: 4242531 # Filtered GETS hits
   fhGETX: 0 # Filtered GETX hits
   hGETS: 121106 # GETS hits
   hGETX: 0 # GETX hits
   mGETS: 686 # GETS misses
   mGETXIM: 0 # GETX I->M misses
   mGETXSM: 0 # GETX S->M misses (upgrade misses)
   PUTS: 0 # Clean evictions (from lower level)
   PUTX: 0 # Dirty evictions (from lower level)
   INV: 663 # Invalidates (from upper level)
   INVX: 0 # Downgrades (from upper level)
   FWD: 0 # Forwards (from upper level)
   latGETnl: 33142 # GET request latency on next level
   latGETnet: 0 # GET request latency on network to next level
  l1i-18: # Filter cache stats
   fhGETS: 4242189 # Filtered GETS hits
   fhGETX: 0 # Filtered GETX hits
   hGETS: 121097 # GETS hits
   hGETX: 0 # GETX hits
   mGETS: 686 # GETS misses
   mGETXIM: 0 # GETX I->M misses
   mGETXSM: 0 # GETX S->M misses (upgrade misses)
   PUTS: 0 # Clean evictions (from lower level)
   PUTX: 0 # Dirty evictions (from lower level)
   INV: 663 # Invalidates (from upper level)
   INVX: 0 # Downgrades (from upper level)
   FWD: 0 # Forwards (from upper level)
   latGETnl: 32917 # GET request latency on next level
   latGETnet: 0 # GET request latency on network to next level
  l1i-19: # Filter cache stats
   fhGETS: 4242273 # Filtered GETS hits
   fhGETX: 0 # Filtered GETX hits
   hGETS: 121087 # GETS hits
   hGETX: 0 # GETX hits
   mGETS: 702 # GETS misses
   mGETXIM: 0 # GETX I->M misses
   mGETXSM: 0 # GETX S->M misses (upgrade misses)
   PUTS: 0 # Clean evictions (from lower level)
   PUTX: 0 # Dirty evictions (from lower level)
   INV: 679 # Invalidates (from upper level)
   INVX: 0 # Downgrades (from upper level)
   FWD: 0 # Forwards (from upper level)
   latGETnl: 32994 # GET request latency on next level
   latGETnet: 0 # GET request latency on network to next level
  l1i-20: # Filter cache stats
   fhGETS: 4242644 # Filtered GETS hits
   fhGETX: 0 # Filtered GETX hits
   hGETS: 121109 # GETS hits
   hGETX: 0 # GETX hits
   mGETS: 700 # GETS misses
   mGETXIM: 0 # GETX I->M misses
   mGETXSM: 0 # GETX S->M misses (upgrade misses)
   PUTS: 0 # Clean evictions (from lower level)
   PUTX: 0 # Dirty evictions (from lower level)
   INV: 677 # Invalidates (from upper level)
   INVX: 0 # Downgrades (from upper level)
   FWD: 0 # Forwards (from upper level)
   latGETnl: 32900 # GET request latency on next level
   latGETnet: 0 # GET request latency on network to next level
  l1i-21: # Filter cache stats
   fhGETS: 4240602 # Filtered GETS hits
   fhGETX: 0 # Filtered GETX hits
   hGETS: 121032 # GETS hits
   hGETX: 0 # GETX hits
   mGETS: 697 # GETS misses
   mGETXIM: 0 # GETX I->M misses
   mGETXSM: 0 # GETX S->M misses (upgrade misses)
   PUTS: 0 # Clean evictions (from lower level)
   PUTX: 0 # Dirty evictions (from lower level)
   INV: 674 # Invalidates (from upper level)
   INVX: 0 # Downgrades (from upper level)
   FWD: 0 # Forwards (from upper level)
   latGETnl: 32759 # GET request latency on next level
   latGETnet: 0 # GET request latency on network to next level
  l1i-22: # Filter cache stats
   fhGETS: 4241762 # Filtered GETS hits
   fhGETX: 0 # Filtered GETX hits
   hGETS: 121069 # GETS hits
   hGETX: 0 # GETX hits
   mGETS: 701 # GETS misses
   mGETXIM: 0 # GETX I->M misses
   mGETXSM: 0 # GETX S->M misses (upgrade misses)
   PUTS: 0 # Clean evictions (from lower level)
   PUTX: 0 # Dirty evictions (from lower level)
   INV: 678 # Invalidates (from upper level)
   INVX: 0 # Downgrades (from upper level)
   FWD: 0 # Forwards (from upper level)
   latGETnl: 32947 # GET request latency on next level
   latGETnet: 0 # GET request latency on network to next level
  l1i-23: # Filter cache stats
   fhGETS: 0 # Filtered GETS hits
   fhGETX: 0 # Filtered GETX hits
   hGETS: 0 # GETS hits
   hGETX: 0 # GETX hits
   mGETS: 0 # GETS misses
   mGETXIM: 0 # GETX I->M misses
   mGETXSM: 0 # GETX S->M misses (upgrade misses)
   PUTS: 0 # Clean evictions (from lower level)
   PUTX: 0 # Dirty evictions (from lower level)
   INV: 0 # Invalidates (from upper level)
   INVX: 0 # Downgrades (from upper level)
   FWD: 0 # Forwards (from upper level)
   latGETnl: 0 # GET request latency on next level
   latGETnet: 0 # GET request latency on network to next level
 l2: # Cache stats
  l2-0: # Cache stats
   hGETS: 0 # GETS hits
   hGETX: 0 # GETX hits
   mGETS: 129819 # GETS misses
   mGETXIM: 250035 # GETX I->M misses
   mGETXSM: 7 # GETX S->M misses (upgrade misses)
   PUTS: 128772 # Clean evictions (from lower level)
   PUTX: 249650 # Dirty evictions (from lower level)
   INV: 84333 # Invalidates (from upper level)
   INVX: 87 # Downgrades (from upper level)
   FWD: 0 # Forwards (from upper level)
   latGETnl: 99342737 # GET request latency on next level
   latGETnet: 0 # GET request latency on network to next level
  l2-1: # Cache stats
   hGETS: 0 # GETS hits
   hGETX: 0 # GETX hits
   mGETS: 129670 # GETS misses
   mGETXIM: 250029 # GETX I->M misses
   mGETXSM: 7 # GETX S->M misses (upgrade misses)
   PUTS: 128744 # Clean evictions (from lower level)
   PUTX: 249644 # Dirty evictions (from lower level)
   INV: 44290 # Invalidates (from upper level)
   INVX: 23 # Downgrades (from upper level)
   FWD: 0 # Forwards (from upper level)
   latGETnl: 99282439 # GET request latency on next level
   latGETnet: 0 # GET request latency on network to next level
  l2-2: # Cache stats
   hGETS: 0 # GETS hits
   hGETX: 0 # GETX hits
   mGETS: 129681 # GETS misses
   mGETXIM: 249979 # GETX I->M misses
   mGETXSM: 7 # GETX S->M misses (upgrade misses)
   PUTS: 128718 # Clean evictions (from lower level)
   PUTX: 249607 # Dirty evictions (from lower level)
   INV: 42316 # Invalidates (from upper level)
   INVX: 10 # Downgrades (from upper level)
   FWD: 0 # Forwards (from upper level)
   latGETnl: 99268706 # GET request latency on next level
   latGETnet: 0 # GET request latency on network to next level
  l2-3: # Cache stats
   hGETS: 0 # GETS hits
   hGETX: 0 # GETX hits
   mGETS: 129684 # GETS misses
   mGETXIM: 250049 # GETX I->M misses
   mGETXSM: 8 # GETX S->M misses (upgrade misses)
   PUTS: 128753 # Clean evictions (from lower level)
   PUTX: 249671 # Dirty evictions (from lower level)
   INV: 39980 # Invalidates (from upper level)
   INVX: 32 # Downgrades (from upper level)
   FWD: 0 # Forwards (from upper level)
   latGETnl: 99293591 # GET request latency on next level
   latGETnet: 0 # GET request latency on network to next level
  l2-4: # Cache stats
   hGETS: 0 # GETS hits
   hGETX: 0 # GETX hits
   mGETS: 129695 # GETS misses
   mGETXIM: 250031 # GETX I->M misses
   mGETXSM: 9 # GETX S->M misses (upgrade misses)
   PUTS: 128743 # Clean evictions (from lower level)
   PUTX: 249662 # Dirty evictions (from lower level)
   INV: 40413 # Invalidates (from upper level)
   INVX: 23 # Downgrades (from upper level)
   FWD: 0 # Forwards (from upper level)
   latGETnl: 99283174 # GET request latency on next level
   latGETnet: 0 # GET request latency on network to next level
  l2-5: # Cache stats
   hGETS: 0 # GETS hits
   hGETX: 0 # GETX hits
   mGETS: 129663 # GETS misses
   mGETXIM: 250022 # GETX I->M misses
   mGETXSM: 7 # GETX S->M misses (upgrade misses)
   PUTS: 128740 # Clean evictions (from lower level)
   PUTX: 249650 # Dirty evictions (from lower level)
   INV: 41600 # Invalidates (from upper level)
   INVX: 17 # Downgrades (from upper level)
   FWD: 0 # Forwards (from upper level)
   latGETnl: 99276226 # GET request latency on next level
   latGETnet: 0 # GET request latency on network to next level
  l2-6: # Cache stats
   hGETS: 0 # GETS hits
   hGETX: 0 # GETX hits
   mGETS: 129629 # GETS misses
   mGETXIM: 250005 # GETX I->M misses
   mGETXSM: 5 # GETX S->M misses (upgrade misses)
   PUTS: 128726 # Clean evictions (from lower level)
   PUTX: 249638 # Dirty evictions (from lower level)
   INV: 43138 # Invalidates (from upper level)
   INVX: 11 # Downgrades (from upper level)
   FWD: 0 # Forwards (from upper level)
   latGETnl: 99275544 # GET request latency on next level
   latGETnet: 0 # GET request latency on network to next level
  l2-7: # Cache stats
   hGETS: 0 # GETS hits
   hGETX: 0 # GETX hits
   mGETS: 129670 # GETS misses
   mGETXIM: 250006 # GETX I->M misses
   mGETXSM: 7 # GETX S->M misses (upgrade misses)
   PUTS: 128731 # Clean evictions (from lower level)
   PUTX: 249628 # Dirty evictions (from lower level)
   INV: 77575 # Invalidates (from upper level)
   INVX: 17 # Downgrades (from upper level)
   FWD: 0 # Forwards (from upper level)
   latGETnl: 99268398 # GET request latency on next level
   latGETnet: 0 # GET request latency on network to next level
  l2-8: # Cache stats
   hGETS: 0 # GETS hits
   hGETX: 0 # GETX hits
   mGETS: 129680 # GETS misses
   mGETXIM: 250069 # GETX I->M misses
   mGETXSM: 7 # GETX S->M misses (upgrade misses)
   PUTS: 128759 # Clean evictions (from lower level)
   PUTX: 249697 # Dirty evictions (from lower level)
   INV: 50816 # Invalidates (from upper level)
   INVX: 9 # Downgrades (from upper level)
   FWD: 0 # Forwards (from upper level)
   latGETnl: 99297002 # GET request latency on next level
   latGETnet: 0 # GET request latency on network to next level
  l2-9: # Cache stats
   hGETS: 0 # GETS hits
   hGETX: 0 # GETX hits
   mGETS: 129651 # GETS misses
   mGETXIM: 250022 # GETX I->M misses
   mGETXSM: 5 # GETX S->M misses (upgrade misses)
   PUTS: 128730 # Clean evictions (from lower level)
   PUTX: 249652 # Dirty evictions (from lower level)
   INV: 40076 # Invalidates (from upper level)
   INVX: 12 # Downgrades (from upper level)
   FWD: 0 # Forwards (from upper level)
   latGETnl: 99277366 # GET request latency on next level
   latGETnet: 0 # GET request latency on network to next level
  l2-10: # Cache stats
   hGETS: 0 # GETS hits
   hGETX: 0 # GETX hits
   mGETS: 129665 # GETS misses
   mGETXIM: 250051 # GETX I->M misses
   mGETXSM: 5 # GETX S->M misses (upgrade misses)
   PUTS: 128747 # Clean evictions (from lower level)
   PUTX: 249674 # Dirty evictions (from lower level)
   INV: 37558 # Invalidates (from upper level)
   INVX: 20 # Downgrades (from upper level)
   FWD: 0 # Forwards (from upper level)
   latGETnl: 99291010 # GET request latency on next level
   latGETnet: 0 # GET request latency on network to next level
  l2-11: # Cache stats
   hGETS: 0 # GETS hits
   hGETX: 0 # GETX hits
   mGETS: 129667 # GETS misses
   mGETXIM: 250087 # GETX I->M misses
   mGETXSM: 11 # GETX S->M misses (upgrade misses)
   PUTS: 128760 # Clean evictions (from lower level)
   PUTX: 249724 # Dirty evictions (from lower level)
   INV: 99955 # Invalidates (from upper level)
   INVX: 19 # Downgrades (from upper level)
   FWD: 0 # Forwards (from upper level)
   latGETnl: 99300808 # GET request latency on next level
   latGETnet: 0 # GET request latency on network to next level
  l2-12: # Cache stats
   hGETS: 0 # GETS hits
   hGETX: 0 # GETX hits
   mGETS: 129629 # GETS misses
   mGETXIM: 250020 # GETX I->M misses
   mGETXSM: 5 # GETX S->M misses (upgrade misses)
   PUTS: 128730 # Clean evictions (from lower level)
   PUTX: 249657 # Dirty evictions (from lower level)
   INV: 40492 # Invalidates (from upper level)
   INVX: 15 # Downgrades (from upper level)
   FWD: 0 # Forwards (from upper level)
   latGETnl: 99276620 # GET request latency on next level
   latGETnet: 0 # GET request latency on network to next level
  l2-13: # Cache stats
   hGETS: 0 # GETS hits
   hGETX: 0 # GETX hits
   mGETS: 129631 # GETS misses
   mGETXIM: 249985 # GETX I->M misses
   mGETXSM: 6 # GETX S->M misses (upgrade misses)
   PUTS: 128712 # Clean evictions (from lower level)
   PUTX: 249625 # Dirty evictions (from lower level)
   INV: 56813 # Invalidates (from upper level)
   INVX: 7 # Downgrades (from upper level)
   FWD: 0 # Forwards (from upper level)
   latGETnl: 99263947 # GET request latency on next level
   latGETnet: 0 # GET request latency on network to next level
  l2-14: # Cache stats
   hGETS: 0 # GETS hits
   hGETX: 0 # GETX hits
   mGETS: 129633 # GETS misses
   mGETXIM: 250019 # GETX I->M misses
   mGETXSM: 6 # GETX S->M misses (upgrade misses)
   PUTS: 128729 # Clean evictions (from lower level)
   PUTX: 249641 # Dirty evictions (from lower level)
   INV: 38301 # Invalidates (from upper level)
   INVX: 2 # Downgrades (from upper level)
   FWD: 0 # Forwards (from upper level)
   latGETnl: 99269006 # GET request latency on next level
   latGETnet: 0 # GET request latency on network to next level
  l2-15: # Cache stats
   hGETS: 0 # GETS hits
   hGETX: 0 # GETX hits
   mGETS: 129629 # GETS misses
   mGETXIM: 250009 # GETX I->M misses
   mGETXSM: 5 # GETX S->M misses (upgrade misses)
   PUTS: 128727 # Clean evictions (from lower level)
   PUTX: 249637 # Dirty evictions (from lower level)
   INV: 40424 # Invalidates (from upper level)
   INVX: 3 # Downgrades (from upper level)
   FWD: 0 # Forwards (from upper level)
   latGETnl: 99269562 # GET request latency on next level
   latGETnet: 0 # GET request latency on network to next level
  l2-16: # Cache stats
   hGETS: 0 # GETS hits
   hGETX: 0 # GETX hits
   mGETS: 129546 # GETS misses
   mGETXIM: 249570 # GETX I->M misses
   mGETXSM: 13 # GETX S->M misses (upgrade misses)
   PUTS: 128553 # Clean evictions (from lower level)
   PUTX: 249207 # Dirty evictions (from lower level)
   INV: 71043 # Invalidates (from upper level)
   INVX: 6 # Downgrades (from upper level)
   FWD: 0 # Forwards (from upper level)
   latGETnl: 99118210 # GET request latency on next level
   latGETnet: 0 # GET request latency on network to next level
  l2-17: # Cache stats
   hGETS: 0 # GETS hits
   hGETX: 0 # GETX hits
   mGETS: 129643 # GETS misses
   mGETXIM: 250045 # GETX I->M misses
   mGETXSM: 7 # GETX S->M misses (upgrade misses)
   PUTS: 128747 # Clean evictions (from lower level)
   PUTX: 249674 # Dirty evictions (from lower level)
   INV: 58365 # Invalidates (from upper level)
   INVX: 3 # Downgrades (from upper level)
   FWD: 0 # Forwards (from upper level)
   latGETnl: 99282820 # GET request latency on next level
   latGETnet: 0 # GET request latency on network to next level
  l2-18: # Cache stats
   hGETS: 0 # GETS hits
   hGETX: 0 # GETX hits
   mGETS: 129634 # GETS misses
   mGETXIM: 250030 # GETX I->M misses
   mGETXSM: 4 # GETX S->M misses (upgrade misses)
   PUTS: 128736 # Clean evictions (from lower level)
   PUTX: 249660 # Dirty evictions (from lower level)
   INV: 78486 # Invalidates (from upper level)
   INVX: 0 # Downgrades (from upper level)
   FWD: 0 # Forwards (from upper level)
   latGETnl: 99275859 # GET request latency on next level
   latGETnet: 0 # GET request latency on network to next level
  l2-19: # Cache stats
   hGETS: 0 # GETS hits
   hGETX: 0 # GETX hits
   mGETS: 129652 # GETS misses
   mGETXIM: 250032 # GETX I->M misses
   mGETXSM: 5 # GETX S->M misses (upgrade misses)
   PUTS: 128735 # Clean evictions (from lower level)
   PUTX: 249662 # Dirty evictions (from lower level)
   INV: 38526 # Invalidates (from upper level)
   INVX: 2 # Downgrades (from upper level)
   FWD: 0 # Forwards (from upper level)
   latGETnl: 99275750 # GET request latency on next level
   latGETnet: 0 # GET request latency on network to next level
  l2-20: # Cache stats
   hGETS: 0 # GETS hits
   hGETX: 0 # GETX hits
   mGETS: 129664 # GETS misses
   mGETXIM: 250050 # GETX I->M misses
   mGETXSM: 5 # GETX S->M misses (upgrade misses)
   PUTS: 128748 # Clean evictions (from lower level)
   PUTX: 249685 # Dirty evictions (from lower level)
   INV: 40290 # Invalidates (from upper level)
   INVX: 2 # Downgrades (from upper level)
   FWD: 0 # Forwards (from upper level)
   latGETnl: 99285185 # GET request latency on next level
   latGETnet: 0 # GET request latency on network to next level
  l2-21: # Cache stats
   hGETS: 0 # GETS hits
   hGETX: 0 # GETX hits
   mGETS: 129596 # GETS misses
   mGETXIM: 249935 # GETX I->M misses
   mGETXSM: 4 # GETX S->M misses (upgrade misses)
   PUTS: 128686 # Clean evictions (from lower level)
   PUTX: 249565 # Dirty evictions (from lower level)
   INV: 104342 # Invalidates (from upper level)
   INVX: 1 # Downgrades (from upper level)
   FWD: 0 # Forwards (from upper level)
   latGETnl: 99237174 # GET request latency on next level
   latGETnet: 0 # GET request latency on network to next level
  l2-22: # Cache stats
   hGETS: 0 # GETS hits
   hGETX: 0 # GETX hits
   mGETS: 129632 # GETS misses
   mGETXIM: 250011 # GETX I->M misses
   mGETXSM: 4 # GETX S->M misses (upgrade misses)
   PUTS: 128723 # Clean evictions (from lower level)
   PUTX: 249635 # Dirty evictions (from lower level)
   INV: 57754 # Invalidates (from upper level)
   INVX: 1 # Downgrades (from upper level)
   FWD: 0 # Forwards (from upper level)
   latGETnl: 99264943 # GET request latency on next level
   latGETnet: 0 # GET request latency on network to next level
  l2-23: # Cache stats
   hGETS: 0 # GETS hits
   hGETX: 0 # GETX hits
   mGETS: 0 # GETS misses
   mGETXIM: 0 # GETX I->M misses
   mGETXSM: 0 # GETX S->M misses (upgrade misses)
   PUTS: 0 # Clean evictions (from lower level)
   PUTX: 0 # Dirty evictions (from lower level)
   INV: 0 # Invalidates (from upper level)
   INVX: 0 # Downgrades (from upper level)
   FWD: 0 # Forwards (from upper level)
   latGETnl: 0 # GET request latency on next level
   latGETnet: 0 # GET request latency on network to next level
 l3: # Cache stats
  l3-0b0: # Cache stats
   hGETS: 740 # GETS hits
   hGETX: 17 # GETX hits
   mGETS: 123511 # GETS misses
   mGETXIM: 239575 # GETX I->M misses
   mGETXSM: 0 # GETX S->M misses (upgrade misses)
   PUTS: 103340 # Clean evictions (from lower level)
   PUTX: 192552 # Dirty evictions (from lower level)
   INV: 0 # Invalidates (from upper level)
   INVX: 0 # Downgrades (from upper level)
   FWD: 0 # Forwards (from upper level)
   latGETnl: 81694350 # GET request latency on next level
   latGETnet: 0 # GET request latency on network to next level
  l3-0b1: # Cache stats
   hGETS: 763 # GETS hits
   hGETX: 29 # GETX hits
   mGETS: 123502 # GETS misses
   mGETXIM: 239582 # GETX I->M misses
   mGETXSM: 0 # GETX S->M misses (upgrade misses)
   PUTS: 103351 # Clean evictions (from lower level)
   PUTX: 192699 # Dirty evictions (from lower level)
   INV: 0 # Invalidates (from upper level)
   INVX: 0 # Downgrades (from upper level)
   FWD: 0 # Forwards (from upper level)
   latGETnl: 81693900 # GET request latency on next level
   latGETnet: 0 # GET request latency on network to next level
  l3-0b2: # Cache stats
   hGETS: 732 # GETS hits
   hGETX: 27 # GETX hits
   mGETS: 123493 # GETS misses
   mGETXIM: 239578 # GETX I->M misses
   mGETXSM: 0 # GETX S->M misses (upgrade misses)
   PUTS: 103390 # Clean evictions (from lower level)
   PUTX: 192673 # Dirty evictions (from lower level)
   INV: 0 # Invalidates (from upper level)
   INVX: 0 # Downgrades (from upper level)
   FWD: 0 # Forwards (from upper level)
   latGETnl: 81690975 # GET request latency on next level
   latGETnet: 0 # GET request latency on network to next level
  l3-0b3: # Cache stats
   hGETS: 796 # GETS hits
   hGETX: 16 # GETX hits
   mGETS: 123508 # GETS misses
   mGETXIM: 239582 # GETX I->M misses
   mGETXSM: 0 # GETX S->M misses (upgrade misses)
   PUTS: 103448 # Clean evictions (from lower level)
   PUTX: 192529 # Dirty evictions (from lower level)
   INV: 0 # Invalidates (from upper level)
   INVX: 0 # Downgrades (from upper level)
   FWD: 0 # Forwards (from upper level)
   latGETnl: 81695250 # GET request latency on next level
   latGETnet: 0 # GET request latency on network to next level
  l3-0b4: # Cache stats
   hGETS: 685 # GETS hits
   hGETX: 58 # GETX hits
   mGETS: 123522 # GETS misses
   mGETXIM: 239580 # GETX I->M misses
   mGETXSM: 0 # GETX S->M misses (upgrade misses)
   PUTS: 103475 # Clean evictions (from lower level)
   PUTX: 192645 # Dirty evictions (from lower level)
   INV: 0 # Invalidates (from upper level)
   INVX: 0 # Downgrades (from upper level)
   FWD: 0 # Forwards (from upper level)
   latGETnl: 81697950 # GET request latency on next level
   latGETnet: 0 # GET request latency on network to next level
  l3-0b5: # Cache stats
   hGETS: 768 # GETS hits
   hGETX: 83 # GETX hits
   mGETS: 123555 # GETS misses
   mGETXIM: 239575 # GETX I->M misses
   mGETXSM: 0 # GETX S->M misses (upgrade misses)
   PUTS: 103358 # Clean evictions (from lower level)
   PUTX: 192475 # Dirty evictions (from lower level)
   INV: 0 # Invalidates (from upper level)
   INVX: 0 # Downgrades (from upper level)
   FWD: 0 # Forwards (from upper level)
   latGETnl: 81704250 # GET request latency on next level
   latGETnet: 0 # GET request latency on network to next level
  l3-0b6: # Cache stats
   hGETS: 632 # GETS hits
   hGETX: 42 # GETX hits
   mGETS: 123533 # GETS misses
   mGETXIM: 239579 # GETX I->M misses
   mGETXSM: 0 # GETX S->M misses (upgrade misses)
   PUTS: 103237 # Clean evictions (from lower level)
   PUTX: 192678 # Dirty evictions (from lower level)
   INV: 0 # Invalidates (from upper level)
   INVX: 0 # Downgrades (from upper level)
   FWD: 0 # Forwards (from upper level)
   latGETnl: 81700200 # GET request latency on next level
   latGETnet: 0 # GET request latency on network to next level
  l3-0b7: # Cache stats
   hGETS: 1324 # GETS hits
   hGETX: 55 # GETX hits
   mGETS: 123537 # GETS misses
   mGETXIM: 239580 # GETX I->M misses
   mGETXSM: 0 # GETX S->M misses (upgrade misses)
   PUTS: 103980 # Clean evictions (from lower level)
   PUTX: 192682 # Dirty evictions (from lower level)
   INV: 0 # Invalidates (from upper level)
   INVX: 0 # Downgrades (from upper level)
   FWD: 0 # Forwards (from upper level)
   latGETnl: 81701325 # GET request latency on next level
   latGETnet: 0 # GET request latency on network to next level
  l3-0b8: # Cache stats
   hGETS: 773 # GETS hits
   hGETX: 76 # GETX hits
   mGETS: 123371 # GETS misses
   mGETXIM: 239590 # GETX I->M misses
   mGETXSM: 0 # GETX S->M misses (upgrade misses)
   PUTS: 103472 # Clean evictions (from lower level)
   PUTX: 192946 # Dirty evictions (from lower level)
   INV: 0 # Invalidates (from upper level)
   INVX: 0 # Downgrades (from upper level)
   FWD: 0 # Forwards (from upper level)
   latGETnl: 81666225 # GET request latency on next level
   latGETnet: 0 # GET request latency on network to next level
  l3-0b9: # Cache stats
   hGETS: 778 # GETS hits
   hGETX: 78 # GETX hits
   mGETS: 123412 # GETS misses
   mGETXIM: 239582 # GETX I->M misses
   mGETXSM: 0 # GETX S->M misses (upgrade misses)
   PUTS: 103423 # Clean evictions (from lower level)
   PUTX: 192844 # Dirty evictions (from lower level)
   INV: 0 # Invalidates (from upper level)
   INVX: 0 # Downgrades (from upper level)
   FWD: 0 # Forwards (from upper level)
   latGETnl: 81673650 # GET request latency on next level
   latGETnet: 0 # GET request latency on network to next level
  l3-0b10: # Cache stats
   hGETS: 899 # GETS hits
   hGETX: 71 # GETX hits
   mGETS: 123442 # GETS misses
   mGETXIM: 239592 # GETX I->M misses
   mGETXSM: 0 # GETX S->M misses (upgrade misses)
   PUTS: 103338 # Clean evictions (from lower level)
   PUTX: 192848 # Dirty evictions (from lower level)
   INV: 0 # Invalidates (from upper level)
   INVX: 0 # Downgrades (from upper level)
   FWD: 0 # Forwards (from upper level)
   latGETnl: 81682650 # GET request latency on next level
   latGETnet: 0 # GET request latency on network to next level
  l3-0b11: # Cache stats
   hGETS: 877 # GETS hits
   hGETX: 68 # GETX hits
   mGETS: 123422 # GETS misses
   mGETXIM: 239586 # GETX I->M misses
   mGETXSM: 0 # GETX S->M misses (upgrade misses)
   PUTS: 103441 # Clean evictions (from lower level)
   PUTX: 192787 # Dirty evictions (from lower level)
   INV: 0 # Invalidates (from upper level)
   INVX: 0 # Downgrades (from upper level)
   FWD: 0 # Forwards (from upper level)
   latGETnl: 81676800 # GET request latency on next level
   latGETnet: 0 # GET request latency on network to next level
  l3-0b12: # Cache stats
   hGETS: 888 # GETS hits
   hGETX: 24 # GETX hits
   mGETS: 123428 # GETS misses
   mGETXIM: 239582 # GETX I->M misses
   mGETXSM: 0 # GETX S->M misses (upgrade misses)
   PUTS: 103358 # Clean evictions (from lower level)
   PUTX: 192888 # Dirty evictions (from lower level)
   INV: 0 # Invalidates (from upper level)
   INVX: 0 # Downgrades (from upper level)
   FWD: 0 # Forwards (from upper level)
   latGETnl: 81677250 # GET request latency on next level
   latGETnet: 0 # GET request latency on network to next level
  l3-0b13: # Cache stats
   hGETS: 873 # GETS hits
   hGETX: 41 # GETX hits
   mGETS: 123358 # GETS misses
   mGETXIM: 239595 # GETX I->M misses
   mGETXSM: 0 # GETX S->M misses (upgrade misses)
   PUTS: 103479 # Clean evictions (from lower level)
   PUTX: 192885 # Dirty evictions (from lower level)
   INV: 0 # Invalidates (from upper level)
   INVX: 0 # Downgrades (from upper level)
   FWD: 0 # Forwards (from upper level)
   latGETnl: 81664425 # GET request latency on next level
   latGETnet: 0 # GET request latency on network to next level
  l3-0b14: # Cache stats
   hGETS: 832 # GETS hits
   hGETX: 51 # GETX hits
   mGETS: 123405 # GETS misses
   mGETXIM: 239589 # GETX I->M misses
   mGETXSM: 0 # GETX S->M misses (upgrade misses)
   PUTS: 103453 # Clean evictions (from lower level)
   PUTX: 193041 # Dirty evictions (from lower level)
   INV: 0 # Invalidates (from upper level)
   INVX: 0 # Downgrades (from upper level)
   FWD: 0 # Forwards (from upper level)
   latGETnl: 81673650 # GET request latency on next level
   latGETnet: 0 # GET request latency on network to next level
  l3-0b15: # Cache stats
   hGETS: 822 # GETS hits
   hGETX: 34 # GETX hits
   mGETS: 123422 # GETS misses
   mGETXIM: 239593 # GETX I->M misses
   mGETXSM: 0 # GETX S->M misses (upgrade misses)
   PUTS: 103461 # Clean evictions (from lower level)
   PUTX: 192841 # Dirty evictions (from lower level)
   INV: 0 # Invalidates (from upper level)
   INVX: 0 # Downgrades (from upper level)
   FWD: 0 # Forwards (from upper level)
   latGETnl: 81678375 # GET request latency on next level
   latGETnet: 0 # GET request latency on network to next level
  l3-0b16: # Cache stats
   hGETS: 766 # GETS hits
   hGETX: 21 # GETX hits
   mGETS: 123440 # GETS misses
   mGETXIM: 239495 # GETX I->M misses
   mGETXSM: 0 # GETX S->M misses (upgrade misses)
   PUTS: 103337 # Clean evictions (from lower level)
   PUTX: 192776 # Dirty evictions (from lower level)
   INV: 0 # Invalidates (from upper level)
   INVX: 0 # Downgrades (from upper level)
   FWD: 0 # Forwards (from upper level)
   latGETnl: 81660375 # GET request latency on next level
   latGETnet: 0 # GET request latency on network to next level
  l3-0b17: # Cache stats
   hGETS: 391 # GETS hits
   hGETX: 17 # GETX hits
   mGETS: 123420 # GETS misses
   mGETXIM: 239488 # GETX I->M misses
   mGETXSM: 0 # GETX S->M misses (upgrade misses)
   PUTS: 102956 # Clean evictions (from lower level)
   PUTX: 192821 # Dirty evictions (from lower level)
   INV: 0 # Invalidates (from upper level)
   INVX: 0 # Downgrades (from upper level)
   FWD: 0 # Forwards (from upper level)
   latGETnl: 81654300 # GET request latency on next level
   latGETnet: 0 # GET request latency on network to next level
  l3-0b18: # Cache stats
   hGETS: 799 # GETS hits
   hGETX: 35 # GETX hits
   mGETS: 123399 # GETS misses
   mGETXIM: 239493 # GETX I->M misses
   mGETXSM: 0 # GETX S->M misses (upgrade misses)
   PUTS: 103473 # Clean evictions (from lower level)
   PUTX: 192797 # Dirty evictions (from lower level)
   INV: 0 # Invalidates (from upper level)
   INVX: 0 # Downgrades (from upper level)
   FWD: 0 # Forwards (from upper level)
   latGETnl: 81650700 # GET request latency on next level
   latGETnet: 0 # GET request latency on network to next level
  l3-0b19: # Cache stats
   hGETS: 853 # GETS hits
   hGETX: 59 # GETX hits
   mGETS: 123402 # GETS misses
   mGETXIM: 239487 # GETX I->M misses
   mGETXSM: 0 # GETX S->M misses (upgrade misses)
   PUTS: 103422 # Clean evictions (from lower level)
   PUTX: 192886 # Dirty evictions (from lower level)
   INV: 0 # Invalidates (from upper level)
   INVX: 0 # Downgrades (from upper level)
   FWD: 0 # Forwards (from upper level)
   latGETnl: 81650025 # GET request latency on next level
   latGETnet: 0 # GET request latency on network to next level
  l3-0b20: # Cache stats
   hGETS: 847 # GETS hits
   hGETX: 37 # GETX hits
   mGETS: 123366 # GETS misses
   mGETXIM: 239494 # GETX I->M misses
   mGETXSM: 0 # GETX S->M misses (upgrade misses)
   PUTS: 103278 # Clean evictions (from lower level)
   PUTX: 192997 # Dirty evictions (from lower level)
   INV: 0 # Invalidates (from upper level)
   INVX: 0 # Downgrades (from upper level)
   FWD: 0 # Forwards (from upper level)
   latGETnl: 81643500 # GET request latency on next level
   latGETnet: 0 # GET request latency on network to next level
  l3-0b21: # Cache stats
   hGETS: 886 # GETS hits
   hGETX: 30 # GETX hits
   mGETS: 123421 # GETS misses
   mGETXIM: 239489 # GETX I->M misses
   mGETXSM: 0 # GETX S->M misses (upgrade misses)
   PUTS: 103537 # Clean evictions (from lower level)
   PUTX: 192842 # Dirty evictions (from lower level)
   INV: 0 # Invalidates (from upper level)
   INVX: 0 # Downgrades (from upper level)
   FWD: 0 # Forwards (from upper level)
   latGETnl: 81654750 # GET request latency on next level
   latGETnet: 0 # GET request latency on network to next level
  l3-0b22: # Cache stats
   hGETS: 933 # GETS hits
   hGETX: 6 # GETX hits
   mGETS: 123389 # GETS misses
   mGETXIM: 239491 # GETX I->M misses
   mGETXSM: 0 # GETX S->M misses (upgrade misses)
   PUTS: 103442 # Clean evictions (from lower level)
   PUTX: 192832 # Dirty evictions (from lower level)
   INV: 0 # Invalidates (from upper level)
   INVX: 0 # Downgrades (from upper level)
   FWD: 0 # Forwards (from upper level)
   latGETnl: 81648000 # GET request latency on next level
   latGETnet: 0 # GET request latency on network to next level
  l3-0b23: # Cache stats
   hGETS: 789 # GETS hits
   hGETX: 0 # GETX hits
   mGETS: 123359 # GETS misses
   mGETXIM: 239488 # GETX I->M misses
   mGETXSM: 0 # GETX S->M misses (upgrade misses)
   PUTS: 103257 # Clean evictions (from lower level)
   PUTX: 192921 # Dirty evictions (from lower level)
   INV: 0 # Invalidates (from upper level)
   INVX: 0 # Downgrades (from upper level)
   FWD: 0 # Forwards (from upper level)
   latGETnl: 81640575 # GET request latency on next level
   latGETnet: 0 # GET request latency on network to next level
 mem: # Memory controller stats
  mem-0: # Memory controller stats
   rd: 8657336 # Read requests
   wr: 5349318 # Write requests
   rdlat: 8020765015 # Total latency experienced by read requests
   wrlat: 5120931795 # Total latency experienced by write requests
 sched: # Scheduler stats
  thCr: 25 # Threads created
  thFn: 25 # Threads finished
  schedEvs: 28 # Schedule events
  waitEvs: 3 # Wait events
  handoffEvs: 1 # Handoff events
  sleepEvs: 1 # Sleep events
  idlePhases: 0 # Phases with no thread active
  idlePeriods: 0 # Periods with no thread active
  occHist: # Occupancy histogram
   0: 0
   1: 36
   2: 0
   3: 2
   4: 2
   5: 1
   6: 1
   7: 0
   8: 1
   9: 0
   10: 0
   11: 0
   12: 1
   13: 0
   14: 1
   15: 0
   16: 0
   17: 1
   18: 0
   19: 0
   20: 1
   21: 0
   22: 0
   23: 44217
   24: 0
  rqSzHist: # Run queue size histogram
   0: 44235
   1: 29
   2: 0
   3: 0
   4: 0
   5: 0
   6: 0
   7: 0
   8: 0
   9: 0
   10: 0
   11: 0
   12: 0
   13: 0
   14: 0
   15: 0
   16: 0
   17: 0
   18: 0
   19: 0
   20: 0
   21: 0
   22: 0
   23: 0
   24: 0
 procCycles: # Per-process unhalted core cycles
  0: 1017137883
  1: 0
  2: 0
  3: 0
  4: 0
  5: 0
  6: 0
  7: 0
  8: 0
  9: 0
  10: 0
  11: 0
  12: 0
  13: 0
  14: 0
  15: 0
  16: 0
  17: 0
  18: 0
  19: 0
  20: 0
  21: 0
  22: 0
  23: 0
  24: 0
  25: 0
  26: 0
  27: 0
  28: 0
  29: 0
  30: 0
  31: 0
  32: 0
  33: 0
  34: 0
  35: 0
  36: 0
  37: 0
  38: 0
  39: 0
  40: 0
  41: 0
  42: 0
  43: 0
  44: 0
  45: 0
  46: 0
  47: 0
  48: 0
  49: 0
  50: 0
  51: 0
  52: 0
  53: 0
  54: 0
  55: 0
  56: 0
  57: 0
  58: 0
  59: 0
  60: 0
  61: 0
  62: 0
  63: 0
 procInstrs: # Per-process instructions
  0: 284543953
  1: 0
  2: 0
  3: 0
  4: 0
  5: 0
  6: 0
  7: 0
  8: 0
  9: 0
  10: 0
  11: 0
  12: 0
  13: 0
  14: 0
  15: 0
  16: 0
  17: 0
  18: 0
  19: 0
  20: 0
  21: 0
  22: 0
  23: 0
  24: 0
  25: 0
  26: 0
  27: 0
  28: 0
  29: 0
  30: 0
  31: 0
  32: 0
  33: 0
  34: 0
  35: 0
  36: 0
  37: 0
  38: 0
  39: 0
  40: 0
  41: 0
  42: 0
  43: 0
  44: 0
  45: 0
  46: 0
  47: 0
  48: 0
  49: 0
  50: 0
  51: 0
  52: 0
  53: 0
  54: 0
  55: 0
  56: 0
  57: 0
  58: 0
  59: 0
  60: 0
  61: 0
  62: 0
  63: 0
 heartbeats: # Per-process heartbeats
  0: 0
  1: 0
  2: 0
  3: 0
  4: 0
  5: 0
  6: 0
  7: 0
  8: 0
  9: 0
  10: 0
  11: 0
  12: 0
  13: 0
  14: 0
  15: 0
  16: 0
  17: 0
  18: 0
  19: 0
  20: 0
  21: 0
  22: 0
  23: 0
  24: 0
  25: 0
  26: 0
  27: 0
  28: 0
  29: 0
  30: 0
  31: 0
  32: 0
  33: 0
  34: 0
  35: 0
  36: 0
  37: 0
  38: 0
  39: 0
  40: 0
  41: 0
  42: 0
  43: 0
  44: 0
  45: 0
  46: 0
  47: 0
  48: 0
  49: 0
  50: 0
  51: 0
  52: 0
  53: 0
  54: 0
  55: 0
  56: 0
  57: 0
  58: 0
  59: 0
  60: 0
  61: 0
  62: 0
  63: 0
===
