# zsim stats
===
root: # Stats
 contention: # Contention simulation stats
  domain-0: # Domain stats
   time: 11755656683 # Weave simulation time
 time: # Simulator time breakdown
  init: 3066172772
  bound: 895431720747
  weave: 18485780585
  ff: 231020
 trigger: 20000 # Reason for this stats dump
 phase: 223937 # Simulated phases
 reqCycles: 0 # Requeue Cycles
 skylake: # Core stats
  skylake-0: # Core stats
   cycles: 223937001 # Simulated unhalted cycles
   cCycles: 1530105 # Cycles due to contention stalls
   instrs: 331943399 # Simulated instructions
   uops: 223300350 # issued micro-ops
   bbls: 110104106 # Basic blocks
   approxInstrs: 943621 # Instrs with approx uop decoding
   mispredBranches: 137262 # Mispredicted branches
   IdqNotDelivered: 222406896 # Stalls no uop delivered when no Bkend Stall
   IntMiscRecoveryCycles: 1108345 # Stalls waiting machine clears
   uops executed: 224074268 # Executed microoperations
  skylake-1: # Core stats
   cycles: 223913179 # Simulated unhalted cycles
   cCycles: 1530112 # Cycles due to contention stalls
   instrs: 331942973 # Simulated instructions
   uops: 223299539 # issued micro-ops
   bbls: 110104134 # Basic blocks
   approxInstrs: 943619 # Instrs with approx uop decoding
   mispredBranches: 137236 # Mispredicted branches
   IdqNotDelivered: 222383067 # Stalls no uop delivered when no Bkend Stall
   IntMiscRecoveryCycles: 1103763 # Stalls waiting machine clears
   uops executed: 224073430 # Executed microoperations
  skylake-2: # Core stats
   cycles: 223910533 # Simulated unhalted cycles
   cCycles: 1530122 # Cycles due to contention stalls
   instrs: 331939577 # Simulated instructions
   uops: 223296994 # issued micro-ops
   bbls: 110103080 # Basic blocks
   approxInstrs: 943608 # Instrs with approx uop decoding
   mispredBranches: 137229 # Mispredicted branches
   IdqNotDelivered: 222380411 # Stalls no uop delivered when no Bkend Stall
   IntMiscRecoveryCycles: 1104514 # Stalls waiting machine clears
   uops executed: 224070945 # Executed microoperations
  skylake-3: # Core stats
   cycles: 223911694 # Simulated unhalted cycles
   cCycles: 1530096 # Cycles due to contention stalls
   instrs: 331941850 # Simulated instructions
   uops: 223298653 # issued micro-ops
   bbls: 110103793 # Basic blocks
   approxInstrs: 943615 # Instrs with approx uop decoding
   mispredBranches: 137228 # Mispredicted branches
   IdqNotDelivered: 222381598 # Stalls no uop delivered when no Bkend Stall
   IntMiscRecoveryCycles: 1103786 # Stalls waiting machine clears
   uops executed: 224072565 # Executed microoperations
  skylake-4: # Core stats
   cycles: 223910013 # Simulated unhalted cycles
   cCycles: 1530106 # Cycles due to contention stalls
   instrs: 331942234 # Simulated instructions
   uops: 223298909 # issued micro-ops
   bbls: 110103921 # Basic blocks
   approxInstrs: 943615 # Instrs with approx uop decoding
   mispredBranches: 137228 # Mispredicted branches
   IdqNotDelivered: 222379907 # Stalls no uop delivered when no Bkend Stall
   IntMiscRecoveryCycles: 1103322 # Stalls waiting machine clears
   uops executed: 224072821 # Executed microoperations
  skylake-5: # Core stats
   cycles: 223909002 # Simulated unhalted cycles
   cCycles: 1530097 # Cycles due to contention stalls
   instrs: 331941523 # Simulated instructions
   uops: 223298435 # issued micro-ops
   bbls: 110103684 # Basic blocks
   approxInstrs: 943615 # Instrs with approx uop decoding
   mispredBranches: 137228 # Mispredicted branches
   IdqNotDelivered: 222378905 # Stalls no uop delivered when no Bkend Stall
   IntMiscRecoveryCycles: 1103138 # Stalls waiting machine clears
   uops executed: 224072347 # Executed microoperations
  skylake-6: # Core stats
   cycles: 223908704 # Simulated unhalted cycles
   cCycles: 1530105 # Cycles due to contention stalls
   instrs: 331941561 # Simulated instructions
   uops: 223298126 # issued micro-ops
   bbls: 110103773 # Basic blocks
   approxInstrs: 943609 # Instrs with approx uop decoding
   mispredBranches: 137222 # Mispredicted branches
   IdqNotDelivered: 222378599 # Stalls no uop delivered when no Bkend Stall
   IntMiscRecoveryCycles: 1104327 # Stalls waiting machine clears
   uops executed: 224072042 # Executed microoperations
  skylake-7: # Core stats
   cycles: 223908012 # Simulated unhalted cycles
   cCycles: 1530118 # Cycles due to contention stalls
   instrs: 331941600 # Simulated instructions
   uops: 223298152 # issued micro-ops
   bbls: 110103786 # Basic blocks
   approxInstrs: 943609 # Instrs with approx uop decoding
   mispredBranches: 137222 # Mispredicted branches
   IdqNotDelivered: 222377894 # Stalls no uop delivered when no Bkend Stall
   IntMiscRecoveryCycles: 1103850 # Stalls waiting machine clears
   uops executed: 224072068 # Executed microoperations
  skylake-8: # Core stats
   cycles: 223908013 # Simulated unhalted cycles
   cCycles: 1530105 # Cycles due to contention stalls
   instrs: 331939791 # Simulated instructions
   uops: 223297266 # issued micro-ops
   bbls: 110103110 # Basic blocks
   approxInstrs: 943610 # Instrs with approx uop decoding
   mispredBranches: 137227 # Mispredicted branches
   IdqNotDelivered: 222377908 # Stalls no uop delivered when no Bkend Stall
   IntMiscRecoveryCycles: 1103194 # Stalls waiting machine clears
   uops executed: 224071172 # Executed microoperations
  skylake-9: # Core stats
   cycles: 223907704 # Simulated unhalted cycles
   cCycles: 1530116 # Cycles due to contention stalls
   instrs: 331941948 # Simulated instructions
   uops: 223298384 # issued micro-ops
   bbls: 110103902 # Basic blocks
   approxInstrs: 943609 # Instrs with approx uop decoding
   mispredBranches: 137222 # Mispredicted branches
   IdqNotDelivered: 222377588 # Stalls no uop delivered when no Bkend Stall
   IntMiscRecoveryCycles: 1103750 # Stalls waiting machine clears
   uops executed: 224072300 # Executed microoperations
  skylake-10: # Core stats
   cycles: 223907694 # Simulated unhalted cycles
   cCycles: 1530109 # Cycles due to contention stalls
   instrs: 331941036 # Simulated instructions
   uops: 223297776 # issued micro-ops
   bbls: 110103598 # Basic blocks
   approxInstrs: 943609 # Instrs with approx uop decoding
   mispredBranches: 137222 # Mispredicted branches
   IdqNotDelivered: 222377585 # Stalls no uop delivered when no Bkend Stall
   IntMiscRecoveryCycles: 1103882 # Stalls waiting machine clears
   uops executed: 224071692 # Executed microoperations
  skylake-11: # Core stats
   cycles: 223907013 # Simulated unhalted cycles
   cCycles: 1530103 # Cycles due to contention stalls
   instrs: 331941676 # Simulated instructions
   uops: 223298429 # issued micro-ops
   bbls: 110103712 # Basic blocks
   approxInstrs: 943620 # Instrs with approx uop decoding
   mispredBranches: 137226 # Mispredicted branches
   IdqNotDelivered: 222376910 # Stalls no uop delivered when no Bkend Stall
   IntMiscRecoveryCycles: 1103983 # Stalls waiting machine clears
   uops executed: 224072422 # Executed microoperations
  skylake-12: # Core stats
   cycles: 223907001 # Simulated unhalted cycles
   cCycles: 1530106 # Cycles due to contention stalls
   instrs: 331941216 # Simulated instructions
   uops: 223297896 # issued micro-ops
   bbls: 110103658 # Basic blocks
   approxInstrs: 943609 # Instrs with approx uop decoding
   mispredBranches: 137222 # Mispredicted branches
   IdqNotDelivered: 222376895 # Stalls no uop delivered when no Bkend Stall
   IntMiscRecoveryCycles: 1103899 # Stalls waiting machine clears
   uops executed: 224071812 # Executed microoperations
  skylake-13: # Core stats
   cycles: 223906705 # Simulated unhalted cycles
   cCycles: 1530101 # Cycles due to contention stalls
   instrs: 331941885 # Simulated instructions
   uops: 223298342 # issued micro-ops
   bbls: 110103881 # Basic blocks
   approxInstrs: 943609 # Instrs with approx uop decoding
   mispredBranches: 137222 # Mispredicted branches
   IdqNotDelivered: 222376604 # Stalls no uop delivered when no Bkend Stall
   IntMiscRecoveryCycles: 1103488 # Stalls waiting machine clears
   uops executed: 224072258 # Executed microoperations
  skylake-14: # Core stats
   cycles: 223906012 # Simulated unhalted cycles
   cCycles: 1530105 # Cycles due to contention stalls
   instrs: 331941492 # Simulated instructions
   uops: 223298080 # issued micro-ops
   bbls: 110103750 # Basic blocks
   approxInstrs: 943609 # Instrs with approx uop decoding
   mispredBranches: 137222 # Mispredicted branches
   IdqNotDelivered: 222375907 # Stalls no uop delivered when no Bkend Stall
   IntMiscRecoveryCycles: 1103402 # Stalls waiting machine clears
   uops executed: 224071996 # Executed microoperations
  skylake-15: # Core stats
   cycles: 223906013 # Simulated unhalted cycles
   cCycles: 1530118 # Cycles due to contention stalls
   instrs: 331941762 # Simulated instructions
   uops: 223298260 # issued micro-ops
   bbls: 110103840 # Basic blocks
   approxInstrs: 943609 # Instrs with approx uop decoding
   mispredBranches: 137222 # Mispredicted branches
   IdqNotDelivered: 222375895 # Stalls no uop delivered when no Bkend Stall
   IntMiscRecoveryCycles: 1103249 # Stalls waiting machine clears
   uops executed: 224072176 # Executed microoperations
  skylake-16: # Core stats
   cycles: 223906001 # Simulated unhalted cycles
   cCycles: 1530098 # Cycles due to contention stalls
   instrs: 331941120 # Simulated instructions
   uops: 223297832 # issued micro-ops
   bbls: 110103626 # Basic blocks
   approxInstrs: 943609 # Instrs with approx uop decoding
   mispredBranches: 137222 # Mispredicted branches
   IdqNotDelivered: 222375903 # Stalls no uop delivered when no Bkend Stall
   IntMiscRecoveryCycles: 1103292 # Stalls waiting machine clears
   uops executed: 224071748 # Executed microoperations
  skylake-17: # Core stats
   cycles: 223906012 # Simulated unhalted cycles
   cCycles: 1530111 # Cycles due to contention stalls
   instrs: 331941825 # Simulated instructions
   uops: 223298302 # issued micro-ops
   bbls: 110103861 # Basic blocks
   approxInstrs: 943609 # Instrs with approx uop decoding
   mispredBranches: 137222 # Mispredicted branches
   IdqNotDelivered: 222375901 # Stalls no uop delivered when no Bkend Stall
   IntMiscRecoveryCycles: 1103312 # Stalls waiting machine clears
   uops executed: 224072218 # Executed microoperations
  skylake-18: # Core stats
   cycles: 223905012 # Simulated unhalted cycles
   cCycles: 1530109 # Cycles due to contention stalls
   instrs: 331940331 # Simulated instructions
   uops: 223297306 # issued micro-ops
   bbls: 110103363 # Basic blocks
   approxInstrs: 943609 # Instrs with approx uop decoding
   mispredBranches: 137222 # Mispredicted branches
   IdqNotDelivered: 222374903 # Stalls no uop delivered when no Bkend Stall
   IntMiscRecoveryCycles: 1103202 # Stalls waiting machine clears
   uops executed: 224071222 # Executed microoperations
  skylake-19: # Core stats
   cycles: 223905012 # Simulated unhalted cycles
   cCycles: 1530101 # Cycles due to contention stalls
   instrs: 331939821 # Simulated instructions
   uops: 223296966 # issued micro-ops
   bbls: 110103193 # Basic blocks
   approxInstrs: 943609 # Instrs with approx uop decoding
   mispredBranches: 137222 # Mispredicted branches
   IdqNotDelivered: 222374911 # Stalls no uop delivered when no Bkend Stall
   IntMiscRecoveryCycles: 1103590 # Stalls waiting machine clears
   uops executed: 224070882 # Executed microoperations
  skylake-20: # Core stats
   cycles: 223905013 # Simulated unhalted cycles
   cCycles: 1530110 # Cycles due to contention stalls
   instrs: 331939737 # Simulated instructions
   uops: 223296910 # issued micro-ops
   bbls: 110103165 # Basic blocks
   approxInstrs: 943609 # Instrs with approx uop decoding
   mispredBranches: 137222 # Mispredicted branches
   IdqNotDelivered: 222374903 # Stalls no uop delivered when no Bkend Stall
   IntMiscRecoveryCycles: 1103549 # Stalls waiting machine clears
   uops executed: 224070826 # Executed microoperations
  skylake-21: # Core stats
   cycles: 223905013 # Simulated unhalted cycles
   cCycles: 1530102 # Cycles due to contention stalls
   instrs: 331921740 # Simulated instructions
   uops: 223286247 # issued micro-ops
   bbls: 110096664 # Basic blocks
   approxInstrs: 943545 # Instrs with approx uop decoding
   mispredBranches: 137297 # Mispredicted branches
   IdqNotDelivered: 222374911 # Stalls no uop delivered when no Bkend Stall
   IntMiscRecoveryCycles: 1106262 # Stalls waiting machine clears
   uops executed: 224060185 # Executed microoperations
  skylake-22: # Core stats
   cycles: 223902705 # Simulated unhalted cycles
   cCycles: 1530100 # Cycles due to contention stalls
   instrs: 331935963 # Simulated instructions
   uops: 223294402 # issued micro-ops
   bbls: 110101911 # Basic blocks
   approxInstrs: 943596 # Instrs with approx uop decoding
   mispredBranches: 137218 # Mispredicted branches
   IdqNotDelivered: 222372605 # Stalls no uop delivered when no Bkend Stall
   IntMiscRecoveryCycles: 1103325 # Stalls waiting machine clears
   uops executed: 224068324 # Executed microoperations
  skylake-23: # Core stats
   cycles: 0 # Simulated unhalted cycles
   cCycles: 0 # Cycles due to contention stalls
   instrs: 0 # Simulated instructions
   uops: 0 # issued micro-ops
   bbls: 0 # Basic blocks
   approxInstrs: 0 # Instrs with approx uop decoding
   mispredBranches: 0 # Mispredicted branches
   IdqNotDelivered: 0 # Stalls no uop delivered when no Bkend Stall
   IntMiscRecoveryCycles: 0 # Stalls waiting machine clears
   uops executed: 0 # Executed microoperations
 l1d: # Cache stats
  l1d-0: # Filter cache stats
   fhGETS: 819089 # Filtered GETS hits
   fhGETX: 636427 # Filtered GETX hits
   hGETS: 158015 # GETS hits
   hGETX: 162630 # GETX hits
   mGETS: 153493 # GETS misses
   mGETXIM: 250114 # GETX I->M misses
   mGETXSM: 7 # GETX S->M misses (upgrade misses)
   PUTS: 0 # Clean evictions (from lower level)
   PUTX: 0 # Dirty evictions (from lower level)
   INV: 114 # Invalidates (from upper level)
   INVX: 91 # Downgrades (from upper level)
   FWD: 0 # Forwards (from upper level)
   latGETnl: 72224524 # GET request latency on next level
   latGETnet: 0 # GET request latency on network to next level
  l1d-1: # Filter cache stats
   fhGETS: 818828 # Filtered GETS hits
   fhGETX: 636253 # Filtered GETX hits
   hGETS: 157940 # GETS hits
   hGETX: 162595 # GETX hits
   mGETS: 153448 # GETS misses
   mGETXIM: 250081 # GETX I->M misses
   mGETXSM: 10 # GETX S->M misses (upgrade misses)
   PUTS: 0 # Clean evictions (from lower level)
   PUTX: 0 # Dirty evictions (from lower level)
   INV: 98 # Invalidates (from upper level)
   INVX: 25 # Downgrades (from upper level)
   FWD: 0 # Forwards (from upper level)
   latGETnl: 72205689 # GET request latency on next level
   latGETnet: 0 # GET request latency on network to next level
  l1d-2: # Filter cache stats
   fhGETS: 818692 # Filtered GETS hits
   fhGETX: 636180 # Filtered GETX hits
   hGETS: 157915 # GETS hits
   hGETX: 162572 # GETX hits
   mGETS: 153434 # GETS misses
   mGETXIM: 250074 # GETX I->M misses
   mGETXSM: 5 # GETX S->M misses (upgrade misses)
   PUTS: 0 # Clean evictions (from lower level)
   PUTX: 0 # Dirty evictions (from lower level)
   INV: 76 # Invalidates (from upper level)
   INVX: 5 # Downgrades (from upper level)
   FWD: 0 # Forwards (from upper level)
   latGETnl: 72202255 # GET request latency on next level
   latGETnet: 0 # GET request latency on network to next level
  l1d-3: # Filter cache stats
   fhGETS: 818754 # Filtered GETS hits
   fhGETX: 636217 # Filtered GETX hits
   hGETS: 157945 # GETS hits
   hGETX: 162589 # GETX hits
   mGETS: 153435 # GETS misses
   mGETXIM: 250082 # GETX I->M misses
   mGETXSM: 7 # GETX S->M misses (upgrade misses)
   PUTS: 0 # Clean evictions (from lower level)
   PUTX: 0 # Dirty evictions (from lower level)
   INV: 89 # Invalidates (from upper level)
   INVX: 36 # Downgrades (from upper level)
   FWD: 0 # Forwards (from upper level)
   latGETnl: 72205852 # GET request latency on next level
   latGETnet: 0 # GET request latency on network to next level
  l1d-4: # Filter cache stats
   fhGETS: 818750 # Filtered GETS hits
   fhGETX: 636208 # Filtered GETX hits
   hGETS: 157948 # GETS hits
   hGETX: 162594 # GETX hits
   mGETS: 153436 # GETS misses
   mGETXIM: 250084 # GETX I->M misses
   mGETXSM: 9 # GETX S->M misses (upgrade misses)
   PUTS: 0 # Clean evictions (from lower level)
   PUTX: 0 # Dirty evictions (from lower level)
   INV: 94 # Invalidates (from upper level)
   INVX: 20 # Downgrades (from upper level)
   FWD: 0 # Forwards (from upper level)
   latGETnl: 72203119 # GET request latency on next level
   latGETnet: 0 # GET request latency on network to next level
  l1d-5: # Filter cache stats
   fhGETS: 818766 # Filtered GETS hits
   fhGETX: 636227 # Filtered GETX hits
   hGETS: 157931 # GETS hits
   hGETX: 162574 # GETX hits
   mGETS: 153437 # GETS misses
   mGETXIM: 250085 # GETX I->M misses
   mGETXSM: 9 # GETX S->M misses (upgrade misses)
   PUTS: 0 # Clean evictions (from lower level)
   PUTX: 0 # Dirty evictions (from lower level)
   INV: 96 # Invalidates (from upper level)
   INVX: 20 # Downgrades (from upper level)
   FWD: 0 # Forwards (from upper level)
   latGETnl: 72203241 # GET request latency on next level
   latGETnet: 0 # GET request latency on network to next level
  l1d-6: # Filter cache stats
   fhGETS: 818604 # Filtered GETS hits
   fhGETX: 636134 # Filtered GETX hits
   hGETS: 157922 # GETS hits
   hGETX: 162560 # GETX hits
   mGETS: 153415 # GETS misses
   mGETXIM: 250080 # GETX I->M misses
   mGETXSM: 5 # GETX S->M misses (upgrade misses)
   PUTS: 0 # Clean evictions (from lower level)
   PUTX: 0 # Dirty evictions (from lower level)
   INV: 80 # Invalidates (from upper level)
   INVX: 17 # Downgrades (from upper level)
   FWD: 0 # Forwards (from upper level)
   latGETnl: 72201472 # GET request latency on next level
   latGETnet: 0 # GET request latency on network to next level
  l1d-7: # Filter cache stats
   fhGETS: 818601 # Filtered GETS hits
   fhGETX: 636145 # Filtered GETX hits
   hGETS: 157926 # GETS hits
   hGETX: 162549 # GETX hits
   mGETS: 153414 # GETS misses
   mGETXIM: 250078 # GETX I->M misses
   mGETXSM: 7 # GETX S->M misses (upgrade misses)
   PUTS: 0 # Clean evictions (from lower level)
   PUTX: 0 # Dirty evictions (from lower level)
   INV: 76 # Invalidates (from upper level)
   INVX: 18 # Downgrades (from upper level)
   FWD: 0 # Forwards (from upper level)
   latGETnl: 72201335 # GET request latency on next level
   latGETnet: 0 # GET request latency on network to next level
  l1d-8: # Filter cache stats
   fhGETS: 818746 # Filtered GETS hits
   fhGETX: 636214 # Filtered GETX hits
   hGETS: 157943 # GETS hits
   hGETX: 162587 # GETX hits
   mGETS: 153439 # GETS misses
   mGETXIM: 250077 # GETX I->M misses
   mGETXSM: 9 # GETX S->M misses (upgrade misses)
   PUTS: 0 # Clean evictions (from lower level)
   PUTX: 0 # Dirty evictions (from lower level)
   INV: 92 # Invalidates (from upper level)
   INVX: 19 # Downgrades (from upper level)
   FWD: 0 # Forwards (from upper level)
   latGETnl: 72202917 # GET request latency on next level
   latGETnet: 0 # GET request latency on network to next level
  l1d-9: # Filter cache stats
   fhGETS: 818619 # Filtered GETS hits
   fhGETX: 636137 # Filtered GETX hits
   hGETS: 157908 # GETS hits
   hGETX: 162559 # GETX hits
   mGETS: 153414 # GETS misses
   mGETXIM: 250078 # GETX I->M misses
   mGETXSM: 5 # GETX S->M misses (upgrade misses)
   PUTS: 0 # Clean evictions (from lower level)
   PUTX: 0 # Dirty evictions (from lower level)
   INV: 77 # Invalidates (from upper level)
   INVX: 19 # Downgrades (from upper level)
   FWD: 0 # Forwards (from upper level)
   latGETnl: 72201735 # GET request latency on next level
   latGETnet: 0 # GET request latency on network to next level
  l1d-10: # Filter cache stats
   fhGETS: 818600 # Filtered GETS hits
   fhGETX: 636128 # Filtered GETX hits
   hGETS: 157922 # GETS hits
   hGETX: 162575 # GETX hits
   mGETS: 153419 # GETS misses
   mGETXIM: 250071 # GETX I->M misses
   mGETXSM: 5 # GETX S->M misses (upgrade misses)
   PUTS: 0 # Clean evictions (from lower level)
   PUTX: 0 # Dirty evictions (from lower level)
   INV: 76 # Invalidates (from upper level)
   INVX: 23 # Downgrades (from upper level)
   FWD: 0 # Forwards (from upper level)
   latGETnl: 72202515 # GET request latency on next level
   latGETnet: 0 # GET request latency on network to next level
  l1d-11: # Filter cache stats
   fhGETS: 818769 # Filtered GETS hits
   fhGETX: 636211 # Filtered GETX hits
   hGETS: 157957 # GETS hits
   hGETX: 162581 # GETX hits
   mGETS: 153443 # GETS misses
   mGETXIM: 250079 # GETX I->M misses
   mGETXSM: 10 # GETX S->M misses (upgrade misses)
   PUTS: 0 # Clean evictions (from lower level)
   PUTX: 0 # Dirty evictions (from lower level)
   INV: 75 # Invalidates (from upper level)
   INVX: 4 # Downgrades (from upper level)
   FWD: 0 # Forwards (from upper level)
   latGETnl: 72204408 # GET request latency on next level
   latGETnet: 0 # GET request latency on network to next level
  l1d-12: # Filter cache stats
   fhGETS: 686159 # Filtered GETS hits
   fhGETX: 499026 # Filtered GETX hits
   hGETS: 290365 # GETS hits
   hGETX: 299672 # GETX hits
   mGETS: 153417 # GETS misses
   mGETXIM: 250075 # GETX I->M misses
   mGETXSM: 6 # GETX S->M misses (upgrade misses)
   PUTS: 0 # Clean evictions (from lower level)
   PUTX: 0 # Dirty evictions (from lower level)
   INV: 76 # Invalidates (from upper level)
   INVX: 7 # Downgrades (from upper level)
   FWD: 0 # Forwards (from upper level)
   latGETnl: 72200126 # GET request latency on next level
   latGETnet: 0 # GET request latency on network to next level
  l1d-13: # Filter cache stats
   fhGETS: 818604 # Filtered GETS hits
   fhGETX: 636126 # Filtered GETX hits
   hGETS: 157917 # GETS hits
   hGETX: 162580 # GETX hits
   mGETS: 153420 # GETS misses
   mGETXIM: 250068 # GETX I->M misses
   mGETXSM: 5 # GETX S->M misses (upgrade misses)
   PUTS: 0 # Clean evictions (from lower level)
   PUTX: 0 # Dirty evictions (from lower level)
   INV: 73 # Invalidates (from upper level)
   INVX: 5 # Downgrades (from upper level)
   FWD: 0 # Forwards (from upper level)
   latGETnl: 72200363 # GET request latency on next level
   latGETnet: 0 # GET request latency on network to next level
  l1d-14: # Filter cache stats
   fhGETS: 818614 # Filtered GETS hits
   fhGETX: 636135 # Filtered GETX hits
   hGETS: 157910 # GETS hits
   hGETX: 162564 # GETX hits
   mGETS: 153417 # GETS misses
   mGETXIM: 250074 # GETX I->M misses
   mGETXSM: 6 # GETX S->M misses (upgrade misses)
   PUTS: 0 # Clean evictions (from lower level)
   PUTX: 0 # Dirty evictions (from lower level)
   INV: 75 # Invalidates (from upper level)
   INVX: 2 # Downgrades (from upper level)
   FWD: 0 # Forwards (from upper level)
   latGETnl: 72199377 # GET request latency on next level
   latGETnet: 0 # GET request latency on network to next level
  l1d-15: # Filter cache stats
   fhGETS: 818609 # Filtered GETS hits
   fhGETX: 636131 # Filtered GETX hits
   hGETS: 157912 # GETS hits
   hGETX: 162574 # GETX hits
   mGETS: 153420 # GETS misses
   mGETXIM: 250068 # GETX I->M misses
   mGETXSM: 6 # GETX S->M misses (upgrade misses)
   PUTS: 0 # Clean evictions (from lower level)
   PUTX: 0 # Dirty evictions (from lower level)
   INV: 73 # Invalidates (from upper level)
   INVX: 2 # Downgrades (from upper level)
   FWD: 0 # Forwards (from upper level)
   latGETnl: 72199500 # GET request latency on next level
   latGETnet: 0 # GET request latency on network to next level
  l1d-16: # Filter cache stats
   fhGETS: 686157 # Filtered GETS hits
   fhGETX: 499021 # Filtered GETX hits
   hGETS: 290368 # GETS hits
   hGETX: 299674 # GETX hits
   mGETS: 153416 # GETS misses
   mGETXIM: 250078 # GETX I->M misses
   mGETXSM: 6 # GETX S->M misses (upgrade misses)
   PUTS: 0 # Clean evictions (from lower level)
   PUTX: 0 # Dirty evictions (from lower level)
   INV: 79 # Invalidates (from upper level)
   INVX: 2 # Downgrades (from upper level)
   FWD: 0 # Forwards (from upper level)
   latGETnl: 72199122 # GET request latency on next level
   latGETnet: 0 # GET request latency on network to next level
  l1d-17: # Filter cache stats
   fhGETS: 818619 # Filtered GETS hits
   fhGETX: 636141 # Filtered GETX hits
   hGETS: 157905 # GETS hits
   hGETX: 162559 # GETX hits
   mGETS: 153417 # GETS misses
   mGETXIM: 250073 # GETX I->M misses
   mGETXSM: 6 # GETX S->M misses (upgrade misses)
   PUTS: 0 # Clean evictions (from lower level)
   PUTX: 0 # Dirty evictions (from lower level)
   INV: 74 # Invalidates (from upper level)
   INVX: 2 # Downgrades (from upper level)
   FWD: 0 # Forwards (from upper level)
   latGETnl: 72199198 # GET request latency on next level
   latGETnet: 0 # GET request latency on network to next level
  l1d-18: # Filter cache stats
   fhGETS: 818614 # Filtered GETS hits
   fhGETX: 636139 # Filtered GETX hits
   hGETS: 157908 # GETS hits
   hGETX: 162562 # GETX hits
   mGETS: 153419 # GETS misses
   mGETXIM: 250072 # GETX I->M misses
   mGETXSM: 6 # GETX S->M misses (upgrade misses)
   PUTS: 0 # Clean evictions (from lower level)
   PUTX: 0 # Dirty evictions (from lower level)
   INV: 76 # Invalidates (from upper level)
   INVX: 2 # Downgrades (from upper level)
   FWD: 0 # Forwards (from upper level)
   latGETnl: 72199377 # GET request latency on next level
   latGETnet: 0 # GET request latency on network to next level
  l1d-19: # Filter cache stats
   fhGETS: 818612 # Filtered GETS hits
   fhGETX: 636133 # Filtered GETX hits
   hGETS: 157909 # GETS hits
   hGETX: 162567 # GETX hits
   mGETS: 153420 # GETS misses
   mGETXIM: 250073 # GETX I->M misses
   mGETXSM: 6 # GETX S->M misses (upgrade misses)
   PUTS: 0 # Clean evictions (from lower level)
   PUTX: 0 # Dirty evictions (from lower level)
   INV: 77 # Invalidates (from upper level)
   INVX: 2 # Downgrades (from upper level)
   FWD: 0 # Forwards (from upper level)
   latGETnl: 72199735 # GET request latency on next level
   latGETnet: 0 # GET request latency on network to next level
  l1d-20: # Filter cache stats
   fhGETS: 818592 # Filtered GETS hits
   fhGETX: 636127 # Filtered GETX hits
   hGETS: 157932 # GETS hits
   hGETX: 162574 # GETX hits
   mGETS: 153417 # GETS misses
   mGETXIM: 250072 # GETX I->M misses
   mGETXSM: 6 # GETX S->M misses (upgrade misses)
   PUTS: 0 # Clean evictions (from lower level)
   PUTX: 0 # Dirty evictions (from lower level)
   INV: 73 # Invalidates (from upper level)
   INVX: 2 # Downgrades (from upper level)
   FWD: 0 # Forwards (from upper level)
   latGETnl: 72199415 # GET request latency on next level
   latGETnet: 0 # GET request latency on network to next level
  l1d-21: # Filter cache stats
   fhGETS: 819565 # Filtered GETS hits
   fhGETX: 636514 # Filtered GETX hits
   hGETS: 158146 # GETS hits
   hGETX: 162616 # GETX hits
   mGETS: 153471 # GETS misses
   mGETXIM: 250058 # GETX I->M misses
   mGETXSM: 10 # GETX S->M misses (upgrade misses)
   PUTS: 0 # Clean evictions (from lower level)
   PUTX: 0 # Dirty evictions (from lower level)
   INV: 74 # Invalidates (from upper level)
   INVX: 3 # Downgrades (from upper level)
   FWD: 0 # Forwards (from upper level)
   latGETnl: 72204017 # GET request latency on next level
   latGETnet: 0 # GET request latency on network to next level
  l1d-22: # Filter cache stats
   fhGETS: 818616 # Filtered GETS hits
   fhGETX: 636128 # Filtered GETX hits
   hGETS: 157906 # GETS hits
   hGETX: 162568 # GETX hits
   mGETS: 153425 # GETS misses
   mGETXIM: 250067 # GETX I->M misses
   mGETXSM: 8 # GETX S->M misses (upgrade misses)
   PUTS: 0 # Clean evictions (from lower level)
   PUTX: 0 # Dirty evictions (from lower level)
   INV: 78 # Invalidates (from upper level)
   INVX: 7 # Downgrades (from upper level)
   FWD: 0 # Forwards (from upper level)
   latGETnl: 72199838 # GET request latency on next level
   latGETnet: 0 # GET request latency on network to next level
  l1d-23: # Filter cache stats
   fhGETS: 0 # Filtered GETS hits
   fhGETX: 0 # Filtered GETX hits
   hGETS: 0 # GETS hits
   hGETX: 0 # GETX hits
   mGETS: 0 # GETS misses
   mGETXIM: 0 # GETX I->M misses
   mGETXSM: 0 # GETX S->M misses (upgrade misses)
   PUTS: 0 # Clean evictions (from lower level)
   PUTX: 0 # Dirty evictions (from lower level)
   INV: 0 # Invalidates (from upper level)
   INVX: 0 # Downgrades (from upper level)
   FWD: 0 # Forwards (from upper level)
   latGETnl: 0 # GET request latency on next level
   latGETnet: 0 # GET request latency on network to next level
 l1i: # Cache stats
  l1i-0: # Filter cache stats
   fhGETS: 110902070 # Filtered GETS hits
   fhGETX: 0 # Filtered GETX hits
   hGETS: 51 # GETS hits
   hGETX: 0 # GETX hits
   mGETS: 831 # GETS misses
   mGETXIM: 0 # GETX I->M misses
   mGETXSM: 0 # GETX S->M misses (upgrade misses)
   PUTS: 0 # Clean evictions (from lower level)
   PUTX: 0 # Dirty evictions (from lower level)
   INV: 808 # Invalidates (from upper level)
   INVX: 0 # Downgrades (from upper level)
   FWD: 0 # Forwards (from upper level)
   latGETnl: 62817 # GET request latency on next level
   latGETnet: 0 # GET request latency on network to next level
  l1i-1: # Filter cache stats
   fhGETS: 110902179 # Filtered GETS hits
   fhGETX: 0 # Filtered GETX hits
   hGETS: 38 # GETS hits
   hGETX: 0 # GETX hits
   mGETS: 745 # GETS misses
   mGETXIM: 0 # GETX I->M misses
   mGETXSM: 0 # GETX S->M misses (upgrade misses)
   PUTS: 0 # Clean evictions (from lower level)
   PUTX: 0 # Dirty evictions (from lower level)
   INV: 719 # Invalidates (from upper level)
   INVX: 0 # Downgrades (from upper level)
   FWD: 0 # Forwards (from upper level)
   latGETnl: 38711 # GET request latency on next level
   latGETnet: 0 # GET request latency on network to next level
  l1i-2: # Filter cache stats
   fhGETS: 110901069 # Filtered GETS hits
   fhGETX: 0 # Filtered GETX hits
   hGETS: 32 # GETS hits
   hGETX: 0 # GETX hits
   mGETS: 760 # GETS misses
   mGETXIM: 0 # GETX I->M misses
   mGETXSM: 0 # GETX S->M misses (upgrade misses)
   PUTS: 0 # Clean evictions (from lower level)
   PUTX: 0 # Dirty evictions (from lower level)
   INV: 737 # Invalidates (from upper level)
   INVX: 0 # Downgrades (from upper level)
   FWD: 0 # Forwards (from upper level)
   latGETnl: 41396 # GET request latency on next level
   latGETnet: 0 # GET request latency on network to next level
  l1i-3: # Filter cache stats
   fhGETS: 110901805 # Filtered GETS hits
   fhGETX: 0 # Filtered GETX hits
   hGETS: 30 # GETS hits
   hGETX: 0 # GETX hits
   mGETS: 745 # GETS misses
   mGETXIM: 0 # GETX I->M misses
   mGETXSM: 0 # GETX S->M misses (upgrade misses)
   PUTS: 0 # Clean evictions (from lower level)
   PUTX: 0 # Dirty evictions (from lower level)
   INV: 722 # Invalidates (from upper level)
   INVX: 0 # Downgrades (from upper level)
   FWD: 0 # Forwards (from upper level)
   latGETnl: 38447 # GET request latency on next level
   latGETnet: 0 # GET request latency on network to next level
  l1i-4: # Filter cache stats
   fhGETS: 110901946 # Filtered GETS hits
   fhGETX: 0 # Filtered GETX hits
   hGETS: 31 # GETS hits
   hGETX: 0 # GETX hits
   mGETS: 747 # GETS misses
   mGETXIM: 0 # GETX I->M misses
   mGETXSM: 0 # GETX S->M misses (upgrade misses)
   PUTS: 0 # Clean evictions (from lower level)
   PUTX: 0 # Dirty evictions (from lower level)
   INV: 724 # Invalidates (from upper level)
   INVX: 0 # Downgrades (from upper level)
   FWD: 0 # Forwards (from upper level)
   latGETnl: 35637 # GET request latency on next level
   latGETnet: 0 # GET request latency on network to next level
  l1i-5: # Filter cache stats
   fhGETS: 110901710 # Filtered GETS hits
   fhGETX: 0 # Filtered GETX hits
   hGETS: 31 # GETS hits
   hGETX: 0 # GETX hits
   mGETS: 745 # GETS misses
   mGETXIM: 0 # GETX I->M misses
   mGETXSM: 0 # GETX S->M misses (upgrade misses)
   PUTS: 0 # Clean evictions (from lower level)
   PUTX: 0 # Dirty evictions (from lower level)
   INV: 722 # Invalidates (from upper level)
   INVX: 0 # Downgrades (from upper level)
   FWD: 0 # Forwards (from upper level)
   latGETnl: 35147 # GET request latency on next level
   latGETnet: 0 # GET request latency on network to next level
  l1i-6: # Filter cache stats
   fhGETS: 110901775 # Filtered GETS hits
   fhGETX: 0 # Filtered GETX hits
   hGETS: 29 # GETS hits
   hGETX: 0 # GETX hits
   mGETS: 729 # GETS misses
   mGETXIM: 0 # GETX I->M misses
   mGETXSM: 0 # GETX S->M misses (upgrade misses)
   PUTS: 0 # Clean evictions (from lower level)
   PUTX: 0 # Dirty evictions (from lower level)
   INV: 706 # Invalidates (from upper level)
   INVX: 0 # Downgrades (from upper level)
   FWD: 0 # Forwards (from upper level)
   latGETnl: 37959 # GET request latency on next level
   latGETnet: 0 # GET request latency on network to next level
  l1i-7: # Filter cache stats
   fhGETS: 110901780 # Filtered GETS hits
   fhGETX: 0 # Filtered GETX hits
   hGETS: 29 # GETS hits
   hGETX: 0 # GETX hits
   mGETS: 731 # GETS misses
   mGETXIM: 0 # GETX I->M misses
   mGETXSM: 0 # GETX S->M misses (upgrade misses)
   PUTS: 0 # Clean evictions (from lower level)
   PUTX: 0 # Dirty evictions (from lower level)
   INV: 708 # Invalidates (from upper level)
   INVX: 0 # Downgrades (from upper level)
   FWD: 0 # Forwards (from upper level)
   latGETnl: 36469 # GET request latency on next level
   latGETnet: 0 # GET request latency on network to next level
  l1i-8: # Filter cache stats
   fhGETS: 110901134 # Filtered GETS hits
   fhGETX: 0 # Filtered GETX hits
   hGETS: 31 # GETS hits
   hGETX: 0 # GETX hits
   mGETS: 749 # GETS misses
   mGETXIM: 0 # GETX I->M misses
   mGETXSM: 0 # GETX S->M misses (upgrade misses)
   PUTS: 0 # Clean evictions (from lower level)
   PUTX: 0 # Dirty evictions (from lower level)
   INV: 726 # Invalidates (from upper level)
   INVX: 0 # Downgrades (from upper level)
   FWD: 0 # Forwards (from upper level)
   latGETnl: 35203 # GET request latency on next level
   latGETnet: 0 # GET request latency on network to next level
  l1i-9: # Filter cache stats
   fhGETS: 110901913 # Filtered GETS hits
   fhGETX: 0 # Filtered GETX hits
   hGETS: 29 # GETS hits
   hGETX: 0 # GETX hits
   mGETS: 732 # GETS misses
   mGETXIM: 0 # GETX I->M misses
   mGETXSM: 0 # GETX S->M misses (upgrade misses)
   PUTS: 0 # Clean evictions (from lower level)
   PUTX: 0 # Dirty evictions (from lower level)
   INV: 709 # Invalidates (from upper level)
   INVX: 0 # Downgrades (from upper level)
   FWD: 0 # Forwards (from upper level)
   latGETnl: 35328 # GET request latency on next level
   latGETnet: 0 # GET request latency on network to next level
  l1i-10: # Filter cache stats
   fhGETS: 110901584 # Filtered GETS hits
   fhGETX: 0 # Filtered GETX hits
   hGETS: 29 # GETS hits
   hGETX: 0 # GETX hits
   mGETS: 729 # GETS misses
   mGETXIM: 0 # GETX I->M misses
   mGETXSM: 0 # GETX S->M misses (upgrade misses)
   PUTS: 0 # Clean evictions (from lower level)
   PUTX: 0 # Dirty evictions (from lower level)
   INV: 706 # Invalidates (from upper level)
   INVX: 0 # Downgrades (from upper level)
   FWD: 0 # Forwards (from upper level)
   latGETnl: 36375 # GET request latency on next level
   latGETnet: 0 # GET request latency on network to next level
  l1i-11: # Filter cache stats
   fhGETS: 110901675 # Filtered GETS hits
   fhGETX: 0 # Filtered GETX hits
   hGETS: 115 # GETS hits
   hGETX: 0 # GETX hits
   mGETS: 725 # GETS misses
   mGETXIM: 0 # GETX I->M misses
   mGETXSM: 0 # GETX S->M misses (upgrade misses)
   PUTS: 0 # Clean evictions (from lower level)
   PUTX: 0 # Dirty evictions (from lower level)
   INV: 702 # Invalidates (from upper level)
   INVX: 0 # Downgrades (from upper level)
   FWD: 0 # Forwards (from upper level)
   latGETnl: 35263 # GET request latency on next level
   latGETnet: 0 # GET request latency on network to next level
  l1i-12: # Filter cache stats
   fhGETS: 110901673 # Filtered GETS hits
   fhGETX: 0 # Filtered GETX hits
   hGETS: 29 # GETS hits
   hGETX: 0 # GETX hits
   mGETS: 734 # GETS misses
   mGETXIM: 0 # GETX I->M misses
   mGETXSM: 0 # GETX S->M misses (upgrade misses)
   PUTS: 0 # Clean evictions (from lower level)
   PUTX: 0 # Dirty evictions (from lower level)
   INV: 711 # Invalidates (from upper level)
   INVX: 0 # Downgrades (from upper level)
   FWD: 0 # Forwards (from upper level)
   latGETnl: 35554 # GET request latency on next level
   latGETnet: 0 # GET request latency on network to next level
  l1i-13: # Filter cache stats
   fhGETS: 110901897 # Filtered GETS hits
   fhGETX: 0 # Filtered GETX hits
   hGETS: 29 # GETS hits
   hGETX: 0 # GETX hits
   mGETS: 730 # GETS misses
   mGETXIM: 0 # GETX I->M misses
   mGETXSM: 0 # GETX S->M misses (upgrade misses)
   PUTS: 0 # Clean evictions (from lower level)
   PUTX: 0 # Dirty evictions (from lower level)
   INV: 707 # Invalidates (from upper level)
   INVX: 0 # Downgrades (from upper level)
   FWD: 0 # Forwards (from upper level)
   latGETnl: 34838 # GET request latency on next level
   latGETnet: 0 # GET request latency on network to next level
  l1i-14: # Filter cache stats
   fhGETS: 110901769 # Filtered GETS hits
   fhGETX: 0 # Filtered GETX hits
   hGETS: 29 # GETS hits
   hGETX: 0 # GETX hits
   mGETS: 731 # GETS misses
   mGETXIM: 0 # GETX I->M misses
   mGETXSM: 0 # GETX S->M misses (upgrade misses)
   PUTS: 0 # Clean evictions (from lower level)
   PUTX: 0 # Dirty evictions (from lower level)
   INV: 708 # Invalidates (from upper level)
   INVX: 0 # Downgrades (from upper level)
   FWD: 0 # Forwards (from upper level)
   latGETnl: 34357 # GET request latency on next level
   latGETnet: 0 # GET request latency on network to next level
  l1i-15: # Filter cache stats
   fhGETS: 110901860 # Filtered GETS hits
   fhGETX: 0 # Filtered GETX hits
   hGETS: 29 # GETS hits
   hGETX: 0 # GETX hits
   mGETS: 724 # GETS misses
   mGETXIM: 0 # GETX I->M misses
   mGETXSM: 0 # GETX S->M misses (upgrade misses)
   PUTS: 0 # Clean evictions (from lower level)
   PUTX: 0 # Dirty evictions (from lower level)
   INV: 701 # Invalidates (from upper level)
   INVX: 0 # Downgrades (from upper level)
   FWD: 0 # Forwards (from upper level)
   latGETnl: 34160 # GET request latency on next level
   latGETnet: 0 # GET request latency on network to next level
  l1i-16: # Filter cache stats
   fhGETS: 110901642 # Filtered GETS hits
   fhGETX: 0 # Filtered GETX hits
   hGETS: 29 # GETS hits
   hGETX: 0 # GETX hits
   mGETS: 726 # GETS misses
   mGETXIM: 0 # GETX I->M misses
   mGETXSM: 0 # GETX S->M misses (upgrade misses)
   PUTS: 0 # Clean evictions (from lower level)
   PUTX: 0 # Dirty evictions (from lower level)
   INV: 703 # Invalidates (from upper level)
   INVX: 0 # Downgrades (from upper level)
   FWD: 0 # Forwards (from upper level)
   latGETnl: 34650 # GET request latency on next level
   latGETnet: 0 # GET request latency on network to next level
  l1i-17: # Filter cache stats
   fhGETS: 110901887 # Filtered GETS hits
   fhGETX: 0 # Filtered GETX hits
   hGETS: 29 # GETS hits
   hGETX: 0 # GETX hits
   mGETS: 726 # GETS misses
   mGETXIM: 0 # GETX I->M misses
   mGETXSM: 0 # GETX S->M misses (upgrade misses)
   PUTS: 0 # Clean evictions (from lower level)
   PUTX: 0 # Dirty evictions (from lower level)
   INV: 703 # Invalidates (from upper level)
   INVX: 0 # Downgrades (from upper level)
   FWD: 0 # Forwards (from upper level)
   latGETnl: 34122 # GET request latency on next level
   latGETnet: 0 # GET request latency on network to next level
  l1i-18: # Filter cache stats
   fhGETS: 110901382 # Filtered GETS hits
   fhGETX: 0 # Filtered GETX hits
   hGETS: 29 # GETS hits
   hGETX: 0 # GETX hits
   mGETS: 725 # GETS misses
   mGETXIM: 0 # GETX I->M misses
   mGETXSM: 0 # GETX S->M misses (upgrade misses)
   PUTS: 0 # Clean evictions (from lower level)
   PUTX: 0 # Dirty evictions (from lower level)
   INV: 702 # Invalidates (from upper level)
   INVX: 0 # Downgrades (from upper level)
   FWD: 0 # Forwards (from upper level)
   latGETnl: 34075 # GET request latency on next level
   latGETnet: 0 # GET request latency on network to next level
  l1i-19: # Filter cache stats
   fhGETS: 110901210 # Filtered GETS hits
   fhGETX: 0 # Filtered GETX hits
   hGETS: 29 # GETS hits
   hGETX: 0 # GETX hits
   mGETS: 733 # GETS misses
   mGETXIM: 0 # GETX I->M misses
   mGETXSM: 0 # GETX S->M misses (upgrade misses)
   PUTS: 0 # Clean evictions (from lower level)
   PUTX: 0 # Dirty evictions (from lower level)
   INV: 710 # Invalidates (from upper level)
   INVX: 0 # Downgrades (from upper level)
   FWD: 0 # Forwards (from upper level)
   latGETnl: 34451 # GET request latency on next level
   latGETnet: 0 # GET request latency on network to next level
  l1i-20: # Filter cache stats
   fhGETS: 110901185 # Filtered GETS hits
   fhGETX: 0 # Filtered GETX hits
   hGETS: 29 # GETS hits
   hGETX: 0 # GETX hits
   mGETS: 733 # GETS misses
   mGETXIM: 0 # GETX I->M misses
   mGETXSM: 0 # GETX S->M misses (upgrade misses)
   PUTS: 0 # Clean evictions (from lower level)
   PUTX: 0 # Dirty evictions (from lower level)
   INV: 710 # Invalidates (from upper level)
   INVX: 0 # Downgrades (from upper level)
   FWD: 0 # Forwards (from upper level)
   latGETnl: 34451 # GET request latency on next level
   latGETnet: 0 # GET request latency on network to next level
  l1i-21: # Filter cache stats
   fhGETS: 110894837 # Filtered GETS hits
   fhGETX: 0 # Filtered GETX hits
   hGETS: 115 # GETS hits
   hGETX: 0 # GETX hits
   mGETS: 794 # GETS misses
   mGETXIM: 0 # GETX I->M misses
   mGETXSM: 0 # GETX S->M misses (upgrade misses)
   PUTS: 0 # Clean evictions (from lower level)
   PUTX: 0 # Dirty evictions (from lower level)
   INV: 771 # Invalidates (from upper level)
   INVX: 0 # Downgrades (from upper level)
   FWD: 0 # Forwards (from upper level)
   latGETnl: 44578 # GET request latency on next level
   latGETnet: 0 # GET request latency on network to next level
  l1i-22: # Filter cache stats
   fhGETS: 110899896 # Filtered GETS hits
   fhGETX: 0 # Filtered GETX hits
   hGETS: 43 # GETS hits
   hGETX: 0 # GETX hits
   mGETS: 734 # GETS misses
   mGETXIM: 0 # GETX I->M misses
   mGETXSM: 0 # GETX S->M misses (upgrade misses)
   PUTS: 0 # Clean evictions (from lower level)
   PUTX: 0 # Dirty evictions (from lower level)
   INV: 711 # Invalidates (from upper level)
   INVX: 0 # Downgrades (from upper level)
   FWD: 0 # Forwards (from upper level)
   latGETnl: 34630 # GET request latency on next level
   latGETnet: 0 # GET request latency on network to next level
  l1i-23: # Filter cache stats
   fhGETS: 0 # Filtered GETS hits
   fhGETX: 0 # Filtered GETX hits
   hGETS: 0 # GETS hits
   hGETX: 0 # GETX hits
   mGETS: 0 # GETS misses
   mGETXIM: 0 # GETX I->M misses
   mGETXSM: 0 # GETX S->M misses (upgrade misses)
   PUTS: 0 # Clean evictions (from lower level)
   PUTX: 0 # Dirty evictions (from lower level)
   INV: 0 # Invalidates (from upper level)
   INVX: 0 # Downgrades (from upper level)
   FWD: 0 # Forwards (from upper level)
   latGETnl: 0 # GET request latency on next level
   latGETnet: 0 # GET request latency on network to next level
 l2: # Cache stats
  l2-0: # Cache stats
   hGETS: 0 # GETS hits
   hGETX: 0 # GETX hits
   mGETS: 154324 # GETS misses
   mGETXIM: 250114 # GETX I->M misses
   mGETXSM: 7 # GETX S->M misses (upgrade misses)
   PUTS: 153231 # Clean evictions (from lower level)
   PUTX: 249750 # Dirty evictions (from lower level)
   INV: 79289 # Invalidates (from upper level)
   INVX: 92 # Downgrades (from upper level)
   FWD: 0 # Forwards (from upper level)
   latGETnl: 68242891 # GET request latency on next level
   latGETnet: 0 # GET request latency on network to next level
  l2-1: # Cache stats
   hGETS: 0 # GETS hits
   hGETX: 0 # GETX hits
   mGETS: 154193 # GETS misses
   mGETXIM: 250081 # GETX I->M misses
   mGETXSM: 10 # GETX S->M misses (upgrade misses)
   PUTS: 153190 # Clean evictions (from lower level)
   PUTX: 249729 # Dirty evictions (from lower level)
   INV: 46459 # Invalidates (from upper level)
   INVX: 25 # Downgrades (from upper level)
   FWD: 0 # Forwards (from upper level)
   latGETnl: 68201560 # GET request latency on next level
   latGETnet: 0 # GET request latency on network to next level
  l2-2: # Cache stats
   hGETS: 0 # GETS hits
   hGETX: 0 # GETX hits
   mGETS: 154194 # GETS misses
   mGETXIM: 250074 # GETX I->M misses
   mGETXSM: 5 # GETX S->M misses (upgrade misses)
   PUTS: 153186 # Clean evictions (from lower level)
   PUTX: 249734 # Dirty evictions (from lower level)
   INV: 104608 # Invalidates (from upper level)
   INVX: 5 # Downgrades (from upper level)
   FWD: 0 # Forwards (from upper level)
   latGETnl: 68200921 # GET request latency on next level
   latGETnet: 0 # GET request latency on network to next level
  l2-3: # Cache stats
   hGETS: 0 # GETS hits
   hGETX: 0 # GETX hits
   mGETS: 154180 # GETS misses
   mGETXIM: 250082 # GETX I->M misses
   mGETXSM: 7 # GETX S->M misses (upgrade misses)
   PUTS: 153186 # Clean evictions (from lower level)
   PUTX: 249730 # Dirty evictions (from lower level)
   INV: 39232 # Invalidates (from upper level)
   INVX: 36 # Downgrades (from upper level)
   FWD: 0 # Forwards (from upper level)
   latGETnl: 68201609 # GET request latency on next level
   latGETnet: 0 # GET request latency on network to next level
  l2-4: # Cache stats
   hGETS: 0 # GETS hits
   hGETX: 0 # GETX hits
   mGETS: 154183 # GETS misses
   mGETXIM: 250084 # GETX I->M misses
   mGETXSM: 9 # GETX S->M misses (upgrade misses)
   PUTS: 153186 # Clean evictions (from lower level)
   PUTX: 249728 # Dirty evictions (from lower level)
   INV: 40206 # Invalidates (from upper level)
   INVX: 20 # Downgrades (from upper level)
   FWD: 0 # Forwards (from upper level)
   latGETnl: 68195996 # GET request latency on next level
   latGETnet: 0 # GET request latency on network to next level
  l2-5: # Cache stats
   hGETS: 0 # GETS hits
   hGETX: 0 # GETX hits
   mGETS: 154182 # GETS misses
   mGETXIM: 250085 # GETX I->M misses
   mGETXSM: 9 # GETX S->M misses (upgrade misses)
   PUTS: 153186 # Clean evictions (from lower level)
   PUTX: 249728 # Dirty evictions (from lower level)
   INV: 41897 # Invalidates (from upper level)
   INVX: 20 # Downgrades (from upper level)
   FWD: 0 # Forwards (from upper level)
   latGETnl: 68195628 # GET request latency on next level
   latGETnet: 0 # GET request latency on network to next level
  l2-6: # Cache stats
   hGETS: 0 # GETS hits
   hGETX: 0 # GETX hits
   mGETS: 154144 # GETS misses
   mGETXIM: 250080 # GETX I->M misses
   mGETXSM: 5 # GETX S->M misses (upgrade misses)
   PUTS: 153178 # Clean evictions (from lower level)
   PUTX: 249725 # Dirty evictions (from lower level)
   INV: 44313 # Invalidates (from upper level)
   INVX: 17 # Downgrades (from upper level)
   FWD: 0 # Forwards (from upper level)
   latGETnl: 68197141 # GET request latency on next level
   latGETnet: 0 # GET request latency on network to next level
  l2-7: # Cache stats
   hGETS: 0 # GETS hits
   hGETX: 0 # GETX hits
   mGETS: 154145 # GETS misses
   mGETXIM: 250078 # GETX I->M misses
   mGETXSM: 7 # GETX S->M misses (upgrade misses)
   PUTS: 153177 # Clean evictions (from lower level)
   PUTX: 249727 # Dirty evictions (from lower level)
   INV: 50335 # Invalidates (from upper level)
   INVX: 18 # Downgrades (from upper level)
   FWD: 0 # Forwards (from upper level)
   latGETnl: 68195504 # GET request latency on next level
   latGETnet: 0 # GET request latency on network to next level
  l2-8: # Cache stats
   hGETS: 0 # GETS hits
   hGETX: 0 # GETX hits
   mGETS: 154188 # GETS misses
   mGETXIM: 250077 # GETX I->M misses
   mGETXSM: 9 # GETX S->M misses (upgrade misses)
   PUTS: 153185 # Clean evictions (from lower level)
   PUTX: 249727 # Dirty evictions (from lower level)
   INV: 80447 # Invalidates (from upper level)
   INVX: 19 # Downgrades (from upper level)
   FWD: 0 # Forwards (from upper level)
   latGETnl: 68195380 # GET request latency on next level
   latGETnet: 0 # GET request latency on network to next level
  l2-9: # Cache stats
   hGETS: 0 # GETS hits
   hGETX: 0 # GETX hits
   mGETS: 154146 # GETS misses
   mGETXIM: 250078 # GETX I->M misses
   mGETXSM: 5 # GETX S->M misses (upgrade misses)
   PUTS: 153177 # Clean evictions (from lower level)
   PUTX: 249726 # Dirty evictions (from lower level)
   INV: 79561 # Invalidates (from upper level)
   INVX: 19 # Downgrades (from upper level)
   FWD: 0 # Forwards (from upper level)
   latGETnl: 68194773 # GET request latency on next level
   latGETnet: 0 # GET request latency on network to next level
  l2-10: # Cache stats
   hGETS: 0 # GETS hits
   hGETX: 0 # GETX hits
   mGETS: 154148 # GETS misses
   mGETXIM: 250071 # GETX I->M misses
   mGETXSM: 5 # GETX S->M misses (upgrade misses)
   PUTS: 153175 # Clean evictions (from lower level)
   PUTX: 249727 # Dirty evictions (from lower level)
   INV: 38307 # Invalidates (from upper level)
   INVX: 23 # Downgrades (from upper level)
   FWD: 0 # Forwards (from upper level)
   latGETnl: 68196650 # GET request latency on next level
   latGETnet: 0 # GET request latency on network to next level
  l2-11: # Cache stats
   hGETS: 0 # GETS hits
   hGETX: 0 # GETX hits
   mGETS: 154168 # GETS misses
   mGETXIM: 250079 # GETX I->M misses
   mGETXSM: 10 # GETX S->M misses (upgrade misses)
   PUTS: 153186 # Clean evictions (from lower level)
   PUTX: 249749 # Dirty evictions (from lower level)
   INV: 107144 # Invalidates (from upper level)
   INVX: 4 # Downgrades (from upper level)
   FWD: 0 # Forwards (from upper level)
   latGETnl: 68197101 # GET request latency on next level
   latGETnet: 0 # GET request latency on network to next level
  l2-12: # Cache stats
   hGETS: 0 # GETS hits
   hGETX: 0 # GETX hits
   mGETS: 154151 # GETS misses
   mGETXIM: 250075 # GETX I->M misses
   mGETXSM: 6 # GETX S->M misses (upgrade misses)
   PUTS: 153177 # Clean evictions (from lower level)
   PUTX: 249727 # Dirty evictions (from lower level)
   INV: 39006 # Invalidates (from upper level)
   INVX: 7 # Downgrades (from upper level)
   FWD: 0 # Forwards (from upper level)
   latGETnl: 68193360 # GET request latency on next level
   latGETnet: 0 # GET request latency on network to next level
  l2-13: # Cache stats
   hGETS: 0 # GETS hits
   hGETX: 0 # GETX hits
   mGETS: 154150 # GETS misses
   mGETXIM: 250068 # GETX I->M misses
   mGETXSM: 5 # GETX S->M misses (upgrade misses)
   PUTS: 153178 # Clean evictions (from lower level)
   PUTX: 249725 # Dirty evictions (from lower level)
   INV: 37491 # Invalidates (from upper level)
   INVX: 5 # Downgrades (from upper level)
   FWD: 0 # Forwards (from upper level)
   latGETnl: 68192971 # GET request latency on next level
   latGETnet: 0 # GET request latency on network to next level
  l2-14: # Cache stats
   hGETS: 0 # GETS hits
   hGETX: 0 # GETX hits
   mGETS: 154148 # GETS misses
   mGETXIM: 250074 # GETX I->M misses
   mGETXSM: 6 # GETX S->M misses (upgrade misses)
   PUTS: 153176 # Clean evictions (from lower level)
   PUTX: 249728 # Dirty evictions (from lower level)
   INV: 77241 # Invalidates (from upper level)
   INVX: 2 # Downgrades (from upper level)
   FWD: 0 # Forwards (from upper level)
   latGETnl: 68191454 # GET request latency on next level
   latGETnet: 0 # GET request latency on network to next level
  l2-15: # Cache stats
   hGETS: 0 # GETS hits
   hGETX: 0 # GETX hits
   mGETS: 154144 # GETS misses
   mGETXIM: 250068 # GETX I->M misses
   mGETXSM: 6 # GETX S->M misses (upgrade misses)
   PUTS: 153175 # Clean evictions (from lower level)
   PUTX: 249728 # Dirty evictions (from lower level)
   INV: 60722 # Invalidates (from upper level)
   INVX: 2 # Downgrades (from upper level)
   FWD: 0 # Forwards (from upper level)
   latGETnl: 68191480 # GET request latency on next level
   latGETnet: 0 # GET request latency on network to next level
  l2-16: # Cache stats
   hGETS: 0 # GETS hits
   hGETX: 0 # GETX hits
   mGETS: 154142 # GETS misses
   mGETXIM: 250078 # GETX I->M misses
   mGETXSM: 6 # GETX S->M misses (upgrade misses)
   PUTS: 153176 # Clean evictions (from lower level)
   PUTX: 249727 # Dirty evictions (from lower level)
   INV: 39168 # Invalidates (from upper level)
   INVX: 2 # Downgrades (from upper level)
   FWD: 0 # Forwards (from upper level)
   latGETnl: 68191512 # GET request latency on next level
   latGETnet: 0 # GET request latency on network to next level
  l2-17: # Cache stats
   hGETS: 0 # GETS hits
   hGETX: 0 # GETX hits
   mGETS: 154143 # GETS misses
   mGETXIM: 250073 # GETX I->M misses
   mGETXSM: 6 # GETX S->M misses (upgrade misses)
   PUTS: 153178 # Clean evictions (from lower level)
   PUTX: 249726 # Dirty evictions (from lower level)
   INV: 40819 # Invalidates (from upper level)
   INVX: 2 # Downgrades (from upper level)
   FWD: 0 # Forwards (from upper level)
   latGETnl: 68191100 # GET request latency on next level
   latGETnet: 0 # GET request latency on network to next level
  l2-18: # Cache stats
   hGETS: 0 # GETS hits
   hGETX: 0 # GETX hits
   mGETS: 154144 # GETS misses
   mGETXIM: 250072 # GETX I->M misses
   mGETXSM: 6 # GETX S->M misses (upgrade misses)
   PUTS: 153175 # Clean evictions (from lower level)
   PUTX: 249728 # Dirty evictions (from lower level)
   INV: 39540 # Invalidates (from upper level)
   INVX: 2 # Downgrades (from upper level)
   FWD: 0 # Forwards (from upper level)
   latGETnl: 68191232 # GET request latency on next level
   latGETnet: 0 # GET request latency on network to next level
  l2-19: # Cache stats
   hGETS: 0 # GETS hits
   hGETX: 0 # GETX hits
   mGETS: 154153 # GETS misses
   mGETXIM: 250073 # GETX I->M misses
   mGETXSM: 6 # GETX S->M misses (upgrade misses)
   PUTS: 153176 # Clean evictions (from lower level)
   PUTX: 249728 # Dirty evictions (from lower level)
   INV: 59285 # Invalidates (from upper level)
   INVX: 2 # Downgrades (from upper level)
   FWD: 0 # Forwards (from upper level)
   latGETnl: 68191866 # GET request latency on next level
   latGETnet: 0 # GET request latency on network to next level
  l2-20: # Cache stats
   hGETS: 0 # GETS hits
   hGETX: 0 # GETX hits
   mGETS: 154150 # GETS misses
   mGETXIM: 250072 # GETX I->M misses
   mGETXSM: 6 # GETX S->M misses (upgrade misses)
   PUTS: 153178 # Clean evictions (from lower level)
   PUTX: 249726 # Dirty evictions (from lower level)
   INV: 38294 # Invalidates (from upper level)
   INVX: 2 # Downgrades (from upper level)
   FWD: 0 # Forwards (from upper level)
   latGETnl: 68191586 # GET request latency on next level
   latGETnet: 0 # GET request latency on network to next level
  l2-21: # Cache stats
   hGETS: 0 # GETS hits
   hGETX: 0 # GETX hits
   mGETS: 154265 # GETS misses
   mGETXIM: 250058 # GETX I->M misses
   mGETXSM: 10 # GETX S->M misses (upgrade misses)
   PUTS: 153217 # Clean evictions (from lower level)
   PUTX: 249726 # Dirty evictions (from lower level)
   INV: 52981 # Invalidates (from upper level)
   INVX: 3 # Downgrades (from upper level)
   FWD: 0 # Forwards (from upper level)
   latGETnl: 68205265 # GET request latency on next level
   latGETnet: 0 # GET request latency on network to next level
  l2-22: # Cache stats
   hGETS: 0 # GETS hits
   hGETX: 0 # GETX hits
   mGETS: 154159 # GETS misses
   mGETXIM: 250067 # GETX I->M misses
   mGETXSM: 8 # GETX S->M misses (upgrade misses)
   PUTS: 153177 # Clean evictions (from lower level)
   PUTX: 249725 # Dirty evictions (from lower level)
   INV: 44438 # Invalidates (from upper level)
   INVX: 7 # Downgrades (from upper level)
   FWD: 0 # Forwards (from upper level)
   latGETnl: 68192128 # GET request latency on next level
   latGETnet: 0 # GET request latency on network to next level
  l2-23: # Cache stats
   hGETS: 0 # GETS hits
   hGETX: 0 # GETX hits
   mGETS: 0 # GETS misses
   mGETXIM: 0 # GETX I->M misses
   mGETXSM: 0 # GETX S->M misses (upgrade misses)
   PUTS: 0 # Clean evictions (from lower level)
   PUTX: 0 # Dirty evictions (from lower level)
   INV: 0 # Invalidates (from upper level)
   INVX: 0 # Downgrades (from upper level)
   FWD: 0 # Forwards (from upper level)
   latGETnl: 0 # GET request latency on next level
   latGETnet: 0 # GET request latency on network to next level
 l3: # Cache stats
  l3-0b0: # Cache stats
   hGETS: 212 # GETS hits
   hGETX: 35 # GETX hits
   mGETS: 146904 # GETS misses
   mGETXIM: 239652 # GETX I->M misses
   mGETXSM: 0 # GETX S->M misses (upgrade misses)
   PUTS: 120526 # Clean evictions (from lower level)
   PUTX: 198014 # Dirty evictions (from lower level)
   INV: 0 # Invalidates (from upper level)
   INVX: 0 # Downgrades (from upper level)
   FWD: 0 # Forwards (from upper level)
   latGETnl: 51025392 # GET request latency on next level
   latGETnet: 0 # GET request latency on network to next level
  l3-0b1: # Cache stats
   hGETS: 276 # GETS hits
   hGETX: 42 # GETX hits
   mGETS: 146872 # GETS misses
   mGETXIM: 239649 # GETX I->M misses
   mGETXSM: 0 # GETX S->M misses (upgrade misses)
   PUTS: 120476 # Clean evictions (from lower level)
   PUTX: 198015 # Dirty evictions (from lower level)
   INV: 0 # Invalidates (from upper level)
   INVX: 0 # Downgrades (from upper level)
   FWD: 0 # Forwards (from upper level)
   latGETnl: 51020772 # GET request latency on next level
   latGETnet: 0 # GET request latency on network to next level
  l3-0b2: # Cache stats
   hGETS: 185 # GETS hits
   hGETX: 20 # GETX hits
   mGETS: 146909 # GETS misses
   mGETXIM: 239646 # GETX I->M misses
   mGETXSM: 0 # GETX S->M misses (upgrade misses)
   PUTS: 120377 # Clean evictions (from lower level)
   PUTX: 197791 # Dirty evictions (from lower level)
   INV: 0 # Invalidates (from upper level)
   INVX: 0 # Downgrades (from upper level)
   FWD: 0 # Forwards (from upper level)
   latGETnl: 51025260 # GET request latency on next level
   latGETnet: 0 # GET request latency on network to next level
  l3-0b3: # Cache stats
   hGETS: 280 # GETS hits
   hGETX: 4 # GETX hits
   mGETS: 146898 # GETS misses
   mGETXIM: 239647 # GETX I->M misses
   mGETXSM: 0 # GETX S->M misses (upgrade misses)
   PUTS: 120491 # Clean evictions (from lower level)
   PUTX: 197908 # Dirty evictions (from lower level)
   INV: 0 # Invalidates (from upper level)
   INVX: 0 # Downgrades (from upper level)
   FWD: 0 # Forwards (from upper level)
   latGETnl: 51023940 # GET request latency on next level
   latGETnet: 0 # GET request latency on network to next level
  l3-0b4: # Cache stats
   hGETS: 233 # GETS hits
   hGETX: 0 # GETX hits
   mGETS: 146928 # GETS misses
   mGETXIM: 239649 # GETX I->M misses
   mGETXSM: 0 # GETX S->M misses (upgrade misses)
   PUTS: 120557 # Clean evictions (from lower level)
   PUTX: 197748 # Dirty evictions (from lower level)
   INV: 0 # Invalidates (from upper level)
   INVX: 0 # Downgrades (from upper level)
   FWD: 0 # Forwards (from upper level)
   latGETnl: 51028164 # GET request latency on next level
   latGETnet: 0 # GET request latency on network to next level
  l3-0b5: # Cache stats
   hGETS: 290 # GETS hits
   hGETX: 11 # GETX hits
   mGETS: 146936 # GETS misses
   mGETXIM: 239651 # GETX I->M misses
   mGETXSM: 0 # GETX S->M misses (upgrade misses)
   PUTS: 120564 # Clean evictions (from lower level)
   PUTX: 197621 # Dirty evictions (from lower level)
   INV: 0 # Invalidates (from upper level)
   INVX: 0 # Downgrades (from upper level)
   FWD: 0 # Forwards (from upper level)
   latGETnl: 51029484 # GET request latency on next level
   latGETnet: 0 # GET request latency on network to next level
  l3-0b6: # Cache stats
   hGETS: 819 # GETS hits
   hGETX: 50 # GETX hits
   mGETS: 146926 # GETS misses
   mGETXIM: 239652 # GETX I->M misses
   mGETXSM: 0 # GETX S->M misses (upgrade misses)
   PUTS: 121099 # Clean evictions (from lower level)
   PUTX: 197855 # Dirty evictions (from lower level)
   INV: 0 # Invalidates (from upper level)
   INVX: 0 # Downgrades (from upper level)
   FWD: 0 # Forwards (from upper level)
   latGETnl: 51028296 # GET request latency on next level
   latGETnet: 0 # GET request latency on network to next level
  l3-0b7: # Cache stats
   hGETS: 732 # GETS hits
   hGETX: 44 # GETX hits
   mGETS: 146897 # GETS misses
   mGETXIM: 239650 # GETX I->M misses
   mGETXSM: 0 # GETX S->M misses (upgrade misses)
   PUTS: 121026 # Clean evictions (from lower level)
   PUTX: 197932 # Dirty evictions (from lower level)
   INV: 0 # Invalidates (from upper level)
   INVX: 0 # Downgrades (from upper level)
   FWD: 0 # Forwards (from upper level)
   latGETnl: 51024204 # GET request latency on next level
   latGETnet: 0 # GET request latency on network to next level
  l3-0b8: # Cache stats
   hGETS: 753 # GETS hits
   hGETX: 17 # GETX hits
   mGETS: 146895 # GETS misses
   mGETXIM: 239650 # GETX I->M misses
   mGETXSM: 0 # GETX S->M misses (upgrade misses)
   PUTS: 121109 # Clean evictions (from lower level)
   PUTX: 197840 # Dirty evictions (from lower level)
   INV: 0 # Invalidates (from upper level)
   INVX: 0 # Downgrades (from upper level)
   FWD: 0 # Forwards (from upper level)
   latGETnl: 51023940 # GET request latency on next level
   latGETnet: 0 # GET request latency on network to next level
  l3-0b9: # Cache stats
   hGETS: 728 # GETS hits
   hGETX: 25 # GETX hits
   mGETS: 146942 # GETS misses
   mGETXIM: 239651 # GETX I->M misses
   mGETXSM: 0 # GETX S->M misses (upgrade misses)
   PUTS: 121081 # Clean evictions (from lower level)
   PUTX: 197789 # Dirty evictions (from lower level)
   INV: 0 # Invalidates (from upper level)
   INVX: 0 # Downgrades (from upper level)
   FWD: 0 # Forwards (from upper level)
   latGETnl: 51030276 # GET request latency on next level
   latGETnet: 0 # GET request latency on network to next level
  l3-0b10: # Cache stats
   hGETS: 1911 # GETS hits
   hGETX: 63 # GETX hits
   mGETS: 146943 # GETS misses
   mGETXIM: 239650 # GETX I->M misses
   mGETXSM: 0 # GETX S->M misses (upgrade misses)
   PUTS: 122247 # Clean evictions (from lower level)
   PUTX: 197883 # Dirty evictions (from lower level)
   INV: 0 # Invalidates (from upper level)
   INVX: 0 # Downgrades (from upper level)
   FWD: 0 # Forwards (from upper level)
   latGETnl: 51030276 # GET request latency on next level
   latGETnet: 0 # GET request latency on network to next level
  l3-0b11: # Cache stats
   hGETS: 796 # GETS hits
   hGETX: 61 # GETX hits
   mGETS: 146989 # GETS misses
   mGETXIM: 239655 # GETX I->M misses
   mGETXSM: 0 # GETX S->M misses (upgrade misses)
   PUTS: 121079 # Clean evictions (from lower level)
   PUTX: 197629 # Dirty evictions (from lower level)
   INV: 0 # Invalidates (from upper level)
   INVX: 0 # Downgrades (from upper level)
   FWD: 0 # Forwards (from upper level)
   latGETnl: 51037008 # GET request latency on next level
   latGETnet: 0 # GET request latency on network to next level
  l3-0b12: # Cache stats
   hGETS: 1447 # GETS hits
   hGETX: 71 # GETX hits
   mGETS: 146937 # GETS misses
   mGETXIM: 239654 # GETX I->M misses
   mGETXSM: 0 # GETX S->M misses (upgrade misses)
   PUTS: 121832 # Clean evictions (from lower level)
   PUTX: 197873 # Dirty evictions (from lower level)
   INV: 0 # Invalidates (from upper level)
   INVX: 0 # Downgrades (from upper level)
   FWD: 0 # Forwards (from upper level)
   latGETnl: 51030012 # GET request latency on next level
   latGETnet: 0 # GET request latency on network to next level
  l3-0b13: # Cache stats
   hGETS: 1384 # GETS hits
   hGETX: 82 # GETX hits
   mGETS: 146953 # GETS misses
   mGETXIM: 239655 # GETX I->M misses
   mGETXSM: 0 # GETX S->M misses (upgrade misses)
   PUTS: 121764 # Clean evictions (from lower level)
   PUTX: 197884 # Dirty evictions (from lower level)
   INV: 0 # Invalidates (from upper level)
   INVX: 0 # Downgrades (from upper level)
   FWD: 0 # Forwards (from upper level)
   latGETnl: 51032256 # GET request latency on next level
   latGETnet: 0 # GET request latency on network to next level
  l3-0b14: # Cache stats
   hGETS: 1415 # GETS hits
   hGETX: 56 # GETX hits
   mGETS: 146953 # GETS misses
   mGETXIM: 239653 # GETX I->M misses
   mGETXSM: 0 # GETX S->M misses (upgrade misses)
   PUTS: 121703 # Clean evictions (from lower level)
   PUTX: 197745 # Dirty evictions (from lower level)
   INV: 0 # Invalidates (from upper level)
   INVX: 0 # Downgrades (from upper level)
   FWD: 0 # Forwards (from upper level)
   latGETnl: 51031992 # GET request latency on next level
   latGETnet: 0 # GET request latency on network to next level
  l3-0b15: # Cache stats
   hGETS: 1406 # GETS hits
   hGETX: 32 # GETX hits
   mGETS: 146902 # GETS misses
   mGETXIM: 239648 # GETX I->M misses
   mGETXSM: 0 # GETX S->M misses (upgrade misses)
   PUTS: 121674 # Clean evictions (from lower level)
   PUTX: 197775 # Dirty evictions (from lower level)
   INV: 0 # Invalidates (from upper level)
   INVX: 0 # Downgrades (from upper level)
   FWD: 0 # Forwards (from upper level)
   latGETnl: 51024600 # GET request latency on next level
   latGETnet: 0 # GET request latency on network to next level
  l3-0b16: # Cache stats
   hGETS: 940 # GETS hits
   hGETX: 22 # GETX hits
   mGETS: 146893 # GETS misses
   mGETXIM: 239560 # GETX I->M misses
   mGETXSM: 0 # GETX S->M misses (upgrade misses)
   PUTS: 121007 # Clean evictions (from lower level)
   PUTX: 197646 # Dirty evictions (from lower level)
   INV: 0 # Invalidates (from upper level)
   INVX: 0 # Downgrades (from upper level)
   FWD: 0 # Forwards (from upper level)
   latGETnl: 51011796 # GET request latency on next level
   latGETnet: 0 # GET request latency on network to next level
  l3-0b17: # Cache stats
   hGETS: 904 # GETS hits
   hGETX: 23 # GETX hits
   mGETS: 146887 # GETS misses
   mGETXIM: 239560 # GETX I->M misses
   mGETXSM: 0 # GETX S->M misses (upgrade misses)
   PUTS: 121170 # Clean evictions (from lower level)
   PUTX: 197573 # Dirty evictions (from lower level)
   INV: 0 # Invalidates (from upper level)
   INVX: 0 # Downgrades (from upper level)
   FWD: 0 # Forwards (from upper level)
   latGETnl: 51011004 # GET request latency on next level
   latGETnet: 0 # GET request latency on network to next level
  l3-0b18: # Cache stats
   hGETS: 956 # GETS hits
   hGETX: 77 # GETX hits
   mGETS: 146867 # GETS misses
   mGETXIM: 239557 # GETX I->M misses
   mGETXSM: 0 # GETX S->M misses (upgrade misses)
   PUTS: 121093 # Clean evictions (from lower level)
   PUTX: 197667 # Dirty evictions (from lower level)
   INV: 0 # Invalidates (from upper level)
   INVX: 0 # Downgrades (from upper level)
   FWD: 0 # Forwards (from upper level)
   latGETnl: 51007968 # GET request latency on next level
   latGETnet: 0 # GET request latency on network to next level
  l3-0b19: # Cache stats
   hGETS: 918 # GETS hits
   hGETX: 101 # GETX hits
   mGETS: 146822 # GETS misses
   mGETXIM: 239563 # GETX I->M misses
   mGETXSM: 0 # GETX S->M misses (upgrade misses)
   PUTS: 121101 # Clean evictions (from lower level)
   PUTX: 197842 # Dirty evictions (from lower level)
   INV: 0 # Invalidates (from upper level)
   INVX: 0 # Downgrades (from upper level)
   FWD: 0 # Forwards (from upper level)
   latGETnl: 51002820 # GET request latency on next level
   latGETnet: 0 # GET request latency on network to next level
  l3-0b20: # Cache stats
   hGETS: 895 # GETS hits
   hGETX: 33 # GETX hits
   mGETS: 146852 # GETS misses
   mGETXIM: 239558 # GETX I->M misses
   mGETXSM: 0 # GETX S->M misses (upgrade misses)
   PUTS: 121101 # Clean evictions (from lower level)
   PUTX: 197766 # Dirty evictions (from lower level)
   INV: 0 # Invalidates (from upper level)
   INVX: 0 # Downgrades (from upper level)
   FWD: 0 # Forwards (from upper level)
   latGETnl: 51006120 # GET request latency on next level
   latGETnet: 0 # GET request latency on network to next level
  l3-0b21: # Cache stats
   hGETS: 926 # GETS hits
   hGETX: 39 # GETX hits
   mGETS: 146841 # GETS misses
   mGETXIM: 239561 # GETX I->M misses
   mGETXSM: 0 # GETX S->M misses (upgrade misses)
   PUTS: 121091 # Clean evictions (from lower level)
   PUTX: 197830 # Dirty evictions (from lower level)
   INV: 0 # Invalidates (from upper level)
   INVX: 0 # Downgrades (from upper level)
   FWD: 0 # Forwards (from upper level)
   latGETnl: 51005064 # GET request latency on next level
   latGETnet: 0 # GET request latency on network to next level
  l3-0b22: # Cache stats
   hGETS: 899 # GETS hits
   hGETX: 71 # GETX hits
   mGETS: 146836 # GETS misses
   mGETXIM: 239558 # GETX I->M misses
   mGETXSM: 0 # GETX S->M misses (upgrade misses)
   PUTS: 120956 # Clean evictions (from lower level)
   PUTX: 197870 # Dirty evictions (from lower level)
   INV: 0 # Invalidates (from upper level)
   INVX: 0 # Downgrades (from upper level)
   FWD: 0 # Forwards (from upper level)
   latGETnl: 51004008 # GET request latency on next level
   latGETnet: 0 # GET request latency on network to next level
  l3-0b23: # Cache stats
   hGETS: 932 # GETS hits
   hGETX: 55 # GETX hits
   mGETS: 146925 # GETS misses
   mGETXIM: 239557 # GETX I->M misses
   mGETXSM: 0 # GETX S->M misses (upgrade misses)
   PUTS: 121129 # Clean evictions (from lower level)
   PUTX: 197762 # Dirty evictions (from lower level)
   INV: 0 # Invalidates (from upper level)
   INVX: 0 # Downgrades (from upper level)
   FWD: 0 # Forwards (from upper level)
   latGETnl: 51015624 # GET request latency on next level
   latGETnet: 0 # GET request latency on network to next level
 mem: # Memory controller stats
  mem-0: # Memory controller stats
   rd: 9276593 # Read requests
   wr: 5418442 # Write requests
   rdlat: 1328020480 # Total latency experienced by read requests
   wrlat: 778289536 # Total latency experienced by write requests
 sched: # Scheduler stats
  thCr: 25 # Threads created
  thFn: 25 # Threads finished
  schedEvs: 28 # Schedule events
  waitEvs: 2 # Wait events
  handoffEvs: 1 # Handoff events
  sleepEvs: 1 # Sleep events
  idlePhases: 0 # Phases with no thread active
  idlePeriods: 0 # Periods with no thread active
  occHist: # Occupancy histogram
   0: 0
   1: 24
   2: 0
   3: 1
   4: 2
   5: 1
   6: 0
   7: 1
   8: 0
   9: 0
   10: 0
   11: 1
   12: 0
   13: 1
   14: 0
   15: 0
   16: 0
   17: 1
   18: 0
   19: 0
   20: 0
   21: 1
   22: 0
   23: 223904
   24: 0
  rqSzHist: # Run queue size histogram
   0: 223914
   1: 23
   2: 0
   3: 0
   4: 0
   5: 0
   6: 0
   7: 0
   8: 0
   9: 0
   10: 0
   11: 0
   12: 0
   13: 0
   14: 0
   15: 0
   16: 0
   17: 0
   18: 0
   19: 0
   20: 0
   21: 0
   22: 0
   23: 0
   24: 0
 procCycles: # Per-process unhalted core cycles
  0: 5149899061
  1: 0
  2: 0
  3: 0
  4: 0
  5: 0
  6: 0
  7: 0
  8: 0
  9: 0
  10: 0
  11: 0
  12: 0
  13: 0
  14: 0
  15: 0
  16: 0
  17: 0
  18: 0
  19: 0
  20: 0
  21: 0
  22: 0
  23: 0
  24: 0
  25: 0
  26: 0
  27: 0
  28: 0
  29: 0
  30: 0
  31: 0
  32: 0
  33: 0
  34: 0
  35: 0
  36: 0
  37: 0
  38: 0
  39: 0
  40: 0
  41: 0
  42: 0
  43: 0
  44: 0
  45: 0
  46: 0
  47: 0
  48: 0
  49: 0
  50: 0
  51: 0
  52: 0
  53: 0
  54: 0
  55: 0
  56: 0
  57: 0
  58: 0
  59: 0
  60: 0
  61: 0
  62: 0
  63: 0
 procInstrs: # Per-process instructions
  0: 7634626060
  1: 0
  2: 0
  3: 0
  4: 0
  5: 0
  6: 0
  7: 0
  8: 0
  9: 0
  10: 0
  11: 0
  12: 0
  13: 0
  14: 0
  15: 0
  16: 0
  17: 0
  18: 0
  19: 0
  20: 0
  21: 0
  22: 0
  23: 0
  24: 0
  25: 0
  26: 0
  27: 0
  28: 0
  29: 0
  30: 0
  31: 0
  32: 0
  33: 0
  34: 0
  35: 0
  36: 0
  37: 0
  38: 0
  39: 0
  40: 0
  41: 0
  42: 0
  43: 0
  44: 0
  45: 0
  46: 0
  47: 0
  48: 0
  49: 0
  50: 0
  51: 0
  52: 0
  53: 0
  54: 0
  55: 0
  56: 0
  57: 0
  58: 0
  59: 0
  60: 0
  61: 0
  62: 0
  63: 0
 heartbeats: # Per-process heartbeats
  0: 0
  1: 0
  2: 0
  3: 0
  4: 0
  5: 0
  6: 0
  7: 0
  8: 0
  9: 0
  10: 0
  11: 0
  12: 0
  13: 0
  14: 0
  15: 0
  16: 0
  17: 0
  18: 0
  19: 0
  20: 0
  21: 0
  22: 0
  23: 0
  24: 0
  25: 0
  26: 0
  27: 0
  28: 0
  29: 0
  30: 0
  31: 0
  32: 0
  33: 0
  34: 0
  35: 0
  36: 0
  37: 0
  38: 0
  39: 0
  40: 0
  41: 0
  42: 0
  43: 0
  44: 0
  45: 0
  46: 0
  47: 0
  48: 0
  49: 0
  50: 0
  51: 0
  52: 0
  53: 0
  54: 0
  55: 0
  56: 0
  57: 0
  58: 0
  59: 0
  60: 0
  61: 0
  62: 0
  63: 0
===
