# zsim stats
===
root: # Stats
 contention: # Contention simulation stats
  domain-0: # Domain stats
   time: 7330678083 # Weave simulation time
 time: # Simulator time breakdown
  init: 3071450730
  bound: 727592716772
  weave: 12640932444
  ff: 2988225
 trigger: 20000 # Reason for this stats dump
 phase: 181108 # Simulated phases
 reqCycles: 0 # Requeue Cycles
 skylake: # Core stats
  skylake-0: # Core stats
   cycles: 181108025 # Simulated unhalted cycles
   cCycles: 984848 # Cycles due to contention stalls
   instrs: 268948901 # Simulated instructions
   uops: 180465964 # issued micro-ops
   bbls: 89257506 # Basic blocks
   approxInstrs: 680256 # Instrs with approx uop decoding
   mispredBranches: 98998 # Mispredicted branches
   IdqNotDelivered: 180123177 # Stalls no uop delivered when no Bkend Stall
   IntMiscRecoveryCycles: 801583 # Stalls waiting machine clears
   uops executed: 180744701 # Executed microoperations
  skylake-1: # Core stats
   cycles: 181084135 # Simulated unhalted cycles
   cCycles: 984860 # Cycles due to contention stalls
   instrs: 268947716 # Simulated instructions
   uops: 180464631 # issued micro-ops
   bbls: 89257283 # Basic blocks
   approxInstrs: 680252 # Instrs with approx uop decoding
   mispredBranches: 98969 # Mispredicted branches
   IdqNotDelivered: 180099275 # Stalls no uop delivered when no Bkend Stall
   IntMiscRecoveryCycles: 796395 # Stalls waiting machine clears
   uops executed: 180743354 # Executed microoperations
  skylake-2: # Core stats
   cycles: 181080534 # Simulated unhalted cycles
   cCycles: 984837 # Cycles due to contention stalls
   instrs: 268943851 # Simulated instructions
   uops: 180461776 # issued micro-ops
   bbls: 89256072 # Basic blocks
   approxInstrs: 680241 # Instrs with approx uop decoding
   mispredBranches: 98962 # Mispredicted branches
   IdqNotDelivered: 180095697 # Stalls no uop delivered when no Bkend Stall
   IntMiscRecoveryCycles: 797365 # Stalls waiting machine clears
   uops executed: 180740562 # Executed microoperations
  skylake-3: # Core stats
   cycles: 181082751 # Simulated unhalted cycles
   cCycles: 984828 # Cycles due to contention stalls
   instrs: 268947458 # Simulated instructions
   uops: 180464328 # issued micro-ops
   bbls: 89257229 # Basic blocks
   approxInstrs: 680250 # Instrs with approx uop decoding
   mispredBranches: 98963 # Mispredicted branches
   IdqNotDelivered: 180097923 # Stalls no uop delivered when no Bkend Stall
   IntMiscRecoveryCycles: 796652 # Stalls waiting machine clears
   uops executed: 180743068 # Executed microoperations
  skylake-4: # Core stats
   cycles: 181081176 # Simulated unhalted cycles
   cCycles: 984839 # Cycles due to contention stalls
   instrs: 268947497 # Simulated instructions
   uops: 180464376 # issued micro-ops
   bbls: 89257240 # Basic blocks
   approxInstrs: 680250 # Instrs with approx uop decoding
   mispredBranches: 98965 # Mispredicted branches
   IdqNotDelivered: 180096337 # Stalls no uop delivered when no Bkend Stall
   IntMiscRecoveryCycles: 796707 # Stalls waiting machine clears
   uops executed: 180743100 # Executed microoperations
  skylake-5: # Core stats
   cycles: 181080013 # Simulated unhalted cycles
   cCycles: 984829 # Cycles due to contention stalls
   instrs: 268947339 # Simulated instructions
   uops: 180464242 # issued micro-ops
   bbls: 89257190 # Basic blocks
   approxInstrs: 680248 # Instrs with approx uop decoding
   mispredBranches: 98961 # Mispredicted branches
   IdqNotDelivered: 180095184 # Stalls no uop delivered when no Bkend Stall
   IntMiscRecoveryCycles: 795856 # Stalls waiting machine clears
   uops executed: 180742986 # Executed microoperations
  skylake-6: # Core stats
   cycles: 181079769 # Simulated unhalted cycles
   cCycles: 984850 # Cycles due to contention stalls
   instrs: 268946848 # Simulated instructions
   uops: 180463605 # issued micro-ops
   bbls: 89257102 # Basic blocks
   approxInstrs: 680244 # Instrs with approx uop decoding
   mispredBranches: 98958 # Mispredicted branches
   IdqNotDelivered: 180094919 # Stalls no uop delivered when no Bkend Stall
   IntMiscRecoveryCycles: 797245 # Stalls waiting machine clears
   uops executed: 180742341 # Executed microoperations
  skylake-7: # Core stats
   cycles: 181079016 # Simulated unhalted cycles
   cCycles: 984830 # Cycles due to contention stalls
   instrs: 268946834 # Simulated instructions
   uops: 180463586 # issued micro-ops
   bbls: 89257096 # Basic blocks
   approxInstrs: 680244 # Instrs with approx uop decoding
   mispredBranches: 98958 # Mispredicted branches
   IdqNotDelivered: 180094186 # Stalls no uop delivered when no Bkend Stall
   IntMiscRecoveryCycles: 796957 # Stalls waiting machine clears
   uops executed: 180742321 # Executed microoperations
  skylake-8: # Core stats
   cycles: 181079001 # Simulated unhalted cycles
   cCycles: 984829 # Cycles due to contention stalls
   instrs: 268945944 # Simulated instructions
   uops: 180463312 # issued micro-ops
   bbls: 89256725 # Basic blocks
   approxInstrs: 680248 # Instrs with approx uop decoding
   mispredBranches: 98961 # Mispredicted branches
   IdqNotDelivered: 180094172 # Stalls no uop delivered when no Bkend Stall
   IntMiscRecoveryCycles: 795920 # Stalls waiting machine clears
   uops executed: 180742056 # Executed microoperations
  skylake-9: # Core stats
   cycles: 181078720 # Simulated unhalted cycles
   cCycles: 984830 # Cycles due to contention stalls
   instrs: 268946835 # Simulated instructions
   uops: 180463588 # issued micro-ops
   bbls: 89257097 # Basic blocks
   approxInstrs: 680244 # Instrs with approx uop decoding
   mispredBranches: 98958 # Mispredicted branches
   IdqNotDelivered: 180093890 # Stalls no uop delivered when no Bkend Stall
   IntMiscRecoveryCycles: 796594 # Stalls waiting machine clears
   uops executed: 180742323 # Executed microoperations
  skylake-10: # Core stats
   cycles: 181078705 # Simulated unhalted cycles
   cCycles: 984832 # Cycles due to contention stalls
   instrs: 268946423 # Simulated instructions
   uops: 180463297 # issued micro-ops
   bbls: 89256961 # Basic blocks
   approxInstrs: 680242 # Instrs with approx uop decoding
   mispredBranches: 98955 # Mispredicted branches
   IdqNotDelivered: 180093873 # Stalls no uop delivered when no Bkend Stall
   IntMiscRecoveryCycles: 796515 # Stalls waiting machine clears
   uops executed: 180742045 # Executed microoperations
  skylake-11: # Core stats
   cycles: 181078013 # Simulated unhalted cycles
   cCycles: 984841 # Cycles due to contention stalls
   instrs: 268947021 # Simulated instructions
   uops: 180463919 # issued micro-ops
   bbls: 89257065 # Basic blocks
   approxInstrs: 680246 # Instrs with approx uop decoding
   mispredBranches: 98958 # Mispredicted branches
   IdqNotDelivered: 180093172 # Stalls no uop delivered when no Bkend Stall
   IntMiscRecoveryCycles: 796388 # Stalls waiting machine clears
   uops executed: 180742750 # Executed microoperations
  skylake-12: # Core stats
   cycles: 181078013 # Simulated unhalted cycles
   cCycles: 984837 # Cycles due to contention stalls
   instrs: 268946615 # Simulated instructions
   uops: 180463425 # issued micro-ops
   bbls: 89257025 # Basic blocks
   approxInstrs: 680242 # Instrs with approx uop decoding
   mispredBranches: 98955 # Mispredicted branches
   IdqNotDelivered: 180093176 # Stalls no uop delivered when no Bkend Stall
   IntMiscRecoveryCycles: 796531 # Stalls waiting machine clears
   uops executed: 180742173 # Executed microoperations
  skylake-13: # Core stats
   cycles: 181077746 # Simulated unhalted cycles
   cCycles: 984830 # Cycles due to contention stalls
   instrs: 268946834 # Simulated instructions
   uops: 180463586 # issued micro-ops
   bbls: 89257096 # Basic blocks
   approxInstrs: 680244 # Instrs with approx uop decoding
   mispredBranches: 98958 # Mispredicted branches
   IdqNotDelivered: 180092916 # Stalls no uop delivered when no Bkend Stall
   IntMiscRecoveryCycles: 796332 # Stalls waiting machine clears
   uops executed: 180742321 # Executed microoperations
  skylake-14: # Core stats
   cycles: 181077123 # Simulated unhalted cycles
   cCycles: 984865 # Cycles due to contention stalls
   instrs: 268946829 # Simulated instructions
   uops: 180463580 # issued micro-ops
   bbls: 89257095 # Basic blocks
   approxInstrs: 680244 # Instrs with approx uop decoding
   mispredBranches: 98958 # Mispredicted branches
   IdqNotDelivered: 180092258 # Stalls no uop delivered when no Bkend Stall
   IntMiscRecoveryCycles: 796332 # Stalls waiting machine clears
   uops executed: 180742314 # Executed microoperations
  skylake-15: # Core stats
   cycles: 181077038 # Simulated unhalted cycles
   cCycles: 984832 # Cycles due to contention stalls
   instrs: 268946848 # Simulated instructions
   uops: 180463605 # issued micro-ops
   bbls: 89257102 # Basic blocks
   approxInstrs: 680244 # Instrs with approx uop decoding
   mispredBranches: 98958 # Mispredicted branches
   IdqNotDelivered: 180092206 # Stalls no uop delivered when no Bkend Stall
   IntMiscRecoveryCycles: 796136 # Stalls waiting machine clears
   uops executed: 180742341 # Executed microoperations
  skylake-16: # Core stats
   cycles: 181077029 # Simulated unhalted cycles
   cCycles: 984831 # Cycles due to contention stalls
   instrs: 268946839 # Simulated instructions
   uops: 180463593 # issued micro-ops
   bbls: 89257098 # Basic blocks
   approxInstrs: 680244 # Instrs with approx uop decoding
   mispredBranches: 98958 # Mispredicted branches
   IdqNotDelivered: 180092198 # Stalls no uop delivered when no Bkend Stall
   IntMiscRecoveryCycles: 796136 # Stalls waiting machine clears
   uops executed: 180742328 # Executed microoperations
  skylake-17: # Core stats
   cycles: 181077091 # Simulated unhalted cycles
   cCycles: 984855 # Cycles due to contention stalls
   instrs: 268946829 # Simulated instructions
   uops: 180463580 # issued micro-ops
   bbls: 89257095 # Basic blocks
   approxInstrs: 680244 # Instrs with approx uop decoding
   mispredBranches: 98958 # Mispredicted branches
   IdqNotDelivered: 180092236 # Stalls no uop delivered when no Bkend Stall
   IntMiscRecoveryCycles: 796332 # Stalls waiting machine clears
   uops executed: 180742314 # Executed microoperations
  skylake-18: # Core stats
   cycles: 181076012 # Simulated unhalted cycles
   cCycles: 984833 # Cycles due to contention stalls
   instrs: 268945982 # Simulated instructions
   uops: 180463003 # issued micro-ops
   bbls: 89256814 # Basic blocks
   approxInstrs: 680242 # Instrs with approx uop decoding
   mispredBranches: 98955 # Mispredicted branches
   IdqNotDelivered: 180091179 # Stalls no uop delivered when no Bkend Stall
   IntMiscRecoveryCycles: 796008 # Stalls waiting machine clears
   uops executed: 180741751 # Executed microoperations
  skylake-19: # Core stats
   cycles: 181076012 # Simulated unhalted cycles
   cCycles: 984836 # Cycles due to contention stalls
   instrs: 268946060 # Simulated instructions
   uops: 180463055 # issued micro-ops
   bbls: 89256840 # Basic blocks
   approxInstrs: 680242 # Instrs with approx uop decoding
   mispredBranches: 98955 # Mispredicted branches
   IdqNotDelivered: 180091176 # Stalls no uop delivered when no Bkend Stall
   IntMiscRecoveryCycles: 796310 # Stalls waiting machine clears
   uops executed: 180741803 # Executed microoperations
  skylake-20: # Core stats
   cycles: 181076002 # Simulated unhalted cycles
   cCycles: 984845 # Cycles due to contention stalls
   instrs: 268945844 # Simulated instructions
   uops: 180462911 # issued micro-ops
   bbls: 89256768 # Basic blocks
   approxInstrs: 680242 # Instrs with approx uop decoding
   mispredBranches: 98955 # Mispredicted branches
   IdqNotDelivered: 180091157 # Stalls no uop delivered when no Bkend Stall
   IntMiscRecoveryCycles: 796267 # Stalls waiting machine clears
   uops executed: 180741659 # Executed microoperations
  skylake-21: # Core stats
   cycles: 181076013 # Simulated unhalted cycles
   cCycles: 984835 # Cycles due to contention stalls
   instrs: 268926854 # Simulated instructions
   uops: 180451642 # issued micro-ops
   bbls: 89249928 # Basic blocks
   approxInstrs: 680192 # Instrs with approx uop decoding
   mispredBranches: 99045 # Mispredicted branches
   IdqNotDelivered: 180091178 # Stalls no uop delivered when no Bkend Stall
   IntMiscRecoveryCycles: 798775 # Stalls waiting machine clears
   uops executed: 180730422 # Executed microoperations
  skylake-22: # Core stats
   cycles: 181074705 # Simulated unhalted cycles
   cCycles: 984835 # Cycles due to contention stalls
   instrs: 268943336 # Simulated instructions
   uops: 180461267 # issued micro-ops
   bbls: 89255932 # Basic blocks
   approxInstrs: 680236 # Instrs with approx uop decoding
   mispredBranches: 98952 # Mispredicted branches
   IdqNotDelivered: 180089870 # Stalls no uop delivered when no Bkend Stall
   IntMiscRecoveryCycles: 795965 # Stalls waiting machine clears
   uops executed: 180740032 # Executed microoperations
  skylake-23: # Core stats
   cycles: 0 # Simulated unhalted cycles
   cCycles: 0 # Cycles due to contention stalls
   instrs: 0 # Simulated instructions
   uops: 0 # issued micro-ops
   bbls: 0 # Basic blocks
   approxInstrs: 0 # Instrs with approx uop decoding
   mispredBranches: 0 # Mispredicted branches
   IdqNotDelivered: 0 # Stalls no uop delivered when no Bkend Stall
   IntMiscRecoveryCycles: 0 # Stalls waiting machine clears
   uops executed: 0 # Executed microoperations
 l1d: # Cache stats
  l1d-0: # Filter cache stats
   fhGETS: 836445 # Filtered GETS hits
   fhGETX: 423081 # Filtered GETX hits
   hGETS: 7845 # GETS hits
   hGETX: 13601 # GETX hits
   mGETS: 250251 # GETS misses
   mGETXIM: 40789 # GETX I->M misses
   mGETXSM: 7 # GETX S->M misses (upgrade misses)
   PUTS: 0 # Clean evictions (from lower level)
   PUTX: 0 # Dirty evictions (from lower level)
   INV: 94 # Invalidates (from upper level)
   INVX: 93 # Downgrades (from upper level)
   FWD: 0 # Forwards (from upper level)
   latGETnl: 52077011 # GET request latency on next level
   latGETnet: 0 # GET request latency on network to next level
  l1d-1: # Filter cache stats
   fhGETS: 836175 # Filtered GETS hits
   fhGETX: 422900 # Filtered GETX hits
   hGETS: 7768 # GETS hits
   hGETX: 13574 # GETX hits
   mGETS: 250205 # GETS misses
   mGETXIM: 40753 # GETX I->M misses
   mGETXSM: 10 # GETX S->M misses (upgrade misses)
   PUTS: 0 # Clean evictions (from lower level)
   PUTX: 0 # Dirty evictions (from lower level)
   INV: 77 # Invalidates (from upper level)
   INVX: 25 # Downgrades (from upper level)
   FWD: 0 # Forwards (from upper level)
   latGETnl: 52057724 # GET request latency on next level
   latGETnet: 0 # GET request latency on network to next level
  l1d-2: # Filter cache stats
   fhGETS: 836033 # Filtered GETS hits
   fhGETX: 422844 # Filtered GETX hits
   hGETS: 7747 # GETS hits
   hGETX: 13536 # GETX hits
   mGETS: 250190 # GETS misses
   mGETXIM: 40747 # GETX I->M misses
   mGETXSM: 5 # GETX S->M misses (upgrade misses)
   PUTS: 0 # Clean evictions (from lower level)
   PUTX: 0 # Dirty evictions (from lower level)
   INV: 54 # Invalidates (from upper level)
   INVX: 5 # Downgrades (from upper level)
   FWD: 0 # Forwards (from upper level)
   latGETnl: 52054554 # GET request latency on next level
   latGETnet: 0 # GET request latency on network to next level
  l1d-3: # Filter cache stats
   fhGETS: 836102 # Filtered GETS hits
   fhGETX: 422868 # Filtered GETX hits
   hGETS: 7775 # GETS hits
   hGETX: 13567 # GETX hits
   mGETS: 250196 # GETS misses
   mGETXIM: 40751 # GETX I->M misses
   mGETXSM: 7 # GETX S->M misses (upgrade misses)
   PUTS: 0 # Clean evictions (from lower level)
   PUTX: 0 # Dirty evictions (from lower level)
   INV: 69 # Invalidates (from upper level)
   INVX: 36 # Downgrades (from upper level)
   FWD: 0 # Forwards (from upper level)
   latGETnl: 52058462 # GET request latency on next level
   latGETnet: 0 # GET request latency on network to next level
  l1d-4: # Filter cache stats
   fhGETS: 836109 # Filtered GETS hits
   fhGETX: 422851 # Filtered GETX hits
   hGETS: 7777 # GETS hits
   hGETX: 13581 # GETX hits
   mGETS: 250201 # GETS misses
   mGETXIM: 40757 # GETX I->M misses
   mGETXSM: 9 # GETX S->M misses (upgrade misses)
   PUTS: 0 # Clean evictions (from lower level)
   PUTX: 0 # Dirty evictions (from lower level)
   INV: 74 # Invalidates (from upper level)
   INVX: 20 # Downgrades (from upper level)
   FWD: 0 # Forwards (from upper level)
   latGETnl: 52056147 # GET request latency on next level
   latGETnet: 0 # GET request latency on network to next level
  l1d-5: # Filter cache stats
   fhGETS: 836108 # Filtered GETS hits
   fhGETX: 422860 # Filtered GETX hits
   hGETS: 7761 # GETS hits
   hGETX: 13571 # GETX hits
   mGETS: 250197 # GETS misses
   mGETXIM: 40753 # GETX I->M misses
   mGETXSM: 9 # GETX S->M misses (upgrade misses)
   PUTS: 0 # Clean evictions (from lower level)
   PUTX: 0 # Dirty evictions (from lower level)
   INV: 74 # Invalidates (from upper level)
   INVX: 20 # Downgrades (from upper level)
   FWD: 0 # Forwards (from upper level)
   latGETnl: 52055757 # GET request latency on next level
   latGETnet: 0 # GET request latency on network to next level
  l1d-6: # Filter cache stats
   fhGETS: 835955 # Filtered GETS hits
   fhGETX: 422777 # Filtered GETX hits
   hGETS: 7756 # GETS hits
   hGETX: 13548 # GETX hits
   mGETS: 250179 # GETS misses
   mGETXIM: 40750 # GETX I->M misses
   mGETXSM: 5 # GETX S->M misses (upgrade misses)
   PUTS: 0 # Clean evictions (from lower level)
   PUTX: 0 # Dirty evictions (from lower level)
   INV: 58 # Invalidates (from upper level)
   INVX: 20 # Downgrades (from upper level)
   FWD: 0 # Forwards (from upper level)
   latGETnl: 52054680 # GET request latency on next level
   latGETnet: 0 # GET request latency on network to next level
  l1d-7: # Filter cache stats
   fhGETS: 835943 # Filtered GETS hits
   fhGETX: 422772 # Filtered GETX hits
   hGETS: 7760 # GETS hits
   hGETX: 13558 # GETX hits
   mGETS: 250181 # GETS misses
   mGETXIM: 40742 # GETX I->M misses
   mGETXSM: 7 # GETX S->M misses (upgrade misses)
   PUTS: 0 # Clean evictions (from lower level)
   PUTX: 0 # Dirty evictions (from lower level)
   INV: 55 # Invalidates (from upper level)
   INVX: 18 # Downgrades (from upper level)
   FWD: 0 # Forwards (from upper level)
   latGETnl: 52055048 # GET request latency on next level
   latGETnet: 0 # GET request latency on network to next level
  l1d-8: # Filter cache stats
   fhGETS: 836100 # Filtered GETS hits
   fhGETX: 422857 # Filtered GETX hits
   hGETS: 7771 # GETS hits
   hGETX: 13572 # GETX hits
   mGETS: 250195 # GETS misses
   mGETXIM: 40755 # GETX I->M misses
   mGETXSM: 9 # GETX S->M misses (upgrade misses)
   PUTS: 0 # Clean evictions (from lower level)
   PUTX: 0 # Dirty evictions (from lower level)
   INV: 74 # Invalidates (from upper level)
   INVX: 19 # Downgrades (from upper level)
   FWD: 0 # Forwards (from upper level)
   latGETnl: 52055583 # GET request latency on next level
   latGETnet: 0 # GET request latency on network to next level
  l1d-9: # Filter cache stats
   fhGETS: 835962 # Filtered GETS hits
   fhGETX: 422785 # Filtered GETX hits
   hGETS: 7741 # GETS hits
   hGETX: 13549 # GETX hits
   mGETS: 250182 # GETS misses
   mGETXIM: 40740 # GETX I->M misses
   mGETXSM: 5 # GETX S->M misses (upgrade misses)
   PUTS: 0 # Clean evictions (from lower level)
   PUTX: 0 # Dirty evictions (from lower level)
   INV: 54 # Invalidates (from upper level)
   INVX: 19 # Downgrades (from upper level)
   FWD: 0 # Forwards (from upper level)
   latGETnl: 52055137 # GET request latency on next level
   latGETnet: 0 # GET request latency on network to next level
  l1d-10: # Filter cache stats
   fhGETS: 835941 # Filtered GETS hits
   fhGETX: 422764 # Filtered GETX hits
   hGETS: 7755 # GETS hits
   hGETX: 13565 # GETX hits
   mGETS: 250177 # GETS misses
   mGETXIM: 40743 # GETX I->M misses
   mGETXSM: 5 # GETX S->M misses (upgrade misses)
   PUTS: 0 # Clean evictions (from lower level)
   PUTX: 0 # Dirty evictions (from lower level)
   INV: 56 # Invalidates (from upper level)
   INVX: 24 # Downgrades (from upper level)
   FWD: 0 # Forwards (from upper level)
   latGETnl: 52054979 # GET request latency on next level
   latGETnet: 0 # GET request latency on network to next level
  l1d-11: # Filter cache stats
   fhGETS: 836109 # Filtered GETS hits
   fhGETX: 422851 # Filtered GETX hits
   hGETS: 7775 # GETS hits
   hGETX: 13570 # GETX hits
   mGETS: 250197 # GETS misses
   mGETXIM: 40752 # GETX I->M misses
   mGETXSM: 10 # GETX S->M misses (upgrade misses)
   PUTS: 0 # Clean evictions (from lower level)
   PUTX: 0 # Dirty evictions (from lower level)
   INV: 55 # Invalidates (from upper level)
   INVX: 4 # Downgrades (from upper level)
   FWD: 0 # Forwards (from upper level)
   latGETnl: 52056481 # GET request latency on next level
   latGETnet: 0 # GET request latency on network to next level
  l1d-12: # Filter cache stats
   fhGETS: 743558 # Filtered GETS hits
   fhGETX: 324560 # Filtered GETX hits
   hGETS: 100142 # GETS hits
   hGETX: 111763 # GETX hits
   mGETS: 250173 # GETS misses
   mGETXIM: 40748 # GETX I->M misses
   mGETXSM: 6 # GETX S->M misses (upgrade misses)
   PUTS: 0 # Clean evictions (from lower level)
   PUTX: 0 # Dirty evictions (from lower level)
   INV: 55 # Invalidates (from upper level)
   INVX: 6 # Downgrades (from upper level)
   FWD: 0 # Forwards (from upper level)
   latGETnl: 52052161 # GET request latency on next level
   latGETnet: 0 # GET request latency on network to next level
  l1d-13: # Filter cache stats
   fhGETS: 835964 # Filtered GETS hits
   fhGETX: 422770 # Filtered GETX hits
   hGETS: 7741 # GETS hits
   hGETX: 13561 # GETX hits
   mGETS: 250179 # GETS misses
   mGETXIM: 40743 # GETX I->M misses
   mGETXSM: 5 # GETX S->M misses (upgrade misses)
   PUTS: 0 # Clean evictions (from lower level)
   PUTX: 0 # Dirty evictions (from lower level)
   INV: 55 # Invalidates (from upper level)
   INVX: 5 # Downgrades (from upper level)
   FWD: 0 # Forwards (from upper level)
   latGETnl: 52052633 # GET request latency on next level
   latGETnet: 0 # GET request latency on network to next level
  l1d-14: # Filter cache stats
   fhGETS: 835967 # Filtered GETS hits
   fhGETX: 422769 # Filtered GETX hits
   hGETS: 7737 # GETS hits
   hGETX: 13560 # GETX hits
   mGETS: 250179 # GETS misses
   mGETXIM: 40743 # GETX I->M misses
   mGETXSM: 6 # GETX S->M misses (upgrade misses)
   PUTS: 0 # Clean evictions (from lower level)
   PUTX: 0 # Dirty evictions (from lower level)
   INV: 54 # Invalidates (from upper level)
   INVX: 2 # Downgrades (from upper level)
   FWD: 0 # Forwards (from upper level)
   latGETnl: 52052430 # GET request latency on next level
   latGETnet: 0 # GET request latency on network to next level
  l1d-15: # Filter cache stats
   fhGETS: 835968 # Filtered GETS hits
   fhGETX: 422776 # Filtered GETX hits
   hGETS: 7743 # GETS hits
   hGETX: 13551 # GETX hits
   mGETS: 250179 # GETS misses
   mGETXIM: 40747 # GETX I->M misses
   mGETXSM: 6 # GETX S->M misses (upgrade misses)
   PUTS: 0 # Clean evictions (from lower level)
   PUTX: 0 # Dirty evictions (from lower level)
   INV: 55 # Invalidates (from upper level)
   INVX: 2 # Downgrades (from upper level)
   FWD: 0 # Forwards (from upper level)
   latGETnl: 52051708 # GET request latency on next level
   latGETnet: 0 # GET request latency on network to next level
  l1d-16: # Filter cache stats
   fhGETS: 743564 # Filtered GETS hits
   fhGETX: 324559 # Filtered GETX hits
   hGETS: 100144 # GETS hits
   hGETX: 111764 # GETX hits
   mGETS: 250179 # GETS misses
   mGETXIM: 40750 # GETX I->M misses
   mGETXSM: 6 # GETX S->M misses (upgrade misses)
   PUTS: 0 # Clean evictions (from lower level)
   PUTX: 0 # Dirty evictions (from lower level)
   INV: 59 # Invalidates (from upper level)
   INVX: 2 # Downgrades (from upper level)
   FWD: 0 # Forwards (from upper level)
   latGETnl: 52051967 # GET request latency on next level
   latGETnet: 0 # GET request latency on network to next level
  l1d-17: # Filter cache stats
   fhGETS: 835965 # Filtered GETS hits
   fhGETX: 422772 # Filtered GETX hits
   hGETS: 7739 # GETS hits
   hGETX: 13554 # GETX hits
   mGETS: 250179 # GETS misses
   mGETXIM: 40746 # GETX I->M misses
   mGETXSM: 6 # GETX S->M misses (upgrade misses)
   PUTS: 0 # Clean evictions (from lower level)
   PUTX: 0 # Dirty evictions (from lower level)
   INV: 57 # Invalidates (from upper level)
   INVX: 2 # Downgrades (from upper level)
   FWD: 0 # Forwards (from upper level)
   latGETnl: 52052307 # GET request latency on next level
   latGETnet: 0 # GET request latency on network to next level
  l1d-18: # Filter cache stats
   fhGETS: 835956 # Filtered GETS hits
   fhGETX: 422777 # Filtered GETX hits
   hGETS: 7740 # GETS hits
   hGETX: 13549 # GETX hits
   mGETS: 250177 # GETS misses
   mGETXIM: 40745 # GETX I->M misses
   mGETXSM: 6 # GETX S->M misses (upgrade misses)
   PUTS: 0 # Clean evictions (from lower level)
   PUTX: 0 # Dirty evictions (from lower level)
   INV: 57 # Invalidates (from upper level)
   INVX: 2 # Downgrades (from upper level)
   FWD: 0 # Forwards (from upper level)
   latGETnl: 52051770 # GET request latency on next level
   latGETnet: 0 # GET request latency on network to next level
  l1d-19: # Filter cache stats
   fhGETS: 835969 # Filtered GETS hits
   fhGETX: 422777 # Filtered GETX hits
   hGETS: 7733 # GETS hits
   hGETX: 13539 # GETX hits
   mGETS: 250171 # GETS misses
   mGETXIM: 40755 # GETX I->M misses
   mGETXSM: 6 # GETX S->M misses (upgrade misses)
   PUTS: 0 # Clean evictions (from lower level)
   PUTX: 0 # Dirty evictions (from lower level)
   INV: 60 # Invalidates (from upper level)
   INVX: 2 # Downgrades (from upper level)
   FWD: 0 # Forwards (from upper level)
   latGETnl: 52051298 # GET request latency on next level
   latGETnet: 0 # GET request latency on network to next level
  l1d-20: # Filter cache stats
   fhGETS: 835941 # Filtered GETS hits
   fhGETX: 422787 # Filtered GETX hits
   hGETS: 7757 # GETS hits
   hGETX: 13536 # GETX hits
   mGETS: 250175 # GETS misses
   mGETXIM: 40748 # GETX I->M misses
   mGETXSM: 6 # GETX S->M misses (upgrade misses)
   PUTS: 0 # Clean evictions (from lower level)
   PUTX: 0 # Dirty evictions (from lower level)
   INV: 57 # Invalidates (from upper level)
   INVX: 2 # Downgrades (from upper level)
   FWD: 0 # Forwards (from upper level)
   latGETnl: 52051685 # GET request latency on next level
   latGETnet: 0 # GET request latency on network to next level
  l1d-21: # Filter cache stats
   fhGETS: 836896 # Filtered GETS hits
   fhGETX: 423182 # Filtered GETX hits
   hGETS: 7987 # GETS hits
   hGETX: 13599 # GETX hits
   mGETS: 250221 # GETS misses
   mGETXIM: 40747 # GETX I->M misses
   mGETXSM: 10 # GETX S->M misses (upgrade misses)
   PUTS: 0 # Clean evictions (from lower level)
   PUTX: 0 # Dirty evictions (from lower level)
   INV: 57 # Invalidates (from upper level)
   INVX: 3 # Downgrades (from upper level)
   FWD: 0 # Forwards (from upper level)
   latGETnl: 52057978 # GET request latency on next level
   latGETnet: 0 # GET request latency on network to next level
  l1d-22: # Filter cache stats
   fhGETS: 835973 # Filtered GETS hits
   fhGETX: 422794 # Filtered GETX hits
   hGETS: 7731 # GETS hits
   hGETX: 13530 # GETX hits
   mGETS: 250178 # GETS misses
   mGETXIM: 40750 # GETX I->M misses
   mGETXSM: 8 # GETX S->M misses (upgrade misses)
   PUTS: 0 # Clean evictions (from lower level)
   PUTX: 0 # Dirty evictions (from lower level)
   INV: 60 # Invalidates (from upper level)
   INVX: 7 # Downgrades (from upper level)
   FWD: 0 # Forwards (from upper level)
   latGETnl: 52052334 # GET request latency on next level
   latGETnet: 0 # GET request latency on network to next level
  l1d-23: # Filter cache stats
   fhGETS: 0 # Filtered GETS hits
   fhGETX: 0 # Filtered GETX hits
   hGETS: 0 # GETS hits
   hGETX: 0 # GETX hits
   mGETS: 0 # GETS misses
   mGETXIM: 0 # GETX I->M misses
   mGETXSM: 0 # GETX S->M misses (upgrade misses)
   PUTS: 0 # Clean evictions (from lower level)
   PUTX: 0 # Dirty evictions (from lower level)
   INV: 0 # Invalidates (from upper level)
   INVX: 0 # Downgrades (from upper level)
   FWD: 0 # Forwards (from upper level)
   latGETnl: 0 # GET request latency on next level
   latGETnet: 0 # GET request latency on network to next level
 l1i: # Cache stats
  l1i-0: # Filter cache stats
   fhGETS: 89832824 # Filtered GETS hits
   fhGETX: 0 # Filtered GETX hits
   hGETS: 51 # GETS hits
   hGETX: 0 # GETX hits
   mGETS: 684 # GETS misses
   mGETXIM: 0 # GETX I->M misses
   mGETXSM: 0 # GETX S->M misses (upgrade misses)
   PUTS: 0 # Clean evictions (from lower level)
   PUTX: 0 # Dirty evictions (from lower level)
   INV: 653 # Invalidates (from upper level)
   INVX: 0 # Downgrades (from upper level)
   FWD: 0 # Forwards (from upper level)
   latGETnl: 56304 # GET request latency on next level
   latGETnet: 0 # GET request latency on network to next level
  l1i-1: # Filter cache stats
   fhGETS: 89832675 # Filtered GETS hits
   fhGETX: 0 # Filtered GETX hits
   hGETS: 38 # GETS hits
   hGETX: 0 # GETX hits
   mGETS: 591 # GETS misses
   mGETXIM: 0 # GETX I->M misses
   mGETXSM: 0 # GETX S->M misses (upgrade misses)
   PUTS: 0 # Clean evictions (from lower level)
   PUTX: 0 # Dirty evictions (from lower level)
   INV: 563 # Invalidates (from upper level)
   INVX: 0 # Downgrades (from upper level)
   FWD: 0 # Forwards (from upper level)
   latGETnl: 31869 # GET request latency on next level
   latGETnet: 0 # GET request latency on network to next level
  l1i-2: # Filter cache stats
   fhGETS: 89831393 # Filtered GETS hits
   fhGETX: 0 # Filtered GETX hits
   hGETS: 32 # GETS hits
   hGETX: 0 # GETX hits
   mGETS: 613 # GETS misses
   mGETXIM: 0 # GETX I->M misses
   mGETXSM: 0 # GETX S->M misses (upgrade misses)
   PUTS: 0 # Clean evictions (from lower level)
   PUTX: 0 # Dirty evictions (from lower level)
   INV: 590 # Invalidates (from upper level)
   INVX: 0 # Downgrades (from upper level)
   FWD: 0 # Forwards (from upper level)
   latGETnl: 34487 # GET request latency on next level
   latGETnet: 0 # GET request latency on network to next level
  l1i-3: # Filter cache stats
   fhGETS: 89832593 # Filtered GETS hits
   fhGETX: 0 # Filtered GETX hits
   hGETS: 30 # GETS hits
   hGETX: 0 # GETX hits
   mGETS: 592 # GETS misses
   mGETXIM: 0 # GETX I->M misses
   mGETXSM: 0 # GETX S->M misses (upgrade misses)
   PUTS: 0 # Clean evictions (from lower level)
   PUTX: 0 # Dirty evictions (from lower level)
   INV: 567 # Invalidates (from upper level)
   INVX: 0 # Downgrades (from upper level)
   FWD: 0 # Forwards (from upper level)
   latGETnl: 31520 # GET request latency on next level
   latGETnet: 0 # GET request latency on network to next level
  l1i-4: # Filter cache stats
   fhGETS: 89832614 # Filtered GETS hits
   fhGETX: 0 # Filtered GETX hits
   hGETS: 31 # GETS hits
   hGETX: 0 # GETX hits
   mGETS: 609 # GETS misses
   mGETXIM: 0 # GETX I->M misses
   mGETXSM: 0 # GETX S->M misses (upgrade misses)
   PUTS: 0 # Clean evictions (from lower level)
   PUTX: 0 # Dirty evictions (from lower level)
   INV: 570 # Invalidates (from upper level)
   INVX: 0 # Downgrades (from upper level)
   FWD: 0 # Forwards (from upper level)
   latGETnl: 29415 # GET request latency on next level
   latGETnet: 0 # GET request latency on network to next level
  l1i-5: # Filter cache stats
   fhGETS: 89832558 # Filtered GETS hits
   fhGETX: 0 # Filtered GETX hits
   hGETS: 31 # GETS hits
   hGETX: 0 # GETX hits
   mGETS: 592 # GETS misses
   mGETXIM: 0 # GETX I->M misses
   mGETXSM: 0 # GETX S->M misses (upgrade misses)
   PUTS: 0 # Clean evictions (from lower level)
   PUTX: 0 # Dirty evictions (from lower level)
   INV: 569 # Invalidates (from upper level)
   INVX: 0 # Downgrades (from upper level)
   FWD: 0 # Forwards (from upper level)
   latGETnl: 27956 # GET request latency on next level
   latGETnet: 0 # GET request latency on network to next level
  l1i-6: # Filter cache stats
   fhGETS: 89832458 # Filtered GETS hits
   fhGETX: 0 # Filtered GETX hits
   hGETS: 29 # GETS hits
   hGETX: 0 # GETX hits
   mGETS: 582 # GETS misses
   mGETXIM: 0 # GETX I->M misses
   mGETXSM: 0 # GETX S->M misses (upgrade misses)
   PUTS: 0 # Clean evictions (from lower level)
   PUTX: 0 # Dirty evictions (from lower level)
   INV: 547 # Invalidates (from upper level)
   INVX: 0 # Downgrades (from upper level)
   FWD: 0 # Forwards (from upper level)
   latGETnl: 31314 # GET request latency on next level
   latGETnet: 0 # GET request latency on network to next level
  l1i-7: # Filter cache stats
   fhGETS: 89832440 # Filtered GETS hits
   fhGETX: 0 # Filtered GETX hits
   hGETS: 29 # GETS hits
   hGETX: 0 # GETX hits
   mGETS: 584 # GETS misses
   mGETXIM: 0 # GETX I->M misses
   mGETXSM: 0 # GETX S->M misses (upgrade misses)
   PUTS: 0 # Clean evictions (from lower level)
   PUTX: 0 # Dirty evictions (from lower level)
   INV: 553 # Invalidates (from upper level)
   INVX: 0 # Downgrades (from upper level)
   FWD: 0 # Forwards (from upper level)
   latGETnl: 29692 # GET request latency on next level
   latGETnet: 0 # GET request latency on network to next level
  l1i-8: # Filter cache stats
   fhGETS: 89832100 # Filtered GETS hits
   fhGETX: 0 # Filtered GETX hits
   hGETS: 31 # GETS hits
   hGETX: 0 # GETX hits
   mGETS: 592 # GETS misses
   mGETXIM: 0 # GETX I->M misses
   mGETXSM: 0 # GETX S->M misses (upgrade misses)
   PUTS: 0 # Clean evictions (from lower level)
   PUTX: 0 # Dirty evictions (from lower level)
   INV: 569 # Invalidates (from upper level)
   INVX: 0 # Downgrades (from upper level)
   FWD: 0 # Forwards (from upper level)
   latGETnl: 27824 # GET request latency on next level
   latGETnet: 0 # GET request latency on network to next level
  l1i-9: # Filter cache stats
   fhGETS: 89832460 # Filtered GETS hits
   fhGETX: 0 # Filtered GETX hits
   hGETS: 29 # GETS hits
   hGETX: 0 # GETX hits
   mGETS: 588 # GETS misses
   mGETXIM: 0 # GETX I->M misses
   mGETXSM: 0 # GETX S->M misses (upgrade misses)
   PUTS: 0 # Clean evictions (from lower level)
   PUTX: 0 # Dirty evictions (from lower level)
   INV: 556 # Invalidates (from upper level)
   INVX: 0 # Downgrades (from upper level)
   FWD: 0 # Forwards (from upper level)
   latGETnl: 28560 # GET request latency on next level
   latGETnet: 0 # GET request latency on network to next level
  l1i-10: # Filter cache stats
   fhGETS: 89832287 # Filtered GETS hits
   fhGETX: 0 # Filtered GETX hits
   hGETS: 29 # GETS hits
   hGETX: 0 # GETX hits
   mGETS: 578 # GETS misses
   mGETXIM: 0 # GETX I->M misses
   mGETXSM: 0 # GETX S->M misses (upgrade misses)
   PUTS: 0 # Clean evictions (from lower level)
   PUTX: 0 # Dirty evictions (from lower level)
   INV: 555 # Invalidates (from upper level)
   INVX: 0 # Downgrades (from upper level)
   FWD: 0 # Forwards (from upper level)
   latGETnl: 29410 # GET request latency on next level
   latGETnet: 0 # GET request latency on network to next level
  l1i-11: # Filter cache stats
   fhGETS: 89832365 # Filtered GETS hits
   fhGETX: 0 # Filtered GETX hits
   hGETS: 114 # GETS hits
   hGETX: 0 # GETX hits
   mGETS: 574 # GETS misses
   mGETXIM: 0 # GETX I->M misses
   mGETXSM: 0 # GETX S->M misses (upgrade misses)
   PUTS: 0 # Clean evictions (from lower level)
   PUTX: 0 # Dirty evictions (from lower level)
   INV: 551 # Invalidates (from upper level)
   INVX: 0 # Downgrades (from upper level)
   FWD: 0 # Forwards (from upper level)
   latGETnl: 28034 # GET request latency on next level
   latGETnet: 0 # GET request latency on network to next level
  l1i-12: # Filter cache stats
   fhGETS: 89832390 # Filtered GETS hits
   fhGETX: 0 # Filtered GETX hits
   hGETS: 29 # GETS hits
   hGETX: 0 # GETX hits
   mGETS: 577 # GETS misses
   mGETXIM: 0 # GETX I->M misses
   mGETXSM: 0 # GETX S->M misses (upgrade misses)
   PUTS: 0 # Clean evictions (from lower level)
   PUTX: 0 # Dirty evictions (from lower level)
   INV: 554 # Invalidates (from upper level)
   INVX: 0 # Downgrades (from upper level)
   FWD: 0 # Forwards (from upper level)
   latGETnl: 28835 # GET request latency on next level
   latGETnet: 0 # GET request latency on network to next level
  l1i-13: # Filter cache stats
   fhGETS: 89832462 # Filtered GETS hits
   fhGETX: 0 # Filtered GETX hits
   hGETS: 29 # GETS hits
   hGETX: 0 # GETX hits
   mGETS: 588 # GETS misses
   mGETXIM: 0 # GETX I->M misses
   mGETXSM: 0 # GETX S->M misses (upgrade misses)
   PUTS: 0 # Clean evictions (from lower level)
   PUTX: 0 # Dirty evictions (from lower level)
   INV: 557 # Invalidates (from upper level)
   INVX: 0 # Downgrades (from upper level)
   FWD: 0 # Forwards (from upper level)
   latGETnl: 28296 # GET request latency on next level
   latGETnet: 0 # GET request latency on network to next level
  l1i-14: # Filter cache stats
   fhGETS: 89832464 # Filtered GETS hits
   fhGETX: 0 # Filtered GETX hits
   hGETS: 29 # GETS hits
   hGETX: 0 # GETX hits
   mGETS: 585 # GETS misses
   mGETXIM: 0 # GETX I->M misses
   mGETXSM: 0 # GETX S->M misses (upgrade misses)
   PUTS: 0 # Clean evictions (from lower level)
   PUTX: 0 # Dirty evictions (from lower level)
   INV: 555 # Invalidates (from upper level)
   INVX: 0 # Downgrades (from upper level)
   FWD: 0 # Forwards (from upper level)
   latGETnl: 27495 # GET request latency on next level
   latGETnet: 0 # GET request latency on network to next level
  l1i-15: # Filter cache stats
   fhGETS: 89832467 # Filtered GETS hits
   fhGETX: 0 # Filtered GETX hits
   hGETS: 29 # GETS hits
   hGETX: 0 # GETX hits
   mGETS: 585 # GETS misses
   mGETXIM: 0 # GETX I->M misses
   mGETXSM: 0 # GETX S->M misses (upgrade misses)
   PUTS: 0 # Clean evictions (from lower level)
   PUTX: 0 # Dirty evictions (from lower level)
   INV: 550 # Invalidates (from upper level)
   INVX: 0 # Downgrades (from upper level)
   FWD: 0 # Forwards (from upper level)
   latGETnl: 27627 # GET request latency on next level
   latGETnet: 0 # GET request latency on network to next level
  l1i-16: # Filter cache stats
   fhGETS: 89832462 # Filtered GETS hits
   fhGETX: 0 # Filtered GETX hits
   hGETS: 29 # GETS hits
   hGETX: 0 # GETX hits
   mGETS: 586 # GETS misses
   mGETXIM: 0 # GETX I->M misses
   mGETXSM: 0 # GETX S->M misses (upgrade misses)
   PUTS: 0 # Clean evictions (from lower level)
   PUTX: 0 # Dirty evictions (from lower level)
   INV: 553 # Invalidates (from upper level)
   INVX: 0 # Downgrades (from upper level)
   FWD: 0 # Forwards (from upper level)
   latGETnl: 27542 # GET request latency on next level
   latGETnet: 0 # GET request latency on network to next level
  l1i-17: # Filter cache stats
   fhGETS: 89832466 # Filtered GETS hits
   fhGETX: 0 # Filtered GETX hits
   hGETS: 29 # GETS hits
   hGETX: 0 # GETX hits
   mGETS: 583 # GETS misses
   mGETXIM: 0 # GETX I->M misses
   mGETXSM: 0 # GETX S->M misses (upgrade misses)
   PUTS: 0 # Clean evictions (from lower level)
   PUTX: 0 # Dirty evictions (from lower level)
   INV: 553 # Invalidates (from upper level)
   INVX: 0 # Downgrades (from upper level)
   FWD: 0 # Forwards (from upper level)
   latGETnl: 27533 # GET request latency on next level
   latGETnet: 0 # GET request latency on network to next level
  l1i-18: # Filter cache stats
   fhGETS: 89832166 # Filtered GETS hits
   fhGETX: 0 # Filtered GETX hits
   hGETS: 29 # GETS hits
   hGETX: 0 # GETX hits
   mGETS: 578 # GETS misses
   mGETXIM: 0 # GETX I->M misses
   mGETXSM: 0 # GETX S->M misses (upgrade misses)
   PUTS: 0 # Clean evictions (from lower level)
   PUTX: 0 # Dirty evictions (from lower level)
   INV: 557 # Invalidates (from upper level)
   INVX: 0 # Downgrades (from upper level)
   FWD: 0 # Forwards (from upper level)
   latGETnl: 27166 # GET request latency on next level
   latGETnet: 0 # GET request latency on network to next level
  l1i-19: # Filter cache stats
   fhGETS: 89832200 # Filtered GETS hits
   fhGETX: 0 # Filtered GETX hits
   hGETS: 29 # GETS hits
   hGETX: 0 # GETX hits
   mGETS: 580 # GETS misses
   mGETXIM: 0 # GETX I->M misses
   mGETXSM: 0 # GETX S->M misses (upgrade misses)
   PUTS: 0 # Clean evictions (from lower level)
   PUTX: 0 # Dirty evictions (from lower level)
   INV: 557 # Invalidates (from upper level)
   INVX: 0 # Downgrades (from upper level)
   FWD: 0 # Forwards (from upper level)
   latGETnl: 27260 # GET request latency on next level
   latGETnet: 0 # GET request latency on network to next level
  l1i-20: # Filter cache stats
   fhGETS: 89832132 # Filtered GETS hits
   fhGETX: 0 # Filtered GETX hits
   hGETS: 29 # GETS hits
   hGETX: 0 # GETX hits
   mGETS: 578 # GETS misses
   mGETXIM: 0 # GETX I->M misses
   mGETXSM: 0 # GETX S->M misses (upgrade misses)
   PUTS: 0 # Clean evictions (from lower level)
   PUTX: 0 # Dirty evictions (from lower level)
   INV: 555 # Invalidates (from upper level)
   INVX: 0 # Downgrades (from upper level)
   FWD: 0 # Forwards (from upper level)
   latGETnl: 27166 # GET request latency on next level
   latGETnet: 0 # GET request latency on network to next level
  l1i-21: # Filter cache stats
   fhGETS: 89825525 # Filtered GETS hits
   fhGETX: 0 # Filtered GETX hits
   hGETS: 115 # GETS hits
   hGETX: 0 # GETX hits
   mGETS: 642 # GETS misses
   mGETXIM: 0 # GETX I->M misses
   mGETXSM: 0 # GETX S->M misses (upgrade misses)
   PUTS: 0 # Clean evictions (from lower level)
   PUTX: 0 # Dirty evictions (from lower level)
   INV: 619 # Invalidates (from upper level)
   INVX: 0 # Downgrades (from upper level)
   FWD: 0 # Forwards (from upper level)
   latGETnl: 37434 # GET request latency on next level
   latGETnet: 0 # GET request latency on network to next level
  l1i-22: # Filter cache stats
   fhGETS: 89831269 # Filtered GETS hits
   fhGETX: 0 # Filtered GETX hits
   hGETS: 43 # GETS hits
   hGETX: 0 # GETX hits
   mGETS: 581 # GETS misses
   mGETXIM: 0 # GETX I->M misses
   mGETXSM: 0 # GETX S->M misses (upgrade misses)
   PUTS: 0 # Clean evictions (from lower level)
   PUTX: 0 # Dirty evictions (from lower level)
   INV: 558 # Invalidates (from upper level)
   INVX: 0 # Downgrades (from upper level)
   FWD: 0 # Forwards (from upper level)
   latGETnl: 27439 # GET request latency on next level
   latGETnet: 0 # GET request latency on network to next level
  l1i-23: # Filter cache stats
   fhGETS: 0 # Filtered GETS hits
   fhGETX: 0 # Filtered GETX hits
   hGETS: 0 # GETS hits
   hGETX: 0 # GETX hits
   mGETS: 0 # GETS misses
   mGETXIM: 0 # GETX I->M misses
   mGETXSM: 0 # GETX S->M misses (upgrade misses)
   PUTS: 0 # Clean evictions (from lower level)
   PUTX: 0 # Dirty evictions (from lower level)
   INV: 0 # Invalidates (from upper level)
   INVX: 0 # Downgrades (from upper level)
   FWD: 0 # Forwards (from upper level)
   latGETnl: 0 # GET request latency on next level
   latGETnet: 0 # GET request latency on network to next level
 l2: # Cache stats
  l2-0: # Cache stats
   hGETS: 0 # GETS hits
   hGETX: 0 # GETX hits
   mGETS: 250935 # GETS misses
   mGETXIM: 40789 # GETX I->M misses
   mGETXSM: 7 # GETX S->M misses (upgrade misses)
   PUTS: 249743 # Clean evictions (from lower level)
   PUTX: 40691 # Dirty evictions (from lower level)
   INV: 35980 # Invalidates (from upper level)
   INVX: 93 # Downgrades (from upper level)
   FWD: 0 # Forwards (from upper level)
   latGETnl: 49216005 # GET request latency on next level
   latGETnet: 0 # GET request latency on network to next level
  l2-1: # Cache stats
   hGETS: 0 # GETS hits
   hGETX: 0 # GETX hits
   mGETS: 250796 # GETS misses
   mGETXIM: 40753 # GETX I->M misses
   mGETXSM: 10 # GETX S->M misses (upgrade misses)
   PUTS: 249703 # Clean evictions (from lower level)
   PUTX: 40666 # Dirty evictions (from lower level)
   INV: 16495 # Invalidates (from upper level)
   INVX: 25 # Downgrades (from upper level)
   FWD: 0 # Forwards (from upper level)
   latGETnl: 49174003 # GET request latency on next level
   latGETnet: 0 # GET request latency on network to next level
  l2-2: # Cache stats
   hGETS: 0 # GETS hits
   hGETX: 0 # GETX hits
   mGETS: 250803 # GETS misses
   mGETXIM: 40747 # GETX I->M misses
   mGETXSM: 5 # GETX S->M misses (upgrade misses)
   PUTS: 249700 # Clean evictions (from lower level)
   PUTX: 40671 # Dirty evictions (from lower level)
   INV: 51653 # Invalidates (from upper level)
   INVX: 5 # Downgrades (from upper level)
   FWD: 0 # Forwards (from upper level)
   latGETnl: 49173491 # GET request latency on next level
   latGETnet: 0 # GET request latency on network to next level
  l2-3: # Cache stats
   hGETS: 0 # GETS hits
   hGETX: 0 # GETX hits
   mGETS: 250788 # GETS misses
   mGETXIM: 40751 # GETX I->M misses
   mGETXSM: 7 # GETX S->M misses (upgrade misses)
   PUTS: 249699 # Clean evictions (from lower level)
   PUTX: 40667 # Dirty evictions (from lower level)
   INV: 16477 # Invalidates (from upper level)
   INVX: 36 # Downgrades (from upper level)
   FWD: 0 # Forwards (from upper level)
   latGETnl: 49174522 # GET request latency on next level
   latGETnet: 0 # GET request latency on network to next level
  l2-4: # Cache stats
   hGETS: 0 # GETS hits
   hGETX: 0 # GETX hits
   mGETS: 250810 # GETS misses
   mGETXIM: 40757 # GETX I->M misses
   mGETXSM: 9 # GETX S->M misses (upgrade misses)
   PUTS: 249707 # Clean evictions (from lower level)
   PUTX: 40665 # Dirty evictions (from lower level)
   INV: 15646 # Invalidates (from upper level)
   INVX: 20 # Downgrades (from upper level)
   FWD: 0 # Forwards (from upper level)
   latGETnl: 49169802 # GET request latency on next level
   latGETnet: 0 # GET request latency on network to next level
  l2-5: # Cache stats
   hGETS: 0 # GETS hits
   hGETX: 0 # GETX hits
   mGETS: 250789 # GETS misses
   mGETXIM: 40753 # GETX I->M misses
   mGETXSM: 9 # GETX S->M misses (upgrade misses)
   PUTS: 249699 # Clean evictions (from lower level)
   PUTX: 40665 # Dirty evictions (from lower level)
   INV: 16814 # Invalidates (from upper level)
   INVX: 20 # Downgrades (from upper level)
   FWD: 0 # Forwards (from upper level)
   latGETnl: 49168203 # GET request latency on next level
   latGETnet: 0 # GET request latency on network to next level
  l2-6: # Cache stats
   hGETS: 0 # GETS hits
   hGETX: 0 # GETX hits
   mGETS: 250761 # GETS misses
   mGETXIM: 40750 # GETX I->M misses
   mGETXSM: 5 # GETX S->M misses (upgrade misses)
   PUTS: 249692 # Clean evictions (from lower level)
   PUTX: 40667 # Dirty evictions (from lower level)
   INV: 16022 # Invalidates (from upper level)
   INVX: 20 # Downgrades (from upper level)
   FWD: 0 # Forwards (from upper level)
   latGETnl: 49170834 # GET request latency on next level
   latGETnet: 0 # GET request latency on network to next level
  l2-7: # Cache stats
   hGETS: 0 # GETS hits
   hGETX: 0 # GETX hits
   mGETS: 250765 # GETS misses
   mGETXIM: 40742 # GETX I->M misses
   mGETXSM: 7 # GETX S->M misses (upgrade misses)
   PUTS: 249690 # Clean evictions (from lower level)
   PUTX: 40666 # Dirty evictions (from lower level)
   INV: 25222 # Invalidates (from upper level)
   INVX: 18 # Downgrades (from upper level)
   FWD: 0 # Forwards (from upper level)
   latGETnl: 49169600 # GET request latency on next level
   latGETnet: 0 # GET request latency on network to next level
  l2-8: # Cache stats
   hGETS: 0 # GETS hits
   hGETX: 0 # GETX hits
   mGETS: 250787 # GETS misses
   mGETXIM: 40755 # GETX I->M misses
   mGETXSM: 9 # GETX S->M misses (upgrade misses)
   PUTS: 249699 # Clean evictions (from lower level)
   PUTX: 40665 # Dirty evictions (from lower level)
   INV: 39873 # Invalidates (from upper level)
   INVX: 19 # Downgrades (from upper level)
   FWD: 0 # Forwards (from upper level)
   latGETnl: 49167897 # GET request latency on next level
   latGETnet: 0 # GET request latency on network to next level
  l2-9: # Cache stats
   hGETS: 0 # GETS hits
   hGETX: 0 # GETX hits
   mGETS: 250770 # GETS misses
   mGETXIM: 40740 # GETX I->M misses
   mGETXSM: 5 # GETX S->M misses (upgrade misses)
   PUTS: 249691 # Clean evictions (from lower level)
   PUTX: 40665 # Dirty evictions (from lower level)
   INV: 39120 # Invalidates (from upper level)
   INVX: 19 # Downgrades (from upper level)
   FWD: 0 # Forwards (from upper level)
   latGETnl: 49168547 # GET request latency on next level
   latGETnet: 0 # GET request latency on network to next level
  l2-10: # Cache stats
   hGETS: 0 # GETS hits
   hGETX: 0 # GETX hits
   mGETS: 250755 # GETS misses
   mGETXIM: 40743 # GETX I->M misses
   mGETXSM: 5 # GETX S->M misses (upgrade misses)
   PUTS: 249688 # Clean evictions (from lower level)
   PUTX: 40664 # Dirty evictions (from lower level)
   INV: 16241 # Invalidates (from upper level)
   INVX: 24 # Downgrades (from upper level)
   FWD: 0 # Forwards (from upper level)
   latGETnl: 49169359 # GET request latency on next level
   latGETnet: 0 # GET request latency on network to next level
  l2-11: # Cache stats
   hGETS: 0 # GETS hits
   hGETX: 0 # GETX hits
   mGETS: 250771 # GETS misses
   mGETXIM: 40752 # GETX I->M misses
   mGETXSM: 10 # GETX S->M misses (upgrade misses)
   PUTS: 249697 # Clean evictions (from lower level)
   PUTX: 40685 # Dirty evictions (from lower level)
   INV: 54424 # Invalidates (from upper level)
   INVX: 4 # Downgrades (from upper level)
   FWD: 0 # Forwards (from upper level)
   latGETnl: 49169185 # GET request latency on next level
   latGETnet: 0 # GET request latency on network to next level
  l2-12: # Cache stats
   hGETS: 0 # GETS hits
   hGETX: 0 # GETX hits
   mGETS: 250750 # GETS misses
   mGETXIM: 40748 # GETX I->M misses
   mGETXSM: 6 # GETX S->M misses (upgrade misses)
   PUTS: 249688 # Clean evictions (from lower level)
   PUTX: 40666 # Dirty evictions (from lower level)
   INV: 16539 # Invalidates (from upper level)
   INVX: 6 # Downgrades (from upper level)
   FWD: 0 # Forwards (from upper level)
   latGETnl: 49165956 # GET request latency on next level
   latGETnet: 0 # GET request latency on network to next level
  l2-13: # Cache stats
   hGETS: 0 # GETS hits
   hGETX: 0 # GETX hits
   mGETS: 250767 # GETS misses
   mGETXIM: 40743 # GETX I->M misses
   mGETXSM: 5 # GETX S->M misses (upgrade misses)
   PUTS: 249691 # Clean evictions (from lower level)
   PUTX: 40664 # Dirty evictions (from lower level)
   INV: 16202 # Invalidates (from upper level)
   INVX: 5 # Downgrades (from upper level)
   FWD: 0 # Forwards (from upper level)
   latGETnl: 49165779 # GET request latency on next level
   latGETnet: 0 # GET request latency on network to next level
  l2-14: # Cache stats
   hGETS: 0 # GETS hits
   hGETX: 0 # GETX hits
   mGETS: 250764 # GETS misses
   mGETXIM: 40743 # GETX I->M misses
   mGETXSM: 6 # GETX S->M misses (upgrade misses)
   PUTS: 249688 # Clean evictions (from lower level)
   PUTX: 40668 # Dirty evictions (from lower level)
   INV: 34202 # Invalidates (from upper level)
   INVX: 2 # Downgrades (from upper level)
   FWD: 0 # Forwards (from upper level)
   latGETnl: 49164795 # GET request latency on next level
   latGETnet: 0 # GET request latency on network to next level
  l2-15: # Cache stats
   hGETS: 0 # GETS hits
   hGETX: 0 # GETX hits
   mGETS: 250764 # GETS misses
   mGETXIM: 40747 # GETX I->M misses
   mGETXSM: 6 # GETX S->M misses (upgrade misses)
   PUTS: 249691 # Clean evictions (from lower level)
   PUTX: 40668 # Dirty evictions (from lower level)
   INV: 27452 # Invalidates (from upper level)
   INVX: 2 # Downgrades (from upper level)
   FWD: 0 # Forwards (from upper level)
   latGETnl: 49164165 # GET request latency on next level
   latGETnet: 0 # GET request latency on network to next level
  l2-16: # Cache stats
   hGETS: 0 # GETS hits
   hGETX: 0 # GETX hits
   mGETS: 250765 # GETS misses
   mGETXIM: 40750 # GETX I->M misses
   mGETXSM: 6 # GETX S->M misses (upgrade misses)
   PUTS: 249691 # Clean evictions (from lower level)
   PUTX: 40667 # Dirty evictions (from lower level)
   INV: 16043 # Invalidates (from upper level)
   INVX: 2 # Downgrades (from upper level)
   FWD: 0 # Forwards (from upper level)
   latGETnl: 49164299 # GET request latency on next level
   latGETnet: 0 # GET request latency on network to next level
  l2-17: # Cache stats
   hGETS: 0 # GETS hits
   hGETX: 0 # GETX hits
   mGETS: 250762 # GETS misses
   mGETXIM: 40746 # GETX I->M misses
   mGETXSM: 6 # GETX S->M misses (upgrade misses)
   PUTS: 249690 # Clean evictions (from lower level)
   PUTX: 40666 # Dirty evictions (from lower level)
   INV: 16073 # Invalidates (from upper level)
   INVX: 2 # Downgrades (from upper level)
   FWD: 0 # Forwards (from upper level)
   latGETnl: 49164700 # GET request latency on next level
   latGETnet: 0 # GET request latency on network to next level
  l2-18: # Cache stats
   hGETS: 0 # GETS hits
   hGETX: 0 # GETX hits
   mGETS: 250755 # GETS misses
   mGETXIM: 40745 # GETX I->M misses
   mGETXSM: 6 # GETX S->M misses (upgrade misses)
   PUTS: 249688 # Clean evictions (from lower level)
   PUTX: 40665 # Dirty evictions (from lower level)
   INV: 16155 # Invalidates (from upper level)
   INVX: 2 # Downgrades (from upper level)
   FWD: 0 # Forwards (from upper level)
   latGETnl: 49163876 # GET request latency on next level
   latGETnet: 0 # GET request latency on network to next level
  l2-19: # Cache stats
   hGETS: 0 # GETS hits
   hGETX: 0 # GETX hits
   mGETS: 250751 # GETS misses
   mGETXIM: 40755 # GETX I->M misses
   mGETXSM: 6 # GETX S->M misses (upgrade misses)
   PUTS: 249689 # Clean evictions (from lower level)
   PUTX: 40665 # Dirty evictions (from lower level)
   INV: 25516 # Invalidates (from upper level)
   INVX: 2 # Downgrades (from upper level)
   FWD: 0 # Forwards (from upper level)
   latGETnl: 49163438 # GET request latency on next level
   latGETnet: 0 # GET request latency on network to next level
  l2-20: # Cache stats
   hGETS: 0 # GETS hits
   hGETX: 0 # GETX hits
   mGETS: 250753 # GETS misses
   mGETXIM: 40748 # GETX I->M misses
   mGETXSM: 6 # GETX S->M misses (upgrade misses)
   PUTS: 249689 # Clean evictions (from lower level)
   PUTX: 40665 # Dirty evictions (from lower level)
   INV: 16048 # Invalidates (from upper level)
   INVX: 2 # Downgrades (from upper level)
   FWD: 0 # Forwards (from upper level)
   latGETnl: 49163781 # GET request latency on next level
   latGETnet: 0 # GET request latency on network to next level
  l2-21: # Cache stats
   hGETS: 0 # GETS hits
   hGETX: 0 # GETX hits
   mGETS: 250863 # GETS misses
   mGETXIM: 40747 # GETX I->M misses
   mGETXSM: 10 # GETX S->M misses (upgrade misses)
   PUTS: 249726 # Clean evictions (from lower level)
   PUTX: 40673 # Dirty evictions (from lower level)
   INV: 28028 # Invalidates (from upper level)
   INVX: 3 # Downgrades (from upper level)
   FWD: 0 # Forwards (from upper level)
   latGETnl: 49179212 # GET request latency on next level
   latGETnet: 0 # GET request latency on network to next level
  l2-22: # Cache stats
   hGETS: 0 # GETS hits
   hGETX: 0 # GETX hits
   mGETS: 250759 # GETS misses
   mGETXIM: 40750 # GETX I->M misses
   mGETXSM: 8 # GETX S->M misses (upgrade misses)
   PUTS: 249689 # Clean evictions (from lower level)
   PUTX: 40667 # Dirty evictions (from lower level)
   INV: 17213 # Invalidates (from upper level)
   INVX: 7 # Downgrades (from upper level)
   FWD: 0 # Forwards (from upper level)
   latGETnl: 49164603 # GET request latency on next level
   latGETnet: 0 # GET request latency on network to next level
  l2-23: # Cache stats
   hGETS: 0 # GETS hits
   hGETX: 0 # GETX hits
   mGETS: 0 # GETS misses
   mGETXIM: 0 # GETX I->M misses
   mGETXSM: 0 # GETX S->M misses (upgrade misses)
   PUTS: 0 # Clean evictions (from lower level)
   PUTX: 0 # Dirty evictions (from lower level)
   INV: 0 # Invalidates (from upper level)
   INVX: 0 # Downgrades (from upper level)
   FWD: 0 # Forwards (from upper level)
   latGETnl: 0 # GET request latency on next level
   latGETnet: 0 # GET request latency on network to next level
 l3: # Cache stats
  l3-0b0: # Cache stats
   hGETS: 658 # GETS hits
   hGETX: 40 # GETX hits
   mGETS: 239663 # GETS misses
   mGETXIM: 38957 # GETX I->M misses
   mGETXSM: 0 # GETX S->M misses (upgrade misses)
   PUTS: 207221 # Clean evictions (from lower level)
   PUTX: 33182 # Dirty evictions (from lower level)
   INV: 0 # Invalidates (from upper level)
   INVX: 0 # Downgrades (from upper level)
   FWD: 0 # Forwards (from upper level)
   latGETnl: 36777840 # GET request latency on next level
   latGETnet: 0 # GET request latency on network to next level
  l3-0b1: # Cache stats
   hGETS: 699 # GETS hits
   hGETX: 44 # GETX hits
   mGETS: 239673 # GETS misses
   mGETXIM: 38963 # GETX I->M misses
   mGETXSM: 0 # GETX S->M misses (upgrade misses)
   PUTS: 207364 # Clean evictions (from lower level)
   PUTX: 33256 # Dirty evictions (from lower level)
   INV: 0 # Invalidates (from upper level)
   INVX: 0 # Downgrades (from upper level)
   FWD: 0 # Forwards (from upper level)
   latGETnl: 36779952 # GET request latency on next level
   latGETnet: 0 # GET request latency on network to next level
  l3-0b2: # Cache stats
   hGETS: 642 # GETS hits
   hGETX: 71 # GETX hits
   mGETS: 239672 # GETS misses
   mGETXIM: 39168 # GETX I->M misses
   mGETXSM: 0 # GETX S->M misses (upgrade misses)
   PUTS: 207061 # Clean evictions (from lower level)
   PUTX: 33424 # Dirty evictions (from lower level)
   INV: 0 # Invalidates (from upper level)
   INVX: 0 # Downgrades (from upper level)
   FWD: 0 # Forwards (from upper level)
   latGETnl: 36806880 # GET request latency on next level
   latGETnet: 0 # GET request latency on network to next level
  l3-0b3: # Cache stats
   hGETS: 731 # GETS hits
   hGETX: 60 # GETX hits
   mGETS: 239674 # GETS misses
   mGETXIM: 39086 # GETX I->M misses
   mGETXSM: 0 # GETX S->M misses (upgrade misses)
   PUTS: 207507 # Clean evictions (from lower level)
   PUTX: 33362 # Dirty evictions (from lower level)
   INV: 0 # Invalidates (from upper level)
   INVX: 0 # Downgrades (from upper level)
   FWD: 0 # Forwards (from upper level)
   latGETnl: 36796320 # GET request latency on next level
   latGETnet: 0 # GET request latency on network to next level
  l3-0b4: # Cache stats
   hGETS: 629 # GETS hits
   hGETX: 9 # GETX hits
   mGETS: 239657 # GETS misses
   mGETXIM: 38837 # GETX I->M misses
   mGETXSM: 0 # GETX S->M misses (upgrade misses)
   PUTS: 207452 # Clean evictions (from lower level)
   PUTX: 33011 # Dirty evictions (from lower level)
   INV: 0 # Invalidates (from upper level)
   INVX: 0 # Downgrades (from upper level)
   FWD: 0 # Forwards (from upper level)
   latGETnl: 36761208 # GET request latency on next level
   latGETnet: 0 # GET request latency on network to next level
  l3-0b5: # Cache stats
   hGETS: 753 # GETS hits
   hGETX: 25 # GETX hits
   mGETS: 239666 # GETS misses
   mGETXIM: 38996 # GETX I->M misses
   mGETXSM: 0 # GETX S->M misses (upgrade misses)
   PUTS: 207434 # Clean evictions (from lower level)
   PUTX: 33207 # Dirty evictions (from lower level)
   INV: 0 # Invalidates (from upper level)
   INVX: 0 # Downgrades (from upper level)
   FWD: 0 # Forwards (from upper level)
   latGETnl: 36783384 # GET request latency on next level
   latGETnet: 0 # GET request latency on network to next level
  l3-0b6: # Cache stats
   hGETS: 644 # GETS hits
   hGETX: 67 # GETX hits
   mGETS: 239674 # GETS misses
   mGETXIM: 39384 # GETX I->M misses
   mGETXSM: 0 # GETX S->M misses (upgrade misses)
   PUTS: 207355 # Clean evictions (from lower level)
   PUTX: 33535 # Dirty evictions (from lower level)
   INV: 0 # Invalidates (from upper level)
   INVX: 0 # Downgrades (from upper level)
   FWD: 0 # Forwards (from upper level)
   latGETnl: 36835656 # GET request latency on next level
   latGETnet: 0 # GET request latency on network to next level
  l3-0b7: # Cache stats
   hGETS: 602 # GETS hits
   hGETX: 64 # GETX hits
   mGETS: 239675 # GETS misses
   mGETXIM: 39196 # GETX I->M misses
   mGETXSM: 0 # GETX S->M misses (upgrade misses)
   PUTS: 207114 # Clean evictions (from lower level)
   PUTX: 33375 # Dirty evictions (from lower level)
   INV: 0 # Invalidates (from upper level)
   INVX: 0 # Downgrades (from upper level)
   FWD: 0 # Forwards (from upper level)
   latGETnl: 36810972 # GET request latency on next level
   latGETnet: 0 # GET request latency on network to next level
  l3-0b8: # Cache stats
   hGETS: 603 # GETS hits
   hGETX: 15 # GETX hits
   mGETS: 239656 # GETS misses
   mGETXIM: 39104 # GETX I->M misses
   mGETXSM: 0 # GETX S->M misses (upgrade misses)
   PUTS: 207415 # Clean evictions (from lower level)
   PUTX: 33338 # Dirty evictions (from lower level)
   INV: 0 # Invalidates (from upper level)
   INVX: 0 # Downgrades (from upper level)
   FWD: 0 # Forwards (from upper level)
   latGETnl: 36796320 # GET request latency on next level
   latGETnet: 0 # GET request latency on network to next level
  l3-0b9: # Cache stats
   hGETS: 598 # GETS hits
   hGETX: 17 # GETX hits
   mGETS: 239660 # GETS misses
   mGETXIM: 39056 # GETX I->M misses
   mGETXSM: 0 # GETX S->M misses (upgrade misses)
   PUTS: 207323 # Clean evictions (from lower level)
   PUTX: 33300 # Dirty evictions (from lower level)
   INV: 0 # Invalidates (from upper level)
   INVX: 0 # Downgrades (from upper level)
   FWD: 0 # Forwards (from upper level)
   latGETnl: 36790512 # GET request latency on next level
   latGETnet: 0 # GET request latency on network to next level
  l3-0b10: # Cache stats
   hGETS: 1479 # GETS hits
   hGETX: 10 # GETX hits
   mGETS: 239655 # GETS misses
   mGETXIM: 39015 # GETX I->M misses
   mGETXSM: 0 # GETX S->M misses (upgrade misses)
   PUTS: 208129 # Clean evictions (from lower level)
   PUTX: 33251 # Dirty evictions (from lower level)
   INV: 0 # Invalidates (from upper level)
   INVX: 0 # Downgrades (from upper level)
   FWD: 0 # Forwards (from upper level)
   latGETnl: 36784440 # GET request latency on next level
   latGETnet: 0 # GET request latency on network to next level
  l3-0b11: # Cache stats
   hGETS: 667 # GETS hits
   hGETX: 7 # GETX hits
   mGETS: 239658 # GETS misses
   mGETXIM: 39034 # GETX I->M misses
   mGETXSM: 0 # GETX S->M misses (upgrade misses)
   PUTS: 207216 # Clean evictions (from lower level)
   PUTX: 33218 # Dirty evictions (from lower level)
   INV: 0 # Invalidates (from upper level)
   INVX: 0 # Downgrades (from upper level)
   FWD: 0 # Forwards (from upper level)
   latGETnl: 36787344 # GET request latency on next level
   latGETnet: 0 # GET request latency on network to next level
  l3-0b12: # Cache stats
   hGETS: 751 # GETS hits
   hGETX: 25 # GETX hits
   mGETS: 239672 # GETS misses
   mGETXIM: 38994 # GETX I->M misses
   mGETXSM: 0 # GETX S->M misses (upgrade misses)
   PUTS: 207493 # Clean evictions (from lower level)
   PUTX: 33289 # Dirty evictions (from lower level)
   INV: 0 # Invalidates (from upper level)
   INVX: 0 # Downgrades (from upper level)
   FWD: 0 # Forwards (from upper level)
   latGETnl: 36783912 # GET request latency on next level
   latGETnet: 0 # GET request latency on network to next level
  l3-0b13: # Cache stats
   hGETS: 651 # GETS hits
   hGETX: 30 # GETX hits
   mGETS: 239676 # GETS misses
   mGETXIM: 39110 # GETX I->M misses
   mGETXSM: 0 # GETX S->M misses (upgrade misses)
   PUTS: 207176 # Clean evictions (from lower level)
   PUTX: 33279 # Dirty evictions (from lower level)
   INV: 0 # Invalidates (from upper level)
   INVX: 0 # Downgrades (from upper level)
   FWD: 0 # Forwards (from upper level)
   latGETnl: 36799752 # GET request latency on next level
   latGETnet: 0 # GET request latency on network to next level
  l3-0b14: # Cache stats
   hGETS: 668 # GETS hits
   hGETX: 59 # GETX hits
   mGETS: 239662 # GETS misses
   mGETXIM: 39024 # GETX I->M misses
   mGETXSM: 0 # GETX S->M misses (upgrade misses)
   PUTS: 207208 # Clean evictions (from lower level)
   PUTX: 33165 # Dirty evictions (from lower level)
   INV: 0 # Invalidates (from upper level)
   INVX: 0 # Downgrades (from upper level)
   FWD: 0 # Forwards (from upper level)
   latGETnl: 36786552 # GET request latency on next level
   latGETnet: 0 # GET request latency on network to next level
  l3-0b15: # Cache stats
   hGETS: 644 # GETS hits
   hGETX: 36 # GETX hits
   mGETS: 239669 # GETS misses
   mGETXIM: 38943 # GETX I->M misses
   mGETXSM: 0 # GETX S->M misses (upgrade misses)
   PUTS: 207392 # Clean evictions (from lower level)
   PUTX: 33126 # Dirty evictions (from lower level)
   INV: 0 # Invalidates (from upper level)
   INVX: 0 # Downgrades (from upper level)
   FWD: 0 # Forwards (from upper level)
   latGETnl: 36776784 # GET request latency on next level
   latGETnet: 0 # GET request latency on network to next level
  l3-0b16: # Cache stats
   hGETS: 374 # GETS hits
   hGETX: 0 # GETX hits
   mGETS: 239580 # GETS misses
   mGETXIM: 39016 # GETX I->M misses
   mGETXSM: 0 # GETX S->M misses (upgrade misses)
   PUTS: 206951 # Clean evictions (from lower level)
   PUTX: 33147 # Dirty evictions (from lower level)
   INV: 0 # Invalidates (from upper level)
   INVX: 0 # Downgrades (from upper level)
   FWD: 0 # Forwards (from upper level)
   latGETnl: 36774672 # GET request latency on next level
   latGETnet: 0 # GET request latency on network to next level
  l3-0b17: # Cache stats
   hGETS: 312 # GETS hits
   hGETX: 4 # GETX hits
   mGETS: 239577 # GETS misses
   mGETXIM: 39056 # GETX I->M misses
   mGETXSM: 0 # GETX S->M misses (upgrade misses)
   PUTS: 206871 # Clean evictions (from lower level)
   PUTX: 33216 # Dirty evictions (from lower level)
   INV: 0 # Invalidates (from upper level)
   INVX: 0 # Downgrades (from upper level)
   FWD: 0 # Forwards (from upper level)
   latGETnl: 36779556 # GET request latency on next level
   latGETnet: 0 # GET request latency on network to next level
  l3-0b18: # Cache stats
   hGETS: 735 # GETS hits
   hGETX: 39 # GETX hits
   mGETS: 239592 # GETS misses
   mGETXIM: 38891 # GETX I->M misses
   mGETXSM: 0 # GETX S->M misses (upgrade misses)
   PUTS: 207577 # Clean evictions (from lower level)
   PUTX: 33125 # Dirty evictions (from lower level)
   INV: 0 # Invalidates (from upper level)
   INVX: 0 # Downgrades (from upper level)
   FWD: 0 # Forwards (from upper level)
   latGETnl: 36759756 # GET request latency on next level
   latGETnet: 0 # GET request latency on network to next level
  l3-0b19: # Cache stats
   hGETS: 727 # GETS hits
   hGETX: 64 # GETX hits
   mGETS: 239585 # GETS misses
   mGETXIM: 38963 # GETX I->M misses
   mGETXSM: 0 # GETX S->M misses (upgrade misses)
   PUTS: 207356 # Clean evictions (from lower level)
   PUTX: 33198 # Dirty evictions (from lower level)
   INV: 0 # Invalidates (from upper level)
   INVX: 0 # Downgrades (from upper level)
   FWD: 0 # Forwards (from upper level)
   latGETnl: 36768336 # GET request latency on next level
   latGETnet: 0 # GET request latency on network to next level
  l3-0b20: # Cache stats
   hGETS: 727 # GETS hits
   hGETX: 35 # GETX hits
   mGETS: 239581 # GETS misses
   mGETXIM: 39250 # GETX I->M misses
   mGETXSM: 0 # GETX S->M misses (upgrade misses)
   PUTS: 207262 # Clean evictions (from lower level)
   PUTX: 33442 # Dirty evictions (from lower level)
   INV: 0 # Invalidates (from upper level)
   INVX: 0 # Downgrades (from upper level)
   FWD: 0 # Forwards (from upper level)
   latGETnl: 36805692 # GET request latency on next level
   latGETnet: 0 # GET request latency on network to next level
  l3-0b21: # Cache stats
   hGETS: 754 # GETS hits
   hGETX: 47 # GETX hits
   mGETS: 239588 # GETS misses
   mGETXIM: 38975 # GETX I->M misses
   mGETXSM: 0 # GETX S->M misses (upgrade misses)
   PUTS: 207645 # Clean evictions (from lower level)
   PUTX: 33144 # Dirty evictions (from lower level)
   INV: 0 # Invalidates (from upper level)
   INVX: 0 # Downgrades (from upper level)
   FWD: 0 # Forwards (from upper level)
   latGETnl: 36770316 # GET request latency on next level
   latGETnet: 0 # GET request latency on network to next level
  l3-0b22: # Cache stats
   hGETS: 804 # GETS hits
   hGETX: 18 # GETX hits
   mGETS: 239577 # GETS misses
   mGETXIM: 38671 # GETX I->M misses
   mGETXSM: 0 # GETX S->M misses (upgrade misses)
   PUTS: 207682 # Clean evictions (from lower level)
   PUTX: 32946 # Dirty evictions (from lower level)
   INV: 0 # Invalidates (from upper level)
   INVX: 0 # Downgrades (from upper level)
   FWD: 0 # Forwards (from upper level)
   latGETnl: 36728736 # GET request latency on next level
   latGETnet: 0 # GET request latency on network to next level
  l3-0b23: # Cache stats
   hGETS: 811 # GETS hits
   hGETX: 4 # GETX hits
   mGETS: 239578 # GETS misses
   mGETXIM: 38934 # GETX I->M misses
   mGETXSM: 0 # GETX S->M misses (upgrade misses)
   PUTS: 207592 # Clean evictions (from lower level)
   PUTX: 33125 # Dirty evictions (from lower level)
   INV: 0 # Invalidates (from upper level)
   INVX: 0 # Downgrades (from upper level)
   FWD: 0 # Forwards (from upper level)
   latGETnl: 36763584 # GET request latency on next level
   latGETnet: 0 # GET request latency on network to next level
 mem: # Memory controller stats
  mem-0: # Memory controller stats
   rd: 6687943 # Read requests
   wr: 861877 # Write requests
   rdlat: 949432128 # Total latency experienced by read requests
   wrlat: 122872143 # Total latency experienced by write requests
 sched: # Scheduler stats
  thCr: 25 # Threads created
  thFn: 25 # Threads finished
  schedEvs: 28 # Schedule events
  waitEvs: 2 # Wait events
  handoffEvs: 1 # Handoff events
  sleepEvs: 1 # Sleep events
  idlePhases: 0 # Phases with no thread active
  idlePeriods: 0 # Periods with no thread active
  occHist: # Occupancy histogram
   0: 0
   1: 24
   2: 0
   3: 1
   4: 2
   5: 1
   6: 0
   7: 1
   8: 0
   9: 0
   10: 0
   11: 1
   12: 0
   13: 1
   14: 0
   15: 0
   16: 0
   17: 1
   18: 0
   19: 0
   20: 0
   21: 1
   22: 0
   23: 181075
   24: 0
  rqSzHist: # Run queue size histogram
   0: 181085
   1: 23
   2: 0
   3: 0
   4: 0
   5: 0
   6: 0
   7: 0
   8: 0
   9: 0
   10: 0
   11: 0
   12: 0
   13: 0
   14: 0
   15: 0
   16: 0
   17: 0
   18: 0
   19: 0
   20: 0
   21: 0
   22: 0
   23: 0
   24: 0
 procCycles: # Per-process unhalted core cycles
  0: 4164832642
  1: 0
  2: 0
  3: 0
  4: 0
  5: 0
  6: 0
  7: 0
  8: 0
  9: 0
  10: 0
  11: 0
  12: 0
  13: 0
  14: 0
  15: 0
  16: 0
  17: 0
  18: 0
  19: 0
  20: 0
  21: 0
  22: 0
  23: 0
  24: 0
  25: 0
  26: 0
  27: 0
  28: 0
  29: 0
  30: 0
  31: 0
  32: 0
  33: 0
  34: 0
  35: 0
  36: 0
  37: 0
  38: 0
  39: 0
  40: 0
  41: 0
  42: 0
  43: 0
  44: 0
  45: 0
  46: 0
  47: 0
  48: 0
  49: 0
  50: 0
  51: 0
  52: 0
  53: 0
  54: 0
  55: 0
  56: 0
  57: 0
  58: 0
  59: 0
  60: 0
  61: 0
  62: 0
  63: 0
 procInstrs: # Per-process instructions
  0: 6185751537
  1: 0
  2: 0
  3: 0
  4: 0
  5: 0
  6: 0
  7: 0
  8: 0
  9: 0
  10: 0
  11: 0
  12: 0
  13: 0
  14: 0
  15: 0
  16: 0
  17: 0
  18: 0
  19: 0
  20: 0
  21: 0
  22: 0
  23: 0
  24: 0
  25: 0
  26: 0
  27: 0
  28: 0
  29: 0
  30: 0
  31: 0
  32: 0
  33: 0
  34: 0
  35: 0
  36: 0
  37: 0
  38: 0
  39: 0
  40: 0
  41: 0
  42: 0
  43: 0
  44: 0
  45: 0
  46: 0
  47: 0
  48: 0
  49: 0
  50: 0
  51: 0
  52: 0
  53: 0
  54: 0
  55: 0
  56: 0
  57: 0
  58: 0
  59: 0
  60: 0
  61: 0
  62: 0
  63: 0
 heartbeats: # Per-process heartbeats
  0: 0
  1: 0
  2: 0
  3: 0
  4: 0
  5: 0
  6: 0
  7: 0
  8: 0
  9: 0
  10: 0
  11: 0
  12: 0
  13: 0
  14: 0
  15: 0
  16: 0
  17: 0
  18: 0
  19: 0
  20: 0
  21: 0
  22: 0
  23: 0
  24: 0
  25: 0
  26: 0
  27: 0
  28: 0
  29: 0
  30: 0
  31: 0
  32: 0
  33: 0
  34: 0
  35: 0
  36: 0
  37: 0
  38: 0
  39: 0
  40: 0
  41: 0
  42: 0
  43: 0
  44: 0
  45: 0
  46: 0
  47: 0
  48: 0
  49: 0
  50: 0
  51: 0
  52: 0
  53: 0
  54: 0
  55: 0
  56: 0
  57: 0
  58: 0
  59: 0
  60: 0
  61: 0
  62: 0
  63: 0
===
