# zsim stats
===
root: # Stats
 contention: # Contention simulation stats
  domain-0: # Domain stats
   time: 17010866830 # Weave simulation time
 time: # Simulator time breakdown
  init: 3335711361
  bound: 139305344070
  weave: 26746137469
  ff: 519524
 trigger: 20000 # Reason for this stats dump
 phase: 192521 # Simulated phases
 reqCycles: 0 # Requeue Cycles
 skylake: # Core stats
  skylake-0: # Core stats
   cycles: 192521002 # Simulated unhalted cycles
   cCycles: 1725923 # Cycles due to contention stalls
   instrs: 284083030 # Simulated instructions
   uops: 191753924 # issued micro-ops
   bbls: 94020368 # Basic blocks
   approxInstrs: 1170008 # Instrs with approx uop decoding
   mispredBranches: 170157 # Mispredicted branches
   IdqNotDelivered: 190795079 # Stalls no uop delivered when no Bkend Stall
   IntMiscRecoveryCycles: 1377233 # Stalls waiting machine clears
   uops executed: 192593575 # Executed microoperations
  skylake-1: # Core stats
   cycles: 192485232 # Simulated unhalted cycles
   cCycles: 1725930 # Cycles due to contention stalls
   instrs: 284083677 # Simulated instructions
   uops: 191753850 # issued micro-ops
   bbls: 94020747 # Basic blocks
   approxInstrs: 1170013 # Instrs with approx uop decoding
   mispredBranches: 170125 # Mispredicted branches
   IdqNotDelivered: 190759302 # Stalls no uop delivered when no Bkend Stall
   IntMiscRecoveryCycles: 1367668 # Stalls waiting machine clears
   uops executed: 192593530 # Executed microoperations
  skylake-2: # Core stats
   cycles: 192483509 # Simulated unhalted cycles
   cCycles: 1725936 # Cycles due to contention stalls
   instrs: 284080675 # Simulated instructions
   uops: 191751563 # issued micro-ops
   bbls: 94019826 # Basic blocks
   approxInstrs: 1170002 # Instrs with approx uop decoding
   mispredBranches: 170122 # Mispredicted branches
   IdqNotDelivered: 190757573 # Stalls no uop delivered when no Bkend Stall
   IntMiscRecoveryCycles: 1369401 # Stalls waiting machine clears
   uops executed: 192591279 # Executed microoperations
  skylake-3: # Core stats
   cycles: 192483012 # Simulated unhalted cycles
   cCycles: 1725926 # Cycles due to contention stalls
   instrs: 284082449 # Simulated instructions
   uops: 191752897 # issued micro-ops
   bbls: 94020371 # Basic blocks
   approxInstrs: 1170008 # Instrs with approx uop decoding
   mispredBranches: 170123 # Mispredicted branches
   IdqNotDelivered: 190757086 # Stalls no uop delivered when no Bkend Stall
   IntMiscRecoveryCycles: 1368946 # Stalls waiting machine clears
   uops executed: 192592587 # Executed microoperations
  skylake-4: # Core stats
   cycles: 192481013 # Simulated unhalted cycles
   cCycles: 1725945 # Cycles due to contention stalls
   instrs: 284082574 # Simulated instructions
   uops: 191752994 # issued micro-ops
   bbls: 94020411 # Basic blocks
   approxInstrs: 1170010 # Instrs with approx uop decoding
   mispredBranches: 170123 # Mispredicted branches
   IdqNotDelivered: 190755068 # Stalls no uop delivered when no Bkend Stall
   IntMiscRecoveryCycles: 1368060 # Stalls waiting machine clears
   uops executed: 192592666 # Executed microoperations
  skylake-5: # Core stats
   cycles: 192480013 # Simulated unhalted cycles
   cCycles: 1725896 # Cycles due to contention stalls
   instrs: 284083034 # Simulated instructions
   uops: 191753292 # issued micro-ops
   bbls: 94020566 # Basic blocks
   approxInstrs: 1170009 # Instrs with approx uop decoding
   mispredBranches: 170124 # Mispredicted branches
   IdqNotDelivered: 190754117 # Stalls no uop delivered when no Bkend Stall
   IntMiscRecoveryCycles: 1367643 # Stalls waiting machine clears
   uops executed: 192592960 # Executed microoperations
  skylake-6: # Core stats
   cycles: 192479002 # Simulated unhalted cycles
   cCycles: 1725926 # Cycles due to contention stalls
   instrs: 284082732 # Simulated instructions
   uops: 191752765 # issued micro-ops
   bbls: 94020540 # Basic blocks
   approxInstrs: 1170004 # Instrs with approx uop decoding
   mispredBranches: 170117 # Mispredicted branches
   IdqNotDelivered: 190753076 # Stalls no uop delivered when no Bkend Stall
   IntMiscRecoveryCycles: 1369552 # Stalls waiting machine clears
   uops executed: 192592441 # Executed microoperations
  skylake-7: # Core stats
   cycles: 192479012 # Simulated unhalted cycles
   cCycles: 1725926 # Cycles due to contention stalls
   instrs: 284082083 # Simulated instructions
   uops: 191752658 # issued micro-ops
   bbls: 94020249 # Basic blocks
   approxInstrs: 1170009 # Instrs with approx uop decoding
   mispredBranches: 170124 # Mispredicted branches
   IdqNotDelivered: 190753086 # Stalls no uop delivered when no Bkend Stall
   IntMiscRecoveryCycles: 1367614 # Stalls waiting machine clears
   uops executed: 192592326 # Executed microoperations
  skylake-8: # Core stats
   cycles: 192478008 # Simulated unhalted cycles
   cCycles: 1725915 # Cycles due to contention stalls
   instrs: 284082817 # Simulated instructions
   uops: 191752834 # issued micro-ops
   bbls: 94020567 # Basic blocks
   approxInstrs: 1170006 # Instrs with approx uop decoding
   mispredBranches: 170120 # Mispredicted branches
   IdqNotDelivered: 190752093 # Stalls no uop delivered when no Bkend Stall
   IntMiscRecoveryCycles: 1369357 # Stalls waiting machine clears
   uops executed: 192592496 # Executed microoperations
  skylake-9: # Core stats
   cycles: 192477798 # Simulated unhalted cycles
   cCycles: 1725904 # Cycles due to contention stalls
   instrs: 284081427 # Simulated instructions
   uops: 191751895 # issued micro-ops
   bbls: 94020105 # Basic blocks
   approxInstrs: 1170004 # Instrs with approx uop decoding
   mispredBranches: 170117 # Mispredicted branches
   IdqNotDelivered: 190751894 # Stalls no uop delivered when no Bkend Stall
   IntMiscRecoveryCycles: 1368236 # Stalls waiting machine clears
   uops executed: 192591571 # Executed microoperations
  skylake-10: # Core stats
   cycles: 192477798 # Simulated unhalted cycles
   cCycles: 1725915 # Cycles due to contention stalls
   instrs: 284082444 # Simulated instructions
   uops: 191752573 # issued micro-ops
   bbls: 94020444 # Basic blocks
   approxInstrs: 1170004 # Instrs with approx uop decoding
   mispredBranches: 170117 # Mispredicted branches
   IdqNotDelivered: 190751883 # Stalls no uop delivered when no Bkend Stall
   IntMiscRecoveryCycles: 1368137 # Stalls waiting machine clears
   uops executed: 192592249 # Executed microoperations
  skylake-11: # Core stats
   cycles: 192478012 # Simulated unhalted cycles
   cCycles: 1725916 # Cycles due to contention stalls
   instrs: 284082329 # Simulated instructions
   uops: 191752734 # issued micro-ops
   bbls: 94020311 # Basic blocks
   approxInstrs: 1170007 # Instrs with approx uop decoding
   mispredBranches: 170123 # Mispredicted branches
   IdqNotDelivered: 190752096 # Stalls no uop delivered when no Bkend Stall
   IntMiscRecoveryCycles: 1368543 # Stalls waiting machine clears
   uops executed: 192592483 # Executed microoperations
  skylake-12: # Core stats
   cycles: 192476798 # Simulated unhalted cycles
   cCycles: 1725913 # Cycles due to contention stalls
   instrs: 284082639 # Simulated instructions
   uops: 191752703 # issued micro-ops
   bbls: 94020509 # Basic blocks
   approxInstrs: 1170004 # Instrs with approx uop decoding
   mispredBranches: 170117 # Mispredicted branches
   IdqNotDelivered: 190750885 # Stalls no uop delivered when no Bkend Stall
   IntMiscRecoveryCycles: 1367904 # Stalls waiting machine clears
   uops executed: 192592379 # Executed microoperations
  skylake-13: # Core stats
   cycles: 192476798 # Simulated unhalted cycles
   cCycles: 1725928 # Cycles due to contention stalls
   instrs: 284082336 # Simulated instructions
   uops: 191752501 # issued micro-ops
   bbls: 94020408 # Basic blocks
   approxInstrs: 1170004 # Instrs with approx uop decoding
   mispredBranches: 170117 # Mispredicted branches
   IdqNotDelivered: 190750870 # Stalls no uop delivered when no Bkend Stall
   IntMiscRecoveryCycles: 1368186 # Stalls waiting machine clears
   uops executed: 192592177 # Executed microoperations
  skylake-14: # Core stats
   cycles: 192476013 # Simulated unhalted cycles
   cCycles: 1725896 # Cycles due to contention stalls
   instrs: 284082790 # Simulated instructions
   uops: 191752799 # issued micro-ops
   bbls: 94020559 # Basic blocks
   approxInstrs: 1170005 # Instrs with approx uop decoding
   mispredBranches: 170114 # Mispredicted branches
   IdqNotDelivered: 190750117 # Stalls no uop delivered when no Bkend Stall
   IntMiscRecoveryCycles: 1368043 # Stalls waiting machine clears
   uops executed: 192592495 # Executed microoperations
  skylake-15: # Core stats
   cycles: 192475786 # Simulated unhalted cycles
   cCycles: 1725910 # Cycles due to contention stalls
   instrs: 284082780 # Simulated instructions
   uops: 191752797 # issued micro-ops
   bbls: 94020556 # Basic blocks
   approxInstrs: 1170004 # Instrs with approx uop decoding
   mispredBranches: 170117 # Mispredicted branches
   IdqNotDelivered: 190749876 # Stalls no uop delivered when no Bkend Stall
   IntMiscRecoveryCycles: 1367761 # Stalls waiting machine clears
   uops executed: 192592473 # Executed microoperations
  skylake-16: # Core stats
   cycles: 192475797 # Simulated unhalted cycles
   cCycles: 1725914 # Cycles due to contention stalls
   instrs: 284054817 # Simulated instructions
   uops: 191736050 # issued micro-ops
   bbls: 94010500 # Basic blocks
   approxInstrs: 1169872 # Instrs with approx uop decoding
   mispredBranches: 170211 # Mispredicted branches
   IdqNotDelivered: 190749883 # Stalls no uop delivered when no Bkend Stall
   IntMiscRecoveryCycles: 1372623 # Stalls waiting machine clears
   uops executed: 192575758 # Executed microoperations
  skylake-17: # Core stats
   cycles: 192476078 # Simulated unhalted cycles
   cCycles: 1725929 # Cycles due to contention stalls
   instrs: 284082817 # Simulated instructions
   uops: 191752834 # issued micro-ops
   bbls: 94020567 # Basic blocks
   approxInstrs: 1170006 # Instrs with approx uop decoding
   mispredBranches: 170120 # Mispredicted branches
   IdqNotDelivered: 190750149 # Stalls no uop delivered when no Bkend Stall
   IntMiscRecoveryCycles: 1368202 # Stalls waiting machine clears
   uops executed: 192592496 # Executed microoperations
  skylake-18: # Core stats
   cycles: 192475283 # Simulated unhalted cycles
   cCycles: 1725939 # Cycles due to contention stalls
   instrs: 284082791 # Simulated instructions
   uops: 191752800 # issued micro-ops
   bbls: 94020560 # Basic blocks
   approxInstrs: 1170005 # Instrs with approx uop decoding
   mispredBranches: 170114 # Mispredicted branches
   IdqNotDelivered: 190749344 # Stalls no uop delivered when no Bkend Stall
   IntMiscRecoveryCycles: 1367818 # Stalls waiting machine clears
   uops executed: 192592496 # Executed microoperations
  skylake-19: # Core stats
   cycles: 192474797 # Simulated unhalted cycles
   cCycles: 1725934 # Cycles due to contention stalls
   instrs: 284082126 # Simulated instructions
   uops: 191752361 # issued micro-ops
   bbls: 94020338 # Basic blocks
   approxInstrs: 1170004 # Instrs with approx uop decoding
   mispredBranches: 170117 # Mispredicted branches
   IdqNotDelivered: 190748863 # Stalls no uop delivered when no Bkend Stall
   IntMiscRecoveryCycles: 1367765 # Stalls waiting machine clears
   uops executed: 192592037 # Executed microoperations
  skylake-20: # Core stats
   cycles: 192474787 # Simulated unhalted cycles
   cCycles: 1725924 # Cycles due to contention stalls
   instrs: 284081030 # Simulated instructions
   uops: 191751618 # issued micro-ops
   bbls: 94019976 # Basic blocks
   approxInstrs: 1169999 # Instrs with approx uop decoding
   mispredBranches: 170116 # Mispredicted branches
   IdqNotDelivered: 190748863 # Stalls no uop delivered when no Bkend Stall
   IntMiscRecoveryCycles: 1368100 # Stalls waiting machine clears
   uops executed: 192591290 # Executed microoperations
  skylake-21: # Core stats
   cycles: 192473797 # Simulated unhalted cycles
   cCycles: 1725936 # Cycles due to contention stalls
   instrs: 284079554 # Simulated instructions
   uops: 191750634 # issued micro-ops
   bbls: 94019484 # Basic blocks
   approxInstrs: 1169999 # Instrs with approx uop decoding
   mispredBranches: 170116 # Mispredicted branches
   IdqNotDelivered: 190747861 # Stalls no uop delivered when no Bkend Stall
   IntMiscRecoveryCycles: 1368100 # Stalls waiting machine clears
   uops executed: 192590306 # Executed microoperations
  skylake-22: # Core stats
   cycles: 192473787 # Simulated unhalted cycles
   cCycles: 1725910 # Cycles due to contention stalls
   instrs: 284081024 # Simulated instructions
   uops: 191751614 # issued micro-ops
   bbls: 94019974 # Basic blocks
   approxInstrs: 1169999 # Instrs with approx uop decoding
   mispredBranches: 170114 # Mispredicted branches
   IdqNotDelivered: 190747877 # Stalls no uop delivered when no Bkend Stall
   IntMiscRecoveryCycles: 1367710 # Stalls waiting machine clears
   uops executed: 192591293 # Executed microoperations
  skylake-23: # Core stats
   cycles: 0 # Simulated unhalted cycles
   cCycles: 0 # Cycles due to contention stalls
   instrs: 0 # Simulated instructions
   uops: 0 # issued micro-ops
   bbls: 0 # Basic blocks
   approxInstrs: 0 # Instrs with approx uop decoding
   mispredBranches: 0 # Mispredicted branches
   IdqNotDelivered: 0 # Stalls no uop delivered when no Bkend Stall
   IntMiscRecoveryCycles: 0 # Stalls waiting machine clears
   uops executed: 0 # Executed microoperations
 l1d: # Cache stats
  l1d-0: # Filter cache stats
   fhGETS: 1015937 # Filtered GETS hits
   fhGETX: 670223 # Filtered GETX hits
   hGETS: 255275 # GETS hits
   hGETX: 260380 # GETX hits
   mGETS: 250265 # GETS misses
   mGETXIM: 250101 # GETX I->M misses
   mGETXSM: 6 # GETX S->M misses (upgrade misses)
   PUTS: 0 # Clean evictions (from lower level)
   PUTX: 0 # Dirty evictions (from lower level)
   INV: 125 # Invalidates (from upper level)
   INVX: 99 # Downgrades (from upper level)
   FWD: 0 # Forwards (from upper level)
   latGETnl: 136064170 # GET request latency on next level
   latGETnet: 0 # GET request latency on network to next level
  l1d-1: # Filter cache stats
   fhGETS: 1015710 # Filtered GETS hits
   fhGETX: 670072 # Filtered GETX hits
   hGETS: 255192 # GETS hits
   hGETX: 260311 # GETX hits
   mGETS: 250208 # GETS misses
   mGETXIM: 250093 # GETX I->M misses
   mGETXSM: 8 # GETX S->M misses (upgrade misses)
   PUTS: 0 # Clean evictions (from lower level)
   PUTX: 0 # Dirty evictions (from lower level)
   INV: 121 # Invalidates (from upper level)
   INVX: 26 # Downgrades (from upper level)
   FWD: 0 # Forwards (from upper level)
   latGETnl: 136029807 # GET request latency on next level
   latGETnet: 0 # GET request latency on network to next level
  l1d-2: # Filter cache stats
   fhGETS: 1015564 # Filtered GETS hits
   fhGETX: 669995 # Filtered GETX hits
   hGETS: 255159 # GETS hits
   hGETX: 260315 # GETX hits
   mGETS: 250210 # GETS misses
   mGETXIM: 250064 # GETX I->M misses
   mGETXSM: 4 # GETX S->M misses (upgrade misses)
   PUTS: 0 # Clean evictions (from lower level)
   PUTX: 0 # Dirty evictions (from lower level)
   INV: 91 # Invalidates (from upper level)
   INVX: 4 # Downgrades (from upper level)
   FWD: 0 # Forwards (from upper level)
   latGETnl: 136028548 # GET request latency on next level
   latGETnet: 0 # GET request latency on network to next level
  l1d-3: # Filter cache stats
   fhGETS: 1015619 # Filtered GETS hits
   fhGETX: 670018 # Filtered GETX hits
   hGETS: 255196 # GETS hits
   hGETX: 260350 # GETX hits
   mGETS: 250214 # GETS misses
   mGETXIM: 250065 # GETX I->M misses
   mGETXSM: 7 # GETX S->M misses (upgrade misses)
   PUTS: 0 # Clean evictions (from lower level)
   PUTX: 0 # Dirty evictions (from lower level)
   INV: 102 # Invalidates (from upper level)
   INVX: 26 # Downgrades (from upper level)
   FWD: 0 # Forwards (from upper level)
   latGETnl: 136031566 # GET request latency on next level
   latGETnet: 0 # GET request latency on network to next level
  l1d-4: # Filter cache stats
   fhGETS: 1015622 # Filtered GETS hits
   fhGETX: 670018 # Filtered GETX hits
   hGETS: 255202 # GETS hits
   hGETX: 260341 # GETX hits
   mGETS: 250210 # GETS misses
   mGETXIM: 250076 # GETX I->M misses
   mGETXSM: 10 # GETX S->M misses (upgrade misses)
   PUTS: 0 # Clean evictions (from lower level)
   PUTX: 0 # Dirty evictions (from lower level)
   INV: 108 # Invalidates (from upper level)
   INVX: 21 # Downgrades (from upper level)
   FWD: 0 # Forwards (from upper level)
   latGETnl: 136029098 # GET request latency on next level
   latGETnet: 0 # GET request latency on network to next level
  l1d-5: # Filter cache stats
   fhGETS: 1015635 # Filtered GETS hits
   fhGETX: 670037 # Filtered GETX hits
   hGETS: 255185 # GETS hits
   hGETX: 260321 # GETX hits
   mGETS: 250210 # GETS misses
   mGETXIM: 250075 # GETX I->M misses
   mGETXSM: 8 # GETX S->M misses (upgrade misses)
   PUTS: 0 # Clean evictions (from lower level)
   PUTX: 0 # Dirty evictions (from lower level)
   INV: 109 # Invalidates (from upper level)
   INVX: 17 # Downgrades (from upper level)
   FWD: 0 # Forwards (from upper level)
   latGETnl: 136028479 # GET request latency on next level
   latGETnet: 0 # GET request latency on network to next level
  l1d-6: # Filter cache stats
   fhGETS: 1015475 # Filtered GETS hits
   fhGETX: 669946 # Filtered GETX hits
   hGETS: 255179 # GETS hits
   hGETX: 260305 # GETX hits
   mGETS: 250187 # GETS misses
   mGETXIM: 250073 # GETX I->M misses
   mGETXSM: 5 # GETX S->M misses (upgrade misses)
   PUTS: 0 # Clean evictions (from lower level)
   PUTX: 0 # Dirty evictions (from lower level)
   INV: 94 # Invalidates (from upper level)
   INVX: 10 # Downgrades (from upper level)
   FWD: 0 # Forwards (from upper level)
   latGETnl: 136024504 # GET request latency on next level
   latGETnet: 0 # GET request latency on network to next level
  l1d-7: # Filter cache stats
   fhGETS: 1015632 # Filtered GETS hits
   fhGETX: 670032 # Filtered GETX hits
   hGETS: 255197 # GETS hits
   hGETX: 260313 # GETX hits
   mGETS: 250201 # GETS misses
   mGETXIM: 250088 # GETX I->M misses
   mGETXSM: 8 # GETX S->M misses (upgrade misses)
   PUTS: 0 # Clean evictions (from lower level)
   PUTX: 0 # Dirty evictions (from lower level)
   INV: 113 # Invalidates (from upper level)
   INVX: 19 # Downgrades (from upper level)
   FWD: 0 # Forwards (from upper level)
   latGETnl: 136027303 # GET request latency on next level
   latGETnet: 0 # GET request latency on network to next level
  l1d-8: # Filter cache stats
   fhGETS: 1015485 # Filtered GETS hits
   fhGETX: 669942 # Filtered GETX hits
   hGETS: 255177 # GETS hits
   hGETX: 260310 # GETX hits
   mGETS: 250189 # GETS misses
   mGETXIM: 250073 # GETX I->M misses
   mGETXSM: 5 # GETX S->M misses (upgrade misses)
   PUTS: 0 # Clean evictions (from lower level)
   PUTX: 0 # Dirty evictions (from lower level)
   INV: 96 # Invalidates (from upper level)
   INVX: 8 # Downgrades (from upper level)
   FWD: 0 # Forwards (from upper level)
   latGETnl: 136024894 # GET request latency on next level
   latGETnet: 0 # GET request latency on network to next level
  l1d-9: # Filter cache stats
   fhGETS: 1015480 # Filtered GETS hits
   fhGETX: 669934 # Filtered GETX hits
   hGETS: 255164 # GETS hits
   hGETX: 260330 # GETX hits
   mGETS: 250197 # GETS misses
   mGETXIM: 250059 # GETX I->M misses
   mGETXSM: 6 # GETX S->M misses (upgrade misses)
   PUTS: 0 # Clean evictions (from lower level)
   PUTX: 0 # Dirty evictions (from lower level)
   INV: 90 # Invalidates (from upper level)
   INVX: 16 # Downgrades (from upper level)
   FWD: 0 # Forwards (from upper level)
   latGETnl: 136027880 # GET request latency on next level
   latGETnet: 0 # GET request latency on network to next level
  l1d-10: # Filter cache stats
   fhGETS: 1015479 # Filtered GETS hits
   fhGETX: 669943 # Filtered GETX hits
   hGETS: 255175 # GETS hits
   hGETX: 260307 # GETX hits
   mGETS: 250187 # GETS misses
   mGETXIM: 250074 # GETX I->M misses
   mGETXSM: 5 # GETX S->M misses (upgrade misses)
   PUTS: 0 # Clean evictions (from lower level)
   PUTX: 0 # Dirty evictions (from lower level)
   INV: 97 # Invalidates (from upper level)
   INVX: 17 # Downgrades (from upper level)
   FWD: 0 # Forwards (from upper level)
   latGETnl: 136026183 # GET request latency on next level
   latGETnet: 0 # GET request latency on network to next level
  l1d-11: # Filter cache stats
   fhGETS: 1015609 # Filtered GETS hits
   fhGETX: 670034 # Filtered GETX hits
   hGETS: 255214 # GETS hits
   hGETX: 260310 # GETX hits
   mGETS: 250206 # GETS misses
   mGETXIM: 250089 # GETX I->M misses
   mGETXSM: 9 # GETX S->M misses (upgrade misses)
   PUTS: 0 # Clean evictions (from lower level)
   PUTX: 0 # Dirty evictions (from lower level)
   INV: 106 # Invalidates (from upper level)
   INVX: 12 # Downgrades (from upper level)
   FWD: 0 # Forwards (from upper level)
   latGETnl: 136030810 # GET request latency on next level
   latGETnet: 0 # GET request latency on network to next level
  l1d-12: # Filter cache stats
   fhGETS: 1015487 # Filtered GETS hits
   fhGETX: 669952 # Filtered GETX hits
   hGETS: 255168 # GETS hits
   hGETX: 260299 # GETX hits
   mGETS: 250186 # GETS misses
   mGETXIM: 250072 # GETX I->M misses
   mGETXSM: 6 # GETX S->M misses (upgrade misses)
   PUTS: 0 # Clean evictions (from lower level)
   PUTX: 0 # Dirty evictions (from lower level)
   INV: 95 # Invalidates (from upper level)
   INVX: 9 # Downgrades (from upper level)
   FWD: 0 # Forwards (from upper level)
   latGETnl: 136023741 # GET request latency on next level
   latGETnet: 0 # GET request latency on network to next level
  l1d-13: # Filter cache stats
   fhGETS: 1015490 # Filtered GETS hits
   fhGETX: 669950 # Filtered GETX hits
   hGETS: 255161 # GETS hits
   hGETX: 260304 # GETX hits
   mGETS: 250190 # GETS misses
   mGETXIM: 250070 # GETX I->M misses
   mGETXSM: 5 # GETX S->M misses (upgrade misses)
   PUTS: 0 # Clean evictions (from lower level)
   PUTX: 0 # Dirty evictions (from lower level)
   INV: 94 # Invalidates (from upper level)
   INVX: 8 # Downgrades (from upper level)
   FWD: 0 # Forwards (from upper level)
   latGETnl: 136024674 # GET request latency on next level
   latGETnet: 0 # GET request latency on network to next level
  l1d-14: # Filter cache stats
   fhGETS: 1015486 # Filtered GETS hits
   fhGETX: 669940 # Filtered GETX hits
   hGETS: 255170 # GETS hits
   hGETX: 260311 # GETX hits
   mGETS: 250189 # GETS misses
   mGETXIM: 250070 # GETX I->M misses
   mGETXSM: 4 # GETX S->M misses (upgrade misses)
   PUTS: 0 # Clean evictions (from lower level)
   PUTX: 0 # Dirty evictions (from lower level)
   INV: 91 # Invalidates (from upper level)
   INVX: 11 # Downgrades (from upper level)
   FWD: 0 # Forwards (from upper level)
   latGETnl: 136025888 # GET request latency on next level
   latGETnet: 0 # GET request latency on network to next level
  l1d-15: # Filter cache stats
   fhGETS: 1015474 # Filtered GETS hits
   fhGETX: 669934 # Filtered GETX hits
   hGETS: 255179 # GETS hits
   hGETX: 260318 # GETX hits
   mGETS: 250188 # GETS misses
   mGETXIM: 250072 # GETX I->M misses
   mGETXSM: 5 # GETX S->M misses (upgrade misses)
   PUTS: 0 # Clean evictions (from lower level)
   PUTX: 0 # Dirty evictions (from lower level)
   INV: 95 # Invalidates (from upper level)
   INVX: 2 # Downgrades (from upper level)
   FWD: 0 # Forwards (from upper level)
   latGETnl: 136022593 # GET request latency on next level
   latGETnet: 0 # GET request latency on network to next level
  l1d-16: # Filter cache stats
   fhGETS: 1016901 # Filtered GETS hits
   fhGETX: 670490 # Filtered GETX hits
   hGETS: 255496 # GETS hits
   hGETX: 260338 # GETX hits
   mGETS: 250231 # GETS misses
   mGETXIM: 250058 # GETX I->M misses
   mGETXSM: 15 # GETX S->M misses (upgrade misses)
   PUTS: 0 # Clean evictions (from lower level)
   PUTX: 0 # Dirty evictions (from lower level)
   INV: 93 # Invalidates (from upper level)
   INVX: 2 # Downgrades (from upper level)
   FWD: 0 # Forwards (from upper level)
   latGETnl: 136023562 # GET request latency on next level
   latGETnet: 0 # GET request latency on network to next level
  l1d-17: # Filter cache stats
   fhGETS: 1015500 # Filtered GETS hits
   fhGETX: 669950 # Filtered GETX hits
   hGETS: 255163 # GETS hits
   hGETX: 260301 # GETX hits
   mGETS: 250188 # GETS misses
   mGETXIM: 250074 # GETX I->M misses
   mGETXSM: 5 # GETX S->M misses (upgrade misses)
   PUTS: 0 # Clean evictions (from lower level)
   PUTX: 0 # Dirty evictions (from lower level)
   INV: 95 # Invalidates (from upper level)
   INVX: 3 # Downgrades (from upper level)
   FWD: 0 # Forwards (from upper level)
   latGETnl: 136022898 # GET request latency on next level
   latGETnet: 0 # GET request latency on network to next level
  l1d-18: # Filter cache stats
   fhGETS: 1015495 # Filtered GETS hits
   fhGETX: 669949 # Filtered GETX hits
   hGETS: 255162 # GETS hits
   hGETX: 260299 # GETX hits
   mGETS: 250188 # GETS misses
   mGETXIM: 250073 # GETX I->M misses
   mGETXSM: 4 # GETX S->M misses (upgrade misses)
   PUTS: 0 # Clean evictions (from lower level)
   PUTX: 0 # Dirty evictions (from lower level)
   INV: 93 # Invalidates (from upper level)
   INVX: 1 # Downgrades (from upper level)
   FWD: 0 # Forwards (from upper level)
   latGETnl: 136022734 # GET request latency on next level
   latGETnet: 0 # GET request latency on network to next level
  l1d-19: # Filter cache stats
   fhGETS: 1015492 # Filtered GETS hits
   fhGETX: 669951 # Filtered GETX hits
   hGETS: 255160 # GETS hits
   hGETX: 260303 # GETX hits
   mGETS: 250189 # GETS misses
   mGETXIM: 250069 # GETX I->M misses
   mGETXSM: 6 # GETX S->M misses (upgrade misses)
   PUTS: 0 # Clean evictions (from lower level)
   PUTX: 0 # Dirty evictions (from lower level)
   INV: 93 # Invalidates (from upper level)
   INVX: 2 # Downgrades (from upper level)
   FWD: 0 # Forwards (from upper level)
   latGETnl: 136022518 # GET request latency on next level
   latGETnet: 0 # GET request latency on network to next level
  l1d-20: # Filter cache stats
   fhGETS: 1015457 # Filtered GETS hits
   fhGETX: 669928 # Filtered GETX hits
   hGETS: 255184 # GETS hits
   hGETX: 260327 # GETX hits
   mGETS: 250192 # GETS misses
   mGETXIM: 250063 # GETX I->M misses
   mGETXSM: 5 # GETX S->M misses (upgrade misses)
   PUTS: 0 # Clean evictions (from lower level)
   PUTX: 0 # Dirty evictions (from lower level)
   INV: 92 # Invalidates (from upper level)
   INVX: 2 # Downgrades (from upper level)
   FWD: 0 # Forwards (from upper level)
   latGETnl: 136023202 # GET request latency on next level
   latGETnet: 0 # GET request latency on network to next level
  l1d-21: # Filter cache stats
   fhGETS: 1015477 # Filtered GETS hits
   fhGETX: 669933 # Filtered GETX hits
   hGETS: 255161 # GETS hits
   hGETX: 260323 # GETX hits
   mGETS: 250195 # GETS misses
   mGETXIM: 250061 # GETX I->M misses
   mGETXSM: 6 # GETX S->M misses (upgrade misses)
   PUTS: 0 # Clean evictions (from lower level)
   PUTX: 0 # Dirty evictions (from lower level)
   INV: 92 # Invalidates (from upper level)
   INVX: 3 # Downgrades (from upper level)
   FWD: 0 # Forwards (from upper level)
   latGETnl: 136024224 # GET request latency on next level
   latGETnet: 0 # GET request latency on network to next level
  l1d-22: # Filter cache stats
   fhGETS: 1015486 # Filtered GETS hits
   fhGETX: 669948 # Filtered GETX hits
   hGETS: 255162 # GETS hits
   hGETX: 260298 # GETX hits
   mGETS: 250185 # GETS misses
   mGETXIM: 250071 # GETX I->M misses
   mGETXSM: 6 # GETX S->M misses (upgrade misses)
   PUTS: 0 # Clean evictions (from lower level)
   PUTX: 0 # Dirty evictions (from lower level)
   INV: 93 # Invalidates (from upper level)
   INVX: 2 # Downgrades (from upper level)
   FWD: 0 # Forwards (from upper level)
   latGETnl: 136022424 # GET request latency on next level
   latGETnet: 0 # GET request latency on network to next level
  l1d-23: # Filter cache stats
   fhGETS: 0 # Filtered GETS hits
   fhGETX: 0 # Filtered GETX hits
   hGETS: 0 # GETS hits
   hGETX: 0 # GETX hits
   mGETS: 0 # GETS misses
   mGETXIM: 0 # GETX I->M misses
   mGETXSM: 0 # GETX S->M misses (upgrade misses)
   PUTS: 0 # Clean evictions (from lower level)
   PUTX: 0 # Dirty evictions (from lower level)
   INV: 0 # Invalidates (from upper level)
   INVX: 0 # Downgrades (from upper level)
   FWD: 0 # Forwards (from upper level)
   latGETnl: 0 # GET request latency on next level
   latGETnet: 0 # GET request latency on network to next level
 l1i: # Cache stats
  l1i-0: # Filter cache stats
   fhGETS: 95009723 # Filtered GETS hits
   fhGETX: 0 # Filtered GETX hits
   hGETS: 46 # GETS hits
   hGETX: 0 # GETX hits
   mGETS: 984 # GETS misses
   mGETXIM: 0 # GETX I->M misses
   mGETXSM: 0 # GETX S->M misses (upgrade misses)
   PUTS: 0 # Clean evictions (from lower level)
   PUTX: 0 # Dirty evictions (from lower level)
   INV: 960 # Invalidates (from upper level)
   INVX: 0 # Downgrades (from upper level)
   FWD: 0 # Forwards (from upper level)
   latGETnl: 85848 # GET request latency on next level
   latGETnet: 0 # GET request latency on network to next level
  l1i-1: # Filter cache stats
   fhGETS: 95010165 # Filtered GETS hits
   fhGETX: 0 # Filtered GETX hits
   hGETS: 37 # GETS hits
   hGETX: 0 # GETX hits
   mGETS: 889 # GETS misses
   mGETXIM: 0 # GETX I->M misses
   mGETXSM: 0 # GETX S->M misses (upgrade misses)
   PUTS: 0 # Clean evictions (from lower level)
   PUTX: 0 # Dirty evictions (from lower level)
   INV: 863 # Invalidates (from upper level)
   INVX: 0 # Downgrades (from upper level)
   FWD: 0 # Forwards (from upper level)
   latGETnl: 47858 # GET request latency on next level
   latGETnet: 0 # GET request latency on network to next level
  l1i-2: # Filter cache stats
   fhGETS: 95009199 # Filtered GETS hits
   fhGETX: 0 # Filtered GETX hits
   hGETS: 31 # GETS hits
   hGETX: 0 # GETX hits
   mGETS: 916 # GETS misses
   mGETXIM: 0 # GETX I->M misses
   mGETXSM: 0 # GETX S->M misses (upgrade misses)
   PUTS: 0 # Clean evictions (from lower level)
   PUTX: 0 # Dirty evictions (from lower level)
   INV: 893 # Invalidates (from upper level)
   INVX: 0 # Downgrades (from upper level)
   FWD: 0 # Forwards (from upper level)
   latGETnl: 52052 # GET request latency on next level
   latGETnet: 0 # GET request latency on network to next level
  l1i-3: # Filter cache stats
   fhGETS: 95009771 # Filtered GETS hits
   fhGETX: 0 # Filtered GETX hits
   hGETS: 30 # GETS hits
   hGETX: 0 # GETX hits
   mGETS: 894 # GETS misses
   mGETXIM: 0 # GETX I->M misses
   mGETXSM: 0 # GETX S->M misses (upgrade misses)
   PUTS: 0 # Clean evictions (from lower level)
   PUTX: 0 # Dirty evictions (from lower level)
   INV: 871 # Invalidates (from upper level)
   INVX: 0 # Downgrades (from upper level)
   FWD: 0 # Forwards (from upper level)
   latGETnl: 47643 # GET request latency on next level
   latGETnet: 0 # GET request latency on network to next level
  l1i-4: # Filter cache stats
   fhGETS: 95009830 # Filtered GETS hits
   fhGETX: 0 # Filtered GETX hits
   hGETS: 31 # GETS hits
   hGETX: 0 # GETX hits
   mGETS: 895 # GETS misses
   mGETXIM: 0 # GETX I->M misses
   mGETXSM: 0 # GETX S->M misses (upgrade misses)
   PUTS: 0 # Clean evictions (from lower level)
   PUTX: 0 # Dirty evictions (from lower level)
   INV: 872 # Invalidates (from upper level)
   INVX: 0 # Downgrades (from upper level)
   FWD: 0 # Forwards (from upper level)
   latGETnl: 43190 # GET request latency on next level
   latGETnet: 0 # GET request latency on network to next level
  l1i-5: # Filter cache stats
   fhGETS: 95009985 # Filtered GETS hits
   fhGETX: 0 # Filtered GETX hits
   hGETS: 30 # GETS hits
   hGETX: 0 # GETX hits
   mGETS: 896 # GETS misses
   mGETXIM: 0 # GETX I->M misses
   mGETXSM: 0 # GETX S->M misses (upgrade misses)
   PUTS: 0 # Clean evictions (from lower level)
   PUTX: 0 # Dirty evictions (from lower level)
   INV: 873 # Invalidates (from upper level)
   INVX: 0 # Downgrades (from upper level)
   FWD: 0 # Forwards (from upper level)
   latGETnl: 42337 # GET request latency on next level
   latGETnet: 0 # GET request latency on network to next level
  l1i-6: # Filter cache stats
   fhGETS: 95009930 # Filtered GETS hits
   fhGETX: 0 # Filtered GETX hits
   hGETS: 29 # GETS hits
   hGETX: 0 # GETX hits
   mGETS: 872 # GETS misses
   mGETXIM: 0 # GETX I->M misses
   mGETXSM: 0 # GETX S->M misses (upgrade misses)
   PUTS: 0 # Clean evictions (from lower level)
   PUTX: 0 # Dirty evictions (from lower level)
   INV: 849 # Invalidates (from upper level)
   INVX: 0 # Downgrades (from upper level)
   FWD: 0 # Forwards (from upper level)
   latGETnl: 46384 # GET request latency on next level
   latGETnet: 0 # GET request latency on network to next level
  l1i-7: # Filter cache stats
   fhGETS: 95009674 # Filtered GETS hits
   fhGETX: 0 # Filtered GETX hits
   hGETS: 30 # GETS hits
   hGETX: 0 # GETX hits
   mGETS: 897 # GETS misses
   mGETXIM: 0 # GETX I->M misses
   mGETXSM: 0 # GETX S->M misses (upgrade misses)
   PUTS: 0 # Clean evictions (from lower level)
   PUTX: 0 # Dirty evictions (from lower level)
   INV: 874 # Invalidates (from upper level)
   INVX: 0 # Downgrades (from upper level)
   FWD: 0 # Forwards (from upper level)
   latGETnl: 42159 # GET request latency on next level
   latGETnet: 0 # GET request latency on network to next level
  l1i-8: # Filter cache stats
   fhGETS: 95009933 # Filtered GETS hits
   fhGETX: 0 # Filtered GETX hits
   hGETS: 30 # GETS hits
   hGETX: 0 # GETX hits
   mGETS: 883 # GETS misses
   mGETXIM: 0 # GETX I->M misses
   mGETXSM: 0 # GETX S->M misses (upgrade misses)
   PUTS: 0 # Clean evictions (from lower level)
   PUTX: 0 # Dirty evictions (from lower level)
   INV: 855 # Invalidates (from upper level)
   INVX: 0 # Downgrades (from upper level)
   FWD: 0 # Forwards (from upper level)
   latGETnl: 44876 # GET request latency on next level
   latGETnet: 0 # GET request latency on network to next level
  l1i-9: # Filter cache stats
   fhGETS: 95009464 # Filtered GETS hits
   fhGETX: 0 # Filtered GETX hits
   hGETS: 30 # GETS hits
   hGETX: 0 # GETX hits
   mGETS: 881 # GETS misses
   mGETXIM: 0 # GETX I->M misses
   mGETXSM: 0 # GETX S->M misses (upgrade misses)
   PUTS: 0 # Clean evictions (from lower level)
   PUTX: 0 # Dirty evictions (from lower level)
   INV: 858 # Invalidates (from upper level)
   INVX: 0 # Downgrades (from upper level)
   FWD: 0 # Forwards (from upper level)
   latGETnl: 44557 # GET request latency on next level
   latGETnet: 0 # GET request latency on network to next level
  l1i-10: # Filter cache stats
   fhGETS: 95009850 # Filtered GETS hits
   fhGETX: 0 # Filtered GETX hits
   hGETS: 30 # GETS hits
   hGETX: 0 # GETX hits
   mGETS: 880 # GETS misses
   mGETXIM: 0 # GETX I->M misses
   mGETXSM: 0 # GETX S->M misses (upgrade misses)
   PUTS: 0 # Clean evictions (from lower level)
   PUTX: 0 # Dirty evictions (from lower level)
   INV: 857 # Invalidates (from upper level)
   INVX: 0 # Downgrades (from upper level)
   FWD: 0 # Forwards (from upper level)
   latGETnl: 44960 # GET request latency on next level
   latGETnet: 0 # GET request latency on network to next level
  l1i-11: # Filter cache stats
   fhGETS: 95009659 # Filtered GETS hits
   fhGETX: 0 # Filtered GETX hits
   hGETS: 119 # GETS hits
   hGETX: 0 # GETX hits
   mGETS: 886 # GETS misses
   mGETXIM: 0 # GETX I->M misses
   mGETXSM: 0 # GETX S->M misses (upgrade misses)
   PUTS: 0 # Clean evictions (from lower level)
   PUTX: 0 # Dirty evictions (from lower level)
   INV: 863 # Invalidates (from upper level)
   INVX: 0 # Downgrades (from upper level)
   FWD: 0 # Forwards (from upper level)
   latGETnl: 43667 # GET request latency on next level
   latGETnet: 0 # GET request latency on network to next level
  l1i-12: # Filter cache stats
   fhGETS: 95009911 # Filtered GETS hits
   fhGETX: 0 # Filtered GETX hits
   hGETS: 30 # GETS hits
   hGETX: 0 # GETX hits
   mGETS: 877 # GETS misses
   mGETXIM: 0 # GETX I->M misses
   mGETXSM: 0 # GETX S->M misses (upgrade misses)
   PUTS: 0 # Clean evictions (from lower level)
   PUTX: 0 # Dirty evictions (from lower level)
   INV: 854 # Invalidates (from upper level)
   INVX: 0 # Downgrades (from upper level)
   FWD: 0 # Forwards (from upper level)
   latGETnl: 43019 # GET request latency on next level
   latGETnet: 0 # GET request latency on network to next level
  l1i-13: # Filter cache stats
   fhGETS: 95009814 # Filtered GETS hits
   fhGETX: 0 # Filtered GETX hits
   hGETS: 30 # GETS hits
   hGETX: 0 # GETX hits
   mGETS: 882 # GETS misses
   mGETXIM: 0 # GETX I->M misses
   mGETXSM: 0 # GETX S->M misses (upgrade misses)
   PUTS: 0 # Clean evictions (from lower level)
   PUTX: 0 # Dirty evictions (from lower level)
   INV: 859 # Invalidates (from upper level)
   INVX: 0 # Downgrades (from upper level)
   FWD: 0 # Forwards (from upper level)
   latGETnl: 43029 # GET request latency on next level
   latGETnet: 0 # GET request latency on network to next level
  l1i-14: # Filter cache stats
   fhGETS: 95009959 # Filtered GETS hits
   fhGETX: 0 # Filtered GETX hits
   hGETS: 30 # GETS hits
   hGETX: 0 # GETX hits
   mGETS: 881 # GETS misses
   mGETXIM: 0 # GETX I->M misses
   mGETXSM: 0 # GETX S->M misses (upgrade misses)
   PUTS: 0 # Clean evictions (from lower level)
   PUTX: 0 # Dirty evictions (from lower level)
   INV: 853 # Invalidates (from upper level)
   INVX: 0 # Downgrades (from upper level)
   FWD: 0 # Forwards (from upper level)
   latGETnl: 42082 # GET request latency on next level
   latGETnet: 0 # GET request latency on network to next level
  l1i-15: # Filter cache stats
   fhGETS: 95009953 # Filtered GETS hits
   fhGETX: 0 # Filtered GETX hits
   hGETS: 30 # GETS hits
   hGETX: 0 # GETX hits
   mGETS: 878 # GETS misses
   mGETXIM: 0 # GETX I->M misses
   mGETXSM: 0 # GETX S->M misses (upgrade misses)
   PUTS: 0 # Clean evictions (from lower level)
   PUTX: 0 # Dirty evictions (from lower level)
   INV: 855 # Invalidates (from upper level)
   INVX: 0 # Downgrades (from upper level)
   FWD: 0 # Forwards (from upper level)
   latGETnl: 42391 # GET request latency on next level
   latGETnet: 0 # GET request latency on network to next level
  l1i-16: # Filter cache stats
   fhGETS: 95000083 # Filtered GETS hits
   fhGETX: 0 # Filtered GETX hits
   hGETS: 195 # GETS hits
   hGETX: 0 # GETX hits
   mGETS: 950 # GETS misses
   mGETXIM: 0 # GETX I->M misses
   mGETXSM: 0 # GETX S->M misses (upgrade misses)
   PUTS: 0 # Clean evictions (from lower level)
   PUTX: 0 # Dirty evictions (from lower level)
   INV: 927 # Invalidates (from upper level)
   INVX: 0 # Downgrades (from upper level)
   FWD: 0 # Forwards (from upper level)
   latGETnl: 57925 # GET request latency on next level
   latGETnet: 0 # GET request latency on network to next level
  l1i-17: # Filter cache stats
   fhGETS: 95009982 # Filtered GETS hits
   fhGETX: 0 # Filtered GETX hits
   hGETS: 30 # GETS hits
   hGETX: 0 # GETX hits
   mGETS: 884 # GETS misses
   mGETXIM: 0 # GETX I->M misses
   mGETXSM: 0 # GETX S->M misses (upgrade misses)
   PUTS: 0 # Clean evictions (from lower level)
   PUTX: 0 # Dirty evictions (from lower level)
   INV: 855 # Invalidates (from upper level)
   INVX: 0 # Downgrades (from upper level)
   FWD: 0 # Forwards (from upper level)
   latGETnl: 42673 # GET request latency on next level
   latGETnet: 0 # GET request latency on network to next level
  l1i-18: # Filter cache stats
   fhGETS: 95009959 # Filtered GETS hits
   fhGETX: 0 # Filtered GETX hits
   hGETS: 30 # GETS hits
   hGETX: 0 # GETX hits
   mGETS: 882 # GETS misses
   mGETXIM: 0 # GETX I->M misses
   mGETXSM: 0 # GETX S->M misses (upgrade misses)
   PUTS: 0 # Clean evictions (from lower level)
   PUTX: 0 # Dirty evictions (from lower level)
   INV: 853 # Invalidates (from upper level)
   INVX: 0 # Downgrades (from upper level)
   FWD: 0 # Forwards (from upper level)
   latGETnl: 41454 # GET request latency on next level
   latGETnet: 0 # GET request latency on network to next level
  l1i-19: # Filter cache stats
   fhGETS: 95009744 # Filtered GETS hits
   fhGETX: 0 # Filtered GETX hits
   hGETS: 30 # GETS hits
   hGETX: 0 # GETX hits
   mGETS: 878 # GETS misses
   mGETXIM: 0 # GETX I->M misses
   mGETXSM: 0 # GETX S->M misses (upgrade misses)
   PUTS: 0 # Clean evictions (from lower level)
   PUTX: 0 # Dirty evictions (from lower level)
   INV: 855 # Invalidates (from upper level)
   INVX: 0 # Downgrades (from upper level)
   FWD: 0 # Forwards (from upper level)
   latGETnl: 41491 # GET request latency on next level
   latGETnet: 0 # GET request latency on network to next level
  l1i-20: # Filter cache stats
   fhGETS: 95009380 # Filtered GETS hits
   fhGETX: 0 # Filtered GETX hits
   hGETS: 30 # GETS hits
   hGETX: 0 # GETX hits
   mGETS: 882 # GETS misses
   mGETXIM: 0 # GETX I->M misses
   mGETXSM: 0 # GETX S->M misses (upgrade misses)
   PUTS: 0 # Clean evictions (from lower level)
   PUTX: 0 # Dirty evictions (from lower level)
   INV: 859 # Invalidates (from upper level)
   INVX: 0 # Downgrades (from upper level)
   FWD: 0 # Forwards (from upper level)
   latGETnl: 41454 # GET request latency on next level
   latGETnet: 0 # GET request latency on network to next level
  l1i-21: # Filter cache stats
   fhGETS: 95008888 # Filtered GETS hits
   fhGETX: 0 # Filtered GETX hits
   hGETS: 30 # GETS hits
   hGETX: 0 # GETX hits
   mGETS: 882 # GETS misses
   mGETXIM: 0 # GETX I->M misses
   mGETXSM: 0 # GETX S->M misses (upgrade misses)
   PUTS: 0 # Clean evictions (from lower level)
   PUTX: 0 # Dirty evictions (from lower level)
   INV: 859 # Invalidates (from upper level)
   INVX: 0 # Downgrades (from upper level)
   FWD: 0 # Forwards (from upper level)
   latGETnl: 41454 # GET request latency on next level
   latGETnet: 0 # GET request latency on network to next level
  l1i-22: # Filter cache stats
   fhGETS: 95009374 # Filtered GETS hits
   fhGETX: 0 # Filtered GETX hits
   hGETS: 30 # GETS hits
   hGETX: 0 # GETX hits
   mGETS: 876 # GETS misses
   mGETXIM: 0 # GETX I->M misses
   mGETXSM: 0 # GETX S->M misses (upgrade misses)
   PUTS: 0 # Clean evictions (from lower level)
   PUTX: 0 # Dirty evictions (from lower level)
   INV: 853 # Invalidates (from upper level)
   INVX: 0 # Downgrades (from upper level)
   FWD: 0 # Forwards (from upper level)
   latGETnl: 41172 # GET request latency on next level
   latGETnet: 0 # GET request latency on network to next level
  l1i-23: # Filter cache stats
   fhGETS: 0 # Filtered GETS hits
   fhGETX: 0 # Filtered GETX hits
   hGETS: 0 # GETS hits
   hGETX: 0 # GETX hits
   mGETS: 0 # GETS misses
   mGETXIM: 0 # GETX I->M misses
   mGETXSM: 0 # GETX S->M misses (upgrade misses)
   PUTS: 0 # Clean evictions (from lower level)
   PUTX: 0 # Dirty evictions (from lower level)
   INV: 0 # Invalidates (from upper level)
   INVX: 0 # Downgrades (from upper level)
   FWD: 0 # Forwards (from upper level)
   latGETnl: 0 # GET request latency on next level
   latGETnet: 0 # GET request latency on network to next level
 l2: # Cache stats
  l2-0: # Cache stats
   hGETS: 0 # GETS hits
   hGETX: 0 # GETX hits
   mGETS: 251249 # GETS misses
   mGETXIM: 250101 # GETX I->M misses
   mGETXSM: 6 # GETX S->M misses (upgrade misses)
   PUTS: 249931 # Clean evictions (from lower level)
   PUTX: 249799 # Dirty evictions (from lower level)
   INV: 37975 # Invalidates (from upper level)
   INVX: 99 # Downgrades (from upper level)
   FWD: 0 # Forwards (from upper level)
   latGETnl: 131136458 # GET request latency on next level
   latGETnet: 0 # GET request latency on network to next level
  l2-1: # Cache stats
   hGETS: 0 # GETS hits
   hGETX: 0 # GETX hits
   mGETS: 251097 # GETS misses
   mGETXIM: 250093 # GETX I->M misses
   mGETXSM: 8 # GETX S->M misses (upgrade misses)
   PUTS: 249892 # Clean evictions (from lower level)
   PUTX: 249776 # Dirty evictions (from lower level)
   INV: 30637 # Invalidates (from upper level)
   INVX: 26 # Downgrades (from upper level)
   FWD: 0 # Forwards (from upper level)
   latGETnl: 131065685 # GET request latency on next level
   latGETnet: 0 # GET request latency on network to next level
  l2-2: # Cache stats
   hGETS: 0 # GETS hits
   hGETX: 0 # GETX hits
   mGETS: 251126 # GETS misses
   mGETXIM: 250064 # GETX I->M misses
   mGETXSM: 4 # GETX S->M misses (upgrade misses)
   PUTS: 249890 # Clean evictions (from lower level)
   PUTX: 249781 # Dirty evictions (from lower level)
   INV: 31184 # Invalidates (from upper level)
   INVX: 4 # Downgrades (from upper level)
   FWD: 0 # Forwards (from upper level)
   latGETnl: 131068660 # GET request latency on next level
   latGETnet: 0 # GET request latency on network to next level
  l2-3: # Cache stats
   hGETS: 0 # GETS hits
   hGETX: 0 # GETX hits
   mGETS: 251108 # GETS misses
   mGETXIM: 250065 # GETX I->M misses
   mGETXSM: 7 # GETX S->M misses (upgrade misses)
   PUTS: 249888 # Clean evictions (from lower level)
   PUTX: 249777 # Dirty evictions (from lower level)
   INV: 30624 # Invalidates (from upper level)
   INVX: 26 # Downgrades (from upper level)
   FWD: 0 # Forwards (from upper level)
   latGETnl: 131067409 # GET request latency on next level
   latGETnet: 0 # GET request latency on network to next level
  l2-4: # Cache stats
   hGETS: 0 # GETS hits
   hGETX: 0 # GETX hits
   mGETS: 251105 # GETS misses
   mGETXIM: 250076 # GETX I->M misses
   mGETXSM: 10 # GETX S->M misses (upgrade misses)
   PUTS: 249888 # Clean evictions (from lower level)
   PUTX: 249778 # Dirty evictions (from lower level)
   INV: 30779 # Invalidates (from upper level)
   INVX: 21 # Downgrades (from upper level)
   FWD: 0 # Forwards (from upper level)
   latGETnl: 131060378 # GET request latency on next level
   latGETnet: 0 # GET request latency on network to next level
  l2-5: # Cache stats
   hGETS: 0 # GETS hits
   hGETX: 0 # GETX hits
   mGETS: 251106 # GETS misses
   mGETXIM: 250075 # GETX I->M misses
   mGETXSM: 8 # GETX S->M misses (upgrade misses)
   PUTS: 249888 # Clean evictions (from lower level)
   PUTX: 249776 # Dirty evictions (from lower level)
   INV: 31538 # Invalidates (from upper level)
   INVX: 17 # Downgrades (from upper level)
   FWD: 0 # Forwards (from upper level)
   latGETnl: 131058926 # GET request latency on next level
   latGETnet: 0 # GET request latency on network to next level
  l2-6: # Cache stats
   hGETS: 0 # GETS hits
   hGETX: 0 # GETX hits
   mGETS: 251059 # GETS misses
   mGETXIM: 250073 # GETX I->M misses
   mGETXSM: 5 # GETX S->M misses (upgrade misses)
   PUTS: 249878 # Clean evictions (from lower level)
   PUTX: 249776 # Dirty evictions (from lower level)
   INV: 31129 # Invalidates (from upper level)
   INVX: 10 # Downgrades (from upper level)
   FWD: 0 # Forwards (from upper level)
   latGETnl: 131059518 # GET request latency on next level
   latGETnet: 0 # GET request latency on network to next level
  l2-7: # Cache stats
   hGETS: 0 # GETS hits
   hGETX: 0 # GETX hits
   mGETS: 251098 # GETS misses
   mGETXIM: 250088 # GETX I->M misses
   mGETXSM: 8 # GETX S->M misses (upgrade misses)
   PUTS: 249888 # Clean evictions (from lower level)
   PUTX: 249776 # Dirty evictions (from lower level)
   INV: 40349 # Invalidates (from upper level)
   INVX: 19 # Downgrades (from upper level)
   FWD: 0 # Forwards (from upper level)
   latGETnl: 131057522 # GET request latency on next level
   latGETnet: 0 # GET request latency on network to next level
  l2-8: # Cache stats
   hGETS: 0 # GETS hits
   hGETX: 0 # GETX hits
   mGETS: 251072 # GETS misses
   mGETXIM: 250073 # GETX I->M misses
   mGETXSM: 5 # GETX S->M misses (upgrade misses)
   PUTS: 249880 # Clean evictions (from lower level)
   PUTX: 249775 # Dirty evictions (from lower level)
   INV: 30650 # Invalidates (from upper level)
   INVX: 8 # Downgrades (from upper level)
   FWD: 0 # Forwards (from upper level)
   latGETnl: 131058270 # GET request latency on next level
   latGETnet: 0 # GET request latency on network to next level
  l2-9: # Cache stats
   hGETS: 0 # GETS hits
   hGETX: 0 # GETX hits
   mGETS: 251078 # GETS misses
   mGETXIM: 250059 # GETX I->M misses
   mGETXSM: 6 # GETX S->M misses (upgrade misses)
   PUTS: 249878 # Clean evictions (from lower level)
   PUTX: 249776 # Dirty evictions (from lower level)
   INV: 39938 # Invalidates (from upper level)
   INVX: 16 # Downgrades (from upper level)
   FWD: 0 # Forwards (from upper level)
   latGETnl: 131061007 # GET request latency on next level
   latGETnet: 0 # GET request latency on network to next level
  l2-10: # Cache stats
   hGETS: 0 # GETS hits
   hGETX: 0 # GETX hits
   mGETS: 251067 # GETS misses
   mGETXIM: 250074 # GETX I->M misses
   mGETXSM: 5 # GETX S->M misses (upgrade misses)
   PUTS: 249877 # Clean evictions (from lower level)
   PUTX: 249775 # Dirty evictions (from lower level)
   INV: 30523 # Invalidates (from upper level)
   INVX: 17 # Downgrades (from upper level)
   FWD: 0 # Forwards (from upper level)
   latGETnl: 131059683 # GET request latency on next level
   latGETnet: 0 # GET request latency on network to next level
  l2-11: # Cache stats
   hGETS: 0 # GETS hits
   hGETX: 0 # GETX hits
   mGETS: 251092 # GETS misses
   mGETXIM: 250089 # GETX I->M misses
   mGETXSM: 9 # GETX S->M misses (upgrade misses)
   PUTS: 249886 # Clean evictions (from lower level)
   PUTX: 249791 # Dirty evictions (from lower level)
   INV: 39959 # Invalidates (from upper level)
   INVX: 13 # Downgrades (from upper level)
   FWD: 0 # Forwards (from upper level)
   latGETnl: 131062577 # GET request latency on next level
   latGETnet: 0 # GET request latency on network to next level
  l2-12: # Cache stats
   hGETS: 0 # GETS hits
   hGETX: 0 # GETX hits
   mGETS: 251063 # GETS misses
   mGETXIM: 250072 # GETX I->M misses
   mGETXSM: 6 # GETX S->M misses (upgrade misses)
   PUTS: 249877 # Clean evictions (from lower level)
   PUTX: 249775 # Dirty evictions (from lower level)
   INV: 37463 # Invalidates (from upper level)
   INVX: 9 # Downgrades (from upper level)
   FWD: 0 # Forwards (from upper level)
   latGETnl: 131055350 # GET request latency on next level
   latGETnet: 0 # GET request latency on network to next level
  l2-13: # Cache stats
   hGETS: 0 # GETS hits
   hGETX: 0 # GETX hits
   mGETS: 251072 # GETS misses
   mGETXIM: 250070 # GETX I->M misses
   mGETXSM: 5 # GETX S->M misses (upgrade misses)
   PUTS: 249878 # Clean evictions (from lower level)
   PUTX: 249776 # Dirty evictions (from lower level)
   INV: 30522 # Invalidates (from upper level)
   INVX: 8 # Downgrades (from upper level)
   FWD: 0 # Forwards (from upper level)
   latGETnl: 131056233 # GET request latency on next level
   latGETnet: 0 # GET request latency on network to next level
  l2-14: # Cache stats
   hGETS: 0 # GETS hits
   hGETX: 0 # GETX hits
   mGETS: 251070 # GETS misses
   mGETXIM: 250070 # GETX I->M misses
   mGETXSM: 4 # GETX S->M misses (upgrade misses)
   PUTS: 249880 # Clean evictions (from lower level)
   PUTX: 249776 # Dirty evictions (from lower level)
   INV: 30648 # Invalidates (from upper level)
   INVX: 11 # Downgrades (from upper level)
   FWD: 0 # Forwards (from upper level)
   latGETnl: 131056530 # GET request latency on next level
   latGETnet: 0 # GET request latency on network to next level
  l2-15: # Cache stats
   hGETS: 0 # GETS hits
   hGETX: 0 # GETX hits
   mGETS: 251066 # GETS misses
   mGETXIM: 250072 # GETX I->M misses
   mGETXSM: 5 # GETX S->M misses (upgrade misses)
   PUTS: 249877 # Clean evictions (from lower level)
   PUTX: 249776 # Dirty evictions (from lower level)
   INV: 30441 # Invalidates (from upper level)
   INVX: 2 # Downgrades (from upper level)
   FWD: 0 # Forwards (from upper level)
   latGETnl: 131053554 # GET request latency on next level
   latGETnet: 0 # GET request latency on network to next level
  l2-16: # Cache stats
   hGETS: 0 # GETS hits
   hGETX: 0 # GETX hits
   mGETS: 251181 # GETS misses
   mGETXIM: 250058 # GETX I->M misses
   mGETXSM: 15 # GETX S->M misses (upgrade misses)
   PUTS: 249910 # Clean evictions (from lower level)
   PUTX: 249775 # Dirty evictions (from lower level)
   INV: 37963 # Invalidates (from upper level)
   INVX: 2 # Downgrades (from upper level)
   FWD: 0 # Forwards (from upper level)
   latGETnl: 131068947 # GET request latency on next level
   latGETnet: 0 # GET request latency on network to next level
  l2-17: # Cache stats
   hGETS: 0 # GETS hits
   hGETX: 0 # GETX hits
   mGETS: 251072 # GETS misses
   mGETXIM: 250074 # GETX I->M misses
   mGETXSM: 5 # GETX S->M misses (upgrade misses)
   PUTS: 249879 # Clean evictions (from lower level)
   PUTX: 249776 # Dirty evictions (from lower level)
   INV: 30941 # Invalidates (from upper level)
   INVX: 3 # Downgrades (from upper level)
   FWD: 0 # Forwards (from upper level)
   latGETnl: 131054061 # GET request latency on next level
   latGETnet: 0 # GET request latency on network to next level
  l2-18: # Cache stats
   hGETS: 0 # GETS hits
   hGETX: 0 # GETX hits
   mGETS: 251070 # GETS misses
   mGETXIM: 250073 # GETX I->M misses
   mGETXSM: 4 # GETX S->M misses (upgrade misses)
   PUTS: 249880 # Clean evictions (from lower level)
   PUTX: 249776 # Dirty evictions (from lower level)
   INV: 39107 # Invalidates (from upper level)
   INVX: 1 # Downgrades (from upper level)
   FWD: 0 # Forwards (from upper level)
   latGETnl: 131052718 # GET request latency on next level
   latGETnet: 0 # GET request latency on network to next level
  l2-19: # Cache stats
   hGETS: 0 # GETS hits
   hGETX: 0 # GETX hits
   mGETS: 251067 # GETS misses
   mGETXIM: 250069 # GETX I->M misses
   mGETXSM: 6 # GETX S->M misses (upgrade misses)
   PUTS: 249877 # Clean evictions (from lower level)
   PUTX: 249776 # Dirty evictions (from lower level)
   INV: 31041 # Invalidates (from upper level)
   INVX: 2 # Downgrades (from upper level)
   FWD: 0 # Forwards (from upper level)
   latGETnl: 131052589 # GET request latency on next level
   latGETnet: 0 # GET request latency on network to next level
  l2-20: # Cache stats
   hGETS: 0 # GETS hits
   hGETX: 0 # GETX hits
   mGETS: 251074 # GETS misses
   mGETXIM: 250063 # GETX I->M misses
   mGETXSM: 5 # GETX S->M misses (upgrade misses)
   PUTS: 249877 # Clean evictions (from lower level)
   PUTX: 249774 # Dirty evictions (from lower level)
   INV: 30528 # Invalidates (from upper level)
   INVX: 2 # Downgrades (from upper level)
   FWD: 0 # Forwards (from upper level)
   latGETnl: 131053236 # GET request latency on next level
   latGETnet: 0 # GET request latency on network to next level
  l2-21: # Cache stats
   hGETS: 0 # GETS hits
   hGETX: 0 # GETX hits
   mGETS: 251077 # GETS misses
   mGETXIM: 250061 # GETX I->M misses
   mGETXSM: 6 # GETX S->M misses (upgrade misses)
   PUTS: 249877 # Clean evictions (from lower level)
   PUTX: 249775 # Dirty evictions (from lower level)
   INV: 31130 # Invalidates (from upper level)
   INVX: 3 # Downgrades (from upper level)
   FWD: 0 # Forwards (from upper level)
   latGETnl: 131054238 # GET request latency on next level
   latGETnet: 0 # GET request latency on network to next level
  l2-22: # Cache stats
   hGETS: 0 # GETS hits
   hGETX: 0 # GETX hits
   mGETS: 251061 # GETS misses
   mGETXIM: 250071 # GETX I->M misses
   mGETXSM: 6 # GETX S->M misses (upgrade misses)
   PUTS: 249876 # Clean evictions (from lower level)
   PUTX: 249775 # Dirty evictions (from lower level)
   INV: 42277 # Invalidates (from upper level)
   INVX: 2 # Downgrades (from upper level)
   FWD: 0 # Forwards (from upper level)
   latGETnl: 131052216 # GET request latency on next level
   latGETnet: 0 # GET request latency on network to next level
  l2-23: # Cache stats
   hGETS: 0 # GETS hits
   hGETX: 0 # GETX hits
   mGETS: 0 # GETS misses
   mGETXIM: 0 # GETX I->M misses
   mGETXSM: 0 # GETX S->M misses (upgrade misses)
   PUTS: 0 # Clean evictions (from lower level)
   PUTX: 0 # Dirty evictions (from lower level)
   INV: 0 # Invalidates (from upper level)
   INVX: 0 # Downgrades (from upper level)
   FWD: 0 # Forwards (from upper level)
   latGETnl: 0 # GET request latency on next level
   latGETnet: 0 # GET request latency on network to next level
 l3: # Cache stats
  l3-0b0: # Cache stats
   hGETS: 963 # GETS hits
   hGETX: 24 # GETX hits
   mGETS: 239647 # GETS misses
   mGETXIM: 239632 # GETX I->M misses
   mGETXSM: 0 # GETX S->M misses (upgrade misses)
   PUTS: 218195 # Clean evictions (from lower level)
   PUTX: 214338 # Dirty evictions (from lower level)
   INV: 0 # Invalidates (from upper level)
   INVX: 0 # Downgrades (from upper level)
   FWD: 0 # Forwards (from upper level)
   latGETnl: 107837775 # GET request latency on next level
   latGETnet: 0 # GET request latency on network to next level
  l3-0b1: # Cache stats
   hGETS: 1013 # GETS hits
   hGETX: 0 # GETX hits
   mGETS: 239653 # GETS misses
   mGETXIM: 239633 # GETX I->M misses
   mGETXSM: 0 # GETX S->M misses (upgrade misses)
   PUTS: 218060 # Clean evictions (from lower level)
   PUTX: 214521 # Dirty evictions (from lower level)
   INV: 0 # Invalidates (from upper level)
   INVX: 0 # Downgrades (from upper level)
   FWD: 0 # Forwards (from upper level)
   latGETnl: 107839350 # GET request latency on next level
   latGETnet: 0 # GET request latency on network to next level
  l3-0b2: # Cache stats
   hGETS: 886 # GETS hits
   hGETX: 42 # GETX hits
   mGETS: 239661 # GETS misses
   mGETXIM: 239639 # GETX I->M misses
   mGETXSM: 0 # GETX S->M misses (upgrade misses)
   PUTS: 217940 # Clean evictions (from lower level)
   PUTX: 214646 # Dirty evictions (from lower level)
   INV: 0 # Invalidates (from upper level)
   INVX: 0 # Downgrades (from upper level)
   FWD: 0 # Forwards (from upper level)
   latGETnl: 107842500 # GET request latency on next level
   latGETnet: 0 # GET request latency on network to next level
  l3-0b3: # Cache stats
   hGETS: 1042 # GETS hits
   hGETX: 47 # GETX hits
   mGETS: 239679 # GETS misses
   mGETXIM: 239634 # GETX I->M misses
   mGETXSM: 0 # GETX S->M misses (upgrade misses)
   PUTS: 218282 # Clean evictions (from lower level)
   PUTX: 214571 # Dirty evictions (from lower level)
   INV: 0 # Invalidates (from upper level)
   INVX: 0 # Downgrades (from upper level)
   FWD: 0 # Forwards (from upper level)
   latGETnl: 107845425 # GET request latency on next level
   latGETnet: 0 # GET request latency on network to next level
  l3-0b4: # Cache stats
   hGETS: 1003 # GETS hits
   hGETX: 46 # GETX hits
   mGETS: 239655 # GETS misses
   mGETXIM: 239634 # GETX I->M misses
   mGETXSM: 0 # GETX S->M misses (upgrade misses)
   PUTS: 218022 # Clean evictions (from lower level)
   PUTX: 214551 # Dirty evictions (from lower level)
   INV: 0 # Invalidates (from upper level)
   INVX: 0 # Downgrades (from upper level)
   FWD: 0 # Forwards (from upper level)
   latGETnl: 107840025 # GET request latency on next level
   latGETnet: 0 # GET request latency on network to next level
  l3-0b5: # Cache stats
   hGETS: 1104 # GETS hits
   hGETX: 47 # GETX hits
   mGETS: 239666 # GETS misses
   mGETXIM: 239634 # GETX I->M misses
   mGETXSM: 0 # GETX S->M misses (upgrade misses)
   PUTS: 218354 # Clean evictions (from lower level)
   PUTX: 214653 # Dirty evictions (from lower level)
   INV: 0 # Invalidates (from upper level)
   INVX: 0 # Downgrades (from upper level)
   FWD: 0 # Forwards (from upper level)
   latGETnl: 107842500 # GET request latency on next level
   latGETnet: 0 # GET request latency on network to next level
  l3-0b6: # Cache stats
   hGETS: 914 # GETS hits
   hGETX: 19 # GETX hits
   mGETS: 239662 # GETS misses
   mGETXIM: 239631 # GETX I->M misses
   mGETXSM: 0 # GETX S->M misses (upgrade misses)
   PUTS: 218199 # Clean evictions (from lower level)
   PUTX: 214386 # Dirty evictions (from lower level)
   INV: 0 # Invalidates (from upper level)
   INVX: 0 # Downgrades (from upper level)
   FWD: 0 # Forwards (from upper level)
   latGETnl: 107840925 # GET request latency on next level
   latGETnet: 0 # GET request latency on network to next level
  l3-0b7: # Cache stats
   hGETS: 1612 # GETS hits
   hGETX: 44 # GETX hits
   mGETS: 239668 # GETS misses
   mGETXIM: 239630 # GETX I->M misses
   mGETXSM: 0 # GETX S->M misses (upgrade misses)
   PUTS: 218710 # Clean evictions (from lower level)
   PUTX: 214457 # Dirty evictions (from lower level)
   INV: 0 # Invalidates (from upper level)
   INVX: 0 # Downgrades (from upper level)
   FWD: 0 # Forwards (from upper level)
   latGETnl: 107842050 # GET request latency on next level
   latGETnet: 0 # GET request latency on network to next level
  l3-0b8: # Cache stats
   hGETS: 995 # GETS hits
   hGETX: 137 # GETX hits
   mGETS: 239694 # GETS misses
   mGETXIM: 239640 # GETX I->M misses
   mGETXSM: 0 # GETX S->M misses (upgrade misses)
   PUTS: 218043 # Clean evictions (from lower level)
   PUTX: 214625 # Dirty evictions (from lower level)
   INV: 0 # Invalidates (from upper level)
   INVX: 0 # Downgrades (from upper level)
   FWD: 0 # Forwards (from upper level)
   latGETnl: 107850150 # GET request latency on next level
   latGETnet: 0 # GET request latency on network to next level
  l3-0b9: # Cache stats
   hGETS: 984 # GETS hits
   hGETX: 118 # GETX hits
   mGETS: 239687 # GETS misses
   mGETXIM: 239639 # GETX I->M misses
   mGETXSM: 0 # GETX S->M misses (upgrade misses)
   PUTS: 218182 # Clean evictions (from lower level)
   PUTX: 214565 # Dirty evictions (from lower level)
   INV: 0 # Invalidates (from upper level)
   INVX: 0 # Downgrades (from upper level)
   FWD: 0 # Forwards (from upper level)
   latGETnl: 107848350 # GET request latency on next level
   latGETnet: 0 # GET request latency on network to next level
  l3-0b10: # Cache stats
   hGETS: 1691 # GETS hits
   hGETX: 40 # GETX hits
   mGETS: 239670 # GETS misses
   mGETXIM: 239635 # GETX I->M misses
   mGETXSM: 0 # GETX S->M misses (upgrade misses)
   PUTS: 218772 # Clean evictions (from lower level)
   PUTX: 214709 # Dirty evictions (from lower level)
   INV: 0 # Invalidates (from upper level)
   INVX: 0 # Downgrades (from upper level)
   FWD: 0 # Forwards (from upper level)
   latGETnl: 107843625 # GET request latency on next level
   latGETnet: 0 # GET request latency on network to next level
  l3-0b11: # Cache stats
   hGETS: 960 # GETS hits
   hGETX: 54 # GETX hits
   mGETS: 239672 # GETS misses
   mGETXIM: 239638 # GETX I->M misses
   mGETXSM: 0 # GETX S->M misses (upgrade misses)
   PUTS: 218105 # Clean evictions (from lower level)
   PUTX: 214565 # Dirty evictions (from lower level)
   INV: 0 # Invalidates (from upper level)
   INVX: 0 # Downgrades (from upper level)
   FWD: 0 # Forwards (from upper level)
   latGETnl: 107844750 # GET request latency on next level
   latGETnet: 0 # GET request latency on network to next level
  l3-0b12: # Cache stats
   hGETS: 1665 # GETS hits
   hGETX: 40 # GETX hits
   mGETS: 239665 # GETS misses
   mGETXIM: 239631 # GETX I->M misses
   mGETXSM: 0 # GETX S->M misses (upgrade misses)
   PUTS: 218796 # Clean evictions (from lower level)
   PUTX: 214427 # Dirty evictions (from lower level)
   INV: 0 # Invalidates (from upper level)
   INVX: 0 # Downgrades (from upper level)
   FWD: 0 # Forwards (from upper level)
   latGETnl: 107841600 # GET request latency on next level
   latGETnet: 0 # GET request latency on network to next level
  l3-0b13: # Cache stats
   hGETS: 1613 # GETS hits
   hGETX: 26 # GETX hits
   mGETS: 239663 # GETS misses
   mGETXIM: 239637 # GETX I->M misses
   mGETXSM: 0 # GETX S->M misses (upgrade misses)
   PUTS: 218798 # Clean evictions (from lower level)
   PUTX: 214447 # Dirty evictions (from lower level)
   INV: 0 # Invalidates (from upper level)
   INVX: 0 # Downgrades (from upper level)
   FWD: 0 # Forwards (from upper level)
   latGETnl: 107842500 # GET request latency on next level
   latGETnet: 0 # GET request latency on network to next level
  l3-0b14: # Cache stats
   hGETS: 978 # GETS hits
   hGETX: 79 # GETX hits
   mGETS: 239665 # GETS misses
   mGETXIM: 239635 # GETX I->M misses
   mGETXSM: 0 # GETX S->M misses (upgrade misses)
   PUTS: 218011 # Clean evictions (from lower level)
   PUTX: 214833 # Dirty evictions (from lower level)
   INV: 0 # Invalidates (from upper level)
   INVX: 0 # Downgrades (from upper level)
   FWD: 0 # Forwards (from upper level)
   latGETnl: 107842500 # GET request latency on next level
   latGETnet: 0 # GET request latency on network to next level
  l3-0b15: # Cache stats
   hGETS: 1680 # GETS hits
   hGETX: 85 # GETX hits
   mGETS: 239673 # GETS misses
   mGETXIM: 239633 # GETX I->M misses
   mGETXSM: 0 # GETX S->M misses (upgrade misses)
   PUTS: 218767 # Clean evictions (from lower level)
   PUTX: 214596 # Dirty evictions (from lower level)
   INV: 0 # Invalidates (from upper level)
   INVX: 0 # Downgrades (from upper level)
   FWD: 0 # Forwards (from upper level)
   latGETnl: 107843850 # GET request latency on next level
   latGETnet: 0 # GET request latency on network to next level
  l3-0b16: # Cache stats
   hGETS: 387 # GETS hits
   hGETX: 29 # GETX hits
   mGETS: 239586 # GETS misses
   mGETXIM: 239551 # GETX I->M misses
   mGETXSM: 0 # GETX S->M misses (upgrade misses)
   PUTS: 217508 # Clean evictions (from lower level)
   PUTX: 214538 # Dirty evictions (from lower level)
   INV: 0 # Invalidates (from upper level)
   INVX: 0 # Downgrades (from upper level)
   FWD: 0 # Forwards (from upper level)
   latGETnl: 107805825 # GET request latency on next level
   latGETnet: 0 # GET request latency on network to next level
  l3-0b17: # Cache stats
   hGETS: 365 # GETS hits
   hGETX: 32 # GETX hits
   mGETS: 239577 # GETS misses
   mGETXIM: 239546 # GETX I->M misses
   mGETXSM: 0 # GETX S->M misses (upgrade misses)
   PUTS: 217552 # Clean evictions (from lower level)
   PUTX: 214396 # Dirty evictions (from lower level)
   INV: 0 # Invalidates (from upper level)
   INVX: 0 # Downgrades (from upper level)
   FWD: 0 # Forwards (from upper level)
   latGETnl: 107802675 # GET request latency on next level
   latGETnet: 0 # GET request latency on network to next level
  l3-0b18: # Cache stats
   hGETS: 272 # GETS hits
   hGETX: 76 # GETX hits
   mGETS: 239585 # GETS misses
   mGETXIM: 239549 # GETX I->M misses
   mGETXSM: 0 # GETX S->M misses (upgrade misses)
   PUTS: 217486 # Clean evictions (from lower level)
   PUTX: 214271 # Dirty evictions (from lower level)
   INV: 0 # Invalidates (from upper level)
   INVX: 0 # Downgrades (from upper level)
   FWD: 0 # Forwards (from upper level)
   latGETnl: 107805150 # GET request latency on next level
   latGETnet: 0 # GET request latency on network to next level
  l3-0b19: # Cache stats
   hGETS: 269 # GETS hits
   hGETX: 108 # GETX hits
   mGETS: 239586 # GETS misses
   mGETXIM: 239550 # GETX I->M misses
   mGETXSM: 0 # GETX S->M misses (upgrade misses)
   PUTS: 217293 # Clean evictions (from lower level)
   PUTX: 214359 # Dirty evictions (from lower level)
   INV: 0 # Invalidates (from upper level)
   INVX: 0 # Downgrades (from upper level)
   FWD: 0 # Forwards (from upper level)
   latGETnl: 107805600 # GET request latency on next level
   latGETnet: 0 # GET request latency on network to next level
  l3-0b20: # Cache stats
   hGETS: 966 # GETS hits
   hGETX: 58 # GETX hits
   mGETS: 239571 # GETS misses
   mGETXIM: 239553 # GETX I->M misses
   mGETXSM: 0 # GETX S->M misses (upgrade misses)
   PUTS: 218105 # Clean evictions (from lower level)
   PUTX: 214526 # Dirty evictions (from lower level)
   INV: 0 # Invalidates (from upper level)
   INVX: 0 # Downgrades (from upper level)
   FWD: 0 # Forwards (from upper level)
   latGETnl: 107802900 # GET request latency on next level
   latGETnet: 0 # GET request latency on network to next level
  l3-0b21: # Cache stats
   hGETS: 287 # GETS hits
   hGETX: 56 # GETX hits
   mGETS: 239571 # GETS misses
   mGETXIM: 239554 # GETX I->M misses
   mGETXSM: 0 # GETX S->M misses (upgrade misses)
   PUTS: 217188 # Clean evictions (from lower level)
   PUTX: 214458 # Dirty evictions (from lower level)
   INV: 0 # Invalidates (from upper level)
   INVX: 0 # Downgrades (from upper level)
   FWD: 0 # Forwards (from upper level)
   latGETnl: 107803125 # GET request latency on next level
   latGETnet: 0 # GET request latency on network to next level
  l3-0b22: # Cache stats
   hGETS: 1137 # GETS hits
   hGETX: 23 # GETX hits
   mGETS: 239571 # GETS misses
   mGETXIM: 239557 # GETX I->M misses
   mGETXSM: 0 # GETX S->M misses (upgrade misses)
   PUTS: 218166 # Clean evictions (from lower level)
   PUTX: 214198 # Dirty evictions (from lower level)
   INV: 0 # Invalidates (from upper level)
   INVX: 0 # Downgrades (from upper level)
   FWD: 0 # Forwards (from upper level)
   latGETnl: 107803800 # GET request latency on next level
   latGETnet: 0 # GET request latency on network to next level
  l3-0b23: # Cache stats
   hGETS: 1043 # GETS hits
   hGETX: 32 # GETX hits
   mGETS: 239574 # GETS misses
   mGETXIM: 239554 # GETX I->M misses
   mGETXSM: 0 # GETX S->M misses (upgrade misses)
   PUTS: 218102 # Clean evictions (from lower level)
   PUTX: 214486 # Dirty evictions (from lower level)
   INV: 0 # Invalidates (from upper level)
   INVX: 0 # Downgrades (from upper level)
   FWD: 0 # Forwards (from upper level)
   latGETnl: 107803800 # GET request latency on next level
   latGETnet: 0 # GET request latency on network to next level
 mem: # Memory controller stats
  mem-0: # Memory controller stats
   rd: 11487017 # Read requests
   wr: 5463618 # Write requests
   rdlat: 2699199668 # Total latency experienced by read requests
   wrlat: 1285557442 # Total latency experienced by write requests
 sched: # Scheduler stats
  thCr: 25 # Threads created
  thFn: 25 # Threads finished
  schedEvs: 26 # Schedule events
  waitEvs: 2 # Wait events
  handoffEvs: 1 # Handoff events
  sleepEvs: 1 # Sleep events
  idlePhases: 0 # Phases with no thread active
  idlePeriods: 0 # Periods with no thread active
  occHist: # Occupancy histogram
   0: 0
   1: 36
   2: 0
   3: 2
   4: 2
   5: 1
   6: 1
   7: 0
   8: 1
   9: 0
   10: 0
   11: 0
   12: 1
   13: 0
   14: 1
   15: 0
   16: 0
   17: 1
   18: 0
   19: 0
   20: 1
   21: 0
   22: 0
   23: 192474
   24: 0
  rqSzHist: # Run queue size histogram
   0: 192491
   1: 30
   2: 0
   3: 0
   4: 0
   5: 0
   6: 0
   7: 0
   8: 0
   9: 0
   10: 0
   11: 0
   12: 0
   13: 0
   14: 0
   15: 0
   16: 0
   17: 0
   18: 0
   19: 0
   20: 0
   21: 0
   22: 0
   23: 0
   24: 0
 procCycles: # Per-process unhalted core cycles
  0: 4427033132
  1: 0
  2: 0
  3: 0
  4: 0
  5: 0
  6: 0
  7: 0
  8: 0
  9: 0
  10: 0
  11: 0
  12: 0
  13: 0
  14: 0
  15: 0
  16: 0
  17: 0
  18: 0
  19: 0
  20: 0
  21: 0
  22: 0
  23: 0
  24: 0
  25: 0
  26: 0
  27: 0
  28: 0
  29: 0
  30: 0
  31: 0
  32: 0
  33: 0
  34: 0
  35: 0
  36: 0
  37: 0
  38: 0
  39: 0
  40: 0
  41: 0
  42: 0
  43: 0
  44: 0
  45: 0
  46: 0
  47: 0
  48: 0
  49: 0
  50: 0
  51: 0
  52: 0
  53: 0
  54: 0
  55: 0
  56: 0
  57: 0
  58: 0
  59: 0
  60: 0
  61: 0
  62: 0
  63: 0
 procInstrs: # Per-process instructions
  0: 6533863975
  1: 0
  2: 0
  3: 0
  4: 0
  5: 0
  6: 0
  7: 0
  8: 0
  9: 0
  10: 0
  11: 0
  12: 0
  13: 0
  14: 0
  15: 0
  16: 0
  17: 0
  18: 0
  19: 0
  20: 0
  21: 0
  22: 0
  23: 0
  24: 0
  25: 0
  26: 0
  27: 0
  28: 0
  29: 0
  30: 0
  31: 0
  32: 0
  33: 0
  34: 0
  35: 0
  36: 0
  37: 0
  38: 0
  39: 0
  40: 0
  41: 0
  42: 0
  43: 0
  44: 0
  45: 0
  46: 0
  47: 0
  48: 0
  49: 0
  50: 0
  51: 0
  52: 0
  53: 0
  54: 0
  55: 0
  56: 0
  57: 0
  58: 0
  59: 0
  60: 0
  61: 0
  62: 0
  63: 0
 heartbeats: # Per-process heartbeats
  0: 0
  1: 0
  2: 0
  3: 0
  4: 0
  5: 0
  6: 0
  7: 0
  8: 0
  9: 0
  10: 0
  11: 0
  12: 0
  13: 0
  14: 0
  15: 0
  16: 0
  17: 0
  18: 0
  19: 0
  20: 0
  21: 0
  22: 0
  23: 0
  24: 0
  25: 0
  26: 0
  27: 0
  28: 0
  29: 0
  30: 0
  31: 0
  32: 0
  33: 0
  34: 0
  35: 0
  36: 0
  37: 0
  38: 0
  39: 0
  40: 0
  41: 0
  42: 0
  43: 0
  44: 0
  45: 0
  46: 0
  47: 0
  48: 0
  49: 0
  50: 0
  51: 0
  52: 0
  53: 0
  54: 0
  55: 0
  56: 0
  57: 0
  58: 0
  59: 0
  60: 0
  61: 0
  62: 0
  63: 0
===
