# zsim stats
===
root: # Stats
 contention: # Contention simulation stats
  domain-0: # Domain stats
   time: 6602548732 # Weave simulation time
 time: # Simulator time breakdown
  init: 3060570889
  bound: 169826353204
  weave: 7308994239
  ff: 2797383
 trigger: 20000 # Reason for this stats dump
 phase: 23812 # Simulated phases
 reqCycles: 0 # Requeue Cycles
 skylake: # Core stats
  skylake-0: # Core stats
   cycles: 23812152 # Simulated unhalted cycles
   cCycles: 2831085 # Cycles due to contention stalls
   instrs: 30177218 # Simulated instructions
   uops: 21366102 # issued micro-ops
   bbls: 9647827 # Basic blocks
   approxInstrs: 713477 # Instrs with approx uop decoding
   mispredBranches: 103822 # Mispredicted branches
   IdqNotDelivered: 20981067 # Stalls no uop delivered when no Bkend Stall
   IntMiscRecoveryCycles: 839859 # Stalls waiting machine clears
   uops executed: 21682874 # Executed microoperations
  skylake-1: # Core stats
   cycles: 23788193 # Simulated unhalted cycles
   cCycles: 2831100 # Cycles due to contention stalls
   instrs: 30176600 # Simulated instructions
   uops: 21365168 # issued micro-ops
   bbls: 9647789 # Basic blocks
   approxInstrs: 713480 # Instrs with approx uop decoding
   mispredBranches: 103796 # Mispredicted branches
   IdqNotDelivered: 20957093 # Stalls no uop delivered when no Bkend Stall
   IntMiscRecoveryCycles: 834833 # Stalls waiting machine clears
   uops executed: 21681925 # Executed microoperations
  skylake-2: # Core stats
   cycles: 23785643 # Simulated unhalted cycles
   cCycles: 2831187 # Cycles due to contention stalls
   instrs: 30173790 # Simulated instructions
   uops: 21362951 # issued micro-ops
   bbls: 9646953 # Basic blocks
   approxInstrs: 713427 # Instrs with approx uop decoding
   mispredBranches: 103784 # Mispredicted branches
   IdqNotDelivered: 20954456 # Stalls no uop delivered when no Bkend Stall
   IntMiscRecoveryCycles: 836074 # Stalls waiting machine clears
   uops executed: 21679744 # Executed microoperations
  skylake-3: # Core stats
   cycles: 23786843 # Simulated unhalted cycles
   cCycles: 2831112 # Cycles due to contention stalls
   instrs: 30176341 # Simulated instructions
   uops: 21364867 # issued micro-ops
   bbls: 9647735 # Basic blocks
   approxInstrs: 713477 # Instrs with approx uop decoding
   mispredBranches: 103793 # Mispredicted branches
   IdqNotDelivered: 20955731 # Stalls no uop delivered when no Bkend Stall
   IntMiscRecoveryCycles: 835643 # Stalls waiting machine clears
   uops executed: 21681617 # Executed microoperations
  skylake-4: # Core stats
   cycles: 23785289 # Simulated unhalted cycles
   cCycles: 2831096 # Cycles due to contention stalls
   instrs: 30176364 # Simulated instructions
   uops: 21364895 # issued micro-ops
   bbls: 9647741 # Basic blocks
   approxInstrs: 713478 # Instrs with approx uop decoding
   mispredBranches: 103792 # Mispredicted branches
   IdqNotDelivered: 20954193 # Stalls no uop delivered when no Bkend Stall
   IntMiscRecoveryCycles: 835049 # Stalls waiting machine clears
   uops executed: 21681650 # Executed microoperations
  skylake-5: # Core stats
   cycles: 23784152 # Simulated unhalted cycles
   cCycles: 2831115 # Cycles due to contention stalls
   instrs: 30175723 # Simulated instructions
   uops: 21364430 # issued micro-ops
   bbls: 9647536 # Basic blocks
   approxInstrs: 713464 # Instrs with approx uop decoding
   mispredBranches: 103787 # Mispredicted branches
   IdqNotDelivered: 20953037 # Stalls no uop delivered when no Bkend Stall
   IntMiscRecoveryCycles: 834640 # Stalls waiting machine clears
   uops executed: 21681194 # Executed microoperations
  skylake-6: # Core stats
   cycles: 23783871 # Simulated unhalted cycles
   cCycles: 2831066 # Cycles due to contention stalls
   instrs: 30175732 # Simulated instructions
   uops: 21364143 # issued micro-ops
   bbls: 9647607 # Basic blocks
   approxInstrs: 713472 # Instrs with approx uop decoding
   mispredBranches: 103786 # Mispredicted branches
   IdqNotDelivered: 20952805 # Stalls no uop delivered when no Bkend Stall
   IntMiscRecoveryCycles: 836177 # Stalls waiting machine clears
   uops executed: 21680902 # Executed microoperations
  skylake-7: # Core stats
   cycles: 23783179 # Simulated unhalted cycles
   cCycles: 2831098 # Cycles due to contention stalls
   instrs: 30175740 # Simulated instructions
   uops: 21364153 # issued micro-ops
   bbls: 9647610 # Basic blocks
   approxInstrs: 713472 # Instrs with approx uop decoding
   mispredBranches: 103786 # Mispredicted branches
   IdqNotDelivered: 20952081 # Stalls no uop delivered when no Bkend Stall
   IntMiscRecoveryCycles: 835450 # Stalls waiting machine clears
   uops executed: 21680913 # Executed microoperations
  skylake-8: # Core stats
   cycles: 23783121 # Simulated unhalted cycles
   cCycles: 2831107 # Cycles due to contention stalls
   instrs: 30174130 # Simulated instructions
   uops: 21363307 # issued micro-ops
   bbls: 9647025 # Basic blocks
   approxInstrs: 713429 # Instrs with approx uop decoding
   mispredBranches: 103782 # Mispredicted branches
   IdqNotDelivered: 20952014 # Stalls no uop delivered when no Bkend Stall
   IntMiscRecoveryCycles: 834664 # Stalls waiting machine clears
   uops executed: 21680055 # Executed microoperations
  skylake-9: # Core stats
   cycles: 23782828 # Simulated unhalted cycles
   cCycles: 2831198 # Cycles due to contention stalls
   instrs: 30175713 # Simulated instructions
   uops: 21364117 # issued micro-ops
   bbls: 9647601 # Basic blocks
   approxInstrs: 713472 # Instrs with approx uop decoding
   mispredBranches: 103785 # Mispredicted branches
   IdqNotDelivered: 20951630 # Stalls no uop delivered when no Bkend Stall
   IntMiscRecoveryCycles: 835250 # Stalls waiting machine clears
   uops executed: 21680885 # Executed microoperations
  skylake-10: # Core stats
   cycles: 23783070 # Simulated unhalted cycles
   cCycles: 2831074 # Cycles due to contention stalls
   instrs: 30175752 # Simulated instructions
   uops: 21364165 # issued micro-ops
   bbls: 9647612 # Basic blocks
   approxInstrs: 713472 # Instrs with approx uop decoding
   mispredBranches: 103787 # Mispredicted branches
   IdqNotDelivered: 20951996 # Stalls no uop delivered when no Bkend Stall
   IntMiscRecoveryCycles: 836067 # Stalls waiting machine clears
   uops executed: 21680917 # Executed microoperations
  skylake-11: # Core stats
   cycles: 23782156 # Simulated unhalted cycles
   cCycles: 2831162 # Cycles due to contention stalls
   instrs: 30174825 # Simulated instructions
   uops: 21363698 # issued micro-ops
   bbls: 9647227 # Basic blocks
   approxInstrs: 713453 # Instrs with approx uop decoding
   mispredBranches: 103783 # Mispredicted branches
   IdqNotDelivered: 20950994 # Stalls no uop delivered when no Bkend Stall
   IntMiscRecoveryCycles: 835174 # Stalls waiting machine clears
   uops executed: 21680535 # Executed microoperations
  skylake-12: # Core stats
   cycles: 23782136 # Simulated unhalted cycles
   cCycles: 2831169 # Cycles due to contention stalls
   instrs: 30175713 # Simulated instructions
   uops: 21364117 # issued micro-ops
   bbls: 9647601 # Basic blocks
   approxInstrs: 713472 # Instrs with approx uop decoding
   mispredBranches: 103785 # Mispredicted branches
   IdqNotDelivered: 20950967 # Stalls no uop delivered when no Bkend Stall
   IntMiscRecoveryCycles: 835215 # Stalls waiting machine clears
   uops executed: 21680885 # Executed microoperations
  skylake-13: # Core stats
   cycles: 23782162 # Simulated unhalted cycles
   cCycles: 2831115 # Cycles due to contention stalls
   instrs: 30175700 # Simulated instructions
   uops: 21364100 # issued micro-ops
   bbls: 9647597 # Basic blocks
   approxInstrs: 713471 # Instrs with approx uop decoding
   mispredBranches: 103780 # Mispredicted branches
   IdqNotDelivered: 20951047 # Stalls no uop delivered when no Bkend Stall
   IntMiscRecoveryCycles: 835226 # Stalls waiting machine clears
   uops executed: 21680893 # Executed microoperations
  skylake-14: # Core stats
   cycles: 23781243 # Simulated unhalted cycles
   cCycles: 2831193 # Cycles due to contention stalls
   instrs: 30175721 # Simulated instructions
   uops: 21364128 # issued micro-ops
   bbls: 9647603 # Basic blocks
   approxInstrs: 713472 # Instrs with approx uop decoding
   mispredBranches: 103786 # Mispredicted branches
   IdqNotDelivered: 20950050 # Stalls no uop delivered when no Bkend Stall
   IntMiscRecoveryCycles: 835132 # Stalls waiting machine clears
   uops executed: 21680886 # Executed microoperations
  skylake-15: # Core stats
   cycles: 23781167 # Simulated unhalted cycles
   cCycles: 2831195 # Cycles due to contention stalls
   instrs: 30175727 # Simulated instructions
   uops: 21364136 # issued micro-ops
   bbls: 9647605 # Basic blocks
   approxInstrs: 713472 # Instrs with approx uop decoding
   mispredBranches: 103786 # Mispredicted branches
   IdqNotDelivered: 20949972 # Stalls no uop delivered when no Bkend Stall
   IntMiscRecoveryCycles: 834936 # Stalls waiting machine clears
   uops executed: 21680895 # Executed microoperations
  skylake-16: # Core stats
   cycles: 23781179 # Simulated unhalted cycles
   cCycles: 2831176 # Cycles due to contention stalls
   instrs: 30175713 # Simulated instructions
   uops: 21364117 # issued micro-ops
   bbls: 9647601 # Basic blocks
   approxInstrs: 713472 # Instrs with approx uop decoding
   mispredBranches: 103785 # Mispredicted branches
   IdqNotDelivered: 20950003 # Stalls no uop delivered when no Bkend Stall
   IntMiscRecoveryCycles: 834936 # Stalls waiting machine clears
   uops executed: 21680885 # Executed microoperations
  skylake-17: # Core stats
   cycles: 23781194 # Simulated unhalted cycles
   cCycles: 2831204 # Cycles due to contention stalls
   instrs: 30175721 # Simulated instructions
   uops: 21364128 # issued micro-ops
   bbls: 9647603 # Basic blocks
   approxInstrs: 713472 # Instrs with approx uop decoding
   mispredBranches: 103786 # Mispredicted branches
   IdqNotDelivered: 20949990 # Stalls no uop delivered when no Bkend Stall
   IntMiscRecoveryCycles: 834936 # Stalls waiting machine clears
   uops executed: 21680886 # Executed microoperations
  skylake-18: # Core stats
   cycles: 23780121 # Simulated unhalted cycles
   cCycles: 2831170 # Cycles due to contention stalls
   instrs: 30175188 # Simulated instructions
   uops: 21363750 # issued micro-ops
   bbls: 9647430 # Basic blocks
   approxInstrs: 713465 # Instrs with approx uop decoding
   mispredBranches: 103782 # Mispredicted branches
   IdqNotDelivered: 20948951 # Stalls no uop delivered when no Bkend Stall
   IntMiscRecoveryCycles: 834716 # Stalls waiting machine clears
   uops executed: 21680520 # Executed microoperations
  skylake-19: # Core stats
   cycles: 23780151 # Simulated unhalted cycles
   cCycles: 2831224 # Cycles due to contention stalls
   instrs: 30156533 # Simulated instructions
   uops: 21351824 # issued micro-ops
   bbls: 9640991 # Basic blocks
   approxInstrs: 712910 # Instrs with approx uop decoding
   mispredBranches: 103786 # Mispredicted branches
   IdqNotDelivered: 20948927 # Stalls no uop delivered when no Bkend Stall
   IntMiscRecoveryCycles: 837126 # Stalls waiting machine clears
   uops executed: 21668426 # Executed microoperations
  skylake-20: # Core stats
   cycles: 23780121 # Simulated unhalted cycles
   cCycles: 2831194 # Cycles due to contention stalls
   instrs: 30174417 # Simulated instructions
   uops: 21363200 # issued micro-ops
   bbls: 9647185 # Basic blocks
   approxInstrs: 713444 # Instrs with approx uop decoding
   mispredBranches: 103779 # Mispredicted branches
   IdqNotDelivered: 20948927 # Stalls no uop delivered when no Bkend Stall
   IntMiscRecoveryCycles: 835035 # Stalls waiting machine clears
   uops executed: 21679961 # Executed microoperations
  skylake-21: # Core stats
   cycles: 23780127 # Simulated unhalted cycles
   cCycles: 2831174 # Cycles due to contention stalls
   instrs: 30174260 # Simulated instructions
   uops: 21363091 # issued micro-ops
   bbls: 9647135 # Basic blocks
   approxInstrs: 713444 # Instrs with approx uop decoding
   mispredBranches: 103779 # Mispredicted branches
   IdqNotDelivered: 20948953 # Stalls no uop delivered when no Bkend Stall
   IntMiscRecoveryCycles: 835035 # Stalls waiting machine clears
   uops executed: 21679849 # Executed microoperations
  skylake-22: # Core stats
   cycles: 23778843 # Simulated unhalted cycles
   cCycles: 2831194 # Cycles due to contention stalls
   instrs: 30172210 # Simulated instructions
   uops: 21361671 # issued micro-ops
   bbls: 9646478 # Basic blocks
   approxInstrs: 713387 # Instrs with approx uop decoding
   mispredBranches: 103769 # Mispredicted branches
   IdqNotDelivered: 20947649 # Stalls no uop delivered when no Bkend Stall
   IntMiscRecoveryCycles: 834677 # Stalls waiting machine clears
   uops executed: 21678427 # Executed microoperations
  skylake-23: # Core stats
   cycles: 0 # Simulated unhalted cycles
   cCycles: 0 # Cycles due to contention stalls
   instrs: 0 # Simulated instructions
   uops: 0 # issued micro-ops
   bbls: 0 # Basic blocks
   approxInstrs: 0 # Instrs with approx uop decoding
   mispredBranches: 0 # Mispredicted branches
   IdqNotDelivered: 0 # Stalls no uop delivered when no Bkend Stall
   IntMiscRecoveryCycles: 0 # Stalls waiting machine clears
   uops executed: 0 # Executed microoperations
 l1d: # Cache stats
  l1d-0: # Filter cache stats
   fhGETS: 865604 # Filtered GETS hits
   fhGETX: 456754 # Filtered GETX hits
   hGETS: 7654 # GETS hits
   hGETX: 13411 # GETX hits
   mGETS: 250261 # GETS misses
   mGETXIM: 54981 # GETX I->M misses
   mGETXSM: 6 # GETX S->M misses (upgrade misses)
   PUTS: 0 # Clean evictions (from lower level)
   PUTX: 0 # Dirty evictions (from lower level)
   INV: 101 # Invalidates (from upper level)
   INVX: 102 # Downgrades (from upper level)
   FWD: 0 # Forwards (from upper level)
   latGETnl: 54619498 # GET request latency on next level
   latGETnet: 0 # GET request latency on network to next level
  l1d-1: # Filter cache stats
   fhGETS: 865353 # Filtered GETS hits
   fhGETX: 456588 # Filtered GETX hits
   hGETS: 7572 # GETS hits
   hGETX: 13378 # GETX hits
   mGETS: 250220 # GETS misses
   mGETXIM: 54940 # GETX I->M misses
   mGETXSM: 10 # GETX S->M misses (upgrade misses)
   PUTS: 0 # Clean evictions (from lower level)
   PUTX: 0 # Dirty evictions (from lower level)
   INV: 81 # Invalidates (from upper level)
   INVX: 24 # Downgrades (from upper level)
   FWD: 0 # Forwards (from upper level)
   latGETnl: 54599472 # GET request latency on next level
   latGETnet: 0 # GET request latency on network to next level
  l1d-2: # Filter cache stats
   fhGETS: 865161 # Filtered GETS hits
   fhGETX: 456487 # Filtered GETX hits
   hGETS: 7552 # GETS hits
   hGETX: 13358 # GETX hits
   mGETS: 250190 # GETS misses
   mGETXIM: 54933 # GETX I->M misses
   mGETXSM: 5 # GETX S->M misses (upgrade misses)
   PUTS: 0 # Clean evictions (from lower level)
   PUTX: 0 # Dirty evictions (from lower level)
   INV: 59 # Invalidates (from upper level)
   INVX: 4 # Downgrades (from upper level)
   FWD: 0 # Forwards (from upper level)
   latGETnl: 54593320 # GET request latency on next level
   latGETnet: 0 # GET request latency on network to next level
  l1d-3: # Filter cache stats
   fhGETS: 865286 # Filtered GETS hits
   fhGETX: 456547 # Filtered GETX hits
   hGETS: 7576 # GETS hits
   hGETX: 13370 # GETX hits
   mGETS: 250210 # GETS misses
   mGETXIM: 54946 # GETX I->M misses
   mGETXSM: 7 # GETX S->M misses (upgrade misses)
   PUTS: 0 # Clean evictions (from lower level)
   PUTX: 0 # Dirty evictions (from lower level)
   INV: 77 # Invalidates (from upper level)
   INVX: 39 # Downgrades (from upper level)
   FWD: 0 # Forwards (from upper level)
   latGETnl: 54600873 # GET request latency on next level
   latGETnet: 0 # GET request latency on network to next level
  l1d-4: # Filter cache stats
   fhGETS: 865280 # Filtered GETS hits
   fhGETX: 456534 # Filtered GETX hits
   hGETS: 7581 # GETS hits
   hGETX: 13393 # GETX hits
   mGETS: 250217 # GETS misses
   mGETXIM: 54939 # GETX I->M misses
   mGETXSM: 9 # GETX S->M misses (upgrade misses)
   PUTS: 0 # Clean evictions (from lower level)
   PUTX: 0 # Dirty evictions (from lower level)
   INV: 77 # Invalidates (from upper level)
   INVX: 21 # Downgrades (from upper level)
   FWD: 0 # Forwards (from upper level)
   latGETnl: 54598735 # GET request latency on next level
   latGETnet: 0 # GET request latency on network to next level
  l1d-5: # Filter cache stats
   fhGETS: 865270 # Filtered GETS hits
   fhGETX: 456558 # Filtered GETX hits
   hGETS: 7563 # GETS hits
   hGETX: 13359 # GETX hits
   mGETS: 250211 # GETS misses
   mGETXIM: 54939 # GETX I->M misses
   mGETXSM: 9 # GETX S->M misses (upgrade misses)
   PUTS: 0 # Clean evictions (from lower level)
   PUTX: 0 # Dirty evictions (from lower level)
   INV: 79 # Invalidates (from upper level)
   INVX: 19 # Downgrades (from upper level)
   FWD: 0 # Forwards (from upper level)
   latGETnl: 54597279 # GET request latency on next level
   latGETnet: 0 # GET request latency on network to next level
  l1d-6: # Filter cache stats
   fhGETS: 865132 # Filtered GETS hits
   fhGETX: 456466 # Filtered GETX hits
   hGETS: 7559 # GETS hits
   hGETX: 13358 # GETX hits
   mGETS: 250197 # GETS misses
   mGETXIM: 54930 # GETX I->M misses
   mGETXSM: 5 # GETX S->M misses (upgrade misses)
   PUTS: 0 # Clean evictions (from lower level)
   PUTX: 0 # Dirty evictions (from lower level)
   INV: 57 # Invalidates (from upper level)
   INVX: 13 # Downgrades (from upper level)
   FWD: 0 # Forwards (from upper level)
   latGETnl: 54595642 # GET request latency on next level
   latGETnet: 0 # GET request latency on network to next level
  l1d-7: # Filter cache stats
   fhGETS: 865128 # Filtered GETS hits
   fhGETX: 456476 # Filtered GETX hits
   hGETS: 7563 # GETS hits
   hGETX: 13346 # GETX hits
   mGETS: 250199 # GETS misses
   mGETXIM: 54932 # GETX I->M misses
   mGETXSM: 6 # GETX S->M misses (upgrade misses)
   PUTS: 0 # Clean evictions (from lower level)
   PUTX: 0 # Dirty evictions (from lower level)
   INV: 59 # Invalidates (from upper level)
   INVX: 20 # Downgrades (from upper level)
   FWD: 0 # Forwards (from upper level)
   latGETnl: 54597115 # GET request latency on next level
   latGETnet: 0 # GET request latency on network to next level
  l1d-8: # Filter cache stats
   fhGETS: 865215 # Filtered GETS hits
   fhGETX: 456523 # Filtered GETX hits
   hGETS: 7577 # GETS hits
   hGETX: 13373 # GETX hits
   mGETS: 250198 # GETS misses
   mGETXIM: 54934 # GETX I->M misses
   mGETXSM: 9 # GETX S->M misses (upgrade misses)
   PUTS: 0 # Clean evictions (from lower level)
   PUTX: 0 # Dirty evictions (from lower level)
   INV: 76 # Invalidates (from upper level)
   INVX: 18 # Downgrades (from upper level)
   FWD: 0 # Forwards (from upper level)
   latGETnl: 54594293 # GET request latency on next level
   latGETnet: 0 # GET request latency on network to next level
  l1d-9: # Filter cache stats
   fhGETS: 865134 # Filtered GETS hits
   fhGETX: 456470 # Filtered GETX hits
   hGETS: 7558 # GETS hits
   hGETX: 13343 # GETX hits
   mGETS: 250188 # GETS misses
   mGETXIM: 54939 # GETX I->M misses
   mGETXSM: 5 # GETX S->M misses (upgrade misses)
   PUTS: 0 # Clean evictions (from lower level)
   PUTX: 0 # Dirty evictions (from lower level)
   INV: 63 # Invalidates (from upper level)
   INVX: 11 # Downgrades (from upper level)
   FWD: 0 # Forwards (from upper level)
   latGETnl: 54594752 # GET request latency on next level
   latGETnet: 0 # GET request latency on network to next level
  l1d-10: # Filter cache stats
   fhGETS: 865147 # Filtered GETS hits
   fhGETX: 456467 # Filtered GETX hits
   hGETS: 7546 # GETS hits
   hGETX: 13360 # GETX hits
   mGETS: 250201 # GETS misses
   mGETXIM: 54930 # GETX I->M misses
   mGETXSM: 5 # GETX S->M misses (upgrade misses)
   PUTS: 0 # Clean evictions (from lower level)
   PUTX: 0 # Dirty evictions (from lower level)
   INV: 58 # Invalidates (from upper level)
   INVX: 14 # Downgrades (from upper level)
   FWD: 0 # Forwards (from upper level)
   latGETnl: 54596330 # GET request latency on next level
   latGETnet: 0 # GET request latency on network to next level
  l1d-11: # Filter cache stats
   fhGETS: 865253 # Filtered GETS hits
   fhGETX: 456536 # Filtered GETX hits
   hGETS: 7581 # GETS hits
   hGETX: 13354 # GETX hits
   mGETS: 250205 # GETS misses
   mGETXIM: 54943 # GETX I->M misses
   mGETXSM: 10 # GETX S->M misses (upgrade misses)
   PUTS: 0 # Clean evictions (from lower level)
   PUTX: 0 # Dirty evictions (from lower level)
   INV: 61 # Invalidates (from upper level)
   INVX: 5 # Downgrades (from upper level)
   FWD: 0 # Forwards (from upper level)
   latGETnl: 54597259 # GET request latency on next level
   latGETnet: 0 # GET request latency on network to next level
  l1d-12: # Filter cache stats
   fhGETS: 767850 # Filtered GETS hits
   fhGETX: 353367 # Filtered GETX hits
   hGETS: 104840 # GETS hits
   hGETX: 116448 # GETX hits
   mGETS: 250190 # GETS misses
   mGETXIM: 54936 # GETX I->M misses
   mGETXSM: 6 # GETX S->M misses (upgrade misses)
   PUTS: 0 # Clean evictions (from lower level)
   PUTX: 0 # Dirty evictions (from lower level)
   INV: 60 # Invalidates (from upper level)
   INVX: 7 # Downgrades (from upper level)
   FWD: 0 # Forwards (from upper level)
   latGETnl: 54594182 # GET request latency on next level
   latGETnet: 0 # GET request latency on network to next level
  l1d-13: # Filter cache stats
   fhGETS: 865135 # Filtered GETS hits
   fhGETX: 456463 # Filtered GETX hits
   hGETS: 7551 # GETS hits
   hGETX: 13353 # GETX hits
   mGETS: 250192 # GETS misses
   mGETXIM: 54933 # GETX I->M misses
   mGETXSM: 5 # GETX S->M misses (upgrade misses)
   PUTS: 0 # Clean evictions (from lower level)
   PUTX: 0 # Dirty evictions (from lower level)
   INV: 57 # Invalidates (from upper level)
   INVX: 11 # Downgrades (from upper level)
   FWD: 0 # Forwards (from upper level)
   latGETnl: 54595708 # GET request latency on next level
   latGETnet: 0 # GET request latency on network to next level
  l1d-14: # Filter cache stats
   fhGETS: 865143 # Filtered GETS hits
   fhGETX: 456470 # Filtered GETX hits
   hGETS: 7545 # GETS hits
   hGETX: 13352 # GETX hits
   mGETS: 250195 # GETS misses
   mGETXIM: 54930 # GETX I->M misses
   mGETXSM: 6 # GETX S->M misses (upgrade misses)
   PUTS: 0 # Clean evictions (from lower level)
   PUTX: 0 # Dirty evictions (from lower level)
   INV: 57 # Invalidates (from upper level)
   INVX: 2 # Downgrades (from upper level)
   FWD: 0 # Forwards (from upper level)
   latGETnl: 54594107 # GET request latency on next level
   latGETnet: 0 # GET request latency on network to next level
  l1d-15: # Filter cache stats
   fhGETS: 865143 # Filtered GETS hits
   fhGETX: 456468 # Filtered GETX hits
   hGETS: 7547 # GETS hits
   hGETX: 13353 # GETX hits
   mGETS: 250195 # GETS misses
   mGETXIM: 54932 # GETX I->M misses
   mGETXSM: 6 # GETX S->M misses (upgrade misses)
   PUTS: 0 # Clean evictions (from lower level)
   PUTX: 0 # Dirty evictions (from lower level)
   INV: 59 # Invalidates (from upper level)
   INVX: 2 # Downgrades (from upper level)
   FWD: 0 # Forwards (from upper level)
   latGETnl: 54594201 # GET request latency on next level
   latGETnet: 0 # GET request latency on network to next level
  l1d-16: # Filter cache stats
   fhGETS: 865149 # Filtered GETS hits
   fhGETX: 456481 # Filtered GETX hits
   hGETS: 7539 # GETS hits
   hGETX: 13337 # GETX hits
   mGETS: 250192 # GETS misses
   mGETXIM: 54933 # GETX I->M misses
   mGETXSM: 6 # GETX S->M misses (upgrade misses)
   PUTS: 0 # Clean evictions (from lower level)
   PUTX: 0 # Dirty evictions (from lower level)
   INV: 59 # Invalidates (from upper level)
   INVX: 2 # Downgrades (from upper level)
   FWD: 0 # Forwards (from upper level)
   latGETnl: 54593711 # GET request latency on next level
   latGETnet: 0 # GET request latency on network to next level
  l1d-17: # Filter cache stats
   fhGETS: 767843 # Filtered GETS hits
   fhGETX: 353362 # Filtered GETX hits
   hGETS: 104844 # GETS hits
   hGETX: 116463 # GETX hits
   mGETS: 250196 # GETS misses
   mGETXIM: 54927 # GETX I->M misses
   mGETXSM: 6 # GETX S->M misses (upgrade misses)
   PUTS: 0 # Clean evictions (from lower level)
   PUTX: 0 # Dirty evictions (from lower level)
   INV: 56 # Invalidates (from upper level)
   INVX: 2 # Downgrades (from upper level)
   FWD: 0 # Forwards (from upper level)
   latGETnl: 54594013 # GET request latency on next level
   latGETnet: 0 # GET request latency on network to next level
  l1d-18: # Filter cache stats
   fhGETS: 865132 # Filtered GETS hits
   fhGETX: 456472 # Filtered GETX hits
   hGETS: 7545 # GETS hits
   hGETX: 13338 # GETX hits
   mGETS: 250186 # GETS misses
   mGETXIM: 54938 # GETX I->M misses
   mGETXSM: 5 # GETX S->M misses (upgrade misses)
   PUTS: 0 # Clean evictions (from lower level)
   PUTX: 0 # Dirty evictions (from lower level)
   INV: 61 # Invalidates (from upper level)
   INVX: 2 # Downgrades (from upper level)
   FWD: 0 # Forwards (from upper level)
   latGETnl: 54592797 # GET request latency on next level
   latGETnet: 0 # GET request latency on network to next level
  l1d-19: # Filter cache stats
   fhGETS: 865459 # Filtered GETS hits
   fhGETX: 456532 # Filtered GETX hits
   hGETS: 7786 # GETS hits
   hGETX: 13409 # GETX hits
   mGETS: 250060 # GETS misses
   mGETXIM: 54891 # GETX I->M misses
   mGETXSM: 10 # GETX S->M misses (upgrade misses)
   PUTS: 0 # Clean evictions (from lower level)
   PUTX: 0 # Dirty evictions (from lower level)
   INV: 56 # Invalidates (from upper level)
   INVX: 3 # Downgrades (from upper level)
   FWD: 0 # Forwards (from upper level)
   latGETnl: 54560687 # GET request latency on next level
   latGETnet: 0 # GET request latency on network to next level
  l1d-20: # Filter cache stats
   fhGETS: 865082 # Filtered GETS hits
   fhGETX: 456441 # Filtered GETX hits
   hGETS: 7565 # GETS hits
   hGETX: 13357 # GETX hits
   mGETS: 250183 # GETS misses
   mGETXIM: 54934 # GETX I->M misses
   mGETXSM: 6 # GETX S->M misses (upgrade misses)
   PUTS: 0 # Clean evictions (from lower level)
   PUTX: 0 # Dirty evictions (from lower level)
   INV: 61 # Invalidates (from upper level)
   INVX: 2 # Downgrades (from upper level)
   FWD: 0 # Forwards (from upper level)
   latGETnl: 54591883 # GET request latency on next level
   latGETnet: 0 # GET request latency on network to next level
  l1d-21: # Filter cache stats
   fhGETS: 865100 # Filtered GETS hits
   fhGETX: 456447 # Filtered GETX hits
   hGETS: 7542 # GETS hits
   hGETX: 13353 # GETX hits
   mGETS: 250184 # GETS misses
   mGETXIM: 54930 # GETX I->M misses
   mGETXSM: 5 # GETX S->M misses (upgrade misses)
   PUTS: 0 # Clean evictions (from lower level)
   PUTX: 0 # Dirty evictions (from lower level)
   INV: 58 # Invalidates (from upper level)
   INVX: 2 # Downgrades (from upper level)
   FWD: 0 # Forwards (from upper level)
   latGETnl: 54592327 # GET request latency on next level
   latGETnet: 0 # GET request latency on network to next level
  l1d-22: # Filter cache stats
   fhGETS: 865054 # Filtered GETS hits
   fhGETX: 456423 # Filtered GETX hits
   hGETS: 7539 # GETS hits
   hGETX: 13347 # GETX hits
   mGETS: 250168 # GETS misses
   mGETXIM: 54929 # GETX I->M misses
   mGETXSM: 8 # GETX S->M misses (upgrade misses)
   PUTS: 0 # Clean evictions (from lower level)
   PUTX: 0 # Dirty evictions (from lower level)
   INV: 63 # Invalidates (from upper level)
   INVX: 7 # Downgrades (from upper level)
   FWD: 0 # Forwards (from upper level)
   latGETnl: 54588321 # GET request latency on next level
   latGETnet: 0 # GET request latency on network to next level
  l1d-23: # Filter cache stats
   fhGETS: 0 # Filtered GETS hits
   fhGETX: 0 # Filtered GETX hits
   hGETS: 0 # GETS hits
   hGETX: 0 # GETX hits
   mGETS: 0 # GETS misses
   mGETXIM: 0 # GETX I->M misses
   mGETXSM: 0 # GETX S->M misses (upgrade misses)
   PUTS: 0 # Clean evictions (from lower level)
   PUTX: 0 # Dirty evictions (from lower level)
   INV: 0 # Invalidates (from upper level)
   INVX: 0 # Downgrades (from upper level)
   FWD: 0 # Forwards (from upper level)
   latGETnl: 0 # GET request latency on next level
   latGETnet: 0 # GET request latency on network to next level
 l1i: # Cache stats
  l1i-0: # Filter cache stats
   fhGETS: 10135481 # Filtered GETS hits
   fhGETX: 0 # Filtered GETX hits
   hGETS: 121881 # GETS hits
   hGETX: 0 # GETX hits
   mGETS: 702 # GETS misses
   mGETXIM: 0 # GETX I->M misses
   mGETXSM: 0 # GETX S->M misses (upgrade misses)
   PUTS: 0 # Clean evictions (from lower level)
   PUTX: 0 # Dirty evictions (from lower level)
   INV: 679 # Invalidates (from upper level)
   INVX: 0 # Downgrades (from upper level)
   FWD: 0 # Forwards (from upper level)
   latGETnl: 56754 # GET request latency on next level
   latGETnet: 0 # GET request latency on network to next level
  l1i-1: # Filter cache stats
   fhGETS: 10135529 # Filtered GETS hits
   fhGETX: 0 # Filtered GETX hits
   hGETS: 121873 # GETS hits
   hGETX: 0 # GETX hits
   mGETS: 613 # GETS misses
   mGETXIM: 0 # GETX I->M misses
   mGETXSM: 0 # GETX S->M misses (upgrade misses)
   PUTS: 0 # Clean evictions (from lower level)
   PUTX: 0 # Dirty evictions (from lower level)
   INV: 588 # Invalidates (from upper level)
   INVX: 0 # Downgrades (from upper level)
   FWD: 0 # Forwards (from upper level)
   latGETnl: 32771 # GET request latency on next level
   latGETnet: 0 # GET request latency on network to next level
  l1i-2: # Filter cache stats
   fhGETS: 10134586 # Filtered GETS hits
   fhGETX: 0 # Filtered GETX hits
   hGETS: 121866 # GETS hits
   hGETX: 0 # GETX hits
   mGETS: 641 # GETS misses
   mGETXIM: 0 # GETX I->M misses
   mGETXSM: 0 # GETX S->M misses (upgrade misses)
   PUTS: 0 # Clean evictions (from lower level)
   PUTX: 0 # Dirty evictions (from lower level)
   INV: 618 # Invalidates (from upper level)
   INVX: 0 # Downgrades (from upper level)
   FWD: 0 # Forwards (from upper level)
   latGETnl: 35803 # GET request latency on next level
   latGETnet: 0 # GET request latency on network to next level
  l1i-3: # Filter cache stats
   fhGETS: 10135460 # Filtered GETS hits
   fhGETX: 0 # Filtered GETX hits
   hGETS: 121867 # GETS hits
   hGETX: 0 # GETX hits
   mGETS: 620 # GETS misses
   mGETXIM: 0 # GETX I->M misses
   mGETXSM: 0 # GETX S->M misses (upgrade misses)
   PUTS: 0 # Clean evictions (from lower level)
   PUTX: 0 # Dirty evictions (from lower level)
   INV: 592 # Invalidates (from upper level)
   INVX: 0 # Downgrades (from upper level)
   FWD: 0 # Forwards (from upper level)
   latGETnl: 32704 # GET request latency on next level
   latGETnet: 0 # GET request latency on network to next level
  l1i-4: # Filter cache stats
   fhGETS: 10135471 # Filtered GETS hits
   fhGETX: 0 # Filtered GETX hits
   hGETS: 121867 # GETS hits
   hGETX: 0 # GETX hits
   mGETS: 621 # GETS misses
   mGETXIM: 0 # GETX I->M misses
   mGETXSM: 0 # GETX S->M misses (upgrade misses)
   PUTS: 0 # Clean evictions (from lower level)
   PUTX: 0 # Dirty evictions (from lower level)
   INV: 590 # Invalidates (from upper level)
   INVX: 0 # Downgrades (from upper level)
   FWD: 0 # Forwards (from upper level)
   latGETnl: 29979 # GET request latency on next level
   latGETnet: 0 # GET request latency on network to next level
  l1i-5: # Filter cache stats
   fhGETS: 10135233 # Filtered GETS hits
   fhGETX: 0 # Filtered GETX hits
   hGETS: 121872 # GETS hits
   hGETX: 0 # GETX hits
   mGETS: 619 # GETS misses
   mGETXIM: 0 # GETX I->M misses
   mGETXSM: 0 # GETX S->M misses (upgrade misses)
   PUTS: 0 # Clean evictions (from lower level)
   PUTX: 0 # Dirty evictions (from lower level)
   INV: 596 # Invalidates (from upper level)
   INVX: 0 # Downgrades (from upper level)
   FWD: 0 # Forwards (from upper level)
   latGETnl: 29225 # GET request latency on next level
   latGETnet: 0 # GET request latency on network to next level
  l1i-6: # Filter cache stats
   fhGETS: 10135314 # Filtered GETS hits
   fhGETX: 0 # Filtered GETX hits
   hGETS: 121867 # GETS hits
   hGETX: 0 # GETX hits
   mGETS: 603 # GETS misses
   mGETXIM: 0 # GETX I->M misses
   mGETXSM: 0 # GETX S->M misses (upgrade misses)
   PUTS: 0 # Clean evictions (from lower level)
   PUTX: 0 # Dirty evictions (from lower level)
   INV: 570 # Invalidates (from upper level)
   INVX: 0 # Downgrades (from upper level)
   FWD: 0 # Forwards (from upper level)
   latGETnl: 32169 # GET request latency on next level
   latGETnet: 0 # GET request latency on network to next level
  l1i-7: # Filter cache stats
   fhGETS: 10135305 # Filtered GETS hits
   fhGETX: 0 # Filtered GETX hits
   hGETS: 121868 # GETS hits
   hGETX: 0 # GETX hits
   mGETS: 610 # GETS misses
   mGETXIM: 0 # GETX I->M misses
   mGETXSM: 0 # GETX S->M misses (upgrade misses)
   PUTS: 0 # Clean evictions (from lower level)
   PUTX: 0 # Dirty evictions (from lower level)
   INV: 575 # Invalidates (from upper level)
   INVX: 0 # Downgrades (from upper level)
   FWD: 0 # Forwards (from upper level)
   latGETnl: 30650 # GET request latency on next level
   latGETnet: 0 # GET request latency on network to next level
  l1i-8: # Filter cache stats
   fhGETS: 10134698 # Filtered GETS hits
   fhGETX: 0 # Filtered GETX hits
   hGETS: 121870 # GETS hits
   hGETX: 0 # GETX hits
   mGETS: 622 # GETS misses
   mGETXIM: 0 # GETX I->M misses
   mGETXSM: 0 # GETX S->M misses (upgrade misses)
   PUTS: 0 # Clean evictions (from lower level)
   PUTX: 0 # Dirty evictions (from lower level)
   INV: 599 # Invalidates (from upper level)
   INVX: 0 # Downgrades (from upper level)
   FWD: 0 # Forwards (from upper level)
   latGETnl: 29234 # GET request latency on next level
   latGETnet: 0 # GET request latency on network to next level
  l1i-9: # Filter cache stats
   fhGETS: 10135287 # Filtered GETS hits
   fhGETX: 0 # Filtered GETX hits
   hGETS: 121865 # GETS hits
   hGETX: 0 # GETX hits
   mGETS: 605 # GETS misses
   mGETXIM: 0 # GETX I->M misses
   mGETXSM: 0 # GETX S->M misses (upgrade misses)
   PUTS: 0 # Clean evictions (from lower level)
   PUTX: 0 # Dirty evictions (from lower level)
   INV: 580 # Invalidates (from upper level)
   INVX: 0 # Downgrades (from upper level)
   FWD: 0 # Forwards (from upper level)
   latGETnl: 30943 # GET request latency on next level
   latGETnet: 0 # GET request latency on network to next level
  l1i-10: # Filter cache stats
   fhGETS: 10135303 # Filtered GETS hits
   fhGETX: 0 # Filtered GETX hits
   hGETS: 121871 # GETS hits
   hGETX: 0 # GETX hits
   mGETS: 617 # GETS misses
   mGETXIM: 0 # GETX I->M misses
   mGETXSM: 0 # GETX S->M misses (upgrade misses)
   PUTS: 0 # Clean evictions (from lower level)
   PUTX: 0 # Dirty evictions (from lower level)
   INV: 578 # Invalidates (from upper level)
   INVX: 0 # Downgrades (from upper level)
   FWD: 0 # Forwards (from upper level)
   latGETnl: 30715 # GET request latency on next level
   latGETnet: 0 # GET request latency on network to next level
  l1i-11: # Filter cache stats
   fhGETS: 10134850 # Filtered GETS hits
   fhGETX: 0 # Filtered GETX hits
   hGETS: 121963 # GETS hits
   hGETX: 0 # GETX hits
   mGETS: 596 # GETS misses
   mGETXIM: 0 # GETX I->M misses
   mGETXSM: 0 # GETX S->M misses (upgrade misses)
   PUTS: 0 # Clean evictions (from lower level)
   PUTX: 0 # Dirty evictions (from lower level)
   INV: 573 # Invalidates (from upper level)
   INVX: 0 # Downgrades (from upper level)
   FWD: 0 # Forwards (from upper level)
   latGETnl: 29068 # GET request latency on next level
   latGETnet: 0 # GET request latency on network to next level
  l1i-12: # Filter cache stats
   fhGETS: 10135316 # Filtered GETS hits
   fhGETX: 0 # Filtered GETX hits
   hGETS: 121865 # GETS hits
   hGETX: 0 # GETX hits
   mGETS: 609 # GETS misses
   mGETXIM: 0 # GETX I->M misses
   mGETXSM: 0 # GETX S->M misses (upgrade misses)
   PUTS: 0 # Clean evictions (from lower level)
   PUTX: 0 # Dirty evictions (from lower level)
   INV: 584 # Invalidates (from upper level)
   INVX: 0 # Downgrades (from upper level)
   FWD: 0 # Forwards (from upper level)
   latGETnl: 29547 # GET request latency on next level
   latGETnet: 0 # GET request latency on network to next level
  l1i-13: # Filter cache stats
   fhGETS: 10135303 # Filtered GETS hits
   fhGETX: 0 # Filtered GETX hits
   hGETS: 121858 # GETS hits
   hGETX: 0 # GETX hits
   mGETS: 608 # GETS misses
   mGETXIM: 0 # GETX I->M misses
   mGETXSM: 0 # GETX S->M misses (upgrade misses)
   PUTS: 0 # Clean evictions (from lower level)
   PUTX: 0 # Dirty evictions (from lower level)
   INV: 577 # Invalidates (from upper level)
   INVX: 0 # Downgrades (from upper level)
   FWD: 0 # Forwards (from upper level)
   latGETnl: 29764 # GET request latency on next level
   latGETnet: 0 # GET request latency on network to next level
  l1i-14: # Filter cache stats
   fhGETS: 10135328 # Filtered GETS hits
   fhGETX: 0 # Filtered GETX hits
   hGETS: 121859 # GETS hits
   hGETX: 0 # GETX hits
   mGETS: 607 # GETS misses
   mGETXIM: 0 # GETX I->M misses
   mGETXSM: 0 # GETX S->M misses (upgrade misses)
   PUTS: 0 # Clean evictions (from lower level)
   PUTX: 0 # Dirty evictions (from lower level)
   INV: 577 # Invalidates (from upper level)
   INVX: 0 # Downgrades (from upper level)
   FWD: 0 # Forwards (from upper level)
   latGETnl: 28529 # GET request latency on next level
   latGETnet: 0 # GET request latency on network to next level
  l1i-15: # Filter cache stats
   fhGETS: 10135322 # Filtered GETS hits
   fhGETX: 0 # Filtered GETX hits
   hGETS: 121865 # GETS hits
   hGETX: 0 # GETX hits
   mGETS: 605 # GETS misses
   mGETXIM: 0 # GETX I->M misses
   mGETXSM: 0 # GETX S->M misses (upgrade misses)
   PUTS: 0 # Clean evictions (from lower level)
   PUTX: 0 # Dirty evictions (from lower level)
   INV: 573 # Invalidates (from upper level)
   INVX: 0 # Downgrades (from upper level)
   FWD: 0 # Forwards (from upper level)
   latGETnl: 28435 # GET request latency on next level
   latGETnet: 0 # GET request latency on network to next level
  l1i-16: # Filter cache stats
   fhGETS: 10135319 # Filtered GETS hits
   fhGETX: 0 # Filtered GETX hits
   hGETS: 121863 # GETS hits
   hGETX: 0 # GETX hits
   mGETS: 605 # GETS misses
   mGETXIM: 0 # GETX I->M misses
   mGETXSM: 0 # GETX S->M misses (upgrade misses)
   PUTS: 0 # Clean evictions (from lower level)
   PUTX: 0 # Dirty evictions (from lower level)
   INV: 580 # Invalidates (from upper level)
   INVX: 0 # Downgrades (from upper level)
   FWD: 0 # Forwards (from upper level)
   latGETnl: 28435 # GET request latency on next level
   latGETnet: 0 # GET request latency on network to next level
  l1i-17: # Filter cache stats
   fhGETS: 10135323 # Filtered GETS hits
   fhGETX: 0 # Filtered GETX hits
   hGETS: 121865 # GETS hits
   hGETX: 0 # GETX hits
   mGETS: 602 # GETS misses
   mGETXIM: 0 # GETX I->M misses
   mGETXSM: 0 # GETX S->M misses (upgrade misses)
   PUTS: 0 # Clean evictions (from lower level)
   PUTX: 0 # Dirty evictions (from lower level)
   INV: 572 # Invalidates (from upper level)
   INVX: 0 # Downgrades (from upper level)
   FWD: 0 # Forwards (from upper level)
   latGETnl: 28426 # GET request latency on next level
   latGETnet: 0 # GET request latency on network to next level
  l1i-18: # Filter cache stats
   fhGETS: 10135129 # Filtered GETS hits
   fhGETX: 0 # Filtered GETX hits
   hGETS: 121870 # GETS hits
   hGETX: 0 # GETX hits
   mGETS: 598 # GETS misses
   mGETXIM: 0 # GETX I->M misses
   mGETXSM: 0 # GETX S->M misses (upgrade misses)
   PUTS: 0 # Clean evictions (from lower level)
   PUTX: 0 # Dirty evictions (from lower level)
   INV: 575 # Invalidates (from upper level)
   INVX: 0 # Downgrades (from upper level)
   FWD: 0 # Forwards (from upper level)
   latGETnl: 28106 # GET request latency on next level
   latGETnet: 0 # GET request latency on network to next level
  l1i-19: # Filter cache stats
   fhGETS: 10128533 # Filtered GETS hits
   fhGETX: 0 # Filtered GETX hits
   hGETS: 121852 # GETS hits
   hGETX: 0 # GETX hits
   mGETS: 669 # GETS misses
   mGETXIM: 0 # GETX I->M misses
   mGETXSM: 0 # GETX S->M misses (upgrade misses)
   PUTS: 0 # Clean evictions (from lower level)
   PUTX: 0 # Dirty evictions (from lower level)
   INV: 646 # Invalidates (from upper level)
   INVX: 0 # Downgrades (from upper level)
   FWD: 0 # Forwards (from upper level)
   latGETnl: 38703 # GET request latency on next level
   latGETnet: 0 # GET request latency on network to next level
  l1i-20: # Filter cache stats
   fhGETS: 10134879 # Filtered GETS hits
   fhGETX: 0 # Filtered GETX hits
   hGETS: 121857 # GETS hits
   hGETX: 0 # GETX hits
   mGETS: 605 # GETS misses
   mGETXIM: 0 # GETX I->M misses
   mGETXSM: 0 # GETX S->M misses (upgrade misses)
   PUTS: 0 # Clean evictions (from lower level)
   PUTX: 0 # Dirty evictions (from lower level)
   INV: 582 # Invalidates (from upper level)
   INVX: 0 # Downgrades (from upper level)
   FWD: 0 # Forwards (from upper level)
   latGETnl: 28435 # GET request latency on next level
   latGETnet: 0 # GET request latency on network to next level
  l1i-21: # Filter cache stats
   fhGETS: 10134823 # Filtered GETS hits
   fhGETX: 0 # Filtered GETX hits
   hGETS: 121867 # GETS hits
   hGETX: 0 # GETX hits
   mGETS: 601 # GETS misses
   mGETXIM: 0 # GETX I->M misses
   mGETXSM: 0 # GETX S->M misses (upgrade misses)
   PUTS: 0 # Clean evictions (from lower level)
   PUTX: 0 # Dirty evictions (from lower level)
   INV: 578 # Invalidates (from upper level)
   INVX: 0 # Downgrades (from upper level)
   FWD: 0 # Forwards (from upper level)
   latGETnl: 28247 # GET request latency on next level
   latGETnet: 0 # GET request latency on network to next level
  l1i-22: # Filter cache stats
   fhGETS: 10134123 # Filtered GETS hits
   fhGETX: 0 # Filtered GETX hits
   hGETS: 121854 # GETS hits
   hGETX: 0 # GETX hits
   mGETS: 605 # GETS misses
   mGETXIM: 0 # GETX I->M misses
   mGETXSM: 0 # GETX S->M misses (upgrade misses)
   PUTS: 0 # Clean evictions (from lower level)
   PUTX: 0 # Dirty evictions (from lower level)
   INV: 582 # Invalidates (from upper level)
   INVX: 0 # Downgrades (from upper level)
   FWD: 0 # Forwards (from upper level)
   latGETnl: 28567 # GET request latency on next level
   latGETnet: 0 # GET request latency on network to next level
  l1i-23: # Filter cache stats
   fhGETS: 0 # Filtered GETS hits
   fhGETX: 0 # Filtered GETX hits
   hGETS: 0 # GETS hits
   hGETX: 0 # GETX hits
   mGETS: 0 # GETS misses
   mGETXIM: 0 # GETX I->M misses
   mGETXSM: 0 # GETX S->M misses (upgrade misses)
   PUTS: 0 # Clean evictions (from lower level)
   PUTX: 0 # Dirty evictions (from lower level)
   INV: 0 # Invalidates (from upper level)
   INVX: 0 # Downgrades (from upper level)
   FWD: 0 # Forwards (from upper level)
   latGETnl: 0 # GET request latency on next level
   latGETnet: 0 # GET request latency on network to next level
 l2: # Cache stats
  l2-0: # Cache stats
   hGETS: 0 # GETS hits
   hGETX: 0 # GETX hits
   mGETS: 250963 # GETS misses
   mGETXIM: 54981 # GETX I->M misses
   mGETXSM: 6 # GETX S->M misses (upgrade misses)
   PUTS: 249789 # Clean evictions (from lower level)
   PUTX: 54840 # Dirty evictions (from lower level)
   INV: 49834 # Invalidates (from upper level)
   INVX: 103 # Downgrades (from upper level)
   FWD: 0 # Forwards (from upper level)
   latGETnl: 51616752 # GET request latency on next level
   latGETnet: 0 # GET request latency on network to next level
  l2-1: # Cache stats
   hGETS: 0 # GETS hits
   hGETX: 0 # GETX hits
   mGETS: 250833 # GETS misses
   mGETXIM: 54940 # GETX I->M misses
   mGETXSM: 10 # GETX S->M misses (upgrade misses)
   PUTS: 249748 # Clean evictions (from lower level)
   PUTX: 54819 # Dirty evictions (from lower level)
   INV: 20563 # Invalidates (from upper level)
   INVX: 24 # Downgrades (from upper level)
   FWD: 0 # Forwards (from upper level)
   latGETnl: 51574413 # GET request latency on next level
   latGETnet: 0 # GET request latency on network to next level
  l2-2: # Cache stats
   hGETS: 0 # GETS hits
   hGETX: 0 # GETX hits
   mGETS: 250831 # GETS misses
   mGETXIM: 54933 # GETX I->M misses
   mGETXSM: 5 # GETX S->M misses (upgrade misses)
   PUTS: 249730 # Clean evictions (from lower level)
   PUTX: 54822 # Dirty evictions (from lower level)
   INV: 66754 # Invalidates (from upper level)
   INVX: 5 # Downgrades (from upper level)
   FWD: 0 # Forwards (from upper level)
   latGETnl: 51571433 # GET request latency on next level
   latGETnet: 0 # GET request latency on network to next level
  l2-3: # Cache stats
   hGETS: 0 # GETS hits
   hGETX: 0 # GETX hits
   mGETS: 250830 # GETS misses
   mGETXIM: 54946 # GETX I->M misses
   mGETXSM: 7 # GETX S->M misses (upgrade misses)
   PUTS: 249748 # Clean evictions (from lower level)
   PUTX: 54819 # Dirty evictions (from lower level)
   INV: 18573 # Invalidates (from upper level)
   INVX: 39 # Downgrades (from upper level)
   FWD: 0 # Forwards (from upper level)
   latGETnl: 51575747 # GET request latency on next level
   latGETnet: 0 # GET request latency on network to next level
  l2-4: # Cache stats
   hGETS: 0 # GETS hits
   hGETX: 0 # GETX hits
   mGETS: 250838 # GETS misses
   mGETXIM: 54939 # GETX I->M misses
   mGETXSM: 9 # GETX S->M misses (upgrade misses)
   PUTS: 249748 # Clean evictions (from lower level)
   PUTX: 54819 # Dirty evictions (from lower level)
   INV: 17524 # Invalidates (from upper level)
   INVX: 21 # Downgrades (from upper level)
   FWD: 0 # Forwards (from upper level)
   latGETnl: 51570854 # GET request latency on next level
   latGETnet: 0 # GET request latency on network to next level
  l2-5: # Cache stats
   hGETS: 0 # GETS hits
   hGETX: 0 # GETX hits
   mGETS: 250830 # GETS misses
   mGETXIM: 54939 # GETX I->M misses
   mGETXSM: 9 # GETX S->M misses (upgrade misses)
   PUTS: 249744 # Clean evictions (from lower level)
   PUTX: 54815 # Dirty evictions (from lower level)
   INV: 20064 # Invalidates (from upper level)
   INVX: 19 # Downgrades (from upper level)
   FWD: 0 # Forwards (from upper level)
   latGETnl: 51568724 # GET request latency on next level
   latGETnet: 0 # GET request latency on network to next level
  l2-6: # Cache stats
   hGETS: 0 # GETS hits
   hGETX: 0 # GETX hits
   mGETS: 250800 # GETS misses
   mGETXIM: 54930 # GETX I->M misses
   mGETXSM: 5 # GETX S->M misses (upgrade misses)
   PUTS: 249741 # Clean evictions (from lower level)
   PUTX: 54817 # Dirty evictions (from lower level)
   INV: 20170 # Invalidates (from upper level)
   INVX: 13 # Downgrades (from upper level)
   FWD: 0 # Forwards (from upper level)
   latGETnl: 51570461 # GET request latency on next level
   latGETnet: 0 # GET request latency on network to next level
  l2-7: # Cache stats
   hGETS: 0 # GETS hits
   hGETX: 0 # GETX hits
   mGETS: 250809 # GETS misses
   mGETXIM: 54932 # GETX I->M misses
   mGETXSM: 6 # GETX S->M misses (upgrade misses)
   PUTS: 249741 # Clean evictions (from lower level)
   PUTX: 54819 # Dirty evictions (from lower level)
   INV: 32427 # Invalidates (from upper level)
   INVX: 20 # Downgrades (from upper level)
   FWD: 0 # Forwards (from upper level)
   latGETnl: 51570295 # GET request latency on next level
   latGETnet: 0 # GET request latency on network to next level
  l2-8: # Cache stats
   hGETS: 0 # GETS hits
   hGETX: 0 # GETX hits
   mGETS: 250820 # GETS misses
   mGETXIM: 54934 # GETX I->M misses
   mGETXSM: 9 # GETX S->M misses (upgrade misses)
   PUTS: 249729 # Clean evictions (from lower level)
   PUTX: 54815 # Dirty evictions (from lower level)
   INV: 50226 # Invalidates (from upper level)
   INVX: 19 # Downgrades (from upper level)
   FWD: 0 # Forwards (from upper level)
   latGETnl: 51565897 # GET request latency on next level
   latGETnet: 0 # GET request latency on network to next level
  l2-9: # Cache stats
   hGETS: 0 # GETS hits
   hGETX: 0 # GETX hits
   mGETS: 250793 # GETS misses
   mGETXIM: 54939 # GETX I->M misses
   mGETXSM: 5 # GETX S->M misses (upgrade misses)
   PUTS: 249734 # Clean evictions (from lower level)
   PUTX: 54818 # Dirty evictions (from lower level)
   INV: 18384 # Invalidates (from upper level)
   INVX: 11 # Downgrades (from upper level)
   FWD: 0 # Forwards (from upper level)
   latGETnl: 51568325 # GET request latency on next level
   latGETnet: 0 # GET request latency on network to next level
  l2-10: # Cache stats
   hGETS: 0 # GETS hits
   hGETX: 0 # GETX hits
   mGETS: 250818 # GETS misses
   mGETXIM: 54930 # GETX I->M misses
   mGETXSM: 5 # GETX S->M misses (upgrade misses)
   PUTS: 249743 # Clean evictions (from lower level)
   PUTX: 54818 # Dirty evictions (from lower level)
   INV: 49099 # Invalidates (from upper level)
   INVX: 14 # Downgrades (from upper level)
   FWD: 0 # Forwards (from upper level)
   latGETnl: 51569515 # GET request latency on next level
   latGETnet: 0 # GET request latency on network to next level
  l2-11: # Cache stats
   hGETS: 1 # GETS hits
   hGETX: 0 # GETX hits
   mGETS: 250800 # GETS misses
   mGETXIM: 54943 # GETX I->M misses
   mGETXSM: 10 # GETX S->M misses (upgrade misses)
   PUTS: 249737 # Clean evictions (from lower level)
   PUTX: 54838 # Dirty evictions (from lower level)
   INV: 68180 # Invalidates (from upper level)
   INVX: 5 # Downgrades (from upper level)
   FWD: 0 # Forwards (from upper level)
   latGETnl: 51568787 # GET request latency on next level
   latGETnet: 0 # GET request latency on network to next level
  l2-12: # Cache stats
   hGETS: 0 # GETS hits
   hGETX: 0 # GETX hits
   mGETS: 250799 # GETS misses
   mGETXIM: 54936 # GETX I->M misses
   mGETXSM: 6 # GETX S->M misses (upgrade misses)
   PUTS: 249735 # Clean evictions (from lower level)
   PUTX: 54819 # Dirty evictions (from lower level)
   INV: 19245 # Invalidates (from upper level)
   INVX: 7 # Downgrades (from upper level)
   FWD: 0 # Forwards (from upper level)
   latGETnl: 51566319 # GET request latency on next level
   latGETnet: 0 # GET request latency on network to next level
  l2-13: # Cache stats
   hGETS: 0 # GETS hits
   hGETX: 0 # GETX hits
   mGETS: 250800 # GETS misses
   mGETXIM: 54933 # GETX I->M misses
   mGETXSM: 5 # GETX S->M misses (upgrade misses)
   PUTS: 249738 # Clean evictions (from lower level)
   PUTX: 54818 # Dirty evictions (from lower level)
   INV: 17764 # Invalidates (from upper level)
   INVX: 11 # Downgrades (from upper level)
   FWD: 0 # Forwards (from upper level)
   latGETnl: 51568092 # GET request latency on next level
   latGETnet: 0 # GET request latency on network to next level
  l2-14: # Cache stats
   hGETS: 0 # GETS hits
   hGETX: 0 # GETX hits
   mGETS: 250802 # GETS misses
   mGETXIM: 54930 # GETX I->M misses
   mGETXSM: 6 # GETX S->M misses (upgrade misses)
   PUTS: 249737 # Clean evictions (from lower level)
   PUTX: 54819 # Dirty evictions (from lower level)
   INV: 47943 # Invalidates (from upper level)
   INVX: 2 # Downgrades (from upper level)
   FWD: 0 # Forwards (from upper level)
   latGETnl: 51565256 # GET request latency on next level
   latGETnet: 0 # GET request latency on network to next level
  l2-15: # Cache stats
   hGETS: 0 # GETS hits
   hGETX: 0 # GETX hits
   mGETS: 250800 # GETS misses
   mGETXIM: 54932 # GETX I->M misses
   mGETXSM: 6 # GETX S->M misses (upgrade misses)
   PUTS: 249737 # Clean evictions (from lower level)
   PUTX: 54819 # Dirty evictions (from lower level)
   INV: 30771 # Invalidates (from upper level)
   INVX: 2 # Downgrades (from upper level)
   FWD: 0 # Forwards (from upper level)
   latGETnl: 51565256 # GET request latency on next level
   latGETnet: 0 # GET request latency on network to next level
  l2-16: # Cache stats
   hGETS: 0 # GETS hits
   hGETX: 0 # GETX hits
   mGETS: 250797 # GETS misses
   mGETXIM: 54933 # GETX I->M misses
   mGETXSM: 6 # GETX S->M misses (upgrade misses)
   PUTS: 249736 # Clean evictions (from lower level)
   PUTX: 54818 # Dirty evictions (from lower level)
   INV: 18634 # Invalidates (from upper level)
   INVX: 2 # Downgrades (from upper level)
   FWD: 0 # Forwards (from upper level)
   latGETnl: 51564786 # GET request latency on next level
   latGETnet: 0 # GET request latency on network to next level
  l2-17: # Cache stats
   hGETS: 0 # GETS hits
   hGETX: 0 # GETX hits
   mGETS: 250798 # GETS misses
   mGETXIM: 54927 # GETX I->M misses
   mGETXSM: 6 # GETX S->M misses (upgrade misses)
   PUTS: 249735 # Clean evictions (from lower level)
   PUTX: 54820 # Dirty evictions (from lower level)
   INV: 18049 # Invalidates (from upper level)
   INVX: 2 # Downgrades (from upper level)
   FWD: 0 # Forwards (from upper level)
   latGETnl: 51565129 # GET request latency on next level
   latGETnet: 0 # GET request latency on network to next level
  l2-18: # Cache stats
   hGETS: 0 # GETS hits
   hGETX: 0 # GETX hits
   mGETS: 250784 # GETS misses
   mGETXIM: 54938 # GETX I->M misses
   mGETXSM: 5 # GETX S->M misses (upgrade misses)
   PUTS: 249734 # Clean evictions (from lower level)
   PUTX: 54817 # Dirty evictions (from lower level)
   INV: 18390 # Invalidates (from upper level)
   INVX: 2 # Downgrades (from upper level)
   FWD: 0 # Forwards (from upper level)
   latGETnl: 51563633 # GET request latency on next level
   latGETnet: 0 # GET request latency on network to next level
  l2-19: # Cache stats
   hGETS: 0 # GETS hits
   hGETX: 0 # GETX hits
   mGETS: 250729 # GETS misses
   mGETXIM: 54891 # GETX I->M misses
   mGETXSM: 10 # GETX S->M misses (upgrade misses)
   PUTS: 249596 # Clean evictions (from lower level)
   PUTX: 54787 # Dirty evictions (from lower level)
   INV: 34635 # Invalidates (from upper level)
   INVX: 3 # Downgrades (from upper level)
   FWD: 0 # Forwards (from upper level)
   latGETnl: 51543090 # GET request latency on next level
   latGETnet: 0 # GET request latency on network to next level
  l2-20: # Cache stats
   hGETS: 0 # GETS hits
   hGETX: 0 # GETX hits
   mGETS: 250788 # GETS misses
   mGETXIM: 54934 # GETX I->M misses
   mGETXSM: 6 # GETX S->M misses (upgrade misses)
   PUTS: 249729 # Clean evictions (from lower level)
   PUTX: 54815 # Dirty evictions (from lower level)
   INV: 17472 # Invalidates (from upper level)
   INVX: 2 # Downgrades (from upper level)
   FWD: 0 # Forwards (from upper level)
   latGETnl: 51563038 # GET request latency on next level
   latGETnet: 0 # GET request latency on network to next level
  l2-21: # Cache stats
   hGETS: 0 # GETS hits
   hGETX: 0 # GETX hits
   mGETS: 250785 # GETS misses
   mGETXIM: 54930 # GETX I->M misses
   mGETXSM: 5 # GETX S->M misses (upgrade misses)
   PUTS: 249727 # Clean evictions (from lower level)
   PUTX: 54817 # Dirty evictions (from lower level)
   INV: 28371 # Invalidates (from upper level)
   INVX: 2 # Downgrades (from upper level)
   FWD: 0 # Forwards (from upper level)
   latGETnl: 51563374 # GET request latency on next level
   latGETnet: 0 # GET request latency on network to next level
  l2-22: # Cache stats
   hGETS: 0 # GETS hits
   hGETX: 0 # GETX hits
   mGETS: 250773 # GETS misses
   mGETXIM: 54929 # GETX I->M misses
   mGETXSM: 8 # GETX S->M misses (upgrade misses)
   PUTS: 249708 # Clean evictions (from lower level)
   PUTX: 54814 # Dirty evictions (from lower level)
   INV: 20317 # Invalidates (from upper level)
   INVX: 7 # Downgrades (from upper level)
   FWD: 0 # Forwards (from upper level)
   latGETnl: 51559788 # GET request latency on next level
   latGETnet: 0 # GET request latency on network to next level
  l2-23: # Cache stats
   hGETS: 0 # GETS hits
   hGETX: 0 # GETX hits
   mGETS: 0 # GETS misses
   mGETXIM: 0 # GETX I->M misses
   mGETXSM: 0 # GETX S->M misses (upgrade misses)
   PUTS: 0 # Clean evictions (from lower level)
   PUTX: 0 # Dirty evictions (from lower level)
   INV: 0 # Invalidates (from upper level)
   INVX: 0 # Downgrades (from upper level)
   FWD: 0 # Forwards (from upper level)
   latGETnl: 0 # GET request latency on next level
   latGETnet: 0 # GET request latency on network to next level
 l3: # Cache stats
  l3-0b0: # Cache stats
   hGETS: 190 # GETS hits
   hGETX: 10 # GETX hits
   mGETS: 239660 # GETS misses
   mGETXIM: 52788 # GETX I->M misses
   mGETXSM: 0 # GETX S->M misses (upgrade misses)
   PUTS: 203193 # Clean evictions (from lower level)
   PUTX: 45210 # Dirty evictions (from lower level)
   INV: 0 # Invalidates (from upper level)
   INVX: 0 # Downgrades (from upper level)
   FWD: 0 # Forwards (from upper level)
   latGETnl: 38603136 # GET request latency on next level
   latGETnet: 0 # GET request latency on network to next level
  l3-0b1: # Cache stats
   hGETS: 281 # GETS hits
   hGETX: 14 # GETX hits
   mGETS: 239660 # GETS misses
   mGETXIM: 52788 # GETX I->M misses
   mGETXSM: 0 # GETX S->M misses (upgrade misses)
   PUTS: 203360 # Clean evictions (from lower level)
   PUTX: 45265 # Dirty evictions (from lower level)
   INV: 0 # Invalidates (from upper level)
   INVX: 0 # Downgrades (from upper level)
   FWD: 0 # Forwards (from upper level)
   latGETnl: 38603136 # GET request latency on next level
   latGETnet: 0 # GET request latency on network to next level
  l3-0b2: # Cache stats
   hGETS: 174 # GETS hits
   hGETX: 77 # GETX hits
   mGETS: 239679 # GETS misses
   mGETXIM: 52580 # GETX I->M misses
   mGETXSM: 0 # GETX S->M misses (upgrade misses)
   PUTS: 203411 # Clean evictions (from lower level)
   PUTX: 45129 # Dirty evictions (from lower level)
   INV: 0 # Invalidates (from upper level)
   INVX: 0 # Downgrades (from upper level)
   FWD: 0 # Forwards (from upper level)
   latGETnl: 38578188 # GET request latency on next level
   latGETnet: 0 # GET request latency on network to next level
  l3-0b3: # Cache stats
   hGETS: 294 # GETS hits
   hGETX: 68 # GETX hits
   mGETS: 239689 # GETS misses
   mGETXIM: 52605 # GETX I->M misses
   mGETXSM: 0 # GETX S->M misses (upgrade misses)
   PUTS: 203453 # Clean evictions (from lower level)
   PUTX: 45172 # Dirty evictions (from lower level)
   INV: 0 # Invalidates (from upper level)
   INVX: 0 # Downgrades (from upper level)
   FWD: 0 # Forwards (from upper level)
   latGETnl: 38582808 # GET request latency on next level
   latGETnet: 0 # GET request latency on network to next level
  l3-0b4: # Cache stats
   hGETS: 652 # GETS hits
   hGETX: 57 # GETX hits
   mGETS: 239673 # GETS misses
   mGETXIM: 52612 # GETX I->M misses
   mGETXSM: 0 # GETX S->M misses (upgrade misses)
   PUTS: 203634 # Clean evictions (from lower level)
   PUTX: 45048 # Dirty evictions (from lower level)
   INV: 0 # Invalidates (from upper level)
   INVX: 0 # Downgrades (from upper level)
   FWD: 0 # Forwards (from upper level)
   latGETnl: 38581620 # GET request latency on next level
   latGETnet: 0 # GET request latency on network to next level
  l3-0b5: # Cache stats
   hGETS: 309 # GETS hits
   hGETX: 59 # GETX hits
   mGETS: 239675 # GETS misses
   mGETXIM: 52732 # GETX I->M misses
   mGETXSM: 0 # GETX S->M misses (upgrade misses)
   PUTS: 203379 # Clean evictions (from lower level)
   PUTX: 45238 # Dirty evictions (from lower level)
   INV: 0 # Invalidates (from upper level)
   INVX: 0 # Downgrades (from upper level)
   FWD: 0 # Forwards (from upper level)
   latGETnl: 38597724 # GET request latency on next level
   latGETnet: 0 # GET request latency on network to next level
  l3-0b6: # Cache stats
   hGETS: 640 # GETS hits
   hGETX: 10 # GETX hits
   mGETS: 239650 # GETS misses
   mGETXIM: 52682 # GETX I->M misses
   mGETXSM: 0 # GETX S->M misses (upgrade misses)
   PUTS: 203612 # Clean evictions (from lower level)
   PUTX: 45196 # Dirty evictions (from lower level)
   INV: 0 # Invalidates (from upper level)
   INVX: 0 # Downgrades (from upper level)
   FWD: 0 # Forwards (from upper level)
   latGETnl: 38587824 # GET request latency on next level
   latGETnet: 0 # GET request latency on network to next level
  l3-0b7: # Cache stats
   hGETS: 620 # GETS hits
   hGETX: 26 # GETX hits
   mGETS: 239657 # GETS misses
   mGETXIM: 52770 # GETX I->M misses
   mGETXSM: 0 # GETX S->M misses (upgrade misses)
   PUTS: 203755 # Clean evictions (from lower level)
   PUTX: 45195 # Dirty evictions (from lower level)
   INV: 0 # Invalidates (from upper level)
   INVX: 0 # Downgrades (from upper level)
   FWD: 0 # Forwards (from upper level)
   latGETnl: 38600364 # GET request latency on next level
   latGETnet: 0 # GET request latency on network to next level
  l3-0b8: # Cache stats
   hGETS: 630 # GETS hits
   hGETX: 18 # GETX hits
   mGETS: 239662 # GETS misses
   mGETXIM: 52516 # GETX I->M misses
   mGETXSM: 0 # GETX S->M misses (upgrade misses)
   PUTS: 203675 # Clean evictions (from lower level)
   PUTX: 44977 # Dirty evictions (from lower level)
   INV: 0 # Invalidates (from upper level)
   INVX: 0 # Downgrades (from upper level)
   FWD: 0 # Forwards (from upper level)
   latGETnl: 38567496 # GET request latency on next level
   latGETnet: 0 # GET request latency on network to next level
  l3-0b9: # Cache stats
   hGETS: 605 # GETS hits
   hGETX: 21 # GETX hits
   mGETS: 239670 # GETS misses
   mGETXIM: 52513 # GETX I->M misses
   mGETXSM: 0 # GETX S->M misses (upgrade misses)
   PUTS: 203886 # Clean evictions (from lower level)
   PUTX: 45007 # Dirty evictions (from lower level)
   INV: 0 # Invalidates (from upper level)
   INVX: 0 # Downgrades (from upper level)
   FWD: 0 # Forwards (from upper level)
   latGETnl: 38568156 # GET request latency on next level
   latGETnet: 0 # GET request latency on network to next level
  l3-0b10: # Cache stats
   hGETS: 1525 # GETS hits
   hGETX: 10 # GETX hits
   mGETS: 239659 # GETS misses
   mGETXIM: 52520 # GETX I->M misses
   mGETXSM: 0 # GETX S->M misses (upgrade misses)
   PUTS: 204495 # Clean evictions (from lower level)
   PUTX: 44977 # Dirty evictions (from lower level)
   INV: 0 # Invalidates (from upper level)
   INVX: 0 # Downgrades (from upper level)
   FWD: 0 # Forwards (from upper level)
   latGETnl: 38567628 # GET request latency on next level
   latGETnet: 0 # GET request latency on network to next level
  l3-0b11: # Cache stats
   hGETS: 659 # GETS hits
   hGETX: 2 # GETX hits
   mGETS: 239658 # GETS misses
   mGETXIM: 52552 # GETX I->M misses
   mGETXSM: 0 # GETX S->M misses (upgrade misses)
   PUTS: 203826 # Clean evictions (from lower level)
   PUTX: 45011 # Dirty evictions (from lower level)
   INV: 0 # Invalidates (from upper level)
   INVX: 0 # Downgrades (from upper level)
   FWD: 0 # Forwards (from upper level)
   latGETnl: 38571720 # GET request latency on next level
   latGETnet: 0 # GET request latency on network to next level
  l3-0b12: # Cache stats
   hGETS: 1214 # GETS hits
   hGETX: 30 # GETX hits
   mGETS: 239676 # GETS misses
   mGETXIM: 52548 # GETX I->M misses
   mGETXSM: 0 # GETX S->M misses (upgrade misses)
   PUTS: 204431 # Clean evictions (from lower level)
   PUTX: 45007 # Dirty evictions (from lower level)
   INV: 0 # Invalidates (from upper level)
   INVX: 0 # Downgrades (from upper level)
   FWD: 0 # Forwards (from upper level)
   latGETnl: 38573568 # GET request latency on next level
   latGETnet: 0 # GET request latency on network to next level
  l3-0b13: # Cache stats
   hGETS: 1102 # GETS hits
   hGETX: 33 # GETX hits
   mGETS: 239675 # GETS misses
   mGETXIM: 52465 # GETX I->M misses
   mGETXSM: 0 # GETX S->M misses (upgrade misses)
   PUTS: 204336 # Clean evictions (from lower level)
   PUTX: 44971 # Dirty evictions (from lower level)
   INV: 0 # Invalidates (from upper level)
   INVX: 0 # Downgrades (from upper level)
   FWD: 0 # Forwards (from upper level)
   latGETnl: 38562480 # GET request latency on next level
   latGETnet: 0 # GET request latency on network to next level
  l3-0b14: # Cache stats
   hGETS: 1165 # GETS hits
   hGETX: 94 # GETX hits
   mGETS: 239686 # GETS misses
   mGETXIM: 52603 # GETX I->M misses
   mGETXSM: 0 # GETX S->M misses (upgrade misses)
   PUTS: 204382 # Clean evictions (from lower level)
   PUTX: 45129 # Dirty evictions (from lower level)
   INV: 0 # Invalidates (from upper level)
   INVX: 0 # Downgrades (from upper level)
   FWD: 0 # Forwards (from upper level)
   latGETnl: 38582148 # GET request latency on next level
   latGETnet: 0 # GET request latency on network to next level
  l3-0b15: # Cache stats
   hGETS: 1152 # GETS hits
   hGETX: 71 # GETX hits
   mGETS: 239690 # GETS misses
   mGETXIM: 52597 # GETX I->M misses
   mGETXSM: 0 # GETX S->M misses (upgrade misses)
   PUTS: 204271 # Clean evictions (from lower level)
   PUTX: 44986 # Dirty evictions (from lower level)
   INV: 0 # Invalidates (from upper level)
   INVX: 0 # Downgrades (from upper level)
   FWD: 0 # Forwards (from upper level)
   latGETnl: 38581884 # GET request latency on next level
   latGETnet: 0 # GET request latency on network to next level
  l3-0b16: # Cache stats
   hGETS: 836 # GETS hits
   hGETX: 28 # GETX hits
   mGETS: 239588 # GETS misses
   mGETXIM: 52552 # GETX I->M misses
   mGETXSM: 0 # GETX S->M misses (upgrade misses)
   PUTS: 203962 # Clean evictions (from lower level)
   PUTX: 45037 # Dirty evictions (from lower level)
   INV: 0 # Invalidates (from upper level)
   INVX: 0 # Downgrades (from upper level)
   FWD: 0 # Forwards (from upper level)
   latGETnl: 38562480 # GET request latency on next level
   latGETnet: 0 # GET request latency on network to next level
  l3-0b17: # Cache stats
   hGETS: 769 # GETS hits
   hGETX: 35 # GETX hits
   mGETS: 239586 # GETS misses
   mGETXIM: 52550 # GETX I->M misses
   mGETXSM: 0 # GETX S->M misses (upgrade misses)
   PUTS: 203715 # Clean evictions (from lower level)
   PUTX: 44947 # Dirty evictions (from lower level)
   INV: 0 # Invalidates (from upper level)
   INVX: 0 # Downgrades (from upper level)
   FWD: 0 # Forwards (from upper level)
   latGETnl: 38561952 # GET request latency on next level
   latGETnet: 0 # GET request latency on network to next level
  l3-0b18: # Cache stats
   hGETS: 829 # GETS hits
   hGETX: 47 # GETX hits
   mGETS: 239584 # GETS misses
   mGETXIM: 52751 # GETX I->M misses
   mGETXSM: 0 # GETX S->M misses (upgrade misses)
   PUTS: 203804 # Clean evictions (from lower level)
   PUTX: 45192 # Dirty evictions (from lower level)
   INV: 0 # Invalidates (from upper level)
   INVX: 0 # Downgrades (from upper level)
   FWD: 0 # Forwards (from upper level)
   latGETnl: 38588220 # GET request latency on next level
   latGETnet: 0 # GET request latency on network to next level
  l3-0b19: # Cache stats
   hGETS: 794 # GETS hits
   hGETX: 55 # GETX hits
   mGETS: 239580 # GETS misses
   mGETXIM: 52704 # GETX I->M misses
   mGETXSM: 0 # GETX S->M misses (upgrade misses)
   PUTS: 203733 # Clean evictions (from lower level)
   PUTX: 45088 # Dirty evictions (from lower level)
   INV: 0 # Invalidates (from upper level)
   INVX: 0 # Downgrades (from upper level)
   FWD: 0 # Forwards (from upper level)
   latGETnl: 38581488 # GET request latency on next level
   latGETnet: 0 # GET request latency on network to next level
  l3-0b20: # Cache stats
   hGETS: 758 # GETS hits
   hGETX: 0 # GETX hits
   mGETS: 239573 # GETS misses
   mGETXIM: 52692 # GETX I->M misses
   mGETXSM: 0 # GETX S->M misses (upgrade misses)
   PUTS: 203828 # Clean evictions (from lower level)
   PUTX: 45238 # Dirty evictions (from lower level)
   INV: 0 # Invalidates (from upper level)
   INVX: 0 # Downgrades (from upper level)
   FWD: 0 # Forwards (from upper level)
   latGETnl: 38578980 # GET request latency on next level
   latGETnet: 0 # GET request latency on network to next level
  l3-0b21: # Cache stats
   hGETS: 828 # GETS hits
   hGETX: 13 # GETX hits
   mGETS: 239588 # GETS misses
   mGETXIM: 52660 # GETX I->M misses
   mGETXSM: 0 # GETX S->M misses (upgrade misses)
   PUTS: 203698 # Clean evictions (from lower level)
   PUTX: 45008 # Dirty evictions (from lower level)
   INV: 0 # Invalidates (from upper level)
   INVX: 0 # Downgrades (from upper level)
   FWD: 0 # Forwards (from upper level)
   latGETnl: 38576736 # GET request latency on next level
   latGETnet: 0 # GET request latency on network to next level
  l3-0b22: # Cache stats
   hGETS: 398 # GETS hits
   hGETX: 40 # GETX hits
   mGETS: 239590 # GETS misses
   mGETXIM: 52566 # GETX I->M misses
   mGETXSM: 0 # GETX S->M misses (upgrade misses)
   PUTS: 203376 # Clean evictions (from lower level)
   PUTX: 45012 # Dirty evictions (from lower level)
   INV: 0 # Invalidates (from upper level)
   INVX: 0 # Downgrades (from upper level)
   FWD: 0 # Forwards (from upper level)
   latGETnl: 38564592 # GET request latency on next level
   latGETnet: 0 # GET request latency on network to next level
  l3-0b23: # Cache stats
   hGETS: 799 # GETS hits
   hGETX: 13 # GETX hits
   mGETS: 239589 # GETS misses
   mGETXIM: 52477 # GETX I->M misses
   mGETXSM: 0 # GETX S->M misses (upgrade misses)
   PUTS: 203825 # Clean evictions (from lower level)
   PUTX: 44921 # Dirty evictions (from lower level)
   INV: 0 # Invalidates (from upper level)
   INVX: 0 # Downgrades (from upper level)
   FWD: 0 # Forwards (from upper level)
   latGETnl: 38552712 # GET request latency on next level
   latGETnet: 0 # GET request latency on network to next level
 mem: # Memory controller stats
  mem-0: # Memory controller stats
   rd: 7014220 # Read requests
   wr: 1166010 # Write requests
   rdlat: 1117405231 # Total latency experienced by read requests
   wrlat: 187672059 # Total latency experienced by write requests
 sched: # Scheduler stats
  thCr: 25 # Threads created
  thFn: 25 # Threads finished
  schedEvs: 28 # Schedule events
  waitEvs: 2 # Wait events
  handoffEvs: 1 # Handoff events
  sleepEvs: 1 # Sleep events
  idlePhases: 0 # Phases with no thread active
  idlePeriods: 0 # Periods with no thread active
  occHist: # Occupancy histogram
   0: 0
   1: 24
   2: 0
   3: 1
   4: 2
   5: 1
   6: 0
   7: 1
   8: 0
   9: 0
   10: 0
   11: 1
   12: 0
   13: 1
   14: 0
   15: 0
   16: 0
   17: 1
   18: 0
   19: 0
   20: 0
   21: 1
   22: 0
   23: 23779
   24: 0
  rqSzHist: # Run queue size histogram
   0: 23789
   1: 23
   2: 0
   3: 0
   4: 0
   5: 0
   6: 0
   7: 0
   8: 0
   9: 0
   10: 0
   11: 0
   12: 0
   13: 0
   14: 0
   15: 0
   16: 0
   17: 0
   18: 0
   19: 0
   20: 0
   21: 0
   22: 0
   23: 0
   24: 0
 procCycles: # Per-process unhalted core cycles
  0: 547028941
  1: 0
  2: 0
  3: 0
  4: 0
  5: 0
  6: 0
  7: 0
  8: 0
  9: 0
  10: 0
  11: 0
  12: 0
  13: 0
  14: 0
  15: 0
  16: 0
  17: 0
  18: 0
  19: 0
  20: 0
  21: 0
  22: 0
  23: 0
  24: 0
  25: 0
  26: 0
  27: 0
  28: 0
  29: 0
  30: 0
  31: 0
  32: 0
  33: 0
  34: 0
  35: 0
  36: 0
  37: 0
  38: 0
  39: 0
  40: 0
  41: 0
  42: 0
  43: 0
  44: 0
  45: 0
  46: 0
  47: 0
  48: 0
  49: 0
  50: 0
  51: 0
  52: 0
  53: 0
  54: 0
  55: 0
  56: 0
  57: 0
  58: 0
  59: 0
  60: 0
  61: 0
  62: 0
  63: 0
 procInstrs: # Per-process instructions
  0: 694014831
  1: 0
  2: 0
  3: 0
  4: 0
  5: 0
  6: 0
  7: 0
  8: 0
  9: 0
  10: 0
  11: 0
  12: 0
  13: 0
  14: 0
  15: 0
  16: 0
  17: 0
  18: 0
  19: 0
  20: 0
  21: 0
  22: 0
  23: 0
  24: 0
  25: 0
  26: 0
  27: 0
  28: 0
  29: 0
  30: 0
  31: 0
  32: 0
  33: 0
  34: 0
  35: 0
  36: 0
  37: 0
  38: 0
  39: 0
  40: 0
  41: 0
  42: 0
  43: 0
  44: 0
  45: 0
  46: 0
  47: 0
  48: 0
  49: 0
  50: 0
  51: 0
  52: 0
  53: 0
  54: 0
  55: 0
  56: 0
  57: 0
  58: 0
  59: 0
  60: 0
  61: 0
  62: 0
  63: 0
 heartbeats: # Per-process heartbeats
  0: 0
  1: 0
  2: 0
  3: 0
  4: 0
  5: 0
  6: 0
  7: 0
  8: 0
  9: 0
  10: 0
  11: 0
  12: 0
  13: 0
  14: 0
  15: 0
  16: 0
  17: 0
  18: 0
  19: 0
  20: 0
  21: 0
  22: 0
  23: 0
  24: 0
  25: 0
  26: 0
  27: 0
  28: 0
  29: 0
  30: 0
  31: 0
  32: 0
  33: 0
  34: 0
  35: 0
  36: 0
  37: 0
  38: 0
  39: 0
  40: 0
  41: 0
  42: 0
  43: 0
  44: 0
  45: 0
  46: 0
  47: 0
  48: 0
  49: 0
  50: 0
  51: 0
  52: 0
  53: 0
  54: 0
  55: 0
  56: 0
  57: 0
  58: 0
  59: 0
  60: 0
  61: 0
  62: 0
  63: 0
===
