# zsim stats
===
root: # Stats
 contention: # Contention simulation stats
  domain-0: # Domain stats
   time: 13158517897 # Weave simulation time
 time: # Simulator time breakdown
  init: 3183716118
  bound: 112256834872
  weave: 19907201504
  ff: 2715926
 trigger: 20000 # Reason for this stats dump
 phase: 132225 # Simulated phases
 reqCycles: 0 # Requeue Cycles
 skylake: # Core stats
  skylake-0: # Core stats
   cycles: 132225327 # Simulated unhalted cycles
   cCycles: 1540041 # Cycles due to contention stalls
   instrs: 194253687 # Simulated instructions
   uops: 131390640 # issued micro-ops
   bbls: 64189428 # Basic blocks
   approxInstrs: 975092 # Instrs with approx uop decoding
   mispredBranches: 141839 # Mispredicted branches
   IdqNotDelivered: 130685286 # Stalls no uop delivered when no Bkend Stall
   IntMiscRecoveryCycles: 1149651 # Stalls waiting machine clears
   uops executed: 132006993 # Executed microoperations
  skylake-1: # Core stats
   cycles: 132189032 # Simulated unhalted cycles
   cCycles: 1540035 # Cycles due to contention stalls
   instrs: 194252550 # Simulated instructions
   uops: 131389361 # issued micro-ops
   bbls: 64189216 # Basic blocks
   approxInstrs: 975091 # Instrs with approx uop decoding
   mispredBranches: 141803 # Mispredicted branches
   IdqNotDelivered: 130648997 # Stalls no uop delivered when no Bkend Stall
   IntMiscRecoveryCycles: 1139903 # Stalls waiting machine clears
   uops executed: 132005757 # Executed microoperations
  skylake-2: # Core stats
   cycles: 132187648 # Simulated unhalted cycles
   cCycles: 1540034 # Cycles due to contention stalls
   instrs: 194250359 # Simulated instructions
   uops: 131387633 # issued micro-ops
   bbls: 64188563 # Basic blocks
   approxInstrs: 975081 # Instrs with approx uop decoding
   mispredBranches: 141805 # Mispredicted branches
   IdqNotDelivered: 130647614 # Stalls no uop delivered when no Bkend Stall
   IntMiscRecoveryCycles: 1142885 # Stalls waiting machine clears
   uops executed: 132004034 # Executed microoperations
  skylake-3: # Core stats
   cycles: 132187067 # Simulated unhalted cycles
   cCycles: 1540033 # Cycles due to contention stalls
   instrs: 194252320 # Simulated instructions
   uops: 131389094 # issued micro-ops
   bbls: 64189169 # Basic blocks
   approxInstrs: 975089 # Instrs with approx uop decoding
   mispredBranches: 141803 # Mispredicted branches
   IdqNotDelivered: 130647034 # Stalls no uop delivered when no Bkend Stall
   IntMiscRecoveryCycles: 1141393 # Stalls waiting machine clears
   uops executed: 132005490 # Executed microoperations
  skylake-4: # Core stats
   cycles: 132185577 # Simulated unhalted cycles
   cCycles: 1540042 # Cycles due to contention stalls
   instrs: 194252357 # Simulated instructions
   uops: 131389140 # issued micro-ops
   bbls: 64189180 # Basic blocks
   approxInstrs: 975090 # Instrs with approx uop decoding
   mispredBranches: 141805 # Mispredicted branches
   IdqNotDelivered: 130645535 # Stalls no uop delivered when no Bkend Stall
   IntMiscRecoveryCycles: 1141538 # Stalls waiting machine clears
   uops executed: 132005508 # Executed microoperations
  skylake-5: # Core stats
   cycles: 132184014 # Simulated unhalted cycles
   cCycles: 1540041 # Cycles due to contention stalls
   instrs: 194251770 # Simulated instructions
   uops: 131388720 # issued micro-ops
   bbls: 64188987 # Basic blocks
   approxInstrs: 975088 # Instrs with approx uop decoding
   mispredBranches: 141801 # Mispredicted branches
   IdqNotDelivered: 130643973 # Stalls no uop delivered when no Bkend Stall
   IntMiscRecoveryCycles: 1140412 # Stalls waiting machine clears
   uops executed: 132005108 # Executed microoperations
  skylake-6: # Core stats
   cycles: 132183013 # Simulated unhalted cycles
   cCycles: 1540037 # Cycles due to contention stalls
   instrs: 194251048 # Simulated instructions
   uops: 131388230 # issued micro-ops
   bbls: 64188748 # Basic blocks
   approxInstrs: 975087 # Instrs with approx uop decoding
   mispredBranches: 141802 # Mispredicted branches
   IdqNotDelivered: 130642976 # Stalls no uop delivered when no Bkend Stall
   IntMiscRecoveryCycles: 1140467 # Stalls waiting machine clears
   uops executed: 132004614 # Executed microoperations
  skylake-7: # Core stats
   cycles: 132183126 # Simulated unhalted cycles
   cCycles: 1540042 # Cycles due to contention stalls
   instrs: 194251694 # Simulated instructions
   uops: 131388350 # issued micro-ops
   bbls: 64189036 # Basic blocks
   approxInstrs: 975084 # Instrs with approx uop decoding
   mispredBranches: 141798 # Mispredicted branches
   IdqNotDelivered: 130643084 # Stalls no uop delivered when no Bkend Stall
   IntMiscRecoveryCycles: 1141819 # Stalls waiting machine clears
   uops executed: 132004729 # Executed microoperations
  skylake-8: # Core stats
   cycles: 132182074 # Simulated unhalted cycles
   cCycles: 1540038 # Cycles due to contention stalls
   instrs: 194251689 # Simulated instructions
   uops: 131388344 # issued micro-ops
   bbls: 64189035 # Basic blocks
   approxInstrs: 975084 # Instrs with approx uop decoding
   mispredBranches: 141798 # Mispredicted branches
   IdqNotDelivered: 130642036 # Stalls no uop delivered when no Bkend Stall
   IntMiscRecoveryCycles: 1141585 # Stalls waiting machine clears
   uops executed: 132004722 # Executed microoperations
  skylake-9: # Core stats
   cycles: 132181834 # Simulated unhalted cycles
   cCycles: 1540043 # Cycles due to contention stalls
   instrs: 194251694 # Simulated instructions
   uops: 131388350 # issued micro-ops
   bbls: 64189036 # Basic blocks
   approxInstrs: 975084 # Instrs with approx uop decoding
   mispredBranches: 141798 # Mispredicted branches
   IdqNotDelivered: 130641791 # Stalls no uop delivered when no Bkend Stall
   IntMiscRecoveryCycles: 1141775 # Stalls waiting machine clears
   uops executed: 132004729 # Executed microoperations
  skylake-10: # Core stats
   cycles: 132181827 # Simulated unhalted cycles
   cCycles: 1540039 # Cycles due to contention stalls
   instrs: 194251695 # Simulated instructions
   uops: 131388352 # issued micro-ops
   bbls: 64189037 # Basic blocks
   approxInstrs: 975084 # Instrs with approx uop decoding
   mispredBranches: 141798 # Mispredicted branches
   IdqNotDelivered: 130641788 # Stalls no uop delivered when no Bkend Stall
   IntMiscRecoveryCycles: 1141842 # Stalls waiting machine clears
   uops executed: 132004731 # Executed microoperations
  skylake-11: # Core stats
   cycles: 132181798 # Simulated unhalted cycles
   cCycles: 1540031 # Cycles due to contention stalls
   instrs: 194251999 # Simulated instructions
   uops: 131388847 # issued micro-ops
   bbls: 64188982 # Basic blocks
   approxInstrs: 975085 # Instrs with approx uop decoding
   mispredBranches: 141802 # Mispredicted branches
   IdqNotDelivered: 130641767 # Stalls no uop delivered when no Bkend Stall
   IntMiscRecoveryCycles: 1141915 # Stalls waiting machine clears
   uops executed: 132005274 # Executed microoperations
  skylake-12: # Core stats
   cycles: 132181153 # Simulated unhalted cycles
   cCycles: 1540032 # Cycles due to contention stalls
   instrs: 194251694 # Simulated instructions
   uops: 131388347 # issued micro-ops
   bbls: 64189037 # Basic blocks
   approxInstrs: 975083 # Instrs with approx uop decoding
   mispredBranches: 141793 # Mispredicted branches
   IdqNotDelivered: 130641121 # Stalls no uop delivered when no Bkend Stall
   IntMiscRecoveryCycles: 1141043 # Stalls waiting machine clears
   uops executed: 132004753 # Executed microoperations
  skylake-13: # Core stats
   cycles: 132180798 # Simulated unhalted cycles
   cCycles: 1540041 # Cycles due to contention stalls
   instrs: 194251223 # Simulated instructions
   uops: 131388021 # issued micro-ops
   bbls: 64188881 # Basic blocks
   approxInstrs: 975082 # Instrs with approx uop decoding
   mispredBranches: 141795 # Mispredicted branches
   IdqNotDelivered: 130640757 # Stalls no uop delivered when no Bkend Stall
   IntMiscRecoveryCycles: 1140773 # Stalls waiting machine clears
   uops executed: 132004413 # Executed microoperations
  skylake-14: # Core stats
   cycles: 132180035 # Simulated unhalted cycles
   cCycles: 1540052 # Cycles due to contention stalls
   instrs: 194251708 # Simulated instructions
   uops: 131388369 # issued micro-ops
   bbls: 64189042 # Basic blocks
   approxInstrs: 975084 # Instrs with approx uop decoding
   mispredBranches: 141798 # Mispredicted branches
   IdqNotDelivered: 130639983 # Stalls no uop delivered when no Bkend Stall
   IntMiscRecoveryCycles: 1141523 # Stalls waiting machine clears
   uops executed: 132004749 # Executed microoperations
  skylake-15: # Core stats
   cycles: 132179885 # Simulated unhalted cycles
   cCycles: 1540037 # Cycles due to contention stalls
   instrs: 194251720 # Simulated instructions
   uops: 131388381 # issued micro-ops
   bbls: 64189044 # Basic blocks
   approxInstrs: 975084 # Instrs with approx uop decoding
   mispredBranches: 141799 # Mispredicted branches
   IdqNotDelivered: 130639848 # Stalls no uop delivered when no Bkend Stall
   IntMiscRecoveryCycles: 1140795 # Stalls waiting machine clears
   uops executed: 132004753 # Executed microoperations
  skylake-16: # Core stats
   cycles: 132179799 # Simulated unhalted cycles
   cCycles: 1540043 # Cycles due to contention stalls
   instrs: 194222979 # Simulated instructions
   uops: 131370966 # issued micro-ops
   bbls: 64178812 # Basic blocks
   approxInstrs: 974915 # Instrs with approx uop decoding
   mispredBranches: 141876 # Mispredicted branches
   IdqNotDelivered: 130639756 # Stalls no uop delivered when no Bkend Stall
   IntMiscRecoveryCycles: 1144575 # Stalls waiting machine clears
   uops executed: 131987419 # Executed microoperations
  skylake-17: # Core stats
   cycles: 132179985 # Simulated unhalted cycles
   cCycles: 1540045 # Cycles due to contention stalls
   instrs: 194251699 # Simulated instructions
   uops: 131388357 # issued micro-ops
   bbls: 64189038 # Basic blocks
   approxInstrs: 975084 # Instrs with approx uop decoding
   mispredBranches: 141798 # Mispredicted branches
   IdqNotDelivered: 130639940 # Stalls no uop delivered when no Bkend Stall
   IntMiscRecoveryCycles: 1140828 # Stalls waiting machine clears
   uops executed: 132004736 # Executed microoperations
  skylake-18: # Core stats
   cycles: 132179292 # Simulated unhalted cycles
   cCycles: 1540053 # Cycles due to contention stalls
   instrs: 194251663 # Simulated instructions
   uops: 131388310 # issued micro-ops
   bbls: 64189028 # Basic blocks
   approxInstrs: 975083 # Instrs with approx uop decoding
   mispredBranches: 141792 # Mispredicted branches
   IdqNotDelivered: 130639239 # Stalls no uop delivered when no Bkend Stall
   IntMiscRecoveryCycles: 1140493 # Stalls waiting machine clears
   uops executed: 132004722 # Executed microoperations
  skylake-19: # Core stats
   cycles: 132179008 # Simulated unhalted cycles
   cCycles: 1540034 # Cycles due to contention stalls
   instrs: 194251689 # Simulated instructions
   uops: 131388344 # issued micro-ops
   bbls: 64189035 # Basic blocks
   approxInstrs: 975084 # Instrs with approx uop decoding
   mispredBranches: 141798 # Mispredicted branches
   IdqNotDelivered: 130638974 # Stalls no uop delivered when no Bkend Stall
   IntMiscRecoveryCycles: 1140652 # Stalls waiting machine clears
   uops executed: 132004722 # Executed microoperations
  skylake-20: # Core stats
   cycles: 132178799 # Simulated unhalted cycles
   cCycles: 1540028 # Cycles due to contention stalls
   instrs: 194251292 # Simulated instructions
   uops: 131388067 # issued micro-ops
   bbls: 64188904 # Basic blocks
   approxInstrs: 975082 # Instrs with approx uop decoding
   mispredBranches: 141795 # Mispredicted branches
   IdqNotDelivered: 130638771 # Stalls no uop delivered when no Bkend Stall
   IntMiscRecoveryCycles: 1140783 # Stalls waiting machine clears
   uops executed: 132004459 # Executed microoperations
  skylake-21: # Core stats
   cycles: 132177798 # Simulated unhalted cycles
   cCycles: 1540032 # Cycles due to contention stalls
   instrs: 194250085 # Simulated instructions
   uops: 131387252 # issued micro-ops
   bbls: 64188505 # Basic blocks
   approxInstrs: 975077 # Instrs with approx uop decoding
   mispredBranches: 141794 # Mispredicted branches
   IdqNotDelivered: 130637766 # Stalls no uop delivered when no Bkend Stall
   IntMiscRecoveryCycles: 1140775 # Stalls waiting machine clears
   uops executed: 132003642 # Executed microoperations
  skylake-22: # Core stats
   cycles: 132177798 # Simulated unhalted cycles
   cCycles: 1540042 # Cycles due to contention stalls
   instrs: 194250740 # Simulated instructions
   uops: 131387699 # issued micro-ops
   bbls: 64188720 # Basic blocks
   approxInstrs: 975082 # Instrs with approx uop decoding
   mispredBranches: 141793 # Mispredicted branches
   IdqNotDelivered: 130637756 # Stalls no uop delivered when no Bkend Stall
   IntMiscRecoveryCycles: 1140393 # Stalls waiting machine clears
   uops executed: 132004098 # Executed microoperations
  skylake-23: # Core stats
   cycles: 0 # Simulated unhalted cycles
   cCycles: 0 # Cycles due to contention stalls
   instrs: 0 # Simulated instructions
   uops: 0 # issued micro-ops
   bbls: 0 # Basic blocks
   approxInstrs: 0 # Instrs with approx uop decoding
   mispredBranches: 0 # Mispredicted branches
   IdqNotDelivered: 0 # Stalls no uop delivered when no Bkend Stall
   IntMiscRecoveryCycles: 0 # Stalls waiting machine clears
   uops executed: 0 # Executed microoperations
 l1d: # Cache stats
  l1d-0: # Filter cache stats
   fhGETS: 929845 # Filtered GETS hits
   fhGETX: 557625 # Filtered GETX hits
   hGETS: 171483 # GETS hits
   hGETX: 176369 # GETX hits
   mGETS: 250271 # GETS misses
   mGETXIM: 166785 # GETX I->M misses
   mGETXSM: 6 # GETX S->M misses (upgrade misses)
   PUTS: 0 # Clean evictions (from lower level)
   PUTX: 0 # Dirty evictions (from lower level)
   INV: 112 # Invalidates (from upper level)
   INVX: 93 # Downgrades (from upper level)
   FWD: 0 # Forwards (from upper level)
   latGETnl: 113402613 # GET request latency on next level
   latGETnet: 0 # GET request latency on network to next level
  l1d-1: # Filter cache stats
   fhGETS: 929583 # Filtered GETS hits
   fhGETX: 557458 # Filtered GETX hits
   hGETS: 171405 # GETS hits
   hGETX: 176339 # GETX hits
   mGETS: 250230 # GETS misses
   mGETXIM: 166751 # GETX I->M misses
   mGETXSM: 8 # GETX S->M misses (upgrade misses)
   PUTS: 0 # Clean evictions (from lower level)
   PUTX: 0 # Dirty evictions (from lower level)
   INV: 101 # Invalidates (from upper level)
   INVX: 24 # Downgrades (from upper level)
   FWD: 0 # Forwards (from upper level)
   latGETnl: 113372603 # GET request latency on next level
   latGETnet: 0 # GET request latency on network to next level
  l1d-2: # Filter cache stats
   fhGETS: 929453 # Filtered GETS hits
   fhGETX: 557388 # Filtered GETX hits
   hGETS: 171375 # GETS hits
   hGETX: 176318 # GETX hits
   mGETS: 250217 # GETS misses
   mGETXIM: 166746 # GETX I->M misses
   mGETXSM: 5 # GETX S->M misses (upgrade misses)
   PUTS: 0 # Clean evictions (from lower level)
   PUTX: 0 # Dirty evictions (from lower level)
   INV: 80 # Invalidates (from upper level)
   INVX: 6 # Downgrades (from upper level)
   FWD: 0 # Forwards (from upper level)
   latGETnl: 113369381 # GET request latency on next level
   latGETnet: 0 # GET request latency on network to next level
  l1d-3: # Filter cache stats
   fhGETS: 929510 # Filtered GETS hits
   fhGETX: 557413 # Filtered GETX hits
   hGETS: 171413 # GETS hits
   hGETX: 176351 # GETX hits
   mGETS: 250228 # GETS misses
   mGETXIM: 166745 # GETX I->M misses
   mGETXSM: 8 # GETX S->M misses (upgrade misses)
   PUTS: 0 # Clean evictions (from lower level)
   PUTX: 0 # Dirty evictions (from lower level)
   INV: 93 # Invalidates (from upper level)
   INVX: 21 # Downgrades (from upper level)
   FWD: 0 # Forwards (from upper level)
   latGETnl: 113372395 # GET request latency on next level
   latGETnet: 0 # GET request latency on network to next level
  l1d-4: # Filter cache stats
   fhGETS: 929520 # Filtered GETS hits
   fhGETX: 557416 # Filtered GETX hits
   hGETS: 171416 # GETS hits
   hGETX: 176340 # GETX hits
   mGETS: 250227 # GETS misses
   mGETXIM: 166757 # GETX I->M misses
   mGETXSM: 9 # GETX S->M misses (upgrade misses)
   PUTS: 0 # Clean evictions (from lower level)
   PUTX: 0 # Dirty evictions (from lower level)
   INV: 100 # Invalidates (from upper level)
   INVX: 23 # Downgrades (from upper level)
   FWD: 0 # Forwards (from upper level)
   latGETnl: 113370527 # GET request latency on next level
   latGETnet: 0 # GET request latency on network to next level
  l1d-5: # Filter cache stats
   fhGETS: 929520 # Filtered GETS hits
   fhGETX: 557432 # Filtered GETX hits
   hGETS: 171399 # GETS hits
   hGETX: 176324 # GETX hits
   mGETS: 250223 # GETS misses
   mGETXIM: 166752 # GETX I->M misses
   mGETXSM: 9 # GETX S->M misses (upgrade misses)
   PUTS: 0 # Clean evictions (from lower level)
   PUTX: 0 # Dirty evictions (from lower level)
   INV: 98 # Invalidates (from upper level)
   INVX: 18 # Downgrades (from upper level)
   FWD: 0 # Forwards (from upper level)
   latGETnl: 113370062 # GET request latency on next level
   latGETnet: 0 # GET request latency on network to next level
  l1d-6: # Filter cache stats
   fhGETS: 929507 # Filtered GETS hits
   fhGETX: 557422 # Filtered GETX hits
   hGETS: 171411 # GETS hits
   hGETX: 176331 # GETX hits
   mGETS: 250220 # GETS misses
   mGETXIM: 166752 # GETX I->M misses
   mGETXSM: 8 # GETX S->M misses (upgrade misses)
   PUTS: 0 # Clean evictions (from lower level)
   PUTX: 0 # Dirty evictions (from lower level)
   INV: 97 # Invalidates (from upper level)
   INVX: 18 # Downgrades (from upper level)
   FWD: 0 # Forwards (from upper level)
   latGETnl: 113369565 # GET request latency on next level
   latGETnet: 0 # GET request latency on network to next level
  l1d-7: # Filter cache stats
   fhGETS: 929364 # Filtered GETS hits
   fhGETX: 557333 # Filtered GETX hits
   hGETS: 171389 # GETS hits
   hGETX: 176325 # GETX hits
   mGETS: 250207 # GETS misses
   mGETXIM: 166740 # GETX I->M misses
   mGETXSM: 5 # GETX S->M misses (upgrade misses)
   PUTS: 0 # Clean evictions (from lower level)
   PUTX: 0 # Dirty evictions (from lower level)
   INV: 79 # Invalidates (from upper level)
   INVX: 3 # Downgrades (from upper level)
   FWD: 0 # Forwards (from upper level)
   latGETnl: 113365366 # GET request latency on next level
   latGETnet: 0 # GET request latency on network to next level
  l1d-8: # Filter cache stats
   fhGETS: 929356 # Filtered GETS hits
   fhGETX: 557341 # Filtered GETX hits
   hGETS: 171397 # GETS hits
   hGETX: 176314 # GETX hits
   mGETS: 250206 # GETS misses
   mGETXIM: 166742 # GETX I->M misses
   mGETXSM: 5 # GETX S->M misses (upgrade misses)
   PUTS: 0 # Clean evictions (from lower level)
   PUTX: 0 # Dirty evictions (from lower level)
   INV: 80 # Invalidates (from upper level)
   INVX: 25 # Downgrades (from upper level)
   FWD: 0 # Forwards (from upper level)
   latGETnl: 113370475 # GET request latency on next level
   latGETnet: 0 # GET request latency on network to next level
  l1d-9: # Filter cache stats
   fhGETS: 929362 # Filtered GETS hits
   fhGETX: 557334 # Filtered GETX hits
   hGETS: 171392 # GETS hits
   hGETX: 176321 # GETX hits
   mGETS: 250206 # GETS misses
   mGETXIM: 166743 # GETX I->M misses
   mGETXSM: 5 # GETX S->M misses (upgrade misses)
   PUTS: 0 # Clean evictions (from lower level)
   PUTX: 0 # Dirty evictions (from lower level)
   INV: 83 # Invalidates (from upper level)
   INVX: 14 # Downgrades (from upper level)
   FWD: 0 # Forwards (from upper level)
   latGETnl: 113367583 # GET request latency on next level
   latGETnet: 0 # GET request latency on network to next level
  l1d-10: # Filter cache stats
   fhGETS: 929378 # Filtered GETS hits
   fhGETX: 557336 # Filtered GETX hits
   hGETS: 171377 # GETS hits
   hGETX: 176320 # GETX hits
   mGETS: 250206 # GETS misses
   mGETXIM: 166742 # GETX I->M misses
   mGETXSM: 5 # GETX S->M misses (upgrade misses)
   PUTS: 0 # Clean evictions (from lower level)
   PUTX: 0 # Dirty evictions (from lower level)
   INV: 80 # Invalidates (from upper level)
   INVX: 9 # Downgrades (from upper level)
   FWD: 0 # Forwards (from upper level)
   latGETnl: 113367072 # GET request latency on next level
   latGETnet: 0 # GET request latency on network to next level
  l1d-11: # Filter cache stats
   fhGETS: 929533 # Filtered GETS hits
   fhGETX: 557450 # Filtered GETX hits
   hGETS: 171429 # GETS hits
   hGETX: 176316 # GETX hits
   mGETS: 250220 # GETS misses
   mGETXIM: 166768 # GETX I->M misses
   mGETXSM: 10 # GETX S->M misses (upgrade misses)
   PUTS: 0 # Clean evictions (from lower level)
   PUTX: 0 # Dirty evictions (from lower level)
   INV: 96 # Invalidates (from upper level)
   INVX: 20 # Downgrades (from upper level)
   FWD: 0 # Forwards (from upper level)
   latGETnl: 113375009 # GET request latency on next level
   latGETnet: 0 # GET request latency on network to next level
  l1d-12: # Filter cache stats
   fhGETS: 929371 # Filtered GETS hits
   fhGETX: 557343 # Filtered GETX hits
   hGETS: 171385 # GETS hits
   hGETX: 176309 # GETX hits
   mGETS: 250208 # GETS misses
   mGETXIM: 166745 # GETX I->M misses
   mGETXSM: 4 # GETX S->M misses (upgrade misses)
   PUTS: 0 # Clean evictions (from lower level)
   PUTX: 0 # Dirty evictions (from lower level)
   INV: 80 # Invalidates (from upper level)
   INVX: 16 # Downgrades (from upper level)
   FWD: 0 # Forwards (from upper level)
   latGETnl: 113368019 # GET request latency on next level
   latGETnet: 0 # GET request latency on network to next level
  l1d-13: # Filter cache stats
   fhGETS: 929357 # Filtered GETS hits
   fhGETX: 557336 # Filtered GETX hits
   hGETS: 171381 # GETS hits
   hGETX: 176330 # GETX hits
   mGETS: 250211 # GETS misses
   mGETXIM: 166730 # GETX I->M misses
   mGETXSM: 5 # GETX S->M misses (upgrade misses)
   PUTS: 0 # Clean evictions (from lower level)
   PUTX: 0 # Dirty evictions (from lower level)
   INV: 76 # Invalidates (from upper level)
   INVX: 13 # Downgrades (from upper level)
   FWD: 0 # Forwards (from upper level)
   latGETnl: 113368445 # GET request latency on next level
   latGETnet: 0 # GET request latency on network to next level
  l1d-14: # Filter cache stats
   fhGETS: 929377 # Filtered GETS hits
   fhGETX: 557333 # Filtered GETX hits
   hGETS: 171380 # GETS hits
   hGETX: 176324 # GETX hits
   mGETS: 250209 # GETS misses
   mGETXIM: 166742 # GETX I->M misses
   mGETXSM: 5 # GETX S->M misses (upgrade misses)
   PUTS: 0 # Clean evictions (from lower level)
   PUTX: 0 # Dirty evictions (from lower level)
   INV: 80 # Invalidates (from upper level)
   INVX: 2 # Downgrades (from upper level)
   FWD: 0 # Forwards (from upper level)
   latGETnl: 113365006 # GET request latency on next level
   latGETnet: 0 # GET request latency on network to next level
  l1d-15: # Filter cache stats
   fhGETS: 929365 # Filtered GETS hits
   fhGETX: 557332 # Filtered GETX hits
   hGETS: 171397 # GETS hits
   hGETX: 176323 # GETX hits
   mGETS: 250208 # GETS misses
   mGETXIM: 166746 # GETX I->M misses
   mGETXSM: 5 # GETX S->M misses (upgrade misses)
   PUTS: 0 # Clean evictions (from lower level)
   PUTX: 0 # Dirty evictions (from lower level)
   INV: 81 # Invalidates (from upper level)
   INVX: 3 # Downgrades (from upper level)
   FWD: 0 # Forwards (from upper level)
   latGETnl: 113364683 # GET request latency on next level
   latGETnet: 0 # GET request latency on network to next level
  l1d-16: # Filter cache stats
   fhGETS: 930676 # Filtered GETS hits
   fhGETX: 557812 # Filtered GETX hits
   hGETS: 171714 # GETS hits
   hGETX: 176376 # GETX hits
   mGETS: 250236 # GETS misses
   mGETXIM: 166726 # GETX I->M misses
   mGETXSM: 14 # GETX S->M misses (upgrade misses)
   PUTS: 0 # Clean evictions (from lower level)
   PUTX: 0 # Dirty evictions (from lower level)
   INV: 81 # Invalidates (from upper level)
   INVX: 2 # Downgrades (from upper level)
   FWD: 0 # Forwards (from upper level)
   latGETnl: 113361978 # GET request latency on next level
   latGETnet: 0 # GET request latency on network to next level
  l1d-17: # Filter cache stats
   fhGETS: 929369 # Filtered GETS hits
   fhGETX: 557334 # Filtered GETX hits
   hGETS: 171383 # GETS hits
   hGETX: 176325 # GETX hits
   mGETS: 250211 # GETS misses
   mGETXIM: 166737 # GETX I->M misses
   mGETXSM: 7 # GETX S->M misses (upgrade misses)
   PUTS: 0 # Clean evictions (from lower level)
   PUTX: 0 # Dirty evictions (from lower level)
   INV: 78 # Invalidates (from upper level)
   INVX: 11 # Downgrades (from upper level)
   FWD: 0 # Forwards (from upper level)
   latGETnl: 113367490 # GET request latency on next level
   latGETnet: 0 # GET request latency on network to next level
  l1d-18: # Filter cache stats
   fhGETS: 929373 # Filtered GETS hits
   fhGETX: 557333 # Filtered GETX hits
   hGETS: 171376 # GETS hits
   hGETX: 176315 # GETX hits
   mGETS: 250204 # GETS misses
   mGETXIM: 166745 # GETX I->M misses
   mGETXSM: 4 # GETX S->M misses (upgrade misses)
   PUTS: 0 # Clean evictions (from lower level)
   PUTX: 0 # Dirty evictions (from lower level)
   INV: 81 # Invalidates (from upper level)
   INVX: 1 # Downgrades (from upper level)
   FWD: 0 # Forwards (from upper level)
   latGETnl: 113364570 # GET request latency on next level
   latGETnet: 0 # GET request latency on network to next level
  l1d-19: # Filter cache stats
   fhGETS: 929373 # Filtered GETS hits
   fhGETX: 557340 # Filtered GETX hits
   hGETS: 171377 # GETS hits
   hGETX: 176319 # GETX hits
   mGETS: 250209 # GETS misses
   mGETXIM: 166737 # GETX I->M misses
   mGETXSM: 6 # GETX S->M misses (upgrade misses)
   PUTS: 0 # Clean evictions (from lower level)
   PUTX: 0 # Dirty evictions (from lower level)
   INV: 79 # Invalidates (from upper level)
   INVX: 2 # Downgrades (from upper level)
   FWD: 0 # Forwards (from upper level)
   latGETnl: 113365254 # GET request latency on next level
   latGETnet: 0 # GET request latency on network to next level
  l1d-20: # Filter cache stats
   fhGETS: 929346 # Filtered GETS hits
   fhGETX: 557327 # Filtered GETX hits
   hGETS: 171399 # GETS hits
   hGETX: 176324 # GETX hits
   mGETS: 250204 # GETS misses
   mGETXIM: 166744 # GETX I->M misses
   mGETXSM: 6 # GETX S->M misses (upgrade misses)
   PUTS: 0 # Clean evictions (from lower level)
   PUTX: 0 # Dirty evictions (from lower level)
   INV: 82 # Invalidates (from upper level)
   INVX: 2 # Downgrades (from upper level)
   FWD: 0 # Forwards (from upper level)
   latGETnl: 113364223 # GET request latency on next level
   latGETnet: 0 # GET request latency on network to next level
  l1d-21: # Filter cache stats
   fhGETS: 929360 # Filtered GETS hits
   fhGETX: 557331 # Filtered GETX hits
   hGETS: 171376 # GETS hits
   hGETX: 176321 # GETX hits
   mGETS: 250203 # GETS misses
   mGETXIM: 166740 # GETX I->M misses
   mGETXSM: 5 # GETX S->M misses (upgrade misses)
   PUTS: 0 # Clean evictions (from lower level)
   PUTX: 0 # Dirty evictions (from lower level)
   INV: 79 # Invalidates (from upper level)
   INVX: 3 # Downgrades (from upper level)
   FWD: 0 # Forwards (from upper level)
   latGETnl: 113363913 # GET request latency on next level
   latGETnet: 0 # GET request latency on network to next level
  l1d-22: # Filter cache stats
   fhGETS: 929366 # Filtered GETS hits
   fhGETX: 557336 # Filtered GETX hits
   hGETS: 171380 # GETS hits
   hGETX: 176316 # GETX hits
   mGETS: 250203 # GETS misses
   mGETXIM: 166743 # GETX I->M misses
   mGETXSM: 6 # GETX S->M misses (upgrade misses)
   PUTS: 0 # Clean evictions (from lower level)
   PUTX: 0 # Dirty evictions (from lower level)
   INV: 81 # Invalidates (from upper level)
   INVX: 2 # Downgrades (from upper level)
   FWD: 0 # Forwards (from upper level)
   latGETnl: 113364354 # GET request latency on next level
   latGETnet: 0 # GET request latency on network to next level
  l1d-23: # Filter cache stats
   fhGETS: 0 # Filtered GETS hits
   fhGETX: 0 # Filtered GETX hits
   hGETS: 0 # GETS hits
   hGETX: 0 # GETX hits
   mGETS: 0 # GETS misses
   mGETXIM: 0 # GETX I->M misses
   mGETXSM: 0 # GETX S->M misses (upgrade misses)
   PUTS: 0 # Clean evictions (from lower level)
   PUTX: 0 # Dirty evictions (from lower level)
   INV: 0 # Invalidates (from upper level)
   INVX: 0 # Downgrades (from upper level)
   FWD: 0 # Forwards (from upper level)
   latGETnl: 0 # GET request latency on next level
   latGETnet: 0 # GET request latency on network to next level
 l1i: # Cache stats
  l1i-0: # Filter cache stats
   fhGETS: 64997318 # Filtered GETS hits
   fhGETX: 0 # Filtered GETX hits
   hGETS: 16684 # GETS hits
   hGETX: 0 # GETX hits
   mGETS: 923 # GETS misses
   mGETXIM: 0 # GETX I->M misses
   mGETXSM: 0 # GETX S->M misses (upgrade misses)
   PUTS: 0 # Clean evictions (from lower level)
   PUTX: 0 # Dirty evictions (from lower level)
   INV: 893 # Invalidates (from upper level)
   INVX: 0 # Downgrades (from upper level)
   FWD: 0 # Forwards (from upper level)
   latGETnl: 83206 # GET request latency on next level
   latGETnet: 0 # GET request latency on network to next level
  l1i-1: # Filter cache stats
   fhGETS: 64997158 # Filtered GETS hits
   fhGETX: 0 # Filtered GETX hits
   hGETS: 16677 # GETS hits
   hGETX: 0 # GETX hits
   mGETS: 821 # GETS misses
   mGETXIM: 0 # GETX I->M misses
   mGETXSM: 0 # GETX S->M misses (upgrade misses)
   PUTS: 0 # Clean evictions (from lower level)
   PUTX: 0 # Dirty evictions (from lower level)
   INV: 791 # Invalidates (from upper level)
   INVX: 0 # Downgrades (from upper level)
   FWD: 0 # Forwards (from upper level)
   latGETnl: 43762 # GET request latency on next level
   latGETnet: 0 # GET request latency on network to next level
  l1i-2: # Filter cache stats
   fhGETS: 64996475 # Filtered GETS hits
   fhGETX: 0 # Filtered GETX hits
   hGETS: 16668 # GETS hits
   hGETX: 0 # GETX hits
   mGETS: 851 # GETS misses
   mGETXIM: 0 # GETX I->M misses
   mGETXSM: 0 # GETX S->M misses (upgrade misses)
   PUTS: 0 # Clean evictions (from lower level)
   PUTX: 0 # Dirty evictions (from lower level)
   INV: 827 # Invalidates (from upper level)
   INVX: 0 # Downgrades (from upper level)
   FWD: 0 # Forwards (from upper level)
   latGETnl: 49897 # GET request latency on next level
   latGETnet: 0 # GET request latency on network to next level
  l1i-3: # Filter cache stats
   fhGETS: 64997079 # Filtered GETS hits
   fhGETX: 0 # Filtered GETX hits
   hGETS: 16671 # GETS hits
   hGETX: 0 # GETX hits
   mGETS: 828 # GETS misses
   mGETXIM: 0 # GETX I->M misses
   mGETXSM: 0 # GETX S->M misses (upgrade misses)
   PUTS: 0 # Clean evictions (from lower level)
   PUTX: 0 # Dirty evictions (from lower level)
   INV: 798 # Invalidates (from upper level)
   INVX: 0 # Downgrades (from upper level)
   FWD: 0 # Forwards (from upper level)
   latGETnl: 43866 # GET request latency on next level
   latGETnet: 0 # GET request latency on network to next level
  l1i-4: # Filter cache stats
   fhGETS: 64997122 # Filtered GETS hits
   fhGETX: 0 # Filtered GETX hits
   hGETS: 16666 # GETS hits
   hGETX: 0 # GETX hits
   mGETS: 837 # GETS misses
   mGETXIM: 0 # GETX I->M misses
   mGETXSM: 0 # GETX S->M misses (upgrade misses)
   PUTS: 0 # Clean evictions (from lower level)
   PUTX: 0 # Dirty evictions (from lower level)
   INV: 798 # Invalidates (from upper level)
   INVX: 0 # Downgrades (from upper level)
   FWD: 0 # Forwards (from upper level)
   latGETnl: 41364 # GET request latency on next level
   latGETnet: 0 # GET request latency on network to next level
  l1i-5: # Filter cache stats
   fhGETS: 64996925 # Filtered GETS hits
   fhGETX: 0 # Filtered GETX hits
   hGETS: 16670 # GETS hits
   hGETX: 0 # GETX hits
   mGETS: 823 # GETS misses
   mGETXIM: 0 # GETX I->M misses
   mGETXSM: 0 # GETX S->M misses (upgrade misses)
   PUTS: 0 # Clean evictions (from lower level)
   PUTX: 0 # Dirty evictions (from lower level)
   INV: 799 # Invalidates (from upper level)
   INVX: 0 # Downgrades (from upper level)
   FWD: 0 # Forwards (from upper level)
   latGETnl: 39356 # GET request latency on next level
   latGETnet: 0 # GET request latency on network to next level
  l1i-6: # Filter cache stats
   fhGETS: 64996700 # Filtered GETS hits
   fhGETX: 0 # Filtered GETX hits
   hGETS: 16664 # GETS hits
   hGETX: 0 # GETX hits
   mGETS: 827 # GETS misses
   mGETXIM: 0 # GETX I->M misses
   mGETXSM: 0 # GETX S->M misses (upgrade misses)
   PUTS: 0 # Clean evictions (from lower level)
   PUTX: 0 # Dirty evictions (from lower level)
   INV: 803 # Invalidates (from upper level)
   INVX: 0 # Downgrades (from upper level)
   FWD: 0 # Forwards (from upper level)
   latGETnl: 39094 # GET request latency on next level
   latGETnet: 0 # GET request latency on network to next level
  l1i-7: # Filter cache stats
   fhGETS: 64996958 # Filtered GETS hits
   fhGETX: 0 # Filtered GETX hits
   hGETS: 16669 # GETS hits
   hGETX: 0 # GETX hits
   mGETS: 811 # GETS misses
   mGETXIM: 0 # GETX I->M misses
   mGETXSM: 0 # GETX S->M misses (upgrade misses)
   PUTS: 0 # Clean evictions (from lower level)
   PUTX: 0 # Dirty evictions (from lower level)
   INV: 780 # Invalidates (from upper level)
   INVX: 0 # Downgrades (from upper level)
   FWD: 0 # Forwards (from upper level)
   latGETnl: 43292 # GET request latency on next level
   latGETnet: 0 # GET request latency on network to next level
  l1i-8: # Filter cache stats
   fhGETS: 64996927 # Filtered GETS hits
   fhGETX: 0 # Filtered GETX hits
   hGETS: 16664 # GETS hits
   hGETX: 0 # GETX hits
   mGETS: 814 # GETS misses
   mGETXIM: 0 # GETX I->M misses
   mGETXSM: 0 # GETX S->M misses (upgrade misses)
   PUTS: 0 # Clean evictions (from lower level)
   PUTX: 0 # Dirty evictions (from lower level)
   INV: 784 # Invalidates (from upper level)
   INVX: 0 # Downgrades (from upper level)
   FWD: 0 # Forwards (from upper level)
   latGETnl: 41183 # GET request latency on next level
   latGETnet: 0 # GET request latency on network to next level
  l1i-9: # Filter cache stats
   fhGETS: 64996977 # Filtered GETS hits
   fhGETX: 0 # Filtered GETX hits
   hGETS: 16665 # GETS hits
   hGETX: 0 # GETX hits
   mGETS: 813 # GETS misses
   mGETXIM: 0 # GETX I->M misses
   mGETXSM: 0 # GETX S->M misses (upgrade misses)
   PUTS: 0 # Clean evictions (from lower level)
   PUTX: 0 # Dirty evictions (from lower level)
   INV: 784 # Invalidates (from upper level)
   INVX: 0 # Downgrades (from upper level)
   FWD: 0 # Forwards (from upper level)
   latGETnl: 41811 # GET request latency on next level
   latGETnet: 0 # GET request latency on network to next level
  l1i-10: # Filter cache stats
   fhGETS: 64996962 # Filtered GETS hits
   fhGETX: 0 # Filtered GETX hits
   hGETS: 16670 # GETS hits
   hGETX: 0 # GETX hits
   mGETS: 815 # GETS misses
   mGETXIM: 0 # GETX I->M misses
   mGETXSM: 0 # GETX S->M misses (upgrade misses)
   PUTS: 0 # Clean evictions (from lower level)
   PUTX: 0 # Dirty evictions (from lower level)
   INV: 783 # Invalidates (from upper level)
   INVX: 0 # Downgrades (from upper level)
   FWD: 0 # Forwards (from upper level)
   latGETnl: 42355 # GET request latency on next level
   latGETnet: 0 # GET request latency on network to next level
  l1i-11: # Filter cache stats
   fhGETS: 64996870 # Filtered GETS hits
   fhGETX: 0 # Filtered GETX hits
   hGETS: 16758 # GETS hits
   hGETX: 0 # GETX hits
   mGETS: 813 # GETS misses
   mGETXIM: 0 # GETX I->M misses
   mGETXSM: 0 # GETX S->M misses (upgrade misses)
   PUTS: 0 # Clean evictions (from lower level)
   PUTX: 0 # Dirty evictions (from lower level)
   INV: 790 # Invalidates (from upper level)
   INVX: 0 # Downgrades (from upper level)
   FWD: 0 # Forwards (from upper level)
   latGETnl: 39786 # GET request latency on next level
   latGETnet: 0 # GET request latency on network to next level
  l1i-12: # Filter cache stats
   fhGETS: 64996941 # Filtered GETS hits
   fhGETX: 0 # Filtered GETX hits
   hGETS: 16665 # GETS hits
   hGETX: 0 # GETX hits
   mGETS: 817 # GETS misses
   mGETXIM: 0 # GETX I->M misses
   mGETXSM: 0 # GETX S->M misses (upgrade misses)
   PUTS: 0 # Clean evictions (from lower level)
   PUTX: 0 # Dirty evictions (from lower level)
   INV: 778 # Invalidates (from upper level)
   INVX: 0 # Downgrades (from upper level)
   FWD: 0 # Forwards (from upper level)
   latGETnl: 40874 # GET request latency on next level
   latGETnet: 0 # GET request latency on network to next level
  l1i-13: # Filter cache stats
   fhGETS: 64996818 # Filtered GETS hits
   fhGETX: 0 # Filtered GETX hits
   hGETS: 16665 # GETS hits
   hGETX: 0 # GETX hits
   mGETS: 810 # GETS misses
   mGETXIM: 0 # GETX I->M misses
   mGETXSM: 0 # GETX S->M misses (upgrade misses)
   PUTS: 0 # Clean evictions (from lower level)
   PUTX: 0 # Dirty evictions (from lower level)
   INV: 786 # Invalidates (from upper level)
   INVX: 0 # Downgrades (from upper level)
   FWD: 0 # Forwards (from upper level)
   latGETnl: 38970 # GET request latency on next level
   latGETnet: 0 # GET request latency on network to next level
  l1i-14: # Filter cache stats
   fhGETS: 64996976 # Filtered GETS hits
   fhGETX: 0 # Filtered GETX hits
   hGETS: 16670 # GETS hits
   hGETX: 0 # GETX hits
   mGETS: 820 # GETS misses
   mGETXIM: 0 # GETX I->M misses
   mGETXSM: 0 # GETX S->M misses (upgrade misses)
   PUTS: 0 # Clean evictions (from lower level)
   PUTX: 0 # Dirty evictions (from lower level)
   INV: 785 # Invalidates (from upper level)
   INVX: 0 # Downgrades (from upper level)
   FWD: 0 # Forwards (from upper level)
   latGETnl: 40565 # GET request latency on next level
   latGETnet: 0 # GET request latency on network to next level
  l1i-15: # Filter cache stats
   fhGETS: 64996971 # Filtered GETS hits
   fhGETX: 0 # Filtered GETX hits
   hGETS: 16670 # GETS hits
   hGETX: 0 # GETX hits
   mGETS: 824 # GETS misses
   mGETXIM: 0 # GETX I->M misses
   mGETXSM: 0 # GETX S->M misses (upgrade misses)
   PUTS: 0 # Clean evictions (from lower level)
   PUTX: 0 # Dirty evictions (from lower level)
   INV: 785 # Invalidates (from upper level)
   INVX: 0 # Downgrades (from upper level)
   FWD: 0 # Forwards (from upper level)
   latGETnl: 39853 # GET request latency on next level
   latGETnet: 0 # GET request latency on network to next level
  l1i-16: # Filter cache stats
   fhGETS: 64986846 # Filtered GETS hits
   fhGETX: 0 # Filtered GETX hits
   hGETS: 16830 # GETS hits
   hGETX: 0 # GETX hits
   mGETS: 882 # GETS misses
   mGETXIM: 0 # GETX I->M misses
   mGETXSM: 0 # GETX S->M misses (upgrade misses)
   PUTS: 0 # Clean evictions (from lower level)
   PUTX: 0 # Dirty evictions (from lower level)
   INV: 858 # Invalidates (from upper level)
   INVX: 0 # Downgrades (from upper level)
   FWD: 0 # Forwards (from upper level)
   latGETnl: 53829 # GET request latency on next level
   latGETnet: 0 # GET request latency on network to next level
  l1i-17: # Filter cache stats
   fhGETS: 64996974 # Filtered GETS hits
   fhGETX: 0 # Filtered GETX hits
   hGETS: 16670 # GETS hits
   hGETX: 0 # GETX hits
   mGETS: 813 # GETS misses
   mGETXIM: 0 # GETX I->M misses
   mGETXSM: 0 # GETX S->M misses (upgrade misses)
   PUTS: 0 # Clean evictions (from lower level)
   PUTX: 0 # Dirty evictions (from lower level)
   INV: 781 # Invalidates (from upper level)
   INVX: 0 # Downgrades (from upper level)
   FWD: 0 # Forwards (from upper level)
   latGETnl: 40011 # GET request latency on next level
   latGETnet: 0 # GET request latency on network to next level
  l1i-18: # Filter cache stats
   fhGETS: 64996949 # Filtered GETS hits
   fhGETX: 0 # Filtered GETX hits
   hGETS: 16670 # GETS hits
   hGETX: 0 # GETX hits
   mGETS: 811 # GETS misses
   mGETXIM: 0 # GETX I->M misses
   mGETXSM: 0 # GETX S->M misses (upgrade misses)
   PUTS: 0 # Clean evictions (from lower level)
   PUTX: 0 # Dirty evictions (from lower level)
   INV: 781 # Invalidates (from upper level)
   INVX: 0 # Downgrades (from upper level)
   FWD: 0 # Forwards (from upper level)
   latGETnl: 38567 # GET request latency on next level
   latGETnet: 0 # GET request latency on network to next level
  l1i-19: # Filter cache stats
   fhGETS: 64996970 # Filtered GETS hits
   fhGETX: 0 # Filtered GETX hits
   hGETS: 16670 # GETS hits
   hGETX: 0 # GETX hits
   mGETS: 815 # GETS misses
   mGETXIM: 0 # GETX I->M misses
   mGETXSM: 0 # GETX S->M misses (upgrade misses)
   PUTS: 0 # Clean evictions (from lower level)
   PUTX: 0 # Dirty evictions (from lower level)
   INV: 785 # Invalidates (from upper level)
   INVX: 0 # Downgrades (from upper level)
   FWD: 0 # Forwards (from upper level)
   latGETnl: 38305 # GET request latency on next level
   latGETnet: 0 # GET request latency on network to next level
  l1i-20: # Filter cache stats
   fhGETS: 64996834 # Filtered GETS hits
   fhGETX: 0 # Filtered GETX hits
   hGETS: 16669 # GETS hits
   hGETX: 0 # GETX hits
   mGETS: 813 # GETS misses
   mGETXIM: 0 # GETX I->M misses
   mGETXSM: 0 # GETX S->M misses (upgrade misses)
   PUTS: 0 # Clean evictions (from lower level)
   PUTX: 0 # Dirty evictions (from lower level)
   INV: 789 # Invalidates (from upper level)
   INVX: 0 # Downgrades (from upper level)
   FWD: 0 # Forwards (from upper level)
   latGETnl: 38211 # GET request latency on next level
   latGETnet: 0 # GET request latency on network to next level
  l1i-21: # Filter cache stats
   fhGETS: 64996434 # Filtered GETS hits
   fhGETX: 0 # Filtered GETX hits
   hGETS: 16669 # GETS hits
   hGETX: 0 # GETX hits
   mGETS: 809 # GETS misses
   mGETXIM: 0 # GETX I->M misses
   mGETXSM: 0 # GETX S->M misses (upgrade misses)
   PUTS: 0 # Clean evictions (from lower level)
   PUTX: 0 # Dirty evictions (from lower level)
   INV: 785 # Invalidates (from upper level)
   INVX: 0 # Downgrades (from upper level)
   FWD: 0 # Forwards (from upper level)
   latGETnl: 38023 # GET request latency on next level
   latGETnet: 0 # GET request latency on network to next level
  l1i-22: # Filter cache stats
   fhGETS: 64996656 # Filtered GETS hits
   fhGETX: 0 # Filtered GETX hits
   hGETS: 16663 # GETS hits
   hGETX: 0 # GETX hits
   mGETS: 803 # GETS misses
   mGETXIM: 0 # GETX I->M misses
   mGETXSM: 0 # GETX S->M misses (upgrade misses)
   PUTS: 0 # Clean evictions (from lower level)
   PUTX: 0 # Dirty evictions (from lower level)
   INV: 779 # Invalidates (from upper level)
   INVX: 0 # Downgrades (from upper level)
   FWD: 0 # Forwards (from upper level)
   latGETnl: 37741 # GET request latency on next level
   latGETnet: 0 # GET request latency on network to next level
  l1i-23: # Filter cache stats
   fhGETS: 0 # Filtered GETS hits
   fhGETX: 0 # Filtered GETX hits
   hGETS: 0 # GETS hits
   hGETX: 0 # GETX hits
   mGETS: 0 # GETS misses
   mGETXIM: 0 # GETX I->M misses
   mGETXSM: 0 # GETX S->M misses (upgrade misses)
   PUTS: 0 # Clean evictions (from lower level)
   PUTX: 0 # Dirty evictions (from lower level)
   INV: 0 # Invalidates (from upper level)
   INVX: 0 # Downgrades (from upper level)
   FWD: 0 # Forwards (from upper level)
   latGETnl: 0 # GET request latency on next level
   latGETnet: 0 # GET request latency on network to next level
 l2: # Cache stats
  l2-0: # Cache stats
   hGETS: 0 # GETS hits
   hGETX: 0 # GETX hits
   mGETS: 251194 # GETS misses
   mGETXIM: 166785 # GETX I->M misses
   mGETXSM: 6 # GETX S->M misses (upgrade misses)
   PUTS: 249911 # Clean evictions (from lower level)
   PUTX: 166521 # Dirty evictions (from lower level)
   INV: 44333 # Invalidates (from upper level)
   INVX: 93 # Downgrades (from upper level)
   FWD: 0 # Forwards (from upper level)
   latGETnl: 109305969 # GET request latency on next level
   latGETnet: 0 # GET request latency on network to next level
  l2-1: # Cache stats
   hGETS: 0 # GETS hits
   hGETX: 0 # GETX hits
   mGETS: 251051 # GETS misses
   mGETXIM: 166751 # GETX I->M misses
   mGETXSM: 8 # GETX S->M misses (upgrade misses)
   PUTS: 249870 # Clean evictions (from lower level)
   PUTX: 166498 # Dirty evictions (from lower level)
   INV: 24070 # Invalidates (from upper level)
   INVX: 24 # Downgrades (from upper level)
   FWD: 0 # Forwards (from upper level)
   latGETnl: 109238265 # GET request latency on next level
   latGETnet: 0 # GET request latency on network to next level
  l2-2: # Cache stats
   hGETS: 0 # GETS hits
   hGETX: 0 # GETX hits
   mGETS: 251068 # GETS misses
   mGETXIM: 166746 # GETX I->M misses
   mGETXSM: 5 # GETX S->M misses (upgrade misses)
   PUTS: 249868 # Clean evictions (from lower level)
   PUTX: 166503 # Dirty evictions (from lower level)
   INV: 26980 # Invalidates (from upper level)
   INVX: 6 # Downgrades (from upper level)
   FWD: 0 # Forwards (from upper level)
   latGETnl: 109241088 # GET request latency on next level
   latGETnet: 0 # GET request latency on network to next level
  l2-3: # Cache stats
   hGETS: 0 # GETS hits
   hGETX: 0 # GETX hits
   mGETS: 251056 # GETS misses
   mGETXIM: 166745 # GETX I->M misses
   mGETXSM: 8 # GETX S->M misses (upgrade misses)
   PUTS: 249868 # Clean evictions (from lower level)
   PUTX: 166500 # Dirty evictions (from lower level)
   INV: 23510 # Invalidates (from upper level)
   INVX: 21 # Downgrades (from upper level)
   FWD: 0 # Forwards (from upper level)
   latGETnl: 109238171 # GET request latency on next level
   latGETnet: 0 # GET request latency on network to next level
  l2-4: # Cache stats
   hGETS: 0 # GETS hits
   hGETX: 0 # GETX hits
   mGETS: 251064 # GETS misses
   mGETXIM: 166757 # GETX I->M misses
   mGETXSM: 9 # GETX S->M misses (upgrade misses)
   PUTS: 249873 # Clean evictions (from lower level)
   PUTX: 166499 # Dirty evictions (from lower level)
   INV: 23845 # Invalidates (from upper level)
   INVX: 23 # Downgrades (from upper level)
   FWD: 0 # Forwards (from upper level)
   latGETnl: 109233591 # GET request latency on next level
   latGETnet: 0 # GET request latency on network to next level
  l2-5: # Cache stats
   hGETS: 0 # GETS hits
   hGETX: 0 # GETX hits
   mGETS: 251046 # GETS misses
   mGETXIM: 166752 # GETX I->M misses
   mGETXSM: 9 # GETX S->M misses (upgrade misses)
   PUTS: 249866 # Clean evictions (from lower level)
   PUTX: 166499 # Dirty evictions (from lower level)
   INV: 26316 # Invalidates (from upper level)
   INVX: 18 # Downgrades (from upper level)
   FWD: 0 # Forwards (from upper level)
   latGETnl: 109231348 # GET request latency on next level
   latGETnet: 0 # GET request latency on network to next level
  l2-6: # Cache stats
   hGETS: 0 # GETS hits
   hGETX: 0 # GETX hits
   mGETS: 251047 # GETS misses
   mGETXIM: 166752 # GETX I->M misses
   mGETXSM: 8 # GETX S->M misses (upgrade misses)
   PUTS: 249867 # Clean evictions (from lower level)
   PUTX: 166497 # Dirty evictions (from lower level)
   INV: 45980 # Invalidates (from upper level)
   INVX: 18 # Downgrades (from upper level)
   FWD: 0 # Forwards (from upper level)
   latGETnl: 109230589 # GET request latency on next level
   latGETnet: 0 # GET request latency on network to next level
  l2-7: # Cache stats
   hGETS: 0 # GETS hits
   hGETX: 0 # GETX hits
   mGETS: 251018 # GETS misses
   mGETXIM: 166740 # GETX I->M misses
   mGETXSM: 5 # GETX S->M misses (upgrade misses)
   PUTS: 249858 # Clean evictions (from lower level)
   PUTX: 166498 # Dirty evictions (from lower level)
   INV: 24222 # Invalidates (from upper level)
   INVX: 3 # Downgrades (from upper level)
   FWD: 0 # Forwards (from upper level)
   latGETnl: 109231028 # GET request latency on next level
   latGETnet: 0 # GET request latency on network to next level
  l2-8: # Cache stats
   hGETS: 0 # GETS hits
   hGETX: 0 # GETX hits
   mGETS: 251020 # GETS misses
   mGETXIM: 166742 # GETX I->M misses
   mGETXSM: 5 # GETX S->M misses (upgrade misses)
   PUTS: 249860 # Clean evictions (from lower level)
   PUTX: 166496 # Dirty evictions (from lower level)
   INV: 33567 # Invalidates (from upper level)
   INVX: 25 # Downgrades (from upper level)
   FWD: 0 # Forwards (from upper level)
   latGETnl: 109233988 # GET request latency on next level
   latGETnet: 0 # GET request latency on network to next level
  l2-9: # Cache stats
   hGETS: 0 # GETS hits
   hGETX: 0 # GETX hits
   mGETS: 251019 # GETS misses
   mGETXIM: 166743 # GETX I->M misses
   mGETXSM: 5 # GETX S->M misses (upgrade misses)
   PUTS: 249858 # Clean evictions (from lower level)
   PUTX: 166496 # Dirty evictions (from lower level)
   INV: 23943 # Invalidates (from upper level)
   INVX: 14 # Downgrades (from upper level)
   FWD: 0 # Forwards (from upper level)
   latGETnl: 109231724 # GET request latency on next level
   latGETnet: 0 # GET request latency on network to next level
  l2-10: # Cache stats
   hGETS: 0 # GETS hits
   hGETX: 0 # GETX hits
   mGETS: 251021 # GETS misses
   mGETXIM: 166743 # GETX I->M misses
   mGETXSM: 4 # GETX S->M misses (upgrade misses)
   PUTS: 249861 # Clean evictions (from lower level)
   PUTX: 166496 # Dirty evictions (from lower level)
   INV: 45936 # Invalidates (from upper level)
   INVX: 9 # Downgrades (from upper level)
   FWD: 0 # Forwards (from upper level)
   latGETnl: 109231747 # GET request latency on next level
   latGETnet: 0 # GET request latency on network to next level
  l2-11: # Cache stats
   hGETS: 0 # GETS hits
   hGETX: 0 # GETX hits
   mGETS: 251033 # GETS misses
   mGETXIM: 166768 # GETX I->M misses
   mGETXSM: 10 # GETX S->M misses (upgrade misses)
   PUTS: 249865 # Clean evictions (from lower level)
   PUTX: 166515 # Dirty evictions (from lower level)
   INV: 45315 # Invalidates (from upper level)
   INVX: 20 # Downgrades (from upper level)
   FWD: 0 # Forwards (from upper level)
   latGETnl: 109236685 # GET request latency on next level
   latGETnet: 0 # GET request latency on network to next level
  l2-12: # Cache stats
   hGETS: 0 # GETS hits
   hGETX: 0 # GETX hits
   mGETS: 251025 # GETS misses
   mGETXIM: 166745 # GETX I->M misses
   mGETXSM: 4 # GETX S->M misses (upgrade misses)
   PUTS: 249863 # Clean evictions (from lower level)
   PUTX: 166498 # Dirty evictions (from lower level)
   INV: 32348 # Invalidates (from upper level)
   INVX: 16 # Downgrades (from upper level)
   FWD: 0 # Forwards (from upper level)
   latGETnl: 109231153 # GET request latency on next level
   latGETnet: 0 # GET request latency on network to next level
  l2-13: # Cache stats
   hGETS: 0 # GETS hits
   hGETX: 0 # GETX hits
   mGETS: 251021 # GETS misses
   mGETXIM: 166730 # GETX I->M misses
   mGETXSM: 5 # GETX S->M misses (upgrade misses)
   PUTS: 249858 # Clean evictions (from lower level)
   PUTX: 166495 # Dirty evictions (from lower level)
   INV: 23874 # Invalidates (from upper level)
   INVX: 13 # Downgrades (from upper level)
   FWD: 0 # Forwards (from upper level)
   latGETnl: 109229855 # GET request latency on next level
   latGETnet: 0 # GET request latency on network to next level
  l2-14: # Cache stats
   hGETS: 0 # GETS hits
   hGETX: 0 # GETX hits
   mGETS: 251029 # GETS misses
   mGETXIM: 166742 # GETX I->M misses
   mGETXSM: 5 # GETX S->M misses (upgrade misses)
   PUTS: 249861 # Clean evictions (from lower level)
   PUTX: 166498 # Dirty evictions (from lower level)
   INV: 23866 # Invalidates (from upper level)
   INVX: 2 # Downgrades (from upper level)
   FWD: 0 # Forwards (from upper level)
   latGETnl: 109227811 # GET request latency on next level
   latGETnet: 0 # GET request latency on network to next level
  l2-15: # Cache stats
   hGETS: 0 # GETS hits
   hGETX: 0 # GETX hits
   mGETS: 251032 # GETS misses
   mGETXIM: 166746 # GETX I->M misses
   mGETXSM: 5 # GETX S->M misses (upgrade misses)
   PUTS: 249863 # Clean evictions (from lower level)
   PUTX: 166498 # Dirty evictions (from lower level)
   INV: 23816 # Invalidates (from upper level)
   INVX: 3 # Downgrades (from upper level)
   FWD: 0 # Forwards (from upper level)
   latGETnl: 109226706 # GET request latency on next level
   latGETnet: 0 # GET request latency on network to next level
  l2-16: # Cache stats
   hGETS: 0 # GETS hits
   hGETX: 0 # GETX hits
   mGETS: 251118 # GETS misses
   mGETXIM: 166726 # GETX I->M misses
   mGETXSM: 14 # GETX S->M misses (upgrade misses)
   PUTS: 249876 # Clean evictions (from lower level)
   PUTX: 166493 # Dirty evictions (from lower level)
   INV: 23497 # Invalidates (from upper level)
   INVX: 2 # Downgrades (from upper level)
   FWD: 0 # Forwards (from upper level)
   latGETnl: 109237227 # GET request latency on next level
   latGETnet: 0 # GET request latency on network to next level
  l2-17: # Cache stats
   hGETS: 0 # GETS hits
   hGETX: 0 # GETX hits
   mGETS: 251024 # GETS misses
   mGETXIM: 166737 # GETX I->M misses
   mGETXSM: 7 # GETX S->M misses (upgrade misses)
   PUTS: 249861 # Clean evictions (from lower level)
   PUTX: 166497 # Dirty evictions (from lower level)
   INV: 30731 # Invalidates (from upper level)
   INVX: 11 # Downgrades (from upper level)
   FWD: 0 # Forwards (from upper level)
   latGETnl: 109229821 # GET request latency on next level
   latGETnet: 0 # GET request latency on network to next level
  l2-18: # Cache stats
   hGETS: 0 # GETS hits
   hGETX: 0 # GETX hits
   mGETS: 251015 # GETS misses
   mGETXIM: 166745 # GETX I->M misses
   mGETXSM: 4 # GETX S->M misses (upgrade misses)
   PUTS: 249859 # Clean evictions (from lower level)
   PUTX: 166497 # Dirty evictions (from lower level)
   INV: 46280 # Invalidates (from upper level)
   INVX: 1 # Downgrades (from upper level)
   FWD: 0 # Forwards (from upper level)
   latGETnl: 109225497 # GET request latency on next level
   latGETnet: 0 # GET request latency on network to next level
  l2-19: # Cache stats
   hGETS: 0 # GETS hits
   hGETX: 0 # GETX hits
   mGETS: 251024 # GETS misses
   mGETXIM: 166737 # GETX I->M misses
   mGETXSM: 6 # GETX S->M misses (upgrade misses)
   PUTS: 249858 # Clean evictions (from lower level)
   PUTX: 166497 # Dirty evictions (from lower level)
   INV: 24025 # Invalidates (from upper level)
   INVX: 2 # Downgrades (from upper level)
   FWD: 0 # Forwards (from upper level)
   latGETnl: 109225889 # GET request latency on next level
   latGETnet: 0 # GET request latency on network to next level
  l2-20: # Cache stats
   hGETS: 0 # GETS hits
   hGETX: 0 # GETX hits
   mGETS: 251017 # GETS misses
   mGETXIM: 166744 # GETX I->M misses
   mGETXSM: 6 # GETX S->M misses (upgrade misses)
   PUTS: 249857 # Clean evictions (from lower level)
   PUTX: 166497 # Dirty evictions (from lower level)
   INV: 23840 # Invalidates (from upper level)
   INVX: 2 # Downgrades (from upper level)
   FWD: 0 # Forwards (from upper level)
   latGETnl: 109224764 # GET request latency on next level
   latGETnet: 0 # GET request latency on network to next level
  l2-21: # Cache stats
   hGETS: 0 # GETS hits
   hGETX: 0 # GETX hits
   mGETS: 251012 # GETS misses
   mGETXIM: 166740 # GETX I->M misses
   mGETXSM: 5 # GETX S->M misses (upgrade misses)
   PUTS: 249855 # Clean evictions (from lower level)
   PUTX: 166497 # Dirty evictions (from lower level)
   INV: 31437 # Invalidates (from upper level)
   INVX: 3 # Downgrades (from upper level)
   FWD: 0 # Forwards (from upper level)
   latGETnl: 109224366 # GET request latency on next level
   latGETnet: 0 # GET request latency on network to next level
  l2-22: # Cache stats
   hGETS: 0 # GETS hits
   hGETX: 0 # GETX hits
   mGETS: 251006 # GETS misses
   mGETXIM: 166743 # GETX I->M misses
   mGETXSM: 6 # GETX S->M misses (upgrade misses)
   PUTS: 249857 # Clean evictions (from lower level)
   PUTX: 166496 # Dirty evictions (from lower level)
   INV: 47343 # Invalidates (from upper level)
   INVX: 2 # Downgrades (from upper level)
   FWD: 0 # Forwards (from upper level)
   latGETnl: 109224545 # GET request latency on next level
   latGETnet: 0 # GET request latency on network to next level
  l2-23: # Cache stats
   hGETS: 0 # GETS hits
   hGETX: 0 # GETX hits
   mGETS: 0 # GETS misses
   mGETXIM: 0 # GETX I->M misses
   mGETXSM: 0 # GETX S->M misses (upgrade misses)
   PUTS: 0 # Clean evictions (from lower level)
   PUTX: 0 # Dirty evictions (from lower level)
   INV: 0 # Invalidates (from upper level)
   INVX: 0 # Downgrades (from upper level)
   FWD: 0 # Forwards (from upper level)
   latGETnl: 0 # GET request latency on next level
   latGETnet: 0 # GET request latency on network to next level
 l3: # Cache stats
  l3-0b0: # Cache stats
   hGETS: 879 # GETS hits
   hGETX: 41 # GETX hits
   mGETS: 239677 # GETS misses
   mGETXIM: 159845 # GETX I->M misses
   mGETXSM: 0 # GETX S->M misses (upgrade misses)
   PUTS: 213838 # Clean evictions (from lower level)
   PUTX: 140854 # Dirty evictions (from lower level)
   INV: 0 # Invalidates (from upper level)
   INVX: 0 # Downgrades (from upper level)
   FWD: 0 # Forwards (from upper level)
   latGETnl: 89892450 # GET request latency on next level
   latGETnet: 0 # GET request latency on network to next level
  l3-0b1: # Cache stats
   hGETS: 934 # GETS hits
   hGETX: 24 # GETX hits
   mGETS: 239684 # GETS misses
   mGETXIM: 159610 # GETX I->M misses
   mGETXSM: 0 # GETX S->M misses (upgrade misses)
   PUTS: 214258 # Clean evictions (from lower level)
   PUTX: 141087 # Dirty evictions (from lower level)
   INV: 0 # Invalidates (from upper level)
   INVX: 0 # Downgrades (from upper level)
   FWD: 0 # Forwards (from upper level)
   latGETnl: 89841150 # GET request latency on next level
   latGETnet: 0 # GET request latency on network to next level
  l3-0b2: # Cache stats
   hGETS: 793 # GETS hits
   hGETX: 0 # GETX hits
   mGETS: 239668 # GETS misses
   mGETXIM: 159789 # GETX I->M misses
   mGETXSM: 0 # GETX S->M misses (upgrade misses)
   PUTS: 213592 # Clean evictions (from lower level)
   PUTX: 141080 # Dirty evictions (from lower level)
   INV: 0 # Invalidates (from upper level)
   INVX: 0 # Downgrades (from upper level)
   FWD: 0 # Forwards (from upper level)
   latGETnl: 89877825 # GET request latency on next level
   latGETnet: 0 # GET request latency on network to next level
  l3-0b3: # Cache stats
   hGETS: 964 # GETS hits
   hGETX: 8 # GETX hits
   mGETS: 239682 # GETS misses
   mGETXIM: 159794 # GETX I->M misses
   mGETXSM: 0 # GETX S->M misses (upgrade misses)
   PUTS: 213918 # Clean evictions (from lower level)
   PUTX: 140741 # Dirty evictions (from lower level)
   INV: 0 # Invalidates (from upper level)
   INVX: 0 # Downgrades (from upper level)
   FWD: 0 # Forwards (from upper level)
   latGETnl: 89882100 # GET request latency on next level
   latGETnet: 0 # GET request latency on network to next level
  l3-0b4: # Cache stats
   hGETS: 912 # GETS hits
   hGETX: 76 # GETX hits
   mGETS: 239692 # GETS misses
   mGETXIM: 159775 # GETX I->M misses
   mGETXSM: 0 # GETX S->M misses (upgrade misses)
   PUTS: 214016 # Clean evictions (from lower level)
   PUTX: 140930 # Dirty evictions (from lower level)
   INV: 0 # Invalidates (from upper level)
   INVX: 0 # Downgrades (from upper level)
   FWD: 0 # Forwards (from upper level)
   latGETnl: 89880075 # GET request latency on next level
   latGETnet: 0 # GET request latency on network to next level
  l3-0b5: # Cache stats
   hGETS: 1015 # GETS hits
   hGETX: 85 # GETX hits
   mGETS: 239694 # GETS misses
   mGETXIM: 159629 # GETX I->M misses
   mGETXSM: 0 # GETX S->M misses (upgrade misses)
   PUTS: 214164 # Clean evictions (from lower level)
   PUTX: 140731 # Dirty evictions (from lower level)
   INV: 0 # Invalidates (from upper level)
   INVX: 0 # Downgrades (from upper level)
   FWD: 0 # Forwards (from upper level)
   latGETnl: 89847675 # GET request latency on next level
   latGETnet: 0 # GET request latency on network to next level
  l3-0b6: # Cache stats
   hGETS: 816 # GETS hits
   hGETX: 41 # GETX hits
   mGETS: 239676 # GETS misses
   mGETXIM: 159770 # GETX I->M misses
   mGETXSM: 0 # GETX S->M misses (upgrade misses)
   PUTS: 213897 # Clean evictions (from lower level)
   PUTX: 140949 # Dirty evictions (from lower level)
   INV: 0 # Invalidates (from upper level)
   INVX: 0 # Downgrades (from upper level)
   FWD: 0 # Forwards (from upper level)
   latGETnl: 89875350 # GET request latency on next level
   latGETnet: 0 # GET request latency on network to next level
  l3-0b7: # Cache stats
   hGETS: 1426 # GETS hits
   hGETX: 62 # GETX hits
   mGETS: 239687 # GETS misses
   mGETXIM: 159789 # GETX I->M misses
   mGETXSM: 0 # GETX S->M misses (upgrade misses)
   PUTS: 214377 # Clean evictions (from lower level)
   PUTX: 140862 # Dirty evictions (from lower level)
   INV: 0 # Invalidates (from upper level)
   INVX: 0 # Downgrades (from upper level)
   FWD: 0 # Forwards (from upper level)
   latGETnl: 89882100 # GET request latency on next level
   latGETnet: 0 # GET request latency on network to next level
  l3-0b8: # Cache stats
   hGETS: 903 # GETS hits
   hGETX: 111 # GETX hits
   mGETS: 239691 # GETS misses
   mGETXIM: 159628 # GETX I->M misses
   mGETXSM: 0 # GETX S->M misses (upgrade misses)
   PUTS: 214029 # Clean evictions (from lower level)
   PUTX: 140830 # Dirty evictions (from lower level)
   INV: 0 # Invalidates (from upper level)
   INVX: 0 # Downgrades (from upper level)
   FWD: 0 # Forwards (from upper level)
   latGETnl: 89846775 # GET request latency on next level
   latGETnet: 0 # GET request latency on network to next level
  l3-0b9: # Cache stats
   hGETS: 889 # GETS hits
   hGETX: 79 # GETX hits
   mGETS: 239697 # GETS misses
   mGETXIM: 159899 # GETX I->M misses
   mGETXSM: 0 # GETX S->M misses (upgrade misses)
   PUTS: 213633 # Clean evictions (from lower level)
   PUTX: 141140 # Dirty evictions (from lower level)
   INV: 0 # Invalidates (from upper level)
   INVX: 0 # Downgrades (from upper level)
   FWD: 0 # Forwards (from upper level)
   latGETnl: 89909100 # GET request latency on next level
   latGETnet: 0 # GET request latency on network to next level
  l3-0b10: # Cache stats
   hGETS: 1509 # GETS hits
   hGETX: 34 # GETX hits
   mGETS: 239686 # GETS misses
   mGETXIM: 159805 # GETX I->M misses
   mGETXSM: 0 # GETX S->M misses (upgrade misses)
   PUTS: 214588 # Clean evictions (from lower level)
   PUTX: 140919 # Dirty evictions (from lower level)
   INV: 0 # Invalidates (from upper level)
   INVX: 0 # Downgrades (from upper level)
   FWD: 0 # Forwards (from upper level)
   latGETnl: 89885475 # GET request latency on next level
   latGETnet: 0 # GET request latency on network to next level
  l3-0b11: # Cache stats
   hGETS: 867 # GETS hits
   hGETX: 51 # GETX hits
   mGETS: 239687 # GETS misses
   mGETXIM: 159648 # GETX I->M misses
   mGETXSM: 0 # GETX S->M misses (upgrade misses)
   PUTS: 213968 # Clean evictions (from lower level)
   PUTX: 140979 # Dirty evictions (from lower level)
   INV: 0 # Invalidates (from upper level)
   INVX: 0 # Downgrades (from upper level)
   FWD: 0 # Forwards (from upper level)
   latGETnl: 89850375 # GET request latency on next level
   latGETnet: 0 # GET request latency on network to next level
  l3-0b12: # Cache stats
   hGETS: 860 # GETS hits
   hGETX: 22 # GETX hits
   mGETS: 239666 # GETS misses
   mGETXIM: 159690 # GETX I->M misses
   mGETXSM: 0 # GETX S->M misses (upgrade misses)
   PUTS: 213843 # Clean evictions (from lower level)
   PUTX: 140914 # Dirty evictions (from lower level)
   INV: 0 # Invalidates (from upper level)
   INVX: 0 # Downgrades (from upper level)
   FWD: 0 # Forwards (from upper level)
   latGETnl: 89855100 # GET request latency on next level
   latGETnet: 0 # GET request latency on network to next level
  l3-0b13: # Cache stats
   hGETS: 809 # GETS hits
   hGETX: 7 # GETX hits
   mGETS: 239672 # GETS misses
   mGETXIM: 159922 # GETX I->M misses
   mGETXSM: 0 # GETX S->M misses (upgrade misses)
   PUTS: 213776 # Clean evictions (from lower level)
   PUTX: 141047 # Dirty evictions (from lower level)
   INV: 0 # Invalidates (from upper level)
   INVX: 0 # Downgrades (from upper level)
   FWD: 0 # Forwards (from upper level)
   latGETnl: 89908650 # GET request latency on next level
   latGETnet: 0 # GET request latency on network to next level
  l3-0b14: # Cache stats
   hGETS: 887 # GETS hits
   hGETX: 49 # GETX hits
   mGETS: 239699 # GETS misses
   mGETXIM: 159770 # GETX I->M misses
   mGETXSM: 0 # GETX S->M misses (upgrade misses)
   PUTS: 213747 # Clean evictions (from lower level)
   PUTX: 141041 # Dirty evictions (from lower level)
   INV: 0 # Invalidates (from upper level)
   INVX: 0 # Downgrades (from upper level)
   FWD: 0 # Forwards (from upper level)
   latGETnl: 89880525 # GET request latency on next level
   latGETnet: 0 # GET request latency on network to next level
  l3-0b15: # Cache stats
   hGETS: 857 # GETS hits
   hGETX: 55 # GETX hits
   mGETS: 239694 # GETS misses
   mGETXIM: 159614 # GETX I->M misses
   mGETXSM: 0 # GETX S->M misses (upgrade misses)
   PUTS: 213888 # Clean evictions (from lower level)
   PUTX: 140825 # Dirty evictions (from lower level)
   INV: 0 # Invalidates (from upper level)
   INVX: 0 # Downgrades (from upper level)
   FWD: 0 # Forwards (from upper level)
   latGETnl: 89844300 # GET request latency on next level
   latGETnet: 0 # GET request latency on network to next level
  l3-0b16: # Cache stats
   hGETS: 1016 # GETS hits
   hGETX: 28 # GETX hits
   mGETS: 239602 # GETS misses
   mGETXIM: 159803 # GETX I->M misses
   mGETXSM: 0 # GETX S->M misses (upgrade misses)
   PUTS: 213891 # Clean evictions (from lower level)
   PUTX: 141039 # Dirty evictions (from lower level)
   INV: 0 # Invalidates (from upper level)
   INVX: 0 # Downgrades (from upper level)
   FWD: 0 # Forwards (from upper level)
   latGETnl: 89866125 # GET request latency on next level
   latGETnet: 0 # GET request latency on network to next level
  l3-0b17: # Cache stats
   hGETS: 365 # GETS hits
   hGETX: 20 # GETX hits
   mGETS: 239595 # GETS misses
   mGETXIM: 159767 # GETX I->M misses
   mGETXSM: 0 # GETX S->M misses (upgrade misses)
   PUTS: 213448 # Clean evictions (from lower level)
   PUTX: 140785 # Dirty evictions (from lower level)
   INV: 0 # Invalidates (from upper level)
   INVX: 0 # Downgrades (from upper level)
   FWD: 0 # Forwards (from upper level)
   latGETnl: 89856450 # GET request latency on next level
   latGETnet: 0 # GET request latency on network to next level
  l3-0b18: # Cache stats
   hGETS: 890 # GETS hits
   hGETX: 62 # GETX hits
   mGETS: 239598 # GETS misses
   mGETXIM: 159685 # GETX I->M misses
   mGETXSM: 0 # GETX S->M misses (upgrade misses)
   PUTS: 213916 # Clean evictions (from lower level)
   PUTX: 140868 # Dirty evictions (from lower level)
   INV: 0 # Invalidates (from upper level)
   INVX: 0 # Downgrades (from upper level)
   FWD: 0 # Forwards (from upper level)
   latGETnl: 89838675 # GET request latency on next level
   latGETnet: 0 # GET request latency on network to next level
  l3-0b19: # Cache stats
   hGETS: 895 # GETS hits
   hGETX: 91 # GETX hits
   mGETS: 239606 # GETS misses
   mGETXIM: 159841 # GETX I->M misses
   mGETXSM: 0 # GETX S->M misses (upgrade misses)
   PUTS: 213909 # Clean evictions (from lower level)
   PUTX: 141093 # Dirty evictions (from lower level)
   INV: 0 # Invalidates (from upper level)
   INVX: 0 # Downgrades (from upper level)
   FWD: 0 # Forwards (from upper level)
   latGETnl: 89875575 # GET request latency on next level
   latGETnet: 0 # GET request latency on network to next level
  l3-0b20: # Cache stats
   hGETS: 885 # GETS hits
   hGETX: 23 # GETX hits
   mGETS: 239597 # GETS misses
   mGETXIM: 159809 # GETX I->M misses
   mGETXSM: 0 # GETX S->M misses (upgrade misses)
   PUTS: 213779 # Clean evictions (from lower level)
   PUTX: 141027 # Dirty evictions (from lower level)
   INV: 0 # Invalidates (from upper level)
   INVX: 0 # Downgrades (from upper level)
   FWD: 0 # Forwards (from upper level)
   latGETnl: 89866350 # GET request latency on next level
   latGETnet: 0 # GET request latency on network to next level
  l3-0b21: # Cache stats
   hGETS: 881 # GETS hits
   hGETX: 28 # GETX hits
   mGETS: 239590 # GETS misses
   mGETXIM: 159723 # GETX I->M misses
   mGETXSM: 0 # GETX S->M misses (upgrade misses)
   PUTS: 213725 # Clean evictions (from lower level)
   PUTX: 141042 # Dirty evictions (from lower level)
   INV: 0 # Invalidates (from upper level)
   INVX: 0 # Downgrades (from upper level)
   FWD: 0 # Forwards (from upper level)
   latGETnl: 89845425 # GET request latency on next level
   latGETnet: 0 # GET request latency on network to next level
  l3-0b22: # Cache stats
   hGETS: 1031 # GETS hits
   hGETX: 43 # GETX hits
   mGETS: 239593 # GETS misses
   mGETXIM: 159735 # GETX I->M misses
   mGETXSM: 0 # GETX S->M misses (upgrade misses)
   PUTS: 214072 # Clean evictions (from lower level)
   PUTX: 140854 # Dirty evictions (from lower level)
   INV: 0 # Invalidates (from upper level)
   INVX: 0 # Downgrades (from upper level)
   FWD: 0 # Forwards (from upper level)
   latGETnl: 89848800 # GET request latency on next level
   latGETnet: 0 # GET request latency on network to next level
  l3-0b23: # Cache stats
   hGETS: 938 # GETS hits
   hGETX: 46 # GETX hits
   mGETS: 239606 # GETS misses
   mGETXIM: 159882 # GETX I->M misses
   mGETXSM: 0 # GETX S->M misses (upgrade misses)
   PUTS: 213957 # Clean evictions (from lower level)
   PUTX: 141134 # Dirty evictions (from lower level)
   INV: 0 # Invalidates (from upper level)
   INVX: 0 # Downgrades (from upper level)
   FWD: 0 # Forwards (from upper level)
   latGETnl: 89884800 # GET request latency on next level
   latGETnet: 0 # GET request latency on network to next level
 mem: # Memory controller stats
  mem-0: # Memory controller stats
   rd: 9574559 # Read requests
   wr: 3609456 # Write requests
   rdlat: 2256783926 # Total latency experienced by read requests
   wrlat: 852600271 # Total latency experienced by write requests
 sched: # Scheduler stats
  thCr: 25 # Threads created
  thFn: 25 # Threads finished
  schedEvs: 26 # Schedule events
  waitEvs: 2 # Wait events
  handoffEvs: 1 # Handoff events
  sleepEvs: 1 # Sleep events
  idlePhases: 0 # Phases with no thread active
  idlePeriods: 0 # Periods with no thread active
  occHist: # Occupancy histogram
   0: 0
   1: 36
   2: 0
   3: 2
   4: 2
   5: 1
   6: 1
   7: 0
   8: 1
   9: 0
   10: 0
   11: 0
   12: 1
   13: 0
   14: 1
   15: 0
   16: 0
   17: 1
   18: 0
   19: 0
   20: 1
   21: 0
   22: 0
   23: 132178
   24: 0
  rqSzHist: # Run queue size histogram
   0: 132196
   1: 29
   2: 0
   3: 0
   4: 0
   5: 0
   6: 0
   7: 0
   8: 0
   9: 0
   10: 0
   11: 0
   12: 0
   13: 0
   14: 0
   15: 0
   16: 0
   17: 0
   18: 0
   19: 0
   20: 0
   21: 0
   22: 0
   23: 0
   24: 0
 procCycles: # Per-process unhalted core cycles
  0: 3040226687
  1: 0
  2: 0
  3: 0
  4: 0
  5: 0
  6: 0
  7: 0
  8: 0
  9: 0
  10: 0
  11: 0
  12: 0
  13: 0
  14: 0
  15: 0
  16: 0
  17: 0
  18: 0
  19: 0
  20: 0
  21: 0
  22: 0
  23: 0
  24: 0
  25: 0
  26: 0
  27: 0
  28: 0
  29: 0
  30: 0
  31: 0
  32: 0
  33: 0
  34: 0
  35: 0
  36: 0
  37: 0
  38: 0
  39: 0
  40: 0
  41: 0
  42: 0
  43: 0
  44: 0
  45: 0
  46: 0
  47: 0
  48: 0
  49: 0
  50: 0
  51: 0
  52: 0
  53: 0
  54: 0
  55: 0
  56: 0
  57: 0
  58: 0
  59: 0
  60: 0
  61: 0
  62: 0
  63: 0
 procInstrs: # Per-process instructions
  0: 4467759354
  1: 0
  2: 0
  3: 0
  4: 0
  5: 0
  6: 0
  7: 0
  8: 0
  9: 0
  10: 0
  11: 0
  12: 0
  13: 0
  14: 0
  15: 0
  16: 0
  17: 0
  18: 0
  19: 0
  20: 0
  21: 0
  22: 0
  23: 0
  24: 0
  25: 0
  26: 0
  27: 0
  28: 0
  29: 0
  30: 0
  31: 0
  32: 0
  33: 0
  34: 0
  35: 0
  36: 0
  37: 0
  38: 0
  39: 0
  40: 0
  41: 0
  42: 0
  43: 0
  44: 0
  45: 0
  46: 0
  47: 0
  48: 0
  49: 0
  50: 0
  51: 0
  52: 0
  53: 0
  54: 0
  55: 0
  56: 0
  57: 0
  58: 0
  59: 0
  60: 0
  61: 0
  62: 0
  63: 0
 heartbeats: # Per-process heartbeats
  0: 0
  1: 0
  2: 0
  3: 0
  4: 0
  5: 0
  6: 0
  7: 0
  8: 0
  9: 0
  10: 0
  11: 0
  12: 0
  13: 0
  14: 0
  15: 0
  16: 0
  17: 0
  18: 0
  19: 0
  20: 0
  21: 0
  22: 0
  23: 0
  24: 0
  25: 0
  26: 0
  27: 0
  28: 0
  29: 0
  30: 0
  31: 0
  32: 0
  33: 0
  34: 0
  35: 0
  36: 0
  37: 0
  38: 0
  39: 0
  40: 0
  41: 0
  42: 0
  43: 0
  44: 0
  45: 0
  46: 0
  47: 0
  48: 0
  49: 0
  50: 0
  51: 0
  52: 0
  53: 0
  54: 0
  55: 0
  56: 0
  57: 0
  58: 0
  59: 0
  60: 0
  61: 0
  62: 0
  63: 0
===
