# zsim stats
===
root: # Stats
 contention: # Contention simulation stats
  domain-0: # Domain stats
   time: 7318122034 # Weave simulation time
 time: # Simulator time breakdown
  init: 3061541715
  bound: 187328136100
  weave: 8225959001
  ff: 3180023
 trigger: 20000 # Reason for this stats dump
 phase: 29005 # Simulated phases
 reqCycles: 0 # Requeue Cycles
 skylake: # Core stats
  skylake-0: # Core stats
   cycles: 29005086 # Simulated unhalted cycles
   cCycles: 2221872 # Cycles due to contention stalls
   instrs: 39059956 # Simulated instructions
   uops: 27512523 # issued micro-ops
   bbls: 12668611 # Basic blocks
   approxInstrs: 609443 # Instrs with approx uop decoding
   mispredBranches: 88706 # Mispredicted branches
   IdqNotDelivered: 26783214 # Stalls no uop delivered when no Bkend Stall
   IntMiscRecoveryCycles: 718401 # Stalls waiting machine clears
   uops executed: 28189342 # Executed microoperations
  skylake-1: # Core stats
   cycles: 28981085 # Simulated unhalted cycles
   cCycles: 2221756 # Cycles due to contention stalls
   instrs: 39060773 # Simulated instructions
   uops: 27512596 # issued micro-ops
   bbls: 12669040 # Basic blocks
   approxInstrs: 609466 # Instrs with approx uop decoding
   mispredBranches: 88683 # Mispredicted branches
   IdqNotDelivered: 26759329 # Stalls no uop delivered when no Bkend Stall
   IntMiscRecoveryCycles: 713533 # Stalls waiting machine clears
   uops executed: 28189427 # Executed microoperations
  skylake-2: # Core stats
   cycles: 28978607 # Simulated unhalted cycles
   cCycles: 2221870 # Cycles due to contention stalls
   instrs: 39057509 # Simulated instructions
   uops: 27510065 # issued micro-ops
   bbls: 12668048 # Basic blocks
   approxInstrs: 609421 # Instrs with approx uop decoding
   mispredBranches: 88672 # Mispredicted branches
   IdqNotDelivered: 26756737 # Stalls no uop delivered when no Bkend Stall
   IntMiscRecoveryCycles: 714650 # Stalls waiting machine clears
   uops executed: 28186908 # Executed microoperations
  skylake-3: # Core stats
   cycles: 28980045 # Simulated unhalted cycles
   cCycles: 2221773 # Cycles due to contention stalls
   instrs: 39060536 # Simulated instructions
   uops: 27512322 # issued micro-ops
   bbls: 12668991 # Basic blocks
   approxInstrs: 609465 # Instrs with approx uop decoding
   mispredBranches: 88679 # Mispredicted branches
   IdqNotDelivered: 26758272 # Stalls no uop delivered when no Bkend Stall
   IntMiscRecoveryCycles: 714305 # Stalls waiting machine clears
   uops executed: 28189150 # Executed microoperations
  skylake-4: # Core stats
   cycles: 28978104 # Simulated unhalted cycles
   cCycles: 2221746 # Cycles due to contention stalls
   instrs: 39060541 # Simulated instructions
   uops: 27512328 # issued micro-ops
   bbls: 12668992 # Basic blocks
   approxInstrs: 609465 # Instrs with approx uop decoding
   mispredBranches: 88679 # Mispredicted branches
   IdqNotDelivered: 26756358 # Stalls no uop delivered when no Bkend Stall
   IntMiscRecoveryCycles: 713617 # Stalls waiting machine clears
   uops executed: 28189157 # Executed microoperations
  skylake-5: # Core stats
   cycles: 28977085 # Simulated unhalted cycles
   cCycles: 2221789 # Cycles due to contention stalls
   instrs: 39059838 # Simulated instructions
   uops: 27511831 # issued micro-ops
   bbls: 12668763 # Basic blocks
   approxInstrs: 609458 # Instrs with approx uop decoding
   mispredBranches: 88675 # Mispredicted branches
   IdqNotDelivered: 26755296 # Stalls no uop delivered when no Bkend Stall
   IntMiscRecoveryCycles: 713216 # Stalls waiting machine clears
   uops executed: 28188668 # Executed microoperations
  skylake-6: # Core stats
   cycles: 28976778 # Simulated unhalted cycles
   cCycles: 2221781 # Cycles due to contention stalls
   instrs: 39059905 # Simulated instructions
   uops: 27511571 # issued micro-ops
   bbls: 12668857 # Basic blocks
   approxInstrs: 609459 # Instrs with approx uop decoding
   mispredBranches: 88673 # Mispredicted branches
   IdqNotDelivered: 26754997 # Stalls no uop delivered when no Bkend Stall
   IntMiscRecoveryCycles: 714745 # Stalls waiting machine clears
   uops executed: 28188404 # Executed microoperations
  skylake-7: # Core stats
   cycles: 28976152 # Simulated unhalted cycles
   cCycles: 2221769 # Cycles due to contention stalls
   instrs: 39059899 # Simulated instructions
   uops: 27511563 # issued micro-ops
   bbls: 12668855 # Basic blocks
   approxInstrs: 609459 # Instrs with approx uop decoding
   mispredBranches: 88673 # Mispredicted branches
   IdqNotDelivered: 26754383 # Stalls no uop delivered when no Bkend Stall
   IntMiscRecoveryCycles: 714150 # Stalls waiting machine clears
   uops executed: 28188395 # Executed microoperations
  skylake-8: # Core stats
   cycles: 28976085 # Simulated unhalted cycles
   cCycles: 2221851 # Cycles due to contention stalls
   instrs: 39057745 # Simulated instructions
   uops: 27510343 # issued micro-ops
   bbls: 12668087 # Basic blocks
   approxInstrs: 609422 # Instrs with approx uop decoding
   mispredBranches: 88671 # Mispredicted branches
   IdqNotDelivered: 26754234 # Stalls no uop delivered when no Bkend Stall
   IntMiscRecoveryCycles: 713146 # Stalls waiting machine clears
   uops executed: 28187137 # Executed microoperations
  skylake-9: # Core stats
   cycles: 28975753 # Simulated unhalted cycles
   cCycles: 2221771 # Cycles due to contention stalls
   instrs: 39059898 # Simulated instructions
   uops: 27511562 # issued micro-ops
   bbls: 12668854 # Basic blocks
   approxInstrs: 609459 # Instrs with approx uop decoding
   mispredBranches: 88673 # Mispredicted branches
   IdqNotDelivered: 26753982 # Stalls no uop delivered when no Bkend Stall
   IntMiscRecoveryCycles: 714193 # Stalls waiting machine clears
   uops executed: 28188394 # Executed microoperations
  skylake-10: # Core stats
   cycles: 28975777 # Simulated unhalted cycles
   cCycles: 2221835 # Cycles due to contention stalls
   instrs: 39059081 # Simulated instructions
   uops: 27510992 # issued micro-ops
   bbls: 12668587 # Basic blocks
   approxInstrs: 609452 # Instrs with approx uop decoding
   mispredBranches: 88669 # Mispredicted branches
   IdqNotDelivered: 26753942 # Stalls no uop delivered when no Bkend Stall
   IntMiscRecoveryCycles: 713655 # Stalls waiting machine clears
   uops executed: 28187833 # Executed microoperations
  skylake-11: # Core stats
   cycles: 28975085 # Simulated unhalted cycles
   cCycles: 2221800 # Cycles due to contention stalls
   instrs: 39058456 # Simulated instructions
   uops: 27510789 # issued micro-ops
   bbls: 12668291 # Basic blocks
   approxInstrs: 609440 # Instrs with approx uop decoding
   mispredBranches: 88674 # Mispredicted branches
   IdqNotDelivered: 26753285 # Stalls no uop delivered when no Bkend Stall
   IntMiscRecoveryCycles: 714163 # Stalls waiting machine clears
   uops executed: 28187665 # Executed microoperations
  skylake-12: # Core stats
   cycles: 28975085 # Simulated unhalted cycles
   cCycles: 2221871 # Cycles due to contention stalls
   instrs: 39059423 # Simulated instructions
   uops: 27511220 # issued micro-ops
   bbls: 12668701 # Basic blocks
   approxInstrs: 609452 # Instrs with approx uop decoding
   mispredBranches: 88669 # Mispredicted branches
   IdqNotDelivered: 26753214 # Stalls no uop delivered when no Bkend Stall
   IntMiscRecoveryCycles: 713891 # Stalls waiting machine clears
   uops executed: 28188061 # Executed microoperations
  skylake-13: # Core stats
   cycles: 28974925 # Simulated unhalted cycles
   cCycles: 2221820 # Cycles due to contention stalls
   instrs: 39059899 # Simulated instructions
   uops: 27511563 # issued micro-ops
   bbls: 12668855 # Basic blocks
   approxInstrs: 609459 # Instrs with approx uop decoding
   mispredBranches: 88673 # Mispredicted branches
   IdqNotDelivered: 26753105 # Stalls no uop delivered when no Bkend Stall
   IntMiscRecoveryCycles: 713700 # Stalls waiting machine clears
   uops executed: 28188395 # Executed microoperations
  skylake-14: # Core stats
   cycles: 28974091 # Simulated unhalted cycles
   cCycles: 2221789 # Cycles due to contention stalls
   instrs: 39059891 # Simulated instructions
   uops: 27511552 # issued micro-ops
   bbls: 12668853 # Basic blocks
   approxInstrs: 609459 # Instrs with approx uop decoding
   mispredBranches: 88672 # Mispredicted branches
   IdqNotDelivered: 26752302 # Stalls no uop delivered when no Bkend Stall
   IntMiscRecoveryCycles: 713504 # Stalls waiting machine clears
   uops executed: 28188394 # Executed microoperations
  skylake-15: # Core stats
   cycles: 28974125 # Simulated unhalted cycles
   cCycles: 2221784 # Cycles due to contention stalls
   instrs: 39059891 # Simulated instructions
   uops: 27511552 # issued micro-ops
   bbls: 12668853 # Basic blocks
   approxInstrs: 609459 # Instrs with approx uop decoding
   mispredBranches: 88672 # Mispredicted branches
   IdqNotDelivered: 26752341 # Stalls no uop delivered when no Bkend Stall
   IntMiscRecoveryCycles: 713308 # Stalls waiting machine clears
   uops executed: 28188394 # Executed microoperations
  skylake-16: # Core stats
   cycles: 28974245 # Simulated unhalted cycles
   cCycles: 2221812 # Cycles due to contention stalls
   instrs: 39059899 # Simulated instructions
   uops: 27511563 # issued micro-ops
   bbls: 12668855 # Basic blocks
   approxInstrs: 609459 # Instrs with approx uop decoding
   mispredBranches: 88673 # Mispredicted branches
   IdqNotDelivered: 26752433 # Stalls no uop delivered when no Bkend Stall
   IntMiscRecoveryCycles: 713504 # Stalls waiting machine clears
   uops executed: 28188395 # Executed microoperations
  skylake-17: # Core stats
   cycles: 28974085 # Simulated unhalted cycles
   cCycles: 2221872 # Cycles due to contention stalls
   instrs: 39059487 # Simulated instructions
   uops: 27511276 # issued micro-ops
   bbls: 12668719 # Basic blocks
   approxInstrs: 609457 # Instrs with approx uop decoding
   mispredBranches: 88670 # Mispredicted branches
   IdqNotDelivered: 26752213 # Stalls no uop delivered when no Bkend Stall
   IntMiscRecoveryCycles: 713488 # Stalls waiting machine clears
   uops executed: 28188122 # Executed microoperations
  skylake-18: # Core stats
   cycles: 28973086 # Simulated unhalted cycles
   cCycles: 2221880 # Cycles due to contention stalls
   instrs: 39058097 # Simulated instructions
   uops: 27510285 # issued micro-ops
   bbls: 12668271 # Basic blocks
   approxInstrs: 609431 # Instrs with approx uop decoding
   mispredBranches: 88666 # Mispredicted branches
   IdqNotDelivered: 26751206 # Stalls no uop delivered when no Bkend Stall
   IntMiscRecoveryCycles: 713603 # Stalls waiting machine clears
   uops executed: 28187102 # Executed microoperations
  skylake-19: # Core stats
   cycles: 28973086 # Simulated unhalted cycles
   cCycles: 2221805 # Cycles due to contention stalls
   instrs: 39040300 # Simulated instructions
   uops: 27499055 # issued micro-ops
   bbls: 12662000 # Basic blocks
   approxInstrs: 609082 # Instrs with approx uop decoding
   mispredBranches: 88700 # Mispredicted branches
   IdqNotDelivered: 26751281 # Stalls no uop delivered when no Bkend Stall
   IntMiscRecoveryCycles: 715951 # Stalls waiting machine clears
   uops executed: 28175562 # Executed microoperations
  skylake-20: # Core stats
   cycles: 28973091 # Simulated unhalted cycles
   cCycles: 2221796 # Cycles due to contention stalls
   instrs: 39058570 # Simulated instructions
   uops: 27510630 # issued micro-ops
   bbls: 12668423 # Basic blocks
   approxInstrs: 609445 # Instrs with approx uop decoding
   mispredBranches: 88668 # Mispredicted branches
   IdqNotDelivered: 26751295 # Stalls no uop delivered when no Bkend Stall
   IntMiscRecoveryCycles: 713619 # Stalls waiting machine clears
   uops executed: 28187460 # Executed microoperations
  skylake-21: # Core stats
   cycles: 28973086 # Simulated unhalted cycles
   cCycles: 2221814 # Cycles due to contention stalls
   instrs: 39058277 # Simulated instructions
   uops: 27510422 # issued micro-ops
   bbls: 12668327 # Basic blocks
   approxInstrs: 609438 # Instrs with approx uop decoding
   mispredBranches: 88667 # Mispredicted branches
   IdqNotDelivered: 26751272 # Stalls no uop delivered when no Bkend Stall
   IntMiscRecoveryCycles: 713268 # Stalls waiting machine clears
   uops executed: 28187247 # Executed microoperations
  skylake-22: # Core stats
   cycles: 28970777 # Simulated unhalted cycles
   cCycles: 2221781 # Cycles due to contention stalls
   instrs: 39054818 # Simulated instructions
   uops: 27507982 # issued micro-ops
   bbls: 12667206 # Basic blocks
   approxInstrs: 609382 # Instrs with approx uop decoding
   mispredBranches: 88659 # Mispredicted branches
   IdqNotDelivered: 26748996 # Stalls no uop delivered when no Bkend Stall
   IntMiscRecoveryCycles: 713547 # Stalls waiting machine clears
   uops executed: 28184745 # Executed microoperations
  skylake-23: # Core stats
   cycles: 0 # Simulated unhalted cycles
   cCycles: 0 # Cycles due to contention stalls
   instrs: 0 # Simulated instructions
   uops: 0 # issued micro-ops
   bbls: 0 # Basic blocks
   approxInstrs: 0 # Instrs with approx uop decoding
   mispredBranches: 0 # Mispredicted branches
   IdqNotDelivered: 0 # Stalls no uop delivered when no Bkend Stall
   IntMiscRecoveryCycles: 0 # Stalls waiting machine clears
   uops executed: 0 # Executed microoperations
 l1d: # Cache stats
  l1d-0: # Filter cache stats
   fhGETS: 538928 # Filtered GETS hits
   fhGETX: 594353 # Filtered GETX hits
   hGETS: 4037 # GETS hits
   hGETX: 10497 # GETX hits
   mGETS: 10661 # GETS misses
   mGETXIM: 250111 # GETX I->M misses
   mGETXSM: 6 # GETX S->M misses (upgrade misses)
   PUTS: 0 # Clean evictions (from lower level)
   PUTX: 0 # Dirty evictions (from lower level)
   INV: 89 # Invalidates (from upper level)
   INVX: 106 # Downgrades (from upper level)
   FWD: 0 # Forwards (from upper level)
   latGETnl: 46661452 # GET request latency on next level
   latGETnet: 0 # GET request latency on network to next level
  l1d-1: # Filter cache stats
   fhGETS: 537388 # Filtered GETS hits
   fhGETX: 594211 # Filtered GETX hits
   hGETS: 5260 # GETS hits
   hGETX: 10451 # GETX hits
   mGETS: 10614 # GETS misses
   mGETXIM: 250092 # GETX I->M misses
   mGETXSM: 10 # GETX S->M misses (upgrade misses)
   PUTS: 0 # Clean evictions (from lower level)
   PUTX: 0 # Dirty evictions (from lower level)
   INV: 77 # Invalidates (from upper level)
   INVX: 25 # Downgrades (from upper level)
   FWD: 0 # Forwards (from upper level)
   latGETnl: 46642220 # GET request latency on next level
   latGETnet: 0 # GET request latency on network to next level
  l1d-2: # Filter cache stats
   fhGETS: 538528 # Filtered GETS hits
   fhGETX: 594103 # Filtered GETX hits
   hGETS: 3933 # GETS hits
   hGETX: 10436 # GETX hits
   mGETS: 10602 # GETS misses
   mGETXIM: 250065 # GETX I->M misses
   mGETXSM: 5 # GETX S->M misses (upgrade misses)
   PUTS: 0 # Clean evictions (from lower level)
   PUTX: 0 # Dirty evictions (from lower level)
   INV: 50 # Invalidates (from upper level)
   INVX: 5 # Downgrades (from upper level)
   FWD: 0 # Forwards (from upper level)
   latGETnl: 46636488 # GET request latency on next level
   latGETnet: 0 # GET request latency on network to next level
  l1d-3: # Filter cache stats
   fhGETS: 538625 # Filtered GETS hits
   fhGETX: 594165 # Filtered GETX hits
   hGETS: 3963 # GETS hits
   hGETX: 10464 # GETX hits
   mGETS: 10610 # GETS misses
   mGETXIM: 250085 # GETX I->M misses
   mGETXSM: 8 # GETX S->M misses (upgrade misses)
   PUTS: 0 # Clean evictions (from lower level)
   PUTX: 0 # Dirty evictions (from lower level)
   INV: 65 # Invalidates (from upper level)
   INVX: 41 # Downgrades (from upper level)
   FWD: 0 # Forwards (from upper level)
   latGETnl: 46644187 # GET request latency on next level
   latGETnet: 0 # GET request latency on network to next level
  l1d-4: # Filter cache stats
   fhGETS: 538622 # Filtered GETS hits
   fhGETX: 591553 # Filtered GETX hits
   hGETS: 3966 # GETS hits
   hGETX: 13079 # GETX hits
   mGETS: 10611 # GETS misses
   mGETXIM: 250082 # GETX I->M misses
   mGETXSM: 9 # GETX S->M misses (upgrade misses)
   PUTS: 0 # Clean evictions (from lower level)
   PUTX: 0 # Dirty evictions (from lower level)
   INV: 65 # Invalidates (from upper level)
   INVX: 20 # Downgrades (from upper level)
   FWD: 0 # Forwards (from upper level)
   latGETnl: 46640928 # GET request latency on next level
   latGETnet: 0 # GET request latency on network to next level
  l1d-5: # Filter cache stats
   fhGETS: 538621 # Filtered GETS hits
   fhGETX: 594172 # Filtered GETX hits
   hGETS: 3950 # GETS hits
   hGETX: 10450 # GETX hits
   mGETS: 10610 # GETS misses
   mGETXIM: 250083 # GETX I->M misses
   mGETXSM: 9 # GETX S->M misses (upgrade misses)
   PUTS: 0 # Clean evictions (from lower level)
   PUTX: 0 # Dirty evictions (from lower level)
   INV: 67 # Invalidates (from upper level)
   INVX: 19 # Downgrades (from upper level)
   FWD: 0 # Forwards (from upper level)
   latGETnl: 46640414 # GET request latency on next level
   latGETnet: 0 # GET request latency on network to next level
  l1d-6: # Filter cache stats
   fhGETS: 538484 # Filtered GETS hits
   fhGETX: 591489 # Filtered GETX hits
   hGETS: 3938 # GETS hits
   hGETX: 13030 # GETX hits
   mGETS: 10585 # GETS misses
   mGETXIM: 250083 # GETX I->M misses
   mGETXSM: 5 # GETX S->M misses (upgrade misses)
   PUTS: 0 # Clean evictions (from lower level)
   PUTX: 0 # Dirty evictions (from lower level)
   INV: 50 # Invalidates (from upper level)
   INVX: 3 # Downgrades (from upper level)
   FWD: 0 # Forwards (from upper level)
   latGETnl: 46636947 # GET request latency on next level
   latGETnet: 0 # GET request latency on network to next level
  l1d-7: # Filter cache stats
   fhGETS: 537172 # Filtered GETS hits
   fhGETX: 591493 # Filtered GETX hits
   hGETS: 5245 # GETS hits
   hGETX: 13020 # GETX hits
   mGETS: 10588 # GETS misses
   mGETXIM: 250086 # GETX I->M misses
   mGETXSM: 7 # GETX S->M misses (upgrade misses)
   PUTS: 0 # Clean evictions (from lower level)
   PUTX: 0 # Dirty evictions (from lower level)
   INV: 56 # Invalidates (from upper level)
   INVX: 16 # Downgrades (from upper level)
   FWD: 0 # Forwards (from upper level)
   latGETnl: 46639039 # GET request latency on next level
   latGETnet: 0 # GET request latency on network to next level
  l1d-8: # Filter cache stats
   fhGETS: 538578 # Filtered GETS hits
   fhGETX: 594135 # Filtered GETX hits
   hGETS: 3961 # GETS hits
   hGETX: 10452 # GETX hits
   mGETS: 10607 # GETS misses
   mGETXIM: 250066 # GETX I->M misses
   mGETXSM: 8 # GETX S->M misses (upgrade misses)
   PUTS: 0 # Clean evictions (from lower level)
   PUTX: 0 # Dirty evictions (from lower level)
   INV: 64 # Invalidates (from upper level)
   INVX: 18 # Downgrades (from upper level)
   FWD: 0 # Forwards (from upper level)
   latGETnl: 46637113 # GET request latency on next level
   latGETnet: 0 # GET request latency on network to next level
  l1d-9: # Filter cache stats
   fhGETS: 537181 # Filtered GETS hits
   fhGETX: 591483 # Filtered GETX hits
   hGETS: 5231 # GETS hits
   hGETX: 13040 # GETX hits
   mGETS: 10593 # GETS misses
   mGETXIM: 250078 # GETX I->M misses
   mGETXSM: 5 # GETX S->M misses (upgrade misses)
   PUTS: 0 # Clean evictions (from lower level)
   PUTX: 0 # Dirty evictions (from lower level)
   INV: 54 # Invalidates (from upper level)
   INVX: 16 # Downgrades (from upper level)
   FWD: 0 # Forwards (from upper level)
   latGETnl: 46639610 # GET request latency on next level
   latGETnet: 0 # GET request latency on network to next level
  l1d-10: # Filter cache stats
   fhGETS: 538457 # Filtered GETS hits
   fhGETX: 591473 # Filtered GETX hits
   hGETS: 3943 # GETS hits
   hGETX: 13047 # GETX hits
   mGETS: 10588 # GETS misses
   mGETXIM: 250073 # GETX I->M misses
   mGETXSM: 5 # GETX S->M misses (upgrade misses)
   PUTS: 0 # Clean evictions (from lower level)
   PUTX: 0 # Dirty evictions (from lower level)
   INV: 48 # Invalidates (from upper level)
   INVX: 15 # Downgrades (from upper level)
   FWD: 0 # Forwards (from upper level)
   latGETnl: 46638208 # GET request latency on next level
   latGETnet: 0 # GET request latency on network to next level
  l1d-11: # Filter cache stats
   fhGETS: 538619 # Filtered GETS hits
   fhGETX: 594157 # Filtered GETX hits
   hGETS: 3970 # GETS hits
   hGETX: 10439 # GETX hits
   mGETS: 10604 # GETS misses
   mGETXIM: 250085 # GETX I->M misses
   mGETXSM: 9 # GETX S->M misses (upgrade misses)
   PUTS: 0 # Clean evictions (from lower level)
   PUTX: 0 # Dirty evictions (from lower level)
   INV: 52 # Invalidates (from upper level)
   INVX: 12 # Downgrades (from upper level)
   FWD: 0 # Forwards (from upper level)
   latGETnl: 46641004 # GET request latency on next level
   latGETnet: 0 # GET request latency on network to next level
  l1d-12: # Filter cache stats
   fhGETS: 453814 # Filtered GETS hits
   fhGETX: 508129 # Filtered GETX hits
   hGETS: 88585 # GETS hits
   hGETX: 96387 # GETX hits
   mGETS: 10589 # GETS misses
   mGETXIM: 250076 # GETX I->M misses
   mGETXSM: 6 # GETX S->M misses (upgrade misses)
   PUTS: 0 # Clean evictions (from lower level)
   PUTX: 0 # Dirty evictions (from lower level)
   INV: 50 # Invalidates (from upper level)
   INVX: 7 # Downgrades (from upper level)
   FWD: 0 # Forwards (from upper level)
   latGETnl: 46637115 # GET request latency on next level
   latGETnet: 0 # GET request latency on network to next level
  l1d-13: # Filter cache stats
   fhGETS: 538482 # Filtered GETS hits
   fhGETX: 594085 # Filtered GETX hits
   hGETS: 3933 # GETS hits
   hGETX: 10441 # GETX hits
   mGETS: 10590 # GETS misses
   mGETXIM: 250075 # GETX I->M misses
   mGETXSM: 5 # GETX S->M misses (upgrade misses)
   PUTS: 0 # Clean evictions (from lower level)
   PUTX: 0 # Dirty evictions (from lower level)
   INV: 48 # Invalidates (from upper level)
   INVX: 4 # Downgrades (from upper level)
   FWD: 0 # Forwards (from upper level)
   latGETnl: 46637540 # GET request latency on next level
   latGETnet: 0 # GET request latency on network to next level
  l1d-14: # Filter cache stats
   fhGETS: 537182 # Filtered GETS hits
   fhGETX: 594089 # Filtered GETX hits
   hGETS: 5230 # GETS hits
   hGETX: 10429 # GETX hits
   mGETS: 10590 # GETS misses
   mGETXIM: 250081 # GETX I->M misses
   mGETXSM: 6 # GETX S->M misses (upgrade misses)
   PUTS: 0 # Clean evictions (from lower level)
   PUTX: 0 # Dirty evictions (from lower level)
   INV: 55 # Invalidates (from upper level)
   INVX: 2 # Downgrades (from upper level)
   FWD: 0 # Forwards (from upper level)
   latGETnl: 46637105 # GET request latency on next level
   latGETnet: 0 # GET request latency on network to next level
  l1d-15: # Filter cache stats
   fhGETS: 537185 # Filtered GETS hits
   fhGETX: 591486 # Filtered GETX hits
   hGETS: 5231 # GETS hits
   hGETX: 13029 # GETX hits
   mGETS: 10586 # GETS misses
   mGETXIM: 250084 # GETX I->M misses
   mGETXSM: 6 # GETX S->M misses (upgrade misses)
   PUTS: 0 # Clean evictions (from lower level)
   PUTX: 0 # Dirty evictions (from lower level)
   INV: 55 # Invalidates (from upper level)
   INVX: 2 # Downgrades (from upper level)
   FWD: 0 # Forwards (from upper level)
   latGETnl: 46636266 # GET request latency on next level
   latGETnet: 0 # GET request latency on network to next level
  l1d-16: # Filter cache stats
   fhGETS: 453827 # Filtered GETS hits
   fhGETX: 508132 # Filtered GETX hits
   hGETS: 88588 # GETS hits
   hGETX: 96389 # GETX hits
   mGETS: 10590 # GETS misses
   mGETXIM: 250079 # GETX I->M misses
   mGETXSM: 6 # GETX S->M misses (upgrade misses)
   PUTS: 0 # Clean evictions (from lower level)
   PUTX: 0 # Dirty evictions (from lower level)
   INV: 52 # Invalidates (from upper level)
   INVX: 2 # Downgrades (from upper level)
   FWD: 0 # Forwards (from upper level)
   latGETnl: 46636615 # GET request latency on next level
   latGETnet: 0 # GET request latency on network to next level
  l1d-17: # Filter cache stats
   fhGETS: 538483 # Filtered GETS hits
   fhGETX: 594095 # Filtered GETX hits
   hGETS: 3923 # GETS hits
   hGETX: 10427 # GETX hits
   mGETS: 10589 # GETS misses
   mGETXIM: 250077 # GETX I->M misses
   mGETXSM: 6 # GETX S->M misses (upgrade misses)
   PUTS: 0 # Clean evictions (from lower level)
   PUTX: 0 # Dirty evictions (from lower level)
   INV: 50 # Invalidates (from upper level)
   INVX: 2 # Downgrades (from upper level)
   FWD: 0 # Forwards (from upper level)
   latGETnl: 46636606 # GET request latency on next level
   latGETnet: 0 # GET request latency on network to next level
  l1d-18: # Filter cache stats
   fhGETS: 538431 # Filtered GETS hits
   fhGETX: 591446 # Filtered GETX hits
   hGETS: 3950 # GETS hits
   hGETX: 13051 # GETX hits
   mGETS: 10589 # GETS misses
   mGETXIM: 250065 # GETX I->M misses
   mGETXSM: 6 # GETX S->M misses (upgrade misses)
   PUTS: 0 # Clean evictions (from lower level)
   PUTX: 0 # Dirty evictions (from lower level)
   INV: 48 # Invalidates (from upper level)
   INVX: 2 # Downgrades (from upper level)
   FWD: 0 # Forwards (from upper level)
   latGETnl: 46634722 # GET request latency on next level
   latGETnet: 0 # GET request latency on network to next level
  l1d-19: # Filter cache stats
   fhGETS: 537851 # Filtered GETS hits
   fhGETX: 591544 # Filtered GETX hits
   hGETS: 5472 # GETS hits
   hGETX: 13096 # GETX hits
   mGETS: 10648 # GETS misses
   mGETXIM: 249923 # GETX I->M misses
   mGETXSM: 10 # GETX S->M misses (upgrade misses)
   PUTS: 0 # Clean evictions (from lower level)
   PUTX: 0 # Dirty evictions (from lower level)
   INV: 48 # Invalidates (from upper level)
   INVX: 3 # Downgrades (from upper level)
   FWD: 0 # Forwards (from upper level)
   latGETnl: 46618099 # GET request latency on next level
   latGETnet: 0 # GET request latency on network to next level
  l1d-20: # Filter cache stats
   fhGETS: 537160 # Filtered GETS hits
   fhGETX: 594072 # Filtered GETX hits
   hGETS: 5229 # GETS hits
   hGETX: 10431 # GETX hits
   mGETS: 10589 # GETS misses
   mGETXIM: 250076 # GETX I->M misses
   mGETXSM: 6 # GETX S->M misses (upgrade misses)
   PUTS: 0 # Clean evictions (from lower level)
   PUTX: 0 # Dirty evictions (from lower level)
   INV: 53 # Invalidates (from upper level)
   INVX: 2 # Downgrades (from upper level)
   FWD: 0 # Forwards (from upper level)
   latGETnl: 46636031 # GET request latency on next level
   latGETnet: 0 # GET request latency on network to next level
  l1d-21: # Filter cache stats
   fhGETS: 538463 # Filtered GETS hits
   fhGETX: 594076 # Filtered GETX hits
   hGETS: 3926 # GETS hits
   hGETX: 10425 # GETX hits
   mGETS: 10587 # GETS misses
   mGETXIM: 250071 # GETX I->M misses
   mGETXSM: 6 # GETX S->M misses (upgrade misses)
   PUTS: 0 # Clean evictions (from lower level)
   PUTX: 0 # Dirty evictions (from lower level)
   INV: 50 # Invalidates (from upper level)
   INVX: 2 # Downgrades (from upper level)
   FWD: 0 # Forwards (from upper level)
   latGETnl: 46634910 # GET request latency on next level
   latGETnet: 0 # GET request latency on network to next level
  l1d-22: # Filter cache stats
   fhGETS: 538417 # Filtered GETS hits
   fhGETX: 594020 # Filtered GETX hits
   hGETS: 3920 # GETS hits
   hGETX: 10430 # GETX hits
   mGETS: 10589 # GETS misses
   mGETXIM: 250045 # GETX I->M misses
   mGETXSM: 5 # GETX S->M misses (upgrade misses)
   PUTS: 0 # Clean evictions (from lower level)
   PUTX: 0 # Dirty evictions (from lower level)
   INV: 50 # Invalidates (from upper level)
   INVX: 3 # Downgrades (from upper level)
   FWD: 0 # Forwards (from upper level)
   latGETnl: 46631199 # GET request latency on next level
   latGETnet: 0 # GET request latency on network to next level
  l1d-23: # Filter cache stats
   fhGETS: 0 # Filtered GETS hits
   fhGETX: 0 # Filtered GETX hits
   hGETS: 0 # GETS hits
   hGETX: 0 # GETX hits
   mGETS: 0 # GETS misses
   mGETXIM: 0 # GETX I->M misses
   mGETXSM: 0 # GETX S->M misses (upgrade misses)
   PUTS: 0 # Clean evictions (from lower level)
   PUTX: 0 # Dirty evictions (from lower level)
   INV: 0 # Invalidates (from upper level)
   INVX: 0 # Downgrades (from upper level)
   FWD: 0 # Forwards (from upper level)
   latGETnl: 0 # GET request latency on next level
   latGETnet: 0 # GET request latency on network to next level
 l1i: # Cache stats
  l1i-0: # Filter cache stats
   fhGETS: 13184037 # Filtered GETS hits
   fhGETX: 0 # Filtered GETX hits
   hGETS: 51 # GETS hits
   hGETX: 0 # GETX hits
   mGETS: 634 # GETS misses
   mGETXIM: 0 # GETX I->M misses
   mGETXSM: 0 # GETX S->M misses (upgrade misses)
   PUTS: 0 # Clean evictions (from lower level)
   PUTX: 0 # Dirty evictions (from lower level)
   INV: 611 # Invalidates (from upper level)
   INVX: 0 # Downgrades (from upper level)
   FWD: 0 # Forwards (from upper level)
   latGETnl: 53954 # GET request latency on next level
   latGETnet: 0 # GET request latency on network to next level
  l1i-1: # Filter cache stats
   fhGETS: 13184590 # Filtered GETS hits
   fhGETX: 0 # Filtered GETX hits
   hGETS: 38 # GETS hits
   hGETX: 0 # GETX hits
   mGETS: 547 # GETS misses
   mGETXIM: 0 # GETX I->M misses
   mGETXSM: 0 # GETX S->M misses (upgrade misses)
   PUTS: 0 # Clean evictions (from lower level)
   PUTX: 0 # Dirty evictions (from lower level)
   INV: 523 # Invalidates (from upper level)
   INVX: 0 # Downgrades (from upper level)
   FWD: 0 # Forwards (from upper level)
   latGETnl: 29801 # GET request latency on next level
   latGETnet: 0 # GET request latency on network to next level
  l1i-2: # Filter cache stats
   fhGETS: 13183500 # Filtered GETS hits
   fhGETX: 0 # Filtered GETX hits
   hGETS: 32 # GETS hits
   hGETX: 0 # GETX hits
   mGETS: 571 # GETS misses
   mGETXIM: 0 # GETX I->M misses
   mGETXSM: 0 # GETX S->M misses (upgrade misses)
   PUTS: 0 # Clean evictions (from lower level)
   PUTX: 0 # Dirty evictions (from lower level)
   INV: 548 # Invalidates (from upper level)
   INVX: 0 # Downgrades (from upper level)
   FWD: 0 # Forwards (from upper level)
   latGETnl: 32513 # GET request latency on next level
   latGETnet: 0 # GET request latency on network to next level
  l1i-3: # Filter cache stats
   fhGETS: 13184527 # Filtered GETS hits
   fhGETX: 0 # Filtered GETX hits
   hGETS: 30 # GETS hits
   hGETX: 0 # GETX hits
   mGETS: 553 # GETS misses
   mGETXIM: 0 # GETX I->M misses
   mGETXSM: 0 # GETX S->M misses (upgrade misses)
   PUTS: 0 # Clean evictions (from lower level)
   PUTX: 0 # Dirty evictions (from lower level)
   INV: 525 # Invalidates (from upper level)
   INVX: 0 # Downgrades (from upper level)
   FWD: 0 # Forwards (from upper level)
   latGETnl: 29555 # GET request latency on next level
   latGETnet: 0 # GET request latency on network to next level
  l1i-4: # Filter cache stats
   fhGETS: 13184531 # Filtered GETS hits
   fhGETX: 0 # Filtered GETX hits
   hGETS: 31 # GETS hits
   hGETX: 0 # GETX hits
   mGETS: 557 # GETS misses
   mGETXIM: 0 # GETX I->M misses
   mGETXSM: 0 # GETX S->M misses (upgrade misses)
   PUTS: 0 # Clean evictions (from lower level)
   PUTX: 0 # Dirty evictions (from lower level)
   INV: 527 # Invalidates (from upper level)
   INVX: 0 # Downgrades (from upper level)
   FWD: 0 # Forwards (from upper level)
   latGETnl: 26839 # GET request latency on next level
   latGETnet: 0 # GET request latency on network to next level
  l1i-5: # Filter cache stats
   fhGETS: 13184284 # Filtered GETS hits
   fhGETX: 0 # Filtered GETX hits
   hGETS: 31 # GETS hits
   hGETX: 0 # GETX hits
   mGETS: 551 # GETS misses
   mGETXIM: 0 # GETX I->M misses
   mGETXSM: 0 # GETX S->M misses (upgrade misses)
   PUTS: 0 # Clean evictions (from lower level)
   PUTX: 0 # Dirty evictions (from lower level)
   INV: 528 # Invalidates (from upper level)
   INVX: 0 # Downgrades (from upper level)
   FWD: 0 # Forwards (from upper level)
   latGETnl: 26029 # GET request latency on next level
   latGETnet: 0 # GET request latency on network to next level
  l1i-6: # Filter cache stats
   fhGETS: 13184377 # Filtered GETS hits
   fhGETX: 0 # Filtered GETX hits
   hGETS: 29 # GETS hits
   hGETX: 0 # GETX hits
   mGETS: 537 # GETS misses
   mGETXIM: 0 # GETX I->M misses
   mGETXSM: 0 # GETX S->M misses (upgrade misses)
   PUTS: 0 # Clean evictions (from lower level)
   PUTX: 0 # Dirty evictions (from lower level)
   INV: 505 # Invalidates (from upper level)
   INVX: 0 # Downgrades (from upper level)
   FWD: 0 # Forwards (from upper level)
   latGETnl: 29727 # GET request latency on next level
   latGETnet: 0 # GET request latency on network to next level
  l1i-7: # Filter cache stats
   fhGETS: 13184368 # Filtered GETS hits
   fhGETX: 0 # Filtered GETX hits
   hGETS: 29 # GETS hits
   hGETX: 0 # GETX hits
   mGETS: 540 # GETS misses
   mGETXIM: 0 # GETX I->M misses
   mGETXSM: 0 # GETX S->M misses (upgrade misses)
   PUTS: 0 # Clean evictions (from lower level)
   PUTX: 0 # Dirty evictions (from lower level)
   INV: 510 # Invalidates (from upper level)
   INVX: 0 # Downgrades (from upper level)
   FWD: 0 # Forwards (from upper level)
   latGETnl: 27888 # GET request latency on next level
   latGETnet: 0 # GET request latency on network to next level
  l1i-8: # Filter cache stats
   fhGETS: 13183589 # Filtered GETS hits
   fhGETX: 0 # Filtered GETX hits
   hGETS: 30 # GETS hits
   hGETX: 0 # GETX hits
   mGETS: 553 # GETS misses
   mGETXIM: 0 # GETX I->M misses
   mGETXSM: 0 # GETX S->M misses (upgrade misses)
   PUTS: 0 # Clean evictions (from lower level)
   PUTX: 0 # Dirty evictions (from lower level)
   INV: 530 # Invalidates (from upper level)
   INVX: 0 # Downgrades (from upper level)
   FWD: 0 # Forwards (from upper level)
   latGETnl: 26123 # GET request latency on next level
   latGETnet: 0 # GET request latency on network to next level
  l1i-9: # Filter cache stats
   fhGETS: 13184379 # Filtered GETS hits
   fhGETX: 0 # Filtered GETX hits
   hGETS: 29 # GETS hits
   hGETX: 0 # GETX hits
   mGETS: 543 # GETS misses
   mGETXIM: 0 # GETX I->M misses
   mGETXSM: 0 # GETX S->M misses (upgrade misses)
   PUTS: 0 # Clean evictions (from lower level)
   PUTX: 0 # Dirty evictions (from lower level)
   INV: 514 # Invalidates (from upper level)
   INVX: 0 # Downgrades (from upper level)
   FWD: 0 # Forwards (from upper level)
   latGETnl: 26577 # GET request latency on next level
   latGETnet: 0 # GET request latency on network to next level
  l1i-10: # Filter cache stats
   fhGETS: 13184089 # Filtered GETS hits
   fhGETX: 0 # Filtered GETX hits
   hGETS: 29 # GETS hits
   hGETX: 0 # GETX hits
   mGETS: 531 # GETS misses
   mGETXIM: 0 # GETX I->M misses
   mGETXSM: 0 # GETX S->M misses (upgrade misses)
   PUTS: 0 # Clean evictions (from lower level)
   PUTX: 0 # Dirty evictions (from lower level)
   INV: 508 # Invalidates (from upper level)
   INVX: 0 # Downgrades (from upper level)
   FWD: 0 # Forwards (from upper level)
   latGETnl: 27333 # GET request latency on next level
   latGETnet: 0 # GET request latency on network to next level
  l1i-11: # Filter cache stats
   fhGETS: 13183727 # Filtered GETS hits
   fhGETX: 0 # Filtered GETX hits
   hGETS: 133 # GETS hits
   hGETX: 0 # GETX hits
   mGETS: 538 # GETS misses
   mGETXIM: 0 # GETX I->M misses
   mGETXSM: 0 # GETX S->M misses (upgrade misses)
   PUTS: 0 # Clean evictions (from lower level)
   PUTX: 0 # Dirty evictions (from lower level)
   INV: 515 # Invalidates (from upper level)
   INVX: 0 # Downgrades (from upper level)
   FWD: 0 # Forwards (from upper level)
   latGETnl: 26342 # GET request latency on next level
   latGETnet: 0 # GET request latency on network to next level
  l1i-12: # Filter cache stats
   fhGETS: 13184220 # Filtered GETS hits
   fhGETX: 0 # Filtered GETX hits
   hGETS: 29 # GETS hits
   hGETX: 0 # GETX hits
   mGETS: 535 # GETS misses
   mGETXIM: 0 # GETX I->M misses
   mGETXSM: 0 # GETX S->M misses (upgrade misses)
   PUTS: 0 # Clean evictions (from lower level)
   PUTX: 0 # Dirty evictions (from lower level)
   INV: 512 # Invalidates (from upper level)
   INVX: 0 # Downgrades (from upper level)
   FWD: 0 # Forwards (from upper level)
   latGETnl: 26201 # GET request latency on next level
   latGETnet: 0 # GET request latency on network to next level
  l1i-13: # Filter cache stats
   fhGETS: 13184384 # Filtered GETS hits
   fhGETX: 0 # Filtered GETX hits
   hGETS: 29 # GETS hits
   hGETX: 0 # GETX hits
   mGETS: 542 # GETS misses
   mGETXIM: 0 # GETX I->M misses
   mGETXSM: 0 # GETX S->M misses (upgrade misses)
   PUTS: 0 # Clean evictions (from lower level)
   PUTX: 0 # Dirty evictions (from lower level)
   INV: 512 # Invalidates (from upper level)
   INVX: 0 # Downgrades (from upper level)
   FWD: 0 # Forwards (from upper level)
   latGETnl: 25606 # GET request latency on next level
   latGETnet: 0 # GET request latency on network to next level
  l1i-14: # Filter cache stats
   fhGETS: 13184380 # Filtered GETS hits
   fhGETX: 0 # Filtered GETX hits
   hGETS: 29 # GETS hits
   hGETX: 0 # GETX hits
   mGETS: 539 # GETS misses
   mGETXIM: 0 # GETX I->M misses
   mGETXSM: 0 # GETX S->M misses (upgrade misses)
   PUTS: 0 # Clean evictions (from lower level)
   PUTX: 0 # Dirty evictions (from lower level)
   INV: 514 # Invalidates (from upper level)
   INVX: 0 # Downgrades (from upper level)
   FWD: 0 # Forwards (from upper level)
   latGETnl: 25333 # GET request latency on next level
   latGETnet: 0 # GET request latency on network to next level
  l1i-15: # Filter cache stats
   fhGETS: 13184380 # Filtered GETS hits
   fhGETX: 0 # Filtered GETX hits
   hGETS: 29 # GETS hits
   hGETX: 0 # GETX hits
   mGETS: 535 # GETS misses
   mGETXIM: 0 # GETX I->M misses
   mGETXSM: 0 # GETX S->M misses (upgrade misses)
   PUTS: 0 # Clean evictions (from lower level)
   PUTX: 0 # Dirty evictions (from lower level)
   INV: 510 # Invalidates (from upper level)
   INVX: 0 # Downgrades (from upper level)
   FWD: 0 # Forwards (from upper level)
   latGETnl: 25409 # GET request latency on next level
   latGETnet: 0 # GET request latency on network to next level
  l1i-16: # Filter cache stats
   fhGETS: 13184383 # Filtered GETS hits
   fhGETX: 0 # Filtered GETX hits
   hGETS: 29 # GETS hits
   hGETX: 0 # GETX hits
   mGETS: 539 # GETS misses
   mGETXIM: 0 # GETX I->M misses
   mGETXSM: 0 # GETX S->M misses (upgrade misses)
   PUTS: 0 # Clean evictions (from lower level)
   PUTX: 0 # Dirty evictions (from lower level)
   INV: 509 # Invalidates (from upper level)
   INVX: 0 # Downgrades (from upper level)
   FWD: 0 # Forwards (from upper level)
   latGETnl: 25465 # GET request latency on next level
   latGETnet: 0 # GET request latency on network to next level
  l1i-17: # Filter cache stats
   fhGETS: 13184239 # Filtered GETS hits
   fhGETX: 0 # Filtered GETX hits
   hGETS: 29 # GETS hits
   hGETX: 0 # GETX hits
   mGETS: 536 # GETS misses
   mGETXIM: 0 # GETX I->M misses
   mGETXSM: 0 # GETX S->M misses (upgrade misses)
   PUTS: 0 # Clean evictions (from lower level)
   PUTX: 0 # Dirty evictions (from lower level)
   INV: 513 # Invalidates (from upper level)
   INVX: 0 # Downgrades (from upper level)
   FWD: 0 # Forwards (from upper level)
   latGETnl: 25192 # GET request latency on next level
   latGETnet: 0 # GET request latency on network to next level
  l1i-18: # Filter cache stats
   fhGETS: 13183772 # Filtered GETS hits
   fhGETX: 0 # Filtered GETX hits
   hGETS: 29 # GETS hits
   hGETX: 0 # GETX hits
   mGETS: 535 # GETS misses
   mGETXIM: 0 # GETX I->M misses
   mGETXSM: 0 # GETX S->M misses (upgrade misses)
   PUTS: 0 # Clean evictions (from lower level)
   PUTX: 0 # Dirty evictions (from lower level)
   INV: 512 # Invalidates (from upper level)
   INVX: 0 # Downgrades (from upper level)
   FWD: 0 # Forwards (from upper level)
   latGETnl: 25145 # GET request latency on next level
   latGETnet: 0 # GET request latency on network to next level
  l1i-19: # Filter cache stats
   fhGETS: 13177414 # Filtered GETS hits
   fhGETX: 0 # Filtered GETX hits
   hGETS: 115 # GETS hits
   hGETX: 0 # GETX hits
   mGETS: 600 # GETS misses
   mGETXIM: 0 # GETX I->M misses
   mGETXSM: 0 # GETX S->M misses (upgrade misses)
   PUTS: 0 # Clean evictions (from lower level)
   PUTX: 0 # Dirty evictions (from lower level)
   INV: 577 # Invalidates (from upper level)
   INVX: 0 # Downgrades (from upper level)
   FWD: 0 # Forwards (from upper level)
   latGETnl: 35460 # GET request latency on next level
   latGETnet: 0 # GET request latency on network to next level
  l1i-20: # Filter cache stats
   fhGETS: 13183934 # Filtered GETS hits
   fhGETX: 0 # Filtered GETX hits
   hGETS: 29 # GETS hits
   hGETX: 0 # GETX hits
   mGETS: 537 # GETS misses
   mGETXIM: 0 # GETX I->M misses
   mGETXSM: 0 # GETX S->M misses (upgrade misses)
   PUTS: 0 # Clean evictions (from lower level)
   PUTX: 0 # Dirty evictions (from lower level)
   INV: 514 # Invalidates (from upper level)
   INVX: 0 # Downgrades (from upper level)
   FWD: 0 # Forwards (from upper level)
   latGETnl: 25239 # GET request latency on next level
   latGETnet: 0 # GET request latency on network to next level
  l1i-21: # Filter cache stats
   fhGETS: 13183830 # Filtered GETS hits
   fhGETX: 0 # Filtered GETX hits
   hGETS: 29 # GETS hits
   hGETX: 0 # GETX hits
   mGETS: 532 # GETS misses
   mGETXIM: 0 # GETX I->M misses
   mGETXSM: 0 # GETX S->M misses (upgrade misses)
   PUTS: 0 # Clean evictions (from lower level)
   PUTX: 0 # Dirty evictions (from lower level)
   INV: 509 # Invalidates (from upper level)
   INVX: 0 # Downgrades (from upper level)
   FWD: 0 # Forwards (from upper level)
   latGETnl: 25268 # GET request latency on next level
   latGETnet: 0 # GET request latency on network to next level
  l1i-22: # Filter cache stats
   fhGETS: 13182664 # Filtered GETS hits
   fhGETX: 0 # Filtered GETX hits
   hGETS: 29 # GETS hits
   hGETX: 0 # GETX hits
   mGETS: 536 # GETS misses
   mGETXIM: 0 # GETX I->M misses
   mGETXSM: 0 # GETX S->M misses (upgrade misses)
   PUTS: 0 # Clean evictions (from lower level)
   PUTX: 0 # Dirty evictions (from lower level)
   INV: 513 # Invalidates (from upper level)
   INVX: 0 # Downgrades (from upper level)
   FWD: 0 # Forwards (from upper level)
   latGETnl: 25192 # GET request latency on next level
   latGETnet: 0 # GET request latency on network to next level
  l1i-23: # Filter cache stats
   fhGETS: 0 # Filtered GETS hits
   fhGETX: 0 # Filtered GETX hits
   hGETS: 0 # GETS hits
   hGETX: 0 # GETX hits
   mGETS: 0 # GETS misses
   mGETXIM: 0 # GETX I->M misses
   mGETXSM: 0 # GETX S->M misses (upgrade misses)
   PUTS: 0 # Clean evictions (from lower level)
   PUTX: 0 # Dirty evictions (from lower level)
   INV: 0 # Invalidates (from upper level)
   INVX: 0 # Downgrades (from upper level)
   FWD: 0 # Forwards (from upper level)
   latGETnl: 0 # GET request latency on next level
   latGETnet: 0 # GET request latency on network to next level
 l2: # Cache stats
  l2-0: # Cache stats
   hGETS: 0 # GETS hits
   hGETX: 0 # GETX hits
   mGETS: 11295 # GETS misses
   mGETXIM: 250111 # GETX I->M misses
   mGETXSM: 6 # GETX S->M misses (upgrade misses)
   PUTS: 10586 # Clean evictions (from lower level)
   PUTX: 249585 # Dirty evictions (from lower level)
   INV: 29939 # Invalidates (from upper level)
   INVX: 107 # Downgrades (from upper level)
   FWD: 0 # Forwards (from upper level)
   latGETnl: 44101286 # GET request latency on next level
   latGETnet: 0 # GET request latency on network to next level
  l2-1: # Cache stats
   hGETS: 0 # GETS hits
   hGETX: 0 # GETX hits
   mGETS: 11161 # GETS misses
   mGETXIM: 250092 # GETX I->M misses
   mGETXSM: 10 # GETX S->M misses (upgrade misses)
   PUTS: 10545 # Clean evictions (from lower level)
   PUTX: 249572 # Dirty evictions (from lower level)
   INV: 16462 # Invalidates (from upper level)
   INVX: 25 # Downgrades (from upper level)
   FWD: 0 # Forwards (from upper level)
   latGETnl: 44059391 # GET request latency on next level
   latGETnet: 0 # GET request latency on network to next level
  l2-2: # Cache stats
   hGETS: 0 # GETS hits
   hGETX: 0 # GETX hits
   mGETS: 11173 # GETS misses
   mGETXIM: 250065 # GETX I->M misses
   mGETXSM: 5 # GETX S->M misses (upgrade misses)
   PUTS: 10544 # Clean evictions (from lower level)
   PUTX: 249561 # Dirty evictions (from lower level)
   INV: 53334 # Invalidates (from upper level)
   INVX: 5 # Downgrades (from upper level)
   FWD: 0 # Forwards (from upper level)
   latGETnl: 44056571 # GET request latency on next level
   latGETnet: 0 # GET request latency on network to next level
  l2-3: # Cache stats
   hGETS: 0 # GETS hits
   hGETX: 0 # GETX hits
   mGETS: 11163 # GETS misses
   mGETXIM: 250085 # GETX I->M misses
   mGETXSM: 8 # GETX S->M misses (upgrade misses)
   PUTS: 10543 # Clean evictions (from lower level)
   PUTX: 249575 # Dirty evictions (from lower level)
   INV: 16029 # Invalidates (from upper level)
   INVX: 41 # Downgrades (from upper level)
   FWD: 0 # Forwards (from upper level)
   latGETnl: 44061182 # GET request latency on next level
   latGETnet: 0 # GET request latency on network to next level
  l2-4: # Cache stats
   hGETS: 0 # GETS hits
   hGETX: 0 # GETX hits
   mGETS: 11168 # GETS misses
   mGETXIM: 250082 # GETX I->M misses
   mGETXSM: 9 # GETX S->M misses (upgrade misses)
   PUTS: 10543 # Clean evictions (from lower level)
   PUTX: 249573 # Dirty evictions (from lower level)
   INV: 14722 # Invalidates (from upper level)
   INVX: 20 # Downgrades (from upper level)
   FWD: 0 # Forwards (from upper level)
   latGETnl: 44055177 # GET request latency on next level
   latGETnet: 0 # GET request latency on network to next level
  l2-5: # Cache stats
   hGETS: 0 # GETS hits
   hGETX: 0 # GETX hits
   mGETS: 11161 # GETS misses
   mGETXIM: 250083 # GETX I->M misses
   mGETXSM: 9 # GETX S->M misses (upgrade misses)
   PUTS: 10543 # Clean evictions (from lower level)
   PUTX: 249571 # Dirty evictions (from lower level)
   INV: 14638 # Invalidates (from upper level)
   INVX: 19 # Downgrades (from upper level)
   FWD: 0 # Forwards (from upper level)
   latGETnl: 44053913 # GET request latency on next level
   latGETnet: 0 # GET request latency on network to next level
  l2-6: # Cache stats
   hGETS: 0 # GETS hits
   hGETX: 0 # GETX hits
   mGETS: 11122 # GETS misses
   mGETXIM: 250083 # GETX I->M misses
   mGETXSM: 5 # GETX S->M misses (upgrade misses)
   PUTS: 10533 # Clean evictions (from lower level)
   PUTX: 249573 # Dirty evictions (from lower level)
   INV: 16189 # Invalidates (from upper level)
   INVX: 3 # Downgrades (from upper level)
   FWD: 0 # Forwards (from upper level)
   latGETnl: 44054574 # GET request latency on next level
   latGETnet: 0 # GET request latency on network to next level
  l2-7: # Cache stats
   hGETS: 0 # GETS hits
   hGETX: 0 # GETX hits
   mGETS: 11128 # GETS misses
   mGETXIM: 250086 # GETX I->M misses
   mGETXSM: 7 # GETX S->M misses (upgrade misses)
   PUTS: 10533 # Clean evictions (from lower level)
   PUTX: 249573 # Dirty evictions (from lower level)
   INV: 25348 # Invalidates (from upper level)
   INVX: 16 # Downgrades (from upper level)
   FWD: 0 # Forwards (from upper level)
   latGETnl: 44054717 # GET request latency on next level
   latGETnet: 0 # GET request latency on network to next level
  l2-8: # Cache stats
   hGETS: 0 # GETS hits
   hGETX: 0 # GETX hits
   mGETS: 11160 # GETS misses
   mGETXIM: 250066 # GETX I->M misses
   mGETXSM: 8 # GETX S->M misses (upgrade misses)
   PUTS: 10542 # Clean evictions (from lower level)
   PUTX: 249555 # Dirty evictions (from lower level)
   INV: 41074 # Invalidates (from upper level)
   INVX: 18 # Downgrades (from upper level)
   FWD: 0 # Forwards (from upper level)
   latGETnl: 44050896 # GET request latency on next level
   latGETnet: 0 # GET request latency on network to next level
  l2-9: # Cache stats
   hGETS: 0 # GETS hits
   hGETX: 0 # GETX hits
   mGETS: 11136 # GETS misses
   mGETXIM: 250078 # GETX I->M misses
   mGETXSM: 5 # GETX S->M misses (upgrade misses)
   PUTS: 10533 # Clean evictions (from lower level)
   PUTX: 249572 # Dirty evictions (from lower level)
   INV: 39712 # Invalidates (from upper level)
   INVX: 16 # Downgrades (from upper level)
   FWD: 0 # Forwards (from upper level)
   latGETnl: 44053997 # GET request latency on next level
   latGETnet: 0 # GET request latency on network to next level
  l2-10: # Cache stats
   hGETS: 0 # GETS hits
   hGETX: 0 # GETX hits
   mGETS: 11119 # GETS misses
   mGETXIM: 250073 # GETX I->M misses
   mGETXSM: 5 # GETX S->M misses (upgrade misses)
   PUTS: 10532 # Clean evictions (from lower level)
   PUTX: 249569 # Dirty evictions (from lower level)
   INV: 14142 # Invalidates (from upper level)
   INVX: 15 # Downgrades (from upper level)
   FWD: 0 # Forwards (from upper level)
   latGETnl: 44053571 # GET request latency on next level
   latGETnet: 0 # GET request latency on network to next level
  l2-11: # Cache stats
   hGETS: 0 # GETS hits
   hGETX: 0 # GETX hits
   mGETS: 11142 # GETS misses
   mGETXIM: 250085 # GETX I->M misses
   mGETXSM: 9 # GETX S->M misses (upgrade misses)
   PUTS: 10540 # Clean evictions (from lower level)
   PUTX: 249585 # Dirty evictions (from lower level)
   INV: 54830 # Invalidates (from upper level)
   INVX: 12 # Downgrades (from upper level)
   FWD: 0 # Forwards (from upper level)
   latGETnl: 44054986 # GET request latency on next level
   latGETnet: 0 # GET request latency on network to next level
  l2-12: # Cache stats
   hGETS: 0 # GETS hits
   hGETX: 0 # GETX hits
   mGETS: 11124 # GETS misses
   mGETXIM: 250076 # GETX I->M misses
   mGETXSM: 6 # GETX S->M misses (upgrade misses)
   PUTS: 10533 # Clean evictions (from lower level)
   PUTX: 249570 # Dirty evictions (from lower level)
   INV: 17579 # Invalidates (from upper level)
   INVX: 7 # Downgrades (from upper level)
   FWD: 0 # Forwards (from upper level)
   latGETnl: 44051256 # GET request latency on next level
   latGETnet: 0 # GET request latency on network to next level
  l2-13: # Cache stats
   hGETS: 0 # GETS hits
   hGETX: 0 # GETX hits
   mGETS: 11132 # GETS misses
   mGETXIM: 250075 # GETX I->M misses
   mGETXSM: 5 # GETX S->M misses (upgrade misses)
   PUTS: 10533 # Clean evictions (from lower level)
   PUTX: 249572 # Dirty evictions (from lower level)
   INV: 13824 # Invalidates (from upper level)
   INVX: 4 # Downgrades (from upper level)
   FWD: 0 # Forwards (from upper level)
   latGETnl: 44051026 # GET request latency on next level
   latGETnet: 0 # GET request latency on network to next level
  l2-14: # Cache stats
   hGETS: 0 # GETS hits
   hGETX: 0 # GETX hits
   mGETS: 11129 # GETS misses
   mGETXIM: 250081 # GETX I->M misses
   mGETXSM: 6 # GETX S->M misses (upgrade misses)
   PUTS: 10533 # Clean evictions (from lower level)
   PUTX: 249571 # Dirty evictions (from lower level)
   INV: 28805 # Invalidates (from upper level)
   INVX: 2 # Downgrades (from upper level)
   FWD: 0 # Forwards (from upper level)
   latGETnl: 44050278 # GET request latency on next level
   latGETnet: 0 # GET request latency on network to next level
  l2-15: # Cache stats
   hGETS: 0 # GETS hits
   hGETX: 0 # GETX hits
   mGETS: 11121 # GETS misses
   mGETXIM: 250084 # GETX I->M misses
   mGETXSM: 6 # GETX S->M misses (upgrade misses)
   PUTS: 10532 # Clean evictions (from lower level)
   PUTX: 249571 # Dirty evictions (from lower level)
   INV: 26685 # Invalidates (from upper level)
   INVX: 2 # Downgrades (from upper level)
   FWD: 0 # Forwards (from upper level)
   latGETnl: 44049565 # GET request latency on next level
   latGETnet: 0 # GET request latency on network to next level
  l2-16: # Cache stats
   hGETS: 0 # GETS hits
   hGETX: 0 # GETX hits
   mGETS: 11129 # GETS misses
   mGETXIM: 250079 # GETX I->M misses
   mGETXSM: 6 # GETX S->M misses (upgrade misses)
   PUTS: 10532 # Clean evictions (from lower level)
   PUTX: 249573 # Dirty evictions (from lower level)
   INV: 16189 # Invalidates (from upper level)
   INVX: 2 # Downgrades (from upper level)
   FWD: 0 # Forwards (from upper level)
   latGETnl: 44049940 # GET request latency on next level
   latGETnet: 0 # GET request latency on network to next level
  l2-17: # Cache stats
   hGETS: 0 # GETS hits
   hGETX: 0 # GETX hits
   mGETS: 11125 # GETS misses
   mGETXIM: 250077 # GETX I->M misses
   mGETXSM: 6 # GETX S->M misses (upgrade misses)
   PUTS: 10533 # Clean evictions (from lower level)
   PUTX: 249571 # Dirty evictions (from lower level)
   INV: 15731 # Invalidates (from upper level)
   INVX: 2 # Downgrades (from upper level)
   FWD: 0 # Forwards (from upper level)
   latGETnl: 44049718 # GET request latency on next level
   latGETnet: 0 # GET request latency on network to next level
  l2-18: # Cache stats
   hGETS: 0 # GETS hits
   hGETX: 0 # GETX hits
   mGETS: 11124 # GETS misses
   mGETXIM: 250065 # GETX I->M misses
   mGETXSM: 6 # GETX S->M misses (upgrade misses)
   PUTS: 10533 # Clean evictions (from lower level)
   PUTX: 249561 # Dirty evictions (from lower level)
   INV: 13836 # Invalidates (from upper level)
   INVX: 2 # Downgrades (from upper level)
   FWD: 0 # Forwards (from upper level)
   latGETnl: 44047917 # GET request latency on next level
   latGETnet: 0 # GET request latency on network to next level
  l2-19: # Cache stats
   hGETS: 0 # GETS hits
   hGETX: 0 # GETX hits
   mGETS: 11248 # GETS misses
   mGETXIM: 249923 # GETX I->M misses
   mGETXSM: 10 # GETX S->M misses (upgrade misses)
   PUTS: 10583 # Clean evictions (from lower level)
   PUTX: 249428 # Dirty evictions (from lower level)
   INV: 27498 # Invalidates (from upper level)
   INVX: 3 # Downgrades (from upper level)
   FWD: 0 # Forwards (from upper level)
   latGETnl: 44041749 # GET request latency on next level
   latGETnet: 0 # GET request latency on network to next level
  l2-20: # Cache stats
   hGETS: 0 # GETS hits
   hGETX: 0 # GETX hits
   mGETS: 11126 # GETS misses
   mGETXIM: 250076 # GETX I->M misses
   mGETXSM: 6 # GETX S->M misses (upgrade misses)
   PUTS: 10533 # Clean evictions (from lower level)
   PUTX: 249567 # Dirty evictions (from lower level)
   INV: 22622 # Invalidates (from upper level)
   INVX: 2 # Downgrades (from upper level)
   FWD: 0 # Forwards (from upper level)
   latGETnl: 44049190 # GET request latency on next level
   latGETnet: 0 # GET request latency on network to next level
  l2-21: # Cache stats
   hGETS: 0 # GETS hits
   hGETX: 0 # GETX hits
   mGETS: 11119 # GETS misses
   mGETXIM: 250071 # GETX I->M misses
   mGETXSM: 6 # GETX S->M misses (upgrade misses)
   PUTS: 10532 # Clean evictions (from lower level)
   PUTX: 249564 # Dirty evictions (from lower level)
   INV: 15336 # Invalidates (from upper level)
   INVX: 2 # Downgrades (from upper level)
   FWD: 0 # Forwards (from upper level)
   latGETnl: 44048218 # GET request latency on next level
   latGETnet: 0 # GET request latency on network to next level
  l2-22: # Cache stats
   hGETS: 0 # GETS hits
   hGETX: 0 # GETX hits
   mGETS: 11125 # GETS misses
   mGETXIM: 250045 # GETX I->M misses
   mGETXSM: 5 # GETX S->M misses (upgrade misses)
   PUTS: 10532 # Clean evictions (from lower level)
   PUTX: 249540 # Dirty evictions (from lower level)
   INV: 14317 # Invalidates (from upper level)
   INVX: 3 # Downgrades (from upper level)
   FWD: 0 # Forwards (from upper level)
   latGETnl: 44044641 # GET request latency on next level
   latGETnet: 0 # GET request latency on network to next level
  l2-23: # Cache stats
   hGETS: 0 # GETS hits
   hGETX: 0 # GETX hits
   mGETS: 0 # GETS misses
   mGETXIM: 0 # GETX I->M misses
   mGETXSM: 0 # GETX S->M misses (upgrade misses)
   PUTS: 0 # Clean evictions (from lower level)
   PUTX: 0 # Dirty evictions (from lower level)
   INV: 0 # Invalidates (from upper level)
   INVX: 0 # Downgrades (from upper level)
   FWD: 0 # Forwards (from upper level)
   latGETnl: 0 # GET request latency on next level
   latGETnet: 0 # GET request latency on network to next level
 l3: # Cache stats
  l3-0b0: # Cache stats
   hGETS: 217 # GETS hits
   hGETX: 10 # GETX hits
   mGETS: 10037 # GETS misses
   mGETXIM: 239662 # GETX I->M misses
   mGETXSM: 0 # GETX S->M misses (upgrade misses)
   PUTS: 8630 # Clean evictions (from lower level)
   PUTX: 202998 # Dirty evictions (from lower level)
   INV: 0 # Invalidates (from upper level)
   INVX: 0 # Downgrades (from upper level)
   FWD: 0 # Forwards (from upper level)
   latGETnl: 32960268 # GET request latency on next level
   latGETnet: 0 # GET request latency on network to next level
  l3-0b1: # Cache stats
   hGETS: 283 # GETS hits
   hGETX: 22 # GETX hits
   mGETS: 10073 # GETS misses
   mGETXIM: 239657 # GETX I->M misses
   mGETXSM: 0 # GETX S->M misses (upgrade misses)
   PUTS: 8729 # Clean evictions (from lower level)
   PUTX: 203177 # Dirty evictions (from lower level)
   INV: 0 # Invalidates (from upper level)
   INVX: 0 # Downgrades (from upper level)
   FWD: 0 # Forwards (from upper level)
   latGETnl: 32964360 # GET request latency on next level
   latGETnet: 0 # GET request latency on network to next level
  l3-0b2: # Cache stats
   hGETS: 551 # GETS hits
   hGETX: 82 # GETX hits
   mGETS: 10093 # GETS misses
   mGETXIM: 239659 # GETX I->M misses
   mGETXSM: 0 # GETX S->M misses (upgrade misses)
   PUTS: 8927 # Clean evictions (from lower level)
   PUTX: 203233 # Dirty evictions (from lower level)
   INV: 0 # Invalidates (from upper level)
   INVX: 0 # Downgrades (from upper level)
   FWD: 0 # Forwards (from upper level)
   latGETnl: 32967264 # GET request latency on next level
   latGETnet: 0 # GET request latency on network to next level
  l3-0b3: # Cache stats
   hGETS: 305 # GETS hits
   hGETX: 65 # GETX hits
   mGETS: 10054 # GETS misses
   mGETXIM: 239657 # GETX I->M misses
   mGETXSM: 0 # GETX S->M misses (upgrade misses)
   PUTS: 8739 # Clean evictions (from lower level)
   PUTX: 202977 # Dirty evictions (from lower level)
   INV: 0 # Invalidates (from upper level)
   INVX: 0 # Downgrades (from upper level)
   FWD: 0 # Forwards (from upper level)
   latGETnl: 32961852 # GET request latency on next level
   latGETnet: 0 # GET request latency on network to next level
  l3-0b4: # Cache stats
   hGETS: 579 # GETS hits
   hGETX: 24 # GETX hits
   mGETS: 9915 # GETS misses
   mGETXIM: 239656 # GETX I->M misses
   mGETXSM: 0 # GETX S->M misses (upgrade misses)
   PUTS: 9010 # Clean evictions (from lower level)
   PUTX: 203169 # Dirty evictions (from lower level)
   INV: 0 # Invalidates (from upper level)
   INVX: 0 # Downgrades (from upper level)
   FWD: 0 # Forwards (from upper level)
   latGETnl: 32943372 # GET request latency on next level
   latGETnet: 0 # GET request latency on network to next level
  l3-0b5: # Cache stats
   hGETS: 680 # GETS hits
   hGETX: 35 # GETX hits
   mGETS: 10058 # GETS misses
   mGETXIM: 239661 # GETX I->M misses
   mGETXSM: 0 # GETX S->M misses (upgrade misses)
   PUTS: 9075 # Clean evictions (from lower level)
   PUTX: 203115 # Dirty evictions (from lower level)
   INV: 0 # Invalidates (from upper level)
   INVX: 0 # Downgrades (from upper level)
   FWD: 0 # Forwards (from upper level)
   latGETnl: 32962908 # GET request latency on next level
   latGETnet: 0 # GET request latency on network to next level
  l3-0b6: # Cache stats
   hGETS: 615 # GETS hits
   hGETX: 60 # GETX hits
   mGETS: 10059 # GETS misses
   mGETXIM: 239659 # GETX I->M misses
   mGETXSM: 0 # GETX S->M misses (upgrade misses)
   PUTS: 8989 # Clean evictions (from lower level)
   PUTX: 203082 # Dirty evictions (from lower level)
   INV: 0 # Invalidates (from upper level)
   INVX: 0 # Downgrades (from upper level)
   FWD: 0 # Forwards (from upper level)
   latGETnl: 32962776 # GET request latency on next level
   latGETnet: 0 # GET request latency on network to next level
  l3-0b7: # Cache stats
   hGETS: 553 # GETS hits
   hGETX: 60 # GETX hits
   mGETS: 9924 # GETS misses
   mGETXIM: 239653 # GETX I->M misses
   mGETXSM: 0 # GETX S->M misses (upgrade misses)
   PUTS: 8948 # Clean evictions (from lower level)
   PUTX: 203047 # Dirty evictions (from lower level)
   INV: 0 # Invalidates (from upper level)
   INVX: 0 # Downgrades (from upper level)
   FWD: 0 # Forwards (from upper level)
   latGETnl: 32944164 # GET request latency on next level
   latGETnet: 0 # GET request latency on network to next level
  l3-0b8: # Cache stats
   hGETS: 550 # GETS hits
   hGETX: 23 # GETX hits
   mGETS: 10056 # GETS misses
   mGETXIM: 239651 # GETX I->M misses
   mGETXSM: 0 # GETX S->M misses (upgrade misses)
   PUTS: 8969 # Clean evictions (from lower level)
   PUTX: 202861 # Dirty evictions (from lower level)
   INV: 0 # Invalidates (from upper level)
   INVX: 0 # Downgrades (from upper level)
   FWD: 0 # Forwards (from upper level)
   latGETnl: 32961324 # GET request latency on next level
   latGETnet: 0 # GET request latency on network to next level
  l3-0b9: # Cache stats
   hGETS: 526 # GETS hits
   hGETX: 27 # GETX hits
   mGETS: 10056 # GETS misses
   mGETXIM: 239649 # GETX I->M misses
   mGETXSM: 0 # GETX S->M misses (upgrade misses)
   PUTS: 9033 # Clean evictions (from lower level)
   PUTX: 203124 # Dirty evictions (from lower level)
   INV: 0 # Invalidates (from upper level)
   INVX: 0 # Downgrades (from upper level)
   FWD: 0 # Forwards (from upper level)
   latGETnl: 32961060 # GET request latency on next level
   latGETnet: 0 # GET request latency on network to next level
  l3-0b10: # Cache stats
   hGETS: 1311 # GETS hits
   hGETX: 10 # GETX hits
   mGETS: 10046 # GETS misses
   mGETXIM: 239651 # GETX I->M misses
   mGETXSM: 0 # GETX S->M misses (upgrade misses)
   PUTS: 9788 # Clean evictions (from lower level)
   PUTX: 202991 # Dirty evictions (from lower level)
   INV: 0 # Invalidates (from upper level)
   INVX: 0 # Downgrades (from upper level)
   FWD: 0 # Forwards (from upper level)
   latGETnl: 32960004 # GET request latency on next level
   latGETnet: 0 # GET request latency on network to next level
  l3-0b11: # Cache stats
   hGETS: 593 # GETS hits
   hGETX: 7 # GETX hits
   mGETS: 10058 # GETS misses
   mGETXIM: 239656 # GETX I->M misses
   mGETXSM: 0 # GETX S->M misses (upgrade misses)
   PUTS: 9012 # Clean evictions (from lower level)
   PUTX: 202913 # Dirty evictions (from lower level)
   INV: 0 # Invalidates (from upper level)
   INVX: 0 # Downgrades (from upper level)
   FWD: 0 # Forwards (from upper level)
   latGETnl: 32962248 # GET request latency on next level
   latGETnet: 0 # GET request latency on network to next level
  l3-0b12: # Cache stats
   hGETS: 1043 # GETS hits
   hGETX: 18 # GETX hits
   mGETS: 10002 # GETS misses
   mGETXIM: 239655 # GETX I->M misses
   mGETXSM: 0 # GETX S->M misses (upgrade misses)
   PUTS: 9467 # Clean evictions (from lower level)
   PUTX: 203068 # Dirty evictions (from lower level)
   INV: 0 # Invalidates (from upper level)
   INVX: 0 # Downgrades (from upper level)
   FWD: 0 # Forwards (from upper level)
   latGETnl: 32954724 # GET request latency on next level
   latGETnet: 0 # GET request latency on network to next level
  l3-0b13: # Cache stats
   hGETS: 959 # GETS hits
   hGETX: 29 # GETX hits
   mGETS: 10144 # GETS misses
   mGETXIM: 239658 # GETX I->M misses
   mGETXSM: 0 # GETX S->M misses (upgrade misses)
   PUTS: 9365 # Clean evictions (from lower level)
   PUTX: 202946 # Dirty evictions (from lower level)
   INV: 0 # Invalidates (from upper level)
   INVX: 0 # Downgrades (from upper level)
   FWD: 0 # Forwards (from upper level)
   latGETnl: 32973864 # GET request latency on next level
   latGETnet: 0 # GET request latency on network to next level
  l3-0b14: # Cache stats
   hGETS: 1009 # GETS hits
   hGETX: 39 # GETX hits
   mGETS: 10142 # GETS misses
   mGETXIM: 239655 # GETX I->M misses
   mGETXSM: 0 # GETX S->M misses (upgrade misses)
   PUTS: 9409 # Clean evictions (from lower level)
   PUTX: 202915 # Dirty evictions (from lower level)
   INV: 0 # Invalidates (from upper level)
   INVX: 0 # Downgrades (from upper level)
   FWD: 0 # Forwards (from upper level)
   latGETnl: 32973204 # GET request latency on next level
   latGETnet: 0 # GET request latency on network to next level
  l3-0b15: # Cache stats
   hGETS: 1003 # GETS hits
   hGETX: 22 # GETX hits
   mGETS: 10004 # GETS misses
   mGETXIM: 239650 # GETX I->M misses
   mGETXSM: 0 # GETX S->M misses (upgrade misses)
   PUTS: 9426 # Clean evictions (from lower level)
   PUTX: 203053 # Dirty evictions (from lower level)
   INV: 0 # Invalidates (from upper level)
   INVX: 0 # Downgrades (from upper level)
   FWD: 0 # Forwards (from upper level)
   latGETnl: 32954328 # GET request latency on next level
   latGETnet: 0 # GET request latency on network to next level
  l3-0b16: # Cache stats
   hGETS: 820 # GETS hits
   hGETX: 9 # GETX hits
   mGETS: 10083 # GETS misses
   mGETXIM: 239571 # GETX I->M misses
   mGETXSM: 0 # GETX S->M misses (upgrade misses)
   PUTS: 9234 # Clean evictions (from lower level)
   PUTX: 202975 # Dirty evictions (from lower level)
   INV: 0 # Invalidates (from upper level)
   INVX: 0 # Downgrades (from upper level)
   FWD: 0 # Forwards (from upper level)
   latGETnl: 32954328 # GET request latency on next level
   latGETnet: 0 # GET request latency on network to next level
  l3-0b17: # Cache stats
   hGETS: 701 # GETS hits
   hGETX: 12 # GETX hits
   mGETS: 10065 # GETS misses
   mGETXIM: 239572 # GETX I->M misses
   mGETXSM: 0 # GETX S->M misses (upgrade misses)
   PUTS: 9127 # Clean evictions (from lower level)
   PUTX: 203194 # Dirty evictions (from lower level)
   INV: 0 # Invalidates (from upper level)
   INVX: 0 # Downgrades (from upper level)
   FWD: 0 # Forwards (from upper level)
   latGETnl: 32952084 # GET request latency on next level
   latGETnet: 0 # GET request latency on network to next level
  l3-0b18: # Cache stats
   hGETS: 754 # GETS hits
   hGETX: 31 # GETX hits
   mGETS: 10062 # GETS misses
   mGETXIM: 239567 # GETX I->M misses
   mGETXSM: 0 # GETX S->M misses (upgrade misses)
   PUTS: 9190 # Clean evictions (from lower level)
   PUTX: 203288 # Dirty evictions (from lower level)
   INV: 0 # Invalidates (from upper level)
   INVX: 0 # Downgrades (from upper level)
   FWD: 0 # Forwards (from upper level)
   latGETnl: 32951028 # GET request latency on next level
   latGETnet: 0 # GET request latency on network to next level
  l3-0b19: # Cache stats
   hGETS: 771 # GETS hits
   hGETX: 52 # GETX hits
   mGETS: 10073 # GETS misses
   mGETXIM: 239574 # GETX I->M misses
   mGETXSM: 0 # GETX S->M misses (upgrade misses)
   PUTS: 9113 # Clean evictions (from lower level)
   PUTX: 202947 # Dirty evictions (from lower level)
   INV: 0 # Invalidates (from upper level)
   INVX: 0 # Downgrades (from upper level)
   FWD: 0 # Forwards (from upper level)
   latGETnl: 32953404 # GET request latency on next level
   latGETnet: 0 # GET request latency on network to next level
  l3-0b20: # Cache stats
   hGETS: 340 # GETS hits
   hGETX: 26 # GETX hits
   mGETS: 9918 # GETS misses
   mGETXIM: 239573 # GETX I->M misses
   mGETXSM: 0 # GETX S->M misses (upgrade misses)
   PUTS: 8743 # Clean evictions (from lower level)
   PUTX: 203301 # Dirty evictions (from lower level)
   INV: 0 # Invalidates (from upper level)
   INVX: 0 # Downgrades (from upper level)
   FWD: 0 # Forwards (from upper level)
   latGETnl: 32932812 # GET request latency on next level
   latGETnet: 0 # GET request latency on network to next level
  l3-0b21: # Cache stats
   hGETS: 727 # GETS hits
   hGETX: 31 # GETX hits
   mGETS: 10009 # GETS misses
   mGETXIM: 239571 # GETX I->M misses
   mGETXSM: 0 # GETX S->M misses (upgrade misses)
   PUTS: 9053 # Clean evictions (from lower level)
   PUTX: 202994 # Dirty evictions (from lower level)
   INV: 0 # Invalidates (from upper level)
   INVX: 0 # Downgrades (from upper level)
   FWD: 0 # Forwards (from upper level)
   latGETnl: 32944560 # GET request latency on next level
   latGETnet: 0 # GET request latency on network to next level
  l3-0b22: # Cache stats
   hGETS: 339 # GETS hits
   hGETX: 31 # GETX hits
   mGETS: 10002 # GETS misses
   mGETXIM: 239569 # GETX I->M misses
   mGETXSM: 0 # GETX S->M misses (upgrade misses)
   PUTS: 8655 # Clean evictions (from lower level)
   PUTX: 203086 # Dirty evictions (from lower level)
   INV: 0 # Invalidates (from upper level)
   INVX: 0 # Downgrades (from upper level)
   FWD: 0 # Forwards (from upper level)
   latGETnl: 32943372 # GET request latency on next level
   latGETnet: 0 # GET request latency on network to next level
  l3-0b23: # Cache stats
   hGETS: 350 # GETS hits
   hGETX: 14 # GETX hits
   mGETS: 9918 # GETS misses
   mGETXIM: 239570 # GETX I->M misses
   mGETXSM: 0 # GETX S->M misses (upgrade misses)
   PUTS: 8778 # Clean evictions (from lower level)
   PUTX: 203437 # Dirty evictions (from lower level)
   INV: 0 # Invalidates (from upper level)
   INVX: 0 # Downgrades (from upper level)
   FWD: 0 # Forwards (from upper level)
   latGETnl: 32932416 # GET request latency on next level
   latGETnet: 0 # GET request latency on network to next level
 mem: # Memory controller stats
  mem-0: # Memory controller stats
   rd: 5991907 # Read requests
   wr: 5228275 # Write requests
   rdlat: 941234483 # Total latency experienced by read requests
   wrlat: 831234665 # Total latency experienced by write requests
 sched: # Scheduler stats
  thCr: 25 # Threads created
  thFn: 25 # Threads finished
  schedEvs: 26 # Schedule events
  waitEvs: 2 # Wait events
  handoffEvs: 1 # Handoff events
  sleepEvs: 1 # Sleep events
  idlePhases: 0 # Phases with no thread active
  idlePeriods: 0 # Periods with no thread active
  occHist: # Occupancy histogram
   0: 0
   1: 24
   2: 0
   3: 1
   4: 2
   5: 1
   6: 0
   7: 1
   8: 0
   9: 0
   10: 0
   11: 1
   12: 0
   13: 1
   14: 0
   15: 0
   16: 0
   17: 1
   18: 0
   19: 0
   20: 0
   21: 1
   22: 1
   23: 28971
   24: 0
  rqSzHist: # Run queue size histogram
   0: 28982
   1: 23
   2: 0
   3: 0
   4: 0
   5: 0
   6: 0
   7: 0
   8: 0
   9: 0
   10: 0
   11: 0
   12: 0
   13: 0
   14: 0
   15: 0
   16: 0
   17: 0
   18: 0
   19: 0
   20: 0
   21: 0
   22: 0
   23: 0
   24: 0
 procCycles: # Per-process unhalted core cycles
  0: 666465324
  1: 0
  2: 0
  3: 0
  4: 0
  5: 0
  6: 0
  7: 0
  8: 0
  9: 0
  10: 0
  11: 0
  12: 0
  13: 0
  14: 0
  15: 0
  16: 0
  17: 0
  18: 0
  19: 0
  20: 0
  21: 0
  22: 0
  23: 0
  24: 0
  25: 0
  26: 0
  27: 0
  28: 0
  29: 0
  30: 0
  31: 0
  32: 0
  33: 0
  34: 0
  35: 0
  36: 0
  37: 0
  38: 0
  39: 0
  40: 0
  41: 0
  42: 0
  43: 0
  44: 0
  45: 0
  46: 0
  47: 0
  48: 0
  49: 0
  50: 0
  51: 0
  52: 0
  53: 0
  54: 0
  55: 0
  56: 0
  57: 0
  58: 0
  59: 0
  60: 0
  61: 0
  62: 0
  63: 0
 procInstrs: # Per-process instructions
  0: 898342689
  1: 0
  2: 0
  3: 0
  4: 0
  5: 0
  6: 0
  7: 0
  8: 0
  9: 0
  10: 0
  11: 0
  12: 0
  13: 0
  14: 0
  15: 0
  16: 0
  17: 0
  18: 0
  19: 0
  20: 0
  21: 0
  22: 0
  23: 0
  24: 0
  25: 0
  26: 0
  27: 0
  28: 0
  29: 0
  30: 0
  31: 0
  32: 0
  33: 0
  34: 0
  35: 0
  36: 0
  37: 0
  38: 0
  39: 0
  40: 0
  41: 0
  42: 0
  43: 0
  44: 0
  45: 0
  46: 0
  47: 0
  48: 0
  49: 0
  50: 0
  51: 0
  52: 0
  53: 0
  54: 0
  55: 0
  56: 0
  57: 0
  58: 0
  59: 0
  60: 0
  61: 0
  62: 0
  63: 0
 heartbeats: # Per-process heartbeats
  0: 0
  1: 0
  2: 0
  3: 0
  4: 0
  5: 0
  6: 0
  7: 0
  8: 0
  9: 0
  10: 0
  11: 0
  12: 0
  13: 0
  14: 0
  15: 0
  16: 0
  17: 0
  18: 0
  19: 0
  20: 0
  21: 0
  22: 0
  23: 0
  24: 0
  25: 0
  26: 0
  27: 0
  28: 0
  29: 0
  30: 0
  31: 0
  32: 0
  33: 0
  34: 0
  35: 0
  36: 0
  37: 0
  38: 0
  39: 0
  40: 0
  41: 0
  42: 0
  43: 0
  44: 0
  45: 0
  46: 0
  47: 0
  48: 0
  49: 0
  50: 0
  51: 0
  52: 0
  53: 0
  54: 0
  55: 0
  56: 0
  57: 0
  58: 0
  59: 0
  60: 0
  61: 0
  62: 0
  63: 0
===
