# zsim stats
===
root: # Stats
 contention: # Contention simulation stats
  domain-0: # Domain stats
   time: 10911712391 # Weave simulation time
 time: # Simulator time breakdown
  init: 3190517525
  bound: 75982356383
  weave: 13225774265
  ff: 47542
 trigger: 20000 # Reason for this stats dump
 phase: 42415 # Simulated phases
 reqCycles: 0 # Requeue Cycles
 skylake: # Core stats
  skylake-0: # Core stats
   cycles: 42415785 # Simulated unhalted cycles
   cCycles: 30371824 # Cycles due to contention stalls
   instrs: 8025342 # Simulated instructions
   uops: 7182894 # issued micro-ops
   bbls: 2193570 # Basic blocks
   approxInstrs: 835640 # Instrs with approx uop decoding
   mispredBranches: 121585 # Mispredicted branches
   IdqNotDelivered: 4052411 # Stalls no uop delivered when no Bkend Stall
   IntMiscRecoveryCycles: 986201 # Stalls waiting machine clears
   uops executed: 7925296 # Executed microoperations
  skylake-1: # Core stats
   cycles: 42379789 # Simulated unhalted cycles
   cCycles: 30372158 # Cycles due to contention stalls
   instrs: 8023082 # Simulated instructions
   uops: 7180610 # issued micro-ops
   bbls: 2193051 # Basic blocks
   approxInstrs: 835522 # Instrs with approx uop decoding
   mispredBranches: 121532 # Mispredicted branches
   IdqNotDelivered: 4017086 # Stalls no uop delivered when no Bkend Stall
   IntMiscRecoveryCycles: 977260 # Stalls waiting machine clears
   uops executed: 7922951 # Executed microoperations
  skylake-2: # Core stats
   cycles: 42378204 # Simulated unhalted cycles
   cCycles: 30371291 # Cycles due to contention stalls
   instrs: 8020799 # Simulated instructions
   uops: 7178440 # issued micro-ops
   bbls: 2192467 # Basic blocks
   approxInstrs: 835334 # Instrs with approx uop decoding
   mispredBranches: 121511 # Mispredicted branches
   IdqNotDelivered: 4016095 # Stalls no uop delivered when no Bkend Stall
   IntMiscRecoveryCycles: 979528 # Stalls waiting machine clears
   uops executed: 7920611 # Executed microoperations
  skylake-3: # Core stats
   cycles: 42377781 # Simulated unhalted cycles
   cCycles: 30371090 # Cycles due to contention stalls
   instrs: 8023909 # Simulated instructions
   uops: 7181289 # issued micro-ops
   bbls: 2193293 # Basic blocks
   approxInstrs: 835630 # Instrs with approx uop decoding
   mispredBranches: 121548 # Mispredicted branches
   IdqNotDelivered: 4015966 # Stalls no uop delivered when no Bkend Stall
   IntMiscRecoveryCycles: 978433 # Stalls waiting machine clears
   uops executed: 7923728 # Executed microoperations
  skylake-4: # Core stats
   cycles: 42375812 # Simulated unhalted cycles
   cCycles: 30371413 # Cycles due to contention stalls
   instrs: 8023452 # Simulated instructions
   uops: 7180883 # issued micro-ops
   bbls: 2193168 # Basic blocks
   approxInstrs: 835584 # Instrs with approx uop decoding
   mispredBranches: 121542 # Mispredicted branches
   IdqNotDelivered: 4013059 # Stalls no uop delivered when no Bkend Stall
   IntMiscRecoveryCycles: 977605 # Stalls waiting machine clears
   uops executed: 7923256 # Executed microoperations
  skylake-5: # Core stats
   cycles: 42374860 # Simulated unhalted cycles
   cCycles: 30370236 # Cycles due to contention stalls
   instrs: 8025042 # Simulated instructions
   uops: 7182307 # issued micro-ops
   bbls: 2193603 # Basic blocks
   approxInstrs: 835743 # Instrs with approx uop decoding
   mispredBranches: 121568 # Mispredicted branches
   IdqNotDelivered: 4013866 # Stalls no uop delivered when no Bkend Stall
   IntMiscRecoveryCycles: 978261 # Stalls waiting machine clears
   uops executed: 7924811 # Executed microoperations
  skylake-6: # Core stats
   cycles: 42373766 # Simulated unhalted cycles
   cCycles: 30372530 # Cycles due to contention stalls
   instrs: 8022617 # Simulated instructions
   uops: 7179947 # issued micro-ops
   bbls: 2192978 # Basic blocks
   approxInstrs: 835557 # Instrs with approx uop decoding
   mispredBranches: 121533 # Mispredicted branches
   IdqNotDelivered: 4011075 # Stalls no uop delivered when no Bkend Stall
   IntMiscRecoveryCycles: 978834 # Stalls waiting machine clears
   uops executed: 7922306 # Executed microoperations
  skylake-7: # Core stats
   cycles: 42373746 # Simulated unhalted cycles
   cCycles: 30373426 # Cycles due to contention stalls
   instrs: 8020443 # Simulated instructions
   uops: 7178182 # issued micro-ops
   bbls: 2192347 # Basic blocks
   approxInstrs: 835271 # Instrs with approx uop decoding
   mispredBranches: 121498 # Mispredicted branches
   IdqNotDelivered: 4010342 # Stalls no uop delivered when no Bkend Stall
   IntMiscRecoveryCycles: 977124 # Stalls waiting machine clears
   uops executed: 7920253 # Executed microoperations
  skylake-8: # Core stats
   cycles: 42372800 # Simulated unhalted cycles
   cCycles: 30371830 # Cycles due to contention stalls
   instrs: 8022749 # Simulated instructions
   uops: 7180065 # issued micro-ops
   bbls: 2193014 # Basic blocks
   approxInstrs: 835571 # Instrs with approx uop decoding
   mispredBranches: 121535 # Mispredicted branches
   IdqNotDelivered: 4009612 # Stalls no uop delivered when no Bkend Stall
   IntMiscRecoveryCycles: 979222 # Stalls waiting machine clears
   uops executed: 7922436 # Executed microoperations
  skylake-9: # Core stats
   cycles: 42372567 # Simulated unhalted cycles
   cCycles: 30371169 # Cycles due to contention stalls
   instrs: 8022630 # Simulated instructions
   uops: 7179960 # issued micro-ops
   bbls: 2192980 # Basic blocks
   approxInstrs: 835557 # Instrs with approx uop decoding
   mispredBranches: 121533 # Mispredicted branches
   IdqNotDelivered: 4010727 # Stalls no uop delivered when no Bkend Stall
   IntMiscRecoveryCycles: 978165 # Stalls waiting machine clears
   uops executed: 7922322 # Executed microoperations
  skylake-10: # Core stats
   cycles: 42372577 # Simulated unhalted cycles
   cCycles: 30371199 # Cycles due to contention stalls
   instrs: 8023814 # Simulated instructions
   uops: 7181020 # issued micro-ops
   bbls: 2193304 # Basic blocks
   approxInstrs: 835681 # Instrs with approx uop decoding
   mispredBranches: 121551 # Mispredicted branches
   IdqNotDelivered: 4010596 # Stalls no uop delivered when no Bkend Stall
   IntMiscRecoveryCycles: 979346 # Stalls waiting machine clears
   uops executed: 7923492 # Executed microoperations
  skylake-11: # Core stats
   cycles: 42372583 # Simulated unhalted cycles
   cCycles: 30371241 # Cycles due to contention stalls
   instrs: 8023420 # Simulated instructions
   uops: 7180776 # issued micro-ops
   bbls: 2193117 # Basic blocks
   approxInstrs: 835574 # Instrs with approx uop decoding
   mispredBranches: 121541 # Mispredicted branches
   IdqNotDelivered: 4009756 # Stalls no uop delivered when no Bkend Stall
   IntMiscRecoveryCycles: 979207 # Stalls waiting machine clears
   uops executed: 7923220 # Executed microoperations
  skylake-12: # Core stats
   cycles: 42371782 # Simulated unhalted cycles
   cCycles: 30369051 # Cycles due to contention stalls
   instrs: 8023310 # Simulated instructions
   uops: 7180551 # issued micro-ops
   bbls: 2193169 # Basic blocks
   approxInstrs: 835625 # Instrs with approx uop decoding
   mispredBranches: 121538 # Mispredicted branches
   IdqNotDelivered: 4012054 # Stalls no uop delivered when no Bkend Stall
   IntMiscRecoveryCycles: 977519 # Stalls waiting machine clears
   uops executed: 7923007 # Executed microoperations
  skylake-13: # Core stats
   cycles: 42371570 # Simulated unhalted cycles
   cCycles: 30372420 # Cycles due to contention stalls
   instrs: 8021486 # Simulated instructions
   uops: 7178929 # issued micro-ops
   bbls: 2192670 # Basic blocks
   approxInstrs: 835434 # Instrs with approx uop decoding
   mispredBranches: 121516 # Mispredicted branches
   IdqNotDelivered: 4008611 # Stalls no uop delivered when no Bkend Stall
   IntMiscRecoveryCycles: 977577 # Stalls waiting machine clears
   uops executed: 7921179 # Executed microoperations
  skylake-14: # Core stats
   cycles: 42369808 # Simulated unhalted cycles
   cCycles: 30370494 # Cycles due to contention stalls
   instrs: 8023416 # Simulated instructions
   uops: 7180666 # issued micro-ops
   bbls: 2193197 # Basic blocks
   approxInstrs: 835640 # Instrs with approx uop decoding
   mispredBranches: 121543 # Mispredicted branches
   IdqNotDelivered: 4008592 # Stalls no uop delivered when no Bkend Stall
   IntMiscRecoveryCycles: 977646 # Stalls waiting machine clears
   uops executed: 7923116 # Executed microoperations
  skylake-15: # Core stats
   cycles: 42370573 # Simulated unhalted cycles
   cCycles: 30370152 # Cycles due to contention stalls
   instrs: 8022345 # Simulated instructions
   uops: 7179698 # issued micro-ops
   bbls: 2192905 # Basic blocks
   approxInstrs: 835523 # Instrs with approx uop decoding
   mispredBranches: 121529 # Mispredicted branches
   IdqNotDelivered: 4009780 # Stalls no uop delivered when no Bkend Stall
   IntMiscRecoveryCycles: 977904 # Stalls waiting machine clears
   uops executed: 7922028 # Executed microoperations
  skylake-16: # Core stats
   cycles: 42370518 # Simulated unhalted cycles
   cCycles: 30371512 # Cycles due to contention stalls
   instrs: 8009693 # Simulated instructions
   uops: 7169029 # issued micro-ops
   bbls: 2189051 # Basic blocks
   approxInstrs: 833530 # Instrs with approx uop decoding
   mispredBranches: 121347 # Mispredicted branches
   IdqNotDelivered: 4007813 # Stalls no uop delivered when no Bkend Stall
   IntMiscRecoveryCycles: 979494 # Stalls waiting machine clears
   uops executed: 7909714 # Executed microoperations
  skylake-17: # Core stats
   cycles: 42370576 # Simulated unhalted cycles
   cCycles: 30369146 # Cycles due to contention stalls
   instrs: 8023550 # Simulated instructions
   uops: 7180784 # issued micro-ops
   bbls: 2193232 # Basic blocks
   approxInstrs: 835653 # Instrs with approx uop decoding
   mispredBranches: 121547 # Mispredicted branches
   IdqNotDelivered: 4011344 # Stalls no uop delivered when no Bkend Stall
   IntMiscRecoveryCycles: 977623 # Stalls waiting machine clears
   uops executed: 7923232 # Executed microoperations
  skylake-18: # Core stats
   cycles: 42369570 # Simulated unhalted cycles
   cCycles: 30369873 # Cycles due to contention stalls
   instrs: 8022939 # Simulated instructions
   uops: 7180229 # issued micro-ops
   bbls: 2193067 # Basic blocks
   approxInstrs: 835586 # Instrs with approx uop decoding
   mispredBranches: 121538 # Mispredicted branches
   IdqNotDelivered: 4009143 # Stalls no uop delivered when no Bkend Stall
   IntMiscRecoveryCycles: 977549 # Stalls waiting machine clears
   uops executed: 7922613 # Executed microoperations
  skylake-19: # Core stats
   cycles: 42369801 # Simulated unhalted cycles
   cCycles: 30370712 # Cycles due to contention stalls
   instrs: 8021666 # Simulated instructions
   uops: 7179085 # issued micro-ops
   bbls: 2192718 # Basic blocks
   approxInstrs: 835460 # Instrs with approx uop decoding
   mispredBranches: 121513 # Mispredicted branches
   IdqNotDelivered: 4007908 # Stalls no uop delivered when no Bkend Stall
   IntMiscRecoveryCycles: 977238 # Stalls waiting machine clears
   uops executed: 7921392 # Executed microoperations
  skylake-20: # Core stats
   cycles: 42369583 # Simulated unhalted cycles
   cCycles: 30373833 # Cycles due to contention stalls
   instrs: 8022295 # Simulated instructions
   uops: 7179661 # issued micro-ops
   bbls: 2192889 # Basic blocks
   approxInstrs: 835522 # Instrs with approx uop decoding
   mispredBranches: 121528 # Mispredicted branches
   IdqNotDelivered: 4005241 # Stalls no uop delivered when no Bkend Stall
   IntMiscRecoveryCycles: 977820 # Stalls waiting machine clears
   uops executed: 7921993 # Executed microoperations
  skylake-21: # Core stats
   cycles: 42368804 # Simulated unhalted cycles
   cCycles: 30371481 # Cycles due to contention stalls
   instrs: 8022401 # Simulated instructions
   uops: 7179745 # issued micro-ops
   bbls: 2192918 # Basic blocks
   approxInstrs: 835535 # Instrs with approx uop decoding
   mispredBranches: 121522 # Mispredicted branches
   IdqNotDelivered: 4007042 # Stalls no uop delivered when no Bkend Stall
   IntMiscRecoveryCycles: 977091 # Stalls waiting machine clears
   uops executed: 7922130 # Executed microoperations
  skylake-22: # Core stats
   cycles: 42368575 # Simulated unhalted cycles
   cCycles: 30370481 # Cycles due to contention stalls
   instrs: 8022873 # Simulated instructions
   uops: 7180170 # issued micro-ops
   bbls: 2193049 # Basic blocks
   approxInstrs: 835579 # Instrs with approx uop decoding
   mispredBranches: 121537 # Mispredicted branches
   IdqNotDelivered: 4007843 # Stalls no uop delivered when no Bkend Stall
   IntMiscRecoveryCycles: 977888 # Stalls waiting machine clears
   uops executed: 7922548 # Executed microoperations
  skylake-23: # Core stats
   cycles: 0 # Simulated unhalted cycles
   cCycles: 0 # Cycles due to contention stalls
   instrs: 0 # Simulated instructions
   uops: 0 # issued micro-ops
   bbls: 0 # Basic blocks
   approxInstrs: 0 # Instrs with approx uop decoding
   mispredBranches: 0 # Mispredicted branches
   IdqNotDelivered: 0 # Stalls no uop delivered when no Bkend Stall
   IntMiscRecoveryCycles: 0 # Stalls waiting machine clears
   uops executed: 0 # Executed microoperations
 l1d: # Cache stats
  l1d-0: # Filter cache stats
   fhGETS: 831276 # Filtered GETS hits
   fhGETX: 725248 # Filtered GETX hits
   hGETS: 5591 # GETS hits
   hGETX: 10985 # GETX hits
   mGETS: 107370 # GETS misses
   mGETXIM: 250082 # GETX I->M misses
   mGETXSM: 6 # GETX S->M misses (upgrade misses)
   PUTS: 0 # Clean evictions (from lower level)
   PUTX: 0 # Dirty evictions (from lower level)
   INV: 104 # Invalidates (from upper level)
   INVX: 74 # Downgrades (from upper level)
   FWD: 0 # Forwards (from upper level)
   latGETnl: 97189846 # GET request latency on next level
   latGETnet: 0 # GET request latency on network to next level
  l1d-1: # Filter cache stats
   fhGETS: 830901 # Filtered GETS hits
   fhGETX: 724973 # Filtered GETX hits
   hGETS: 5510 # GETS hits
   hGETX: 10963 # GETX hits
   mGETS: 107313 # GETS misses
   mGETXIM: 250010 # GETX I->M misses
   mGETXSM: 8 # GETX S->M misses (upgrade misses)
   PUTS: 0 # Clean evictions (from lower level)
   PUTX: 0 # Dirty evictions (from lower level)
   INV: 88 # Invalidates (from upper level)
   INVX: 25 # Downgrades (from upper level)
   FWD: 0 # Forwards (from upper level)
   latGETnl: 97148791 # GET request latency on next level
   latGETnet: 0 # GET request latency on network to next level
  l1d-2: # Filter cache stats
   fhGETS: 830607 # Filtered GETS hits
   fhGETX: 724758 # Filtered GETX hits
   hGETS: 5477 # GETS hits
   hGETX: 10932 # GETX hits
   mGETS: 107283 # GETS misses
   mGETXIM: 249948 # GETX I->M misses
   mGETXSM: 5 # GETX S->M misses (upgrade misses)
   PUTS: 0 # Clean evictions (from lower level)
   PUTX: 0 # Dirty evictions (from lower level)
   INV: 69 # Invalidates (from upper level)
   INVX: 4 # Downgrades (from upper level)
   FWD: 0 # Forwards (from upper level)
   latGETnl: 97124302 # GET request latency on next level
   latGETnet: 0 # GET request latency on network to next level
  l1d-3: # Filter cache stats
   fhGETS: 830944 # Filtered GETS hits
   fhGETX: 725032 # Filtered GETX hits
   hGETS: 5515 # GETS hits
   hGETX: 10962 # GETX hits
   mGETS: 107322 # GETS misses
   mGETXIM: 250043 # GETX I->M misses
   mGETXSM: 8 # GETX S->M misses (upgrade misses)
   PUTS: 0 # Clean evictions (from lower level)
   PUTX: 0 # Dirty evictions (from lower level)
   INV: 86 # Invalidates (from upper level)
   INVX: 36 # Downgrades (from upper level)
   FWD: 0 # Forwards (from upper level)
   latGETnl: 97162914 # GET request latency on next level
   latGETnet: 0 # GET request latency on network to next level
  l1d-4: # Filter cache stats
   fhGETS: 830893 # Filtered GETS hits
   fhGETX: 724982 # Filtered GETX hits
   hGETS: 5519 # GETS hits
   hGETX: 10974 # GETX hits
   mGETS: 107318 # GETS misses
   mGETXIM: 250024 # GETX I->M misses
   mGETXSM: 8 # GETX S->M misses (upgrade misses)
   PUTS: 0 # Clean evictions (from lower level)
   PUTX: 0 # Dirty evictions (from lower level)
   INV: 82 # Invalidates (from upper level)
   INVX: 18 # Downgrades (from upper level)
   FWD: 0 # Forwards (from upper level)
   latGETnl: 97153172 # GET request latency on next level
   latGETnet: 0 # GET request latency on network to next level
  l1d-5: # Filter cache stats
   fhGETS: 831074 # Filtered GETS hits
   fhGETX: 725149 # Filtered GETX hits
   hGETS: 5505 # GETS hits
   hGETX: 10947 # GETX hits
   mGETS: 107341 # GETS misses
   mGETXIM: 250075 # GETX I->M misses
   mGETXSM: 9 # GETX S->M misses (upgrade misses)
   PUTS: 0 # Clean evictions (from lower level)
   PUTX: 0 # Dirty evictions (from lower level)
   INV: 86 # Invalidates (from upper level)
   INVX: 17 # Downgrades (from upper level)
   FWD: 0 # Forwards (from upper level)
   latGETnl: 97171814 # GET request latency on next level
   latGETnet: 0 # GET request latency on network to next level
  l1d-6: # Filter cache stats
   fhGETS: 830720 # Filtered GETS hits
   fhGETX: 724891 # Filtered GETX hits
   hGETS: 5498 # GETS hits
   hGETX: 10937 # GETX hits
   mGETS: 107295 # GETS misses
   mGETXIM: 250015 # GETX I->M misses
   mGETXSM: 5 # GETX S->M misses (upgrade misses)
   PUTS: 0 # Clean evictions (from lower level)
   PUTX: 0 # Dirty evictions (from lower level)
   INV: 70 # Invalidates (from upper level)
   INVX: 9 # Downgrades (from upper level)
   FWD: 0 # Forwards (from upper level)
   latGETnl: 97146984 # GET request latency on next level
   latGETnet: 0 # GET request latency on network to next level
  l1d-7: # Filter cache stats
   fhGETS: 830581 # Filtered GETS hits
   fhGETX: 724724 # Filtered GETX hits
   hGETS: 5514 # GETS hits
   hGETX: 10955 # GETX hits
   mGETS: 107275 # GETS misses
   mGETXIM: 249930 # GETX I->M misses
   mGETXSM: 7 # GETX S->M misses (upgrade misses)
   PUTS: 0 # Clean evictions (from lower level)
   PUTX: 0 # Dirty evictions (from lower level)
   INV: 78 # Invalidates (from upper level)
   INVX: 15 # Downgrades (from upper level)
   FWD: 0 # Forwards (from upper level)
   latGETnl: 97116916 # GET request latency on next level
   latGETnet: 0 # GET request latency on network to next level
  l1d-8: # Filter cache stats
   fhGETS: 830735 # Filtered GETS hits
   fhGETX: 724909 # Filtered GETX hits
   hGETS: 5498 # GETS hits
   hGETX: 10930 # GETX hits
   mGETS: 107296 # GETS misses
   mGETXIM: 250020 # GETX I->M misses
   mGETXSM: 5 # GETX S->M misses (upgrade misses)
   PUTS: 0 # Clean evictions (from lower level)
   PUTX: 0 # Dirty evictions (from lower level)
   INV: 70 # Invalidates (from upper level)
   INVX: 15 # Downgrades (from upper level)
   FWD: 0 # Forwards (from upper level)
   latGETnl: 97150022 # GET request latency on next level
   latGETnet: 0 # GET request latency on network to next level
  l1d-9: # Filter cache stats
   fhGETS: 830739 # Filtered GETS hits
   fhGETX: 724902 # Filtered GETX hits
   hGETS: 5483 # GETS hits
   hGETX: 10928 # GETX hits
   mGETS: 107295 # GETS misses
   mGETXIM: 250015 # GETX I->M misses
   mGETXSM: 6 # GETX S->M misses (upgrade misses)
   PUTS: 0 # Clean evictions (from lower level)
   PUTX: 0 # Dirty evictions (from lower level)
   INV: 70 # Invalidates (from upper level)
   INVX: 14 # Downgrades (from upper level)
   FWD: 0 # Forwards (from upper level)
   latGETnl: 97147805 # GET request latency on next level
   latGETnet: 0 # GET request latency on network to next level
  l1d-10: # Filter cache stats
   fhGETS: 830844 # Filtered GETS hits
   fhGETX: 724996 # Filtered GETX hits
   hGETS: 5500 # GETS hits
   hGETX: 10947 # GETX hits
   mGETS: 107312 # GETS misses
   mGETXIM: 250049 # GETX I->M misses
   mGETXSM: 5 # GETX S->M misses (upgrade misses)
   PUTS: 0 # Clean evictions (from lower level)
   PUTX: 0 # Dirty evictions (from lower level)
   INV: 69 # Invalidates (from upper level)
   INVX: 8 # Downgrades (from upper level)
   FWD: 0 # Forwards (from upper level)
   latGETnl: 97161152 # GET request latency on next level
   latGETnet: 0 # GET request latency on network to next level
  l1d-11: # Filter cache stats
   fhGETS: 830887 # Filtered GETS hits
   fhGETX: 725003 # Filtered GETX hits
   hGETS: 5528 # GETS hits
   hGETX: 10933 # GETX hits
   mGETS: 107315 # GETS misses
   mGETXIM: 250033 # GETX I->M misses
   mGETXSM: 8 # GETX S->M misses (upgrade misses)
   PUTS: 0 # Clean evictions (from lower level)
   PUTX: 0 # Dirty evictions (from lower level)
   INV: 70 # Invalidates (from upper level)
   INVX: 11 # Downgrades (from upper level)
   FWD: 0 # Forwards (from upper level)
   latGETnl: 97155915 # GET request latency on next level
   latGETnet: 0 # GET request latency on network to next level
  l1d-12: # Filter cache stats
   fhGETS: 830805 # Filtered GETS hits
   fhGETX: 724958 # Filtered GETX hits
   hGETS: 5483 # GETS hits
   hGETX: 10935 # GETX hits
   mGETS: 107301 # GETS misses
   mGETXIM: 250031 # GETX I->M misses
   mGETXSM: 4 # GETX S->M misses (upgrade misses)
   PUTS: 0 # Clean evictions (from lower level)
   PUTX: 0 # Dirty evictions (from lower level)
   INV: 64 # Invalidates (from upper level)
   INVX: 17 # Downgrades (from upper level)
   FWD: 0 # Forwards (from upper level)
   latGETnl: 97156480 # GET request latency on next level
   latGETnet: 0 # GET request latency on network to next level
  l1d-13: # Filter cache stats
   fhGETS: 830615 # Filtered GETS hits
   fhGETX: 724798 # Filtered GETX hits
   hGETS: 5486 # GETS hits
   hGETX: 10925 # GETX hits
   mGETS: 107278 # GETS misses
   mGETXIM: 249977 # GETX I->M misses
   mGETXSM: 5 # GETX S->M misses (upgrade misses)
   PUTS: 0 # Clean evictions (from lower level)
   PUTX: 0 # Dirty evictions (from lower level)
   INV: 69 # Invalidates (from upper level)
   INVX: 15 # Downgrades (from upper level)
   FWD: 0 # Forwards (from upper level)
   latGETnl: 97133291 # GET request latency on next level
   latGETnet: 0 # GET request latency on network to next level
  l1d-14: # Filter cache stats
   fhGETS: 830804 # Filtered GETS hits
   fhGETX: 724952 # Filtered GETX hits
   hGETS: 5497 # GETS hits
   hGETX: 10954 # GETX hits
   mGETS: 107305 # GETS misses
   mGETXIM: 250036 # GETX I->M misses
   mGETXSM: 5 # GETX S->M misses (upgrade misses)
   PUTS: 0 # Clean evictions (from lower level)
   PUTX: 0 # Dirty evictions (from lower level)
   INV: 67 # Invalidates (from upper level)
   INVX: 2 # Downgrades (from upper level)
   FWD: 0 # Forwards (from upper level)
   latGETnl: 97154883 # GET request latency on next level
   latGETnet: 0 # GET request latency on network to next level
  l1d-15: # Filter cache stats
   fhGETS: 830705 # Filtered GETS hits
   fhGETX: 724862 # Filtered GETX hits
   hGETS: 5485 # GETS hits
   hGETX: 10943 # GETX hits
   mGETS: 107289 # GETS misses
   mGETXIM: 250001 # GETX I->M misses
   mGETXSM: 5 # GETX S->M misses (upgrade misses)
   PUTS: 0 # Clean evictions (from lower level)
   PUTX: 0 # Dirty evictions (from lower level)
   INV: 65 # Invalidates (from upper level)
   INVX: 2 # Downgrades (from upper level)
   FWD: 0 # Forwards (from upper level)
   latGETnl: 97141897 # GET request latency on next level
   latGETnet: 0 # GET request latency on network to next level
  l1d-16: # Filter cache stats
   fhGETS: 830228 # Filtered GETS hits
   fhGETX: 723740 # Filtered GETX hits
   hGETS: 5835 # GETS hits
   hGETX: 10990 # GETX hits
   mGETS: 107110 # GETS misses
   mGETXIM: 249420 # GETX I->M misses
   mGETXSM: 14 # GETX S->M misses (upgrade misses)
   PUTS: 0 # Clean evictions (from lower level)
   PUTX: 0 # Dirty evictions (from lower level)
   INV: 69 # Invalidates (from upper level)
   INVX: 2 # Downgrades (from upper level)
   FWD: 0 # Forwards (from upper level)
   latGETnl: 96926114 # GET request latency on next level
   latGETnet: 0 # GET request latency on network to next level
  l1d-17: # Filter cache stats
   fhGETS: 830833 # Filtered GETS hits
   fhGETX: 724981 # Filtered GETX hits
   hGETS: 5481 # GETS hits
   hGETX: 10939 # GETX hits
   mGETS: 107310 # GETS misses
   mGETXIM: 250039 # GETX I->M misses
   mGETXSM: 6 # GETX S->M misses (upgrade misses)
   PUTS: 0 # Clean evictions (from lower level)
   PUTX: 0 # Dirty evictions (from lower level)
   INV: 70 # Invalidates (from upper level)
   INVX: 3 # Downgrades (from upper level)
   FWD: 0 # Forwards (from upper level)
   latGETnl: 97156431 # GET request latency on next level
   latGETnet: 0 # GET request latency on network to next level
  l1d-18: # Filter cache stats
   fhGETS: 830772 # Filtered GETS hits
   fhGETX: 724926 # Filtered GETX hits
   hGETS: 5478 # GETS hits
   hGETX: 10935 # GETX hits
   mGETS: 107301 # GETS misses
   mGETXIM: 250017 # GETX I->M misses
   mGETXSM: 5 # GETX S->M misses (upgrade misses)
   PUTS: 0 # Clean evictions (from lower level)
   PUTX: 0 # Dirty evictions (from lower level)
   INV: 68 # Invalidates (from upper level)
   INVX: 2 # Downgrades (from upper level)
   FWD: 0 # Forwards (from upper level)
   latGETnl: 97148388 # GET request latency on next level
   latGETnet: 0 # GET request latency on network to next level
  l1d-19: # Filter cache stats
   fhGETS: 830639 # Filtered GETS hits
   fhGETX: 724809 # Filtered GETX hits
   hGETS: 5481 # GETS hits
   hGETX: 10926 # GETX hits
   mGETS: 107279 # GETS misses
   mGETXIM: 249990 # GETX I->M misses
   mGETXSM: 4 # GETX S->M misses (upgrade misses)
   PUTS: 0 # Clean evictions (from lower level)
   PUTX: 0 # Dirty evictions (from lower level)
   INV: 70 # Invalidates (from upper level)
   INVX: 1 # Downgrades (from upper level)
   FWD: 0 # Forwards (from upper level)
   latGETnl: 97133635 # GET request latency on next level
   latGETnet: 0 # GET request latency on network to next level
  l1d-20: # Filter cache stats
   fhGETS: 830680 # Filtered GETS hits
   fhGETX: 724865 # Filtered GETX hits
   hGETS: 5504 # GETS hits
   hGETX: 10940 # GETX hits
   mGETS: 107292 # GETS misses
   mGETXIM: 250001 # GETX I->M misses
   mGETXSM: 5 # GETX S->M misses (upgrade misses)
   PUTS: 0 # Clean evictions (from lower level)
   PUTX: 0 # Dirty evictions (from lower level)
   INV: 69 # Invalidates (from upper level)
   INVX: 2 # Downgrades (from upper level)
   FWD: 0 # Forwards (from upper level)
   latGETnl: 97140688 # GET request latency on next level
   latGETnet: 0 # GET request latency on network to next level
  l1d-21: # Filter cache stats
   fhGETS: 830713 # Filtered GETS hits
   fhGETX: 724873 # Filtered GETX hits
   hGETS: 5480 # GETS hits
   hGETX: 10941 # GETX hits
   mGETS: 107293 # GETS misses
   mGETXIM: 250004 # GETX I->M misses
   mGETXSM: 4 # GETX S->M misses (upgrade misses)
   PUTS: 0 # Clean evictions (from lower level)
   PUTX: 0 # Dirty evictions (from lower level)
   INV: 67 # Invalidates (from upper level)
   INVX: 1 # Downgrades (from upper level)
   FWD: 0 # Forwards (from upper level)
   latGETnl: 97143051 # GET request latency on next level
   latGETnet: 0 # GET request latency on network to next level
  l1d-22: # Filter cache stats
   fhGETS: 830760 # Filtered GETS hits
   fhGETX: 724913 # Filtered GETX hits
   hGETS: 5481 # GETS hits
   hGETX: 10945 # GETX hits
   mGETS: 107302 # GETS misses
   mGETXIM: 250012 # GETX I->M misses
   mGETXSM: 5 # GETX S->M misses (upgrade misses)
   PUTS: 0 # Clean evictions (from lower level)
   PUTX: 0 # Dirty evictions (from lower level)
   INV: 65 # Invalidates (from upper level)
   INVX: 2 # Downgrades (from upper level)
   FWD: 0 # Forwards (from upper level)
   latGETnl: 97148200 # GET request latency on next level
   latGETnet: 0 # GET request latency on network to next level
  l1d-23: # Filter cache stats
   fhGETS: 0 # Filtered GETS hits
   fhGETX: 0 # Filtered GETX hits
   hGETS: 0 # GETS hits
   hGETX: 0 # GETX hits
   mGETS: 0 # GETS misses
   mGETXIM: 0 # GETX I->M misses
   mGETXSM: 0 # GETX S->M misses (upgrade misses)
   PUTS: 0 # Clean evictions (from lower level)
   PUTX: 0 # Dirty evictions (from lower level)
   INV: 0 # Invalidates (from upper level)
   INVX: 0 # Downgrades (from upper level)
   FWD: 0 # Forwards (from upper level)
   latGETnl: 0 # GET request latency on next level
   latGETnet: 0 # GET request latency on network to next level
 l1i: # Cache stats
  l1i-0: # Filter cache stats
   fhGETS: 2900243 # Filtered GETS hits
   fhGETX: 0 # Filtered GETX hits
   hGETS: 44 # GETS hits
   hGETX: 0 # GETX hits
   mGETS: 797 # GETS misses
   mGETXIM: 0 # GETX I->M misses
   mGETXSM: 0 # GETX S->M misses (upgrade misses)
   PUTS: 0 # Clean evictions (from lower level)
   PUTX: 0 # Dirty evictions (from lower level)
   INV: 774 # Invalidates (from upper level)
   INVX: 0 # Downgrades (from upper level)
   FWD: 0 # Forwards (from upper level)
   latGETnl: 76609 # GET request latency on next level
   latGETnet: 0 # GET request latency on network to next level
  l1i-1: # Filter cache stats
   fhGETS: 2899723 # Filtered GETS hits
   fhGETX: 0 # Filtered GETX hits
   hGETS: 37 # GETS hits
   hGETX: 0 # GETX hits
   mGETS: 699 # GETS misses
   mGETXIM: 0 # GETX I->M misses
   mGETXSM: 0 # GETX S->M misses (upgrade misses)
   PUTS: 0 # Clean evictions (from lower level)
   PUTX: 0 # Dirty evictions (from lower level)
   INV: 676 # Invalidates (from upper level)
   INVX: 0 # Downgrades (from upper level)
   FWD: 0 # Forwards (from upper level)
   latGETnl: 38478 # GET request latency on next level
   latGETnet: 0 # GET request latency on network to next level
  l1i-2: # Filter cache stats
   fhGETS: 2898963 # Filtered GETS hits
   fhGETX: 0 # Filtered GETX hits
   hGETS: 33 # GETS hits
   hGETX: 0 # GETX hits
   mGETS: 735 # GETS misses
   mGETXIM: 0 # GETX I->M misses
   mGETXSM: 0 # GETX S->M misses (upgrade misses)
   PUTS: 0 # Clean evictions (from lower level)
   PUTX: 0 # Dirty evictions (from lower level)
   INV: 712 # Invalidates (from upper level)
   INVX: 0 # Downgrades (from upper level)
   FWD: 0 # Forwards (from upper level)
   latGETnl: 43770 # GET request latency on next level
   latGETnet: 0 # GET request latency on network to next level
  l1i-3: # Filter cache stats
   fhGETS: 2900026 # Filtered GETS hits
   fhGETX: 0 # Filtered GETX hits
   hGETS: 31 # GETS hits
   hGETX: 0 # GETX hits
   mGETS: 707 # GETS misses
   mGETXIM: 0 # GETX I->M misses
   mGETXSM: 0 # GETX S->M misses (upgrade misses)
   PUTS: 0 # Clean evictions (from lower level)
   PUTX: 0 # Dirty evictions (from lower level)
   INV: 684 # Invalidates (from upper level)
   INVX: 0 # Downgrades (from upper level)
   FWD: 0 # Forwards (from upper level)
   latGETnl: 37954 # GET request latency on next level
   latGETnet: 0 # GET request latency on network to next level
  l1i-4: # Filter cache stats
   fhGETS: 2899901 # Filtered GETS hits
   fhGETX: 0 # Filtered GETX hits
   hGETS: 31 # GETS hits
   hGETX: 0 # GETX hits
   mGETS: 708 # GETS misses
   mGETXIM: 0 # GETX I->M misses
   mGETXSM: 0 # GETX S->M misses (upgrade misses)
   PUTS: 0 # Clean evictions (from lower level)
   PUTX: 0 # Dirty evictions (from lower level)
   INV: 685 # Invalidates (from upper level)
   INVX: 0 # Downgrades (from upper level)
   FWD: 0 # Forwards (from upper level)
   latGETnl: 34401 # GET request latency on next level
   latGETnet: 0 # GET request latency on network to next level
  l1i-5: # Filter cache stats
   fhGETS: 2900477 # Filtered GETS hits
   fhGETX: 0 # Filtered GETX hits
   hGETS: 31 # GETS hits
   hGETX: 0 # GETX hits
   mGETS: 712 # GETS misses
   mGETXIM: 0 # GETX I->M misses
   mGETXSM: 0 # GETX S->M misses (upgrade misses)
   PUTS: 0 # Clean evictions (from lower level)
   PUTX: 0 # Dirty evictions (from lower level)
   INV: 686 # Invalidates (from upper level)
   INVX: 0 # Downgrades (from upper level)
   FWD: 0 # Forwards (from upper level)
   latGETnl: 34364 # GET request latency on next level
   latGETnet: 0 # GET request latency on network to next level
  l1i-6: # Filter cache stats
   fhGETS: 2899645 # Filtered GETS hits
   fhGETX: 0 # Filtered GETX hits
   hGETS: 29 # GETS hits
   hGETX: 0 # GETX hits
   mGETS: 689 # GETS misses
   mGETXIM: 0 # GETX I->M misses
   mGETXSM: 0 # GETX S->M misses (upgrade misses)
   PUTS: 0 # Clean evictions (from lower level)
   PUTX: 0 # Dirty evictions (from lower level)
   INV: 666 # Invalidates (from upper level)
   INVX: 0 # Downgrades (from upper level)
   FWD: 0 # Forwards (from upper level)
   latGETnl: 37558 # GET request latency on next level
   latGETnet: 0 # GET request latency on network to next level
  l1i-7: # Filter cache stats
   fhGETS: 2898825 # Filtered GETS hits
   fhGETX: 0 # Filtered GETX hits
   hGETS: 32 # GETS hits
   hGETX: 0 # GETX hits
   mGETS: 710 # GETS misses
   mGETXIM: 0 # GETX I->M misses
   mGETXSM: 0 # GETX S->M misses (upgrade misses)
   PUTS: 0 # Clean evictions (from lower level)
   PUTX: 0 # Dirty evictions (from lower level)
   INV: 687 # Invalidates (from upper level)
   INVX: 0 # Downgrades (from upper level)
   FWD: 0 # Forwards (from upper level)
   latGETnl: 33370 # GET request latency on next level
   latGETnet: 0 # GET request latency on network to next level
  l1i-8: # Filter cache stats
   fhGETS: 2899720 # Filtered GETS hits
   fhGETX: 0 # Filtered GETX hits
   hGETS: 30 # GETS hits
   hGETX: 0 # GETX hits
   mGETS: 693 # GETS misses
   mGETXIM: 0 # GETX I->M misses
   mGETXSM: 0 # GETX S->M misses (upgrade misses)
   PUTS: 0 # Clean evictions (from lower level)
   PUTX: 0 # Dirty evictions (from lower level)
   INV: 670 # Invalidates (from upper level)
   INVX: 0 # Downgrades (from upper level)
   FWD: 0 # Forwards (from upper level)
   latGETnl: 36621 # GET request latency on next level
   latGETnet: 0 # GET request latency on network to next level
  l1i-9: # Filter cache stats
   fhGETS: 2899658 # Filtered GETS hits
   fhGETX: 0 # Filtered GETX hits
   hGETS: 30 # GETS hits
   hGETX: 0 # GETX hits
   mGETS: 692 # GETS misses
   mGETXIM: 0 # GETX I->M misses
   mGETXSM: 0 # GETX S->M misses (upgrade misses)
   PUTS: 0 # Clean evictions (from lower level)
   PUTX: 0 # Dirty evictions (from lower level)
   INV: 669 # Invalidates (from upper level)
   INVX: 0 # Downgrades (from upper level)
   FWD: 0 # Forwards (from upper level)
   latGETnl: 35224 # GET request latency on next level
   latGETnet: 0 # GET request latency on network to next level
  l1i-10: # Filter cache stats
   fhGETS: 2900057 # Filtered GETS hits
   fhGETX: 0 # Filtered GETX hits
   hGETS: 30 # GETS hits
   hGETX: 0 # GETX hits
   mGETS: 693 # GETS misses
   mGETXIM: 0 # GETX I->M misses
   mGETXSM: 0 # GETX S->M misses (upgrade misses)
   PUTS: 0 # Clean evictions (from lower level)
   PUTX: 0 # Dirty evictions (from lower level)
   INV: 670 # Invalidates (from upper level)
   INVX: 0 # Downgrades (from upper level)
   FWD: 0 # Forwards (from upper level)
   latGETnl: 36396 # GET request latency on next level
   latGETnet: 0 # GET request latency on network to next level
  l1i-11: # Filter cache stats
   fhGETS: 2899775 # Filtered GETS hits
   fhGETX: 0 # Filtered GETX hits
   hGETS: 120 # GETS hits
   hGETX: 0 # GETX hits
   mGETS: 695 # GETS misses
   mGETXIM: 0 # GETX I->M misses
   mGETXSM: 0 # GETX S->M misses (upgrade misses)
   PUTS: 0 # Clean evictions (from lower level)
   PUTX: 0 # Dirty evictions (from lower level)
   INV: 672 # Invalidates (from upper level)
   INVX: 0 # Downgrades (from upper level)
   FWD: 0 # Forwards (from upper level)
   latGETnl: 34690 # GET request latency on next level
   latGETnet: 0 # GET request latency on network to next level
  l1i-12: # Filter cache stats
   fhGETS: 2899915 # Filtered GETS hits
   fhGETX: 0 # Filtered GETX hits
   hGETS: 30 # GETS hits
   hGETX: 0 # GETX hits
   mGETS: 685 # GETS misses
   mGETXIM: 0 # GETX I->M misses
   mGETXSM: 0 # GETX S->M misses (upgrade misses)
   PUTS: 0 # Clean evictions (from lower level)
   PUTX: 0 # Dirty evictions (from lower level)
   INV: 662 # Invalidates (from upper level)
   INVX: 0 # Downgrades (from upper level)
   FWD: 0 # Forwards (from upper level)
   latGETnl: 35120 # GET request latency on next level
   latGETnet: 0 # GET request latency on network to next level
  l1i-13: # Filter cache stats
   fhGETS: 2899276 # Filtered GETS hits
   fhGETX: 0 # Filtered GETX hits
   hGETS: 30 # GETS hits
   hGETX: 0 # GETX hits
   mGETS: 695 # GETS misses
   mGETXIM: 0 # GETX I->M misses
   mGETXSM: 0 # GETX S->M misses (upgrade misses)
   PUTS: 0 # Clean evictions (from lower level)
   PUTX: 0 # Dirty evictions (from lower level)
   INV: 672 # Invalidates (from upper level)
   INVX: 0 # Downgrades (from upper level)
   FWD: 0 # Forwards (from upper level)
   latGETnl: 34015 # GET request latency on next level
   latGETnet: 0 # GET request latency on network to next level
  l1i-14: # Filter cache stats
   fhGETS: 2899962 # Filtered GETS hits
   fhGETX: 0 # Filtered GETX hits
   hGETS: 27 # GETS hits
   hGETX: 0 # GETX hits
   mGETS: 693 # GETS misses
   mGETXIM: 0 # GETX I->M misses
   mGETXSM: 0 # GETX S->M misses (upgrade misses)
   PUTS: 0 # Clean evictions (from lower level)
   PUTX: 0 # Dirty evictions (from lower level)
   INV: 670 # Invalidates (from upper level)
   INVX: 0 # Downgrades (from upper level)
   FWD: 0 # Forwards (from upper level)
   latGETnl: 33696 # GET request latency on next level
   latGETnet: 0 # GET request latency on network to next level
  l1i-15: # Filter cache stats
   fhGETS: 2899585 # Filtered GETS hits
   fhGETX: 0 # Filtered GETX hits
   hGETS: 30 # GETS hits
   hGETX: 0 # GETX hits
   mGETS: 695 # GETS misses
   mGETXIM: 0 # GETX I->M misses
   mGETXSM: 0 # GETX S->M misses (upgrade misses)
   PUTS: 0 # Clean evictions (from lower level)
   PUTX: 0 # Dirty evictions (from lower level)
   INV: 672 # Invalidates (from upper level)
   INVX: 0 # Downgrades (from upper level)
   FWD: 0 # Forwards (from upper level)
   latGETnl: 33340 # GET request latency on next level
   latGETnet: 0 # GET request latency on network to next level
  l1i-16: # Filter cache stats
   fhGETS: 2894302 # Filtered GETS hits
   fhGETX: 0 # Filtered GETX hits
   hGETS: 195 # GETS hits
   hGETX: 0 # GETX hits
   mGETS: 763 # GETS misses
   mGETXIM: 0 # GETX I->M misses
   mGETXSM: 0 # GETX S->M misses (upgrade misses)
   PUTS: 0 # Clean evictions (from lower level)
   PUTX: 0 # Dirty evictions (from lower level)
   INV: 740 # Invalidates (from upper level)
   INVX: 0 # Downgrades (from upper level)
   FWD: 0 # Forwards (from upper level)
   latGETnl: 48236 # GET request latency on next level
   latGETnet: 0 # GET request latency on network to next level
  l1i-17: # Filter cache stats
   fhGETS: 2900015 # Filtered GETS hits
   fhGETX: 0 # Filtered GETX hits
   hGETS: 30 # GETS hits
   hGETX: 0 # GETX hits
   mGETS: 691 # GETS misses
   mGETXIM: 0 # GETX I->M misses
   mGETXSM: 0 # GETX S->M misses (upgrade misses)
   PUTS: 0 # Clean evictions (from lower level)
   PUTX: 0 # Dirty evictions (from lower level)
   INV: 668 # Invalidates (from upper level)
   INVX: 0 # Downgrades (from upper level)
   FWD: 0 # Forwards (from upper level)
   latGETnl: 33602 # GET request latency on next level
   latGETnet: 0 # GET request latency on network to next level
  l1i-18: # Filter cache stats
   fhGETS: 2899798 # Filtered GETS hits
   fhGETX: 0 # Filtered GETX hits
   hGETS: 30 # GETS hits
   hGETX: 0 # GETX hits
   mGETS: 691 # GETS misses
   mGETXIM: 0 # GETX I->M misses
   mGETXSM: 0 # GETX S->M misses (upgrade misses)
   PUTS: 0 # Clean evictions (from lower level)
   PUTX: 0 # Dirty evictions (from lower level)
   INV: 668 # Invalidates (from upper level)
   INVX: 0 # Downgrades (from upper level)
   FWD: 0 # Forwards (from upper level)
   latGETnl: 32702 # GET request latency on next level
   latGETnet: 0 # GET request latency on network to next level
  l1i-19: # Filter cache stats
   fhGETS: 2899322 # Filtered GETS hits
   fhGETX: 0 # Filtered GETX hits
   hGETS: 30 # GETS hits
   hGETX: 0 # GETX hits
   mGETS: 689 # GETS misses
   mGETXIM: 0 # GETX I->M misses
   mGETXSM: 0 # GETX S->M misses (upgrade misses)
   PUTS: 0 # Clean evictions (from lower level)
   PUTX: 0 # Dirty evictions (from lower level)
   INV: 666 # Invalidates (from upper level)
   INVX: 0 # Downgrades (from upper level)
   FWD: 0 # Forwards (from upper level)
   latGETnl: 33058 # GET request latency on next level
   latGETnet: 0 # GET request latency on network to next level
  l1i-20: # Filter cache stats
   fhGETS: 2899567 # Filtered GETS hits
   fhGETX: 0 # Filtered GETX hits
   hGETS: 30 # GETS hits
   hGETX: 0 # GETX hits
   mGETS: 695 # GETS misses
   mGETXIM: 0 # GETX I->M misses
   mGETXSM: 0 # GETX S->M misses (upgrade misses)
   PUTS: 0 # Clean evictions (from lower level)
   PUTX: 0 # Dirty evictions (from lower level)
   INV: 672 # Invalidates (from upper level)
   INVX: 0 # Downgrades (from upper level)
   FWD: 0 # Forwards (from upper level)
   latGETnl: 32665 # GET request latency on next level
   latGETnet: 0 # GET request latency on network to next level
  l1i-21: # Filter cache stats
   fhGETS: 2899588 # Filtered GETS hits
   fhGETX: 0 # Filtered GETX hits
   hGETS: 30 # GETS hits
   hGETX: 0 # GETX hits
   mGETS: 683 # GETS misses
   mGETXIM: 0 # GETX I->M misses
   mGETXSM: 0 # GETX S->M misses (upgrade misses)
   PUTS: 0 # Clean evictions (from lower level)
   PUTX: 0 # Dirty evictions (from lower level)
   INV: 660 # Invalidates (from upper level)
   INVX: 0 # Downgrades (from upper level)
   FWD: 0 # Forwards (from upper level)
   latGETnl: 32101 # GET request latency on next level
   latGETnet: 0 # GET request latency on network to next level
  l1i-22: # Filter cache stats
   fhGETS: 2899779 # Filtered GETS hits
   fhGETX: 0 # Filtered GETX hits
   hGETS: 30 # GETS hits
   hGETX: 0 # GETX hits
   mGETS: 695 # GETS misses
   mGETXIM: 0 # GETX I->M misses
   mGETXSM: 0 # GETX S->M misses (upgrade misses)
   PUTS: 0 # Clean evictions (from lower level)
   PUTX: 0 # Dirty evictions (from lower level)
   INV: 672 # Invalidates (from upper level)
   INVX: 0 # Downgrades (from upper level)
   FWD: 0 # Forwards (from upper level)
   latGETnl: 32665 # GET request latency on next level
   latGETnet: 0 # GET request latency on network to next level
  l1i-23: # Filter cache stats
   fhGETS: 0 # Filtered GETS hits
   fhGETX: 0 # Filtered GETX hits
   hGETS: 0 # GETS hits
   hGETX: 0 # GETX hits
   mGETS: 0 # GETS misses
   mGETXIM: 0 # GETX I->M misses
   mGETXSM: 0 # GETX S->M misses (upgrade misses)
   PUTS: 0 # Clean evictions (from lower level)
   PUTX: 0 # Dirty evictions (from lower level)
   INV: 0 # Invalidates (from upper level)
   INVX: 0 # Downgrades (from upper level)
   FWD: 0 # Forwards (from upper level)
   latGETnl: 0 # GET request latency on next level
   latGETnet: 0 # GET request latency on network to next level
 l2: # Cache stats
  l2-0: # Cache stats
   hGETS: 0 # GETS hits
   hGETX: 0 # GETX hits
   mGETS: 108167 # GETS misses
   mGETXIM: 250082 # GETX I->M misses
   mGETXSM: 6 # GETX S->M misses (upgrade misses)
   PUTS: 107154 # Clean evictions (from lower level)
   PUTX: 249682 # Dirty evictions (from lower level)
   INV: 23263 # Invalidates (from upper level)
   INVX: 82 # Downgrades (from upper level)
   FWD: 0 # Forwards (from upper level)
   latGETnl: 93683905 # GET request latency on next level
   latGETnet: 0 # GET request latency on network to next level
  l2-1: # Cache stats
   hGETS: 0 # GETS hits
   hGETX: 0 # GETX hits
   mGETS: 108012 # GETS misses
   mGETXIM: 250010 # GETX I->M misses
   mGETXSM: 8 # GETX S->M misses (upgrade misses)
   PUTS: 107098 # Clean evictions (from lower level)
   PUTX: 249625 # Dirty evictions (from lower level)
   INV: 21367 # Invalidates (from upper level)
   INVX: 25 # Downgrades (from upper level)
   FWD: 0 # Forwards (from upper level)
   latGETnl: 93606969 # GET request latency on next level
   latGETnet: 0 # GET request latency on network to next level
  l2-2: # Cache stats
   hGETS: 0 # GETS hits
   hGETX: 0 # GETX hits
   mGETS: 108018 # GETS misses
   mGETXIM: 249948 # GETX I->M misses
   mGETXSM: 5 # GETX S->M misses (upgrade misses)
   PUTS: 107078 # Clean evictions (from lower level)
   PUTX: 249572 # Dirty evictions (from lower level)
   INV: 21237 # Invalidates (from upper level)
   INVX: 6 # Downgrades (from upper level)
   FWD: 0 # Forwards (from upper level)
   latGETnl: 93588362 # GET request latency on next level
   latGETnet: 0 # GET request latency on network to next level
  l2-3: # Cache stats
   hGETS: 0 # GETS hits
   hGETX: 0 # GETX hits
   mGETS: 108029 # GETS misses
   mGETXIM: 250044 # GETX I->M misses
   mGETXSM: 7 # GETX S->M misses (upgrade misses)
   PUTS: 107110 # Clean evictions (from lower level)
   PUTX: 249658 # Dirty evictions (from lower level)
   INV: 21225 # Invalidates (from upper level)
   INVX: 36 # Downgrades (from upper level)
   FWD: 0 # Forwards (from upper level)
   latGETnl: 93620068 # GET request latency on next level
   latGETnet: 0 # GET request latency on network to next level
  l2-4: # Cache stats
   hGETS: 0 # GETS hits
   hGETX: 0 # GETX hits
   mGETS: 108026 # GETS misses
   mGETXIM: 250024 # GETX I->M misses
   mGETXSM: 8 # GETX S->M misses (upgrade misses)
   PUTS: 107107 # Clean evictions (from lower level)
   PUTX: 249642 # Dirty evictions (from lower level)
   INV: 21207 # Invalidates (from upper level)
   INVX: 18 # Downgrades (from upper level)
   FWD: 0 # Forwards (from upper level)
   latGETnl: 93606993 # GET request latency on next level
   latGETnet: 0 # GET request latency on network to next level
  l2-5: # Cache stats
   hGETS: 0 # GETS hits
   hGETX: 0 # GETX hits
   mGETS: 108053 # GETS misses
   mGETXIM: 250075 # GETX I->M misses
   mGETXSM: 9 # GETX S->M misses (upgrade misses)
   PUTS: 107123 # Clean evictions (from lower level)
   PUTX: 249695 # Dirty evictions (from lower level)
   INV: 21282 # Invalidates (from upper level)
   INVX: 17 # Downgrades (from upper level)
   FWD: 0 # Forwards (from upper level)
   latGETnl: 93624808 # GET request latency on next level
   latGETnet: 0 # GET request latency on network to next level
  l2-6: # Cache stats
   hGETS: 0 # GETS hits
   hGETX: 0 # GETX hits
   mGETS: 107984 # GETS misses
   mGETXIM: 250015 # GETX I->M misses
   mGETXSM: 5 # GETX S->M misses (upgrade misses)
   PUTS: 107096 # Clean evictions (from lower level)
   PUTX: 249632 # Dirty evictions (from lower level)
   INV: 21355 # Invalidates (from upper level)
   INVX: 9 # Downgrades (from upper level)
   FWD: 0 # Forwards (from upper level)
   latGETnl: 93604502 # GET request latency on next level
   latGETnet: 0 # GET request latency on network to next level
  l2-7: # Cache stats
   hGETS: 0 # GETS hits
   hGETX: 0 # GETX hits
   mGETS: 107985 # GETS misses
   mGETXIM: 249930 # GETX I->M misses
   mGETXSM: 7 # GETX S->M misses (upgrade misses)
   PUTS: 107064 # Clean evictions (from lower level)
   PUTX: 249551 # Dirty evictions (from lower level)
   INV: 24356 # Invalidates (from upper level)
   INVX: 17 # Downgrades (from upper level)
   FWD: 0 # Forwards (from upper level)
   latGETnl: 93571066 # GET request latency on next level
   latGETnet: 0 # GET request latency on network to next level
  l2-8: # Cache stats
   hGETS: 0 # GETS hits
   hGETX: 0 # GETX hits
   mGETS: 107989 # GETS misses
   mGETXIM: 250020 # GETX I->M misses
   mGETXSM: 5 # GETX S->M misses (upgrade misses)
   PUTS: 107097 # Clean evictions (from lower level)
   PUTX: 249637 # Dirty evictions (from lower level)
   INV: 21895 # Invalidates (from upper level)
   INVX: 15 # Downgrades (from upper level)
   FWD: 0 # Forwards (from upper level)
   latGETnl: 93606503 # GET request latency on next level
   latGETnet: 0 # GET request latency on network to next level
  l2-9: # Cache stats
   hGETS: 0 # GETS hits
   hGETX: 0 # GETX hits
   mGETS: 107987 # GETS misses
   mGETXIM: 250015 # GETX I->M misses
   mGETXSM: 6 # GETX S->M misses (upgrade misses)
   PUTS: 107094 # Clean evictions (from lower level)
   PUTX: 249634 # Dirty evictions (from lower level)
   INV: 23418 # Invalidates (from upper level)
   INVX: 14 # Downgrades (from upper level)
   FWD: 0 # Forwards (from upper level)
   latGETnl: 93602949 # GET request latency on next level
   latGETnet: 0 # GET request latency on network to next level
  l2-10: # Cache stats
   hGETS: 0 # GETS hits
   hGETX: 0 # GETX hits
   mGETS: 108005 # GETS misses
   mGETXIM: 250049 # GETX I->M misses
   mGETXSM: 5 # GETX S->M misses (upgrade misses)
   PUTS: 107111 # Clean evictions (from lower level)
   PUTX: 249669 # Dirty evictions (from lower level)
   INV: 21255 # Invalidates (from upper level)
   INVX: 8 # Downgrades (from upper level)
   FWD: 0 # Forwards (from upper level)
   latGETnl: 93616958 # GET request latency on next level
   latGETnet: 0 # GET request latency on network to next level
  l2-11: # Cache stats
   hGETS: 0 # GETS hits
   hGETX: 0 # GETX hits
   mGETS: 108010 # GETS misses
   mGETXIM: 250033 # GETX I->M misses
   mGETXSM: 8 # GETX S->M misses (upgrade misses)
   PUTS: 107100 # Clean evictions (from lower level)
   PUTX: 249666 # Dirty evictions (from lower level)
   INV: 23835 # Invalidates (from upper level)
   INVX: 20 # Downgrades (from upper level)
   FWD: 0 # Forwards (from upper level)
   latGETnl: 93610095 # GET request latency on next level
   latGETnet: 0 # GET request latency on network to next level
  l2-12: # Cache stats
   hGETS: 0 # GETS hits
   hGETX: 0 # GETX hits
   mGETS: 107986 # GETS misses
   mGETXIM: 250031 # GETX I->M misses
   mGETXSM: 4 # GETX S->M misses (upgrade misses)
   PUTS: 107098 # Clean evictions (from lower level)
   PUTX: 249658 # Dirty evictions (from lower level)
   INV: 21976 # Invalidates (from upper level)
   INVX: 17 # Downgrades (from upper level)
   FWD: 0 # Forwards (from upper level)
   latGETnl: 93611390 # GET request latency on next level
   latGETnet: 0 # GET request latency on network to next level
  l2-13: # Cache stats
   hGETS: 0 # GETS hits
   hGETX: 0 # GETX hits
   mGETS: 107973 # GETS misses
   mGETXIM: 249977 # GETX I->M misses
   mGETXSM: 5 # GETX S->M misses (upgrade misses)
   PUTS: 107082 # Clean evictions (from lower level)
   PUTX: 249592 # Dirty evictions (from lower level)
   INV: 21177 # Invalidates (from upper level)
   INVX: 15 # Downgrades (from upper level)
   FWD: 0 # Forwards (from upper level)
   latGETnl: 93587756 # GET request latency on next level
   latGETnet: 0 # GET request latency on network to next level
  l2-14: # Cache stats
   hGETS: 0 # GETS hits
   hGETX: 0 # GETX hits
   mGETS: 107998 # GETS misses
   mGETXIM: 250036 # GETX I->M misses
   mGETXSM: 5 # GETX S->M misses (upgrade misses)
   PUTS: 107100 # Clean evictions (from lower level)
   PUTX: 249662 # Dirty evictions (from lower level)
   INV: 21257 # Invalidates (from upper level)
   INVX: 2 # Downgrades (from upper level)
   FWD: 0 # Forwards (from upper level)
   latGETnl: 93608189 # GET request latency on next level
   latGETnet: 0 # GET request latency on network to next level
  l2-15: # Cache stats
   hGETS: 0 # GETS hits
   hGETX: 0 # GETX hits
   mGETS: 107984 # GETS misses
   mGETXIM: 250001 # GETX I->M misses
   mGETXSM: 5 # GETX S->M misses (upgrade misses)
   PUTS: 107088 # Clean evictions (from lower level)
   PUTX: 249625 # Dirty evictions (from lower level)
   INV: 21335 # Invalidates (from upper level)
   INVX: 2 # Downgrades (from upper level)
   FWD: 0 # Forwards (from upper level)
   latGETnl: 93595337 # GET request latency on next level
   latGETnet: 0 # GET request latency on network to next level
  l2-16: # Cache stats
   hGETS: 0 # GETS hits
   hGETX: 0 # GETX hits
   mGETS: 107873 # GETS misses
   mGETXIM: 249420 # GETX I->M misses
   mGETXSM: 14 # GETX S->M misses (upgrade misses)
   PUTS: 106892 # Clean evictions (from lower level)
   PUTX: 249057 # Dirty evictions (from lower level)
   INV: 21294 # Invalidates (from upper level)
   INVX: 2 # Downgrades (from upper level)
   FWD: 0 # Forwards (from upper level)
   latGETnl: 93401280 # GET request latency on next level
   latGETnet: 0 # GET request latency on network to next level
  l2-17: # Cache stats
   hGETS: 0 # GETS hits
   hGETX: 0 # GETX hits
   mGETS: 108001 # GETS misses
   mGETXIM: 250039 # GETX I->M misses
   mGETXSM: 6 # GETX S->M misses (upgrade misses)
   PUTS: 107105 # Clean evictions (from lower level)
   PUTX: 249662 # Dirty evictions (from lower level)
   INV: 22614 # Invalidates (from upper level)
   INVX: 3 # Downgrades (from upper level)
   FWD: 0 # Forwards (from upper level)
   latGETnl: 93609573 # GET request latency on next level
   latGETnet: 0 # GET request latency on network to next level
  l2-18: # Cache stats
   hGETS: 0 # GETS hits
   hGETX: 0 # GETX hits
   mGETS: 107992 # GETS misses
   mGETXIM: 250017 # GETX I->M misses
   mGETXSM: 5 # GETX S->M misses (upgrade misses)
   PUTS: 107095 # Clean evictions (from lower level)
   PUTX: 249643 # Dirty evictions (from lower level)
   INV: 21199 # Invalidates (from upper level)
   INVX: 2 # Downgrades (from upper level)
   FWD: 0 # Forwards (from upper level)
   latGETnl: 93600950 # GET request latency on next level
   latGETnet: 0 # GET request latency on network to next level
  l2-19: # Cache stats
   hGETS: 0 # GETS hits
   hGETX: 0 # GETX hits
   mGETS: 107968 # GETS misses
   mGETXIM: 249990 # GETX I->M misses
   mGETXSM: 4 # GETX S->M misses (upgrade misses)
   PUTS: 107083 # Clean evictions (from lower level)
   PUTX: 249604 # Dirty evictions (from lower level)
   INV: 23547 # Invalidates (from upper level)
   INVX: 1 # Downgrades (from upper level)
   FWD: 0 # Forwards (from upper level)
   latGETnl: 93587073 # GET request latency on next level
   latGETnet: 0 # GET request latency on network to next level
  l2-20: # Cache stats
   hGETS: 0 # GETS hits
   hGETX: 0 # GETX hits
   mGETS: 107987 # GETS misses
   mGETXIM: 250001 # GETX I->M misses
   mGETXSM: 5 # GETX S->M misses (upgrade misses)
   PUTS: 107087 # Clean evictions (from lower level)
   PUTX: 249625 # Dirty evictions (from lower level)
   INV: 21235 # Invalidates (from upper level)
   INVX: 2 # Downgrades (from upper level)
   FWD: 0 # Forwards (from upper level)
   latGETnl: 93593423 # GET request latency on next level
   latGETnet: 0 # GET request latency on network to next level
  l2-21: # Cache stats
   hGETS: 0 # GETS hits
   hGETX: 0 # GETX hits
   mGETS: 107976 # GETS misses
   mGETXIM: 250004 # GETX I->M misses
   mGETXSM: 4 # GETX S->M misses (upgrade misses)
   PUTS: 107090 # Clean evictions (from lower level)
   PUTX: 249628 # Dirty evictions (from lower level)
   INV: 24534 # Invalidates (from upper level)
   INVX: 1 # Downgrades (from upper level)
   FWD: 0 # Forwards (from upper level)
   latGETnl: 93595312 # GET request latency on next level
   latGETnet: 0 # GET request latency on network to next level
  l2-22: # Cache stats
   hGETS: 0 # GETS hits
   hGETX: 0 # GETX hits
   mGETS: 107997 # GETS misses
   mGETXIM: 250012 # GETX I->M misses
   mGETXSM: 5 # GETX S->M misses (upgrade misses)
   PUTS: 107097 # Clean evictions (from lower level)
   PUTX: 249640 # Dirty evictions (from lower level)
   INV: 22316 # Invalidates (from upper level)
   INVX: 2 # Downgrades (from upper level)
   FWD: 0 # Forwards (from upper level)
   latGETnl: 93600725 # GET request latency on next level
   latGETnet: 0 # GET request latency on network to next level
  l2-23: # Cache stats
   hGETS: 0 # GETS hits
   hGETX: 0 # GETX hits
   mGETS: 0 # GETS misses
   mGETXIM: 0 # GETX I->M misses
   mGETXSM: 0 # GETX S->M misses (upgrade misses)
   PUTS: 0 # Clean evictions (from lower level)
   PUTX: 0 # Dirty evictions (from lower level)
   INV: 0 # Invalidates (from upper level)
   INVX: 0 # Downgrades (from upper level)
   FWD: 0 # Forwards (from upper level)
   latGETnl: 0 # GET request latency on next level
   latGETnet: 0 # GET request latency on network to next level
 l3: # Cache stats
  l3-0b0: # Cache stats
   hGETS: 343 # GETS hits
   hGETX: 61 # GETX hits
   mGETS: 102686 # GETS misses
   mGETXIM: 239558 # GETX I->M misses
   mGETXSM: 0 # GETX S->M misses (upgrade misses)
   PUTS: 91943 # Clean evictions (from lower level)
   PUTX: 213886 # Dirty evictions (from lower level)
   INV: 0 # Invalidates (from upper level)
   INVX: 0 # Downgrades (from upper level)
   FWD: 0 # Forwards (from upper level)
   latGETnl: 77004900 # GET request latency on next level
   latGETnet: 0 # GET request latency on network to next level
  l3-0b1: # Cache stats
   hGETS: 300 # GETS hits
   hGETX: 32 # GETX hits
   mGETS: 102682 # GETS misses
   mGETXIM: 239556 # GETX I->M misses
   mGETXSM: 0 # GETX S->M misses (upgrade misses)
   PUTS: 92041 # Clean evictions (from lower level)
   PUTX: 213733 # Dirty evictions (from lower level)
   INV: 0 # Invalidates (from upper level)
   INVX: 0 # Downgrades (from upper level)
   FWD: 0 # Forwards (from upper level)
   latGETnl: 77003550 # GET request latency on next level
   latGETnet: 0 # GET request latency on network to next level
  l3-0b2: # Cache stats
   hGETS: 238 # GETS hits
   hGETX: 16 # GETX hits
   mGETS: 102693 # GETS misses
   mGETXIM: 239552 # GETX I->M misses
   mGETXSM: 0 # GETX S->M misses (upgrade misses)
   PUTS: 91976 # Clean evictions (from lower level)
   PUTX: 213884 # Dirty evictions (from lower level)
   INV: 0 # Invalidates (from upper level)
   INVX: 0 # Downgrades (from upper level)
   FWD: 0 # Forwards (from upper level)
   latGETnl: 77005125 # GET request latency on next level
   latGETnet: 0 # GET request latency on network to next level
  l3-0b3: # Cache stats
   hGETS: 332 # GETS hits
   hGETX: 26 # GETX hits
   mGETS: 102703 # GETS misses
   mGETXIM: 239556 # GETX I->M misses
   mGETXSM: 0 # GETX S->M misses (upgrade misses)
   PUTS: 91961 # Clean evictions (from lower level)
   PUTX: 213896 # Dirty evictions (from lower level)
   INV: 0 # Invalidates (from upper level)
   INVX: 0 # Downgrades (from upper level)
   FWD: 0 # Forwards (from upper level)
   latGETnl: 77008275 # GET request latency on next level
   latGETnet: 0 # GET request latency on network to next level
  l3-0b4: # Cache stats
   hGETS: 849 # GETS hits
   hGETX: 28 # GETX hits
   mGETS: 102688 # GETS misses
   mGETXIM: 239549 # GETX I->M misses
   mGETXSM: 0 # GETX S->M misses (upgrade misses)
   PUTS: 92559 # Clean evictions (from lower level)
   PUTX: 213890 # Dirty evictions (from lower level)
   INV: 0 # Invalidates (from upper level)
   INVX: 0 # Downgrades (from upper level)
   FWD: 0 # Forwards (from upper level)
   latGETnl: 77003325 # GET request latency on next level
   latGETnet: 0 # GET request latency on network to next level
  l3-0b5: # Cache stats
   hGETS: 855 # GETS hits
   hGETX: 21 # GETX hits
   mGETS: 102700 # GETS misses
   mGETXIM: 239552 # GETX I->M misses
   mGETXSM: 0 # GETX S->M misses (upgrade misses)
   PUTS: 92566 # Clean evictions (from lower level)
   PUTX: 213878 # Dirty evictions (from lower level)
   INV: 0 # Invalidates (from upper level)
   INVX: 0 # Downgrades (from upper level)
   FWD: 0 # Forwards (from upper level)
   latGETnl: 77006700 # GET request latency on next level
   latGETnet: 0 # GET request latency on network to next level
  l3-0b6: # Cache stats
   hGETS: 683 # GETS hits
   hGETX: 2 # GETX hits
   mGETS: 102689 # GETS misses
   mGETXIM: 239551 # GETX I->M misses
   mGETXSM: 0 # GETX S->M misses (upgrade misses)
   PUTS: 92324 # Clean evictions (from lower level)
   PUTX: 213840 # Dirty evictions (from lower level)
   INV: 0 # Invalidates (from upper level)
   INVX: 0 # Downgrades (from upper level)
   FWD: 0 # Forwards (from upper level)
   latGETnl: 77004000 # GET request latency on next level
   latGETnet: 0 # GET request latency on network to next level
  l3-0b7: # Cache stats
   hGETS: 1225 # GETS hits
   hGETX: 28 # GETX hits
   mGETS: 102711 # GETS misses
   mGETXIM: 239549 # GETX I->M misses
   mGETXSM: 0 # GETX S->M misses (upgrade misses)
   PUTS: 92895 # Clean evictions (from lower level)
   PUTX: 213964 # Dirty evictions (from lower level)
   INV: 0 # Invalidates (from upper level)
   INVX: 0 # Downgrades (from upper level)
   FWD: 0 # Forwards (from upper level)
   latGETnl: 77008500 # GET request latency on next level
   latGETnet: 0 # GET request latency on network to next level
  l3-0b8: # Cache stats
   hGETS: 743 # GETS hits
   hGETX: 82 # GETX hits
   mGETS: 102708 # GETS misses
   mGETXIM: 239583 # GETX I->M misses
   mGETXSM: 0 # GETX S->M misses (upgrade misses)
   PUTS: 92360 # Clean evictions (from lower level)
   PUTX: 214009 # Dirty evictions (from lower level)
   INV: 0 # Invalidates (from upper level)
   INVX: 0 # Downgrades (from upper level)
   FWD: 0 # Forwards (from upper level)
   latGETnl: 77015475 # GET request latency on next level
   latGETnet: 0 # GET request latency on network to next level
  l3-0b9: # Cache stats
   hGETS: 786 # GETS hits
   hGETX: 68 # GETX hits
   mGETS: 102712 # GETS misses
   mGETXIM: 239587 # GETX I->M misses
   mGETXSM: 0 # GETX S->M misses (upgrade misses)
   PUTS: 92487 # Clean evictions (from lower level)
   PUTX: 213991 # Dirty evictions (from lower level)
   INV: 0 # Invalidates (from upper level)
   INVX: 0 # Downgrades (from upper level)
   FWD: 0 # Forwards (from upper level)
   latGETnl: 77017275 # GET request latency on next level
   latGETnet: 0 # GET request latency on network to next level
  l3-0b10: # Cache stats
   hGETS: 1347 # GETS hits
   hGETX: 34 # GETX hits
   mGETS: 102720 # GETS misses
   mGETXIM: 239575 # GETX I->M misses
   mGETXSM: 0 # GETX S->M misses (upgrade misses)
   PUTS: 93025 # Clean evictions (from lower level)
   PUTX: 213913 # Dirty evictions (from lower level)
   INV: 0 # Invalidates (from upper level)
   INVX: 0 # Downgrades (from upper level)
   FWD: 0 # Forwards (from upper level)
   latGETnl: 77016375 # GET request latency on next level
   latGETnet: 0 # GET request latency on network to next level
  l3-0b11: # Cache stats
   hGETS: 774 # GETS hits
   hGETX: 43 # GETX hits
   mGETS: 102716 # GETS misses
   mGETXIM: 239574 # GETX I->M misses
   mGETXSM: 0 # GETX S->M misses (upgrade misses)
   PUTS: 92553 # Clean evictions (from lower level)
   PUTX: 213950 # Dirty evictions (from lower level)
   INV: 0 # Invalidates (from upper level)
   INVX: 0 # Downgrades (from upper level)
   FWD: 0 # Forwards (from upper level)
   latGETnl: 77015250 # GET request latency on next level
   latGETnet: 0 # GET request latency on network to next level
  l3-0b12: # Cache stats
   hGETS: 1315 # GETS hits
   hGETX: 32 # GETX hits
   mGETS: 102711 # GETS misses
   mGETXIM: 239572 # GETX I->M misses
   mGETXSM: 0 # GETX S->M misses (upgrade misses)
   PUTS: 92862 # Clean evictions (from lower level)
   PUTX: 213906 # Dirty evictions (from lower level)
   INV: 0 # Invalidates (from upper level)
   INVX: 0 # Downgrades (from upper level)
   FWD: 0 # Forwards (from upper level)
   latGETnl: 77013675 # GET request latency on next level
   latGETnet: 0 # GET request latency on network to next level
  l3-0b13: # Cache stats
   hGETS: 1268 # GETS hits
   hGETX: 28 # GETX hits
   mGETS: 102734 # GETS misses
   mGETXIM: 239573 # GETX I->M misses
   mGETXSM: 0 # GETX S->M misses (upgrade misses)
   PUTS: 92950 # Clean evictions (from lower level)
   PUTX: 213983 # Dirty evictions (from lower level)
   INV: 0 # Invalidates (from upper level)
   INVX: 0 # Downgrades (from upper level)
   FWD: 0 # Forwards (from upper level)
   latGETnl: 77019075 # GET request latency on next level
   latGETnet: 0 # GET request latency on network to next level
  l3-0b14: # Cache stats
   hGETS: 1395 # GETS hits
   hGETX: 46 # GETX hits
   mGETS: 102738 # GETS misses
   mGETXIM: 239573 # GETX I->M misses
   mGETXSM: 0 # GETX S->M misses (upgrade misses)
   PUTS: 93191 # Clean evictions (from lower level)
   PUTX: 213874 # Dirty evictions (from lower level)
   INV: 0 # Invalidates (from upper level)
   INVX: 0 # Downgrades (from upper level)
   FWD: 0 # Forwards (from upper level)
   latGETnl: 77019975 # GET request latency on next level
   latGETnet: 0 # GET request latency on network to next level
  l3-0b15: # Cache stats
   hGETS: 1334 # GETS hits
   hGETX: 55 # GETX hits
   mGETS: 102760 # GETS misses
   mGETXIM: 239573 # GETX I->M misses
   mGETXSM: 0 # GETX S->M misses (upgrade misses)
   PUTS: 92909 # Clean evictions (from lower level)
   PUTX: 213865 # Dirty evictions (from lower level)
   INV: 0 # Invalidates (from upper level)
   INVX: 0 # Downgrades (from upper level)
   FWD: 0 # Forwards (from upper level)
   latGETnl: 77024925 # GET request latency on next level
   latGETnet: 0 # GET request latency on network to next level
  l3-0b16: # Cache stats
   hGETS: 886 # GETS hits
   hGETX: 9 # GETX hits
   mGETS: 102704 # GETS misses
   mGETXIM: 239485 # GETX I->M misses
   mGETXSM: 0 # GETX S->M misses (upgrade misses)
   PUTS: 92618 # Clean evictions (from lower level)
   PUTX: 213695 # Dirty evictions (from lower level)
   INV: 0 # Invalidates (from upper level)
   INVX: 0 # Downgrades (from upper level)
   FWD: 0 # Forwards (from upper level)
   latGETnl: 76992525 # GET request latency on next level
   latGETnet: 0 # GET request latency on network to next level
  l3-0b17: # Cache stats
   hGETS: 905 # GETS hits
   hGETX: 0 # GETX hits
   mGETS: 102693 # GETS misses
   mGETXIM: 239479 # GETX I->M misses
   mGETXSM: 0 # GETX S->M misses (upgrade misses)
   PUTS: 92551 # Clean evictions (from lower level)
   PUTX: 213751 # Dirty evictions (from lower level)
   INV: 0 # Invalidates (from upper level)
   INVX: 0 # Downgrades (from upper level)
   FWD: 0 # Forwards (from upper level)
   latGETnl: 76988700 # GET request latency on next level
   latGETnet: 0 # GET request latency on network to next level
  l3-0b18: # Cache stats
   hGETS: 777 # GETS hits
   hGETX: 50 # GETX hits
   mGETS: 102667 # GETS misses
   mGETXIM: 239495 # GETX I->M misses
   mGETXSM: 0 # GETX S->M misses (upgrade misses)
   PUTS: 92379 # Clean evictions (from lower level)
   PUTX: 213785 # Dirty evictions (from lower level)
   INV: 0 # Invalidates (from upper level)
   INVX: 0 # Downgrades (from upper level)
   FWD: 0 # Forwards (from upper level)
   latGETnl: 76986450 # GET request latency on next level
   latGETnet: 0 # GET request latency on network to next level
  l3-0b19: # Cache stats
   hGETS: 774 # GETS hits
   hGETX: 79 # GETX hits
   mGETS: 102673 # GETS misses
   mGETXIM: 239493 # GETX I->M misses
   mGETXSM: 0 # GETX S->M misses (upgrade misses)
   PUTS: 92482 # Clean evictions (from lower level)
   PUTX: 213794 # Dirty evictions (from lower level)
   INV: 0 # Invalidates (from upper level)
   INVX: 0 # Downgrades (from upper level)
   FWD: 0 # Forwards (from upper level)
   latGETnl: 76987350 # GET request latency on next level
   latGETnet: 0 # GET request latency on network to next level
  l3-0b20: # Cache stats
   hGETS: 752 # GETS hits
   hGETX: 17 # GETX hits
   mGETS: 102664 # GETS misses
   mGETXIM: 239489 # GETX I->M misses
   mGETXSM: 0 # GETX S->M misses (upgrade misses)
   PUTS: 92423 # Clean evictions (from lower level)
   PUTX: 213818 # Dirty evictions (from lower level)
   INV: 0 # Invalidates (from upper level)
   INVX: 0 # Downgrades (from upper level)
   FWD: 0 # Forwards (from upper level)
   latGETnl: 76984425 # GET request latency on next level
   latGETnet: 0 # GET request latency on network to next level
  l3-0b21: # Cache stats
   hGETS: 790 # GETS hits
   hGETX: 21 # GETX hits
   mGETS: 102634 # GETS misses
   mGETXIM: 239490 # GETX I->M misses
   mGETXSM: 0 # GETX S->M misses (upgrade misses)
   PUTS: 92278 # Clean evictions (from lower level)
   PUTX: 213717 # Dirty evictions (from lower level)
   INV: 0 # Invalidates (from upper level)
   INVX: 0 # Downgrades (from upper level)
   FWD: 0 # Forwards (from upper level)
   latGETnl: 76977900 # GET request latency on next level
   latGETnet: 0 # GET request latency on network to next level
  l3-0b22: # Cache stats
   hGETS: 369 # GETS hits
   hGETX: 74 # GETX hits
   mGETS: 102664 # GETS misses
   mGETXIM: 239507 # GETX I->M misses
   mGETXSM: 0 # GETX S->M misses (upgrade misses)
   PUTS: 92024 # Clean evictions (from lower level)
   PUTX: 213902 # Dirty evictions (from lower level)
   INV: 0 # Invalidates (from upper level)
   INVX: 0 # Downgrades (from upper level)
   FWD: 0 # Forwards (from upper level)
   latGETnl: 76988475 # GET request latency on next level
   latGETnet: 0 # GET request latency on network to next level
  l3-0b23: # Cache stats
   hGETS: 281 # GETS hits
   hGETX: 87 # GETX hits
   mGETS: 102629 # GETS misses
   mGETXIM: 239504 # GETX I->M misses
   mGETXSM: 0 # GETX S->M misses (upgrade misses)
   PUTS: 91976 # Clean evictions (from lower level)
   PUTX: 213863 # Dirty evictions (from lower level)
   INV: 0 # Invalidates (from upper level)
   INVX: 0 # Downgrades (from upper level)
   FWD: 0 # Forwards (from upper level)
   latGETnl: 76979925 # GET request latency on next level
   latGETnet: 0 # GET request latency on network to next level
 mem: # Memory controller stats
  mem-0: # Memory controller stats
   rd: 8159748 # Read requests
   wr: 5308722 # Write requests
   rdlat: 7998075380 # Total latency experienced by read requests
   wrlat: 5368840602 # Total latency experienced by write requests
 sched: # Scheduler stats
  thCr: 25 # Threads created
  thFn: 25 # Threads finished
  schedEvs: 26 # Schedule events
  waitEvs: 2 # Wait events
  handoffEvs: 1 # Handoff events
  sleepEvs: 1 # Sleep events
  idlePhases: 0 # Phases with no thread active
  idlePeriods: 0 # Periods with no thread active
  occHist: # Occupancy histogram
   0: 0
   1: 36
   2: 0
   3: 2
   4: 2
   5: 1
   6: 1
   7: 0
   8: 1
   9: 0
   10: 0
   11: 0
   12: 1
   13: 0
   14: 1
   15: 0
   16: 0
   17: 1
   18: 0
   19: 0
   20: 1
   21: 0
   22: 0
   23: 42368
   24: 0
  rqSzHist: # Run queue size histogram
   0: 42386
   1: 29
   2: 0
   3: 0
   4: 0
   5: 0
   6: 0
   7: 0
   8: 0
   9: 0
   10: 0
   11: 0
   12: 0
   13: 0
   14: 0
   15: 0
   16: 0
   17: 0
   18: 0
   19: 0
   20: 0
   21: 0
   22: 0
   23: 0
   24: 0
 procCycles: # Per-process unhalted core cycles
  0: 974611430
  1: 0
  2: 0
  3: 0
  4: 0
  5: 0
  6: 0
  7: 0
  8: 0
  9: 0
  10: 0
  11: 0
  12: 0
  13: 0
  14: 0
  15: 0
  16: 0
  17: 0
  18: 0
  19: 0
  20: 0
  21: 0
  22: 0
  23: 0
  24: 0
  25: 0
  26: 0
  27: 0
  28: 0
  29: 0
  30: 0
  31: 0
  32: 0
  33: 0
  34: 0
  35: 0
  36: 0
  37: 0
  38: 0
  39: 0
  40: 0
  41: 0
  42: 0
  43: 0
  44: 0
  45: 0
  46: 0
  47: 0
  48: 0
  49: 0
  50: 0
  51: 0
  52: 0
  53: 0
  54: 0
  55: 0
  56: 0
  57: 0
  58: 0
  59: 0
  60: 0
  61: 0
  62: 0
  63: 0
 procInstrs: # Per-process instructions
  0: 184513273
  1: 0
  2: 0
  3: 0
  4: 0
  5: 0
  6: 0
  7: 0
  8: 0
  9: 0
  10: 0
  11: 0
  12: 0
  13: 0
  14: 0
  15: 0
  16: 0
  17: 0
  18: 0
  19: 0
  20: 0
  21: 0
  22: 0
  23: 0
  24: 0
  25: 0
  26: 0
  27: 0
  28: 0
  29: 0
  30: 0
  31: 0
  32: 0
  33: 0
  34: 0
  35: 0
  36: 0
  37: 0
  38: 0
  39: 0
  40: 0
  41: 0
  42: 0
  43: 0
  44: 0
  45: 0
  46: 0
  47: 0
  48: 0
  49: 0
  50: 0
  51: 0
  52: 0
  53: 0
  54: 0
  55: 0
  56: 0
  57: 0
  58: 0
  59: 0
  60: 0
  61: 0
  62: 0
  63: 0
 heartbeats: # Per-process heartbeats
  0: 0
  1: 0
  2: 0
  3: 0
  4: 0
  5: 0
  6: 0
  7: 0
  8: 0
  9: 0
  10: 0
  11: 0
  12: 0
  13: 0
  14: 0
  15: 0
  16: 0
  17: 0
  18: 0
  19: 0
  20: 0
  21: 0
  22: 0
  23: 0
  24: 0
  25: 0
  26: 0
  27: 0
  28: 0
  29: 0
  30: 0
  31: 0
  32: 0
  33: 0
  34: 0
  35: 0
  36: 0
  37: 0
  38: 0
  39: 0
  40: 0
  41: 0
  42: 0
  43: 0
  44: 0
  45: 0
  46: 0
  47: 0
  48: 0
  49: 0
  50: 0
  51: 0
  52: 0
  53: 0
  54: 0
  55: 0
  56: 0
  57: 0
  58: 0
  59: 0
  60: 0
  61: 0
  62: 0
  63: 0
===
