# zsim stats
===
root: # Stats
 contention: # Contention simulation stats
  domain-0: # Domain stats
   time: 15003600568 # Weave simulation time
 time: # Simulator time breakdown
  init: 3388150583
  bound: 177526646008
  weave: 25906288456
  ff: 2761028
 trigger: 20000 # Reason for this stats dump
 phase: 261272 # Simulated phases
 reqCycles: 0 # Requeue Cycles
 skylake: # Core stats
  skylake-0: # Core stats
   cycles: 261272250 # Simulated unhalted cycles
   cCycles: 805524 # Cycles due to contention stalls
   instrs: 389093040 # Simulated instructions
   uops: 261308966 # issued micro-ops
   bbls: 129186916 # Basic blocks
   approxInstrs: 886407 # Instrs with approx uop decoding
   mispredBranches: 128954 # Mispredicted branches
   IdqNotDelivered: 260466726 # Stalls no uop delivered when no Bkend Stall
   IntMiscRecoveryCycles: 1045614 # Stalls waiting machine clears
   uops executed: 262066196 # Executed microoperations
  skylake-1: # Core stats
   cycles: 261236319 # Simulated unhalted cycles
   cCycles: 805529 # Cycles due to contention stalls
   instrs: 389091886 # Simulated instructions
   uops: 261307667 # issued micro-ops
   bbls: 129186700 # Basic blocks
   approxInstrs: 886405 # Instrs with approx uop decoding
   mispredBranches: 128917 # Mispredicted branches
   IdqNotDelivered: 260430790 # Stalls no uop delivered when no Bkend Stall
   IntMiscRecoveryCycles: 1036551 # Stalls waiting machine clears
   uops executed: 262064947 # Executed microoperations
  skylake-2: # Core stats
   cycles: 261234425 # Simulated unhalted cycles
   cCycles: 805519 # Cycles due to contention stalls
   instrs: 389089636 # Simulated instructions
   uops: 261305910 # issued micro-ops
   bbls: 129186024 # Basic blocks
   approxInstrs: 886400 # Instrs with approx uop decoding
   mispredBranches: 128920 # Mispredicted branches
   IdqNotDelivered: 260428906 # Stalls no uop delivered when no Bkend Stall
   IntMiscRecoveryCycles: 1039277 # Stalls waiting machine clears
   uops executed: 262063197 # Executed microoperations
  skylake-3: # Core stats
   cycles: 261234046 # Simulated unhalted cycles
   cCycles: 805521 # Cycles due to contention stalls
   instrs: 389091684 # Simulated instructions
   uops: 261307433 # issued micro-ops
   bbls: 129186661 # Basic blocks
   approxInstrs: 886403 # Instrs with approx uop decoding
   mispredBranches: 128918 # Mispredicted branches
   IdqNotDelivered: 260428525 # Stalls no uop delivered when no Bkend Stall
   IntMiscRecoveryCycles: 1038327 # Stalls waiting machine clears
   uops executed: 262064707 # Executed microoperations
  skylake-4: # Core stats
   cycles: 261232145 # Simulated unhalted cycles
   cCycles: 805528 # Cycles due to contention stalls
   instrs: 389091668 # Simulated instructions
   uops: 261307417 # issued micro-ops
   bbls: 129186657 # Basic blocks
   approxInstrs: 886404 # Instrs with approx uop decoding
   mispredBranches: 128918 # Mispredicted branches
   IdqNotDelivered: 260426617 # Stalls no uop delivered when no Bkend Stall
   IntMiscRecoveryCycles: 1037648 # Stalls waiting machine clears
   uops executed: 262064676 # Executed microoperations
  skylake-5: # Core stats
   cycles: 261231102 # Simulated unhalted cycles
   cCycles: 805522 # Cycles due to contention stalls
   instrs: 389091662 # Simulated instructions
   uops: 261307409 # issued micro-ops
   bbls: 129186655 # Basic blocks
   approxInstrs: 886404 # Instrs with approx uop decoding
   mispredBranches: 128918 # Mispredicted branches
   IdqNotDelivered: 260425580 # Stalls no uop delivered when no Bkend Stall
   IntMiscRecoveryCycles: 1037008 # Stalls waiting machine clears
   uops executed: 262064667 # Executed microoperations
  skylake-6: # Core stats
   cycles: 261230079 # Simulated unhalted cycles
   cCycles: 805528 # Cycles due to contention stalls
   instrs: 389091036 # Simulated instructions
   uops: 261306665 # issued micro-ops
   bbls: 129186523 # Basic blocks
   approxInstrs: 886398 # Instrs with approx uop decoding
   mispredBranches: 128912 # Mispredicted branches
   IdqNotDelivered: 260424551 # Stalls no uop delivered when no Bkend Stall
   IntMiscRecoveryCycles: 1038751 # Stalls waiting machine clears
   uops executed: 262063928 # Executed microoperations
  skylake-7: # Core stats
   cycles: 261230008 # Simulated unhalted cycles
   cCycles: 805524 # Cycles due to contention stalls
   instrs: 389091540 # Simulated instructions
   uops: 261307298 # issued micro-ops
   bbls: 129186619 # Basic blocks
   approxInstrs: 886400 # Instrs with approx uop decoding
   mispredBranches: 128916 # Mispredicted branches
   IdqNotDelivered: 260424484 # Stalls no uop delivered when no Bkend Stall
   IntMiscRecoveryCycles: 1036767 # Stalls waiting machine clears
   uops executed: 262064542 # Executed microoperations
  skylake-8: # Core stats
   cycles: 261229108 # Simulated unhalted cycles
   cCycles: 805533 # Cycles due to contention stalls
   instrs: 389091044 # Simulated instructions
   uops: 261306675 # issued micro-ops
   bbls: 129186526 # Basic blocks
   approxInstrs: 886398 # Instrs with approx uop decoding
   mispredBranches: 128912 # Mispredicted branches
   IdqNotDelivered: 260423575 # Stalls no uop delivered when no Bkend Stall
   IntMiscRecoveryCycles: 1038179 # Stalls waiting machine clears
   uops executed: 262063939 # Executed microoperations
  skylake-9: # Core stats
   cycles: 261228790 # Simulated unhalted cycles
   cCycles: 805521 # Cycles due to contention stalls
   instrs: 389091035 # Simulated instructions
   uops: 261306663 # issued micro-ops
   bbls: 129186522 # Basic blocks
   approxInstrs: 886398 # Instrs with approx uop decoding
   mispredBranches: 128912 # Mispredicted branches
   IdqNotDelivered: 260423269 # Stalls no uop delivered when no Bkend Stall
   IntMiscRecoveryCycles: 1038083 # Stalls waiting machine clears
   uops executed: 262063926 # Executed microoperations
  skylake-10: # Core stats
   cycles: 261228803 # Simulated unhalted cycles
   cCycles: 805527 # Cycles due to contention stalls
   instrs: 389091025 # Simulated instructions
   uops: 261306650 # issued micro-ops
   bbls: 129186519 # Basic blocks
   approxInstrs: 886398 # Instrs with approx uop decoding
   mispredBranches: 128912 # Mispredicted branches
   IdqNotDelivered: 260423276 # Stalls no uop delivered when no Bkend Stall
   IntMiscRecoveryCycles: 1038766 # Stalls waiting machine clears
   uops executed: 262063912 # Executed microoperations
  skylake-11: # Core stats
   cycles: 261228787 # Simulated unhalted cycles
   cCycles: 805517 # Cycles due to contention stalls
   instrs: 389090522 # Simulated instructions
   uops: 261306611 # issued micro-ops
   bbls: 129186195 # Basic blocks
   approxInstrs: 886399 # Instrs with approx uop decoding
   mispredBranches: 128916 # Mispredicted branches
   IdqNotDelivered: 260423270 # Stalls no uop delivered when no Bkend Stall
   IntMiscRecoveryCycles: 1037935 # Stalls waiting machine clears
   uops executed: 262063922 # Executed microoperations
  skylake-12: # Core stats
   cycles: 261228170 # Simulated unhalted cycles
   cCycles: 805529 # Cycles due to contention stalls
   instrs: 389091056 # Simulated instructions
   uops: 261306687 # issued micro-ops
   bbls: 129186528 # Basic blocks
   approxInstrs: 886398 # Instrs with approx uop decoding
   mispredBranches: 128913 # Mispredicted branches
   IdqNotDelivered: 260422641 # Stalls no uop delivered when no Bkend Stall
   IntMiscRecoveryCycles: 1038052 # Stalls waiting machine clears
   uops executed: 262063943 # Executed microoperations
  skylake-13: # Core stats
   cycles: 261228079 # Simulated unhalted cycles
   cCycles: 805522 # Cycles due to contention stalls
   instrs: 389090999 # Simulated instructions
   uops: 261306616 # issued micro-ops
   bbls: 129186512 # Basic blocks
   approxInstrs: 886397 # Instrs with approx uop decoding
   mispredBranches: 128906 # Mispredicted branches
   IdqNotDelivered: 260422557 # Stalls no uop delivered when no Bkend Stall
   IntMiscRecoveryCycles: 1036902 # Stalls waiting machine clears
   uops executed: 262063912 # Executed microoperations
  skylake-14: # Core stats
   cycles: 261226801 # Simulated unhalted cycles
   cCycles: 805524 # Cycles due to contention stalls
   instrs: 389091031 # Simulated instructions
   uops: 261306658 # issued micro-ops
   bbls: 129186521 # Basic blocks
   approxInstrs: 886398 # Instrs with approx uop decoding
   mispredBranches: 128912 # Mispredicted branches
   IdqNotDelivered: 260421277 # Stalls no uop delivered when no Bkend Stall
   IntMiscRecoveryCycles: 1037232 # Stalls waiting machine clears
   uops executed: 262063921 # Executed microoperations
  skylake-15: # Core stats
   cycles: 261226796 # Simulated unhalted cycles
   cCycles: 805522 # Cycles due to contention stalls
   instrs: 389090460 # Simulated instructions
   uops: 261306266 # issued micro-ops
   bbls: 129186332 # Basic blocks
   approxInstrs: 886397 # Instrs with approx uop decoding
   mispredBranches: 128907 # Mispredicted branches
   IdqNotDelivered: 260421274 # Stalls no uop delivered when no Bkend Stall
   IntMiscRecoveryCycles: 1036863 # Stalls waiting machine clears
   uops executed: 262063559 # Executed microoperations
  skylake-16: # Core stats
   cycles: 261226791 # Simulated unhalted cycles
   cCycles: 805521 # Cycles due to contention stalls
   instrs: 389091044 # Simulated instructions
   uops: 261306675 # issued micro-ops
   bbls: 129186526 # Basic blocks
   approxInstrs: 886398 # Instrs with approx uop decoding
   mispredBranches: 128912 # Mispredicted branches
   IdqNotDelivered: 260421270 # Stalls no uop delivered when no Bkend Stall
   IntMiscRecoveryCycles: 1037036 # Stalls waiting machine clears
   uops executed: 262063939 # Executed microoperations
  skylake-17: # Core stats
   cycles: 261226794 # Simulated unhalted cycles
   cCycles: 805526 # Cycles due to contention stalls
   instrs: 389063669 # Simulated instructions
   uops: 261290333 # issued micro-ops
   bbls: 129176692 # Basic blocks
   approxInstrs: 886325 # Instrs with approx uop decoding
   mispredBranches: 129004 # Mispredicted branches
   IdqNotDelivered: 260421268 # Stalls no uop delivered when no Bkend Stall
   IntMiscRecoveryCycles: 1041521 # Stalls waiting machine clears
   uops executed: 262047703 # Executed microoperations
  skylake-18: # Core stats
   cycles: 261225831 # Simulated unhalted cycles
   cCycles: 805530 # Cycles due to contention stalls
   instrs: 389091025 # Simulated instructions
   uops: 261306650 # issued micro-ops
   bbls: 129186519 # Basic blocks
   approxInstrs: 886398 # Instrs with approx uop decoding
   mispredBranches: 128912 # Mispredicted branches
   IdqNotDelivered: 260420301 # Stalls no uop delivered when no Bkend Stall
   IntMiscRecoveryCycles: 1037036 # Stalls waiting machine clears
   uops executed: 262063912 # Executed microoperations
  skylake-19: # Core stats
   cycles: 261225798 # Simulated unhalted cycles
   cCycles: 805523 # Cycles due to contention stalls
   instrs: 389091025 # Simulated instructions
   uops: 261306650 # issued micro-ops
   bbls: 129186519 # Basic blocks
   approxInstrs: 886398 # Instrs with approx uop decoding
   mispredBranches: 128912 # Mispredicted branches
   IdqNotDelivered: 260420275 # Stalls no uop delivered when no Bkend Stall
   IntMiscRecoveryCycles: 1037379 # Stalls waiting machine clears
   uops executed: 262063912 # Executed microoperations
  skylake-20: # Core stats
   cycles: 261225882 # Simulated unhalted cycles
   cCycles: 805525 # Cycles due to contention stalls
   instrs: 389091025 # Simulated instructions
   uops: 261306650 # issued micro-ops
   bbls: 129186519 # Basic blocks
   approxInstrs: 886398 # Instrs with approx uop decoding
   mispredBranches: 128912 # Mispredicted branches
   IdqNotDelivered: 260420357 # Stalls no uop delivered when no Bkend Stall
   IntMiscRecoveryCycles: 1037232 # Stalls waiting machine clears
   uops executed: 262063912 # Executed microoperations
  skylake-21: # Core stats
   cycles: 261225008 # Simulated unhalted cycles
   cCycles: 805525 # Cycles due to contention stalls
   instrs: 389090572 # Simulated instructions
   uops: 261306319 # issued micro-ops
   bbls: 129186371 # Basic blocks
   approxInstrs: 886395 # Instrs with approx uop decoding
   mispredBranches: 128901 # Mispredicted branches
   IdqNotDelivered: 260419483 # Stalls no uop delivered when no Bkend Stall
   IntMiscRecoveryCycles: 1036469 # Stalls waiting machine clears
   uops executed: 262063636 # Executed microoperations
  skylake-22: # Core stats
   cycles: 261224786 # Simulated unhalted cycles
   cCycles: 805518 # Cycles due to contention stalls
   instrs: 389088936 # Simulated instructions
   uops: 261305245 # issued micro-ops
   bbls: 129185824 # Basic blocks
   approxInstrs: 886396 # Instrs with approx uop decoding
   mispredBranches: 128909 # Mispredicted branches
   IdqNotDelivered: 260419268 # Stalls no uop delivered when no Bkend Stall
   IntMiscRecoveryCycles: 1037167 # Stalls waiting machine clears
   uops executed: 262062521 # Executed microoperations
  skylake-23: # Core stats
   cycles: 0 # Simulated unhalted cycles
   cCycles: 0 # Cycles due to contention stalls
   instrs: 0 # Simulated instructions
   uops: 0 # issued micro-ops
   bbls: 0 # Basic blocks
   approxInstrs: 0 # Instrs with approx uop decoding
   mispredBranches: 0 # Mispredicted branches
   IdqNotDelivered: 0 # Stalls no uop delivered when no Bkend Stall
   IntMiscRecoveryCycles: 0 # Stalls waiting machine clears
   uops executed: 0 # Executed microoperations
 l1d: # Cache stats
  l1d-0: # Filter cache stats
   fhGETS: 769266 # Filtered GETS hits
   fhGETX: 627712 # Filtered GETX hits
   hGETS: 133524 # GETS hits
   hGETX: 138069 # GETX hits
   mGETS: 129041 # GETS misses
   mGETXIM: 250114 # GETX I->M misses
   mGETXSM: 6 # GETX S->M misses (upgrade misses)
   PUTS: 0 # Clean evictions (from lower level)
   PUTX: 0 # Dirty evictions (from lower level)
   INV: 111 # Invalidates (from upper level)
   INVX: 94 # Downgrades (from upper level)
   FWD: 0 # Forwards (from upper level)
   latGETnl: 103094243 # GET request latency on next level
   latGETnet: 0 # GET request latency on network to next level
  l1d-1: # Filter cache stats
   fhGETS: 768998 # Filtered GETS hits
   fhGETX: 627531 # Filtered GETX hits
   hGETS: 133451 # GETS hits
   hGETX: 138049 # GETX hits
   mGETS: 128997 # GETS misses
   mGETXIM: 250079 # GETX I->M misses
   mGETXSM: 9 # GETX S->M misses (upgrade misses)
   PUTS: 0 # Clean evictions (from lower level)
   PUTX: 0 # Dirty evictions (from lower level)
   INV: 95 # Invalidates (from upper level)
   INVX: 25 # Downgrades (from upper level)
   FWD: 0 # Forwards (from upper level)
   latGETnl: 103063404 # GET request latency on next level
   latGETnet: 0 # GET request latency on network to next level
  l1d-2: # Filter cache stats
   fhGETS: 768874 # Filtered GETS hits
   fhGETX: 627468 # Filtered GETX hits
   hGETS: 133419 # GETS hits
   hGETX: 138032 # GETX hits
   mGETS: 128990 # GETS misses
   mGETXIM: 250068 # GETX I->M misses
   mGETXSM: 5 # GETX S->M misses (upgrade misses)
   PUTS: 0 # Clean evictions (from lower level)
   PUTX: 0 # Dirty evictions (from lower level)
   INV: 73 # Invalidates (from upper level)
   INVX: 5 # Downgrades (from upper level)
   FWD: 0 # Forwards (from upper level)
   latGETnl: 103061021 # GET request latency on next level
   latGETnet: 0 # GET request latency on network to next level
  l1d-3: # Filter cache stats
   fhGETS: 768934 # Filtered GETS hits
   fhGETX: 627498 # Filtered GETX hits
   hGETS: 133456 # GETS hits
   hGETX: 138051 # GETX hits
   mGETS: 128998 # GETS misses
   mGETXIM: 250077 # GETX I->M misses
   mGETXSM: 7 # GETX S->M misses (upgrade misses)
   PUTS: 0 # Clean evictions (from lower level)
   PUTX: 0 # Dirty evictions (from lower level)
   INV: 90 # Invalidates (from upper level)
   INVX: 29 # Downgrades (from upper level)
   FWD: 0 # Forwards (from upper level)
   latGETnl: 103063614 # GET request latency on next level
   latGETnet: 0 # GET request latency on network to next level
  l1d-4: # Filter cache stats
   fhGETS: 768927 # Filtered GETS hits
   fhGETX: 627485 # Filtered GETX hits
   hGETS: 133459 # GETS hits
   hGETX: 138065 # GETX hits
   mGETS: 128996 # GETS misses
   mGETXIM: 250071 # GETX I->M misses
   mGETXSM: 10 # GETX S->M misses (upgrade misses)
   PUTS: 0 # Clean evictions (from lower level)
   PUTX: 0 # Dirty evictions (from lower level)
   INV: 88 # Invalidates (from upper level)
   INVX: 22 # Downgrades (from upper level)
   FWD: 0 # Forwards (from upper level)
   latGETnl: 103061566 # GET request latency on next level
   latGETnet: 0 # GET request latency on network to next level
  l1d-5: # Filter cache stats
   fhGETS: 768944 # Filtered GETS hits
   fhGETX: 627505 # Filtered GETX hits
   hGETS: 133443 # GETS hits
   hGETX: 138043 # GETX hits
   mGETS: 128993 # GETS misses
   mGETXIM: 250073 # GETX I->M misses
   mGETXSM: 9 # GETX S->M misses (upgrade misses)
   PUTS: 0 # Clean evictions (from lower level)
   PUTX: 0 # Dirty evictions (from lower level)
   INV: 86 # Invalidates (from upper level)
   INVX: 17 # Downgrades (from upper level)
   FWD: 0 # Forwards (from upper level)
   latGETnl: 103060839 # GET request latency on next level
   latGETnet: 0 # GET request latency on network to next level
  l1d-6: # Filter cache stats
   fhGETS: 768777 # Filtered GETS hits
   fhGETX: 627410 # Filtered GETX hits
   hGETS: 133437 # GETS hits
   hGETX: 138031 # GETX hits
   mGETS: 128978 # GETS misses
   mGETXIM: 250068 # GETX I->M misses
   mGETXSM: 6 # GETX S->M misses (upgrade misses)
   PUTS: 0 # Clean evictions (from lower level)
   PUTX: 0 # Dirty evictions (from lower level)
   INV: 76 # Invalidates (from upper level)
   INVX: 14 # Downgrades (from upper level)
   FWD: 0 # Forwards (from upper level)
   latGETnl: 103058703 # GET request latency on next level
   latGETnet: 0 # GET request latency on network to next level
  l1d-7: # Filter cache stats
   fhGETS: 768922 # Filtered GETS hits
   fhGETX: 627494 # Filtered GETX hits
   hGETS: 133455 # GETS hits
   hGETX: 138040 # GETX hits
   mGETS: 128985 # GETS misses
   mGETXIM: 250080 # GETX I->M misses
   mGETXSM: 7 # GETX S->M misses (upgrade misses)
   PUTS: 0 # Clean evictions (from lower level)
   PUTX: 0 # Dirty evictions (from lower level)
   INV: 89 # Invalidates (from upper level)
   INVX: 16 # Downgrades (from upper level)
   FWD: 0 # Forwards (from upper level)
   latGETnl: 103059672 # GET request latency on next level
   latGETnet: 0 # GET request latency on network to next level
  l1d-8: # Filter cache stats
   fhGETS: 768784 # Filtered GETS hits
   fhGETX: 627420 # Filtered GETX hits
   hGETS: 133436 # GETS hits
   hGETX: 138019 # GETX hits
   mGETS: 128974 # GETS misses
   mGETXIM: 250072 # GETX I->M misses
   mGETXSM: 5 # GETX S->M misses (upgrade misses)
   PUTS: 0 # Clean evictions (from lower level)
   PUTX: 0 # Dirty evictions (from lower level)
   INV: 74 # Invalidates (from upper level)
   INVX: 14 # Downgrades (from upper level)
   FWD: 0 # Forwards (from upper level)
   latGETnl: 103057939 # GET request latency on next level
   latGETnet: 0 # GET request latency on network to next level
  l1d-9: # Filter cache stats
   fhGETS: 768782 # Filtered GETS hits
   fhGETX: 627411 # Filtered GETX hits
   hGETS: 133435 # GETS hits
   hGETX: 138028 # GETX hits
   mGETS: 128974 # GETS misses
   mGETXIM: 250071 # GETX I->M misses
   mGETXSM: 5 # GETX S->M misses (upgrade misses)
   PUTS: 0 # Clean evictions (from lower level)
   PUTX: 0 # Dirty evictions (from lower level)
   INV: 76 # Invalidates (from upper level)
   INVX: 15 # Downgrades (from upper level)
   FWD: 0 # Forwards (from upper level)
   latGETnl: 103058454 # GET request latency on next level
   latGETnet: 0 # GET request latency on network to next level
  l1d-10: # Filter cache stats
   fhGETS: 768792 # Filtered GETS hits
   fhGETX: 627415 # Filtered GETX hits
   hGETS: 133423 # GETS hits
   hGETX: 138026 # GETX hits
   mGETS: 128972 # GETS misses
   mGETXIM: 250068 # GETX I->M misses
   mGETXSM: 5 # GETX S->M misses (upgrade misses)
   PUTS: 0 # Clean evictions (from lower level)
   PUTX: 0 # Dirty evictions (from lower level)
   INV: 73 # Invalidates (from upper level)
   INVX: 6 # Downgrades (from upper level)
   FWD: 0 # Forwards (from upper level)
   latGETnl: 103055970 # GET request latency on next level
   latGETnet: 0 # GET request latency on network to next level
  l1d-11: # Filter cache stats
   fhGETS: 768942 # Filtered GETS hits
   fhGETX: 627520 # Filtered GETX hits
   hGETS: 133471 # GETS hits
   hGETX: 138047 # GETX hits
   mGETS: 128997 # GETS misses
   mGETXIM: 250080 # GETX I->M misses
   mGETXSM: 9 # GETX S->M misses (upgrade misses)
   PUTS: 0 # Clean evictions (from lower level)
   PUTX: 0 # Dirty evictions (from lower level)
   INV: 85 # Invalidates (from upper level)
   INVX: 18 # Downgrades (from upper level)
   FWD: 0 # Forwards (from upper level)
   latGETnl: 103066306 # GET request latency on next level
   latGETnet: 0 # GET request latency on network to next level
  l1d-12: # Filter cache stats
   fhGETS: 768800 # Filtered GETS hits
   fhGETX: 627422 # Filtered GETX hits
   hGETS: 133422 # GETS hits
   hGETX: 138018 # GETX hits
   mGETS: 128976 # GETS misses
   mGETXIM: 250073 # GETX I->M misses
   mGETXSM: 5 # GETX S->M misses (upgrade misses)
   PUTS: 0 # Clean evictions (from lower level)
   PUTX: 0 # Dirty evictions (from lower level)
   INV: 76 # Invalidates (from upper level)
   INVX: 18 # Downgrades (from upper level)
   FWD: 0 # Forwards (from upper level)
   latGETnl: 103058770 # GET request latency on next level
   latGETnet: 0 # GET request latency on network to next level
  l1d-13: # Filter cache stats
   fhGETS: 768779 # Filtered GETS hits
   fhGETX: 627414 # Filtered GETX hits
   hGETS: 133430 # GETS hits
   hGETX: 138023 # GETX hits
   mGETS: 128972 # GETS misses
   mGETXIM: 250068 # GETX I->M misses
   mGETXSM: 4 # GETX S->M misses (upgrade misses)
   PUTS: 0 # Clean evictions (from lower level)
   PUTX: 0 # Dirty evictions (from lower level)
   INV: 73 # Invalidates (from upper level)
   INVX: 14 # Downgrades (from upper level)
   FWD: 0 # Forwards (from upper level)
   latGETnl: 103058411 # GET request latency on next level
   latGETnet: 0 # GET request latency on network to next level
  l1d-14: # Filter cache stats
   fhGETS: 768786 # Filtered GETS hits
   fhGETX: 627405 # Filtered GETX hits
   hGETS: 133424 # GETS hits
   hGETX: 138043 # GETX hits
   mGETS: 128979 # GETS misses
   mGETXIM: 250061 # GETX I->M misses
   mGETXSM: 6 # GETX S->M misses (upgrade misses)
   PUTS: 0 # Clean evictions (from lower level)
   PUTX: 0 # Dirty evictions (from lower level)
   INV: 71 # Invalidates (from upper level)
   INVX: 2 # Downgrades (from upper level)
   FWD: 0 # Forwards (from upper level)
   latGETnl: 103056411 # GET request latency on next level
   latGETnet: 0 # GET request latency on network to next level
  l1d-15: # Filter cache stats
   fhGETS: 768765 # Filtered GETS hits
   fhGETX: 627404 # Filtered GETX hits
   hGETS: 133437 # GETS hits
   hGETX: 138043 # GETX hits
   mGETS: 128976 # GETS misses
   mGETXIM: 250061 # GETX I->M misses
   mGETXSM: 6 # GETX S->M misses (upgrade misses)
   PUTS: 0 # Clean evictions (from lower level)
   PUTX: 0 # Dirty evictions (from lower level)
   INV: 72 # Invalidates (from upper level)
   INVX: 2 # Downgrades (from upper level)
   FWD: 0 # Forwards (from upper level)
   latGETnl: 103055131 # GET request latency on next level
   latGETnet: 0 # GET request latency on network to next level
  l1d-16: # Filter cache stats
   fhGETS: 768794 # Filtered GETS hits
   fhGETX: 627413 # Filtered GETX hits
   hGETS: 133424 # GETS hits
   hGETX: 138031 # GETX hits
   mGETS: 128976 # GETS misses
   mGETXIM: 250067 # GETX I->M misses
   mGETXSM: 5 # GETX S->M misses (upgrade misses)
   PUTS: 0 # Clean evictions (from lower level)
   PUTX: 0 # Dirty evictions (from lower level)
   INV: 73 # Invalidates (from upper level)
   INVX: 6 # Downgrades (from upper level)
   FWD: 0 # Forwards (from upper level)
   latGETnl: 103056055 # GET request latency on next level
   latGETnet: 0 # GET request latency on network to next level
  l1d-17: # Filter cache stats
   fhGETS: 770202 # Filtered GETS hits
   fhGETX: 627932 # Filtered GETX hits
   hGETS: 133777 # GETS hits
   hGETX: 138101 # GETX hits
   mGETS: 129036 # GETS misses
   mGETXIM: 250054 # GETX I->M misses
   mGETXSM: 14 # GETX S->M misses (upgrade misses)
   PUTS: 0 # Clean evictions (from lower level)
   PUTX: 0 # Dirty evictions (from lower level)
   INV: 69 # Invalidates (from upper level)
   INVX: 2 # Downgrades (from upper level)
   FWD: 0 # Forwards (from upper level)
   latGETnl: 103062355 # GET request latency on next level
   latGETnet: 0 # GET request latency on network to next level
  l1d-18: # Filter cache stats
   fhGETS: 768790 # Filtered GETS hits
   fhGETX: 627417 # Filtered GETX hits
   hGETS: 133419 # GETS hits
   hGETX: 138033 # GETX hits
   mGETS: 128978 # GETS misses
   mGETXIM: 250059 # GETX I->M misses
   mGETXSM: 5 # GETX S->M misses (upgrade misses)
   PUTS: 0 # Clean evictions (from lower level)
   PUTX: 0 # Dirty evictions (from lower level)
   INV: 71 # Invalidates (from upper level)
   INVX: 2 # Downgrades (from upper level)
   FWD: 0 # Forwards (from upper level)
   latGETnl: 103055956 # GET request latency on next level
   latGETnet: 0 # GET request latency on network to next level
  l1d-19: # Filter cache stats
   fhGETS: 768773 # Filtered GETS hits
   fhGETX: 627403 # Filtered GETX hits
   hGETS: 133444 # GETS hits
   hGETX: 138036 # GETX hits
   mGETS: 128970 # GETS misses
   mGETXIM: 250069 # GETX I->M misses
   mGETXSM: 6 # GETX S->M misses (upgrade misses)
   PUTS: 0 # Clean evictions (from lower level)
   PUTX: 0 # Dirty evictions (from lower level)
   INV: 71 # Invalidates (from upper level)
   INVX: 2 # Downgrades (from upper level)
   FWD: 0 # Forwards (from upper level)
   latGETnl: 103055000 # GET request latency on next level
   latGETnet: 0 # GET request latency on network to next level
  l1d-20: # Filter cache stats
   fhGETS: 768793 # Filtered GETS hits
   fhGETX: 627413 # Filtered GETX hits
   hGETS: 133422 # GETS hits
   hGETX: 138026 # GETX hits
   mGETS: 128972 # GETS misses
   mGETXIM: 250069 # GETX I->M misses
   mGETXSM: 6 # GETX S->M misses (upgrade misses)
   PUTS: 0 # Clean evictions (from lower level)
   PUTX: 0 # Dirty evictions (from lower level)
   INV: 73 # Invalidates (from upper level)
   INVX: 2 # Downgrades (from upper level)
   FWD: 0 # Forwards (from upper level)
   latGETnl: 103055319 # GET request latency on next level
   latGETnet: 0 # GET request latency on network to next level
  l1d-21: # Filter cache stats
   fhGETS: 768774 # Filtered GETS hits
   fhGETX: 627404 # Filtered GETX hits
   hGETS: 133422 # GETS hits
   hGETX: 138041 # GETX hits
   mGETS: 128975 # GETS misses
   mGETXIM: 250059 # GETX I->M misses
   mGETXSM: 4 # GETX S->M misses (upgrade misses)
   PUTS: 0 # Clean evictions (from lower level)
   PUTX: 0 # Dirty evictions (from lower level)
   INV: 69 # Invalidates (from upper level)
   INVX: 1 # Downgrades (from upper level)
   FWD: 0 # Forwards (from upper level)
   latGETnl: 103056190 # GET request latency on next level
   latGETnet: 0 # GET request latency on network to next level
  l1d-22: # Filter cache stats
   fhGETS: 768774 # Filtered GETS hits
   fhGETX: 627409 # Filtered GETX hits
   hGETS: 133421 # GETS hits
   hGETX: 138047 # GETX hits
   mGETS: 128982 # GETS misses
   mGETXIM: 250052 # GETX I->M misses
   mGETXSM: 5 # GETX S->M misses (upgrade misses)
   PUTS: 0 # Clean evictions (from lower level)
   PUTX: 0 # Dirty evictions (from lower level)
   INV: 68 # Invalidates (from upper level)
   INVX: 3 # Downgrades (from upper level)
   FWD: 0 # Forwards (from upper level)
   latGETnl: 103056940 # GET request latency on next level
   latGETnet: 0 # GET request latency on network to next level
  l1d-23: # Filter cache stats
   fhGETS: 0 # Filtered GETS hits
   fhGETX: 0 # Filtered GETX hits
   hGETS: 0 # GETS hits
   hGETX: 0 # GETX hits
   mGETS: 0 # GETS misses
   mGETXIM: 0 # GETX I->M misses
   mGETXSM: 0 # GETX S->M misses (upgrade misses)
   PUTS: 0 # Clean evictions (from lower level)
   PUTX: 0 # Dirty evictions (from lower level)
   INV: 0 # Invalidates (from upper level)
   INVX: 0 # Downgrades (from upper level)
   FWD: 0 # Forwards (from upper level)
   latGETnl: 0 # GET request latency on next level
   latGETnet: 0 # GET request latency on network to next level
 l1i: # Cache stats
  l1i-0: # Filter cache stats
   fhGETS: 129815446 # Filtered GETS hits
   fhGETX: 0 # Filtered GETX hits
   hGETS: 121124 # GETS hits
   hGETX: 0 # GETX hits
   mGETS: 822 # GETS misses
   mGETXIM: 0 # GETX I->M misses
   mGETXSM: 0 # GETX S->M misses (upgrade misses)
   PUTS: 0 # Clean evictions (from lower level)
   PUTX: 0 # Dirty evictions (from lower level)
   INV: 793 # Invalidates (from upper level)
   INVX: 0 # Downgrades (from upper level)
   FWD: 0 # Forwards (from upper level)
   latGETnl: 78459 # GET request latency on next level
   latGETnet: 0 # GET request latency on network to next level
  l1i-1: # Filter cache stats
   fhGETS: 129815256 # Filtered GETS hits
   fhGETX: 0 # Filtered GETX hits
   hGETS: 121113 # GETS hits
   hGETX: 0 # GETX hits
   mGETS: 738 # GETS misses
   mGETXIM: 0 # GETX I->M misses
   mGETXSM: 0 # GETX S->M misses (upgrade misses)
   PUTS: 0 # Clean evictions (from lower level)
   PUTX: 0 # Dirty evictions (from lower level)
   INV: 709 # Invalidates (from upper level)
   INVX: 0 # Downgrades (from upper level)
   FWD: 0 # Forwards (from upper level)
   latGETnl: 40761 # GET request latency on next level
   latGETnet: 0 # GET request latency on network to next level
  l1i-2: # Filter cache stats
   fhGETS: 129814574 # Filtered GETS hits
   fhGETX: 0 # Filtered GETX hits
   hGETS: 121088 # GETS hits
   hGETX: 0 # GETX hits
   mGETS: 768 # GETS misses
   mGETXIM: 0 # GETX I->M misses
   mGETXSM: 0 # GETX S->M misses (upgrade misses)
   PUTS: 0 # Clean evictions (from lower level)
   PUTX: 0 # Dirty evictions (from lower level)
   INV: 745 # Invalidates (from upper level)
   INVX: 0 # Downgrades (from upper level)
   FWD: 0 # Forwards (from upper level)
   latGETnl: 45321 # GET request latency on next level
   latGETnet: 0 # GET request latency on network to next level
  l1i-3: # Filter cache stats
   fhGETS: 129815208 # Filtered GETS hits
   fhGETX: 0 # Filtered GETX hits
   hGETS: 121099 # GETS hits
   hGETX: 0 # GETX hits
   mGETS: 746 # GETS misses
   mGETXIM: 0 # GETX I->M misses
   mGETXSM: 0 # GETX S->M misses (upgrade misses)
   PUTS: 0 # Clean evictions (from lower level)
   PUTX: 0 # Dirty evictions (from lower level)
   INV: 710 # Invalidates (from upper level)
   INVX: 0 # Downgrades (from upper level)
   FWD: 0 # Forwards (from upper level)
   latGETnl: 40687 # GET request latency on next level
   latGETnet: 0 # GET request latency on network to next level
  l1i-4: # Filter cache stats
   fhGETS: 129815238 # Filtered GETS hits
   fhGETX: 0 # Filtered GETX hits
   hGETS: 121101 # GETS hits
   hGETX: 0 # GETX hits
   mGETS: 744 # GETS misses
   mGETXIM: 0 # GETX I->M misses
   mGETXSM: 0 # GETX S->M misses (upgrade misses)
   PUTS: 0 # Clean evictions (from lower level)
   PUTX: 0 # Dirty evictions (from lower level)
   INV: 713 # Invalidates (from upper level)
   INVX: 0 # Downgrades (from upper level)
   FWD: 0 # Forwards (from upper level)
   latGETnl: 36993 # GET request latency on next level
   latGETnet: 0 # GET request latency on network to next level
  l1i-5: # Filter cache stats
   fhGETS: 129815246 # Filtered GETS hits
   fhGETX: 0 # Filtered GETX hits
   hGETS: 121086 # GETS hits
   hGETX: 0 # GETX hits
   mGETS: 745 # GETS misses
   mGETXIM: 0 # GETX I->M misses
   mGETXSM: 0 # GETX S->M misses (upgrade misses)
   PUTS: 0 # Clean evictions (from lower level)
   PUTX: 0 # Dirty evictions (from lower level)
   INV: 716 # Invalidates (from upper level)
   INVX: 0 # Downgrades (from upper level)
   FWD: 0 # Forwards (from upper level)
   latGETnl: 35240 # GET request latency on next level
   latGETnet: 0 # GET request latency on network to next level
  l1i-6: # Filter cache stats
   fhGETS: 129815081 # Filtered GETS hits
   fhGETX: 0 # Filtered GETX hits
   hGETS: 121098 # GETS hits
   hGETX: 0 # GETX hits
   mGETS: 724 # GETS misses
   mGETXIM: 0 # GETX I->M misses
   mGETXSM: 0 # GETX S->M misses (upgrade misses)
   PUTS: 0 # Clean evictions (from lower level)
   PUTX: 0 # Dirty evictions (from lower level)
   INV: 693 # Invalidates (from upper level)
   INVX: 0 # Downgrades (from upper level)
   FWD: 0 # Forwards (from upper level)
   latGETnl: 39653 # GET request latency on next level
   latGETnet: 0 # GET request latency on network to next level
  l1i-7: # Filter cache stats
   fhGETS: 129815203 # Filtered GETS hits
   fhGETX: 0 # Filtered GETX hits
   hGETS: 121102 # GETS hits
   hGETX: 0 # GETX hits
   mGETS: 733 # GETS misses
   mGETXIM: 0 # GETX I->M misses
   mGETXSM: 0 # GETX S->M misses (upgrade misses)
   PUTS: 0 # Clean evictions (from lower level)
   PUTX: 0 # Dirty evictions (from lower level)
   INV: 710 # Invalidates (from upper level)
   INVX: 0 # Downgrades (from upper level)
   FWD: 0 # Forwards (from upper level)
   latGETnl: 34451 # GET request latency on next level
   latGETnet: 0 # GET request latency on network to next level
  l1i-8: # Filter cache stats
   fhGETS: 129815091 # Filtered GETS hits
   fhGETX: 0 # Filtered GETX hits
   hGETS: 121099 # GETS hits
   hGETX: 0 # GETX hits
   mGETS: 726 # GETS misses
   mGETXIM: 0 # GETX I->M misses
   mGETXSM: 0 # GETX S->M misses (upgrade misses)
   PUTS: 0 # Clean evictions (from lower level)
   PUTX: 0 # Dirty evictions (from lower level)
   INV: 692 # Invalidates (from upper level)
   INVX: 0 # Downgrades (from upper level)
   FWD: 0 # Forwards (from upper level)
   latGETnl: 37947 # GET request latency on next level
   latGETnet: 0 # GET request latency on network to next level
  l1i-9: # Filter cache stats
   fhGETS: 129815093 # Filtered GETS hits
   fhGETX: 0 # Filtered GETX hits
   hGETS: 121103 # GETS hits
   hGETX: 0 # GETX hits
   mGETS: 727 # GETS misses
   mGETXIM: 0 # GETX I->M misses
   mGETXSM: 0 # GETX S->M misses (upgrade misses)
   PUTS: 0 # Clean evictions (from lower level)
   PUTX: 0 # Dirty evictions (from lower level)
   INV: 695 # Invalidates (from upper level)
   INVX: 0 # Downgrades (from upper level)
   FWD: 0 # Forwards (from upper level)
   latGETnl: 37319 # GET request latency on next level
   latGETnet: 0 # GET request latency on network to next level
  l1i-10: # Filter cache stats
   fhGETS: 129815090 # Filtered GETS hits
   fhGETX: 0 # Filtered GETX hits
   hGETS: 121091 # GETS hits
   hGETX: 0 # GETX hits
   mGETS: 727 # GETS misses
   mGETXIM: 0 # GETX I->M misses
   mGETXSM: 0 # GETX S->M misses (upgrade misses)
   PUTS: 0 # Clean evictions (from lower level)
   PUTX: 0 # Dirty evictions (from lower level)
   INV: 700 # Invalidates (from upper level)
   INVX: 0 # Downgrades (from upper level)
   FWD: 0 # Forwards (from upper level)
   latGETnl: 38219 # GET request latency on next level
   latGETnet: 0 # GET request latency on network to next level
  l1i-11: # Filter cache stats
   fhGETS: 129814725 # Filtered GETS hits
   fhGETX: 0 # Filtered GETX hits
   hGETS: 121176 # GETS hits
   hGETX: 0 # GETX hits
   mGETS: 725 # GETS misses
   mGETXIM: 0 # GETX I->M misses
   mGETXSM: 0 # GETX S->M misses (upgrade misses)
   PUTS: 0 # Clean evictions (from lower level)
   PUTX: 0 # Dirty evictions (from lower level)
   INV: 702 # Invalidates (from upper level)
   INVX: 0 # Downgrades (from upper level)
   FWD: 0 # Forwards (from upper level)
   latGETnl: 36100 # GET request latency on next level
   latGETnet: 0 # GET request latency on network to next level
  l1i-12: # Filter cache stats
   fhGETS: 129815103 # Filtered GETS hits
   fhGETX: 0 # Filtered GETX hits
   hGETS: 121090 # GETS hits
   hGETX: 0 # GETX hits
   mGETS: 738 # GETS misses
   mGETXIM: 0 # GETX I->M misses
   mGETXSM: 0 # GETX S->M misses (upgrade misses)
   PUTS: 0 # Clean evictions (from lower level)
   PUTX: 0 # Dirty evictions (from lower level)
   INV: 700 # Invalidates (from upper level)
   INVX: 0 # Downgrades (from upper level)
   FWD: 0 # Forwards (from upper level)
   latGETnl: 36261 # GET request latency on next level
   latGETnet: 0 # GET request latency on network to next level
  l1i-13: # Filter cache stats
   fhGETS: 129815062 # Filtered GETS hits
   fhGETX: 0 # Filtered GETX hits
   hGETS: 121090 # GETS hits
   hGETX: 0 # GETX hits
   mGETS: 722 # GETS misses
   mGETXIM: 0 # GETX I->M misses
   mGETXSM: 0 # GETX S->M misses (upgrade misses)
   PUTS: 0 # Clean evictions (from lower level)
   PUTX: 0 # Dirty evictions (from lower level)
   INV: 693 # Invalidates (from upper level)
   INVX: 0 # Downgrades (from upper level)
   FWD: 0 # Forwards (from upper level)
   latGETnl: 36634 # GET request latency on next level
   latGETnet: 0 # GET request latency on network to next level
  l1i-14: # Filter cache stats
   fhGETS: 129815085 # Filtered GETS hits
   fhGETX: 0 # Filtered GETX hits
   hGETS: 121103 # GETS hits
   hGETX: 0 # GETX hits
   mGETS: 733 # GETS misses
   mGETXIM: 0 # GETX I->M misses
   mGETXSM: 0 # GETX S->M misses (upgrade misses)
   PUTS: 0 # Clean evictions (from lower level)
   PUTX: 0 # Dirty evictions (from lower level)
   INV: 702 # Invalidates (from upper level)
   INVX: 0 # Downgrades (from upper level)
   FWD: 0 # Forwards (from upper level)
   latGETnl: 34901 # GET request latency on next level
   latGETnet: 0 # GET request latency on network to next level
  l1i-15: # Filter cache stats
   fhGETS: 129814891 # Filtered GETS hits
   fhGETX: 0 # Filtered GETX hits
   hGETS: 121094 # GETS hits
   hGETX: 0 # GETX hits
   mGETS: 721 # GETS misses
   mGETXIM: 0 # GETX I->M misses
   mGETXSM: 0 # GETX S->M misses (upgrade misses)
   PUTS: 0 # Clean evictions (from lower level)
   PUTX: 0 # Dirty evictions (from lower level)
   INV: 698 # Invalidates (from upper level)
   INVX: 0 # Downgrades (from upper level)
   FWD: 0 # Forwards (from upper level)
   latGETnl: 35462 # GET request latency on next level
   latGETnet: 0 # GET request latency on network to next level
  l1i-16: # Filter cache stats
   fhGETS: 129815087 # Filtered GETS hits
   fhGETX: 0 # Filtered GETX hits
   hGETS: 121103 # GETS hits
   hGETX: 0 # GETX hits
   mGETS: 732 # GETS misses
   mGETXIM: 0 # GETX I->M misses
   mGETXSM: 0 # GETX S->M misses (upgrade misses)
   PUTS: 0 # Clean evictions (from lower level)
   PUTX: 0 # Dirty evictions (from lower level)
   INV: 698 # Invalidates (from upper level)
   INVX: 0 # Downgrades (from upper level)
   FWD: 0 # Forwards (from upper level)
   latGETnl: 34629 # GET request latency on next level
   latGETnet: 0 # GET request latency on network to next level
  l1i-17: # Filter cache stats
   fhGETS: 129805448 # Filtered GETS hits
   fhGETX: 0 # Filtered GETX hits
   hGETS: 121258 # GETS hits
   hGETX: 0 # GETX hits
   mGETS: 789 # GETS misses
   mGETXIM: 0 # GETX I->M misses
   mGETXSM: 0 # GETX S->M misses (upgrade misses)
   PUTS: 0 # Clean evictions (from lower level)
   PUTX: 0 # Dirty evictions (from lower level)
   INV: 766 # Invalidates (from upper level)
   INVX: 0 # Downgrades (from upper level)
   FWD: 0 # Forwards (from upper level)
   latGETnl: 49908 # GET request latency on next level
   latGETnet: 0 # GET request latency on network to next level
  l1i-18: # Filter cache stats
   fhGETS: 129815088 # Filtered GETS hits
   fhGETX: 0 # Filtered GETX hits
   hGETS: 121107 # GETS hits
   hGETX: 0 # GETX hits
   mGETS: 720 # GETS misses
   mGETXIM: 0 # GETX I->M misses
   mGETXSM: 0 # GETX S->M misses (upgrade misses)
   PUTS: 0 # Clean evictions (from lower level)
   PUTX: 0 # Dirty evictions (from lower level)
   INV: 691 # Invalidates (from upper level)
   INVX: 0 # Downgrades (from upper level)
   FWD: 0 # Forwards (from upper level)
   latGETnl: 33840 # GET request latency on next level
   latGETnet: 0 # GET request latency on network to next level
  l1i-19: # Filter cache stats
   fhGETS: 129815097 # Filtered GETS hits
   fhGETX: 0 # Filtered GETX hits
   hGETS: 121101 # GETS hits
   hGETX: 0 # GETX hits
   mGETS: 724 # GETS misses
   mGETXIM: 0 # GETX I->M misses
   mGETXSM: 0 # GETX S->M misses (upgrade misses)
   PUTS: 0 # Clean evictions (from lower level)
   PUTX: 0 # Dirty evictions (from lower level)
   INV: 695 # Invalidates (from upper level)
   INVX: 0 # Downgrades (from upper level)
   FWD: 0 # Forwards (from upper level)
   latGETnl: 34028 # GET request latency on next level
   latGETnet: 0 # GET request latency on network to next level
  l1i-20: # Filter cache stats
   fhGETS: 129815091 # Filtered GETS hits
   fhGETX: 0 # Filtered GETX hits
   hGETS: 121101 # GETS hits
   hGETX: 0 # GETX hits
   mGETS: 727 # GETS misses
   mGETXIM: 0 # GETX I->M misses
   mGETXSM: 0 # GETX S->M misses (upgrade misses)
   PUTS: 0 # Clean evictions (from lower level)
   PUTX: 0 # Dirty evictions (from lower level)
   INV: 698 # Invalidates (from upper level)
   INVX: 0 # Downgrades (from upper level)
   FWD: 0 # Forwards (from upper level)
   latGETnl: 34394 # GET request latency on next level
   latGETnet: 0 # GET request latency on network to next level
  l1i-21: # Filter cache stats
   fhGETS: 129814927 # Filtered GETS hits
   fhGETX: 0 # Filtered GETX hits
   hGETS: 121091 # GETS hits
   hGETX: 0 # GETX hits
   mGETS: 709 # GETS misses
   mGETXIM: 0 # GETX I->M misses
   mGETXSM: 0 # GETX S->M misses (upgrade misses)
   PUTS: 0 # Clean evictions (from lower level)
   PUTX: 0 # Dirty evictions (from lower level)
   INV: 686 # Invalidates (from upper level)
   INVX: 0 # Downgrades (from upper level)
   FWD: 0 # Forwards (from upper level)
   latGETnl: 33323 # GET request latency on next level
   latGETnet: 0 # GET request latency on network to next level
  l1i-22: # Filter cache stats
   fhGETS: 129814390 # Filtered GETS hits
   fhGETX: 0 # Filtered GETX hits
   hGETS: 121104 # GETS hits
   hGETX: 0 # GETX hits
   mGETS: 718 # GETS misses
   mGETXIM: 0 # GETX I->M misses
   mGETXSM: 0 # GETX S->M misses (upgrade misses)
   PUTS: 0 # Clean evictions (from lower level)
   PUTX: 0 # Dirty evictions (from lower level)
   INV: 695 # Invalidates (from upper level)
   INVX: 0 # Downgrades (from upper level)
   FWD: 0 # Forwards (from upper level)
   latGETnl: 33746 # GET request latency on next level
   latGETnet: 0 # GET request latency on network to next level
  l1i-23: # Filter cache stats
   fhGETS: 0 # Filtered GETS hits
   fhGETX: 0 # Filtered GETX hits
   hGETS: 0 # GETS hits
   hGETX: 0 # GETX hits
   mGETS: 0 # GETS misses
   mGETXIM: 0 # GETX I->M misses
   mGETXSM: 0 # GETX S->M misses (upgrade misses)
   PUTS: 0 # Clean evictions (from lower level)
   PUTX: 0 # Dirty evictions (from lower level)
   INV: 0 # Invalidates (from upper level)
   INVX: 0 # Downgrades (from upper level)
   FWD: 0 # Forwards (from upper level)
   latGETnl: 0 # GET request latency on next level
   latGETnet: 0 # GET request latency on network to next level
 l2: # Cache stats
  l2-0: # Cache stats
   hGETS: 0 # GETS hits
   hGETX: 0 # GETX hits
   mGETS: 129863 # GETS misses
   mGETXIM: 250114 # GETX I->M misses
   mGETXSM: 6 # GETX S->M misses (upgrade misses)
   PUTS: 128809 # Clean evictions (from lower level)
   PUTX: 249724 # Dirty evictions (from lower level)
   INV: 82961 # Invalidates (from upper level)
   INVX: 94 # Downgrades (from upper level)
   FWD: 0 # Forwards (from upper level)
   latGETnl: 99372872 # GET request latency on next level
   latGETnet: 0 # GET request latency on network to next level
  l2-1: # Cache stats
   hGETS: 0 # GETS hits
   hGETX: 0 # GETX hits
   mGETS: 129735 # GETS misses
   mGETXIM: 250079 # GETX I->M misses
   mGETXSM: 9 # GETX S->M misses (upgrade misses)
   PUTS: 128768 # Clean evictions (from lower level)
   PUTX: 249701 # Dirty evictions (from lower level)
   INV: 31172 # Invalidates (from upper level)
   INVX: 25 # Downgrades (from upper level)
   FWD: 0 # Forwards (from upper level)
   latGETnl: 99305935 # GET request latency on next level
   latGETnet: 0 # GET request latency on network to next level
  l2-2: # Cache stats
   hGETS: 0 # GETS hits
   hGETX: 0 # GETX hits
   mGETS: 129758 # GETS misses
   mGETXIM: 250068 # GETX I->M misses
   mGETXSM: 5 # GETX S->M misses (upgrade misses)
   PUTS: 128770 # Clean evictions (from lower level)
   PUTX: 249703 # Dirty evictions (from lower level)
   INV: 36344 # Invalidates (from upper level)
   INVX: 5 # Downgrades (from upper level)
   FWD: 0 # Forwards (from upper level)
   latGETnl: 99308032 # GET request latency on next level
   latGETnet: 0 # GET request latency on network to next level
  l2-3: # Cache stats
   hGETS: 0 # GETS hits
   hGETX: 0 # GETX hits
   mGETS: 129744 # GETS misses
   mGETXIM: 250077 # GETX I->M misses
   mGETXSM: 7 # GETX S->M misses (upgrade misses)
   PUTS: 128766 # Clean evictions (from lower level)
   PUTX: 249707 # Dirty evictions (from lower level)
   INV: 27927 # Invalidates (from upper level)
   INVX: 29 # Downgrades (from upper level)
   FWD: 0 # Forwards (from upper level)
   latGETnl: 99306021 # GET request latency on next level
   latGETnet: 0 # GET request latency on network to next level
  l2-4: # Cache stats
   hGETS: 0 # GETS hits
   hGETX: 0 # GETX hits
   mGETS: 129740 # GETS misses
   mGETXIM: 250071 # GETX I->M misses
   mGETXSM: 10 # GETX S->M misses (upgrade misses)
   PUTS: 128766 # Clean evictions (from lower level)
   PUTX: 249701 # Dirty evictions (from lower level)
   INV: 26388 # Invalidates (from upper level)
   INVX: 22 # Downgrades (from upper level)
   FWD: 0 # Forwards (from upper level)
   latGETnl: 99300349 # GET request latency on next level
   latGETnet: 0 # GET request latency on network to next level
  l2-5: # Cache stats
   hGETS: 0 # GETS hits
   hGETX: 0 # GETX hits
   mGETS: 129738 # GETS misses
   mGETXIM: 250073 # GETX I->M misses
   mGETXSM: 9 # GETX S->M misses (upgrade misses)
   PUTS: 128766 # Clean evictions (from lower level)
   PUTX: 249702 # Dirty evictions (from lower level)
   INV: 34252 # Invalidates (from upper level)
   INVX: 17 # Downgrades (from upper level)
   FWD: 0 # Forwards (from upper level)
   latGETnl: 99297879 # GET request latency on next level
   latGETnet: 0 # GET request latency on network to next level
  l2-6: # Cache stats
   hGETS: 0 # GETS hits
   hGETX: 0 # GETX hits
   mGETS: 129702 # GETS misses
   mGETXIM: 250068 # GETX I->M misses
   mGETXSM: 6 # GETX S->M misses (upgrade misses)
   PUTS: 128757 # Clean evictions (from lower level)
   PUTX: 249702 # Dirty evictions (from lower level)
   INV: 30989 # Invalidates (from upper level)
   INVX: 14 # Downgrades (from upper level)
   FWD: 0 # Forwards (from upper level)
   latGETnl: 99300596 # GET request latency on next level
   latGETnet: 0 # GET request latency on network to next level
  l2-7: # Cache stats
   hGETS: 0 # GETS hits
   hGETX: 0 # GETX hits
   mGETS: 129718 # GETS misses
   mGETXIM: 250080 # GETX I->M misses
   mGETXSM: 7 # GETX S->M misses (upgrade misses)
   PUTS: 128765 # Clean evictions (from lower level)
   PUTX: 249699 # Dirty evictions (from lower level)
   INV: 50896 # Invalidates (from upper level)
   INVX: 16 # Downgrades (from upper level)
   FWD: 0 # Forwards (from upper level)
   latGETnl: 99296073 # GET request latency on next level
   latGETnet: 0 # GET request latency on network to next level
  l2-8: # Cache stats
   hGETS: 0 # GETS hits
   hGETX: 0 # GETX hits
   mGETS: 129700 # GETS misses
   mGETXIM: 250072 # GETX I->M misses
   mGETXSM: 5 # GETX S->M misses (upgrade misses)
   PUTS: 128760 # Clean evictions (from lower level)
   PUTX: 249700 # Dirty evictions (from lower level)
   INV: 44715 # Invalidates (from upper level)
   INVX: 14 # Downgrades (from upper level)
   FWD: 0 # Forwards (from upper level)
   latGETnl: 99298116 # GET request latency on next level
   latGETnet: 0 # GET request latency on network to next level
  l2-9: # Cache stats
   hGETS: 0 # GETS hits
   hGETX: 0 # GETX hits
   mGETS: 129701 # GETS misses
   mGETXIM: 250071 # GETX I->M misses
   mGETXSM: 5 # GETX S->M misses (upgrade misses)
   PUTS: 128758 # Clean evictions (from lower level)
   PUTX: 249699 # Dirty evictions (from lower level)
   INV: 27378 # Invalidates (from upper level)
   INVX: 15 # Downgrades (from upper level)
   FWD: 0 # Forwards (from upper level)
   latGETnl: 99298003 # GET request latency on next level
   latGETnet: 0 # GET request latency on network to next level
  l2-10: # Cache stats
   hGETS: 0 # GETS hits
   hGETX: 0 # GETX hits
   mGETS: 129699 # GETS misses
   mGETXIM: 250068 # GETX I->M misses
   mGETXSM: 5 # GETX S->M misses (upgrade misses)
   PUTS: 128756 # Clean evictions (from lower level)
   PUTX: 249699 # Dirty evictions (from lower level)
   INV: 48925 # Invalidates (from upper level)
   INVX: 6 # Downgrades (from upper level)
   FWD: 0 # Forwards (from upper level)
   latGETnl: 99296469 # GET request latency on next level
   latGETnet: 0 # GET request latency on network to next level
  l2-11: # Cache stats
   hGETS: 0 # GETS hits
   hGETX: 0 # GETX hits
   mGETS: 129722 # GETS misses
   mGETXIM: 250080 # GETX I->M misses
   mGETXSM: 9 # GETX S->M misses (upgrade misses)
   PUTS: 128765 # Clean evictions (from lower level)
   PUTX: 249715 # Dirty evictions (from lower level)
   INV: 79920 # Invalidates (from upper level)
   INVX: 18 # Downgrades (from upper level)
   FWD: 0 # Forwards (from upper level)
   latGETnl: 99304296 # GET request latency on next level
   latGETnet: 0 # GET request latency on network to next level
  l2-12: # Cache stats
   hGETS: 0 # GETS hits
   hGETX: 0 # GETX hits
   mGETS: 129714 # GETS misses
   mGETXIM: 250073 # GETX I->M misses
   mGETXSM: 5 # GETX S->M misses (upgrade misses)
   PUTS: 128761 # Clean evictions (from lower level)
   PUTX: 249700 # Dirty evictions (from lower level)
   INV: 25867 # Invalidates (from upper level)
   INVX: 18 # Downgrades (from upper level)
   FWD: 0 # Forwards (from upper level)
   latGETnl: 99297111 # GET request latency on next level
   latGETnet: 0 # GET request latency on network to next level
  l2-13: # Cache stats
   hGETS: 0 # GETS hits
   hGETX: 0 # GETX hits
   mGETS: 129694 # GETS misses
   mGETXIM: 250068 # GETX I->M misses
   mGETXSM: 4 # GETX S->M misses (upgrade misses)
   PUTS: 128754 # Clean evictions (from lower level)
   PUTX: 249701 # Dirty evictions (from lower level)
   INV: 45461 # Invalidates (from upper level)
   INVX: 14 # Downgrades (from upper level)
   FWD: 0 # Forwards (from upper level)
   latGETnl: 99297385 # GET request latency on next level
   latGETnet: 0 # GET request latency on network to next level
  l2-14: # Cache stats
   hGETS: 0 # GETS hits
   hGETX: 0 # GETX hits
   mGETS: 129712 # GETS misses
   mGETXIM: 250061 # GETX I->M misses
   mGETXSM: 6 # GETX S->M misses (upgrade misses)
   PUTS: 128756 # Clean evictions (from lower level)
   PUTX: 249701 # Dirty evictions (from lower level)
   INV: 28094 # Invalidates (from upper level)
   INVX: 2 # Downgrades (from upper level)
   FWD: 0 # Forwards (from upper level)
   latGETnl: 99293522 # GET request latency on next level
   latGETnet: 0 # GET request latency on network to next level
  l2-15: # Cache stats
   hGETS: 0 # GETS hits
   hGETX: 0 # GETX hits
   mGETS: 129697 # GETS misses
   mGETXIM: 250061 # GETX I->M misses
   mGETXSM: 6 # GETX S->M misses (upgrade misses)
   PUTS: 128755 # Clean evictions (from lower level)
   PUTX: 249698 # Dirty evictions (from lower level)
   INV: 27836 # Invalidates (from upper level)
   INVX: 2 # Downgrades (from upper level)
   FWD: 0 # Forwards (from upper level)
   latGETnl: 99292953 # GET request latency on next level
   latGETnet: 0 # GET request latency on network to next level
  l2-16: # Cache stats
   hGETS: 0 # GETS hits
   hGETX: 0 # GETX hits
   mGETS: 129708 # GETS misses
   mGETXIM: 250068 # GETX I->M misses
   mGETXSM: 4 # GETX S->M misses (upgrade misses)
   PUTS: 128758 # Clean evictions (from lower level)
   PUTX: 249701 # Dirty evictions (from lower level)
   INV: 55177 # Invalidates (from upper level)
   INVX: 6 # Downgrades (from upper level)
   FWD: 0 # Forwards (from upper level)
   latGETnl: 99292884 # GET request latency on next level
   latGETnet: 0 # GET request latency on network to next level
  l2-17: # Cache stats
   hGETS: 0 # GETS hits
   hGETX: 0 # GETX hits
   mGETS: 129825 # GETS misses
   mGETXIM: 250054 # GETX I->M misses
   mGETXSM: 14 # GETX S->M misses (upgrade misses)
   PUTS: 128809 # Clean evictions (from lower level)
   PUTX: 249700 # Dirty evictions (from lower level)
   INV: 27232 # Invalidates (from upper level)
   INVX: 2 # Downgrades (from upper level)
   FWD: 0 # Forwards (from upper level)
   latGETnl: 99313333 # GET request latency on next level
   latGETnet: 0 # GET request latency on network to next level
  l2-18: # Cache stats
   hGETS: 0 # GETS hits
   hGETX: 0 # GETX hits
   mGETS: 129698 # GETS misses
   mGETXIM: 250059 # GETX I->M misses
   mGETXSM: 5 # GETX S->M misses (upgrade misses)
   PUTS: 128756 # Clean evictions (from lower level)
   PUTX: 249698 # Dirty evictions (from lower level)
   INV: 27585 # Invalidates (from upper level)
   INVX: 2 # Downgrades (from upper level)
   FWD: 0 # Forwards (from upper level)
   latGETnl: 99292176 # GET request latency on next level
   latGETnet: 0 # GET request latency on network to next level
  l2-19: # Cache stats
   hGETS: 0 # GETS hits
   hGETX: 0 # GETX hits
   mGETS: 129694 # GETS misses
   mGETXIM: 250069 # GETX I->M misses
   mGETXSM: 6 # GETX S->M misses (upgrade misses)
   PUTS: 128757 # Clean evictions (from lower level)
   PUTX: 249699 # Dirty evictions (from lower level)
   INV: 28186 # Invalidates (from upper level)
   INVX: 2 # Downgrades (from upper level)
   FWD: 0 # Forwards (from upper level)
   latGETnl: 99291338 # GET request latency on next level
   latGETnet: 0 # GET request latency on network to next level
  l2-20: # Cache stats
   hGETS: 0 # GETS hits
   hGETX: 0 # GETX hits
   mGETS: 129699 # GETS misses
   mGETXIM: 250069 # GETX I->M misses
   mGETXSM: 6 # GETX S->M misses (upgrade misses)
   PUTS: 128757 # Clean evictions (from lower level)
   PUTX: 249699 # Dirty evictions (from lower level)
   INV: 84038 # Invalidates (from upper level)
   INVX: 2 # Downgrades (from upper level)
   FWD: 0 # Forwards (from upper level)
   latGETnl: 99291973 # GET request latency on next level
   latGETnet: 0 # GET request latency on network to next level
  l2-21: # Cache stats
   hGETS: 0 # GETS hits
   hGETX: 0 # GETX hits
   mGETS: 129684 # GETS misses
   mGETXIM: 250059 # GETX I->M misses
   mGETXSM: 4 # GETX S->M misses (upgrade misses)
   PUTS: 128755 # Clean evictions (from lower level)
   PUTX: 249698 # Dirty evictions (from lower level)
   INV: 80118 # Invalidates (from upper level)
   INVX: 1 # Downgrades (from upper level)
   FWD: 0 # Forwards (from upper level)
   latGETnl: 99292043 # GET request latency on next level
   latGETnet: 0 # GET request latency on network to next level
  l2-22: # Cache stats
   hGETS: 0 # GETS hits
   hGETX: 0 # GETX hits
   mGETS: 129700 # GETS misses
   mGETXIM: 250052 # GETX I->M misses
   mGETXSM: 5 # GETX S->M misses (upgrade misses)
   PUTS: 128756 # Clean evictions (from lower level)
   PUTX: 249698 # Dirty evictions (from lower level)
   INV: 57748 # Invalidates (from upper level)
   INVX: 3 # Downgrades (from upper level)
   FWD: 0 # Forwards (from upper level)
   latGETnl: 99293116 # GET request latency on next level
   latGETnet: 0 # GET request latency on network to next level
  l2-23: # Cache stats
   hGETS: 0 # GETS hits
   hGETX: 0 # GETX hits
   mGETS: 0 # GETS misses
   mGETXIM: 0 # GETX I->M misses
   mGETXSM: 0 # GETX S->M misses (upgrade misses)
   PUTS: 0 # Clean evictions (from lower level)
   PUTX: 0 # Dirty evictions (from lower level)
   INV: 0 # Invalidates (from upper level)
   INVX: 0 # Downgrades (from upper level)
   FWD: 0 # Forwards (from upper level)
   latGETnl: 0 # GET request latency on next level
   latGETnet: 0 # GET request latency on network to next level
 l3: # Cache stats
  l3-0b0: # Cache stats
   hGETS: 831 # GETS hits
   hGETX: 76 # GETX hits
   mGETS: 123558 # GETS misses
   mGETXIM: 239642 # GETX I->M misses
   mGETXSM: 0 # GETX S->M misses (upgrade misses)
   PUTS: 107274 # Clean evictions (from lower level)
   PUTX: 199623 # Dirty evictions (from lower level)
   INV: 0 # Invalidates (from upper level)
   INVX: 0 # Downgrades (from upper level)
   FWD: 0 # Forwards (from upper level)
   latGETnl: 81720000 # GET request latency on next level
   latGETnet: 0 # GET request latency on network to next level
  l3-0b1: # Cache stats
   hGETS: 873 # GETS hits
   hGETX: 51 # GETX hits
   mGETS: 123498 # GETS misses
   mGETXIM: 239647 # GETX I->M misses
   mGETXSM: 0 # GETX S->M misses (upgrade misses)
   PUTS: 107315 # Clean evictions (from lower level)
   PUTX: 199673 # Dirty evictions (from lower level)
   INV: 0 # Invalidates (from upper level)
   INVX: 0 # Downgrades (from upper level)
   FWD: 0 # Forwards (from upper level)
   latGETnl: 81707625 # GET request latency on next level
   latGETnet: 0 # GET request latency on network to next level
  l3-0b2: # Cache stats
   hGETS: 751 # GETS hits
   hGETX: 14 # GETX hits
   mGETS: 123525 # GETS misses
   mGETXIM: 239644 # GETX I->M misses
   mGETXSM: 0 # GETX S->M misses (upgrade misses)
   PUTS: 107231 # Clean evictions (from lower level)
   PUTX: 199593 # Dirty evictions (from lower level)
   INV: 0 # Invalidates (from upper level)
   INVX: 0 # Downgrades (from upper level)
   FWD: 0 # Forwards (from upper level)
   latGETnl: 81713025 # GET request latency on next level
   latGETnet: 0 # GET request latency on network to next level
  l3-0b3: # Cache stats
   hGETS: 878 # GETS hits
   hGETX: 27 # GETX hits
   mGETS: 123521 # GETS misses
   mGETXIM: 239644 # GETX I->M misses
   mGETXSM: 0 # GETX S->M misses (upgrade misses)
   PUTS: 107206 # Clean evictions (from lower level)
   PUTX: 199514 # Dirty evictions (from lower level)
   INV: 0 # Invalidates (from upper level)
   INVX: 0 # Downgrades (from upper level)
   FWD: 0 # Forwards (from upper level)
   latGETnl: 81712125 # GET request latency on next level
   latGETnet: 0 # GET request latency on network to next level
  l3-0b4: # Cache stats
   hGETS: 851 # GETS hits
   hGETX: 34 # GETX hits
   mGETS: 123576 # GETS misses
   mGETXIM: 239643 # GETX I->M misses
   mGETXSM: 0 # GETX S->M misses (upgrade misses)
   PUTS: 107295 # Clean evictions (from lower level)
   PUTX: 199601 # Dirty evictions (from lower level)
   INV: 0 # Invalidates (from upper level)
   INVX: 0 # Downgrades (from upper level)
   FWD: 0 # Forwards (from upper level)
   latGETnl: 81724275 # GET request latency on next level
   latGETnet: 0 # GET request latency on network to next level
  l3-0b5: # Cache stats
   hGETS: 953 # GETS hits
   hGETX: 26 # GETX hits
   mGETS: 123511 # GETS misses
   mGETXIM: 239650 # GETX I->M misses
   mGETXSM: 0 # GETX S->M misses (upgrade misses)
   PUTS: 107365 # Clean evictions (from lower level)
   PUTX: 199778 # Dirty evictions (from lower level)
   INV: 0 # Invalidates (from upper level)
   INVX: 0 # Downgrades (from upper level)
   FWD: 0 # Forwards (from upper level)
   latGETnl: 81711225 # GET request latency on next level
   latGETnet: 0 # GET request latency on network to next level
  l3-0b6: # Cache stats
   hGETS: 746 # GETS hits
   hGETX: 48 # GETX hits
   mGETS: 123512 # GETS misses
   mGETXIM: 239647 # GETX I->M misses
   mGETXSM: 0 # GETX S->M misses (upgrade misses)
   PUTS: 107170 # Clean evictions (from lower level)
   PUTX: 199578 # Dirty evictions (from lower level)
   INV: 0 # Invalidates (from upper level)
   INVX: 0 # Downgrades (from upper level)
   FWD: 0 # Forwards (from upper level)
   latGETnl: 81710775 # GET request latency on next level
   latGETnet: 0 # GET request latency on network to next level
  l3-0b7: # Cache stats
   hGETS: 1293 # GETS hits
   hGETX: 79 # GETX hits
   mGETS: 123529 # GETS misses
   mGETXIM: 239652 # GETX I->M misses
   mGETXSM: 0 # GETX S->M misses (upgrade misses)
   PUTS: 107752 # Clean evictions (from lower level)
   PUTX: 199568 # Dirty evictions (from lower level)
   INV: 0 # Invalidates (from upper level)
   INVX: 0 # Downgrades (from upper level)
   FWD: 0 # Forwards (from upper level)
   latGETnl: 81715725 # GET request latency on next level
   latGETnet: 0 # GET request latency on network to next level
  l3-0b8: # Cache stats
   hGETS: 851 # GETS hits
   hGETX: 46 # GETX hits
   mGETS: 123444 # GETS misses
   mGETXIM: 239645 # GETX I->M misses
   mGETXSM: 0 # GETX S->M misses (upgrade misses)
   PUTS: 107351 # Clean evictions (from lower level)
   PUTX: 199753 # Dirty evictions (from lower level)
   INV: 0 # Invalidates (from upper level)
   INVX: 0 # Downgrades (from upper level)
   FWD: 0 # Forwards (from upper level)
   latGETnl: 81695025 # GET request latency on next level
   latGETnet: 0 # GET request latency on network to next level
  l3-0b9: # Cache stats
   hGETS: 823 # GETS hits
   hGETX: 33 # GETX hits
   mGETS: 123508 # GETS misses
   mGETXIM: 239637 # GETX I->M misses
   mGETXSM: 0 # GETX S->M misses (upgrade misses)
   PUTS: 107335 # Clean evictions (from lower level)
   PUTX: 199628 # Dirty evictions (from lower level)
   INV: 0 # Invalidates (from upper level)
   INVX: 0 # Downgrades (from upper level)
   FWD: 0 # Forwards (from upper level)
   latGETnl: 81707625 # GET request latency on next level
   latGETnet: 0 # GET request latency on network to next level
  l3-0b10: # Cache stats
   hGETS: 809 # GETS hits
   hGETX: 15 # GETX hits
   mGETS: 123476 # GETS misses
   mGETXIM: 239642 # GETX I->M misses
   mGETXSM: 0 # GETX S->M misses (upgrade misses)
   PUTS: 107232 # Clean evictions (from lower level)
   PUTX: 199709 # Dirty evictions (from lower level)
   INV: 0 # Invalidates (from upper level)
   INVX: 0 # Downgrades (from upper level)
   FWD: 0 # Forwards (from upper level)
   latGETnl: 81701550 # GET request latency on next level
   latGETnet: 0 # GET request latency on network to next level
  l3-0b11: # Cache stats
   hGETS: 779 # GETS hits
   hGETX: 26 # GETX hits
   mGETS: 123466 # GETS misses
   mGETXIM: 239641 # GETX I->M misses
   mGETXSM: 0 # GETX S->M misses (upgrade misses)
   PUTS: 107150 # Clean evictions (from lower level)
   PUTX: 199757 # Dirty evictions (from lower level)
   INV: 0 # Invalidates (from upper level)
   INVX: 0 # Downgrades (from upper level)
   FWD: 0 # Forwards (from upper level)
   latGETnl: 81699075 # GET request latency on next level
   latGETnet: 0 # GET request latency on network to next level
  l3-0b12: # Cache stats
   hGETS: 785 # GETS hits
   hGETX: 24 # GETX hits
   mGETS: 123391 # GETS misses
   mGETXIM: 239639 # GETX I->M misses
   mGETXSM: 0 # GETX S->M misses (upgrade misses)
   PUTS: 107214 # Clean evictions (from lower level)
   PUTX: 199883 # Dirty evictions (from lower level)
   INV: 0 # Invalidates (from upper level)
   INVX: 0 # Downgrades (from upper level)
   FWD: 0 # Forwards (from upper level)
   latGETnl: 81681750 # GET request latency on next level
   latGETnet: 0 # GET request latency on network to next level
  l3-0b13: # Cache stats
   hGETS: 743 # GETS hits
   hGETX: 24 # GETX hits
   mGETS: 123490 # GETS misses
   mGETXIM: 239636 # GETX I->M misses
   mGETXSM: 0 # GETX S->M misses (upgrade misses)
   PUTS: 107242 # Clean evictions (from lower level)
   PUTX: 199605 # Dirty evictions (from lower level)
   INV: 0 # Invalidates (from upper level)
   INVX: 0 # Downgrades (from upper level)
   FWD: 0 # Forwards (from upper level)
   latGETnl: 81703350 # GET request latency on next level
   latGETnet: 0 # GET request latency on network to next level
  l3-0b14: # Cache stats
   hGETS: 842 # GETS hits
   hGETX: 18 # GETX hits
   mGETS: 123529 # GETS misses
   mGETXIM: 239638 # GETX I->M misses
   mGETXSM: 0 # GETX S->M misses (upgrade misses)
   PUTS: 107430 # Clean evictions (from lower level)
   PUTX: 199697 # Dirty evictions (from lower level)
   INV: 0 # Invalidates (from upper level)
   INVX: 0 # Downgrades (from upper level)
   FWD: 0 # Forwards (from upper level)
   latGETnl: 81712575 # GET request latency on next level
   latGETnet: 0 # GET request latency on network to next level
  l3-0b15: # Cache stats
   hGETS: 793 # GETS hits
   hGETX: 26 # GETX hits
   mGETS: 123468 # GETS misses
   mGETXIM: 239639 # GETX I->M misses
   mGETXSM: 0 # GETX S->M misses (upgrade misses)
   PUTS: 107202 # Clean evictions (from lower level)
   PUTX: 199607 # Dirty evictions (from lower level)
   INV: 0 # Invalidates (from upper level)
   INVX: 0 # Downgrades (from upper level)
   FWD: 0 # Forwards (from upper level)
   latGETnl: 81699075 # GET request latency on next level
   latGETnet: 0 # GET request latency on network to next level
  l3-0b16: # Cache stats
   hGETS: 923 # GETS hits
   hGETX: 35 # GETX hits
   mGETS: 123454 # GETS misses
   mGETXIM: 239559 # GETX I->M misses
   mGETXSM: 0 # GETX S->M misses (upgrade misses)
   PUTS: 107331 # Clean evictions (from lower level)
   PUTX: 199459 # Dirty evictions (from lower level)
   INV: 0 # Invalidates (from upper level)
   INVX: 0 # Downgrades (from upper level)
   FWD: 0 # Forwards (from upper level)
   latGETnl: 81677925 # GET request latency on next level
   latGETnet: 0 # GET request latency on network to next level
  l3-0b17: # Cache stats
   hGETS: 389 # GETS hits
   hGETX: 21 # GETX hits
   mGETS: 123442 # GETS misses
   mGETXIM: 239559 # GETX I->M misses
   mGETXSM: 0 # GETX S->M misses (upgrade misses)
   PUTS: 106847 # Clean evictions (from lower level)
   PUTX: 199608 # Dirty evictions (from lower level)
   INV: 0 # Invalidates (from upper level)
   INVX: 0 # Downgrades (from upper level)
   FWD: 0 # Forwards (from upper level)
   latGETnl: 81675225 # GET request latency on next level
   latGETnet: 0 # GET request latency on network to next level
  l3-0b18: # Cache stats
   hGETS: 824 # GETS hits
   hGETX: 49 # GETX hits
   mGETS: 123428 # GETS misses
   mGETXIM: 239561 # GETX I->M misses
   mGETXSM: 0 # GETX S->M misses (upgrade misses)
   PUTS: 107276 # Clean evictions (from lower level)
   PUTX: 199622 # Dirty evictions (from lower level)
   INV: 0 # Invalidates (from upper level)
   INVX: 0 # Downgrades (from upper level)
   FWD: 0 # Forwards (from upper level)
   latGETnl: 81672525 # GET request latency on next level
   latGETnet: 0 # GET request latency on network to next level
  l3-0b19: # Cache stats
   hGETS: 885 # GETS hits
   hGETX: 86 # GETX hits
   mGETS: 123464 # GETS misses
   mGETXIM: 239560 # GETX I->M misses
   mGETXSM: 0 # GETX S->M misses (upgrade misses)
   PUTS: 107296 # Clean evictions (from lower level)
   PUTX: 199665 # Dirty evictions (from lower level)
   INV: 0 # Invalidates (from upper level)
   INVX: 0 # Downgrades (from upper level)
   FWD: 0 # Forwards (from upper level)
   latGETnl: 81680400 # GET request latency on next level
   latGETnet: 0 # GET request latency on network to next level
  l3-0b20: # Cache stats
   hGETS: 833 # GETS hits
   hGETX: 68 # GETX hits
   mGETS: 123456 # GETS misses
   mGETXIM: 239558 # GETX I->M misses
   mGETXSM: 0 # GETX S->M misses (upgrade misses)
   PUTS: 107191 # Clean evictions (from lower level)
   PUTX: 199536 # Dirty evictions (from lower level)
   INV: 0 # Invalidates (from upper level)
   INVX: 0 # Downgrades (from upper level)
   FWD: 0 # Forwards (from upper level)
   latGETnl: 81678150 # GET request latency on next level
   latGETnet: 0 # GET request latency on network to next level
  l3-0b21: # Cache stats
   hGETS: 817 # GETS hits
   hGETX: 58 # GETX hits
   mGETS: 123424 # GETS misses
   mGETXIM: 239563 # GETX I->M misses
   mGETXSM: 0 # GETX S->M misses (upgrade misses)
   PUTS: 107322 # Clean evictions (from lower level)
   PUTX: 199558 # Dirty evictions (from lower level)
   INV: 0 # Invalidates (from upper level)
   INVX: 0 # Downgrades (from upper level)
   FWD: 0 # Forwards (from upper level)
   latGETnl: 81672075 # GET request latency on next level
   latGETnet: 0 # GET request latency on network to next level
  l3-0b22: # Cache stats
   hGETS: 961 # GETS hits
   hGETX: 58 # GETX hits
   mGETS: 123402 # GETS misses
   mGETXIM: 239560 # GETX I->M misses
   mGETXSM: 0 # GETX S->M misses (upgrade misses)
   PUTS: 107298 # Clean evictions (from lower level)
   PUTX: 199665 # Dirty evictions (from lower level)
   INV: 0 # Invalidates (from upper level)
   INVX: 0 # Downgrades (from upper level)
   FWD: 0 # Forwards (from upper level)
   latGETnl: 81666450 # GET request latency on next level
   latGETnet: 0 # GET request latency on network to next level
  l3-0b23: # Cache stats
   hGETS: 888 # GETS hits
   hGETX: 56 # GETX hits
   mGETS: 123452 # GETS misses
   mGETXIM: 239558 # GETX I->M misses
   mGETXSM: 0 # GETX S->M misses (upgrade misses)
   PUTS: 107442 # Clean evictions (from lower level)
   PUTX: 199654 # Dirty evictions (from lower level)
   INV: 0 # Invalidates (from upper level)
   INVX: 0 # Downgrades (from upper level)
   FWD: 0 # Forwards (from upper level)
   latGETnl: 81677250 # GET request latency on next level
   latGETnet: 0 # GET request latency on network to next level
 mem: # Memory controller stats
  mem-0: # Memory controller stats
   rd: 8707321 # Read requests
   wr: 5379312 # Write requests
   rdlat: 2012635040 # Total latency experienced by read requests
   wrlat: 1244760458 # Total latency experienced by write requests
 sched: # Scheduler stats
  thCr: 25 # Threads created
  thFn: 25 # Threads finished
  schedEvs: 26 # Schedule events
  waitEvs: 2 # Wait events
  handoffEvs: 1 # Handoff events
  sleepEvs: 1 # Sleep events
  idlePhases: 0 # Phases with no thread active
  idlePeriods: 0 # Periods with no thread active
  occHist: # Occupancy histogram
   0: 0
   1: 36
   2: 0
   3: 2
   4: 2
   5: 1
   6: 1
   7: 0
   8: 1
   9: 0
   10: 0
   11: 0
   12: 1
   13: 0
   14: 1
   15: 0
   16: 0
   17: 1
   18: 0
   19: 0
   20: 1
   21: 0
   22: 0
   23: 261225
   24: 0
  rqSzHist: # Run queue size histogram
   0: 261243
   1: 29
   2: 0
   3: 0
   4: 0
   5: 0
   6: 0
   7: 0
   8: 0
   9: 0
   10: 0
   11: 0
   12: 0
   13: 0
   14: 0
   15: 0
   16: 0
   17: 0
   18: 0
   19: 0
   20: 0
   21: 0
   22: 0
   23: 0
   24: 0
 procCycles: # Per-process unhalted core cycles
  0: 6008306598
  1: 0
  2: 0
  3: 0
  4: 0
  5: 0
  6: 0
  7: 0
  8: 0
  9: 0
  10: 0
  11: 0
  12: 0
  13: 0
  14: 0
  15: 0
  16: 0
  17: 0
  18: 0
  19: 0
  20: 0
  21: 0
  22: 0
  23: 0
  24: 0
  25: 0
  26: 0
  27: 0
  28: 0
  29: 0
  30: 0
  31: 0
  32: 0
  33: 0
  34: 0
  35: 0
  36: 0
  37: 0
  38: 0
  39: 0
  40: 0
  41: 0
  42: 0
  43: 0
  44: 0
  45: 0
  46: 0
  47: 0
  48: 0
  49: 0
  50: 0
  51: 0
  52: 0
  53: 0
  54: 0
  55: 0
  56: 0
  57: 0
  58: 0
  59: 0
  60: 0
  61: 0
  62: 0
  63: 0
 procInstrs: # Per-process instructions
  0: 8949066620
  1: 0
  2: 0
  3: 0
  4: 0
  5: 0
  6: 0
  7: 0
  8: 0
  9: 0
  10: 0
  11: 0
  12: 0
  13: 0
  14: 0
  15: 0
  16: 0
  17: 0
  18: 0
  19: 0
  20: 0
  21: 0
  22: 0
  23: 0
  24: 0
  25: 0
  26: 0
  27: 0
  28: 0
  29: 0
  30: 0
  31: 0
  32: 0
  33: 0
  34: 0
  35: 0
  36: 0
  37: 0
  38: 0
  39: 0
  40: 0
  41: 0
  42: 0
  43: 0
  44: 0
  45: 0
  46: 0
  47: 0
  48: 0
  49: 0
  50: 0
  51: 0
  52: 0
  53: 0
  54: 0
  55: 0
  56: 0
  57: 0
  58: 0
  59: 0
  60: 0
  61: 0
  62: 0
  63: 0
 heartbeats: # Per-process heartbeats
  0: 0
  1: 0
  2: 0
  3: 0
  4: 0
  5: 0
  6: 0
  7: 0
  8: 0
  9: 0
  10: 0
  11: 0
  12: 0
  13: 0
  14: 0
  15: 0
  16: 0
  17: 0
  18: 0
  19: 0
  20: 0
  21: 0
  22: 0
  23: 0
  24: 0
  25: 0
  26: 0
  27: 0
  28: 0
  29: 0
  30: 0
  31: 0
  32: 0
  33: 0
  34: 0
  35: 0
  36: 0
  37: 0
  38: 0
  39: 0
  40: 0
  41: 0
  42: 0
  43: 0
  44: 0
  45: 0
  46: 0
  47: 0
  48: 0
  49: 0
  50: 0
  51: 0
  52: 0
  53: 0
  54: 0
  55: 0
  56: 0
  57: 0
  58: 0
  59: 0
  60: 0
  61: 0
  62: 0
  63: 0
===
