# zsim stats
===
root: # Stats
 contention: # Contention simulation stats
  domain-0: # Domain stats
   time: 8143085716 # Weave simulation time
 time: # Simulator time breakdown
  init: 3086148015
  bound: 136092097017
  weave: 8938627091
  ff: 132816
 trigger: 20000 # Reason for this stats dump
 phase: 15773 # Simulated phases
 reqCycles: 0 # Requeue Cycles
 skylake: # Core stats
  skylake-0: # Core stats
   cycles: 15773468 # Simulated unhalted cycles
   cCycles: 7754594 # Cycles due to contention stalls
   instrs: 10940430 # Simulated instructions
   uops: 8746502 # issued micro-ops
   bbls: 3302561 # Basic blocks
   approxInstrs: 597062 # Instrs with approx uop decoding
   mispredBranches: 86907 # Mispredicted branches
   IdqNotDelivered: 8018874 # Stalls no uop delivered when no Bkend Stall
   IntMiscRecoveryCycles: 703968 # Stalls waiting machine clears
   uops executed: 9419771 # Executed microoperations
  skylake-1: # Core stats
   cycles: 15749681 # Simulated unhalted cycles
   cCycles: 7754962 # Cycles due to contention stalls
   instrs: 10939433 # Simulated instructions
   uops: 8745324 # issued micro-ops
   bbls: 3302396 # Basic blocks
   approxInstrs: 597065 # Instrs with approx uop decoding
   mispredBranches: 86882 # Mispredicted branches
   IdqNotDelivered: 7994719 # Stalls no uop delivered when no Bkend Stall
   IntMiscRecoveryCycles: 699347 # Stalls waiting machine clears
   uops executed: 9418571 # Executed microoperations
  skylake-2: # Core stats
   cycles: 15747001 # Simulated unhalted cycles
   cCycles: 7758936 # Cycles due to contention stalls
   instrs: 10932051 # Simulated instructions
   uops: 8739235 # issued micro-ops
   bbls: 3300223 # Basic blocks
   approxInstrs: 596689 # Instrs with approx uop decoding
   mispredBranches: 86823 # Mispredicted branches
   IdqNotDelivered: 7988065 # Stalls no uop delivered when no Bkend Stall
   IntMiscRecoveryCycles: 699850 # Stalls waiting machine clears
   uops executed: 9412115 # Executed microoperations
  skylake-3: # Core stats
   cycles: 15748394 # Simulated unhalted cycles
   cCycles: 7756208 # Cycles due to contention stalls
   instrs: 10937783 # Simulated instructions
   uops: 8743907 # issued micro-ops
   bbls: 3301922 # Basic blocks
   approxInstrs: 596987 # Instrs with approx uop decoding
   mispredBranches: 86864 # Mispredicted branches
   IdqNotDelivered: 7992186 # Stalls no uop delivered when no Bkend Stall
   IntMiscRecoveryCycles: 699283 # Stalls waiting machine clears
   uops executed: 9417089 # Executed microoperations
  skylake-4: # Core stats
   cycles: 15746467 # Simulated unhalted cycles
   cCycles: 7757891 # Cycles due to contention stalls
   instrs: 10935193 # Simulated instructions
   uops: 8741842 # issued micro-ops
   bbls: 3301138 # Basic blocks
   approxInstrs: 596848 # Instrs with approx uop decoding
   mispredBranches: 86843 # Mispredicted branches
   IdqNotDelivered: 7988576 # Stalls no uop delivered when no Bkend Stall
   IntMiscRecoveryCycles: 698790 # Stalls waiting machine clears
   uops executed: 9414870 # Executed microoperations
  skylake-5: # Core stats
   cycles: 15745699 # Simulated unhalted cycles
   cCycles: 7755618 # Cycles due to contention stalls
   instrs: 10938260 # Simulated instructions
   uops: 8744289 # issued micro-ops
   bbls: 3302065 # Basic blocks
   approxInstrs: 597014 # Instrs with approx uop decoding
   mispredBranches: 86867 # Mispredicted branches
   IdqNotDelivered: 7990081 # Stalls no uop delivered when no Bkend Stall
   IntMiscRecoveryCycles: 698752 # Stalls waiting machine clears
   uops executed: 9417504 # Executed microoperations
  skylake-6: # Core stats
   cycles: 15745163 # Simulated unhalted cycles
   cCycles: 7757534 # Cycles due to contention stalls
   instrs: 10935893 # Simulated instructions
   uops: 8742156 # issued micro-ops
   bbls: 3301406 # Basic blocks
   approxInstrs: 596919 # Instrs with approx uop decoding
   mispredBranches: 86848 # Mispredicted branches
   IdqNotDelivered: 7987629 # Stalls no uop delivered when no Bkend Stall
   IntMiscRecoveryCycles: 699561 # Stalls waiting machine clears
   uops executed: 9415272 # Executed microoperations
  skylake-7: # Core stats
   cycles: 15744468 # Simulated unhalted cycles
   cCycles: 7755894 # Cycles due to contention stalls
   instrs: 10938109 # Simulated instructions
   uops: 8743922 # issued micro-ops
   bbls: 3302075 # Basic blocks
   approxInstrs: 597036 # Instrs with approx uop decoding
   mispredBranches: 86865 # Mispredicted branches
   IdqNotDelivered: 7988574 # Stalls no uop delivered when no Bkend Stall
   IntMiscRecoveryCycles: 699547 # Stalls waiting machine clears
   uops executed: 9417173 # Executed microoperations
  skylake-8: # Core stats
   cycles: 15744468 # Simulated unhalted cycles
   cCycles: 7755948 # Cycles due to contention stalls
   instrs: 10936538 # Simulated instructions
   uops: 8742924 # issued micro-ops
   bbls: 3301543 # Basic blocks
   approxInstrs: 596925 # Instrs with approx uop decoding
   mispredBranches: 86854 # Mispredicted branches
   IdqNotDelivered: 7988520 # Stalls no uop delivered when no Bkend Stall
   IntMiscRecoveryCycles: 698712 # Stalls waiting machine clears
   uops executed: 9416039 # Executed microoperations
  skylake-9: # Core stats
   cycles: 15744159 # Simulated unhalted cycles
   cCycles: 7757293 # Cycles due to contention stalls
   instrs: 10936303 # Simulated instructions
   uops: 8742481 # issued micro-ops
   bbls: 3301529 # Basic blocks
   approxInstrs: 596938 # Instrs with approx uop decoding
   mispredBranches: 86851 # Mispredicted branches
   IdqNotDelivered: 7986866 # Stalls no uop delivered when no Bkend Stall
   IntMiscRecoveryCycles: 699066 # Stalls waiting machine clears
   uops executed: 9415621 # Executed microoperations
  skylake-10: # Core stats
   cycles: 15744159 # Simulated unhalted cycles
   cCycles: 7757074 # Cycles due to contention stalls
   instrs: 10936182 # Simulated instructions
   uops: 8742387 # issued micro-ops
   bbls: 3301492 # Basic blocks
   approxInstrs: 596933 # Instrs with approx uop decoding
   mispredBranches: 86850 # Mispredicted branches
   IdqNotDelivered: 7987085 # Stalls no uop delivered when no Bkend Stall
   IntMiscRecoveryCycles: 699582 # Stalls waiting machine clears
   uops executed: 9415522 # Executed microoperations
  skylake-11: # Core stats
   cycles: 15743468 # Simulated unhalted cycles
   cCycles: 7757581 # Cycles due to contention stalls
   instrs: 10933849 # Simulated instructions
   uops: 8740686 # issued micro-ops
   bbls: 3300707 # Basic blocks
   approxInstrs: 596783 # Instrs with approx uop decoding
   mispredBranches: 86831 # Mispredicted branches
   IdqNotDelivered: 7985887 # Stalls no uop delivered when no Bkend Stall
   IntMiscRecoveryCycles: 699731 # Stalls waiting machine clears
   uops executed: 9413729 # Executed microoperations
  skylake-12: # Core stats
   cycles: 15743700 # Simulated unhalted cycles
   cCycles: 7760211 # Cycles due to contention stalls
   instrs: 10932404 # Simulated instructions
   uops: 8739364 # issued micro-ops
   bbls: 3300352 # Basic blocks
   approxInstrs: 596725 # Instrs with approx uop decoding
   mispredBranches: 86820 # Mispredicted branches
   IdqNotDelivered: 7983489 # Stalls no uop delivered when no Bkend Stall
   IntMiscRecoveryCycles: 699099 # Stalls waiting machine clears
   uops executed: 9412264 # Executed microoperations
  skylake-13: # Core stats
   cycles: 15743164 # Simulated unhalted cycles
   cCycles: 7756026 # Cycles due to contention stalls
   instrs: 10937910 # Simulated instructions
   uops: 8743768 # issued micro-ops
   bbls: 3302015 # Basic blocks
   approxInstrs: 597029 # Instrs with approx uop decoding
   mispredBranches: 86864 # Mispredicted branches
   IdqNotDelivered: 7987138 # Stalls no uop delivered when no Bkend Stall
   IntMiscRecoveryCycles: 699040 # Stalls waiting machine clears
   uops executed: 9417008 # Executed microoperations
  skylake-14: # Core stats
   cycles: 15742467 # Simulated unhalted cycles
   cCycles: 7756128 # Cycles due to contention stalls
   instrs: 10937540 # Simulated instructions
   uops: 8743474 # issued micro-ops
   bbls: 3301902 # Basic blocks
   approxInstrs: 597008 # Instrs with approx uop decoding
   mispredBranches: 86861 # Mispredicted branches
   IdqNotDelivered: 7986339 # Stalls no uop delivered when no Bkend Stall
   IntMiscRecoveryCycles: 699016 # Stalls waiting machine clears
   uops executed: 9416693 # Executed microoperations
  skylake-15: # Core stats
   cycles: 15742700 # Simulated unhalted cycles
   cCycles: 7757297 # Cycles due to contention stalls
   instrs: 10935981 # Simulated instructions
   uops: 8742219 # issued micro-ops
   bbls: 3301433 # Basic blocks
   approxInstrs: 596919 # Instrs with approx uop decoding
   mispredBranches: 86848 # Mispredicted branches
   IdqNotDelivered: 7985403 # Stalls no uop delivered when no Bkend Stall
   IntMiscRecoveryCycles: 698716 # Stalls waiting machine clears
   uops executed: 9415338 # Executed microoperations
  skylake-16: # Core stats
   cycles: 15742701 # Simulated unhalted cycles
   cCycles: 7759135 # Cycles due to contention stalls
   instrs: 10933964 # Simulated instructions
   uops: 8740607 # issued micro-ops
   bbls: 3300824 # Basic blocks
   approxInstrs: 596809 # Instrs with approx uop decoding
   mispredBranches: 86832 # Mispredicted branches
   IdqNotDelivered: 7983566 # Stalls no uop delivered when no Bkend Stall
   IntMiscRecoveryCycles: 698588 # Stalls waiting machine clears
   uops executed: 9413602 # Executed microoperations
  skylake-17: # Core stats
   cycles: 15742471 # Simulated unhalted cycles
   cCycles: 7757235 # Cycles due to contention stalls
   instrs: 10935767 # Simulated instructions
   uops: 8742055 # issued micro-ops
   bbls: 3301368 # Basic blocks
   approxInstrs: 596912 # Instrs with approx uop decoding
   mispredBranches: 86847 # Mispredicted branches
   IdqNotDelivered: 7985236 # Stalls no uop delivered when no Bkend Stall
   IntMiscRecoveryCycles: 698904 # Stalls waiting machine clears
   uops executed: 9415163 # Executed microoperations
  skylake-18: # Core stats
   cycles: 15741476 # Simulated unhalted cycles
   cCycles: 7757835 # Cycles due to contention stalls
   instrs: 10933616 # Simulated instructions
   uops: 8740327 # issued micro-ops
   bbls: 3300720 # Basic blocks
   approxInstrs: 596789 # Instrs with approx uop decoding
   mispredBranches: 86830 # Mispredicted branches
   IdqNotDelivered: 7983641 # Stalls no uop delivered when no Bkend Stall
   IntMiscRecoveryCycles: 698915 # Stalls waiting machine clears
   uops executed: 9413296 # Executed microoperations
  skylake-19: # Core stats
   cycles: 15741468 # Simulated unhalted cycles
   cCycles: 7756823 # Cycles due to contention stalls
   instrs: 10917767 # Simulated instructions
   uops: 8728543 # issued micro-ops
   bbls: 3295536 # Basic blocks
   approxInstrs: 595683 # Instrs with approx uop decoding
   mispredBranches: 86753 # Mispredicted branches
   IdqNotDelivered: 7984645 # Stalls no uop delivered when no Bkend Stall
   IntMiscRecoveryCycles: 700326 # Stalls waiting machine clears
   uops executed: 9400341 # Executed microoperations
  skylake-20: # Core stats
   cycles: 15741467 # Simulated unhalted cycles
   cCycles: 7756626 # Cycles due to contention stalls
   instrs: 10935468 # Simulated instructions
   uops: 8741809 # issued micro-ops
   bbls: 3301278 # Basic blocks
   approxInstrs: 596891 # Instrs with approx uop decoding
   mispredBranches: 86844 # Mispredicted branches
   IdqNotDelivered: 7984841 # Stalls no uop delivered when no Bkend Stall
   IntMiscRecoveryCycles: 699027 # Stalls waiting machine clears
   uops executed: 9414896 # Executed microoperations
  skylake-21: # Core stats
   cycles: 15741469 # Simulated unhalted cycles
   cCycles: 7760189 # Cycles due to contention stalls
   instrs: 10930696 # Simulated instructions
   uops: 8737992 # issued micro-ops
   bbls: 3299838 # Basic blocks
   approxInstrs: 596629 # Instrs with approx uop decoding
   mispredBranches: 86806 # Mispredicted branches
   IdqNotDelivered: 7981280 # Stalls no uop delivered when no Bkend Stall
   IntMiscRecoveryCycles: 698380 # Stalls waiting machine clears
   uops executed: 9410784 # Executed microoperations
  skylake-22: # Core stats
   cycles: 15740166 # Simulated unhalted cycles
   cCycles: 7757405 # Cycles due to contention stalls
   instrs: 10931654 # Simulated instructions
   uops: 8738791 # issued micro-ops
   bbls: 3300126 # Basic blocks
   approxInstrs: 596678 # Instrs with approx uop decoding
   mispredBranches: 86812 # Mispredicted branches
   IdqNotDelivered: 7982761 # Stalls no uop delivered when no Bkend Stall
   IntMiscRecoveryCycles: 698493 # Stalls waiting machine clears
   uops executed: 9411656 # Executed microoperations
  skylake-23: # Core stats
   cycles: 0 # Simulated unhalted cycles
   cCycles: 0 # Cycles due to contention stalls
   instrs: 0 # Simulated instructions
   uops: 0 # issued micro-ops
   bbls: 0 # Basic blocks
   approxInstrs: 0 # Instrs with approx uop decoding
   mispredBranches: 0 # Mispredicted branches
   IdqNotDelivered: 0 # Stalls no uop delivered when no Bkend Stall
   IntMiscRecoveryCycles: 0 # Stalls waiting machine clears
   uops executed: 0 # Executed microoperations
 l1d: # Cache stats
  l1d-0: # Filter cache stats
   fhGETS: 521789 # Filtered GETS hits
   fhGETX: 586277 # Filtered GETX hits
   hGETS: 5069 # GETS hits
   hGETX: 11398 # GETX hits
   mGETS: 5344 # GETS misses
   mGETXIM: 250137 # GETX I->M misses
   mGETXSM: 7 # GETX S->M misses (upgrade misses)
   PUTS: 0 # Clean evictions (from lower level)
   PUTX: 0 # Dirty evictions (from lower level)
   INV: 89 # Invalidates (from upper level)
   INVX: 85 # Downgrades (from upper level)
   FWD: 0 # Forwards (from upper level)
   latGETnl: 45712346 # GET request latency on next level
   latGETnet: 0 # GET request latency on network to next level
  l1d-1: # Filter cache stats
   fhGETS: 521534 # Filtered GETS hits
   fhGETX: 586116 # Filtered GETX hits
   hGETS: 4994 # GETS hits
   hGETX: 11356 # GETX hits
   mGETS: 5300 # GETS misses
   mGETXIM: 250105 # GETX I->M misses
   mGETXSM: 10 # GETX S->M misses (upgrade misses)
   PUTS: 0 # Clean evictions (from lower level)
   PUTX: 0 # Dirty evictions (from lower level)
   INV: 74 # Invalidates (from upper level)
   INVX: 30 # Downgrades (from upper level)
   FWD: 0 # Forwards (from upper level)
   latGETnl: 45694551 # GET request latency on next level
   latGETnet: 0 # GET request latency on network to next level
  l1d-2: # Filter cache stats
   fhGETS: 521079 # Filtered GETS hits
   fhGETX: 585687 # Filtered GETX hits
   hGETS: 4966 # GETS hits
   hGETX: 11325 # GETX hits
   mGETS: 5283 # GETS misses
   mGETXIM: 249945 # GETX I->M misses
   mGETXSM: 5 # GETX S->M misses (upgrade misses)
   PUTS: 0 # Clean evictions (from lower level)
   PUTX: 0 # Dirty evictions (from lower level)
   INV: 51 # Invalidates (from upper level)
   INVX: 3 # Downgrades (from upper level)
   FWD: 0 # Forwards (from upper level)
   latGETnl: 45662511 # GET request latency on next level
   latGETnet: 0 # GET request latency on network to next level
  l1d-3: # Filter cache stats
   fhGETS: 521389 # Filtered GETS hits
   fhGETX: 586001 # Filtered GETX hits
   hGETS: 4998 # GETS hits
   hGETX: 11361 # GETX hits
   mGETS: 5293 # GETS misses
   mGETXIM: 250068 # GETX I->M misses
   mGETXSM: 7 # GETX S->M misses (upgrade misses)
   PUTS: 0 # Clean evictions (from lower level)
   PUTX: 0 # Dirty evictions (from lower level)
   INV: 65 # Invalidates (from upper level)
   INVX: 36 # Downgrades (from upper level)
   FWD: 0 # Forwards (from upper level)
   latGETnl: 45688860 # GET request latency on next level
   latGETnet: 0 # GET request latency on network to next level
  l1d-4: # Filter cache stats
   fhGETS: 521267 # Filtered GETS hits
   fhGETX: 585855 # Filtered GETX hits
   hGETS: 4999 # GETS hits
   hGETX: 11364 # GETX hits
   mGETS: 5290 # GETS misses
   mGETXIM: 250013 # GETX I->M misses
   mGETXSM: 9 # GETX S->M misses (upgrade misses)
   PUTS: 0 # Clean evictions (from lower level)
   PUTX: 0 # Dirty evictions (from lower level)
   INV: 68 # Invalidates (from upper level)
   INVX: 21 # Downgrades (from upper level)
   FWD: 0 # Forwards (from upper level)
   latGETnl: 45675576 # GET request latency on next level
   latGETnet: 0 # GET request latency on network to next level
  l1d-5: # Filter cache stats
   fhGETS: 521426 # Filtered GETS hits
   fhGETX: 586037 # Filtered GETX hits
   hGETS: 4985 # GETS hits
   hGETX: 11345 # GETX hits
   mGETS: 5292 # GETS misses
   mGETXIM: 250085 # GETX I->M misses
   mGETXSM: 9 # GETX S->M misses (upgrade misses)
   PUTS: 0 # Clean evictions (from lower level)
   PUTX: 0 # Dirty evictions (from lower level)
   INV: 70 # Invalidates (from upper level)
   INVX: 20 # Downgrades (from upper level)
   FWD: 0 # Forwards (from upper level)
   latGETnl: 45688190 # GET request latency on next level
   latGETnet: 0 # GET request latency on network to next level
  l1d-6: # Filter cache stats
   fhGETS: 521177 # Filtered GETS hits
   fhGETX: 585851 # Filtered GETX hits
   hGETS: 4979 # GETS hits
   hGETX: 11339 # GETX hits
   mGETS: 5270 # GETS misses
   mGETXIM: 250036 # GETX I->M misses
   mGETXSM: 5 # GETX S->M misses (upgrade misses)
   PUTS: 0 # Clean evictions (from lower level)
   PUTX: 0 # Dirty evictions (from lower level)
   INV: 48 # Invalidates (from upper level)
   INVX: 5 # Downgrades (from upper level)
   FWD: 0 # Forwards (from upper level)
   latGETnl: 45678065 # GET request latency on next level
   latGETnet: 0 # GET request latency on network to next level
  l1d-7: # Filter cache stats
   fhGETS: 521277 # Filtered GETS hits
   fhGETX: 585972 # Filtered GETX hits
   hGETS: 4983 # GETS hits
   hGETX: 11338 # GETX hits
   mGETS: 5274 # GETS misses
   mGETXIM: 250084 # GETX I->M misses
   mGETXSM: 6 # GETX S->M misses (upgrade misses)
   PUTS: 0 # Clean evictions (from lower level)
   PUTX: 0 # Dirty evictions (from lower level)
   INV: 49 # Invalidates (from upper level)
   INVX: 26 # Downgrades (from upper level)
   FWD: 0 # Forwards (from upper level)
   latGETnl: 45690340 # GET request latency on next level
   latGETnet: 0 # GET request latency on network to next level
  l1d-8: # Filter cache stats
   fhGETS: 521337 # Filtered GETS hits
   fhGETX: 585945 # Filtered GETX hits
   hGETS: 4995 # GETS hits
   hGETX: 11350 # GETX hits
   mGETS: 5290 # GETS misses
   mGETXIM: 250046 # GETX I->M misses
   mGETXSM: 9 # GETX S->M misses (upgrade misses)
   PUTS: 0 # Clean evictions (from lower level)
   PUTX: 0 # Dirty evictions (from lower level)
   INV: 67 # Invalidates (from upper level)
   INVX: 18 # Downgrades (from upper level)
   FWD: 0 # Forwards (from upper level)
   latGETnl: 45681205 # GET request latency on next level
   latGETnet: 0 # GET request latency on network to next level
  l1d-9: # Filter cache stats
   fhGETS: 521213 # Filtered GETS hits
   fhGETX: 585876 # Filtered GETX hits
   hGETS: 4966 # GETS hits
   hGETX: 11335 # GETX hits
   mGETS: 5270 # GETS misses
   mGETXIM: 250044 # GETX I->M misses
   mGETXSM: 6 # GETX S->M misses (upgrade misses)
   PUTS: 0 # Clean evictions (from lower level)
   PUTX: 0 # Dirty evictions (from lower level)
   INV: 49 # Invalidates (from upper level)
   INVX: 19 # Downgrades (from upper level)
   FWD: 0 # Forwards (from upper level)
   latGETnl: 45681218 # GET request latency on next level
   latGETnet: 0 # GET request latency on network to next level
  l1d-10: # Filter cache stats
   fhGETS: 521196 # Filtered GETS hits
   fhGETX: 585877 # Filtered GETX hits
   hGETS: 4980 # GETS hits
   hGETX: 11323 # GETX hits
   mGETS: 5266 # GETS misses
   mGETXIM: 250049 # GETX I->M misses
   mGETXSM: 5 # GETX S->M misses (upgrade misses)
   PUTS: 0 # Clean evictions (from lower level)
   PUTX: 0 # Dirty evictions (from lower level)
   INV: 52 # Invalidates (from upper level)
   INVX: 24 # Downgrades (from upper level)
   FWD: 0 # Forwards (from upper level)
   latGETnl: 45681142 # GET request latency on next level
   latGETnet: 0 # GET request latency on network to next level
  l1d-11: # Filter cache stats
   fhGETS: 521225 # Filtered GETS hits
   fhGETX: 585808 # Filtered GETX hits
   hGETS: 4993 # GETS hits
   hGETX: 11340 # GETX hits
   mGETS: 5295 # GETS misses
   mGETXIM: 249987 # GETX I->M misses
   mGETXSM: 10 # GETX S->M misses (upgrade misses)
   PUTS: 0 # Clean evictions (from lower level)
   PUTX: 0 # Dirty evictions (from lower level)
   INV: 51 # Invalidates (from upper level)
   INVX: 4 # Downgrades (from upper level)
   FWD: 0 # Forwards (from upper level)
   latGETnl: 45671493 # GET request latency on next level
   latGETnet: 0 # GET request latency on network to next level
  l1d-12: # Filter cache stats
   fhGETS: 439096 # Filtered GETS hits
   fhGETX: 499597 # Filtered GETX hits
   hGETS: 86894 # GETS hits
   hGETX: 97397 # GETX hits
   mGETS: 5269 # GETS misses
   mGETXIM: 249959 # GETX I->M misses
   mGETXSM: 6 # GETX S->M misses (upgrade misses)
   PUTS: 0 # Clean evictions (from lower level)
   PUTX: 0 # Dirty evictions (from lower level)
   INV: 53 # Invalidates (from upper level)
   INVX: 6 # Downgrades (from upper level)
   FWD: 0 # Forwards (from upper level)
   latGETnl: 45662982 # GET request latency on next level
   latGETnet: 0 # GET request latency on network to next level
  l1d-13: # Filter cache stats
   fhGETS: 521284 # Filtered GETS hits
   fhGETX: 585959 # Filtered GETX hits
   hGETS: 4967 # GETS hits
   hGETX: 11343 # GETX hits
   mGETS: 5273 # GETS misses
   mGETXIM: 250080 # GETX I->M misses
   mGETXSM: 5 # GETX S->M misses (upgrade misses)
   PUTS: 0 # Clean evictions (from lower level)
   PUTX: 0 # Dirty evictions (from lower level)
   INV: 48 # Invalidates (from upper level)
   INVX: 3 # Downgrades (from upper level)
   FWD: 0 # Forwards (from upper level)
   latGETnl: 45686366 # GET request latency on next level
   latGETnet: 0 # GET request latency on network to next level
  l1d-14: # Filter cache stats
   fhGETS: 521274 # Filtered GETS hits
   fhGETX: 585949 # Filtered GETX hits
   hGETS: 4963 # GETS hits
   hGETX: 11329 # GETX hits
   mGETS: 5272 # GETS misses
   mGETXIM: 250076 # GETX I->M misses
   mGETXSM: 6 # GETX S->M misses (upgrade misses)
   PUTS: 0 # Clean evictions (from lower level)
   PUTX: 0 # Dirty evictions (from lower level)
   INV: 51 # Invalidates (from upper level)
   INVX: 2 # Downgrades (from upper level)
   FWD: 0 # Forwards (from upper level)
   latGETnl: 45684288 # GET request latency on next level
   latGETnet: 0 # GET request latency on network to next level
  l1d-15: # Filter cache stats
   fhGETS: 521196 # Filtered GETS hits
   fhGETX: 585859 # Filtered GETX hits
   hGETS: 4964 # GETS hits
   hGETX: 11331 # GETX hits
   mGETS: 5270 # GETS misses
   mGETXIM: 250038 # GETX I->M misses
   mGETXSM: 6 # GETX S->M misses (upgrade misses)
   PUTS: 0 # Clean evictions (from lower level)
   PUTX: 0 # Dirty evictions (from lower level)
   INV: 50 # Invalidates (from upper level)
   INVX: 2 # Downgrades (from upper level)
   FWD: 0 # Forwards (from upper level)
   latGETnl: 45677392 # GET request latency on next level
   latGETnet: 0 # GET request latency on network to next level
  l1d-16: # Filter cache stats
   fhGETS: 439153 # Filtered GETS hits
   fhGETX: 499666 # Filtered GETX hits
   hGETS: 86912 # GETS hits
   hGETX: 97413 # GETX hits
   mGETS: 5267 # GETS misses
   mGETXIM: 249993 # GETX I->M misses
   mGETXSM: 6 # GETX S->M misses (upgrade misses)
   PUTS: 0 # Clean evictions (from lower level)
   PUTX: 0 # Dirty evictions (from lower level)
   INV: 49 # Invalidates (from upper level)
   INVX: 2 # Downgrades (from upper level)
   FWD: 0 # Forwards (from upper level)
   latGETnl: 45668800 # GET request latency on next level
   latGETnet: 0 # GET request latency on network to next level
  l1d-17: # Filter cache stats
   fhGETS: 521185 # Filtered GETS hits
   fhGETX: 585848 # Filtered GETX hits
   hGETS: 4962 # GETS hits
   hGETX: 11332 # GETX hits
   mGETS: 5273 # GETS misses
   mGETXIM: 250035 # GETX I->M misses
   mGETXSM: 6 # GETX S->M misses (upgrade misses)
   PUTS: 0 # Clean evictions (from lower level)
   PUTX: 0 # Dirty evictions (from lower level)
   INV: 52 # Invalidates (from upper level)
   INVX: 2 # Downgrades (from upper level)
   FWD: 0 # Forwards (from upper level)
   latGETnl: 45677392 # GET request latency on next level
   latGETnet: 0 # GET request latency on network to next level
  l1d-18: # Filter cache stats
   fhGETS: 521063 # Filtered GETS hits
   fhGETX: 585719 # Filtered GETX hits
   hGETS: 4984 # GETS hits
   hGETX: 11339 # GETX hits
   mGETS: 5269 # GETS misses
   mGETXIM: 249984 # GETX I->M misses
   mGETXSM: 6 # GETX S->M misses (upgrade misses)
   PUTS: 0 # Clean evictions (from lower level)
   PUTX: 0 # Dirty evictions (from lower level)
   INV: 50 # Invalidates (from upper level)
   INVX: 2 # Downgrades (from upper level)
   FWD: 0 # Forwards (from upper level)
   latGETnl: 45667547 # GET request latency on next level
   latGETnet: 0 # GET request latency on network to next level
  l1d-19: # Filter cache stats
   fhGETS: 521120 # Filtered GETS hits
   fhGETX: 585064 # Filtered GETX hits
   hGETS: 5200 # GETS hits
   hGETX: 11379 # GETX hits
   mGETS: 5325 # GETS misses
   mGETXIM: 249517 # GETX I->M misses
   mGETXSM: 10 # GETX S->M misses (upgrade misses)
   PUTS: 0 # Clean evictions (from lower level)
   PUTX: 0 # Dirty evictions (from lower level)
   INV: 45 # Invalidates (from upper level)
   INVX: 3 # Downgrades (from upper level)
   FWD: 0 # Forwards (from upper level)
   latGETnl: 45592836 # GET request latency on next level
   latGETnet: 0 # GET request latency on network to next level
  l1d-20: # Filter cache stats
   fhGETS: 521173 # Filtered GETS hits
   fhGETX: 585832 # Filtered GETX hits
   hGETS: 4962 # GETS hits
   hGETX: 11327 # GETX hits
   mGETS: 5271 # GETS misses
   mGETXIM: 250029 # GETX I->M misses
   mGETXSM: 6 # GETX S->M misses (upgrade misses)
   PUTS: 0 # Clean evictions (from lower level)
   PUTX: 0 # Dirty evictions (from lower level)
   INV: 53 # Invalidates (from upper level)
   INVX: 2 # Downgrades (from upper level)
   FWD: 0 # Forwards (from upper level)
   latGETnl: 45675432 # GET request latency on next level
   latGETnet: 0 # GET request latency on network to next level
  l1d-21: # Filter cache stats
   fhGETS: 520945 # Filtered GETS hits
   fhGETX: 585580 # Filtered GETX hits
   hGETS: 4960 # GETS hits
   hGETX: 11322 # GETX hits
   mGETS: 5268 # GETS misses
   mGETXIM: 249915 # GETX I->M misses
   mGETXSM: 6 # GETX S->M misses (upgrade misses)
   PUTS: 0 # Clean evictions (from lower level)
   PUTX: 0 # Dirty evictions (from lower level)
   INV: 50 # Invalidates (from upper level)
   INVX: 2 # Downgrades (from upper level)
   FWD: 0 # Forwards (from upper level)
   latGETnl: 45655149 # GET request latency on next level
   latGETnet: 0 # GET request latency on network to next level
  l1d-22: # Filter cache stats
   fhGETS: 521003 # Filtered GETS hits
   fhGETX: 585628 # Filtered GETX hits
   hGETS: 4958 # GETS hits
   hGETX: 11329 # GETX hits
   mGETS: 5275 # GETS misses
   mGETXIM: 249937 # GETX I->M misses
   mGETXSM: 8 # GETX S->M misses (upgrade misses)
   PUTS: 0 # Clean evictions (from lower level)
   PUTX: 0 # Dirty evictions (from lower level)
   INV: 53 # Invalidates (from upper level)
   INVX: 7 # Downgrades (from upper level)
   FWD: 0 # Forwards (from upper level)
   latGETnl: 45660226 # GET request latency on next level
   latGETnet: 0 # GET request latency on network to next level
  l1d-23: # Filter cache stats
   fhGETS: 0 # Filtered GETS hits
   fhGETX: 0 # Filtered GETX hits
   hGETS: 0 # GETS hits
   hGETX: 0 # GETX hits
   mGETS: 0 # GETS misses
   mGETXIM: 0 # GETX I->M misses
   mGETXSM: 0 # GETX S->M misses (upgrade misses)
   PUTS: 0 # Clean evictions (from lower level)
   PUTX: 0 # Dirty evictions (from lower level)
   INV: 0 # Invalidates (from upper level)
   INVX: 0 # Downgrades (from upper level)
   FWD: 0 # Forwards (from upper level)
   latGETnl: 0 # GET request latency on next level
   latGETnet: 0 # GET request latency on network to next level
 l1i: # Cache stats
  l1i-0: # Filter cache stats
   fhGETS: 3807525 # Filtered GETS hits
   fhGETX: 0 # Filtered GETX hits
   hGETS: 51 # GETS hits
   hGETX: 0 # GETX hits
   mGETS: 642 # GETS misses
   mGETXIM: 0 # GETX I->M misses
   mGETXSM: 0 # GETX S->M misses (upgrade misses)
   PUTS: 0 # Clean evictions (from lower level)
   PUTX: 0 # Dirty evictions (from lower level)
   INV: 618 # Invalidates (from upper level)
   INVX: 0 # Downgrades (from upper level)
   FWD: 0 # Forwards (from upper level)
   latGETnl: 54198 # GET request latency on next level
   latGETnet: 0 # GET request latency on network to next level
  l1i-1: # Filter cache stats
   fhGETS: 3807443 # Filtered GETS hits
   fhGETX: 0 # Filtered GETX hits
   hGETS: 38 # GETS hits
   hGETX: 0 # GETX hits
   mGETS: 559 # GETS misses
   mGETXIM: 0 # GETX I->M misses
   mGETXSM: 0 # GETX S->M misses (upgrade misses)
   PUTS: 0 # Clean evictions (from lower level)
   PUTX: 0 # Dirty evictions (from lower level)
   INV: 531 # Invalidates (from upper level)
   INVX: 0 # Downgrades (from upper level)
   FWD: 0 # Forwards (from upper level)
   latGETnl: 30101 # GET request latency on next level
   latGETnet: 0 # GET request latency on network to next level
  l1i-2: # Filter cache stats
   fhGETS: 3804896 # Filtered GETS hits
   fhGETX: 0 # Filtered GETX hits
   hGETS: 32 # GETS hits
   hGETX: 0 # GETX hits
   mGETS: 580 # GETS misses
   mGETXIM: 0 # GETX I->M misses
   mGETXSM: 0 # GETX S->M misses (upgrade misses)
   PUTS: 0 # Clean evictions (from lower level)
   PUTX: 0 # Dirty evictions (from lower level)
   INV: 556 # Invalidates (from upper level)
   INVX: 0 # Downgrades (from upper level)
   FWD: 0 # Forwards (from upper level)
   latGETnl: 33068 # GET request latency on next level
   latGETnet: 0 # GET request latency on network to next level
  l1i-3: # Filter cache stats
   fhGETS: 3806871 # Filtered GETS hits
   fhGETX: 0 # Filtered GETX hits
   hGETS: 30 # GETS hits
   hGETX: 0 # GETX hits
   mGETS: 558 # GETS misses
   mGETXIM: 0 # GETX I->M misses
   mGETXSM: 0 # GETX S->M misses (upgrade misses)
   PUTS: 0 # Clean evictions (from lower level)
   PUTX: 0 # Dirty evictions (from lower level)
   INV: 534 # Invalidates (from upper level)
   INVX: 0 # Downgrades (from upper level)
   FWD: 0 # Forwards (from upper level)
   latGETnl: 29922 # GET request latency on next level
   latGETnet: 0 # GET request latency on network to next level
  l1i-4: # Filter cache stats
   fhGETS: 3805986 # Filtered GETS hits
   fhGETX: 0 # Filtered GETX hits
   hGETS: 31 # GETS hits
   hGETX: 0 # GETX hits
   mGETS: 559 # GETS misses
   mGETXIM: 0 # GETX I->M misses
   mGETXSM: 0 # GETX S->M misses (upgrade misses)
   PUTS: 0 # Clean evictions (from lower level)
   PUTX: 0 # Dirty evictions (from lower level)
   INV: 535 # Invalidates (from upper level)
   INVX: 0 # Downgrades (from upper level)
   FWD: 0 # Forwards (from upper level)
   latGETnl: 27329 # GET request latency on next level
   latGETnet: 0 # GET request latency on network to next level
  l1i-5: # Filter cache stats
   fhGETS: 3807047 # Filtered GETS hits
   fhGETX: 0 # Filtered GETX hits
   hGETS: 31 # GETS hits
   hGETX: 0 # GETX hits
   mGETS: 560 # GETS misses
   mGETXIM: 0 # GETX I->M misses
   mGETXSM: 0 # GETX S->M misses (upgrade misses)
   PUTS: 0 # Clean evictions (from lower level)
   PUTX: 0 # Dirty evictions (from lower level)
   INV: 536 # Invalidates (from upper level)
   INVX: 0 # Downgrades (from upper level)
   FWD: 0 # Forwards (from upper level)
   latGETnl: 26452 # GET request latency on next level
   latGETnet: 0 # GET request latency on network to next level
  l1i-6: # Filter cache stats
   fhGETS: 3806300 # Filtered GETS hits
   fhGETX: 0 # Filtered GETX hits
   hGETS: 29 # GETS hits
   hGETX: 0 # GETX hits
   mGETS: 538 # GETS misses
   mGETXIM: 0 # GETX I->M misses
   mGETXSM: 0 # GETX S->M misses (upgrade misses)
   PUTS: 0 # Clean evictions (from lower level)
   PUTX: 0 # Dirty evictions (from lower level)
   INV: 514 # Invalidates (from upper level)
   INVX: 0 # Downgrades (from upper level)
   FWD: 0 # Forwards (from upper level)
   latGETnl: 28850 # GET request latency on next level
   latGETnet: 0 # GET request latency on network to next level
  l1i-7: # Filter cache stats
   fhGETS: 3807053 # Filtered GETS hits
   fhGETX: 0 # Filtered GETX hits
   hGETS: 29 # GETS hits
   hGETX: 0 # GETX hits
   mGETS: 542 # GETS misses
   mGETXIM: 0 # GETX I->M misses
   mGETXSM: 0 # GETX S->M misses (upgrade misses)
   PUTS: 0 # Clean evictions (from lower level)
   PUTX: 0 # Dirty evictions (from lower level)
   INV: 518 # Invalidates (from upper level)
   INVX: 0 # Downgrades (from upper level)
   FWD: 0 # Forwards (from upper level)
   latGETnl: 27586 # GET request latency on next level
   latGETnet: 0 # GET request latency on network to next level
  l1i-8: # Filter cache stats
   fhGETS: 3806456 # Filtered GETS hits
   fhGETX: 0 # Filtered GETX hits
   hGETS: 31 # GETS hits
   hGETX: 0 # GETX hits
   mGETS: 561 # GETS misses
   mGETXIM: 0 # GETX I->M misses
   mGETXSM: 0 # GETX S->M misses (upgrade misses)
   PUTS: 0 # Clean evictions (from lower level)
   PUTX: 0 # Dirty evictions (from lower level)
   INV: 537 # Invalidates (from upper level)
   INVX: 0 # Downgrades (from upper level)
   FWD: 0 # Forwards (from upper level)
   latGETnl: 26367 # GET request latency on next level
   latGETnet: 0 # GET request latency on network to next level
  l1i-9: # Filter cache stats
   fhGETS: 3806445 # Filtered GETS hits
   fhGETX: 0 # Filtered GETX hits
   hGETS: 29 # GETS hits
   hGETX: 0 # GETX hits
   mGETS: 544 # GETS misses
   mGETXIM: 0 # GETX I->M misses
   mGETXSM: 0 # GETX S->M misses (upgrade misses)
   PUTS: 0 # Clean evictions (from lower level)
   PUTX: 0 # Dirty evictions (from lower level)
   INV: 520 # Invalidates (from upper level)
   INVX: 0 # Downgrades (from upper level)
   FWD: 0 # Forwards (from upper level)
   latGETnl: 27020 # GET request latency on next level
   latGETnet: 0 # GET request latency on network to next level
  l1i-10: # Filter cache stats
   fhGETS: 3806375 # Filtered GETS hits
   fhGETX: 0 # Filtered GETX hits
   hGETS: 29 # GETS hits
   hGETX: 0 # GETX hits
   mGETS: 541 # GETS misses
   mGETXIM: 0 # GETX I->M misses
   mGETXSM: 0 # GETX S->M misses (upgrade misses)
   PUTS: 0 # Clean evictions (from lower level)
   PUTX: 0 # Dirty evictions (from lower level)
   INV: 517 # Invalidates (from upper level)
   INVX: 0 # Downgrades (from upper level)
   FWD: 0 # Forwards (from upper level)
   latGETnl: 27407 # GET request latency on next level
   latGETnet: 0 # GET request latency on network to next level
  l1i-11: # Filter cache stats
   fhGETS: 3805418 # Filtered GETS hits
   fhGETX: 0 # Filtered GETX hits
   hGETS: 128 # GETS hits
   hGETX: 0 # GETX hits
   mGETS: 542 # GETS misses
   mGETXIM: 0 # GETX I->M misses
   mGETXSM: 0 # GETX S->M misses (upgrade misses)
   PUTS: 0 # Clean evictions (from lower level)
   PUTX: 0 # Dirty evictions (from lower level)
   INV: 518 # Invalidates (from upper level)
   INVX: 0 # Downgrades (from upper level)
   FWD: 0 # Forwards (from upper level)
   latGETnl: 27058 # GET request latency on next level
   latGETnet: 0 # GET request latency on network to next level
  l1i-12: # Filter cache stats
   fhGETS: 3805092 # Filtered GETS hits
   fhGETX: 0 # Filtered GETX hits
   hGETS: 29 # GETS hits
   hGETX: 0 # GETX hits
   mGETS: 545 # GETS misses
   mGETXIM: 0 # GETX I->M misses
   mGETXSM: 0 # GETX S->M misses (upgrade misses)
   PUTS: 0 # Clean evictions (from lower level)
   PUTX: 0 # Dirty evictions (from lower level)
   INV: 521 # Invalidates (from upper level)
   INVX: 0 # Downgrades (from upper level)
   FWD: 0 # Forwards (from upper level)
   latGETnl: 26275 # GET request latency on next level
   latGETnet: 0 # GET request latency on network to next level
  l1i-13: # Filter cache stats
   fhGETS: 3807009 # Filtered GETS hits
   fhGETX: 0 # Filtered GETX hits
   hGETS: 29 # GETS hits
   hGETX: 0 # GETX hits
   mGETS: 545 # GETS misses
   mGETXIM: 0 # GETX I->M misses
   mGETXSM: 0 # GETX S->M misses (upgrade misses)
   PUTS: 0 # Clean evictions (from lower level)
   PUTX: 0 # Dirty evictions (from lower level)
   INV: 521 # Invalidates (from upper level)
   INVX: 0 # Downgrades (from upper level)
   FWD: 0 # Forwards (from upper level)
   latGETnl: 25879 # GET request latency on next level
   latGETnet: 0 # GET request latency on network to next level
  l1i-14: # Filter cache stats
   fhGETS: 3806878 # Filtered GETS hits
   fhGETX: 0 # Filtered GETX hits
   hGETS: 29 # GETS hits
   hGETX: 0 # GETX hits
   mGETS: 545 # GETS misses
   mGETXIM: 0 # GETX I->M misses
   mGETXSM: 0 # GETX S->M misses (upgrade misses)
   PUTS: 0 # Clean evictions (from lower level)
   PUTX: 0 # Dirty evictions (from lower level)
   INV: 521 # Invalidates (from upper level)
   INVX: 0 # Downgrades (from upper level)
   FWD: 0 # Forwards (from upper level)
   latGETnl: 25615 # GET request latency on next level
   latGETnet: 0 # GET request latency on network to next level
  l1i-15: # Filter cache stats
   fhGETS: 3806334 # Filtered GETS hits
   fhGETX: 0 # Filtered GETX hits
   hGETS: 29 # GETS hits
   hGETX: 0 # GETX hits
   mGETS: 541 # GETS misses
   mGETXIM: 0 # GETX I->M misses
   mGETXSM: 0 # GETX S->M misses (upgrade misses)
   PUTS: 0 # Clean evictions (from lower level)
   PUTX: 0 # Dirty evictions (from lower level)
   INV: 517 # Invalidates (from upper level)
   INVX: 0 # Downgrades (from upper level)
   FWD: 0 # Forwards (from upper level)
   latGETnl: 25691 # GET request latency on next level
   latGETnet: 0 # GET request latency on network to next level
  l1i-16: # Filter cache stats
   fhGETS: 3805632 # Filtered GETS hits
   fhGETX: 0 # Filtered GETX hits
   hGETS: 29 # GETS hits
   hGETX: 0 # GETX hits
   mGETS: 541 # GETS misses
   mGETXIM: 0 # GETX I->M misses
   mGETXSM: 0 # GETX S->M misses (upgrade misses)
   PUTS: 0 # Clean evictions (from lower level)
   PUTX: 0 # Dirty evictions (from lower level)
   INV: 517 # Invalidates (from upper level)
   INVX: 0 # Downgrades (from upper level)
   FWD: 0 # Forwards (from upper level)
   latGETnl: 25427 # GET request latency on next level
   latGETnet: 0 # GET request latency on network to next level
  l1i-17: # Filter cache stats
   fhGETS: 3806263 # Filtered GETS hits
   fhGETX: 0 # Filtered GETX hits
   hGETS: 29 # GETS hits
   hGETX: 0 # GETX hits
   mGETS: 545 # GETS misses
   mGETXIM: 0 # GETX I->M misses
   mGETXSM: 0 # GETX S->M misses (upgrade misses)
   PUTS: 0 # Clean evictions (from lower level)
   PUTX: 0 # Dirty evictions (from lower level)
   INV: 521 # Invalidates (from upper level)
   INVX: 0 # Downgrades (from upper level)
   FWD: 0 # Forwards (from upper level)
   latGETnl: 25615 # GET request latency on next level
   latGETnet: 0 # GET request latency on network to next level
  l1i-18: # Filter cache stats
   fhGETS: 3805519 # Filtered GETS hits
   fhGETX: 0 # Filtered GETX hits
   hGETS: 29 # GETS hits
   hGETX: 0 # GETX hits
   mGETS: 545 # GETS misses
   mGETXIM: 0 # GETX I->M misses
   mGETXSM: 0 # GETX S->M misses (upgrade misses)
   PUTS: 0 # Clean evictions (from lower level)
   PUTX: 0 # Dirty evictions (from lower level)
   INV: 521 # Invalidates (from upper level)
   INVX: 0 # Downgrades (from upper level)
   FWD: 0 # Forwards (from upper level)
   latGETnl: 25615 # GET request latency on next level
   latGETnet: 0 # GET request latency on network to next level
  l1i-19: # Filter cache stats
   fhGETS: 3799601 # Filtered GETS hits
   fhGETX: 0 # Filtered GETX hits
   hGETS: 115 # GETS hits
   hGETX: 0 # GETX hits
   mGETS: 610 # GETS misses
   mGETXIM: 0 # GETX I->M misses
   mGETXSM: 0 # GETX S->M misses (upgrade misses)
   PUTS: 0 # Clean evictions (from lower level)
   PUTX: 0 # Dirty evictions (from lower level)
   INV: 586 # Invalidates (from upper level)
   INVX: 0 # Downgrades (from upper level)
   FWD: 0 # Forwards (from upper level)
   latGETnl: 36062 # GET request latency on next level
   latGETnet: 0 # GET request latency on network to next level
  l1i-20: # Filter cache stats
   fhGETS: 3806158 # Filtered GETS hits
   fhGETX: 0 # Filtered GETX hits
   hGETS: 29 # GETS hits
   hGETX: 0 # GETX hits
   mGETS: 545 # GETS misses
   mGETXIM: 0 # GETX I->M misses
   mGETXSM: 0 # GETX S->M misses (upgrade misses)
   PUTS: 0 # Clean evictions (from lower level)
   PUTX: 0 # Dirty evictions (from lower level)
   INV: 521 # Invalidates (from upper level)
   INVX: 0 # Downgrades (from upper level)
   FWD: 0 # Forwards (from upper level)
   latGETnl: 25615 # GET request latency on next level
   latGETnet: 0 # GET request latency on network to next level
  l1i-21: # Filter cache stats
   fhGETS: 3804494 # Filtered GETS hits
   fhGETX: 0 # Filtered GETX hits
   hGETS: 29 # GETS hits
   hGETX: 0 # GETX hits
   mGETS: 541 # GETS misses
   mGETXIM: 0 # GETX I->M misses
   mGETXSM: 0 # GETX S->M misses (upgrade misses)
   PUTS: 0 # Clean evictions (from lower level)
   PUTX: 0 # Dirty evictions (from lower level)
   INV: 517 # Invalidates (from upper level)
   INVX: 0 # Downgrades (from upper level)
   FWD: 0 # Forwards (from upper level)
   latGETnl: 25427 # GET request latency on next level
   latGETnet: 0 # GET request latency on network to next level
  l1i-22: # Filter cache stats
   fhGETS: 3804811 # Filtered GETS hits
   fhGETX: 0 # Filtered GETX hits
   hGETS: 43 # GETS hits
   hGETX: 0 # GETX hits
   mGETS: 547 # GETS misses
   mGETXIM: 0 # GETX I->M misses
   mGETXSM: 0 # GETX S->M misses (upgrade misses)
   PUTS: 0 # Clean evictions (from lower level)
   PUTX: 0 # Dirty evictions (from lower level)
   INV: 523 # Invalidates (from upper level)
   INVX: 0 # Downgrades (from upper level)
   FWD: 0 # Forwards (from upper level)
   latGETnl: 25841 # GET request latency on next level
   latGETnet: 0 # GET request latency on network to next level
  l1i-23: # Filter cache stats
   fhGETS: 0 # Filtered GETS hits
   fhGETX: 0 # Filtered GETX hits
   hGETS: 0 # GETS hits
   hGETX: 0 # GETX hits
   mGETS: 0 # GETS misses
   mGETXIM: 0 # GETX I->M misses
   mGETXSM: 0 # GETX S->M misses (upgrade misses)
   PUTS: 0 # Clean evictions (from lower level)
   PUTX: 0 # Dirty evictions (from lower level)
   INV: 0 # Invalidates (from upper level)
   INVX: 0 # Downgrades (from upper level)
   FWD: 0 # Forwards (from upper level)
   latGETnl: 0 # GET request latency on next level
   latGETnet: 0 # GET request latency on network to next level
 l2: # Cache stats
  l2-0: # Cache stats
   hGETS: 0 # GETS hits
   hGETX: 0 # GETX hits
   mGETS: 5986 # GETS misses
   mGETXIM: 250137 # GETX I->M misses
   mGETXSM: 7 # GETX S->M misses (upgrade misses)
   PUTS: 5277 # Clean evictions (from lower level)
   PUTX: 249603 # Dirty evictions (from lower level)
   INV: 31945 # Invalidates (from upper level)
   INVX: 92 # Downgrades (from upper level)
   FWD: 0 # Forwards (from upper level)
   latGETnl: 43205244 # GET request latency on next level
   latGETnet: 0 # GET request latency on network to next level
  l2-1: # Cache stats
   hGETS: 0 # GETS hits
   hGETX: 0 # GETX hits
   mGETS: 5859 # GETS misses
   mGETXIM: 250105 # GETX I->M misses
   mGETXSM: 10 # GETX S->M misses (upgrade misses)
   PUTS: 5236 # Clean evictions (from lower level)
   PUTX: 249583 # Dirty evictions (from lower level)
   INV: 14984 # Invalidates (from upper level)
   INVX: 30 # Downgrades (from upper level)
   FWD: 0 # Forwards (from upper level)
   latGETnl: 43164912 # GET request latency on next level
   latGETnet: 0 # GET request latency on network to next level
  l2-2: # Cache stats
   hGETS: 0 # GETS hits
   hGETX: 0 # GETX hits
   mGETS: 5863 # GETS misses
   mGETXIM: 249945 # GETX I->M misses
   mGETXSM: 5 # GETX S->M misses (upgrade misses)
   PUTS: 5232 # Clean evictions (from lower level)
   PUTX: 249433 # Dirty evictions (from lower level)
   INV: 50398 # Invalidates (from upper level)
   INVX: 5 # Downgrades (from upper level)
   FWD: 0 # Forwards (from upper level)
   latGETnl: 43137449 # GET request latency on next level
   latGETnet: 0 # GET request latency on network to next level
  l2-3: # Cache stats
   hGETS: 0 # GETS hits
   hGETX: 0 # GETX hits
   mGETS: 5851 # GETS misses
   mGETXIM: 250068 # GETX I->M misses
   mGETXSM: 7 # GETX S->M misses (upgrade misses)
   PUTS: 5233 # Clean evictions (from lower level)
   PUTX: 249551 # Dirty evictions (from lower level)
   INV: 14415 # Invalidates (from upper level)
   INVX: 36 # Downgrades (from upper level)
   FWD: 0 # Forwards (from upper level)
   latGETnl: 43159522 # GET request latency on next level
   latGETnet: 0 # GET request latency on network to next level
  l2-4: # Cache stats
   hGETS: 0 # GETS hits
   hGETX: 0 # GETX hits
   mGETS: 5849 # GETS misses
   mGETXIM: 250013 # GETX I->M misses
   mGETXSM: 9 # GETX S->M misses (upgrade misses)
   PUTS: 5232 # Clean evictions (from lower level)
   PUTX: 249491 # Dirty evictions (from lower level)
   INV: 13795 # Invalidates (from upper level)
   INVX: 21 # Downgrades (from upper level)
   FWD: 0 # Forwards (from upper level)
   latGETnl: 43144195 # GET request latency on next level
   latGETnet: 0 # GET request latency on network to next level
  l2-5: # Cache stats
   hGETS: 0 # GETS hits
   hGETX: 0 # GETX hits
   mGETS: 5852 # GETS misses
   mGETXIM: 250085 # GETX I->M misses
   mGETXSM: 9 # GETX S->M misses (upgrade misses)
   PUTS: 5234 # Clean evictions (from lower level)
   PUTX: 249561 # Dirty evictions (from lower level)
   INV: 13934 # Invalidates (from upper level)
   INVX: 20 # Downgrades (from upper level)
   FWD: 0 # Forwards (from upper level)
   latGETnl: 43155182 # GET request latency on next level
   latGETnet: 0 # GET request latency on network to next level
  l2-6: # Cache stats
   hGETS: 0 # GETS hits
   hGETX: 0 # GETX hits
   mGETS: 5808 # GETS misses
   mGETXIM: 250036 # GETX I->M misses
   mGETXSM: 5 # GETX S->M misses (upgrade misses)
   PUTS: 5223 # Clean evictions (from lower level)
   PUTX: 249523 # Dirty evictions (from lower level)
   INV: 15425 # Invalidates (from upper level)
   INVX: 5 # Downgrades (from upper level)
   FWD: 0 # Forwards (from upper level)
   latGETnl: 43148425 # GET request latency on next level
   latGETnet: 0 # GET request latency on network to next level
  l2-7: # Cache stats
   hGETS: 0 # GETS hits
   hGETX: 0 # GETX hits
   mGETS: 5816 # GETS misses
   mGETXIM: 250084 # GETX I->M misses
   mGETXSM: 6 # GETX S->M misses (upgrade misses)
   PUTS: 5224 # Clean evictions (from lower level)
   PUTX: 249573 # Dirty evictions (from lower level)
   INV: 23848 # Invalidates (from upper level)
   INVX: 26 # Downgrades (from upper level)
   FWD: 0 # Forwards (from upper level)
   latGETnl: 43158866 # GET request latency on next level
   latGETnet: 0 # GET request latency on network to next level
  l2-8: # Cache stats
   hGETS: 0 # GETS hits
   hGETX: 0 # GETX hits
   mGETS: 5851 # GETS misses
   mGETXIM: 250046 # GETX I->M misses
   mGETXSM: 9 # GETX S->M misses (upgrade misses)
   PUTS: 5233 # Clean evictions (from lower level)
   PUTX: 249524 # Dirty evictions (from lower level)
   INV: 39484 # Invalidates (from upper level)
   INVX: 19 # Downgrades (from upper level)
   FWD: 0 # Forwards (from upper level)
   latGETnl: 43148512 # GET request latency on next level
   latGETnet: 0 # GET request latency on network to next level
  l2-9: # Cache stats
   hGETS: 0 # GETS hits
   hGETX: 0 # GETX hits
   mGETS: 5814 # GETS misses
   mGETXIM: 250044 # GETX I->M misses
   mGETXSM: 6 # GETX S->M misses (upgrade misses)
   PUTS: 5223 # Clean evictions (from lower level)
   PUTX: 249530 # Dirty evictions (from lower level)
   INV: 40325 # Invalidates (from upper level)
   INVX: 19 # Downgrades (from upper level)
   FWD: 0 # Forwards (from upper level)
   latGETnl: 43149598 # GET request latency on next level
   latGETnet: 0 # GET request latency on network to next level
  l2-10: # Cache stats
   hGETS: 0 # GETS hits
   hGETX: 0 # GETX hits
   mGETS: 5807 # GETS misses
   mGETXIM: 250049 # GETX I->M misses
   mGETXSM: 5 # GETX S->M misses (upgrade misses)
   PUTS: 5222 # Clean evictions (from lower level)
   PUTX: 249529 # Dirty evictions (from lower level)
   INV: 13691 # Invalidates (from upper level)
   INVX: 24 # Downgrades (from upper level)
   FWD: 0 # Forwards (from upper level)
   latGETnl: 43149939 # GET request latency on next level
   latGETnet: 0 # GET request latency on network to next level
  l2-11: # Cache stats
   hGETS: 5 # GETS hits
   hGETX: 0 # GETX hits
   mGETS: 5832 # GETS misses
   mGETXIM: 249987 # GETX I->M misses
   mGETXSM: 10 # GETX S->M misses (upgrade misses)
   PUTS: 5233 # Clean evictions (from lower level)
   PUTX: 249486 # Dirty evictions (from lower level)
   INV: 48563 # Invalidates (from upper level)
   INVX: 4 # Downgrades (from upper level)
   FWD: 0 # Forwards (from upper level)
   latGETnl: 43140211 # GET request latency on next level
   latGETnet: 0 # GET request latency on network to next level
  l2-12: # Cache stats
   hGETS: 0 # GETS hits
   hGETX: 0 # GETX hits
   mGETS: 5814 # GETS misses
   mGETXIM: 249959 # GETX I->M misses
   mGETXSM: 6 # GETX S->M misses (upgrade misses)
   PUTS: 5221 # Clean evictions (from lower level)
   PUTX: 249442 # Dirty evictions (from lower level)
   INV: 16568 # Invalidates (from upper level)
   INVX: 6 # Downgrades (from upper level)
   FWD: 0 # Forwards (from upper level)
   latGETnl: 43131467 # GET request latency on next level
   latGETnet: 0 # GET request latency on network to next level
  l2-13: # Cache stats
   hGETS: 0 # GETS hits
   hGETX: 0 # GETX hits
   mGETS: 5818 # GETS misses
   mGETXIM: 250080 # GETX I->M misses
   mGETXSM: 5 # GETX S->M misses (upgrade misses)
   PUTS: 5224 # Clean evictions (from lower level)
   PUTX: 249569 # Dirty evictions (from lower level)
   INV: 13674 # Invalidates (from upper level)
   INVX: 3 # Downgrades (from upper level)
   FWD: 0 # Forwards (from upper level)
   latGETnl: 43153215 # GET request latency on next level
   latGETnet: 0 # GET request latency on network to next level
  l2-14: # Cache stats
   hGETS: 0 # GETS hits
   hGETX: 0 # GETX hits
   mGETS: 5817 # GETS misses
   mGETXIM: 250076 # GETX I->M misses
   mGETXSM: 6 # GETX S->M misses (upgrade misses)
   PUTS: 5224 # Clean evictions (from lower level)
   PUTX: 249561 # Dirty evictions (from lower level)
   INV: 28442 # Invalidates (from upper level)
   INVX: 2 # Downgrades (from upper level)
   FWD: 0 # Forwards (from upper level)
   latGETnl: 43150913 # GET request latency on next level
   latGETnet: 0 # GET request latency on network to next level
  l2-15: # Cache stats
   hGETS: 0 # GETS hits
   hGETX: 0 # GETX hits
   mGETS: 5811 # GETS misses
   mGETXIM: 250038 # GETX I->M misses
   mGETXSM: 6 # GETX S->M misses (upgrade misses)
   PUTS: 5222 # Clean evictions (from lower level)
   PUTX: 249524 # Dirty evictions (from lower level)
   INV: 26392 # Invalidates (from upper level)
   INVX: 2 # Downgrades (from upper level)
   FWD: 0 # Forwards (from upper level)
   latGETnl: 43144533 # GET request latency on next level
   latGETnet: 0 # GET request latency on network to next level
  l2-16: # Cache stats
   hGETS: 0 # GETS hits
   hGETX: 0 # GETX hits
   mGETS: 5808 # GETS misses
   mGETXIM: 249993 # GETX I->M misses
   mGETXSM: 6 # GETX S->M misses (upgrade misses)
   PUTS: 5221 # Clean evictions (from lower level)
   PUTX: 249478 # Dirty evictions (from lower level)
   INV: 15232 # Invalidates (from upper level)
   INVX: 2 # Downgrades (from upper level)
   FWD: 0 # Forwards (from upper level)
   latGETnl: 43136157 # GET request latency on next level
   latGETnet: 0 # GET request latency on network to next level
  l2-17: # Cache stats
   hGETS: 0 # GETS hits
   hGETX: 0 # GETX hits
   mGETS: 5818 # GETS misses
   mGETXIM: 250035 # GETX I->M misses
   mGETXSM: 6 # GETX S->M misses (upgrade misses)
   PUTS: 5223 # Clean evictions (from lower level)
   PUTX: 249521 # Dirty evictions (from lower level)
   INV: 14815 # Invalidates (from upper level)
   INVX: 2 # Downgrades (from upper level)
   FWD: 0 # Forwards (from upper level)
   latGETnl: 43144417 # GET request latency on next level
   latGETnet: 0 # GET request latency on network to next level
  l2-18: # Cache stats
   hGETS: 0 # GETS hits
   hGETX: 0 # GETX hits
   mGETS: 5814 # GETS misses
   mGETXIM: 249984 # GETX I->M misses
   mGETXSM: 6 # GETX S->M misses (upgrade misses)
   PUTS: 5222 # Clean evictions (from lower level)
   PUTX: 249469 # Dirty evictions (from lower level)
   INV: 13741 # Invalidates (from upper level)
   INVX: 2 # Downgrades (from upper level)
   FWD: 0 # Forwards (from upper level)
   latGETnl: 43135122 # GET request latency on next level
   latGETnet: 0 # GET request latency on network to next level
  l2-19: # Cache stats
   hGETS: 0 # GETS hits
   hGETX: 0 # GETX hits
   mGETS: 5935 # GETS misses
   mGETXIM: 249517 # GETX I->M misses
   mGETXSM: 10 # GETX S->M misses (upgrade misses)
   PUTS: 5269 # Clean evictions (from lower level)
   PUTX: 249016 # Dirty evictions (from lower level)
   INV: 25045 # Invalidates (from upper level)
   INVX: 3 # Downgrades (from upper level)
   FWD: 0 # Forwards (from upper level)
   latGETnl: 43074278 # GET request latency on next level
   latGETnet: 0 # GET request latency on network to next level
  l2-20: # Cache stats
   hGETS: 0 # GETS hits
   hGETX: 0 # GETX hits
   mGETS: 5816 # GETS misses
   mGETXIM: 250029 # GETX I->M misses
   mGETXSM: 6 # GETX S->M misses (upgrade misses)
   PUTS: 5223 # Clean evictions (from lower level)
   PUTX: 249512 # Dirty evictions (from lower level)
   INV: 22660 # Invalidates (from upper level)
   INVX: 2 # Downgrades (from upper level)
   FWD: 0 # Forwards (from upper level)
   latGETnl: 43142537 # GET request latency on next level
   latGETnet: 0 # GET request latency on network to next level
  l2-21: # Cache stats
   hGETS: 0 # GETS hits
   hGETX: 0 # GETX hits
   mGETS: 5809 # GETS misses
   mGETXIM: 249915 # GETX I->M misses
   mGETXSM: 6 # GETX S->M misses (upgrade misses)
   PUTS: 5219 # Clean evictions (from lower level)
   PUTX: 249402 # Dirty evictions (from lower level)
   INV: 14743 # Invalidates (from upper level)
   INVX: 2 # Downgrades (from upper level)
   FWD: 0 # Forwards (from upper level)
   latGETnl: 43123276 # GET request latency on next level
   latGETnet: 0 # GET request latency on network to next level
  l2-22: # Cache stats
   hGETS: 0 # GETS hits
   hGETX: 0 # GETX hits
   mGETS: 5822 # GETS misses
   mGETXIM: 249937 # GETX I->M misses
   mGETXSM: 8 # GETX S->M misses (upgrade misses)
   PUTS: 5223 # Clean evictions (from lower level)
   PUTX: 249424 # Dirty evictions (from lower level)
   INV: 14220 # Invalidates (from upper level)
   INVX: 7 # Downgrades (from upper level)
   FWD: 0 # Forwards (from upper level)
   latGETnl: 43128397 # GET request latency on next level
   latGETnet: 0 # GET request latency on network to next level
  l2-23: # Cache stats
   hGETS: 0 # GETS hits
   hGETX: 0 # GETX hits
   mGETS: 0 # GETS misses
   mGETXIM: 0 # GETX I->M misses
   mGETXSM: 0 # GETX S->M misses (upgrade misses)
   PUTS: 0 # Clean evictions (from lower level)
   PUTX: 0 # Dirty evictions (from lower level)
   INV: 0 # Invalidates (from upper level)
   INVX: 0 # Downgrades (from upper level)
   FWD: 0 # Forwards (from upper level)
   latGETnl: 0 # GET request latency on next level
   latGETnet: 0 # GET request latency on network to next level
 l3: # Cache stats
  l3-0b0: # Cache stats
   hGETS: 579 # GETS hits
   hGETX: 32 # GETX hits
   mGETS: 4929 # GETS misses
   mGETXIM: 239599 # GETX I->M misses
   mGETXSM: 0 # GETX S->M misses (upgrade misses)
   PUTS: 4747 # Clean evictions (from lower level)
   PUTX: 203317 # Dirty evictions (from lower level)
   INV: 0 # Invalidates (from upper level)
   INVX: 0 # Downgrades (from upper level)
   FWD: 0 # Forwards (from upper level)
   latGETnl: 32277696 # GET request latency on next level
   latGETnet: 0 # GET request latency on network to next level
  l3-0b1: # Cache stats
   hGETS: 643 # GETS hits
   hGETX: 42 # GETX hits
   mGETS: 4960 # GETS misses
   mGETXIM: 239599 # GETX I->M misses
   mGETXSM: 0 # GETX S->M misses (upgrade misses)
   PUTS: 4833 # Clean evictions (from lower level)
   PUTX: 203351 # Dirty evictions (from lower level)
   INV: 0 # Invalidates (from upper level)
   INVX: 0 # Downgrades (from upper level)
   FWD: 0 # Forwards (from upper level)
   latGETnl: 32281788 # GET request latency on next level
   latGETnet: 0 # GET request latency on network to next level
  l3-0b2: # Cache stats
   hGETS: 185 # GETS hits
   hGETX: 32 # GETX hits
   mGETS: 4937 # GETS misses
   mGETXIM: 239591 # GETX I->M misses
   mGETXSM: 0 # GETX S->M misses (upgrade misses)
   PUTS: 4333 # Clean evictions (from lower level)
   PUTX: 203463 # Dirty evictions (from lower level)
   INV: 0 # Invalidates (from upper level)
   INVX: 0 # Downgrades (from upper level)
   FWD: 0 # Forwards (from upper level)
   latGETnl: 32277696 # GET request latency on next level
   latGETnet: 0 # GET request latency on network to next level
  l3-0b3: # Cache stats
   hGETS: 647 # GETS hits
   hGETX: 15 # GETX hits
   mGETS: 4886 # GETS misses
   mGETXIM: 239597 # GETX I->M misses
   mGETXSM: 0 # GETX S->M misses (upgrade misses)
   PUTS: 4769 # Clean evictions (from lower level)
   PUTX: 203308 # Dirty evictions (from lower level)
   INV: 0 # Invalidates (from upper level)
   INVX: 0 # Downgrades (from upper level)
   FWD: 0 # Forwards (from upper level)
   latGETnl: 32271756 # GET request latency on next level
   latGETnet: 0 # GET request latency on network to next level
  l3-0b4: # Cache stats
   hGETS: 212 # GETS hits
   hGETX: 20 # GETX hits
   mGETS: 4929 # GETS misses
   mGETXIM: 239595 # GETX I->M misses
   mGETXSM: 0 # GETX S->M misses (upgrade misses)
   PUTS: 4424 # Clean evictions (from lower level)
   PUTX: 203341 # Dirty evictions (from lower level)
   INV: 0 # Invalidates (from upper level)
   INVX: 0 # Downgrades (from upper level)
   FWD: 0 # Forwards (from upper level)
   latGETnl: 32277168 # GET request latency on next level
   latGETnet: 0 # GET request latency on network to next level
  l3-0b5: # Cache stats
   hGETS: 312 # GETS hits
   hGETX: 34 # GETX hits
   mGETS: 4898 # GETS misses
   mGETXIM: 239595 # GETX I->M misses
   mGETXSM: 0 # GETX S->M misses (upgrade misses)
   PUTS: 4443 # Clean evictions (from lower level)
   PUTX: 203512 # Dirty evictions (from lower level)
   INV: 0 # Invalidates (from upper level)
   INVX: 0 # Downgrades (from upper level)
   FWD: 0 # Forwards (from upper level)
   latGETnl: 32273076 # GET request latency on next level
   latGETnet: 0 # GET request latency on network to next level
  l3-0b6: # Cache stats
   hGETS: 251 # GETS hits
   hGETX: 42 # GETX hits
   mGETS: 4933 # GETS misses
   mGETXIM: 239596 # GETX I->M misses
   mGETXSM: 0 # GETX S->M misses (upgrade misses)
   PUTS: 4391 # Clean evictions (from lower level)
   PUTX: 203501 # Dirty evictions (from lower level)
   INV: 0 # Invalidates (from upper level)
   INVX: 0 # Downgrades (from upper level)
   FWD: 0 # Forwards (from upper level)
   latGETnl: 32277828 # GET request latency on next level
   latGETnet: 0 # GET request latency on network to next level
  l3-0b7: # Cache stats
   hGETS: 186 # GETS hits
   hGETX: 32 # GETX hits
   mGETS: 4952 # GETS misses
   mGETXIM: 239597 # GETX I->M misses
   mGETXSM: 0 # GETX S->M misses (upgrade misses)
   PUTS: 4378 # Clean evictions (from lower level)
   PUTX: 203365 # Dirty evictions (from lower level)
   INV: 0 # Invalidates (from upper level)
   INVX: 0 # Downgrades (from upper level)
   FWD: 0 # Forwards (from upper level)
   latGETnl: 32280468 # GET request latency on next level
   latGETnet: 0 # GET request latency on network to next level
  l3-0b8: # Cache stats
   hGETS: 551 # GETS hits
   hGETX: 9 # GETX hits
   mGETS: 4882 # GETS misses
   mGETXIM: 239592 # GETX I->M misses
   mGETXSM: 0 # GETX S->M misses (upgrade misses)
   PUTS: 4658 # Clean evictions (from lower level)
   PUTX: 203437 # Dirty evictions (from lower level)
   INV: 0 # Invalidates (from upper level)
   INVX: 0 # Downgrades (from upper level)
   FWD: 0 # Forwards (from upper level)
   latGETnl: 32270568 # GET request latency on next level
   latGETnet: 0 # GET request latency on network to next level
  l3-0b9: # Cache stats
   hGETS: 527 # GETS hits
   hGETX: 17 # GETX hits
   mGETS: 4903 # GETS misses
   mGETXIM: 239588 # GETX I->M misses
   mGETXSM: 0 # GETX S->M misses (upgrade misses)
   PUTS: 4682 # Clean evictions (from lower level)
   PUTX: 203463 # Dirty evictions (from lower level)
   INV: 0 # Invalidates (from upper level)
   INVX: 0 # Downgrades (from upper level)
   FWD: 0 # Forwards (from upper level)
   latGETnl: 32272812 # GET request latency on next level
   latGETnet: 0 # GET request latency on network to next level
  l3-0b10: # Cache stats
   hGETS: 1308 # GETS hits
   hGETX: 31 # GETX hits
   mGETS: 4977 # GETS misses
   mGETXIM: 239593 # GETX I->M misses
   mGETXSM: 0 # GETX S->M misses (upgrade misses)
   PUTS: 5411 # Clean evictions (from lower level)
   PUTX: 203425 # Dirty evictions (from lower level)
   INV: 0 # Invalidates (from upper level)
   INVX: 0 # Downgrades (from upper level)
   FWD: 0 # Forwards (from upper level)
   latGETnl: 32283240 # GET request latency on next level
   latGETnet: 0 # GET request latency on network to next level
  l3-0b11: # Cache stats
   hGETS: 595 # GETS hits
   hGETX: 27 # GETX hits
   mGETS: 4969 # GETS misses
   mGETXIM: 239598 # GETX I->M misses
   mGETXSM: 0 # GETX S->M misses (upgrade misses)
   PUTS: 4749 # Clean evictions (from lower level)
   PUTX: 203441 # Dirty evictions (from lower level)
   INV: 0 # Invalidates (from upper level)
   INVX: 0 # Downgrades (from upper level)
   FWD: 0 # Forwards (from upper level)
   latGETnl: 32282844 # GET request latency on next level
   latGETnet: 0 # GET request latency on network to next level
  l3-0b12: # Cache stats
   hGETS: 1044 # GETS hits
   hGETX: 30 # GETX hits
   mGETS: 4908 # GETS misses
   mGETXIM: 239597 # GETX I->M misses
   mGETXSM: 0 # GETX S->M misses (upgrade misses)
   PUTS: 5132 # Clean evictions (from lower level)
   PUTX: 203550 # Dirty evictions (from lower level)
   INV: 0 # Invalidates (from upper level)
   INVX: 0 # Downgrades (from upper level)
   FWD: 0 # Forwards (from upper level)
   latGETnl: 32274660 # GET request latency on next level
   latGETnet: 0 # GET request latency on network to next level
  l3-0b13: # Cache stats
   hGETS: 960 # GETS hits
   hGETX: 47 # GETX hits
   mGETS: 5007 # GETS misses
   mGETXIM: 239598 # GETX I->M misses
   mGETXSM: 0 # GETX S->M misses (upgrade misses)
   PUTS: 5104 # Clean evictions (from lower level)
   PUTX: 203393 # Dirty evictions (from lower level)
   INV: 0 # Invalidates (from upper level)
   INVX: 0 # Downgrades (from upper level)
   FWD: 0 # Forwards (from upper level)
   latGETnl: 32287860 # GET request latency on next level
   latGETnet: 0 # GET request latency on network to next level
  l3-0b14: # Cache stats
   hGETS: 1008 # GETS hits
   hGETX: 56 # GETX hits
   mGETS: 4997 # GETS misses
   mGETXIM: 239591 # GETX I->M misses
   mGETXSM: 0 # GETX S->M misses (upgrade misses)
   PUTS: 5124 # Clean evictions (from lower level)
   PUTX: 203354 # Dirty evictions (from lower level)
   INV: 0 # Invalidates (from upper level)
   INVX: 0 # Downgrades (from upper level)
   FWD: 0 # Forwards (from upper level)
   latGETnl: 32285616 # GET request latency on next level
   latGETnet: 0 # GET request latency on network to next level
  l3-0b15: # Cache stats
   hGETS: 1003 # GETS hits
   hGETX: 35 # GETX hits
   mGETS: 4890 # GETS misses
   mGETXIM: 239591 # GETX I->M misses
   mGETXSM: 0 # GETX S->M misses (upgrade misses)
   PUTS: 5082 # Clean evictions (from lower level)
   PUTX: 203382 # Dirty evictions (from lower level)
   INV: 0 # Invalidates (from upper level)
   INVX: 0 # Downgrades (from upper level)
   FWD: 0 # Forwards (from upper level)
   latGETnl: 32271492 # GET request latency on next level
   latGETnet: 0 # GET request latency on network to next level
  l3-0b16: # Cache stats
   hGETS: 737 # GETS hits
   hGETX: 0 # GETX hits
   mGETS: 4992 # GETS misses
   mGETXIM: 239506 # GETX I->M misses
   mGETXSM: 0 # GETX S->M misses (upgrade misses)
   PUTS: 4891 # Clean evictions (from lower level)
   PUTX: 203372 # Dirty evictions (from lower level)
   INV: 0 # Invalidates (from upper level)
   INVX: 0 # Downgrades (from upper level)
   FWD: 0 # Forwards (from upper level)
   latGETnl: 32273736 # GET request latency on next level
   latGETnet: 0 # GET request latency on network to next level
  l3-0b17: # Cache stats
   hGETS: 700 # GETS hits
   hGETX: 4 # GETX hits
   mGETS: 4947 # GETS misses
   mGETXIM: 239504 # GETX I->M misses
   mGETXSM: 0 # GETX S->M misses (upgrade misses)
   PUTS: 4874 # Clean evictions (from lower level)
   PUTX: 203441 # Dirty evictions (from lower level)
   INV: 0 # Invalidates (from upper level)
   INVX: 0 # Downgrades (from upper level)
   FWD: 0 # Forwards (from upper level)
   latGETnl: 32267532 # GET request latency on next level
   latGETnet: 0 # GET request latency on network to next level
  l3-0b18: # Cache stats
   hGETS: 754 # GETS hits
   hGETX: 61 # GETX hits
   mGETS: 4904 # GETS misses
   mGETXIM: 239504 # GETX I->M misses
   mGETXSM: 0 # GETX S->M misses (upgrade misses)
   PUTS: 4884 # Clean evictions (from lower level)
   PUTX: 203371 # Dirty evictions (from lower level)
   INV: 0 # Invalidates (from upper level)
   INVX: 0 # Downgrades (from upper level)
   FWD: 0 # Forwards (from upper level)
   latGETnl: 32261856 # GET request latency on next level
   latGETnet: 0 # GET request latency on network to next level
  l3-0b19: # Cache stats
   hGETS: 717 # GETS hits
   hGETX: 79 # GETX hits
   mGETS: 4960 # GETS misses
   mGETXIM: 239508 # GETX I->M misses
   mGETXSM: 0 # GETX S->M misses (upgrade misses)
   PUTS: 4852 # Clean evictions (from lower level)
   PUTX: 203504 # Dirty evictions (from lower level)
   INV: 0 # Invalidates (from upper level)
   INVX: 0 # Downgrades (from upper level)
   FWD: 0 # Forwards (from upper level)
   latGETnl: 32269776 # GET request latency on next level
   latGETnet: 0 # GET request latency on network to next level
  l3-0b20: # Cache stats
   hGETS: 694 # GETS hits
   hGETX: 15 # GETX hits
   mGETS: 4974 # GETS misses
   mGETXIM: 239509 # GETX I->M misses
   mGETXSM: 0 # GETX S->M misses (upgrade misses)
   PUTS: 4859 # Clean evictions (from lower level)
   PUTX: 203393 # Dirty evictions (from lower level)
   INV: 0 # Invalidates (from upper level)
   INVX: 0 # Downgrades (from upper level)
   FWD: 0 # Forwards (from upper level)
   latGETnl: 32271756 # GET request latency on next level
   latGETnet: 0 # GET request latency on network to next level
  l3-0b21: # Cache stats
   hGETS: 726 # GETS hits
   hGETX: 20 # GETX hits
   mGETS: 4918 # GETS misses
   mGETXIM: 239510 # GETX I->M misses
   mGETXSM: 0 # GETX S->M misses (upgrade misses)
   PUTS: 4836 # Clean evictions (from lower level)
   PUTX: 203459 # Dirty evictions (from lower level)
   INV: 0 # Invalidates (from upper level)
   INVX: 0 # Downgrades (from upper level)
   FWD: 0 # Forwards (from upper level)
   latGETnl: 32264496 # GET request latency on next level
   latGETnet: 0 # GET request latency on network to next level
  l3-0b22: # Cache stats
   hGETS: 698 # GETS hits
   hGETX: 46 # GETX hits
   mGETS: 4889 # GETS misses
   mGETXIM: 239509 # GETX I->M misses
   mGETXSM: 0 # GETX S->M misses (upgrade misses)
   PUTS: 4819 # Clean evictions (from lower level)
   PUTX: 203452 # Dirty evictions (from lower level)
   INV: 0 # Invalidates (from upper level)
   INVX: 0 # Downgrades (from upper level)
   FWD: 0 # Forwards (from upper level)
   latGETnl: 32260536 # GET request latency on next level
   latGETnet: 0 # GET request latency on network to next level
  l3-0b23: # Cache stats
   hGETS: 711 # GETS hits
   hGETX: 21 # GETX hits
   mGETS: 4981 # GETS misses
   mGETXIM: 239507 # GETX I->M misses
   mGETXSM: 0 # GETX S->M misses (upgrade misses)
   PUTS: 4896 # Clean evictions (from lower level)
   PUTX: 203378 # Dirty evictions (from lower level)
   INV: 0 # Invalidates (from upper level)
   INVX: 0 # Downgrades (from upper level)
   FWD: 0 # Forwards (from upper level)
   latGETnl: 32272416 # GET request latency on next level
   latGETnet: 0 # GET request latency on network to next level
 mem: # Memory controller stats
  mem-0: # Memory controller stats
   rd: 5868096 # Read requests
   wr: 5220017 # Write requests
   rdlat: 2008399973 # Total latency experienced by read requests
   wrlat: 1883041505 # Total latency experienced by write requests
 sched: # Scheduler stats
  thCr: 25 # Threads created
  thFn: 25 # Threads finished
  schedEvs: 28 # Schedule events
  waitEvs: 2 # Wait events
  handoffEvs: 1 # Handoff events
  sleepEvs: 1 # Sleep events
  idlePhases: 0 # Phases with no thread active
  idlePeriods: 0 # Periods with no thread active
  occHist: # Occupancy histogram
   0: 0
   1: 24
   2: 0
   3: 1
   4: 2
   5: 1
   6: 0
   7: 1
   8: 0
   9: 0
   10: 0
   11: 1
   12: 0
   13: 1
   14: 0
   15: 0
   16: 0
   17: 1
   18: 0
   19: 0
   20: 0
   21: 1
   22: 0
   23: 15740
   24: 0
  rqSzHist: # Run queue size histogram
   0: 15750
   1: 23
   2: 0
   3: 0
   4: 0
   5: 0
   6: 0
   7: 0
   8: 0
   9: 0
   10: 0
   11: 0
   12: 0
   13: 0
   14: 0
   15: 0
   16: 0
   17: 0
   18: 0
   19: 0
   20: 0
   21: 0
   22: 0
   23: 0
   24: 0
 procCycles: # Per-process unhalted core cycles
  0: 362139844
  1: 0
  2: 0
  3: 0
  4: 0
  5: 0
  6: 0
  7: 0
  8: 0
  9: 0
  10: 0
  11: 0
  12: 0
  13: 0
  14: 0
  15: 0
  16: 0
  17: 0
  18: 0
  19: 0
  20: 0
  21: 0
  22: 0
  23: 0
  24: 0
  25: 0
  26: 0
  27: 0
  28: 0
  29: 0
  30: 0
  31: 0
  32: 0
  33: 0
  34: 0
  35: 0
  36: 0
  37: 0
  38: 0
  39: 0
  40: 0
  41: 0
  42: 0
  43: 0
  44: 0
  45: 0
  46: 0
  47: 0
  48: 0
  49: 0
  50: 0
  51: 0
  52: 0
  53: 0
  54: 0
  55: 0
  56: 0
  57: 0
  58: 0
  59: 0
  60: 0
  61: 0
  62: 0
  63: 0
 procInstrs: # Per-process instructions
  0: 251502791
  1: 0
  2: 0
  3: 0
  4: 0
  5: 0
  6: 0
  7: 0
  8: 0
  9: 0
  10: 0
  11: 0
  12: 0
  13: 0
  14: 0
  15: 0
  16: 0
  17: 0
  18: 0
  19: 0
  20: 0
  21: 0
  22: 0
  23: 0
  24: 0
  25: 0
  26: 0
  27: 0
  28: 0
  29: 0
  30: 0
  31: 0
  32: 0
  33: 0
  34: 0
  35: 0
  36: 0
  37: 0
  38: 0
  39: 0
  40: 0
  41: 0
  42: 0
  43: 0
  44: 0
  45: 0
  46: 0
  47: 0
  48: 0
  49: 0
  50: 0
  51: 0
  52: 0
  53: 0
  54: 0
  55: 0
  56: 0
  57: 0
  58: 0
  59: 0
  60: 0
  61: 0
  62: 0
  63: 0
 heartbeats: # Per-process heartbeats
  0: 0
  1: 0
  2: 0
  3: 0
  4: 0
  5: 0
  6: 0
  7: 0
  8: 0
  9: 0
  10: 0
  11: 0
  12: 0
  13: 0
  14: 0
  15: 0
  16: 0
  17: 0
  18: 0
  19: 0
  20: 0
  21: 0
  22: 0
  23: 0
  24: 0
  25: 0
  26: 0
  27: 0
  28: 0
  29: 0
  30: 0
  31: 0
  32: 0
  33: 0
  34: 0
  35: 0
  36: 0
  37: 0
  38: 0
  39: 0
  40: 0
  41: 0
  42: 0
  43: 0
  44: 0
  45: 0
  46: 0
  47: 0
  48: 0
  49: 0
  50: 0
  51: 0
  52: 0
  53: 0
  54: 0
  55: 0
  56: 0
  57: 0
  58: 0
  59: 0
  60: 0
  61: 0
  62: 0
  63: 0
===
