# zsim stats
===
root: # Stats
 contention: # Contention simulation stats
  domain-0: # Domain stats
   time: 11960918457 # Weave simulation time
 time: # Simulator time breakdown
  init: 3187822851
  bound: 87875715049
  weave: 15379312016
  ff: 476965
 trigger: 20000 # Reason for this stats dump
 phase: 64635 # Simulated phases
 reqCycles: 0 # Requeue Cycles
 skylake: # Core stats
  skylake-0: # Core stats
   cycles: 64635090 # Simulated unhalted cycles
   cCycles: 5084704 # Cycles due to contention stalls
   instrs: 87719708 # Simulated instructions
   uops: 60393399 # issued micro-ops
   bbls: 28729140 # Basic blocks
   approxInstrs: 886405 # Instrs with approx uop decoding
   mispredBranches: 128950 # Mispredicted branches
   IdqNotDelivered: 59550386 # Stalls no uop delivered when no Bkend Stall
   IntMiscRecoveryCycles: 1045854 # Stalls waiting machine clears
   uops executed: 61150654 # Executed microoperations
  skylake-1: # Core stats
   cycles: 64599089 # Simulated unhalted cycles
   cCycles: 5084733 # Cycles due to contention stalls
   instrs: 87717833 # Simulated instructions
   uops: 60391605 # issued micro-ops
   bbls: 28728687 # Basic blocks
   approxInstrs: 886398 # Instrs with approx uop decoding
   mispredBranches: 128913 # Mispredicted branches
   IdqNotDelivered: 59514356 # Stalls no uop delivered when no Bkend Stall
   IntMiscRecoveryCycles: 1036155 # Stalls waiting machine clears
   uops executed: 61148893 # Executed microoperations
  skylake-2: # Core stats
   cycles: 64597513 # Simulated unhalted cycles
   cCycles: 5084659 # Cycles due to contention stalls
   instrs: 87715206 # Simulated instructions
   uops: 60389558 # issued micro-ops
   bbls: 28727896 # Basic blocks
   approxInstrs: 886374 # Instrs with approx uop decoding
   mispredBranches: 128916 # Mispredicted branches
   IdqNotDelivered: 59512854 # Stalls no uop delivered when no Bkend Stall
   IntMiscRecoveryCycles: 1038844 # Stalls waiting machine clears
   uops executed: 61146815 # Executed microoperations
  skylake-3: # Core stats
   cycles: 64597094 # Simulated unhalted cycles
   cCycles: 5084686 # Cycles due to contention stalls
   instrs: 87718376 # Simulated instructions
   uops: 60391880 # issued micro-ops
   bbls: 28728893 # Basic blocks
   approxInstrs: 886403 # Instrs with approx uop decoding
   mispredBranches: 128917 # Mispredicted branches
   IdqNotDelivered: 59512408 # Stalls no uop delivered when no Bkend Stall
   IntMiscRecoveryCycles: 1038131 # Stalls waiting machine clears
   uops executed: 61149160 # Executed microoperations
  skylake-4: # Core stats
   cycles: 64595089 # Simulated unhalted cycles
   cCycles: 5084718 # Cycles due to contention stalls
   instrs: 87718072 # Simulated instructions
   uops: 60391670 # issued micro-ops
   bbls: 28728793 # Basic blocks
   approxInstrs: 886402 # Instrs with approx uop decoding
   mispredBranches: 128915 # Mispredicted branches
   IdqNotDelivered: 59510371 # Stalls no uop delivered when no Bkend Stall
   IntMiscRecoveryCycles: 1036894 # Stalls waiting machine clears
   uops executed: 61148942 # Executed microoperations
  skylake-5: # Core stats
   cycles: 64594089 # Simulated unhalted cycles
   cCycles: 5084689 # Cycles due to contention stalls
   instrs: 87718351 # Simulated instructions
   uops: 60391856 # issued micro-ops
   bbls: 28728886 # Basic blocks
   approxInstrs: 886402 # Instrs with approx uop decoding
   mispredBranches: 128915 # Mispredicted branches
   IdqNotDelivered: 59509400 # Stalls no uop delivered when no Bkend Stall
   IntMiscRecoveryCycles: 1036796 # Stalls waiting machine clears
   uops executed: 61149128 # Executed microoperations
  skylake-6: # Core stats
   cycles: 64593090 # Simulated unhalted cycles
   cCycles: 5084677 # Cycles due to contention stalls
   instrs: 87717654 # Simulated instructions
   uops: 60391057 # issued micro-ops
   bbls: 28728730 # Basic blocks
   approxInstrs: 886396 # Instrs with approx uop decoding
   mispredBranches: 128909 # Mispredicted branches
   IdqNotDelivered: 59508413 # Stalls no uop delivered when no Bkend Stall
   IntMiscRecoveryCycles: 1038855 # Stalls waiting machine clears
   uops executed: 61148333 # Executed microoperations
  skylake-7: # Core stats
   cycles: 64593090 # Simulated unhalted cycles
   cCycles: 5084698 # Cycles due to contention stalls
   instrs: 87716605 # Simulated instructions
   uops: 60390652 # issued micro-ops
   bbls: 28728313 # Basic blocks
   approxInstrs: 886389 # Instrs with approx uop decoding
   mispredBranches: 128914 # Mispredicted branches
   IdqNotDelivered: 59508392 # Stalls no uop delivered when no Bkend Stall
   IntMiscRecoveryCycles: 1036833 # Stalls waiting machine clears
   uops executed: 61147906 # Executed microoperations
  skylake-8: # Core stats
   cycles: 64592187 # Simulated unhalted cycles
   cCycles: 5084720 # Cycles due to contention stalls
   instrs: 87717745 # Simulated instructions
   uops: 60391130 # issued micro-ops
   bbls: 28728759 # Basic blocks
   approxInstrs: 886398 # Instrs with approx uop decoding
   mispredBranches: 128912 # Mispredicted branches
   IdqNotDelivered: 59507467 # Stalls no uop delivered when no Bkend Stall
   IntMiscRecoveryCycles: 1038527 # Stalls waiting machine clears
   uops executed: 61148392 # Executed microoperations
  skylake-9: # Core stats
   cycles: 64592090 # Simulated unhalted cycles
   cCycles: 5084706 # Cycles due to contention stalls
   instrs: 87717390 # Simulated instructions
   uops: 60390881 # issued micro-ops
   bbls: 28728642 # Basic blocks
   approxInstrs: 886396 # Instrs with approx uop decoding
   mispredBranches: 128909 # Mispredicted branches
   IdqNotDelivered: 59507384 # Stalls no uop delivered when no Bkend Stall
   IntMiscRecoveryCycles: 1038057 # Stalls waiting machine clears
   uops executed: 61148157 # Executed microoperations
  skylake-10: # Core stats
   cycles: 64591890 # Simulated unhalted cycles
   cCycles: 5084695 # Cycles due to contention stalls
   instrs: 87716771 # Simulated instructions
   uops: 60390454 # issued micro-ops
   bbls: 28728439 # Basic blocks
   approxInstrs: 886391 # Instrs with approx uop decoding
   mispredBranches: 128908 # Mispredicted branches
   IdqNotDelivered: 59507195 # Stalls no uop delivered when no Bkend Stall
   IntMiscRecoveryCycles: 1037533 # Stalls waiting machine clears
   uops executed: 61147724 # Executed microoperations
  skylake-11: # Core stats
   cycles: 64591875 # Simulated unhalted cycles
   cCycles: 5084719 # Cycles due to contention stalls
   instrs: 87717298 # Simulated instructions
   uops: 60391114 # issued micro-ops
   bbls: 28728457 # Basic blocks
   approxInstrs: 886394 # Instrs with approx uop decoding
   mispredBranches: 128915 # Mispredicted branches
   IdqNotDelivered: 59507156 # Stalls no uop delivered when no Bkend Stall
   IntMiscRecoveryCycles: 1037711 # Stalls waiting machine clears
   uops executed: 61148419 # Executed microoperations
  skylake-12: # Core stats
   cycles: 64591349 # Simulated unhalted cycles
   cCycles: 5084741 # Cycles due to contention stalls
   instrs: 87717745 # Simulated instructions
   uops: 60391130 # issued micro-ops
   bbls: 28728759 # Basic blocks
   approxInstrs: 886398 # Instrs with approx uop decoding
   mispredBranches: 128912 # Mispredicted branches
   IdqNotDelivered: 59506608 # Stalls no uop delivered when no Bkend Stall
   IntMiscRecoveryCycles: 1037584 # Stalls waiting machine clears
   uops executed: 61148392 # Executed microoperations
  skylake-13: # Core stats
   cycles: 64590875 # Simulated unhalted cycles
   cCycles: 5084675 # Cycles due to contention stalls
   instrs: 87717014 # Simulated instructions
   uops: 60390616 # issued micro-ops
   bbls: 28728520 # Basic blocks
   approxInstrs: 886391 # Instrs with approx uop decoding
   mispredBranches: 128908 # Mispredicted branches
   IdqNotDelivered: 59506200 # Stalls no uop delivered when no Bkend Stall
   IntMiscRecoveryCycles: 1037278 # Stalls waiting machine clears
   uops executed: 61147886 # Executed microoperations
  skylake-14: # Core stats
   cycles: 64589880 # Simulated unhalted cycles
   cCycles: 5084679 # Cycles due to contention stalls
   instrs: 87717459 # Simulated instructions
   uops: 60390927 # issued micro-ops
   bbls: 28728665 # Basic blocks
   approxInstrs: 886396 # Instrs with approx uop decoding
   mispredBranches: 128909 # Mispredicted branches
   IdqNotDelivered: 59505201 # Stalls no uop delivered when no Bkend Stall
   IntMiscRecoveryCycles: 1037245 # Stalls waiting machine clears
   uops executed: 61148203 # Executed microoperations
  skylake-15: # Core stats
   cycles: 64590154 # Simulated unhalted cycles
   cCycles: 5084705 # Cycles due to contention stalls
   instrs: 87717745 # Simulated instructions
   uops: 60391130 # issued micro-ops
   bbls: 28728759 # Basic blocks
   approxInstrs: 886398 # Instrs with approx uop decoding
   mispredBranches: 128912 # Mispredicted branches
   IdqNotDelivered: 59505449 # Stalls no uop delivered when no Bkend Stall
   IntMiscRecoveryCycles: 1037261 # Stalls waiting machine clears
   uops executed: 61148392 # Executed microoperations
  skylake-16: # Core stats
   cycles: 64590089 # Simulated unhalted cycles
   cCycles: 5084664 # Cycles due to contention stalls
   instrs: 87717745 # Simulated instructions
   uops: 60391130 # issued micro-ops
   bbls: 28728759 # Basic blocks
   approxInstrs: 886398 # Instrs with approx uop decoding
   mispredBranches: 128912 # Mispredicted branches
   IdqNotDelivered: 59505425 # Stalls no uop delivered when no Bkend Stall
   IntMiscRecoveryCycles: 1037036 # Stalls waiting machine clears
   uops executed: 61148392 # Executed microoperations
  skylake-17: # Core stats
   cycles: 64589830 # Simulated unhalted cycles
   cCycles: 5084675 # Cycles due to contention stalls
   instrs: 87689556 # Simulated instructions
   uops: 60373683 # issued micro-ops
   bbls: 28718809 # Basic blocks
   approxInstrs: 886056 # Instrs with approx uop decoding
   mispredBranches: 128965 # Mispredicted branches
   IdqNotDelivered: 59505155 # Stalls no uop delivered when no Bkend Stall
   IntMiscRecoveryCycles: 1040806 # Stalls waiting machine clears
   uops executed: 61130828 # Executed microoperations
  skylake-18: # Core stats
   cycles: 64588877 # Simulated unhalted cycles
   cCycles: 5084661 # Cycles due to contention stalls
   instrs: 87717234 # Simulated instructions
   uops: 60390782 # issued micro-ops
   bbls: 28728590 # Basic blocks
   approxInstrs: 886397 # Instrs with approx uop decoding
   mispredBranches: 128907 # Mispredicted branches
   IdqNotDelivered: 59504216 # Stalls no uop delivered when no Bkend Stall
   IntMiscRecoveryCycles: 1037039 # Stalls waiting machine clears
   uops executed: 61148075 # Executed microoperations
  skylake-19: # Core stats
   cycles: 64589117 # Simulated unhalted cycles
   cCycles: 5084743 # Cycles due to contention stalls
   instrs: 87717724 # Simulated instructions
   uops: 60391102 # issued micro-ops
   bbls: 28728753 # Basic blocks
   approxInstrs: 886397 # Instrs with approx uop decoding
   mispredBranches: 128906 # Mispredicted branches
   IdqNotDelivered: 59504374 # Stalls no uop delivered when no Bkend Stall
   IntMiscRecoveryCycles: 1037053 # Stalls waiting machine clears
   uops executed: 61148399 # Executed microoperations
  skylake-20: # Core stats
   cycles: 64588875 # Simulated unhalted cycles
   cCycles: 5084724 # Cycles due to contention stalls
   instrs: 87716945 # Simulated instructions
   uops: 60390570 # issued micro-ops
   bbls: 28728497 # Basic blocks
   approxInstrs: 886391 # Instrs with approx uop decoding
   mispredBranches: 128908 # Mispredicted branches
   IdqNotDelivered: 59504151 # Stalls no uop delivered when no Bkend Stall
   IntMiscRecoveryCycles: 1037294 # Stalls waiting machine clears
   uops executed: 61147840 # Executed microoperations
  skylake-21: # Core stats
   cycles: 64587874 # Simulated unhalted cycles
   cCycles: 5084725 # Cycles due to contention stalls
   instrs: 87715886 # Simulated instructions
   uops: 60389847 # issued micro-ops
   bbls: 28728148 # Basic blocks
   approxInstrs: 886384 # Instrs with approx uop decoding
   mispredBranches: 128905 # Mispredicted branches
   IdqNotDelivered: 59503149 # Stalls no uop delivered when no Bkend Stall
   IntMiscRecoveryCycles: 1036761 # Stalls waiting machine clears
   uops executed: 61147116 # Executed microoperations
  skylake-22: # Core stats
   cycles: 64587878 # Simulated unhalted cycles
   cCycles: 5084693 # Cycles due to contention stalls
   instrs: 87714566 # Simulated instructions
   uops: 60388938 # issued micro-ops
   bbls: 28727716 # Basic blocks
   approxInstrs: 886371 # Instrs with approx uop decoding
   mispredBranches: 128903 # Mispredicted branches
   IdqNotDelivered: 59503185 # Stalls no uop delivered when no Bkend Stall
   IntMiscRecoveryCycles: 1037258 # Stalls waiting machine clears
   uops executed: 61146201 # Executed microoperations
  skylake-23: # Core stats
   cycles: 0 # Simulated unhalted cycles
   cCycles: 0 # Cycles due to contention stalls
   instrs: 0 # Simulated instructions
   uops: 0 # issued micro-ops
   bbls: 0 # Basic blocks
   approxInstrs: 0 # Instrs with approx uop decoding
   mispredBranches: 0 # Mispredicted branches
   IdqNotDelivered: 0 # Stalls no uop delivered when no Bkend Stall
   IntMiscRecoveryCycles: 0 # Stalls waiting machine clears
   uops executed: 0 # Executed microoperations
 l1d: # Cache stats
  l1d-0: # Filter cache stats
   fhGETS: 769260 # Filtered GETS hits
   fhGETX: 627704 # Filtered GETX hits
   hGETS: 133524 # GETS hits
   hGETX: 138077 # GETX hits
   mGETS: 129037 # GETS misses
   mGETXIM: 250112 # GETX I->M misses
   mGETXSM: 7 # GETX S->M misses (upgrade misses)
   PUTS: 0 # Clean evictions (from lower level)
   PUTX: 0 # Dirty evictions (from lower level)
   INV: 107 # Invalidates (from upper level)
   INVX: 81 # Downgrades (from upper level)
   FWD: 0 # Forwards (from upper level)
   latGETnl: 103090423 # GET request latency on next level
   latGETnet: 0 # GET request latency on network to next level
  l1d-1: # Filter cache stats
   fhGETS: 768986 # Filtered GETS hits
   fhGETX: 627525 # Filtered GETX hits
   hGETS: 133450 # GETS hits
   hGETX: 138052 # GETX hits
   mGETS: 128994 # GETS misses
   mGETXIM: 250072 # GETX I->M misses
   mGETXSM: 10 # GETX S->M misses (upgrade misses)
   PUTS: 0 # Clean evictions (from lower level)
   PUTX: 0 # Dirty evictions (from lower level)
   INV: 91 # Invalidates (from upper level)
   INVX: 24 # Downgrades (from upper level)
   FWD: 0 # Forwards (from upper level)
   latGETnl: 103061828 # GET request latency on next level
   latGETnet: 0 # GET request latency on network to next level
  l1d-2: # Filter cache stats
   fhGETS: 768851 # Filtered GETS hits
   fhGETX: 627441 # Filtered GETX hits
   hGETS: 133419 # GETS hits
   hGETX: 138031 # GETX hits
   mGETS: 128989 # GETS misses
   mGETXIM: 250057 # GETX I->M misses
   mGETXSM: 6 # GETX S->M misses (upgrade misses)
   PUTS: 0 # Clean evictions (from lower level)
   PUTX: 0 # Dirty evictions (from lower level)
   INV: 72 # Invalidates (from upper level)
   INVX: 5 # Downgrades (from upper level)
   FWD: 0 # Forwards (from upper level)
   latGETnl: 103057832 # GET request latency on next level
   latGETnet: 0 # GET request latency on network to next level
  l1d-3: # Filter cache stats
   fhGETS: 768929 # Filtered GETS hits
   fhGETX: 627492 # Filtered GETX hits
   hGETS: 133457 # GETS hits
   hGETX: 138056 # GETX hits
   mGETS: 128993 # GETS misses
   mGETXIM: 250073 # GETX I->M misses
   mGETXSM: 8 # GETX S->M misses (upgrade misses)
   PUTS: 0 # Clean evictions (from lower level)
   PUTX: 0 # Dirty evictions (from lower level)
   INV: 87 # Invalidates (from upper level)
   INVX: 30 # Downgrades (from upper level)
   FWD: 0 # Forwards (from upper level)
   latGETnl: 103063674 # GET request latency on next level
   latGETnet: 0 # GET request latency on network to next level
  l1d-4: # Filter cache stats
   fhGETS: 768917 # Filtered GETS hits
   fhGETX: 627481 # Filtered GETX hits
   hGETS: 133460 # GETS hits
   hGETX: 138067 # GETX hits
   mGETS: 128993 # GETS misses
   mGETXIM: 250072 # GETX I->M misses
   mGETXSM: 9 # GETX S->M misses (upgrade misses)
   PUTS: 0 # Clean evictions (from lower level)
   PUTX: 0 # Dirty evictions (from lower level)
   INV: 87 # Invalidates (from upper level)
   INVX: 18 # Downgrades (from upper level)
   FWD: 0 # Forwards (from upper level)
   latGETnl: 103061087 # GET request latency on next level
   latGETnet: 0 # GET request latency on network to next level
  l1d-5: # Filter cache stats
   fhGETS: 768934 # Filtered GETS hits
   fhGETX: 627504 # Filtered GETX hits
   hGETS: 133443 # GETS hits
   hGETX: 138045 # GETX hits
   mGETS: 128993 # GETS misses
   mGETXIM: 250071 # GETX I->M misses
   mGETXSM: 9 # GETX S->M misses (upgrade misses)
   PUTS: 0 # Clean evictions (from lower level)
   PUTX: 0 # Dirty evictions (from lower level)
   INV: 88 # Invalidates (from upper level)
   INVX: 19 # Downgrades (from upper level)
   FWD: 0 # Forwards (from upper level)
   latGETnl: 103060506 # GET request latency on next level
   latGETnet: 0 # GET request latency on network to next level
  l1d-6: # Filter cache stats
   fhGETS: 768764 # Filtered GETS hits
   fhGETX: 627407 # Filtered GETX hits
   hGETS: 133441 # GETS hits
   hGETX: 138030 # GETX hits
   mGETS: 128972 # GETS misses
   mGETXIM: 250070 # GETX I->M misses
   mGETXSM: 6 # GETX S->M misses (upgrade misses)
   PUTS: 0 # Clean evictions (from lower level)
   PUTX: 0 # Dirty evictions (from lower level)
   INV: 76 # Invalidates (from upper level)
   INVX: 15 # Downgrades (from upper level)
   FWD: 0 # Forwards (from upper level)
   latGETnl: 103058318 # GET request latency on next level
   latGETnet: 0 # GET request latency on network to next level
  l1d-7: # Filter cache stats
   fhGETS: 768912 # Filtered GETS hits
   fhGETX: 627484 # Filtered GETX hits
   hGETS: 133455 # GETS hits
   hGETX: 138043 # GETX hits
   mGETS: 128987 # GETS misses
   mGETXIM: 250074 # GETX I->M misses
   mGETXSM: 6 # GETX S->M misses (upgrade misses)
   PUTS: 0 # Clean evictions (from lower level)
   PUTX: 0 # Dirty evictions (from lower level)
   INV: 90 # Invalidates (from upper level)
   INVX: 18 # Downgrades (from upper level)
   FWD: 0 # Forwards (from upper level)
   latGETnl: 103058326 # GET request latency on next level
   latGETnet: 0 # GET request latency on network to next level
  l1d-8: # Filter cache stats
   fhGETS: 768781 # Filtered GETS hits
   fhGETX: 627410 # Filtered GETX hits
   hGETS: 133435 # GETS hits
   hGETX: 138028 # GETX hits
   mGETS: 128971 # GETS misses
   mGETXIM: 250071 # GETX I->M misses
   mGETXSM: 5 # GETX S->M misses (upgrade misses)
   PUTS: 0 # Clean evictions (from lower level)
   PUTX: 0 # Dirty evictions (from lower level)
   INV: 75 # Invalidates (from upper level)
   INVX: 18 # Downgrades (from upper level)
   FWD: 0 # Forwards (from upper level)
   latGETnl: 103058497 # GET request latency on next level
   latGETnet: 0 # GET request latency on network to next level
  l1d-9: # Filter cache stats
   fhGETS: 768769 # Filtered GETS hits
   fhGETX: 627418 # Filtered GETX hits
   hGETS: 133440 # GETS hits
   hGETX: 138018 # GETX hits
   mGETS: 128968 # GETS misses
   mGETXIM: 250072 # GETX I->M misses
   mGETXSM: 5 # GETX S->M misses (upgrade misses)
   PUTS: 0 # Clean evictions (from lower level)
   PUTX: 0 # Dirty evictions (from lower level)
   INV: 74 # Invalidates (from upper level)
   INVX: 16 # Downgrades (from upper level)
   FWD: 0 # Forwards (from upper level)
   latGETnl: 103057896 # GET request latency on next level
   latGETnet: 0 # GET request latency on network to next level
  l1d-10: # Filter cache stats
   fhGETS: 768760 # Filtered GETS hits
   fhGETX: 627393 # Filtered GETX hits
   hGETS: 133439 # GETS hits
   hGETX: 138041 # GETX hits
   mGETS: 128972 # GETS misses
   mGETXIM: 250066 # GETX I->M misses
   mGETXSM: 5 # GETX S->M misses (upgrade misses)
   PUTS: 0 # Clean evictions (from lower level)
   PUTX: 0 # Dirty evictions (from lower level)
   INV: 75 # Invalidates (from upper level)
   INVX: 17 # Downgrades (from upper level)
   FWD: 0 # Forwards (from upper level)
   latGETnl: 103058800 # GET request latency on next level
   latGETnet: 0 # GET request latency on network to next level
  l1d-11: # Filter cache stats
   fhGETS: 768950 # Filtered GETS hits
   fhGETX: 627524 # Filtered GETX hits
   hGETS: 133468 # GETS hits
   hGETX: 138027 # GETX hits
   mGETS: 128986 # GETS misses
   mGETXIM: 250089 # GETX I->M misses
   mGETXSM: 8 # GETX S->M misses (upgrade misses)
   PUTS: 0 # Clean evictions (from lower level)
   PUTX: 0 # Dirty evictions (from lower level)
   INV: 87 # Invalidates (from upper level)
   INVX: 17 # Downgrades (from upper level)
   FWD: 0 # Forwards (from upper level)
   latGETnl: 103064562 # GET request latency on next level
   latGETnet: 0 # GET request latency on network to next level
  l1d-12: # Filter cache stats
   fhGETS: 768791 # Filtered GETS hits
   fhGETX: 627418 # Filtered GETX hits
   hGETS: 133425 # GETS hits
   hGETX: 138019 # GETX hits
   mGETS: 128971 # GETS misses
   mGETXIM: 250072 # GETX I->M misses
   mGETXSM: 5 # GETX S->M misses (upgrade misses)
   PUTS: 0 # Clean evictions (from lower level)
   PUTX: 0 # Dirty evictions (from lower level)
   INV: 75 # Invalidates (from upper level)
   INVX: 15 # Downgrades (from upper level)
   FWD: 0 # Forwards (from upper level)
   latGETnl: 103057981 # GET request latency on next level
   latGETnet: 0 # GET request latency on network to next level
  l1d-13: # Filter cache stats
   fhGETS: 768772 # Filtered GETS hits
   fhGETX: 627411 # Filtered GETX hits
   hGETS: 133429 # GETS hits
   hGETX: 138024 # GETX hits
   mGETS: 128970 # GETS misses
   mGETXIM: 250065 # GETX I->M misses
   mGETXSM: 5 # GETX S->M misses (upgrade misses)
   PUTS: 0 # Clean evictions (from lower level)
   PUTX: 0 # Dirty evictions (from lower level)
   INV: 72 # Invalidates (from upper level)
   INVX: 11 # Downgrades (from upper level)
   FWD: 0 # Forwards (from upper level)
   latGETnl: 103056944 # GET request latency on next level
   latGETnet: 0 # GET request latency on network to next level
  l1d-14: # Filter cache stats
   fhGETS: 768782 # Filtered GETS hits
   fhGETX: 627408 # Filtered GETX hits
   hGETS: 133425 # GETS hits
   hGETX: 138032 # GETX hits
   mGETS: 128970 # GETS misses
   mGETXIM: 250068 # GETX I->M misses
   mGETXSM: 5 # GETX S->M misses (upgrade misses)
   PUTS: 0 # Clean evictions (from lower level)
   PUTX: 0 # Dirty evictions (from lower level)
   INV: 73 # Invalidates (from upper level)
   INVX: 2 # Downgrades (from upper level)
   FWD: 0 # Forwards (from upper level)
   latGETnl: 103055342 # GET request latency on next level
   latGETnet: 0 # GET request latency on network to next level
  l1d-15: # Filter cache stats
   fhGETS: 768792 # Filtered GETS hits
   fhGETX: 627409 # Filtered GETX hits
   hGETS: 133422 # GETS hits
   hGETX: 138034 # GETX hits
   mGETS: 128973 # GETS misses
   mGETXIM: 250066 # GETX I->M misses
   mGETXSM: 5 # GETX S->M misses (upgrade misses)
   PUTS: 0 # Clean evictions (from lower level)
   PUTX: 0 # Dirty evictions (from lower level)
   INV: 72 # Invalidates (from upper level)
   INVX: 2 # Downgrades (from upper level)
   FWD: 0 # Forwards (from upper level)
   latGETnl: 103055501 # GET request latency on next level
   latGETnet: 0 # GET request latency on network to next level
  l1d-16: # Filter cache stats
   fhGETS: 768776 # Filtered GETS hits
   fhGETX: 627402 # Filtered GETX hits
   hGETS: 133439 # GETS hits
   hGETX: 138040 # GETX hits
   mGETS: 128972 # GETS misses
   mGETXIM: 250067 # GETX I->M misses
   mGETXSM: 5 # GETX S->M misses (upgrade misses)
   PUTS: 0 # Clean evictions (from lower level)
   PUTX: 0 # Dirty evictions (from lower level)
   INV: 73 # Invalidates (from upper level)
   INVX: 4 # Downgrades (from upper level)
   FWD: 0 # Forwards (from upper level)
   latGETnl: 103055375 # GET request latency on next level
   latGETnet: 0 # GET request latency on network to next level
  l1d-17: # Filter cache stats
   fhGETS: 769973 # Filtered GETS hits
   fhGETX: 627753 # Filtered GETX hits
   hGETS: 133727 # GETS hits
   hGETX: 138050 # GETX hits
   mGETS: 128998 # GETS misses
   mGETXIM: 249980 # GETX I->M misses
   mGETXSM: 15 # GETX S->M misses (upgrade misses)
   PUTS: 0 # Clean evictions (from lower level)
   PUTX: 0 # Dirty evictions (from lower level)
   INV: 72 # Invalidates (from upper level)
   INVX: 1 # Downgrades (from upper level)
   FWD: 0 # Forwards (from upper level)
   latGETnl: 103031958 # GET request latency on next level
   latGETnet: 0 # GET request latency on network to next level
  l1d-18: # Filter cache stats
   fhGETS: 768789 # Filtered GETS hits
   fhGETX: 627419 # Filtered GETX hits
   hGETS: 133419 # GETS hits
   hGETX: 138021 # GETX hits
   mGETS: 128970 # GETS misses
   mGETXIM: 250068 # GETX I->M misses
   mGETXSM: 6 # GETX S->M misses (upgrade misses)
   PUTS: 0 # Clean evictions (from lower level)
   PUTX: 0 # Dirty evictions (from lower level)
   INV: 73 # Invalidates (from upper level)
   INVX: 2 # Downgrades (from upper level)
   FWD: 0 # Forwards (from upper level)
   latGETnl: 103054953 # GET request latency on next level
   latGETnet: 0 # GET request latency on network to next level
  l1d-19: # Filter cache stats
   fhGETS: 768794 # Filtered GETS hits
   fhGETX: 627412 # Filtered GETX hits
   hGETS: 133421 # GETS hits
   hGETX: 138021 # GETX hits
   mGETS: 128967 # GETS misses
   mGETXIM: 250073 # GETX I->M misses
   mGETXSM: 4 # GETX S->M misses (upgrade misses)
   PUTS: 0 # Clean evictions (from lower level)
   PUTX: 0 # Dirty evictions (from lower level)
   INV: 72 # Invalidates (from upper level)
   INVX: 1 # Downgrades (from upper level)
   FWD: 0 # Forwards (from upper level)
   latGETnl: 103054897 # GET request latency on next level
   latGETnet: 0 # GET request latency on network to next level
  l1d-20: # Filter cache stats
   fhGETS: 768754 # Filtered GETS hits
   fhGETX: 627393 # Filtered GETX hits
   hGETS: 133444 # GETS hits
   hGETX: 138044 # GETX hits
   mGETS: 128973 # GETS misses
   mGETXIM: 250063 # GETX I->M misses
   mGETXSM: 5 # GETX S->M misses (upgrade misses)
   PUTS: 0 # Clean evictions (from lower level)
   PUTX: 0 # Dirty evictions (from lower level)
   INV: 73 # Invalidates (from upper level)
   INVX: 2 # Downgrades (from upper level)
   FWD: 0 # Forwards (from upper level)
   latGETnl: 103055009 # GET request latency on next level
   latGETnet: 0 # GET request latency on network to next level
  l1d-21: # Filter cache stats
   fhGETS: 768775 # Filtered GETS hits
   fhGETX: 627400 # Filtered GETX hits
   hGETS: 133422 # GETS hits
   hGETX: 138026 # GETX hits
   mGETS: 128968 # GETS misses
   mGETXIM: 250064 # GETX I->M misses
   mGETXSM: 5 # GETX S->M misses (upgrade misses)
   PUTS: 0 # Clean evictions (from lower level)
   PUTX: 0 # Dirty evictions (from lower level)
   INV: 72 # Invalidates (from upper level)
   INVX: 2 # Downgrades (from upper level)
   FWD: 0 # Forwards (from upper level)
   latGETnl: 103053696 # GET request latency on next level
   latGETnet: 0 # GET request latency on network to next level
  l1d-22: # Filter cache stats
   fhGETS: 768760 # Filtered GETS hits
   fhGETX: 627386 # Filtered GETX hits
   hGETS: 133421 # GETS hits
   hGETX: 138028 # GETX hits
   mGETS: 128973 # GETS misses
   mGETXIM: 250056 # GETX I->M misses
   mGETXSM: 6 # GETX S->M misses (upgrade misses)
   PUTS: 0 # Clean evictions (from lower level)
   PUTX: 0 # Dirty evictions (from lower level)
   INV: 74 # Invalidates (from upper level)
   INVX: 3 # Downgrades (from upper level)
   FWD: 0 # Forwards (from upper level)
   latGETnl: 103052505 # GET request latency on next level
   latGETnet: 0 # GET request latency on network to next level
  l1d-23: # Filter cache stats
   fhGETS: 0 # Filtered GETS hits
   fhGETX: 0 # Filtered GETX hits
   hGETS: 0 # GETS hits
   hGETX: 0 # GETX hits
   mGETS: 0 # GETS misses
   mGETXIM: 0 # GETX I->M misses
   mGETXSM: 0 # GETX S->M misses (upgrade misses)
   PUTS: 0 # Clean evictions (from lower level)
   PUTX: 0 # Dirty evictions (from lower level)
   INV: 0 # Invalidates (from upper level)
   INVX: 0 # Downgrades (from upper level)
   FWD: 0 # Forwards (from upper level)
   latGETnl: 0 # GET request latency on next level
   latGETnet: 0 # GET request latency on network to next level
 l1i: # Cache stats
  l1i-0: # Filter cache stats
   fhGETS: 29357661 # Filtered GETS hits
   fhGETX: 0 # Filtered GETX hits
   hGETS: 121114 # GETS hits
   hGETX: 0 # GETX hits
   mGETS: 823 # GETS misses
   mGETXIM: 0 # GETX I->M misses
   mGETXSM: 0 # GETX S->M misses (upgrade misses)
   PUTS: 0 # Clean evictions (from lower level)
   PUTX: 0 # Dirty evictions (from lower level)
   INV: 800 # Invalidates (from upper level)
   INVX: 0 # Downgrades (from upper level)
   FWD: 0 # Forwards (from upper level)
   latGETnl: 78506 # GET request latency on next level
   latGETnet: 0 # GET request latency on network to next level
  l1i-1: # Filter cache stats
   fhGETS: 29357250 # Filtered GETS hits
   fhGETX: 0 # Filtered GETX hits
   hGETS: 121104 # GETS hits
   hGETX: 0 # GETX hits
   mGETS: 726 # GETS misses
   mGETXIM: 0 # GETX I->M misses
   mGETXSM: 0 # GETX S->M misses (upgrade misses)
   PUTS: 0 # Clean evictions (from lower level)
   PUTX: 0 # Dirty evictions (from lower level)
   INV: 703 # Invalidates (from upper level)
   INVX: 0 # Downgrades (from upper level)
   FWD: 0 # Forwards (from upper level)
   latGETnl: 39522 # GET request latency on next level
   latGETnet: 0 # GET request latency on network to next level
  l1i-2: # Filter cache stats
   fhGETS: 29356435 # Filtered GETS hits
   fhGETX: 0 # Filtered GETX hits
   hGETS: 121087 # GETS hits
   hGETX: 0 # GETX hits
   mGETS: 763 # GETS misses
   mGETXIM: 0 # GETX I->M misses
   mGETXSM: 0 # GETX S->M misses (upgrade misses)
   PUTS: 0 # Clean evictions (from lower level)
   PUTX: 0 # Dirty evictions (from lower level)
   INV: 740 # Invalidates (from upper level)
   INVX: 0 # Downgrades (from upper level)
   FWD: 0 # Forwards (from upper level)
   latGETnl: 45086 # GET request latency on next level
   latGETnet: 0 # GET request latency on network to next level
  l1i-3: # Filter cache stats
   fhGETS: 29357413 # Filtered GETS hits
   fhGETX: 0 # Filtered GETX hits
   hGETS: 121102 # GETS hits
   hGETX: 0 # GETX hits
   mGETS: 737 # GETS misses
   mGETXIM: 0 # GETX I->M misses
   mGETXSM: 0 # GETX S->M misses (upgrade misses)
   PUTS: 0 # Clean evictions (from lower level)
   PUTX: 0 # Dirty evictions (from lower level)
   INV: 708 # Invalidates (from upper level)
   INVX: 0 # Downgrades (from upper level)
   FWD: 0 # Forwards (from upper level)
   latGETnl: 39364 # GET request latency on next level
   latGETnet: 0 # GET request latency on network to next level
  l1i-4: # Filter cache stats
   fhGETS: 29357376 # Filtered GETS hits
   fhGETX: 0 # Filtered GETX hits
   hGETS: 121091 # GETS hits
   hGETX: 0 # GETX hits
   mGETS: 738 # GETS misses
   mGETXIM: 0 # GETX I->M misses
   mGETXSM: 0 # GETX S->M misses (upgrade misses)
   PUTS: 0 # Clean evictions (from lower level)
   PUTX: 0 # Dirty evictions (from lower level)
   INV: 715 # Invalidates (from upper level)
   INVX: 0 # Downgrades (from upper level)
   FWD: 0 # Forwards (from upper level)
   latGETnl: 35586 # GET request latency on next level
   latGETnet: 0 # GET request latency on network to next level
  l1i-5: # Filter cache stats
   fhGETS: 29357464 # Filtered GETS hits
   fhGETX: 0 # Filtered GETX hits
   hGETS: 121097 # GETS hits
   hGETX: 0 # GETX hits
   mGETS: 732 # GETS misses
   mGETXIM: 0 # GETX I->M misses
   mGETXSM: 0 # GETX S->M misses (upgrade misses)
   PUTS: 0 # Clean evictions (from lower level)
   PUTX: 0 # Dirty evictions (from lower level)
   INV: 709 # Invalidates (from upper level)
   INVX: 0 # Downgrades (from upper level)
   FWD: 0 # Forwards (from upper level)
   latGETnl: 34854 # GET request latency on next level
   latGETnet: 0 # GET request latency on network to next level
  l1i-6: # Filter cache stats
   fhGETS: 29357260 # Filtered GETS hits
   fhGETX: 0 # Filtered GETX hits
   hGETS: 121105 # GETS hits
   hGETX: 0 # GETX hits
   mGETS: 713 # GETS misses
   mGETXIM: 0 # GETX I->M misses
   mGETXSM: 0 # GETX S->M misses (upgrade misses)
   PUTS: 0 # Clean evictions (from lower level)
   PUTX: 0 # Dirty evictions (from lower level)
   INV: 690 # Invalidates (from upper level)
   INVX: 0 # Downgrades (from upper level)
   FWD: 0 # Forwards (from upper level)
   latGETnl: 39361 # GET request latency on next level
   latGETnet: 0 # GET request latency on network to next level
  l1i-7: # Filter cache stats
   fhGETS: 29356884 # Filtered GETS hits
   fhGETX: 0 # Filtered GETX hits
   hGETS: 121088 # GETS hits
   hGETX: 0 # GETX hits
   mGETS: 743 # GETS misses
   mGETXIM: 0 # GETX I->M misses
   mGETXSM: 0 # GETX S->M misses (upgrade misses)
   PUTS: 0 # Clean evictions (from lower level)
   PUTX: 0 # Dirty evictions (from lower level)
   INV: 720 # Invalidates (from upper level)
   INVX: 0 # Downgrades (from upper level)
   FWD: 0 # Forwards (from upper level)
   latGETnl: 34921 # GET request latency on next level
   latGETnet: 0 # GET request latency on network to next level
  l1i-8: # Filter cache stats
   fhGETS: 29357339 # Filtered GETS hits
   fhGETX: 0 # Filtered GETX hits
   hGETS: 121090 # GETS hits
   hGETX: 0 # GETX hits
   mGETS: 726 # GETS misses
   mGETXIM: 0 # GETX I->M misses
   mGETXSM: 0 # GETX S->M misses (upgrade misses)
   PUTS: 0 # Clean evictions (from lower level)
   PUTX: 0 # Dirty evictions (from lower level)
   INV: 697 # Invalidates (from upper level)
   INVX: 0 # Downgrades (from upper level)
   FWD: 0 # Forwards (from upper level)
   latGETnl: 37497 # GET request latency on next level
   latGETnet: 0 # GET request latency on network to next level
  l1i-9: # Filter cache stats
   fhGETS: 29357189 # Filtered GETS hits
   fhGETX: 0 # Filtered GETX hits
   hGETS: 121098 # GETS hits
   hGETX: 0 # GETX hits
   mGETS: 722 # GETS misses
   mGETXIM: 0 # GETX I->M misses
   mGETXSM: 0 # GETX S->M misses (upgrade misses)
   PUTS: 0 # Clean evictions (from lower level)
   PUTX: 0 # Dirty evictions (from lower level)
   INV: 699 # Invalidates (from upper level)
   INVX: 0 # Downgrades (from upper level)
   FWD: 0 # Forwards (from upper level)
   latGETnl: 37534 # GET request latency on next level
   latGETnet: 0 # GET request latency on network to next level
  l1i-10: # Filter cache stats
   fhGETS: 29357024 # Filtered GETS hits
   fhGETX: 0 # Filtered GETX hits
   hGETS: 121068 # GETS hits
   hGETX: 0 # GETX hits
   mGETS: 721 # GETS misses
   mGETXIM: 0 # GETX I->M misses
   mGETXSM: 0 # GETX S->M misses (upgrade misses)
   PUTS: 0 # Clean evictions (from lower level)
   PUTX: 0 # Dirty evictions (from lower level)
   INV: 698 # Invalidates (from upper level)
   INVX: 0 # Downgrades (from upper level)
   FWD: 0 # Forwards (from upper level)
   latGETnl: 36137 # GET request latency on next level
   latGETnet: 0 # GET request latency on network to next level
  l1i-11: # Filter cache stats
   fhGETS: 29356921 # Filtered GETS hits
   fhGETX: 0 # Filtered GETX hits
   hGETS: 121201 # GETS hits
   hGETX: 0 # GETX hits
   mGETS: 723 # GETS misses
   mGETXIM: 0 # GETX I->M misses
   mGETXSM: 0 # GETX S->M misses (upgrade misses)
   PUTS: 0 # Clean evictions (from lower level)
   PUTX: 0 # Dirty evictions (from lower level)
   INV: 700 # Invalidates (from upper level)
   INVX: 0 # Downgrades (from upper level)
   FWD: 0 # Forwards (from upper level)
   latGETnl: 36006 # GET request latency on next level
   latGETnet: 0 # GET request latency on network to next level
  l1i-12: # Filter cache stats
   fhGETS: 29357327 # Filtered GETS hits
   fhGETX: 0 # Filtered GETX hits
   hGETS: 121108 # GETS hits
   hGETX: 0 # GETX hits
   mGETS: 722 # GETS misses
   mGETXIM: 0 # GETX I->M misses
   mGETXSM: 0 # GETX S->M misses (upgrade misses)
   PUTS: 0 # Clean evictions (from lower level)
   PUTX: 0 # Dirty evictions (from lower level)
   INV: 695 # Invalidates (from upper level)
   INVX: 0 # Downgrades (from upper level)
   FWD: 0 # Forwards (from upper level)
   latGETnl: 36184 # GET request latency on next level
   latGETnet: 0 # GET request latency on network to next level
  l1i-13: # Filter cache stats
   fhGETS: 29357086 # Filtered GETS hits
   fhGETX: 0 # Filtered GETX hits
   hGETS: 121085 # GETS hits
   hGETX: 0 # GETX hits
   mGETS: 717 # GETS misses
   mGETXIM: 0 # GETX I->M misses
   mGETXSM: 0 # GETX S->M misses (upgrade misses)
   PUTS: 0 # Clean evictions (from lower level)
   PUTX: 0 # Dirty evictions (from lower level)
   INV: 694 # Invalidates (from upper level)
   INVX: 0 # Downgrades (from upper level)
   FWD: 0 # Forwards (from upper level)
   latGETnl: 36399 # GET request latency on next level
   latGETnet: 0 # GET request latency on network to next level
  l1i-14: # Filter cache stats
   fhGETS: 29357236 # Filtered GETS hits
   fhGETX: 0 # Filtered GETX hits
   hGETS: 121095 # GETS hits
   hGETX: 0 # GETX hits
   mGETS: 719 # GETS misses
   mGETXIM: 0 # GETX I->M misses
   mGETXSM: 0 # GETX S->M misses (upgrade misses)
   PUTS: 0 # Clean evictions (from lower level)
   PUTX: 0 # Dirty evictions (from lower level)
   INV: 696 # Invalidates (from upper level)
   INVX: 0 # Downgrades (from upper level)
   FWD: 0 # Forwards (from upper level)
   latGETnl: 34468 # GET request latency on next level
   latGETnet: 0 # GET request latency on network to next level
  l1i-15: # Filter cache stats
   fhGETS: 29357328 # Filtered GETS hits
   fhGETX: 0 # Filtered GETX hits
   hGETS: 121107 # GETS hits
   hGETX: 0 # GETX hits
   mGETS: 720 # GETS misses
   mGETXIM: 0 # GETX I->M misses
   mGETXSM: 0 # GETX S->M misses (upgrade misses)
   PUTS: 0 # Clean evictions (from lower level)
   PUTX: 0 # Dirty evictions (from lower level)
   INV: 691 # Invalidates (from upper level)
   INVX: 0 # Downgrades (from upper level)
   FWD: 0 # Forwards (from upper level)
   latGETnl: 34965 # GET request latency on next level
   latGETnet: 0 # GET request latency on network to next level
  l1i-16: # Filter cache stats
   fhGETS: 29357348 # Filtered GETS hits
   fhGETX: 0 # Filtered GETX hits
   hGETS: 121087 # GETS hits
   hGETX: 0 # GETX hits
   mGETS: 720 # GETS misses
   mGETXIM: 0 # GETX I->M misses
   mGETXSM: 0 # GETX S->M misses (upgrade misses)
   PUTS: 0 # Clean evictions (from lower level)
   PUTX: 0 # Dirty evictions (from lower level)
   INV: 691 # Invalidates (from upper level)
   INVX: 0 # Downgrades (from upper level)
   FWD: 0 # Forwards (from upper level)
   latGETnl: 34740 # GET request latency on next level
   latGETnet: 0 # GET request latency on network to next level
  l1i-17: # Filter cache stats
   fhGETS: 29347370 # Filtered GETS hits
   fhGETX: 0 # Filtered GETX hits
   hGETS: 121223 # GETS hits
   hGETX: 0 # GETX hits
   mGETS: 792 # GETS misses
   mGETXIM: 0 # GETX I->M misses
   mGETXSM: 0 # GETX S->M misses (upgrade misses)
   PUTS: 0 # Clean evictions (from lower level)
   PUTX: 0 # Dirty evictions (from lower level)
   INV: 769 # Invalidates (from upper level)
   INVX: 0 # Downgrades (from upper level)
   FWD: 0 # Forwards (from upper level)
   latGETnl: 49599 # GET request latency on next level
   latGETnet: 0 # GET request latency on network to next level
  l1i-18: # Filter cache stats
   fhGETS: 29357150 # Filtered GETS hits
   fhGETX: 0 # Filtered GETX hits
   hGETS: 121082 # GETS hits
   hGETX: 0 # GETX hits
   mGETS: 726 # GETS misses
   mGETXIM: 0 # GETX I->M misses
   mGETXSM: 0 # GETX S->M misses (upgrade misses)
   PUTS: 0 # Clean evictions (from lower level)
   PUTX: 0 # Dirty evictions (from lower level)
   INV: 703 # Invalidates (from upper level)
   INVX: 0 # Downgrades (from upper level)
   FWD: 0 # Forwards (from upper level)
   latGETnl: 34572 # GET request latency on next level
   latGETnet: 0 # GET request latency on network to next level
  l1i-19: # Filter cache stats
   fhGETS: 29357309 # Filtered GETS hits
   fhGETX: 0 # Filtered GETX hits
   hGETS: 121103 # GETS hits
   hGETX: 0 # GETX hits
   mGETS: 718 # GETS misses
   mGETXIM: 0 # GETX I->M misses
   mGETXSM: 0 # GETX S->M misses (upgrade misses)
   PUTS: 0 # Clean evictions (from lower level)
   PUTX: 0 # Dirty evictions (from lower level)
   INV: 689 # Invalidates (from upper level)
   INVX: 0 # Downgrades (from upper level)
   FWD: 0 # Forwards (from upper level)
   latGETnl: 34646 # GET request latency on next level
   latGETnet: 0 # GET request latency on network to next level
  l1i-20: # Filter cache stats
   fhGETS: 29357062 # Filtered GETS hits
   fhGETX: 0 # Filtered GETX hits
   hGETS: 121091 # GETS hits
   hGETX: 0 # GETX hits
   mGETS: 724 # GETS misses
   mGETXIM: 0 # GETX I->M misses
   mGETXSM: 0 # GETX S->M misses (upgrade misses)
   PUTS: 0 # Clean evictions (from lower level)
   PUTX: 0 # Dirty evictions (from lower level)
   INV: 701 # Invalidates (from upper level)
   INVX: 0 # Downgrades (from upper level)
   FWD: 0 # Forwards (from upper level)
   latGETnl: 34253 # GET request latency on next level
   latGETnet: 0 # GET request latency on network to next level
  l1i-21: # Filter cache stats
   fhGETS: 29356697 # Filtered GETS hits
   fhGETX: 0 # Filtered GETX hits
   hGETS: 121101 # GETS hits
   hGETX: 0 # GETX hits
   mGETS: 717 # GETS misses
   mGETXIM: 0 # GETX I->M misses
   mGETXSM: 0 # GETX S->M misses (upgrade misses)
   PUTS: 0 # Clean evictions (from lower level)
   PUTX: 0 # Dirty evictions (from lower level)
   INV: 696 # Invalidates (from upper level)
   INVX: 0 # Downgrades (from upper level)
   FWD: 0 # Forwards (from upper level)
   latGETnl: 33699 # GET request latency on next level
   latGETnet: 0 # GET request latency on network to next level
  l1i-22: # Filter cache stats
   fhGETS: 29356256 # Filtered GETS hits
   fhGETX: 0 # Filtered GETX hits
   hGETS: 121084 # GETS hits
   hGETX: 0 # GETX hits
   mGETS: 730 # GETS misses
   mGETXIM: 0 # GETX I->M misses
   mGETXSM: 0 # GETX S->M misses (upgrade misses)
   PUTS: 0 # Clean evictions (from lower level)
   PUTX: 0 # Dirty evictions (from lower level)
   INV: 707 # Invalidates (from upper level)
   INVX: 0 # Downgrades (from upper level)
   FWD: 0 # Forwards (from upper level)
   latGETnl: 34535 # GET request latency on next level
   latGETnet: 0 # GET request latency on network to next level
  l1i-23: # Filter cache stats
   fhGETS: 0 # Filtered GETS hits
   fhGETX: 0 # Filtered GETX hits
   hGETS: 0 # GETS hits
   hGETX: 0 # GETX hits
   mGETS: 0 # GETS misses
   mGETXIM: 0 # GETX I->M misses
   mGETXSM: 0 # GETX S->M misses (upgrade misses)
   PUTS: 0 # Clean evictions (from lower level)
   PUTX: 0 # Dirty evictions (from lower level)
   INV: 0 # Invalidates (from upper level)
   INVX: 0 # Downgrades (from upper level)
   FWD: 0 # Forwards (from upper level)
   latGETnl: 0 # GET request latency on next level
   latGETnet: 0 # GET request latency on network to next level
 l2: # Cache stats
  l2-0: # Cache stats
   hGETS: 0 # GETS hits
   hGETX: 0 # GETX hits
   mGETS: 129860 # GETS misses
   mGETXIM: 250112 # GETX I->M misses
   mGETXSM: 7 # GETX S->M misses (upgrade misses)
   PUTS: 128808 # Clean evictions (from lower level)
   PUTX: 249722 # Dirty evictions (from lower level)
   INV: 82885 # Invalidates (from upper level)
   INVX: 81 # Downgrades (from upper level)
   FWD: 0 # Forwards (from upper level)
   latGETnl: 99369139 # GET request latency on next level
   latGETnet: 0 # GET request latency on network to next level
  l2-1: # Cache stats
   hGETS: 0 # GETS hits
   hGETX: 0 # GETX hits
   mGETS: 129720 # GETS misses
   mGETXIM: 250072 # GETX I->M misses
   mGETXSM: 10 # GETX S->M misses (upgrade misses)
   PUTS: 128767 # Clean evictions (from lower level)
   PUTX: 249697 # Dirty evictions (from lower level)
   INV: 31209 # Invalidates (from upper level)
   INVX: 24 # Downgrades (from upper level)
   FWD: 0 # Forwards (from upper level)
   latGETnl: 99303330 # GET request latency on next level
   latGETnet: 0 # GET request latency on network to next level
  l2-2: # Cache stats
   hGETS: 0 # GETS hits
   hGETX: 0 # GETX hits
   mGETS: 129752 # GETS misses
   mGETXIM: 250057 # GETX I->M misses
   mGETXSM: 6 # GETX S->M misses (upgrade misses)
   PUTS: 128765 # Clean evictions (from lower level)
   PUTX: 249697 # Dirty evictions (from lower level)
   INV: 36366 # Invalidates (from upper level)
   INVX: 5 # Downgrades (from upper level)
   FWD: 0 # Forwards (from upper level)
   latGETnl: 99304768 # GET request latency on next level
   latGETnet: 0 # GET request latency on network to next level
  l2-3: # Cache stats
   hGETS: 0 # GETS hits
   hGETX: 0 # GETX hits
   mGETS: 129730 # GETS misses
   mGETXIM: 250073 # GETX I->M misses
   mGETXSM: 8 # GETX S->M misses (upgrade misses)
   PUTS: 128766 # Clean evictions (from lower level)
   PUTX: 249701 # Dirty evictions (from lower level)
   INV: 27825 # Invalidates (from upper level)
   INVX: 30 # Downgrades (from upper level)
   FWD: 0 # Forwards (from upper level)
   latGETnl: 99304928 # GET request latency on next level
   latGETnet: 0 # GET request latency on network to next level
  l2-4: # Cache stats
   hGETS: 0 # GETS hits
   hGETX: 0 # GETX hits
   mGETS: 129731 # GETS misses
   mGETXIM: 250072 # GETX I->M misses
   mGETXSM: 9 # GETX S->M misses (upgrade misses)
   PUTS: 128765 # Clean evictions (from lower level)
   PUTX: 249701 # Dirty evictions (from lower level)
   INV: 26449 # Invalidates (from upper level)
   INVX: 18 # Downgrades (from upper level)
   FWD: 0 # Forwards (from upper level)
   latGETnl: 99298553 # GET request latency on next level
   latGETnet: 0 # GET request latency on network to next level
  l2-5: # Cache stats
   hGETS: 0 # GETS hits
   hGETX: 0 # GETX hits
   mGETS: 129725 # GETS misses
   mGETXIM: 250071 # GETX I->M misses
   mGETXSM: 9 # GETX S->M misses (upgrade misses)
   PUTS: 128765 # Clean evictions (from lower level)
   PUTX: 249699 # Dirty evictions (from lower level)
   INV: 34186 # Invalidates (from upper level)
   INVX: 19 # Downgrades (from upper level)
   FWD: 0 # Forwards (from upper level)
   latGETnl: 99297310 # GET request latency on next level
   latGETnet: 0 # GET request latency on network to next level
  l2-6: # Cache stats
   hGETS: 0 # GETS hits
   hGETX: 0 # GETX hits
   mGETS: 129685 # GETS misses
   mGETXIM: 250070 # GETX I->M misses
   mGETXSM: 6 # GETX S->M misses (upgrade misses)
   PUTS: 128756 # Clean evictions (from lower level)
   PUTX: 249698 # Dirty evictions (from lower level)
   INV: 30982 # Invalidates (from upper level)
   INVX: 15 # Downgrades (from upper level)
   FWD: 0 # Forwards (from upper level)
   latGETnl: 99300069 # GET request latency on next level
   latGETnet: 0 # GET request latency on network to next level
  l2-7: # Cache stats
   hGETS: 0 # GETS hits
   hGETX: 0 # GETX hits
   mGETS: 129730 # GETS misses
   mGETXIM: 250074 # GETX I->M misses
   mGETXSM: 6 # GETX S->M misses (upgrade misses)
   PUTS: 128763 # Clean evictions (from lower level)
   PUTX: 249696 # Dirty evictions (from lower level)
   INV: 50941 # Invalidates (from upper level)
   INVX: 18 # Downgrades (from upper level)
   FWD: 0 # Forwards (from upper level)
   latGETnl: 99295147 # GET request latency on next level
   latGETnet: 0 # GET request latency on network to next level
  l2-8: # Cache stats
   hGETS: 0 # GETS hits
   hGETX: 0 # GETX hits
   mGETS: 129697 # GETS misses
   mGETXIM: 250071 # GETX I->M misses
   mGETXSM: 5 # GETX S->M misses (upgrade misses)
   PUTS: 128757 # Clean evictions (from lower level)
   PUTX: 249698 # Dirty evictions (from lower level)
   INV: 27363 # Invalidates (from upper level)
   INVX: 18 # Downgrades (from upper level)
   FWD: 0 # Forwards (from upper level)
   latGETnl: 99298264 # GET request latency on next level
   latGETnet: 0 # GET request latency on network to next level
  l2-9: # Cache stats
   hGETS: 0 # GETS hits
   hGETX: 0 # GETX hits
   mGETS: 129690 # GETS misses
   mGETXIM: 250072 # GETX I->M misses
   mGETXSM: 5 # GETX S->M misses (upgrade misses)
   PUTS: 128758 # Clean evictions (from lower level)
   PUTX: 249696 # Dirty evictions (from lower level)
   INV: 44605 # Invalidates (from upper level)
   INVX: 16 # Downgrades (from upper level)
   FWD: 0 # Forwards (from upper level)
   latGETnl: 99297760 # GET request latency on next level
   latGETnet: 0 # GET request latency on network to next level
  l2-10: # Cache stats
   hGETS: 0 # GETS hits
   hGETX: 0 # GETX hits
   mGETS: 129693 # GETS misses
   mGETXIM: 250066 # GETX I->M misses
   mGETXSM: 5 # GETX S->M misses (upgrade misses)
   PUTS: 128756 # Clean evictions (from lower level)
   PUTX: 249696 # Dirty evictions (from lower level)
   INV: 27191 # Invalidates (from upper level)
   INVX: 17 # Downgrades (from upper level)
   FWD: 0 # Forwards (from upper level)
   latGETnl: 99297297 # GET request latency on next level
   latGETnet: 0 # GET request latency on network to next level
  l2-11: # Cache stats
   hGETS: 0 # GETS hits
   hGETX: 0 # GETX hits
   mGETS: 129709 # GETS misses
   mGETXIM: 250089 # GETX I->M misses
   mGETXSM: 8 # GETX S->M misses (upgrade misses)
   PUTS: 128763 # Clean evictions (from lower level)
   PUTX: 249714 # Dirty evictions (from lower level)
   INV: 79815 # Invalidates (from upper level)
   INVX: 18 # Downgrades (from upper level)
   FWD: 0 # Forwards (from upper level)
   latGETnl: 99302508 # GET request latency on next level
   latGETnet: 0 # GET request latency on network to next level
  l2-12: # Cache stats
   hGETS: 0 # GETS hits
   hGETX: 0 # GETX hits
   mGETS: 129693 # GETS misses
   mGETXIM: 250072 # GETX I->M misses
   mGETXSM: 5 # GETX S->M misses (upgrade misses)
   PUTS: 128758 # Clean evictions (from lower level)
   PUTX: 249698 # Dirty evictions (from lower level)
   INV: 25820 # Invalidates (from upper level)
   INVX: 15 # Downgrades (from upper level)
   FWD: 0 # Forwards (from upper level)
   latGETnl: 99296465 # GET request latency on next level
   latGETnet: 0 # GET request latency on network to next level
  l2-13: # Cache stats
   hGETS: 0 # GETS hits
   hGETX: 0 # GETX hits
   mGETS: 129687 # GETS misses
   mGETXIM: 250065 # GETX I->M misses
   mGETXSM: 5 # GETX S->M misses (upgrade misses)
   PUTS: 128754 # Clean evictions (from lower level)
   PUTX: 249697 # Dirty evictions (from lower level)
   INV: 45571 # Invalidates (from upper level)
   INVX: 11 # Downgrades (from upper level)
   FWD: 0 # Forwards (from upper level)
   latGETnl: 99295773 # GET request latency on next level
   latGETnet: 0 # GET request latency on network to next level
  l2-14: # Cache stats
   hGETS: 0 # GETS hits
   hGETX: 0 # GETX hits
   mGETS: 129689 # GETS misses
   mGETXIM: 250068 # GETX I->M misses
   mGETXSM: 5 # GETX S->M misses (upgrade misses)
   PUTS: 128756 # Clean evictions (from lower level)
   PUTX: 249697 # Dirty evictions (from lower level)
   INV: 28142 # Invalidates (from upper level)
   INVX: 2 # Downgrades (from upper level)
   FWD: 0 # Forwards (from upper level)
   latGETnl: 99292190 # GET request latency on next level
   latGETnet: 0 # GET request latency on network to next level
  l2-15: # Cache stats
   hGETS: 0 # GETS hits
   hGETX: 0 # GETX hits
   mGETS: 129693 # GETS misses
   mGETXIM: 250066 # GETX I->M misses
   mGETXSM: 5 # GETX S->M misses (upgrade misses)
   PUTS: 128757 # Clean evictions (from lower level)
   PUTX: 249698 # Dirty evictions (from lower level)
   INV: 55424 # Invalidates (from upper level)
   INVX: 2 # Downgrades (from upper level)
   FWD: 0 # Forwards (from upper level)
   latGETnl: 99292826 # GET request latency on next level
   latGETnet: 0 # GET request latency on network to next level
  l2-16: # Cache stats
   hGETS: 0 # GETS hits
   hGETX: 0 # GETX hits
   mGETS: 129692 # GETS misses
   mGETXIM: 250067 # GETX I->M misses
   mGETXSM: 5 # GETX S->M misses (upgrade misses)
   PUTS: 128757 # Clean evictions (from lower level)
   PUTX: 249697 # Dirty evictions (from lower level)
   INV: 27809 # Invalidates (from upper level)
   INVX: 4 # Downgrades (from upper level)
   FWD: 0 # Forwards (from upper level)
   latGETnl: 99292475 # GET request latency on next level
   latGETnet: 0 # GET request latency on network to next level
  l2-17: # Cache stats
   hGETS: 0 # GETS hits
   hGETX: 0 # GETX hits
   mGETS: 129790 # GETS misses
   mGETXIM: 249980 # GETX I->M misses
   mGETXSM: 15 # GETX S->M misses (upgrade misses)
   PUTS: 128768 # Clean evictions (from lower level)
   PUTX: 249626 # Dirty evictions (from lower level)
   INV: 49361 # Invalidates (from upper level)
   INVX: 1 # Downgrades (from upper level)
   FWD: 0 # Forwards (from upper level)
   latGETnl: 99283707 # GET request latency on next level
   latGETnet: 0 # GET request latency on network to next level
  l2-18: # Cache stats
   hGETS: 0 # GETS hits
   hGETX: 0 # GETX hits
   mGETS: 129696 # GETS misses
   mGETXIM: 250068 # GETX I->M misses
   mGETXSM: 6 # GETX S->M misses (upgrade misses)
   PUTS: 128754 # Clean evictions (from lower level)
   PUTX: 249699 # Dirty evictions (from lower level)
   INV: 27525 # Invalidates (from upper level)
   INVX: 2 # Downgrades (from upper level)
   FWD: 0 # Forwards (from upper level)
   latGETnl: 99291825 # GET request latency on next level
   latGETnet: 0 # GET request latency on network to next level
  l2-19: # Cache stats
   hGETS: 0 # GETS hits
   hGETX: 0 # GETX hits
   mGETS: 129685 # GETS misses
   mGETXIM: 250073 # GETX I->M misses
   mGETXSM: 4 # GETX S->M misses (upgrade misses)
   PUTS: 128757 # Clean evictions (from lower level)
   PUTX: 249699 # Dirty evictions (from lower level)
   INV: 84055 # Invalidates (from upper level)
   INVX: 1 # Downgrades (from upper level)
   FWD: 0 # Forwards (from upper level)
   latGETnl: 99291923 # GET request latency on next level
   latGETnet: 0 # GET request latency on network to next level
  l2-20: # Cache stats
   hGETS: 0 # GETS hits
   hGETX: 0 # GETX hits
   mGETS: 129697 # GETS misses
   mGETXIM: 250063 # GETX I->M misses
   mGETXSM: 5 # GETX S->M misses (upgrade misses)
   PUTS: 128756 # Clean evictions (from lower level)
   PUTX: 249695 # Dirty evictions (from lower level)
   INV: 28280 # Invalidates (from upper level)
   INVX: 2 # Downgrades (from upper level)
   FWD: 0 # Forwards (from upper level)
   latGETnl: 99291612 # GET request latency on next level
   latGETnet: 0 # GET request latency on network to next level
  l2-21: # Cache stats
   hGETS: 0 # GETS hits
   hGETX: 0 # GETX hits
   mGETS: 129685 # GETS misses
   mGETXIM: 250064 # GETX I->M misses
   mGETXSM: 5 # GETX S->M misses (upgrade misses)
   PUTS: 128753 # Clean evictions (from lower level)
   PUTX: 249695 # Dirty evictions (from lower level)
   INV: 79993 # Invalidates (from upper level)
   INVX: 2 # Downgrades (from upper level)
   FWD: 0 # Forwards (from upper level)
   latGETnl: 99289855 # GET request latency on next level
   latGETnet: 0 # GET request latency on network to next level
  l2-22: # Cache stats
   hGETS: 0 # GETS hits
   hGETX: 0 # GETX hits
   mGETS: 129703 # GETS misses
   mGETXIM: 250056 # GETX I->M misses
   mGETXSM: 6 # GETX S->M misses (upgrade misses)
   PUTS: 128751 # Clean evictions (from lower level)
   PUTX: 249692 # Dirty evictions (from lower level)
   INV: 55871 # Invalidates (from upper level)
   INVX: 3 # Downgrades (from upper level)
   FWD: 0 # Forwards (from upper level)
   latGETnl: 99289390 # GET request latency on next level
   latGETnet: 0 # GET request latency on network to next level
  l2-23: # Cache stats
   hGETS: 0 # GETS hits
   hGETX: 0 # GETX hits
   mGETS: 0 # GETS misses
   mGETXIM: 0 # GETX I->M misses
   mGETXSM: 0 # GETX S->M misses (upgrade misses)
   PUTS: 0 # Clean evictions (from lower level)
   PUTX: 0 # Dirty evictions (from lower level)
   INV: 0 # Invalidates (from upper level)
   INVX: 0 # Downgrades (from upper level)
   FWD: 0 # Forwards (from upper level)
   latGETnl: 0 # GET request latency on next level
   latGETnet: 0 # GET request latency on network to next level
 l3: # Cache stats
  l3-0b0: # Cache stats
   hGETS: 938 # GETS hits
   hGETX: 52 # GETX hits
   mGETS: 123536 # GETS misses
   mGETXIM: 239639 # GETX I->M misses
   mGETXSM: 0 # GETX S->M misses (upgrade misses)
   PUTS: 107433 # Clean evictions (from lower level)
   PUTX: 199668 # Dirty evictions (from lower level)
   INV: 0 # Invalidates (from upper level)
   INVX: 0 # Downgrades (from upper level)
   FWD: 0 # Forwards (from upper level)
   latGETnl: 81714375 # GET request latency on next level
   latGETnet: 0 # GET request latency on network to next level
  l3-0b1: # Cache stats
   hGETS: 927 # GETS hits
   hGETX: 40 # GETX hits
   mGETS: 123443 # GETS misses
   mGETXIM: 239639 # GETX I->M misses
   mGETXSM: 0 # GETX S->M misses (upgrade misses)
   PUTS: 107323 # Clean evictions (from lower level)
   PUTX: 199817 # Dirty evictions (from lower level)
   INV: 0 # Invalidates (from upper level)
   INVX: 0 # Downgrades (from upper level)
   FWD: 0 # Forwards (from upper level)
   latGETnl: 81693450 # GET request latency on next level
   latGETnet: 0 # GET request latency on network to next level
  l3-0b2: # Cache stats
   hGETS: 752 # GETS hits
   hGETX: 16 # GETX hits
   mGETS: 123455 # GETS misses
   mGETXIM: 239639 # GETX I->M misses
   mGETXSM: 0 # GETX S->M misses (upgrade misses)
   PUTS: 107195 # Clean evictions (from lower level)
   PUTX: 199662 # Dirty evictions (from lower level)
   INV: 0 # Invalidates (from upper level)
   INVX: 0 # Downgrades (from upper level)
   FWD: 0 # Forwards (from upper level)
   latGETnl: 81696150 # GET request latency on next level
   latGETnet: 0 # GET request latency on network to next level
  l3-0b3: # Cache stats
   hGETS: 864 # GETS hits
   hGETX: 29 # GETX hits
   mGETS: 123442 # GETS misses
   mGETXIM: 239635 # GETX I->M misses
   mGETXSM: 0 # GETX S->M misses (upgrade misses)
   PUTS: 107266 # Clean evictions (from lower level)
   PUTX: 199657 # Dirty evictions (from lower level)
   INV: 0 # Invalidates (from upper level)
   INVX: 0 # Downgrades (from upper level)
   FWD: 0 # Forwards (from upper level)
   latGETnl: 81692325 # GET request latency on next level
   latGETnet: 0 # GET request latency on network to next level
  l3-0b4: # Cache stats
   hGETS: 826 # GETS hits
   hGETX: 11 # GETX hits
   mGETS: 123513 # GETS misses
   mGETXIM: 239634 # GETX I->M misses
   mGETXSM: 0 # GETX S->M misses (upgrade misses)
   PUTS: 107281 # Clean evictions (from lower level)
   PUTX: 199686 # Dirty evictions (from lower level)
   INV: 0 # Invalidates (from upper level)
   INVX: 0 # Downgrades (from upper level)
   FWD: 0 # Forwards (from upper level)
   latGETnl: 81708075 # GET request latency on next level
   latGETnet: 0 # GET request latency on network to next level
  l3-0b5: # Cache stats
   hGETS: 907 # GETS hits
   hGETX: 6 # GETX hits
   mGETS: 123450 # GETS misses
   mGETXIM: 239638 # GETX I->M misses
   mGETXSM: 0 # GETX S->M misses (upgrade misses)
   PUTS: 107344 # Clean evictions (from lower level)
   PUTX: 199823 # Dirty evictions (from lower level)
   INV: 0 # Invalidates (from upper level)
   INVX: 0 # Downgrades (from upper level)
   FWD: 0 # Forwards (from upper level)
   latGETnl: 81694800 # GET request latency on next level
   latGETnet: 0 # GET request latency on network to next level
  l3-0b6: # Cache stats
   hGETS: 679 # GETS hits
   hGETX: 63 # GETX hits
   mGETS: 123445 # GETS misses
   mGETXIM: 239637 # GETX I->M misses
   mGETXSM: 0 # GETX S->M misses (upgrade misses)
   PUTS: 107249 # Clean evictions (from lower level)
   PUTX: 199813 # Dirty evictions (from lower level)
   INV: 0 # Invalidates (from upper level)
   INVX: 0 # Downgrades (from upper level)
   FWD: 0 # Forwards (from upper level)
   latGETnl: 81693450 # GET request latency on next level
   latGETnet: 0 # GET request latency on network to next level
  l3-0b7: # Cache stats
   hGETS: 1249 # GETS hits
   hGETX: 97 # GETX hits
   mGETS: 123477 # GETS misses
   mGETXIM: 239641 # GETX I->M misses
   mGETXSM: 0 # GETX S->M misses (upgrade misses)
   PUTS: 107738 # Clean evictions (from lower level)
   PUTX: 199669 # Dirty evictions (from lower level)
   INV: 0 # Invalidates (from upper level)
   INVX: 0 # Downgrades (from upper level)
   FWD: 0 # Forwards (from upper level)
   latGETnl: 81701550 # GET request latency on next level
   latGETnet: 0 # GET request latency on network to next level
  l3-0b8: # Cache stats
   hGETS: 786 # GETS hits
   hGETX: 55 # GETX hits
   mGETS: 123395 # GETS misses
   mGETXIM: 239648 # GETX I->M misses
   mGETXSM: 0 # GETX S->M misses (upgrade misses)
   PUTS: 107212 # Clean evictions (from lower level)
   PUTX: 199634 # Dirty evictions (from lower level)
   INV: 0 # Invalidates (from upper level)
   INVX: 0 # Downgrades (from upper level)
   FWD: 0 # Forwards (from upper level)
   latGETnl: 81684675 # GET request latency on next level
   latGETnet: 0 # GET request latency on network to next level
  l3-0b9: # Cache stats
   hGETS: 802 # GETS hits
   hGETX: 37 # GETX hits
   mGETS: 123552 # GETS misses
   mGETXIM: 239640 # GETX I->M misses
   mGETXSM: 0 # GETX S->M misses (upgrade misses)
   PUTS: 107452 # Clean evictions (from lower level)
   PUTX: 199711 # Dirty evictions (from lower level)
   INV: 0 # Invalidates (from upper level)
   INVX: 0 # Downgrades (from upper level)
   FWD: 0 # Forwards (from upper level)
   latGETnl: 81718200 # GET request latency on next level
   latGETnet: 0 # GET request latency on network to next level
  l3-0b10: # Cache stats
   hGETS: 783 # GETS hits
   hGETX: 29 # GETX hits
   mGETS: 123577 # GETS misses
   mGETXIM: 239646 # GETX I->M misses
   mGETXSM: 0 # GETX S->M misses (upgrade misses)
   PUTS: 107416 # Clean evictions (from lower level)
   PUTX: 199679 # Dirty evictions (from lower level)
   INV: 0 # Invalidates (from upper level)
   INVX: 0 # Downgrades (from upper level)
   FWD: 0 # Forwards (from upper level)
   latGETnl: 81725175 # GET request latency on next level
   latGETnet: 0 # GET request latency on network to next level
  l3-0b11: # Cache stats
   hGETS: 843 # GETS hits
   hGETX: 45 # GETX hits
   mGETS: 123464 # GETS misses
   mGETXIM: 239643 # GETX I->M misses
   mGETXSM: 0 # GETX S->M misses (upgrade misses)
   PUTS: 107344 # Clean evictions (from lower level)
   PUTX: 199655 # Dirty evictions (from lower level)
   INV: 0 # Invalidates (from upper level)
   INVX: 0 # Downgrades (from upper level)
   FWD: 0 # Forwards (from upper level)
   latGETnl: 81699075 # GET request latency on next level
   latGETnet: 0 # GET request latency on network to next level
  l3-0b12: # Cache stats
   hGETS: 854 # GETS hits
   hGETX: 22 # GETX hits
   mGETS: 123404 # GETS misses
   mGETXIM: 239641 # GETX I->M misses
   mGETXSM: 0 # GETX S->M misses (upgrade misses)
   PUTS: 107218 # Clean evictions (from lower level)
   PUTX: 199709 # Dirty evictions (from lower level)
   INV: 0 # Invalidates (from upper level)
   INVX: 0 # Downgrades (from upper level)
   FWD: 0 # Forwards (from upper level)
   latGETnl: 81685125 # GET request latency on next level
   latGETnet: 0 # GET request latency on network to next level
  l3-0b13: # Cache stats
   hGETS: 810 # GETS hits
   hGETX: 24 # GETX hits
   mGETS: 123518 # GETS misses
   mGETXIM: 239640 # GETX I->M misses
   mGETXSM: 0 # GETX S->M misses (upgrade misses)
   PUTS: 107239 # Clean evictions (from lower level)
   PUTX: 199711 # Dirty evictions (from lower level)
   INV: 0 # Invalidates (from upper level)
   INVX: 0 # Downgrades (from upper level)
   FWD: 0 # Forwards (from upper level)
   latGETnl: 81710550 # GET request latency on next level
   latGETnet: 0 # GET request latency on network to next level
  l3-0b14: # Cache stats
   hGETS: 907 # GETS hits
   hGETX: 38 # GETX hits
   mGETS: 123569 # GETS misses
   mGETXIM: 239640 # GETX I->M misses
   mGETXSM: 0 # GETX S->M misses (upgrade misses)
   PUTS: 107496 # Clean evictions (from lower level)
   PUTX: 199578 # Dirty evictions (from lower level)
   INV: 0 # Invalidates (from upper level)
   INVX: 0 # Downgrades (from upper level)
   FWD: 0 # Forwards (from upper level)
   latGETnl: 81722025 # GET request latency on next level
   latGETnet: 0 # GET request latency on network to next level
  l3-0b15: # Cache stats
   hGETS: 828 # GETS hits
   hGETX: 42 # GETX hits
   mGETS: 123476 # GETS misses
   mGETXIM: 239640 # GETX I->M misses
   mGETXSM: 0 # GETX S->M misses (upgrade misses)
   PUTS: 107310 # Clean evictions (from lower level)
   PUTX: 199687 # Dirty evictions (from lower level)
   INV: 0 # Invalidates (from upper level)
   INVX: 0 # Downgrades (from upper level)
   FWD: 0 # Forwards (from upper level)
   latGETnl: 81701100 # GET request latency on next level
   latGETnet: 0 # GET request latency on network to next level
  l3-0b16: # Cache stats
   hGETS: 870 # GETS hits
   hGETX: 69 # GETX hits
   mGETS: 123498 # GETS misses
   mGETXIM: 239551 # GETX I->M misses
   mGETXSM: 0 # GETX S->M misses (upgrade misses)
   PUTS: 107253 # Clean evictions (from lower level)
   PUTX: 199704 # Dirty evictions (from lower level)
   INV: 0 # Invalidates (from upper level)
   INVX: 0 # Downgrades (from upper level)
   FWD: 0 # Forwards (from upper level)
   latGETnl: 81686025 # GET request latency on next level
   latGETnet: 0 # GET request latency on network to next level
  l3-0b17: # Cache stats
   hGETS: 347 # GETS hits
   hGETX: 37 # GETX hits
   mGETS: 123440 # GETS misses
   mGETXIM: 239553 # GETX I->M misses
   mGETXSM: 0 # GETX S->M misses (upgrade misses)
   PUTS: 106735 # Clean evictions (from lower level)
   PUTX: 199611 # Dirty evictions (from lower level)
   INV: 0 # Invalidates (from upper level)
   INVX: 0 # Downgrades (from upper level)
   FWD: 0 # Forwards (from upper level)
   latGETnl: 81673425 # GET request latency on next level
   latGETnet: 0 # GET request latency on network to next level
  l3-0b18: # Cache stats
   hGETS: 849 # GETS hits
   hGETX: 52 # GETX hits
   mGETS: 123389 # GETS misses
   mGETXIM: 239555 # GETX I->M misses
   mGETXSM: 0 # GETX S->M misses (upgrade misses)
   PUTS: 107239 # Clean evictions (from lower level)
   PUTX: 199592 # Dirty evictions (from lower level)
   INV: 0 # Invalidates (from upper level)
   INVX: 0 # Downgrades (from upper level)
   FWD: 0 # Forwards (from upper level)
   latGETnl: 81662400 # GET request latency on next level
   latGETnet: 0 # GET request latency on network to next level
  l3-0b19: # Cache stats
   hGETS: 810 # GETS hits
   hGETX: 86 # GETX hits
   mGETS: 123537 # GETS misses
   mGETXIM: 239558 # GETX I->M misses
   mGETXSM: 0 # GETX S->M misses (upgrade misses)
   PUTS: 107349 # Clean evictions (from lower level)
   PUTX: 199618 # Dirty evictions (from lower level)
   INV: 0 # Invalidates (from upper level)
   INVX: 0 # Downgrades (from upper level)
   FWD: 0 # Forwards (from upper level)
   latGETnl: 81696375 # GET request latency on next level
   latGETnet: 0 # GET request latency on network to next level
  l3-0b20: # Cache stats
   hGETS: 773 # GETS hits
   hGETX: 62 # GETX hits
   mGETS: 123489 # GETS misses
   mGETXIM: 239553 # GETX I->M misses
   mGETXSM: 0 # GETX S->M misses (upgrade misses)
   PUTS: 107312 # Clean evictions (from lower level)
   PUTX: 199649 # Dirty evictions (from lower level)
   INV: 0 # Invalidates (from upper level)
   INVX: 0 # Downgrades (from upper level)
   FWD: 0 # Forwards (from upper level)
   latGETnl: 81684450 # GET request latency on next level
   latGETnet: 0 # GET request latency on network to next level
  l3-0b21: # Cache stats
   hGETS: 794 # GETS hits
   hGETX: 58 # GETX hits
   mGETS: 123445 # GETS misses
   mGETXIM: 239556 # GETX I->M misses
   mGETXSM: 0 # GETX S->M misses (upgrade misses)
   PUTS: 107272 # Clean evictions (from lower level)
   PUTX: 199565 # Dirty evictions (from lower level)
   INV: 0 # Invalidates (from upper level)
   INVX: 0 # Downgrades (from upper level)
   FWD: 0 # Forwards (from upper level)
   latGETnl: 81675225 # GET request latency on next level
   latGETnet: 0 # GET request latency on network to next level
  l3-0b22: # Cache stats
   hGETS: 946 # GETS hits
   hGETX: 21 # GETX hits
   mGETS: 123416 # GETS misses
   mGETXIM: 239556 # GETX I->M misses
   mGETXSM: 0 # GETX S->M misses (upgrade misses)
   PUTS: 107283 # Clean evictions (from lower level)
   PUTX: 199697 # Dirty evictions (from lower level)
   INV: 0 # Invalidates (from upper level)
   INVX: 0 # Downgrades (from upper level)
   FWD: 0 # Forwards (from upper level)
   latGETnl: 81668700 # GET request latency on next level
   latGETnet: 0 # GET request latency on network to next level
  l3-0b23: # Cache stats
   hGETS: 875 # GETS hits
   hGETX: 24 # GETX hits
   mGETS: 123483 # GETS misses
   mGETXIM: 239554 # GETX I->M misses
   mGETXSM: 0 # GETX S->M misses (upgrade misses)
   PUTS: 107269 # Clean evictions (from lower level)
   PUTX: 199662 # Dirty evictions (from lower level)
   INV: 0 # Invalidates (from upper level)
   INVX: 0 # Downgrades (from upper level)
   FWD: 0 # Forwards (from upper level)
   latGETnl: 81683325 # GET request latency on next level
   latGETnet: 0 # GET request latency on network to next level
 mem: # Memory controller stats
  mem-0: # Memory controller stats
   rd: 8692527 # Read requests
   wr: 5363858 # Write requests
   rdlat: 2296428557 # Total latency experienced by read requests
   wrlat: 1427414597 # Total latency experienced by write requests
 sched: # Scheduler stats
  thCr: 25 # Threads created
  thFn: 25 # Threads finished
  schedEvs: 26 # Schedule events
  waitEvs: 2 # Wait events
  handoffEvs: 1 # Handoff events
  sleepEvs: 1 # Sleep events
  idlePhases: 0 # Phases with no thread active
  idlePeriods: 0 # Periods with no thread active
  occHist: # Occupancy histogram
   0: 0
   1: 36
   2: 0
   3: 2
   4: 2
   5: 1
   6: 1
   7: 0
   8: 1
   9: 0
   10: 0
   11: 0
   12: 1
   13: 0
   14: 1
   15: 0
   16: 0
   17: 1
   18: 0
   19: 0
   20: 1
   21: 0
   22: 0
   23: 64588
   24: 0
  rqSzHist: # Run queue size histogram
   0: 64606
   1: 29
   2: 0
   3: 0
   4: 0
   5: 0
   6: 0
   7: 0
   8: 0
   9: 0
   10: 0
   11: 0
   12: 0
   13: 0
   14: 0
   15: 0
   16: 0
   17: 0
   18: 0
   19: 0
   20: 0
   21: 0
   22: 0
   23: 0
   24: 0
 procCycles: # Per-process unhalted core cycles
  0: 1485656984
  1: 0
  2: 0
  3: 0
  4: 0
  5: 0
  6: 0
  7: 0
  8: 0
  9: 0
  10: 0
  11: 0
  12: 0
  13: 0
  14: 0
  15: 0
  16: 0
  17: 0
  18: 0
  19: 0
  20: 0
  21: 0
  22: 0
  23: 0
  24: 0
  25: 0
  26: 0
  27: 0
  28: 0
  29: 0
  30: 0
  31: 0
  32: 0
  33: 0
  34: 0
  35: 0
  36: 0
  37: 0
  38: 0
  39: 0
  40: 0
  41: 0
  42: 0
  43: 0
  44: 0
  45: 0
  46: 0
  47: 0
  48: 0
  49: 0
  50: 0
  51: 0
  52: 0
  53: 0
  54: 0
  55: 0
  56: 0
  57: 0
  58: 0
  59: 0
  60: 0
  61: 0
  62: 0
  63: 0
 procInstrs: # Per-process instructions
  0: 2017470628
  1: 0
  2: 0
  3: 0
  4: 0
  5: 0
  6: 0
  7: 0
  8: 0
  9: 0
  10: 0
  11: 0
  12: 0
  13: 0
  14: 0
  15: 0
  16: 0
  17: 0
  18: 0
  19: 0
  20: 0
  21: 0
  22: 0
  23: 0
  24: 0
  25: 0
  26: 0
  27: 0
  28: 0
  29: 0
  30: 0
  31: 0
  32: 0
  33: 0
  34: 0
  35: 0
  36: 0
  37: 0
  38: 0
  39: 0
  40: 0
  41: 0
  42: 0
  43: 0
  44: 0
  45: 0
  46: 0
  47: 0
  48: 0
  49: 0
  50: 0
  51: 0
  52: 0
  53: 0
  54: 0
  55: 0
  56: 0
  57: 0
  58: 0
  59: 0
  60: 0
  61: 0
  62: 0
  63: 0
 heartbeats: # Per-process heartbeats
  0: 0
  1: 0
  2: 0
  3: 0
  4: 0
  5: 0
  6: 0
  7: 0
  8: 0
  9: 0
  10: 0
  11: 0
  12: 0
  13: 0
  14: 0
  15: 0
  16: 0
  17: 0
  18: 0
  19: 0
  20: 0
  21: 0
  22: 0
  23: 0
  24: 0
  25: 0
  26: 0
  27: 0
  28: 0
  29: 0
  30: 0
  31: 0
  32: 0
  33: 0
  34: 0
  35: 0
  36: 0
  37: 0
  38: 0
  39: 0
  40: 0
  41: 0
  42: 0
  43: 0
  44: 0
  45: 0
  46: 0
  47: 0
  48: 0
  49: 0
  50: 0
  51: 0
  52: 0
  53: 0
  54: 0
  55: 0
  56: 0
  57: 0
  58: 0
  59: 0
  60: 0
  61: 0
  62: 0
  63: 0
===
