# zsim stats
===
root: # Stats
 contention: # Contention simulation stats
  domain-0: # Domain stats
   time: 10437051578 # Weave simulation time
 time: # Simulator time breakdown
  init: 3428774989
  bound: 85857870783
  weave: 13639389369
  ff: 381706
 trigger: 20000 # Reason for this stats dump
 phase: 60820 # Simulated phases
 reqCycles: 0 # Requeue Cycles
 skylake: # Core stats
  skylake-0: # Core stats
   cycles: 60820056 # Simulated unhalted cycles
   cCycles: 3013881 # Cycles due to contention stalls
   instrs: 85136961 # Simulated instructions
   uops: 58365285 # issued micro-ops
   bbls: 27883243 # Basic blocks
   approxInstrs: 860309 # Instrs with approx uop decoding
   mispredBranches: 125159 # Mispredicted branches
   IdqNotDelivered: 57806175 # Stalls no uop delivered when no Bkend Stall
   IntMiscRecoveryCycles: 1015162 # Stalls waiting machine clears
   uops executed: 58850225 # Executed microoperations
  skylake-1: # Core stats
   cycles: 60784059 # Simulated unhalted cycles
   cCycles: 3013892 # Cycles due to contention stalls
   instrs: 85136435 # Simulated instructions
   uops: 58364415 # issued micro-ops
   bbls: 27883233 # Basic blocks
   approxInstrs: 860312 # Instrs with approx uop decoding
   mispredBranches: 125123 # Mispredicted branches
   IdqNotDelivered: 57770167 # Stalls no uop delivered when no Bkend Stall
   IntMiscRecoveryCycles: 1005659 # Stalls waiting machine clears
   uops executed: 58849407 # Executed microoperations
  skylake-2: # Core stats
   cycles: 60781777 # Simulated unhalted cycles
   cCycles: 3013917 # Cycles due to contention stalls
   instrs: 85133121 # Simulated instructions
   uops: 58361895 # issued micro-ops
   bbls: 27882218 # Basic blocks
   approxInstrs: 860282 # Instrs with approx uop decoding
   mispredBranches: 125120 # Mispredicted branches
   IdqNotDelivered: 57767860 # Stalls no uop delivered when no Bkend Stall
   IntMiscRecoveryCycles: 1007932 # Stalls waiting machine clears
   uops executed: 58846899 # Executed microoperations
  skylake-3: # Core stats
   cycles: 60782267 # Simulated unhalted cycles
   cCycles: 3013903 # Cycles due to contention stalls
   instrs: 85136464 # Simulated instructions
   uops: 58364324 # issued micro-ops
   bbls: 27883272 # Basic blocks
   approxInstrs: 860311 # Instrs with approx uop decoding
   mispredBranches: 125127 # Mispredicted branches
   IdqNotDelivered: 57768364 # Stalls no uop delivered when no Bkend Stall
   IntMiscRecoveryCycles: 1007721 # Stalls waiting machine clears
   uops executed: 58849298 # Executed microoperations
  skylake-4: # Core stats
   cycles: 60780056 # Simulated unhalted cycles
   cCycles: 3013925 # Cycles due to contention stalls
   instrs: 85136283 # Simulated instructions
   uops: 58364205 # issued micro-ops
   bbls: 27883212 # Basic blocks
   approxInstrs: 860311 # Instrs with approx uop decoding
   mispredBranches: 125124 # Mispredicted branches
   IdqNotDelivered: 57766131 # Stalls no uop delivered when no Bkend Stall
   IntMiscRecoveryCycles: 1006615 # Stalls waiting machine clears
   uops executed: 58849175 # Executed microoperations
  skylake-5: # Core stats
   cycles: 60779055 # Simulated unhalted cycles
   cCycles: 3013854 # Cycles due to contention stalls
   instrs: 85135856 # Simulated instructions
   uops: 58363903 # issued micro-ops
   bbls: 27883073 # Basic blocks
   approxInstrs: 860309 # Instrs with approx uop decoding
   mispredBranches: 125125 # Mispredicted branches
   IdqNotDelivered: 57765201 # Stalls no uop delivered when no Bkend Stall
   IntMiscRecoveryCycles: 1006292 # Stalls waiting machine clears
   uops executed: 58848845 # Executed microoperations
  skylake-6: # Core stats
   cycles: 60778055 # Simulated unhalted cycles
   cCycles: 3013904 # Cycles due to contention stalls
   instrs: 85135733 # Simulated instructions
   uops: 58363504 # issued micro-ops
   bbls: 27883105 # Basic blocks
   approxInstrs: 860305 # Instrs with approx uop decoding
   mispredBranches: 125118 # Mispredicted branches
   IdqNotDelivered: 57764151 # Stalls no uop delivered when no Bkend Stall
   IntMiscRecoveryCycles: 1007900 # Stalls waiting machine clears
   uops executed: 58848478 # Executed microoperations
  skylake-7: # Core stats
   cycles: 60778066 # Simulated unhalted cycles
   cCycles: 3013888 # Cycles due to contention stalls
   instrs: 85134825 # Simulated instructions
   uops: 58363201 # issued micro-ops
   bbls: 27882735 # Basic blocks
   approxInstrs: 860298 # Instrs with approx uop decoding
   mispredBranches: 125123 # Mispredicted branches
   IdqNotDelivered: 57764178 # Stalls no uop delivered when no Bkend Stall
   IntMiscRecoveryCycles: 1006153 # Stalls waiting machine clears
   uops executed: 58848161 # Executed microoperations
  skylake-8: # Core stats
   cycles: 60777056 # Simulated unhalted cycles
   cCycles: 3013890 # Cycles due to contention stalls
   instrs: 85135823 # Simulated instructions
   uops: 58363564 # issued micro-ops
   bbls: 27883135 # Basic blocks
   approxInstrs: 860305 # Instrs with approx uop decoding
   mispredBranches: 125118 # Mispredicted branches
   IdqNotDelivered: 57763166 # Stalls no uop delivered when no Bkend Stall
   IntMiscRecoveryCycles: 1007418 # Stalls waiting machine clears
   uops executed: 58848538 # Executed microoperations
  skylake-9: # Core stats
   cycles: 60776840 # Simulated unhalted cycles
   cCycles: 3013890 # Cycles due to contention stalls
   instrs: 85135775 # Simulated instructions
   uops: 58363532 # issued micro-ops
   bbls: 27883119 # Basic blocks
   approxInstrs: 860305 # Instrs with approx uop decoding
   mispredBranches: 125118 # Mispredicted branches
   IdqNotDelivered: 57762950 # Stalls no uop delivered when no Bkend Stall
   IntMiscRecoveryCycles: 1007737 # Stalls waiting machine clears
   uops executed: 58848506 # Executed microoperations
  skylake-10: # Core stats
   cycles: 60776840 # Simulated unhalted cycles
   cCycles: 3013885 # Cycles due to contention stalls
   instrs: 85134682 # Simulated instructions
   uops: 58362793 # issued micro-ops
   bbls: 27882758 # Basic blocks
   approxInstrs: 860300 # Instrs with approx uop decoding
   mispredBranches: 125117 # Mispredicted branches
   IdqNotDelivered: 57762955 # Stalls no uop delivered when no Bkend Stall
   IntMiscRecoveryCycles: 1006782 # Stalls waiting machine clears
   uops executed: 58847765 # Executed microoperations
  skylake-11: # Core stats
   cycles: 60776868 # Simulated unhalted cycles
   cCycles: 3013901 # Cycles due to contention stalls
   instrs: 85135450 # Simulated instructions
   uops: 58363617 # issued micro-ops
   bbls: 27882857 # Basic blocks
   approxInstrs: 860303 # Instrs with approx uop decoding
   mispredBranches: 125124 # Mispredicted branches
   IdqNotDelivered: 57762967 # Stalls no uop delivered when no Bkend Stall
   IntMiscRecoveryCycles: 1007560 # Stalls waiting machine clears
   uops executed: 58848624 # Executed microoperations
  skylake-12: # Core stats
   cycles: 60776376 # Simulated unhalted cycles
   cCycles: 3013898 # Cycles due to contention stalls
   instrs: 85135825 # Simulated instructions
   uops: 58363561 # issued micro-ops
   bbls: 27883136 # Basic blocks
   approxInstrs: 860306 # Instrs with approx uop decoding
   mispredBranches: 125115 # Mispredicted branches
   IdqNotDelivered: 57762478 # Stalls no uop delivered when no Bkend Stall
   IntMiscRecoveryCycles: 1006556 # Stalls waiting machine clears
   uops executed: 58848555 # Executed microoperations
  skylake-13: # Core stats
   cycles: 60775840 # Simulated unhalted cycles
   cCycles: 3013897 # Cycles due to contention stalls
   instrs: 85135568 # Simulated instructions
   uops: 58363394 # issued micro-ops
   bbls: 27883050 # Basic blocks
   approxInstrs: 860305 # Instrs with approx uop decoding
   mispredBranches: 125118 # Mispredicted branches
   IdqNotDelivered: 57761943 # Stalls no uop delivered when no Bkend Stall
   IntMiscRecoveryCycles: 1006966 # Stalls waiting machine clears
   uops executed: 58848368 # Executed microoperations
  skylake-14: # Core stats
   cycles: 60775055 # Simulated unhalted cycles
   cCycles: 3013908 # Cycles due to contention stalls
   instrs: 85135305 # Simulated instructions
   uops: 58363202 # issued micro-ops
   bbls: 27882964 # Basic blocks
   approxInstrs: 860304 # Instrs with approx uop decoding
   mispredBranches: 125112 # Mispredicted branches
   IdqNotDelivered: 57761147 # Stalls no uop delivered when no Bkend Stall
   IntMiscRecoveryCycles: 1006386 # Stalls waiting machine clears
   uops executed: 58848210 # Executed microoperations
  skylake-15: # Core stats
   cycles: 60774841 # Simulated unhalted cycles
   cCycles: 3013907 # Cycles due to contention stalls
   instrs: 85107985 # Simulated instructions
   uops: 58346461 # issued micro-ops
   bbls: 27873300 # Basic blocks
   approxInstrs: 859965 # Instrs with approx uop decoding
   mispredBranches: 125174 # Mispredicted branches
   IdqNotDelivered: 57760934 # Stalls no uop delivered when no Bkend Stall
   IntMiscRecoveryCycles: 1010255 # Stalls waiting machine clears
   uops executed: 58831405 # Executed microoperations
  skylake-16: # Core stats
   cycles: 60774841 # Simulated unhalted cycles
   cCycles: 3013889 # Cycles due to contention stalls
   instrs: 85135439 # Simulated instructions
   uops: 58363308 # issued micro-ops
   bbls: 27883007 # Basic blocks
   approxInstrs: 860305 # Instrs with approx uop decoding
   mispredBranches: 125118 # Mispredicted branches
   IdqNotDelivered: 57760952 # Stalls no uop delivered when no Bkend Stall
   IntMiscRecoveryCycles: 1006320 # Stalls waiting machine clears
   uops executed: 58848282 # Executed microoperations
  skylake-17: # Core stats
   cycles: 60774840 # Simulated unhalted cycles
   cCycles: 3013887 # Cycles due to contention stalls
   instrs: 85135574 # Simulated instructions
   uops: 58363398 # issued micro-ops
   bbls: 27883052 # Basic blocks
   approxInstrs: 860305 # Instrs with approx uop decoding
   mispredBranches: 125118 # Mispredicted branches
   IdqNotDelivered: 57760953 # Stalls no uop delivered when no Bkend Stall
   IntMiscRecoveryCycles: 1006316 # Stalls waiting machine clears
   uops executed: 58848372 # Executed microoperations
  skylake-18: # Core stats
   cycles: 60774142 # Simulated unhalted cycles
   cCycles: 3013896 # Cycles due to contention stalls
   instrs: 85135825 # Simulated instructions
   uops: 58363561 # issued micro-ops
   bbls: 27883136 # Basic blocks
   approxInstrs: 860306 # Instrs with approx uop decoding
   mispredBranches: 125115 # Mispredicted branches
   IdqNotDelivered: 57760246 # Stalls no uop delivered when no Bkend Stall
   IntMiscRecoveryCycles: 1006803 # Stalls waiting machine clears
   uops executed: 58848555 # Executed microoperations
  skylake-19: # Core stats
   cycles: 60773840 # Simulated unhalted cycles
   cCycles: 3013900 # Cycles due to contention stalls
   instrs: 85135063 # Simulated instructions
   uops: 58363047 # issued micro-ops
   bbls: 27882885 # Basic blocks
   approxInstrs: 860300 # Instrs with approx uop decoding
   mispredBranches: 125117 # Mispredicted branches
   IdqNotDelivered: 57759940 # Stalls no uop delivered when no Bkend Stall
   IntMiscRecoveryCycles: 1006508 # Stalls waiting machine clears
   uops executed: 58848019 # Executed microoperations
  skylake-20: # Core stats
   cycles: 60773841 # Simulated unhalted cycles
   cCycles: 3013918 # Cycles due to contention stalls
   instrs: 85135289 # Simulated instructions
   uops: 58363208 # issued micro-ops
   bbls: 27882957 # Basic blocks
   approxInstrs: 860305 # Instrs with approx uop decoding
   mispredBranches: 125118 # Mispredicted branches
   IdqNotDelivered: 57759923 # Stalls no uop delivered when no Bkend Stall
   IntMiscRecoveryCycles: 1006663 # Stalls waiting machine clears
   uops executed: 58848182 # Executed microoperations
  skylake-21: # Core stats
   cycles: 60772843 # Simulated unhalted cycles
   cCycles: 3013894 # Cycles due to contention stalls
   instrs: 85133530 # Simulated instructions
   uops: 58362004 # issued micro-ops
   bbls: 27882382 # Basic blocks
   approxInstrs: 860287 # Instrs with approx uop decoding
   mispredBranches: 125111 # Mispredicted branches
   IdqNotDelivered: 57758949 # Stalls no uop delivered when no Bkend Stall
   IntMiscRecoveryCycles: 1006288 # Stalls waiting machine clears
   uops executed: 58846992 # Executed microoperations
  skylake-22: # Core stats
   cycles: 60772840 # Simulated unhalted cycles
   cCycles: 3013904 # Cycles due to contention stalls
   instrs: 85133605 # Simulated instructions
   uops: 58362049 # issued micro-ops
   bbls: 27882407 # Basic blocks
   approxInstrs: 860286 # Instrs with approx uop decoding
   mispredBranches: 125115 # Mispredicted branches
   IdqNotDelivered: 57758936 # Stalls no uop delivered when no Bkend Stall
   IntMiscRecoveryCycles: 1006639 # Stalls waiting machine clears
   uops executed: 58847013 # Executed microoperations
  skylake-23: # Core stats
   cycles: 0 # Simulated unhalted cycles
   cCycles: 0 # Cycles due to contention stalls
   instrs: 0 # Simulated instructions
   uops: 0 # issued micro-ops
   bbls: 0 # Basic blocks
   approxInstrs: 0 # Instrs with approx uop decoding
   mispredBranches: 0 # Mispredicted branches
   IdqNotDelivered: 0 # Stalls no uop delivered when no Bkend Stall
   IntMiscRecoveryCycles: 0 # Stalls waiting machine clears
   uops executed: 0 # Executed microoperations
 l1d: # Cache stats
  l1d-0: # Filter cache stats
   fhGETS: 995601 # Filtered GETS hits
   fhGETX: 606935 # Filtered GETX hits
   hGETS: 5638 # GETS hits
   hGETX: 11322 # GETX hits
   mGETS: 250246 # GETS misses
   mGETXIM: 117749 # GETX I->M misses
   mGETXSM: 6 # GETX S->M misses (upgrade misses)
   PUTS: 0 # Clean evictions (from lower level)
   PUTX: 0 # Dirty evictions (from lower level)
   INV: 105 # Invalidates (from upper level)
   INVX: 90 # Downgrades (from upper level)
   FWD: 0 # Forwards (from upper level)
   latGETnl: 100059497 # GET request latency on next level
   latGETnet: 0 # GET request latency on network to next level
  l1d-1: # Filter cache stats
   fhGETS: 995350 # Filtered GETS hits
   fhGETX: 606768 # Filtered GETX hits
   hGETS: 5557 # GETS hits
   hGETX: 11292 # GETX hits
   mGETS: 250203 # GETS misses
   mGETXIM: 117714 # GETX I->M misses
   mGETXSM: 9 # GETX S->M misses (upgrade misses)
   PUTS: 0 # Clean evictions (from lower level)
   PUTX: 0 # Dirty evictions (from lower level)
   INV: 88 # Invalidates (from upper level)
   INVX: 26 # Downgrades (from upper level)
   FWD: 0 # Forwards (from upper level)
   latGETnl: 100030195 # GET request latency on next level
   latGETnet: 0 # GET request latency on network to next level
  l1d-2: # Filter cache stats
   fhGETS: 995200 # Filtered GETS hits
   fhGETX: 606691 # Filtered GETX hits
   hGETS: 5527 # GETS hits
   hGETX: 11258 # GETX hits
   mGETS: 250184 # GETS misses
   mGETXIM: 117709 # GETX I->M misses
   mGETXSM: 4 # GETX S->M misses (upgrade misses)
   PUTS: 0 # Clean evictions (from lower level)
   PUTX: 0 # Dirty evictions (from lower level)
   INV: 69 # Invalidates (from upper level)
   INVX: 5 # Downgrades (from upper level)
   FWD: 0 # Forwards (from upper level)
   latGETnl: 100024066 # GET request latency on next level
   latGETnet: 0 # GET request latency on network to next level
  l1d-3: # Filter cache stats
   fhGETS: 995289 # Filtered GETS hits
   fhGETX: 606733 # Filtered GETX hits
   hGETS: 5562 # GETS hits
   hGETX: 11285 # GETX hits
   mGETS: 250198 # GETS misses
   mGETXIM: 117716 # GETX I->M misses
   mGETXSM: 7 # GETX S->M misses (upgrade misses)
   PUTS: 0 # Clean evictions (from lower level)
   PUTX: 0 # Dirty evictions (from lower level)
   INV: 86 # Invalidates (from upper level)
   INVX: 30 # Downgrades (from upper level)
   FWD: 0 # Forwards (from upper level)
   latGETnl: 100030367 # GET request latency on next level
   latGETnet: 0 # GET request latency on network to next level
  l1d-4: # Filter cache stats
   fhGETS: 995277 # Filtered GETS hits
   fhGETX: 606726 # Filtered GETX hits
   hGETS: 5567 # GETS hits
   hGETX: 11294 # GETX hits
   mGETS: 250200 # GETS misses
   mGETXIM: 117716 # GETX I->M misses
   mGETXSM: 9 # GETX S->M misses (upgrade misses)
   PUTS: 0 # Clean evictions (from lower level)
   PUTX: 0 # Dirty evictions (from lower level)
   INV: 88 # Invalidates (from upper level)
   INVX: 22 # Downgrades (from upper level)
   FWD: 0 # Forwards (from upper level)
   latGETnl: 100028025 # GET request latency on next level
   latGETnet: 0 # GET request latency on network to next level
  l1d-5: # Filter cache stats
   fhGETS: 995289 # Filtered GETS hits
   fhGETX: 606744 # Filtered GETX hits
   hGETS: 5549 # GETS hits
   hGETX: 11274 # GETX hits
   mGETS: 250198 # GETS misses
   mGETXIM: 117712 # GETX I->M misses
   mGETXSM: 7 # GETX S->M misses (upgrade misses)
   PUTS: 0 # Clean evictions (from lower level)
   PUTX: 0 # Dirty evictions (from lower level)
   INV: 84 # Invalidates (from upper level)
   INVX: 15 # Downgrades (from upper level)
   FWD: 0 # Forwards (from upper level)
   latGETnl: 100027340 # GET request latency on next level
   latGETnet: 0 # GET request latency on network to next level
  l1d-6: # Filter cache stats
   fhGETS: 995128 # Filtered GETS hits
   fhGETX: 606651 # Filtered GETX hits
   hGETS: 5543 # GETS hits
   hGETX: 11267 # GETX hits
   mGETS: 250180 # GETS misses
   mGETXIM: 117705 # GETX I->M misses
   mGETXSM: 6 # GETX S->M misses (upgrade misses)
   PUTS: 0 # Clean evictions (from lower level)
   PUTX: 0 # Dirty evictions (from lower level)
   INV: 69 # Invalidates (from upper level)
   INVX: 5 # Downgrades (from upper level)
   FWD: 0 # Forwards (from upper level)
   latGETnl: 100022911 # GET request latency on next level
   latGETnet: 0 # GET request latency on network to next level
  l1d-7: # Filter cache stats
   fhGETS: 995266 # Filtered GETS hits
   fhGETX: 606725 # Filtered GETX hits
   hGETS: 5561 # GETS hits
   hGETX: 11286 # GETX hits
   mGETS: 250193 # GETS misses
   mGETXIM: 117714 # GETX I->M misses
   mGETXSM: 6 # GETX S->M misses (upgrade misses)
   PUTS: 0 # Clean evictions (from lower level)
   PUTX: 0 # Dirty evictions (from lower level)
   INV: 86 # Invalidates (from upper level)
   INVX: 18 # Downgrades (from upper level)
   FWD: 0 # Forwards (from upper level)
   latGETnl: 100025577 # GET request latency on next level
   latGETnet: 0 # GET request latency on network to next level
  l1d-8: # Filter cache stats
   fhGETS: 995129 # Filtered GETS hits
   fhGETX: 606661 # Filtered GETX hits
   hGETS: 5546 # GETS hits
   hGETX: 11250 # GETX hits
   mGETS: 250176 # GETS misses
   mGETXIM: 117712 # GETX I->M misses
   mGETXSM: 6 # GETX S->M misses (upgrade misses)
   PUTS: 0 # Clean evictions (from lower level)
   PUTX: 0 # Dirty evictions (from lower level)
   INV: 72 # Invalidates (from upper level)
   INVX: 7 # Downgrades (from upper level)
   FWD: 0 # Forwards (from upper level)
   latGETnl: 100023165 # GET request latency on next level
   latGETnet: 0 # GET request latency on network to next level
  l1d-9: # Filter cache stats
   fhGETS: 995125 # Filtered GETS hits
   fhGETX: 606651 # Filtered GETX hits
   hGETS: 5551 # GETS hits
   hGETX: 11260 # GETX hits
   mGETS: 250175 # GETS misses
   mGETXIM: 117713 # GETX I->M misses
   mGETXSM: 5 # GETX S->M misses (upgrade misses)
   PUTS: 0 # Clean evictions (from lower level)
   PUTX: 0 # Dirty evictions (from lower level)
   INV: 73 # Invalidates (from upper level)
   INVX: 28 # Downgrades (from upper level)
   FWD: 0 # Forwards (from upper level)
   latGETnl: 100027449 # GET request latency on next level
   latGETnet: 0 # GET request latency on network to next level
  l1d-10: # Filter cache stats
   fhGETS: 995126 # Filtered GETS hits
   fhGETX: 606641 # Filtered GETX hits
   hGETS: 5538 # GETS hits
   hGETX: 11270 # GETX hits
   mGETS: 250177 # GETS misses
   mGETXIM: 117708 # GETX I->M misses
   mGETXSM: 6 # GETX S->M misses (upgrade misses)
   PUTS: 0 # Clean evictions (from lower level)
   PUTX: 0 # Dirty evictions (from lower level)
   INV: 72 # Invalidates (from upper level)
   INVX: 13 # Downgrades (from upper level)
   FWD: 0 # Forwards (from upper level)
   latGETnl: 100023909 # GET request latency on next level
   latGETnet: 0 # GET request latency on network to next level
  l1d-11: # Filter cache stats
   fhGETS: 995309 # Filtered GETS hits
   fhGETX: 606765 # Filtered GETX hits
   hGETS: 5576 # GETS hits
   hGETX: 11263 # GETX hits
   mGETS: 250191 # GETS misses
   mGETXIM: 117730 # GETX I->M misses
   mGETXSM: 10 # GETX S->M misses (upgrade misses)
   PUTS: 0 # Clean evictions (from lower level)
   PUTX: 0 # Dirty evictions (from lower level)
   INV: 82 # Invalidates (from upper level)
   INVX: 14 # Downgrades (from upper level)
   FWD: 0 # Forwards (from upper level)
   latGETnl: 100031288 # GET request latency on next level
   latGETnet: 0 # GET request latency on network to next level
  l1d-12: # Filter cache stats
   fhGETS: 995149 # Filtered GETS hits
   fhGETX: 606660 # Filtered GETX hits
   hGETS: 5530 # GETS hits
   hGETX: 11250 # GETX hits
   mGETS: 250176 # GETS misses
   mGETXIM: 117712 # GETX I->M misses
   mGETXSM: 3 # GETX S->M misses (upgrade misses)
   PUTS: 0 # Clean evictions (from lower level)
   PUTX: 0 # Dirty evictions (from lower level)
   INV: 71 # Invalidates (from upper level)
   INVX: 8 # Downgrades (from upper level)
   FWD: 0 # Forwards (from upper level)
   latGETnl: 100023741 # GET request latency on next level
   latGETnet: 0 # GET request latency on network to next level
  l1d-13: # Filter cache stats
   fhGETS: 995141 # Filtered GETS hits
   fhGETX: 606656 # Filtered GETX hits
   hGETS: 5531 # GETS hits
   hGETX: 11261 # GETX hits
   mGETS: 250179 # GETS misses
   mGETXIM: 117707 # GETX I->M misses
   mGETXSM: 5 # GETX S->M misses (upgrade misses)
   PUTS: 0 # Clean evictions (from lower level)
   PUTX: 0 # Dirty evictions (from lower level)
   INV: 71 # Invalidates (from upper level)
   INVX: 16 # Downgrades (from upper level)
   FWD: 0 # Forwards (from upper level)
   latGETnl: 100025373 # GET request latency on next level
   latGETnet: 0 # GET request latency on network to next level
  l1d-14: # Filter cache stats
   fhGETS: 995136 # Filtered GETS hits
   fhGETX: 606651 # Filtered GETX hits
   hGETS: 5535 # GETS hits
   hGETX: 11258 # GETX hits
   mGETS: 250174 # GETS misses
   mGETXIM: 117711 # GETX I->M misses
   mGETXSM: 4 # GETX S->M misses (upgrade misses)
   PUTS: 0 # Clean evictions (from lower level)
   PUTX: 0 # Dirty evictions (from lower level)
   INV: 69 # Invalidates (from upper level)
   INVX: 8 # Downgrades (from upper level)
   FWD: 0 # Forwards (from upper level)
   latGETnl: 100023212 # GET request latency on next level
   latGETnet: 0 # GET request latency on network to next level
  l1d-15: # Filter cache stats
   fhGETS: 996231 # Filtered GETS hits
   fhGETX: 607001 # Filtered GETX hits
   hGETS: 5885 # GETS hits
   hGETX: 11325 # GETX hits
   mGETS: 250153 # GETS misses
   mGETXIM: 117674 # GETX I->M misses
   mGETXSM: 15 # GETX S->M misses (upgrade misses)
   PUTS: 0 # Clean evictions (from lower level)
   PUTX: 0 # Dirty evictions (from lower level)
   INV: 72 # Invalidates (from upper level)
   INVX: 1 # Downgrades (from upper level)
   FWD: 0 # Forwards (from upper level)
   latGETnl: 99997761 # GET request latency on next level
   latGETnet: 0 # GET request latency on network to next level
  l1d-16: # Filter cache stats
   fhGETS: 995128 # Filtered GETS hits
   fhGETX: 606640 # Filtered GETX hits
   hGETS: 5544 # GETS hits
   hGETX: 11278 # GETX hits
   mGETS: 250179 # GETS misses
   mGETXIM: 117704 # GETX I->M misses
   mGETXSM: 7 # GETX S->M misses (upgrade misses)
   PUTS: 0 # Clean evictions (from lower level)
   PUTX: 0 # Dirty evictions (from lower level)
   INV: 68 # Invalidates (from upper level)
   INVX: 4 # Downgrades (from upper level)
   FWD: 0 # Forwards (from upper level)
   latGETnl: 100022415 # GET request latency on next level
   latGETnet: 0 # GET request latency on network to next level
  l1d-17: # Filter cache stats
   fhGETS: 995143 # Filtered GETS hits
   fhGETX: 606652 # Filtered GETX hits
   hGETS: 5528 # GETS hits
   hGETX: 11266 # GETX hits
   mGETS: 250180 # GETS misses
   mGETXIM: 117706 # GETX I->M misses
   mGETXSM: 5 # GETX S->M misses (upgrade misses)
   PUTS: 0 # Clean evictions (from lower level)
   PUTX: 0 # Dirty evictions (from lower level)
   INV: 72 # Invalidates (from upper level)
   INVX: 2 # Downgrades (from upper level)
   FWD: 0 # Forwards (from upper level)
   latGETnl: 100021857 # GET request latency on next level
   latGETnet: 0 # GET request latency on network to next level
  l1d-18: # Filter cache stats
   fhGETS: 995150 # Filtered GETS hits
   fhGETX: 606655 # Filtered GETX hits
   hGETS: 5525 # GETS hits
   hGETX: 11261 # GETX hits
   mGETS: 250180 # GETS misses
   mGETXIM: 117705 # GETX I->M misses
   mGETXSM: 4 # GETX S->M misses (upgrade misses)
   PUTS: 0 # Clean evictions (from lower level)
   PUTX: 0 # Dirty evictions (from lower level)
   INV: 68 # Invalidates (from upper level)
   INVX: 1 # Downgrades (from upper level)
   FWD: 0 # Forwards (from upper level)
   latGETnl: 100022087 # GET request latency on next level
   latGETnet: 0 # GET request latency on network to next level
  l1d-19: # Filter cache stats
   fhGETS: 995129 # Filtered GETS hits
   fhGETX: 606648 # Filtered GETX hits
   hGETS: 5530 # GETS hits
   hGETX: 11269 # GETX hits
   mGETS: 250182 # GETS misses
   mGETXIM: 117702 # GETX I->M misses
   mGETXSM: 6 # GETX S->M misses (upgrade misses)
   PUTS: 0 # Clean evictions (from lower level)
   PUTX: 0 # Dirty evictions (from lower level)
   INV: 70 # Invalidates (from upper level)
   INVX: 2 # Downgrades (from upper level)
   FWD: 0 # Forwards (from upper level)
   latGETnl: 100021965 # GET request latency on next level
   latGETnet: 0 # GET request latency on network to next level
  l1d-20: # Filter cache stats
   fhGETS: 995121 # Filtered GETS hits
   fhGETX: 606648 # Filtered GETX hits
   hGETS: 5552 # GETS hits
   hGETX: 11267 # GETX hits
   mGETS: 250178 # GETS misses
   mGETXIM: 117709 # GETX I->M misses
   mGETXSM: 5 # GETX S->M misses (upgrade misses)
   PUTS: 0 # Clean evictions (from lower level)
   PUTX: 0 # Dirty evictions (from lower level)
   INV: 72 # Invalidates (from upper level)
   INVX: 2 # Downgrades (from upper level)
   FWD: 0 # Forwards (from upper level)
   latGETnl: 100021581 # GET request latency on next level
   latGETnet: 0 # GET request latency on network to next level
  l1d-21: # Filter cache stats
   fhGETS: 995119 # Filtered GETS hits
   fhGETX: 606638 # Filtered GETX hits
   hGETS: 5528 # GETS hits
   hGETX: 11270 # GETX hits
   mGETS: 250175 # GETS misses
   mGETXIM: 117701 # GETX I->M misses
   mGETXSM: 5 # GETX S->M misses (upgrade misses)
   PUTS: 0 # Clean evictions (from lower level)
   PUTX: 0 # Dirty evictions (from lower level)
   INV: 69 # Invalidates (from upper level)
   INVX: 2 # Downgrades (from upper level)
   FWD: 0 # Forwards (from upper level)
   latGETnl: 100019728 # GET request latency on next level
   latGETnet: 0 # GET request latency on network to next level
  l1d-22: # Filter cache stats
   fhGETS: 995116 # Filtered GETS hits
   fhGETX: 606643 # Filtered GETX hits
   hGETS: 5529 # GETS hits
   hGETX: 11262 # GETX hits
   mGETS: 250176 # GETS misses
   mGETXIM: 117702 # GETX I->M misses
   mGETXSM: 6 # GETX S->M misses (upgrade misses)
   PUTS: 0 # Clean evictions (from lower level)
   PUTX: 0 # Dirty evictions (from lower level)
   INV: 70 # Invalidates (from upper level)
   INVX: 2 # Downgrades (from upper level)
   FWD: 0 # Forwards (from upper level)
   latGETnl: 100020333 # GET request latency on next level
   latGETnet: 0 # GET request latency on network to next level
  l1d-23: # Filter cache stats
   fhGETS: 0 # Filtered GETS hits
   fhGETX: 0 # Filtered GETX hits
   hGETS: 0 # GETS hits
   hGETX: 0 # GETX hits
   mGETS: 0 # GETS misses
   mGETXIM: 0 # GETX I->M misses
   mGETXSM: 0 # GETX S->M misses (upgrade misses)
   PUTS: 0 # Clean evictions (from lower level)
   PUTX: 0 # Dirty evictions (from lower level)
   INV: 0 # Invalidates (from upper level)
   INVX: 0 # Downgrades (from upper level)
   FWD: 0 # Forwards (from upper level)
   latGETnl: 0 # GET request latency on next level
   latGETnet: 0 # GET request latency on network to next level
 l1i: # Cache stats
  l1i-0: # Filter cache stats
   fhGETS: 28478602 # Filtered GETS hits
   fhGETX: 0 # Filtered GETX hits
   hGETS: 132227 # GETS hits
   hGETX: 0 # GETX hits
   mGETS: 800 # GETS misses
   mGETXIM: 0 # GETX I->M misses
   mGETXSM: 0 # GETX S->M misses (upgrade misses)
   PUTS: 0 # Clean evictions (from lower level)
   PUTX: 0 # Dirty evictions (from lower level)
   INV: 777 # Invalidates (from upper level)
   INVX: 0 # Downgrades (from upper level)
   FWD: 0 # Forwards (from upper level)
   latGETnl: 76525 # GET request latency on next level
   latGETnet: 0 # GET request latency on network to next level
  l1i-1: # Filter cache stats
   fhGETS: 28478595 # Filtered GETS hits
   fhGETX: 0 # Filtered GETX hits
   hGETS: 132266 # GETS hits
   hGETX: 0 # GETX hits
   mGETS: 699 # GETS misses
   mGETXIM: 0 # GETX I->M misses
   mGETXSM: 0 # GETX S->M misses (upgrade misses)
   PUTS: 0 # Clean evictions (from lower level)
   PUTX: 0 # Dirty evictions (from lower level)
   INV: 676 # Invalidates (from upper level)
   INVX: 0 # Downgrades (from upper level)
   FWD: 0 # Forwards (from upper level)
   latGETnl: 38478 # GET request latency on next level
   latGETnet: 0 # GET request latency on network to next level
  l1i-2: # Filter cache stats
   fhGETS: 28477527 # Filtered GETS hits
   fhGETX: 0 # Filtered GETX hits
   hGETS: 132260 # GETS hits
   hGETX: 0 # GETX hits
   mGETS: 729 # GETS misses
   mGETXIM: 0 # GETX I->M misses
   mGETXSM: 0 # GETX S->M misses (upgrade misses)
   PUTS: 0 # Clean evictions (from lower level)
   PUTX: 0 # Dirty evictions (from lower level)
   INV: 706 # Invalidates (from upper level)
   INVX: 0 # Downgrades (from upper level)
   FWD: 0 # Forwards (from upper level)
   latGETnl: 43713 # GET request latency on next level
   latGETnet: 0 # GET request latency on network to next level
  l1i-3: # Filter cache stats
   fhGETS: 28478653 # Filtered GETS hits
   fhGETX: 0 # Filtered GETX hits
   hGETS: 132251 # GETS hits
   hGETX: 0 # GETX hits
   mGETS: 712 # GETS misses
   mGETXIM: 0 # GETX I->M misses
   mGETXSM: 0 # GETX S->M misses (upgrade misses)
   PUTS: 0 # Clean evictions (from lower level)
   PUTX: 0 # Dirty evictions (from lower level)
   INV: 686 # Invalidates (from upper level)
   INVX: 0 # Downgrades (from upper level)
   FWD: 0 # Forwards (from upper level)
   latGETnl: 39989 # GET request latency on next level
   latGETnet: 0 # GET request latency on network to next level
  l1i-4: # Filter cache stats
   fhGETS: 28478586 # Filtered GETS hits
   fhGETX: 0 # Filtered GETX hits
   hGETS: 132258 # GETS hits
   hGETX: 0 # GETX hits
   mGETS: 709 # GETS misses
   mGETXIM: 0 # GETX I->M misses
   mGETXSM: 0 # GETX S->M misses (upgrade misses)
   PUTS: 0 # Clean evictions (from lower level)
   PUTX: 0 # Dirty evictions (from lower level)
   INV: 686 # Invalidates (from upper level)
   INVX: 0 # Downgrades (from upper level)
   FWD: 0 # Forwards (from upper level)
   latGETnl: 34448 # GET request latency on next level
   latGETnet: 0 # GET request latency on network to next level
  l1i-5: # Filter cache stats
   fhGETS: 28478454 # Filtered GETS hits
   fhGETX: 0 # Filtered GETX hits
   hGETS: 132240 # GETS hits
   hGETX: 0 # GETX hits
   mGETS: 720 # GETS misses
   mGETXIM: 0 # GETX I->M misses
   mGETXSM: 0 # GETX S->M misses (upgrade misses)
   PUTS: 0 # Clean evictions (from lower level)
   PUTX: 0 # Dirty evictions (from lower level)
   INV: 697 # Invalidates (from upper level)
   INVX: 0 # Downgrades (from upper level)
   FWD: 0 # Forwards (from upper level)
   latGETnl: 34290 # GET request latency on next level
   latGETnet: 0 # GET request latency on network to next level
  l1i-6: # Filter cache stats
   fhGETS: 28478506 # Filtered GETS hits
   fhGETX: 0 # Filtered GETX hits
   hGETS: 132192 # GETS hits
   hGETX: 0 # GETX hits
   mGETS: 690 # GETS misses
   mGETXIM: 0 # GETX I->M misses
   mGETXSM: 0 # GETX S->M misses (upgrade misses)
   PUTS: 0 # Clean evictions (from lower level)
   PUTX: 0 # Dirty evictions (from lower level)
   INV: 667 # Invalidates (from upper level)
   INVX: 0 # Downgrades (from upper level)
   FWD: 0 # Forwards (from upper level)
   latGETnl: 38955 # GET request latency on next level
   latGETnet: 0 # GET request latency on network to next level
  l1i-7: # Filter cache stats
   fhGETS: 28478103 # Filtered GETS hits
   fhGETX: 0 # Filtered GETX hits
   hGETS: 132259 # GETS hits
   hGETX: 0 # GETX hits
   mGETS: 710 # GETS misses
   mGETXIM: 0 # GETX I->M misses
   mGETXSM: 0 # GETX S->M misses (upgrade misses)
   PUTS: 0 # Clean evictions (from lower level)
   PUTX: 0 # Dirty evictions (from lower level)
   INV: 687 # Invalidates (from upper level)
   INVX: 0 # Downgrades (from upper level)
   FWD: 0 # Forwards (from upper level)
   latGETnl: 33370 # GET request latency on next level
   latGETnet: 0 # GET request latency on network to next level
  l1i-8: # Filter cache stats
   fhGETS: 28478498 # Filtered GETS hits
   fhGETX: 0 # Filtered GETX hits
   hGETS: 132251 # GETS hits
   hGETX: 0 # GETX hits
   mGETS: 691 # GETS misses
   mGETXIM: 0 # GETX I->M misses
   mGETXSM: 0 # GETX S->M misses (upgrade misses)
   PUTS: 0 # Clean evictions (from lower level)
   PUTX: 0 # Dirty evictions (from lower level)
   INV: 668 # Invalidates (from upper level)
   INVX: 0 # Downgrades (from upper level)
   FWD: 0 # Forwards (from upper level)
   latGETnl: 36302 # GET request latency on next level
   latGETnet: 0 # GET request latency on network to next level
  l1i-9: # Filter cache stats
   fhGETS: 28478480 # Filtered GETS hits
   fhGETX: 0 # Filtered GETX hits
   hGETS: 132257 # GETS hits
   hGETX: 0 # GETX hits
   mGETS: 696 # GETS misses
   mGETXIM: 0 # GETX I->M misses
   mGETXSM: 0 # GETX S->M misses (upgrade misses)
   PUTS: 0 # Clean evictions (from lower level)
   PUTX: 0 # Dirty evictions (from lower level)
   INV: 673 # Invalidates (from upper level)
   INVX: 0 # Downgrades (from upper level)
   FWD: 0 # Forwards (from upper level)
   latGETnl: 34737 # GET request latency on next level
   latGETnet: 0 # GET request latency on network to next level
  l1i-10: # Filter cache stats
   fhGETS: 28478096 # Filtered GETS hits
   fhGETX: 0 # Filtered GETX hits
   hGETS: 132259 # GETS hits
   hGETX: 0 # GETX hits
   mGETS: 699 # GETS misses
   mGETXIM: 0 # GETX I->M misses
   mGETXSM: 0 # GETX S->M misses (upgrade misses)
   PUTS: 0 # Clean evictions (from lower level)
   PUTX: 0 # Dirty evictions (from lower level)
   INV: 676 # Invalidates (from upper level)
   INVX: 0 # Downgrades (from upper level)
   FWD: 0 # Forwards (from upper level)
   latGETnl: 36003 # GET request latency on next level
   latGETnet: 0 # GET request latency on network to next level
  l1i-11: # Filter cache stats
   fhGETS: 28478116 # Filtered GETS hits
   fhGETX: 0 # Filtered GETX hits
   hGETS: 132348 # GETS hits
   hGETX: 0 # GETX hits
   mGETS: 699 # GETS misses
   mGETXIM: 0 # GETX I->M misses
   mGETXSM: 0 # GETX S->M misses (upgrade misses)
   PUTS: 0 # Clean evictions (from lower level)
   PUTX: 0 # Dirty evictions (from lower level)
   INV: 676 # Invalidates (from upper level)
   INVX: 0 # Downgrades (from upper level)
   FWD: 0 # Forwards (from upper level)
   latGETnl: 34653 # GET request latency on next level
   latGETnet: 0 # GET request latency on network to next level
  l1i-12: # Filter cache stats
   fhGETS: 28478454 # Filtered GETS hits
   fhGETX: 0 # Filtered GETX hits
   hGETS: 132259 # GETS hits
   hGETX: 0 # GETX hits
   mGETS: 691 # GETS misses
   mGETXIM: 0 # GETX I->M misses
   mGETXSM: 0 # GETX S->M misses (upgrade misses)
   PUTS: 0 # Clean evictions (from lower level)
   PUTX: 0 # Dirty evictions (from lower level)
   INV: 662 # Invalidates (from upper level)
   INVX: 0 # Downgrades (from upper level)
   FWD: 0 # Forwards (from upper level)
   latGETnl: 34952 # GET request latency on next level
   latGETnet: 0 # GET request latency on network to next level
  l1i-13: # Filter cache stats
   fhGETS: 28478448 # Filtered GETS hits
   fhGETX: 0 # Filtered GETX hits
   hGETS: 132221 # GETS hits
   hGETX: 0 # GETX hits
   mGETS: 695 # GETS misses
   mGETXIM: 0 # GETX I->M misses
   mGETXSM: 0 # GETX S->M misses (upgrade misses)
   PUTS: 0 # Clean evictions (from lower level)
   PUTX: 0 # Dirty evictions (from lower level)
   INV: 672 # Invalidates (from upper level)
   INVX: 0 # Downgrades (from upper level)
   FWD: 0 # Forwards (from upper level)
   latGETnl: 33790 # GET request latency on next level
   latGETnet: 0 # GET request latency on network to next level
  l1i-14: # Filter cache stats
   fhGETS: 28478323 # Filtered GETS hits
   fhGETX: 0 # Filtered GETX hits
   hGETS: 132243 # GETS hits
   hGETX: 0 # GETX hits
   mGETS: 690 # GETS misses
   mGETXIM: 0 # GETX I->M misses
   mGETXSM: 0 # GETX S->M misses (upgrade misses)
   PUTS: 0 # Clean evictions (from lower level)
   PUTX: 0 # Dirty evictions (from lower level)
   INV: 667 # Invalidates (from upper level)
   INVX: 0 # Downgrades (from upper level)
   FWD: 0 # Forwards (from upper level)
   latGETnl: 33780 # GET request latency on next level
   latGETnet: 0 # GET request latency on network to next level
  l1i-15: # Filter cache stats
   fhGETS: 28468669 # Filtered GETS hits
   fhGETX: 0 # Filtered GETX hits
   hGETS: 132373 # GETS hits
   hGETX: 0 # GETX hits
   mGETS: 763 # GETS misses
   mGETXIM: 0 # GETX I->M misses
   mGETXSM: 0 # GETX S->M misses (upgrade misses)
   PUTS: 0 # Clean evictions (from lower level)
   PUTX: 0 # Dirty evictions (from lower level)
   INV: 740 # Invalidates (from upper level)
   INVX: 0 # Downgrades (from upper level)
   FWD: 0 # Forwards (from upper level)
   latGETnl: 48236 # GET request latency on next level
   latGETnet: 0 # GET request latency on network to next level
  l1i-16: # Filter cache stats
   fhGETS: 28478367 # Filtered GETS hits
   fhGETX: 0 # Filtered GETX hits
   hGETS: 132259 # GETS hits
   hGETX: 0 # GETX hits
   mGETS: 691 # GETS misses
   mGETXIM: 0 # GETX I->M misses
   mGETXSM: 0 # GETX S->M misses (upgrade misses)
   PUTS: 0 # Clean evictions (from lower level)
   PUTX: 0 # Dirty evictions (from lower level)
   INV: 668 # Invalidates (from upper level)
   INVX: 0 # Downgrades (from upper level)
   FWD: 0 # Forwards (from upper level)
   latGETnl: 33602 # GET request latency on next level
   latGETnet: 0 # GET request latency on network to next level
  l1i-17: # Filter cache stats
   fhGETS: 28478459 # Filtered GETS hits
   fhGETX: 0 # Filtered GETX hits
   hGETS: 132194 # GETS hits
   hGETX: 0 # GETX hits
   mGETS: 700 # GETS misses
   mGETXIM: 0 # GETX I->M misses
   mGETXSM: 0 # GETX S->M misses (upgrade misses)
   PUTS: 0 # Clean evictions (from lower level)
   PUTX: 0 # Dirty evictions (from lower level)
   INV: 677 # Invalidates (from upper level)
   INVX: 0 # Downgrades (from upper level)
   FWD: 0 # Forwards (from upper level)
   latGETnl: 33800 # GET request latency on next level
   latGETnet: 0 # GET request latency on network to next level
  l1i-18: # Filter cache stats
   fhGETS: 28478499 # Filtered GETS hits
   fhGETX: 0 # Filtered GETX hits
   hGETS: 132249 # GETS hits
   hGETX: 0 # GETX hits
   mGETS: 690 # GETS misses
   mGETXIM: 0 # GETX I->M misses
   mGETXSM: 0 # GETX S->M misses (upgrade misses)
   PUTS: 0 # Clean evictions (from lower level)
   PUTX: 0 # Dirty evictions (from lower level)
   INV: 662 # Invalidates (from upper level)
   INVX: 0 # Downgrades (from upper level)
   FWD: 0 # Forwards (from upper level)
   latGETnl: 33555 # GET request latency on next level
   latGETnet: 0 # GET request latency on network to next level
  l1i-19: # Filter cache stats
   fhGETS: 28478240 # Filtered GETS hits
   fhGETX: 0 # Filtered GETX hits
   hGETS: 132259 # GETS hits
   hGETX: 0 # GETX hits
   mGETS: 695 # GETS misses
   mGETXIM: 0 # GETX I->M misses
   mGETXSM: 0 # GETX S->M misses (upgrade misses)
   PUTS: 0 # Clean evictions (from lower level)
   PUTX: 0 # Dirty evictions (from lower level)
   INV: 672 # Invalidates (from upper level)
   INVX: 0 # Downgrades (from upper level)
   FWD: 0 # Forwards (from upper level)
   latGETnl: 32665 # GET request latency on next level
   latGETnet: 0 # GET request latency on network to next level
  l1i-20: # Filter cache stats
   fhGETS: 28478372 # Filtered GETS hits
   fhGETX: 0 # Filtered GETX hits
   hGETS: 132204 # GETS hits
   hGETX: 0 # GETX hits
   mGETS: 698 # GETS misses
   mGETXIM: 0 # GETX I->M misses
   mGETXSM: 0 # GETX S->M misses (upgrade misses)
   PUTS: 0 # Clean evictions (from lower level)
   PUTX: 0 # Dirty evictions (from lower level)
   INV: 675 # Invalidates (from upper level)
   INVX: 0 # Downgrades (from upper level)
   FWD: 0 # Forwards (from upper level)
   latGETnl: 32806 # GET request latency on next level
   latGETnet: 0 # GET request latency on network to next level
  l1i-21: # Filter cache stats
   fhGETS: 28477746 # Filtered GETS hits
   fhGETX: 0 # Filtered GETX hits
   hGETS: 132227 # GETS hits
   hGETX: 0 # GETX hits
   mGETS: 692 # GETS misses
   mGETXIM: 0 # GETX I->M misses
   mGETXSM: 0 # GETX S->M misses (upgrade misses)
   PUTS: 0 # Clean evictions (from lower level)
   PUTX: 0 # Dirty evictions (from lower level)
   INV: 669 # Invalidates (from upper level)
   INVX: 0 # Downgrades (from upper level)
   FWD: 0 # Forwards (from upper level)
   latGETnl: 32974 # GET request latency on next level
   latGETnet: 0 # GET request latency on network to next level
  l1i-22: # Filter cache stats
   fhGETS: 28477754 # Filtered GETS hits
   fhGETX: 0 # Filtered GETX hits
   hGETS: 132257 # GETS hits
   hGETX: 0 # GETX hits
   mGETS: 696 # GETS misses
   mGETXIM: 0 # GETX I->M misses
   mGETXSM: 0 # GETX S->M misses (upgrade misses)
   PUTS: 0 # Clean evictions (from lower level)
   PUTX: 0 # Dirty evictions (from lower level)
   INV: 673 # Invalidates (from upper level)
   INVX: 0 # Downgrades (from upper level)
   FWD: 0 # Forwards (from upper level)
   latGETnl: 32712 # GET request latency on next level
   latGETnet: 0 # GET request latency on network to next level
  l1i-23: # Filter cache stats
   fhGETS: 0 # Filtered GETS hits
   fhGETX: 0 # Filtered GETX hits
   hGETS: 0 # GETS hits
   hGETX: 0 # GETX hits
   mGETS: 0 # GETS misses
   mGETXIM: 0 # GETX I->M misses
   mGETXSM: 0 # GETX S->M misses (upgrade misses)
   PUTS: 0 # Clean evictions (from lower level)
   PUTX: 0 # Dirty evictions (from lower level)
   INV: 0 # Invalidates (from upper level)
   INVX: 0 # Downgrades (from upper level)
   FWD: 0 # Forwards (from upper level)
   latGETnl: 0 # GET request latency on next level
   latGETnet: 0 # GET request latency on network to next level
 l2: # Cache stats
  l2-0: # Cache stats
   hGETS: 0 # GETS hits
   hGETX: 0 # GETX hits
   mGETS: 251046 # GETS misses
   mGETXIM: 117749 # GETX I->M misses
   mGETXSM: 6 # GETX S->M misses (upgrade misses)
   PUTS: 249850 # Clean evictions (from lower level)
   PUTX: 117528 # Dirty evictions (from lower level)
   INV: 35509 # Invalidates (from upper level)
   INVX: 90 # Downgrades (from upper level)
   FWD: 0 # Forwards (from upper level)
   latGETnl: 96448012 # GET request latency on next level
   latGETnet: 0 # GET request latency on network to next level
  l2-1: # Cache stats
   hGETS: 0 # GETS hits
   hGETX: 0 # GETX hits
   mGETS: 250902 # GETS misses
   mGETXIM: 117714 # GETX I->M misses
   mGETXSM: 9 # GETX S->M misses (upgrade misses)
   PUTS: 249811 # Clean evictions (from lower level)
   PUTX: 117506 # Dirty evictions (from lower level)
   INV: 22334 # Invalidates (from upper level)
   INVX: 26 # Downgrades (from upper level)
   FWD: 0 # Forwards (from upper level)
   latGETnl: 96382423 # GET request latency on next level
   latGETnet: 0 # GET request latency on network to next level
  l2-2: # Cache stats
   hGETS: 0 # GETS hits
   hGETX: 0 # GETX hits
   mGETS: 250913 # GETS misses
   mGETXIM: 117709 # GETX I->M misses
   mGETXSM: 4 # GETX S->M misses (upgrade misses)
   PUTS: 249807 # Clean evictions (from lower level)
   PUTX: 117505 # Dirty evictions (from lower level)
   INV: 23304 # Invalidates (from upper level)
   INVX: 5 # Downgrades (from upper level)
   FWD: 0 # Forwards (from upper level)
   latGETnl: 96381519 # GET request latency on next level
   latGETnet: 0 # GET request latency on network to next level
  l2-3: # Cache stats
   hGETS: 0 # GETS hits
   hGETX: 0 # GETX hits
   mGETS: 250910 # GETS misses
   mGETXIM: 117716 # GETX I->M misses
   mGETXSM: 7 # GETX S->M misses (upgrade misses)
   PUTS: 249811 # Clean evictions (from lower level)
   PUTX: 117505 # Dirty evictions (from lower level)
   INV: 21932 # Invalidates (from upper level)
   INVX: 30 # Downgrades (from upper level)
   FWD: 0 # Forwards (from upper level)
   latGETnl: 96384026 # GET request latency on next level
   latGETnet: 0 # GET request latency on network to next level
  l2-4: # Cache stats
   hGETS: 0 # GETS hits
   hGETX: 0 # GETX hits
   mGETS: 250909 # GETS misses
   mGETXIM: 117716 # GETX I->M misses
   mGETXSM: 9 # GETX S->M misses (upgrade misses)
   PUTS: 249809 # Clean evictions (from lower level)
   PUTX: 117507 # Dirty evictions (from lower level)
   INV: 21882 # Invalidates (from upper level)
   INVX: 22 # Downgrades (from upper level)
   FWD: 0 # Forwards (from upper level)
   latGETnl: 96376133 # GET request latency on next level
   latGETnet: 0 # GET request latency on network to next level
  l2-5: # Cache stats
   hGETS: 0 # GETS hits
   hGETX: 0 # GETX hits
   mGETS: 250918 # GETS misses
   mGETXIM: 117712 # GETX I->M misses
   mGETXSM: 7 # GETX S->M misses (upgrade misses)
   PUTS: 249809 # Clean evictions (from lower level)
   PUTX: 117506 # Dirty evictions (from lower level)
   INV: 23356 # Invalidates (from upper level)
   INVX: 15 # Downgrades (from upper level)
   FWD: 0 # Forwards (from upper level)
   latGETnl: 96375260 # GET request latency on next level
   latGETnet: 0 # GET request latency on network to next level
  l2-6: # Cache stats
   hGETS: 0 # GETS hits
   hGETX: 0 # GETX hits
   mGETS: 250870 # GETS misses
   mGETXIM: 117705 # GETX I->M misses
   mGETXSM: 6 # GETX S->M misses (upgrade misses)
   PUTS: 249798 # Clean evictions (from lower level)
   PUTX: 117506 # Dirty evictions (from lower level)
   INV: 22421 # Invalidates (from upper level)
   INVX: 5 # Downgrades (from upper level)
   FWD: 0 # Forwards (from upper level)
   latGETnl: 96376056 # GET request latency on next level
   latGETnet: 0 # GET request latency on network to next level
  l2-7: # Cache stats
   hGETS: 0 # GETS hits
   hGETX: 0 # GETX hits
   mGETS: 250903 # GETS misses
   mGETXIM: 117714 # GETX I->M misses
   mGETXSM: 6 # GETX S->M misses (upgrade misses)
   PUTS: 249806 # Clean evictions (from lower level)
   PUTX: 117503 # Dirty evictions (from lower level)
   INV: 36219 # Invalidates (from upper level)
   INVX: 18 # Downgrades (from upper level)
   FWD: 0 # Forwards (from upper level)
   latGETnl: 96372717 # GET request latency on next level
   latGETnet: 0 # GET request latency on network to next level
  l2-8: # Cache stats
   hGETS: 0 # GETS hits
   hGETX: 0 # GETX hits
   mGETS: 250867 # GETS misses
   mGETXIM: 117712 # GETX I->M misses
   mGETXSM: 6 # GETX S->M misses (upgrade misses)
   PUTS: 249799 # Clean evictions (from lower level)
   PUTX: 117505 # Dirty evictions (from lower level)
   INV: 28571 # Invalidates (from upper level)
   INVX: 7 # Downgrades (from upper level)
   FWD: 0 # Forwards (from upper level)
   latGETnl: 96373617 # GET request latency on next level
   latGETnet: 0 # GET request latency on network to next level
  l2-9: # Cache stats
   hGETS: 0 # GETS hits
   hGETX: 0 # GETX hits
   mGETS: 250871 # GETS misses
   mGETXIM: 117713 # GETX I->M misses
   mGETXSM: 5 # GETX S->M misses (upgrade misses)
   PUTS: 249799 # Clean evictions (from lower level)
   PUTX: 117504 # Dirty evictions (from lower level)
   INV: 21849 # Invalidates (from upper level)
   INVX: 28 # Downgrades (from upper level)
   FWD: 0 # Forwards (from upper level)
   latGETnl: 96376296 # GET request latency on next level
   latGETnet: 0 # GET request latency on network to next level
  l2-10: # Cache stats
   hGETS: 0 # GETS hits
   hGETX: 0 # GETX hits
   mGETS: 250876 # GETS misses
   mGETXIM: 117708 # GETX I->M misses
   mGETXSM: 6 # GETX S->M misses (upgrade misses)
   PUTS: 249795 # Clean evictions (from lower level)
   PUTX: 117506 # Dirty evictions (from lower level)
   INV: 21966 # Invalidates (from upper level)
   INVX: 13 # Downgrades (from upper level)
   FWD: 0 # Forwards (from upper level)
   latGETnl: 96374012 # GET request latency on next level
   latGETnet: 0 # GET request latency on network to next level
  l2-11: # Cache stats
   hGETS: 0 # GETS hits
   hGETX: 0 # GETX hits
   mGETS: 250890 # GETS misses
   mGETXIM: 117730 # GETX I->M misses
   mGETXSM: 10 # GETX S->M misses (upgrade misses)
   PUTS: 249803 # Clean evictions (from lower level)
   PUTX: 117524 # Dirty evictions (from lower level)
   INV: 38240 # Invalidates (from upper level)
   INVX: 15 # Downgrades (from upper level)
   FWD: 0 # Forwards (from upper level)
   latGETnl: 96379641 # GET request latency on next level
   latGETnet: 0 # GET request latency on network to next level
  l2-12: # Cache stats
   hGETS: 0 # GETS hits
   hGETX: 0 # GETX hits
   mGETS: 250867 # GETS misses
   mGETXIM: 117712 # GETX I->M misses
   mGETXSM: 3 # GETX S->M misses (upgrade misses)
   PUTS: 249797 # Clean evictions (from lower level)
   PUTX: 117508 # Dirty evictions (from lower level)
   INV: 28033 # Invalidates (from upper level)
   INVX: 8 # Downgrades (from upper level)
   FWD: 0 # Forwards (from upper level)
   latGETnl: 96372873 # GET request latency on next level
   latGETnet: 0 # GET request latency on network to next level
  l2-13: # Cache stats
   hGETS: 0 # GETS hits
   hGETX: 0 # GETX hits
   mGETS: 250874 # GETS misses
   mGETXIM: 117707 # GETX I->M misses
   mGETXSM: 5 # GETX S->M misses (upgrade misses)
   PUTS: 249799 # Clean evictions (from lower level)
   PUTX: 117504 # Dirty evictions (from lower level)
   INV: 21802 # Invalidates (from upper level)
   INVX: 16 # Downgrades (from upper level)
   FWD: 0 # Forwards (from upper level)
   latGETnl: 96373303 # GET request latency on next level
   latGETnet: 0 # GET request latency on network to next level
  l2-14: # Cache stats
   hGETS: 0 # GETS hits
   hGETX: 0 # GETX hits
   mGETS: 250864 # GETS misses
   mGETXIM: 117711 # GETX I->M misses
   mGETXSM: 4 # GETX S->M misses (upgrade misses)
   PUTS: 249798 # Clean evictions (from lower level)
   PUTX: 117506 # Dirty evictions (from lower level)
   INV: 22046 # Invalidates (from upper level)
   INVX: 8 # Downgrades (from upper level)
   FWD: 0 # Forwards (from upper level)
   latGETnl: 96371202 # GET request latency on next level
   latGETnet: 0 # GET request latency on network to next level
  l2-15: # Cache stats
   hGETS: 0 # GETS hits
   hGETX: 0 # GETX hits
   mGETS: 250916 # GETS misses
   mGETXIM: 117674 # GETX I->M misses
   mGETXSM: 15 # GETX S->M misses (upgrade misses)
   PUTS: 249761 # Clean evictions (from lower level)
   PUTX: 117482 # Dirty evictions (from lower level)
   INV: 36014 # Invalidates (from upper level)
   INVX: 1 # Downgrades (from upper level)
   FWD: 0 # Forwards (from upper level)
   latGETnl: 96359947 # GET request latency on next level
   latGETnet: 0 # GET request latency on network to next level
  l2-16: # Cache stats
   hGETS: 0 # GETS hits
   hGETX: 0 # GETX hits
   mGETS: 250870 # GETS misses
   mGETXIM: 117704 # GETX I->M misses
   mGETXSM: 7 # GETX S->M misses (upgrade misses)
   PUTS: 249797 # Clean evictions (from lower level)
   PUTX: 117506 # Dirty evictions (from lower level)
   INV: 21853 # Invalidates (from upper level)
   INVX: 4 # Downgrades (from upper level)
   FWD: 0 # Forwards (from upper level)
   latGETnl: 96370207 # GET request latency on next level
   latGETnet: 0 # GET request latency on network to next level
  l2-17: # Cache stats
   hGETS: 0 # GETS hits
   hGETX: 0 # GETX hits
   mGETS: 250880 # GETS misses
   mGETXIM: 117706 # GETX I->M misses
   mGETXSM: 5 # GETX S->M misses (upgrade misses)
   PUTS: 249797 # Clean evictions (from lower level)
   PUTX: 117505 # Dirty evictions (from lower level)
   INV: 28771 # Invalidates (from upper level)
   INVX: 2 # Downgrades (from upper level)
   FWD: 0 # Forwards (from upper level)
   latGETnl: 96369747 # GET request latency on next level
   latGETnet: 0 # GET request latency on network to next level
  l2-18: # Cache stats
   hGETS: 0 # GETS hits
   hGETX: 0 # GETX hits
   mGETS: 250870 # GETS misses
   mGETXIM: 117705 # GETX I->M misses
   mGETXSM: 4 # GETX S->M misses (upgrade misses)
   PUTS: 249799 # Clean evictions (from lower level)
   PUTX: 117506 # Dirty evictions (from lower level)
   INV: 21853 # Invalidates (from upper level)
   INVX: 1 # Downgrades (from upper level)
   FWD: 0 # Forwards (from upper level)
   latGETnl: 96369852 # GET request latency on next level
   latGETnet: 0 # GET request latency on network to next level
  l2-19: # Cache stats
   hGETS: 0 # GETS hits
   hGETX: 0 # GETX hits
   mGETS: 250877 # GETS misses
   mGETXIM: 117702 # GETX I->M misses
   mGETXSM: 6 # GETX S->M misses (upgrade misses)
   PUTS: 249796 # Clean evictions (from lower level)
   PUTX: 117506 # Dirty evictions (from lower level)
   INV: 36640 # Invalidates (from upper level)
   INVX: 2 # Downgrades (from upper level)
   FWD: 0 # Forwards (from upper level)
   latGETnl: 96368780 # GET request latency on next level
   latGETnet: 0 # GET request latency on network to next level
  l2-20: # Cache stats
   hGETS: 0 # GETS hits
   hGETX: 0 # GETX hits
   mGETS: 250876 # GETS misses
   mGETXIM: 117709 # GETX I->M misses
   mGETXSM: 5 # GETX S->M misses (upgrade misses)
   PUTS: 249799 # Clean evictions (from lower level)
   PUTX: 117504 # Dirty evictions (from lower level)
   INV: 22054 # Invalidates (from upper level)
   INVX: 2 # Downgrades (from upper level)
   FWD: 0 # Forwards (from upper level)
   latGETnl: 96368487 # GET request latency on next level
   latGETnet: 0 # GET request latency on network to next level
  l2-21: # Cache stats
   hGETS: 0 # GETS hits
   hGETX: 0 # GETX hits
   mGETS: 250867 # GETS misses
   mGETXIM: 117701 # GETX I->M misses
   mGETXSM: 5 # GETX S->M misses (upgrade misses)
   PUTS: 249794 # Clean evictions (from lower level)
   PUTX: 117501 # Dirty evictions (from lower level)
   INV: 39291 # Invalidates (from upper level)
   INVX: 2 # Downgrades (from upper level)
   FWD: 0 # Forwards (from upper level)
   latGETnl: 96366972 # GET request latency on next level
   latGETnet: 0 # GET request latency on network to next level
  l2-22: # Cache stats
   hGETS: 0 # GETS hits
   hGETX: 0 # GETX hits
   mGETS: 250872 # GETS misses
   mGETXIM: 117702 # GETX I->M misses
   mGETXSM: 6 # GETX S->M misses (upgrade misses)
   PUTS: 249794 # Clean evictions (from lower level)
   PUTX: 117502 # Dirty evictions (from lower level)
   INV: 29120 # Invalidates (from upper level)
   INVX: 2 # Downgrades (from upper level)
   FWD: 0 # Forwards (from upper level)
   latGETnl: 96367245 # GET request latency on next level
   latGETnet: 0 # GET request latency on network to next level
  l2-23: # Cache stats
   hGETS: 0 # GETS hits
   hGETX: 0 # GETX hits
   mGETS: 0 # GETS misses
   mGETXIM: 0 # GETX I->M misses
   mGETXSM: 0 # GETX S->M misses (upgrade misses)
   PUTS: 0 # Clean evictions (from lower level)
   PUTX: 0 # Dirty evictions (from lower level)
   INV: 0 # Invalidates (from upper level)
   INVX: 0 # Downgrades (from upper level)
   FWD: 0 # Forwards (from upper level)
   latGETnl: 0 # GET request latency on next level
   latGETnet: 0 # GET request latency on network to next level
 l3: # Cache stats
  l3-0b0: # Cache stats
   hGETS: 854 # GETS hits
   hGETX: 68 # GETX hits
   mGETS: 239665 # GETS misses
   mGETXIM: 112799 # GETX I->M misses
   mGETXSM: 0 # GETX S->M misses (upgrade misses)
   PUTS: 213176 # Clean evictions (from lower level)
   PUTX: 99243 # Dirty evictions (from lower level)
   INV: 0 # Invalidates (from upper level)
   INVX: 0 # Downgrades (from upper level)
   FWD: 0 # Forwards (from upper level)
   latGETnl: 79304400 # GET request latency on next level
   latGETnet: 0 # GET request latency on network to next level
  l3-0b1: # Cache stats
   hGETS: 828 # GETS hits
   hGETX: 36 # GETX hits
   mGETS: 239670 # GETS misses
   mGETXIM: 112892 # GETX I->M misses
   mGETXSM: 0 # GETX S->M misses (upgrade misses)
   PUTS: 212840 # Clean evictions (from lower level)
   PUTX: 99301 # Dirty evictions (from lower level)
   INV: 0 # Invalidates (from upper level)
   INVX: 0 # Downgrades (from upper level)
   FWD: 0 # Forwards (from upper level)
   latGETnl: 79326450 # GET request latency on next level
   latGETnet: 0 # GET request latency on network to next level
  l3-0b2: # Cache stats
   hGETS: 678 # GETS hits
   hGETX: 15 # GETX hits
   mGETS: 239651 # GETS misses
   mGETXIM: 112803 # GETX I->M misses
   mGETXSM: 0 # GETX S->M misses (upgrade misses)
   PUTS: 213007 # Clean evictions (from lower level)
   PUTX: 99217 # Dirty evictions (from lower level)
   INV: 0 # Invalidates (from upper level)
   INVX: 0 # Downgrades (from upper level)
   FWD: 0 # Forwards (from upper level)
   latGETnl: 79302150 # GET request latency on next level
   latGETnet: 0 # GET request latency on network to next level
  l3-0b3: # Cache stats
   hGETS: 793 # GETS hits
   hGETX: 27 # GETX hits
   mGETS: 239660 # GETS misses
   mGETXIM: 112799 # GETX I->M misses
   mGETXSM: 0 # GETX S->M misses (upgrade misses)
   PUTS: 212995 # Clean evictions (from lower level)
   PUTX: 99199 # Dirty evictions (from lower level)
   INV: 0 # Invalidates (from upper level)
   INVX: 0 # Downgrades (from upper level)
   FWD: 0 # Forwards (from upper level)
   latGETnl: 79303275 # GET request latency on next level
   latGETnet: 0 # GET request latency on network to next level
  l3-0b4: # Cache stats
   hGETS: 764 # GETS hits
   hGETX: 46 # GETX hits
   mGETS: 239654 # GETS misses
   mGETXIM: 112800 # GETX I->M misses
   mGETXSM: 0 # GETX S->M misses (upgrade misses)
   PUTS: 212738 # Clean evictions (from lower level)
   PUTX: 99255 # Dirty evictions (from lower level)
   INV: 0 # Invalidates (from upper level)
   INVX: 0 # Downgrades (from upper level)
   FWD: 0 # Forwards (from upper level)
   latGETnl: 79302150 # GET request latency on next level
   latGETnet: 0 # GET request latency on network to next level
  l3-0b5: # Cache stats
   hGETS: 855 # GETS hits
   hGETX: 36 # GETX hits
   mGETS: 239659 # GETS misses
   mGETXIM: 112650 # GETX I->M misses
   mGETXSM: 0 # GETX S->M misses (upgrade misses)
   PUTS: 213278 # Clean evictions (from lower level)
   PUTX: 99204 # Dirty evictions (from lower level)
   INV: 0 # Invalidates (from upper level)
   INVX: 0 # Downgrades (from upper level)
   FWD: 0 # Forwards (from upper level)
   latGETnl: 79269525 # GET request latency on next level
   latGETnet: 0 # GET request latency on network to next level
  l3-0b6: # Cache stats
   hGETS: 708 # GETS hits
   hGETX: 19 # GETX hits
   mGETS: 239659 # GETS misses
   mGETXIM: 112726 # GETX I->M misses
   mGETXSM: 0 # GETX S->M misses (upgrade misses)
   PUTS: 212855 # Clean evictions (from lower level)
   PUTX: 99161 # Dirty evictions (from lower level)
   INV: 0 # Invalidates (from upper level)
   INVX: 0 # Downgrades (from upper level)
   FWD: 0 # Forwards (from upper level)
   latGETnl: 79286625 # GET request latency on next level
   latGETnet: 0 # GET request latency on network to next level
  l3-0b7: # Cache stats
   hGETS: 1226 # GETS hits
   hGETX: 46 # GETX hits
   mGETS: 239665 # GETS misses
   mGETXIM: 112700 # GETX I->M misses
   mGETXSM: 0 # GETX S->M misses (upgrade misses)
   PUTS: 213561 # Clean evictions (from lower level)
   PUTX: 99351 # Dirty evictions (from lower level)
   INV: 0 # Invalidates (from upper level)
   INVX: 0 # Downgrades (from upper level)
   FWD: 0 # Forwards (from upper level)
   latGETnl: 79282125 # GET request latency on next level
   latGETnet: 0 # GET request latency on network to next level
  l3-0b8: # Cache stats
   hGETS: 811 # GETS hits
   hGETX: 62 # GETX hits
   mGETS: 239664 # GETS misses
   mGETXIM: 112777 # GETX I->M misses
   mGETXSM: 0 # GETX S->M misses (upgrade misses)
   PUTS: 212946 # Clean evictions (from lower level)
   PUTX: 99224 # Dirty evictions (from lower level)
   INV: 0 # Invalidates (from upper level)
   INVX: 0 # Downgrades (from upper level)
   FWD: 0 # Forwards (from upper level)
   latGETnl: 79299225 # GET request latency on next level
   latGETnet: 0 # GET request latency on network to next level
  l3-0b9: # Cache stats
   hGETS: 838 # GETS hits
   hGETX: 57 # GETX hits
   mGETS: 239660 # GETS misses
   mGETXIM: 112927 # GETX I->M misses
   mGETXSM: 0 # GETX S->M misses (upgrade misses)
   PUTS: 213260 # Clean evictions (from lower level)
   PUTX: 99445 # Dirty evictions (from lower level)
   INV: 0 # Invalidates (from upper level)
   INVX: 0 # Downgrades (from upper level)
   FWD: 0 # Forwards (from upper level)
   latGETnl: 79332075 # GET request latency on next level
   latGETnet: 0 # GET request latency on network to next level
  l3-0b10: # Cache stats
   hGETS: 1374 # GETS hits
   hGETX: 35 # GETX hits
   mGETS: 239661 # GETS misses
   mGETXIM: 112832 # GETX I->M misses
   mGETXSM: 0 # GETX S->M misses (upgrade misses)
   PUTS: 213434 # Clean evictions (from lower level)
   PUTX: 99270 # Dirty evictions (from lower level)
   INV: 0 # Invalidates (from upper level)
   INVX: 0 # Downgrades (from upper level)
   FWD: 0 # Forwards (from upper level)
   latGETnl: 79310925 # GET request latency on next level
   latGETnet: 0 # GET request latency on network to next level
  l3-0b11: # Cache stats
   hGETS: 844 # GETS hits
   hGETX: 49 # GETX hits
   mGETS: 239668 # GETS misses
   mGETXIM: 112896 # GETX I->M misses
   mGETXSM: 0 # GETX S->M misses (upgrade misses)
   PUTS: 213072 # Clean evictions (from lower level)
   PUTX: 99404 # Dirty evictions (from lower level)
   INV: 0 # Invalidates (from upper level)
   INVX: 0 # Downgrades (from upper level)
   FWD: 0 # Forwards (from upper level)
   latGETnl: 79326900 # GET request latency on next level
   latGETnet: 0 # GET request latency on network to next level
  l3-0b12: # Cache stats
   hGETS: 1343 # GETS hits
   hGETX: 42 # GETX hits
   mGETS: 239659 # GETS misses
   mGETXIM: 112749 # GETX I->M misses
   mGETXSM: 0 # GETX S->M misses (upgrade misses)
   PUTS: 213668 # Clean evictions (from lower level)
   PUTX: 99249 # Dirty evictions (from lower level)
   INV: 0 # Invalidates (from upper level)
   INVX: 0 # Downgrades (from upper level)
   FWD: 0 # Forwards (from upper level)
   latGETnl: 79291800 # GET request latency on next level
   latGETnet: 0 # GET request latency on network to next level
  l3-0b13: # Cache stats
   hGETS: 1295 # GETS hits
   hGETX: 26 # GETX hits
   mGETS: 239661 # GETS misses
   mGETXIM: 112711 # GETX I->M misses
   mGETXSM: 0 # GETX S->M misses (upgrade misses)
   PUTS: 213264 # Clean evictions (from lower level)
   PUTX: 99122 # Dirty evictions (from lower level)
   INV: 0 # Invalidates (from upper level)
   INVX: 0 # Downgrades (from upper level)
   FWD: 0 # Forwards (from upper level)
   latGETnl: 79283700 # GET request latency on next level
   latGETnet: 0 # GET request latency on network to next level
  l3-0b14: # Cache stats
   hGETS: 822 # GETS hits
   hGETX: 55 # GETX hits
   mGETS: 239663 # GETS misses
   mGETXIM: 112755 # GETX I->M misses
   mGETXSM: 0 # GETX S->M misses (upgrade misses)
   PUTS: 213124 # Clean evictions (from lower level)
   PUTX: 99202 # Dirty evictions (from lower level)
   INV: 0 # Invalidates (from upper level)
   INVX: 0 # Downgrades (from upper level)
   FWD: 0 # Forwards (from upper level)
   latGETnl: 79294050 # GET request latency on next level
   latGETnet: 0 # GET request latency on network to next level
  l3-0b15: # Cache stats
   hGETS: 764 # GETS hits
   hGETX: 61 # GETX hits
   mGETS: 239665 # GETS misses
   mGETXIM: 112733 # GETX I->M misses
   mGETXSM: 0 # GETX S->M misses (upgrade misses)
   PUTS: 212963 # Clean evictions (from lower level)
   PUTX: 99241 # Dirty evictions (from lower level)
   INV: 0 # Invalidates (from upper level)
   INVX: 0 # Downgrades (from upper level)
   FWD: 0 # Forwards (from upper level)
   latGETnl: 79289550 # GET request latency on next level
   latGETnet: 0 # GET request latency on network to next level
  l3-0b16: # Cache stats
   hGETS: 312 # GETS hits
   hGETX: 21 # GETX hits
   mGETS: 239573 # GETS misses
   mGETXIM: 112739 # GETX I->M misses
   mGETXSM: 0 # GETX S->M misses (upgrade misses)
   PUTS: 212556 # Clean evictions (from lower level)
   PUTX: 99281 # Dirty evictions (from lower level)
   INV: 0 # Invalidates (from upper level)
   INVX: 0 # Downgrades (from upper level)
   FWD: 0 # Forwards (from upper level)
   latGETnl: 79270200 # GET request latency on next level
   latGETnet: 0 # GET request latency on network to next level
  l3-0b17: # Cache stats
   hGETS: 333 # GETS hits
   hGETX: 19 # GETX hits
   mGETS: 239567 # GETS misses
   mGETXIM: 112490 # GETX I->M misses
   mGETXSM: 0 # GETX S->M misses (upgrade misses)
   PUTS: 212702 # Clean evictions (from lower level)
   PUTX: 99103 # Dirty evictions (from lower level)
   INV: 0 # Invalidates (from upper level)
   INVX: 0 # Downgrades (from upper level)
   FWD: 0 # Forwards (from upper level)
   latGETnl: 79212825 # GET request latency on next level
   latGETnet: 0 # GET request latency on network to next level
  l3-0b18: # Cache stats
   hGETS: 293 # GETS hits
   hGETX: 32 # GETX hits
   mGETS: 239567 # GETS misses
   mGETXIM: 112681 # GETX I->M misses
   mGETXSM: 0 # GETX S->M misses (upgrade misses)
   PUTS: 212581 # Clean evictions (from lower level)
   PUTX: 99231 # Dirty evictions (from lower level)
   INV: 0 # Invalidates (from upper level)
   INVX: 0 # Downgrades (from upper level)
   FWD: 0 # Forwards (from upper level)
   latGETnl: 79255800 # GET request latency on next level
   latGETnet: 0 # GET request latency on network to next level
  l3-0b19: # Cache stats
   hGETS: 268 # GETS hits
   hGETX: 68 # GETX hits
   mGETS: 239568 # GETS misses
   mGETXIM: 112617 # GETX I->M misses
   mGETXSM: 0 # GETX S->M misses (upgrade misses)
   PUTS: 212430 # Clean evictions (from lower level)
   PUTX: 99226 # Dirty evictions (from lower level)
   INV: 0 # Invalidates (from upper level)
   INVX: 0 # Downgrades (from upper level)
   FWD: 0 # Forwards (from upper level)
   latGETnl: 79241625 # GET request latency on next level
   latGETnet: 0 # GET request latency on network to next level
  l3-0b20: # Cache stats
   hGETS: 798 # GETS hits
   hGETX: 31 # GETX hits
   mGETS: 239567 # GETS misses
   mGETXIM: 112750 # GETX I->M misses
   mGETXSM: 0 # GETX S->M misses (upgrade misses)
   PUTS: 213091 # Clean evictions (from lower level)
   PUTX: 99209 # Dirty evictions (from lower level)
   INV: 0 # Invalidates (from upper level)
   INVX: 0 # Downgrades (from upper level)
   FWD: 0 # Forwards (from upper level)
   latGETnl: 79271325 # GET request latency on next level
   latGETnet: 0 # GET request latency on network to next level
  l3-0b21: # Cache stats
   hGETS: 791 # GETS hits
   hGETX: 35 # GETX hits
   mGETS: 239564 # GETS misses
   mGETXIM: 112957 # GETX I->M misses
   mGETXSM: 0 # GETX S->M misses (upgrade misses)
   PUTS: 212993 # Clean evictions (from lower level)
   PUTX: 99473 # Dirty evictions (from lower level)
   INV: 0 # Invalidates (from upper level)
   INVX: 0 # Downgrades (from upper level)
   FWD: 0 # Forwards (from upper level)
   latGETnl: 79317225 # GET request latency on next level
   latGETnet: 0 # GET request latency on network to next level
  l3-0b22: # Cache stats
   hGETS: 921 # GETS hits
   hGETX: 49 # GETX hits
   mGETS: 239572 # GETS misses
   mGETXIM: 112829 # GETX I->M misses
   mGETXSM: 0 # GETX S->M misses (upgrade misses)
   PUTS: 213135 # Clean evictions (from lower level)
   PUTX: 99459 # Dirty evictions (from lower level)
   INV: 0 # Invalidates (from upper level)
   INVX: 0 # Downgrades (from upper level)
   FWD: 0 # Forwards (from upper level)
   latGETnl: 79290225 # GET request latency on next level
   latGETnet: 0 # GET request latency on network to next level
  l3-0b23: # Cache stats
   hGETS: 856 # GETS hits
   hGETX: 57 # GETX hits
   mGETS: 239577 # GETS misses
   mGETXIM: 112873 # GETX I->M misses
   mGETXSM: 0 # GETX S->M misses (upgrade misses)
   PUTS: 212979 # Clean evictions (from lower level)
   PUTX: 99273 # Dirty evictions (from lower level)
   INV: 0 # Invalidates (from upper level)
   INVX: 0 # Downgrades (from upper level)
   FWD: 0 # Forwards (from upper level)
   latGETnl: 79301250 # GET request latency on next level
   latGETnet: 0 # GET request latency on network to next level
 mem: # Memory controller stats
  mem-0: # Memory controller stats
   rd: 8439452 # Read requests
   wr: 2525102 # Write requests
   rdlat: 2099738840 # Total latency experienced by read requests
   wrlat: 631927382 # Total latency experienced by write requests
 sched: # Scheduler stats
  thCr: 25 # Threads created
  thFn: 25 # Threads finished
  schedEvs: 26 # Schedule events
  waitEvs: 2 # Wait events
  handoffEvs: 1 # Handoff events
  sleepEvs: 1 # Sleep events
  idlePhases: 0 # Phases with no thread active
  idlePeriods: 0 # Periods with no thread active
  occHist: # Occupancy histogram
   0: 0
   1: 36
   2: 0
   3: 2
   4: 2
   5: 1
   6: 1
   7: 0
   8: 1
   9: 0
   10: 0
   11: 0
   12: 1
   13: 0
   14: 1
   15: 0
   16: 0
   17: 1
   18: 0
   19: 0
   20: 1
   21: 0
   22: 1
   23: 60772
   24: 0
  rqSzHist: # Run queue size histogram
   0: 60791
   1: 29
   2: 0
   3: 0
   4: 0
   5: 0
   6: 0
   7: 0
   8: 0
   9: 0
   10: 0
   11: 0
   12: 0
   13: 0
   14: 0
   15: 0
   16: 0
   17: 0
   18: 0
   19: 0
   20: 0
   21: 0
   22: 0
   23: 0
   24: 0
 procCycles: # Per-process unhalted core cycles
  0: 1397910294
  1: 0
  2: 0
  3: 0
  4: 0
  5: 0
  6: 0
  7: 0
  8: 0
  9: 0
  10: 0
  11: 0
  12: 0
  13: 0
  14: 0
  15: 0
  16: 0
  17: 0
  18: 0
  19: 0
  20: 0
  21: 0
  22: 0
  23: 0
  24: 0
  25: 0
  26: 0
  27: 0
  28: 0
  29: 0
  30: 0
  31: 0
  32: 0
  33: 0
  34: 0
  35: 0
  36: 0
  37: 0
  38: 0
  39: 0
  40: 0
  41: 0
  42: 0
  43: 0
  44: 0
  45: 0
  46: 0
  47: 0
  48: 0
  49: 0
  50: 0
  51: 0
  52: 0
  53: 0
  54: 0
  55: 0
  56: 0
  57: 0
  58: 0
  59: 0
  60: 0
  61: 0
  62: 0
  63: 0
 procInstrs: # Per-process instructions
  0: 1958086416
  1: 0
  2: 0
  3: 0
  4: 0
  5: 0
  6: 0
  7: 0
  8: 0
  9: 0
  10: 0
  11: 0
  12: 0
  13: 0
  14: 0
  15: 0
  16: 0
  17: 0
  18: 0
  19: 0
  20: 0
  21: 0
  22: 0
  23: 0
  24: 0
  25: 0
  26: 0
  27: 0
  28: 0
  29: 0
  30: 0
  31: 0
  32: 0
  33: 0
  34: 0
  35: 0
  36: 0
  37: 0
  38: 0
  39: 0
  40: 0
  41: 0
  42: 0
  43: 0
  44: 0
  45: 0
  46: 0
  47: 0
  48: 0
  49: 0
  50: 0
  51: 0
  52: 0
  53: 0
  54: 0
  55: 0
  56: 0
  57: 0
  58: 0
  59: 0
  60: 0
  61: 0
  62: 0
  63: 0
 heartbeats: # Per-process heartbeats
  0: 0
  1: 0
  2: 0
  3: 0
  4: 0
  5: 0
  6: 0
  7: 0
  8: 0
  9: 0
  10: 0
  11: 0
  12: 0
  13: 0
  14: 0
  15: 0
  16: 0
  17: 0
  18: 0
  19: 0
  20: 0
  21: 0
  22: 0
  23: 0
  24: 0
  25: 0
  26: 0
  27: 0
  28: 0
  29: 0
  30: 0
  31: 0
  32: 0
  33: 0
  34: 0
  35: 0
  36: 0
  37: 0
  38: 0
  39: 0
  40: 0
  41: 0
  42: 0
  43: 0
  44: 0
  45: 0
  46: 0
  47: 0
  48: 0
  49: 0
  50: 0
  51: 0
  52: 0
  53: 0
  54: 0
  55: 0
  56: 0
  57: 0
  58: 0
  59: 0
  60: 0
  61: 0
  62: 0
  63: 0
===
