# zsim stats
===
root: # Stats
 contention: # Contention simulation stats
  domain-0: # Domain stats
   time: 10111618117 # Weave simulation time
 time: # Simulator time breakdown
  init: 3132185280
  bound: 203329949372
  weave: 11337858302
  ff: 1488280
 trigger: 20000 # Reason for this stats dump
 phase: 26893 # Simulated phases
 reqCycles: 0 # Requeue Cycles
 skylake: # Core stats
  skylake-0: # Core stats
   cycles: 26893177 # Simulated unhalted cycles
   cCycles: 4101810 # Cycles due to contention stalls
   instrs: 32637497 # Simulated instructions
   uops: 23630399 # issued micro-ops
   bbls: 10383412 # Basic blocks
   approxInstrs: 860319 # Instrs with approx uop decoding
   mispredBranches: 125161 # Mispredicted branches
   IdqNotDelivered: 22791367 # Stalls no uop delivered when no Bkend Stall
   IntMiscRecoveryCycles: 1011586 # Stalls waiting machine clears
   uops executed: 24380069 # Executed microoperations
  skylake-1: # Core stats
   cycles: 26869164 # Simulated unhalted cycles
   cCycles: 4101751 # Cycles due to contention stalls
   instrs: 32636328 # Simulated instructions
   uops: 23629087 # issued micro-ops
   bbls: 10383194 # Basic blocks
   approxInstrs: 860315 # Instrs with approx uop decoding
   mispredBranches: 125133 # Mispredicted branches
   IdqNotDelivered: 22767413 # Stalls no uop delivered when no Bkend Stall
   IntMiscRecoveryCycles: 1006628 # Stalls waiting machine clears
   uops executed: 24378740 # Executed microoperations
  skylake-2: # Core stats
   cycles: 26866684 # Simulated unhalted cycles
   cCycles: 4102492 # Cycles due to contention stalls
   instrs: 32632893 # Simulated instructions
   uops: 23626358 # issued micro-ops
   bbls: 10382167 # Basic blocks
   approxInstrs: 860234 # Instrs with approx uop decoding
   mispredBranches: 125115 # Mispredicted branches
   IdqNotDelivered: 22764192 # Stalls no uop delivered when no Bkend Stall
   IntMiscRecoveryCycles: 1007426 # Stalls waiting machine clears
   uops executed: 24376006 # Executed microoperations
  skylake-3: # Core stats
   cycles: 26867801 # Simulated unhalted cycles
   cCycles: 4102201 # Cycles due to contention stalls
   instrs: 32635419 # Simulated instructions
   uops: 23628299 # issued micro-ops
   bbls: 10382933 # Basic blocks
   approxInstrs: 860298 # Instrs with approx uop decoding
   mispredBranches: 125123 # Mispredicted branches
   IdqNotDelivered: 22765600 # Stalls no uop delivered when no Bkend Stall
   IntMiscRecoveryCycles: 1006694 # Stalls waiting machine clears
   uops executed: 24377961 # Executed microoperations
  skylake-4: # Core stats
   cycles: 26866387 # Simulated unhalted cycles
   cCycles: 4102399 # Cycles due to contention stalls
   instrs: 32636068 # Simulated instructions
   uops: 23628782 # issued micro-ops
   bbls: 10383139 # Basic blocks
   approxInstrs: 860313 # Instrs with approx uop decoding
   mispredBranches: 125127 # Mispredicted branches
   IdqNotDelivered: 22763988 # Stalls no uop delivered when no Bkend Stall
   IntMiscRecoveryCycles: 1006482 # Stalls waiting machine clears
   uops executed: 24378446 # Executed microoperations
  skylake-5: # Core stats
   cycles: 26865109 # Simulated unhalted cycles
   cCycles: 4102598 # Cycles due to contention stalls
   instrs: 32634461 # Simulated instructions
   uops: 23627609 # issued micro-ops
   bbls: 10382628 # Basic blocks
   approxInstrs: 860271 # Instrs with approx uop decoding
   mispredBranches: 125118 # Mispredicted branches
   IdqNotDelivered: 22762511 # Stalls no uop delivered when no Bkend Stall
   IntMiscRecoveryCycles: 1005992 # Stalls waiting machine clears
   uops executed: 24377251 # Executed microoperations
  skylake-6: # Core stats
   cycles: 26864910 # Simulated unhalted cycles
   cCycles: 4102533 # Cycles due to contention stalls
   instrs: 32634742 # Simulated instructions
   uops: 23627522 # issued micro-ops
   bbls: 10382782 # Basic blocks
   approxInstrs: 860293 # Instrs with approx uop decoding
   mispredBranches: 125116 # Mispredicted branches
   IdqNotDelivered: 22762377 # Stalls no uop delivered when no Bkend Stall
   IntMiscRecoveryCycles: 1006937 # Stalls waiting machine clears
   uops executed: 24377192 # Executed microoperations
  skylake-7: # Core stats
   cycles: 26864208 # Simulated unhalted cycles
   cCycles: 4101972 # Cycles due to contention stalls
   instrs: 32635431 # Simulated instructions
   uops: 23628023 # issued micro-ops
   bbls: 10383003 # Basic blocks
   approxInstrs: 860307 # Instrs with approx uop decoding
   mispredBranches: 125121 # Mispredicted branches
   IdqNotDelivered: 22762236 # Stalls no uop delivered when no Bkend Stall
   IntMiscRecoveryCycles: 1006966 # Stalls waiting machine clears
   uops executed: 24377691 # Executed microoperations
  skylake-8: # Core stats
   cycles: 26864164 # Simulated unhalted cycles
   cCycles: 4102309 # Cycles due to contention stalls
   instrs: 32633465 # Simulated instructions
   uops: 23626900 # issued micro-ops
   bbls: 10382308 # Basic blocks
   approxInstrs: 860250 # Instrs with approx uop decoding
   mispredBranches: 125115 # Mispredicted branches
   IdqNotDelivered: 22761855 # Stalls no uop delivered when no Bkend Stall
   IntMiscRecoveryCycles: 1006032 # Stalls waiting machine clears
   uops executed: 24376524 # Executed microoperations
  skylake-9: # Core stats
   cycles: 26863855 # Simulated unhalted cycles
   cCycles: 4102267 # Cycles due to contention stalls
   instrs: 32635105 # Simulated instructions
   uops: 23627779 # issued micro-ops
   bbls: 10382899 # Basic blocks
   approxInstrs: 860300 # Instrs with approx uop decoding
   mispredBranches: 125117 # Mispredicted branches
   IdqNotDelivered: 22761588 # Stalls no uop delivered when no Bkend Stall
   IntMiscRecoveryCycles: 1006702 # Stalls waiting machine clears
   uops executed: 24377455 # Executed microoperations
  skylake-10: # Core stats
   cycles: 26863966 # Simulated unhalted cycles
   cCycles: 4101998 # Cycles due to contention stalls
   instrs: 32635431 # Simulated instructions
   uops: 23628023 # issued micro-ops
   bbls: 10383003 # Basic blocks
   approxInstrs: 860307 # Instrs with approx uop decoding
   mispredBranches: 125121 # Mispredicted branches
   IdqNotDelivered: 22761968 # Stalls no uop delivered when no Bkend Stall
   IntMiscRecoveryCycles: 1006916 # Stalls waiting machine clears
   uops executed: 24377691 # Executed microoperations
  skylake-11: # Core stats
   cycles: 26863164 # Simulated unhalted cycles
   cCycles: 4102180 # Cycles due to contention stalls
   instrs: 32634567 # Simulated instructions
   uops: 23627598 # issued micro-ops
   bbls: 10382637 # Basic blocks
   approxInstrs: 860281 # Instrs with approx uop decoding
   mispredBranches: 125116 # Mispredicted branches
   IdqNotDelivered: 22760984 # Stalls no uop delivered when no Bkend Stall
   IntMiscRecoveryCycles: 1006536 # Stalls waiting machine clears
   uops executed: 24377341 # Executed microoperations
  skylake-12: # Core stats
   cycles: 26863172 # Simulated unhalted cycles
   cCycles: 4102532 # Cycles due to contention stalls
   instrs: 32634634 # Simulated instructions
   uops: 23627438 # issued micro-ops
   bbls: 10382750 # Basic blocks
   approxInstrs: 860287 # Instrs with approx uop decoding
   mispredBranches: 125116 # Mispredicted branches
   IdqNotDelivered: 22760640 # Stalls no uop delivered when no Bkend Stall
   IntMiscRecoveryCycles: 1006567 # Stalls waiting machine clears
   uops executed: 24377100 # Executed microoperations
  skylake-13: # Core stats
   cycles: 26863164 # Simulated unhalted cycles
   cCycles: 4102701 # Cycles due to contention stalls
   instrs: 32634236 # Simulated instructions
   uops: 23627138 # issued micro-ops
   bbls: 10382623 # Basic blocks
   approxInstrs: 860278 # Instrs with approx uop decoding
   mispredBranches: 125108 # Mispredicted branches
   IdqNotDelivered: 22760463 # Stalls no uop delivered when no Bkend Stall
   IntMiscRecoveryCycles: 1006366 # Stalls waiting machine clears
   uops executed: 24376830 # Executed microoperations
  skylake-14: # Core stats
   cycles: 26862201 # Simulated unhalted cycles
   cCycles: 4102186 # Cycles due to contention stalls
   instrs: 32635430 # Simulated instructions
   uops: 23628022 # issued micro-ops
   bbls: 10383002 # Basic blocks
   approxInstrs: 860307 # Instrs with approx uop decoding
   mispredBranches: 125121 # Mispredicted branches
   IdqNotDelivered: 22760015 # Stalls no uop delivered when no Bkend Stall
   IntMiscRecoveryCycles: 1006516 # Stalls waiting machine clears
   uops executed: 24377690 # Executed microoperations
  skylake-15: # Core stats
   cycles: 26862187 # Simulated unhalted cycles
   cCycles: 4102075 # Cycles due to contention stalls
   instrs: 32635431 # Simulated instructions
   uops: 23628023 # issued micro-ops
   bbls: 10383003 # Basic blocks
   approxInstrs: 860307 # Instrs with approx uop decoding
   mispredBranches: 125121 # Mispredicted branches
   IdqNotDelivered: 22760112 # Stalls no uop delivered when no Bkend Stall
   IntMiscRecoveryCycles: 1006320 # Stalls waiting machine clears
   uops executed: 24377691 # Executed microoperations
  skylake-16: # Core stats
   cycles: 26862246 # Simulated unhalted cycles
   cCycles: 4102174 # Cycles due to contention stalls
   instrs: 32635431 # Simulated instructions
   uops: 23628023 # issued micro-ops
   bbls: 10383003 # Basic blocks
   approxInstrs: 860307 # Instrs with approx uop decoding
   mispredBranches: 125121 # Mispredicted branches
   IdqNotDelivered: 22760072 # Stalls no uop delivered when no Bkend Stall
   IntMiscRecoveryCycles: 1006516 # Stalls waiting machine clears
   uops executed: 24377691 # Executed microoperations
  skylake-17: # Core stats
   cycles: 26862163 # Simulated unhalted cycles
   cCycles: 4102565 # Cycles due to contention stalls
   instrs: 32635042 # Simulated instructions
   uops: 23627737 # issued micro-ops
   bbls: 10382878 # Basic blocks
   approxInstrs: 860300 # Instrs with approx uop decoding
   mispredBranches: 125117 # Mispredicted branches
   IdqNotDelivered: 22759598 # Stalls no uop delivered when no Bkend Stall
   IntMiscRecoveryCycles: 1006100 # Stalls waiting machine clears
   uops executed: 24377413 # Executed microoperations
  skylake-18: # Core stats
   cycles: 26861217 # Simulated unhalted cycles
   cCycles: 4102796 # Cycles due to contention stalls
   instrs: 32633257 # Simulated instructions
   uops: 23626442 # issued micro-ops
   bbls: 10382311 # Basic blocks
   approxInstrs: 860251 # Instrs with approx uop decoding
   mispredBranches: 125110 # Mispredicted branches
   IdqNotDelivered: 22758421 # Stalls no uop delivered when no Bkend Stall
   IntMiscRecoveryCycles: 1006387 # Stalls waiting machine clears
   uops executed: 24376076 # Executed microoperations
  skylake-19: # Core stats
   cycles: 26861163 # Simulated unhalted cycles
   cCycles: 4102146 # Cycles due to contention stalls
   instrs: 32633941 # Simulated instructions
   uops: 23626943 # issued micro-ops
   bbls: 10382527 # Basic blocks
   approxInstrs: 860272 # Instrs with approx uop decoding
   mispredBranches: 125113 # Mispredicted branches
   IdqNotDelivered: 22759017 # Stalls no uop delivered when no Bkend Stall
   IntMiscRecoveryCycles: 1006452 # Stalls waiting machine clears
   uops executed: 24376595 # Executed microoperations
  skylake-20: # Core stats
   cycles: 26861164 # Simulated unhalted cycles
   cCycles: 4102558 # Cycles due to contention stalls
   instrs: 32633758 # Simulated instructions
   uops: 23626806 # issued micro-ops
   bbls: 10382470 # Basic blocks
   approxInstrs: 860265 # Instrs with approx uop decoding
   mispredBranches: 125112 # Mispredicted branches
   IdqNotDelivered: 22758606 # Stalls no uop delivered when no Bkend Stall
   IntMiscRecoveryCycles: 1006060 # Stalls waiting machine clears
   uops executed: 24376452 # Executed microoperations
  skylake-21: # Core stats
   cycles: 26861164 # Simulated unhalted cycles
   cCycles: 4102610 # Cycles due to contention stalls
   instrs: 32615284 # Simulated instructions
   uops: 23614642 # issued micro-ops
   bbls: 10376124 # Basic blocks
   approxInstrs: 859654 # Instrs with approx uop decoding
   mispredBranches: 125109 # Mispredicted branches
   IdqNotDelivered: 22758554 # Stalls no uop delivered when no Bkend Stall
   IntMiscRecoveryCycles: 1008455 # Stalls waiting machine clears
   uops executed: 24363834 # Executed microoperations
  skylake-22: # Core stats
   cycles: 26859856 # Simulated unhalted cycles
   cCycles: 4102221 # Cycles due to contention stalls
   instrs: 32631617 # Simulated instructions
   uops: 23625298 # issued micro-ops
   bbls: 10381785 # Basic blocks
   approxInstrs: 860208 # Instrs with approx uop decoding
   mispredBranches: 125102 # Mispredicted branches
   IdqNotDelivered: 22757635 # Stalls no uop delivered when no Bkend Stall
   IntMiscRecoveryCycles: 1006045 # Stalls waiting machine clears
   uops executed: 24374916 # Executed microoperations
  skylake-23: # Core stats
   cycles: 0 # Simulated unhalted cycles
   cCycles: 0 # Cycles due to contention stalls
   instrs: 0 # Simulated instructions
   uops: 0 # issued micro-ops
   bbls: 0 # Basic blocks
   approxInstrs: 0 # Instrs with approx uop decoding
   mispredBranches: 0 # Mispredicted branches
   IdqNotDelivered: 0 # Stalls no uop delivered when no Bkend Stall
   IntMiscRecoveryCycles: 0 # Stalls waiting machine clears
   uops executed: 0 # Executed microoperations
 l1d: # Cache stats
  l1d-0: # Filter cache stats
   fhGETS: 863047 # Filtered GETS hits
   fhGETX: 739303 # Filtered GETX hits
   hGETS: 5864 # GETS hits
   hGETX: 11320 # GETX hits
   mGETS: 117898 # GETS misses
   mGETXIM: 250107 # GETX I->M misses
   mGETXSM: 7 # GETX S->M misses (upgrade misses)
   PUTS: 0 # Clean evictions (from lower level)
   PUTX: 0 # Dirty evictions (from lower level)
   INV: 110 # Invalidates (from upper level)
   INVX: 90 # Downgrades (from upper level)
   FWD: 0 # Forwards (from upper level)
   latGETnl: 65851370 # GET request latency on next level
   latGETnet: 0 # GET request latency on network to next level
  l1d-1: # Filter cache stats
   fhGETS: 862778 # Filtered GETS hits
   fhGETX: 739128 # Filtered GETX hits
   hGETS: 5788 # GETS hits
   hGETX: 11287 # GETX hits
   mGETS: 117856 # GETS misses
   mGETXIM: 250073 # GETX I->M misses
   mGETXSM: 10 # GETX S->M misses (upgrade misses)
   PUTS: 0 # Clean evictions (from lower level)
   PUTX: 0 # Dirty evictions (from lower level)
   INV: 95 # Invalidates (from upper level)
   INVX: 25 # Downgrades (from upper level)
   FWD: 0 # Forwards (from upper level)
   latGETnl: 65832907 # GET request latency on next level
   latGETnet: 0 # GET request latency on network to next level
  l1d-2: # Filter cache stats
   fhGETS: 862565 # Filtered GETS hits
   fhGETX: 738993 # Filtered GETX hits
   hGETS: 5764 # GETS hits
   hGETX: 11274 # GETX hits
   mGETS: 117834 # GETS misses
   mGETXIM: 250037 # GETX I->M misses
   mGETXSM: 5 # GETX S->M misses (upgrade misses)
   PUTS: 0 # Clean evictions (from lower level)
   PUTX: 0 # Dirty evictions (from lower level)
   INV: 69 # Invalidates (from upper level)
   INVX: 4 # Downgrades (from upper level)
   FWD: 0 # Forwards (from upper level)
   latGETnl: 65824156 # GET request latency on next level
   latGETnet: 0 # GET request latency on network to next level
  l1d-3: # Filter cache stats
   fhGETS: 862684 # Filtered GETS hits
   fhGETX: 739072 # Filtered GETX hits
   hGETS: 5790 # GETS hits
   hGETX: 11294 # GETX hits
   mGETS: 117844 # GETS misses
   mGETXIM: 250061 # GETX I->M misses
   mGETXSM: 6 # GETX S->M misses (upgrade misses)
   PUTS: 0 # Clean evictions (from lower level)
   PUTX: 0 # Dirty evictions (from lower level)
   INV: 83 # Invalidates (from upper level)
   INVX: 29 # Downgrades (from upper level)
   FWD: 0 # Forwards (from upper level)
   latGETnl: 65831257 # GET request latency on next level
   latGETnet: 0 # GET request latency on network to next level
  l1d-4: # Filter cache stats
   fhGETS: 862700 # Filtered GETS hits
   fhGETX: 739078 # Filtered GETX hits
   hGETS: 5796 # GETS hits
   hGETX: 11299 # GETX hits
   mGETS: 117850 # GETS misses
   mGETXIM: 250068 # GETX I->M misses
   mGETXSM: 9 # GETX S->M misses (upgrade misses)
   PUTS: 0 # Clean evictions (from lower level)
   PUTX: 0 # Dirty evictions (from lower level)
   INV: 90 # Invalidates (from upper level)
   INVX: 20 # Downgrades (from upper level)
   FWD: 0 # Forwards (from upper level)
   latGETnl: 65830889 # GET request latency on next level
   latGETnet: 0 # GET request latency on network to next level
  l1d-5: # Filter cache stats
   fhGETS: 862671 # Filtered GETS hits
   fhGETX: 739067 # Filtered GETX hits
   hGETS: 5780 # GETS hits
   hGETX: 11270 # GETX hits
   mGETS: 117839 # GETS misses
   mGETXIM: 250059 # GETX I->M misses
   mGETXSM: 9 # GETX S->M misses (upgrade misses)
   PUTS: 0 # Clean evictions (from lower level)
   PUTX: 0 # Dirty evictions (from lower level)
   INV: 89 # Invalidates (from upper level)
   INVX: 20 # Downgrades (from upper level)
   FWD: 0 # Forwards (from upper level)
   latGETnl: 65827205 # GET request latency on next level
   latGETnet: 0 # GET request latency on network to next level
  l1d-6: # Filter cache stats
   fhGETS: 862529 # Filtered GETS hits
   fhGETX: 738995 # Filtered GETX hits
   hGETS: 5774 # GETS hits
   hGETX: 11269 # GETX hits
   mGETS: 117826 # GETS misses
   mGETXIM: 250052 # GETX I->M misses
   mGETXSM: 5 # GETX S->M misses (upgrade misses)
   PUTS: 0 # Clean evictions (from lower level)
   PUTX: 0 # Dirty evictions (from lower level)
   INV: 68 # Invalidates (from upper level)
   INVX: 13 # Downgrades (from upper level)
   FWD: 0 # Forwards (from upper level)
   latGETnl: 65827377 # GET request latency on next level
   latGETnet: 0 # GET request latency on network to next level
  l1d-7: # Filter cache stats
   fhGETS: 862544 # Filtered GETS hits
   fhGETX: 739004 # Filtered GETX hits
   hGETS: 5774 # GETS hits
   hGETX: 11276 # GETX hits
   mGETS: 117835 # GETS misses
   mGETXIM: 250052 # GETX I->M misses
   mGETXSM: 6 # GETX S->M misses (upgrade misses)
   PUTS: 0 # Clean evictions (from lower level)
   PUTX: 0 # Dirty evictions (from lower level)
   INV: 69 # Invalidates (from upper level)
   INVX: 15 # Downgrades (from upper level)
   FWD: 0 # Forwards (from upper level)
   latGETnl: 65829409 # GET request latency on next level
   latGETnet: 0 # GET request latency on network to next level
  l1d-8: # Filter cache stats
   fhGETS: 862635 # Filtered GETS hits
   fhGETX: 739035 # Filtered GETX hits
   hGETS: 5792 # GETS hits
   hGETX: 11291 # GETX hits
   mGETS: 117839 # GETS misses
   mGETXIM: 250046 # GETX I->M misses
   mGETXSM: 9 # GETX S->M misses (upgrade misses)
   PUTS: 0 # Clean evictions (from lower level)
   PUTX: 0 # Dirty evictions (from lower level)
   INV: 85 # Invalidates (from upper level)
   INVX: 18 # Downgrades (from upper level)
   FWD: 0 # Forwards (from upper level)
   latGETnl: 65825628 # GET request latency on next level
   latGETnet: 0 # GET request latency on network to next level
  l1d-9: # Filter cache stats
   fhGETS: 862537 # Filtered GETS hits
   fhGETX: 738990 # Filtered GETX hits
   hGETS: 5770 # GETS hits
   hGETX: 11278 # GETX hits
   mGETS: 117830 # GETS misses
   mGETXIM: 250055 # GETX I->M misses
   mGETXSM: 6 # GETX S->M misses (upgrade misses)
   PUTS: 0 # Clean evictions (from lower level)
   PUTX: 0 # Dirty evictions (from lower level)
   INV: 73 # Invalidates (from upper level)
   INVX: 18 # Downgrades (from upper level)
   FWD: 0 # Forwards (from upper level)
   latGETnl: 65828865 # GET request latency on next level
   latGETnet: 0 # GET request latency on network to next level
  l1d-10: # Filter cache stats
   fhGETS: 862562 # Filtered GETS hits
   fhGETX: 739012 # Filtered GETX hits
   hGETS: 5763 # GETS hits
   hGETX: 11260 # GETX hits
   mGETS: 117828 # GETS misses
   mGETXIM: 250061 # GETX I->M misses
   mGETXSM: 5 # GETX S->M misses (upgrade misses)
   PUTS: 0 # Clean evictions (from lower level)
   PUTX: 0 # Dirty evictions (from lower level)
   INV: 72 # Invalidates (from upper level)
   INVX: 31 # Downgrades (from upper level)
   FWD: 0 # Forwards (from upper level)
   latGETnl: 65831096 # GET request latency on next level
   latGETnet: 0 # GET request latency on network to next level
  l1d-11: # Filter cache stats
   fhGETS: 862676 # Filtered GETS hits
   fhGETX: 739068 # Filtered GETX hits
   hGETS: 5798 # GETS hits
   hGETX: 11273 # GETX hits
   mGETS: 117845 # GETS misses
   mGETXIM: 250060 # GETX I->M misses
   mGETXSM: 10 # GETX S->M misses (upgrade misses)
   PUTS: 0 # Clean evictions (from lower level)
   PUTX: 0 # Dirty evictions (from lower level)
   INV: 72 # Invalidates (from upper level)
   INVX: 4 # Downgrades (from upper level)
   FWD: 0 # Forwards (from upper level)
   latGETnl: 65829192 # GET request latency on next level
   latGETnet: 0 # GET request latency on network to next level
  l1d-12: # Filter cache stats
   fhGETS: 743274 # Filtered GETS hits
   fhGETX: 613985 # Filtered GETX hits
   hGETS: 125024 # GETS hits
   hGETX: 136268 # GETX hits
   mGETS: 117825 # GETS misses
   mGETXIM: 250054 # GETX I->M misses
   mGETXSM: 6 # GETX S->M misses (upgrade misses)
   PUTS: 0 # Clean evictions (from lower level)
   PUTX: 0 # Dirty evictions (from lower level)
   INV: 71 # Invalidates (from upper level)
   INVX: 7 # Downgrades (from upper level)
   FWD: 0 # Forwards (from upper level)
   latGETnl: 65825781 # GET request latency on next level
   latGETnet: 0 # GET request latency on network to next level
  l1d-13: # Filter cache stats
   fhGETS: 862522 # Filtered GETS hits
   fhGETX: 738978 # Filtered GETX hits
   hGETS: 5762 # GETS hits
   hGETX: 11269 # GETX hits
   mGETS: 117823 # GETS misses
   mGETXIM: 250049 # GETX I->M misses
   mGETXSM: 4 # GETX S->M misses (upgrade misses)
   PUTS: 0 # Clean evictions (from lower level)
   PUTX: 0 # Dirty evictions (from lower level)
   INV: 67 # Invalidates (from upper level)
   INVX: 10 # Downgrades (from upper level)
   FWD: 0 # Forwards (from upper level)
   latGETnl: 65826262 # GET request latency on next level
   latGETnet: 0 # GET request latency on network to next level
  l1d-14: # Filter cache stats
   fhGETS: 862566 # Filtered GETS hits
   fhGETX: 739005 # Filtered GETX hits
   hGETS: 5758 # GETS hits
   hGETX: 11266 # GETX hits
   mGETS: 117829 # GETS misses
   mGETXIM: 250061 # GETX I->M misses
   mGETXSM: 6 # GETX S->M misses (upgrade misses)
   PUTS: 0 # Clean evictions (from lower level)
   PUTX: 0 # Dirty evictions (from lower level)
   INV: 72 # Invalidates (from upper level)
   INVX: 2 # Downgrades (from upper level)
   FWD: 0 # Forwards (from upper level)
   latGETnl: 65826930 # GET request latency on next level
   latGETnet: 0 # GET request latency on network to next level
  l1d-15: # Filter cache stats
   fhGETS: 862564 # Filtered GETS hits
   fhGETX: 739005 # Filtered GETX hits
   hGETS: 5761 # GETS hits
   hGETX: 11268 # GETX hits
   mGETS: 117828 # GETS misses
   mGETXIM: 250059 # GETX I->M misses
   mGETXSM: 6 # GETX S->M misses (upgrade misses)
   PUTS: 0 # Clean evictions (from lower level)
   PUTX: 0 # Dirty evictions (from lower level)
   INV: 70 # Invalidates (from upper level)
   INVX: 2 # Downgrades (from upper level)
   FWD: 0 # Forwards (from upper level)
   latGETnl: 65826657 # GET request latency on next level
   latGETnet: 0 # GET request latency on network to next level
  l1d-16: # Filter cache stats
   fhGETS: 862572 # Filtered GETS hits
   fhGETX: 739014 # Filtered GETX hits
   hGETS: 5753 # GETS hits
   hGETX: 11255 # GETX hits
   mGETS: 117828 # GETS misses
   mGETXIM: 250063 # GETX I->M misses
   mGETXSM: 6 # GETX S->M misses (upgrade misses)
   PUTS: 0 # Clean evictions (from lower level)
   PUTX: 0 # Dirty evictions (from lower level)
   INV: 73 # Invalidates (from upper level)
   INVX: 2 # Downgrades (from upper level)
   FWD: 0 # Forwards (from upper level)
   latGETnl: 65826713 # GET request latency on next level
   latGETnet: 0 # GET request latency on network to next level
  l1d-17: # Filter cache stats
   fhGETS: 743278 # Filtered GETS hits
   fhGETX: 613986 # Filtered GETX hits
   hGETS: 125030 # GETS hits
   hGETX: 136282 # GETX hits
   mGETS: 117829 # GETS misses
   mGETXIM: 250055 # GETX I->M misses
   mGETXSM: 6 # GETX S->M misses (upgrade misses)
   PUTS: 0 # Clean evictions (from lower level)
   PUTX: 0 # Dirty evictions (from lower level)
   INV: 71 # Invalidates (from upper level)
   INVX: 2 # Downgrades (from upper level)
   FWD: 0 # Forwards (from upper level)
   latGETnl: 65826384 # GET request latency on next level
   latGETnet: 0 # GET request latency on network to next level
  l1d-18: # Filter cache stats
   fhGETS: 862505 # Filtered GETS hits
   fhGETX: 738965 # Filtered GETX hits
   hGETS: 5757 # GETS hits
   hGETX: 11256 # GETX hits
   mGETS: 117819 # GETS misses
   mGETXIM: 250046 # GETX I->M misses
   mGETXSM: 6 # GETX S->M misses (upgrade misses)
   PUTS: 0 # Clean evictions (from lower level)
   PUTX: 0 # Dirty evictions (from lower level)
   INV: 72 # Invalidates (from upper level)
   INVX: 2 # Downgrades (from upper level)
   FWD: 0 # Forwards (from upper level)
   latGETnl: 65822455 # GET request latency on next level
   latGETnet: 0 # GET request latency on network to next level
  l1d-19: # Filter cache stats
   fhGETS: 862502 # Filtered GETS hits
   fhGETX: 738971 # Filtered GETX hits
   hGETS: 5780 # GETS hits
   hGETX: 11273 # GETX hits
   mGETS: 117823 # GETS misses
   mGETXIM: 250047 # GETX I->M misses
   mGETXSM: 6 # GETX S->M misses (upgrade misses)
   PUTS: 0 # Clean evictions (from lower level)
   PUTX: 0 # Dirty evictions (from lower level)
   INV: 68 # Invalidates (from upper level)
   INVX: 2 # Downgrades (from upper level)
   FWD: 0 # Forwards (from upper level)
   latGETnl: 65823878 # GET request latency on next level
   latGETnet: 0 # GET request latency on network to next level
  l1d-20: # Filter cache stats
   fhGETS: 862520 # Filtered GETS hits
   fhGETX: 738980 # Filtered GETX hits
   hGETS: 5757 # GETS hits
   hGETX: 11250 # GETX hits
   mGETS: 117820 # GETS misses
   mGETXIM: 250053 # GETX I->M misses
   mGETXSM: 6 # GETX S->M misses (upgrade misses)
   PUTS: 0 # Clean evictions (from lower level)
   PUTX: 0 # Dirty evictions (from lower level)
   INV: 75 # Invalidates (from upper level)
   INVX: 2 # Downgrades (from upper level)
   FWD: 0 # Forwards (from upper level)
   latGETnl: 65823227 # GET request latency on next level
   latGETnet: 0 # GET request latency on network to next level
  l1d-21: # Filter cache stats
   fhGETS: 862908 # Filtered GETS hits
   fhGETX: 738874 # Filtered GETX hits
   hGETS: 6000 # GETS hits
   hGETX: 11328 # GETX hits
   mGETS: 117804 # GETS misses
   mGETXIM: 249864 # GETX I->M misses
   mGETXSM: 10 # GETX S->M misses (upgrade misses)
   PUTS: 0 # Clean evictions (from lower level)
   PUTX: 0 # Dirty evictions (from lower level)
   INV: 64 # Invalidates (from upper level)
   INVX: 3 # Downgrades (from upper level)
   FWD: 0 # Forwards (from upper level)
   latGETnl: 65786602 # GET request latency on next level
   latGETnet: 0 # GET request latency on network to next level
  l1d-22: # Filter cache stats
   fhGETS: 862478 # Filtered GETS hits
   fhGETX: 738934 # Filtered GETX hits
   hGETS: 5754 # GETS hits
   hGETX: 11260 # GETX hits
   mGETS: 117819 # GETS misses
   mGETXIM: 250033 # GETX I->M misses
   mGETXSM: 8 # GETX S->M misses (upgrade misses)
   PUTS: 0 # Clean evictions (from lower level)
   PUTX: 0 # Dirty evictions (from lower level)
   INV: 74 # Invalidates (from upper level)
   INVX: 7 # Downgrades (from upper level)
   FWD: 0 # Forwards (from upper level)
   latGETnl: 65820146 # GET request latency on next level
   latGETnet: 0 # GET request latency on network to next level
  l1d-23: # Filter cache stats
   fhGETS: 0 # Filtered GETS hits
   fhGETX: 0 # Filtered GETX hits
   hGETS: 0 # GETS hits
   hGETX: 0 # GETX hits
   mGETS: 0 # GETS misses
   mGETXIM: 0 # GETX I->M misses
   mGETXSM: 0 # GETX S->M misses (upgrade misses)
   PUTS: 0 # Clean evictions (from lower level)
   PUTX: 0 # Dirty evictions (from lower level)
   INV: 0 # Invalidates (from upper level)
   INVX: 0 # Downgrades (from upper level)
   FWD: 0 # Forwards (from upper level)
   latGETnl: 0 # GET request latency on next level
   latGETnet: 0 # GET request latency on network to next level
 l1i: # Cache stats
  l1i-0: # Filter cache stats
   fhGETS: 11110933 # Filtered GETS hits
   fhGETX: 0 # Filtered GETX hits
   hGETS: 51 # GETS hits
   hGETX: 0 # GETX hits
   mGETS: 811 # GETS misses
   mGETXIM: 0 # GETX I->M misses
   mGETXSM: 0 # GETX S->M misses (upgrade misses)
   PUTS: 0 # Clean evictions (from lower level)
   PUTX: 0 # Dirty evictions (from lower level)
   INV: 783 # Invalidates (from upper level)
   INVX: 0 # Downgrades (from upper level)
   FWD: 0 # Forwards (from upper level)
   latGETnl: 62273 # GET request latency on next level
   latGETnet: 0 # GET request latency on network to next level
  l1i-1: # Filter cache stats
   fhGETS: 11110779 # Filtered GETS hits
   fhGETX: 0 # Filtered GETX hits
   hGETS: 38 # GETS hits
   hGETX: 0 # GETX hits
   mGETS: 734 # GETS misses
   mGETXIM: 0 # GETX I->M misses
   mGETXSM: 0 # GETX S->M misses (upgrade misses)
   PUTS: 0 # Clean evictions (from lower level)
   PUTX: 0 # Dirty evictions (from lower level)
   INV: 700 # Invalidates (from upper level)
   INVX: 0 # Downgrades (from upper level)
   FWD: 0 # Forwards (from upper level)
   latGETnl: 38722 # GET request latency on next level
   latGETnet: 0 # GET request latency on network to next level
  l1i-2: # Filter cache stats
   fhGETS: 11109632 # Filtered GETS hits
   fhGETX: 0 # Filtered GETX hits
   hGETS: 32 # GETS hits
   hGETX: 0 # GETX hits
   mGETS: 744 # GETS misses
   mGETXIM: 0 # GETX I->M misses
   mGETXSM: 0 # GETX S->M misses (upgrade misses)
   PUTS: 0 # Clean evictions (from lower level)
   PUTX: 0 # Dirty evictions (from lower level)
   INV: 720 # Invalidates (from upper level)
   INVX: 0 # Downgrades (from upper level)
   FWD: 0 # Forwards (from upper level)
   latGETnl: 40644 # GET request latency on next level
   latGETnet: 0 # GET request latency on network to next level
  l1i-3: # Filter cache stats
   fhGETS: 11110483 # Filtered GETS hits
   fhGETX: 0 # Filtered GETX hits
   hGETS: 29 # GETS hits
   hGETX: 0 # GETX hits
   mGETS: 724 # GETS misses
   mGETXIM: 0 # GETX I->M misses
   mGETXSM: 0 # GETX S->M misses (upgrade misses)
   PUTS: 0 # Clean evictions (from lower level)
   PUTX: 0 # Dirty evictions (from lower level)
   INV: 700 # Invalidates (from upper level)
   INVX: 0 # Downgrades (from upper level)
   FWD: 0 # Forwards (from upper level)
   latGETnl: 37592 # GET request latency on next level
   latGETnet: 0 # GET request latency on network to next level
  l1i-4: # Filter cache stats
   fhGETS: 11110718 # Filtered GETS hits
   fhGETX: 0 # Filtered GETX hits
   hGETS: 31 # GETS hits
   hGETX: 0 # GETX hits
   mGETS: 732 # GETS misses
   mGETXIM: 0 # GETX I->M misses
   mGETXSM: 0 # GETX S->M misses (upgrade misses)
   PUTS: 0 # Clean evictions (from lower level)
   PUTX: 0 # Dirty evictions (from lower level)
   INV: 702 # Invalidates (from upper level)
   INVX: 0 # Downgrades (from upper level)
   FWD: 0 # Forwards (from upper level)
   latGETnl: 34932 # GET request latency on next level
   latGETnet: 0 # GET request latency on network to next level
  l1i-5: # Filter cache stats
   fhGETS: 11110153 # Filtered GETS hits
   fhGETX: 0 # Filtered GETX hits
   hGETS: 31 # GETS hits
   hGETX: 0 # GETX hits
   mGETS: 731 # GETS misses
   mGETXIM: 0 # GETX I->M misses
   mGETXSM: 0 # GETX S->M misses (upgrade misses)
   PUTS: 0 # Clean evictions (from lower level)
   PUTX: 0 # Dirty evictions (from lower level)
   INV: 707 # Invalidates (from upper level)
   INVX: 0 # Downgrades (from upper level)
   FWD: 0 # Forwards (from upper level)
   latGETnl: 34489 # GET request latency on next level
   latGETnet: 0 # GET request latency on network to next level
  l1i-6: # Filter cache stats
   fhGETS: 11110316 # Filtered GETS hits
   fhGETX: 0 # Filtered GETX hits
   hGETS: 29 # GETS hits
   hGETX: 0 # GETX hits
   mGETS: 705 # GETS misses
   mGETXIM: 0 # GETX I->M misses
   mGETXSM: 0 # GETX S->M misses (upgrade misses)
   PUTS: 0 # Clean evictions (from lower level)
   PUTX: 0 # Dirty evictions (from lower level)
   INV: 681 # Invalidates (from upper level)
   INVX: 0 # Downgrades (from upper level)
   FWD: 0 # Forwards (from upper level)
   latGETnl: 36699 # GET request latency on next level
   latGETnet: 0 # GET request latency on network to next level
  l1i-7: # Filter cache stats
   fhGETS: 11110554 # Filtered GETS hits
   fhGETX: 0 # Filtered GETX hits
   hGETS: 29 # GETS hits
   hGETX: 0 # GETX hits
   mGETS: 712 # GETS misses
   mGETXIM: 0 # GETX I->M misses
   mGETXSM: 0 # GETX S->M misses (upgrade misses)
   PUTS: 0 # Clean evictions (from lower level)
   PUTX: 0 # Dirty evictions (from lower level)
   INV: 682 # Invalidates (from upper level)
   INVX: 0 # Downgrades (from upper level)
   FWD: 0 # Forwards (from upper level)
   latGETnl: 35708 # GET request latency on next level
   latGETnet: 0 # GET request latency on network to next level
  l1i-8: # Filter cache stats
   fhGETS: 11109822 # Filtered GETS hits
   fhGETX: 0 # Filtered GETX hits
   hGETS: 31 # GETS hits
   hGETX: 0 # GETX hits
   mGETS: 731 # GETS misses
   mGETXIM: 0 # GETX I->M misses
   mGETXSM: 0 # GETX S->M misses (upgrade misses)
   PUTS: 0 # Clean evictions (from lower level)
   PUTX: 0 # Dirty evictions (from lower level)
   INV: 707 # Invalidates (from upper level)
   INVX: 0 # Downgrades (from upper level)
   FWD: 0 # Forwards (from upper level)
   latGETnl: 34357 # GET request latency on next level
   latGETnet: 0 # GET request latency on network to next level
  l1i-9: # Filter cache stats
   fhGETS: 11110417 # Filtered GETS hits
   fhGETX: 0 # Filtered GETX hits
   hGETS: 29 # GETS hits
   hGETX: 0 # GETX hits
   mGETS: 713 # GETS misses
   mGETXIM: 0 # GETX I->M misses
   mGETXSM: 0 # GETX S->M misses (upgrade misses)
   PUTS: 0 # Clean evictions (from lower level)
   PUTX: 0 # Dirty evictions (from lower level)
   INV: 689 # Invalidates (from upper level)
   INVX: 0 # Downgrades (from upper level)
   FWD: 0 # Forwards (from upper level)
   latGETnl: 34963 # GET request latency on next level
   latGETnet: 0 # GET request latency on network to next level
  l1i-10: # Filter cache stats
   fhGETS: 11110564 # Filtered GETS hits
   fhGETX: 0 # Filtered GETX hits
   hGETS: 29 # GETS hits
   hGETX: 0 # GETX hits
   mGETS: 717 # GETS misses
   mGETXIM: 0 # GETX I->M misses
   mGETXSM: 0 # GETX S->M misses (upgrade misses)
   PUTS: 0 # Clean evictions (from lower level)
   PUTX: 0 # Dirty evictions (from lower level)
   INV: 687 # Invalidates (from upper level)
   INVX: 0 # Downgrades (from upper level)
   FWD: 0 # Forwards (from upper level)
   latGETnl: 35679 # GET request latency on next level
   latGETnet: 0 # GET request latency on network to next level
  l1i-11: # Filter cache stats
   fhGETS: 11110092 # Filtered GETS hits
   fhGETX: 0 # Filtered GETX hits
   hGETS: 127 # GETS hits
   hGETX: 0 # GETX hits
   mGETS: 709 # GETS misses
   mGETXIM: 0 # GETX I->M misses
   mGETXSM: 0 # GETX S->M misses (upgrade misses)
   PUTS: 0 # Clean evictions (from lower level)
   PUTX: 0 # Dirty evictions (from lower level)
   INV: 685 # Invalidates (from upper level)
   INVX: 0 # Downgrades (from upper level)
   FWD: 0 # Forwards (from upper level)
   latGETnl: 34379 # GET request latency on next level
   latGETnet: 0 # GET request latency on network to next level
  l1i-12: # Filter cache stats
   fhGETS: 11110299 # Filtered GETS hits
   fhGETX: 0 # Filtered GETX hits
   hGETS: 29 # GETS hits
   hGETX: 0 # GETX hits
   mGETS: 713 # GETS misses
   mGETXIM: 0 # GETX I->M misses
   mGETXSM: 0 # GETX S->M misses (upgrade misses)
   PUTS: 0 # Clean evictions (from lower level)
   PUTX: 0 # Dirty evictions (from lower level)
   INV: 689 # Invalidates (from upper level)
   INVX: 0 # Downgrades (from upper level)
   FWD: 0 # Forwards (from upper level)
   latGETnl: 34435 # GET request latency on next level
   latGETnet: 0 # GET request latency on network to next level
  l1i-13: # Filter cache stats
   fhGETS: 11110140 # Filtered GETS hits
   fhGETX: 0 # Filtered GETX hits
   hGETS: 29 # GETS hits
   hGETX: 0 # GETX hits
   mGETS: 711 # GETS misses
   mGETXIM: 0 # GETX I->M misses
   mGETXSM: 0 # GETX S->M misses (upgrade misses)
   PUTS: 0 # Clean evictions (from lower level)
   PUTX: 0 # Dirty evictions (from lower level)
   INV: 687 # Invalidates (from upper level)
   INVX: 0 # Downgrades (from upper level)
   FWD: 0 # Forwards (from upper level)
   latGETnl: 34341 # GET request latency on next level
   latGETnet: 0 # GET request latency on network to next level
  l1i-14: # Filter cache stats
   fhGETS: 11110572 # Filtered GETS hits
   fhGETX: 0 # Filtered GETX hits
   hGETS: 29 # GETS hits
   hGETX: 0 # GETX hits
   mGETS: 715 # GETS misses
   mGETXIM: 0 # GETX I->M misses
   mGETXSM: 0 # GETX S->M misses (upgrade misses)
   PUTS: 0 # Clean evictions (from lower level)
   PUTX: 0 # Dirty evictions (from lower level)
   INV: 686 # Invalidates (from upper level)
   INVX: 0 # Downgrades (from upper level)
   FWD: 0 # Forwards (from upper level)
   latGETnl: 33605 # GET request latency on next level
   latGETnet: 0 # GET request latency on network to next level
  l1i-15: # Filter cache stats
   fhGETS: 11110569 # Filtered GETS hits
   fhGETX: 0 # Filtered GETX hits
   hGETS: 29 # GETS hits
   hGETX: 0 # GETX hits
   mGETS: 715 # GETS misses
   mGETXIM: 0 # GETX I->M misses
   mGETXSM: 0 # GETX S->M misses (upgrade misses)
   PUTS: 0 # Clean evictions (from lower level)
   PUTX: 0 # Dirty evictions (from lower level)
   INV: 685 # Invalidates (from upper level)
   INVX: 0 # Downgrades (from upper level)
   FWD: 0 # Forwards (from upper level)
   latGETnl: 33605 # GET request latency on next level
   latGETnet: 0 # GET request latency on network to next level
  l1i-16: # Filter cache stats
   fhGETS: 11110569 # Filtered GETS hits
   fhGETX: 0 # Filtered GETX hits
   hGETS: 29 # GETS hits
   hGETX: 0 # GETX hits
   mGETS: 719 # GETS misses
   mGETXIM: 0 # GETX I->M misses
   mGETXSM: 0 # GETX S->M misses (upgrade misses)
   PUTS: 0 # Clean evictions (from lower level)
   PUTX: 0 # Dirty evictions (from lower level)
   INV: 689 # Invalidates (from upper level)
   INVX: 0 # Downgrades (from upper level)
   FWD: 0 # Forwards (from upper level)
   latGETnl: 33793 # GET request latency on next level
   latGETnet: 0 # GET request latency on network to next level
  l1i-17: # Filter cache stats
   fhGETS: 11110435 # Filtered GETS hits
   fhGETX: 0 # Filtered GETX hits
   hGETS: 29 # GETS hits
   hGETX: 0 # GETX hits
   mGETS: 704 # GETS misses
   mGETXIM: 0 # GETX I->M misses
   mGETXSM: 0 # GETX S->M misses (upgrade misses)
   PUTS: 0 # Clean evictions (from lower level)
   PUTX: 0 # Dirty evictions (from lower level)
   INV: 680 # Invalidates (from upper level)
   INVX: 0 # Downgrades (from upper level)
   FWD: 0 # Forwards (from upper level)
   latGETnl: 33352 # GET request latency on next level
   latGETnet: 0 # GET request latency on network to next level
  l1i-18: # Filter cache stats
   fhGETS: 11109825 # Filtered GETS hits
   fhGETX: 0 # Filtered GETX hits
   hGETS: 29 # GETS hits
   hGETX: 0 # GETX hits
   mGETS: 712 # GETS misses
   mGETXIM: 0 # GETX I->M misses
   mGETXSM: 0 # GETX S->M misses (upgrade misses)
   PUTS: 0 # Clean evictions (from lower level)
   PUTX: 0 # Dirty evictions (from lower level)
   INV: 688 # Invalidates (from upper level)
   INVX: 0 # Downgrades (from upper level)
   FWD: 0 # Forwards (from upper level)
   latGETnl: 33464 # GET request latency on next level
   latGETnet: 0 # GET request latency on network to next level
  l1i-19: # Filter cache stats
   fhGETS: 11110055 # Filtered GETS hits
   fhGETX: 0 # Filtered GETX hits
   hGETS: 29 # GETS hits
   hGETX: 0 # GETX hits
   mGETS: 713 # GETS misses
   mGETXIM: 0 # GETX I->M misses
   mGETXSM: 0 # GETX S->M misses (upgrade misses)
   PUTS: 0 # Clean evictions (from lower level)
   PUTX: 0 # Dirty evictions (from lower level)
   INV: 689 # Invalidates (from upper level)
   INVX: 0 # Downgrades (from upper level)
   FWD: 0 # Forwards (from upper level)
   latGETnl: 33511 # GET request latency on next level
   latGETnet: 0 # GET request latency on network to next level
  l1i-20: # Filter cache stats
   fhGETS: 11109993 # Filtered GETS hits
   fhGETX: 0 # Filtered GETX hits
   hGETS: 29 # GETS hits
   hGETX: 0 # GETX hits
   mGETS: 708 # GETS misses
   mGETXIM: 0 # GETX I->M misses
   mGETXSM: 0 # GETX S->M misses (upgrade misses)
   PUTS: 0 # Clean evictions (from lower level)
   PUTX: 0 # Dirty evictions (from lower level)
   INV: 684 # Invalidates (from upper level)
   INVX: 0 # Downgrades (from upper level)
   FWD: 0 # Forwards (from upper level)
   latGETnl: 33276 # GET request latency on next level
   latGETnet: 0 # GET request latency on network to next level
  l1i-21: # Filter cache stats
   fhGETS: 11103347 # Filtered GETS hits
   fhGETX: 0 # Filtered GETX hits
   hGETS: 115 # GETS hits
   hGETX: 0 # GETX hits
   mGETS: 776 # GETS misses
   mGETXIM: 0 # GETX I->M misses
   mGETXSM: 0 # GETX S->M misses (upgrade misses)
   PUTS: 0 # Clean evictions (from lower level)
   PUTX: 0 # Dirty evictions (from lower level)
   INV: 752 # Invalidates (from upper level)
   INVX: 0 # Downgrades (from upper level)
   FWD: 0 # Forwards (from upper level)
   latGETnl: 43732 # GET request latency on next level
   latGETnet: 0 # GET request latency on network to next level
  l1i-22: # Filter cache stats
   fhGETS: 11109243 # Filtered GETS hits
   fhGETX: 0 # Filtered GETX hits
   hGETS: 43 # GETS hits
   hGETX: 0 # GETX hits
   mGETS: 714 # GETS misses
   mGETXIM: 0 # GETX I->M misses
   mGETXSM: 0 # GETX S->M misses (upgrade misses)
   PUTS: 0 # Clean evictions (from lower level)
   PUTX: 0 # Dirty evictions (from lower level)
   INV: 690 # Invalidates (from upper level)
   INVX: 0 # Downgrades (from upper level)
   FWD: 0 # Forwards (from upper level)
   latGETnl: 33690 # GET request latency on next level
   latGETnet: 0 # GET request latency on network to next level
  l1i-23: # Filter cache stats
   fhGETS: 0 # Filtered GETS hits
   fhGETX: 0 # Filtered GETX hits
   hGETS: 0 # GETS hits
   hGETX: 0 # GETX hits
   mGETS: 0 # GETS misses
   mGETXIM: 0 # GETX I->M misses
   mGETXSM: 0 # GETX S->M misses (upgrade misses)
   PUTS: 0 # Clean evictions (from lower level)
   PUTX: 0 # Dirty evictions (from lower level)
   INV: 0 # Invalidates (from upper level)
   INVX: 0 # Downgrades (from upper level)
   FWD: 0 # Forwards (from upper level)
   latGETnl: 0 # GET request latency on next level
   latGETnet: 0 # GET request latency on network to next level
 l2: # Cache stats
  l2-0: # Cache stats
   hGETS: 0 # GETS hits
   hGETX: 0 # GETX hits
   mGETS: 118709 # GETS misses
   mGETXIM: 250107 # GETX I->M misses
   mGETXSM: 7 # GETX S->M misses (upgrade misses)
   PUTS: 117656 # Clean evictions (from lower level)
   PUTX: 249727 # Dirty evictions (from lower level)
   INV: 50943 # Invalidates (from upper level)
   INVX: 92 # Downgrades (from upper level)
   FWD: 0 # Forwards (from upper level)
   latGETnl: 62225413 # GET request latency on next level
   latGETnet: 0 # GET request latency on network to next level
  l2-1: # Cache stats
   hGETS: 0 # GETS hits
   hGETX: 0 # GETX hits
   mGETS: 118590 # GETS misses
   mGETXIM: 250073 # GETX I->M misses
   mGETXSM: 10 # GETX S->M misses (upgrade misses)
   PUTS: 117618 # Clean evictions (from lower level)
   PUTX: 249704 # Dirty evictions (from lower level)
   INV: 26961 # Invalidates (from upper level)
   INVX: 25 # Downgrades (from upper level)
   FWD: 0 # Forwards (from upper level)
   latGETnl: 62184899 # GET request latency on next level
   latGETnet: 0 # GET request latency on network to next level
  l2-2: # Cache stats
   hGETS: 0 # GETS hits
   hGETX: 0 # GETX hits
   mGETS: 118578 # GETS misses
   mGETXIM: 250037 # GETX I->M misses
   mGETXSM: 5 # GETX S->M misses (upgrade misses)
   PUTS: 117601 # Clean evictions (from lower level)
   PUTX: 249689 # Dirty evictions (from lower level)
   INV: 74176 # Invalidates (from upper level)
   INVX: 5 # Downgrades (from upper level)
   FWD: 0 # Forwards (from upper level)
   latGETnl: 62178600 # GET request latency on next level
   latGETnet: 0 # GET request latency on network to next level
  l2-3: # Cache stats
   hGETS: 0 # GETS hits
   hGETX: 0 # GETX hits
   mGETS: 118568 # GETS misses
   mGETXIM: 250061 # GETX I->M misses
   mGETXSM: 6 # GETX S->M misses (upgrade misses)
   PUTS: 117613 # Clean evictions (from lower level)
   PUTX: 249697 # Dirty evictions (from lower level)
   INV: 24124 # Invalidates (from upper level)
   INVX: 29 # Downgrades (from upper level)
   FWD: 0 # Forwards (from upper level)
   latGETnl: 62182499 # GET request latency on next level
   latGETnet: 0 # GET request latency on network to next level
  l2-4: # Cache stats
   hGETS: 0 # GETS hits
   hGETX: 0 # GETX hits
   mGETS: 118582 # GETS misses
   mGETXIM: 250068 # GETX I->M misses
   mGETXSM: 9 # GETX S->M misses (upgrade misses)
   PUTS: 117616 # Clean evictions (from lower level)
   PUTX: 249700 # Dirty evictions (from lower level)
   INV: 23396 # Invalidates (from upper level)
   INVX: 20 # Downgrades (from upper level)
   FWD: 0 # Forwards (from upper level)
   latGETnl: 62179231 # GET request latency on next level
   latGETnet: 0 # GET request latency on network to next level
  l2-5: # Cache stats
   hGETS: 0 # GETS hits
   hGETX: 0 # GETX hits
   mGETS: 118570 # GETS misses
   mGETXIM: 250059 # GETX I->M misses
   mGETXSM: 9 # GETX S->M misses (upgrade misses)
   PUTS: 117607 # Clean evictions (from lower level)
   PUTX: 249690 # Dirty evictions (from lower level)
   INV: 26399 # Invalidates (from upper level)
   INVX: 20 # Downgrades (from upper level)
   FWD: 0 # Forwards (from upper level)
   latGETnl: 62175314 # GET request latency on next level
   latGETnet: 0 # GET request latency on network to next level
  l2-6: # Cache stats
   hGETS: 0 # GETS hits
   hGETX: 0 # GETX hits
   mGETS: 118531 # GETS misses
   mGETXIM: 250052 # GETX I->M misses
   mGETXSM: 5 # GETX S->M misses (upgrade misses)
   PUTS: 117603 # Clean evictions (from lower level)
   PUTX: 249695 # Dirty evictions (from lower level)
   INV: 26105 # Invalidates (from upper level)
   INVX: 13 # Downgrades (from upper level)
   FWD: 0 # Forwards (from upper level)
   latGETnl: 62178196 # GET request latency on next level
   latGETnet: 0 # GET request latency on network to next level
  l2-7: # Cache stats
   hGETS: 0 # GETS hits
   hGETX: 0 # GETX hits
   mGETS: 118547 # GETS misses
   mGETXIM: 250052 # GETX I->M misses
   mGETXSM: 6 # GETX S->M misses (upgrade misses)
   PUTS: 117603 # Clean evictions (from lower level)
   PUTX: 249703 # Dirty evictions (from lower level)
   INV: 37339 # Invalidates (from upper level)
   INVX: 15 # Downgrades (from upper level)
   FWD: 0 # Forwards (from upper level)
   latGETnl: 62179067 # GET request latency on next level
   latGETnet: 0 # GET request latency on network to next level
  l2-8: # Cache stats
   hGETS: 0 # GETS hits
   hGETX: 0 # GETX hits
   mGETS: 118570 # GETS misses
   mGETXIM: 250046 # GETX I->M misses
   mGETXSM: 9 # GETX S->M misses (upgrade misses)
   PUTS: 117601 # Clean evictions (from lower level)
   PUTX: 249687 # Dirty evictions (from lower level)
   INV: 56489 # Invalidates (from upper level)
   INVX: 19 # Downgrades (from upper level)
   FWD: 0 # Forwards (from upper level)
   latGETnl: 62173735 # GET request latency on next level
   latGETnet: 0 # GET request latency on network to next level
  l2-9: # Cache stats
   hGETS: 0 # GETS hits
   hGETX: 0 # GETX hits
   mGETS: 118543 # GETS misses
   mGETXIM: 250055 # GETX I->M misses
   mGETXSM: 6 # GETX S->M misses (upgrade misses)
   PUTS: 117604 # Clean evictions (from lower level)
   PUTX: 249696 # Dirty evictions (from lower level)
   INV: 24337 # Invalidates (from upper level)
   INVX: 18 # Downgrades (from upper level)
   FWD: 0 # Forwards (from upper level)
   latGETnl: 62177788 # GET request latency on next level
   latGETnet: 0 # GET request latency on network to next level
  l2-10: # Cache stats
   hGETS: 0 # GETS hits
   hGETX: 0 # GETX hits
   mGETS: 118545 # GETS misses
   mGETXIM: 250061 # GETX I->M misses
   mGETXSM: 5 # GETX S->M misses (upgrade misses)
   PUTS: 117606 # Clean evictions (from lower level)
   PUTX: 249699 # Dirty evictions (from lower level)
   INV: 55503 # Invalidates (from upper level)
   INVX: 31 # Downgrades (from upper level)
   FWD: 0 # Forwards (from upper level)
   latGETnl: 62180665 # GET request latency on next level
   latGETnet: 0 # GET request latency on network to next level
  l2-11: # Cache stats
   hGETS: 1 # GETS hits
   hGETX: 0 # GETX hits
   mGETS: 118553 # GETS misses
   mGETXIM: 250060 # GETX I->M misses
   mGETXSM: 10 # GETX S->M misses (upgrade misses)
   PUTS: 117608 # Clean evictions (from lower level)
   PUTX: 249713 # Dirty evictions (from lower level)
   INV: 76333 # Invalidates (from upper level)
   INVX: 4 # Downgrades (from upper level)
   FWD: 0 # Forwards (from upper level)
   latGETnl: 62177331 # GET request latency on next level
   latGETnet: 0 # GET request latency on network to next level
  l2-12: # Cache stats
   hGETS: 0 # GETS hits
   hGETX: 0 # GETX hits
   mGETS: 118538 # GETS misses
   mGETXIM: 250054 # GETX I->M misses
   mGETXSM: 6 # GETX S->M misses (upgrade misses)
   PUTS: 117599 # Clean evictions (from lower level)
   PUTX: 249697 # Dirty evictions (from lower level)
   INV: 23586 # Invalidates (from upper level)
   INVX: 7 # Downgrades (from upper level)
   FWD: 0 # Forwards (from upper level)
   latGETnl: 62174236 # GET request latency on next level
   latGETnet: 0 # GET request latency on network to next level
  l2-13: # Cache stats
   hGETS: 0 # GETS hits
   hGETX: 0 # GETX hits
   mGETS: 118534 # GETS misses
   mGETXIM: 250049 # GETX I->M misses
   mGETXSM: 4 # GETX S->M misses (upgrade misses)
   PUTS: 117598 # Clean evictions (from lower level)
   PUTX: 249695 # Dirty evictions (from lower level)
   INV: 23994 # Invalidates (from upper level)
   INVX: 10 # Downgrades (from upper level)
   FWD: 0 # Forwards (from upper level)
   latGETnl: 62174733 # GET request latency on next level
   latGETnet: 0 # GET request latency on network to next level
  l2-14: # Cache stats
   hGETS: 0 # GETS hits
   hGETX: 0 # GETX hits
   mGETS: 118544 # GETS misses
   mGETXIM: 250061 # GETX I->M misses
   mGETXSM: 6 # GETX S->M misses (upgrade misses)
   PUTS: 117605 # Clean evictions (from lower level)
   PUTX: 249701 # Dirty evictions (from lower level)
   INV: 49983 # Invalidates (from upper level)
   INVX: 2 # Downgrades (from upper level)
   FWD: 0 # Forwards (from upper level)
   latGETnl: 62174425 # GET request latency on next level
   latGETnet: 0 # GET request latency on network to next level
  l2-15: # Cache stats
   hGETS: 0 # GETS hits
   hGETX: 0 # GETX hits
   mGETS: 118543 # GETS misses
   mGETXIM: 250059 # GETX I->M misses
   mGETXSM: 6 # GETX S->M misses (upgrade misses)
   PUTS: 117604 # Clean evictions (from lower level)
   PUTX: 249701 # Dirty evictions (from lower level)
   INV: 39214 # Invalidates (from upper level)
   INVX: 2 # Downgrades (from upper level)
   FWD: 0 # Forwards (from upper level)
   latGETnl: 62174182 # GET request latency on next level
   latGETnet: 0 # GET request latency on network to next level
  l2-16: # Cache stats
   hGETS: 0 # GETS hits
   hGETX: 0 # GETX hits
   mGETS: 118547 # GETS misses
   mGETXIM: 250063 # GETX I->M misses
   mGETXSM: 6 # GETX S->M misses (upgrade misses)
   PUTS: 117603 # Clean evictions (from lower level)
   PUTX: 249703 # Dirty evictions (from lower level)
   INV: 23606 # Invalidates (from upper level)
   INVX: 2 # Downgrades (from upper level)
   FWD: 0 # Forwards (from upper level)
   latGETnl: 62174346 # GET request latency on next level
   latGETnet: 0 # GET request latency on network to next level
  l2-17: # Cache stats
   hGETS: 0 # GETS hits
   hGETX: 0 # GETX hits
   mGETS: 118533 # GETS misses
   mGETXIM: 250055 # GETX I->M misses
   mGETXSM: 6 # GETX S->M misses (upgrade misses)
   PUTS: 117603 # Clean evictions (from lower level)
   PUTX: 249698 # Dirty evictions (from lower level)
   INV: 23580 # Invalidates (from upper level)
   INVX: 2 # Downgrades (from upper level)
   FWD: 0 # Forwards (from upper level)
   latGETnl: 62173796 # GET request latency on next level
   latGETnet: 0 # GET request latency on network to next level
  l2-18: # Cache stats
   hGETS: 0 # GETS hits
   hGETX: 0 # GETX hits
   mGETS: 118531 # GETS misses
   mGETXIM: 250046 # GETX I->M misses
   mGETXSM: 6 # GETX S->M misses (upgrade misses)
   PUTS: 117592 # Clean evictions (from lower level)
   PUTX: 249689 # Dirty evictions (from lower level)
   INV: 38455 # Invalidates (from upper level)
   INVX: 2 # Downgrades (from upper level)
   FWD: 0 # Forwards (from upper level)
   latGETnl: 62170089 # GET request latency on next level
   latGETnet: 0 # GET request latency on network to next level
  l2-19: # Cache stats
   hGETS: 0 # GETS hits
   hGETX: 0 # GETX hits
   mGETS: 118536 # GETS misses
   mGETXIM: 250047 # GETX I->M misses
   mGETXSM: 6 # GETX S->M misses (upgrade misses)
   PUTS: 117597 # Clean evictions (from lower level)
   PUTX: 249693 # Dirty evictions (from lower level)
   INV: 22958 # Invalidates (from upper level)
   INVX: 2 # Downgrades (from upper level)
   FWD: 0 # Forwards (from upper level)
   latGETnl: 62171499 # GET request latency on next level
   latGETnet: 0 # GET request latency on network to next level
  l2-20: # Cache stats
   hGETS: 0 # GETS hits
   hGETX: 0 # GETX hits
   mGETS: 118528 # GETS misses
   mGETXIM: 250053 # GETX I->M misses
   mGETXSM: 6 # GETX S->M misses (upgrade misses)
   PUTS: 117595 # Clean evictions (from lower level)
   PUTX: 249691 # Dirty evictions (from lower level)
   INV: 23390 # Invalidates (from upper level)
   INVX: 2 # Downgrades (from upper level)
   FWD: 0 # Forwards (from upper level)
   latGETnl: 62170633 # GET request latency on next level
   latGETnet: 0 # GET request latency on network to next level
  l2-21: # Cache stats
   hGETS: 0 # GETS hits
   hGETX: 0 # GETX hits
   mGETS: 118580 # GETS misses
   mGETXIM: 249864 # GETX I->M misses
   mGETXSM: 10 # GETX S->M misses (upgrade misses)
   PUTS: 117569 # Clean evictions (from lower level)
   PUTX: 249523 # Dirty evictions (from lower level)
   INV: 39318 # Invalidates (from upper level)
   INVX: 3 # Downgrades (from upper level)
   FWD: 0 # Forwards (from upper level)
   latGETnl: 62145794 # GET request latency on next level
   latGETnet: 0 # GET request latency on network to next level
  l2-22: # Cache stats
   hGETS: 0 # GETS hits
   hGETX: 0 # GETX hits
   mGETS: 118533 # GETS misses
   mGETXIM: 250033 # GETX I->M misses
   mGETXSM: 8 # GETX S->M misses (upgrade misses)
   PUTS: 117589 # Clean evictions (from lower level)
   PUTX: 249677 # Dirty evictions (from lower level)
   INV: 26802 # Invalidates (from upper level)
   INVX: 7 # Downgrades (from upper level)
   FWD: 0 # Forwards (from upper level)
   latGETnl: 62168096 # GET request latency on next level
   latGETnet: 0 # GET request latency on network to next level
  l2-23: # Cache stats
   hGETS: 0 # GETS hits
   hGETX: 0 # GETX hits
   mGETS: 0 # GETS misses
   mGETXIM: 0 # GETX I->M misses
   mGETXSM: 0 # GETX S->M misses (upgrade misses)
   PUTS: 0 # Clean evictions (from lower level)
   PUTX: 0 # Dirty evictions (from lower level)
   INV: 0 # Invalidates (from upper level)
   INVX: 0 # Downgrades (from upper level)
   FWD: 0 # Forwards (from upper level)
   latGETnl: 0 # GET request latency on next level
   latGETnet: 0 # GET request latency on network to next level
 l3: # Cache stats
  l3-0b0: # Cache stats
   hGETS: 718 # GETS hits
   hGETX: 13 # GETX hits
   mGETS: 112758 # GETS misses
   mGETXIM: 239624 # GETX I->M misses
   mGETXSM: 0 # GETX S->M misses (upgrade misses)
   PUTS: 97124 # Clean evictions (from lower level)
   PUTX: 206167 # Dirty evictions (from lower level)
   INV: 0 # Invalidates (from upper level)
   INVX: 0 # Downgrades (from upper level)
   FWD: 0 # Forwards (from upper level)
   latGETnl: 46514424 # GET request latency on next level
   latGETnet: 0 # GET request latency on network to next level
  l3-0b1: # Cache stats
   hGETS: 808 # GETS hits
   hGETX: 21 # GETX hits
   mGETS: 112784 # GETS misses
   mGETXIM: 239618 # GETX I->M misses
   mGETXSM: 0 # GETX S->M misses (upgrade misses)
   PUTS: 97224 # Clean evictions (from lower level)
   PUTX: 206246 # Dirty evictions (from lower level)
   INV: 0 # Invalidates (from upper level)
   INVX: 0 # Downgrades (from upper level)
   FWD: 0 # Forwards (from upper level)
   latGETnl: 46517064 # GET request latency on next level
   latGETnet: 0 # GET request latency on network to next level
  l3-0b2: # Cache stats
   hGETS: 702 # GETS hits
   hGETX: 68 # GETX hits
   mGETS: 112855 # GETS misses
   mGETXIM: 239615 # GETX I->M misses
   mGETXSM: 0 # GETX S->M misses (upgrade misses)
   PUTS: 97284 # Clean evictions (from lower level)
   PUTX: 206152 # Dirty evictions (from lower level)
   INV: 0 # Invalidates (from upper level)
   INVX: 0 # Downgrades (from upper level)
   FWD: 0 # Forwards (from upper level)
   latGETnl: 46526040 # GET request latency on next level
   latGETnet: 0 # GET request latency on network to next level
  l3-0b3: # Cache stats
   hGETS: 816 # GETS hits
   hGETX: 79 # GETX hits
   mGETS: 112762 # GETS misses
   mGETXIM: 239628 # GETX I->M misses
   mGETXSM: 0 # GETX S->M misses (upgrade misses)
   PUTS: 97333 # Clean evictions (from lower level)
   PUTX: 206276 # Dirty evictions (from lower level)
   INV: 0 # Invalidates (from upper level)
   INVX: 0 # Downgrades (from upper level)
   FWD: 0 # Forwards (from upper level)
   latGETnl: 46515480 # GET request latency on next level
   latGETnet: 0 # GET request latency on network to next level
  l3-0b4: # Cache stats
   hGETS: 743 # GETS hits
   hGETX: 51 # GETX hits
   mGETS: 112876 # GETS misses
   mGETXIM: 239618 # GETX I->M misses
   mGETXSM: 0 # GETX S->M misses (upgrade misses)
   PUTS: 97428 # Clean evictions (from lower level)
   PUTX: 206043 # Dirty evictions (from lower level)
   INV: 0 # Invalidates (from upper level)
   INVX: 0 # Downgrades (from upper level)
   FWD: 0 # Forwards (from upper level)
   latGETnl: 46529208 # GET request latency on next level
   latGETnet: 0 # GET request latency on network to next level
  l3-0b5: # Cache stats
   hGETS: 817 # GETS hits
   hGETX: 59 # GETX hits
   mGETS: 112901 # GETS misses
   mGETXIM: 239621 # GETX I->M misses
   mGETXSM: 0 # GETX S->M misses (upgrade misses)
   PUTS: 97522 # Clean evictions (from lower level)
   PUTX: 206054 # Dirty evictions (from lower level)
   INV: 0 # Invalidates (from upper level)
   INVX: 0 # Downgrades (from upper level)
   FWD: 0 # Forwards (from upper level)
   latGETnl: 46532904 # GET request latency on next level
   latGETnet: 0 # GET request latency on network to next level
  l3-0b6: # Cache stats
   hGETS: 730 # GETS hits
   hGETX: 10 # GETX hits
   mGETS: 112662 # GETS misses
   mGETXIM: 239624 # GETX I->M misses
   mGETXSM: 0 # GETX S->M misses (upgrade misses)
   PUTS: 97163 # Clean evictions (from lower level)
   PUTX: 206117 # Dirty evictions (from lower level)
   INV: 0 # Invalidates (from upper level)
   INVX: 0 # Downgrades (from upper level)
   FWD: 0 # Forwards (from upper level)
   latGETnl: 46501752 # GET request latency on next level
   latGETnet: 0 # GET request latency on network to next level
  l3-0b7: # Cache stats
   hGETS: 706 # GETS hits
   hGETX: 26 # GETX hits
   mGETS: 112865 # GETS misses
   mGETXIM: 239617 # GETX I->M misses
   mGETXSM: 0 # GETX S->M misses (upgrade misses)
   PUTS: 97288 # Clean evictions (from lower level)
   PUTX: 206068 # Dirty evictions (from lower level)
   INV: 0 # Invalidates (from upper level)
   INVX: 0 # Downgrades (from upper level)
   FWD: 0 # Forwards (from upper level)
   latGETnl: 46527624 # GET request latency on next level
   latGETnet: 0 # GET request latency on network to next level
  l3-0b8: # Cache stats
   hGETS: 724 # GETS hits
   hGETX: 20 # GETX hits
   mGETS: 112852 # GETS misses
   mGETXIM: 239622 # GETX I->M misses
   mGETXSM: 0 # GETX S->M misses (upgrade misses)
   PUTS: 97328 # Clean evictions (from lower level)
   PUTX: 206240 # Dirty evictions (from lower level)
   INV: 0 # Invalidates (from upper level)
   INVX: 0 # Downgrades (from upper level)
   FWD: 0 # Forwards (from upper level)
   latGETnl: 46526568 # GET request latency on next level
   latGETnet: 0 # GET request latency on network to next level
  l3-0b9: # Cache stats
   hGETS: 697 # GETS hits
   hGETX: 27 # GETX hits
   mGETS: 112841 # GETS misses
   mGETXIM: 239628 # GETX I->M misses
   mGETXSM: 0 # GETX S->M misses (upgrade misses)
   PUTS: 97191 # Clean evictions (from lower level)
   PUTX: 206136 # Dirty evictions (from lower level)
   INV: 0 # Invalidates (from upper level)
   INVX: 0 # Downgrades (from upper level)
   FWD: 0 # Forwards (from upper level)
   latGETnl: 46525908 # GET request latency on next level
   latGETnet: 0 # GET request latency on network to next level
  l3-0b10: # Cache stats
   hGETS: 1802 # GETS hits
   hGETX: 10 # GETX hits
   mGETS: 112815 # GETS misses
   mGETXIM: 239625 # GETX I->M misses
   mGETXSM: 0 # GETX S->M misses (upgrade misses)
   PUTS: 98187 # Clean evictions (from lower level)
   PUTX: 206154 # Dirty evictions (from lower level)
   INV: 0 # Invalidates (from upper level)
   INVX: 0 # Downgrades (from upper level)
   FWD: 0 # Forwards (from upper level)
   latGETnl: 46522080 # GET request latency on next level
   latGETnet: 0 # GET request latency on network to next level
  l3-0b11: # Cache stats
   hGETS: 751 # GETS hits
   hGETX: 2 # GETX hits
   mGETS: 112797 # GETS misses
   mGETXIM: 239626 # GETX I->M misses
   mGETXSM: 0 # GETX S->M misses (upgrade misses)
   PUTS: 97191 # Clean evictions (from lower level)
   PUTX: 206314 # Dirty evictions (from lower level)
   INV: 0 # Invalidates (from upper level)
   INVX: 0 # Downgrades (from upper level)
   FWD: 0 # Forwards (from upper level)
   latGETnl: 46519836 # GET request latency on next level
   latGETnet: 0 # GET request latency on network to next level
  l3-0b12: # Cache stats
   hGETS: 1381 # GETS hits
   hGETX: 46 # GETX hits
   mGETS: 112727 # GETS misses
   mGETXIM: 239631 # GETX I->M misses
   mGETXSM: 0 # GETX S->M misses (upgrade misses)
   PUTS: 97734 # Clean evictions (from lower level)
   PUTX: 206279 # Dirty evictions (from lower level)
   INV: 0 # Invalidates (from upper level)
   INVX: 0 # Downgrades (from upper level)
   FWD: 0 # Forwards (from upper level)
   latGETnl: 46511256 # GET request latency on next level
   latGETnet: 0 # GET request latency on network to next level
  l3-0b13: # Cache stats
   hGETS: 1286 # GETS hits
   hGETX: 54 # GETX hits
   mGETS: 112833 # GETS misses
   mGETXIM: 239628 # GETX I->M misses
   mGETXSM: 0 # GETX S->M misses (upgrade misses)
   PUTS: 97721 # Clean evictions (from lower level)
   PUTX: 206192 # Dirty evictions (from lower level)
   INV: 0 # Invalidates (from upper level)
   INVX: 0 # Downgrades (from upper level)
   FWD: 0 # Forwards (from upper level)
   latGETnl: 46524852 # GET request latency on next level
   latGETnet: 0 # GET request latency on network to next level
  l3-0b14: # Cache stats
   hGETS: 1328 # GETS hits
   hGETX: 108 # GETX hits
   mGETS: 112893 # GETS misses
   mGETXIM: 239625 # GETX I->M misses
   mGETXSM: 0 # GETX S->M misses (upgrade misses)
   PUTS: 97898 # Clean evictions (from lower level)
   PUTX: 206152 # Dirty evictions (from lower level)
   INV: 0 # Invalidates (from upper level)
   INVX: 0 # Downgrades (from upper level)
   FWD: 0 # Forwards (from upper level)
   latGETnl: 46532376 # GET request latency on next level
   latGETnet: 0 # GET request latency on network to next level
  l3-0b15: # Cache stats
   hGETS: 1324 # GETS hits
   hGETX: 82 # GETX hits
   mGETS: 112697 # GETS misses
   mGETXIM: 239628 # GETX I->M misses
   mGETXSM: 0 # GETX S->M misses (upgrade misses)
   PUTS: 97770 # Clean evictions (from lower level)
   PUTX: 206277 # Dirty evictions (from lower level)
   INV: 0 # Invalidates (from upper level)
   INVX: 0 # Downgrades (from upper level)
   FWD: 0 # Forwards (from upper level)
   latGETnl: 46506900 # GET request latency on next level
   latGETnet: 0 # GET request latency on network to next level
  l3-0b16: # Cache stats
   hGETS: 388 # GETS hits
   hGETX: 34 # GETX hits
   mGETS: 112758 # GETS misses
   mGETXIM: 239537 # GETX I->M misses
   mGETXSM: 0 # GETX S->M misses (upgrade misses)
   PUTS: 96906 # Clean evictions (from lower level)
   PUTX: 206151 # Dirty evictions (from lower level)
   INV: 0 # Invalidates (from upper level)
   INVX: 0 # Downgrades (from upper level)
   FWD: 0 # Forwards (from upper level)
   latGETnl: 46502940 # GET request latency on next level
   latGETnet: 0 # GET request latency on network to next level
  l3-0b17: # Cache stats
   hGETS: 845 # GETS hits
   hGETX: 41 # GETX hits
   mGETS: 112747 # GETS misses
   mGETXIM: 239536 # GETX I->M misses
   mGETXSM: 0 # GETX S->M misses (upgrade misses)
   PUTS: 97261 # Clean evictions (from lower level)
   PUTX: 206149 # Dirty evictions (from lower level)
   INV: 0 # Invalidates (from upper level)
   INVX: 0 # Downgrades (from upper level)
   FWD: 0 # Forwards (from upper level)
   latGETnl: 46501356 # GET request latency on next level
   latGETnet: 0 # GET request latency on network to next level
  l3-0b18: # Cache stats
   hGETS: 387 # GETS hits
   hGETX: 70 # GETX hits
   mGETS: 112716 # GETS misses
   mGETXIM: 239537 # GETX I->M misses
   mGETXSM: 0 # GETX S->M misses (upgrade misses)
   PUTS: 96748 # Clean evictions (from lower level)
   PUTX: 206212 # Dirty evictions (from lower level)
   INV: 0 # Invalidates (from upper level)
   INVX: 0 # Downgrades (from upper level)
   FWD: 0 # Forwards (from upper level)
   latGETnl: 46497396 # GET request latency on next level
   latGETnet: 0 # GET request latency on network to next level
  l3-0b19: # Cache stats
   hGETS: 353 # GETS hits
   hGETX: 83 # GETX hits
   mGETS: 112821 # GETS misses
   mGETXIM: 239538 # GETX I->M misses
   mGETXSM: 0 # GETX S->M misses (upgrade misses)
   PUTS: 96920 # Clean evictions (from lower level)
   PUTX: 206000 # Dirty evictions (from lower level)
   INV: 0 # Invalidates (from upper level)
   INVX: 0 # Downgrades (from upper level)
   FWD: 0 # Forwards (from upper level)
   latGETnl: 46511388 # GET request latency on next level
   latGETnet: 0 # GET request latency on network to next level
  l3-0b20: # Cache stats
   hGETS: 333 # GETS hits
   hGETX: 0 # GETX hits
   mGETS: 112773 # GETS misses
   mGETXIM: 239542 # GETX I->M misses
   mGETXSM: 0 # GETX S->M misses (upgrade misses)
   PUTS: 96860 # Clean evictions (from lower level)
   PUTX: 206045 # Dirty evictions (from lower level)
   INV: 0 # Invalidates (from upper level)
   INVX: 0 # Downgrades (from upper level)
   FWD: 0 # Forwards (from upper level)
   latGETnl: 46505580 # GET request latency on next level
   latGETnet: 0 # GET request latency on network to next level
  l3-0b21: # Cache stats
   hGETS: 384 # GETS hits
   hGETX: 14 # GETX hits
   mGETS: 112657 # GETS misses
   mGETXIM: 239543 # GETX I->M misses
   mGETXSM: 0 # GETX S->M misses (upgrade misses)
   PUTS: 96868 # Clean evictions (from lower level)
   PUTX: 206149 # Dirty evictions (from lower level)
   INV: 0 # Invalidates (from upper level)
   INVX: 0 # Downgrades (from upper level)
   FWD: 0 # Forwards (from upper level)
   latGETnl: 46490400 # GET request latency on next level
   latGETnet: 0 # GET request latency on network to next level
  l3-0b22: # Cache stats
   hGETS: 893 # GETS hits
   hGETX: 50 # GETX hits
   mGETS: 112824 # GETS misses
   mGETXIM: 239540 # GETX I->M misses
   mGETXSM: 0 # GETX S->M misses (upgrade misses)
   PUTS: 97387 # Clean evictions (from lower level)
   PUTX: 206141 # Dirty evictions (from lower level)
   INV: 0 # Invalidates (from upper level)
   INVX: 0 # Downgrades (from upper level)
   FWD: 0 # Forwards (from upper level)
   latGETnl: 46512048 # GET request latency on next level
   latGETnet: 0 # GET request latency on network to next level
  l3-0b23: # Cache stats
   hGETS: 877 # GETS hits
   hGETX: 19 # GETX hits
   mGETS: 112826 # GETS misses
   mGETXIM: 239534 # GETX I->M misses
   mGETXSM: 0 # GETX S->M misses (upgrade misses)
   PUTS: 97423 # Clean evictions (from lower level)
   PUTX: 206086 # Dirty evictions (from lower level)
   INV: 0 # Invalidates (from upper level)
   INVX: 0 # Downgrades (from upper level)
   FWD: 0 # Forwards (from upper level)
   latGETnl: 46511520 # GET request latency on next level
   latGETnet: 0 # GET request latency on network to next level
 mem: # Memory controller stats
  mem-0: # Memory controller stats
   rd: 8457325 # Read requests
   wr: 5385762 # Write requests
   rdlat: 1531832590 # Total latency experienced by read requests
   wrlat: 990581646 # Total latency experienced by write requests
 sched: # Scheduler stats
  thCr: 25 # Threads created
  thFn: 25 # Threads finished
  schedEvs: 28 # Schedule events
  waitEvs: 2 # Wait events
  handoffEvs: 1 # Handoff events
  sleepEvs: 1 # Sleep events
  idlePhases: 0 # Phases with no thread active
  idlePeriods: 0 # Periods with no thread active
  occHist: # Occupancy histogram
   0: 0
   1: 24
   2: 0
   3: 1
   4: 2
   5: 1
   6: 0
   7: 1
   8: 0
   9: 0
   10: 0
   11: 1
   12: 0
   13: 1
   14: 0
   15: 0
   16: 0
   17: 1
   18: 0
   19: 0
   20: 0
   21: 1
   22: 0
   23: 26860
   24: 0
  rqSzHist: # Run queue size histogram
   0: 26870
   1: 23
   2: 0
   3: 0
   4: 0
   5: 0
   6: 0
   7: 0
   8: 0
   9: 0
   10: 0
   11: 0
   12: 0
   13: 0
   14: 0
   15: 0
   16: 0
   17: 0
   18: 0
   19: 0
   20: 0
   21: 0
   22: 0
   23: 0
   24: 0
 procCycles: # Per-process unhalted core cycles
  0: 617892286
  1: 0
  2: 0
  3: 0
  4: 0
  5: 0
  6: 0
  7: 0
  8: 0
  9: 0
  10: 0
  11: 0
  12: 0
  13: 0
  14: 0
  15: 0
  16: 0
  17: 0
  18: 0
  19: 0
  20: 0
  21: 0
  22: 0
  23: 0
  24: 0
  25: 0
  26: 0
  27: 0
  28: 0
  29: 0
  30: 0
  31: 0
  32: 0
  33: 0
  34: 0
  35: 0
  36: 0
  37: 0
  38: 0
  39: 0
  40: 0
  41: 0
  42: 0
  43: 0
  44: 0
  45: 0
  46: 0
  47: 0
  48: 0
  49: 0
  50: 0
  51: 0
  52: 0
  53: 0
  54: 0
  55: 0
  56: 0
  57: 0
  58: 0
  59: 0
  60: 0
  61: 0
  62: 0
  63: 0
 procInstrs: # Per-process instructions
  0: 750579468
  1: 0
  2: 0
  3: 0
  4: 0
  5: 0
  6: 0
  7: 0
  8: 0
  9: 0
  10: 0
  11: 0
  12: 0
  13: 0
  14: 0
  15: 0
  16: 0
  17: 0
  18: 0
  19: 0
  20: 0
  21: 0
  22: 0
  23: 0
  24: 0
  25: 0
  26: 0
  27: 0
  28: 0
  29: 0
  30: 0
  31: 0
  32: 0
  33: 0
  34: 0
  35: 0
  36: 0
  37: 0
  38: 0
  39: 0
  40: 0
  41: 0
  42: 0
  43: 0
  44: 0
  45: 0
  46: 0
  47: 0
  48: 0
  49: 0
  50: 0
  51: 0
  52: 0
  53: 0
  54: 0
  55: 0
  56: 0
  57: 0
  58: 0
  59: 0
  60: 0
  61: 0
  62: 0
  63: 0
 heartbeats: # Per-process heartbeats
  0: 0
  1: 0
  2: 0
  3: 0
  4: 0
  5: 0
  6: 0
  7: 0
  8: 0
  9: 0
  10: 0
  11: 0
  12: 0
  13: 0
  14: 0
  15: 0
  16: 0
  17: 0
  18: 0
  19: 0
  20: 0
  21: 0
  22: 0
  23: 0
  24: 0
  25: 0
  26: 0
  27: 0
  28: 0
  29: 0
  30: 0
  31: 0
  32: 0
  33: 0
  34: 0
  35: 0
  36: 0
  37: 0
  38: 0
  39: 0
  40: 0
  41: 0
  42: 0
  43: 0
  44: 0
  45: 0
  46: 0
  47: 0
  48: 0
  49: 0
  50: 0
  51: 0
  52: 0
  53: 0
  54: 0
  55: 0
  56: 0
  57: 0
  58: 0
  59: 0
  60: 0
  61: 0
  62: 0
  63: 0
===
