# zsim stats
===
root: # Stats
 contention: # Contention simulation stats
  domain-0: # Domain stats
   time: 26118763974 # Weave simulation time
 time: # Simulator time breakdown
  init: 3181668569
  bound: 619534816155
  weave: 63304645508
  ff: 3190559
 trigger: 20000 # Reason for this stats dump
 phase: 1290810 # Simulated phases
 reqCycles: 0 # Requeue Cycles
 skylake: # Core stats
  skylake-0: # Core stats
   cycles: 1290810222 # Simulated unhalted cycles
   cCycles: 0 # Cycles due to contention stalls
   instrs: 1934597067 # Simulated instructions
   uops: 1291402567 # issued micro-ops
   bbls: 644354923 # Basic blocks
   approxInstrs: 886408 # Instrs with approx uop decoding
   mispredBranches: 128952 # Mispredicted branches
   IdqNotDelivered: 1290810222 # Stalls no uop delivered when no Bkend Stall
   IntMiscRecoveryCycles: 1045111 # Stalls waiting machine clears
   uops executed: 1291917392 # Executed microoperations
  skylake-1: # Core stats
   cycles: 1290774002 # Simulated unhalted cycles
   cCycles: 0 # Cycles due to contention stalls
   instrs: 1934595456 # Simulated instructions
   uops: 1291400936 # issued micro-ops
   bbls: 644354558 # Basic blocks
   approxInstrs: 886403 # Instrs with approx uop decoding
   mispredBranches: 128914 # Mispredicted branches
   IdqNotDelivered: 1290774002 # Stalls no uop delivered when no Bkend Stall
   IntMiscRecoveryCycles: 1036339 # Stalls waiting machine clears
   uops executed: 1291915798 # Executed microoperations
  skylake-2: # Core stats
   cycles: 1290771709 # Simulated unhalted cycles
   cCycles: 0 # Cycles due to contention stalls
   instrs: 1934593172 # Simulated instructions
   uops: 1291399152 # issued micro-ops
   bbls: 644353871 # Basic blocks
   approxInstrs: 886399 # Instrs with approx uop decoding
   mispredBranches: 128915 # Mispredicted branches
   IdqNotDelivered: 1290771709 # Stalls no uop delivered when no Bkend Stall
   IntMiscRecoveryCycles: 1038644 # Stalls waiting machine clears
   uops executed: 1291914040 # Executed microoperations
  skylake-3: # Core stats
   cycles: 1290772035 # Simulated unhalted cycles
   cCycles: 0 # Cycles due to contention stalls
   instrs: 1934595639 # Simulated instructions
   uops: 1291400948 # issued micro-ops
   bbls: 644354649 # Basic blocks
   approxInstrs: 886402 # Instrs with approx uop decoding
   mispredBranches: 128918 # Mispredicted branches
   IdqNotDelivered: 1290772035 # Stalls no uop delivered when no Bkend Stall
   IntMiscRecoveryCycles: 1038718 # Stalls waiting machine clears
   uops executed: 1291915792 # Executed microoperations
  skylake-4: # Core stats
   cycles: 1290770052 # Simulated unhalted cycles
   cCycles: 0 # Cycles due to contention stalls
   instrs: 1934595668 # Simulated instructions
   uops: 1291400985 # issued micro-ops
   bbls: 644354657 # Basic blocks
   approxInstrs: 886404 # Instrs with approx uop decoding
   mispredBranches: 128918 # Mispredicted branches
   IdqNotDelivered: 1290770052 # Stalls no uop delivered when no Bkend Stall
   IntMiscRecoveryCycles: 1037374 # Stalls waiting machine clears
   uops executed: 1291915812 # Executed microoperations
  skylake-5: # Core stats
   cycles: 1290769333 # Simulated unhalted cycles
   cCycles: 0 # Cycles due to contention stalls
   instrs: 1934595628 # Simulated instructions
   uops: 1291400937 # issued micro-ops
   bbls: 644354647 # Basic blocks
   approxInstrs: 886402 # Instrs with approx uop decoding
   mispredBranches: 128919 # Mispredicted branches
   IdqNotDelivered: 1290769333 # Stalls no uop delivered when no Bkend Stall
   IntMiscRecoveryCycles: 1037008 # Stalls waiting machine clears
   uops executed: 1291915735 # Executed microoperations
  skylake-6: # Core stats
   cycles: 1290768002 # Simulated unhalted cycles
   cCycles: 0 # Cycles due to contention stalls
   instrs: 1934594952 # Simulated instructions
   uops: 1291400157 # issued micro-ops
   bbls: 644354496 # Basic blocks
   approxInstrs: 886396 # Instrs with approx uop decoding
   mispredBranches: 128909 # Mispredicted branches
   IdqNotDelivered: 1290768002 # Stalls no uop delivered when no Bkend Stall
   IntMiscRecoveryCycles: 1038357 # Stalls waiting machine clears
   uops executed: 1291915001 # Executed microoperations
  skylake-7: # Core stats
   cycles: 1290767001 # Simulated unhalted cycles
   cCycles: 0 # Cycles due to contention stalls
   instrs: 1934593748 # Simulated instructions
   uops: 1291399680 # issued micro-ops
   bbls: 644354020 # Basic blocks
   approxInstrs: 886401 # Instrs with approx uop decoding
   mispredBranches: 128916 # Mispredicted branches
   IdqNotDelivered: 1290767001 # Stalls no uop delivered when no Bkend Stall
   IntMiscRecoveryCycles: 1036673 # Stalls waiting machine clears
   uops executed: 1291914516 # Executed microoperations
  skylake-8: # Core stats
   cycles: 1290767041 # Simulated unhalted cycles
   cCycles: 0 # Cycles due to contention stalls
   instrs: 1934595025 # Simulated instructions
   uops: 1291400218 # issued micro-ops
   bbls: 644354519 # Basic blocks
   approxInstrs: 886398 # Instrs with approx uop decoding
   mispredBranches: 128912 # Mispredicted branches
   IdqNotDelivered: 1290767041 # Stalls no uop delivered when no Bkend Stall
   IntMiscRecoveryCycles: 1038243 # Stalls waiting machine clears
   uops executed: 1291915048 # Executed microoperations
  skylake-9: # Core stats
   cycles: 1290766994 # Simulated unhalted cycles
   cCycles: 0 # Cycles due to contention stalls
   instrs: 1934595025 # Simulated instructions
   uops: 1291400218 # issued micro-ops
   bbls: 644354519 # Basic blocks
   approxInstrs: 886398 # Instrs with approx uop decoding
   mispredBranches: 128912 # Mispredicted branches
   IdqNotDelivered: 1290766994 # Stalls no uop delivered when no Bkend Stall
   IntMiscRecoveryCycles: 1037884 # Stalls waiting machine clears
   uops executed: 1291915048 # Executed microoperations
  skylake-10: # Core stats
   cycles: 1290766828 # Simulated unhalted cycles
   cCycles: 0 # Cycles due to contention stalls
   instrs: 1934595024 # Simulated instructions
   uops: 1291400217 # issued micro-ops
   bbls: 644354518 # Basic blocks
   approxInstrs: 886398 # Instrs with approx uop decoding
   mispredBranches: 128912 # Mispredicted branches
   IdqNotDelivered: 1290766828 # Stalls no uop delivered when no Bkend Stall
   IntMiscRecoveryCycles: 1038190 # Stalls waiting machine clears
   uops executed: 1291915047 # Executed microoperations
  skylake-11: # Core stats
   cycles: 1290766787 # Simulated unhalted cycles
   cCycles: 0 # Cycles due to contention stalls
   instrs: 1934594624 # Simulated instructions
   uops: 1291400247 # issued micro-ops
   bbls: 644354229 # Basic blocks
   approxInstrs: 886399 # Instrs with approx uop decoding
   mispredBranches: 128916 # Mispredicted branches
   IdqNotDelivered: 1290766787 # Stalls no uop delivered when no Bkend Stall
   IntMiscRecoveryCycles: 1037635 # Stalls waiting machine clears
   uops executed: 1291915126 # Executed microoperations
  skylake-12: # Core stats
   cycles: 1290764787 # Simulated unhalted cycles
   cCycles: 0 # Cycles due to contention stalls
   instrs: 1934593791 # Simulated instructions
   uops: 1291399383 # issued micro-ops
   bbls: 644354109 # Basic blocks
   approxInstrs: 886396 # Instrs with approx uop decoding
   mispredBranches: 128909 # Mispredicted branches
   IdqNotDelivered: 1290764787 # Stalls no uop delivered when no Bkend Stall
   IntMiscRecoveryCycles: 1037270 # Stalls waiting machine clears
   uops executed: 1291914227 # Executed microoperations
  skylake-13: # Core stats
   cycles: 1290764786 # Simulated unhalted cycles
   cCycles: 0 # Cycles due to contention stalls
   instrs: 1934594187 # Simulated instructions
   uops: 1291399647 # issued micro-ops
   bbls: 644354241 # Basic blocks
   approxInstrs: 886396 # Instrs with approx uop decoding
   mispredBranches: 128909 # Mispredicted branches
   IdqNotDelivered: 1290764786 # Stalls no uop delivered when no Bkend Stall
   IntMiscRecoveryCycles: 1037020 # Stalls waiting machine clears
   uops executed: 1291914491 # Executed microoperations
  skylake-14: # Core stats
   cycles: 1290764798 # Simulated unhalted cycles
   cCycles: 0 # Cycles due to contention stalls
   instrs: 1934595031 # Simulated instructions
   uops: 1291400226 # issued micro-ops
   bbls: 644354521 # Basic blocks
   approxInstrs: 886398 # Instrs with approx uop decoding
   mispredBranches: 128912 # Mispredicted branches
   IdqNotDelivered: 1290764798 # Stalls no uop delivered when no Bkend Stall
   IntMiscRecoveryCycles: 1037711 # Stalls waiting machine clears
   uops executed: 1291915057 # Executed microoperations
  skylake-15: # Core stats
   cycles: 1290765207 # Simulated unhalted cycles
   cCycles: 0 # Cycles due to contention stalls
   instrs: 1934594999 # Simulated instructions
   uops: 1291400184 # issued micro-ops
   bbls: 644354512 # Basic blocks
   approxInstrs: 886397 # Instrs with approx uop decoding
   mispredBranches: 128906 # Mispredicted branches
   IdqNotDelivered: 1290765207 # Stalls no uop delivered when no Bkend Stall
   IntMiscRecoveryCycles: 1036877 # Stalls waiting machine clears
   uops executed: 1291915048 # Executed microoperations
  skylake-16: # Core stats
   cycles: 1290763786 # Simulated unhalted cycles
   cCycles: 0 # Cycles due to contention stalls
   instrs: 1934594373 # Simulated instructions
   uops: 1291399771 # issued micro-ops
   bbls: 644354303 # Basic blocks
   approxInstrs: 886396 # Instrs with approx uop decoding
   mispredBranches: 128909 # Mispredicted branches
   IdqNotDelivered: 1290763786 # Stalls no uop delivered when no Bkend Stall
   IntMiscRecoveryCycles: 1037049 # Stalls waiting machine clears
   uops executed: 1291914615 # Executed microoperations
  skylake-17: # Core stats
   cycles: 1290763787 # Simulated unhalted cycles
   cCycles: 0 # Cycles due to contention stalls
   instrs: 1934566085 # Simulated instructions
   uops: 1291382992 # issued micro-ops
   bbls: 644344128 # Basic blocks
   approxInstrs: 886388 # Instrs with approx uop decoding
   mispredBranches: 129013 # Mispredicted branches
   IdqNotDelivered: 1290763787 # Stalls no uop delivered when no Bkend Stall
   IntMiscRecoveryCycles: 1041687 # Stalls waiting machine clears
   uops executed: 1291897996 # Executed microoperations
  skylake-18: # Core stats
   cycles: 1290764322 # Simulated unhalted cycles
   cCycles: 0 # Cycles due to contention stalls
   instrs: 1934595019 # Simulated instructions
   uops: 1291400209 # issued micro-ops
   bbls: 644354517 # Basic blocks
   approxInstrs: 886397 # Instrs with approx uop decoding
   mispredBranches: 128911 # Mispredicted branches
   IdqNotDelivered: 1290764322 # Stalls no uop delivered when no Bkend Stall
   IntMiscRecoveryCycles: 1037142 # Stalls waiting machine clears
   uops executed: 1291915037 # Executed microoperations
  skylake-19: # Core stats
   cycles: 1290763002 # Simulated unhalted cycles
   cCycles: 0 # Cycles due to contention stalls
   instrs: 1934594208 # Simulated instructions
   uops: 1291399661 # issued micro-ops
   bbls: 644354248 # Basic blocks
   approxInstrs: 886396 # Instrs with approx uop decoding
   mispredBranches: 128909 # Mispredicted branches
   IdqNotDelivered: 1290763002 # Stalls no uop delivered when no Bkend Stall
   IntMiscRecoveryCycles: 1037020 # Stalls waiting machine clears
   uops executed: 1291914505 # Executed microoperations
  skylake-20: # Core stats
   cycles: 1290763787 # Simulated unhalted cycles
   cCycles: 0 # Cycles due to contention stalls
   instrs: 1934594172 # Simulated instructions
   uops: 1291399637 # issued micro-ops
   bbls: 644354236 # Basic blocks
   approxInstrs: 886396 # Instrs with approx uop decoding
   mispredBranches: 128909 # Mispredicted branches
   IdqNotDelivered: 1290763787 # Stalls no uop delivered when no Bkend Stall
   IntMiscRecoveryCycles: 1037167 # Stalls waiting machine clears
   uops executed: 1291914481 # Executed microoperations
  skylake-21: # Core stats
   cycles: 1290762787 # Simulated unhalted cycles
   cCycles: 0 # Cycles due to contention stalls
   instrs: 1934593992 # Simulated instructions
   uops: 1291399517 # issued micro-ops
   bbls: 644354176 # Basic blocks
   approxInstrs: 886396 # Instrs with approx uop decoding
   mispredBranches: 128907 # Mispredicted branches
   IdqNotDelivered: 1290762787 # Stalls no uop delivered when no Bkend Stall
   IntMiscRecoveryCycles: 1036824 # Stalls waiting machine clears
   uops executed: 1291914368 # Executed microoperations
  skylake-22: # Core stats
   cycles: 1290761786 # Simulated unhalted cycles
   cCycles: 0 # Cycles due to contention stalls
   instrs: 1934592273 # Simulated instructions
   uops: 1291398371 # issued micro-ops
   bbls: 644353603 # Basic blocks
   approxInstrs: 886396 # Instrs with approx uop decoding
   mispredBranches: 128909 # Mispredicted branches
   IdqNotDelivered: 1290761786 # Stalls no uop delivered when no Bkend Stall
   IntMiscRecoveryCycles: 1037167 # Stalls waiting machine clears
   uops executed: 1291913215 # Executed microoperations
  skylake-23: # Core stats
   cycles: 0 # Simulated unhalted cycles
   cCycles: 0 # Cycles due to contention stalls
   instrs: 0 # Simulated instructions
   uops: 0 # issued micro-ops
   bbls: 0 # Basic blocks
   approxInstrs: 0 # Instrs with approx uop decoding
   mispredBranches: 0 # Mispredicted branches
   IdqNotDelivered: 0 # Stalls no uop delivered when no Bkend Stall
   IntMiscRecoveryCycles: 0 # Stalls waiting machine clears
   uops executed: 0 # Executed microoperations
 l1d: # Cache stats
  l1d-0: # Filter cache stats
   fhGETS: 890486 # Filtered GETS hits
   fhGETX: 506496 # Filtered GETX hits
   hGETS: 133524 # GETS hits
   hGETX: 138073 # GETX hits
   mGETS: 250261 # GETS misses
   mGETXIM: 128897 # GETX I->M misses
   mGETXSM: 8 # GETX S->M misses (upgrade misses)
   PUTS: 0 # Clean evictions (from lower level)
   PUTX: 0 # Dirty evictions (from lower level)
   INV: 109 # Invalidates (from upper level)
   INVX: 91 # Downgrades (from upper level)
   FWD: 0 # Forwards (from upper level)
   latGETnl: 103094450 # GET request latency on next level
   latGETnet: 0 # GET request latency on network to next level
  l1d-1: # Filter cache stats
   fhGETS: 890205 # Filtered GETS hits
   fhGETX: 506313 # Filtered GETX hits
   hGETS: 133449 # GETS hits
   hGETX: 138057 # GETX hits
   mGETS: 250214 # GETS misses
   mGETXIM: 128857 # GETX I->M misses
   mGETXSM: 8 # GETX S->M misses (upgrade misses)
   PUTS: 0 # Clean evictions (from lower level)
   PUTX: 0 # Dirty evictions (from lower level)
   INV: 92 # Invalidates (from upper level)
   INVX: 25 # Downgrades (from upper level)
   FWD: 0 # Forwards (from upper level)
   latGETnl: 103062911 # GET request latency on next level
   latGETnet: 0 # GET request latency on network to next level
  l1d-2: # Filter cache stats
   fhGETS: 890083 # Filtered GETS hits
   fhGETX: 506251 # Filtered GETX hits
   hGETS: 133420 # GETS hits
   hGETX: 138032 # GETX hits
   mGETS: 250206 # GETS misses
   mGETXIM: 128849 # GETX I->M misses
   mGETXSM: 4 # GETX S->M misses (upgrade misses)
   PUTS: 0 # Clean evictions (from lower level)
   PUTX: 0 # Dirty evictions (from lower level)
   INV: 70 # Invalidates (from upper level)
   INVX: 4 # Downgrades (from upper level)
   FWD: 0 # Forwards (from upper level)
   latGETnl: 103060777 # GET request latency on next level
   latGETnet: 0 # GET request latency on network to next level
  l1d-3: # Filter cache stats
   fhGETS: 890139 # Filtered GETS hits
   fhGETX: 506274 # Filtered GETX hits
   hGETS: 133460 # GETS hits
   hGETX: 138055 # GETX hits
   mGETS: 250208 # GETS misses
   mGETXIM: 128856 # GETX I->M misses
   mGETXSM: 8 # GETX S->M misses (upgrade misses)
   PUTS: 0 # Clean evictions (from lower level)
   PUTX: 0 # Dirty evictions (from lower level)
   INV: 87 # Invalidates (from upper level)
   INVX: 31 # Downgrades (from upper level)
   FWD: 0 # Forwards (from upper level)
   latGETnl: 103064100 # GET request latency on next level
   latGETnet: 0 # GET request latency on network to next level
  l1d-4: # Filter cache stats
   fhGETS: 890144 # Filtered GETS hits
   fhGETX: 506271 # Filtered GETX hits
   hGETS: 133461 # GETS hits
   hGETX: 138054 # GETX hits
   mGETS: 250209 # GETS misses
   mGETXIM: 128864 # GETX I->M misses
   mGETXSM: 10 # GETX S->M misses (upgrade misses)
   PUTS: 0 # Clean evictions (from lower level)
   PUTX: 0 # Dirty evictions (from lower level)
   INV: 92 # Invalidates (from upper level)
   INVX: 22 # Downgrades (from upper level)
   FWD: 0 # Forwards (from upper level)
   latGETnl: 103061946 # GET request latency on next level
   latGETnet: 0 # GET request latency on network to next level
  l1d-5: # Filter cache stats
   fhGETS: 890153 # Filtered GETS hits
   fhGETX: 506285 # Filtered GETX hits
   hGETS: 133443 # GETS hits
   hGETX: 138041 # GETX hits
   mGETS: 250208 # GETS misses
   mGETXIM: 128858 # GETX I->M misses
   mGETXSM: 6 # GETX S->M misses (upgrade misses)
   PUTS: 0 # Clean evictions (from lower level)
   PUTX: 0 # Dirty evictions (from lower level)
   INV: 88 # Invalidates (from upper level)
   INVX: 17 # Downgrades (from upper level)
   FWD: 0 # Forwards (from upper level)
   latGETnl: 103060614 # GET request latency on next level
   latGETnet: 0 # GET request latency on network to next level
  l1d-6: # Filter cache stats
   fhGETS: 889983 # Filtered GETS hits
   fhGETX: 506192 # Filtered GETX hits
   hGETS: 133436 # GETS hits
   hGETX: 138035 # GETX hits
   mGETS: 250190 # GETS misses
   mGETXIM: 128848 # GETX I->M misses
   mGETXSM: 6 # GETX S->M misses (upgrade misses)
   PUTS: 0 # Clean evictions (from lower level)
   PUTX: 0 # Dirty evictions (from lower level)
   INV: 73 # Invalidates (from upper level)
   INVX: 9 # Downgrades (from upper level)
   FWD: 0 # Forwards (from upper level)
   latGETnl: 103056935 # GET request latency on next level
   latGETnet: 0 # GET request latency on network to next level
  l1d-7: # Filter cache stats
   fhGETS: 890136 # Filtered GETS hits
   fhGETX: 506276 # Filtered GETX hits
   hGETS: 133455 # GETS hits
   hGETX: 138049 # GETX hits
   mGETS: 250207 # GETS misses
   mGETXIM: 128859 # GETX I->M misses
   mGETXSM: 9 # GETX S->M misses (upgrade misses)
   PUTS: 0 # Clean evictions (from lower level)
   PUTX: 0 # Dirty evictions (from lower level)
   INV: 91 # Invalidates (from upper level)
   INVX: 18 # Downgrades (from upper level)
   FWD: 0 # Forwards (from upper level)
   latGETnl: 103060544 # GET request latency on next level
   latGETnet: 0 # GET request latency on network to next level
  l1d-8: # Filter cache stats
   fhGETS: 889994 # Filtered GETS hits
   fhGETX: 506201 # Filtered GETX hits
   hGETS: 133436 # GETS hits
   hGETX: 138023 # GETX hits
   mGETS: 250189 # GETS misses
   mGETXIM: 128852 # GETX I->M misses
   mGETXSM: 6 # GETX S->M misses (upgrade misses)
   PUTS: 0 # Clean evictions (from lower level)
   PUTX: 0 # Dirty evictions (from lower level)
   INV: 73 # Invalidates (from upper level)
   INVX: 8 # Downgrades (from upper level)
   FWD: 0 # Forwards (from upper level)
   latGETnl: 103056977 # GET request latency on next level
   latGETnet: 0 # GET request latency on network to next level
  l1d-9: # Filter cache stats
   fhGETS: 889989 # Filtered GETS hits
   fhGETX: 506185 # Filtered GETX hits
   hGETS: 133438 # GETS hits
   hGETX: 138044 # GETX hits
   mGETS: 250192 # GETS misses
   mGETXIM: 128848 # GETX I->M misses
   mGETXSM: 5 # GETX S->M misses (upgrade misses)
   PUTS: 0 # Clean evictions (from lower level)
   PUTX: 0 # Dirty evictions (from lower level)
   INV: 73 # Invalidates (from upper level)
   INVX: 8 # Downgrades (from upper level)
   FWD: 0 # Forwards (from upper level)
   latGETnl: 103057545 # GET request latency on next level
   latGETnet: 0 # GET request latency on network to next level
  l1d-10: # Filter cache stats
   fhGETS: 890003 # Filtered GETS hits
   fhGETX: 506193 # Filtered GETX hits
   hGETS: 133422 # GETS hits
   hGETX: 138042 # GETX hits
   mGETS: 250194 # GETS misses
   mGETXIM: 128842 # GETX I->M misses
   mGETXSM: 5 # GETX S->M misses (upgrade misses)
   PUTS: 0 # Clean evictions (from lower level)
   PUTX: 0 # Dirty evictions (from lower level)
   INV: 68 # Invalidates (from upper level)
   INVX: 17 # Downgrades (from upper level)
   FWD: 0 # Forwards (from upper level)
   latGETnl: 103059845 # GET request latency on next level
   latGETnet: 0 # GET request latency on network to next level
  l1d-11: # Filter cache stats
   fhGETS: 890165 # Filtered GETS hits
   fhGETX: 506313 # Filtered GETX hits
   hGETS: 133468 # GETS hits
   hGETX: 138034 # GETX hits
   mGETS: 250209 # GETS misses
   mGETXIM: 128867 # GETX I->M misses
   mGETXSM: 10 # GETX S->M misses (upgrade misses)
   PUTS: 0 # Clean evictions (from lower level)
   PUTX: 0 # Dirty evictions (from lower level)
   INV: 85 # Invalidates (from upper level)
   INVX: 16 # Downgrades (from upper level)
   FWD: 0 # Forwards (from upper level)
   latGETnl: 103065406 # GET request latency on next level
   latGETnet: 0 # GET request latency on network to next level
  l1d-12: # Filter cache stats
   fhGETS: 889994 # Filtered GETS hits
   fhGETX: 506202 # Filtered GETX hits
   hGETS: 133427 # GETS hits
   hGETX: 138023 # GETX hits
   mGETS: 250188 # GETS misses
   mGETXIM: 128851 # GETX I->M misses
   mGETXSM: 5 # GETX S->M misses (upgrade misses)
   PUTS: 0 # Clean evictions (from lower level)
   PUTX: 0 # Dirty evictions (from lower level)
   INV: 75 # Invalidates (from upper level)
   INVX: 11 # Downgrades (from upper level)
   FWD: 0 # Forwards (from upper level)
   latGETnl: 103056626 # GET request latency on next level
   latGETnet: 0 # GET request latency on network to next level
  l1d-13: # Filter cache stats
   fhGETS: 889997 # Filtered GETS hits
   fhGETX: 506202 # Filtered GETX hits
   hGETS: 133426 # GETS hits
   hGETX: 138019 # GETX hits
   mGETS: 250186 # GETS misses
   mGETXIM: 128853 # GETX I->M misses
   mGETXSM: 7 # GETX S->M misses (upgrade misses)
   PUTS: 0 # Clean evictions (from lower level)
   PUTX: 0 # Dirty evictions (from lower level)
   INV: 74 # Invalidates (from upper level)
   INVX: 17 # Downgrades (from upper level)
   FWD: 0 # Forwards (from upper level)
   latGETnl: 103057789 # GET request latency on next level
   latGETnet: 0 # GET request latency on network to next level
  l1d-14: # Filter cache stats
   fhGETS: 889995 # Filtered GETS hits
   fhGETX: 506187 # Filtered GETX hits
   hGETS: 133437 # GETS hits
   hGETX: 138040 # GETX hits
   mGETS: 250189 # GETS misses
   mGETXIM: 128850 # GETX I->M misses
   mGETXSM: 6 # GETX S->M misses (upgrade misses)
   PUTS: 0 # Clean evictions (from lower level)
   PUTX: 0 # Dirty evictions (from lower level)
   INV: 74 # Invalidates (from upper level)
   INVX: 2 # Downgrades (from upper level)
   FWD: 0 # Forwards (from upper level)
   latGETnl: 103055436 # GET request latency on next level
   latGETnet: 0 # GET request latency on network to next level
  l1d-15: # Filter cache stats
   fhGETS: 889997 # Filtered GETS hits
   fhGETX: 506189 # Filtered GETX hits
   hGETS: 133426 # GETS hits
   hGETX: 138035 # GETX hits
   mGETS: 250190 # GETS misses
   mGETXIM: 128848 # GETX I->M misses
   mGETXSM: 5 # GETX S->M misses (upgrade misses)
   PUTS: 0 # Clean evictions (from lower level)
   PUTX: 0 # Dirty evictions (from lower level)
   INV: 71 # Invalidates (from upper level)
   INVX: 8 # Downgrades (from upper level)
   FWD: 0 # Forwards (from upper level)
   latGETnl: 103056875 # GET request latency on next level
   latGETnet: 0 # GET request latency on network to next level
  l1d-16: # Filter cache stats
   fhGETS: 889991 # Filtered GETS hits
   fhGETX: 506190 # Filtered GETX hits
   hGETS: 133424 # GETS hits
   hGETX: 138041 # GETX hits
   mGETS: 250194 # GETS misses
   mGETXIM: 128844 # GETX I->M misses
   mGETXSM: 6 # GETX S->M misses (upgrade misses)
   PUTS: 0 # Clean evictions (from lower level)
   PUTX: 0 # Dirty evictions (from lower level)
   INV: 74 # Invalidates (from upper level)
   INVX: 5 # Downgrades (from upper level)
   FWD: 0 # Forwards (from upper level)
   latGETnl: 103056528 # GET request latency on next level
   latGETnet: 0 # GET request latency on network to next level
  l1d-17: # Filter cache stats
   fhGETS: 891470 # Filtered GETS hits
   fhGETX: 506769 # Filtered GETX hits
   hGETS: 133783 # GETS hits
   hGETX: 138099 # GETX hits
   mGETS: 250254 # GETS misses
   mGETXIM: 128869 # GETX I->M misses
   mGETXSM: 16 # GETX S->M misses (upgrade misses)
   PUTS: 0 # Clean evictions (from lower level)
   PUTX: 0 # Dirty evictions (from lower level)
   INV: 76 # Invalidates (from upper level)
   INVX: 2 # Downgrades (from upper level)
   FWD: 0 # Forwards (from upper level)
   latGETnl: 103069195 # GET request latency on next level
   latGETnet: 0 # GET request latency on network to next level
  l1d-18: # Filter cache stats
   fhGETS: 890007 # Filtered GETS hits
   fhGETX: 506200 # Filtered GETX hits
   hGETS: 133419 # GETS hits
   hGETX: 138033 # GETX hits
   mGETS: 250192 # GETS misses
   mGETXIM: 128843 # GETX I->M misses
   mGETXSM: 5 # GETX S->M misses (upgrade misses)
   PUTS: 0 # Clean evictions (from lower level)
   PUTX: 0 # Dirty evictions (from lower level)
   INV: 68 # Invalidates (from upper level)
   INVX: 2 # Downgrades (from upper level)
   FWD: 0 # Forwards (from upper level)
   latGETnl: 103055637 # GET request latency on next level
   latGETnet: 0 # GET request latency on network to next level
  l1d-19: # Filter cache stats
   fhGETS: 890001 # Filtered GETS hits
   fhGETX: 506197 # Filtered GETX hits
   hGETS: 133422 # GETS hits
   hGETX: 138025 # GETX hits
   mGETS: 250186 # GETS misses
   mGETXIM: 128853 # GETX I->M misses
   mGETXSM: 6 # GETX S->M misses (upgrade misses)
   PUTS: 0 # Clean evictions (from lower level)
   PUTX: 0 # Dirty evictions (from lower level)
   INV: 73 # Invalidates (from upper level)
   INVX: 2 # Downgrades (from upper level)
   FWD: 0 # Forwards (from upper level)
   latGETnl: 103054775 # GET request latency on next level
   latGETnet: 0 # GET request latency on network to next level
  l1d-20: # Filter cache stats
   fhGETS: 889972 # Filtered GETS hits
   fhGETX: 506180 # Filtered GETX hits
   hGETS: 133444 # GETS hits
   hGETX: 138052 # GETX hits
   mGETS: 250193 # GETS misses
   mGETXIM: 128844 # GETX I->M misses
   mGETXSM: 5 # GETX S->M misses (upgrade misses)
   PUTS: 0 # Clean evictions (from lower level)
   PUTX: 0 # Dirty evictions (from lower level)
   INV: 72 # Invalidates (from upper level)
   INVX: 2 # Downgrades (from upper level)
   FWD: 0 # Forwards (from upper level)
   latGETnl: 103055956 # GET request latency on next level
   latGETnet: 0 # GET request latency on network to next level
  l1d-21: # Filter cache stats
   fhGETS: 889999 # Filtered GETS hits
   fhGETX: 506194 # Filtered GETX hits
   hGETS: 133422 # GETS hits
   hGETX: 138032 # GETX hits
   mGETS: 250188 # GETS misses
   mGETXIM: 128850 # GETX I->M misses
   mGETXSM: 5 # GETX S->M misses (upgrade misses)
   PUTS: 0 # Clean evictions (from lower level)
   PUTX: 0 # Dirty evictions (from lower level)
   INV: 73 # Invalidates (from upper level)
   INVX: 2 # Downgrades (from upper level)
   FWD: 0 # Forwards (from upper level)
   latGETnl: 103055342 # GET request latency on next level
   latGETnet: 0 # GET request latency on network to next level
  l1d-22: # Filter cache stats
   fhGETS: 889999 # Filtered GETS hits
   fhGETX: 506197 # Filtered GETX hits
   hGETS: 133421 # GETS hits
   hGETX: 138031 # GETX hits
   mGETS: 250189 # GETS misses
   mGETXIM: 128848 # GETX I->M misses
   mGETXSM: 5 # GETX S->M misses (upgrade misses)
   PUTS: 0 # Clean evictions (from lower level)
   PUTX: 0 # Dirty evictions (from lower level)
   INV: 73 # Invalidates (from upper level)
   INVX: 3 # Downgrades (from upper level)
   FWD: 0 # Forwards (from upper level)
   latGETnl: 103055056 # GET request latency on next level
   latGETnet: 0 # GET request latency on network to next level
  l1d-23: # Filter cache stats
   fhGETS: 0 # Filtered GETS hits
   fhGETX: 0 # Filtered GETX hits
   hGETS: 0 # GETS hits
   hGETX: 0 # GETX hits
   mGETS: 0 # GETS misses
   mGETXIM: 0 # GETX I->M misses
   mGETXSM: 0 # GETX S->M misses (upgrade misses)
   PUTS: 0 # Clean evictions (from lower level)
   PUTX: 0 # Dirty evictions (from lower level)
   INV: 0 # Invalidates (from upper level)
   INVX: 0 # Downgrades (from upper level)
   FWD: 0 # Forwards (from upper level)
   latGETnl: 0 # GET request latency on next level
   latGETnet: 0 # GET request latency on network to next level
 l1i: # Cache stats
  l1i-0: # Filter cache stats
   fhGETS: 645104480 # Filtered GETS hits
   fhGETX: 0 # Filtered GETX hits
   hGETS: 47 # GETS hits
   hGETX: 0 # GETX hits
   mGETS: 823 # GETS misses
   mGETXIM: 0 # GETX I->M misses
   mGETXSM: 0 # GETX S->M misses (upgrade misses)
   PUTS: 0 # Clean evictions (from lower level)
   PUTX: 0 # Dirty evictions (from lower level)
   INV: 790 # Invalidates (from upper level)
   INVX: 0 # Downgrades (from upper level)
   FWD: 0 # Forwards (from upper level)
   latGETnl: 78506 # GET request latency on next level
   latGETnet: 0 # GET request latency on network to next level
  l1i-1: # Filter cache stats
   fhGETS: 645104181 # Filtered GETS hits
   fhGETX: 0 # Filtered GETX hits
   hGETS: 37 # GETS hits
   hGETX: 0 # GETX hits
   mGETS: 732 # GETS misses
   mGETXIM: 0 # GETX I->M misses
   mGETXSM: 0 # GETX S->M misses (upgrade misses)
   PUTS: 0 # Clean evictions (from lower level)
   PUTX: 0 # Dirty evictions (from lower level)
   INV: 709 # Invalidates (from upper level)
   INVX: 0 # Downgrades (from upper level)
   FWD: 0 # Forwards (from upper level)
   latGETnl: 39579 # GET request latency on next level
   latGETnet: 0 # GET request latency on network to next level
  l1i-2: # Filter cache stats
   fhGETS: 645103467 # Filtered GETS hits
   fhGETX: 0 # Filtered GETX hits
   hGETS: 31 # GETS hits
   hGETX: 0 # GETX hits
   mGETS: 760 # GETS misses
   mGETXIM: 0 # GETX I->M misses
   mGETXSM: 0 # GETX S->M misses (upgrade misses)
   PUTS: 0 # Clean evictions (from lower level)
   PUTX: 0 # Dirty evictions (from lower level)
   INV: 737 # Invalidates (from upper level)
   INVX: 0 # Downgrades (from upper level)
   FWD: 0 # Forwards (from upper level)
   latGETnl: 44945 # GET request latency on next level
   latGETnet: 0 # GET request latency on network to next level
  l1i-3: # Filter cache stats
   fhGETS: 645104292 # Filtered GETS hits
   fhGETX: 0 # Filtered GETX hits
   hGETS: 30 # GETS hits
   hGETX: 0 # GETX hits
   mGETS: 741 # GETS misses
   mGETXIM: 0 # GETX I->M misses
   mGETXSM: 0 # GETX S->M misses (upgrade misses)
   PUTS: 0 # Clean evictions (from lower level)
   PUTX: 0 # Dirty evictions (from lower level)
   INV: 711 # Invalidates (from upper level)
   INVX: 0 # Downgrades (from upper level)
   FWD: 0 # Forwards (from upper level)
   latGETnl: 40002 # GET request latency on next level
   latGETnet: 0 # GET request latency on network to next level
  l1i-4: # Filter cache stats
   fhGETS: 645104308 # Filtered GETS hits
   fhGETX: 0 # Filtered GETX hits
   hGETS: 31 # GETS hits
   hGETX: 0 # GETX hits
   mGETS: 743 # GETS misses
   mGETXIM: 0 # GETX I->M misses
   mGETXSM: 0 # GETX S->M misses (upgrade misses)
   PUTS: 0 # Clean evictions (from lower level)
   PUTX: 0 # Dirty evictions (from lower level)
   INV: 712 # Invalidates (from upper level)
   INVX: 0 # Downgrades (from upper level)
   FWD: 0 # Forwards (from upper level)
   latGETnl: 36271 # GET request latency on next level
   latGETnet: 0 # GET request latency on network to next level
  l1i-5: # Filter cache stats
   fhGETS: 645104298 # Filtered GETS hits
   fhGETX: 0 # Filtered GETX hits
   hGETS: 32 # GETS hits
   hGETX: 0 # GETX hits
   mGETS: 744 # GETS misses
   mGETXIM: 0 # GETX I->M misses
   mGETXSM: 0 # GETX S->M misses (upgrade misses)
   PUTS: 0 # Clean evictions (from lower level)
   PUTX: 0 # Dirty evictions (from lower level)
   INV: 714 # Invalidates (from upper level)
   INVX: 0 # Downgrades (from upper level)
   FWD: 0 # Forwards (from upper level)
   latGETnl: 35418 # GET request latency on next level
   latGETnet: 0 # GET request latency on network to next level
  l1i-6: # Filter cache stats
   fhGETS: 645104108 # Filtered GETS hits
   fhGETX: 0 # Filtered GETX hits
   hGETS: 29 # GETS hits
   hGETX: 0 # GETX hits
   mGETS: 716 # GETS misses
   mGETXIM: 0 # GETX I->M misses
   mGETXSM: 0 # GETX S->M misses (upgrade misses)
   PUTS: 0 # Clean evictions (from lower level)
   PUTX: 0 # Dirty evictions (from lower level)
   INV: 693 # Invalidates (from upper level)
   INVX: 0 # Downgrades (from upper level)
   FWD: 0 # Forwards (from upper level)
   latGETnl: 39502 # GET request latency on next level
   latGETnet: 0 # GET request latency on network to next level
  l1i-7: # Filter cache stats
   fhGETS: 645103676 # Filtered GETS hits
   fhGETX: 0 # Filtered GETX hits
   hGETS: 30 # GETS hits
   hGETX: 0 # GETX hits
   mGETS: 733 # GETS misses
   mGETXIM: 0 # GETX I->M misses
   mGETXSM: 0 # GETX S->M misses (upgrade misses)
   PUTS: 0 # Clean evictions (from lower level)
   PUTX: 0 # Dirty evictions (from lower level)
   INV: 710 # Invalidates (from upper level)
   INVX: 0 # Downgrades (from upper level)
   FWD: 0 # Forwards (from upper level)
   latGETnl: 34451 # GET request latency on next level
   latGETnet: 0 # GET request latency on network to next level
  l1i-8: # Filter cache stats
   fhGETS: 645104138 # Filtered GETS hits
   fhGETX: 0 # Filtered GETX hits
   hGETS: 30 # GETS hits
   hGETX: 0 # GETX hits
   mGETS: 719 # GETS misses
   mGETXIM: 0 # GETX I->M misses
   mGETXSM: 0 # GETX S->M misses (upgrade misses)
   PUTS: 0 # Clean evictions (from lower level)
   PUTX: 0 # Dirty evictions (from lower level)
   INV: 691 # Invalidates (from upper level)
   INVX: 0 # Downgrades (from upper level)
   FWD: 0 # Forwards (from upper level)
   latGETnl: 38968 # GET request latency on next level
   latGETnet: 0 # GET request latency on network to next level
  l1i-9: # Filter cache stats
   fhGETS: 645104164 # Filtered GETS hits
   fhGETX: 0 # Filtered GETX hits
   hGETS: 30 # GETS hits
   hGETX: 0 # GETX hits
   mGETS: 723 # GETS misses
   mGETXIM: 0 # GETX I->M misses
   mGETXSM: 0 # GETX S->M misses (upgrade misses)
   PUTS: 0 # Clean evictions (from lower level)
   PUTX: 0 # Dirty evictions (from lower level)
   INV: 694 # Invalidates (from upper level)
   INVX: 0 # Downgrades (from upper level)
   FWD: 0 # Forwards (from upper level)
   latGETnl: 36906 # GET request latency on next level
   latGETnet: 0 # GET request latency on network to next level
  l1i-10: # Filter cache stats
   fhGETS: 645104106 # Filtered GETS hits
   fhGETX: 0 # Filtered GETX hits
   hGETS: 30 # GETS hits
   hGETX: 0 # GETX hits
   mGETS: 729 # GETS misses
   mGETXIM: 0 # GETX I->M misses
   mGETXSM: 0 # GETX S->M misses (upgrade misses)
   PUTS: 0 # Clean evictions (from lower level)
   PUTX: 0 # Dirty evictions (from lower level)
   INV: 700 # Invalidates (from upper level)
   INVX: 0 # Downgrades (from upper level)
   FWD: 0 # Forwards (from upper level)
   latGETnl: 37638 # GET request latency on next level
   latGETnet: 0 # GET request latency on network to next level
  l1i-11: # Filter cache stats
   fhGETS: 645103811 # Filtered GETS hits
   fhGETX: 0 # Filtered GETX hits
   hGETS: 125 # GETS hits
   hGETX: 0 # GETX hits
   mGETS: 724 # GETS misses
   mGETXIM: 0 # GETX I->M misses
   mGETXSM: 0 # GETX S->M misses (upgrade misses)
   PUTS: 0 # Clean evictions (from lower level)
   PUTX: 0 # Dirty evictions (from lower level)
   INV: 701 # Invalidates (from upper level)
   INVX: 0 # Downgrades (from upper level)
   FWD: 0 # Forwards (from upper level)
   latGETnl: 35603 # GET request latency on next level
   latGETnet: 0 # GET request latency on network to next level
  l1i-12: # Filter cache stats
   fhGETS: 645103731 # Filtered GETS hits
   fhGETX: 0 # Filtered GETX hits
   hGETS: 30 # GETS hits
   hGETX: 0 # GETX hits
   mGETS: 722 # GETS misses
   mGETXIM: 0 # GETX I->M misses
   mGETXSM: 0 # GETX S->M misses (upgrade misses)
   PUTS: 0 # Clean evictions (from lower level)
   PUTX: 0 # Dirty evictions (from lower level)
   INV: 699 # Invalidates (from upper level)
   INVX: 0 # Downgrades (from upper level)
   FWD: 0 # Forwards (from upper level)
   latGETnl: 35509 # GET request latency on next level
   latGETnet: 0 # GET request latency on network to next level
  l1i-13: # Filter cache stats
   fhGETS: 645103873 # Filtered GETS hits
   fhGETX: 0 # Filtered GETX hits
   hGETS: 30 # GETS hits
   hGETX: 0 # GETX hits
   mGETS: 722 # GETS misses
   mGETXIM: 0 # GETX I->M misses
   mGETXSM: 0 # GETX S->M misses (upgrade misses)
   PUTS: 0 # Clean evictions (from lower level)
   PUTX: 0 # Dirty evictions (from lower level)
   INV: 699 # Invalidates (from upper level)
   INVX: 0 # Downgrades (from upper level)
   FWD: 0 # Forwards (from upper level)
   latGETnl: 35284 # GET request latency on next level
   latGETnet: 0 # GET request latency on network to next level
  l1i-14: # Filter cache stats
   fhGETS: 645104159 # Filtered GETS hits
   fhGETX: 0 # Filtered GETX hits
   hGETS: 30 # GETS hits
   hGETX: 0 # GETX hits
   mGETS: 728 # GETS misses
   mGETXIM: 0 # GETX I->M misses
   mGETXSM: 0 # GETX S->M misses (upgrade misses)
   PUTS: 0 # Clean evictions (from lower level)
   PUTX: 0 # Dirty evictions (from lower level)
   INV: 696 # Invalidates (from upper level)
   INVX: 0 # Downgrades (from upper level)
   FWD: 0 # Forwards (from upper level)
   latGETnl: 35791 # GET request latency on next level
   latGETnet: 0 # GET request latency on network to next level
  l1i-15: # Filter cache stats
   fhGETS: 645104133 # Filtered GETS hits
   fhGETX: 0 # Filtered GETX hits
   hGETS: 30 # GETS hits
   hGETX: 0 # GETX hits
   mGETS: 727 # GETS misses
   mGETXIM: 0 # GETX I->M misses
   mGETXSM: 0 # GETX S->M misses (upgrade misses)
   PUTS: 0 # Clean evictions (from lower level)
   PUTX: 0 # Dirty evictions (from lower level)
   INV: 697 # Invalidates (from upper level)
   INVX: 0 # Downgrades (from upper level)
   FWD: 0 # Forwards (from upper level)
   latGETnl: 35519 # GET request latency on next level
   latGETnet: 0 # GET request latency on network to next level
  l1i-16: # Filter cache stats
   fhGETS: 645103935 # Filtered GETS hits
   fhGETX: 0 # Filtered GETX hits
   hGETS: 30 # GETS hits
   hGETX: 0 # GETX hits
   mGETS: 719 # GETS misses
   mGETXIM: 0 # GETX I->M misses
   mGETXSM: 0 # GETX S->M misses (upgrade misses)
   PUTS: 0 # Clean evictions (from lower level)
   PUTX: 0 # Dirty evictions (from lower level)
   INV: 696 # Invalidates (from upper level)
   INVX: 0 # Downgrades (from upper level)
   FWD: 0 # Forwards (from upper level)
   latGETnl: 34243 # GET request latency on next level
   latGETnet: 0 # GET request latency on network to next level
  l1i-17: # Filter cache stats
   fhGETS: 645093992 # Filtered GETS hits
   fhGETX: 0 # Filtered GETX hits
   hGETS: 194 # GETS hits
   hGETX: 0 # GETX hits
   mGETS: 794 # GETS misses
   mGETXIM: 0 # GETX I->M misses
   mGETXSM: 0 # GETX S->M misses (upgrade misses)
   PUTS: 0 # Clean evictions (from lower level)
   PUTX: 0 # Dirty evictions (from lower level)
   INV: 771 # Invalidates (from upper level)
   INVX: 0 # Downgrades (from upper level)
   FWD: 0 # Forwards (from upper level)
   latGETnl: 49918 # GET request latency on next level
   latGETnet: 0 # GET request latency on network to next level
  l1i-18: # Filter cache stats
   fhGETS: 645104152 # Filtered GETS hits
   fhGETX: 0 # Filtered GETX hits
   hGETS: 30 # GETS hits
   hGETX: 0 # GETX hits
   mGETS: 722 # GETS misses
   mGETXIM: 0 # GETX I->M misses
   mGETXSM: 0 # GETX S->M misses (upgrade misses)
   PUTS: 0 # Clean evictions (from lower level)
   PUTX: 0 # Dirty evictions (from lower level)
   INV: 692 # Invalidates (from upper level)
   INVX: 0 # Downgrades (from upper level)
   FWD: 0 # Forwards (from upper level)
   latGETnl: 34159 # GET request latency on next level
   latGETnet: 0 # GET request latency on network to next level
  l1i-19: # Filter cache stats
   fhGETS: 645103881 # Filtered GETS hits
   fhGETX: 0 # Filtered GETX hits
   hGETS: 30 # GETS hits
   hGETX: 0 # GETX hits
   mGETS: 722 # GETS misses
   mGETXIM: 0 # GETX I->M misses
   mGETXSM: 0 # GETX S->M misses (upgrade misses)
   PUTS: 0 # Clean evictions (from lower level)
   PUTX: 0 # Dirty evictions (from lower level)
   INV: 699 # Invalidates (from upper level)
   INVX: 0 # Downgrades (from upper level)
   FWD: 0 # Forwards (from upper level)
   latGETnl: 33934 # GET request latency on next level
   latGETnet: 0 # GET request latency on network to next level
  l1i-20: # Filter cache stats
   fhGETS: 645103876 # Filtered GETS hits
   fhGETX: 0 # Filtered GETX hits
   hGETS: 30 # GETS hits
   hGETX: 0 # GETX hits
   mGETS: 718 # GETS misses
   mGETXIM: 0 # GETX I->M misses
   mGETXSM: 0 # GETX S->M misses (upgrade misses)
   PUTS: 0 # Clean evictions (from lower level)
   PUTX: 0 # Dirty evictions (from lower level)
   INV: 695 # Invalidates (from upper level)
   INVX: 0 # Downgrades (from upper level)
   FWD: 0 # Forwards (from upper level)
   latGETnl: 33746 # GET request latency on next level
   latGETnet: 0 # GET request latency on network to next level
  l1i-21: # Filter cache stats
   fhGETS: 645103810 # Filtered GETS hits
   fhGETX: 0 # Filtered GETX hits
   hGETS: 30 # GETS hits
   hGETX: 0 # GETX hits
   mGETS: 714 # GETS misses
   mGETXIM: 0 # GETX I->M misses
   mGETXSM: 0 # GETX S->M misses (upgrade misses)
   PUTS: 0 # Clean evictions (from lower level)
   PUTX: 0 # Dirty evictions (from lower level)
   INV: 691 # Invalidates (from upper level)
   INVX: 0 # Downgrades (from upper level)
   FWD: 0 # Forwards (from upper level)
   latGETnl: 33558 # GET request latency on next level
   latGETnet: 0 # GET request latency on network to next level
  l1i-22: # Filter cache stats
   fhGETS: 645103243 # Filtered GETS hits
   fhGETX: 0 # Filtered GETX hits
   hGETS: 30 # GETS hits
   hGETX: 0 # GETX hits
   mGETS: 718 # GETS misses
   mGETXIM: 0 # GETX I->M misses
   mGETXSM: 0 # GETX S->M misses (upgrade misses)
   PUTS: 0 # Clean evictions (from lower level)
   PUTX: 0 # Dirty evictions (from lower level)
   INV: 695 # Invalidates (from upper level)
   INVX: 0 # Downgrades (from upper level)
   FWD: 0 # Forwards (from upper level)
   latGETnl: 33746 # GET request latency on next level
   latGETnet: 0 # GET request latency on network to next level
  l1i-23: # Filter cache stats
   fhGETS: 0 # Filtered GETS hits
   fhGETX: 0 # Filtered GETX hits
   hGETS: 0 # GETS hits
   hGETX: 0 # GETX hits
   mGETS: 0 # GETS misses
   mGETXIM: 0 # GETX I->M misses
   mGETXSM: 0 # GETX S->M misses (upgrade misses)
   PUTS: 0 # Clean evictions (from lower level)
   PUTX: 0 # Dirty evictions (from lower level)
   INV: 0 # Invalidates (from upper level)
   INVX: 0 # Downgrades (from upper level)
   FWD: 0 # Forwards (from upper level)
   latGETnl: 0 # GET request latency on next level
   latGETnet: 0 # GET request latency on network to next level
 l2: # Cache stats
  l2-0: # Cache stats
   hGETS: 0 # GETS hits
   hGETX: 0 # GETX hits
   mGETS: 251084 # GETS misses
   mGETXIM: 128897 # GETX I->M misses
   mGETXSM: 8 # GETX S->M misses (upgrade misses)
   PUTS: 249855 # Clean evictions (from lower level)
   PUTX: 128682 # Dirty evictions (from lower level)
   INV: 82990 # Invalidates (from upper level)
   INVX: 91 # Downgrades (from upper level)
   FWD: 0 # Forwards (from upper level)
   latGETnl: 99373066 # GET request latency on next level
   latGETnet: 0 # GET request latency on network to next level
  l2-1: # Cache stats
   hGETS: 0 # GETS hits
   hGETX: 0 # GETX hits
   mGETS: 250946 # GETS misses
   mGETXIM: 128857 # GETX I->M misses
   mGETXSM: 8 # GETX S->M misses (upgrade misses)
   PUTS: 249810 # Clean evictions (from lower level)
   PUTX: 128657 # Dirty evictions (from lower level)
   INV: 31179 # Invalidates (from upper level)
   INVX: 25 # Downgrades (from upper level)
   FWD: 0 # Forwards (from upper level)
   latGETnl: 99304380 # GET request latency on next level
   latGETnet: 0 # GET request latency on network to next level
  l2-2: # Cache stats
   hGETS: 0 # GETS hits
   hGETX: 0 # GETX hits
   mGETS: 250966 # GETS misses
   mGETXIM: 128849 # GETX I->M misses
   mGETXSM: 4 # GETX S->M misses (upgrade misses)
   PUTS: 249809 # Clean evictions (from lower level)
   PUTX: 128664 # Dirty evictions (from lower level)
   INV: 36345 # Invalidates (from upper level)
   INVX: 4 # Downgrades (from upper level)
   FWD: 0 # Forwards (from upper level)
   latGETnl: 99307532 # GET request latency on next level
   latGETnet: 0 # GET request latency on network to next level
  l2-3: # Cache stats
   hGETS: 0 # GETS hits
   hGETX: 0 # GETX hits
   mGETS: 250949 # GETS misses
   mGETXIM: 128856 # GETX I->M misses
   mGETXSM: 8 # GETX S->M misses (upgrade misses)
   PUTS: 249809 # Clean evictions (from lower level)
   PUTX: 128657 # Dirty evictions (from lower level)
   INV: 27925 # Invalidates (from upper level)
   INVX: 31 # Downgrades (from upper level)
   FWD: 0 # Forwards (from upper level)
   latGETnl: 99305972 # GET request latency on next level
   latGETnet: 0 # GET request latency on network to next level
  l2-4: # Cache stats
   hGETS: 0 # GETS hits
   hGETX: 0 # GETX hits
   mGETS: 250952 # GETS misses
   mGETXIM: 128864 # GETX I->M misses
   mGETXSM: 10 # GETX S->M misses (upgrade misses)
   PUTS: 249810 # Clean evictions (from lower level)
   PUTX: 128660 # Dirty evictions (from lower level)
   INV: 26475 # Invalidates (from upper level)
   INVX: 22 # Downgrades (from upper level)
   FWD: 0 # Forwards (from upper level)
   latGETnl: 99299957 # GET request latency on next level
   latGETnet: 0 # GET request latency on network to next level
  l2-5: # Cache stats
   hGETS: 0 # GETS hits
   hGETX: 0 # GETX hits
   mGETS: 250952 # GETS misses
   mGETXIM: 128858 # GETX I->M misses
   mGETXSM: 6 # GETX S->M misses (upgrade misses)
   PUTS: 249809 # Clean evictions (from lower level)
   PUTX: 128657 # Dirty evictions (from lower level)
   INV: 34246 # Invalidates (from upper level)
   INVX: 17 # Downgrades (from upper level)
   FWD: 0 # Forwards (from upper level)
   latGETnl: 99297872 # GET request latency on next level
   latGETnet: 0 # GET request latency on network to next level
  l2-6: # Cache stats
   hGETS: 0 # GETS hits
   hGETX: 0 # GETX hits
   mGETS: 250906 # GETS misses
   mGETXIM: 128848 # GETX I->M misses
   mGETXSM: 6 # GETX S->M misses (upgrade misses)
   PUTS: 249797 # Clean evictions (from lower level)
   PUTX: 128657 # Dirty evictions (from lower level)
   INV: 30969 # Invalidates (from upper level)
   INVX: 9 # Downgrades (from upper level)
   FWD: 0 # Forwards (from upper level)
   latGETnl: 99298837 # GET request latency on next level
   latGETnet: 0 # GET request latency on network to next level
  l2-7: # Cache stats
   hGETS: 0 # GETS hits
   hGETX: 0 # GETX hits
   mGETS: 250940 # GETS misses
   mGETXIM: 128859 # GETX I->M misses
   mGETXSM: 9 # GETX S->M misses (upgrade misses)
   PUTS: 249808 # Clean evictions (from lower level)
   PUTX: 128656 # Dirty evictions (from lower level)
   INV: 50875 # Invalidates (from upper level)
   INVX: 18 # Downgrades (from upper level)
   FWD: 0 # Forwards (from upper level)
   latGETnl: 99296915 # GET request latency on next level
   latGETnet: 0 # GET request latency on network to next level
  l2-8: # Cache stats
   hGETS: 0 # GETS hits
   hGETX: 0 # GETX hits
   mGETS: 250908 # GETS misses
   mGETXIM: 128852 # GETX I->M misses
   mGETXSM: 6 # GETX S->M misses (upgrade misses)
   PUTS: 249796 # Clean evictions (from lower level)
   PUTX: 128660 # Dirty evictions (from lower level)
   INV: 44707 # Invalidates (from upper level)
   INVX: 8 # Downgrades (from upper level)
   FWD: 0 # Forwards (from upper level)
   latGETnl: 99298285 # GET request latency on next level
   latGETnet: 0 # GET request latency on network to next level
  l2-9: # Cache stats
   hGETS: 0 # GETS hits
   hGETX: 0 # GETX hits
   mGETS: 250915 # GETS misses
   mGETXIM: 128848 # GETX I->M misses
   mGETXSM: 5 # GETX S->M misses (upgrade misses)
   PUTS: 249799 # Clean evictions (from lower level)
   PUTX: 128656 # Dirty evictions (from lower level)
   INV: 27198 # Invalidates (from upper level)
   INVX: 8 # Downgrades (from upper level)
   FWD: 0 # Forwards (from upper level)
   latGETnl: 99296771 # GET request latency on next level
   latGETnet: 0 # GET request latency on network to next level
  l2-10: # Cache stats
   hGETS: 0 # GETS hits
   hGETX: 0 # GETX hits
   mGETS: 250923 # GETS misses
   mGETXIM: 128842 # GETX I->M misses
   mGETXSM: 5 # GETX S->M misses (upgrade misses)
   PUTS: 249799 # Clean evictions (from lower level)
   PUTX: 128657 # Dirty evictions (from lower level)
   INV: 48936 # Invalidates (from upper level)
   INVX: 17 # Downgrades (from upper level)
   FWD: 0 # Forwards (from upper level)
   latGETnl: 99299783 # GET request latency on next level
   latGETnet: 0 # GET request latency on network to next level
  l2-11: # Cache stats
   hGETS: 0 # GETS hits
   hGETX: 0 # GETX hits
   mGETS: 250933 # GETS misses
   mGETXIM: 128867 # GETX I->M misses
   mGETXSM: 10 # GETX S->M misses (upgrade misses)
   PUTS: 249805 # Clean evictions (from lower level)
   PUTX: 128675 # Dirty evictions (from lower level)
   INV: 79976 # Invalidates (from upper level)
   INVX: 17 # Downgrades (from upper level)
   FWD: 0 # Forwards (from upper level)
   latGETnl: 99302909 # GET request latency on next level
   latGETnet: 0 # GET request latency on network to next level
  l2-12: # Cache stats
   hGETS: 0 # GETS hits
   hGETX: 0 # GETX hits
   mGETS: 250910 # GETS misses
   mGETXIM: 128851 # GETX I->M misses
   mGETXSM: 5 # GETX S->M misses (upgrade misses)
   PUTS: 249797 # Clean evictions (from lower level)
   PUTX: 128655 # Dirty evictions (from lower level)
   INV: 45477 # Invalidates (from upper level)
   INVX: 11 # Downgrades (from upper level)
   FWD: 0 # Forwards (from upper level)
   latGETnl: 99294475 # GET request latency on next level
   latGETnet: 0 # GET request latency on network to next level
  l2-13: # Cache stats
   hGETS: 0 # GETS hits
   hGETX: 0 # GETX hits
   mGETS: 250908 # GETS misses
   mGETXIM: 128853 # GETX I->M misses
   mGETXSM: 7 # GETX S->M misses (upgrade misses)
   PUTS: 249795 # Clean evictions (from lower level)
   PUTX: 128659 # Dirty evictions (from lower level)
   INV: 25808 # Invalidates (from upper level)
   INVX: 17 # Downgrades (from upper level)
   FWD: 0 # Forwards (from upper level)
   latGETnl: 99295393 # GET request latency on next level
   latGETnet: 0 # GET request latency on network to next level
  l2-14: # Cache stats
   hGETS: 0 # GETS hits
   hGETX: 0 # GETX hits
   mGETS: 250917 # GETS misses
   mGETXIM: 128850 # GETX I->M misses
   mGETXSM: 6 # GETX S->M misses (upgrade misses)
   PUTS: 249797 # Clean evictions (from lower level)
   PUTX: 128658 # Dirty evictions (from lower level)
   INV: 27871 # Invalidates (from upper level)
   INVX: 2 # Downgrades (from upper level)
   FWD: 0 # Forwards (from upper level)
   latGETnl: 99293497 # GET request latency on next level
   latGETnet: 0 # GET request latency on network to next level
  l2-15: # Cache stats
   hGETS: 0 # GETS hits
   hGETX: 0 # GETX hits
   mGETS: 250917 # GETS misses
   mGETXIM: 128848 # GETX I->M misses
   mGETXSM: 5 # GETX S->M misses (upgrade misses)
   PUTS: 249799 # Clean evictions (from lower level)
   PUTX: 128657 # Dirty evictions (from lower level)
   INV: 28110 # Invalidates (from upper level)
   INVX: 8 # Downgrades (from upper level)
   FWD: 0 # Forwards (from upper level)
   latGETnl: 99294694 # GET request latency on next level
   latGETnet: 0 # GET request latency on network to next level
  l2-16: # Cache stats
   hGETS: 0 # GETS hits
   hGETX: 0 # GETX hits
   mGETS: 250913 # GETS misses
   mGETXIM: 128844 # GETX I->M misses
   mGETXSM: 6 # GETX S->M misses (upgrade misses)
   PUTS: 249796 # Clean evictions (from lower level)
   PUTX: 128657 # Dirty evictions (from lower level)
   INV: 55249 # Invalidates (from upper level)
   INVX: 5 # Downgrades (from upper level)
   FWD: 0 # Forwards (from upper level)
   latGETnl: 99293141 # GET request latency on next level
   latGETnet: 0 # GET request latency on network to next level
  l2-17: # Cache stats
   hGETS: 0 # GETS hits
   hGETX: 0 # GETX hits
   mGETS: 251048 # GETS misses
   mGETXIM: 128869 # GETX I->M misses
   mGETXSM: 16 # GETX S->M misses (upgrade misses)
   PUTS: 249856 # Clean evictions (from lower level)
   PUTX: 128680 # Dirty evictions (from lower level)
   INV: 27423 # Invalidates (from upper level)
   INVX: 2 # Downgrades (from upper level)
   FWD: 0 # Forwards (from upper level)
   latGETnl: 99319783 # GET request latency on next level
   latGETnet: 0 # GET request latency on network to next level
  l2-18: # Cache stats
   hGETS: 0 # GETS hits
   hGETX: 0 # GETX hits
   mGETS: 250914 # GETS misses
   mGETXIM: 128843 # GETX I->M misses
   mGETXSM: 5 # GETX S->M misses (upgrade misses)
   PUTS: 249797 # Clean evictions (from lower level)
   PUTX: 128658 # Dirty evictions (from lower level)
   INV: 27621 # Invalidates (from upper level)
   INVX: 2 # Downgrades (from upper level)
   FWD: 0 # Forwards (from upper level)
   latGETnl: 99292176 # GET request latency on next level
   latGETnet: 0 # GET request latency on network to next level
  l2-19: # Cache stats
   hGETS: 0 # GETS hits
   hGETX: 0 # GETX hits
   mGETS: 250908 # GETS misses
   mGETXIM: 128853 # GETX I->M misses
   mGETXSM: 6 # GETX S->M misses (upgrade misses)
   PUTS: 249796 # Clean evictions (from lower level)
   PUTX: 128658 # Dirty evictions (from lower level)
   INV: 84112 # Invalidates (from upper level)
   INVX: 2 # Downgrades (from upper level)
   FWD: 0 # Forwards (from upper level)
   latGETnl: 99291039 # GET request latency on next level
   latGETnet: 0 # GET request latency on network to next level
  l2-20: # Cache stats
   hGETS: 0 # GETS hits
   hGETX: 0 # GETX hits
   mGETS: 250911 # GETS misses
   mGETXIM: 128844 # GETX I->M misses
   mGETXSM: 5 # GETX S->M misses (upgrade misses)
   PUTS: 249796 # Clean evictions (from lower level)
   PUTX: 128657 # Dirty evictions (from lower level)
   INV: 28253 # Invalidates (from upper level)
   INVX: 2 # Downgrades (from upper level)
   FWD: 0 # Forwards (from upper level)
   latGETnl: 99292102 # GET request latency on next level
   latGETnet: 0 # GET request latency on network to next level
  l2-21: # Cache stats
   hGETS: 0 # GETS hits
   hGETX: 0 # GETX hits
   mGETS: 250902 # GETS misses
   mGETXIM: 128850 # GETX I->M misses
   mGETXSM: 5 # GETX S->M misses (upgrade misses)
   PUTS: 249796 # Clean evictions (from lower level)
   PUTX: 128657 # Dirty evictions (from lower level)
   INV: 80155 # Invalidates (from upper level)
   INVX: 2 # Downgrades (from upper level)
   FWD: 0 # Forwards (from upper level)
   latGETnl: 99291330 # GET request latency on next level
   latGETnet: 0 # GET request latency on network to next level
  l2-22: # Cache stats
   hGETS: 0 # GETS hits
   hGETX: 0 # GETX hits
   mGETS: 250907 # GETS misses
   mGETXIM: 128848 # GETX I->M misses
   mGETXSM: 5 # GETX S->M misses (upgrade misses)
   PUTS: 249797 # Clean evictions (from lower level)
   PUTX: 128656 # Dirty evictions (from lower level)
   INV: 57718 # Invalidates (from upper level)
   INVX: 3 # Downgrades (from upper level)
   FWD: 0 # Forwards (from upper level)
   latGETnl: 99291202 # GET request latency on next level
   latGETnet: 0 # GET request latency on network to next level
  l2-23: # Cache stats
   hGETS: 0 # GETS hits
   hGETX: 0 # GETX hits
   mGETS: 0 # GETS misses
   mGETXIM: 0 # GETX I->M misses
   mGETXSM: 0 # GETX S->M misses (upgrade misses)
   PUTS: 0 # Clean evictions (from lower level)
   PUTX: 0 # Dirty evictions (from lower level)
   INV: 0 # Invalidates (from upper level)
   INVX: 0 # Downgrades (from upper level)
   FWD: 0 # Forwards (from upper level)
   latGETnl: 0 # GET request latency on next level
   latGETnet: 0 # GET request latency on network to next level
 l3: # Cache stats
  l3-0b0: # Cache stats
   hGETS: 867 # GETS hits
   hGETX: 57 # GETX hits
   mGETS: 239672 # GETS misses
   mGETXIM: 123520 # GETX I->M misses
   mGETXSM: 0 # GETX S->M misses (upgrade misses)
   PUTS: 200447 # Clean evictions (from lower level)
   PUTX: 106598 # Dirty evictions (from lower level)
   INV: 0 # Invalidates (from upper level)
   INVX: 0 # Downgrades (from upper level)
   FWD: 0 # Forwards (from upper level)
   latGETnl: 81718200 # GET request latency on next level
   latGETnet: 0 # GET request latency on network to next level
  l3-0b1: # Cache stats
   hGETS: 376 # GETS hits
   hGETX: 42 # GETX hits
   mGETS: 239678 # GETS misses
   mGETXIM: 123452 # GETX I->M misses
   mGETXSM: 0 # GETX S->M misses (upgrade misses)
   PUTS: 200021 # Clean evictions (from lower level)
   PUTX: 106519 # Dirty evictions (from lower level)
   INV: 0 # Invalidates (from upper level)
   INVX: 0 # Downgrades (from upper level)
   FWD: 0 # Forwards (from upper level)
   latGETnl: 81704250 # GET request latency on next level
   latGETnet: 0 # GET request latency on network to next level
  l3-0b2: # Cache stats
   hGETS: 794 # GETS hits
   hGETX: 34 # GETX hits
   mGETS: 239671 # GETS misses
   mGETXIM: 123499 # GETX I->M misses
   mGETXSM: 0 # GETX S->M misses (upgrade misses)
   PUTS: 200360 # Clean evictions (from lower level)
   PUTX: 106559 # Dirty evictions (from lower level)
   INV: 0 # Invalidates (from upper level)
   INVX: 0 # Downgrades (from upper level)
   FWD: 0 # Forwards (from upper level)
   latGETnl: 81713250 # GET request latency on next level
   latGETnet: 0 # GET request latency on network to next level
  l3-0b3: # Cache stats
   hGETS: 866 # GETS hits
   hGETX: 42 # GETX hits
   mGETS: 239683 # GETS misses
   mGETXIM: 123486 # GETX I->M misses
   mGETXSM: 0 # GETX S->M misses (upgrade misses)
   PUTS: 200328 # Clean evictions (from lower level)
   PUTX: 106510 # Dirty evictions (from lower level)
   INV: 0 # Invalidates (from upper level)
   INVX: 0 # Downgrades (from upper level)
   FWD: 0 # Forwards (from upper level)
   latGETnl: 81713025 # GET request latency on next level
   latGETnet: 0 # GET request latency on network to next level
  l3-0b4: # Cache stats
   hGETS: 832 # GETS hits
   hGETX: 36 # GETX hits
   mGETS: 239668 # GETS misses
   mGETXIM: 123548 # GETX I->M misses
   mGETXSM: 0 # GETX S->M misses (upgrade misses)
   PUTS: 200429 # Clean evictions (from lower level)
   PUTX: 106541 # Dirty evictions (from lower level)
   INV: 0 # Invalidates (from upper level)
   INVX: 0 # Downgrades (from upper level)
   FWD: 0 # Forwards (from upper level)
   latGETnl: 81723600 # GET request latency on next level
   latGETnet: 0 # GET request latency on network to next level
  l3-0b5: # Cache stats
   hGETS: 907 # GETS hits
   hGETX: 25 # GETX hits
   mGETS: 239669 # GETS misses
   mGETXIM: 123485 # GETX I->M misses
   mGETXSM: 0 # GETX S->M misses (upgrade misses)
   PUTS: 200664 # Clean evictions (from lower level)
   PUTX: 106541 # Dirty evictions (from lower level)
   INV: 0 # Invalidates (from upper level)
   INVX: 0 # Downgrades (from upper level)
   FWD: 0 # Forwards (from upper level)
   latGETnl: 81709650 # GET request latency on next level
   latGETnet: 0 # GET request latency on network to next level
  l3-0b6: # Cache stats
   hGETS: 724 # GETS hits
   hGETX: 35 # GETX hits
   mGETS: 239678 # GETS misses
   mGETXIM: 123466 # GETX I->M misses
   mGETXSM: 0 # GETX S->M misses (upgrade misses)
   PUTS: 200223 # Clean evictions (from lower level)
   PUTX: 106524 # Dirty evictions (from lower level)
   INV: 0 # Invalidates (from upper level)
   INVX: 0 # Downgrades (from upper level)
   FWD: 0 # Forwards (from upper level)
   latGETnl: 81707400 # GET request latency on next level
   latGETnet: 0 # GET request latency on network to next level
  l3-0b7: # Cache stats
   hGETS: 1272 # GETS hits
   hGETX: 67 # GETX hits
   mGETS: 239682 # GETS misses
   mGETXIM: 123483 # GETX I->M misses
   mGETXSM: 0 # GETX S->M misses (upgrade misses)
   PUTS: 200751 # Clean evictions (from lower level)
   PUTX: 106569 # Dirty evictions (from lower level)
   INV: 0 # Invalidates (from upper level)
   INVX: 0 # Downgrades (from upper level)
   FWD: 0 # Forwards (from upper level)
   latGETnl: 81712125 # GET request latency on next level
   latGETnet: 0 # GET request latency on network to next level
  l3-0b8: # Cache stats
   hGETS: 830 # GETS hits
   hGETX: 71 # GETX hits
   mGETS: 239678 # GETS misses
   mGETXIM: 123420 # GETX I->M misses
   mGETXSM: 0 # GETX S->M misses (upgrade misses)
   PUTS: 200431 # Clean evictions (from lower level)
   PUTX: 106546 # Dirty evictions (from lower level)
   INV: 0 # Invalidates (from upper level)
   INVX: 0 # Downgrades (from upper level)
   FWD: 0 # Forwards (from upper level)
   latGETnl: 81697050 # GET request latency on next level
   latGETnet: 0 # GET request latency on network to next level
  l3-0b9: # Cache stats
   hGETS: 800 # GETS hits
   hGETX: 54 # GETX hits
   mGETS: 239670 # GETS misses
   mGETXIM: 123487 # GETX I->M misses
   mGETXSM: 0 # GETX S->M misses (upgrade misses)
   PUTS: 200337 # Clean evictions (from lower level)
   PUTX: 106611 # Dirty evictions (from lower level)
   INV: 0 # Invalidates (from upper level)
   INVX: 0 # Downgrades (from upper level)
   FWD: 0 # Forwards (from upper level)
   latGETnl: 81710325 # GET request latency on next level
   latGETnet: 0 # GET request latency on network to next level
  l3-0b10: # Cache stats
   hGETS: 1361 # GETS hits
   hGETX: 0 # GETX hits
   mGETS: 239665 # GETS misses
   mGETXIM: 123464 # GETX I->M misses
   mGETXSM: 0 # GETX S->M misses (upgrade misses)
   PUTS: 200998 # Clean evictions (from lower level)
   PUTX: 106427 # Dirty evictions (from lower level)
   INV: 0 # Invalidates (from upper level)
   INVX: 0 # Downgrades (from upper level)
   FWD: 0 # Forwards (from upper level)
   latGETnl: 81704025 # GET request latency on next level
   latGETnet: 0 # GET request latency on network to next level
  l3-0b11: # Cache stats
   hGETS: 779 # GETS hits
   hGETX: 9 # GETX hits
   mGETS: 239661 # GETS misses
   mGETXIM: 123452 # GETX I->M misses
   mGETXSM: 0 # GETX S->M misses (upgrade misses)
   PUTS: 200518 # Clean evictions (from lower level)
   PUTX: 106402 # Dirty evictions (from lower level)
   INV: 0 # Invalidates (from upper level)
   INVX: 0 # Downgrades (from upper level)
   FWD: 0 # Forwards (from upper level)
   latGETnl: 81700425 # GET request latency on next level
   latGETnet: 0 # GET request latency on network to next level
  l3-0b12: # Cache stats
   hGETS: 1340 # GETS hits
   hGETX: 18 # GETX hits
   mGETS: 239665 # GETS misses
   mGETXIM: 123382 # GETX I->M misses
   mGETXSM: 0 # GETX S->M misses (upgrade misses)
   PUTS: 201027 # Clean evictions (from lower level)
   PUTX: 106483 # Dirty evictions (from lower level)
   INV: 0 # Invalidates (from upper level)
   INVX: 0 # Downgrades (from upper level)
   FWD: 0 # Forwards (from upper level)
   latGETnl: 81685575 # GET request latency on next level
   latGETnet: 0 # GET request latency on network to next level
  l3-0b13: # Cache stats
   hGETS: 1298 # GETS hits
   hGETX: 19 # GETX hits
   mGETS: 239672 # GETS misses
   mGETXIM: 123474 # GETX I->M misses
   mGETXSM: 0 # GETX S->M misses (upgrade misses)
   PUTS: 200763 # Clean evictions (from lower level)
   PUTX: 106543 # Dirty evictions (from lower level)
   INV: 0 # Invalidates (from upper level)
   INVX: 0 # Downgrades (from upper level)
   FWD: 0 # Forwards (from upper level)
   latGETnl: 81707850 # GET request latency on next level
   latGETnet: 0 # GET request latency on network to next level
  l3-0b14: # Cache stats
   hGETS: 1399 # GETS hits
   hGETX: 32 # GETX hits
   mGETS: 239676 # GETS misses
   mGETXIM: 123514 # GETX I->M misses
   mGETXSM: 0 # GETX S->M misses (upgrade misses)
   PUTS: 200978 # Clean evictions (from lower level)
   PUTX: 106610 # Dirty evictions (from lower level)
   INV: 0 # Invalidates (from upper level)
   INVX: 0 # Downgrades (from upper level)
   FWD: 0 # Forwards (from upper level)
   latGETnl: 81717750 # GET request latency on next level
   latGETnet: 0 # GET request latency on network to next level
  l3-0b15: # Cache stats
   hGETS: 1387 # GETS hits
   hGETX: 38 # GETX hits
   mGETS: 239677 # GETS misses
   mGETXIM: 123452 # GETX I->M misses
   mGETXSM: 0 # GETX S->M misses (upgrade misses)
   PUTS: 200855 # Clean evictions (from lower level)
   PUTX: 106489 # Dirty evictions (from lower level)
   INV: 0 # Invalidates (from upper level)
   INVX: 0 # Downgrades (from upper level)
   FWD: 0 # Forwards (from upper level)
   latGETnl: 81704025 # GET request latency on next level
   latGETnet: 0 # GET request latency on network to next level
  l3-0b16: # Cache stats
   hGETS: 916 # GETS hits
   hGETX: 43 # GETX hits
   mGETS: 239590 # GETS misses
   mGETXIM: 123415 # GETX I->M misses
   mGETXSM: 0 # GETX S->M misses (upgrade misses)
   PUTS: 200284 # Clean evictions (from lower level)
   PUTX: 106480 # Dirty evictions (from lower level)
   INV: 0 # Invalidates (from upper level)
   INVX: 0 # Downgrades (from upper level)
   FWD: 0 # Forwards (from upper level)
   latGETnl: 81676125 # GET request latency on next level
   latGETnet: 0 # GET request latency on network to next level
  l3-0b17: # Cache stats
   hGETS: 945 # GETS hits
   hGETX: 19 # GETX hits
   mGETS: 239590 # GETS misses
   mGETXIM: 123408 # GETX I->M misses
   mGETXSM: 0 # GETX S->M misses (upgrade misses)
   PUTS: 200446 # Clean evictions (from lower level)
   PUTX: 106453 # Dirty evictions (from lower level)
   INV: 0 # Invalidates (from upper level)
   INVX: 0 # Downgrades (from upper level)
   FWD: 0 # Forwards (from upper level)
   latGETnl: 81674550 # GET request latency on next level
   latGETnet: 0 # GET request latency on network to next level
  l3-0b18: # Cache stats
   hGETS: 277 # GETS hits
   hGETX: 31 # GETX hits
   mGETS: 239584 # GETS misses
   mGETXIM: 123391 # GETX I->M misses
   mGETXSM: 0 # GETX S->M misses (upgrade misses)
   PUTS: 199805 # Clean evictions (from lower level)
   PUTX: 106525 # Dirty evictions (from lower level)
   INV: 0 # Invalidates (from upper level)
   INVX: 0 # Downgrades (from upper level)
   FWD: 0 # Forwards (from upper level)
   latGETnl: 81669375 # GET request latency on next level
   latGETnet: 0 # GET request latency on network to next level
  l3-0b19: # Cache stats
   hGETS: 852 # GETS hits
   hGETX: 72 # GETX hits
   mGETS: 239589 # GETS misses
   mGETXIM: 123418 # GETX I->M misses
   mGETXSM: 0 # GETX S->M misses (upgrade misses)
   PUTS: 200308 # Clean evictions (from lower level)
   PUTX: 106524 # Dirty evictions (from lower level)
   INV: 0 # Invalidates (from upper level)
   INVX: 0 # Downgrades (from upper level)
   FWD: 0 # Forwards (from upper level)
   latGETnl: 81676575 # GET request latency on next level
   latGETnet: 0 # GET request latency on network to next level
  l3-0b20: # Cache stats
   hGETS: 310 # GETS hits
   hGETX: 64 # GETX hits
   mGETS: 239584 # GETS misses
   mGETXIM: 123419 # GETX I->M misses
   mGETXSM: 0 # GETX S->M misses (upgrade misses)
   PUTS: 199766 # Clean evictions (from lower level)
   PUTX: 106404 # Dirty evictions (from lower level)
   INV: 0 # Invalidates (from upper level)
   INVX: 0 # Downgrades (from upper level)
   FWD: 0 # Forwards (from upper level)
   latGETnl: 81675675 # GET request latency on next level
   latGETnet: 0 # GET request latency on network to next level
  l3-0b21: # Cache stats
   hGETS: 260 # GETS hits
   hGETX: 56 # GETX hits
   mGETS: 239581 # GETS misses
   mGETXIM: 123395 # GETX I->M misses
   mGETXSM: 0 # GETX S->M misses (upgrade misses)
   PUTS: 199786 # Clean evictions (from lower level)
   PUTX: 106495 # Dirty evictions (from lower level)
   INV: 0 # Invalidates (from upper level)
   INVX: 0 # Downgrades (from upper level)
   FWD: 0 # Forwards (from upper level)
   latGETnl: 81669600 # GET request latency on next level
   latGETnet: 0 # GET request latency on network to next level
  l3-0b22: # Cache stats
   hGETS: 375 # GETS hits
   hGETX: 65 # GETX hits
   mGETS: 239598 # GETS misses
   mGETXIM: 123367 # GETX I->M misses
   mGETXSM: 0 # GETX S->M misses (upgrade misses)
   PUTS: 199911 # Clean evictions (from lower level)
   PUTX: 106385 # Dirty evictions (from lower level)
   INV: 0 # Invalidates (from upper level)
   INVX: 0 # Downgrades (from upper level)
   FWD: 0 # Forwards (from upper level)
   latGETnl: 81667125 # GET request latency on next level
   latGETnet: 0 # GET request latency on network to next level
  l3-0b23: # Cache stats
   hGETS: 280 # GETS hits
   hGETX: 65 # GETX hits
   mGETS: 239601 # GETS misses
   mGETXIM: 123415 # GETX I->M misses
   mGETXSM: 0 # GETX S->M misses (upgrade misses)
   PUTS: 199956 # Clean evictions (from lower level)
   PUTX: 106580 # Dirty evictions (from lower level)
   INV: 0 # Invalidates (from upper level)
   INVX: 0 # Downgrades (from upper level)
   FWD: 0 # Forwards (from upper level)
   latGETnl: 81678600 # GET request latency on next level
   latGETnet: 0 # GET request latency on network to next level
 mem: # Memory controller stats
  mem-0: # Memory controller stats
   rd: 8709208 # Read requests
   wr: 2777389 # Write requests
   rdlat: 1957536000 # Total latency experienced by read requests
   wrlat: 624615075 # Total latency experienced by write requests
 sched: # Scheduler stats
  thCr: 25 # Threads created
  thFn: 25 # Threads finished
  schedEvs: 26 # Schedule events
  waitEvs: 2 # Wait events
  handoffEvs: 1 # Handoff events
  sleepEvs: 1 # Sleep events
  idlePhases: 0 # Phases with no thread active
  idlePeriods: 0 # Periods with no thread active
  occHist: # Occupancy histogram
   0: 0
   1: 36
   2: 0
   3: 2
   4: 2
   5: 1
   6: 1
   7: 0
   8: 1
   9: 0
   10: 0
   11: 0
   12: 1
   13: 0
   14: 1
   15: 0
   16: 1
   17: 1
   18: 0
   19: 0
   20: 1
   21: 0
   22: 1
   23: 1290761
   24: 0
  rqSzHist: # Run queue size histogram
   0: 1290781
   1: 29
   2: 0
   3: 0
   4: 0
   5: 0
   6: 0
   7: 0
   8: 0
   9: 0
   10: 0
   11: 0
   12: 0
   13: 0
   14: 0
   15: 0
   16: 0
   17: 0
   18: 0
   19: 0
   20: 0
   21: 0
   22: 0
   23: 0
   24: 0
 procCycles: # Per-process unhalted core cycles
  0: 29687672841
  1: 0
  2: 0
  3: 0
  4: 0
  5: 0
  6: 0
  7: 0
  8: 0
  9: 0
  10: 0
  11: 0
  12: 0
  13: 0
  14: 0
  15: 0
  16: 0
  17: 0
  18: 0
  19: 0
  20: 0
  21: 0
  22: 0
  23: 0
  24: 0
  25: 0
  26: 0
  27: 0
  28: 0
  29: 0
  30: 0
  31: 0
  32: 0
  33: 0
  34: 0
  35: 0
  36: 0
  37: 0
  38: 0
  39: 0
  40: 0
  41: 0
  42: 0
  43: 0
  44: 0
  45: 0
  46: 0
  47: 0
  48: 0
  49: 0
  50: 0
  51: 0
  52: 0
  53: 0
  54: 0
  55: 0
  56: 0
  57: 0
  58: 0
  59: 0
  60: 0
  61: 0
  62: 0
  63: 0
 procInstrs: # Per-process instructions
  0: 44495649158
  1: 0
  2: 0
  3: 0
  4: 0
  5: 0
  6: 0
  7: 0
  8: 0
  9: 0
  10: 0
  11: 0
  12: 0
  13: 0
  14: 0
  15: 0
  16: 0
  17: 0
  18: 0
  19: 0
  20: 0
  21: 0
  22: 0
  23: 0
  24: 0
  25: 0
  26: 0
  27: 0
  28: 0
  29: 0
  30: 0
  31: 0
  32: 0
  33: 0
  34: 0
  35: 0
  36: 0
  37: 0
  38: 0
  39: 0
  40: 0
  41: 0
  42: 0
  43: 0
  44: 0
  45: 0
  46: 0
  47: 0
  48: 0
  49: 0
  50: 0
  51: 0
  52: 0
  53: 0
  54: 0
  55: 0
  56: 0
  57: 0
  58: 0
  59: 0
  60: 0
  61: 0
  62: 0
  63: 0
 heartbeats: # Per-process heartbeats
  0: 0
  1: 0
  2: 0
  3: 0
  4: 0
  5: 0
  6: 0
  7: 0
  8: 0
  9: 0
  10: 0
  11: 0
  12: 0
  13: 0
  14: 0
  15: 0
  16: 0
  17: 0
  18: 0
  19: 0
  20: 0
  21: 0
  22: 0
  23: 0
  24: 0
  25: 0
  26: 0
  27: 0
  28: 0
  29: 0
  30: 0
  31: 0
  32: 0
  33: 0
  34: 0
  35: 0
  36: 0
  37: 0
  38: 0
  39: 0
  40: 0
  41: 0
  42: 0
  43: 0
  44: 0
  45: 0
  46: 0
  47: 0
  48: 0
  49: 0
  50: 0
  51: 0
  52: 0
  53: 0
  54: 0
  55: 0
  56: 0
  57: 0
  58: 0
  59: 0
  60: 0
  61: 0
  62: 0
  63: 0
===
