# zsim stats
===
root: # Stats
 contention: # Contention simulation stats
  domain-0: # Domain stats
   time: 8773326604 # Weave simulation time
 time: # Simulator time breakdown
  init: 3113357006
  bound: 81885789360
  weave: 11534035159
  ff: 449939
 trigger: 20000 # Reason for this stats dump
 phase: 52516 # Simulated phases
 reqCycles: 0 # Requeue Cycles
 skylake: # Core stats
  skylake-0: # Core stats
   cycles: 52516046 # Simulated unhalted cycles
   cCycles: 2101618 # Cycles due to contention stalls
   instrs: 74230712 # Simulated instructions
   uops: 50824684 # issued micro-ops
   bbls: 24311253 # Basic blocks
   approxInstrs: 750097 # Instrs with approx uop decoding
   mispredBranches: 109144 # Mispredicted branches
   IdqNotDelivered: 50414428 # Stalls no uop delivered when no Bkend Stall
   IntMiscRecoveryCycles: 885952 # Stalls waiting machine clears
   uops executed: 51183366 # Executed microoperations
  skylake-1: # Core stats
   cycles: 52480171 # Simulated unhalted cycles
   cCycles: 2101621 # Cycles due to contention stalls
   instrs: 74230236 # Simulated instructions
   uops: 50823848 # issued micro-ops
   bbls: 24311260 # Basic blocks
   approxInstrs: 750100 # Instrs with approx uop decoding
   mispredBranches: 109112 # Mispredicted branches
   IdqNotDelivered: 50378550 # Stalls no uop delivered when no Bkend Stall
   IntMiscRecoveryCycles: 877231 # Stalls waiting machine clears
   uops executed: 51182544 # Executed microoperations
  skylake-2: # Core stats
   cycles: 52477753 # Simulated unhalted cycles
   cCycles: 2101615 # Cycles due to contention stalls
   instrs: 74226798 # Simulated instructions
   uops: 50821236 # issued micro-ops
   bbls: 24310205 # Basic blocks
   approxInstrs: 750068 # Instrs with approx uop decoding
   mispredBranches: 109106 # Mispredicted branches
   IdqNotDelivered: 50376138 # Stalls no uop delivered when no Bkend Stall
   IntMiscRecoveryCycles: 879292 # Stalls waiting machine clears
   uops executed: 51179961 # Executed microoperations
  skylake-3: # Core stats
   cycles: 52478069 # Simulated unhalted cycles
   cCycles: 2101642 # Cycles due to contention stalls
   instrs: 74230005 # Simulated instructions
   uops: 50823580 # issued micro-ops
   bbls: 24311212 # Basic blocks
   approxInstrs: 750098 # Instrs with approx uop decoding
   mispredBranches: 109112 # Mispredicted branches
   IdqNotDelivered: 50376427 # Stalls no uop delivered when no Bkend Stall
   IntMiscRecoveryCycles: 878571 # Stalls waiting machine clears
   uops executed: 51182276 # Executed microoperations
  skylake-4: # Core stats
   cycles: 52476045 # Simulated unhalted cycles
   cCycles: 2101628 # Cycles due to contention stalls
   instrs: 74229720 # Simulated instructions
   uops: 50823383 # issued micro-ops
   bbls: 24311119 # Basic blocks
   approxInstrs: 750097 # Instrs with approx uop decoding
   mispredBranches: 109110 # Mispredicted branches
   IdqNotDelivered: 50374417 # Stalls no uop delivered when no Bkend Stall
   IntMiscRecoveryCycles: 877975 # Stalls waiting machine clears
   uops executed: 51182071 # Executed microoperations
  skylake-5: # Core stats
   cycles: 52475045 # Simulated unhalted cycles
   cCycles: 2101649 # Cycles due to contention stalls
   instrs: 74229338 # Simulated instructions
   uops: 50823111 # issued micro-ops
   bbls: 24310995 # Basic blocks
   approxInstrs: 750095 # Instrs with approx uop decoding
   mispredBranches: 109111 # Mispredicted branches
   IdqNotDelivered: 50373396 # Stalls no uop delivered when no Bkend Stall
   IntMiscRecoveryCycles: 877699 # Stalls waiting machine clears
   uops executed: 51181771 # Executed microoperations
  skylake-6: # Core stats
   cycles: 52474046 # Simulated unhalted cycles
   cCycles: 2101602 # Cycles due to contention stalls
   instrs: 74228554 # Simulated instructions
   uops: 50822261 # issued micro-ops
   bbls: 24310810 # Basic blocks
   approxInstrs: 750086 # Instrs with approx uop decoding
   mispredBranches: 109103 # Mispredicted branches
   IdqNotDelivered: 50372444 # Stalls no uop delivered when no Bkend Stall
   IntMiscRecoveryCycles: 879064 # Stalls waiting machine clears
   uops executed: 51180951 # Executed microoperations
  skylake-7: # Core stats
   cycles: 52474053 # Simulated unhalted cycles
   cCycles: 2101595 # Cycles due to contention stalls
   instrs: 74227938 # Simulated instructions
   uops: 50822156 # issued micro-ops
   bbls: 24310538 # Basic blocks
   approxInstrs: 750078 # Instrs with approx uop decoding
   mispredBranches: 109109 # Mispredicted branches
   IdqNotDelivered: 50372458 # Stalls no uop delivered when no Bkend Stall
   IntMiscRecoveryCycles: 877513 # Stalls waiting machine clears
   uops executed: 51180831 # Executed microoperations
  skylake-8: # Core stats
   cycles: 52472830 # Simulated unhalted cycles
   cCycles: 2101615 # Cycles due to contention stalls
   instrs: 74228335 # Simulated instructions
   uops: 50822115 # issued micro-ops
   bbls: 24310737 # Basic blocks
   approxInstrs: 750086 # Instrs with approx uop decoding
   mispredBranches: 109103 # Mispredicted branches
   IdqNotDelivered: 50371215 # Stalls no uop delivered when no Bkend Stall
   IntMiscRecoveryCycles: 878692 # Stalls waiting machine clears
   uops executed: 51180805 # Executed microoperations
  skylake-9: # Core stats
   cycles: 52473178 # Simulated unhalted cycles
   cCycles: 2101639 # Cycles due to contention stalls
   instrs: 74229375 # Simulated instructions
   uops: 50822831 # issued micro-ops
   bbls: 24311079 # Basic blocks
   approxInstrs: 750093 # Instrs with approx uop decoding
   mispredBranches: 109107 # Mispredicted branches
   IdqNotDelivered: 50371539 # Stalls no uop delivered when no Bkend Stall
   IntMiscRecoveryCycles: 879130 # Stalls waiting machine clears
   uops executed: 51181509 # Executed microoperations
  skylake-10: # Core stats
   cycles: 52472830 # Simulated unhalted cycles
   cCycles: 2101601 # Cycles due to contention stalls
   instrs: 74228455 # Simulated instructions
   uops: 50822195 # issued micro-ops
   bbls: 24310777 # Basic blocks
   approxInstrs: 750086 # Instrs with approx uop decoding
   mispredBranches: 109103 # Mispredicted branches
   IdqNotDelivered: 50371229 # Stalls no uop delivered when no Bkend Stall
   IntMiscRecoveryCycles: 878964 # Stalls waiting machine clears
   uops executed: 51180885 # Executed microoperations
  skylake-11: # Core stats
   cycles: 52472831 # Simulated unhalted cycles
   cCycles: 2101626 # Cycles due to contention stalls
   instrs: 74229527 # Simulated instructions
   uops: 50823232 # issued micro-ops
   bbls: 24310974 # Basic blocks
   approxInstrs: 750094 # Instrs with approx uop decoding
   mispredBranches: 109111 # Mispredicted branches
   IdqNotDelivered: 50371205 # Stalls no uop delivered when no Bkend Stall
   IntMiscRecoveryCycles: 878892 # Stalls waiting machine clears
   uops executed: 51181959 # Executed microoperations
  skylake-12: # Core stats
   cycles: 52472013 # Simulated unhalted cycles
   cCycles: 2101641 # Cycles due to contention stalls
   instrs: 74229375 # Simulated instructions
   uops: 50822831 # issued micro-ops
   bbls: 24311079 # Basic blocks
   approxInstrs: 750093 # Instrs with approx uop decoding
   mispredBranches: 109107 # Mispredicted branches
   IdqNotDelivered: 50370372 # Stalls no uop delivered when no Bkend Stall
   IntMiscRecoveryCycles: 878031 # Stalls waiting machine clears
   uops executed: 51181509 # Executed microoperations
  skylake-13: # Core stats
   cycles: 52471835 # Simulated unhalted cycles
   cCycles: 2101643 # Cycles due to contention stalls
   instrs: 74229098 # Simulated instructions
   uops: 50822634 # issued micro-ops
   bbls: 24310988 # Basic blocks
   approxInstrs: 750091 # Instrs with approx uop decoding
   mispredBranches: 109104 # Mispredicted branches
   IdqNotDelivered: 50370192 # Stalls no uop delivered when no Bkend Stall
   IntMiscRecoveryCycles: 877876 # Stalls waiting machine clears
   uops executed: 51181326 # Executed microoperations
  skylake-14: # Core stats
   cycles: 52471328 # Simulated unhalted cycles
   cCycles: 2101649 # Cycles due to contention stalls
   instrs: 74229375 # Simulated instructions
   uops: 50822831 # issued micro-ops
   bbls: 24311079 # Basic blocks
   approxInstrs: 750093 # Instrs with approx uop decoding
   mispredBranches: 109107 # Mispredicted branches
   IdqNotDelivered: 50369679 # Stalls no uop delivered when no Bkend Stall
   IntMiscRecoveryCycles: 878710 # Stalls waiting machine clears
   uops executed: 51181509 # Executed microoperations
  skylake-15: # Core stats
   cycles: 52470830 # Simulated unhalted cycles
   cCycles: 2101642 # Cycles due to contention stalls
   instrs: 74228726 # Simulated instructions
   uops: 50822386 # issued micro-ops
   bbls: 24310864 # Basic blocks
   approxInstrs: 750091 # Instrs with approx uop decoding
   mispredBranches: 109104 # Mispredicted branches
   IdqNotDelivered: 50369188 # Stalls no uop delivered when no Bkend Stall
   IntMiscRecoveryCycles: 877680 # Stalls waiting machine clears
   uops executed: 51181078 # Executed microoperations
  skylake-16: # Core stats
   cycles: 52471024 # Simulated unhalted cycles
   cCycles: 2101637 # Cycles due to contention stalls
   instrs: 74229375 # Simulated instructions
   uops: 50822831 # issued micro-ops
   bbls: 24311079 # Basic blocks
   approxInstrs: 750093 # Instrs with approx uop decoding
   mispredBranches: 109107 # Mispredicted branches
   IdqNotDelivered: 50369387 # Stalls no uop delivered when no Bkend Stall
   IntMiscRecoveryCycles: 878117 # Stalls waiting machine clears
   uops executed: 51181509 # Executed microoperations
  skylake-17: # Core stats
   cycles: 52470831 # Simulated unhalted cycles
   cCycles: 2101628 # Cycles due to contention stalls
   instrs: 74201086 # Simulated instructions
   uops: 50805444 # issued micro-ops
   bbls: 24301095 # Basic blocks
   approxInstrs: 749751 # Instrs with approx uop decoding
   mispredBranches: 109160 # Mispredicted branches
   IdqNotDelivered: 50369203 # Stalls no uop delivered when no Bkend Stall
   IntMiscRecoveryCycles: 881840 # Stalls waiting machine clears
   uops executed: 51164135 # Executed microoperations
  skylake-18: # Core stats
   cycles: 52470065 # Simulated unhalted cycles
   cCycles: 2101641 # Cycles due to contention stalls
   instrs: 74229348 # Simulated instructions
   uops: 50822796 # issued micro-ops
   bbls: 24311071 # Basic blocks
   approxInstrs: 750092 # Instrs with approx uop decoding
   mispredBranches: 109101 # Mispredicted branches
   IdqNotDelivered: 50368424 # Stalls no uop delivered when no Bkend Stall
   IntMiscRecoveryCycles: 877987 # Stalls waiting machine clears
   uops executed: 51181508 # Executed microoperations
  skylake-19: # Core stats
   cycles: 52470045 # Simulated unhalted cycles
   cCycles: 2101637 # Cycles due to contention stalls
   instrs: 74229035 # Simulated instructions
   uops: 50822592 # issued micro-ops
   bbls: 24310967 # Basic blocks
   approxInstrs: 750091 # Instrs with approx uop decoding
   mispredBranches: 109104 # Mispredicted branches
   IdqNotDelivered: 50368408 # Stalls no uop delivered when no Bkend Stall
   IntMiscRecoveryCycles: 877876 # Stalls waiting machine clears
   uops executed: 51181284 # Executed microoperations
  skylake-20: # Core stats
   cycles: 52469831 # Simulated unhalted cycles
   cCycles: 2101616 # Cycles due to contention stalls
   instrs: 74228104 # Simulated instructions
   uops: 50821961 # issued micro-ops
   bbls: 24310660 # Basic blocks
   approxInstrs: 750086 # Instrs with approx uop decoding
   mispredBranches: 109103 # Mispredicted branches
   IdqNotDelivered: 50368215 # Stalls no uop delivered when no Bkend Stall
   IntMiscRecoveryCycles: 878015 # Stalls waiting machine clears
   uops executed: 51180651 # Executed microoperations
  skylake-21: # Core stats
   cycles: 52468831 # Simulated unhalted cycles
   cCycles: 2101652 # Cycles due to contention stalls
   instrs: 74226616 # Simulated instructions
   uops: 50820933 # issued micro-ops
   bbls: 24310176 # Basic blocks
   approxInstrs: 750065 # Instrs with approx uop decoding
   mispredBranches: 109100 # Mispredicted branches
   IdqNotDelivered: 50367179 # Stalls no uop delivered when no Bkend Stall
   IntMiscRecoveryCycles: 877991 # Stalls waiting machine clears
   uops executed: 51179614 # Executed microoperations
  skylake-22: # Core stats
   cycles: 52468830 # Simulated unhalted cycles
   cCycles: 2101612 # Cycles due to contention stalls
   instrs: 74228053 # Simulated instructions
   uops: 50821927 # issued micro-ops
   bbls: 24310643 # Basic blocks
   approxInstrs: 750086 # Instrs with approx uop decoding
   mispredBranches: 109101 # Mispredicted branches
   IdqNotDelivered: 50367218 # Stalls no uop delivered when no Bkend Stall
   IntMiscRecoveryCycles: 877668 # Stalls waiting machine clears
   uops executed: 51180624 # Executed microoperations
  skylake-23: # Core stats
   cycles: 0 # Simulated unhalted cycles
   cCycles: 0 # Cycles due to contention stalls
   instrs: 0 # Simulated instructions
   uops: 0 # issued micro-ops
   bbls: 0 # Basic blocks
   approxInstrs: 0 # Instrs with approx uop decoding
   mispredBranches: 0 # Mispredicted branches
   IdqNotDelivered: 0 # Stalls no uop delivered when no Bkend Stall
   IntMiscRecoveryCycles: 0 # Stalls waiting machine clears
   uops executed: 0 # Executed microoperations
 l1d: # Cache stats
  l1d-0: # Filter cache stats
   fhGETS: 896148 # Filtered GETS hits
   fhGETX: 491594 # Filtered GETX hits
   hGETS: 9041 # GETS hits
   hGETX: 15489 # GETX hits
   mGETS: 250272 # GETS misses
   mGETXIM: 70615 # GETX I->M misses
   mGETXSM: 8 # GETX S->M misses (upgrade misses)
   PUTS: 0 # Clean evictions (from lower level)
   PUTX: 0 # Dirty evictions (from lower level)
   INV: 96 # Invalidates (from upper level)
   INVX: 96 # Downgrades (from upper level)
   FWD: 0 # Forwards (from upper level)
   latGETnl: 87248971 # GET request latency on next level
   latGETnet: 0 # GET request latency on network to next level
  l1d-1: # Filter cache stats
   fhGETS: 895902 # Filtered GETS hits
   fhGETX: 491429 # Filtered GETX hits
   hGETS: 8961 # GETS hits
   hGETX: 15448 # GETX hits
   mGETS: 250227 # GETS misses
   mGETXIM: 70589 # GETX I->M misses
   mGETXSM: 8 # GETX S->M misses (upgrade misses)
   PUTS: 0 # Clean evictions (from lower level)
   PUTX: 0 # Dirty evictions (from lower level)
   INV: 85 # Invalidates (from upper level)
   INVX: 24 # Downgrades (from upper level)
   FWD: 0 # Forwards (from upper level)
   latGETnl: 87218310 # GET request latency on next level
   latGETnet: 0 # GET request latency on network to next level
  l1d-2: # Filter cache stats
   fhGETS: 895731 # Filtered GETS hits
   fhGETX: 491336 # Filtered GETX hits
   hGETS: 8933 # GETS hits
   hGETX: 15446 # GETX hits
   mGETS: 250214 # GETS misses
   mGETXIM: 70569 # GETX I->M misses
   mGETXSM: 4 # GETX S->M misses (upgrade misses)
   PUTS: 0 # Clean evictions (from lower level)
   PUTX: 0 # Dirty evictions (from lower level)
   INV: 58 # Invalidates (from upper level)
   INVX: 6 # Downgrades (from upper level)
   FWD: 0 # Forwards (from upper level)
   latGETnl: 87213732 # GET request latency on next level
   latGETnet: 0 # GET request latency on network to next level
  l1d-3: # Filter cache stats
   fhGETS: 895827 # Filtered GETS hits
   fhGETX: 491388 # Filtered GETX hits
   hGETS: 8975 # GETS hits
   hGETX: 15452 # GETX hits
   mGETS: 250221 # GETS misses
   mGETXIM: 70588 # GETX I->M misses
   mGETXSM: 7 # GETX S->M misses (upgrade misses)
   PUTS: 0 # Clean evictions (from lower level)
   PUTX: 0 # Dirty evictions (from lower level)
   INV: 81 # Invalidates (from upper level)
   INVX: 47 # Downgrades (from upper level)
   FWD: 0 # Forwards (from upper level)
   latGETnl: 87222349 # GET request latency on next level
   latGETnet: 0 # GET request latency on network to next level
  l1d-4: # Filter cache stats
   fhGETS: 895817 # Filtered GETS hits
   fhGETX: 491371 # Filtered GETX hits
   hGETS: 8971 # GETS hits
   hGETX: 15478 # GETX hits
   mGETS: 250226 # GETS misses
   mGETXIM: 70576 # GETX I->M misses
   mGETXSM: 10 # GETX S->M misses (upgrade misses)
   PUTS: 0 # Clean evictions (from lower level)
   PUTX: 0 # Dirty evictions (from lower level)
   INV: 75 # Invalidates (from upper level)
   INVX: 21 # Downgrades (from upper level)
   FWD: 0 # Forwards (from upper level)
   latGETnl: 87216875 # GET request latency on next level
   latGETnet: 0 # GET request latency on network to next level
  l1d-5: # Filter cache stats
   fhGETS: 895826 # Filtered GETS hits
   fhGETX: 491387 # Filtered GETX hits
   hGETS: 8956 # GETS hits
   hGETX: 15458 # GETX hits
   mGETS: 250224 # GETS misses
   mGETXIM: 70576 # GETX I->M misses
   mGETXSM: 6 # GETX S->M misses (upgrade misses)
   PUTS: 0 # Clean evictions (from lower level)
   PUTX: 0 # Dirty evictions (from lower level)
   INV: 75 # Invalidates (from upper level)
   INVX: 15 # Downgrades (from upper level)
   FWD: 0 # Forwards (from upper level)
   latGETnl: 87216509 # GET request latency on next level
   latGETnet: 0 # GET request latency on network to next level
  l1d-6: # Filter cache stats
   fhGETS: 895661 # Filtered GETS hits
   fhGETX: 491293 # Filtered GETX hits
   hGETS: 8944 # GETS hits
   hGETX: 15450 # GETX hits
   mGETS: 250206 # GETS misses
   mGETXIM: 70566 # GETX I->M misses
   mGETXSM: 6 # GETX S->M misses (upgrade misses)
   PUTS: 0 # Clean evictions (from lower level)
   PUTX: 0 # Dirty evictions (from lower level)
   INV: 58 # Invalidates (from upper level)
   INVX: 3 # Downgrades (from upper level)
   FWD: 0 # Forwards (from upper level)
   latGETnl: 87211002 # GET request latency on next level
   latGETnet: 0 # GET request latency on network to next level
  l1d-7: # Filter cache stats
   fhGETS: 895796 # Filtered GETS hits
   fhGETX: 491375 # Filtered GETX hits
   hGETS: 8967 # GETS hits
   hGETX: 15455 # GETX hits
   mGETS: 250216 # GETS misses
   mGETXIM: 70581 # GETX I->M misses
   mGETXSM: 7 # GETX S->M misses (upgrade misses)
   PUTS: 0 # Clean evictions (from lower level)
   PUTX: 0 # Dirty evictions (from lower level)
   INV: 78 # Invalidates (from upper level)
   INVX: 18 # Downgrades (from upper level)
   FWD: 0 # Forwards (from upper level)
   latGETnl: 87214390 # GET request latency on next level
   latGETnet: 0 # GET request latency on network to next level
  l1d-8: # Filter cache stats
   fhGETS: 895659 # Filtered GETS hits
   fhGETX: 491293 # Filtered GETX hits
   hGETS: 8946 # GETS hits
   hGETX: 15447 # GETX hits
   mGETS: 250206 # GETS misses
   mGETXIM: 70569 # GETX I->M misses
   mGETXSM: 6 # GETX S->M misses (upgrade misses)
   PUTS: 0 # Clean evictions (from lower level)
   PUTX: 0 # Dirty evictions (from lower level)
   INV: 62 # Invalidates (from upper level)
   INVX: 17 # Downgrades (from upper level)
   FWD: 0 # Forwards (from upper level)
   latGETnl: 87214349 # GET request latency on next level
   latGETnet: 0 # GET request latency on network to next level
  l1d-9: # Filter cache stats
   fhGETS: 895684 # Filtered GETS hits
   fhGETX: 491318 # Filtered GETX hits
   hGETS: 8946 # GETS hits
   hGETX: 15415 # GETX hits
   mGETS: 250201 # GETS misses
   mGETXIM: 70581 # GETX I->M misses
   mGETXSM: 6 # GETX S->M misses (upgrade misses)
   PUTS: 0 # Clean evictions (from lower level)
   PUTX: 0 # Dirty evictions (from lower level)
   INV: 64 # Invalidates (from upper level)
   INVX: 6 # Downgrades (from upper level)
   FWD: 0 # Forwards (from upper level)
   latGETnl: 87210994 # GET request latency on next level
   latGETnet: 0 # GET request latency on network to next level
  l1d-10: # Filter cache stats
   fhGETS: 895661 # Filtered GETS hits
   fhGETX: 491291 # Filtered GETX hits
   hGETS: 8948 # GETS hits
   hGETX: 15445 # GETX hits
   mGETS: 250202 # GETS misses
   mGETXIM: 70573 # GETX I->M misses
   mGETXSM: 6 # GETX S->M misses (upgrade misses)
   PUTS: 0 # Clean evictions (from lower level)
   PUTX: 0 # Dirty evictions (from lower level)
   INV: 61 # Invalidates (from upper level)
   INVX: 10 # Downgrades (from upper level)
   FWD: 0 # Forwards (from upper level)
   latGETnl: 87212900 # GET request latency on next level
   latGETnet: 0 # GET request latency on network to next level
  l1d-11: # Filter cache stats
   fhGETS: 895858 # Filtered GETS hits
   fhGETX: 491420 # Filtered GETX hits
   hGETS: 8983 # GETS hits
   hGETX: 15432 # GETX hits
   mGETS: 250215 # GETS misses
   mGETXIM: 70601 # GETX I->M misses
   mGETXSM: 9 # GETX S->M misses (upgrade misses)
   PUTS: 0 # Clean evictions (from lower level)
   PUTX: 0 # Dirty evictions (from lower level)
   INV: 76 # Invalidates (from upper level)
   INVX: 22 # Downgrades (from upper level)
   FWD: 0 # Forwards (from upper level)
   latGETnl: 87220917 # GET request latency on next level
   latGETnet: 0 # GET request latency on network to next level
  l1d-12: # Filter cache stats
   fhGETS: 895692 # Filtered GETS hits
   fhGETX: 491310 # Filtered GETX hits
   hGETS: 8936 # GETS hits
   hGETX: 15427 # GETX hits
   mGETS: 250203 # GETS misses
   mGETXIM: 70577 # GETX I->M misses
   mGETXSM: 6 # GETX S->M misses (upgrade misses)
   PUTS: 0 # Clean evictions (from lower level)
   PUTX: 0 # Dirty evictions (from lower level)
   INV: 63 # Invalidates (from upper level)
   INVX: 8 # Downgrades (from upper level)
   FWD: 0 # Forwards (from upper level)
   latGETnl: 87211912 # GET request latency on next level
   latGETnet: 0 # GET request latency on network to next level
  l1d-13: # Filter cache stats
   fhGETS: 895686 # Filtered GETS hits
   fhGETX: 491315 # Filtered GETX hits
   hGETS: 8932 # GETS hits
   hGETX: 15423 # GETX hits
   mGETS: 250203 # GETS misses
   mGETXIM: 70576 # GETX I->M misses
   mGETXSM: 5 # GETX S->M misses (upgrade misses)
   PUTS: 0 # Clean evictions (from lower level)
   PUTX: 0 # Dirty evictions (from lower level)
   INV: 63 # Invalidates (from upper level)
   INVX: 13 # Downgrades (from upper level)
   FWD: 0 # Forwards (from upper level)
   latGETnl: 87212761 # GET request latency on next level
   latGETnet: 0 # GET request latency on network to next level
  l1d-14: # Filter cache stats
   fhGETS: 895689 # Filtered GETS hits
   fhGETX: 491303 # Filtered GETX hits
   hGETS: 8937 # GETS hits
   hGETX: 15438 # GETX hits
   mGETS: 250205 # GETS misses
   mGETXIM: 70574 # GETX I->M misses
   mGETXSM: 5 # GETX S->M misses (upgrade misses)
   PUTS: 0 # Clean evictions (from lower level)
   PUTX: 0 # Dirty evictions (from lower level)
   INV: 61 # Invalidates (from upper level)
   INVX: 2 # Downgrades (from upper level)
   FWD: 0 # Forwards (from upper level)
   latGETnl: 87210708 # GET request latency on next level
   latGETnet: 0 # GET request latency on network to next level
  l1d-15: # Filter cache stats
   fhGETS: 895665 # Filtered GETS hits
   fhGETX: 491283 # Filtered GETX hits
   hGETS: 8949 # GETS hits
   hGETX: 15461 # GETX hits
   mGETS: 250207 # GETS misses
   mGETXIM: 70569 # GETX I->M misses
   mGETXSM: 6 # GETX S->M misses (upgrade misses)
   PUTS: 0 # Clean evictions (from lower level)
   PUTX: 0 # Dirty evictions (from lower level)
   INV: 61 # Invalidates (from upper level)
   INVX: 3 # Downgrades (from upper level)
   FWD: 0 # Forwards (from upper level)
   latGETnl: 87211064 # GET request latency on next level
   latGETnet: 0 # GET request latency on network to next level
  l1d-16: # Filter cache stats
   fhGETS: 895691 # Filtered GETS hits
   fhGETX: 491303 # Filtered GETX hits
   hGETS: 8934 # GETS hits
   hGETX: 15439 # GETX hits
   mGETS: 250206 # GETS misses
   mGETXIM: 70573 # GETX I->M misses
   mGETXSM: 5 # GETX S->M misses (upgrade misses)
   PUTS: 0 # Clean evictions (from lower level)
   PUTX: 0 # Dirty evictions (from lower level)
   INV: 62 # Invalidates (from upper level)
   INVX: 3 # Downgrades (from upper level)
   FWD: 0 # Forwards (from upper level)
   latGETnl: 87210933 # GET request latency on next level
   latGETnet: 0 # GET request latency on network to next level
  l1d-17: # Filter cache stats
   fhGETS: 896759 # Filtered GETS hits
   fhGETX: 491664 # Filtered GETX hits
   hGETS: 9284 # GETS hits
   hGETX: 15508 # GETX hits
   mGETS: 250167 # GETS misses
   mGETXIM: 70547 # GETX I->M misses
   mGETXSM: 15 # GETX S->M misses (upgrade misses)
   PUTS: 0 # Clean evictions (from lower level)
   PUTX: 0 # Dirty evictions (from lower level)
   INV: 58 # Invalidates (from upper level)
   INVX: 2 # Downgrades (from upper level)
   FWD: 0 # Forwards (from upper level)
   latGETnl: 87187356 # GET request latency on next level
   latGETnet: 0 # GET request latency on network to next level
  l1d-18: # Filter cache stats
   fhGETS: 895694 # Filtered GETS hits
   fhGETX: 491310 # Filtered GETX hits
   hGETS: 8930 # GETS hits
   hGETX: 15423 # GETX hits
   mGETS: 250201 # GETS misses
   mGETXIM: 70578 # GETX I->M misses
   mGETXSM: 4 # GETX S->M misses (upgrade misses)
   PUTS: 0 # Clean evictions (from lower level)
   PUTX: 0 # Dirty evictions (from lower level)
   INV: 62 # Invalidates (from upper level)
   INVX: 1 # Downgrades (from upper level)
   FWD: 0 # Forwards (from upper level)
   latGETnl: 87209480 # GET request latency on next level
   latGETnet: 0 # GET request latency on network to next level
  l1d-19: # Filter cache stats
   fhGETS: 895685 # Filtered GETS hits
   fhGETX: 491307 # Filtered GETX hits
   hGETS: 8933 # GETS hits
   hGETX: 15430 # GETX hits
   mGETS: 250203 # GETS misses
   mGETXIM: 70576 # GETX I->M misses
   mGETXSM: 6 # GETX S->M misses (upgrade misses)
   PUTS: 0 # Clean evictions (from lower level)
   PUTX: 0 # Dirty evictions (from lower level)
   INV: 63 # Invalidates (from upper level)
   INVX: 2 # Downgrades (from upper level)
   FWD: 0 # Forwards (from upper level)
   latGETnl: 87210080 # GET request latency on next level
   latGETnet: 0 # GET request latency on network to next level
  l1d-20: # Filter cache stats
   fhGETS: 895652 # Filtered GETS hits
   fhGETX: 491288 # Filtered GETX hits
   hGETS: 8955 # GETS hits
   hGETX: 15452 # GETX hits
   mGETS: 250204 # GETS misses
   mGETXIM: 70570 # GETX I->M misses
   mGETXSM: 5 # GETX S->M misses (upgrade misses)
   PUTS: 0 # Clean evictions (from lower level)
   PUTX: 0 # Dirty evictions (from lower level)
   INV: 61 # Invalidates (from upper level)
   INVX: 2 # Downgrades (from upper level)
   FWD: 0 # Forwards (from upper level)
   latGETnl: 87210445 # GET request latency on next level
   latGETnet: 0 # GET request latency on network to next level
  l1d-21: # Filter cache stats
   fhGETS: 895646 # Filtered GETS hits
   fhGETX: 491277 # Filtered GETX hits
   hGETS: 8933 # GETS hits
   hGETX: 15452 # GETX hits
   mGETS: 250199 # GETS misses
   mGETXIM: 70565 # GETX I->M misses
   mGETXSM: 6 # GETX S->M misses (upgrade misses)
   PUTS: 0 # Clean evictions (from lower level)
   PUTX: 0 # Dirty evictions (from lower level)
   INV: 58 # Invalidates (from upper level)
   INVX: 2 # Downgrades (from upper level)
   FWD: 0 # Forwards (from upper level)
   latGETnl: 87208475 # GET request latency on next level
   latGETnet: 0 # GET request latency on network to next level
  l1d-22: # Filter cache stats
   fhGETS: 895678 # Filtered GETS hits
   fhGETX: 491306 # Filtered GETX hits
   hGETS: 8933 # GETS hits
   hGETX: 15429 # GETX hits
   mGETS: 250200 # GETS misses
   mGETXIM: 70575 # GETX I->M misses
   mGETXSM: 5 # GETX S->M misses (upgrade misses)
   PUTS: 0 # Clean evictions (from lower level)
   PUTX: 0 # Dirty evictions (from lower level)
   INV: 63 # Invalidates (from upper level)
   INVX: 2 # Downgrades (from upper level)
   FWD: 0 # Forwards (from upper level)
   latGETnl: 87208917 # GET request latency on next level
   latGETnet: 0 # GET request latency on network to next level
  l1d-23: # Filter cache stats
   fhGETS: 0 # Filtered GETS hits
   fhGETX: 0 # Filtered GETX hits
   hGETS: 0 # GETS hits
   hGETX: 0 # GETX hits
   mGETS: 0 # GETS misses
   mGETXIM: 0 # GETX I->M misses
   mGETXSM: 0 # GETX S->M misses (upgrade misses)
   PUTS: 0 # Clean evictions (from lower level)
   PUTX: 0 # Dirty evictions (from lower level)
   INV: 0 # Invalidates (from upper level)
   INVX: 0 # Downgrades (from upper level)
   FWD: 0 # Forwards (from upper level)
   latGETnl: 0 # GET request latency on next level
   latGETnet: 0 # GET request latency on network to next level
 l1i: # Cache stats
  l1i-0: # Filter cache stats
   fhGETS: 24945600 # Filtered GETS hits
   fhGETX: 0 # Filtered GETX hits
   hGETS: 47 # GETS hits
   hGETX: 0 # GETX hits
   mGETS: 722 # GETS misses
   mGETXIM: 0 # GETX I->M misses
   mGETXSM: 0 # GETX S->M misses (upgrade misses)
   PUTS: 0 # Clean evictions (from lower level)
   PUTX: 0 # Dirty evictions (from lower level)
   INV: 699 # Invalidates (from upper level)
   INVX: 0 # Downgrades (from upper level)
   FWD: 0 # Forwards (from upper level)
   latGETnl: 73084 # GET request latency on next level
   latGETnet: 0 # GET request latency on network to next level
  l1i-1: # Filter cache stats
   fhGETS: 24945686 # Filtered GETS hits
   fhGETX: 0 # Filtered GETX hits
   hGETS: 37 # GETS hits
   hGETX: 0 # GETX hits
   mGETS: 639 # GETS misses
   mGETXIM: 0 # GETX I->M misses
   mGETXSM: 0 # GETX S->M misses (upgrade misses)
   PUTS: 0 # Clean evictions (from lower level)
   PUTX: 0 # Dirty evictions (from lower level)
   INV: 609 # Invalidates (from upper level)
   INVX: 0 # Downgrades (from upper level)
   FWD: 0 # Forwards (from upper level)
   latGETnl: 34983 # GET request latency on next level
   latGETnet: 0 # GET request latency on network to next level
  l1i-2: # Filter cache stats
   fhGETS: 24944573 # Filtered GETS hits
   fhGETX: 0 # Filtered GETX hits
   hGETS: 31 # GETS hits
   hGETX: 0 # GETX hits
   mGETS: 660 # GETS misses
   mGETXIM: 0 # GETX I->M misses
   mGETXSM: 0 # GETX S->M misses (upgrade misses)
   PUTS: 0 # Clean evictions (from lower level)
   PUTX: 0 # Dirty evictions (from lower level)
   INV: 637 # Invalidates (from upper level)
   INVX: 0 # Downgrades (from upper level)
   FWD: 0 # Forwards (from upper level)
   latGETnl: 40245 # GET request latency on next level
   latGETnet: 0 # GET request latency on network to next level
  l1i-3: # Filter cache stats
   fhGETS: 24945592 # Filtered GETS hits
   fhGETX: 0 # Filtered GETX hits
   hGETS: 31 # GETS hits
   hGETX: 0 # GETX hits
   mGETS: 647 # GETS misses
   mGETXIM: 0 # GETX I->M misses
   mGETXSM: 0 # GETX S->M misses (upgrade misses)
   PUTS: 0 # Clean evictions (from lower level)
   PUTX: 0 # Dirty evictions (from lower level)
   INV: 618 # Invalidates (from upper level)
   INVX: 0 # Downgrades (from upper level)
   FWD: 0 # Forwards (from upper level)
   latGETnl: 34684 # GET request latency on next level
   latGETnet: 0 # GET request latency on network to next level
  l1i-4: # Filter cache stats
   fhGETS: 24945549 # Filtered GETS hits
   fhGETX: 0 # Filtered GETX hits
   hGETS: 31 # GETS hits
   hGETX: 0 # GETX hits
   mGETS: 640 # GETS misses
   mGETXIM: 0 # GETX I->M misses
   mGETXSM: 0 # GETX S->M misses (upgrade misses)
   PUTS: 0 # Clean evictions (from lower level)
   PUTX: 0 # Dirty evictions (from lower level)
   INV: 617 # Invalidates (from upper level)
   INVX: 0 # Downgrades (from upper level)
   FWD: 0 # Forwards (from upper level)
   latGETnl: 31430 # GET request latency on next level
   latGETnet: 0 # GET request latency on network to next level
  l1i-5: # Filter cache stats
   fhGETS: 24945422 # Filtered GETS hits
   fhGETX: 0 # Filtered GETX hits
   hGETS: 32 # GETS hits
   hGETX: 0 # GETX hits
   mGETS: 642 # GETS misses
   mGETXIM: 0 # GETX I->M misses
   mGETXSM: 0 # GETX S->M misses (upgrade misses)
   PUTS: 0 # Clean evictions (from lower level)
   PUTX: 0 # Dirty evictions (from lower level)
   INV: 619 # Invalidates (from upper level)
   INVX: 0 # Downgrades (from upper level)
   FWD: 0 # Forwards (from upper level)
   latGETnl: 30399 # GET request latency on next level
   latGETnet: 0 # GET request latency on network to next level
  l1i-6: # Filter cache stats
   fhGETS: 24945210 # Filtered GETS hits
   fhGETX: 0 # Filtered GETX hits
   hGETS: 29 # GETS hits
   hGETX: 0 # GETX hits
   mGETS: 618 # GETS misses
   mGETXIM: 0 # GETX I->M misses
   mGETXSM: 0 # GETX S->M misses (upgrade misses)
   PUTS: 0 # Clean evictions (from lower level)
   PUTX: 0 # Dirty evictions (from lower level)
   INV: 596 # Invalidates (from upper level)
   INVX: 0 # Downgrades (from upper level)
   FWD: 0 # Forwards (from upper level)
   latGETnl: 34896 # GET request latency on next level
   latGETnet: 0 # GET request latency on network to next level
  l1i-7: # Filter cache stats
   fhGETS: 24944960 # Filtered GETS hits
   fhGETX: 0 # Filtered GETX hits
   hGETS: 30 # GETS hits
   hGETX: 0 # GETX hits
   mGETS: 645 # GETS misses
   mGETXIM: 0 # GETX I->M misses
   mGETXSM: 0 # GETX S->M misses (upgrade misses)
   PUTS: 0 # Clean evictions (from lower level)
   PUTX: 0 # Dirty evictions (from lower level)
   INV: 622 # Invalidates (from upper level)
   INVX: 0 # Downgrades (from upper level)
   FWD: 0 # Forwards (from upper level)
   latGETnl: 30315 # GET request latency on next level
   latGETnet: 0 # GET request latency on network to next level
  l1i-8: # Filter cache stats
   fhGETS: 24945150 # Filtered GETS hits
   fhGETX: 0 # Filtered GETX hits
   hGETS: 28 # GETS hits
   hGETX: 0 # GETX hits
   mGETS: 622 # GETS misses
   mGETXIM: 0 # GETX I->M misses
   mGETXSM: 0 # GETX S->M misses (upgrade misses)
   PUTS: 0 # Clean evictions (from lower level)
   PUTX: 0 # Dirty evictions (from lower level)
   INV: 599 # Invalidates (from upper level)
   INVX: 0 # Downgrades (from upper level)
   FWD: 0 # Forwards (from upper level)
   latGETnl: 31709 # GET request latency on next level
   latGETnet: 0 # GET request latency on network to next level
  l1i-9: # Filter cache stats
   fhGETS: 24945487 # Filtered GETS hits
   fhGETX: 0 # Filtered GETX hits
   hGETS: 30 # GETS hits
   hGETX: 0 # GETX hits
   mGETS: 632 # GETS misses
   mGETXIM: 0 # GETX I->M misses
   mGETXSM: 0 # GETX S->M misses (upgrade misses)
   PUTS: 0 # Clean evictions (from lower level)
   PUTX: 0 # Dirty evictions (from lower level)
   INV: 603 # Invalidates (from upper level)
   INVX: 0 # Downgrades (from upper level)
   FWD: 0 # Forwards (from upper level)
   latGETnl: 33979 # GET request latency on next level
   latGETnet: 0 # GET request latency on network to next level
  l1i-10: # Filter cache stats
   fhGETS: 24945179 # Filtered GETS hits
   fhGETX: 0 # Filtered GETX hits
   hGETS: 30 # GETS hits
   hGETX: 0 # GETX hits
   mGETS: 626 # GETS misses
   mGETXIM: 0 # GETX I->M misses
   mGETXSM: 0 # GETX S->M misses (upgrade misses)
   PUTS: 0 # Clean evictions (from lower level)
   PUTX: 0 # Dirty evictions (from lower level)
   INV: 603 # Invalidates (from upper level)
   INVX: 0 # Downgrades (from upper level)
   FWD: 0 # Forwards (from upper level)
   latGETnl: 33022 # GET request latency on next level
   latGETnet: 0 # GET request latency on network to next level
  l1i-11: # Filter cache stats
   fhGETS: 24945331 # Filtered GETS hits
   fhGETX: 0 # Filtered GETX hits
   hGETS: 126 # GETS hits
   hGETX: 0 # GETX hits
   mGETS: 632 # GETS misses
   mGETXIM: 0 # GETX I->M misses
   mGETXSM: 0 # GETX S->M misses (upgrade misses)
   PUTS: 0 # Clean evictions (from lower level)
   PUTX: 0 # Dirty evictions (from lower level)
   INV: 609 # Invalidates (from upper level)
   INVX: 0 # Downgrades (from upper level)
   FWD: 0 # Forwards (from upper level)
   latGETnl: 31504 # GET request latency on next level
   latGETnet: 0 # GET request latency on network to next level
  l1i-12: # Filter cache stats
   fhGETS: 24945500 # Filtered GETS hits
   fhGETX: 0 # Filtered GETX hits
   hGETS: 30 # GETS hits
   hGETX: 0 # GETX hits
   mGETS: 629 # GETS misses
   mGETXIM: 0 # GETX I->M misses
   mGETXSM: 0 # GETX S->M misses (upgrade misses)
   PUTS: 0 # Clean evictions (from lower level)
   PUTX: 0 # Dirty evictions (from lower level)
   INV: 599 # Invalidates (from upper level)
   INVX: 0 # Downgrades (from upper level)
   FWD: 0 # Forwards (from upper level)
   latGETnl: 32038 # GET request latency on next level
   latGETnet: 0 # GET request latency on network to next level
  l1i-13: # Filter cache stats
   fhGETS: 24945405 # Filtered GETS hits
   fhGETX: 0 # Filtered GETX hits
   hGETS: 30 # GETS hits
   hGETX: 0 # GETX hits
   mGETS: 627 # GETS misses
   mGETXIM: 0 # GETX I->M misses
   mGETXSM: 0 # GETX S->M misses (upgrade misses)
   PUTS: 0 # Clean evictions (from lower level)
   PUTX: 0 # Dirty evictions (from lower level)
   INV: 604 # Invalidates (from upper level)
   INVX: 0 # Downgrades (from upper level)
   FWD: 0 # Forwards (from upper level)
   latGETnl: 30819 # GET request latency on next level
   latGETnet: 0 # GET request latency on network to next level
  l1i-14: # Filter cache stats
   fhGETS: 24945501 # Filtered GETS hits
   fhGETX: 0 # Filtered GETX hits
   hGETS: 30 # GETS hits
   hGETX: 0 # GETX hits
   mGETS: 634 # GETS misses
   mGETXIM: 0 # GETX I->M misses
   mGETXSM: 0 # GETX S->M misses (upgrade misses)
   PUTS: 0 # Clean evictions (from lower level)
   PUTX: 0 # Dirty evictions (from lower level)
   INV: 606 # Invalidates (from upper level)
   INVX: 0 # Downgrades (from upper level)
   FWD: 0 # Forwards (from upper level)
   latGETnl: 31148 # GET request latency on next level
   latGETnet: 0 # GET request latency on network to next level
  l1i-15: # Filter cache stats
   fhGETS: 24945282 # Filtered GETS hits
   fhGETX: 0 # Filtered GETX hits
   hGETS: 30 # GETS hits
   hGETX: 0 # GETX hits
   mGETS: 622 # GETS misses
   mGETXIM: 0 # GETX I->M misses
   mGETXSM: 0 # GETX S->M misses (upgrade misses)
   PUTS: 0 # Clean evictions (from lower level)
   PUTX: 0 # Dirty evictions (from lower level)
   INV: 599 # Invalidates (from upper level)
   INVX: 0 # Downgrades (from upper level)
   FWD: 0 # Forwards (from upper level)
   latGETnl: 30134 # GET request latency on next level
   latGETnet: 0 # GET request latency on network to next level
  l1i-16: # Filter cache stats
   fhGETS: 24945502 # Filtered GETS hits
   fhGETX: 0 # Filtered GETX hits
   hGETS: 30 # GETS hits
   hGETX: 0 # GETX hits
   mGETS: 632 # GETS misses
   mGETXIM: 0 # GETX I->M misses
   mGETXSM: 0 # GETX S->M misses (upgrade misses)
   PUTS: 0 # Clean evictions (from lower level)
   PUTX: 0 # Dirty evictions (from lower level)
   INV: 602 # Invalidates (from upper level)
   INVX: 0 # Downgrades (from upper level)
   FWD: 0 # Forwards (from upper level)
   latGETnl: 30829 # GET request latency on next level
   latGETnet: 0 # GET request latency on network to next level
  l1i-17: # Filter cache stats
   fhGETS: 24935467 # Filtered GETS hits
   fhGETX: 0 # Filtered GETX hits
   hGETS: 198 # GETS hits
   hGETX: 0 # GETX hits
   mGETS: 695 # GETS misses
   mGETXIM: 0 # GETX I->M misses
   mGETXSM: 0 # GETX S->M misses (upgrade misses)
   PUTS: 0 # Clean evictions (from lower level)
   PUTX: 0 # Dirty evictions (from lower level)
   INV: 672 # Invalidates (from upper level)
   INVX: 0 # Downgrades (from upper level)
   FWD: 0 # Forwards (from upper level)
   latGETnl: 45265 # GET request latency on next level
   latGETnet: 0 # GET request latency on network to next level
  l1i-18: # Filter cache stats
   fhGETS: 24945481 # Filtered GETS hits
   fhGETX: 0 # Filtered GETX hits
   hGETS: 30 # GETS hits
   hGETX: 0 # GETX hits
   mGETS: 623 # GETS misses
   mGETXIM: 0 # GETX I->M misses
   mGETXSM: 0 # GETX S->M misses (upgrade misses)
   PUTS: 0 # Clean evictions (from lower level)
   PUTX: 0 # Dirty evictions (from lower level)
   INV: 594 # Invalidates (from upper level)
   INVX: 0 # Downgrades (from upper level)
   FWD: 0 # Forwards (from upper level)
   latGETnl: 30631 # GET request latency on next level
   latGETnet: 0 # GET request latency on network to next level
  l1i-19: # Filter cache stats
   fhGETS: 24945382 # Filtered GETS hits
   fhGETX: 0 # Filtered GETX hits
   hGETS: 30 # GETS hits
   hGETX: 0 # GETX hits
   mGETS: 629 # GETS misses
   mGETXIM: 0 # GETX I->M misses
   mGETXSM: 0 # GETX S->M misses (upgrade misses)
   PUTS: 0 # Clean evictions (from lower level)
   PUTX: 0 # Dirty evictions (from lower level)
   INV: 606 # Invalidates (from upper level)
   INVX: 0 # Downgrades (from upper level)
   FWD: 0 # Forwards (from upper level)
   latGETnl: 29563 # GET request latency on next level
   latGETnet: 0 # GET request latency on network to next level
  l1i-20: # Filter cache stats
   fhGETS: 24945073 # Filtered GETS hits
   fhGETX: 0 # Filtered GETX hits
   hGETS: 30 # GETS hits
   hGETX: 0 # GETX hits
   mGETS: 629 # GETS misses
   mGETXIM: 0 # GETX I->M misses
   mGETXSM: 0 # GETX S->M misses (upgrade misses)
   PUTS: 0 # Clean evictions (from lower level)
   PUTX: 0 # Dirty evictions (from lower level)
   INV: 606 # Invalidates (from upper level)
   INVX: 0 # Downgrades (from upper level)
   FWD: 0 # Forwards (from upper level)
   latGETnl: 29788 # GET request latency on next level
   latGETnet: 0 # GET request latency on network to next level
  l1i-21: # Filter cache stats
   fhGETS: 24944573 # Filtered GETS hits
   fhGETX: 0 # Filtered GETX hits
   hGETS: 30 # GETS hits
   hGETX: 0 # GETX hits
   mGETS: 627 # GETS misses
   mGETXIM: 0 # GETX I->M misses
   mGETXSM: 0 # GETX S->M misses (upgrade misses)
   PUTS: 0 # Clean evictions (from lower level)
   PUTX: 0 # Dirty evictions (from lower level)
   INV: 604 # Invalidates (from upper level)
   INVX: 0 # Downgrades (from upper level)
   FWD: 0 # Forwards (from upper level)
   latGETnl: 29469 # GET request latency on next level
   latGETnet: 0 # GET request latency on network to next level
  l1i-22: # Filter cache stats
   fhGETS: 24945050 # Filtered GETS hits
   fhGETX: 0 # Filtered GETX hits
   hGETS: 30 # GETS hits
   hGETX: 0 # GETX hits
   mGETS: 623 # GETS misses
   mGETXIM: 0 # GETX I->M misses
   mGETXSM: 0 # GETX S->M misses (upgrade misses)
   PUTS: 0 # Clean evictions (from lower level)
   PUTX: 0 # Dirty evictions (from lower level)
   INV: 600 # Invalidates (from upper level)
   INVX: 0 # Downgrades (from upper level)
   FWD: 0 # Forwards (from upper level)
   latGETnl: 29281 # GET request latency on next level
   latGETnet: 0 # GET request latency on network to next level
  l1i-23: # Filter cache stats
   fhGETS: 0 # Filtered GETS hits
   fhGETX: 0 # Filtered GETX hits
   hGETS: 0 # GETS hits
   hGETX: 0 # GETX hits
   mGETS: 0 # GETS misses
   mGETXIM: 0 # GETX I->M misses
   mGETXSM: 0 # GETX S->M misses (upgrade misses)
   PUTS: 0 # Clean evictions (from lower level)
   PUTX: 0 # Dirty evictions (from lower level)
   INV: 0 # Invalidates (from upper level)
   INVX: 0 # Downgrades (from upper level)
   FWD: 0 # Forwards (from upper level)
   latGETnl: 0 # GET request latency on next level
   latGETnet: 0 # GET request latency on network to next level
 l2: # Cache stats
  l2-0: # Cache stats
   hGETS: 0 # GETS hits
   hGETX: 0 # GETX hits
   mGETS: 250994 # GETS misses
   mGETXIM: 70615 # GETX I->M misses
   mGETXSM: 8 # GETX S->M misses (upgrade misses)
   PUTS: 249816 # Clean evictions (from lower level)
   PUTX: 70463 # Dirty evictions (from lower level)
   INV: 47783 # Invalidates (from upper level)
   INVX: 96 # Downgrades (from upper level)
   FWD: 0 # Forwards (from upper level)
   latGETnl: 84105885 # GET request latency on next level
   latGETnet: 0 # GET request latency on network to next level
  l2-1: # Cache stats
   hGETS: 0 # GETS hits
   hGETX: 0 # GETX hits
   mGETS: 250866 # GETS misses
   mGETXIM: 70589 # GETX I->M misses
   mGETXSM: 8 # GETX S->M misses (upgrade misses)
   PUTS: 249781 # Clean evictions (from lower level)
   PUTX: 70438 # Dirty evictions (from lower level)
   INV: 19842 # Invalidates (from upper level)
   INVX: 24 # Downgrades (from upper level)
   FWD: 0 # Forwards (from upper level)
   latGETnl: 84038663 # GET request latency on next level
   latGETnet: 0 # GET request latency on network to next level
  l2-2: # Cache stats
   hGETS: 0 # GETS hits
   hGETX: 0 # GETX hits
   mGETS: 250874 # GETS misses
   mGETXIM: 70569 # GETX I->M misses
   mGETXSM: 4 # GETX S->M misses (upgrade misses)
   PUTS: 249770 # Clean evictions (from lower level)
   PUTX: 70443 # Dirty evictions (from lower level)
   INV: 20352 # Invalidates (from upper level)
   INVX: 6 # Downgrades (from upper level)
   FWD: 0 # Forwards (from upper level)
   latGETnl: 84039507 # GET request latency on next level
   latGETnet: 0 # GET request latency on network to next level
  l2-3: # Cache stats
   hGETS: 0 # GETS hits
   hGETX: 0 # GETX hits
   mGETS: 250868 # GETS misses
   mGETXIM: 70588 # GETX I->M misses
   mGETXSM: 7 # GETX S->M misses (upgrade misses)
   PUTS: 249777 # Clean evictions (from lower level)
   PUTX: 70439 # Dirty evictions (from lower level)
   INV: 18707 # Invalidates (from upper level)
   INVX: 47 # Downgrades (from upper level)
   FWD: 0 # Forwards (from upper level)
   latGETnl: 84042403 # GET request latency on next level
   latGETnet: 0 # GET request latency on network to next level
  l2-4: # Cache stats
   hGETS: 0 # GETS hits
   hGETX: 0 # GETX hits
   mGETS: 250866 # GETS misses
   mGETXIM: 70576 # GETX I->M misses
   mGETXSM: 10 # GETX S->M misses (upgrade misses)
   PUTS: 249775 # Clean evictions (from lower level)
   PUTX: 70440 # Dirty evictions (from lower level)
   INV: 18885 # Invalidates (from upper level)
   INVX: 21 # Downgrades (from upper level)
   FWD: 0 # Forwards (from upper level)
   latGETnl: 84033785 # GET request latency on next level
   latGETnet: 0 # GET request latency on network to next level
  l2-5: # Cache stats
   hGETS: 0 # GETS hits
   hGETX: 0 # GETX hits
   mGETS: 250866 # GETS misses
   mGETXIM: 70576 # GETX I->M misses
   mGETXSM: 6 # GETX S->M misses (upgrade misses)
   PUTS: 249777 # Clean evictions (from lower level)
   PUTX: 70437 # Dirty evictions (from lower level)
   INV: 20552 # Invalidates (from upper level)
   INVX: 15 # Downgrades (from upper level)
   FWD: 0 # Forwards (from upper level)
   latGETnl: 84032428 # GET request latency on next level
   latGETnet: 0 # GET request latency on network to next level
  l2-6: # Cache stats
   hGETS: 0 # GETS hits
   hGETX: 0 # GETX hits
   mGETS: 250824 # GETS misses
   mGETXIM: 70566 # GETX I->M misses
   mGETXSM: 6 # GETX S->M misses (upgrade misses)
   PUTS: 249765 # Clean evictions (from lower level)
   PUTX: 70437 # Dirty evictions (from lower level)
   INV: 19416 # Invalidates (from upper level)
   INVX: 3 # Downgrades (from upper level)
   FWD: 0 # Forwards (from upper level)
   latGETnl: 84031938 # GET request latency on next level
   latGETnet: 0 # GET request latency on network to next level
  l2-7: # Cache stats
   hGETS: 0 # GETS hits
   hGETX: 0 # GETX hits
   mGETS: 250861 # GETS misses
   mGETXIM: 70581 # GETX I->M misses
   mGETXSM: 7 # GETX S->M misses (upgrade misses)
   PUTS: 249770 # Clean evictions (from lower level)
   PUTX: 70438 # Dirty evictions (from lower level)
   INV: 46101 # Invalidates (from upper level)
   INVX: 18 # Downgrades (from upper level)
   FWD: 0 # Forwards (from upper level)
   latGETnl: 84030215 # GET request latency on next level
   latGETnet: 0 # GET request latency on network to next level
  l2-8: # Cache stats
   hGETS: 0 # GETS hits
   hGETX: 0 # GETX hits
   mGETS: 250828 # GETS misses
   mGETXIM: 70569 # GETX I->M misses
   mGETXSM: 6 # GETX S->M misses (upgrade misses)
   PUTS: 249764 # Clean evictions (from lower level)
   PUTX: 70437 # Dirty evictions (from lower level)
   INV: 18254 # Invalidates (from upper level)
   INVX: 17 # Downgrades (from upper level)
   FWD: 0 # Forwards (from upper level)
   latGETnl: 84032028 # GET request latency on next level
   latGETnet: 0 # GET request latency on network to next level
  l2-9: # Cache stats
   hGETS: 0 # GETS hits
   hGETX: 0 # GETX hits
   mGETS: 250833 # GETS misses
   mGETXIM: 70581 # GETX I->M misses
   mGETXSM: 6 # GETX S->M misses (upgrade misses)
   PUTS: 249769 # Clean evictions (from lower level)
   PUTX: 70437 # Dirty evictions (from lower level)
   INV: 31660 # Invalidates (from upper level)
   INVX: 6 # Downgrades (from upper level)
   FWD: 0 # Forwards (from upper level)
   latGETnl: 84030773 # GET request latency on next level
   latGETnet: 0 # GET request latency on network to next level
  l2-10: # Cache stats
   hGETS: 0 # GETS hits
   hGETX: 0 # GETX hits
   mGETS: 250828 # GETS misses
   mGETXIM: 70573 # GETX I->M misses
   mGETXSM: 6 # GETX S->M misses (upgrade misses)
   PUTS: 249765 # Clean evictions (from lower level)
   PUTX: 70437 # Dirty evictions (from lower level)
   INV: 18550 # Invalidates (from upper level)
   INVX: 10 # Downgrades (from upper level)
   FWD: 0 # Forwards (from upper level)
   latGETnl: 84031852 # GET request latency on next level
   latGETnet: 0 # GET request latency on network to next level
  l2-11: # Cache stats
   hGETS: 0 # GETS hits
   hGETX: 0 # GETX hits
   mGETS: 250847 # GETS misses
   mGETXIM: 70601 # GETX I->M misses
   mGETXSM: 9 # GETX S->M misses (upgrade misses)
   PUTS: 249774 # Clean evictions (from lower level)
   PUTX: 70454 # Dirty evictions (from lower level)
   INV: 59374 # Invalidates (from upper level)
   INVX: 23 # Downgrades (from upper level)
   FWD: 0 # Forwards (from upper level)
   latGETnl: 84037851 # GET request latency on next level
   latGETnet: 0 # GET request latency on network to next level
  l2-12: # Cache stats
   hGETS: 0 # GETS hits
   hGETX: 0 # GETX hits
   mGETS: 250832 # GETS misses
   mGETXIM: 70577 # GETX I->M misses
   mGETXSM: 6 # GETX S->M misses (upgrade misses)
   PUTS: 249766 # Clean evictions (from lower level)
   PUTX: 70439 # Dirty evictions (from lower level)
   INV: 33741 # Invalidates (from upper level)
   INVX: 8 # Downgrades (from upper level)
   FWD: 0 # Forwards (from upper level)
   latGETnl: 84029800 # GET request latency on next level
   latGETnet: 0 # GET request latency on network to next level
  l2-13: # Cache stats
   hGETS: 0 # GETS hits
   hGETX: 0 # GETX hits
   mGETS: 250830 # GETS misses
   mGETXIM: 70576 # GETX I->M misses
   mGETXSM: 5 # GETX S->M misses (upgrade misses)
   PUTS: 249767 # Clean evictions (from lower level)
   PUTX: 70437 # Dirty evictions (from lower level)
   INV: 18985 # Invalidates (from upper level)
   INVX: 13 # Downgrades (from upper level)
   FWD: 0 # Forwards (from upper level)
   latGETnl: 84029470 # GET request latency on next level
   latGETnet: 0 # GET request latency on network to next level
  l2-14: # Cache stats
   hGETS: 0 # GETS hits
   hGETX: 0 # GETX hits
   mGETS: 250839 # GETS misses
   mGETXIM: 70574 # GETX I->M misses
   mGETXSM: 5 # GETX S->M misses (upgrade misses)
   PUTS: 249769 # Clean evictions (from lower level)
   PUTX: 70437 # Dirty evictions (from lower level)
   INV: 18389 # Invalidates (from upper level)
   INVX: 2 # Downgrades (from upper level)
   FWD: 0 # Forwards (from upper level)
   latGETnl: 84027676 # GET request latency on next level
   latGETnet: 0 # GET request latency on network to next level
  l2-15: # Cache stats
   hGETS: 0 # GETS hits
   hGETX: 0 # GETX hits
   mGETS: 250829 # GETS misses
   mGETXIM: 70569 # GETX I->M misses
   mGETXSM: 6 # GETX S->M misses (upgrade misses)
   PUTS: 249766 # Clean evictions (from lower level)
   PUTX: 70437 # Dirty evictions (from lower level)
   INV: 18291 # Invalidates (from upper level)
   INVX: 3 # Downgrades (from upper level)
   FWD: 0 # Forwards (from upper level)
   latGETnl: 84027158 # GET request latency on next level
   latGETnet: 0 # GET request latency on network to next level
  l2-16: # Cache stats
   hGETS: 0 # GETS hits
   hGETX: 0 # GETX hits
   mGETS: 250838 # GETS misses
   mGETXIM: 70573 # GETX I->M misses
   mGETXSM: 5 # GETX S->M misses (upgrade misses)
   PUTS: 249768 # Clean evictions (from lower level)
   PUTX: 70437 # Dirty evictions (from lower level)
   INV: 29288 # Invalidates (from upper level)
   INVX: 3 # Downgrades (from upper level)
   FWD: 0 # Forwards (from upper level)
   latGETnl: 84027602 # GET request latency on next level
   latGETnet: 0 # GET request latency on network to next level
  l2-17: # Cache stats
   hGETS: 0 # GETS hits
   hGETX: 0 # GETX hits
   mGETS: 250862 # GETS misses
   mGETXIM: 70547 # GETX I->M misses
   mGETXSM: 15 # GETX S->M misses (upgrade misses)
   PUTS: 249713 # Clean evictions (from lower level)
   PUTX: 70431 # Dirty evictions (from lower level)
   INV: 46299 # Invalidates (from upper level)
   INVX: 2 # Downgrades (from upper level)
   FWD: 0 # Forwards (from upper level)
   latGETnl: 84018381 # GET request latency on next level
   latGETnet: 0 # GET request latency on network to next level
  l2-18: # Cache stats
   hGETS: 0 # GETS hits
   hGETX: 0 # GETX hits
   mGETS: 250824 # GETS misses
   mGETXIM: 70578 # GETX I->M misses
   mGETXSM: 4 # GETX S->M misses (upgrade misses)
   PUTS: 249767 # Clean evictions (from lower level)
   PUTX: 70438 # Dirty evictions (from lower level)
   INV: 18782 # Invalidates (from upper level)
   INVX: 1 # Downgrades (from upper level)
   FWD: 0 # Forwards (from upper level)
   latGETnl: 84026051 # GET request latency on next level
   latGETnet: 0 # GET request latency on network to next level
  l2-19: # Cache stats
   hGETS: 0 # GETS hits
   hGETX: 0 # GETX hits
   mGETS: 250832 # GETS misses
   mGETXIM: 70576 # GETX I->M misses
   mGETXSM: 6 # GETX S->M misses (upgrade misses)
   PUTS: 249767 # Clean evictions (from lower level)
   PUTX: 70437 # Dirty evictions (from lower level)
   INV: 45476 # Invalidates (from upper level)
   INVX: 2 # Downgrades (from upper level)
   FWD: 0 # Forwards (from upper level)
   latGETnl: 84025503 # GET request latency on next level
   latGETnet: 0 # GET request latency on network to next level
  l2-20: # Cache stats
   hGETS: 0 # GETS hits
   hGETX: 0 # GETX hits
   mGETS: 250833 # GETS misses
   mGETXIM: 70570 # GETX I->M misses
   mGETXSM: 5 # GETX S->M misses (upgrade misses)
   PUTS: 249765 # Clean evictions (from lower level)
   PUTX: 70436 # Dirty evictions (from lower level)
   INV: 18312 # Invalidates (from upper level)
   INVX: 2 # Downgrades (from upper level)
   FWD: 0 # Forwards (from upper level)
   latGETnl: 84026153 # GET request latency on next level
   latGETnet: 0 # GET request latency on network to next level
  l2-21: # Cache stats
   hGETS: 0 # GETS hits
   hGETX: 0 # GETX hits
   mGETS: 250826 # GETS misses
   mGETXIM: 70565 # GETX I->M misses
   mGETXSM: 6 # GETX S->M misses (upgrade misses)
   PUTS: 249757 # Clean evictions (from lower level)
   PUTX: 70437 # Dirty evictions (from lower level)
   INV: 28321 # Invalidates (from upper level)
   INVX: 2 # Downgrades (from upper level)
   FWD: 0 # Forwards (from upper level)
   latGETnl: 84023974 # GET request latency on next level
   latGETnet: 0 # GET request latency on network to next level
  l2-22: # Cache stats
   hGETS: 0 # GETS hits
   hGETX: 0 # GETX hits
   mGETS: 250823 # GETS misses
   mGETXIM: 70575 # GETX I->M misses
   mGETXSM: 5 # GETX S->M misses (upgrade misses)
   PUTS: 249764 # Clean evictions (from lower level)
   PUTX: 70436 # Dirty evictions (from lower level)
   INV: 57761 # Invalidates (from upper level)
   INVX: 2 # Downgrades (from upper level)
   FWD: 0 # Forwards (from upper level)
   latGETnl: 84024168 # GET request latency on next level
   latGETnet: 0 # GET request latency on network to next level
  l2-23: # Cache stats
   hGETS: 0 # GETS hits
   hGETX: 0 # GETX hits
   mGETS: 0 # GETS misses
   mGETXIM: 0 # GETX I->M misses
   mGETXSM: 0 # GETX S->M misses (upgrade misses)
   PUTS: 0 # Clean evictions (from lower level)
   PUTX: 0 # Dirty evictions (from lower level)
   INV: 0 # Invalidates (from upper level)
   INVX: 0 # Downgrades (from upper level)
   FWD: 0 # Forwards (from upper level)
   latGETnl: 0 # GET request latency on next level
   latGETnet: 0 # GET request latency on network to next level
 l3: # Cache stats
  l3-0b0: # Cache stats
   hGETS: 698 # GETS hits
   hGETX: 34 # GETX hits
   mGETS: 239693 # GETS misses
   mGETXIM: 67575 # GETX I->M misses
   mGETXSM: 0 # GETX S->M misses (upgrade misses)
   PUTS: 206115 # Clean evictions (from lower level)
   PUTX: 58880 # Dirty evictions (from lower level)
   INV: 0 # Invalidates (from upper level)
   INVX: 0 # Downgrades (from upper level)
   FWD: 0 # Forwards (from upper level)
   latGETnl: 69135300 # GET request latency on next level
   latGETnet: 0 # GET request latency on network to next level
  l3-0b1: # Cache stats
   hGETS: 684 # GETS hits
   hGETX: 26 # GETX hits
   mGETS: 239697 # GETS misses
   mGETXIM: 67660 # GETX I->M misses
   mGETXSM: 0 # GETX S->M misses (upgrade misses)
   PUTS: 206104 # Clean evictions (from lower level)
   PUTX: 58979 # Dirty evictions (from lower level)
   INV: 0 # Invalidates (from upper level)
   INVX: 0 # Downgrades (from upper level)
   FWD: 0 # Forwards (from upper level)
   latGETnl: 69155325 # GET request latency on next level
   latGETnet: 0 # GET request latency on network to next level
  l3-0b2: # Cache stats
   hGETS: 655 # GETS hits
   hGETX: 38 # GETX hits
   mGETS: 239680 # GETS misses
   mGETXIM: 67641 # GETX I->M misses
   mGETXSM: 0 # GETX S->M misses (upgrade misses)
   PUTS: 206090 # Clean evictions (from lower level)
   PUTX: 58912 # Dirty evictions (from lower level)
   INV: 0 # Invalidates (from upper level)
   INVX: 0 # Downgrades (from upper level)
   FWD: 0 # Forwards (from upper level)
   latGETnl: 69147225 # GET request latency on next level
   latGETnet: 0 # GET request latency on network to next level
  l3-0b3: # Cache stats
   hGETS: 727 # GETS hits
   hGETX: 28 # GETX hits
   mGETS: 239692 # GETS misses
   mGETXIM: 67544 # GETX I->M misses
   mGETXSM: 0 # GETX S->M misses (upgrade misses)
   PUTS: 206495 # Clean evictions (from lower level)
   PUTX: 58819 # Dirty evictions (from lower level)
   INV: 0 # Invalidates (from upper level)
   INVX: 0 # Downgrades (from upper level)
   FWD: 0 # Forwards (from upper level)
   latGETnl: 69128100 # GET request latency on next level
   latGETnet: 0 # GET request latency on network to next level
  l3-0b4: # Cache stats
   hGETS: 641 # GETS hits
   hGETX: 2 # GETX hits
   mGETS: 239673 # GETS misses
   mGETXIM: 67713 # GETX I->M misses
   mGETXSM: 0 # GETX S->M misses (upgrade misses)
   PUTS: 206071 # Clean evictions (from lower level)
   PUTX: 59067 # Dirty evictions (from lower level)
   INV: 0 # Invalidates (from upper level)
   INVX: 0 # Downgrades (from upper level)
   FWD: 0 # Forwards (from upper level)
   latGETnl: 69161850 # GET request latency on next level
   latGETnet: 0 # GET request latency on network to next level
  l3-0b5: # Cache stats
   hGETS: 704 # GETS hits
   hGETX: 16 # GETX hits
   mGETS: 239671 # GETS misses
   mGETXIM: 67804 # GETX I->M misses
   mGETXSM: 0 # GETX S->M misses (upgrade misses)
   PUTS: 206054 # Clean evictions (from lower level)
   PUTX: 59047 # Dirty evictions (from lower level)
   INV: 0 # Invalidates (from upper level)
   INVX: 0 # Downgrades (from upper level)
   FWD: 0 # Forwards (from upper level)
   latGETnl: 69181875 # GET request latency on next level
   latGETnet: 0 # GET request latency on network to next level
  l3-0b6: # Cache stats
   hGETS: 573 # GETS hits
   hGETX: 57 # GETX hits
   mGETS: 239687 # GETS misses
   mGETXIM: 67941 # GETX I->M misses
   mGETXSM: 0 # GETX S->M misses (upgrade misses)
   PUTS: 205653 # Clean evictions (from lower level)
   PUTX: 59156 # Dirty evictions (from lower level)
   INV: 0 # Invalidates (from upper level)
   INVX: 0 # Downgrades (from upper level)
   FWD: 0 # Forwards (from upper level)
   latGETnl: 69216300 # GET request latency on next level
   latGETnet: 0 # GET request latency on network to next level
  l3-0b7: # Cache stats
   hGETS: 1147 # GETS hits
   hGETX: 63 # GETX hits
   mGETS: 239691 # GETS misses
   mGETXIM: 68008 # GETX I->M misses
   mGETXSM: 0 # GETX S->M misses (upgrade misses)
   PUTS: 206189 # Clean evictions (from lower level)
   PUTX: 59236 # Dirty evictions (from lower level)
   INV: 0 # Invalidates (from upper level)
   INVX: 0 # Downgrades (from upper level)
   FWD: 0 # Forwards (from upper level)
   latGETnl: 69232275 # GET request latency on next level
   latGETnet: 0 # GET request latency on network to next level
  l3-0b8: # Cache stats
   hGETS: 675 # GETS hits
   hGETX: 66 # GETX hits
   mGETS: 239685 # GETS misses
   mGETXIM: 67562 # GETX I->M misses
   mGETXSM: 0 # GETX S->M misses (upgrade misses)
   PUTS: 206065 # Clean evictions (from lower level)
   PUTX: 59051 # Dirty evictions (from lower level)
   INV: 0 # Invalidates (from upper level)
   INVX: 0 # Downgrades (from upper level)
   FWD: 0 # Forwards (from upper level)
   latGETnl: 69130575 # GET request latency on next level
   latGETnet: 0 # GET request latency on network to next level
  l3-0b9: # Cache stats
   hGETS: 705 # GETS hits
   hGETX: 70 # GETX hits
   mGETS: 239684 # GETS misses
   mGETXIM: 67544 # GETX I->M misses
   mGETXSM: 0 # GETX S->M misses (upgrade misses)
   PUTS: 206305 # Clean evictions (from lower level)
   PUTX: 59083 # Dirty evictions (from lower level)
   INV: 0 # Invalidates (from upper level)
   INVX: 0 # Downgrades (from upper level)
   FWD: 0 # Forwards (from upper level)
   latGETnl: 69126300 # GET request latency on next level
   latGETnet: 0 # GET request latency on network to next level
  l3-0b10: # Cache stats
   hGETS: 852 # GETS hits
   hGETX: 43 # GETX hits
   mGETS: 239705 # GETS misses
   mGETXIM: 67613 # GETX I->M misses
   mGETXSM: 0 # GETX S->M misses (upgrade misses)
   PUTS: 206036 # Clean evictions (from lower level)
   PUTX: 59181 # Dirty evictions (from lower level)
   INV: 0 # Invalidates (from upper level)
   INVX: 0 # Downgrades (from upper level)
   FWD: 0 # Forwards (from upper level)
   latGETnl: 69146550 # GET request latency on next level
   latGETnet: 0 # GET request latency on network to next level
  l3-0b11: # Cache stats
   hGETS: 338 # GETS hits
   hGETX: 44 # GETX hits
   mGETS: 239690 # GETS misses
   mGETXIM: 67662 # GETX I->M misses
   mGETXSM: 0 # GETX S->M misses (upgrade misses)
   PUTS: 205830 # Clean evictions (from lower level)
   PUTX: 59196 # Dirty evictions (from lower level)
   INV: 0 # Invalidates (from upper level)
   INVX: 0 # Downgrades (from upper level)
   FWD: 0 # Forwards (from upper level)
   latGETnl: 69154200 # GET request latency on next level
   latGETnet: 0 # GET request latency on network to next level
  l3-0b12: # Cache stats
   hGETS: 792 # GETS hits
   hGETX: 27 # GETX hits
   mGETS: 239690 # GETS misses
   mGETXIM: 67371 # GETX I->M misses
   mGETXSM: 0 # GETX S->M misses (upgrade misses)
   PUTS: 206524 # Clean evictions (from lower level)
   PUTX: 58892 # Dirty evictions (from lower level)
   INV: 0 # Invalidates (from upper level)
   INVX: 0 # Downgrades (from upper level)
   FWD: 0 # Forwards (from upper level)
   latGETnl: 69088725 # GET request latency on next level
   latGETnet: 0 # GET request latency on network to next level
  l3-0b13: # Cache stats
   hGETS: 757 # GETS hits
   hGETX: 30 # GETX hits
   mGETS: 239683 # GETS misses
   mGETXIM: 67302 # GETX I->M misses
   mGETXSM: 0 # GETX S->M misses (upgrade misses)
   PUTS: 206447 # Clean evictions (from lower level)
   PUTX: 58887 # Dirty evictions (from lower level)
   INV: 0 # Invalidates (from upper level)
   INVX: 0 # Downgrades (from upper level)
   FWD: 0 # Forwards (from upper level)
   latGETnl: 69071625 # GET request latency on next level
   latGETnet: 0 # GET request latency on network to next level
  l3-0b14: # Cache stats
   hGETS: 752 # GETS hits
   hGETX: 47 # GETX hits
   mGETS: 239692 # GETS misses
   mGETXIM: 67168 # GETX I->M misses
   mGETXSM: 0 # GETX S->M misses (upgrade misses)
   PUTS: 206519 # Clean evictions (from lower level)
   PUTX: 58841 # Dirty evictions (from lower level)
   INV: 0 # Invalidates (from upper level)
   INVX: 0 # Downgrades (from upper level)
   FWD: 0 # Forwards (from upper level)
   latGETnl: 69043500 # GET request latency on next level
   latGETnet: 0 # GET request latency on network to next level
  l3-0b15: # Cache stats
   hGETS: 748 # GETS hits
   hGETX: 40 # GETX hits
   mGETS: 239702 # GETS misses
   mGETXIM: 67111 # GETX I->M misses
   mGETXSM: 0 # GETX S->M misses (upgrade misses)
   PUTS: 206533 # Clean evictions (from lower level)
   PUTX: 58726 # Dirty evictions (from lower level)
   INV: 0 # Invalidates (from upper level)
   INVX: 0 # Downgrades (from upper level)
   FWD: 0 # Forwards (from upper level)
   latGETnl: 69032925 # GET request latency on next level
   latGETnet: 0 # GET request latency on network to next level
  l3-0b16: # Cache stats
   hGETS: 693 # GETS hits
   hGETX: 16 # GETX hits
   mGETS: 239591 # GETS misses
   mGETXIM: 67692 # GETX I->M misses
   mGETXSM: 0 # GETX S->M misses (upgrade misses)
   PUTS: 205945 # Clean evictions (from lower level)
   PUTX: 58992 # Dirty evictions (from lower level)
   INV: 0 # Invalidates (from upper level)
   INVX: 0 # Downgrades (from upper level)
   FWD: 0 # Forwards (from upper level)
   latGETnl: 69138675 # GET request latency on next level
   latGETnet: 0 # GET request latency on network to next level
  l3-0b17: # Cache stats
   hGETS: 840 # GETS hits
   hGETX: 31 # GETX hits
   mGETS: 239597 # GETS misses
   mGETXIM: 67616 # GETX I->M misses
   mGETXSM: 0 # GETX S->M misses (upgrade misses)
   PUTS: 206039 # Clean evictions (from lower level)
   PUTX: 58921 # Dirty evictions (from lower level)
   INV: 0 # Invalidates (from upper level)
   INVX: 0 # Downgrades (from upper level)
   FWD: 0 # Forwards (from upper level)
   latGETnl: 69122925 # GET request latency on next level
   latGETnet: 0 # GET request latency on network to next level
  l3-0b18: # Cache stats
   hGETS: 705 # GETS hits
   hGETX: 10 # GETX hits
   mGETS: 239584 # GETS misses
   mGETXIM: 67561 # GETX I->M misses
   mGETXSM: 0 # GETX S->M misses (upgrade misses)
   PUTS: 206148 # Clean evictions (from lower level)
   PUTX: 58856 # Dirty evictions (from lower level)
   INV: 0 # Invalidates (from upper level)
   INVX: 0 # Downgrades (from upper level)
   FWD: 0 # Forwards (from upper level)
   latGETnl: 69107625 # GET request latency on next level
   latGETnet: 0 # GET request latency on network to next level
  l3-0b19: # Cache stats
   hGETS: 792 # GETS hits
   hGETX: 25 # GETX hits
   mGETS: 239581 # GETS misses
   mGETXIM: 67614 # GETX I->M misses
   mGETXSM: 0 # GETX S->M misses (upgrade misses)
   PUTS: 206074 # Clean evictions (from lower level)
   PUTX: 58843 # Dirty evictions (from lower level)
   INV: 0 # Invalidates (from upper level)
   INVX: 0 # Downgrades (from upper level)
   FWD: 0 # Forwards (from upper level)
   latGETnl: 69118875 # GET request latency on next level
   latGETnet: 0 # GET request latency on network to next level
  l3-0b20: # Cache stats
   hGETS: 778 # GETS hits
   hGETX: 28 # GETX hits
   mGETS: 239602 # GETS misses
   mGETXIM: 67734 # GETX I->M misses
   mGETXSM: 0 # GETX S->M misses (upgrade misses)
   PUTS: 205925 # Clean evictions (from lower level)
   PUTX: 58934 # Dirty evictions (from lower level)
   INV: 0 # Invalidates (from upper level)
   INVX: 0 # Downgrades (from upper level)
   FWD: 0 # Forwards (from upper level)
   latGETnl: 69150600 # GET request latency on next level
   latGETnet: 0 # GET request latency on network to next level
  l3-0b21: # Cache stats
   hGETS: 840 # GETS hits
   hGETX: 59 # GETX hits
   mGETS: 239603 # GETS misses
   mGETXIM: 67719 # GETX I->M misses
   mGETXSM: 0 # GETX S->M misses (upgrade misses)
   PUTS: 206094 # Clean evictions (from lower level)
   PUTX: 58956 # Dirty evictions (from lower level)
   INV: 0 # Invalidates (from upper level)
   INVX: 0 # Downgrades (from upper level)
   FWD: 0 # Forwards (from upper level)
   latGETnl: 69147450 # GET request latency on next level
   latGETnet: 0 # GET request latency on network to next level
  l3-0b22: # Cache stats
   hGETS: 880 # GETS hits
   hGETX: 30 # GETX hits
   mGETS: 239605 # GETS misses
   mGETXIM: 67714 # GETX I->M misses
   mGETXSM: 0 # GETX S->M misses (upgrade misses)
   PUTS: 206398 # Clean evictions (from lower level)
   PUTX: 58955 # Dirty evictions (from lower level)
   INV: 0 # Invalidates (from upper level)
   INVX: 0 # Downgrades (from upper level)
   FWD: 0 # Forwards (from upper level)
   latGETnl: 69146775 # GET request latency on next level
   latGETnet: 0 # GET request latency on network to next level
  l3-0b23: # Cache stats
   hGETS: 775 # GETS hits
   hGETX: 15 # GETX hits
   mGETS: 239594 # GETS misses
   mGETXIM: 67701 # GETX I->M misses
   mGETXSM: 0 # GETX S->M misses (upgrade misses)
   PUTS: 206110 # Clean evictions (from lower level)
   PUTX: 59033 # Dirty evictions (from lower level)
   INV: 0 # Invalidates (from upper level)
   INVX: 0 # Downgrades (from upper level)
   FWD: 0 # Forwards (from upper level)
   latGETnl: 69141375 # GET request latency on next level
   latGETnet: 0 # GET request latency on network to next level
 mem: # Memory controller stats
  mem-0: # Memory controller stats
   rd: 7359607 # Read requests
   wr: 1500577 # Write requests
   rdlat: 1795791135 # Total latency experienced by read requests
   wrlat: 368272538 # Total latency experienced by write requests
 sched: # Scheduler stats
  thCr: 25 # Threads created
  thFn: 25 # Threads finished
  schedEvs: 26 # Schedule events
  waitEvs: 2 # Wait events
  handoffEvs: 1 # Handoff events
  sleepEvs: 1 # Sleep events
  idlePhases: 0 # Phases with no thread active
  idlePeriods: 0 # Periods with no thread active
  occHist: # Occupancy histogram
   0: 0
   1: 36
   2: 0
   3: 2
   4: 2
   5: 1
   6: 1
   7: 0
   8: 1
   9: 0
   10: 0
   11: 0
   12: 1
   13: 0
   14: 1
   15: 0
   16: 0
   17: 1
   18: 0
   19: 0
   20: 1
   21: 0
   22: 1
   23: 52468
   24: 0
  rqSzHist: # Run queue size histogram
   0: 52487
   1: 29
   2: 0
   3: 0
   4: 0
   5: 0
   6: 0
   7: 0
   8: 0
   9: 0
   10: 0
   11: 0
   12: 0
   13: 0
   14: 0
   15: 0
   16: 0
   17: 0
   18: 0
   19: 0
   20: 0
   21: 0
   22: 0
   23: 0
   24: 0
 procCycles: # Per-process unhalted core cycles
  0: 1206918360
  1: 0
  2: 0
  3: 0
  4: 0
  5: 0
  6: 0
  7: 0
  8: 0
  9: 0
  10: 0
  11: 0
  12: 0
  13: 0
  14: 0
  15: 0
  16: 0
  17: 0
  18: 0
  19: 0
  20: 0
  21: 0
  22: 0
  23: 0
  24: 0
  25: 0
  26: 0
  27: 0
  28: 0
  29: 0
  30: 0
  31: 0
  32: 0
  33: 0
  34: 0
  35: 0
  36: 0
  37: 0
  38: 0
  39: 0
  40: 0
  41: 0
  42: 0
  43: 0
  44: 0
  45: 0
  46: 0
  47: 0
  48: 0
  49: 0
  50: 0
  51: 0
  52: 0
  53: 0
  54: 0
  55: 0
  56: 0
  57: 0
  58: 0
  59: 0
  60: 0
  61: 0
  62: 0
  63: 0
 procInstrs: # Per-process instructions
  0: 1707237184
  1: 0
  2: 0
  3: 0
  4: 0
  5: 0
  6: 0
  7: 0
  8: 0
  9: 0
  10: 0
  11: 0
  12: 0
  13: 0
  14: 0
  15: 0
  16: 0
  17: 0
  18: 0
  19: 0
  20: 0
  21: 0
  22: 0
  23: 0
  24: 0
  25: 0
  26: 0
  27: 0
  28: 0
  29: 0
  30: 0
  31: 0
  32: 0
  33: 0
  34: 0
  35: 0
  36: 0
  37: 0
  38: 0
  39: 0
  40: 0
  41: 0
  42: 0
  43: 0
  44: 0
  45: 0
  46: 0
  47: 0
  48: 0
  49: 0
  50: 0
  51: 0
  52: 0
  53: 0
  54: 0
  55: 0
  56: 0
  57: 0
  58: 0
  59: 0
  60: 0
  61: 0
  62: 0
  63: 0
 heartbeats: # Per-process heartbeats
  0: 0
  1: 0
  2: 0
  3: 0
  4: 0
  5: 0
  6: 0
  7: 0
  8: 0
  9: 0
  10: 0
  11: 0
  12: 0
  13: 0
  14: 0
  15: 0
  16: 0
  17: 0
  18: 0
  19: 0
  20: 0
  21: 0
  22: 0
  23: 0
  24: 0
  25: 0
  26: 0
  27: 0
  28: 0
  29: 0
  30: 0
  31: 0
  32: 0
  33: 0
  34: 0
  35: 0
  36: 0
  37: 0
  38: 0
  39: 0
  40: 0
  41: 0
  42: 0
  43: 0
  44: 0
  45: 0
  46: 0
  47: 0
  48: 0
  49: 0
  50: 0
  51: 0
  52: 0
  53: 0
  54: 0
  55: 0
  56: 0
  57: 0
  58: 0
  59: 0
  60: 0
  61: 0
  62: 0
  63: 0
===
