# zsim stats
===
root: # Stats
 contention: # Contention simulation stats
  domain-0: # Domain stats
   time: 9479049566 # Weave simulation time
 time: # Simulator time breakdown
  init: 3062978076
  bound: 201186103356
  weave: 10548026999
  ff: 130346
 trigger: 20000 # Reason for this stats dump
 phase: 25220 # Simulated phases
 reqCycles: 0 # Requeue Cycles
 skylake: # Core stats
  skylake-0: # Core stats
   cycles: 25220096 # Simulated unhalted cycles
   cCycles: 2970253 # Cycles due to contention stalls
   instrs: 31683133 # Simulated instructions
   uops: 22933236 # issued micro-ops
   bbls: 10017366 # Basic blocks
   approxInstrs: 943595 # Instrs with approx uop decoding
   mispredBranches: 137258 # Mispredicted branches
   IdqNotDelivered: 22249843 # Stalls no uop delivered when no Bkend Stall
   IntMiscRecoveryCycles: 1108363 # Stalls waiting machine clears
   uops executed: 23513586 # Executed microoperations
  skylake-1: # Core stats
   cycles: 25196143 # Simulated unhalted cycles
   cCycles: 2970137 # Cycles due to contention stalls
   instrs: 31682203 # Simulated instructions
   uops: 22932088 # issued micro-ops
   bbls: 10017224 # Basic blocks
   approxInstrs: 943598 # Instrs with approx uop decoding
   mispredBranches: 137230 # Mispredicted branches
   IdqNotDelivered: 22226006 # Stalls no uop delivered when no Bkend Stall
   IntMiscRecoveryCycles: 1103271 # Stalls waiting machine clears
   uops executed: 23512427 # Executed microoperations
  skylake-2: # Core stats
   cycles: 25193664 # Simulated unhalted cycles
   cCycles: 2970123 # Cycles due to contention stalls
   instrs: 31679129 # Simulated instructions
   uops: 22929634 # issued micro-ops
   bbls: 10016316 # Basic blocks
   approxInstrs: 943517 # Instrs with approx uop decoding
   mispredBranches: 137216 # Mispredicted branches
   IdqNotDelivered: 22223541 # Stalls no uop delivered when no Bkend Stall
   IntMiscRecoveryCycles: 1104539 # Stalls waiting machine clears
   uops executed: 23509974 # Executed microoperations
  skylake-3: # Core stats
   cycles: 25194835 # Simulated unhalted cycles
   cCycles: 2969906 # Cycles due to contention stalls
   instrs: 31682379 # Simulated instructions
   uops: 22932102 # issued micro-ops
   bbls: 10017306 # Basic blocks
   approxInstrs: 943610 # Instrs with approx uop decoding
   mispredBranches: 137227 # Mispredicted branches
   IdqNotDelivered: 22224929 # Stalls no uop delivered when no Bkend Stall
   IntMiscRecoveryCycles: 1103689 # Stalls waiting machine clears
   uops executed: 23512452 # Executed microoperations
  skylake-4: # Core stats
   cycles: 25193143 # Simulated unhalted cycles
   cCycles: 2970588 # Cycles due to contention stalls
   instrs: 31681404 # Simulated instructions
   uops: 22931406 # issued micro-ops
   bbls: 10016997 # Basic blocks
   approxInstrs: 943582 # Instrs with approx uop decoding
   mispredBranches: 137223 # Mispredicted branches
   IdqNotDelivered: 22222555 # Stalls no uop delivered when no Bkend Stall
   IntMiscRecoveryCycles: 1103194 # Stalls waiting machine clears
   uops executed: 23511746 # Executed microoperations
  skylake-5: # Core stats
   cycles: 25192143 # Simulated unhalted cycles
   cCycles: 2969920 # Cycles due to contention stalls
   instrs: 31681866 # Simulated instructions
   uops: 22931738 # issued micro-ops
   bbls: 10017143 # Basic blocks
   approxInstrs: 943596 # Instrs with approx uop decoding
   mispredBranches: 137225 # Mispredicted branches
   IdqNotDelivered: 22222223 # Stalls no uop delivered when no Bkend Stall
   IntMiscRecoveryCycles: 1103157 # Stalls waiting machine clears
   uops executed: 23512084 # Executed microoperations
  skylake-6: # Core stats
   cycles: 25192090 # Simulated unhalted cycles
   cCycles: 2969545 # Cycles due to contention stalls
   instrs: 31682137 # Simulated instructions
   uops: 22931629 # issued micro-ops
   bbls: 10017297 # Basic blocks
   approxInstrs: 943611 # Instrs with approx uop decoding
   mispredBranches: 137225 # Mispredicted branches
   IdqNotDelivered: 22222545 # Stalls no uop delivered when no Bkend Stall
   IntMiscRecoveryCycles: 1104472 # Stalls waiting machine clears
   uops executed: 23511971 # Executed microoperations
  skylake-7: # Core stats
   cycles: 25191142 # Simulated unhalted cycles
   cCycles: 2971043 # Cycles due to contention stalls
   instrs: 31680818 # Simulated instructions
   uops: 22930681 # issued micro-ops
   bbls: 10016878 # Basic blocks
   approxInstrs: 943576 # Instrs with approx uop decoding
   mispredBranches: 137217 # Mispredicted branches
   IdqNotDelivered: 22220099 # Stalls no uop delivered when no Bkend Stall
   IntMiscRecoveryCycles: 1103830 # Stalls waiting machine clears
   uops executed: 23511025 # Executed microoperations
  skylake-8: # Core stats
   cycles: 25191142 # Simulated unhalted cycles
   cCycles: 2970535 # Cycles due to contention stalls
   instrs: 31679556 # Simulated instructions
   uops: 22930062 # issued micro-ops
   bbls: 10016413 # Basic blocks
   approxInstrs: 943526 # Instrs with approx uop decoding
   mispredBranches: 137215 # Mispredicted branches
   IdqNotDelivered: 22220607 # Stalls no uop delivered when no Bkend Stall
   IntMiscRecoveryCycles: 1103055 # Stalls waiting machine clears
   uops executed: 23510362 # Executed microoperations
  skylake-9: # Core stats
   cycles: 25190835 # Simulated unhalted cycles
   cCycles: 2970858 # Cycles due to contention stalls
   instrs: 31680506 # Simulated instructions
   uops: 22930448 # issued micro-ops
   bbls: 10016782 # Basic blocks
   approxInstrs: 943563 # Instrs with approx uop decoding
   mispredBranches: 137216 # Mispredicted branches
   IdqNotDelivered: 22219977 # Stalls no uop delivered when no Bkend Stall
   IntMiscRecoveryCycles: 1103439 # Stalls waiting machine clears
   uops executed: 23510780 # Executed microoperations
  skylake-10: # Core stats
   cycles: 25190836 # Simulated unhalted cycles
   cCycles: 2970466 # Cycles due to contention stalls
   instrs: 31680976 # Simulated instructions
   uops: 22930795 # issued micro-ops
   bbls: 10016929 # Basic blocks
   approxInstrs: 943583 # Instrs with approx uop decoding
   mispredBranches: 137218 # Mispredicted branches
   IdqNotDelivered: 22220370 # Stalls no uop delivered when no Bkend Stall
   IntMiscRecoveryCycles: 1103850 # Stalls waiting machine clears
   uops executed: 23511140 # Executed microoperations
  skylake-11: # Core stats
   cycles: 25190142 # Simulated unhalted cycles
   cCycles: 2970606 # Cycles due to contention stalls
   instrs: 31679866 # Simulated instructions
   uops: 22930185 # issued micro-ops
   bbls: 10016490 # Basic blocks
   approxInstrs: 943536 # Instrs with approx uop decoding
   mispredBranches: 137214 # Mispredicted branches
   IdqNotDelivered: 22219536 # Stalls no uop delivered when no Bkend Stall
   IntMiscRecoveryCycles: 1103767 # Stalls waiting machine clears
   uops executed: 23510578 # Executed microoperations
  skylake-12: # Core stats
   cycles: 25190143 # Simulated unhalted cycles
   cCycles: 2970663 # Cycles due to contention stalls
   instrs: 31680800 # Simulated instructions
   uops: 22930669 # issued micro-ops
   bbls: 10016872 # Basic blocks
   approxInstrs: 943576 # Instrs with approx uop decoding
   mispredBranches: 137217 # Mispredicted branches
   IdqNotDelivered: 22219480 # Stalls no uop delivered when no Bkend Stall
   IntMiscRecoveryCycles: 1103812 # Stalls waiting machine clears
   uops executed: 23511013 # Executed microoperations
  skylake-13: # Core stats
   cycles: 25189835 # Simulated unhalted cycles
   cCycles: 2969885 # Cycles due to contention stalls
   instrs: 31681953 # Simulated instructions
   uops: 22931494 # issued micro-ops
   bbls: 10017237 # Basic blocks
   approxInstrs: 943609 # Instrs with approx uop decoding
   mispredBranches: 137222 # Mispredicted branches
   IdqNotDelivered: 22219950 # Stalls no uop delivered when no Bkend Stall
   IntMiscRecoveryCycles: 1103577 # Stalls waiting machine clears
   uops executed: 23511850 # Executed microoperations
  skylake-14: # Core stats
   cycles: 25189096 # Simulated unhalted cycles
   cCycles: 2969775 # Cycles due to contention stalls
   instrs: 31681995 # Simulated instructions
   uops: 22931522 # issued micro-ops
   bbls: 10017251 # Basic blocks
   approxInstrs: 943609 # Instrs with approx uop decoding
   mispredBranches: 137222 # Mispredicted branches
   IdqNotDelivered: 22219321 # Stalls no uop delivered when no Bkend Stall
   IntMiscRecoveryCycles: 1103445 # Stalls waiting machine clears
   uops executed: 23511878 # Executed microoperations
  skylake-15: # Core stats
   cycles: 25189095 # Simulated unhalted cycles
   cCycles: 2969930 # Cycles due to contention stalls
   instrs: 31681730 # Simulated instructions
   uops: 22931335 # issued micro-ops
   bbls: 10017166 # Basic blocks
   approxInstrs: 943604 # Instrs with approx uop decoding
   mispredBranches: 137221 # Mispredicted branches
   IdqNotDelivered: 22219165 # Stalls no uop delivered when no Bkend Stall
   IntMiscRecoveryCycles: 1103241 # Stalls waiting machine clears
   uops executed: 23511689 # Executed microoperations
  skylake-16: # Core stats
   cycles: 25189143 # Simulated unhalted cycles
   cCycles: 2969930 # Cycles due to contention stalls
   instrs: 31681995 # Simulated instructions
   uops: 22931522 # issued micro-ops
   bbls: 10017251 # Basic blocks
   approxInstrs: 943609 # Instrs with approx uop decoding
   mispredBranches: 137222 # Mispredicted branches
   IdqNotDelivered: 22219213 # Stalls no uop delivered when no Bkend Stall
   IntMiscRecoveryCycles: 1103249 # Stalls waiting machine clears
   uops executed: 23511878 # Executed microoperations
  skylake-17: # Core stats
   cycles: 25189142 # Simulated unhalted cycles
   cCycles: 2970324 # Cycles due to contention stalls
   instrs: 31681244 # Simulated instructions
   uops: 22930989 # issued micro-ops
   bbls: 10017012 # Basic blocks
   approxInstrs: 943590 # Instrs with approx uop decoding
   mispredBranches: 137219 # Mispredicted branches
   IdqNotDelivered: 22218818 # Stalls no uop delivered when no Bkend Stall
   IntMiscRecoveryCycles: 1103421 # Stalls waiting machine clears
   uops executed: 23511339 # Executed microoperations
  skylake-18: # Core stats
   cycles: 25188143 # Simulated unhalted cycles
   cCycles: 2970047 # Cycles due to contention stalls
   instrs: 31680002 # Simulated instructions
   uops: 22930081 # issued micro-ops
   bbls: 10016622 # Basic blocks
   approxInstrs: 943548 # Instrs with approx uop decoding
   mispredBranches: 137213 # Mispredicted branches
   IdqNotDelivered: 22218096 # Stalls no uop delivered when no Bkend Stall
   IntMiscRecoveryCycles: 1103428 # Stalls waiting machine clears
   uops executed: 23510405 # Executed microoperations
  skylake-19: # Core stats
   cycles: 25188142 # Simulated unhalted cycles
   cCycles: 2970294 # Cycles due to contention stalls
   instrs: 31662345 # Simulated instructions
   uops: 22918528 # issued micro-ops
   bbls: 10010575 # Basic blocks
   approxInstrs: 942892 # Instrs with approx uop decoding
   mispredBranches: 137202 # Mispredicted branches
   IdqNotDelivered: 22217848 # Stalls no uop delivered when no Bkend Stall
   IntMiscRecoveryCycles: 1105371 # Stalls waiting machine clears
   uops executed: 23498528 # Executed microoperations
  skylake-20: # Core stats
   cycles: 25188142 # Simulated unhalted cycles
   cCycles: 2970832 # Cycles due to contention stalls
   instrs: 31679261 # Simulated instructions
   uops: 22929545 # issued micro-ops
   bbls: 10016387 # Basic blocks
   approxInstrs: 943527 # Instrs with approx uop decoding
   mispredBranches: 137210 # Mispredicted branches
   IdqNotDelivered: 22217310 # Stalls no uop delivered when no Bkend Stall
   IntMiscRecoveryCycles: 1103410 # Stalls waiting machine clears
   uops executed: 23509854 # Executed microoperations
  skylake-21: # Core stats
   cycles: 25188143 # Simulated unhalted cycles
   cCycles: 2970429 # Cycles due to contention stalls
   instrs: 31679897 # Simulated instructions
   uops: 22930011 # issued micro-ops
   bbls: 10016587 # Basic blocks
   approxInstrs: 943548 # Instrs with approx uop decoding
   mispredBranches: 137213 # Mispredicted branches
   IdqNotDelivered: 22217714 # Stalls no uop delivered when no Bkend Stall
   IntMiscRecoveryCycles: 1103173 # Stalls waiting machine clears
   uops executed: 23510335 # Executed microoperations
  skylake-22: # Core stats
   cycles: 25186834 # Simulated unhalted cycles
   cCycles: 2970271 # Cycles due to contention stalls
   instrs: 31677635 # Simulated instructions
   uops: 22928409 # issued micro-ops
   bbls: 10015869 # Basic blocks
   approxInstrs: 943479 # Instrs with approx uop decoding
   mispredBranches: 137201 # Mispredicted branches
   IdqNotDelivered: 22216563 # Stalls no uop delivered when no Bkend Stall
   IntMiscRecoveryCycles: 1103146 # Stalls waiting machine clears
   uops executed: 23508709 # Executed microoperations
  skylake-23: # Core stats
   cycles: 0 # Simulated unhalted cycles
   cCycles: 0 # Cycles due to contention stalls
   instrs: 0 # Simulated instructions
   uops: 0 # issued micro-ops
   bbls: 0 # Basic blocks
   approxInstrs: 0 # Instrs with approx uop decoding
   mispredBranches: 0 # Mispredicted branches
   IdqNotDelivered: 0 # Stalls no uop delivered when no Bkend Stall
   IntMiscRecoveryCycles: 0 # Stalls waiting machine clears
   uops executed: 0 # Executed microoperations
 l1d: # Cache stats
  l1d-0: # Filter cache stats
   fhGETS: 915845 # Filtered GETS hits
   fhGETX: 539639 # Filtered GETX hits
   hGETS: 158015 # GETS hits
   hGETX: 162608 # GETX hits
   mGETS: 250251 # GETS misses
   mGETXIM: 153348 # GETX I->M misses
   mGETXSM: 7 # GETX S->M misses (upgrade misses)
   PUTS: 0 # Clean evictions (from lower level)
   PUTX: 0 # Dirty evictions (from lower level)
   INV: 117 # Invalidates (from upper level)
   INVX: 90 # Downgrades (from upper level)
   FWD: 0 # Forwards (from upper level)
   latGETnl: 72221786 # GET request latency on next level
   latGETnet: 0 # GET request latency on network to next level
  l1d-1: # Filter cache stats
   fhGETS: 915578 # Filtered GETS hits
   fhGETX: 539466 # Filtered GETX hits
   hGETS: 157941 # GETS hits
   hGETX: 162583 # GETX hits
   mGETS: 250213 # GETS misses
   mGETXIM: 153307 # GETX I->M misses
   mGETXSM: 10 # GETX S->M misses (upgrade misses)
   PUTS: 0 # Clean evictions (from lower level)
   PUTX: 0 # Dirty evictions (from lower level)
   INV: 99 # Invalidates (from upper level)
   INVX: 30 # Downgrades (from upper level)
   FWD: 0 # Forwards (from upper level)
   latGETnl: 72204100 # GET request latency on next level
   latGETnet: 0 # GET request latency on network to next level
  l1d-2: # Filter cache stats
   fhGETS: 915382 # Filtered GETS hits
   fhGETX: 539351 # Filtered GETX hits
   hGETS: 157899 # GETS hits
   hGETX: 162555 # GETX hits
   mGETS: 250189 # GETS misses
   mGETXIM: 153283 # GETX I->M misses
   mGETXSM: 5 # GETX S->M misses (upgrade misses)
   PUTS: 0 # Clean evictions (from lower level)
   PUTX: 0 # Dirty evictions (from lower level)
   INV: 78 # Invalidates (from upper level)
   INVX: 4 # Downgrades (from upper level)
   FWD: 0 # Forwards (from upper level)
   latGETnl: 72195679 # GET request latency on next level
   latGETnet: 0 # GET request latency on network to next level
  l1d-3: # Filter cache stats
   fhGETS: 915527 # Filtered GETS hits
   fhGETX: 539432 # Filtered GETX hits
   hGETS: 157946 # GETS hits
   hGETX: 162588 # GETX hits
   mGETS: 250211 # GETS misses
   mGETXIM: 153304 # GETX I->M misses
   mGETXSM: 7 # GETX S->M misses (upgrade misses)
   PUTS: 0 # Clean evictions (from lower level)
   PUTX: 0 # Dirty evictions (from lower level)
   INV: 89 # Invalidates (from upper level)
   INVX: 36 # Downgrades (from upper level)
   FWD: 0 # Forwards (from upper level)
   latGETnl: 72205522 # GET request latency on next level
   latGETnet: 0 # GET request latency on network to next level
  l1d-4: # Filter cache stats
   fhGETS: 915482 # Filtered GETS hits
   fhGETX: 539401 # Filtered GETX hits
   hGETS: 157946 # GETS hits
   hGETX: 162606 # GETX hits
   mGETS: 250210 # GETS misses
   mGETXIM: 153297 # GETX I->M misses
   mGETXSM: 9 # GETX S->M misses (upgrade misses)
   PUTS: 0 # Clean evictions (from lower level)
   PUTX: 0 # Dirty evictions (from lower level)
   INV: 95 # Invalidates (from upper level)
   INVX: 20 # Downgrades (from upper level)
   FWD: 0 # Forwards (from upper level)
   latGETnl: 72201584 # GET request latency on next level
   latGETnet: 0 # GET request latency on network to next level
  l1d-5: # Filter cache stats
   fhGETS: 915520 # Filtered GETS hits
   fhGETX: 539434 # Filtered GETX hits
   hGETS: 157932 # GETS hits
   hGETX: 162577 # GETX hits
   mGETS: 250208 # GETS misses
   mGETXIM: 153303 # GETX I->M misses
   mGETXSM: 9 # GETX S->M misses (upgrade misses)
   PUTS: 0 # Clean evictions (from lower level)
   PUTX: 0 # Dirty evictions (from lower level)
   INV: 93 # Invalidates (from upper level)
   INVX: 20 # Downgrades (from upper level)
   FWD: 0 # Forwards (from upper level)
   latGETnl: 72201800 # GET request latency on next level
   latGETnet: 0 # GET request latency on network to next level
  l1d-6: # Filter cache stats
   fhGETS: 915390 # Filtered GETS hits
   fhGETX: 539351 # Filtered GETX hits
   hGETS: 157922 # GETS hits
   hGETX: 162571 # GETX hits
   mGETS: 250199 # GETS misses
   mGETXIM: 153293 # GETX I->M misses
   mGETXSM: 5 # GETX S->M misses (upgrade misses)
   PUTS: 0 # Clean evictions (from lower level)
   PUTX: 0 # Dirty evictions (from lower level)
   INV: 75 # Invalidates (from upper level)
   INVX: 6 # Downgrades (from upper level)
   FWD: 0 # Forwards (from upper level)
   latGETnl: 72200643 # GET request latency on next level
   latGETnet: 0 # GET request latency on network to next level
  l1d-7: # Filter cache stats
   fhGETS: 915334 # Filtered GETS hits
   fhGETX: 539338 # Filtered GETX hits
   hGETS: 157925 # GETS hits
   hGETX: 162561 # GETX hits
   mGETS: 250186 # GETS misses
   mGETXIM: 153292 # GETX I->M misses
   mGETXSM: 6 # GETX S->M misses (upgrade misses)
   PUTS: 0 # Clean evictions (from lower level)
   PUTX: 0 # Dirty evictions (from lower level)
   INV: 76 # Invalidates (from upper level)
   INVX: 26 # Downgrades (from upper level)
   FWD: 0 # Forwards (from upper level)
   latGETnl: 72200652 # GET request latency on next level
   latGETnet: 0 # GET request latency on network to next level
  l1d-8: # Filter cache stats
   fhGETS: 915442 # Filtered GETS hits
   fhGETX: 539386 # Filtered GETX hits
   hGETS: 157930 # GETS hits
   hGETX: 162573 # GETX hits
   mGETS: 250194 # GETS misses
   mGETXIM: 153289 # GETX I->M misses
   mGETXSM: 9 # GETX S->M misses (upgrade misses)
   PUTS: 0 # Clean evictions (from lower level)
   PUTX: 0 # Dirty evictions (from lower level)
   INV: 95 # Invalidates (from upper level)
   INVX: 18 # Downgrades (from upper level)
   FWD: 0 # Forwards (from upper level)
   latGETnl: 72196746 # GET request latency on next level
   latGETnet: 0 # GET request latency on network to next level
  l1d-9: # Filter cache stats
   fhGETS: 915341 # Filtered GETS hits
   fhGETX: 539325 # Filtered GETX hits
   hGETS: 157905 # GETS hits
   hGETX: 162567 # GETX hits
   mGETS: 250183 # GETS misses
   mGETXIM: 153285 # GETX I->M misses
   mGETXSM: 6 # GETX S->M misses (upgrade misses)
   PUTS: 0 # Clean evictions (from lower level)
   PUTX: 0 # Dirty evictions (from lower level)
   INV: 73 # Invalidates (from upper level)
   INVX: 19 # Downgrades (from upper level)
   FWD: 0 # Forwards (from upper level)
   latGETnl: 72198276 # GET request latency on next level
   latGETnet: 0 # GET request latency on network to next level
  l1d-10: # Filter cache stats
   fhGETS: 915342 # Filtered GETS hits
   fhGETX: 539332 # Filtered GETX hits
   hGETS: 157925 # GETS hits
   hGETX: 162567 # GETX hits
   mGETS: 250184 # GETS misses
   mGETXIM: 153296 # GETX I->M misses
   mGETXSM: 5 # GETX S->M misses (upgrade misses)
   PUTS: 0 # Clean evictions (from lower level)
   PUTX: 0 # Dirty evictions (from lower level)
   INV: 77 # Invalidates (from upper level)
   INVX: 24 # Downgrades (from upper level)
   FWD: 0 # Forwards (from upper level)
   latGETnl: 72200301 # GET request latency on next level
   latGETnet: 0 # GET request latency on network to next level
  l1d-11: # Filter cache stats
   fhGETS: 915463 # Filtered GETS hits
   fhGETX: 539388 # Filtered GETX hits
   hGETS: 157937 # GETS hits
   hGETX: 162568 # GETX hits
   mGETS: 250197 # GETS misses
   mGETXIM: 153295 # GETX I->M misses
   mGETXSM: 10 # GETX S->M misses (upgrade misses)
   PUTS: 0 # Clean evictions (from lower level)
   PUTX: 0 # Dirty evictions (from lower level)
   INV: 79 # Invalidates (from upper level)
   INVX: 4 # Downgrades (from upper level)
   FWD: 0 # Forwards (from upper level)
   latGETnl: 72198290 # GET request latency on next level
   latGETnet: 0 # GET request latency on network to next level
  l1d-12: # Filter cache stats
   fhGETS: 782903 # Filtered GETS hits
   fhGETX: 402227 # Filtered GETX hits
   hGETS: 290358 # GETS hits
   hGETX: 299670 # GETX hits
   mGETS: 250184 # GETS misses
   mGETXIM: 153294 # GETX I->M misses
   mGETXSM: 6 # GETX S->M misses (upgrade misses)
   PUTS: 0 # Clean evictions (from lower level)
   PUTX: 0 # Dirty evictions (from lower level)
   INV: 76 # Invalidates (from upper level)
   INVX: 7 # Downgrades (from upper level)
   FWD: 0 # Forwards (from upper level)
   latGETnl: 72197578 # GET request latency on next level
   latGETnet: 0 # GET request latency on network to next level
  l1d-13: # Filter cache stats
   fhGETS: 915387 # Filtered GETS hits
   fhGETX: 539346 # Filtered GETX hits
   hGETS: 157913 # GETS hits
   hGETX: 162582 # GETX hits
   mGETS: 250201 # GETS misses
   mGETXIM: 153286 # GETX I->M misses
   mGETXSM: 5 # GETX S->M misses (upgrade misses)
   PUTS: 0 # Clean evictions (from lower level)
   PUTX: 0 # Dirty evictions (from lower level)
   INV: 72 # Invalidates (from upper level)
   INVX: 2 # Downgrades (from upper level)
   FWD: 0 # Forwards (from upper level)
   latGETnl: 72199684 # GET request latency on next level
   latGETnet: 0 # GET request latency on network to next level
  l1d-14: # Filter cache stats
   fhGETS: 915396 # Filtered GETS hits
   fhGETX: 539359 # Filtered GETX hits
   hGETS: 157911 # GETS hits
   hGETX: 162554 # GETX hits
   mGETS: 250194 # GETS misses
   mGETXIM: 153300 # GETX I->M misses
   mGETXSM: 6 # GETX S->M misses (upgrade misses)
   PUTS: 0 # Clean evictions (from lower level)
   PUTX: 0 # Dirty evictions (from lower level)
   INV: 78 # Invalidates (from upper level)
   INVX: 2 # Downgrades (from upper level)
   FWD: 0 # Forwards (from upper level)
   latGETnl: 72199518 # GET request latency on next level
   latGETnet: 0 # GET request latency on network to next level
  l1d-15: # Filter cache stats
   fhGETS: 915381 # Filtered GETS hits
   fhGETX: 539347 # Filtered GETX hits
   hGETS: 157912 # GETS hits
   hGETX: 162572 # GETX hits
   mGETS: 250198 # GETS misses
   mGETXIM: 153290 # GETX I->M misses
   mGETXSM: 6 # GETX S->M misses (upgrade misses)
   PUTS: 0 # Clean evictions (from lower level)
   PUTX: 0 # Dirty evictions (from lower level)
   INV: 75 # Invalidates (from upper level)
   INVX: 2 # Downgrades (from upper level)
   FWD: 0 # Forwards (from upper level)
   latGETnl: 72199236 # GET request latency on next level
   latGETnet: 0 # GET request latency on network to next level
  l1d-16: # Filter cache stats
   fhGETS: 782935 # Filtered GETS hits
   fhGETX: 402235 # Filtered GETX hits
   hGETS: 290368 # GETS hits
   hGETX: 299686 # GETX hits
   mGETS: 250198 # GETS misses
   mGETXIM: 153292 # GETX I->M misses
   mGETXSM: 6 # GETX S->M misses (upgrade misses)
   PUTS: 0 # Clean evictions (from lower level)
   PUTX: 0 # Dirty evictions (from lower level)
   INV: 75 # Invalidates (from upper level)
   INVX: 2 # Downgrades (from upper level)
   FWD: 0 # Forwards (from upper level)
   latGETnl: 72199594 # GET request latency on next level
   latGETnet: 0 # GET request latency on network to next level
  l1d-17: # Filter cache stats
   fhGETS: 915373 # Filtered GETS hits
   fhGETX: 539349 # Filtered GETX hits
   hGETS: 157905 # GETS hits
   hGETX: 162557 # GETX hits
   mGETS: 250189 # GETS misses
   mGETXIM: 153295 # GETX I->M misses
   mGETXSM: 6 # GETX S->M misses (upgrade misses)
   PUTS: 0 # Clean evictions (from lower level)
   PUTX: 0 # Dirty evictions (from lower level)
   INV: 76 # Invalidates (from upper level)
   INVX: 2 # Downgrades (from upper level)
   FWD: 0 # Forwards (from upper level)
   latGETnl: 72197860 # GET request latency on next level
   latGETnet: 0 # GET request latency on network to next level
  l1d-18: # Filter cache stats
   fhGETS: 915306 # Filtered GETS hits
   fhGETX: 539309 # Filtered GETX hits
   hGETS: 157924 # GETS hits
   hGETX: 162568 # GETX hits
   mGETS: 250179 # GETS misses
   mGETXIM: 153286 # GETX I->M misses
   mGETXSM: 6 # GETX S->M misses (upgrade misses)
   PUTS: 0 # Clean evictions (from lower level)
   PUTX: 0 # Dirty evictions (from lower level)
   INV: 75 # Invalidates (from upper level)
   INVX: 2 # Downgrades (from upper level)
   FWD: 0 # Forwards (from upper level)
   latGETnl: 72195251 # GET request latency on next level
   latGETnet: 0 # GET request latency on network to next level
  l1d-19: # Filter cache stats
   fhGETS: 915702 # Filtered GETS hits
   fhGETX: 539375 # Filtered GETX hits
   hGETS: 158037 # GETS hits
   hGETX: 162497 # GETX hits
   mGETS: 250063 # GETS misses
   mGETXIM: 153188 # GETX I->M misses
   mGETXSM: 10 # GETX S->M misses (upgrade misses)
   PUTS: 0 # Clean evictions (from lower level)
   PUTX: 0 # Dirty evictions (from lower level)
   INV: 75 # Invalidates (from upper level)
   INVX: 3 # Downgrades (from upper level)
   FWD: 0 # Forwards (from upper level)
   latGETnl: 72153979 # GET request latency on next level
   latGETnet: 0 # GET request latency on network to next level
  l1d-20: # Filter cache stats
   fhGETS: 915311 # Filtered GETS hits
   fhGETX: 539307 # Filtered GETX hits
   hGETS: 157896 # GETS hits
   hGETX: 162552 # GETX hits
   mGETS: 250175 # GETS misses
   mGETXIM: 153283 # GETX I->M misses
   mGETXSM: 6 # GETX S->M misses (upgrade misses)
   PUTS: 0 # Clean evictions (from lower level)
   PUTX: 0 # Dirty evictions (from lower level)
   INV: 76 # Invalidates (from upper level)
   INVX: 2 # Downgrades (from upper level)
   FWD: 0 # Forwards (from upper level)
   latGETnl: 72193470 # GET request latency on next level
   latGETnet: 0 # GET request latency on network to next level
  l1d-21: # Filter cache stats
   fhGETS: 915328 # Filtered GETS hits
   fhGETX: 539322 # Filtered GETX hits
   hGETS: 157901 # GETS hits
   hGETX: 162556 # GETX hits
   mGETS: 250180 # GETS misses
   mGETXIM: 153285 # GETX I->M misses
   mGETXSM: 6 # GETX S->M misses (upgrade misses)
   PUTS: 0 # Clean evictions (from lower level)
   PUTX: 0 # Dirty evictions (from lower level)
   INV: 76 # Invalidates (from upper level)
   INVX: 2 # Downgrades (from upper level)
   FWD: 0 # Forwards (from upper level)
   latGETnl: 72194723 # GET request latency on next level
   latGETnet: 0 # GET request latency on network to next level
  l1d-22: # Filter cache stats
   fhGETS: 915280 # Filtered GETS hits
   fhGETX: 539290 # Filtered GETX hits
   hGETS: 157886 # GETS hits
   hGETX: 162539 # GETX hits
   mGETS: 250167 # GETS misses
   mGETXIM: 153278 # GETX I->M misses
   mGETXSM: 8 # GETX S->M misses (upgrade misses)
   PUTS: 0 # Clean evictions (from lower level)
   PUTX: 0 # Dirty evictions (from lower level)
   INV: 81 # Invalidates (from upper level)
   INVX: 7 # Downgrades (from upper level)
   FWD: 0 # Forwards (from upper level)
   latGETnl: 72190633 # GET request latency on next level
   latGETnet: 0 # GET request latency on network to next level
  l1d-23: # Filter cache stats
   fhGETS: 0 # Filtered GETS hits
   fhGETX: 0 # Filtered GETX hits
   hGETS: 0 # GETS hits
   hGETX: 0 # GETX hits
   mGETS: 0 # GETS misses
   mGETXIM: 0 # GETX I->M misses
   mGETXSM: 0 # GETX S->M misses (upgrade misses)
   PUTS: 0 # Clean evictions (from lower level)
   PUTX: 0 # Dirty evictions (from lower level)
   INV: 0 # Invalidates (from upper level)
   INVX: 0 # Downgrades (from upper level)
   FWD: 0 # Forwards (from upper level)
   latGETnl: 0 # GET request latency on next level
   latGETnet: 0 # GET request latency on network to next level
 l1i: # Cache stats
  l1i-0: # Filter cache stats
   fhGETS: 10734787 # Filtered GETS hits
   fhGETX: 0 # Filtered GETX hits
   hGETS: 80581 # GETS hits
   hGETX: 0 # GETX hits
   mGETS: 827 # GETS misses
   mGETXIM: 0 # GETX I->M misses
   mGETXSM: 0 # GETX S->M misses (upgrade misses)
   PUTS: 0 # Clean evictions (from lower level)
   PUTX: 0 # Dirty evictions (from lower level)
   INV: 803 # Invalidates (from upper level)
   INVX: 0 # Downgrades (from upper level)
   FWD: 0 # Forwards (from upper level)
   latGETnl: 62761 # GET request latency on next level
   latGETnet: 0 # GET request latency on network to next level
  l1i-1: # Filter cache stats
   fhGETS: 10734713 # Filtered GETS hits
   fhGETX: 0 # Filtered GETX hits
   hGETS: 80567 # GETS hits
   hGETX: 0 # GETX hits
   mGETS: 744 # GETS misses
   mGETXIM: 0 # GETX I->M misses
   mGETXSM: 0 # GETX S->M misses (upgrade misses)
   PUTS: 0 # Clean evictions (from lower level)
   PUTX: 0 # Dirty evictions (from lower level)
   INV: 721 # Invalidates (from upper level)
   INVX: 0 # Downgrades (from upper level)
   FWD: 0 # Forwards (from upper level)
   latGETnl: 38400 # GET request latency on next level
   latGETnet: 0 # GET request latency on network to next level
  l1i-2: # Filter cache stats
   fhGETS: 10733684 # Filtered GETS hits
   fhGETX: 0 # Filtered GETX hits
   hGETS: 80562 # GETS hits
   hGETX: 0 # GETX hits
   mGETS: 767 # GETS misses
   mGETXIM: 0 # GETX I->M misses
   mGETXSM: 0 # GETX S->M misses (upgrade misses)
   PUTS: 0 # Clean evictions (from lower level)
   PUTX: 0 # Dirty evictions (from lower level)
   INV: 744 # Invalidates (from upper level)
   INVX: 0 # Downgrades (from upper level)
   FWD: 0 # Forwards (from upper level)
   latGETnl: 41725 # GET request latency on next level
   latGETnet: 0 # GET request latency on network to next level
  l1i-3: # Filter cache stats
   fhGETS: 10734781 # Filtered GETS hits
   fhGETX: 0 # Filtered GETX hits
   hGETS: 80562 # GETS hits
   hGETX: 0 # GETX hits
   mGETS: 743 # GETS misses
   mGETXIM: 0 # GETX I->M misses
   mGETXSM: 0 # GETX S->M misses (upgrade misses)
   PUTS: 0 # Clean evictions (from lower level)
   PUTX: 0 # Dirty evictions (from lower level)
   INV: 720 # Invalidates (from upper level)
   INVX: 0 # Downgrades (from upper level)
   FWD: 0 # Forwards (from upper level)
   latGETnl: 38353 # GET request latency on next level
   latGETnet: 0 # GET request latency on network to next level
  l1i-4: # Filter cache stats
   fhGETS: 10734471 # Filtered GETS hits
   fhGETX: 0 # Filtered GETX hits
   hGETS: 80558 # GETS hits
   hGETX: 0 # GETX hits
   mGETS: 745 # GETS misses
   mGETXIM: 0 # GETX I->M misses
   mGETXSM: 0 # GETX S->M misses (upgrade misses)
   PUTS: 0 # Clean evictions (from lower level)
   PUTX: 0 # Dirty evictions (from lower level)
   INV: 722 # Invalidates (from upper level)
   INVX: 0 # Downgrades (from upper level)
   FWD: 0 # Forwards (from upper level)
   latGETnl: 35543 # GET request latency on next level
   latGETnet: 0 # GET request latency on network to next level
  l1i-5: # Filter cache stats
   fhGETS: 10734615 # Filtered GETS hits
   fhGETX: 0 # Filtered GETX hits
   hGETS: 80565 # GETS hits
   hGETX: 0 # GETX hits
   mGETS: 746 # GETS misses
   mGETXIM: 0 # GETX I->M misses
   mGETXSM: 0 # GETX S->M misses (upgrade misses)
   PUTS: 0 # Clean evictions (from lower level)
   PUTX: 0 # Dirty evictions (from lower level)
   INV: 723 # Invalidates (from upper level)
   INVX: 0 # Downgrades (from upper level)
   FWD: 0 # Forwards (from upper level)
   latGETnl: 35326 # GET request latency on next level
   latGETnet: 0 # GET request latency on network to next level
  l1i-6: # Filter cache stats
   fhGETS: 10734772 # Filtered GETS hits
   fhGETX: 0 # Filtered GETX hits
   hGETS: 80572 # GETS hits
   hGETX: 0 # GETX hits
   mGETS: 729 # GETS misses
   mGETXIM: 0 # GETX I->M misses
   mGETXSM: 0 # GETX S->M misses (upgrade misses)
   PUTS: 0 # Clean evictions (from lower level)
   PUTX: 0 # Dirty evictions (from lower level)
   INV: 701 # Invalidates (from upper level)
   INVX: 0 # Downgrades (from upper level)
   FWD: 0 # Forwards (from upper level)
   latGETnl: 38355 # GET request latency on next level
   latGETnet: 0 # GET request latency on network to next level
  l1i-7: # Filter cache stats
   fhGETS: 10734317 # Filtered GETS hits
   fhGETX: 0 # Filtered GETX hits
   hGETS: 80556 # GETS hits
   hGETX: 0 # GETX hits
   mGETS: 726 # GETS misses
   mGETXIM: 0 # GETX I->M misses
   mGETXSM: 0 # GETX S->M misses (upgrade misses)
   PUTS: 0 # Clean evictions (from lower level)
   PUTX: 0 # Dirty evictions (from lower level)
   INV: 703 # Invalidates (from upper level)
   INVX: 0 # Downgrades (from upper level)
   FWD: 0 # Forwards (from upper level)
   latGETnl: 36234 # GET request latency on next level
   latGETnet: 0 # GET request latency on network to next level
  l1i-8: # Filter cache stats
   fhGETS: 10733845 # Filtered GETS hits
   fhGETX: 0 # Filtered GETX hits
   hGETS: 80559 # GETS hits
   hGETX: 0 # GETX hits
   mGETS: 743 # GETS misses
   mGETXIM: 0 # GETX I->M misses
   mGETXSM: 0 # GETX S->M misses (upgrade misses)
   PUTS: 0 # Clean evictions (from lower level)
   PUTX: 0 # Dirty evictions (from lower level)
   INV: 720 # Invalidates (from upper level)
   INVX: 0 # Downgrades (from upper level)
   FWD: 0 # Forwards (from upper level)
   latGETnl: 34921 # GET request latency on next level
   latGETnet: 0 # GET request latency on network to next level
  l1i-9: # Filter cache stats
   fhGETS: 10734233 # Filtered GETS hits
   fhGETX: 0 # Filtered GETX hits
   hGETS: 80560 # GETS hits
   hGETX: 0 # GETX hits
   mGETS: 731 # GETS misses
   mGETXIM: 0 # GETX I->M misses
   mGETXSM: 0 # GETX S->M misses (upgrade misses)
   PUTS: 0 # Clean evictions (from lower level)
   PUTX: 0 # Dirty evictions (from lower level)
   INV: 708 # Invalidates (from upper level)
   INVX: 0 # Downgrades (from upper level)
   FWD: 0 # Forwards (from upper level)
   latGETnl: 35809 # GET request latency on next level
   latGETnet: 0 # GET request latency on network to next level
  l1i-10: # Filter cache stats
   fhGETS: 10734367 # Filtered GETS hits
   fhGETX: 0 # Filtered GETX hits
   hGETS: 80557 # GETS hits
   hGETX: 0 # GETX hits
   mGETS: 726 # GETS misses
   mGETXIM: 0 # GETX I->M misses
   mGETXSM: 0 # GETX S->M misses (upgrade misses)
   PUTS: 0 # Clean evictions (from lower level)
   PUTX: 0 # Dirty evictions (from lower level)
   INV: 703 # Invalidates (from upper level)
   INVX: 0 # Downgrades (from upper level)
   FWD: 0 # Forwards (from upper level)
   latGETnl: 35970 # GET request latency on next level
   latGETnet: 0 # GET request latency on network to next level
  l1i-11: # Filter cache stats
   fhGETS: 10733847 # Filtered GETS hits
   fhGETX: 0 # Filtered GETX hits
   hGETS: 80653 # GETS hits
   hGETX: 0 # GETX hits
   mGETS: 726 # GETS misses
   mGETXIM: 0 # GETX I->M misses
   mGETXSM: 0 # GETX S->M misses (upgrade misses)
   PUTS: 0 # Clean evictions (from lower level)
   PUTX: 0 # Dirty evictions (from lower level)
   INV: 703 # Invalidates (from upper level)
   INVX: 0 # Downgrades (from upper level)
   FWD: 0 # Forwards (from upper level)
   latGETnl: 35442 # GET request latency on next level
   latGETnet: 0 # GET request latency on network to next level
  l1i-12: # Filter cache stats
   fhGETS: 10734332 # Filtered GETS hits
   fhGETX: 0 # Filtered GETX hits
   hGETS: 80558 # GETS hits
   hGETX: 0 # GETX hits
   mGETS: 731 # GETS misses
   mGETXIM: 0 # GETX I->M misses
   mGETXSM: 0 # GETX S->M misses (upgrade misses)
   PUTS: 0 # Clean evictions (from lower level)
   PUTX: 0 # Dirty evictions (from lower level)
   INV: 708 # Invalidates (from upper level)
   INVX: 0 # Downgrades (from upper level)
   FWD: 0 # Forwards (from upper level)
   latGETnl: 35413 # GET request latency on next level
   latGETnet: 0 # GET request latency on network to next level
  l1i-13: # Filter cache stats
   fhGETS: 10734717 # Filtered GETS hits
   fhGETX: 0 # Filtered GETX hits
   hGETS: 80562 # GETS hits
   hGETX: 0 # GETX hits
   mGETS: 735 # GETS misses
   mGETXIM: 0 # GETX I->M misses
   mGETXSM: 0 # GETX S->M misses (upgrade misses)
   PUTS: 0 # Clean evictions (from lower level)
   PUTX: 0 # Dirty evictions (from lower level)
   INV: 712 # Invalidates (from upper level)
   INVX: 0 # Downgrades (from upper level)
   FWD: 0 # Forwards (from upper level)
   latGETnl: 34941 # GET request latency on next level
   latGETnet: 0 # GET request latency on network to next level
  l1i-14: # Filter cache stats
   fhGETS: 10734729 # Filtered GETS hits
   fhGETX: 0 # Filtered GETX hits
   hGETS: 80569 # GETS hits
   hGETX: 0 # GETX hits
   mGETS: 730 # GETS misses
   mGETXIM: 0 # GETX I->M misses
   mGETXSM: 0 # GETX S->M misses (upgrade misses)
   PUTS: 0 # Clean evictions (from lower level)
   PUTX: 0 # Dirty evictions (from lower level)
   INV: 707 # Invalidates (from upper level)
   INVX: 0 # Downgrades (from upper level)
   FWD: 0 # Forwards (from upper level)
   latGETnl: 34310 # GET request latency on next level
   latGETnet: 0 # GET request latency on network to next level
  l1i-15: # Filter cache stats
   fhGETS: 10734648 # Filtered GETS hits
   fhGETX: 0 # Filtered GETX hits
   hGETS: 80558 # GETS hits
   hGETX: 0 # GETX hits
   mGETS: 728 # GETS misses
   mGETXIM: 0 # GETX I->M misses
   mGETXSM: 0 # GETX S->M misses (upgrade misses)
   PUTS: 0 # Clean evictions (from lower level)
   PUTX: 0 # Dirty evictions (from lower level)
   INV: 705 # Invalidates (from upper level)
   INVX: 0 # Downgrades (from upper level)
   FWD: 0 # Forwards (from upper level)
   latGETnl: 34216 # GET request latency on next level
   latGETnet: 0 # GET request latency on network to next level
  l1i-16: # Filter cache stats
   fhGETS: 10734744 # Filtered GETS hits
   fhGETX: 0 # Filtered GETX hits
   hGETS: 80556 # GETS hits
   hGETX: 0 # GETX hits
   mGETS: 724 # GETS misses
   mGETXIM: 0 # GETX I->M misses
   mGETXSM: 0 # GETX S->M misses (upgrade misses)
   PUTS: 0 # Clean evictions (from lower level)
   PUTX: 0 # Dirty evictions (from lower level)
   INV: 701 # Invalidates (from upper level)
   INVX: 0 # Downgrades (from upper level)
   FWD: 0 # Forwards (from upper level)
   latGETnl: 34160 # GET request latency on next level
   latGETnet: 0 # GET request latency on network to next level
  l1i-17: # Filter cache stats
   fhGETS: 10734479 # Filtered GETS hits
   fhGETX: 0 # Filtered GETX hits
   hGETS: 80560 # GETS hits
   hGETX: 0 # GETX hits
   mGETS: 733 # GETS misses
   mGETXIM: 0 # GETX I->M misses
   mGETXSM: 0 # GETX S->M misses (upgrade misses)
   PUTS: 0 # Clean evictions (from lower level)
   PUTX: 0 # Dirty evictions (from lower level)
   INV: 710 # Invalidates (from upper level)
   INVX: 0 # Downgrades (from upper level)
   FWD: 0 # Forwards (from upper level)
   latGETnl: 34451 # GET request latency on next level
   latGETnet: 0 # GET request latency on network to next level
  l1i-18: # Filter cache stats
   fhGETS: 10734064 # Filtered GETS hits
   fhGETX: 0 # Filtered GETX hits
   hGETS: 80560 # GETS hits
   hGETX: 0 # GETX hits
   mGETS: 726 # GETS misses
   mGETXIM: 0 # GETX I->M misses
   mGETXSM: 0 # GETX S->M misses (upgrade misses)
   PUTS: 0 # Clean evictions (from lower level)
   PUTX: 0 # Dirty evictions (from lower level)
   INV: 703 # Invalidates (from upper level)
   INVX: 0 # Downgrades (from upper level)
   FWD: 0 # Forwards (from upper level)
   latGETnl: 34122 # GET request latency on next level
   latGETnet: 0 # GET request latency on network to next level
  l1i-19: # Filter cache stats
   fhGETS: 10727727 # Filtered GETS hits
   fhGETX: 0 # Filtered GETX hits
   hGETS: 80585 # GETS hits
   hGETX: 0 # GETX hits
   mGETS: 796 # GETS misses
   mGETXIM: 0 # GETX I->M misses
   mGETXSM: 0 # GETX S->M misses (upgrade misses)
   PUTS: 0 # Clean evictions (from lower level)
   PUTX: 0 # Dirty evictions (from lower level)
   INV: 773 # Invalidates (from upper level)
   INVX: 0 # Downgrades (from upper level)
   FWD: 0 # Forwards (from upper level)
   latGETnl: 44672 # GET request latency on next level
   latGETnet: 0 # GET request latency on network to next level
  l1i-20: # Filter cache stats
   fhGETS: 10733808 # Filtered GETS hits
   fhGETX: 0 # Filtered GETX hits
   hGETS: 80564 # GETS hits
   hGETX: 0 # GETX hits
   mGETS: 728 # GETS misses
   mGETXIM: 0 # GETX I->M misses
   mGETXSM: 0 # GETX S->M misses (upgrade misses)
   PUTS: 0 # Clean evictions (from lower level)
   PUTX: 0 # Dirty evictions (from lower level)
   INV: 705 # Invalidates (from upper level)
   INVX: 0 # Downgrades (from upper level)
   FWD: 0 # Forwards (from upper level)
   latGETnl: 34216 # GET request latency on next level
   latGETnet: 0 # GET request latency on network to next level
  l1i-21: # Filter cache stats
   fhGETS: 10734024 # Filtered GETS hits
   fhGETX: 0 # Filtered GETX hits
   hGETS: 80557 # GETS hits
   hGETX: 0 # GETX hits
   mGETS: 724 # GETS misses
   mGETXIM: 0 # GETX I->M misses
   mGETXSM: 0 # GETX S->M misses (upgrade misses)
   PUTS: 0 # Clean evictions (from lower level)
   PUTX: 0 # Dirty evictions (from lower level)
   INV: 701 # Invalidates (from upper level)
   INVX: 0 # Downgrades (from upper level)
   FWD: 0 # Forwards (from upper level)
   latGETnl: 34028 # GET request latency on next level
   latGETnet: 0 # GET request latency on network to next level
  l1i-22: # Filter cache stats
   fhGETS: 10733237 # Filtered GETS hits
   fhGETX: 0 # Filtered GETX hits
   hGETS: 80562 # GETS hits
   hGETX: 0 # GETX hits
   mGETS: 735 # GETS misses
   mGETXIM: 0 # GETX I->M misses
   mGETXSM: 0 # GETX S->M misses (upgrade misses)
   PUTS: 0 # Clean evictions (from lower level)
   PUTX: 0 # Dirty evictions (from lower level)
   INV: 712 # Invalidates (from upper level)
   INVX: 0 # Downgrades (from upper level)
   FWD: 0 # Forwards (from upper level)
   latGETnl: 34677 # GET request latency on next level
   latGETnet: 0 # GET request latency on network to next level
  l1i-23: # Filter cache stats
   fhGETS: 0 # Filtered GETS hits
   fhGETX: 0 # Filtered GETX hits
   hGETS: 0 # GETS hits
   hGETX: 0 # GETX hits
   mGETS: 0 # GETS misses
   mGETXIM: 0 # GETX I->M misses
   mGETXSM: 0 # GETX S->M misses (upgrade misses)
   PUTS: 0 # Clean evictions (from lower level)
   PUTX: 0 # Dirty evictions (from lower level)
   INV: 0 # Invalidates (from upper level)
   INVX: 0 # Downgrades (from upper level)
   FWD: 0 # Forwards (from upper level)
   latGETnl: 0 # GET request latency on next level
   latGETnet: 0 # GET request latency on network to next level
 l2: # Cache stats
  l2-0: # Cache stats
   hGETS: 0 # GETS hits
   hGETX: 0 # GETX hits
   mGETS: 251078 # GETS misses
   mGETXIM: 153348 # GETX I->M misses
   mGETXSM: 7 # GETX S->M misses (upgrade misses)
   PUTS: 249875 # Clean evictions (from lower level)
   PUTX: 153096 # Dirty evictions (from lower level)
   INV: 79119 # Invalidates (from upper level)
   INVX: 92 # Downgrades (from upper level)
   FWD: 0 # Forwards (from upper level)
   latGETnl: 68240217 # GET request latency on next level
   latGETnet: 0 # GET request latency on network to next level
  l2-1: # Cache stats
   hGETS: 0 # GETS hits
   hGETX: 0 # GETX hits
   mGETS: 250957 # GETS misses
   mGETXIM: 153307 # GETX I->M misses
   mGETXSM: 10 # GETX S->M misses (upgrade misses)
   PUTS: 249835 # Clean evictions (from lower level)
   PUTX: 153074 # Dirty evictions (from lower level)
   INV: 46364 # Invalidates (from upper level)
   INVX: 30 # Downgrades (from upper level)
   FWD: 0 # Forwards (from upper level)
   latGETnl: 68199760 # GET request latency on next level
   latGETnet: 0 # GET request latency on network to next level
  l2-2: # Cache stats
   hGETS: 0 # GETS hits
   hGETX: 0 # GETX hits
   mGETS: 250956 # GETS misses
   mGETXIM: 153283 # GETX I->M misses
   mGETXSM: 5 # GETX S->M misses (upgrade misses)
   PUTS: 249814 # Clean evictions (from lower level)
   PUTX: 153068 # Dirty evictions (from lower level)
   INV: 104519 # Invalidates (from upper level)
   INVX: 5 # Downgrades (from upper level)
   FWD: 0 # Forwards (from upper level)
   latGETnl: 68194964 # GET request latency on next level
   latGETnet: 0 # GET request latency on network to next level
  l2-3: # Cache stats
   hGETS: 0 # GETS hits
   hGETX: 0 # GETX hits
   mGETS: 250954 # GETS misses
   mGETXIM: 153304 # GETX I->M misses
   mGETXSM: 7 # GETX S->M misses (upgrade misses)
   PUTS: 249837 # Clean evictions (from lower level)
   PUTX: 153077 # Dirty evictions (from lower level)
   INV: 39230 # Invalidates (from upper level)
   INVX: 36 # Downgrades (from upper level)
   FWD: 0 # Forwards (from upper level)
   latGETnl: 68201225 # GET request latency on next level
   latGETnet: 0 # GET request latency on network to next level
  l2-4: # Cache stats
   hGETS: 0 # GETS hits
   hGETX: 0 # GETX hits
   mGETS: 250955 # GETS misses
   mGETXIM: 153297 # GETX I->M misses
   mGETXSM: 9 # GETX S->M misses (upgrade misses)
   PUTS: 249830 # Clean evictions (from lower level)
   PUTX: 153070 # Dirty evictions (from lower level)
   INV: 40175 # Invalidates (from upper level)
   INVX: 20 # Downgrades (from upper level)
   FWD: 0 # Forwards (from upper level)
   latGETnl: 68194517 # GET request latency on next level
   latGETnet: 0 # GET request latency on network to next level
  l2-5: # Cache stats
   hGETS: 0 # GETS hits
   hGETX: 0 # GETX hits
   mGETS: 250954 # GETS misses
   mGETXIM: 153303 # GETX I->M misses
   mGETXSM: 9 # GETX S->M misses (upgrade misses)
   PUTS: 249833 # Clean evictions (from lower level)
   PUTX: 153073 # Dirty evictions (from lower level)
   INV: 42032 # Invalidates (from upper level)
   INVX: 20 # Downgrades (from upper level)
   FWD: 0 # Forwards (from upper level)
   latGETnl: 68194466 # GET request latency on next level
   latGETnet: 0 # GET request latency on network to next level
  l2-6: # Cache stats
   hGETS: 0 # GETS hits
   hGETX: 0 # GETX hits
   mGETS: 250928 # GETS misses
   mGETXIM: 153293 # GETX I->M misses
   mGETXSM: 5 # GETX S->M misses (upgrade misses)
   PUTS: 249827 # Clean evictions (from lower level)
   PUTX: 153078 # Dirty evictions (from lower level)
   INV: 44345 # Invalidates (from upper level)
   INVX: 6 # Downgrades (from upper level)
   FWD: 0 # Forwards (from upper level)
   latGETnl: 68196738 # GET request latency on next level
   latGETnet: 0 # GET request latency on network to next level
  l2-7: # Cache stats
   hGETS: 0 # GETS hits
   hGETX: 0 # GETX hits
   mGETS: 250912 # GETS misses
   mGETXIM: 153292 # GETX I->M misses
   mGETXSM: 6 # GETX S->M misses (upgrade misses)
   PUTS: 249819 # Clean evictions (from lower level)
   PUTX: 153071 # Dirty evictions (from lower level)
   INV: 50181 # Invalidates (from upper level)
   INVX: 26 # Downgrades (from upper level)
   FWD: 0 # Forwards (from upper level)
   latGETnl: 68194786 # GET request latency on next level
   latGETnet: 0 # GET request latency on network to next level
  l2-8: # Cache stats
   hGETS: 0 # GETS hits
   hGETX: 0 # GETX hits
   mGETS: 250937 # GETS misses
   mGETXIM: 153289 # GETX I->M misses
   mGETXSM: 9 # GETX S->M misses (upgrade misses)
   PUTS: 249815 # Clean evictions (from lower level)
   PUTX: 153061 # Dirty evictions (from lower level)
   INV: 80135 # Invalidates (from upper level)
   INVX: 19 # Downgrades (from upper level)
   FWD: 0 # Forwards (from upper level)
   latGETnl: 68189317 # GET request latency on next level
   latGETnet: 0 # GET request latency on network to next level
  l2-9: # Cache stats
   hGETS: 0 # GETS hits
   hGETX: 0 # GETX hits
   mGETS: 250914 # GETS misses
   mGETXIM: 153285 # GETX I->M misses
   mGETXSM: 6 # GETX S->M misses (upgrade misses)
   PUTS: 249816 # Clean evictions (from lower level)
   PUTX: 153067 # Dirty evictions (from lower level)
   INV: 79632 # Invalidates (from upper level)
   INVX: 19 # Downgrades (from upper level)
   FWD: 0 # Forwards (from upper level)
   latGETnl: 68192035 # GET request latency on next level
   latGETnet: 0 # GET request latency on network to next level
  l2-10: # Cache stats
   hGETS: 0 # GETS hits
   hGETX: 0 # GETX hits
   mGETS: 250910 # GETS misses
   mGETXIM: 153296 # GETX I->M misses
   mGETXSM: 5 # GETX S->M misses (upgrade misses)
   PUTS: 249821 # Clean evictions (from lower level)
   PUTX: 153070 # Dirty evictions (from lower level)
   INV: 38425 # Invalidates (from upper level)
   INVX: 24 # Downgrades (from upper level)
   FWD: 0 # Forwards (from upper level)
   latGETnl: 68194161 # GET request latency on next level
   latGETnet: 0 # GET request latency on network to next level
  l2-11: # Cache stats
   hGETS: 2 # GETS hits
   hGETX: 0 # GETX hits
   mGETS: 250921 # GETS misses
   mGETXIM: 153295 # GETX I->M misses
   mGETXSM: 10 # GETX S->M misses (upgrade misses)
   PUTS: 249820 # Clean evictions (from lower level)
   PUTX: 153081 # Dirty evictions (from lower level)
   INV: 107169 # Invalidates (from upper level)
   INVX: 4 # Downgrades (from upper level)
   FWD: 0 # Forwards (from upper level)
   latGETnl: 68191452 # GET request latency on next level
   latGETnet: 0 # GET request latency on network to next level
  l2-12: # Cache stats
   hGETS: 0 # GETS hits
   hGETX: 0 # GETX hits
   mGETS: 250915 # GETS misses
   mGETXIM: 153294 # GETX I->M misses
   mGETXSM: 6 # GETX S->M misses (upgrade misses)
   PUTS: 249819 # Clean evictions (from lower level)
   PUTX: 153071 # Dirty evictions (from lower level)
   INV: 39290 # Invalidates (from upper level)
   INVX: 7 # Downgrades (from upper level)
   FWD: 0 # Forwards (from upper level)
   latGETnl: 68190841 # GET request latency on next level
   latGETnet: 0 # GET request latency on network to next level
  l2-13: # Cache stats
   hGETS: 0 # GETS hits
   hGETX: 0 # GETX hits
   mGETS: 250936 # GETS misses
   mGETXIM: 153286 # GETX I->M misses
   mGETXSM: 5 # GETX S->M misses (upgrade misses)
   PUTS: 249825 # Clean evictions (from lower level)
   PUTX: 153078 # Dirty evictions (from lower level)
   INV: 37612 # Invalidates (from upper level)
   INVX: 2 # Downgrades (from upper level)
   FWD: 0 # Forwards (from upper level)
   latGETnl: 68192355 # GET request latency on next level
   latGETnet: 0 # GET request latency on network to next level
  l2-14: # Cache stats
   hGETS: 0 # GETS hits
   hGETX: 0 # GETX hits
   mGETS: 250924 # GETS misses
   mGETXIM: 153300 # GETX I->M misses
   mGETXSM: 6 # GETX S->M misses (upgrade misses)
   PUTS: 249827 # Clean evictions (from lower level)
   PUTX: 153077 # Dirty evictions (from lower level)
   INV: 77426 # Invalidates (from upper level)
   INVX: 2 # Downgrades (from upper level)
   FWD: 0 # Forwards (from upper level)
   latGETnl: 68191528 # GET request latency on next level
   latGETnet: 0 # GET request latency on network to next level
  l2-15: # Cache stats
   hGETS: 0 # GETS hits
   hGETX: 0 # GETX hits
   mGETS: 250926 # GETS misses
   mGETXIM: 153290 # GETX I->M misses
   mGETXSM: 6 # GETX S->M misses (upgrade misses)
   PUTS: 249826 # Clean evictions (from lower level)
   PUTX: 153075 # Dirty evictions (from lower level)
   INV: 60532 # Invalidates (from upper level)
   INVX: 2 # Downgrades (from upper level)
   FWD: 0 # Forwards (from upper level)
   latGETnl: 68191232 # GET request latency on next level
   latGETnet: 0 # GET request latency on network to next level
  l2-16: # Cache stats
   hGETS: 0 # GETS hits
   hGETX: 0 # GETX hits
   mGETS: 250922 # GETS misses
   mGETXIM: 153292 # GETX I->M misses
   mGETXSM: 6 # GETX S->M misses (upgrade misses)
   PUTS: 249825 # Clean evictions (from lower level)
   PUTX: 153078 # Dirty evictions (from lower level)
   INV: 39266 # Invalidates (from upper level)
   INVX: 2 # Downgrades (from upper level)
   FWD: 0 # Forwards (from upper level)
   latGETnl: 68191554 # GET request latency on next level
   latGETnet: 0 # GET request latency on network to next level
  l2-17: # Cache stats
   hGETS: 0 # GETS hits
   hGETX: 0 # GETX hits
   mGETS: 250922 # GETS misses
   mGETXIM: 153295 # GETX I->M misses
   mGETXSM: 6 # GETX S->M misses (upgrade misses)
   PUTS: 249821 # Clean evictions (from lower level)
   PUTX: 153075 # Dirty evictions (from lower level)
   INV: 40573 # Invalidates (from upper level)
   INVX: 2 # Downgrades (from upper level)
   FWD: 0 # Forwards (from upper level)
   latGETnl: 68190081 # GET request latency on next level
   latGETnet: 0 # GET request latency on network to next level
  l2-18: # Cache stats
   hGETS: 0 # GETS hits
   hGETX: 0 # GETX hits
   mGETS: 250905 # GETS misses
   mGETXIM: 153286 # GETX I->M misses
   mGETXSM: 6 # GETX S->M misses (upgrade misses)
   PUTS: 249813 # Clean evictions (from lower level)
   PUTX: 153065 # Dirty evictions (from lower level)
   INV: 38340 # Invalidates (from upper level)
   INVX: 2 # Downgrades (from upper level)
   FWD: 0 # Forwards (from upper level)
   latGETnl: 68187403 # GET request latency on next level
   latGETnet: 0 # GET request latency on network to next level
  l2-19: # Cache stats
   hGETS: 0 # GETS hits
   hGETX: 0 # GETX hits
   mGETS: 250859 # GETS misses
   mGETXIM: 153188 # GETX I->M misses
   mGETXSM: 10 # GETX S->M misses (upgrade misses)
   PUTS: 249692 # Clean evictions (from lower level)
   PUTX: 152972 # Dirty evictions (from lower level)
   INV: 52911 # Invalidates (from upper level)
   INVX: 3 # Downgrades (from upper level)
   FWD: 0 # Forwards (from upper level)
   latGETnl: 68158081 # GET request latency on next level
   latGETnet: 0 # GET request latency on network to next level
  l2-20: # Cache stats
   hGETS: 0 # GETS hits
   hGETX: 0 # GETX hits
   mGETS: 250903 # GETS misses
   mGETXIM: 153283 # GETX I->M misses
   mGETXSM: 6 # GETX S->M misses (upgrade misses)
   PUTS: 249809 # Clean evictions (from lower level)
   PUTX: 153061 # Dirty evictions (from lower level)
   INV: 59396 # Invalidates (from upper level)
   INVX: 2 # Downgrades (from upper level)
   FWD: 0 # Forwards (from upper level)
   latGETnl: 68185766 # GET request latency on next level
   latGETnet: 0 # GET request latency on network to next level
  l2-21: # Cache stats
   hGETS: 0 # GETS hits
   hGETX: 0 # GETX hits
   mGETS: 250904 # GETS misses
   mGETXIM: 153285 # GETX I->M misses
   mGETXSM: 6 # GETX S->M misses (upgrade misses)
   PUTS: 249813 # Clean evictions (from lower level)
   PUTX: 153064 # Dirty evictions (from lower level)
   INV: 39632 # Invalidates (from upper level)
   INVX: 2 # Downgrades (from upper level)
   FWD: 0 # Forwards (from upper level)
   latGETnl: 68186801 # GET request latency on next level
   latGETnet: 0 # GET request latency on network to next level
  l2-22: # Cache stats
   hGETS: 0 # GETS hits
   hGETX: 0 # GETX hits
   mGETS: 250902 # GETS misses
   mGETXIM: 153278 # GETX I->M misses
   mGETXSM: 8 # GETX S->M misses (upgrade misses)
   PUTS: 249795 # Clean evictions (from lower level)
   PUTX: 153057 # Dirty evictions (from lower level)
   INV: 44189 # Invalidates (from upper level)
   INVX: 7 # Downgrades (from upper level)
   FWD: 0 # Forwards (from upper level)
   latGETnl: 68183430 # GET request latency on next level
   latGETnet: 0 # GET request latency on network to next level
  l2-23: # Cache stats
   hGETS: 0 # GETS hits
   hGETX: 0 # GETX hits
   mGETS: 0 # GETS misses
   mGETXIM: 0 # GETX I->M misses
   mGETXSM: 0 # GETX S->M misses (upgrade misses)
   PUTS: 0 # Clean evictions (from lower level)
   PUTX: 0 # Dirty evictions (from lower level)
   INV: 0 # Invalidates (from upper level)
   INVX: 0 # Downgrades (from upper level)
   FWD: 0 # Forwards (from upper level)
   latGETnl: 0 # GET request latency on next level
   latGETnet: 0 # GET request latency on network to next level
 l3: # Cache stats
  l3-0b0: # Cache stats
   hGETS: 753 # GETS hits
   hGETX: 15 # GETX hits
   mGETS: 239653 # GETS misses
   mGETXIM: 146910 # GETX I->M misses
   mGETXSM: 0 # GETX S->M misses (upgrade misses)
   PUTS: 198379 # Clean evictions (from lower level)
   PUTX: 120271 # Dirty evictions (from lower level)
   INV: 0 # Invalidates (from upper level)
   INVX: 0 # Downgrades (from upper level)
   FWD: 0 # Forwards (from upper level)
   latGETnl: 51026316 # GET request latency on next level
   latGETnet: 0 # GET request latency on network to next level
  l3-0b1: # Cache stats
   hGETS: 840 # GETS hits
   hGETX: 19 # GETX hits
   mGETS: 239656 # GETS misses
   mGETXIM: 146832 # GETX I->M misses
   mGETXSM: 0 # GETX S->M misses (upgrade misses)
   PUTS: 198547 # Clean evictions (from lower level)
   PUTX: 120298 # Dirty evictions (from lower level)
   INV: 0 # Invalidates (from upper level)
   INVX: 0 # Downgrades (from upper level)
   FWD: 0 # Forwards (from upper level)
   latGETnl: 51016416 # GET request latency on next level
   latGETnet: 0 # GET request latency on network to next level
  l3-0b2: # Cache stats
   hGETS: 743 # GETS hits
   hGETX: 24 # GETX hits
   mGETS: 239654 # GETS misses
   mGETXIM: 146803 # GETX I->M misses
   mGETXSM: 0 # GETX S->M misses (upgrade misses)
   PUTS: 198433 # Clean evictions (from lower level)
   PUTX: 120310 # Dirty evictions (from lower level)
   INV: 0 # Invalidates (from upper level)
   INVX: 0 # Downgrades (from upper level)
   FWD: 0 # Forwards (from upper level)
   latGETnl: 51012324 # GET request latency on next level
   latGETnet: 0 # GET request latency on network to next level
  l3-0b3: # Cache stats
   hGETS: 850 # GETS hits
   hGETX: 25 # GETX hits
   mGETS: 239652 # GETS misses
   mGETXIM: 146919 # GETX I->M misses
   mGETXSM: 0 # GETX S->M misses (upgrade misses)
   PUTS: 198492 # Clean evictions (from lower level)
   PUTX: 120383 # Dirty evictions (from lower level)
   INV: 0 # Invalidates (from upper level)
   INVX: 0 # Downgrades (from upper level)
   FWD: 0 # Forwards (from upper level)
   latGETnl: 51027372 # GET request latency on next level
   latGETnet: 0 # GET request latency on network to next level
  l3-0b4: # Cache stats
   hGETS: 776 # GETS hits
   hGETX: 53 # GETX hits
   mGETS: 239660 # GETS misses
   mGETXIM: 146903 # GETX I->M misses
   mGETXSM: 0 # GETX S->M misses (upgrade misses)
   PUTS: 198489 # Clean evictions (from lower level)
   PUTX: 120404 # Dirty evictions (from lower level)
   INV: 0 # Invalidates (from upper level)
   INVX: 0 # Downgrades (from upper level)
   FWD: 0 # Forwards (from upper level)
   latGETnl: 51026316 # GET request latency on next level
   latGETnet: 0 # GET request latency on network to next level
  l3-0b5: # Cache stats
   hGETS: 853 # GETS hits
   hGETX: 60 # GETX hits
   mGETS: 239664 # GETS misses
   mGETXIM: 146897 # GETX I->M misses
   mGETXSM: 0 # GETX S->M misses (upgrade misses)
   PUTS: 198764 # Clean evictions (from lower level)
   PUTX: 120414 # Dirty evictions (from lower level)
   INV: 0 # Invalidates (from upper level)
   INVX: 0 # Downgrades (from upper level)
   FWD: 0 # Forwards (from upper level)
   latGETnl: 51026052 # GET request latency on next level
   latGETnet: 0 # GET request latency on network to next level
  l3-0b6: # Cache stats
   hGETS: 204 # GETS hits
   hGETX: 66 # GETX hits
   mGETS: 239656 # GETS misses
   mGETXIM: 146896 # GETX I->M misses
   mGETXSM: 0 # GETX S->M misses (upgrade misses)
   PUTS: 197870 # Clean evictions (from lower level)
   PUTX: 120292 # Dirty evictions (from lower level)
   INV: 0 # Invalidates (from upper level)
   INVX: 0 # Downgrades (from upper level)
   FWD: 0 # Forwards (from upper level)
   latGETnl: 51024864 # GET request latency on next level
   latGETnet: 0 # GET request latency on network to next level
  l3-0b7: # Cache stats
   hGETS: 179 # GETS hits
   hGETX: 78 # GETX hits
   mGETS: 239667 # GETS misses
   mGETXIM: 146894 # GETX I->M misses
   mGETXSM: 0 # GETX S->M misses (upgrade misses)
   PUTS: 197933 # Clean evictions (from lower level)
   PUTX: 120326 # Dirty evictions (from lower level)
   INV: 0 # Invalidates (from upper level)
   INVX: 0 # Downgrades (from upper level)
   FWD: 0 # Forwards (from upper level)
   latGETnl: 51026052 # GET request latency on next level
   latGETnet: 0 # GET request latency on network to next level
  l3-0b8: # Cache stats
   hGETS: 194 # GETS hits
   hGETX: 16 # GETX hits
   mGETS: 239650 # GETS misses
   mGETXIM: 146837 # GETX I->M misses
   mGETXSM: 0 # GETX S->M misses (upgrade misses)
   PUTS: 197975 # Clean evictions (from lower level)
   PUTX: 120440 # Dirty evictions (from lower level)
   INV: 0 # Invalidates (from upper level)
   INVX: 0 # Downgrades (from upper level)
   FWD: 0 # Forwards (from upper level)
   latGETnl: 51016284 # GET request latency on next level
   latGETnet: 0 # GET request latency on network to next level
  l3-0b9: # Cache stats
   hGETS: 169 # GETS hits
   hGETX: 25 # GETX hits
   mGETS: 239658 # GETS misses
   mGETXIM: 146887 # GETX I->M misses
   mGETXSM: 0 # GETX S->M misses (upgrade misses)
   PUTS: 197922 # Clean evictions (from lower level)
   PUTX: 120507 # Dirty evictions (from lower level)
   INV: 0 # Invalidates (from upper level)
   INVX: 0 # Downgrades (from upper level)
   FWD: 0 # Forwards (from upper level)
   latGETnl: 51023940 # GET request latency on next level
   latGETnet: 0 # GET request latency on network to next level
  l3-0b10: # Cache stats
   hGETS: 1375 # GETS hits
   hGETX: 50 # GETX hits
   mGETS: 239660 # GETS misses
   mGETXIM: 146954 # GETX I->M misses
   mGETXSM: 0 # GETX S->M misses (upgrade misses)
   PUTS: 199067 # Clean evictions (from lower level)
   PUTX: 120338 # Dirty evictions (from lower level)
   INV: 0 # Invalidates (from upper level)
   INVX: 0 # Downgrades (from upper level)
   FWD: 0 # Forwards (from upper level)
   latGETnl: 51033048 # GET request latency on next level
   latGETnet: 0 # GET request latency on network to next level
  l3-0b11: # Cache stats
   hGETS: 223 # GETS hits
   hGETX: 37 # GETX hits
   mGETS: 239659 # GETS misses
   mGETXIM: 146830 # GETX I->M misses
   mGETXSM: 0 # GETX S->M misses (upgrade misses)
   PUTS: 198071 # Clean evictions (from lower level)
   PUTX: 120396 # Dirty evictions (from lower level)
   INV: 0 # Invalidates (from upper level)
   INVX: 0 # Downgrades (from upper level)
   FWD: 0 # Forwards (from upper level)
   latGETnl: 51016548 # GET request latency on next level
   latGETnet: 0 # GET request latency on network to next level
  l3-0b12: # Cache stats
   hGETS: 1458 # GETS hits
   hGETX: 18 # GETX hits
   mGETS: 239654 # GETS misses
   mGETXIM: 146888 # GETX I->M misses
   mGETXSM: 0 # GETX S->M misses (upgrade misses)
   PUTS: 199161 # Clean evictions (from lower level)
   PUTX: 120498 # Dirty evictions (from lower level)
   INV: 0 # Invalidates (from upper level)
   INVX: 0 # Downgrades (from upper level)
   FWD: 0 # Forwards (from upper level)
   latGETnl: 51023544 # GET request latency on next level
   latGETnet: 0 # GET request latency on network to next level
  l3-0b13: # Cache stats
   hGETS: 1368 # GETS hits
   hGETX: 29 # GETX hits
   mGETS: 239655 # GETS misses
   mGETXIM: 146890 # GETX I->M misses
   mGETXSM: 0 # GETX S->M misses (upgrade misses)
   PUTS: 198997 # Clean evictions (from lower level)
   PUTX: 120424 # Dirty evictions (from lower level)
   INV: 0 # Invalidates (from upper level)
   INVX: 0 # Downgrades (from upper level)
   FWD: 0 # Forwards (from upper level)
   latGETnl: 51023940 # GET request latency on next level
   latGETnet: 0 # GET request latency on network to next level
  l3-0b14: # Cache stats
   hGETS: 1415 # GETS hits
   hGETX: 46 # GETX hits
   mGETS: 239653 # GETS misses
   mGETXIM: 146833 # GETX I->M misses
   mGETXSM: 0 # GETX S->M misses (upgrade misses)
   PUTS: 199274 # Clean evictions (from lower level)
   PUTX: 120272 # Dirty evictions (from lower level)
   INV: 0 # Invalidates (from upper level)
   INVX: 0 # Downgrades (from upper level)
   FWD: 0 # Forwards (from upper level)
   latGETnl: 51016152 # GET request latency on next level
   latGETnet: 0 # GET request latency on network to next level
  l3-0b15: # Cache stats
   hGETS: 1409 # GETS hits
   hGETX: 18 # GETX hits
   mGETS: 239653 # GETS misses
   mGETXIM: 146933 # GETX I->M misses
   mGETXSM: 0 # GETX S->M misses (upgrade misses)
   PUTS: 199157 # Clean evictions (from lower level)
   PUTX: 120372 # Dirty evictions (from lower level)
   INV: 0 # Invalidates (from upper level)
   INVX: 0 # Downgrades (from upper level)
   FWD: 0 # Forwards (from upper level)
   latGETnl: 51029352 # GET request latency on next level
   latGETnet: 0 # GET request latency on network to next level
  l3-0b16: # Cache stats
   hGETS: 958 # GETS hits
   hGETX: 36 # GETX hits
   mGETS: 239583 # GETS misses
   mGETXIM: 146858 # GETX I->M misses
   mGETXSM: 0 # GETX S->M misses (upgrade misses)
   PUTS: 198775 # Clean evictions (from lower level)
   PUTX: 120266 # Dirty evictions (from lower level)
   INV: 0 # Invalidates (from upper level)
   INVX: 0 # Downgrades (from upper level)
   FWD: 0 # Forwards (from upper level)
   latGETnl: 51010212 # GET request latency on next level
   latGETnet: 0 # GET request latency on network to next level
  l3-0b17: # Cache stats
   hGETS: 895 # GETS hits
   hGETX: 38 # GETX hits
   mGETS: 239577 # GETS misses
   mGETXIM: 146887 # GETX I->M misses
   mGETXSM: 0 # GETX S->M misses (upgrade misses)
   PUTS: 198677 # Clean evictions (from lower level)
   PUTX: 120379 # Dirty evictions (from lower level)
   INV: 0 # Invalidates (from upper level)
   INVX: 0 # Downgrades (from upper level)
   FWD: 0 # Forwards (from upper level)
   latGETnl: 51013248 # GET request latency on next level
   latGETnet: 0 # GET request latency on network to next level
  l3-0b18: # Cache stats
   hGETS: 955 # GETS hits
   hGETX: 89 # GETX hits
   mGETS: 239587 # GETS misses
   mGETXIM: 146833 # GETX I->M misses
   mGETXSM: 0 # GETX S->M misses (upgrade misses)
   PUTS: 198541 # Clean evictions (from lower level)
   PUTX: 120344 # Dirty evictions (from lower level)
   INV: 0 # Invalidates (from upper level)
   INVX: 0 # Downgrades (from upper level)
   FWD: 0 # Forwards (from upper level)
   latGETnl: 51007440 # GET request latency on next level
   latGETnet: 0 # GET request latency on network to next level
  l3-0b19: # Cache stats
   hGETS: 917 # GETS hits
   hGETX: 102 # GETX hits
   mGETS: 239584 # GETS misses
   mGETXIM: 146857 # GETX I->M misses
   mGETXSM: 0 # GETX S->M misses (upgrade misses)
   PUTS: 198418 # Clean evictions (from lower level)
   PUTX: 120341 # Dirty evictions (from lower level)
   INV: 0 # Invalidates (from upper level)
   INVX: 0 # Downgrades (from upper level)
   FWD: 0 # Forwards (from upper level)
   latGETnl: 51010212 # GET request latency on next level
   latGETnet: 0 # GET request latency on network to next level
  l3-0b20: # Cache stats
   hGETS: 881 # GETS hits
   hGETX: 33 # GETX hits
   mGETS: 239578 # GETS misses
   mGETXIM: 146809 # GETX I->M misses
   mGETXSM: 0 # GETX S->M misses (upgrade misses)
   PUTS: 198595 # Clean evictions (from lower level)
   PUTX: 120097 # Dirty evictions (from lower level)
   INV: 0 # Invalidates (from upper level)
   INVX: 0 # Downgrades (from upper level)
   FWD: 0 # Forwards (from upper level)
   latGETnl: 51003084 # GET request latency on next level
   latGETnet: 0 # GET request latency on network to next level
  l3-0b21: # Cache stats
   hGETS: 951 # GETS hits
   hGETX: 49 # GETX hits
   mGETS: 239588 # GETS misses
   mGETXIM: 146809 # GETX I->M misses
   mGETXSM: 0 # GETX S->M misses (upgrade misses)
   PUTS: 198440 # Clean evictions (from lower level)
   PUTX: 120119 # Dirty evictions (from lower level)
   INV: 0 # Invalidates (from upper level)
   INVX: 0 # Downgrades (from upper level)
   FWD: 0 # Forwards (from upper level)
   latGETnl: 51004404 # GET request latency on next level
   latGETnet: 0 # GET request latency on network to next level
  l3-0b22: # Cache stats
   hGETS: 941 # GETS hits
   hGETX: 69 # GETX hits
   mGETS: 239586 # GETS misses
   mGETXIM: 146871 # GETX I->M misses
   mGETXSM: 0 # GETX S->M misses (upgrade misses)
   PUTS: 198475 # Clean evictions (from lower level)
   PUTX: 120252 # Dirty evictions (from lower level)
   INV: 0 # Invalidates (from upper level)
   INVX: 0 # Downgrades (from upper level)
   FWD: 0 # Forwards (from upper level)
   latGETnl: 51012324 # GET request latency on next level
   latGETnet: 0 # GET request latency on network to next level
  l3-0b23: # Cache stats
   hGETS: 916 # GETS hits
   hGETX: 37 # GETX hits
   mGETS: 239584 # GETS misses
   mGETXIM: 146766 # GETX I->M misses
   mGETXSM: 0 # GETX S->M misses (upgrade misses)
   PUTS: 198706 # Clean evictions (from lower level)
   PUTX: 120247 # Dirty evictions (from lower level)
   INV: 0 # Invalidates (from upper level)
   INVX: 0 # Downgrades (from upper level)
   FWD: 0 # Forwards (from upper level)
   latGETnl: 50998200 # GET request latency on next level
   latGETnet: 0 # GET request latency on network to next level
 mem: # Memory controller stats
  mem-0: # Memory controller stats
   rd: 9275967 # Read requests
   wr: 3317736 # Write requests
   rdlat: 1625565935 # Total latency experienced by read requests
   wrlat: 588566949 # Total latency experienced by write requests
 sched: # Scheduler stats
  thCr: 25 # Threads created
  thFn: 25 # Threads finished
  schedEvs: 28 # Schedule events
  waitEvs: 2 # Wait events
  handoffEvs: 1 # Handoff events
  sleepEvs: 1 # Sleep events
  idlePhases: 0 # Phases with no thread active
  idlePeriods: 0 # Periods with no thread active
  occHist: # Occupancy histogram
   0: 0
   1: 24
   2: 0
   3: 1
   4: 2
   5: 1
   6: 0
   7: 1
   8: 0
   9: 0
   10: 0
   11: 1
   12: 0
   13: 1
   14: 0
   15: 0
   16: 0
   17: 1
   18: 0
   19: 0
   20: 0
   21: 1
   22: 0
   23: 25187
   24: 0
  rqSzHist: # Run queue size histogram
   0: 25197
   1: 23
   2: 0
   3: 0
   4: 0
   5: 0
   6: 0
   7: 0
   8: 0
   9: 0
   10: 0
   11: 0
   12: 0
   13: 0
   14: 0
   15: 0
   16: 0
   17: 0
   18: 0
   19: 0
   20: 0
   21: 0
   22: 0
   23: 0
   24: 0
 procCycles: # Per-process unhalted core cycles
  0: 579412069
  1: 0
  2: 0
  3: 0
  4: 0
  5: 0
  6: 0
  7: 0
  8: 0
  9: 0
  10: 0
  11: 0
  12: 0
  13: 0
  14: 0
  15: 0
  16: 0
  17: 0
  18: 0
  19: 0
  20: 0
  21: 0
  22: 0
  23: 0
  24: 0
  25: 0
  26: 0
  27: 0
  28: 0
  29: 0
  30: 0
  31: 0
  32: 0
  33: 0
  34: 0
  35: 0
  36: 0
  37: 0
  38: 0
  39: 0
  40: 0
  41: 0
  42: 0
  43: 0
  44: 0
  45: 0
  46: 0
  47: 0
  48: 0
  49: 0
  50: 0
  51: 0
  52: 0
  53: 0
  54: 0
  55: 0
  56: 0
  57: 0
  58: 0
  59: 0
  60: 0
  61: 0
  62: 0
  63: 0
 procInstrs: # Per-process instructions
  0: 728642830
  1: 0
  2: 0
  3: 0
  4: 0
  5: 0
  6: 0
  7: 0
  8: 0
  9: 0
  10: 0
  11: 0
  12: 0
  13: 0
  14: 0
  15: 0
  16: 0
  17: 0
  18: 0
  19: 0
  20: 0
  21: 0
  22: 0
  23: 0
  24: 0
  25: 0
  26: 0
  27: 0
  28: 0
  29: 0
  30: 0
  31: 0
  32: 0
  33: 0
  34: 0
  35: 0
  36: 0
  37: 0
  38: 0
  39: 0
  40: 0
  41: 0
  42: 0
  43: 0
  44: 0
  45: 0
  46: 0
  47: 0
  48: 0
  49: 0
  50: 0
  51: 0
  52: 0
  53: 0
  54: 0
  55: 0
  56: 0
  57: 0
  58: 0
  59: 0
  60: 0
  61: 0
  62: 0
  63: 0
 heartbeats: # Per-process heartbeats
  0: 0
  1: 0
  2: 0
  3: 0
  4: 0
  5: 0
  6: 0
  7: 0
  8: 0
  9: 0
  10: 0
  11: 0
  12: 0
  13: 0
  14: 0
  15: 0
  16: 0
  17: 0
  18: 0
  19: 0
  20: 0
  21: 0
  22: 0
  23: 0
  24: 0
  25: 0
  26: 0
  27: 0
  28: 0
  29: 0
  30: 0
  31: 0
  32: 0
  33: 0
  34: 0
  35: 0
  36: 0
  37: 0
  38: 0
  39: 0
  40: 0
  41: 0
  42: 0
  43: 0
  44: 0
  45: 0
  46: 0
  47: 0
  48: 0
  49: 0
  50: 0
  51: 0
  52: 0
  53: 0
  54: 0
  55: 0
  56: 0
  57: 0
  58: 0
  59: 0
  60: 0
  61: 0
  62: 0
  63: 0
===
